Start time: 1745268276216
Connecting to host 34.86.116.81, port 5207
Reverse mode, remote host 34.86.116.81 is sending
[  5] local 192.0.0.2 port 49536 connected to 34.86.116.81 port 5207
[ ID] Interval           Transfer     Bitrate
[  5]   0.00-0.10   sec  40.0 KBytes  3.27 Mbits/sec                  
[  5]   0.10-0.20   sec  85.2 KBytes  6.98 Mbits/sec                  
[  5]   0.20-0.30   sec   193 KBytes  15.8 Mbits/sec                  
[  5]   0.30-0.40   sec   340 KBytes  27.8 Mbits/sec                  
[  5]   0.40-0.50   sec   775 KBytes  63.5 Mbits/sec                  
[  5]   0.50-0.60   sec  1.75 MBytes   147 Mbits/sec                  
[  5]   0.60-0.70   sec  1.89 MBytes   159 Mbits/sec                  
[  5]   0.70-0.80   sec  2.28 MBytes   191 Mbits/sec                  
[  5]   0.80-0.90   sec  1.91 MBytes   160 Mbits/sec                  
[  5]   0.90-1.00   sec  2.01 MBytes   168 Mbits/sec                  
[  5]   1.00-1.10   sec  1.78 MBytes   150 Mbits/sec                  
[  5]   1.10-1.20   sec  2.20 MBytes   185 Mbits/sec                  
[  5]   1.20-1.30   sec  1.57 MBytes   132 Mbits/sec                  
[  5]   1.30-1.40   sec  1.31 MBytes   110 Mbits/sec                  
[  5]   1.40-1.50   sec  1.74 MBytes   146 Mbits/sec                  
[  5]   1.50-1.60   sec  1.88 MBytes   157 Mbits/sec                  
[  5]   1.60-1.70   sec  1.67 MBytes   140 Mbits/sec                  
[  5]   1.70-1.80   sec  1.16 MBytes  97.3 Mbits/sec                  
[  5]   1.80-1.90   sec   826 KBytes  67.7 Mbits/sec                  
[  5]   1.90-2.00   sec   874 KBytes  71.6 Mbits/sec                  
[  5]   2.00-2.10   sec   790 KBytes  64.7 Mbits/sec                  
[  5]   2.10-2.20   sec   546 KBytes  44.7 Mbits/sec                  
[  5]   2.20-2.30   sec   285 KBytes  23.3 Mbits/sec                  
[  5]   2.30-2.40   sec   115 KBytes  9.39 Mbits/sec                  
[  5]   2.40-2.50   sec   401 KBytes  32.8 Mbits/sec                  
[  5]   2.50-2.60   sec   508 KBytes  41.6 Mbits/sec                  
[  5]   2.60-2.70   sec  91.9 KBytes  7.53 Mbits/sec                  
[  5]   2.70-2.80   sec   436 KBytes  35.7 Mbits/sec                  
[  5]   2.80-2.90   sec   771 KBytes  63.2 Mbits/sec                  
[  5]   2.90-3.00   sec   518 KBytes  42.4 Mbits/sec                  
[  5]   3.00-3.10   sec   374 KBytes  30.6 Mbits/sec                  
[  5]   3.10-3.20   sec  1.05 MBytes  88.4 Mbits/sec                  
[  5]   3.20-3.30   sec   565 KBytes  46.3 Mbits/sec                  
[  5]   3.30-3.40   sec  1.05 MBytes  88.2 Mbits/sec                  
[  5]   3.40-3.50   sec   555 KBytes  45.5 Mbits/sec                  
[  5]   3.50-3.60   sec   357 KBytes  29.2 Mbits/sec                  
[  5]   3.60-3.70   sec  1.29 MBytes   108 Mbits/sec                  
[  5]   3.70-3.80   sec   814 KBytes  66.8 Mbits/sec                  
[  5]   3.80-3.90   sec  1.05 MBytes  87.7 Mbits/sec                  
[  5]   3.90-4.00   sec  1.58 MBytes   133 Mbits/sec                  
[  5]   4.00-4.10   sec   738 KBytes  60.4 Mbits/sec                  
[  5]   4.10-4.20   sec  1.21 MBytes   101 Mbits/sec                  
[  5]   4.20-4.30   sec  1.16 MBytes  97.6 Mbits/sec                  
[  5]   4.30-4.40   sec  2.60 MBytes   218 Mbits/sec                  
[  5]   4.40-4.50   sec  1.22 MBytes   102 Mbits/sec                  
[  5]   4.50-4.60   sec  1.75 MBytes   147 Mbits/sec                  
[  5]   4.60-4.70   sec   793 KBytes  64.9 Mbits/sec                  
[  5]   4.70-4.80   sec  2.02 MBytes   169 Mbits/sec                  
[  5]   4.80-4.90   sec   671 KBytes  55.0 Mbits/sec                  
[  5]   4.90-5.00   sec  1.89 MBytes   159 Mbits/sec                  
- - - - - - - - - - - - - - - - - - - - - - - - -
[ ID] Interval           Transfer     Bitrate         Retr
[  5]   0.00-5.05   sec   331 MBytes   550 Mbits/sec    0             sender
[  5]   0.00-5.00   sec  53.2 MBytes  89.2 Mbits/sec                  receiver

iperf Done.
End time: 1745268282411
