Start time: 1730841827192
[2024-11-05T15:23:48.123352-0600] nuttcp-r: v8.1.4: socket
[2024-11-05T15:23:48.123998-0600] nuttcp-r: buflen=65536, nstream=1, port=5379 tcp
[2024-11-05T15:23:48.124050-0600] nuttcp-r: interval reporting every 0.50 seconds
[2024-11-05T15:23:48.124089-0600] nuttcp-r: connect to 54.197.223.49 with RTT=71.019 ms af=inet
[2024-11-05T15:23:48.124126-0600] nuttcp-r: send window size = 2097152, receive window size = 6291456
[2024-11-05T15:23:48.124162-0600] nuttcp-r: available send window = 1572864, available receive window = 4718592
[2024-11-05T15:23:48.124199-0600]     0.5000 MB /   0.50 sec =    8.3880 Mbps     0 retrans     13 KB-cwnd
[2024-11-05T15:23:48.623111-0600]     7.1875 MB /   0.50 sec =  120.5882 Mbps     0 retrans     13 KB-cwnd
[2024-11-05T15:23:49.123101-0600]    11.8750 MB /   0.50 sec =  199.2278 Mbps     0 retrans     13 KB-cwnd
[2024-11-05T15:23:49.623585-0600]    12.5625 MB /   0.50 sec =  210.7566 Mbps     0 retrans     13 KB-cwnd
[2024-11-05T15:23:50.123007-0600]    13.8750 MB /   0.50 sec =  232.8053 Mbps     0 retrans     13 KB-cwnd
[2024-11-05T15:23:50.623114-0600]    12.7500 MB /   0.50 sec =  213.9091 Mbps     0 retrans     13 KB-cwnd
[2024-11-05T15:23:51.123100-0600]    17.3750 MB /   0.50 sec =  291.4791 Mbps     0 retrans     13 KB-cwnd
[2024-11-05T15:23:51.623587-0600]    15.8750 MB /   0.50 sec =  266.1105 Mbps     0 retrans     13 KB-cwnd
[2024-11-05T15:23:52.123080-0600]    16.1875 MB /   0.50 sec =  271.8231 Mbps     0 retrans     13 KB-cwnd
[2024-11-05T15:23:52.623210-0600]    13.9375 MB /   0.50 sec =  233.8460 Mbps     0 retrans     13 KB-cwnd
[2024-11-05T15:23:53.123164-0600]    16.5625 MB /   0.50 sec =  277.8332 Mbps     0 retrans     13 KB-cwnd
[2024-11-05T15:23:53.623088-0600]    14.8125 MB /   0.50 sec =  248.5349 Mbps     0 retrans     13 KB-cwnd
[2024-11-05T15:23:54.123133-0600]    18.0000 MB /   0.50 sec =  301.9754 Mbps     0 retrans     18 KB-cwnd
[2024-11-05T15:23:54.623221-0600]    18.1250 MB /   0.50 sec =  304.0506 Mbps     0 retrans     19 KB-cwnd
[2024-11-05T15:23:55.123137-0600]    19.1875 MB /   0.50 sec =  321.9251 Mbps     0 retrans     26 KB-cwnd
[2024-11-05T15:23:55.623106-0600]    17.4375 MB /   0.50 sec =  292.5884 Mbps     0 retrans     26 KB-cwnd
[2024-11-05T15:23:56.123362-0600]    18.9375 MB /   0.50 sec =  317.6652 Mbps     0 retrans     26 KB-cwnd
[2024-11-05T15:23:56.623098-0600]    20.0625 MB /   0.50 sec =  336.6461 Mbps     0 retrans     26 KB-cwnd
[2024-11-05T15:23:57.123470-0600]    18.6875 MB /   0.50 sec =  313.3018 Mbps     0 retrans     26 KB-cwnd
[2024-11-05T15:23:57.623114-0600]    13.8750 MB /   0.50 sec =  232.9502 Mbps     0 retrans     26 KB-cwnd
[2024-11-05T15:23:58.124142-0600]    14.6250 MB /   0.50 sec =  244.8682 Mbps     0 retrans     26 KB-cwnd
[2024-11-05T15:23:58.623133-0600]     8.6875 MB /   0.50 sec =  146.0477 Mbps     0 retrans     26 KB-cwnd
[2024-11-05T15:23:59.123077-0600]    13.3125 MB /   0.50 sec =  223.3507 Mbps     0 retrans     34 KB-cwnd
[2024-11-05T15:23:59.623137-0600]    15.0625 MB /   0.50 sec =  252.7023 Mbps     0 retrans     34 KB-cwnd
[2024-11-05T15:24:00.123129-0600]    13.1875 MB /   0.50 sec =  221.2491 Mbps     0 retrans     39 KB-cwnd
[2024-11-05T15:24:00.623091-0600]    13.3750 MB /   0.50 sec =  224.4033 Mbps     0 retrans     45 KB-cwnd
[2024-11-05T15:24:01.123265-0600]     8.9375 MB /   0.50 sec =  149.8960 Mbps     0 retrans     45 KB-cwnd
[2024-11-05T15:24:01.623366-0600]     0.0000 MB /   0.50 sec =    0.0000 Mbps     0 retrans     45 KB-cwnd
[2024-11-05T15:24:02.123096-0600]    16.1250 MB /   0.50 sec =  270.5515 Mbps     0 retrans     45 KB-cwnd
[2024-11-05T15:24:02.623201-0600]    12.8125 MB /   0.50 sec =  214.9276 Mbps     0 retrans     45 KB-cwnd
[2024-11-05T15:24:03.123222-0600]    13.7500 MB /   0.50 sec =  230.6724 Mbps     0 retrans   7030 KB-cwnd
[2024-11-05T15:24:03.623101-0600]    15.2500 MB /   0.50 sec =  255.9037 Mbps     0 retrans   7081 KB-cwnd
[2024-11-05T15:24:04.123130-0600]    13.5000 MB /   0.50 sec =  226.4892 Mbps     0 retrans   7081 KB-cwnd
[2024-11-05T15:24:04.623132-0600]    12.8750 MB /   0.50 sec =  216.0101 Mbps     0 retrans   7081 KB-cwnd
[2024-11-05T15:24:05.123260-0600]    12.0625 MB /   0.50 sec =  202.3088 Mbps     0 retrans   7081 KB-cwnd
[2024-11-05T15:24:05.623134-0600]    13.3125 MB /   0.50 sec =  223.4159 Mbps    17 retrans   5820 KB-cwnd
[2024-11-05T15:24:06.123113-0600]    12.3125 MB /   0.50 sec =  206.5707 Mbps     0 retrans   5820 KB-cwnd
[2024-11-05T15:24:06.623191-0600]     8.0625 MB /   0.50 sec =  135.2744 Mbps     0 retrans   5820 KB-cwnd
[2024-11-05T15:24:07.123486-0600]    14.7500 MB /   0.50 sec =  247.2701 Mbps     0 retrans   5820 KB-cwnd
[2024-11-05T15:24:07.623128-0600]    12.8125 MB /   0.50 sec =  215.1104 Mbps     0 retrans   5820 KB-cwnd
[2024-11-05T15:24:08.123461-0600]    13.2500 MB /   0.50 sec =  222.1471 Mbps     0 retrans   5533 KB-cwnd
[2024-11-05T15:24:08.623325-0600]    11.8750 MB /   0.50 sec =  199.3690 Mbps     0 retrans   5581 KB-cwnd
[2024-11-05T15:24:09.123132-0600]     4.7500 MB /   0.50 sec =   79.6903 Mbps     0 retrans   5581 KB-cwnd
[2024-11-05T15:24:09.623097-0600]    11.5000 MB /   0.50 sec =  192.9445 Mbps     0 retrans   5581 KB-cwnd
[2024-11-05T15:24:10.123238-0600]    12.6875 MB /   0.50 sec =  212.8047 Mbps     0 retrans   5581 KB-cwnd
[2024-11-05T15:24:10.623155-0600]    12.8750 MB /   0.50 sec =  216.0559 Mbps     0 retrans   5453 KB-cwnd
[2024-11-05T15:24:11.123091-0600]    11.9375 MB /   0.50 sec =  200.2828 Mbps     0 retrans   5453 KB-cwnd
[2024-11-05T15:24:11.623118-0600]    12.1875 MB /   0.50 sec =  204.4723 Mbps     0 retrans   5453 KB-cwnd
[2024-11-05T15:24:12.123310-0600]    11.6250 MB /   0.50 sec =  195.0340 Mbps     0 retrans   5453 KB-cwnd
[2024-11-05T15:24:12.623523-0600]    14.6875 MB /   0.50 sec =  246.2100 Mbps     0 retrans   7006 KB-cwnd
[2024-11-05T15:24:13.123154-0600]    14.9375 MB /   0.50 sec =  250.8214 Mbps     0 retrans   7006 KB-cwnd
[2024-11-05T15:24:13.623163-0600]    15.1875 MB /   0.50 sec =  254.7917 Mbps     0 retrans   7006 KB-cwnd
[2024-11-05T15:24:14.123265-0600]    14.1875 MB /   0.50 sec =  238.0401 Mbps     0 retrans   5687 KB-cwnd
[2024-11-05T15:24:14.623113-0600]    12.5625 MB /   0.50 sec =  210.7596 Mbps     0 retrans   5687 KB-cwnd
[2024-11-05T15:24:15.123147-0600]    10.3125 MB /   0.50 sec =  173.0147 Mbps     0 retrans   5687 KB-cwnd
[2024-11-05T15:24:15.623115-0600]     9.3750 MB /   0.50 sec =  157.2880 Mbps     0 retrans   5687 KB-cwnd
[2024-11-05T15:24:16.123532-0600]     5.3750 MB /   0.50 sec =   90.1386 Mbps     0 retrans   5687 KB-cwnd
[2024-11-05T15:24:16.623061-0600]     5.7500 MB /   0.50 sec =   96.5140 Mbps     0 retrans   5687 KB-cwnd
[2024-11-05T15:24:17.123232-0600]    10.2500 MB /   0.50 sec =  171.9194 Mbps     0 retrans   5024 KB-cwnd
[2024-11-05T15:24:17.623199-0600]    17.7500 MB /   0.50 sec =  297.8242 Mbps     0 retrans   5024 KB-cwnd
[2024-11-05T15:24:18.123076-0600]    15.1250 MB /   0.50 sec =  253.7960 Mbps     0 retrans   4981 KB-cwnd
[2024-11-05T15:24:18.623157-0600]    16.5625 MB /   0.50 sec =  277.8587 Mbps     0 retrans   5333 KB-cwnd
[2024-11-05T15:24:19.123287-0600]    20.2500 MB /   0.50 sec =  339.6680 Mbps     0 retrans   5333 KB-cwnd
[2024-11-05T15:24:19.623155-0600]    27.1250 MB /   0.50 sec =  455.1448 Mbps     0 retrans   5333 KB-cwnd
[2024-11-05T15:24:20.123112-0600]    26.9375 MB /   0.50 sec =  451.9806 Mbps     3 retrans   6835 KB-cwnd
[2024-11-05T15:24:20.623136-0600]    15.3125 MB /   0.50 sec =  256.9011 Mbps     0 retrans   6835 KB-cwnd
[2024-11-05T15:24:21.123307-0600]    12.1875 MB /   0.50 sec =  204.4036 Mbps     0 retrans   6835 KB-cwnd
[2024-11-05T15:24:21.623199-0600]    16.2500 MB /   0.50 sec =  272.6767 Mbps    28 retrans   6979 KB-cwnd
[2024-11-05T15:24:22.123484-0600]     2.5000 MB /   0.50 sec =   41.9299 Mbps     0 retrans   6979 KB-cwnd
[2024-11-05T15:24:22.623747-0600]    18.9375 MB /   0.50 sec =  317.5077 Mbps     0 retrans   6979 KB-cwnd
[2024-11-05T15:24:23.123104-0600]    15.5625 MB /   0.50 sec =  261.3871 Mbps     0 retrans  11077 KB-cwnd
[2024-11-05T15:24:23.623107-0600]    14.1250 MB /   0.50 sec =  236.9839 Mbps     0 retrans  11077 KB-cwnd
[2024-11-05T15:24:24.123165-0600]    13.3125 MB /   0.50 sec =  223.3212 Mbps     0 retrans  11077 KB-cwnd
[2024-11-05T15:24:24.623124-0600]     6.0625 MB /   0.50 sec =  101.7227 Mbps     0 retrans  11077 KB-cwnd
[2024-11-05T15:24:25.123189-0600]    17.0000 MB /   0.50 sec =  285.1739 Mbps     0 retrans  11077 KB-cwnd
[2024-11-05T15:24:25.624477-0600]    16.8125 MB /   0.50 sec =  281.4775 Mbps   424 retrans  12662 KB-cwnd
[2024-11-05T15:24:26.123160-0600]    19.9375 MB /   0.50 sec =  335.2077 Mbps     0 retrans  12662 KB-cwnd
[2024-11-05T15:24:26.623105-0600]    20.6875 MB /   0.50 sec =  347.1217 Mbps     0 retrans  12662 KB-cwnd
[2024-11-05T15:24:27.123190-0600]    21.6875 MB /   0.50 sec =  363.8020 Mbps  4391 retrans   9731 KB-cwnd
[2024-11-05T15:24:27.623295-0600]    25.3125 MB /   0.50 sec =  424.7548 Mbps     0 retrans   9657 KB-cwnd
[2024-11-05T15:24:28.123295-0600]    17.0000 MB /   0.50 sec =  285.1163 Mbps  3078 retrans   7075 KB-cwnd
[2024-11-05T15:24:28.623347-0600]     3.0625 MB /   0.50 sec =   51.3754 Mbps     0 retrans   7075 KB-cwnd
[2024-11-05T15:24:29.123093-0600]    11.7500 MB /   0.50 sec =  197.2068 Mbps     0 retrans   7075 KB-cwnd
[2024-11-05T15:24:29.624174-0600]     5.5000 MB /   0.50 sec =   92.0855 Mbps     0 retrans   7075 KB-cwnd
[2024-11-05T15:24:30.123447-0600]     9.6875 MB /   0.50 sec =  162.8615 Mbps     0 retrans   7075 KB-cwnd
[2024-11-05T15:24:30.624416-0600]     0.5625 MB /   0.50 sec =    9.4165 Mbps     0 retrans   7075 KB-cwnd
[2024-11-05T15:24:31.123758-0600]    12.0000 MB /   0.50 sec =  201.7005 Mbps     0 retrans   7075 KB-cwnd
[2024-11-05T15:24:31.623239-0600]     5.5000 MB /   0.50 sec =   92.2878 Mbps     0 retrans   9619 KB-cwnd
[2024-11-05T15:24:32.123098-0600]    20.3125 MB /   0.50 sec =  340.8615 Mbps     0 retrans   9619 KB-cwnd
[2024-11-05T15:24:32.623131-0600]    16.0625 MB /   0.50 sec =  269.4830 Mbps     0 retrans   9619 KB-cwnd
[2024-11-05T15:24:33.123166-0600]    19.1875 MB /   0.50 sec =  321.9386 Mbps     0 retrans  11010 KB-cwnd
[2024-11-05T15:24:33.623140-0600]     7.2500 MB /   0.50 sec =  121.6246 Mbps     0 retrans  11010 KB-cwnd
[2024-11-05T15:24:34.124240-0600]     0.1875 MB /   0.50 sec =    3.1390 Mbps     0 retrans  11010 KB-cwnd
[2024-11-05T15:24:34.623075-0600]    11.3750 MB /   0.50 sec =  191.2685 Mbps     0 retrans  11010 KB-cwnd
[2024-11-05T15:24:35.124211-0600]    19.0000 MB /   0.50 sec =  318.0635 Mbps     0 retrans  11010 KB-cwnd
[2024-11-05T15:24:35.623170-0600]    25.8750 MB /   0.50 sec =  435.0101 Mbps  4195 retrans   5919 KB-cwnd
[2024-11-05T15:24:36.123079-0600]    28.1875 MB /   0.50 sec =  472.9484 Mbps     0 retrans   5919 KB-cwnd
[2024-11-05T15:24:36.623101-0600]    26.7500 MB /   0.50 sec =  448.7860 Mbps    32 retrans   9582 KB-cwnd
[2024-11-05T15:24:37.123340-0600]     2.5625 MB /   0.50 sec =   42.9756 Mbps     0 retrans   9582 KB-cwnd
[2024-11-05T15:24:37.623161-0600]    22.9375 MB /   0.50 sec =  384.9244 Mbps     0 retrans   9582 KB-cwnd
[2024-11-05T15:24:38.123137-0600]    30.0625 MB /   0.50 sec =  504.3983 Mbps   116 retrans   9902 KB-cwnd
[2024-11-05T15:24:38.623536-0600]    21.4375 MB /   0.50 sec =  359.5091 Mbps     0 retrans  10344 KB-cwnd
[2024-11-05T15:24:39.123493-0600]    15.0625 MB /   0.50 sec =  252.6320 Mbps     0 retrans  12057 KB-cwnd
[2024-11-05T15:24:39.623119-0600]    16.7500 MB /   0.50 sec =  281.2327 Mbps     0 retrans  12057 KB-cwnd
[2024-11-05T15:24:40.123173-0600]     5.3750 MB /   0.50 sec =   90.1642 Mbps     0 retrans  12057 KB-cwnd
[2024-11-05T15:24:40.623113-0600]    23.3750 MB /   0.50 sec =  392.2263 Mbps   847 retrans  14012 KB-cwnd
[2024-11-05T15:24:41.123095-0600]    27.8750 MB /   0.50 sec =  467.6668 Mbps     0 retrans  14012 KB-cwnd
[2024-11-05T15:24:41.623135-0600]    26.1250 MB /   0.50 sec =  438.2995 Mbps  1252 retrans  13613 KB-cwnd
[2024-11-05T15:24:42.123174-0600]    26.5000 MB /   0.50 sec =  444.5438 Mbps     0 retrans  13613 KB-cwnd
[2024-11-05T15:24:42.623253-0600]    18.4375 MB /   0.50 sec =  309.3726 Mbps     0 retrans  13613 KB-cwnd
[2024-11-05T15:24:43.123125-0600]    26.9375 MB /   0.50 sec =  451.9173 Mbps  4332 retrans   8908 KB-cwnd
[2024-11-05T15:24:43.623162-0600]    19.1250 MB /   0.50 sec =  320.8521 Mbps     0 retrans   8908 KB-cwnd
[2024-11-05T15:24:44.123252-0600]    24.1875 MB /   0.50 sec =  405.8557 Mbps     0 retrans  12414 KB-cwnd
[2024-11-05T15:24:44.623781-0600]    27.6250 MB /   0.50 sec =  463.2742 Mbps     0 retrans  12414 KB-cwnd
[2024-11-05T15:24:45.126396-0600]     9.1250 MB /   0.50 sec =  152.2081 Mbps     0 retrans  12414 KB-cwnd
[2024-11-05T15:24:45.623108-0600]    39.5000 MB /   0.50 sec =  666.8116 Mbps     0 retrans  12212 KB-cwnd
[2024-11-05T15:24:46.123132-0600]    34.3750 MB /   0.50 sec =  576.6695 Mbps  1180 retrans  12674 KB-cwnd
[2024-11-05T15:24:46.623122-0600]    17.6250 MB /   0.50 sec =  295.7215 Mbps     0 retrans  12856 KB-cwnd
[2024-11-05T15:24:47.124045-0600]    27.4375 MB /   0.50 sec =  459.4748 Mbps    48 retrans  13157 KB-cwnd
[2024-11-05T15:24:47.623322-0600]    17.2500 MB /   0.50 sec =  289.8539 Mbps     0 retrans  13112 KB-cwnd
[2024-11-05T15:24:48.123306-0600]    24.3750 MB /   0.50 sec =  409.0191 Mbps     0 retrans  13112 KB-cwnd
[2024-11-05T15:24:48.623000-0600]    14.6875 MB /   0.50 sec =  246.4617 Mbps     0 retrans  16064 KB-cwnd
[2024-11-05T15:24:49.123520-0600]    38.9375 MB /   0.50 sec =  653.1845 Mbps     0 retrans  16064 KB-cwnd
[2024-11-05T15:24:49.623031-0600]    36.5625 MB /   0.50 sec =  613.4857 Mbps   540 retrans  13610 KB-cwnd
[2024-11-05T15:24:50.124584-0600]    25.9375 MB /   0.50 sec =  433.9016 Mbps  1140 retrans  12254 KB-cwnd
[2024-11-05T15:24:50.624211-0600]     4.4375 MB /   0.50 sec =   74.5003 Mbps     0 retrans  12254 KB-cwnd
[2024-11-05T15:24:51.123299-0600]    18.4375 MB /   0.50 sec =  309.9026 Mbps     0 retrans  12254 KB-cwnd
[2024-11-05T15:24:51.623116-0600]    14.0625 MB /   0.50 sec =  236.0037 Mbps     0 retrans  12254 KB-cwnd
[2024-11-05T15:24:52.123136-0600]    20.0000 MB /   0.50 sec =  335.5067 Mbps   898 retrans  12997 KB-cwnd
[2024-11-05T15:24:52.623359-0600]    26.3750 MB /   0.50 sec =  442.5424 Mbps     0 retrans  12997 KB-cwnd
[2024-11-05T15:24:53.123156-0600]    21.8750 MB /   0.50 sec =  366.9686 Mbps     0 retrans  12513 KB-cwnd
[2024-11-05T15:24:53.623236-0600]     6.3125 MB /   0.50 sec =  105.9081 Mbps     0 retrans  12513 KB-cwnd
[2024-11-05T15:24:54.123137-0600]    16.8125 MB /   0.50 sec =  282.0794 Mbps     0 retrans  12888 KB-cwnd
[2024-11-05T15:24:54.623113-0600]    26.7500 MB /   0.50 sec =  448.8058 Mbps  3211 retrans  11015 KB-cwnd
[2024-11-05T15:24:55.123120-0600]    28.6250 MB /   0.50 sec =  480.2430 Mbps     0 retrans  11015 KB-cwnd
[2024-11-05T15:24:55.623162-0600]    28.5000 MB /   0.50 sec =  478.1583 Mbps    16 retrans  10693 KB-cwnd
[2024-11-05T15:24:56.123247-0600]    11.3750 MB /   0.50 sec =  190.8282 Mbps     0 retrans  10693 KB-cwnd
[2024-11-05T15:24:56.623132-0600]    12.7500 MB /   0.50 sec =  213.9215 Mbps     0 retrans  10693 KB-cwnd
[2024-11-05T15:24:57.123320-0600]     5.6250 MB /   0.50 sec =   94.3384 Mbps     0 retrans  10693 KB-cwnd
[2024-11-05T15:24:57.623077-0600]    14.9375 MB /   0.50 sec =  250.7019 Mbps     0 retrans  10693 KB-cwnd
[2024-11-05T15:24:58.123784-0600]     0.4375 MB /   0.50 sec =    7.3369 Mbps     0 retrans  10693 KB-cwnd
[2024-11-05T15:24:58.623380-0600]    11.6875 MB /   0.50 sec =  196.1426 Mbps  2596 retrans  11784 KB-cwnd
[2024-11-05T15:24:59.123099-0600]    18.9375 MB /   0.50 sec =  317.7586 Mbps     0 retrans  11809 KB-cwnd
[2024-11-05T15:24:59.623073-0600]    22.4375 MB /   0.50 sec =  376.4433 Mbps     0 retrans  11865 KB-cwnd
[2024-11-05T15:25:00.123066-0600]    24.1875 MB /   0.50 sec =  405.8022 Mbps     0 retrans  12542 KB-cwnd
[2024-11-05T15:25:00.623360-0600]    29.3125 MB /   0.50 sec =  491.6877 Mbps     0 retrans  12542 KB-cwnd
[2024-11-05T15:25:01.123146-0600]    24.8750 MB /   0.50 sec =  417.3575 Mbps  6166 retrans  11231 KB-cwnd
[2024-11-05T15:25:01.623362-0600]    32.1250 MB /   0.50 sec =  538.8323 Mbps     0 retrans  11231 KB-cwnd
[2024-11-05T15:25:02.123426-0600]    34.1250 MB /   0.50 sec =  572.3588 Mbps     0 retrans  11697 KB-cwnd
[2024-11-05T15:25:02.624230-0600]    17.4375 MB /   0.50 sec =  292.1186 Mbps     0 retrans  11697 KB-cwnd
[2024-11-05T15:25:03.123305-0600]    15.1250 MB /   0.50 sec =  254.2930 Mbps     0 retrans  11713 KB-cwnd
[2024-11-05T15:25:03.623173-0600]    36.1250 MB /   0.50 sec =  606.0175 Mbps     0 retrans  11713 KB-cwnd
[2024-11-05T15:25:04.123197-0600]    16.8125 MB /   0.50 sec =  282.0483 Mbps     0 retrans  12867 KB-cwnd
[2024-11-05T15:25:04.623147-0600]    19.6250 MB /   0.50 sec =  329.2990 Mbps     0 retrans  12867 KB-cwnd
[2024-11-05T15:25:05.123132-0600]    19.5000 MB /   0.50 sec =  327.1551 Mbps     0 retrans  12867 KB-cwnd
[2024-11-05T15:25:05.623123-0600]    23.7500 MB /   0.50 sec =  398.4668 Mbps   848 retrans  14294 KB-cwnd
[2024-11-05T15:25:06.123158-0600]    16.6250 MB /   0.50 sec =  278.9000 Mbps     0 retrans  14294 KB-cwnd
[2024-11-05T15:25:06.623090-0600]    25.5000 MB /   0.50 sec =  427.8712 Mbps     0 retrans  14758 KB-cwnd
[2024-11-05T15:25:07.123230-0600]    22.6250 MB /   0.50 sec =  379.5708 Mbps     0 retrans  14758 KB-cwnd
[2024-11-05T15:25:07.623109-0600]    30.7500 MB /   0.50 sec =  515.9118 Mbps   122 retrans  14758 KB-cwnd
[2024-11-05T15:25:08.123064-0600]    31.1875 MB /   0.50 sec =  523.2467 Mbps     0 retrans  14758 KB-cwnd
[2024-11-05T15:25:08.624219-0600]     0.8750 MB /   0.50 sec =   14.6485 Mbps     0 retrans  14758 KB-cwnd
[2024-11-05T15:25:09.123262-0600]    21.2500 MB /   0.50 sec =  357.2847 Mbps     5 retrans  11740 KB-cwnd
[2024-11-05T15:25:09.623095-0600]    16.9375 MB /   0.50 sec =  284.1590 Mbps     0 retrans  11740 KB-cwnd
[2024-11-05T15:25:10.123235-0600]     3.5625 MB /   0.50 sec =   59.7571 Mbps     0 retrans  11740 KB-cwnd
[2024-11-05T15:25:10.623111-0600]    12.1875 MB /   0.50 sec =  204.5124 Mbps     0 retrans  11740 KB-cwnd
[2024-11-05T15:25:11.124158-0600]     7.2500 MB /   0.50 sec =  121.3920 Mbps     0 retrans  11839 KB-cwnd
[2024-11-05T15:25:11.623150-0600]     2.5625 MB /   0.50 sec =   43.0763 Mbps     0 retrans  12459 KB-cwnd
[2024-11-05T15:25:12.123084-0600]    20.5625 MB /   0.50 sec =  344.9974 Mbps     0 retrans  12459 KB-cwnd
[2024-11-05T15:25:12.623087-0600]     7.8750 MB /   0.50 sec =  132.1084 Mbps     0 retrans  12459 KB-cwnd
[2024-11-05T15:25:13.123150-0600]    13.7500 MB /   0.50 sec =  230.6932 Mbps     0 retrans  12459 KB-cwnd
[2024-11-05T15:25:13.623099-0600]    18.1875 MB /   0.50 sec =  305.1533 Mbps  1406 retrans  15691 KB-cwnd
[2024-11-05T15:25:14.123095-0600]    18.1250 MB /   0.50 sec =  304.0840 Mbps     0 retrans  15691 KB-cwnd
[2024-11-05T15:25:14.623126-0600]    20.5625 MB /   0.50 sec =  344.9787 Mbps     0 retrans  15691 KB-cwnd
[2024-11-05T15:25:15.123162-0600]    23.2500 MB /   0.50 sec =  390.0570 Mbps  5226 retrans  12527 KB-cwnd
[2024-11-05T15:25:15.623122-0600]    19.1875 MB /   0.50 sec =  321.9238 Mbps     0 retrans  12527 KB-cwnd
[2024-11-05T15:25:16.123074-0600]    16.1250 MB /   0.50 sec =  270.5467 Mbps  4511 retrans   7400 KB-cwnd
[2024-11-05T15:25:16.624330-0600]    12.3125 MB /   0.50 sec =  206.0860 Mbps     0 retrans   7496 KB-cwnd
[2024-11-05T15:25:17.123164-0600]    21.0000 MB /   0.50 sec =  353.1019 Mbps     0 retrans   8531 KB-cwnd
[2024-11-05T15:25:17.623088-0600]    20.9375 MB /   0.50 sec =  351.3102 Mbps   334 retrans  11010 KB-cwnd
[2024-11-05T15:25:18.123202-0600]    21.2500 MB /   0.50 sec =  356.5237 Mbps     0 retrans  11010 KB-cwnd
[2024-11-05T15:25:18.623707-0600]     0.2500 MB /   0.50 sec =    4.1896 Mbps     0 retrans  11010 KB-cwnd
[2024-11-05T15:25:19.124218-0600]     0.0000 MB /   0.50 sec =    0.0000 Mbps     0 retrans  11010 KB-cwnd
[2024-11-05T15:25:19.623182-0600]    15.2500 MB /   0.50 sec =  256.3791 Mbps     0 retrans  11010 KB-cwnd
[2024-11-05T15:25:20.123100-0600]     0.8125 MB /   0.50 sec =   13.6329 Mbps     0 retrans  11010 KB-cwnd
[2024-11-05T15:25:20.623100-0600]    23.1250 MB /   0.50 sec =  387.9840 Mbps     0 retrans  10728 KB-cwnd
[2024-11-05T15:25:21.123450-0600]     4.5000 MB /   0.50 sec =   75.4555 Mbps     0 retrans  10728 KB-cwnd
[2024-11-05T15:25:21.623311-0600]     2.4375 MB /   0.50 sec =   40.9031 Mbps     0 retrans  10728 KB-cwnd
[2024-11-05T15:25:22.123323-0600]    10.7500 MB /   0.50 sec =  180.3554 Mbps     0 retrans  10728 KB-cwnd
[2024-11-05T15:25:22.623222-0600]    15.2500 MB /   0.50 sec =  255.9355 Mbps     0 retrans  10728 KB-cwnd
[2024-11-05T15:25:23.123263-0600]     5.1875 MB /   0.50 sec =   87.0071 Mbps     0 retrans  10728 KB-cwnd
[2024-11-05T15:25:23.623082-0600]    17.1250 MB /   0.50 sec =  287.3989 Mbps  1248 retrans  10448 KB-cwnd
[2024-11-05T15:25:24.123130-0600]    20.6250 MB /   0.50 sec =  346.0114 Mbps     0 retrans  10448 KB-cwnd
[2024-11-05T15:25:24.623270-0600]    24.8750 MB /   0.50 sec =  417.3550 Mbps  1373 retrans   8037 KB-cwnd
[2024-11-05T15:25:25.123198-0600]    28.8125 MB /   0.50 sec =  483.3065 Mbps     0 retrans   8037 KB-cwnd
[2024-11-05T15:25:25.623200-0600]    25.9375 MB /   0.50 sec =  435.1747 Mbps  5866 retrans   7997 KB-cwnd
[2024-11-05T15:25:26.123138-0600]    13.3125 MB /   0.50 sec =  223.3632 Mbps     0 retrans   7997 KB-cwnd
[2024-11-05T15:25:26.623065-0600]    28.7500 MB /   0.50 sec =  482.3797 Mbps     0 retrans   8287 KB-cwnd
[2024-11-05T15:25:27.123129-0600]    15.3750 MB /   0.50 sec =  257.9337 Mbps     0 retrans   8826 KB-cwnd
[2024-11-05T15:25:27.623195-0600]     7.8125 MB /   0.50 sec =  131.0846 Mbps     0 retrans   8826 KB-cwnd
[2024-11-05T15:25:28.123162-0600]    21.9375 MB /   0.50 sec =  367.9869 Mbps     0 retrans   8826 KB-cwnd
[2024-11-05T15:25:28.623113-0600]     0.3750 MB /   0.50 sec =    6.2921 Mbps     0 retrans   8826 KB-cwnd
[2024-11-05T15:25:29.123142-0600]    25.4375 MB /   0.50 sec =  426.7849 Mbps     0 retrans  11042 KB-cwnd
[2024-11-05T15:25:29.623382-0600]    17.0625 MB /   0.50 sec =  286.2149 Mbps     0 retrans  11042 KB-cwnd
[2024-11-05T15:25:30.123201-0600]    20.6875 MB /   0.50 sec =  347.0696 Mbps     0 retrans  11042 KB-cwnd
[2024-11-05T15:25:30.623154-0600]    27.3125 MB /   0.50 sec =  458.2772 Mbps   714 retrans  11102 KB-cwnd
[2024-11-05T15:25:31.123173-0600]    13.5625 MB /   0.50 sec =  227.5392 Mbps     0 retrans  11102 KB-cwnd
[2024-11-05T15:25:31.623096-0600]     8.6250 MB /   0.50 sec =  144.7136 Mbps     0 retrans  11102 KB-cwnd
[2024-11-05T15:25:32.123161-0600]    14.0000 MB /   0.50 sec =  234.8641 Mbps  3823 retrans  11271 KB-cwnd
[2024-11-05T15:25:32.623203-0600]    18.8125 MB /   0.50 sec =  315.5791 Mbps     0 retrans   8687 KB-cwnd
[2024-11-05T15:25:33.123764-0600]    12.0000 MB /   0.50 sec =  201.2887 Mbps     0 retrans   8687 KB-cwnd
[2024-11-05T15:25:33.623147-0600]    25.5625 MB /   0.50 sec =  429.0332 Mbps   816 retrans  12683 KB-cwnd
[2024-11-05T15:25:34.123082-0600]    23.7500 MB /   0.50 sec =  398.4700 Mbps     0 retrans  12683 KB-cwnd
[2024-11-05T15:25:34.623251-0600]     4.8750 MB /   0.50 sec =   81.7682 Mbps     0 retrans  12683 KB-cwnd
[2024-11-05T15:25:35.123194-0600]    19.0625 MB /   0.50 sec =  319.8457 Mbps  4934 retrans  12795 KB-cwnd
[2024-11-05T15:25:35.624192-0600]    17.2500 MB /   0.50 sec =  288.8351 Mbps     0 retrans  12795 KB-cwnd
[2024-11-05T15:25:36.123123-0600]    24.3750 MB /   0.50 sec =  409.8102 Mbps     0 retrans  12795 KB-cwnd
[2024-11-05T15:25:36.623293-0600]    20.4375 MB /   0.50 sec =  342.7891 Mbps   750 retrans  12062 KB-cwnd
[2024-11-05T15:25:37.123380-0600]    14.3750 MB /   0.50 sec =  241.2149 Mbps     0 retrans  12062 KB-cwnd
[2024-11-05T15:25:37.623317-0600]    15.6875 MB /   0.50 sec =  263.1410 Mbps     0 retrans  12062 KB-cwnd
[2024-11-05T15:25:38.123169-0600]    15.0000 MB /   0.50 sec =  251.7005 Mbps  1349 retrans  11423 KB-cwnd
[2024-11-05T15:25:38.623152-0600]    13.0000 MB /   0.50 sec =  218.1278 Mbps     0 retrans  11423 KB-cwnd
[2024-11-05T15:25:39.123115-0600]    22.9375 MB /   0.50 sec =  384.8359 Mbps     0 retrans  11423 KB-cwnd
[2024-11-05T15:25:39.623078-0600]    21.8125 MB /   0.50 sec =  365.9618 Mbps   168 retrans  11903 KB-cwnd
[2024-11-05T15:25:40.123088-0600]    33.2500 MB /   0.50 sec =  557.8290 Mbps     0 retrans  11903 KB-cwnd
[2024-11-05T15:25:40.623145-0600]    31.8750 MB /   0.50 sec =  534.7631 Mbps  2843 retrans  10365 KB-cwnd
[2024-11-05T15:25:41.123272-0600]    10.8750 MB /   0.50 sec =  182.4077 Mbps     0 retrans  10365 KB-cwnd
[2024-11-05T15:25:41.623408-0600]     0.0000 MB /   0.50 sec =    0.0000 Mbps     0 retrans  10365 KB-cwnd
[2024-11-05T15:25:42.124072-0600]     0.0000 MB /   0.50 sec =    0.0000 Mbps     0 retrans  10365 KB-cwnd
[2024-11-05T15:25:42.623134-0600]    12.6250 MB /   0.50 sec =  212.2181 Mbps     0 retrans  10365 KB-cwnd
[2024-11-05T15:25:43.123142-0600]     8.7500 MB /   0.50 sec =  146.7889 Mbps     0 retrans  10365 KB-cwnd
[2024-11-05T15:25:43.623299-0600]     1.5000 MB /   0.50 sec =   25.1586 Mbps     0 retrans  10365 KB-cwnd
[2024-11-05T15:25:44.124384-0600]     0.0000 MB /   0.50 sec =    0.0000 Mbps     0 retrans  10365 KB-cwnd
[2024-11-05T15:25:44.623410-0600]     0.0000 MB /   0.50 sec =    0.0000 Mbps     0 retrans  10365 KB-cwnd
[2024-11-05T15:25:45.124142-0600]     0.0000 MB /   0.50 sec =    0.0000 Mbps     0 retrans  10365 KB-cwnd
[2024-11-05T15:25:45.623298-0600]    12.4375 MB /   0.50 sec =  209.0630 Mbps     0 retrans  11660 KB-cwnd
[2024-11-05T15:25:46.123105-0600]     2.5000 MB /   0.50 sec =   41.9489 Mbps     0 retrans  11660 KB-cwnd
[2024-11-05T15:25:46.623269-0600]     1.5000 MB /   0.50 sec =   25.1590 Mbps     0 retrans  11660 KB-cwnd
[2024-11-05T15:25:47.123351-0600]     0.0000 MB /   0.50 sec =    0.0000 Mbps     0 retrans  11660 KB-cwnd
[2024-11-05T15:25:47.624307-0600]     0.0000 MB /   0.50 sec =    0.0000 Mbps     0 retrans  11660 KB-cwnd
[2024-11-05T15:25:48.123286-0600]     0.0000 MB /   0.50 sec =    0.0000 Mbps     0 retrans  11660 KB-cwnd
End time: 1730841948312
