Start time: 1730824962207
[2024-11-05T10:42:47.277923-0600] traceroute to 54.197.223.49 (54.197.223.49), 30 hops max, 60 byte packets
[2024-11-05T10:42:47.279199-0600]  1  * * *
[2024-11-05T10:42:47.279322-0600]  2  * * *
[2024-11-05T10:42:47.279413-0600]  3  * * *
[2024-11-05T10:42:47.279497-0600]  4  * * *
[2024-11-05T10:42:47.279579-0600]  5  * * *
[2024-11-05T10:42:52.286736-0600]  6  * * *
[2024-11-05T10:42:52.296069-0600]  7  * * *
[2024-11-05T10:42:52.296240-0600]  8  * * *
[2024-11-05T10:42:52.308131-0600]  9  * * *
[2024-11-05T10:42:52.308359-0600] 10  * * *
[2024-11-05T10:42:57.294968-0600] 11  * * *
[2024-11-05T10:42:57.296812-0600] 12  * * *
[2024-11-05T10:42:57.302063-0600] 13  * * *
[2024-11-05T10:42:57.308385-0600] 14  * * *
[2024-11-05T10:42:57.310543-0600] 15  * * *
[2024-11-05T10:43:02.301268-0600] 16  * * *
[2024-11-05T10:43:02.301741-0600] 17  * * *
[2024-11-05T10:43:02.301851-0600] 18  * * *
[2024-11-05T10:43:02.308458-0600] 19  * * *
[2024-11-05T10:43:02.312435-0600] 20  * * *
[2024-11-05T10:43:02.319208-0600] 21  * * *
[2024-11-05T10:43:07.306014-0600] 22  * * *
[2024-11-05T10:43:07.307951-0600] 23  * * *
[2024-11-05T10:43:07.311423-0600] 24  * * *
[2024-11-05T10:43:07.315398-0600] 25  * * *
[2024-11-05T10:43:07.322668-0600] 26  * * *
[2024-11-05T10:43:12.268069-0600] 27  * *End time: 1730824992349
