Start time: 1730754677617
[2024-11-04T15:11:18.599073-0600] nuttcp-r: v8.1.4: socket
[2024-11-04T15:11:18.599738-0600] nuttcp-r: buflen=65536, nstream=1, port=5379 tcp
[2024-11-04T15:11:18.599800-0600] nuttcp-r: interval reporting every 0.50 seconds
[2024-11-04T15:11:18.599846-0600] nuttcp-r: connect to 54.176.53.206 with RTT=86.334 ms af=inet
[2024-11-04T15:11:18.599890-0600] nuttcp-r: send window size = 2097152, receive window size = 6291456
[2024-11-04T15:11:18.599932-0600] nuttcp-r: available send window = 1572864, available receive window = 4718592
[2024-11-04T15:11:18.599974-0600]     0.3125 MB /   0.50 sec =    5.2421 Mbps     0 retrans
[2024-11-04T15:11:19.099163-0600]     3.4375 MB /   0.50 sec =   57.6717 Mbps     0 retrans
[2024-11-04T15:11:19.599063-0600]     4.2500 MB /   0.50 sec =   71.2992 Mbps     0 retrans
[2024-11-04T15:11:20.099102-0600]     4.3125 MB /   0.50 sec =   72.3622 Mbps     0 retrans
[2024-11-04T15:11:20.600179-0600]     3.6875 MB /   0.50 sec =   61.7659 Mbps     0 retrans
[2024-11-04T15:11:21.099139-0600]     3.1250 MB /   0.50 sec =   52.4994 Mbps     0 retrans
[2024-11-04T15:11:21.598969-0600]     3.1250 MB /   0.50 sec =   52.4412 Mbps     0 retrans
[2024-11-04T15:11:22.099072-0600]     3.6250 MB /   0.50 sec =   60.8069 Mbps     0 retrans
[2024-11-04T15:11:22.599149-0600]     2.3750 MB /   0.50 sec =   39.8525 Mbps     0 retrans
[2024-11-04T15:11:23.098950-0600]     4.0625 MB /   0.50 sec =   68.1583 Mbps     0 retrans
[2024-11-04T15:11:23.599002-0600]     3.6875 MB /   0.50 sec =   61.8651 Mbps     0 retrans
[2024-11-04T15:11:24.098958-0600]     4.6875 MB /   0.50 sec =   78.6448 Mbps     0 retrans
[2024-11-04T15:11:24.600017-0600]     4.8750 MB /   0.50 sec =   81.6208 Mbps     0 retrans
[2024-11-04T15:11:25.098970-0600]     5.5000 MB /   0.50 sec =   92.4629 Mbps     0 retrans
[2024-11-04T15:11:25.599098-0600]     4.3125 MB /   0.50 sec =   72.3523 Mbps     0 retrans
[2024-11-04T15:11:26.098964-0600]     6.0625 MB /   0.50 sec =  101.7137 Mbps     0 retrans
[2024-11-04T15:11:26.598995-0600]     6.4375 MB /   0.50 sec =  108.0007 Mbps     0 retrans
[2024-11-04T15:11:27.098997-0600]     6.9375 MB /   0.50 sec =  116.3905 Mbps     0 retrans
[2024-11-04T15:11:27.598942-0600]     7.1875 MB /   0.50 sec =  120.5915 Mbps     0 retrans
[2024-11-04T15:11:28.099064-0600]     7.1875 MB /   0.50 sec =  120.5645 Mbps     0 retrans
[2024-11-04T15:11:28.600947-0600]     4.0625 MB /   0.50 sec =   67.9169 Mbps     0 retrans
[2024-11-04T15:11:29.098950-0600]     5.2500 MB /   0.50 sec =   88.4084 Mbps     0 retrans
[2024-11-04T15:11:29.598982-0600]     6.1875 MB /   0.50 sec =  103.8078 Mbps     0 retrans
[2024-11-04T15:11:30.098989-0600]     7.3750 MB /   0.50 sec =  123.7310 Mbps     0 retrans
[2024-11-04T15:11:30.598960-0600]     5.9375 MB /   0.50 sec =   99.6173 Mbps     0 retrans
[2024-11-04T15:11:31.098986-0600]     7.4375 MB /   0.50 sec =  124.7850 Mbps     0 retrans
[2024-11-04T15:11:31.599804-0600]     6.7500 MB /   0.50 sec =  113.0673 Mbps     0 retrans
[2024-11-04T15:11:32.098974-0600]     7.0000 MB /   0.50 sec =  117.6214 Mbps     0 retrans
[2024-11-04T15:11:32.598963-0600]     7.1250 MB /   0.50 sec =  119.5389 Mbps     0 retrans
[2024-11-04T15:11:33.098990-0600]     6.1875 MB /   0.50 sec =  103.8063 Mbps     0 retrans
[2024-11-04T15:11:33.598972-0600]     5.9375 MB /   0.50 sec =   99.6171 Mbps     0 retrans
[2024-11-04T15:11:34.098994-0600]     6.2500 MB /   0.50 sec =  104.8524 Mbps     0 retrans
[2024-11-04T15:11:34.599050-0600]     5.8750 MB /   0.50 sec =   98.5569 Mbps     0 retrans
[2024-11-04T15:11:35.098990-0600]     6.6250 MB /   0.50 sec =  111.1622 Mbps     0 retrans
[2024-11-04T15:11:35.598983-0600]     5.8750 MB /   0.50 sec =   98.5665 Mbps     0 retrans
[2024-11-04T15:11:36.098991-0600]     6.6250 MB /   0.50 sec =  111.1493 Mbps     0 retrans
[2024-11-04T15:11:36.599005-0600]     6.3750 MB /   0.50 sec =  106.9535 Mbps     0 retrans
[2024-11-04T15:11:37.098960-0600]     7.0625 MB /   0.50 sec =  118.4924 Mbps     0 retrans
[2024-11-04T15:11:37.598976-0600]     7.7500 MB /   0.50 sec =  130.0239 Mbps     0 retrans
[2024-11-04T15:11:38.099008-0600]     8.3750 MB /   0.50 sec =  140.4934 Mbps     0 retrans
[2024-11-04T15:11:38.598969-0600]     7.7500 MB /   0.50 sec =  130.0362 Mbps     0 retrans
[2024-11-04T15:11:39.099035-0600]     4.0625 MB /   0.50 sec =   68.1519 Mbps     0 retrans
[2024-11-04T15:11:39.598989-0600]     7.2500 MB /   0.50 sec =  121.6450 Mbps     0 retrans
[2024-11-04T15:11:40.098960-0600]     9.4375 MB /   0.50 sec =  158.3356 Mbps     0 retrans
[2024-11-04T15:11:40.598993-0600]     9.0000 MB /   0.50 sec =  150.9925 Mbps     0 retrans
[2024-11-04T15:11:41.099008-0600]     8.6875 MB /   0.50 sec =  145.7454 Mbps     0 retrans
[2024-11-04T15:11:41.598981-0600]     8.1875 MB /   0.50 sec =  137.3690 Mbps     0 retrans
[2024-11-04T15:11:42.098996-0600]     8.1250 MB /   0.50 sec =  136.3165 Mbps     0 retrans
[2024-11-04T15:11:42.599002-0600]     7.0625 MB /   0.50 sec =  118.4841 Mbps     0 retrans
[2024-11-04T15:11:43.098964-0600]     7.0000 MB /   0.50 sec =  117.4461 Mbps     0 retrans
[2024-11-04T15:11:43.598972-0600]     7.5000 MB /   0.50 sec =  125.8314 Mbps     0 retrans
[2024-11-04T15:11:44.100048-0600]     7.2500 MB /   0.50 sec =  121.4049 Mbps     0 retrans
[2024-11-04T15:11:44.598993-0600]     7.7500 MB /   0.50 sec =  130.2631 Mbps     0 retrans
[2024-11-04T15:11:45.098974-0600]     8.0000 MB /   0.50 sec =  134.2223 Mbps     0 retrans
[2024-11-04T15:11:45.598988-0600]     8.5000 MB /   0.50 sec =  142.6072 Mbps     0 retrans
[2024-11-04T15:11:46.098959-0600]     9.0000 MB /   0.50 sec =  150.9955 Mbps     0 retrans
[2024-11-04T15:11:46.598996-0600]     8.2500 MB /   0.50 sec =  138.4090 Mbps     0 retrans
[2024-11-04T15:11:47.099003-0600]     8.3125 MB /   0.50 sec =  139.4601 Mbps     0 retrans
[2024-11-04T15:11:47.598982-0600]     9.5625 MB /   0.50 sec =  160.4360 Mbps     0 retrans
[2024-11-04T15:11:48.099080-0600]     9.1250 MB /   0.50 sec =  153.0636 Mbps     0 retrans
[2024-11-04T15:11:48.599151-0600]    10.0000 MB /   0.50 sec =  167.8040 Mbps     0 retrans
[2024-11-04T15:11:49.098964-0600]    10.5000 MB /   0.50 sec =  176.1594 Mbps     0 retrans
[2024-11-04T15:11:49.600124-0600]     4.3125 MB /   0.50 sec =   72.1908 Mbps     0 retrans
[2024-11-04T15:11:50.098999-0600]     8.9375 MB /   0.50 sec =  150.2767 Mbps     0 retrans
[2024-11-04T15:11:50.598999-0600]     9.8750 MB /   0.50 sec =  165.6803 Mbps     0 retrans
[2024-11-04T15:11:51.099133-0600]    10.8125 MB /   0.50 sec =  181.4124 Mbps     0 retrans
[2024-11-04T15:11:51.598992-0600]    10.0000 MB /   0.50 sec =  167.7634 Mbps     0 retrans
[2024-11-04T15:11:52.098956-0600]     9.5000 MB /   0.50 sec =  159.3842 Mbps     0 retrans
[2024-11-04T15:11:52.598996-0600]     9.0625 MB /   0.50 sec =  152.0417 Mbps     0 retrans
[2024-11-04T15:11:53.098983-0600]     7.6250 MB /   0.50 sec =  127.9270 Mbps     0 retrans
[2024-11-04T15:11:53.599128-0600]    10.3750 MB /   0.50 sec =  174.0671 Mbps     0 retrans
[2024-11-04T15:11:54.098977-0600]    10.6250 MB /   0.50 sec =  178.2540 Mbps     0 retrans
[2024-11-04T15:11:54.598995-0600]    10.8125 MB /   0.50 sec =  181.4033 Mbps     0 retrans
[2024-11-04T15:11:55.099006-0600]    10.5625 MB /   0.50 sec =  177.1930 Mbps     0 retrans
[2024-11-04T15:11:55.599000-0600]     9.3750 MB /   0.50 sec =  157.3006 Mbps     0 retrans
[2024-11-04T15:11:56.098994-0600]    10.6875 MB /   0.50 sec =  179.3061 Mbps     0 retrans
[2024-11-04T15:11:56.599054-0600]    10.2500 MB /   0.50 sec =  171.9740 Mbps     0 retrans
[2024-11-04T15:11:57.099395-0600]    10.2500 MB /   0.50 sec =  171.8221 Mbps     0 retrans
[2024-11-04T15:11:57.598973-0600]     9.8125 MB /   0.50 sec =  164.7592 Mbps     0 retrans
[2024-11-04T15:11:58.098970-0600]    10.1250 MB /   0.50 sec =  169.8710 Mbps     0 retrans
[2024-11-04T15:11:58.599012-0600]    10.0625 MB /   0.50 sec =  168.8133 Mbps     0 retrans
[2024-11-04T15:11:59.099061-0600]    10.3750 MB /   0.50 sec =  174.0452 Mbps     0 retrans
[2024-11-04T15:11:59.598975-0600]     8.7500 MB /   0.50 sec =  146.8215 Mbps     0 retrans
[2024-11-04T15:12:00.099059-0600]     4.0625 MB /   0.50 sec =   68.1520 Mbps     0 retrans
[2024-11-04T15:12:00.599059-0600]     8.4375 MB /   0.50 sec =  141.5787 Mbps     0 retrans
[2024-11-04T15:12:01.098960-0600]    10.4375 MB /   0.50 sec =  175.1013 Mbps     0 retrans
[2024-11-04T15:12:01.599124-0600]    10.5625 MB /   0.50 sec =  177.2076 Mbps     0 retrans
[2024-11-04T15:12:02.099143-0600]    10.0625 MB /   0.50 sec =  168.8221 Mbps     0 retrans
[2024-11-04T15:12:02.599391-0600]     8.0625 MB /   0.50 sec =  135.1536 Mbps     0 retrans
[2024-11-04T15:12:03.099002-0600]    10.8125 MB /   0.50 sec =  181.5514 Mbps     0 retrans
[2024-11-04T15:12:03.599063-0600]    11.4375 MB /   0.50 sec =  191.8714 Mbps     0 retrans
[2024-11-04T15:12:04.098957-0600]    10.7500 MB /   0.50 sec =  180.3771 Mbps     0 retrans
[2024-11-04T15:12:04.598997-0600]     8.5000 MB /   0.50 sec =  142.6049 Mbps     0 retrans
[2024-11-04T15:12:05.099063-0600]     8.2500 MB /   0.50 sec =  138.3910 Mbps     0 retrans
[2024-11-04T15:12:05.598978-0600]     8.5625 MB /   0.50 sec =  143.6759 Mbps     0 retrans
[2024-11-04T15:12:06.098971-0600]     8.1875 MB /   0.50 sec =  137.3648 Mbps     0 retrans
[2024-11-04T15:12:06.599135-0600]    10.5000 MB /   0.50 sec =  176.1516 Mbps     0 retrans
[2024-11-04T15:12:07.099002-0600]    10.1250 MB /   0.50 sec =  169.8741 Mbps     0 retrans
[2024-11-04T15:12:07.598986-0600]    10.1875 MB /   0.50 sec =  170.9203 Mbps     0 retrans
[2024-11-04T15:12:08.098948-0600]    11.5000 MB /   0.50 sec =  192.9407 Mbps     0 retrans
[2024-11-04T15:12:08.598998-0600]    11.1250 MB /   0.50 sec =  186.6424 Mbps     0 retrans
[2024-11-04T15:12:09.098992-0600]    10.7500 MB /   0.50 sec =  180.3544 Mbps     0 retrans
[2024-11-04T15:12:09.598979-0600]    10.0000 MB /   0.50 sec =  167.7765 Mbps     0 retrans
[2024-11-04T15:12:10.098976-0600]    10.5000 MB /   0.50 sec =  176.1565 Mbps     0 retrans
[2024-11-04T15:12:10.598962-0600]    10.8750 MB /   0.50 sec =  182.4566 Mbps     0 retrans
[2024-11-04T15:12:11.098969-0600]     3.6250 MB /   0.50 sec =   60.8168 Mbps     0 retrans
[2024-11-04T15:12:11.599147-0600]    11.0000 MB /   0.50 sec =  184.5261 Mbps     0 retrans
[2024-11-04T15:12:12.099078-0600]    10.5625 MB /   0.50 sec =  177.1976 Mbps     0 retrans
[2024-11-04T15:12:12.599132-0600]    13.8750 MB /   0.50 sec =  232.8290 Mbps     0 retrans
[2024-11-04T15:12:13.099290-0600]    12.2500 MB /   0.50 sec =  205.5061 Mbps     0 retrans
[2024-11-04T15:12:13.599026-0600]    11.3125 MB /   0.50 sec =  189.7930 Mbps     0 retrans
[2024-11-04T15:12:14.098960-0600]    13.4375 MB /   0.50 sec =  225.4601 Mbps     0 retrans
[2024-11-04T15:12:14.599040-0600]    13.4375 MB /   0.50 sec =  225.4181 Mbps     0 retrans
[2024-11-04T15:12:15.099054-0600]    13.8750 MB /   0.50 sec =  232.7755 Mbps     0 retrans
[2024-11-04T15:12:15.599103-0600]    13.8125 MB /   0.50 sec =  231.7710 Mbps     0 retrans
[2024-11-04T15:12:16.099075-0600]    13.6875 MB /   0.50 sec =  229.5982 Mbps     0 retrans
[2024-11-04T15:12:16.598993-0600]    12.6875 MB /   0.50 sec =  212.8941 Mbps     0 retrans
[2024-11-04T15:12:17.098963-0600]    12.4375 MB /   0.50 sec =  208.6683 Mbps     0 retrans
[2024-11-04T15:12:17.599217-0600]    13.1875 MB /   0.50 sec =  221.2495 Mbps     0 retrans
[2024-11-04T15:12:18.099374-0600]    13.2500 MB /   0.50 sec =  222.1262 Mbps     0 retrans
[2024-11-04T15:12:18.598956-0600]    12.0625 MB /   0.50 sec =  202.5348 Mbps     0 retrans
[2024-11-04T15:12:19.099023-0600]    11.3750 MB /   0.50 sec =  190.8424 Mbps     0 retrans
[2024-11-04T15:12:19.599055-0600]    11.5625 MB /   0.50 sec =  193.9563 Mbps     0 retrans
[2024-11-04T15:12:20.099050-0600]    11.0000 MB /   0.50 sec =  184.5571 Mbps     0 retrans
[2024-11-04T15:12:20.599046-0600]    11.6875 MB /   0.50 sec =  196.0829 Mbps     0 retrans
[2024-11-04T15:12:21.099153-0600]    10.6250 MB /   0.50 sec =  178.2700 Mbps     0 retrans
[2024-11-04T15:12:21.598986-0600]     3.5000 MB /   0.50 sec =   58.7197 Mbps     0 retrans
[2024-11-04T15:12:22.098963-0600]     8.0625 MB /   0.50 sec =  135.2723 Mbps     0 retrans
[2024-11-04T15:12:22.599042-0600]     9.9375 MB /   0.50 sec =  166.7076 Mbps     0 retrans
[2024-11-04T15:12:23.099386-0600]    10.1250 MB /   0.50 sec =  169.8618 Mbps     0 retrans
[2024-11-04T15:12:23.599329-0600]    10.3750 MB /   0.50 sec =  173.9658 Mbps     0 retrans
[2024-11-04T15:12:24.099011-0600]     9.0625 MB /   0.50 sec =  152.1324 Mbps     0 retrans
[2024-11-04T15:12:24.599130-0600]     9.1875 MB /   0.50 sec =  154.1579 Mbps     0 retrans
[2024-11-04T15:12:25.099221-0600]     9.5625 MB /   0.50 sec =  160.4286 Mbps     0 retrans
[2024-11-04T15:12:25.599365-0600]     9.2500 MB /   0.50 sec =  155.0779 Mbps     0 retrans
[2024-11-04T15:12:26.098960-0600]     8.4375 MB /   0.50 sec =  141.6620 Mbps     0 retrans
[2024-11-04T15:12:26.598993-0600]     9.3750 MB /   0.50 sec =  157.2858 Mbps     0 retrans
[2024-11-04T15:12:27.098975-0600]     8.6250 MB /   0.50 sec =  144.7046 Mbps     0 retrans
[2024-11-04T15:12:27.599043-0600]     9.3125 MB /   0.50 sec =  156.2147 Mbps     0 retrans
[2024-11-04T15:12:28.099043-0600]     8.2500 MB /   0.50 sec =  138.4148 Mbps     0 retrans
[2024-11-04T15:12:28.598980-0600]     8.8750 MB /   0.50 sec =  148.9163 Mbps     0 retrans
[2024-11-04T15:12:29.099027-0600]     8.5000 MB /   0.50 sec =  142.5961 Mbps     0 retrans
[2024-11-04T15:12:29.599469-0600]     8.3125 MB /   0.50 sec =  139.3316 Mbps     0 retrans
[2024-11-04T15:12:30.099235-0600]     5.8125 MB /   0.50 sec =   97.6103 Mbps     0 retrans
[2024-11-04T15:12:30.598964-0600]     7.5000 MB /   0.50 sec =  125.8362 Mbps     0 retrans
[2024-11-04T15:12:31.098976-0600]     8.3750 MB /   0.50 sec =  140.5089 Mbps     0 retrans
[2024-11-04T15:12:31.599049-0600]     9.6875 MB /   0.50 sec =  162.5280 Mbps     0 retrans
[2024-11-04T15:12:32.098958-0600]     3.1250 MB /   0.50 sec =   52.4290 Mbps     0 retrans
[2024-11-04T15:12:32.599010-0600]     9.4375 MB /   0.50 sec =  158.3324 Mbps     0 retrans
[2024-11-04T15:12:33.099017-0600]     9.0625 MB /   0.50 sec =  152.0566 Mbps     0 retrans
[2024-11-04T15:12:33.598983-0600]    10.1875 MB /   0.50 sec =  170.9069 Mbps     0 retrans
[2024-11-04T15:12:34.099001-0600]    10.0625 MB /   0.50 sec =  168.8076 Mbps     0 retrans
[2024-11-04T15:12:34.598957-0600]    10.8125 MB /   0.50 sec =  181.4196 Mbps     0 retrans
[2024-11-04T15:12:35.099076-0600]     7.8750 MB /   0.50 sec =  132.1203 Mbps     0 retrans
[2024-11-04T15:12:35.599011-0600]     8.0000 MB /   0.50 sec =  134.2110 Mbps     0 retrans
[2024-11-04T15:12:36.098979-0600]    10.1875 MB /   0.50 sec =  170.9223 Mbps     0 retrans
[2024-11-04T15:12:36.599037-0600]     8.6875 MB /   0.50 sec =  145.7352 Mbps     0 retrans
[2024-11-04T15:12:37.099001-0600]     9.0625 MB /   0.50 sec =  152.0590 Mbps     0 retrans
[2024-11-04T15:12:37.598982-0600]     9.6875 MB /   0.50 sec =  162.5335 Mbps     0 retrans
[2024-11-04T15:12:38.099008-0600]     9.1250 MB /   0.50 sec =  153.0750 Mbps     0 retrans
[2024-11-04T15:12:38.599186-0600]     8.0000 MB /   0.50 sec =  134.2314 Mbps     0 retrans
[2024-11-04T15:12:39.099404-0600]     7.6875 MB /   0.50 sec =  128.8712 Mbps     0 retrans
[2024-11-04T15:12:39.599040-0600]     9.6250 MB /   0.50 sec =  161.5938 Mbps     0 retrans
[2024-11-04T15:12:40.098957-0600]    10.0625 MB /   0.50 sec =  168.8427 Mbps     0 retrans
[2024-11-04T15:12:40.598992-0600]     8.5625 MB /   0.50 sec =  143.6512 Mbps     0 retrans
[2024-11-04T15:12:41.098965-0600]     6.8750 MB /   0.50 sec =  115.3454 Mbps     0 retrans
[2024-11-04T15:12:41.599016-0600]     8.1875 MB /   0.50 sec =  137.3591 Mbps     0 retrans
[2024-11-04T15:12:42.099058-0600]    12.2500 MB /   0.50 sec =  205.4971 Mbps     0 retrans
[2024-11-04T15:12:42.598995-0600]     3.8125 MB /   0.50 sec =   63.9684 Mbps     0 retrans
[2024-11-04T15:12:43.099077-0600]    11.8750 MB /   0.50 sec =  199.2426 Mbps     0 retrans
[2024-11-04T15:12:43.599018-0600]    11.5625 MB /   0.50 sec =  193.9811 Mbps     0 retrans
[2024-11-04T15:12:44.099010-0600]    12.1250 MB /   0.50 sec =  203.4063 Mbps     0 retrans
[2024-11-04T15:12:44.598971-0600]    11.8125 MB /   0.50 sec =  198.2015 Mbps     0 retrans
[2024-11-04T15:12:45.098996-0600]    11.6250 MB /   0.50 sec =  195.0324 Mbps     0 retrans
[2024-11-04T15:12:45.598983-0600]    12.0625 MB /   0.50 sec =  202.3792 Mbps     0 retrans
[2024-11-04T15:12:46.098996-0600]    11.1875 MB /   0.50 sec =  187.6932 Mbps     0 retrans
[2024-11-04T15:12:46.599041-0600]     9.5625 MB /   0.50 sec =  160.4264 Mbps     0 retrans
[2024-11-04T15:12:47.099144-0600]     9.6250 MB /   0.50 sec =  161.4836 Mbps     0 retrans
[2024-11-04T15:12:47.599011-0600]    11.8750 MB /   0.50 sec =  199.2282 Mbps     0 retrans
[2024-11-04T15:12:48.098989-0600]    11.2500 MB /   0.50 sec =  188.7493 Mbps     0 retrans
[2024-11-04T15:12:48.599135-0600]    11.5000 MB /   0.50 sec =  192.9499 Mbps     0 retrans
[2024-11-04T15:12:49.099014-0600]    11.0625 MB /   0.50 sec =  185.5812 Mbps     0 retrans
[2024-11-04T15:12:49.599048-0600]    10.5625 MB /   0.50 sec =  177.1930 Mbps     0 retrans
[2024-11-04T15:12:50.098993-0600]    10.4375 MB /   0.50 sec =  175.1322 Mbps     0 retrans
[2024-11-04T15:12:50.599011-0600]    10.5625 MB /   0.50 sec =  177.2062 Mbps     0 retrans
[2024-11-04T15:12:51.098969-0600]    10.3750 MB /   0.50 sec =  174.0685 Mbps     0 retrans
[2024-11-04T15:12:51.598908-0600]     9.5625 MB /   0.50 sec =  160.4373 Mbps     0 retrans
[2024-11-04T15:12:52.099418-0600]     6.9375 MB /   0.50 sec =  116.2870 Mbps     0 retrans
[2024-11-04T15:12:52.599018-0600]    10.3125 MB /   0.50 sec =  173.1477 Mbps     0 retrans
[2024-11-04T15:12:53.099126-0600]    10.6250 MB /   0.50 sec =  178.2747 Mbps     0 retrans
[2024-11-04T15:12:53.599190-0600]     4.2500 MB /   0.50 sec =   71.2804 Mbps     0 retrans
[2024-11-04T15:12:54.099362-0600]     8.8125 MB /   0.50 sec =  147.8900 Mbps     0 retrans
[2024-11-04T15:12:54.599020-0600]    11.0000 MB /   0.50 sec =  184.5446 Mbps     0 retrans
[2024-11-04T15:12:55.099040-0600]    12.9375 MB /   0.50 sec =  217.0439 Mbps     0 retrans
[2024-11-04T15:12:55.598999-0600]    10.3750 MB /   0.50 sec =  174.0842 Mbps     0 retrans
[2024-11-04T15:12:56.098972-0600]     7.8125 MB /   0.50 sec =  131.0728 Mbps     0 retrans
[2024-11-04T15:12:56.599620-0600]     8.8125 MB /   0.50 sec =  147.8276 Mbps     0 retrans
[2024-11-04T15:12:57.099071-0600]    10.2500 MB /   0.50 sec =  171.9713 Mbps     0 retrans
[2024-11-04T15:12:57.598973-0600]     8.4375 MB /   0.50 sec =  141.5767 Mbps     0 retrans
[2024-11-04T15:12:58.098998-0600]    10.2500 MB /   0.50 sec =  171.9627 Mbps     0 retrans
[2024-11-04T15:12:58.598959-0600]    12.4375 MB /   0.50 sec =  208.6720 Mbps     0 retrans
[2024-11-04T15:12:59.098964-0600]    11.3125 MB /   0.50 sec =  189.7896 Mbps     0 retrans
[2024-11-04T15:12:59.599740-0600]    10.6875 MB /   0.50 sec =  179.1986 Mbps     0 retrans
[2024-11-04T15:13:00.099437-0600]    11.2500 MB /   0.50 sec =  188.6901 Mbps     0 retrans
[2024-11-04T15:13:00.598866-0600]    12.3750 MB /   0.50 sec =  207.8163 Mbps     0 retrans
[2024-11-04T15:13:01.098993-0600]    12.5625 MB /   0.50 sec =  210.7490 Mbps     0 retrans
[2024-11-04T15:13:01.599010-0600]    12.7500 MB /   0.50 sec =  213.9039 Mbps     0 retrans
[2024-11-04T15:13:02.098971-0600]    14.1875 MB /   0.50 sec =  238.0334 Mbps     0 retrans
[2024-11-04T15:13:02.599038-0600]    14.1875 MB /   0.50 sec =  238.0206 Mbps     0 retrans
[2024-11-04T15:13:03.099001-0600]    12.6250 MB /   0.50 sec =  211.8132 Mbps     0 retrans
[2024-11-04T15:13:03.598983-0600]    13.6875 MB /   0.50 sec =  229.6446 Mbps     0 retrans
[2024-11-04T15:13:04.098948-0600]    14.1250 MB /   0.50 sec =  236.9772 Mbps     0 retrans
[2024-11-04T15:13:04.599186-0600]    10.0625 MB /   0.50 sec =  168.8180 Mbps     0 retrans
[2024-11-04T15:13:05.098950-0600]    13.7500 MB /   0.50 sec =  230.6918 Mbps     0 retrans
[2024-11-04T15:13:05.599074-0600]    14.1875 MB /   0.50 sec =  237.9915 Mbps     0 retrans
[2024-11-04T15:13:06.098969-0600]    13.7500 MB /   0.50 sec =  230.7199 Mbps     0 retrans
[2024-11-04T15:13:06.598977-0600]    13.0625 MB /   0.50 sec =  219.1511 Mbps     0 retrans
[2024-11-04T15:13:07.098992-0600]    14.3750 MB /   0.50 sec =  241.1706 Mbps     0 retrans
[2024-11-04T15:13:07.599001-0600]    13.7500 MB /   0.50 sec =  230.6849 Mbps     0 retrans
[2024-11-04T15:13:08.098957-0600]    14.8125 MB /   0.50 sec =  248.5180 Mbps     0 retrans
[2024-11-04T15:13:08.599025-0600]    13.4375 MB /   0.50 sec =  225.4335 Mbps     0 retrans
[2024-11-04T15:13:09.098980-0600]     3.8750 MB /   0.50 sec =   65.0143 Mbps     0 retrans
[2024-11-04T15:13:09.599070-0600]    14.9375 MB /   0.50 sec =  250.6207 Mbps     0 retrans
[2024-11-04T15:13:10.099564-0600]    14.3750 MB /   0.50 sec =  240.9648 Mbps     0 retrans
[2024-11-04T15:13:10.599074-0600]    13.2500 MB /   0.50 sec =  222.4512 Mbps     0 retrans
[2024-11-04T15:13:11.098965-0600]    13.3125 MB /   0.50 sec =  223.3757 Mbps     0 retrans
[2024-11-04T15:13:11.599009-0600]    15.1250 MB /   0.50 sec =  253.7559 Mbps     0 retrans
[2024-11-04T15:13:12.098992-0600]    13.8750 MB /   0.50 sec =  232.7797 Mbps     0 retrans
[2024-11-04T15:13:12.599027-0600]    10.6875 MB /   0.50 sec =  179.2914 Mbps     0 retrans
[2024-11-04T15:13:13.098980-0600]    11.8125 MB /   0.50 sec =  198.2011 Mbps     0 retrans
[2024-11-04T15:13:13.599022-0600]    10.9375 MB /   0.50 sec =  183.4825 Mbps     0 retrans
[2024-11-04T15:13:14.098931-0600]    12.0625 MB /   0.50 sec =  202.3974 Mbps     0 retrans
[2024-11-04T15:13:14.599521-0600]    12.0000 MB /   0.50 sec =  201.1170 Mbps     0 retrans
[2024-11-04T15:13:15.098985-0600]     7.5000 MB /   0.50 sec =  125.9576 Mbps     0 retrans
[2024-11-04T15:13:15.598973-0600]    13.1250 MB /   0.50 sec =  220.2018 Mbps     0 retrans
[2024-11-04T15:13:16.099103-0600]    14.1250 MB /   0.50 sec =  236.9933 Mbps     0 retrans
[2024-11-04T15:13:16.599093-0600]    13.8750 MB /   0.50 sec =  232.7345 Mbps     0 retrans
[2024-11-04T15:13:17.098944-0600]    13.5625 MB /   0.50 sec =  227.5797 Mbps     0 retrans
[2024-11-04T15:13:17.599012-0600]    12.8125 MB /   0.50 sec =  214.9516 Mbps     0 retrans
[2024-11-04T15:13:18.099042-0600]    12.3750 MB /   0.50 sec =  207.5952 Mbps     0 retrans
[2024-11-04T15:13:18.598972-0600]    14.5000 MB /   0.50 sec =  243.3013 Mbps     0 retrans
End time: 1730754798751
