Start time: 1745081022617
Connecting to host 34.86.116.81, port 5203
Reverse mode, remote host 34.86.116.81 is sending
[  5] local 192.0.0.2 port 39520 connected to 34.86.116.81 port 5203
[ ID] Interval           Transfer     Bitrate
[  5]   0.00-0.10   sec  50.6 KBytes  4.14 Mbits/sec                  
[  5]   0.10-0.20   sec   213 KBytes  17.5 Mbits/sec                  
[  5]   0.20-0.30   sec   369 KBytes  30.2 Mbits/sec                  
[  5]   0.30-0.40   sec   983 KBytes  80.6 Mbits/sec                  
[  5]   0.40-0.50   sec   723 KBytes  59.2 Mbits/sec                  
[  5]   0.50-0.60   sec  2.95 MBytes   248 Mbits/sec                  
[  5]   0.60-0.70   sec  2.83 MBytes   237 Mbits/sec                  
[  5]   0.70-0.80   sec  5.08 MBytes   426 Mbits/sec                  
[  5]   0.80-0.90   sec  3.70 MBytes   311 Mbits/sec                  
[  5]   0.90-1.00   sec  5.52 MBytes   463 Mbits/sec                  
[  5]   1.00-1.10   sec  4.56 MBytes   383 Mbits/sec                  
[  5]   1.10-1.20   sec  4.01 MBytes   336 Mbits/sec                  
[  5]   1.20-1.30   sec  4.12 MBytes   345 Mbits/sec                  
[  5]   1.30-1.40   sec  4.52 MBytes   379 Mbits/sec                  
[  5]   1.40-1.50   sec  5.57 MBytes   467 Mbits/sec                  
[  5]   1.50-1.60   sec  4.50 MBytes   378 Mbits/sec                  
[  5]   1.60-1.70   sec  5.09 MBytes   427 Mbits/sec                  
[  5]   1.70-1.80   sec  5.34 MBytes   448 Mbits/sec                  
[  5]   1.80-1.90   sec  4.88 MBytes   410 Mbits/sec                  
[  5]   1.90-2.00   sec  5.46 MBytes   458 Mbits/sec                  
[  5]   2.00-2.10   sec  6.78 MBytes   569 Mbits/sec                  
[  5]   2.10-2.20   sec  4.70 MBytes   394 Mbits/sec                  
[  5]   2.20-2.30   sec  4.54 MBytes   381 Mbits/sec                  
[  5]   2.30-2.40   sec  5.74 MBytes   482 Mbits/sec                  
[  5]   2.40-2.50   sec  6.73 MBytes   565 Mbits/sec                  
[  5]   2.50-2.60   sec  6.55 MBytes   549 Mbits/sec                  
[  5]   2.60-2.70   sec  4.44 MBytes   372 Mbits/sec                  
[  5]   2.70-2.80   sec  4.28 MBytes   359 Mbits/sec                  
[  5]   2.80-2.90   sec  4.78 MBytes   401 Mbits/sec                  
[  5]   2.90-3.00   sec  5.76 MBytes   483 Mbits/sec                  
[  5]   3.00-3.10   sec  6.95 MBytes   583 Mbits/sec                  
[  5]   3.10-3.20   sec  5.65 MBytes   474 Mbits/sec                  
[  5]   3.20-3.30   sec  4.55 MBytes   382 Mbits/sec                  
[  5]   3.30-3.40   sec  6.43 MBytes   539 Mbits/sec                  
[  5]   3.40-3.50   sec  6.37 MBytes   535 Mbits/sec                  
[  5]   3.50-3.60   sec  6.86 MBytes   575 Mbits/sec                  
[  5]   3.60-3.70   sec  6.44 MBytes   540 Mbits/sec                  
[  5]   3.70-3.80   sec  5.08 MBytes   426 Mbits/sec                  
[  5]   3.80-3.90   sec  6.70 MBytes   562 Mbits/sec                  
[  5]   3.90-4.00   sec  4.98 MBytes   418 Mbits/sec                  
[  5]   4.00-4.10   sec  5.60 MBytes   470 Mbits/sec                  
[  5]   4.10-4.20   sec  4.79 MBytes   402 Mbits/sec                  
[  5]   4.20-4.30   sec  4.74 MBytes   397 Mbits/sec                  
[  5]   4.30-4.40   sec  3.50 MBytes   294 Mbits/sec                  
[  5]   4.40-4.50   sec  3.98 MBytes   334 Mbits/sec                  
[  5]   4.50-4.60   sec  5.59 MBytes   469 Mbits/sec                  
[  5]   4.60-4.70   sec  5.36 MBytes   450 Mbits/sec                  
[  5]   4.70-4.80   sec  6.61 MBytes   554 Mbits/sec                  
[  5]   4.80-4.90   sec  6.07 MBytes   509 Mbits/sec                  
[  5]   4.90-5.00   sec  6.00 MBytes   503 Mbits/sec                  
- - - - - - - - - - - - - - - - - - - - - - - - -
[ ID] Interval           Transfer     Bitrate         Retr
[  5]   0.00-5.04   sec   519 MBytes   864 Mbits/sec    0             sender
[  5]   0.00-5.00   sec   237 MBytes   398 Mbits/sec                  receiver

iperf Done.
End time: 1745081028388
