Start time: 1747689969090
Connecting to host 34.145.166.89, port 5209
Reverse mode, remote host 34.145.166.89 is sending
[  5] local 192.0.0.2 port 50874 connected to 34.145.166.89 port 5209
[ ID] Interval           Transfer     Bitrate
[  5]   0.00-0.10   sec  98.6 KBytes  8.07 Mbits/sec                  
[  5]   0.10-0.20   sec   152 KBytes  12.4 Mbits/sec                  
[  5]   0.20-0.30   sec   160 KBytes  13.1 Mbits/sec                  
[  5]   0.30-0.40   sec   169 KBytes  13.9 Mbits/sec                  
[  5]   0.40-0.50   sec   218 KBytes  17.9 Mbits/sec                  
[  5]   0.50-0.60   sec   226 KBytes  18.6 Mbits/sec                  
[  5]   0.60-0.70   sec   258 KBytes  21.2 Mbits/sec                  
[  5]   0.70-0.80   sec   325 KBytes  26.6 Mbits/sec                  
[  5]   0.80-0.90   sec   297 KBytes  24.3 Mbits/sec                  
[  5]   0.90-1.00   sec   270 KBytes  22.2 Mbits/sec                  
[  5]   1.00-1.10   sec   444 KBytes  36.3 Mbits/sec                  
[  5]   1.10-1.20   sec   402 KBytes  32.9 Mbits/sec                  
[  5]   1.20-1.30   sec   496 KBytes  40.7 Mbits/sec                  
[  5]   1.30-1.40   sec   603 KBytes  49.4 Mbits/sec                  
[  5]   1.40-1.50   sec   559 KBytes  45.8 Mbits/sec                  
[  5]   1.50-1.60   sec   782 KBytes  64.1 Mbits/sec                  
[  5]   1.60-1.70   sec   747 KBytes  61.2 Mbits/sec                  
[  5]   1.70-1.80   sec   847 KBytes  69.4 Mbits/sec                  
[  5]   1.80-1.90   sec  1.10 MBytes  92.0 Mbits/sec                  
[  5]   1.90-2.00   sec   867 KBytes  70.9 Mbits/sec                  
[  5]   2.00-2.10   sec  1.08 MBytes  90.4 Mbits/sec                  
[  5]   2.10-2.20   sec  1.18 MBytes  99.1 Mbits/sec                  
[  5]   2.20-2.30   sec  1.08 MBytes  90.6 Mbits/sec                  
[  5]   2.30-2.40   sec  1.03 MBytes  86.3 Mbits/sec                  
[  5]   2.40-2.50   sec  1.31 MBytes   110 Mbits/sec                  
[  5]   2.50-2.60   sec  1.58 MBytes   132 Mbits/sec                  
[  5]   2.60-2.70   sec  1.33 MBytes   112 Mbits/sec                  
[  5]   2.70-2.80   sec  1.14 MBytes  95.5 Mbits/sec                  
[  5]   2.80-2.90   sec  1.23 MBytes   103 Mbits/sec                  
[  5]   2.90-3.00   sec  1.92 MBytes   161 Mbits/sec                  
[  5]   3.00-3.10   sec  1.89 MBytes   159 Mbits/sec                  
[  5]   3.10-3.20   sec  2.66 MBytes   223 Mbits/sec                  
[  5]   3.20-3.30   sec  2.63 MBytes   221 Mbits/sec                  
[  5]   3.30-3.40   sec  2.98 MBytes   250 Mbits/sec                  
[  5]   3.40-3.50   sec  3.13 MBytes   263 Mbits/sec                  
[  5]   3.50-3.60   sec  2.97 MBytes   249 Mbits/sec                  
[  5]   3.60-3.70   sec  2.68 MBytes   225 Mbits/sec                  
[  5]   3.70-3.80   sec  3.91 MBytes   328 Mbits/sec                  
[  5]   3.80-3.90   sec  3.61 MBytes   302 Mbits/sec                  
[  5]   3.90-4.00   sec  3.79 MBytes   318 Mbits/sec                  
[  5]   4.00-4.10   sec  4.78 MBytes   401 Mbits/sec                  
[  5]   4.10-4.20   sec  5.24 MBytes   440 Mbits/sec                  
[  5]   4.20-4.30   sec  4.17 MBytes   349 Mbits/sec                  
[  5]   4.30-4.40   sec  5.63 MBytes   474 Mbits/sec                  
[  5]   4.40-4.50   sec  4.55 MBytes   382 Mbits/sec                  
[  5]   4.50-4.60   sec  4.41 MBytes   370 Mbits/sec                  
[  5]   4.60-4.70   sec  4.64 MBytes   389 Mbits/sec                  
[  5]   4.70-4.80   sec  4.85 MBytes   406 Mbits/sec                  
[  5]   4.80-4.90   sec  3.93 MBytes   329 Mbits/sec                  
[  5]   4.90-5.00   sec  3.10 MBytes   260 Mbits/sec                  
- - - - - - - - - - - - - - - - - - - - - - - - -
[ ID] Interval           Transfer     Bitrate         Retr
[  5]   0.00-5.05   sec   101 MBytes   167 Mbits/sec    0             sender
[  5]   0.00-5.00   sec  97.2 MBytes   163 Mbits/sec                  receiver

iperf Done.
End time: 1747689974664
