Start time: 1747684975175
Connecting to host 34.145.166.89, port 5209
Reverse mode, remote host 34.145.166.89 is sending
[  5] local 192.0.0.2 port 58748 connected to 34.145.166.89 port 5209
[ ID] Interval           Transfer     Bitrate
[  5]   0.00-0.10   sec   109 KBytes  8.94 Mbits/sec                  
[  5]   0.10-0.20   sec   322 KBytes  26.4 Mbits/sec                  
[  5]   0.20-0.30   sec   289 KBytes  23.7 Mbits/sec                  
[  5]   0.30-0.40   sec   470 KBytes  38.5 Mbits/sec                  
[  5]   0.40-0.50   sec   606 KBytes  49.7 Mbits/sec                  
[  5]   0.50-0.60   sec   537 KBytes  44.0 Mbits/sec                  
[  5]   0.60-0.70   sec   777 KBytes  63.7 Mbits/sec                  
[  5]   0.70-0.80   sec   730 KBytes  59.8 Mbits/sec                  
[  5]   0.80-0.90   sec   845 KBytes  69.2 Mbits/sec                  
[  5]   0.90-1.00   sec   915 KBytes  75.0 Mbits/sec                  
[  5]   1.00-1.10   sec   733 KBytes  60.0 Mbits/sec                  
[  5]   1.10-1.20   sec  1.17 MBytes  98.3 Mbits/sec                  
[  5]   1.20-1.30   sec   946 KBytes  77.4 Mbits/sec                  
[  5]   1.30-1.40   sec  1.29 MBytes   108 Mbits/sec                  
[  5]   1.40-1.50   sec  1.49 MBytes   125 Mbits/sec                  
[  5]   1.50-1.60   sec  1.62 MBytes   136 Mbits/sec                  
[  5]   1.60-1.70   sec  1.05 MBytes  88.2 Mbits/sec                  
[  5]   1.70-1.80   sec  1.56 MBytes   131 Mbits/sec                  
[  5]   1.80-1.90   sec  1.68 MBytes   141 Mbits/sec                  
[  5]   1.90-2.00   sec  2.20 MBytes   184 Mbits/sec                  
[  5]   2.00-2.10   sec  2.01 MBytes   169 Mbits/sec                  
[  5]   2.10-2.20   sec  1.85 MBytes   155 Mbits/sec                  
[  5]   2.20-2.30   sec  2.14 MBytes   179 Mbits/sec                  
[  5]   2.30-2.40   sec  2.81 MBytes   236 Mbits/sec                  
[  5]   2.40-2.50   sec  2.65 MBytes   222 Mbits/sec                  
[  5]   2.50-2.60   sec  2.62 MBytes   220 Mbits/sec                  
[  5]   2.60-2.70   sec  2.90 MBytes   243 Mbits/sec                  
[  5]   2.70-2.80   sec  2.78 MBytes   234 Mbits/sec                  
[  5]   2.80-2.90   sec  3.86 MBytes   325 Mbits/sec                  
[  5]   2.90-3.00   sec  3.83 MBytes   321 Mbits/sec                  
[  5]   3.00-3.10   sec  3.49 MBytes   293 Mbits/sec                  
[  5]   3.10-3.20   sec  3.15 MBytes   264 Mbits/sec                  
[  5]   3.20-3.30   sec  1.71 MBytes   143 Mbits/sec                  
[  5]   3.30-3.40   sec  1.85 MBytes   155 Mbits/sec                  
[  5]   3.40-3.50   sec  3.18 MBytes   267 Mbits/sec                  
[  5]   3.50-3.60   sec  2.69 MBytes   226 Mbits/sec                  
[  5]   3.60-3.70   sec  2.51 MBytes   210 Mbits/sec                  
[  5]   3.70-3.80   sec  2.02 MBytes   170 Mbits/sec                  
[  5]   3.80-3.90   sec  1.63 MBytes   137 Mbits/sec                  
[  5]   3.90-4.00   sec  28.0 KBytes  2.29 Mbits/sec                  
[  5]   4.00-4.10   sec  0.00 Bytes  0.00 bits/sec                  
[  5]   4.10-4.20   sec  3.71 MBytes   312 Mbits/sec                  
[  5]   4.20-4.30   sec  1.89 MBytes   158 Mbits/sec                  
[  5]   4.30-4.40   sec  2.74 MBytes   229 Mbits/sec                  
[  5]   4.40-4.50   sec  4.61 MBytes   388 Mbits/sec                  
[  5]   4.50-4.60   sec  4.29 MBytes   360 Mbits/sec                  
[  5]   4.60-4.70   sec  4.08 MBytes   342 Mbits/sec                  
[  5]   4.70-4.80   sec  5.16 MBytes   432 Mbits/sec                  
[  5]   4.80-4.90   sec  4.07 MBytes   343 Mbits/sec                  
[  5]   4.90-5.00   sec  4.70 MBytes   394 Mbits/sec                  
- - - - - - - - - - - - - - - - - - - - - - - - -
[ ID] Interval           Transfer     Bitrate         Retr
[  5]   0.00-5.03   sec   108 MBytes   180 Mbits/sec    2             sender
[  5]   0.00-5.00   sec   104 MBytes   175 Mbits/sec                  receiver

iperf Done.
End time: 1747684980677
