Start time: 1730500114368
[2024-11-01T15:28:39.480179-0700] traceroute to 54.176.53.206 (54.176.53.206), 30 hops max, 60 byte packets
[2024-11-01T15:28:39.481422-0700]  1  * * *
[2024-11-01T15:28:39.481564-0700]  2  * * *
[2024-11-01T15:28:39.481681-0700]  3  * * *
[2024-11-01T15:28:39.481791-0700]  4  * * *
[2024-11-01T15:28:39.481899-0700]  5  * * *
[2024-11-01T15:28:44.488805-0700]  6  * * *
[2024-11-01T15:28:44.496398-0700]  7  * * *
[2024-11-01T15:28:44.496747-0700]  8  * * *
[2024-11-01T15:28:44.500594-0700]  9  * * *
[2024-11-01T15:28:44.500698-0700] 10  * * *
[2024-11-01T15:28:49.498314-0700] 11  * * *
[2024-11-01T15:28:49.505933-0700] 12  * * *
[2024-11-01T15:28:49.506214-0700] 13  * * *
[2024-11-01T15:28:49.506323-0700] 14  * * *
[2024-11-01T15:28:49.506463-0700] 15  * * *
[2024-11-01T15:28:54.505818-0700] 16  * * *
[2024-11-01T15:28:54.510961-0700] 17  * * *
[2024-11-01T15:28:54.511271-0700] 18  * * *
[2024-11-01T15:28:54.517080-0700] 19  * * *
[2024-11-01T15:28:54.517210-0700] 20  * * *
[2024-11-01T15:28:54.524345-0700] 21  * * *
[2024-11-01T15:28:59.514133-0700] 22  * * *
[2024-11-01T15:28:59.519684-0700] 23  * * *
[2024-11-01T15:28:59.524795-0700] 24  * * *
[2024-11-01T15:28:59.524913-0700] 25  * * *
[2024-11-01T15:28:59.527818-0700] 26  * * *
[2024-11-01T15:29:04.470922-0700] 27  * *End time: 1730500144530
