Start time: 1731017362517
[2024-11-07T17:09:23.344045-0500] nuttcp-r: v8.1.4: socket
[2024-11-07T17:09:23.344713-0500] nuttcp-r: buflen=65536, nstream=1, port=5379 tcp
[2024-11-07T17:09:23.344770-0500] nuttcp-r: interval reporting every 0.50 seconds
[2024-11-07T17:09:23.344802-0500] nuttcp-r: connect to 54.197.223.49 with RTT=41.636 ms af=inet
[2024-11-07T17:09:23.344832-0500] nuttcp-r: send window size = 2097152, receive window size = 6291456
[2024-11-07T17:09:23.344859-0500] nuttcp-r: available send window = 1572864, available receive window = 4718592
[2024-11-07T17:09:23.344886-0500]     1.6875 MB /   0.50 sec =   28.3072 Mbps     0 retrans     13 KB-cwnd
[2024-11-07T17:09:23.843949-0500]     8.8125 MB /   0.50 sec =  147.8599 Mbps     0 retrans     13 KB-cwnd
[2024-11-07T17:09:24.344111-0500]    10.1250 MB /   0.50 sec =  169.8652 Mbps     0 retrans     13 KB-cwnd
[2024-11-07T17:09:24.844231-0500]    18.5625 MB /   0.50 sec =  311.3679 Mbps     0 retrans     13 KB-cwnd
[2024-11-07T17:09:25.344161-0500]    23.0000 MB /   0.50 sec =  385.8659 Mbps     0 retrans     13 KB-cwnd
[2024-11-07T17:09:25.843960-0500]    28.7500 MB /   0.50 sec =  482.4028 Mbps     0 retrans     23 KB-cwnd
[2024-11-07T17:09:26.343759-0500]    12.0000 MB /   0.50 sec =  201.3004 Mbps     0 retrans     23 KB-cwnd
[2024-11-07T17:09:26.843658-0500]    30.8750 MB /   0.50 sec =  518.1178 Mbps     0 retrans     26 KB-cwnd
[2024-11-07T17:09:27.343843-0500]    25.1250 MB /   0.50 sec =  421.3674 Mbps     0 retrans     26 KB-cwnd
[2024-11-07T17:09:27.843897-0500]    36.7500 MB /   0.50 sec =  616.8082 Mbps     0 retrans     31 KB-cwnd
[2024-11-07T17:09:28.344061-0500]    38.6875 MB /   0.50 sec =  649.0179 Mbps     0 retrans     37 KB-cwnd
[2024-11-07T17:09:28.844713-0500]    34.8125 MB /   0.50 sec =  582.8794 Mbps     0 retrans     37 KB-cwnd
[2024-11-07T17:09:29.343665-0500]    37.5000 MB /   0.50 sec =  630.3786 Mbps     0 retrans     39 KB-cwnd
[2024-11-07T17:09:29.843655-0500]    39.0625 MB /   0.50 sec =  655.4308 Mbps     0 retrans     53 KB-cwnd
[2024-11-07T17:09:30.343759-0500]    40.4375 MB /   0.50 sec =  678.4070 Mbps     0 retrans     62 KB-cwnd
[2024-11-07T17:09:30.843645-0500]    36.3750 MB /   0.50 sec =  610.2749 Mbps     4 retrans   8285 KB-cwnd
[2024-11-07T17:09:31.343642-0500]    35.2500 MB /   0.50 sec =  591.4170 Mbps     0 retrans   8285 KB-cwnd
[2024-11-07T17:09:31.843775-0500]    40.4375 MB /   0.50 sec =  678.4232 Mbps     0 retrans   8237 KB-cwnd
[2024-11-07T17:09:32.343649-0500]    36.3750 MB /   0.50 sec =  610.2725 Mbps     0 retrans   8112 KB-cwnd
[2024-11-07T17:09:32.844606-0500]    32.0625 MB /   0.50 sec =  536.8897 Mbps     0 retrans   8160 KB-cwnd
[2024-11-07T17:09:33.343746-0500]    36.6875 MB /   0.50 sec =  616.6809 Mbps     1 retrans  11737 KB-cwnd
[2024-11-07T17:09:33.843662-0500]    16.9375 MB /   0.50 sec =  284.1578 Mbps     0 retrans  11737 KB-cwnd
[2024-11-07T17:09:34.343774-0500]    35.1875 MB /   0.50 sec =  590.3577 Mbps     0 retrans   9377 KB-cwnd
[2024-11-07T17:09:34.843620-0500]    36.6875 MB /   0.50 sec =  615.5375 Mbps     0 retrans   9097 KB-cwnd
[2024-11-07T17:09:35.343640-0500]    39.8125 MB /   0.50 sec =  667.9296 Mbps     0 retrans   9097 KB-cwnd
[2024-11-07T17:09:35.843965-0500]    35.8125 MB /   0.50 sec =  600.7535 Mbps     0 retrans   9334 KB-cwnd
[2024-11-07T17:09:36.343614-0500]    37.1250 MB /   0.50 sec =  622.9538 Mbps     0 retrans   8802 KB-cwnd
[2024-11-07T17:09:36.843677-0500]    33.3125 MB /   0.50 sec =  558.8720 Mbps     0 retrans   8802 KB-cwnd
[2024-11-07T17:09:37.343670-0500]    33.2500 MB /   0.50 sec =  557.7956 Mbps     0 retrans  11386 KB-cwnd
[2024-11-07T17:09:37.843676-0500]    36.9375 MB /   0.50 sec =  619.7456 Mbps     0 retrans  11386 KB-cwnd
[2024-11-07T17:09:38.343633-0500]    38.5625 MB /   0.50 sec =  646.9779 Mbps     0 retrans   9865 KB-cwnd
[2024-11-07T17:09:38.843792-0500]    28.2500 MB /   0.50 sec =  473.9905 Mbps     0 retrans   9865 KB-cwnd
[2024-11-07T17:09:39.344016-0500]    27.8125 MB /   0.50 sec =  466.2657 Mbps     0 retrans   9833 KB-cwnd
[2024-11-07T17:09:39.843680-0500]    28.1875 MB /   0.50 sec =  473.2305 Mbps     0 retrans   9833 KB-cwnd
[2024-11-07T17:09:40.343702-0500]    25.3750 MB /   0.50 sec =  425.6946 Mbps     0 retrans   8306 KB-cwnd
[2024-11-07T17:09:40.843669-0500]    25.7500 MB /   0.50 sec =  432.0470 Mbps     0 retrans   8306 KB-cwnd
[2024-11-07T17:09:41.343667-0500]    30.9375 MB /   0.50 sec =  519.0545 Mbps     1 retrans  10283 KB-cwnd
[2024-11-07T17:09:41.843643-0500]    35.5625 MB /   0.50 sec =  596.6374 Mbps     0 retrans  10283 KB-cwnd
[2024-11-07T17:09:42.343627-0500]    34.0000 MB /   0.50 sec =  570.4379 Mbps     0 retrans   8242 KB-cwnd
[2024-11-07T17:09:42.843700-0500]    27.3125 MB /   0.50 sec =  458.1892 Mbps     0 retrans   8242 KB-cwnd
[2024-11-07T17:09:43.343791-0500]    34.6250 MB /   0.50 sec =  580.9983 Mbps     2 retrans   9521 KB-cwnd
[2024-11-07T17:09:43.845033-0500]    22.3125 MB /   0.50 sec =  373.4916 Mbps     0 retrans   9521 KB-cwnd
[2024-11-07T17:09:44.343626-0500]    35.3750 MB /   0.50 sec =  594.7477 Mbps     0 retrans  10962 KB-cwnd
[2024-11-07T17:09:44.843672-0500]    47.5000 MB /   0.50 sec =  796.9847 Mbps     1 retrans  11578 KB-cwnd
[2024-11-07T17:09:45.343759-0500]    35.5000 MB /   0.50 sec =  595.4721 Mbps     0 retrans  11578 KB-cwnd
[2024-11-07T17:09:45.843709-0500]    34.8750 MB /   0.50 sec =  585.1335 Mbps     0 retrans  11873 KB-cwnd
[2024-11-07T17:09:46.343638-0500]    40.5625 MB /   0.50 sec =  680.6252 Mbps     0 retrans  15720 KB-cwnd
[2024-11-07T17:09:46.843669-0500]    39.0000 MB /   0.50 sec =  654.3062 Mbps     0 retrans  15720 KB-cwnd
[2024-11-07T17:09:47.343678-0500]    30.3750 MB /   0.50 sec =  509.5448 Mbps     1 retrans  14449 KB-cwnd
[2024-11-07T17:09:47.843792-0500]    38.1250 MB /   0.50 sec =  639.7222 Mbps     0 retrans  12310 KB-cwnd
[2024-11-07T17:09:48.343637-0500]    40.0000 MB /   0.50 sec =  671.0927 Mbps     0 retrans  13245 KB-cwnd
[2024-11-07T17:09:48.843868-0500]    38.1875 MB /   0.50 sec =  640.6671 Mbps     1 retrans  13245 KB-cwnd
[2024-11-07T17:09:49.343687-0500]    39.8750 MB /   0.50 sec =  668.9299 Mbps     0 retrans  13245 KB-cwnd
[2024-11-07T17:09:49.844031-0500]    33.2500 MB /   0.50 sec =  557.8525 Mbps     0 retrans  10485 KB-cwnd
[2024-11-07T17:09:50.343620-0500]    36.1875 MB /   0.50 sec =  607.1826 Mbps     0 retrans  10040 KB-cwnd
[2024-11-07T17:09:50.843646-0500]    36.8125 MB /   0.50 sec =  617.6063 Mbps     0 retrans  10040 KB-cwnd
[2024-11-07T17:09:51.343624-0500]    36.2500 MB /   0.50 sec =  608.1741 Mbps     0 retrans   9982 KB-cwnd
[2024-11-07T17:09:51.843682-0500]    29.5000 MB /   0.50 sec =  494.9031 Mbps     0 retrans   9982 KB-cwnd
[2024-11-07T17:09:52.343667-0500]    29.2500 MB /   0.50 sec =  490.7453 Mbps     0 retrans   9089 KB-cwnd
[2024-11-07T17:09:52.843699-0500]    28.6875 MB /   0.50 sec =  481.3493 Mbps     0 retrans   9089 KB-cwnd
[2024-11-07T17:09:53.343733-0500]    18.4375 MB /   0.50 sec =  309.3058 Mbps     0 retrans   9585 KB-cwnd
[2024-11-07T17:09:53.843644-0500]    22.9375 MB /   0.50 sec =  384.8182 Mbps     0 retrans   9585 KB-cwnd
[2024-11-07T17:09:54.343651-0500]    10.5000 MB /   0.50 sec =  176.1562 Mbps     0 retrans   9585 KB-cwnd
[2024-11-07T17:09:54.843708-0500]    19.1875 MB /   0.50 sec =  321.8819 Mbps     0 retrans   9585 KB-cwnd
[2024-11-07T17:09:55.343645-0500]    25.2500 MB /   0.50 sec =  423.6832 Mbps     1 retrans   9449 KB-cwnd
[2024-11-07T17:09:55.843802-0500]    18.5000 MB /   0.50 sec =  310.3754 Mbps     0 retrans   9452 KB-cwnd
[2024-11-07T17:09:56.343650-0500]    16.9375 MB /   0.50 sec =  284.1664 Mbps     2 retrans   7835 KB-cwnd
[2024-11-07T17:09:56.843684-0500]    22.0625 MB /   0.50 sec =  370.1429 Mbps     0 retrans   7835 KB-cwnd
[2024-11-07T17:09:57.343606-0500]    28.1875 MB /   0.50 sec =  472.9248 Mbps     0 retrans   7835 KB-cwnd
[2024-11-07T17:09:57.843529-0500]    29.8125 MB /   0.50 sec =  500.1988 Mbps     2 retrans   6383 KB-cwnd
[2024-11-07T17:09:58.343773-0500]    32.0625 MB /   0.50 sec =  537.7324 Mbps     0 retrans   5514 KB-cwnd
[2024-11-07T17:09:58.843747-0500]    37.1875 MB /   0.50 sec =  624.0650 Mbps     1 retrans   6135 KB-cwnd
[2024-11-07T17:09:59.343761-0500]    19.9375 MB /   0.50 sec =  334.4202 Mbps     0 retrans   6135 KB-cwnd
[2024-11-07T17:09:59.843766-0500]    15.5000 MB /   0.50 sec =  260.0957 Mbps     0 retrans   8647 KB-cwnd
[2024-11-07T17:10:00.343632-0500]    27.5625 MB /   0.50 sec =  462.4451 Mbps     0 retrans   8596 KB-cwnd
[2024-11-07T17:10:00.843656-0500]    26.2500 MB /   0.50 sec =  440.3940 Mbps     0 retrans   9867 KB-cwnd
[2024-11-07T17:10:01.343874-0500]    18.3750 MB /   0.50 sec =  308.2160 Mbps     0 retrans  10323 KB-cwnd
[2024-11-07T17:10:01.843649-0500]    18.5000 MB /   0.50 sec =  310.4431 Mbps     0 retrans  10323 KB-cwnd
[2024-11-07T17:10:02.343914-0500]    13.8750 MB /   0.50 sec =  232.6778 Mbps     0 retrans  10323 KB-cwnd
[2024-11-07T17:10:02.843965-0500]     4.0000 MB /   0.50 sec =   67.1102 Mbps     2 retrans   9452 KB-cwnd
[2024-11-07T17:10:03.344699-0500]    11.9375 MB /   0.50 sec =  199.9621 Mbps     0 retrans   9452 KB-cwnd
[2024-11-07T17:10:03.843630-0500]    19.4375 MB /   0.50 sec =  326.7711 Mbps     0 retrans   9452 KB-cwnd
[2024-11-07T17:10:04.343666-0500]    18.1250 MB /   0.50 sec =  304.0676 Mbps     0 retrans   9452 KB-cwnd
[2024-11-07T17:10:04.843673-0500]    17.1250 MB /   0.50 sec =  287.3236 Mbps     2 retrans   8873 KB-cwnd
[2024-11-07T17:10:05.344017-0500]     8.2500 MB /   0.50 sec =  138.3398 Mbps     0 retrans   8873 KB-cwnd
[2024-11-07T17:10:05.844090-0500]    13.8750 MB /   0.50 sec =  232.7066 Mbps     0 retrans   8873 KB-cwnd
[2024-11-07T17:10:06.344734-0500]    12.5625 MB /   0.50 sec =  210.5023 Mbps     0 retrans   8873 KB-cwnd
[2024-11-07T17:10:06.843941-0500]     2.6250 MB /   0.50 sec =   44.1218 Mbps     0 retrans   8873 KB-cwnd
[2024-11-07T17:10:07.344675-0500]     4.1875 MB /   0.50 sec =   70.1320 Mbps     0 retrans   8873 KB-cwnd
[2024-11-07T17:10:07.844997-0500]    11.8750 MB /   0.50 sec =  199.1665 Mbps     8 retrans   7017 KB-cwnd
[2024-11-07T17:10:08.343684-0500]     6.4375 MB /   0.50 sec =  108.2393 Mbps     0 retrans   7017 KB-cwnd
[2024-11-07T17:10:08.843700-0500]     4.2500 MB /   0.50 sec =   71.3094 Mbps     0 retrans   7017 KB-cwnd
[2024-11-07T17:10:09.343658-0500]     9.4375 MB /   0.50 sec =  158.3413 Mbps     0 retrans   7017 KB-cwnd
[2024-11-07T17:10:09.844578-0500]     5.1250 MB /   0.50 sec =   85.8274 Mbps     0 retrans   7017 KB-cwnd
[2024-11-07T17:10:10.344643-0500]     0.0000 MB /   0.50 sec =    0.0000 Mbps     0 retrans   7017 KB-cwnd
[2024-11-07T17:10:10.843699-0500]     0.7500 MB /   0.50 sec =   12.6068 Mbps     0 retrans   7017 KB-cwnd
[2024-11-07T17:10:11.344060-0500]     0.0000 MB /   0.50 sec =    0.0000 Mbps     0 retrans   7017 KB-cwnd
[2024-11-07T17:10:11.843645-0500]     0.0000 MB /   0.50 sec =    0.0000 Mbps     0 retrans   7017 KB-cwnd
[2024-11-07T17:10:12.344995-0500]     3.8125 MB /   0.50 sec =   63.8148 Mbps     0 retrans   7017 KB-cwnd
[2024-11-07T17:10:12.843711-0500]    10.5625 MB /   0.50 sec =  177.6378 Mbps     0 retrans   7017 KB-cwnd
[2024-11-07T17:10:13.343704-0500]     7.5000 MB /   0.50 sec =  125.8118 Mbps     0 retrans   7017 KB-cwnd
[2024-11-07T17:10:13.843601-0500]     7.3125 MB /   0.50 sec =  122.7055 Mbps     0 retrans   6955 KB-cwnd
[2024-11-07T17:10:14.343812-0500]     0.1875 MB /   0.50 sec =    3.1446 Mbps     0 retrans   6955 KB-cwnd
[2024-11-07T17:10:14.844866-0500]     0.0000 MB /   0.50 sec =    0.0000 Mbps     0 retrans   6955 KB-cwnd
[2024-11-07T17:10:15.344694-0500]     0.1250 MB /   0.50 sec =    2.0978 Mbps     0 retrans   6955 KB-cwnd
[2024-11-07T17:10:15.843669-0500]     0.3125 MB /   0.50 sec =    5.2531 Mbps     0 retrans   6955 KB-cwnd
[2024-11-07T17:10:16.343669-0500]     0.0000 MB /   0.50 sec =    0.0000 Mbps     0 retrans   6955 KB-cwnd
[2024-11-07T17:10:16.844831-0500]     0.0000 MB /   0.50 sec =    0.0000 Mbps     0 retrans   6955 KB-cwnd
[2024-11-07T17:10:17.343670-0500]     0.0000 MB /   0.50 sec =    0.0000 Mbps     0 retrans   6955 KB-cwnd
[2024-11-07T17:10:17.843670-0500]     0.0625 MB /   0.50 sec =    1.0486 Mbps     0 retrans   6955 KB-cwnd
[2024-11-07T17:10:18.343689-0500]     0.0625 MB /   0.50 sec =    1.0486 Mbps     0 retrans   6955 KB-cwnd
[2024-11-07T17:10:18.843809-0500]     9.3750 MB /   0.50 sec =  157.2936 Mbps     3 retrans   5011 KB-cwnd
[2024-11-07T17:10:19.343597-0500]    13.2500 MB /   0.50 sec =  222.3057 Mbps     0 retrans   5011 KB-cwnd
[2024-11-07T17:10:19.843749-0500]    19.1250 MB /   0.50 sec =  320.8835 Mbps     0 retrans   5011 KB-cwnd
[2024-11-07T17:10:20.343606-0500]    20.5625 MB /   0.50 sec =  344.9532 Mbps    10 retrans      5 KB-cwnd
[2024-11-07T17:10:20.843589-0500]    18.5000 MB /   0.50 sec =  310.3915 Mbps     0 retrans      5 KB-cwnd
[2024-11-07T17:10:21.343648-0500]    14.6875 MB /   0.50 sec =  246.3897 Mbps     0 retrans      5 KB-cwnd
[2024-11-07T17:10:21.843612-0500]    16.3750 MB /   0.50 sec =  274.7500 Mbps     0 retrans      5 KB-cwnd
[2024-11-07T17:10:22.343603-0500]    16.9375 MB /   0.50 sec =  284.1584 Mbps  5247 retrans   2605 KB-cwnd
[2024-11-07T17:10:22.844857-0500]     2.3125 MB /   0.50 sec =   38.7086 Mbps     0 retrans   2605 KB-cwnd
[2024-11-07T17:10:23.343597-0500]     5.5000 MB /   0.50 sec =   92.4937 Mbps     0 retrans   2775 KB-cwnd
[2024-11-07T17:10:23.844988-0500]     5.3750 MB /   0.50 sec =   89.9677 Mbps     0 retrans   2775 KB-cwnd
[2024-11-07T17:10:24.343822-0500]     2.1250 MB /   0.50 sec =   35.7205 Mbps     0 retrans   2823 KB-cwnd
[2024-11-07T17:10:24.843970-0500]     8.8750 MB /   0.50 sec =  148.8993 Mbps     0 retrans   2823 KB-cwnd
[2024-11-07T17:10:25.344465-0500]     7.3125 MB /   0.50 sec =  122.6338 Mbps     0 retrans   2823 KB-cwnd
[2024-11-07T17:10:25.844133-0500]    10.3750 MB /   0.50 sec =  174.0232 Mbps     0 retrans   2823 KB-cwnd
[2024-11-07T17:10:26.343710-0500]     9.8125 MB /   0.50 sec =  164.7615 Mbps     0 retrans   5527 KB-cwnd
[2024-11-07T17:10:26.843645-0500]     6.3750 MB /   0.50 sec =  106.9706 Mbps     0 retrans   5527 KB-cwnd
[2024-11-07T17:10:27.343837-0500]    10.0625 MB /   0.50 sec =  168.8096 Mbps     0 retrans   5527 KB-cwnd
[2024-11-07T17:10:27.844107-0500]    12.8125 MB /   0.50 sec =  214.7764 Mbps     0 retrans   5527 KB-cwnd
[2024-11-07T17:10:28.343685-0500]     4.5000 MB /   0.50 sec =   75.5623 Mbps     0 retrans   5527 KB-cwnd
[2024-11-07T17:10:28.843652-0500]     8.8750 MB /   0.50 sec =  148.9046 Mbps     0 retrans   5789 KB-cwnd
[2024-11-07T17:10:29.343607-0500]    11.6250 MB /   0.50 sec =  195.0367 Mbps     0 retrans   5789 KB-cwnd
[2024-11-07T17:10:29.843679-0500]    10.5000 MB /   0.50 sec =  176.1576 Mbps     3 retrans   5264 KB-cwnd
[2024-11-07T17:10:30.343834-0500]     3.5000 MB /   0.50 sec =   58.7163 Mbps     0 retrans   5264 KB-cwnd
[2024-11-07T17:10:30.843683-0500]     5.0000 MB /   0.50 sec =   83.8879 Mbps     0 retrans   5264 KB-cwnd
[2024-11-07T17:10:31.343746-0500]     5.8750 MB /   0.50 sec =   98.5585 Mbps     0 retrans   5264 KB-cwnd
[2024-11-07T17:10:31.843721-0500]     5.9375 MB /   0.50 sec =   99.5984 Mbps     0 retrans   5264 KB-cwnd
[2024-11-07T17:10:32.344022-0500]    14.2500 MB /   0.50 sec =  238.9630 Mbps     0 retrans   5264 KB-cwnd
[2024-11-07T17:10:32.843656-0500]     9.6875 MB /   0.50 sec =  162.6526 Mbps     0 retrans   5264 KB-cwnd
[2024-11-07T17:10:33.343667-0500]     3.1875 MB /   0.50 sec =   53.4750 Mbps     0 retrans   5264 KB-cwnd
[2024-11-07T17:10:33.843722-0500]    12.7500 MB /   0.50 sec =  213.9005 Mbps  3166 retrans   3095 KB-cwnd
[2024-11-07T17:10:34.343827-0500]     9.8125 MB /   0.50 sec =  164.6409 Mbps     0 retrans   3095 KB-cwnd
[2024-11-07T17:10:34.843654-0500]    12.0625 MB /   0.50 sec =  202.3748 Mbps     0 retrans   3095 KB-cwnd
[2024-11-07T17:10:35.343744-0500]    11.3125 MB /   0.50 sec =  189.7911 Mbps     0 retrans   3095 KB-cwnd
[2024-11-07T17:10:35.843734-0500]    11.2500 MB /   0.50 sec =  188.7139 Mbps     5 retrans   4973 KB-cwnd
[2024-11-07T17:10:36.343869-0500]     8.2500 MB /   0.50 sec =  138.3844 Mbps     0 retrans   4973 KB-cwnd
[2024-11-07T17:10:36.844859-0500]     0.0000 MB /   0.50 sec =    0.0000 Mbps     0 retrans   4973 KB-cwnd
[2024-11-07T17:10:37.343696-0500]    19.1875 MB /   0.50 sec =  322.6168 Mbps     0 retrans   4973 KB-cwnd
[2024-11-07T17:10:37.844920-0500]    12.5000 MB /   0.50 sec =  209.2181 Mbps     0 retrans   4973 KB-cwnd
[2024-11-07T17:10:38.344578-0500]     3.8750 MB /   0.50 sec =   65.0514 Mbps     0 retrans   4973 KB-cwnd
[2024-11-07T17:10:38.843684-0500]     8.7500 MB /   0.50 sec =  147.0698 Mbps     0 retrans   4925 KB-cwnd
[2024-11-07T17:10:39.343520-0500]     8.9375 MB /   0.50 sec =  149.9662 Mbps    16 retrans   3926 KB-cwnd
[2024-11-07T17:10:39.843880-0500]     7.0625 MB /   0.50 sec =  118.4370 Mbps     0 retrans   3926 KB-cwnd
[2024-11-07T17:10:40.344645-0500]     7.8750 MB /   0.50 sec =  131.9061 Mbps     0 retrans   3926 KB-cwnd
[2024-11-07T17:10:40.844776-0500]     5.6250 MB /   0.50 sec =   94.3488 Mbps     0 retrans   3926 KB-cwnd
[2024-11-07T17:10:41.344786-0500]     8.9375 MB /   0.50 sec =  149.9779 Mbps     0 retrans   3892 KB-cwnd
[2024-11-07T17:10:41.843738-0500]     8.0625 MB /   0.50 sec =  135.5415 Mbps     0 retrans   3892 KB-cwnd
[2024-11-07T17:10:42.343694-0500]     8.1875 MB /   0.50 sec =  137.3569 Mbps     0 retrans   3892 KB-cwnd
[2024-11-07T17:10:42.843704-0500]     9.8125 MB /   0.50 sec =  164.6133 Mbps     2 retrans   4835 KB-cwnd
[2024-11-07T17:10:43.343634-0500]    11.0000 MB /   0.50 sec =  184.5741 Mbps     0 retrans   4835 KB-cwnd
[2024-11-07T17:10:43.843620-0500]    10.6875 MB /   0.50 sec =  179.3083 Mbps     0 retrans   4835 KB-cwnd
[2024-11-07T17:10:44.343727-0500]    11.6875 MB /   0.50 sec =  196.0496 Mbps     0 retrans   4835 KB-cwnd
[2024-11-07T17:10:44.844755-0500]     4.6250 MB /   0.50 sec =   77.4367 Mbps     0 retrans   4835 KB-cwnd
[2024-11-07T17:10:45.343625-0500]    18.6875 MB /   0.50 sec =  314.2168 Mbps    12 retrans   4619 KB-cwnd
[2024-11-07T17:10:45.844930-0500]     7.5625 MB /   0.50 sec =  126.5883 Mbps     0 retrans   4619 KB-cwnd
[2024-11-07T17:10:46.343835-0500]     6.6250 MB /   0.50 sec =  111.3789 Mbps     0 retrans   4619 KB-cwnd
[2024-11-07T17:10:46.844199-0500]     9.1875 MB /   0.50 sec =  154.0252 Mbps     0 retrans   4619 KB-cwnd
[2024-11-07T17:10:47.343657-0500]    10.8750 MB /   0.50 sec =  182.6232 Mbps     0 retrans   4619 KB-cwnd
[2024-11-07T17:10:47.844114-0500]     3.6250 MB /   0.50 sec =   60.7854 Mbps     0 retrans   4619 KB-cwnd
[2024-11-07T17:10:48.343965-0500]     5.9375 MB /   0.50 sec =   99.6008 Mbps     0 retrans   4619 KB-cwnd
[2024-11-07T17:10:48.843626-0500]     9.4375 MB /   0.50 sec =  158.4446 Mbps     0 retrans   4619 KB-cwnd
[2024-11-07T17:10:49.343680-0500]    12.0000 MB /   0.50 sec =  201.3242 Mbps    10 retrans   3636 KB-cwnd
[2024-11-07T17:10:49.843717-0500]    10.7500 MB /   0.50 sec =  180.3331 Mbps     0 retrans   3636 KB-cwnd
[2024-11-07T17:10:50.343825-0500]    10.1250 MB /   0.50 sec =  169.8411 Mbps     0 retrans   3636 KB-cwnd
[2024-11-07T17:10:50.843672-0500]    12.3125 MB /   0.50 sec =  206.6248 Mbps     0 retrans   3636 KB-cwnd
[2024-11-07T17:10:51.343645-0500]    10.8125 MB /   0.50 sec =  181.4091 Mbps     0 retrans   3636 KB-cwnd
[2024-11-07T17:10:51.844135-0500]    14.6250 MB /   0.50 sec =  245.1368 Mbps     2 retrans   4720 KB-cwnd
[2024-11-07T17:10:52.343958-0500]    12.3125 MB /   0.50 sec =  206.6261 Mbps     0 retrans   4720 KB-cwnd
[2024-11-07T17:10:52.843991-0500]    12.6875 MB /   0.50 sec =  212.9840 Mbps     0 retrans   4720 KB-cwnd
[2024-11-07T17:10:53.343932-0500]    12.4375 MB /   0.50 sec =  208.6195 Mbps     0 retrans   4720 KB-cwnd
[2024-11-07T17:10:53.844763-0500]    12.8125 MB /   0.50 sec =  214.5620 Mbps    11 retrans   4225 KB-cwnd
[2024-11-07T17:10:54.344161-0500]     9.8750 MB /   0.50 sec =  165.9950 Mbps     0 retrans   4385 KB-cwnd
[2024-11-07T17:10:54.843868-0500]    13.8750 MB /   0.50 sec =  232.7490 Mbps     0 retrans   4385 KB-cwnd
[2024-11-07T17:10:55.344737-0500]    18.5000 MB /   0.50 sec =  309.8357 Mbps     0 retrans   4385 KB-cwnd
[2024-11-07T17:10:55.843652-0500]    17.6250 MB /   0.50 sec =  296.3272 Mbps     4 retrans   4310 KB-cwnd
[2024-11-07T17:10:56.343660-0500]    17.9375 MB /   0.50 sec =  300.9233 Mbps     0 retrans   4310 KB-cwnd
[2024-11-07T17:10:56.844780-0500]     9.3125 MB /   0.50 sec =  155.9113 Mbps     0 retrans   4310 KB-cwnd
[2024-11-07T17:10:57.344618-0500]    13.6875 MB /   0.50 sec =  229.6804 Mbps     0 retrans   4310 KB-cwnd
[2024-11-07T17:10:57.844767-0500]    15.4375 MB /   0.50 sec =  258.9496 Mbps     2 retrans   6886 KB-cwnd
[2024-11-07T17:10:58.344715-0500]     9.6875 MB /   0.50 sec =  162.5429 Mbps     0 retrans   6886 KB-cwnd
[2024-11-07T17:10:58.844852-0500]    13.0625 MB /   0.50 sec =  219.0976 Mbps     0 retrans   6886 KB-cwnd
[2024-11-07T17:10:59.343659-0500]    16.1250 MB /   0.50 sec =  271.1590 Mbps     0 retrans   6886 KB-cwnd
[2024-11-07T17:10:59.843655-0500]    18.0000 MB /   0.50 sec =  301.9971 Mbps     7 retrans   6423 KB-cwnd
[2024-11-07T17:11:00.343673-0500]    18.0000 MB /   0.50 sec =  301.9718 Mbps     0 retrans   6423 KB-cwnd
[2024-11-07T17:11:00.844882-0500]    10.8750 MB /   0.50 sec =  182.0314 Mbps     0 retrans   6423 KB-cwnd
[2024-11-07T17:11:01.344619-0500]    18.8125 MB /   0.50 sec =  315.7515 Mbps     0 retrans   6423 KB-cwnd
[2024-11-07T17:11:01.844316-0500]     8.8750 MB /   0.50 sec =  149.0925 Mbps     6 retrans   6676 KB-cwnd
[2024-11-07T17:11:02.344729-0500]    12.5000 MB /   0.50 sec =  209.4136 Mbps     0 retrans   5996 KB-cwnd
[2024-11-07T17:11:02.843907-0500]    18.2500 MB /   0.50 sec =  306.6693 Mbps     0 retrans   5996 KB-cwnd
[2024-11-07T17:11:03.343626-0500]    20.1875 MB /   0.50 sec =  338.8656 Mbps     0 retrans   5996 KB-cwnd
[2024-11-07T17:11:03.843663-0500]    17.6250 MB /   0.50 sec =  295.6866 Mbps     1 retrans   7440 KB-cwnd
[2024-11-07T17:11:04.344644-0500]    13.8750 MB /   0.50 sec =  232.3248 Mbps     0 retrans   7440 KB-cwnd
[2024-11-07T17:11:04.843940-0500]    15.1875 MB /   0.50 sec =  255.2062 Mbps     0 retrans   7440 KB-cwnd
[2024-11-07T17:11:05.343848-0500]    18.2500 MB /   0.50 sec =  306.2111 Mbps     6 retrans   7280 KB-cwnd
[2024-11-07T17:11:05.844927-0500]     8.8125 MB /   0.50 sec =  147.5453 Mbps     0 retrans   7280 KB-cwnd
[2024-11-07T17:11:06.344053-0500]    10.3750 MB /   0.50 sec =  174.3866 Mbps     0 retrans   7280 KB-cwnd
[2024-11-07T17:11:06.845081-0500]     8.0625 MB /   0.50 sec =  134.9985 Mbps     0 retrans   7280 KB-cwnd
[2024-11-07T17:11:07.343902-0500]     8.0000 MB /   0.50 sec =  134.5207 Mbps     0 retrans   7280 KB-cwnd
[2024-11-07T17:11:07.843841-0500]    19.2500 MB /   0.50 sec =  322.9466 Mbps     0 retrans   7315 KB-cwnd
[2024-11-07T17:11:08.343610-0500]    20.3750 MB /   0.50 sec =  341.9534 Mbps     2 retrans   7648 KB-cwnd
[2024-11-07T17:11:08.843644-0500]    23.4375 MB /   0.50 sec =  393.2081 Mbps     0 retrans   7648 KB-cwnd
[2024-11-07T17:11:09.343648-0500]    26.3125 MB /   0.50 sec =  441.4549 Mbps     5 retrans   7318 KB-cwnd
[2024-11-07T17:11:09.843642-0500]    28.3750 MB /   0.50 sec =  476.0402 Mbps     0 retrans   7368 KB-cwnd
[2024-11-07T17:11:10.343631-0500]    28.2500 MB /   0.50 sec =  473.9734 Mbps     8 retrans   7134 KB-cwnd
[2024-11-07T17:11:10.843726-0500]    25.2500 MB /   0.50 sec =  423.5561 Mbps     0 retrans   7134 KB-cwnd
[2024-11-07T17:11:11.344600-0500]    11.8125 MB /   0.50 sec =  197.8303 Mbps     0 retrans   7134 KB-cwnd
[2024-11-07T17:11:11.843566-0500]    13.0000 MB /   0.50 sec =  218.5369 Mbps     0 retrans   9281 KB-cwnd
[2024-11-07T17:11:12.343655-0500]    28.6250 MB /   0.50 sec =  480.2065 Mbps     0 retrans   9214 KB-cwnd
[2024-11-07T17:11:12.843640-0500]    32.1875 MB /   0.50 sec =  540.0285 Mbps     0 retrans  11274 KB-cwnd
[2024-11-07T17:11:13.344044-0500]    17.1250 MB /   0.50 sec =  287.1921 Mbps     0 retrans  11274 KB-cwnd
[2024-11-07T17:11:13.843726-0500]    24.0000 MB /   0.50 sec =  402.7506 Mbps     0 retrans  11274 KB-cwnd
[2024-11-07T17:11:14.343633-0500]    16.6250 MB /   0.50 sec =  278.9692 Mbps     5 retrans   9329 KB-cwnd
[2024-11-07T17:11:14.843673-0500]    26.5000 MB /   0.50 sec =  444.5936 Mbps     0 retrans   9348 KB-cwnd
[2024-11-07T17:11:15.343591-0500]    25.7500 MB /   0.50 sec =  432.0280 Mbps     0 retrans   9348 KB-cwnd
[2024-11-07T17:11:15.843762-0500]    14.8750 MB /   0.50 sec =  249.5057 Mbps     1 retrans  10810 KB-cwnd
[2024-11-07T17:11:16.344194-0500]    35.5625 MB /   0.50 sec =  596.2724 Mbps     0 retrans  10810 KB-cwnd
[2024-11-07T17:11:16.845051-0500]    28.4375 MB /   0.50 sec =  476.2116 Mbps     5 retrans   9326 KB-cwnd
[2024-11-07T17:11:17.343672-0500]    27.6250 MB /   0.50 sec =  464.6983 Mbps     0 retrans   9326 KB-cwnd
[2024-11-07T17:11:17.843637-0500]    29.1875 MB /   0.50 sec =  489.6967 Mbps     1 retrans   7672 KB-cwnd
[2024-11-07T17:11:18.343649-0500]    35.9375 MB /   0.50 sec =  602.9348 Mbps     0 retrans   7672 KB-cwnd
[2024-11-07T17:11:18.843671-0500]    37.5625 MB /   0.50 sec =  630.1879 Mbps     1 retrans   8770 KB-cwnd
[2024-11-07T17:11:19.343950-0500]    21.0625 MB /   0.50 sec =  353.1512 Mbps     0 retrans   8770 KB-cwnd
[2024-11-07T17:11:19.843749-0500]    15.9375 MB /   0.50 sec =  267.5469 Mbps     0 retrans   8722 KB-cwnd
[2024-11-07T17:11:20.343596-0500]    33.1250 MB /   0.50 sec =  555.7775 Mbps     0 retrans   8722 KB-cwnd
[2024-11-07T17:11:20.844146-0500]    32.7500 MB /   0.50 sec =  549.4264 Mbps     0 retrans  10661 KB-cwnd
[2024-11-07T17:11:21.344856-0500]    31.5000 MB /   0.50 sec =  527.2107 Mbps     0 retrans  10661 KB-cwnd
[2024-11-07T17:11:21.844102-0500]     7.6875 MB /   0.50 sec =  129.2059 Mbps     1 retrans      5 KB-cwnd
[2024-11-07T17:11:22.344305-0500]    16.2500 MB /   0.50 sec =  272.5431 Mbps     0 retrans      5 KB-cwnd
[2024-11-07T17:11:22.843968-0500]     0.0000 MB /   0.50 sec =    0.0000 Mbps     0 retrans      5 KB-cwnd
[2024-11-07T17:11:23.343619-0500]    28.8750 MB /   0.50 sec =  484.5584 Mbps     0 retrans      5 KB-cwnd
End time: 1731017483648
