Start time: 1731017700311
[2024-11-07T17:15:05.397434-0500] traceroute to 54.197.223.49 (54.197.223.49), 30 hops max, 60 byte packets
[2024-11-07T17:15:05.398098-0500]  1  * * *
[2024-11-07T17:15:05.398140-0500]  2  * * *
[2024-11-07T17:15:05.398169-0500]  3  * * *
[2024-11-07T17:15:05.398196-0500]  4  * * *
[2024-11-07T17:15:05.398222-0500]  5  * * *
[2024-11-07T17:15:10.405153-0500]  6  * * *
[2024-11-07T17:15:10.405543-0500]  7  * * *
[2024-11-07T17:15:10.405673-0500]  8  * * *
[2024-11-07T17:15:10.405809-0500]  9  * * *
[2024-11-07T17:15:10.405916-0500] 10  * * *
[2024-11-07T17:15:15.414180-0500] 11  * * *
[2024-11-07T17:15:15.414622-0500] 12  * * *
[2024-11-07T17:15:15.423226-0500] 13  * * *
[2024-11-07T17:15:15.423385-0500] 14  * * *
[2024-11-07T17:15:15.423502-0500] 15  * * *
[2024-11-07T17:15:20.423018-0500] 16  * * *
[2024-11-07T17:15:20.423479-0500] 17  * * *
[2024-11-07T17:15:20.429719-0500] 18  * * *
[2024-11-07T17:15:20.429881-0500] 19  * * *
[2024-11-07T17:15:20.436085-0500] 20  * * *
[2024-11-07T17:15:20.436261-0500] 21  * * *
[2024-11-07T17:15:25.432002-0500] 22  * * *
[2024-11-07T17:15:25.432540-0500] 23  * * *
[2024-11-07T17:15:25.439853-0500] 24  * * *
[2024-11-07T17:15:25.439997-0500] 25  * * *
[2024-11-07T17:15:25.440274-0500] 26  * * *
[2024-11-07T17:15:30.387313-0500] 27  * *End time: 1731017730452
