Start time: 1731098363222
[2024-11-08T15:39:24.257735-0500] nuttcp-r: v8.1.4: socket
[2024-11-08T15:39:24.258441-0500] nuttcp-r: buflen=65536, nstream=1, port=5379 tcp
[2024-11-08T15:39:24.258495-0500] nuttcp-r: interval reporting every 0.50 seconds
[2024-11-08T15:39:24.258535-0500] nuttcp-r: connect to 54.197.223.49 with RTT=114.854 ms af=inet
[2024-11-08T15:39:24.258574-0500] nuttcp-r: send window size = 2097152, receive window size = 6291456
[2024-11-08T15:39:24.258610-0500] nuttcp-r: available send window = 1572864, available receive window = 4718592
[2024-11-08T15:39:24.258645-0500]     0.0625 MB /   0.50 sec =    1.0483 Mbps     0 retrans     13 KB-cwnd
[2024-11-08T15:39:24.757859-0500]     0.1875 MB /   0.50 sec =    3.1456 Mbps     0 retrans     13 KB-cwnd
[2024-11-08T15:39:25.257700-0500]     0.5000 MB /   0.50 sec =    8.3888 Mbps     0 retrans     13 KB-cwnd
[2024-11-08T15:39:25.757640-0500]     0.7500 MB /   0.50 sec =   12.5851 Mbps     0 retrans     13 KB-cwnd
[2024-11-08T15:39:26.257642-0500]     0.8125 MB /   0.50 sec =   13.6304 Mbps     0 retrans     13 KB-cwnd
[2024-11-08T15:39:26.757679-0500]     0.9375 MB /   0.50 sec =   15.7278 Mbps     0 retrans     13 KB-cwnd
[2024-11-08T15:39:27.257577-0500]     1.0625 MB /   0.50 sec =   17.8280 Mbps     0 retrans     13 KB-cwnd
[2024-11-08T15:39:27.757579-0500]     1.2500 MB /   0.50 sec =   20.9725 Mbps     0 retrans     13 KB-cwnd
[2024-11-08T15:39:28.257526-0500]     1.5000 MB /   0.50 sec =   25.1652 Mbps     0 retrans     13 KB-cwnd
[2024-11-08T15:39:28.757501-0500]     1.6875 MB /   0.50 sec =   28.3123 Mbps     0 retrans     13 KB-cwnd
[2024-11-08T15:39:29.257775-0500]     1.9375 MB /   0.50 sec =   32.5000 Mbps     0 retrans     13 KB-cwnd
[2024-11-08T15:39:29.757561-0500]     2.0000 MB /   0.50 sec =   33.5576 Mbps     0 retrans     13 KB-cwnd
[2024-11-08T15:39:30.257718-0500]     2.4375 MB /   0.50 sec =   40.8909 Mbps     0 retrans     13 KB-cwnd
[2024-11-08T15:39:30.757624-0500]     2.8750 MB /   0.50 sec =   48.2395 Mbps     0 retrans     13 KB-cwnd
[2024-11-08T15:39:31.257647-0500]     3.0625 MB /   0.50 sec =   51.3785 Mbps     0 retrans     13 KB-cwnd
[2024-11-08T15:39:31.757730-0500]     2.9375 MB /   0.50 sec =   49.2809 Mbps     0 retrans     13 KB-cwnd
[2024-11-08T15:39:32.257553-0500]     2.4375 MB /   0.50 sec =   40.8988 Mbps     0 retrans     13 KB-cwnd
[2024-11-08T15:39:32.757713-0500]     0.3750 MB /   0.50 sec =    6.2908 Mbps     0 retrans     13 KB-cwnd
[2024-11-08T15:39:33.257709-0500]     0.0000 MB /   0.50 sec =    0.0000 Mbps     0 retrans     13 KB-cwnd
[2024-11-08T15:39:33.757652-0500]     0.0625 MB /   0.50 sec =    1.0486 Mbps     0 retrans     13 KB-cwnd
[2024-11-08T15:39:34.257671-0500]     0.0625 MB /   0.50 sec =    1.0485 Mbps     0 retrans     13 KB-cwnd
[2024-11-08T15:39:34.757691-0500]     0.0000 MB /   0.50 sec =    0.0000 Mbps     0 retrans     13 KB-cwnd
[2024-11-08T15:39:35.257616-0500]     0.7500 MB /   0.50 sec =   12.5836 Mbps     0 retrans     13 KB-cwnd
[2024-11-08T15:39:35.757556-0500]     0.0000 MB /   0.50 sec =    0.0000 Mbps     0 retrans     13 KB-cwnd
[2024-11-08T15:39:36.257615-0500]     0.0000 MB /   0.50 sec =    0.0000 Mbps     0 retrans     13 KB-cwnd
[2024-11-08T15:39:36.758014-0500]     0.0000 MB /   0.50 sec =    0.0000 Mbps     0 retrans     13 KB-cwnd
[2024-11-08T15:39:37.257587-0500]     1.1250 MB /   0.50 sec =   18.8750 Mbps     0 retrans     13 KB-cwnd
[2024-11-08T15:39:37.757718-0500]     0.0000 MB /   0.50 sec =    0.0000 Mbps     0 retrans     13 KB-cwnd
[2024-11-08T15:39:38.257637-0500]     0.0000 MB /   0.50 sec =    0.0000 Mbps     0 retrans     13 KB-cwnd
[2024-11-08T15:39:38.757557-0500]     1.8750 MB /   0.50 sec =   31.4583 Mbps     0 retrans     13 KB-cwnd
[2024-11-08T15:39:39.257529-0500]     0.1875 MB /   0.50 sec =    3.1457 Mbps     0 retrans     13 KB-cwnd
[2024-11-08T15:39:39.757690-0500]     0.0000 MB /   0.50 sec =    0.0000 Mbps     0 retrans     13 KB-cwnd
[2024-11-08T15:39:40.257792-0500]     0.5000 MB /   0.50 sec =    8.3880 Mbps     0 retrans     13 KB-cwnd
[2024-11-08T15:39:40.757714-0500]     0.1250 MB /   0.50 sec =    2.0973 Mbps     0 retrans     13 KB-cwnd
[2024-11-08T15:39:41.257706-0500]     0.0625 MB /   0.50 sec =    1.0486 Mbps     0 retrans     13 KB-cwnd
[2024-11-08T15:39:41.758126-0500]     0.0000 MB /   0.50 sec =    0.0000 Mbps     0 retrans     13 KB-cwnd
[2024-11-08T15:39:42.257671-0500]     0.3125 MB /   0.50 sec =    5.2431 Mbps     0 retrans     13 KB-cwnd
[2024-11-08T15:39:42.757550-0500]     0.3750 MB /   0.50 sec =    6.2919 Mbps     0 retrans     13 KB-cwnd
[2024-11-08T15:39:43.257586-0500]     0.5000 MB /   0.50 sec =    8.3881 Mbps     0 retrans     13 KB-cwnd
[2024-11-08T15:39:43.757933-0500]     0.2500 MB /   0.50 sec =    4.1939 Mbps     0 retrans     13 KB-cwnd
[2024-11-08T15:39:44.257939-0500]     0.3750 MB /   0.50 sec =    6.2919 Mbps     0 retrans     13 KB-cwnd
[2024-11-08T15:39:44.757699-0500]     0.3125 MB /   0.50 sec =    5.2428 Mbps     0 retrans     13 KB-cwnd
[2024-11-08T15:39:45.257641-0500]     0.1875 MB /   0.50 sec =    3.1455 Mbps     0 retrans     13 KB-cwnd
[2024-11-08T15:39:45.757640-0500]     0.1875 MB /   0.50 sec =    3.1461 Mbps     0 retrans     13 KB-cwnd
[2024-11-08T15:39:46.257730-0500]     0.0000 MB /   0.50 sec =    0.0000 Mbps     0 retrans     13 KB-cwnd
[2024-11-08T15:39:46.757785-0500]     0.0000 MB /   0.50 sec =    0.0000 Mbps     0 retrans     13 KB-cwnd
[2024-11-08T15:39:47.257740-0500]     0.3125 MB /   0.50 sec =    5.2423 Mbps     0 retrans     13 KB-cwnd
[2024-11-08T15:39:47.757634-0500]     0.0625 MB /   0.50 sec =    1.0487 Mbps     0 retrans     13 KB-cwnd
[2024-11-08T15:39:48.257700-0500]     0.1875 MB /   0.50 sec =    3.1456 Mbps     0 retrans     13 KB-cwnd
[2024-11-08T15:39:48.757530-0500]     0.1875 MB /   0.50 sec =    3.1461 Mbps     0 retrans     13 KB-cwnd
[2024-11-08T15:39:49.257580-0500]     0.1250 MB /   0.50 sec =    2.0971 Mbps     0 retrans     13 KB-cwnd
[2024-11-08T15:39:49.757744-0500]     0.0625 MB /   0.50 sec =    1.0484 Mbps     0 retrans     13 KB-cwnd
[2024-11-08T15:39:50.257645-0500]     0.1250 MB /   0.50 sec =    2.0974 Mbps     0 retrans     13 KB-cwnd
[2024-11-08T15:39:50.757676-0500]     0.1250 MB /   0.50 sec =    2.0971 Mbps     0 retrans     13 KB-cwnd
[2024-11-08T15:39:51.257815-0500]     0.0000 MB /   0.50 sec =    0.0000 Mbps     0 retrans     13 KB-cwnd
[2024-11-08T15:39:51.757630-0500]     0.0000 MB /   0.50 sec =    0.0000 Mbps     0 retrans     13 KB-cwnd
[2024-11-08T15:39:52.257522-0500]     0.1875 MB /   0.50 sec =    3.1459 Mbps     0 retrans     13 KB-cwnd
[2024-11-08T15:39:52.757544-0500]     0.0000 MB /   0.50 sec =    0.0000 Mbps     0 retrans     13 KB-cwnd
[2024-11-08T15:39:53.257563-0500]     0.0000 MB /   0.50 sec =    0.0000 Mbps     0 retrans     13 KB-cwnd
[2024-11-08T15:39:53.757663-0500]     0.0000 MB /   0.50 sec =    0.0000 Mbps     0 retrans     13 KB-cwnd
[2024-11-08T15:39:54.257694-0500]     0.1250 MB /   0.50 sec =    2.0971 Mbps     0 retrans     13 KB-cwnd
[2024-11-08T15:39:54.757610-0500]     0.0625 MB /   0.50 sec =    1.0486 Mbps     0 retrans     13 KB-cwnd
[2024-11-08T15:39:55.257670-0500]     0.0625 MB /   0.50 sec =    1.0485 Mbps     0 retrans     13 KB-cwnd
[2024-11-08T15:39:55.757551-0500]     0.0625 MB /   0.50 sec =    1.0486 Mbps     0 retrans     13 KB-cwnd
[2024-11-08T15:39:56.257625-0500]     0.0625 MB /   0.50 sec =    1.0486 Mbps     0 retrans     13 KB-cwnd
[2024-11-08T15:39:56.757602-0500]     0.0625 MB /   0.50 sec =    1.0486 Mbps     0 retrans     13 KB-cwnd
[2024-11-08T15:39:57.257930-0500]     0.1250 MB /   0.50 sec =    2.0958 Mbps     0 retrans     13 KB-cwnd
[2024-11-08T15:39:57.757743-0500]     0.1250 MB /   0.50 sec =    2.0985 Mbps     0 retrans     13 KB-cwnd
[2024-11-08T15:39:58.257558-0500]     0.1250 MB /   0.50 sec =    2.0972 Mbps     0 retrans     13 KB-cwnd
[2024-11-08T15:39:58.757513-0500]     0.1875 MB /   0.50 sec =    3.1458 Mbps     0 retrans     13 KB-cwnd
[2024-11-08T15:39:59.257651-0500]     0.2500 MB /   0.50 sec =    4.1938 Mbps     0 retrans     13 KB-cwnd
[2024-11-08T15:39:59.757586-0500]     0.2500 MB /   0.50 sec =    4.1945 Mbps     0 retrans     13 KB-cwnd
[2024-11-08T15:40:00.257636-0500]     0.3125 MB /   0.50 sec =    5.2427 Mbps     0 retrans     13 KB-cwnd
[2024-11-08T15:40:00.757532-0500]     0.4375 MB /   0.50 sec =    7.3408 Mbps     0 retrans     13 KB-cwnd
[2024-11-08T15:40:01.257766-0500]     0.4375 MB /   0.50 sec =    7.3392 Mbps     0 retrans     13 KB-cwnd
[2024-11-08T15:40:01.757534-0500]     0.5625 MB /   0.50 sec =    9.4380 Mbps     0 retrans     13 KB-cwnd
[2024-11-08T15:40:02.257528-0500]     0.6250 MB /   0.50 sec =   10.4858 Mbps     0 retrans     13 KB-cwnd
[2024-11-08T15:40:02.757519-0500]     0.7500 MB /   0.50 sec =   12.5833 Mbps     0 retrans     13 KB-cwnd
[2024-11-08T15:40:03.257610-0500]     0.8750 MB /   0.50 sec =   14.6788 Mbps     0 retrans     13 KB-cwnd
[2024-11-08T15:40:03.757578-0500]     1.0625 MB /   0.50 sec =   17.8265 Mbps     0 retrans     13 KB-cwnd
[2024-11-08T15:40:04.257608-0500]     1.2500 MB /   0.50 sec =   20.9697 Mbps     0 retrans     13 KB-cwnd
[2024-11-08T15:40:04.757721-0500]     1.3750 MB /   0.50 sec =   23.0714 Mbps     0 retrans     13 KB-cwnd
[2024-11-08T15:40:05.257647-0500]     1.6250 MB /   0.50 sec =   27.2602 Mbps     0 retrans     13 KB-cwnd
[2024-11-08T15:40:05.757562-0500]     1.8125 MB /   0.50 sec =   30.4114 Mbps     0 retrans     13 KB-cwnd
[2024-11-08T15:40:06.257566-0500]     2.1875 MB /   0.50 sec =   36.7007 Mbps     0 retrans     13 KB-cwnd
[2024-11-08T15:40:06.757748-0500]     2.4375 MB /   0.50 sec =   40.8919 Mbps     0 retrans     13 KB-cwnd
[2024-11-08T15:40:07.257647-0500]     2.9375 MB /   0.50 sec =   49.2809 Mbps     0 retrans     13 KB-cwnd
[2024-11-08T15:40:07.757701-0500]     3.4375 MB /   0.50 sec =   57.6754 Mbps     0 retrans     13 KB-cwnd
[2024-11-08T15:40:08.257626-0500]     3.9375 MB /   0.50 sec =   66.0575 Mbps     0 retrans     13 KB-cwnd
[2024-11-08T15:40:08.757511-0500]     4.6875 MB /   0.50 sec =   78.6496 Mbps     0 retrans     13 KB-cwnd
[2024-11-08T15:40:09.257962-0500]     5.3750 MB /   0.50 sec =   90.1752 Mbps     0 retrans     13 KB-cwnd
[2024-11-08T15:40:09.757598-0500]     6.0000 MB /   0.50 sec =  100.6615 Mbps     0 retrans     13 KB-cwnd
[2024-11-08T15:40:10.257529-0500]     6.5625 MB /   0.50 sec =  110.1033 Mbps     0 retrans     13 KB-cwnd
[2024-11-08T15:40:10.757553-0500]     5.1250 MB /   0.50 sec =   85.9831 Mbps     0 retrans     13 KB-cwnd
[2024-11-08T15:40:11.257892-0500]     3.3750 MB /   0.50 sec =   56.6183 Mbps     0 retrans     13 KB-cwnd
[2024-11-08T15:40:11.757637-0500]     3.4375 MB /   0.50 sec =   57.6680 Mbps     0 retrans     13 KB-cwnd
[2024-11-08T15:40:12.258023-0500]     5.3125 MB /   0.50 sec =   89.1366 Mbps     0 retrans     13 KB-cwnd
[2024-11-08T15:40:12.758032-0500]     3.5000 MB /   0.50 sec =   58.7157 Mbps     0 retrans     13 KB-cwnd
[2024-11-08T15:40:13.257642-0500]     5.7500 MB /   0.50 sec =   96.4742 Mbps     0 retrans     13 KB-cwnd
[2024-11-08T15:40:13.757530-0500]     2.1250 MB /   0.50 sec =   35.6544 Mbps     0 retrans     13 KB-cwnd
[2024-11-08T15:40:14.258131-0500]     2.5000 MB /   0.50 sec =   41.9007 Mbps     0 retrans     13 KB-cwnd
[2024-11-08T15:40:14.757633-0500]     2.3125 MB /   0.50 sec =   38.8311 Mbps     0 retrans     13 KB-cwnd
[2024-11-08T15:40:15.257645-0500]     3.8125 MB /   0.50 sec =   63.9686 Mbps     0 retrans     13 KB-cwnd
[2024-11-08T15:40:15.757821-0500]     2.3125 MB /   0.50 sec =   38.7967 Mbps     0 retrans     13 KB-cwnd
[2024-11-08T15:40:16.257692-0500]     2.0625 MB /   0.50 sec =   34.6025 Mbps     0 retrans     13 KB-cwnd
[2024-11-08T15:40:16.757563-0500]     2.6250 MB /   0.50 sec =   44.0438 Mbps     0 retrans     13 KB-cwnd
[2024-11-08T15:40:17.257548-0500]     1.8750 MB /   0.50 sec =   31.4570 Mbps     0 retrans     13 KB-cwnd
[2024-11-08T15:40:17.757630-0500]     2.5000 MB /   0.50 sec =   41.9417 Mbps     0 retrans     13 KB-cwnd
[2024-11-08T15:40:18.257586-0500]     1.5625 MB /   0.50 sec =   26.2149 Mbps     0 retrans     13 KB-cwnd
[2024-11-08T15:40:18.757530-0500]     1.3750 MB /   0.50 sec =   23.0690 Mbps     0 retrans     13 KB-cwnd
[2024-11-08T15:40:19.257838-0500]     1.2500 MB /   0.50 sec =   20.9705 Mbps     0 retrans     13 KB-cwnd
[2024-11-08T15:40:19.757663-0500]     1.9375 MB /   0.50 sec =   32.5003 Mbps     0 retrans     13 KB-cwnd
[2024-11-08T15:40:20.257642-0500]     2.1875 MB /   0.50 sec =   36.7062 Mbps     0 retrans     13 KB-cwnd
[2024-11-08T15:40:20.757553-0500]     1.5625 MB /   0.50 sec =   26.2160 Mbps     0 retrans     13 KB-cwnd
[2024-11-08T15:40:21.257699-0500]     1.8750 MB /   0.50 sec =   31.4536 Mbps     0 retrans     13 KB-cwnd
[2024-11-08T15:40:21.757665-0500]     1.0000 MB /   0.50 sec =   16.7770 Mbps     0 retrans     13 KB-cwnd
[2024-11-08T15:40:22.257615-0500]     1.0625 MB /   0.50 sec =   17.8273 Mbps     0 retrans     13 KB-cwnd
[2024-11-08T15:40:22.757577-0500]     0.0000 MB /   0.50 sec =    0.0000 Mbps     0 retrans     13 KB-cwnd
[2024-11-08T15:40:23.257554-0500]     0.3750 MB /   0.50 sec =    6.2915 Mbps     0 retrans     13 KB-cwnd
[2024-11-08T15:40:23.757614-0500]     0.3125 MB /   0.50 sec =    5.2428 Mbps     0 retrans     13 KB-cwnd
[2024-11-08T15:40:24.257616-0500]     0.7500 MB /   0.50 sec =   12.5826 Mbps     0 retrans     13 KB-cwnd
[2024-11-08T15:40:24.757993-0500]     1.3750 MB /   0.50 sec =   23.0656 Mbps     0 retrans     13 KB-cwnd
[2024-11-08T15:40:25.257526-0500]     0.9375 MB /   0.50 sec =   15.7317 Mbps     0 retrans     13 KB-cwnd
[2024-11-08T15:40:25.757517-0500]     0.0000 MB /   0.50 sec =    0.0000 Mbps     0 retrans     13 KB-cwnd
[2024-11-08T15:40:26.257828-0500]     0.0000 MB /   0.50 sec =    0.0000 Mbps     0 retrans     13 KB-cwnd
[2024-11-08T15:40:26.757642-0500]     0.0625 MB /   0.50 sec =    1.0490 Mbps     0 retrans     13 KB-cwnd
[2024-11-08T15:40:27.257596-0500]     0.0000 MB /   0.50 sec =    0.0000 Mbps     0 retrans     13 KB-cwnd
[2024-11-08T15:40:27.757622-0500]     0.0000 MB /   0.50 sec =    0.0000 Mbps     0 retrans     13 KB-cwnd
[2024-11-08T15:40:28.257901-0500]     0.0000 MB /   0.50 sec =    0.0000 Mbps     0 retrans     13 KB-cwnd
[2024-11-08T15:40:28.757618-0500]     0.3750 MB /   0.50 sec =    6.2917 Mbps     0 retrans     13 KB-cwnd
[2024-11-08T15:40:29.257572-0500]     0.7500 MB /   0.50 sec =   12.5831 Mbps     0 retrans     13 KB-cwnd
[2024-11-08T15:40:29.757589-0500]     1.1250 MB /   0.50 sec =   18.8750 Mbps     0 retrans     13 KB-cwnd
[2024-11-08T15:40:30.257935-0500]     0.9375 MB /   0.50 sec =   15.7279 Mbps     0 retrans     13 KB-cwnd
[2024-11-08T15:40:30.757552-0500]     1.5000 MB /   0.50 sec =   25.1657 Mbps     0 retrans     13 KB-cwnd
[2024-11-08T15:40:31.257713-0500]     1.0625 MB /   0.50 sec =   17.8229 Mbps     0 retrans     13 KB-cwnd
[2024-11-08T15:40:31.757507-0500]     1.0000 MB /   0.50 sec =   16.7813 Mbps     0 retrans     13 KB-cwnd
[2024-11-08T15:40:32.257564-0500]     1.3750 MB /   0.50 sec =   23.0679 Mbps     0 retrans     13 KB-cwnd
[2024-11-08T15:40:32.757530-0500]     1.2500 MB /   0.50 sec =   20.9719 Mbps     0 retrans     13 KB-cwnd
[2024-11-08T15:40:33.257718-0500]     1.4375 MB /   0.50 sec =   24.1116 Mbps     0 retrans     13 KB-cwnd
[2024-11-08T15:40:33.757621-0500]     1.7500 MB /   0.50 sec =   29.3635 Mbps     0 retrans     14 KB-cwnd
[2024-11-08T15:40:34.257583-0500]     1.3750 MB /   0.50 sec =   23.0704 Mbps     0 retrans     14 KB-cwnd
[2024-11-08T15:40:34.757552-0500]     1.0000 MB /   0.50 sec =   16.7775 Mbps     0 retrans     14 KB-cwnd
[2024-11-08T15:40:35.257542-0500]     1.5625 MB /   0.50 sec =   26.2143 Mbps     0 retrans     14 KB-cwnd
[2024-11-08T15:40:35.757550-0500]     1.6875 MB /   0.50 sec =   28.3118 Mbps     0 retrans     14 KB-cwnd
[2024-11-08T15:40:36.257607-0500]     2.1250 MB /   0.50 sec =   35.6517 Mbps     0 retrans     14 KB-cwnd
[2024-11-08T15:40:36.757585-0500]     2.0625 MB /   0.50 sec =   34.6020 Mbps     0 retrans     14 KB-cwnd
[2024-11-08T15:40:37.257693-0500]     1.6875 MB /   0.50 sec =   28.3088 Mbps     0 retrans     14 KB-cwnd
[2024-11-08T15:40:37.757540-0500]     1.4375 MB /   0.50 sec =   24.1200 Mbps     0 retrans     14 KB-cwnd
[2024-11-08T15:40:38.257646-0500]     1.2500 MB /   0.50 sec =   20.9697 Mbps     0 retrans     14 KB-cwnd
[2024-11-08T15:40:38.757533-0500]     2.0625 MB /   0.50 sec =   34.6064 Mbps     0 retrans     14 KB-cwnd
[2024-11-08T15:40:39.257790-0500]     3.0625 MB /   0.50 sec =   51.3767 Mbps     0 retrans     14 KB-cwnd
[2024-11-08T15:40:39.757577-0500]     1.9375 MB /   0.50 sec =   32.5068 Mbps     0 retrans     14 KB-cwnd
[2024-11-08T15:40:40.257652-0500]     1.3125 MB /   0.50 sec =   22.0194 Mbps     0 retrans     14 KB-cwnd
[2024-11-08T15:40:40.757664-0500]     1.0000 MB /   0.50 sec =   16.7776 Mbps     0 retrans     14 KB-cwnd
[2024-11-08T15:40:41.257662-0500]     1.0625 MB /   0.50 sec =   17.8262 Mbps     0 retrans     14 KB-cwnd
[2024-11-08T15:40:41.757633-0500]     2.2500 MB /   0.50 sec =   37.7489 Mbps     0 retrans     14 KB-cwnd
[2024-11-08T15:40:42.257727-0500]     2.5625 MB /   0.50 sec =   42.9912 Mbps     0 retrans     14 KB-cwnd
[2024-11-08T15:40:42.757613-0500]     0.2500 MB /   0.50 sec =    4.1940 Mbps     0 retrans     14 KB-cwnd
[2024-11-08T15:40:43.257701-0500]     0.0000 MB /   0.50 sec =    0.0000 Mbps     0 retrans     14 KB-cwnd
[2024-11-08T15:40:43.757659-0500]     0.8750 MB /   0.50 sec =   14.6813 Mbps     0 retrans     14 KB-cwnd
[2024-11-08T15:40:44.257584-0500]     0.0000 MB /   0.50 sec =    0.0000 Mbps     0 retrans     14 KB-cwnd
[2024-11-08T15:40:44.757801-0500]     1.9375 MB /   0.50 sec =   32.5070 Mbps     0 retrans     14 KB-cwnd
[2024-11-08T15:40:45.258032-0500]     1.3125 MB /   0.50 sec =   22.0032 Mbps     0 retrans     14 KB-cwnd
[2024-11-08T15:40:45.757627-0500]     1.1250 MB /   0.50 sec =   18.8879 Mbps     0 retrans     14 KB-cwnd
[2024-11-08T15:40:46.257761-0500]     0.3125 MB /   0.50 sec =    5.2428 Mbps     0 retrans     14 KB-cwnd
[2024-11-08T15:40:46.757583-0500]     1.6250 MB /   0.50 sec =   27.2640 Mbps     0 retrans     14 KB-cwnd
[2024-11-08T15:40:47.257525-0500]     0.9375 MB /   0.50 sec =   15.7290 Mbps     0 retrans     14 KB-cwnd
[2024-11-08T15:40:47.757701-0500]     0.6250 MB /   0.50 sec =   10.4845 Mbps     0 retrans     14 KB-cwnd
[2024-11-08T15:40:48.257565-0500]     1.6250 MB /   0.50 sec =   27.2664 Mbps     0 retrans     14 KB-cwnd
[2024-11-08T15:40:48.757728-0500]     2.1250 MB /   0.50 sec =   35.6508 Mbps     0 retrans     14 KB-cwnd
[2024-11-08T15:40:49.257621-0500]     1.6875 MB /   0.50 sec =   28.3102 Mbps     0 retrans     14 KB-cwnd
[2024-11-08T15:40:49.757520-0500]     1.7500 MB /   0.50 sec =   29.3623 Mbps     0 retrans     14 KB-cwnd
[2024-11-08T15:40:50.257943-0500]     1.6875 MB /   0.50 sec =   28.3103 Mbps     0 retrans     14 KB-cwnd
[2024-11-08T15:40:50.757527-0500]     2.1250 MB /   0.50 sec =   35.6524 Mbps     0 retrans     14 KB-cwnd
[2024-11-08T15:40:51.257665-0500]     1.5625 MB /   0.50 sec =   26.2123 Mbps     0 retrans     14 KB-cwnd
[2024-11-08T15:40:51.757650-0500]     0.9375 MB /   0.50 sec =   15.7292 Mbps     0 retrans     14 KB-cwnd
[2024-11-08T15:40:52.257832-0500]     0.3125 MB /   0.50 sec =    5.2430 Mbps     0 retrans     14 KB-cwnd
[2024-11-08T15:40:52.757874-0500]     1.1875 MB /   0.50 sec =   19.9227 Mbps     0 retrans     14 KB-cwnd
[2024-11-08T15:40:53.257551-0500]     2.6250 MB /   0.50 sec =   44.0413 Mbps     0 retrans     14 KB-cwnd
[2024-11-08T15:40:53.757659-0500]     2.6250 MB /   0.50 sec =   44.0352 Mbps     0 retrans     14 KB-cwnd
[2024-11-08T15:40:54.257686-0500]     1.8125 MB /   0.50 sec =   30.4088 Mbps     0 retrans     14 KB-cwnd
[2024-11-08T15:40:54.757575-0500]     0.5625 MB /   0.50 sec =    9.4382 Mbps     0 retrans     14 KB-cwnd
[2024-11-08T15:40:55.257672-0500]     1.4375 MB /   0.50 sec =   24.1159 Mbps     0 retrans     14 KB-cwnd
[2024-11-08T15:40:55.757567-0500]     1.3125 MB /   0.50 sec =   22.0214 Mbps     0 retrans     14 KB-cwnd
[2024-11-08T15:40:56.257768-0500]     1.1875 MB /   0.50 sec =   19.9214 Mbps     0 retrans     14 KB-cwnd
[2024-11-08T15:40:56.757598-0500]     2.0625 MB /   0.50 sec =   34.6035 Mbps     0 retrans     14 KB-cwnd
[2024-11-08T15:40:57.257640-0500]     2.5000 MB /   0.50 sec =   41.9440 Mbps     0 retrans     14 KB-cwnd
[2024-11-08T15:40:57.757788-0500]     0.4375 MB /   0.50 sec =    7.3403 Mbps     0 retrans     14 KB-cwnd
[2024-11-08T15:40:58.257546-0500]     0.7500 MB /   0.50 sec =   12.5827 Mbps     0 retrans     14 KB-cwnd
[2024-11-08T15:40:58.757910-0500]     0.3750 MB /   0.50 sec =    6.2914 Mbps     0 retrans     14 KB-cwnd
[2024-11-08T15:40:59.257537-0500]     0.2500 MB /   0.50 sec =    4.1944 Mbps     0 retrans     14 KB-cwnd
[2024-11-08T15:40:59.757640-0500]     1.8125 MB /   0.50 sec =   30.4070 Mbps     0 retrans     14 KB-cwnd
[2024-11-08T15:41:00.257659-0500]     1.5625 MB /   0.50 sec =   26.2143 Mbps     0 retrans     14 KB-cwnd
[2024-11-08T15:41:00.757561-0500]     1.1250 MB /   0.50 sec =   18.8757 Mbps     0 retrans     14 KB-cwnd
[2024-11-08T15:41:01.257682-0500]     1.4375 MB /   0.50 sec =   24.1152 Mbps     0 retrans     14 KB-cwnd
[2024-11-08T15:41:01.757539-0500]     0.0625 MB /   0.50 sec =    1.0487 Mbps     0 retrans     14 KB-cwnd
[2024-11-08T15:41:02.257651-0500]     0.0000 MB /   0.50 sec =    0.0000 Mbps     0 retrans     14 KB-cwnd
[2024-11-08T15:41:02.757537-0500]     1.3750 MB /   0.50 sec =   23.0703 Mbps     0 retrans     14 KB-cwnd
[2024-11-08T15:41:03.257975-0500]     0.4375 MB /   0.50 sec =    7.3394 Mbps     0 retrans     14 KB-cwnd
[2024-11-08T15:41:03.757533-0500]     0.7500 MB /   0.50 sec =   12.5840 Mbps     0 retrans     14 KB-cwnd
[2024-11-08T15:41:04.257562-0500]     0.7500 MB /   0.50 sec =   12.5825 Mbps     0 retrans     14 KB-cwnd
[2024-11-08T15:41:04.757539-0500]     1.4375 MB /   0.50 sec =   24.1182 Mbps     0 retrans     14 KB-cwnd
[2024-11-08T15:41:05.257598-0500]     1.6875 MB /   0.50 sec =   28.3116 Mbps     0 retrans     14 KB-cwnd
[2024-11-08T15:41:05.757596-0500]     1.9375 MB /   0.50 sec =   32.5038 Mbps     0 retrans     14 KB-cwnd
[2024-11-08T15:41:06.257617-0500]     2.2500 MB /   0.50 sec =   37.7486 Mbps     0 retrans     23 KB-cwnd
[2024-11-08T15:41:06.757531-0500]     2.6250 MB /   0.50 sec =   44.0434 Mbps     0 retrans     23 KB-cwnd
[2024-11-08T15:41:07.257919-0500]     3.3750 MB /   0.50 sec =   56.6179 Mbps     0 retrans     23 KB-cwnd
[2024-11-08T15:41:07.757575-0500]     3.6875 MB /   0.50 sec =   61.8720 Mbps     0 retrans     23 KB-cwnd
[2024-11-08T15:41:08.257578-0500]     4.0000 MB /   0.50 sec =   67.1069 Mbps     0 retrans     23 KB-cwnd
[2024-11-08T15:41:08.757510-0500]     4.5625 MB /   0.50 sec =   76.5496 Mbps     0 retrans     26 KB-cwnd
[2024-11-08T15:41:09.257617-0500]     4.9375 MB /   0.50 sec =   82.8315 Mbps     0 retrans     26 KB-cwnd
[2024-11-08T15:41:09.757586-0500]     5.0625 MB /   0.50 sec =   84.9358 Mbps     0 retrans     26 KB-cwnd
[2024-11-08T15:41:10.257633-0500]     4.9375 MB /   0.50 sec =   82.8355 Mbps     0 retrans     26 KB-cwnd
[2024-11-08T15:41:10.757628-0500]     2.8750 MB /   0.50 sec =   48.2366 Mbps     0 retrans     26 KB-cwnd
[2024-11-08T15:41:11.257542-0500]     3.6250 MB /   0.50 sec =   60.8168 Mbps     0 retrans     26 KB-cwnd
[2024-11-08T15:41:11.757681-0500]     4.7500 MB /   0.50 sec =   79.6803 Mbps     0 retrans     26 KB-cwnd
[2024-11-08T15:41:12.257637-0500]     3.3750 MB /   0.50 sec =   56.6257 Mbps     0 retrans     26 KB-cwnd
[2024-11-08T15:41:12.757513-0500]     4.5000 MB /   0.50 sec =   75.5068 Mbps     0 retrans     26 KB-cwnd
[2024-11-08T15:41:13.257678-0500]     4.9375 MB /   0.50 sec =   82.8310 Mbps     0 retrans     26 KB-cwnd
[2024-11-08T15:41:13.757648-0500]     4.0000 MB /   0.50 sec =   67.1052 Mbps     0 retrans     26 KB-cwnd
[2024-11-08T15:41:14.257532-0500]     4.0000 MB /   0.50 sec =   67.1169 Mbps     0 retrans     26 KB-cwnd
[2024-11-08T15:41:14.757547-0500]     4.3750 MB /   0.50 sec =   73.3997 Mbps     0 retrans     26 KB-cwnd
[2024-11-08T15:41:15.257835-0500]     4.8750 MB /   0.50 sec =   81.7788 Mbps     0 retrans     26 KB-cwnd
[2024-11-08T15:41:15.757552-0500]     5.1250 MB /   0.50 sec =   85.9970 Mbps     0 retrans     26 KB-cwnd
[2024-11-08T15:41:16.257619-0500]     5.7500 MB /   0.50 sec =   96.4620 Mbps     0 retrans     26 KB-cwnd
[2024-11-08T15:41:16.757554-0500]     5.9375 MB /   0.50 sec =   99.6197 Mbps     0 retrans     26 KB-cwnd
[2024-11-08T15:41:17.257540-0500]     5.9375 MB /   0.50 sec =   99.6115 Mbps     0 retrans     26 KB-cwnd
[2024-11-08T15:41:17.757539-0500]     2.1250 MB /   0.50 sec =   35.6527 Mbps     0 retrans     26 KB-cwnd
[2024-11-08T15:41:18.257679-0500]     7.4375 MB /   0.50 sec =  124.7733 Mbps     0 retrans     26 KB-cwnd
[2024-11-08T15:41:18.757530-0500]     4.9375 MB /   0.50 sec =   82.8431 Mbps     0 retrans     26 KB-cwnd
[2024-11-08T15:41:19.257688-0500]     5.2500 MB /   0.50 sec =   88.0691 Mbps     0 retrans     26 KB-cwnd
[2024-11-08T15:41:19.757586-0500]     6.8750 MB /   0.50 sec =  115.3514 Mbps     0 retrans     26 KB-cwnd
[2024-11-08T15:41:20.257531-0500]     8.3750 MB /   0.50 sec =  140.5173 Mbps     0 retrans     26 KB-cwnd
[2024-11-08T15:41:20.757537-0500]     5.8750 MB /   0.50 sec =   98.5644 Mbps     0 retrans     26 KB-cwnd
[2024-11-08T15:41:21.257663-0500]     8.2500 MB /   0.50 sec =  138.4001 Mbps     0 retrans     26 KB-cwnd
[2024-11-08T15:41:21.757575-0500]     8.3750 MB /   0.50 sec =  140.5173 Mbps     0 retrans     26 KB-cwnd
[2024-11-08T15:41:22.257533-0500]     7.6250 MB /   0.50 sec =  127.9314 Mbps     0 retrans     26 KB-cwnd
[2024-11-08T15:41:22.757660-0500]     3.6250 MB /   0.50 sec =   60.8144 Mbps  2106 retrans   1036 KB-cwnd
[2024-11-08T15:41:23.257657-0500]     3.8125 MB /   0.50 sec =   63.9603 Mbps     0 retrans   1036 KB-cwnd
[2024-11-08T15:41:23.757540-0500]     6.6875 MB /   0.50 sec =  112.2057 Mbps     0 retrans   1036 KB-cwnd
[2024-11-08T15:41:24.257531-0500]     3.5625 MB /   0.50 sec =   59.7697 Mbps     0 retrans   1036 KB-cwnd
End time: 1731098484313
