Start time: 1731098700944
[2024-11-08T15:45:06.057234-0500] traceroute to 54.197.223.49 (54.197.223.49), 30 hops max, 60 byte packets
[2024-11-08T15:45:06.057955-0500]  1  * * *
[2024-11-08T15:45:06.058008-0500]  2  * * *
[2024-11-08T15:45:06.064166-0500]  3  * * *
[2024-11-08T15:45:06.064247-0500]  4  * * *
[2024-11-08T15:45:06.064290-0500]  5  * * *
[2024-11-08T15:45:11.064456-0500]  6  * * *
[2024-11-08T15:45:11.064811-0500]  7  * * *
[2024-11-08T15:45:11.064900-0500]  8  * * *
[2024-11-08T15:45:11.076511-0500]  9  * * *
[2024-11-08T15:45:11.076734-0500] 10  * * *
[2024-11-08T15:45:16.072965-0500] 11  * * *
[2024-11-08T15:45:16.073348-0500] 12  * * *
[2024-11-08T15:45:16.082461-0500] 13  * * *
[2024-11-08T15:45:16.082640-0500] 14  * * *
[2024-11-08T15:45:16.082715-0500] 15  * * *
[2024-11-08T15:45:21.081849-0500] 16  * * *
[2024-11-08T15:45:21.082342-0500] 17  * * *
[2024-11-08T15:45:21.089912-0500] 18  * * *
[2024-11-08T15:45:21.090308-0500] 19  * * *
[2024-11-08T15:45:21.098620-0500] 20  * * *
[2024-11-08T15:45:21.098742-0500] 21  * * *
[2024-11-08T15:45:26.088759-0500] 22  * * *
[2024-11-08T15:45:26.095062-0500] 23  * * *
[2024-11-08T15:45:26.100216-0500] 24  * * *
[2024-11-08T15:45:26.106232-0500] 25  * * *
[2024-11-08T15:45:26.106388-0500] 26  * * *
[2024-11-08T15:45:31.042537-0500] 27  * *End time: 1731098731107
