Start time: 1730586360437
[2024-11-02T16:26:01.329747-0600] nuttcp-r: v8.1.4: socket
[2024-11-02T16:26:01.331128-0600] nuttcp-r: buflen=65536, nstream=1, port=6110 tcp
[2024-11-02T16:26:01.331281-0600] nuttcp-r: interval reporting every 0.50 seconds
[2024-11-02T16:26:01.331394-0600] nuttcp-r: connect to 54.176.53.206 with RTT=59.750 ms af=inet
[2024-11-02T16:26:01.331503-0600] nuttcp-r: send window size = 2097152, receive window size = 6291456
[2024-11-02T16:26:01.331606-0600] nuttcp-r: available send window = 1572864, available receive window = 4718592
[2024-11-02T16:26:01.331707-0600]     0.0625 MB /   0.50 sec =    1.0481 Mbps     0 retrans
[2024-11-02T16:26:01.829816-0600]     0.0000 MB /   0.50 sec =    0.0000 Mbps     0 retrans
[2024-11-02T16:26:02.329751-0600]     0.0000 MB /   0.50 sec =    0.0000 Mbps     0 retrans
[2024-11-02T16:26:02.830896-0600]     0.0000 MB /   0.50 sec =    0.0000 Mbps     0 retrans
[2024-11-02T16:26:03.329758-0600]     0.0000 MB /   0.50 sec =    0.0000 Mbps     0 retrans
[2024-11-02T16:26:03.829527-0600]     0.0000 MB /   0.50 sec =    0.0000 Mbps     0 retrans
[2024-11-02T16:26:04.329450-0600]     0.0000 MB /   0.50 sec =    0.0000 Mbps     0 retrans
[2024-11-02T16:26:04.829569-0600]     0.0000 MB /   0.50 sec =    0.0000 Mbps     0 retrans
[2024-11-02T16:26:05.329455-0600]     0.0000 MB /   0.50 sec =    0.0000 Mbps     0 retrans
[2024-11-02T16:26:05.829769-0600]     0.0000 MB /   0.50 sec =    0.0000 Mbps     0 retrans
[2024-11-02T16:26:06.330719-0600]     0.0000 MB /   0.50 sec =    0.0000 Mbps     0 retrans
[2024-11-02T16:26:06.829878-0600]     0.0000 MB /   0.50 sec =    0.0000 Mbps     0 retrans
[2024-11-02T16:26:07.329410-0600]     0.0000 MB /   0.50 sec =    0.0000 Mbps     0 retrans
[2024-11-02T16:26:07.830632-0600]     0.0000 MB /   0.50 sec =    0.0000 Mbps     0 retrans
[2024-11-02T16:26:08.329652-0600]     0.0000 MB /   0.50 sec =    0.0000 Mbps     0 retrans
[2024-11-02T16:26:08.829444-0600]     0.0000 MB /   0.50 sec =    0.0000 Mbps     0 retrans
[2024-11-02T16:26:09.329406-0600]     0.0000 MB /   0.50 sec =    0.0000 Mbps     0 retrans
[2024-11-02T16:26:09.830337-0600]     0.0000 MB /   0.50 sec =    0.0000 Mbps     0 retrans
[2024-11-02T16:26:10.329423-0600]     0.0000 MB /   0.50 sec =    0.0000 Mbps     0 retrans
[2024-11-02T16:26:10.829539-0600]     0.0000 MB /   0.50 sec =    0.0000 Mbps     0 retrans
[2024-11-02T16:26:11.329429-0600]     0.0000 MB /   0.50 sec =    0.0000 Mbps     0 retrans
[2024-11-02T16:26:11.830507-0600]     0.0000 MB /   0.50 sec =    0.0000 Mbps     0 retrans
[2024-11-02T16:26:12.329433-0600]     0.0000 MB /   0.50 sec =    0.0000 Mbps     0 retrans
[2024-11-02T16:26:12.830397-0600]     0.0000 MB /   0.50 sec =    0.0000 Mbps     0 retrans
[2024-11-02T16:26:13.329437-0600]     0.0000 MB /   0.50 sec =    0.0000 Mbps     0 retrans
[2024-11-02T16:26:13.830392-0600]     0.0000 MB /   0.50 sec =    0.0000 Mbps     0 retrans
[2024-11-02T16:26:14.329369-0600]     0.0000 MB /   0.50 sec =    0.0000 Mbps     0 retrans
[2024-11-02T16:26:14.829510-0600]     0.0000 MB /   0.50 sec =    0.0000 Mbps     0 retrans
[2024-11-02T16:26:15.329382-0600]     0.0000 MB /   0.50 sec =    0.0000 Mbps     0 retrans
[2024-11-02T16:26:15.830512-0600]     0.0000 MB /   0.50 sec =    0.0000 Mbps     0 retrans
[2024-11-02T16:26:16.329625-0600]     0.0000 MB /   0.50 sec =    0.0000 Mbps     0 retrans
[2024-11-02T16:26:16.829737-0600]     0.0000 MB /   0.50 sec =    0.0000 Mbps     0 retrans
[2024-11-02T16:26:17.329440-0600]     0.0000 MB /   0.50 sec =    0.0000 Mbps     0 retrans
[2024-11-02T16:26:17.830706-0600]     0.0000 MB /   0.50 sec =    0.0000 Mbps     0 retrans
[2024-11-02T16:26:18.329434-0600]     0.0000 MB /   0.50 sec =    0.0000 Mbps     0 retrans
[2024-11-02T16:26:18.829435-0600]     0.0000 MB /   0.50 sec =    0.0000 Mbps     0 retrans
[2024-11-02T16:26:19.329395-0600]     1.0000 MB /   0.50 sec =   16.7776 Mbps     0 retrans
[2024-11-02T16:26:19.829398-0600]     9.5000 MB /   0.50 sec =  159.3622 Mbps     0 retrans
[2024-11-02T16:26:20.329411-0600]    14.5000 MB /   0.50 sec =  243.2755 Mbps     0 retrans
[2024-11-02T16:26:20.829343-0600]    14.1250 MB /   0.50 sec =  237.0128 Mbps     0 retrans
[2024-11-02T16:26:21.329298-0600]    12.1875 MB /   0.50 sec =  204.4744 Mbps     0 retrans
[2024-11-02T16:26:21.829369-0600]     6.0000 MB /   0.50 sec =  100.6591 Mbps     0 retrans
[2024-11-02T16:26:22.329359-0600]    14.1250 MB /   0.50 sec =  236.9791 Mbps     0 retrans
[2024-11-02T16:26:22.829328-0600]    14.4375 MB /   0.50 sec =  242.2235 Mbps     0 retrans
[2024-11-02T16:26:23.329380-0600]    12.8750 MB /   0.50 sec =  215.9868 Mbps     0 retrans
[2024-11-02T16:26:23.829475-0600]    14.8125 MB /   0.50 sec =  248.4698 Mbps     0 retrans
[2024-11-02T16:26:24.329330-0600]    15.1875 MB /   0.50 sec =  254.8743 Mbps     0 retrans
[2024-11-02T16:26:24.829338-0600]    17.7500 MB /   0.50 sec =  297.7962 Mbps     0 retrans
[2024-11-02T16:26:25.329317-0600]    17.1875 MB /   0.50 sec =  288.3532 Mbps     0 retrans
[2024-11-02T16:26:25.829361-0600]    20.6875 MB /   0.50 sec =  347.0669 Mbps     0 retrans
[2024-11-02T16:26:26.329321-0600]    21.9375 MB /   0.50 sec =  368.0723 Mbps     0 retrans
[2024-11-02T16:26:26.829336-0600]    21.1875 MB /   0.50 sec =  355.4616 Mbps     0 retrans
[2024-11-02T16:26:27.329327-0600]    20.8125 MB /   0.50 sec =  349.1793 Mbps     0 retrans
[2024-11-02T16:26:27.830682-0600]    11.5625 MB /   0.50 sec =  193.6094 Mbps     0 retrans
[2024-11-02T16:26:28.329345-0600]    21.7500 MB /   0.50 sec =  365.6049 Mbps     0 retrans
[2024-11-02T16:26:28.829316-0600]    21.8750 MB /   0.50 sec =  367.0177 Mbps     0 retrans
[2024-11-02T16:26:29.329434-0600]    14.4375 MB /   0.50 sec =  242.1988 Mbps     0 retrans
[2024-11-02T16:26:29.829540-0600]    10.5625 MB /   0.50 sec =  177.2288 Mbps     0 retrans
[2024-11-02T16:26:30.329805-0600]    17.2500 MB /   0.50 sec =  289.1300 Mbps     0 retrans
[2024-11-02T16:26:30.829458-0600]     9.3125 MB /   0.50 sec =  156.3516 Mbps     0 retrans
[2024-11-02T16:26:31.329371-0600]     9.8750 MB /   0.50 sec =  165.6982 Mbps     0 retrans
[2024-11-02T16:26:31.829394-0600]    23.0625 MB /   0.50 sec =  386.9083 Mbps     0 retrans
[2024-11-02T16:26:32.329324-0600]    20.1875 MB /   0.50 sec =  338.7246 Mbps     0 retrans
[2024-11-02T16:26:32.829479-0600]    22.6875 MB /   0.50 sec =  380.6422 Mbps     0 retrans
[2024-11-02T16:26:33.329891-0600]    20.9375 MB /   0.50 sec =  350.9774 Mbps     0 retrans
[2024-11-02T16:26:33.829243-0600]    23.5000 MB /   0.50 sec =  394.6110 Mbps     0 retrans
[2024-11-02T16:26:34.329395-0600]    24.0625 MB /   0.50 sec =  403.6331 Mbps     0 retrans
[2024-11-02T16:26:34.829417-0600]    13.2500 MB /   0.50 sec =  222.3021 Mbps     0 retrans
[2024-11-02T16:26:35.329206-0600]    23.5625 MB /   0.50 sec =  395.3780 Mbps     0 retrans
[2024-11-02T16:26:35.829720-0600]    15.7500 MB /   0.50 sec =  264.0199 Mbps     0 retrans
[2024-11-02T16:26:36.329378-0600]    16.5000 MB /   0.50 sec =  277.0357 Mbps     0 retrans
[2024-11-02T16:26:36.829545-0600]    10.3125 MB /   0.50 sec =  172.9528 Mbps     0 retrans
[2024-11-02T16:26:37.329593-0600]    17.9375 MB /   0.50 sec =  300.9443 Mbps     0 retrans
[2024-11-02T16:26:37.829716-0600]     9.0625 MB /   0.50 sec =  152.0487 Mbps     0 retrans
[2024-11-02T16:26:38.329372-0600]     8.3125 MB /   0.50 sec =  139.4983 Mbps     0 retrans
[2024-11-02T16:26:38.829510-0600]     7.1250 MB /   0.50 sec =  119.5047 Mbps     0 retrans
[2024-11-02T16:26:39.329342-0600]    11.3125 MB /   0.50 sec =  189.8477 Mbps     0 retrans
[2024-11-02T16:26:39.830483-0600]     7.0000 MB /   0.50 sec =  117.1841 Mbps     0 retrans
[2024-11-02T16:26:40.329374-0600]     6.0000 MB /   0.50 sec =  100.8759 Mbps     0 retrans
[2024-11-02T16:26:40.829228-0600]     8.7500 MB /   0.50 sec =  146.8274 Mbps     0 retrans
[2024-11-02T16:26:41.329345-0600]     5.2500 MB /   0.50 sec =   88.0726 Mbps     0 retrans
[2024-11-02T16:26:41.830378-0600]     8.8125 MB /   0.50 sec =  147.5470 Mbps     0 retrans
[2024-11-02T16:26:42.329412-0600]    10.6875 MB /   0.50 sec =  179.6802 Mbps     0 retrans
[2024-11-02T16:26:42.830459-0600]    10.1250 MB /   0.50 sec =  169.4961 Mbps     0 retrans
[2024-11-02T16:26:43.329320-0600]    11.6250 MB /   0.50 sec =  195.4628 Mbps     0 retrans
[2024-11-02T16:26:43.829429-0600]    13.0625 MB /   0.50 sec =  219.1024 Mbps     0 retrans
[2024-11-02T16:26:44.329439-0600]    10.1250 MB /   0.50 sec =  169.8771 Mbps     0 retrans
[2024-11-02T16:26:44.829496-0600]    14.2500 MB /   0.50 sec =  239.0486 Mbps     0 retrans
[2024-11-02T16:26:45.329432-0600]     2.8750 MB /   0.50 sec =   48.2506 Mbps     0 retrans
[2024-11-02T16:26:45.830608-0600]     5.6875 MB /   0.50 sec =   95.1916 Mbps     0 retrans
[2024-11-02T16:26:46.329569-0600]    13.4375 MB /   0.50 sec =  225.9799 Mbps     0 retrans
[2024-11-02T16:26:46.830011-0600]    16.4375 MB /   0.50 sec =  275.4059 Mbps     0 retrans
[2024-11-02T16:26:47.329330-0600]     0.5625 MB /   0.50 sec =    9.4495 Mbps     0 retrans
[2024-11-02T16:26:47.829506-0600]     5.1250 MB /   0.50 sec =   85.9576 Mbps     0 retrans
[2024-11-02T16:26:48.329345-0600]     7.1875 MB /   0.50 sec =  120.6219 Mbps     0 retrans
[2024-11-02T16:26:48.829574-0600]    15.2500 MB /   0.50 sec =  255.7523 Mbps     0 retrans
[2024-11-02T16:26:49.329412-0600]    12.1875 MB /   0.50 sec =  204.5771 Mbps     0 retrans
[2024-11-02T16:26:49.829492-0600]    10.7500 MB /   0.50 sec =  180.3378 Mbps     0 retrans
[2024-11-02T16:26:50.329389-0600]     1.3750 MB /   0.50 sec =   23.0676 Mbps     0 retrans
[2024-11-02T16:26:50.829284-0600]    12.4375 MB /   0.50 sec =  208.6871 Mbps     0 retrans
[2024-11-02T16:26:51.329386-0600]     2.2500 MB /   0.50 sec =   37.7449 Mbps     0 retrans
[2024-11-02T16:26:51.829439-0600]     7.9375 MB /   0.50 sec =  133.1447 Mbps     0 retrans
[2024-11-02T16:26:52.329383-0600]     3.0000 MB /   0.50 sec =   50.3409 Mbps     0 retrans
[2024-11-02T16:26:52.830443-0600]     0.0000 MB /   0.50 sec =    0.0000 Mbps     0 retrans
[2024-11-02T16:26:53.329358-0600]     0.0000 MB /   0.50 sec =    0.0000 Mbps     0 retrans
[2024-11-02T16:26:53.830424-0600]     1.6875 MB /   0.50 sec =   28.2531 Mbps     0 retrans
[2024-11-02T16:26:54.329446-0600]     0.0000 MB /   0.50 sec =    0.0000 Mbps     0 retrans
[2024-11-02T16:26:54.830414-0600]     0.0000 MB /   0.50 sec =    0.0000 Mbps     0 retrans
[2024-11-02T16:26:55.329435-0600]     0.0000 MB /   0.50 sec =    0.0000 Mbps     0 retrans
[2024-11-02T16:26:55.829628-0600]     0.0000 MB /   0.50 sec =    0.0000 Mbps     0 retrans
[2024-11-02T16:26:56.329404-0600]     0.0000 MB /   0.50 sec =    0.0000 Mbps     0 retrans
[2024-11-02T16:26:56.830634-0600]     0.0000 MB /   0.50 sec =    0.0000 Mbps     0 retrans
[2024-11-02T16:26:57.329312-0600]     0.0000 MB /   0.50 sec =    0.0000 Mbps     0 retrans
[2024-11-02T16:26:57.830443-0600]     0.0000 MB /   0.50 sec =    0.0000 Mbps     0 retrans
[2024-11-02T16:26:58.329915-0600]     0.0000 MB /   0.50 sec =    0.0000 Mbps     0 retrans
[2024-11-02T16:26:58.830846-0600]     0.0000 MB /   0.50 sec =    0.0000 Mbps     0 retrans
[2024-11-02T16:26:59.329424-0600]     0.0000 MB /   0.50 sec =    0.0000 Mbps     0 retrans
[2024-11-02T16:26:59.829534-0600]     0.0000 MB /   0.50 sec =    0.0000 Mbps     0 retrans
[2024-11-02T16:27:00.329400-0600]     0.0000 MB /   0.50 sec =    0.0000 Mbps     0 retrans
[2024-11-02T16:27:00.830551-0600]     0.0000 MB /   0.50 sec =    0.0000 Mbps     0 retrans
[2024-11-02T16:27:01.329430-0600]     0.0000 MB /   0.50 sec =    0.0000 Mbps     0 retrans
[2024-11-02T16:27:01.829475-0600]     0.0000 MB /   0.50 sec =    0.0000 Mbps     0 retrans
[2024-11-02T16:27:02.329418-0600]     0.0000 MB /   0.50 sec =    0.0000 Mbps     0 retrans
[2024-11-02T16:27:02.829615-0600]     0.0000 MB /   0.50 sec =    0.0000 Mbps     0 retrans
[2024-11-02T16:27:03.330235-0600]     0.0000 MB /   0.50 sec =    0.0000 Mbps     0 retrans
[2024-11-02T16:27:03.830576-0600]     0.0000 MB /   0.50 sec =    0.0000 Mbps     0 retrans
[2024-11-02T16:27:04.329375-0600]     0.0000 MB /   0.50 sec =    0.0000 Mbps     0 retrans
[2024-11-02T16:27:04.829676-0600]     0.0000 MB /   0.50 sec =    0.0000 Mbps     0 retrans
[2024-11-02T16:27:05.329384-0600]     0.0000 MB /   0.50 sec =    0.0000 Mbps     0 retrans
[2024-11-02T16:27:05.830605-0600]     0.0000 MB /   0.50 sec =    0.0000 Mbps     0 retrans
[2024-11-02T16:27:06.329412-0600]     0.0000 MB /   0.50 sec =    0.0000 Mbps     0 retrans
[2024-11-02T16:27:06.831036-0600]     0.0000 MB /   0.50 sec =    0.0000 Mbps     0 retrans
[2024-11-02T16:27:07.329384-0600]     0.0000 MB /   0.50 sec =    0.0000 Mbps     0 retrans
[2024-11-02T16:27:07.830463-0600]     0.0000 MB /   0.50 sec =    0.0000 Mbps     0 retrans
[2024-11-02T16:27:08.329421-0600]     0.0000 MB /   0.50 sec =    0.0000 Mbps     0 retrans
[2024-11-02T16:27:08.829482-0600]     0.0000 MB /   0.50 sec =    0.0000 Mbps     0 retrans
[2024-11-02T16:27:09.329541-0600]     0.0000 MB /   0.50 sec =    0.0000 Mbps     0 retrans
[2024-11-02T16:27:09.830832-0600]     0.0000 MB /   0.50 sec =    0.0000 Mbps     0 retrans
[2024-11-02T16:27:10.329433-0600]     0.0000 MB /   0.50 sec =    0.0000 Mbps     0 retrans
[2024-11-02T16:27:10.829530-0600]     0.0000 MB /   0.50 sec =    0.0000 Mbps     0 retrans
[2024-11-02T16:27:11.329440-0600]     0.0000 MB /   0.50 sec =    0.0000 Mbps     0 retrans
[2024-11-02T16:27:11.829523-0600]     0.0000 MB /   0.50 sec =    0.0000 Mbps     0 retrans
[2024-11-02T16:27:12.329378-0600]     0.0000 MB /   0.50 sec =    0.0000 Mbps     0 retrans
[2024-11-02T16:27:12.829453-0600]     0.0000 MB /   0.50 sec =    0.0000 Mbps     0 retrans
[2024-11-02T16:27:13.329330-0600]     5.6875 MB /   0.50 sec =   95.4405 Mbps     0 retrans
[2024-11-02T16:27:13.829355-0600]    15.9375 MB /   0.50 sec =  267.3831 Mbps     0 retrans
[2024-11-02T16:27:14.329342-0600]    16.5625 MB /   0.50 sec =  277.8676 Mbps     0 retrans
[2024-11-02T16:27:14.829304-0600]    17.4375 MB /   0.50 sec =  292.5697 Mbps     0 retrans
[2024-11-02T16:27:15.329271-0600]    20.1875 MB /   0.50 sec =  338.6941 Mbps     0 retrans
[2024-11-02T16:27:15.829335-0600]    22.8125 MB /   0.50 sec =  382.7211 Mbps     0 retrans
[2024-11-02T16:27:16.329325-0600]    22.2500 MB /   0.50 sec =  373.2901 Mbps     0 retrans
[2024-11-02T16:27:16.829329-0600]    23.0000 MB /   0.50 sec =  385.8791 Mbps     0 retrans
[2024-11-02T16:27:17.329481-0600]    24.1875 MB /   0.50 sec =  405.7957 Mbps     0 retrans
[2024-11-02T16:27:17.829352-0600]    27.5000 MB /   0.50 sec =  461.3651 Mbps     0 retrans
[2024-11-02T16:27:18.329275-0600]    26.3125 MB /   0.50 sec =  441.4735 Mbps     0 retrans
[2024-11-02T16:27:18.829327-0600]    28.7500 MB /   0.50 sec =  482.3334 Mbps     0 retrans
[2024-11-02T16:27:19.329340-0600]    28.6875 MB /   0.50 sec =  481.2791 Mbps     0 retrans
[2024-11-02T16:27:19.829494-0600]    13.7500 MB /   0.50 sec =  230.6258 Mbps     0 retrans
[2024-11-02T16:27:20.329322-0600]    24.5625 MB /   0.50 sec =  412.2140 Mbps     0 retrans
[2024-11-02T16:27:20.829373-0600]    24.0000 MB /   0.50 sec =  402.6282 Mbps     0 retrans
[2024-11-02T16:27:21.329323-0600]    20.0625 MB /   0.50 sec =  336.6111 Mbps     0 retrans
[2024-11-02T16:27:21.829620-0600]    18.0625 MB /   0.50 sec =  303.0482 Mbps     0 retrans
[2024-11-02T16:27:22.329383-0600]    20.1875 MB /   0.50 sec =  338.6501 Mbps     0 retrans
[2024-11-02T16:27:22.829365-0600]    23.8750 MB /   0.50 sec =  400.5488 Mbps     0 retrans
[2024-11-02T16:27:23.329322-0600]    22.0625 MB /   0.50 sec =  370.1873 Mbps     0 retrans
[2024-11-02T16:27:23.829564-0600]    26.8750 MB /   0.50 sec =  450.9039 Mbps     0 retrans
[2024-11-02T16:27:24.330790-0600]    25.6875 MB /   0.50 sec =  429.8566 Mbps     0 retrans
[2024-11-02T16:27:24.829352-0600]    25.5000 MB /   0.50 sec =  428.9016 Mbps     0 retrans
[2024-11-02T16:27:25.329683-0600]    18.8125 MB /   0.50 sec =  315.6144 Mbps     0 retrans
[2024-11-02T16:27:25.829331-0600]    23.6875 MB /   0.50 sec =  397.4294 Mbps     0 retrans
[2024-11-02T16:27:26.329340-0600]     9.3125 MB /   0.50 sec =  156.2350 Mbps     0 retrans
[2024-11-02T16:27:26.829302-0600]    23.8750 MB /   0.50 sec =  400.5616 Mbps     0 retrans
[2024-11-02T16:27:27.329767-0600]    28.1875 MB /   0.50 sec =  472.9049 Mbps     0 retrans
[2024-11-02T16:27:27.829265-0600]    24.2500 MB /   0.50 sec =  406.8646 Mbps     0 retrans
[2024-11-02T16:27:28.329320-0600]    26.2500 MB /   0.50 sec =  440.3843 Mbps     0 retrans
[2024-11-02T16:27:28.830542-0600]    14.6250 MB /   0.50 sec =  244.7993 Mbps     0 retrans
[2024-11-02T16:27:29.329336-0600]    24.0000 MB /   0.50 sec =  403.5733 Mbps     0 retrans
[2024-11-02T16:27:29.829357-0600]    24.8750 MB /   0.50 sec =  417.3449 Mbps     0 retrans
[2024-11-02T16:27:30.329311-0600]    22.1875 MB /   0.50 sec =  372.2437 Mbps     0 retrans
[2024-11-02T16:27:30.829405-0600]    22.6250 MB /   0.50 sec =  379.5883 Mbps     0 retrans
[2024-11-02T16:27:31.329458-0600]    25.5625 MB /   0.50 sec =  428.7587 Mbps     0 retrans
[2024-11-02T16:27:31.829398-0600]    25.5625 MB /   0.50 sec =  428.9208 Mbps     0 retrans
[2024-11-02T16:27:32.329297-0600]    30.2500 MB /   0.50 sec =  507.5839 Mbps     0 retrans
[2024-11-02T16:27:32.830595-0600]     8.9375 MB /   0.50 sec =  149.5868 Mbps     0 retrans
[2024-11-02T16:27:33.329346-0600]    22.6250 MB /   0.50 sec =  380.4779 Mbps     0 retrans
[2024-11-02T16:27:33.829409-0600]    25.2500 MB /   0.50 sec =  423.6315 Mbps     0 retrans
[2024-11-02T16:27:34.329326-0600]    27.3750 MB /   0.50 sec =  459.2891 Mbps     0 retrans
[2024-11-02T16:27:34.829513-0600]    16.1250 MB /   0.50 sec =  270.5018 Mbps     0 retrans
[2024-11-02T16:27:35.329339-0600]    32.6250 MB /   0.50 sec =  547.4103 Mbps     0 retrans
[2024-11-02T16:27:35.829286-0600]    22.8125 MB /   0.50 sec =  382.7256 Mbps     0 retrans
[2024-11-02T16:27:36.329639-0600]    30.0000 MB /   0.50 sec =  502.9956 Mbps     0 retrans
[2024-11-02T16:27:36.829342-0600]    28.1250 MB /   0.50 sec =  472.1708 Mbps     0 retrans
[2024-11-02T16:27:37.329377-0600]    14.9375 MB /   0.50 sec =  250.5796 Mbps     0 retrans
[2024-11-02T16:27:37.829453-0600]    16.2500 MB /   0.50 sec =  272.6080 Mbps     0 retrans
[2024-11-02T16:27:38.329328-0600]    24.6250 MB /   0.50 sec =  413.2232 Mbps     0 retrans
[2024-11-02T16:27:38.829474-0600]    21.0625 MB /   0.50 sec =  353.3765 Mbps     0 retrans
[2024-11-02T16:27:39.329371-0600]    24.0000 MB /   0.50 sec =  402.6105 Mbps     0 retrans
[2024-11-02T16:27:39.829403-0600]    20.9375 MB /   0.50 sec =  351.2561 Mbps     0 retrans
[2024-11-02T16:27:40.329447-0600]    27.2500 MB /   0.50 sec =  457.2605 Mbps     0 retrans
[2024-11-02T16:27:40.830120-0600]     0.9375 MB /   0.50 sec =   15.7044 Mbps     0 retrans
[2024-11-02T16:27:41.329454-0600]     0.0000 MB /   0.50 sec =    0.0000 Mbps     0 retrans
[2024-11-02T16:27:41.829445-0600]     0.0000 MB /   0.50 sec =    0.0000 Mbps     0 retrans
[2024-11-02T16:27:42.329426-0600]     0.0000 MB /   0.50 sec =    0.0000 Mbps     0 retrans
[2024-11-02T16:27:42.829321-0600]     3.3750 MB /   0.50 sec =   56.6281 Mbps     0 retrans
[2024-11-02T16:27:43.329291-0600]     6.9375 MB /   0.50 sec =  116.3964 Mbps     0 retrans
[2024-11-02T16:27:43.829329-0600]    22.5625 MB /   0.50 sec =  378.5253 Mbps     0 retrans
[2024-11-02T16:27:44.329340-0600]    25.2500 MB /   0.50 sec =  423.6120 Mbps     0 retrans
[2024-11-02T16:27:44.829685-0600]    25.7500 MB /   0.50 sec =  432.0142 Mbps     0 retrans
[2024-11-02T16:27:45.329715-0600]    28.9375 MB /   0.50 sec =  485.1298 Mbps     0 retrans
[2024-11-02T16:27:45.829317-0600]    29.8125 MB /   0.50 sec =  500.5522 Mbps     0 retrans
[2024-11-02T16:27:46.329313-0600]    32.6875 MB /   0.50 sec =  548.4239 Mbps     0 retrans
[2024-11-02T16:27:46.829477-0600]    30.3125 MB /   0.50 sec =  508.4292 Mbps     0 retrans
[2024-11-02T16:27:47.329318-0600]    35.4375 MB /   0.50 sec =  594.6853 Mbps     0 retrans
[2024-11-02T16:27:47.830073-0600]    32.6250 MB /   0.50 sec =  546.8853 Mbps     0 retrans
[2024-11-02T16:27:48.329618-0600]    31.4375 MB /   0.50 sec =  527.5646 Mbps     0 retrans
[2024-11-02T16:27:48.829326-0600]    34.8750 MB /   0.50 sec =  585.4684 Mbps     0 retrans
[2024-11-02T16:27:49.329354-0600]    33.7500 MB /   0.50 sec =  566.1903 Mbps     0 retrans
[2024-11-02T16:27:49.829345-0600]    31.6875 MB /   0.50 sec =  531.6514 Mbps     0 retrans
[2024-11-02T16:27:50.329566-0600]    22.6250 MB /   0.50 sec =  379.5739 Mbps     0 retrans
[2024-11-02T16:27:50.829297-0600]    23.5000 MB /   0.50 sec =  394.2953 Mbps     0 retrans
[2024-11-02T16:27:51.329542-0600]    35.5625 MB /   0.50 sec =  596.6576 Mbps     0 retrans
[2024-11-02T16:27:51.829329-0600]    27.7500 MB /   0.50 sec =  465.5454 Mbps     0 retrans
[2024-11-02T16:27:52.329287-0600]    33.1250 MB /   0.50 sec =  555.7519 Mbps     0 retrans
[2024-11-02T16:27:52.829659-0600]    21.8125 MB /   0.50 sec =  365.9530 Mbps     0 retrans
[2024-11-02T16:27:53.329305-0600]    34.8125 MB /   0.50 sec =  584.0592 Mbps     0 retrans
[2024-11-02T16:27:53.829356-0600]    28.5000 MB /   0.50 sec =  478.1038 Mbps     0 retrans
[2024-11-02T16:27:54.329378-0600]     6.3750 MB /   0.50 sec =  106.9586 Mbps     0 retrans
[2024-11-02T16:27:54.830388-0600]    31.0000 MB /   0.50 sec =  519.1665 Mbps     0 retrans
[2024-11-02T16:27:55.329296-0600]    35.1875 MB /   0.50 sec =  591.4413 Mbps     0 retrans
[2024-11-02T16:27:55.829613-0600]    37.4375 MB /   0.50 sec =  628.1108 Mbps     0 retrans
[2024-11-02T16:27:56.329427-0600]    37.3125 MB /   0.50 sec =  625.9748 Mbps     0 retrans
[2024-11-02T16:27:56.829986-0600]    32.2500 MB /   0.50 sec =  541.0533 Mbps     0 retrans
[2024-11-02T16:27:57.329353-0600]    34.6875 MB /   0.50 sec =  581.9283 Mbps     0 retrans
[2024-11-02T16:27:57.829344-0600]    31.6875 MB /   0.50 sec =  531.6514 Mbps     0 retrans
[2024-11-02T16:27:58.329371-0600]    10.1250 MB /   0.50 sec =  169.8676 Mbps     0 retrans
[2024-11-02T16:27:58.830294-0600]    21.8750 MB /   0.50 sec =  366.3071 Mbps     0 retrans
[2024-11-02T16:27:59.329327-0600]    19.6250 MB /   0.50 sec =  329.8869 Mbps     0 retrans
[2024-11-02T16:27:59.829368-0600]    25.7500 MB /   0.50 sec =  431.9727 Mbps     0 retrans
[2024-11-02T16:28:00.329458-0600]    12.1250 MB /   0.50 sec =  203.4355 Mbps     0 retrans
[2024-11-02T16:28:00.829581-0600]    18.7500 MB /   0.50 sec =  314.5621 Mbps     0 retrans
[2024-11-02T16:28:01.329300-0600]    12.8125 MB /   0.50 sec =  214.9791 Mbps     0 retrans
End time: 1730586481552
