Start time: 1731107364835
[2024-11-08T18:09:25.724458-0500] nuttcp-r: v8.1.4: socket
[2024-11-08T18:09:25.725305-0500] nuttcp-r: buflen=65536, nstream=1, port=5379 tcp
[2024-11-08T18:09:25.725409-0500] nuttcp-r: interval reporting every 0.50 seconds
[2024-11-08T18:09:25.725493-0500] nuttcp-r: connect to 54.197.223.49 with RTT=56.062 ms af=inet
[2024-11-08T18:09:25.725574-0500] nuttcp-r: send window size = 2097152, receive window size = 6291456
[2024-11-08T18:09:25.725651-0500] nuttcp-r: available send window = 1572864, available receive window = 4718592
[2024-11-08T18:09:25.725730-0500]     0.5625 MB /   0.50 sec =    9.4362 Mbps     0 retrans     13 KB-cwnd
[2024-11-08T18:09:26.224421-0500]     6.1250 MB /   0.50 sec =  102.7506 Mbps     0 retrans     13 KB-cwnd
[2024-11-08T18:09:26.724486-0500]     9.9375 MB /   0.50 sec =  166.7186 Mbps     0 retrans     13 KB-cwnd
[2024-11-08T18:09:27.224470-0500]     8.4375 MB /   0.50 sec =  141.5597 Mbps     0 retrans     13 KB-cwnd
[2024-11-08T18:09:27.724563-0500]    17.0625 MB /   0.50 sec =  286.2212 Mbps     0 retrans     13 KB-cwnd
[2024-11-08T18:09:28.224311-0500]    15.3125 MB /   0.50 sec =  256.9726 Mbps     0 retrans     13 KB-cwnd
[2024-11-08T18:09:28.724500-0500]    18.6875 MB /   0.50 sec =  313.4691 Mbps     0 retrans     13 KB-cwnd
[2024-11-08T18:09:29.224411-0500]    17.6250 MB /   0.50 sec =  295.7357 Mbps     0 retrans     13 KB-cwnd
[2024-11-08T18:09:29.724409-0500]    19.5000 MB /   0.50 sec =  327.1636 Mbps     0 retrans     13 KB-cwnd
[2024-11-08T18:09:30.224293-0500]    20.3125 MB /   0.50 sec =  340.8076 Mbps     0 retrans     13 KB-cwnd
[2024-11-08T18:09:30.724462-0500]    11.5625 MB /   0.50 sec =  193.9784 Mbps     0 retrans     13 KB-cwnd
[2024-11-08T18:09:31.224805-0500]    21.5625 MB /   0.50 sec =  361.4724 Mbps     0 retrans     13 KB-cwnd
[2024-11-08T18:09:31.725459-0500]    16.8125 MB /   0.50 sec =  281.7019 Mbps     0 retrans     18 KB-cwnd
[2024-11-08T18:09:32.224440-0500]    18.9375 MB /   0.50 sec =  318.3399 Mbps     0 retrans     26 KB-cwnd
[2024-11-08T18:09:32.724435-0500]    19.4375 MB /   0.50 sec =  326.1358 Mbps     0 retrans     26 KB-cwnd
[2024-11-08T18:09:33.224292-0500]    18.3125 MB /   0.50 sec =  307.2617 Mbps     0 retrans     26 KB-cwnd
[2024-11-08T18:09:33.724520-0500]     9.0000 MB /   0.50 sec =  150.9448 Mbps     0 retrans     26 KB-cwnd
[2024-11-08T18:09:34.224372-0500]    18.5625 MB /   0.50 sec =  311.5130 Mbps     0 retrans     26 KB-cwnd
[2024-11-08T18:09:34.724970-0500]    11.4375 MB /   0.50 sec =  191.8269 Mbps     0 retrans     26 KB-cwnd
[2024-11-08T18:09:35.224871-0500]    19.0625 MB /   0.50 sec =  319.6827 Mbps     0 retrans     26 KB-cwnd
[2024-11-08T18:09:35.724414-0500]    14.1250 MB /   0.50 sec =  237.1323 Mbps     0 retrans     26 KB-cwnd
[2024-11-08T18:09:36.224428-0500]    15.6250 MB /   0.50 sec =  262.1513 Mbps     0 retrans     26 KB-cwnd
[2024-11-08T18:09:36.724438-0500]    17.1875 MB /   0.50 sec =  288.3694 Mbps     0 retrans     31 KB-cwnd
[2024-11-08T18:09:37.224345-0500]    17.4375 MB /   0.50 sec =  292.5515 Mbps     0 retrans     37 KB-cwnd
[2024-11-08T18:09:37.724520-0500]    24.9375 MB /   0.50 sec =  418.3199 Mbps     0 retrans     43 KB-cwnd
[2024-11-08T18:09:38.224369-0500]    27.1875 MB /   0.50 sec =  456.2154 Mbps     0 retrans     47 KB-cwnd
[2024-11-08T18:09:38.724456-0500]    27.9375 MB /   0.50 sec =  468.6385 Mbps     5 retrans   7515 KB-cwnd
[2024-11-08T18:09:39.224532-0500]    35.8750 MB /   0.50 sec =  601.8718 Mbps     0 retrans   7515 KB-cwnd
[2024-11-08T18:09:39.724410-0500]    29.5000 MB /   0.50 sec =  495.0031 Mbps     1 retrans   7352 KB-cwnd
[2024-11-08T18:09:40.224304-0500]    15.7500 MB /   0.50 sec =  264.2586 Mbps     0 retrans   7352 KB-cwnd
[2024-11-08T18:09:40.724395-0500]    29.8125 MB /   0.50 sec =  500.1457 Mbps     0 retrans   7352 KB-cwnd
[2024-11-08T18:09:41.224416-0500]    35.5625 MB /   0.50 sec =  596.5849 Mbps    11 retrans   5601 KB-cwnd
[2024-11-08T18:09:41.724860-0500]    30.3125 MB /   0.50 sec =  508.1427 Mbps     1 retrans   5601 KB-cwnd
[2024-11-08T18:09:42.224658-0500]    22.1875 MB /   0.50 sec =  372.5269 Mbps     0 retrans   5601 KB-cwnd
[2024-11-08T18:09:42.724737-0500]    31.6875 MB /   0.50 sec =  531.6833 Mbps     0 retrans   5601 KB-cwnd
[2024-11-08T18:09:43.224595-0500]    22.0625 MB /   0.50 sec =  370.1281 Mbps     0 retrans   5601 KB-cwnd
[2024-11-08T18:09:43.724405-0500]    30.8750 MB /   0.50 sec =  518.0421 Mbps     3 retrans   9313 KB-cwnd
[2024-11-08T18:09:44.224675-0500]     9.0625 MB /   0.50 sec =  151.9909 Mbps     0 retrans   9313 KB-cwnd
[2024-11-08T18:09:44.726050-0500]    18.5625 MB /   0.50 sec =  310.5600 Mbps     0 retrans   9313 KB-cwnd
[2024-11-08T18:09:45.224398-0500]    17.0625 MB /   0.50 sec =  287.1572 Mbps     0 retrans   9313 KB-cwnd
[2024-11-08T18:09:45.724526-0500]    13.3750 MB /   0.50 sec =  224.4137 Mbps     0 retrans   9313 KB-cwnd
[2024-11-08T18:09:46.224398-0500]    27.2500 MB /   0.50 sec =  457.1462 Mbps     0 retrans   9313 KB-cwnd
[2024-11-08T18:09:46.724375-0500]    30.9375 MB /   0.50 sec =  519.0617 Mbps     0 retrans   9313 KB-cwnd
[2024-11-08T18:09:47.224352-0500]    30.3125 MB /   0.50 sec =  508.5431 Mbps     2 retrans  10413 KB-cwnd
[2024-11-08T18:09:47.724404-0500]    35.6875 MB /   0.50 sec =  598.7489 Mbps     0 retrans  10451 KB-cwnd
[2024-11-08T18:09:48.224364-0500]    39.5000 MB /   0.50 sec =  662.7040 Mbps     0 retrans  10653 KB-cwnd
[2024-11-08T18:09:48.724405-0500]    15.3750 MB /   0.50 sec =  257.9461 Mbps     0 retrans  10653 KB-cwnd
[2024-11-08T18:09:49.224494-0500]    45.1250 MB /   0.50 sec =  757.0870 Mbps    11 retrans  11229 KB-cwnd
[2024-11-08T18:09:49.724819-0500]    38.9375 MB /   0.50 sec =  652.7002 Mbps     0 retrans  11229 KB-cwnd
[2024-11-08T18:09:50.224344-0500]    24.6875 MB /   0.50 sec =  414.5399 Mbps     0 retrans  11836 KB-cwnd
[2024-11-08T18:09:50.724675-0500]    45.1875 MB /   0.50 sec =  758.0583 Mbps     0 retrans  11836 KB-cwnd
[2024-11-08T18:09:51.224327-0500]    49.1875 MB /   0.50 sec =  825.3284 Mbps     0 retrans  15883 KB-cwnd
[2024-11-08T18:09:51.724664-0500]    52.1875 MB /   0.50 sec =  875.5662 Mbps     2 retrans  13533 KB-cwnd
[2024-11-08T18:09:52.224376-0500]    52.1875 MB /   0.50 sec =  875.5382 Mbps     0 retrans  13000 KB-cwnd
[2024-11-08T18:09:52.724538-0500]    42.8750 MB /   0.50 sec =  719.1836 Mbps     0 retrans  16567 KB-cwnd
[2024-11-08T18:09:53.224782-0500]    43.7500 MB /   0.50 sec =  733.5689 Mbps     0 retrans  16567 KB-cwnd
[2024-11-08T18:09:53.724403-0500]    39.6250 MB /   0.50 sec =  665.2948 Mbps     0 retrans  15949 KB-cwnd
[2024-11-08T18:09:54.224305-0500]    46.3125 MB /   0.50 sec =  777.0601 Mbps     0 retrans  15648 KB-cwnd
[2024-11-08T18:09:54.724292-0500]    51.9375 MB /   0.50 sec =  871.3736 Mbps     0 retrans  15648 KB-cwnd
[2024-11-08T18:09:55.224632-0500]    42.4375 MB /   0.50 sec =  711.9475 Mbps     0 retrans  15198 KB-cwnd
[2024-11-08T18:09:55.724770-0500]    39.2500 MB /   0.50 sec =  658.1674 Mbps     0 retrans  15198 KB-cwnd
[2024-11-08T18:09:56.225002-0500]    26.0625 MB /   0.50 sec =  437.1574 Mbps     0 retrans  15728 KB-cwnd
[2024-11-08T18:09:56.724675-0500]    25.2500 MB /   0.50 sec =  423.7934 Mbps     0 retrans  15728 KB-cwnd
[2024-11-08T18:09:57.224345-0500]    40.1875 MB /   0.50 sec =  674.4637 Mbps     0 retrans  17854 KB-cwnd
[2024-11-08T18:09:57.724420-0500]    37.6250 MB /   0.50 sec =  631.2036 Mbps     0 retrans  17854 KB-cwnd
[2024-11-08T18:09:58.224365-0500]    37.3125 MB /   0.50 sec =  626.0312 Mbps     1 retrans  15177 KB-cwnd
[2024-11-08T18:09:58.724432-0500]    39.1250 MB /   0.50 sec =  656.3718 Mbps     1 retrans   2392 KB-cwnd
[2024-11-08T18:09:59.224292-0500]    39.7500 MB /   0.50 sec =  666.9677 Mbps     1 retrans  11434 KB-cwnd
[2024-11-08T18:09:59.724402-0500]    26.3750 MB /   0.50 sec =  442.4477 Mbps     0 retrans  11434 KB-cwnd
[2024-11-08T18:10:00.224539-0500]    20.5625 MB /   0.50 sec =  344.9180 Mbps     0 retrans  11450 KB-cwnd
[2024-11-08T18:10:00.724565-0500]    26.6250 MB /   0.50 sec =  446.7961 Mbps     0 retrans  14604 KB-cwnd
[2024-11-08T18:10:01.224662-0500]    18.5000 MB /   0.50 sec =  310.3369 Mbps     0 retrans  14878 KB-cwnd
[2024-11-08T18:10:01.724391-0500]    17.1875 MB /   0.50 sec =  288.3994 Mbps     0 retrans  14878 KB-cwnd
[2024-11-08T18:10:02.224365-0500]     6.0000 MB /   0.50 sec =  100.6637 Mbps     0 retrans  14878 KB-cwnd
[2024-11-08T18:10:02.725105-0500]    13.4375 MB /   0.50 sec =  225.3442 Mbps     0 retrans  14996 KB-cwnd
[2024-11-08T18:10:03.224386-0500]    12.8125 MB /   0.50 sec =  215.0501 Mbps     0 retrans  13634 KB-cwnd
[2024-11-08T18:10:03.724558-0500]     2.6875 MB /   0.50 sec =   45.0826 Mbps     0 retrans  13634 KB-cwnd
[2024-11-08T18:10:04.224947-0500]     0.0000 MB /   0.50 sec =    0.0000 Mbps     0 retrans  13634 KB-cwnd
[2024-11-08T18:10:04.724671-0500]     0.0000 MB /   0.50 sec =    0.0000 Mbps     0 retrans  13634 KB-cwnd
[2024-11-08T18:10:05.224421-0500]     7.1875 MB /   0.50 sec =  120.6277 Mbps     0 retrans  13634 KB-cwnd
[2024-11-08T18:10:05.724640-0500]     2.5000 MB /   0.50 sec =   41.9306 Mbps     0 retrans  13634 KB-cwnd
[2024-11-08T18:10:06.224891-0500]     9.1250 MB /   0.50 sec =  153.0205 Mbps     0 retrans  13634 KB-cwnd
[2024-11-08T18:10:06.725978-0500]     0.4375 MB /   0.50 sec =    7.3238 Mbps     0 retrans  13634 KB-cwnd
[2024-11-08T18:10:07.224412-0500]     3.6250 MB /   0.50 sec =   60.9993 Mbps     0 retrans  13634 KB-cwnd
[2024-11-08T18:10:07.724392-0500]     5.1250 MB /   0.50 sec =   85.9872 Mbps     0 retrans  13634 KB-cwnd
[2024-11-08T18:10:08.224391-0500]     4.3750 MB /   0.50 sec =   73.4002 Mbps     0 retrans  13634 KB-cwnd
[2024-11-08T18:10:08.724403-0500]     4.8750 MB /   0.50 sec =   81.7888 Mbps     0 retrans  13634 KB-cwnd
[2024-11-08T18:10:09.224430-0500]     5.2500 MB /   0.50 sec =   88.0698 Mbps     0 retrans  13634 KB-cwnd
[2024-11-08T18:10:09.725006-0500]     7.2500 MB /   0.50 sec =  121.5522 Mbps     0 retrans  13634 KB-cwnd
[2024-11-08T18:10:10.224415-0500]     6.9375 MB /   0.50 sec =  116.4849 Mbps     0 retrans  13634 KB-cwnd
[2024-11-08T18:10:10.725545-0500]     4.6875 MB /   0.50 sec =   78.4676 Mbps     0 retrans  13634 KB-cwnd
[2024-11-08T18:10:11.224424-0500]     6.0625 MB /   0.50 sec =  101.9243 Mbps     0 retrans  13634 KB-cwnd
[2024-11-08T18:10:11.724992-0500]     5.8125 MB /   0.50 sec =   97.4235 Mbps     3 retrans  11601 KB-cwnd
[2024-11-08T18:10:12.224390-0500]     9.7500 MB /   0.50 sec =  163.7619 Mbps     0 retrans  11601 KB-cwnd
[2024-11-08T18:10:12.724406-0500]    11.8750 MB /   0.50 sec =  199.2255 Mbps     0 retrans  10985 KB-cwnd
[2024-11-08T18:10:13.224467-0500]    13.8750 MB /   0.50 sec =  232.7573 Mbps     1 retrans  10985 KB-cwnd
[2024-11-08T18:10:13.724395-0500]    18.5625 MB /   0.50 sec =  311.4663 Mbps     0 retrans  10985 KB-cwnd
[2024-11-08T18:10:14.224326-0500]    22.0000 MB /   0.50 sec =  369.1076 Mbps  3567 retrans   6774 KB-cwnd
[2024-11-08T18:10:14.724839-0500]    24.0625 MB /   0.50 sec =  403.3670 Mbps     0 retrans   6905 KB-cwnd
[2024-11-08T18:10:15.224376-0500]    28.7500 MB /   0.50 sec =  482.7437 Mbps     0 retrans   6947 KB-cwnd
[2024-11-08T18:10:15.724366-0500]    35.9375 MB /   0.50 sec =  602.9336 Mbps  4437 retrans   2586 KB-cwnd
[2024-11-08T18:10:16.224325-0500]    39.1875 MB /   0.50 sec =  657.4716 Mbps     0 retrans   2576 KB-cwnd
[2024-11-08T18:10:16.724656-0500]    39.3750 MB /   0.50 sec =  660.5606 Mbps     0 retrans   6138 KB-cwnd
[2024-11-08T18:10:17.224384-0500]    38.4375 MB /   0.50 sec =  644.8936 Mbps     0 retrans   6138 KB-cwnd
[2024-11-08T18:10:17.724383-0500]    36.3125 MB /   0.50 sec =  609.2214 Mbps     0 retrans   9382 KB-cwnd
[2024-11-08T18:10:18.224315-0500]    39.8125 MB /   0.50 sec =  667.9670 Mbps     0 retrans  12870 KB-cwnd
[2024-11-08T18:10:18.724698-0500]    37.8750 MB /   0.50 sec =  635.3506 Mbps     0 retrans  12870 KB-cwnd
[2024-11-08T18:10:19.224466-0500]    43.3125 MB /   0.50 sec =  726.6661 Mbps     0 retrans  13147 KB-cwnd
[2024-11-08T18:10:19.724780-0500]    44.4375 MB /   0.50 sec =  745.0577 Mbps     0 retrans  13147 KB-cwnd
[2024-11-08T18:10:20.224527-0500]    49.3125 MB /   0.50 sec =  827.7155 Mbps     0 retrans  14383 KB-cwnd
[2024-11-08T18:10:20.724401-0500]    47.4375 MB /   0.50 sec =  796.0873 Mbps     0 retrans  14575 KB-cwnd
[2024-11-08T18:10:21.224407-0500]    43.8125 MB /   0.50 sec =  735.0444 Mbps     0 retrans  14713 KB-cwnd
[2024-11-08T18:10:21.724380-0500]    46.8125 MB /   0.50 sec =  785.3928 Mbps     0 retrans  17148 KB-cwnd
[2024-11-08T18:10:22.224641-0500]    43.2500 MB /   0.50 sec =  725.4724 Mbps     0 retrans  17145 KB-cwnd
[2024-11-08T18:10:22.724860-0500]    15.7500 MB /   0.50 sec =  264.0553 Mbps     0 retrans  16317 KB-cwnd
[2024-11-08T18:10:23.224479-0500]    40.1875 MB /   0.50 sec =  674.7539 Mbps     0 retrans  16317 KB-cwnd
[2024-11-08T18:10:23.724621-0500]    43.1875 MB /   0.50 sec =  724.6341 Mbps     0 retrans  14500 KB-cwnd
[2024-11-08T18:10:24.224412-0500]    43.8750 MB /   0.50 sec =  736.0915 Mbps     0 retrans  14500 KB-cwnd
[2024-11-08T18:10:24.724397-0500]    41.7500 MB /   0.50 sec =  700.4768 Mbps     0 retrans  12537 KB-cwnd
[2024-11-08T18:10:25.224347-0500]    46.8125 MB /   0.50 sec =  785.3991 Mbps     0 retrans  14929 KB-cwnd
[2024-11-08T18:10:25.724379-0500]    49.9375 MB /   0.50 sec =  837.8022 Mbps     0 retrans  14785 KB-cwnd
[2024-11-08T18:10:26.224437-0500]    53.7500 MB /   0.50 sec =  901.6762 Mbps     0 retrans  13147 KB-cwnd
[2024-11-08T18:10:26.724608-0500]    52.8125 MB /   0.50 sec =  886.1247 Mbps     0 retrans  13147 KB-cwnd
[2024-11-08T18:10:27.224383-0500]    52.5625 MB /   0.50 sec =  881.8753 Mbps     0 retrans  13922 KB-cwnd
[2024-11-08T18:10:27.724383-0500]    50.7500 MB /   0.50 sec =  851.4522 Mbps     0 retrans  17316 KB-cwnd
[2024-11-08T18:10:28.224789-0500]    57.3750 MB /   0.50 sec =  962.4965 Mbps     0 retrans  18720 KB-cwnd
[2024-11-08T18:10:28.725790-0500]    53.4375 MB /   0.50 sec =  894.1540 Mbps     0 retrans  18723 KB-cwnd
[2024-11-08T18:10:29.224529-0500]    56.8750 MB /   0.50 sec =  956.8239 Mbps     0 retrans  17436 KB-cwnd
[2024-11-08T18:10:29.724391-0500]    53.0625 MB /   0.50 sec =  890.2339 Mbps     0 retrans  17223 KB-cwnd
[2024-11-08T18:10:30.224329-0500]    51.2500 MB /   0.50 sec =  859.8839 Mbps     0 retrans  17223 KB-cwnd
[2024-11-08T18:10:30.724418-0500]    42.3125 MB /   0.50 sec =  709.8391 Mbps     0 retrans  17612 KB-cwnd
[2024-11-08T18:10:31.224405-0500]    39.6250 MB /   0.50 sec =  664.7826 Mbps     0 retrans  16365 KB-cwnd
[2024-11-08T18:10:31.724652-0500]    42.6250 MB /   0.50 sec =  715.1474 Mbps     0 retrans  16368 KB-cwnd
[2024-11-08T18:10:32.224391-0500]    39.0000 MB /   0.50 sec =  654.3258 Mbps     0 retrans  18096 KB-cwnd
[2024-11-08T18:10:32.724409-0500]    31.0000 MB /   0.50 sec =  520.0802 Mbps     0 retrans  18096 KB-cwnd
[2024-11-08T18:10:33.224386-0500]    39.2500 MB /   0.50 sec =  658.5110 Mbps     0 retrans  13176 KB-cwnd
[2024-11-08T18:10:33.724462-0500]    37.7500 MB /   0.50 sec =  633.3032 Mbps     0 retrans  13176 KB-cwnd
[2024-11-08T18:10:34.224423-0500]    41.3125 MB /   0.50 sec =  693.1365 Mbps     0 retrans  14210 KB-cwnd
[2024-11-08T18:10:34.725085-0500]    41.8125 MB /   0.50 sec =  700.8162 Mbps     0 retrans  14210 KB-cwnd
[2024-11-08T18:10:35.225940-0500]    36.8125 MB /   0.50 sec =  616.4240 Mbps     1 retrans  13378 KB-cwnd
[2024-11-08T18:10:35.724387-0500]    40.3750 MB /   0.50 sec =  679.3707 Mbps     0 retrans  13378 KB-cwnd
[2024-11-08T18:10:36.224419-0500]    39.2500 MB /   0.50 sec =  658.4939 Mbps     0 retrans  14684 KB-cwnd
[2024-11-08T18:10:36.724504-0500]    45.3125 MB /   0.50 sec =  760.0732 Mbps     0 retrans  14686 KB-cwnd
[2024-11-08T18:10:37.224421-0500]    49.7500 MB /   0.50 sec =  834.8285 Mbps     0 retrans  14271 KB-cwnd
[2024-11-08T18:10:37.724675-0500]    49.8125 MB /   0.50 sec =  835.7201 Mbps     0 retrans  14372 KB-cwnd
[2024-11-08T18:10:38.224401-0500]    58.8125 MB /   0.50 sec =  986.7140 Mbps     0 retrans  14007 KB-cwnd
[2024-11-08T18:10:38.724429-0500]    58.3125 MB /   0.50 sec =  978.2588 Mbps     0 retrans  14356 KB-cwnd
[2024-11-08T18:10:39.225012-0500]    56.8750 MB /   0.50 sec =  953.1081 Mbps     0 retrans  15414 KB-cwnd
[2024-11-08T18:10:39.724400-0500]    47.7500 MB /   0.50 sec =  802.0842 Mbps     0 retrans  20025 KB-cwnd
[2024-11-08T18:10:40.224390-0500]    63.3125 MB /   0.50 sec = 1062.2160 Mbps     0 retrans  18693 KB-cwnd
[2024-11-08T18:10:40.724407-0500]    63.8125 MB /   0.50 sec = 1070.5918 Mbps     0 retrans  17708 KB-cwnd
[2024-11-08T18:10:41.224424-0500]    68.4375 MB /   0.50 sec = 1148.1471 Mbps     0 retrans  18352 KB-cwnd
[2024-11-08T18:10:41.724404-0500]    70.0625 MB /   0.50 sec = 1175.4937 Mbps     0 retrans  20894 KB-cwnd
[2024-11-08T18:10:42.224810-0500]    65.0000 MB /   0.50 sec = 1090.5278 Mbps     0 retrans  22966 KB-cwnd
[2024-11-08T18:10:42.724433-0500]    53.8750 MB /   0.50 sec =  903.8454 Mbps     0 retrans  21589 KB-cwnd
[2024-11-08T18:10:43.224432-0500]    58.2500 MB /   0.50 sec =  977.2865 Mbps     0 retrans  21261 KB-cwnd
[2024-11-08T18:10:43.724448-0500]    55.6875 MB /   0.50 sec =  934.3317 Mbps     0 retrans  21261 KB-cwnd
[2024-11-08T18:10:44.224770-0500]    66.7500 MB /   0.50 sec = 1119.8321 Mbps     0 retrans  20454 KB-cwnd
[2024-11-08T18:10:44.724402-0500]    60.5000 MB /   0.50 sec = 1015.0175 Mbps     0 retrans  16583 KB-cwnd
[2024-11-08T18:10:45.224800-0500]    63.7500 MB /   0.50 sec = 1069.5390 Mbps     0 retrans  20670 KB-cwnd
[2024-11-08T18:10:45.724392-0500]    61.5000 MB /   0.50 sec = 1031.8070 Mbps     0 retrans  22652 KB-cwnd
[2024-11-08T18:10:46.224497-0500]    62.9375 MB /   0.50 sec = 1055.9752 Mbps     0 retrans  20723 KB-cwnd
[2024-11-08T18:10:46.724379-0500]    66.1250 MB /   0.50 sec = 1109.3024 Mbps     0 retrans  19817 KB-cwnd
[2024-11-08T18:10:47.225524-0500]    62.3750 MB /   0.50 sec = 1044.5068 Mbps     0 retrans  18248 KB-cwnd
[2024-11-08T18:10:47.724334-0500]    64.4375 MB /   0.50 sec = 1083.1963 Mbps     0 retrans  22945 KB-cwnd
[2024-11-08T18:10:48.224367-0500]    67.0000 MB /   0.50 sec = 1124.0398 Mbps     0 retrans  22503 KB-cwnd
[2024-11-08T18:10:48.724658-0500]    61.4375 MB /   0.50 sec = 1030.7234 Mbps     0 retrans  20936 KB-cwnd
[2024-11-08T18:10:49.224420-0500]    64.2500 MB /   0.50 sec = 1077.9059 Mbps     0 retrans  19658 KB-cwnd
[2024-11-08T18:10:49.724772-0500]    70.2500 MB /   0.50 sec = 1178.5853 Mbps     0 retrans  20044 KB-cwnd
[2024-11-08T18:10:50.224390-0500]    61.3125 MB /   0.50 sec = 1028.7107 Mbps     0 retrans  21890 KB-cwnd
[2024-11-08T18:10:50.724432-0500]    59.6250 MB /   0.50 sec = 1000.3035 Mbps     0 retrans  22279 KB-cwnd
[2024-11-08T18:10:51.224394-0500]    33.6875 MB /   0.50 sec =  565.2017 Mbps     0 retrans  21962 KB-cwnd
[2024-11-08T18:10:51.724428-0500]    61.2500 MB /   0.50 sec = 1027.6045 Mbps     0 retrans  21962 KB-cwnd
[2024-11-08T18:10:52.224433-0500]    56.8750 MB /   0.50 sec =  954.2042 Mbps     0 retrans  19655 KB-cwnd
[2024-11-08T18:10:52.724405-0500]    53.8125 MB /   0.50 sec =  902.8185 Mbps     0 retrans  18163 KB-cwnd
[2024-11-08T18:10:53.225486-0500]    50.6250 MB /   0.50 sec =  847.5904 Mbps     0 retrans  18163 KB-cwnd
[2024-11-08T18:10:53.724310-0500]    53.5000 MB /   0.50 sec =  899.4754 Mbps     0 retrans  19229 KB-cwnd
[2024-11-08T18:10:54.225012-0500]    37.1250 MB /   0.50 sec =  622.1561 Mbps     0 retrans  19796 KB-cwnd
[2024-11-08T18:10:54.724690-0500]    31.4375 MB /   0.50 sec =  527.9332 Mbps     0 retrans  19796 KB-cwnd
[2024-11-08T18:10:55.224424-0500]    50.9375 MB /   0.50 sec =  854.7159 Mbps     0 retrans  17084 KB-cwnd
[2024-11-08T18:10:55.724314-0500]    56.8750 MB /   0.50 sec =  954.2614 Mbps     0 retrans  17087 KB-cwnd
[2024-11-08T18:10:56.224796-0500]    59.8750 MB /   0.50 sec = 1004.3590 Mbps     2 retrans  10104 KB-cwnd
[2024-11-08T18:10:56.724436-0500]    60.8125 MB /   0.50 sec = 1020.2971 Mbps     0 retrans  15435 KB-cwnd
[2024-11-08T18:10:57.224391-0500]    58.2500 MB /   0.50 sec =  977.3647 Mbps     0 retrans  19434 KB-cwnd
[2024-11-08T18:10:57.724805-0500]    50.8750 MB /   0.50 sec =  852.9012 Mbps     0 retrans  19434 KB-cwnd
[2024-11-08T18:10:58.224431-0500]    53.4375 MB /   0.50 sec =  897.1946 Mbps     0 retrans  21712 KB-cwnd
[2024-11-08T18:10:58.724483-0500]    39.8125 MB /   0.50 sec =  667.8641 Mbps     0 retrans  20769 KB-cwnd
[2024-11-08T18:10:59.224388-0500]    43.1250 MB /   0.50 sec =  723.6115 Mbps     0 retrans  20321 KB-cwnd
[2024-11-08T18:10:59.724776-0500]    39.5625 MB /   0.50 sec =  663.7513 Mbps     0 retrans  18019 KB-cwnd
[2024-11-08T18:11:00.224408-0500]    17.6250 MB /   0.50 sec =  295.6972 Mbps     0 retrans  18019 KB-cwnd
[2024-11-08T18:11:00.724493-0500]     9.3125 MB /   0.50 sec =  156.2478 Mbps     0 retrans  18019 KB-cwnd
[2024-11-08T18:11:01.224543-0500]    38.7500 MB /   0.50 sec =  650.0430 Mbps     0 retrans  16522 KB-cwnd
[2024-11-08T18:11:01.724445-0500]    42.4375 MB /   0.50 sec =  711.9603 Mbps     0 retrans  16522 KB-cwnd
[2024-11-08T18:11:02.224403-0500]    36.4375 MB /   0.50 sec =  611.3675 Mbps     0 retrans  16775 KB-cwnd
[2024-11-08T18:11:02.724382-0500]    24.4375 MB /   0.50 sec =  409.9940 Mbps     0 retrans  16775 KB-cwnd
[2024-11-08T18:11:03.224509-0500]    22.8125 MB /   0.50 sec =  382.6950 Mbps     0 retrans  15869 KB-cwnd
[2024-11-08T18:11:03.724677-0500]    28.8125 MB /   0.50 sec =  483.3829 Mbps     6 retrans  14828 KB-cwnd
[2024-11-08T18:11:04.224422-0500]    49.0625 MB /   0.50 sec =  823.2178 Mbps     0 retrans  14996 KB-cwnd
[2024-11-08T18:11:04.724389-0500]    47.1875 MB /   0.50 sec =  791.6780 Mbps     0 retrans  15371 KB-cwnd
[2024-11-08T18:11:05.224432-0500]    46.5000 MB /   0.50 sec =  780.0859 Mbps     2 retrans  14583 KB-cwnd
[2024-11-08T18:11:05.724610-0500]    50.5000 MB /   0.50 sec =  847.3562 Mbps     0 retrans  14583 KB-cwnd
[2024-11-08T18:11:06.224337-0500]    52.0625 MB /   0.50 sec =  873.4516 Mbps     0 retrans  14878 KB-cwnd
[2024-11-08T18:11:06.724411-0500]    54.0625 MB /   0.50 sec =  906.9765 Mbps     0 retrans  14175 KB-cwnd
[2024-11-08T18:11:07.224398-0500]    60.2500 MB /   0.50 sec = 1010.8394 Mbps     0 retrans  14649 KB-cwnd
[2024-11-08T18:11:07.724416-0500]    56.3125 MB /   0.50 sec =  944.7537 Mbps     0 retrans  17145 KB-cwnd
[2024-11-08T18:11:08.224447-0500]    51.5625 MB /   0.50 sec =  864.9645 Mbps     0 retrans  19991 KB-cwnd
[2024-11-08T18:11:08.724438-0500]    42.3125 MB /   0.50 sec =  709.9541 Mbps     0 retrans  19908 KB-cwnd
[2024-11-08T18:11:09.224402-0500]    50.4375 MB /   0.50 sec =  846.2076 Mbps     0 retrans  19908 KB-cwnd
[2024-11-08T18:11:09.724432-0500]    46.1250 MB /   0.50 sec =  773.8367 Mbps     0 retrans  19423 KB-cwnd
[2024-11-08T18:11:10.224379-0500]    48.9375 MB /   0.50 sec =  821.0744 Mbps     0 retrans  19423 KB-cwnd
[2024-11-08T18:11:10.724443-0500]    52.5000 MB /   0.50 sec =  880.7915 Mbps     0 retrans  18861 KB-cwnd
[2024-11-08T18:11:11.224403-0500]    52.8750 MB /   0.50 sec =  887.0917 Mbps     0 retrans  17529 KB-cwnd
[2024-11-08T18:11:11.724598-0500]    50.2500 MB /   0.50 sec =  843.1175 Mbps     0 retrans  17825 KB-cwnd
[2024-11-08T18:11:12.224417-0500]    58.3750 MB /   0.50 sec =  979.3112 Mbps     0 retrans  17822 KB-cwnd
[2024-11-08T18:11:12.724567-0500]    56.0000 MB /   0.50 sec =  939.5034 Mbps     0 retrans  19756 KB-cwnd
[2024-11-08T18:11:13.224400-0500]    62.5000 MB /   0.50 sec = 1048.6033 Mbps     0 retrans  19636 KB-cwnd
[2024-11-08T18:11:13.724407-0500]    59.3750 MB /   0.50 sec =  996.1133 Mbps     0 retrans  19495 KB-cwnd
[2024-11-08T18:11:14.224413-0500]    50.4375 MB /   0.50 sec =  846.2296 Mbps     0 retrans  19165 KB-cwnd
[2024-11-08T18:11:14.724391-0500]    53.3750 MB /   0.50 sec =  895.4893 Mbps     0 retrans  19490 KB-cwnd
[2024-11-08T18:11:15.224843-0500]    54.9375 MB /   0.50 sec =  921.6946 Mbps     0 retrans  22026 KB-cwnd
[2024-11-08T18:11:15.724393-0500]    55.1250 MB /   0.50 sec =  924.8514 Mbps     0 retrans  22026 KB-cwnd
[2024-11-08T18:11:16.224393-0500]    55.5000 MB /   0.50 sec =  931.1374 Mbps     0 retrans  19634 KB-cwnd
[2024-11-08T18:11:16.724395-0500]    57.2500 MB /   0.50 sec =  960.4975 Mbps     0 retrans  20140 KB-cwnd
[2024-11-08T18:11:17.224408-0500]    20.6250 MB /   0.50 sec =  346.0114 Mbps     0 retrans  20140 KB-cwnd
[2024-11-08T18:11:17.724381-0500]    55.6250 MB /   0.50 sec =  933.2793 Mbps     0 retrans  18368 KB-cwnd
[2024-11-08T18:11:18.224955-0500]    50.3125 MB /   0.50 sec =  843.5807 Mbps     0 retrans  18715 KB-cwnd
[2024-11-08T18:11:18.724812-0500]    47.7500 MB /   0.50 sec =  800.9471 Mbps     0 retrans      5 KB-cwnd
[2024-11-08T18:11:19.224421-0500]    47.7500 MB /   0.50 sec =  801.7278 Mbps     0 retrans  16642 KB-cwnd
[2024-11-08T18:11:19.724416-0500]    43.6875 MB /   0.50 sec =  732.9766 Mbps     0 retrans  16642 KB-cwnd
[2024-11-08T18:11:20.224439-0500]    45.5000 MB /   0.50 sec =  763.3679 Mbps     0 retrans  18557 KB-cwnd
[2024-11-08T18:11:20.724733-0500]    38.1250 MB /   0.50 sec =  639.4945 Mbps     0 retrans  18728 KB-cwnd
[2024-11-08T18:11:21.224857-0500]    48.1250 MB /   0.50 sec =  807.5747 Mbps     0 retrans  18557 KB-cwnd
[2024-11-08T18:11:21.724401-0500]    50.0625 MB /   0.50 sec =  839.9262 Mbps     0 retrans  17012 KB-cwnd
[2024-11-08T18:11:22.224401-0500]    45.1875 MB /   0.50 sec =  758.1159 Mbps     0 retrans  17012 KB-cwnd
[2024-11-08T18:11:22.724345-0500]    38.1875 MB /   0.50 sec =  640.6658 Mbps     0 retrans  17814 KB-cwnd
[2024-11-08T18:11:23.224909-0500]    48.3750 MB /   0.50 sec =  810.8389 Mbps     0 retrans  17814 KB-cwnd
[2024-11-08T18:11:23.724391-0500]    42.2500 MB /   0.50 sec =  709.5199 Mbps     0 retrans  18070 KB-cwnd
[2024-11-08T18:11:24.224391-0500]    45.5000 MB /   0.50 sec =  763.3557 Mbps     0 retrans  17303 KB-cwnd
[2024-11-08T18:11:24.724451-0500]    38.5000 MB /   0.50 sec =  645.8802 Mbps     0 retrans  17303 KB-cwnd
[2024-11-08T18:11:25.224622-0500]    29.9375 MB /   0.50 sec =  502.3362 Mbps     0 retrans  14729 KB-cwnd
[2024-11-08T18:11:25.724407-0500]    36.1875 MB /   0.50 sec =  607.0915 Mbps     0 retrans  14729 KB-cwnd
End time: 1731107485976
