Start time: 1731107702965
[2024-11-08T18:15:08.060719-0500] traceroute to 54.197.223.49 (54.197.223.49), 30 hops max, 60 byte packets
[2024-11-08T18:15:08.061399-0500]  1  * * *
[2024-11-08T18:15:08.061447-0500]  2  * * *
[2024-11-08T18:15:08.061478-0500]  3  * * *
[2024-11-08T18:15:08.070453-0500]  4  * * *
[2024-11-08T18:15:08.070543-0500]  5  * * *
[2024-11-08T18:15:13.069310-0500]  6  * * *
[2024-11-08T18:15:13.069736-0500]  7  * * *
[2024-11-08T18:15:13.082948-0500]  8  * * *
[2024-11-08T18:15:13.083250-0500]  9  * * *
[2024-11-08T18:15:13.083378-0500] 10  * * *
[2024-11-08T18:15:18.077435-0500] 11  * * *
[2024-11-08T18:15:18.086404-0500] 12  * * *
[2024-11-08T18:15:18.086580-0500] 13  * * *
[2024-11-08T18:15:18.094673-0500] 14  * * *
[2024-11-08T18:15:18.094791-0500] 15  * * *
[2024-11-08T18:15:23.086781-0500] 16  * * *
[2024-11-08T18:15:23.087174-0500] 17  * * *
[2024-11-08T18:15:23.095876-0500] 18  * * *
[2024-11-08T18:15:23.104830-0500] 19  * * *
[2024-11-08T18:15:23.105006-0500] 20  * * *
[2024-11-08T18:15:23.111552-0500] 21  * * *
[2024-11-08T18:15:28.095771-0500] 22  * * *
[2024-11-08T18:15:28.103046-0500] 23  * * *
[2024-11-08T18:15:28.112702-0500] 24  * * *
[2024-11-08T18:15:28.112951-0500] 25  * * *
[2024-11-08T18:15:28.113022-0500] 26  * * *
[2024-11-08T18:15:33.047319-0500] 27  * *End time: 1731107733112
