Start time: 1730932843278
[2024-11-06T17:40:44.238792-0500] nuttcp-r: v8.1.4: socket
[2024-11-06T17:40:44.239188-0500] nuttcp-r: buflen=65536, nstream=1, port=5379 tcp
[2024-11-06T17:40:44.239223-0500] nuttcp-r: interval reporting every 0.50 seconds
[2024-11-06T17:40:44.239248-0500] nuttcp-r: connect to 54.197.223.49 with RTT=73.248 ms af=inet
[2024-11-06T17:40:44.239272-0500] nuttcp-r: send window size = 2097152, receive window size = 6291456
[2024-11-06T17:40:44.239296-0500] nuttcp-r: available send window = 1572864, available receive window = 4718592
[2024-11-06T17:40:44.239318-0500]     0.4375 MB /   0.50 sec =    7.3396 Mbps     0 retrans     13 KB-cwnd
[2024-11-06T17:40:44.738820-0500]     4.4375 MB /   0.50 sec =   74.4407 Mbps     0 retrans     13 KB-cwnd
[2024-11-06T17:40:45.239263-0500]    14.9375 MB /   0.50 sec =  250.4033 Mbps     0 retrans     13 KB-cwnd
[2024-11-06T17:40:45.738916-0500]    13.9375 MB /   0.50 sec =  234.0173 Mbps     0 retrans     13 KB-cwnd
[2024-11-06T17:40:46.238748-0500]    15.4375 MB /   0.50 sec =  259.0325 Mbps     0 retrans     13 KB-cwnd
[2024-11-06T17:40:46.738738-0500]    17.5625 MB /   0.50 sec =  294.6410 Mbps     0 retrans     13 KB-cwnd
[2024-11-06T17:40:47.238820-0500]    10.8750 MB /   0.50 sec =  182.4489 Mbps     0 retrans     13 KB-cwnd
[2024-11-06T17:40:47.738827-0500]     5.8125 MB /   0.50 sec =   97.5144 Mbps     0 retrans     13 KB-cwnd
[2024-11-06T17:40:48.238770-0500]    18.2500 MB /   0.50 sec =  306.1885 Mbps     0 retrans     13 KB-cwnd
[2024-11-06T17:40:48.738749-0500]    21.4375 MB /   0.50 sec =  359.6760 Mbps     0 retrans     13 KB-cwnd
[2024-11-06T17:40:49.238812-0500]    24.8750 MB /   0.50 sec =  417.2940 Mbps     0 retrans     13 KB-cwnd
[2024-11-06T17:40:49.738952-0500]    27.0000 MB /   0.50 sec =  453.0020 Mbps     0 retrans     13 KB-cwnd
[2024-11-06T17:40:50.238713-0500]    23.7500 MB /   0.50 sec =  398.5003 Mbps     0 retrans     13 KB-cwnd
[2024-11-06T17:40:50.738948-0500]    26.8750 MB /   0.50 sec =  450.7939 Mbps     0 retrans     18 KB-cwnd
[2024-11-06T17:40:51.238874-0500]    21.1250 MB /   0.50 sec =  354.4619 Mbps     0 retrans     26 KB-cwnd
[2024-11-06T17:40:51.738878-0500]    10.6875 MB /   0.50 sec =  179.2997 Mbps     0 retrans     26 KB-cwnd
[2024-11-06T17:40:52.238796-0500]    17.3750 MB /   0.50 sec =  291.5035 Mbps     0 retrans     26 KB-cwnd
[2024-11-06T17:40:52.738761-0500]    19.5000 MB /   0.50 sec =  327.1714 Mbps     0 retrans     26 KB-cwnd
[2024-11-06T17:40:53.238757-0500]    15.5000 MB /   0.50 sec =  260.0474 Mbps     0 retrans     26 KB-cwnd
[2024-11-06T17:40:53.738734-0500]    15.9375 MB /   0.50 sec =  267.3944 Mbps     0 retrans     26 KB-cwnd
[2024-11-06T17:40:54.238888-0500]    12.0625 MB /   0.50 sec =  202.3695 Mbps     0 retrans     26 KB-cwnd
[2024-11-06T17:40:54.738798-0500]     4.1875 MB /   0.50 sec =   70.2567 Mbps     0 retrans     26 KB-cwnd
[2024-11-06T17:40:55.240304-0500]    12.8125 MB /   0.50 sec =  214.3006 Mbps     0 retrans     26 KB-cwnd
[2024-11-06T17:40:55.738764-0500]    13.3125 MB /   0.50 sec =  224.0358 Mbps     0 retrans     26 KB-cwnd
[2024-11-06T17:40:56.238760-0500]     0.3750 MB /   0.50 sec =    6.2915 Mbps     0 retrans     26 KB-cwnd
[2024-11-06T17:40:56.738748-0500]     6.5000 MB /   0.50 sec =  109.0499 Mbps     0 retrans     26 KB-cwnd
[2024-11-06T17:40:57.238731-0500]    10.2500 MB /   0.50 sec =  171.9709 Mbps     0 retrans     26 KB-cwnd
[2024-11-06T17:40:57.738933-0500]     4.8750 MB /   0.50 sec =   81.7794 Mbps     0 retrans     26 KB-cwnd
[2024-11-06T17:40:58.238729-0500]     7.9375 MB /   0.50 sec =  133.1846 Mbps     0 retrans     26 KB-cwnd
[2024-11-06T17:40:58.738847-0500]    11.6875 MB /   0.50 sec =  196.0574 Mbps     0 retrans     26 KB-cwnd
[2024-11-06T17:40:59.238791-0500]    11.0625 MB /   0.50 sec =  185.6139 Mbps  1336 retrans   8759 KB-cwnd
[2024-11-06T17:40:59.738769-0500]     8.3125 MB /   0.50 sec =  139.4614 Mbps     0 retrans   8823 KB-cwnd
[2024-11-06T17:41:00.239764-0500]    13.0625 MB /   0.50 sec =  218.7272 Mbps     1 retrans   8823 KB-cwnd
[2024-11-06T17:41:00.738746-0500]     9.1250 MB /   0.50 sec =  153.3921 Mbps     0 retrans   8823 KB-cwnd
[2024-11-06T17:41:01.238896-0500]    16.3750 MB /   0.50 sec =  274.7033 Mbps     0 retrans   8823 KB-cwnd
[2024-11-06T17:41:01.738898-0500]    10.6250 MB /   0.50 sec =  178.2554 Mbps     0 retrans   8823 KB-cwnd
[2024-11-06T17:41:02.240520-0500]    11.0625 MB /   0.50 sec =  185.2475 Mbps     0 retrans   8823 KB-cwnd
[2024-11-06T17:41:02.738881-0500]     9.8125 MB /   0.50 sec =  164.9368 Mbps     0 retrans   8823 KB-cwnd
[2024-11-06T17:41:03.238746-0500]     8.0625 MB /   0.50 sec =  135.2831 Mbps     0 retrans   8823 KB-cwnd
[2024-11-06T17:41:03.738819-0500]    12.1250 MB /   0.50 sec =  203.4124 Mbps     0 retrans   8823 KB-cwnd
[2024-11-06T17:41:04.242464-0500]    12.5000 MB /   0.50 sec =  209.7316 Mbps     0 retrans   8823 KB-cwnd
[2024-11-06T17:41:04.738978-0500]     9.6250 MB /   0.50 sec =  161.4410 Mbps     0 retrans   8823 KB-cwnd
[2024-11-06T17:41:05.238776-0500]    12.3750 MB /   0.50 sec =  207.6621 Mbps     0 retrans   8823 KB-cwnd
[2024-11-06T17:41:05.738769-0500]    13.5625 MB /   0.50 sec =  227.5428 Mbps   318 retrans  11868 KB-cwnd
[2024-11-06T17:41:06.238771-0500]     9.8125 MB /   0.50 sec =  164.6185 Mbps     0 retrans  11868 KB-cwnd
[2024-11-06T17:41:06.738777-0500]     9.6250 MB /   0.50 sec =  161.4813 Mbps     0 retrans  11868 KB-cwnd
[2024-11-06T17:41:07.238809-0500]     8.6250 MB /   0.50 sec =  144.7020 Mbps     0 retrans  11868 KB-cwnd
[2024-11-06T17:41:07.738908-0500]    12.0625 MB /   0.50 sec =  202.3776 Mbps     0 retrans  11868 KB-cwnd
[2024-11-06T17:41:08.238832-0500]    15.3750 MB /   0.50 sec =  257.9471 Mbps     0 retrans  11868 KB-cwnd
[2024-11-06T17:41:08.738780-0500]     9.5625 MB /   0.50 sec =  160.4312 Mbps     0 retrans  11868 KB-cwnd
[2024-11-06T17:41:09.238741-0500]     8.3750 MB /   0.50 sec =  140.5190 Mbps     0 retrans  11868 KB-cwnd
[2024-11-06T17:41:09.738876-0500]    13.1250 MB /   0.50 sec =  220.1644 Mbps     0 retrans  11868 KB-cwnd
[2024-11-06T17:41:10.238937-0500]     4.8750 MB /   0.50 sec =   81.8040 Mbps     0 retrans  11868 KB-cwnd
[2024-11-06T17:41:10.738836-0500]    12.0625 MB /   0.50 sec =  202.3517 Mbps     0 retrans  11868 KB-cwnd
[2024-11-06T17:41:11.238920-0500]    12.3125 MB /   0.50 sec =  206.5496 Mbps     0 retrans  11868 KB-cwnd
[2024-11-06T17:41:11.738844-0500]    11.2500 MB /   0.50 sec =  188.7622 Mbps     0 retrans  11868 KB-cwnd
[2024-11-06T17:41:12.238943-0500]    11.4375 MB /   0.50 sec =  191.8867 Mbps     0 retrans  11868 KB-cwnd
[2024-11-06T17:41:12.738859-0500]    14.6250 MB /   0.50 sec =  245.3683 Mbps  1795 retrans   6028 KB-cwnd
[2024-11-06T17:41:13.238783-0500]     6.5000 MB /   0.50 sec =  109.0587 Mbps     0 retrans   6028 KB-cwnd
[2024-11-06T17:41:13.738736-0500]     7.7500 MB /   0.50 sec =  130.0286 Mbps     0 retrans   6028 KB-cwnd
[2024-11-06T17:41:14.238856-0500]    12.1250 MB /   0.50 sec =  203.3965 Mbps     0 retrans   6028 KB-cwnd
[2024-11-06T17:41:14.738828-0500]    10.6250 MB /   0.50 sec =  178.2704 Mbps     0 retrans   6028 KB-cwnd
[2024-11-06T17:41:15.239231-0500]     9.2500 MB /   0.50 sec =  155.1564 Mbps     0 retrans   6028 KB-cwnd
[2024-11-06T17:41:15.739014-0500]     3.3750 MB /   0.50 sec =   56.6296 Mbps     0 retrans   6028 KB-cwnd
[2024-11-06T17:41:16.238866-0500]     7.7500 MB /   0.50 sec =  130.0354 Mbps     0 retrans   6028 KB-cwnd
[2024-11-06T17:41:16.738754-0500]     7.9375 MB /   0.50 sec =  133.1758 Mbps     0 retrans   6028 KB-cwnd
[2024-11-06T17:41:17.238749-0500]     3.8750 MB /   0.50 sec =   65.0111 Mbps     0 retrans   6028 KB-cwnd
[2024-11-06T17:41:17.739134-0500]     2.1250 MB /   0.50 sec =   35.6398 Mbps     0 retrans   6028 KB-cwnd
[2024-11-06T17:41:18.238847-0500]     4.1875 MB /   0.50 sec =   70.2705 Mbps     0 retrans   6028 KB-cwnd
[2024-11-06T17:41:18.738975-0500]     7.1250 MB /   0.50 sec =  119.5374 Mbps     0 retrans   6028 KB-cwnd
[2024-11-06T17:41:19.239014-0500]     4.4375 MB /   0.50 sec =   74.4563 Mbps     0 retrans   6028 KB-cwnd
[2024-11-06T17:41:19.738834-0500]     2.1250 MB /   0.50 sec =   35.6505 Mbps     0 retrans   6028 KB-cwnd
[2024-11-06T17:41:20.239185-0500]     7.1250 MB /   0.50 sec =  119.4760 Mbps     0 retrans   6028 KB-cwnd
[2024-11-06T17:41:20.738740-0500]     5.8750 MB /   0.50 sec =   98.6241 Mbps     0 retrans   6028 KB-cwnd
[2024-11-06T17:41:21.238903-0500]     6.3750 MB /   0.50 sec =  106.9432 Mbps     0 retrans   6028 KB-cwnd
[2024-11-06T17:41:21.738901-0500]     6.9375 MB /   0.50 sec =  116.3924 Mbps     0 retrans   6028 KB-cwnd
[2024-11-06T17:41:22.238836-0500]     6.0000 MB /   0.50 sec =  100.6619 Mbps     0 retrans   6028 KB-cwnd
[2024-11-06T17:41:22.738870-0500]    12.1875 MB /   0.50 sec =  204.4870 Mbps   649 retrans   5703 KB-cwnd
[2024-11-06T17:41:23.241724-0500]     9.1875 MB /   0.50 sec =  153.2305 Mbps     0 retrans   5703 KB-cwnd
[2024-11-06T17:41:23.738741-0500]     9.3125 MB /   0.50 sec =  157.1774 Mbps     0 retrans   4801 KB-cwnd
[2024-11-06T17:41:24.238906-0500]     7.1250 MB /   0.50 sec =  119.5231 Mbps     0 retrans   4801 KB-cwnd
[2024-11-06T17:41:24.738817-0500]    11.3125 MB /   0.50 sec =  189.8109 Mbps     0 retrans   4801 KB-cwnd
[2024-11-06T17:41:25.238921-0500]    12.0625 MB /   0.50 sec =  202.3456 Mbps     0 retrans   4801 KB-cwnd
[2024-11-06T17:41:25.738846-0500]    11.6875 MB /   0.50 sec =  196.0951 Mbps     2 retrans   4801 KB-cwnd
[2024-11-06T17:41:26.238869-0500]    14.4375 MB /   0.50 sec =  242.2094 Mbps   132 retrans      5 KB-cwnd
[2024-11-06T17:41:26.738762-0500]    12.2500 MB /   0.50 sec =  205.5497 Mbps     0 retrans      5 KB-cwnd
[2024-11-06T17:41:27.239087-0500]    20.0625 MB /   0.50 sec =  336.5014 Mbps     0 retrans      5 KB-cwnd
[2024-11-06T17:41:27.738813-0500]    11.1875 MB /   0.50 sec =  187.7379 Mbps     0 retrans      5 KB-cwnd
[2024-11-06T17:41:28.238887-0500]    16.0625 MB /   0.50 sec =  269.4927 Mbps     0 retrans      5 KB-cwnd
[2024-11-06T17:41:28.738866-0500]     7.5000 MB /   0.50 sec =  125.8150 Mbps    77 retrans   4518 KB-cwnd
[2024-11-06T17:41:29.238851-0500]    14.5625 MB /   0.50 sec =  244.3182 Mbps     0 retrans   4518 KB-cwnd
[2024-11-06T17:41:29.738884-0500]    10.7500 MB /   0.50 sec =  180.3594 Mbps     0 retrans   4518 KB-cwnd
[2024-11-06T17:41:30.239025-0500]    12.6875 MB /   0.50 sec =  212.7877 Mbps     0 retrans   4518 KB-cwnd
[2024-11-06T17:41:30.738900-0500]     8.8750 MB /   0.50 sec =  148.9472 Mbps     0 retrans   4518 KB-cwnd
[2024-11-06T17:41:31.239448-0500]    11.0000 MB /   0.50 sec =  184.3274 Mbps     0 retrans   4518 KB-cwnd
[2024-11-06T17:41:31.738838-0500]    17.7500 MB /   0.50 sec =  298.1695 Mbps    37 retrans   6159 KB-cwnd
[2024-11-06T17:41:32.238810-0500]    14.2500 MB /   0.50 sec =  239.0792 Mbps     0 retrans   6159 KB-cwnd
[2024-11-06T17:41:32.738758-0500]    12.6875 MB /   0.50 sec =  212.8741 Mbps     0 retrans   6159 KB-cwnd
[2024-11-06T17:41:33.238833-0500]    11.7500 MB /   0.50 sec =  197.1118 Mbps     0 retrans   6159 KB-cwnd
[2024-11-06T17:41:33.738871-0500]    14.5625 MB /   0.50 sec =  244.3290 Mbps     0 retrans   6159 KB-cwnd
[2024-11-06T17:41:34.238777-0500]    13.1250 MB /   0.50 sec =  220.2089 Mbps   129 retrans   6447 KB-cwnd
[2024-11-06T17:41:34.738754-0500]    13.0000 MB /   0.50 sec =  218.1073 Mbps     0 retrans   6601 KB-cwnd
[2024-11-06T17:41:35.238922-0500]     0.0000 MB /   0.50 sec =    0.0000 Mbps     0 retrans   6601 KB-cwnd
[2024-11-06T17:41:35.738853-0500]    12.4375 MB /   0.50 sec =  208.6766 Mbps     5 retrans   6800 KB-cwnd
[2024-11-06T17:41:36.238785-0500]     3.8125 MB /   0.50 sec =   63.9688 Mbps     0 retrans   6800 KB-cwnd
[2024-11-06T17:41:36.738792-0500]    14.9375 MB /   0.50 sec =  250.5996 Mbps     0 retrans   6809 KB-cwnd
[2024-11-06T17:41:37.238988-0500]    13.8125 MB /   0.50 sec =  231.7219 Mbps     0 retrans   6809 KB-cwnd
[2024-11-06T17:41:37.738825-0500]    10.5625 MB /   0.50 sec =  177.2186 Mbps     0 retrans   6809 KB-cwnd
[2024-11-06T17:41:38.238769-0500]     2.6875 MB /   0.50 sec =   45.0901 Mbps   229 retrans   7243 KB-cwnd
[2024-11-06T17:41:38.738888-0500]     0.0000 MB /   0.50 sec =    0.0000 Mbps     0 retrans   7243 KB-cwnd
[2024-11-06T17:41:39.238861-0500]     3.8750 MB /   0.50 sec =   65.0121 Mbps     0 retrans   7243 KB-cwnd
[2024-11-06T17:41:39.738863-0500]     8.5000 MB /   0.50 sec =  142.6058 Mbps     0 retrans   7243 KB-cwnd
[2024-11-06T17:41:40.239148-0500]     0.0000 MB /   0.50 sec =    0.0000 Mbps     0 retrans   7243 KB-cwnd
[2024-11-06T17:41:40.738946-0500]     5.0000 MB /   0.50 sec =   83.8967 Mbps     0 retrans   7243 KB-cwnd
[2024-11-06T17:41:41.238982-0500]     4.8750 MB /   0.50 sec =   81.7858 Mbps     0 retrans   7243 KB-cwnd
[2024-11-06T17:41:41.738847-0500]     2.3750 MB /   0.50 sec =   39.8467 Mbps     0 retrans   7243 KB-cwnd
[2024-11-06T17:41:42.238842-0500]     3.6250 MB /   0.50 sec =   60.8157 Mbps     0 retrans   7243 KB-cwnd
[2024-11-06T17:41:42.738795-0500]     4.5000 MB /   0.50 sec =   75.5023 Mbps     0 retrans   7243 KB-cwnd
[2024-11-06T17:41:43.238843-0500]     5.2500 MB /   0.50 sec =   88.0756 Mbps     0 retrans   7243 KB-cwnd
[2024-11-06T17:41:43.738855-0500]     3.4375 MB /   0.50 sec =   57.6766 Mbps     0 retrans   7243 KB-cwnd
[2024-11-06T17:41:44.239076-0500]     5.3125 MB /   0.50 sec =   89.1192 Mbps     0 retrans   7243 KB-cwnd
[2024-11-06T17:41:44.738751-0500]     6.8750 MB /   0.50 sec =  115.3607 Mbps     0 retrans   7243 KB-cwnd
[2024-11-06T17:41:45.238841-0500]     2.9375 MB /   0.50 sec =   49.2750 Mbps     0 retrans   7243 KB-cwnd
[2024-11-06T17:41:45.738888-0500]     9.6875 MB /   0.50 sec =  162.5332 Mbps     0 retrans   7243 KB-cwnd
[2024-11-06T17:41:46.238820-0500]     2.6875 MB /   0.50 sec =   45.0899 Mbps     0 retrans   7243 KB-cwnd
[2024-11-06T17:41:46.738869-0500]    10.8125 MB /   0.50 sec =  181.4069 Mbps    47 retrans   6140 KB-cwnd
[2024-11-06T17:41:47.239080-0500]     6.3125 MB /   0.50 sec =  105.8996 Mbps     0 retrans   7576 KB-cwnd
[2024-11-06T17:41:47.738821-0500]     9.5000 MB /   0.50 sec =  159.3963 Mbps    15 retrans   7576 KB-cwnd
[2024-11-06T17:41:48.239015-0500]    13.1250 MB /   0.50 sec =  220.1908 Mbps     0 retrans   8671 KB-cwnd
[2024-11-06T17:41:48.738932-0500]    11.5000 MB /   0.50 sec =  192.9210 Mbps     0 retrans   8671 KB-cwnd
[2024-11-06T17:41:49.239154-0500]    18.2500 MB /   0.50 sec =  306.1860 Mbps    21 retrans   8671 KB-cwnd
[2024-11-06T17:41:49.738794-0500]    15.6250 MB /   0.50 sec =  262.1781 Mbps   743 retrans   7030 KB-cwnd
[2024-11-06T17:41:50.239062-0500]    13.5000 MB /   0.50 sec =  226.4607 Mbps     0 retrans   7030 KB-cwnd
[2024-11-06T17:41:50.738849-0500]    12.5625 MB /   0.50 sec =  210.7937 Mbps     0 retrans   7030 KB-cwnd
[2024-11-06T17:41:51.238847-0500]     0.0000 MB /   0.50 sec =    0.0000 Mbps     0 retrans   7030 KB-cwnd
[2024-11-06T17:41:51.740378-0500]    14.0000 MB /   0.50 sec =  234.1421 Mbps     0 retrans   7030 KB-cwnd
[2024-11-06T17:41:52.238993-0500]     0.0000 MB /   0.50 sec =    0.0000 Mbps     0 retrans   7030 KB-cwnd
[2024-11-06T17:41:52.738827-0500]    18.3750 MB /   0.50 sec =  308.2653 Mbps     0 retrans   7030 KB-cwnd
[2024-11-06T17:41:53.238865-0500]    17.3125 MB /   0.50 sec =  290.4422 Mbps  1919 retrans   4608 KB-cwnd
[2024-11-06T17:41:53.738814-0500]    25.6250 MB /   0.50 sec =  429.9514 Mbps     0 retrans   4608 KB-cwnd
[2024-11-06T17:41:54.238798-0500]    23.1250 MB /   0.50 sec =  387.9685 Mbps     0 retrans   4608 KB-cwnd
[2024-11-06T17:41:54.738905-0500]    15.1250 MB /   0.50 sec =  253.7300 Mbps     0 retrans   4608 KB-cwnd
[2024-11-06T17:41:55.238862-0500]    25.4375 MB /   0.50 sec =  426.7875 Mbps  1330 retrans   9689 KB-cwnd
[2024-11-06T17:41:55.738882-0500]    18.1250 MB /   0.50 sec =  304.0718 Mbps     0 retrans   9689 KB-cwnd
[2024-11-06T17:41:56.238943-0500]    14.5000 MB /   0.50 sec =  243.2881 Mbps     0 retrans   9689 KB-cwnd
[2024-11-06T17:41:56.738783-0500]    12.6875 MB /   0.50 sec =  212.8741 Mbps     0 retrans   9689 KB-cwnd
[2024-11-06T17:41:57.238804-0500]    24.3125 MB /   0.50 sec =  407.8985 Mbps   743 retrans   8136 KB-cwnd
[2024-11-06T17:41:57.738849-0500]    15.0625 MB /   0.50 sec =  252.6927 Mbps     0 retrans   8136 KB-cwnd
[2024-11-06T17:41:58.238771-0500]    19.3125 MB /   0.50 sec =  324.0262 Mbps     0 retrans   8136 KB-cwnd
[2024-11-06T17:41:58.738786-0500]    21.7500 MB /   0.50 sec =  364.9096 Mbps    11 retrans   3167 KB-cwnd
[2024-11-06T17:41:59.238802-0500]    19.2500 MB /   0.50 sec =  322.9517 Mbps     0 retrans  13037 KB-cwnd
[2024-11-06T17:41:59.738860-0500]    20.5000 MB /   0.50 sec =  343.9226 Mbps     0 retrans  13037 KB-cwnd
[2024-11-06T17:42:00.238914-0500]     9.2500 MB /   0.50 sec =  155.1892 Mbps     0 retrans  13037 KB-cwnd
[2024-11-06T17:42:00.738791-0500]    11.8125 MB /   0.50 sec =  198.1832 Mbps     0 retrans  13037 KB-cwnd
[2024-11-06T17:42:01.238851-0500]    27.3125 MB /   0.50 sec =  458.1938 Mbps   187 retrans   6344 KB-cwnd
[2024-11-06T17:42:01.738824-0500]    20.3750 MB /   0.50 sec =  341.8467 Mbps     0 retrans  17898 KB-cwnd
[2024-11-06T17:42:02.238892-0500]    29.5000 MB /   0.50 sec =  494.9200 Mbps     0 retrans  17898 KB-cwnd
[2024-11-06T17:42:02.739057-0500]    11.8750 MB /   0.50 sec =  199.2223 Mbps   255 retrans  12799 KB-cwnd
[2024-11-06T17:42:03.239229-0500]    13.0000 MB /   0.50 sec =  218.1274 Mbps     0 retrans  12799 KB-cwnd
[2024-11-06T17:42:03.738886-0500]    17.6250 MB /   0.50 sec =  295.6813 Mbps     0 retrans  12799 KB-cwnd
[2024-11-06T17:42:04.238786-0500]    16.3125 MB /   0.50 sec =  273.6959 Mbps     0 retrans  12799 KB-cwnd
[2024-11-06T17:42:04.738771-0500]     5.8750 MB /   0.50 sec =   98.5695 Mbps     0 retrans  12799 KB-cwnd
[2024-11-06T17:42:05.238834-0500]    12.3750 MB /   0.50 sec =  207.6002 Mbps     0 retrans  12799 KB-cwnd
[2024-11-06T17:42:05.738778-0500]    18.6875 MB /   0.50 sec =  313.5424 Mbps    21 retrans  11801 KB-cwnd
[2024-11-06T17:42:06.238780-0500]    12.1875 MB /   0.50 sec =  204.4760 Mbps     0 retrans  11801 KB-cwnd
[2024-11-06T17:42:06.739064-0500]    12.9375 MB /   0.50 sec =  217.0075 Mbps     0 retrans  11801 KB-cwnd
[2024-11-06T17:42:07.238883-0500]    15.2500 MB /   0.50 sec =  255.8669 Mbps     0 retrans  11737 KB-cwnd
[2024-11-06T17:42:07.739051-0500]    14.9375 MB /   0.50 sec =  250.6152 Mbps     0 retrans  11737 KB-cwnd
[2024-11-06T17:42:08.238782-0500]    21.6250 MB /   0.50 sec =  362.8537 Mbps     9 retrans  12668 KB-cwnd
[2024-11-06T17:42:08.738844-0500]    13.8125 MB /   0.50 sec =  231.7293 Mbps     0 retrans  12668 KB-cwnd
[2024-11-06T17:42:09.238902-0500]    23.9375 MB /   0.50 sec =  401.6183 Mbps     0 retrans  12668 KB-cwnd
[2024-11-06T17:42:09.738795-0500]    18.3750 MB /   0.50 sec =  308.2758 Mbps     0 retrans  12668 KB-cwnd
[2024-11-06T17:42:10.238829-0500]    15.8125 MB /   0.50 sec =  265.2865 Mbps    95 retrans   8455 KB-cwnd
[2024-11-06T17:42:10.738863-0500]    19.3125 MB /   0.50 sec =  323.9990 Mbps     0 retrans   8455 KB-cwnd
[2024-11-06T17:42:11.238801-0500]    16.4375 MB /   0.50 sec =  275.8003 Mbps     0 retrans   8455 KB-cwnd
[2024-11-06T17:42:11.738868-0500]     9.1875 MB /   0.50 sec =  154.1342 Mbps     0 retrans   8455 KB-cwnd
[2024-11-06T17:42:12.238794-0500]    18.2500 MB /   0.50 sec =  306.1768 Mbps    28 retrans   8525 KB-cwnd
[2024-11-06T17:42:12.738791-0500]    24.9375 MB /   0.50 sec =  418.3810 Mbps     0 retrans   7675 KB-cwnd
[2024-11-06T17:42:13.238805-0500]    17.6250 MB /   0.50 sec =  295.6990 Mbps     0 retrans   7675 KB-cwnd
[2024-11-06T17:42:13.738791-0500]    15.5625 MB /   0.50 sec =  261.0949 Mbps     0 retrans   7675 KB-cwnd
[2024-11-06T17:42:14.238860-0500]     8.7500 MB /   0.50 sec =  146.7910 Mbps     0 retrans   7675 KB-cwnd
[2024-11-06T17:42:14.738911-0500]    15.5625 MB /   0.50 sec =  261.0751 Mbps     4 retrans  11562 KB-cwnd
[2024-11-06T17:42:15.238861-0500]    11.9375 MB /   0.50 sec =  200.3004 Mbps     0 retrans  11562 KB-cwnd
[2024-11-06T17:42:15.738841-0500]    10.5000 MB /   0.50 sec =  176.1625 Mbps     0 retrans  11562 KB-cwnd
[2024-11-06T17:42:16.238790-0500]    12.3125 MB /   0.50 sec =  206.5765 Mbps     0 retrans  11562 KB-cwnd
[2024-11-06T17:42:16.738936-0500]    10.1875 MB /   0.50 sec =  170.8919 Mbps     0 retrans  11562 KB-cwnd
[2024-11-06T17:42:17.238897-0500]    10.4375 MB /   0.50 sec =  175.1220 Mbps     0 retrans  11562 KB-cwnd
[2024-11-06T17:42:17.738837-0500]    23.1875 MB /   0.50 sec =  389.0466 Mbps     9 retrans   5787 KB-cwnd
[2024-11-06T17:42:18.238780-0500]    16.9375 MB /   0.50 sec =  284.1806 Mbps     0 retrans   5787 KB-cwnd
[2024-11-06T17:42:18.738884-0500]    17.5625 MB /   0.50 sec =  294.6286 Mbps     0 retrans   5787 KB-cwnd
[2024-11-06T17:42:19.238856-0500]    26.7500 MB /   0.50 sec =  448.8049 Mbps    56 retrans  15534 KB-cwnd
[2024-11-06T17:42:19.738908-0500]    18.1875 MB /   0.50 sec =  305.1429 Mbps     0 retrans  15534 KB-cwnd
[2024-11-06T17:42:20.238810-0500]     9.7500 MB /   0.50 sec =  163.5729 Mbps     0 retrans  15534 KB-cwnd
[2024-11-06T17:42:20.738812-0500]    11.0625 MB /   0.50 sec =  185.5976 Mbps     0 retrans  15534 KB-cwnd
[2024-11-06T17:42:21.239279-0500]    24.7500 MB /   0.50 sec =  414.8561 Mbps     0 retrans  15534 KB-cwnd
[2024-11-06T17:42:21.738826-0500]    17.6875 MB /   0.50 sec =  297.0215 Mbps  2079 retrans  10078 KB-cwnd
[2024-11-06T17:42:22.238824-0500]    13.5625 MB /   0.50 sec =  227.5355 Mbps     0 retrans  10078 KB-cwnd
[2024-11-06T17:42:22.738869-0500]    14.9375 MB /   0.50 sec =  250.6187 Mbps     0 retrans  10078 KB-cwnd
[2024-11-06T17:42:23.238809-0500]     2.6250 MB /   0.50 sec =   44.0404 Mbps     0 retrans  10078 KB-cwnd
[2024-11-06T17:42:23.738810-0500]    13.2500 MB /   0.50 sec =  222.2946 Mbps     0 retrans  10078 KB-cwnd
[2024-11-06T17:42:24.238902-0500]    12.6875 MB /   0.50 sec =  212.8247 Mbps     0 retrans  10078 KB-cwnd
[2024-11-06T17:42:24.738801-0500]    12.9375 MB /   0.50 sec =  217.0900 Mbps   102 retrans  10248 KB-cwnd
[2024-11-06T17:42:25.238782-0500]    12.0625 MB /   0.50 sec =  202.3825 Mbps     0 retrans  10248 KB-cwnd
[2024-11-06T17:42:25.738836-0500]     4.8750 MB /   0.50 sec =   81.7858 Mbps     0 retrans  10248 KB-cwnd
[2024-11-06T17:42:26.238786-0500]    19.6250 MB /   0.50 sec =  329.2680 Mbps     0 retrans  10248 KB-cwnd
[2024-11-06T17:42:26.738896-0500]    11.1250 MB /   0.50 sec =  186.6223 Mbps     0 retrans  10248 KB-cwnd
[2024-11-06T17:42:27.238870-0500]    14.1875 MB /   0.50 sec =  238.0372 Mbps    49 retrans  10448 KB-cwnd
[2024-11-06T17:42:27.738849-0500]    19.9375 MB /   0.50 sec =  334.5432 Mbps     0 retrans  10448 KB-cwnd
[2024-11-06T17:42:28.239157-0500]    17.0000 MB /   0.50 sec =  285.0115 Mbps     0 retrans  11828 KB-cwnd
[2024-11-06T17:42:28.738813-0500]    15.5625 MB /   0.50 sec =  261.2517 Mbps     2 retrans  12715 KB-cwnd
[2024-11-06T17:42:29.238836-0500]    28.4375 MB /   0.50 sec =  477.1040 Mbps  2216 retrans   8419 KB-cwnd
[2024-11-06T17:42:29.738895-0500]    19.4375 MB /   0.50 sec =  326.0934 Mbps     0 retrans   8419 KB-cwnd
[2024-11-06T17:42:30.238797-0500]    18.9375 MB /   0.50 sec =  317.7420 Mbps     0 retrans   8419 KB-cwnd
[2024-11-06T17:42:30.738795-0500]    22.8750 MB /   0.50 sec =  383.7919 Mbps     1 retrans   8419 KB-cwnd
[2024-11-06T17:42:31.238831-0500]    16.9375 MB /   0.50 sec =  284.1448 Mbps    62 retrans   7760 KB-cwnd
[2024-11-06T17:42:31.739204-0500]     6.5625 MB /   0.50 sec =  110.0483 Mbps     0 retrans   7760 KB-cwnd
[2024-11-06T17:42:32.239473-0500]    15.6250 MB /   0.50 sec =  262.1676 Mbps     0 retrans   7760 KB-cwnd
[2024-11-06T17:42:32.738787-0500]    17.2500 MB /   0.50 sec =  289.5344 Mbps     0 retrans   7760 KB-cwnd
[2024-11-06T17:42:33.238818-0500]    11.8750 MB /   0.50 sec =  199.2171 Mbps     0 retrans   7760 KB-cwnd
[2024-11-06T17:42:33.738886-0500]     9.9375 MB /   0.50 sec =  166.7166 Mbps   257 retrans  10248 KB-cwnd
[2024-11-06T17:42:34.238839-0500]    17.1875 MB /   0.50 sec =  288.3544 Mbps     0 retrans  10248 KB-cwnd
[2024-11-06T17:42:34.738831-0500]    16.5625 MB /   0.50 sec =  277.9060 Mbps     0 retrans  10248 KB-cwnd
[2024-11-06T17:42:35.238803-0500]    20.0625 MB /   0.50 sec =  336.5915 Mbps     0 retrans  10248 KB-cwnd
[2024-11-06T17:42:35.738997-0500]    21.7500 MB /   0.50 sec =  364.8030 Mbps    56 retrans   9237 KB-cwnd
[2024-11-06T17:42:36.239332-0500]    17.3125 MB /   0.50 sec =  290.4869 Mbps     0 retrans   9238 KB-cwnd
[2024-11-06T17:42:36.738810-0500]    16.5000 MB /   0.50 sec =  276.8562 Mbps     0 retrans   9238 KB-cwnd
[2024-11-06T17:42:37.238933-0500]    24.6250 MB /   0.50 sec =  413.1323 Mbps     0 retrans   9238 KB-cwnd
[2024-11-06T17:42:37.738778-0500]    15.5625 MB /   0.50 sec =  261.1121 Mbps  3411 retrans   7280 KB-cwnd
[2024-11-06T17:42:38.238865-0500]    16.3750 MB /   0.50 sec =  274.7104 Mbps     0 retrans   7280 KB-cwnd
[2024-11-06T17:42:38.738832-0500]    12.2500 MB /   0.50 sec =  205.5262 Mbps     0 retrans   7280 KB-cwnd
[2024-11-06T17:42:39.238766-0500]    11.9375 MB /   0.50 sec =  200.2920 Mbps     0 retrans   7280 KB-cwnd
[2024-11-06T17:42:39.739526-0500]    13.8750 MB /   0.50 sec =  232.7797 Mbps     0 retrans   7280 KB-cwnd
[2024-11-06T17:42:40.242305-0500]    20.5625 MB /   0.50 sec =  344.7361 Mbps    31 retrans   4402 KB-cwnd
[2024-11-06T17:42:40.738787-0500]     7.6250 MB /   0.50 sec =  128.0136 Mbps     0 retrans   4402 KB-cwnd
[2024-11-06T17:42:41.238823-0500]    15.1250 MB /   0.50 sec =  253.7539 Mbps     0 retrans   4407 KB-cwnd
[2024-11-06T17:42:41.738819-0500]    13.1250 MB /   0.50 sec =  220.2089 Mbps     0 retrans   4759 KB-cwnd
[2024-11-06T17:42:42.238839-0500]    12.3750 MB /   0.50 sec =  207.6052 Mbps     0 retrans   4759 KB-cwnd
[2024-11-06T17:42:42.739008-0500]     6.0000 MB /   0.50 sec =  100.6591 Mbps     0 retrans   4759 KB-cwnd
[2024-11-06T17:42:43.238832-0500]    11.2500 MB /   0.50 sec =  188.7444 Mbps   187 retrans  12702 KB-cwnd
[2024-11-06T17:42:43.738845-0500]    19.3125 MB /   0.50 sec =  324.0255 Mbps     0 retrans  13477 KB-cwnd
[2024-11-06T17:42:44.238848-0500]    12.3750 MB /   0.50 sec =  207.6214 Mbps     0 retrans  13600 KB-cwnd
End time: 1730932964392
