Start time: 1730846039677
[2024-11-05T16:34:04.778388-0600] traceroute to 54.197.223.49 (54.197.223.49), 30 hops max, 60 byte packets
[2024-11-05T16:34:04.779345-0600]  1  * * *
[2024-11-05T16:34:04.779404-0600]  2  * * *
[2024-11-05T16:34:04.785458-0600]  3  * * *
[2024-11-05T16:34:04.785523-0600]  4  * * *
[2024-11-05T16:34:04.785562-0600]  5  * * *
[2024-11-05T16:34:09.786608-0600]  6  * * *
[2024-11-05T16:34:09.787007-0600]  7  * * *
[2024-11-05T16:34:09.787088-0600]  8  * * *
[2024-11-05T16:34:09.794533-0600]  9  * * *
[2024-11-05T16:34:09.794698-0600] 10  * * *
[2024-11-05T16:34:14.794605-0600] 11  * * *
[2024-11-05T16:34:14.794969-0600] 12  * * *
[2024-11-05T16:34:14.795080-0600] 13  * * *
[2024-11-05T16:34:14.807757-0600] 14  * * *
[2024-11-05T16:34:14.808133-0600] 15  * * *
[2024-11-05T16:34:19.802179-0600] 16  * * *
[2024-11-05T16:34:19.802618-0600] 17  * * *
[2024-11-05T16:34:19.809520-0600] 18  * * *
[2024-11-05T16:34:19.814584-0600] 19  * * *
[2024-11-05T16:34:19.818752-0600] 20  * * *
[2024-11-05T16:34:19.820600-0600] 21  * * *
[2024-11-05T16:34:24.810403-0600] 22  * * *
[2024-11-05T16:34:24.816448-0600] 23  * * *
[2024-11-05T16:34:24.816571-0600] 24  * * *
[2024-11-05T16:34:24.822884-0600] 25  * * *
[2024-11-05T16:34:24.823233-0600] 26  * * *
[2024-11-05T16:34:29.765061-0600] 27  * *End time: 1730846069835
