Start time: 1730929757362
[2024-11-06T16:49:18.200349-0500] nuttcp-r: v8.1.4: socket
[2024-11-06T16:49:18.200804-0500] nuttcp-r: buflen=65536, nstream=1, port=5379 tcp
[2024-11-06T16:49:18.200829-0500] nuttcp-r: interval reporting every 0.50 seconds
[2024-11-06T16:49:18.200850-0500] nuttcp-r: connect to 54.197.223.49 with RTT=51.433 ms af=inet
[2024-11-06T16:49:18.200870-0500] nuttcp-r: send window size = 2097152, receive window size = 6291456
[2024-11-06T16:49:18.200890-0500] nuttcp-r: available send window = 1572864, available receive window = 4718592
[2024-11-06T16:49:18.200910-0500]     0.5625 MB /   0.50 sec =    9.4357 Mbps     0 retrans     13 KB-cwnd
[2024-11-06T16:49:18.700422-0500]     9.1875 MB /   0.50 sec =  154.1388 Mbps     0 retrans     13 KB-cwnd
[2024-11-06T16:49:19.200357-0500]    19.8125 MB /   0.50 sec =  332.4032 Mbps     0 retrans     13 KB-cwnd
[2024-11-06T16:49:19.700462-0500]    18.6875 MB /   0.50 sec =  313.4960 Mbps     0 retrans     13 KB-cwnd
[2024-11-06T16:49:20.200337-0500]     9.8125 MB /   0.50 sec =  164.6544 Mbps     0 retrans     13 KB-cwnd
[2024-11-06T16:49:20.700373-0500]    11.8750 MB /   0.50 sec =  199.2091 Mbps     0 retrans     13 KB-cwnd
[2024-11-06T16:49:21.200310-0500]    13.5625 MB /   0.50 sec =  227.5574 Mbps     0 retrans     13 KB-cwnd
[2024-11-06T16:49:21.700293-0500]    18.1875 MB /   0.50 sec =  305.1338 Mbps     0 retrans     13 KB-cwnd
[2024-11-06T16:49:22.200291-0500]    16.8750 MB /   0.50 sec =  283.1172 Mbps     0 retrans     13 KB-cwnd
[2024-11-06T16:49:22.700385-0500]    15.3750 MB /   0.50 sec =  257.9151 Mbps     0 retrans     13 KB-cwnd
[2024-11-06T16:49:23.200389-0500]    17.0000 MB /   0.50 sec =  285.2075 Mbps     0 retrans     13 KB-cwnd
[2024-11-06T16:49:23.700301-0500]    17.1250 MB /   0.50 sec =  287.3535 Mbps     0 retrans     15 KB-cwnd
[2024-11-06T16:49:24.200317-0500]    17.1875 MB /   0.50 sec =  288.3492 Mbps     0 retrans     15 KB-cwnd
[2024-11-06T16:49:24.700317-0500]    16.2500 MB /   0.50 sec =  272.6265 Mbps     0 retrans     26 KB-cwnd
[2024-11-06T16:49:25.200405-0500]    15.3750 MB /   0.50 sec =  257.9167 Mbps     0 retrans     26 KB-cwnd
[2024-11-06T16:49:25.700311-0500]    15.8750 MB /   0.50 sec =  266.3761 Mbps     0 retrans     26 KB-cwnd
[2024-11-06T16:49:26.200339-0500]    15.8750 MB /   0.50 sec =  266.3324 Mbps     0 retrans     26 KB-cwnd
[2024-11-06T16:49:26.700287-0500]    13.7500 MB /   0.50 sec =  230.6992 Mbps     0 retrans     26 KB-cwnd
[2024-11-06T16:49:27.200221-0500]    17.5000 MB /   0.50 sec =  293.6148 Mbps     0 retrans     26 KB-cwnd
[2024-11-06T16:49:27.700338-0500]    15.7500 MB /   0.50 sec =  264.2221 Mbps     0 retrans     26 KB-cwnd
[2024-11-06T16:49:28.200281-0500]    17.0000 MB /   0.50 sec =  285.2361 Mbps     0 retrans     31 KB-cwnd
[2024-11-06T16:49:28.700443-0500]     4.5000 MB /   0.50 sec =   75.4753 Mbps     0 retrans     31 KB-cwnd
[2024-11-06T16:49:29.200303-0500]    13.5000 MB /   0.50 sec =  226.5445 Mbps     0 retrans     31 KB-cwnd
[2024-11-06T16:49:29.700316-0500]    14.8750 MB /   0.50 sec =  249.5621 Mbps     0 retrans     33 KB-cwnd
[2024-11-06T16:49:30.200308-0500]    20.3750 MB /   0.50 sec =  341.8337 Mbps     0 retrans     35 KB-cwnd
[2024-11-06T16:49:30.700317-0500]    22.5000 MB /   0.50 sec =  377.4904 Mbps     0 retrans     43 KB-cwnd
[2024-11-06T16:49:31.200366-0500]    17.3750 MB /   0.50 sec =  291.4627 Mbps     0 retrans     47 KB-cwnd
[2024-11-06T16:49:31.700345-0500]    24.6250 MB /   0.50 sec =  413.1513 Mbps     0 retrans   5812 KB-cwnd
[2024-11-06T16:49:32.200302-0500]    22.3125 MB /   0.50 sec =  374.3783 Mbps     0 retrans   5812 KB-cwnd
[2024-11-06T16:49:32.700243-0500]    22.8125 MB /   0.50 sec =  382.7341 Mbps     0 retrans   5812 KB-cwnd
[2024-11-06T16:49:33.200244-0500]    25.3125 MB /   0.50 sec =  424.6835 Mbps     0 retrans   5812 KB-cwnd
[2024-11-06T16:49:33.700356-0500]    24.1250 MB /   0.50 sec =  404.7131 Mbps     0 retrans   5812 KB-cwnd
[2024-11-06T16:49:34.200309-0500]    27.7500 MB /   0.50 sec =  465.5901 Mbps     0 retrans   5812 KB-cwnd
[2024-11-06T16:49:34.700273-0500]    25.0625 MB /   0.50 sec =  420.4950 Mbps     0 retrans  10501 KB-cwnd
[2024-11-06T16:49:35.200441-0500]    28.0000 MB /   0.50 sec =  469.7564 Mbps     0 retrans  10501 KB-cwnd
[2024-11-06T16:49:35.700303-0500]    27.0000 MB /   0.50 sec =  452.9821 Mbps     0 retrans   8631 KB-cwnd
[2024-11-06T16:49:36.200300-0500]    27.6250 MB /   0.50 sec =  463.4706 Mbps     0 retrans   8631 KB-cwnd
[2024-11-06T16:49:36.700305-0500]    23.8125 MB /   0.50 sec =  399.5099 Mbps     0 retrans   8631 KB-cwnd
[2024-11-06T16:49:37.200213-0500]    14.1875 MB /   0.50 sec =  238.0387 Mbps     0 retrans   8631 KB-cwnd
[2024-11-06T16:49:37.700302-0500]    20.0625 MB /   0.50 sec =  336.5754 Mbps     0 retrans   9670 KB-cwnd
[2024-11-06T16:49:38.200253-0500]    18.6250 MB /   0.50 sec =  312.4825 Mbps     0 retrans   9670 KB-cwnd
[2024-11-06T16:49:38.700321-0500]    14.8750 MB /   0.50 sec =  249.5421 Mbps     0 retrans   9670 KB-cwnd
[2024-11-06T16:49:39.200485-0500]     9.5625 MB /   0.50 sec =  160.4235 Mbps     0 retrans   9670 KB-cwnd
[2024-11-06T16:49:39.700323-0500]    10.5625 MB /   0.50 sec =  177.2246 Mbps     0 retrans   9670 KB-cwnd
[2024-11-06T16:49:40.200286-0500]     8.8750 MB /   0.50 sec =  148.9014 Mbps     0 retrans  10136 KB-cwnd
[2024-11-06T16:49:40.700310-0500]    12.0000 MB /   0.50 sec =  201.3214 Mbps     0 retrans  10136 KB-cwnd
[2024-11-06T16:49:41.200288-0500]    11.3125 MB /   0.50 sec =  189.7953 Mbps     0 retrans  10136 KB-cwnd
[2024-11-06T16:49:41.700363-0500]    11.0000 MB /   0.50 sec =  184.5228 Mbps     0 retrans  10136 KB-cwnd
[2024-11-06T16:49:42.200311-0500]    11.0000 MB /   0.50 sec =  184.5737 Mbps     0 retrans  10136 KB-cwnd
[2024-11-06T16:49:42.700544-0500]    12.6250 MB /   0.50 sec =  211.7802 Mbps     0 retrans  10136 KB-cwnd
[2024-11-06T16:49:43.200372-0500]    13.8125 MB /   0.50 sec =  231.7409 Mbps     0 retrans   9164 KB-cwnd
[2024-11-06T16:49:43.700445-0500]     9.6250 MB /   0.50 sec =  161.4665 Mbps     0 retrans   9164 KB-cwnd
[2024-11-06T16:49:44.200286-0500]    11.5625 MB /   0.50 sec =  194.0327 Mbps     0 retrans   9164 KB-cwnd
[2024-11-06T16:49:44.700214-0500]    13.8125 MB /   0.50 sec =  231.7478 Mbps     0 retrans   9164 KB-cwnd
[2024-11-06T16:49:45.200370-0500]    11.2500 MB /   0.50 sec =  188.7339 Mbps     0 retrans   9164 KB-cwnd
[2024-11-06T16:49:45.700299-0500]    11.8750 MB /   0.50 sec =  199.2282 Mbps     0 retrans   9164 KB-cwnd
[2024-11-06T16:49:46.200297-0500]    12.3750 MB /   0.50 sec =  207.6197 Mbps     0 retrans   3703 KB-cwnd
[2024-11-06T16:49:46.700312-0500]    11.3125 MB /   0.50 sec =  189.7900 Mbps     0 retrans   3655 KB-cwnd
[2024-11-06T16:49:47.200415-0500]    11.0625 MB /   0.50 sec =  185.5980 Mbps     0 retrans   3655 KB-cwnd
[2024-11-06T16:49:47.700366-0500]    11.3125 MB /   0.50 sec =  189.7661 Mbps     0 retrans   3655 KB-cwnd
[2024-11-06T16:49:48.200258-0500]    10.1875 MB /   0.50 sec =  170.9394 Mbps     0 retrans   3655 KB-cwnd
[2024-11-06T16:49:48.700419-0500]     2.1250 MB /   0.50 sec =   35.6447 Mbps     0 retrans   3655 KB-cwnd
[2024-11-06T16:49:49.200374-0500]     6.6250 MB /   0.50 sec =  111.1557 Mbps     0 retrans   3655 KB-cwnd
[2024-11-06T16:49:49.700318-0500]     2.1875 MB /   0.50 sec =   36.7052 Mbps     0 retrans   3655 KB-cwnd
[2024-11-06T16:49:50.200407-0500]     4.0625 MB /   0.50 sec =   68.1578 Mbps     0 retrans   3655 KB-cwnd
[2024-11-06T16:49:50.700298-0500]    14.8125 MB /   0.50 sec =  248.5140 Mbps     0 retrans   3934 KB-cwnd
[2024-11-06T16:49:51.200347-0500]    17.1875 MB /   0.50 sec =  288.3417 Mbps     0 retrans   3934 KB-cwnd
[2024-11-06T16:49:51.700297-0500]    12.0000 MB /   0.50 sec =  201.3395 Mbps     0 retrans   3934 KB-cwnd
[2024-11-06T16:49:52.200347-0500]    15.8125 MB /   0.50 sec =  265.2685 Mbps     0 retrans   3934 KB-cwnd
[2024-11-06T16:49:52.700383-0500]    21.0000 MB /   0.50 sec =  352.2962 Mbps     0 retrans   4281 KB-cwnd
[2024-11-06T16:49:53.200302-0500]    17.2500 MB /   0.50 sec =  289.4492 Mbps     0 retrans   4230 KB-cwnd
[2024-11-06T16:49:53.700538-0500]    17.8125 MB /   0.50 sec =  298.7414 Mbps     0 retrans   4230 KB-cwnd
[2024-11-06T16:49:54.200310-0500]    17.7500 MB /   0.50 sec =  297.8915 Mbps     0 retrans   4230 KB-cwnd
[2024-11-06T16:49:54.700297-0500]    15.3750 MB /   0.50 sec =  257.9528 Mbps   158 retrans   4446 KB-cwnd
[2024-11-06T16:49:55.200427-0500]    14.1875 MB /   0.50 sec =  237.9782 Mbps     0 retrans   4446 KB-cwnd
[2024-11-06T16:49:55.700286-0500]    14.1875 MB /   0.50 sec =  238.0787 Mbps     0 retrans   4446 KB-cwnd
[2024-11-06T16:49:56.200419-0500]     7.0000 MB /   0.50 sec =  117.4410 Mbps     0 retrans   4446 KB-cwnd
[2024-11-06T16:49:56.700283-0500]     7.0625 MB /   0.50 sec =  118.4893 Mbps     0 retrans   4446 KB-cwnd
[2024-11-06T16:49:57.200312-0500]     8.3125 MB /   0.50 sec =  139.4587 Mbps     0 retrans   4446 KB-cwnd
[2024-11-06T16:49:57.700377-0500]     4.6250 MB /   0.50 sec =   77.5844 Mbps     0 retrans   4446 KB-cwnd
[2024-11-06T16:49:58.200360-0500]     4.0625 MB /   0.50 sec =   68.1568 Mbps     0 retrans   4446 KB-cwnd
[2024-11-06T16:49:58.700298-0500]     0.3750 MB /   0.50 sec =    6.2918 Mbps     0 retrans   4446 KB-cwnd
[2024-11-06T16:49:59.200382-0500]    18.6875 MB /   0.50 sec =  313.5556 Mbps     0 retrans   7827 KB-cwnd
[2024-11-06T16:49:59.700470-0500]    17.1250 MB /   0.50 sec =  287.2374 Mbps     0 retrans   7827 KB-cwnd
[2024-11-06T16:50:00.200401-0500]    14.7500 MB /   0.50 sec =  247.4951 Mbps     0 retrans   7827 KB-cwnd
[2024-11-06T16:50:00.700317-0500]     3.1875 MB /   0.50 sec =   53.4822 Mbps     0 retrans   7827 KB-cwnd
[2024-11-06T16:50:01.200305-0500]    11.5625 MB /   0.50 sec =  193.9908 Mbps     0 retrans   7827 KB-cwnd
[2024-11-06T16:50:01.700257-0500]     9.1875 MB /   0.50 sec =  154.1391 Mbps     0 retrans   7827 KB-cwnd
[2024-11-06T16:50:02.200293-0500]     6.1875 MB /   0.50 sec =  103.8107 Mbps     0 retrans   7827 KB-cwnd
[2024-11-06T16:50:02.700345-0500]     3.3750 MB /   0.50 sec =   56.6225 Mbps     0 retrans   5826 KB-cwnd
[2024-11-06T16:50:03.200355-0500]     2.7500 MB /   0.50 sec =   46.1327 Mbps     0 retrans   5826 KB-cwnd
[2024-11-06T16:50:03.700560-0500]     0.1250 MB /   0.50 sec =    2.0969 Mbps     0 retrans   5826 KB-cwnd
[2024-11-06T16:50:04.200494-0500]     0.0000 MB /   0.50 sec =    0.0000 Mbps     0 retrans   5826 KB-cwnd
[2024-11-06T16:50:04.700221-0500]    12.6875 MB /   0.50 sec =  212.9112 Mbps     0 retrans   5826 KB-cwnd
[2024-11-06T16:50:05.200308-0500]     6.1250 MB /   0.50 sec =  102.7520 Mbps     0 retrans   5826 KB-cwnd
[2024-11-06T16:50:05.700377-0500]     4.2500 MB /   0.50 sec =   71.2943 Mbps     0 retrans   5826 KB-cwnd
[2024-11-06T16:50:06.200304-0500]     5.3125 MB /   0.50 sec =   89.1407 Mbps     0 retrans   5826 KB-cwnd
[2024-11-06T16:50:06.700323-0500]     4.9375 MB /   0.50 sec =   82.8347 Mbps     0 retrans   5826 KB-cwnd
[2024-11-06T16:50:07.200237-0500]     5.2500 MB /   0.50 sec =   88.0864 Mbps     0 retrans   5826 KB-cwnd
[2024-11-06T16:50:07.700392-0500]     2.8750 MB /   0.50 sec =   48.2255 Mbps     0 retrans   5826 KB-cwnd
[2024-11-06T16:50:08.200418-0500]     2.3125 MB /   0.50 sec =   38.8039 Mbps     0 retrans   5826 KB-cwnd
[2024-11-06T16:50:08.700347-0500]     3.4375 MB /   0.50 sec =   57.6668 Mbps     0 retrans   5826 KB-cwnd
[2024-11-06T16:50:09.200440-0500]     1.8125 MB /   0.50 sec =   30.4040 Mbps     0 retrans   5826 KB-cwnd
[2024-11-06T16:50:09.700332-0500]     2.2500 MB /   0.50 sec =   37.7558 Mbps     0 retrans   5826 KB-cwnd
[2024-11-06T16:50:10.200340-0500]     2.0625 MB /   0.50 sec =   34.6011 Mbps     0 retrans   5826 KB-cwnd
[2024-11-06T16:50:10.700328-0500]     2.2500 MB /   0.50 sec =   37.7524 Mbps     0 retrans   5826 KB-cwnd
[2024-11-06T16:50:11.200360-0500]     0.8750 MB /   0.50 sec =   14.6784 Mbps     0 retrans   5826 KB-cwnd
[2024-11-06T16:50:11.700246-0500]     2.3750 MB /   0.50 sec =   39.8517 Mbps     0 retrans   5826 KB-cwnd
[2024-11-06T16:50:12.200336-0500]     2.1250 MB /   0.50 sec =   35.6487 Mbps     0 retrans   5826 KB-cwnd
[2024-11-06T16:50:12.700345-0500]     1.6875 MB /   0.50 sec =   28.3108 Mbps     0 retrans   5826 KB-cwnd
[2024-11-06T16:50:13.200312-0500]     1.5625 MB /   0.50 sec =   26.2139 Mbps     0 retrans   5826 KB-cwnd
[2024-11-06T16:50:13.700413-0500]     1.8125 MB /   0.50 sec =   30.4069 Mbps   106 retrans   5943 KB-cwnd
[2024-11-06T16:50:14.200306-0500]     3.3125 MB /   0.50 sec =   55.5833 Mbps     0 retrans   5943 KB-cwnd
[2024-11-06T16:50:14.700308-0500]     4.8750 MB /   0.50 sec =   81.7896 Mbps     0 retrans   5943 KB-cwnd
[2024-11-06T16:50:15.200317-0500]     0.4375 MB /   0.50 sec =    7.3399 Mbps     0 retrans   5943 KB-cwnd
[2024-11-06T16:50:15.700206-0500]     3.8125 MB /   0.50 sec =   63.9681 Mbps     0 retrans   5943 KB-cwnd
[2024-11-06T16:50:16.200449-0500]     7.1875 MB /   0.50 sec =  120.5790 Mbps     0 retrans   5956 KB-cwnd
[2024-11-06T16:50:16.700288-0500]     7.5000 MB /   0.50 sec =  125.8299 Mbps     0 retrans   5956 KB-cwnd
[2024-11-06T16:50:17.200310-0500]     7.5625 MB /   0.50 sec =  126.8757 Mbps     0 retrans   5956 KB-cwnd
[2024-11-06T16:50:17.700300-0500]     7.5625 MB /   0.50 sec =  126.8757 Mbps     0 retrans   5956 KB-cwnd
[2024-11-06T16:50:18.200284-0500]    11.8125 MB /   0.50 sec =  198.1876 Mbps     0 retrans   5956 KB-cwnd
[2024-11-06T16:50:18.700430-0500]     9.2500 MB /   0.50 sec =  155.1846 Mbps     0 retrans   5956 KB-cwnd
[2024-11-06T16:50:19.200207-0500]     8.6250 MB /   0.50 sec =  144.7139 Mbps     0 retrans   6817 KB-cwnd
[2024-11-06T16:50:19.700328-0500]    11.3750 MB /   0.50 sec =  190.8259 Mbps     0 retrans   6817 KB-cwnd
[2024-11-06T16:50:20.200289-0500]    11.0625 MB /   0.50 sec =  185.6031 Mbps     0 retrans   6817 KB-cwnd
[2024-11-06T16:50:20.700319-0500]    13.8125 MB /   0.50 sec =  231.7330 Mbps     0 retrans   6817 KB-cwnd
[2024-11-06T16:50:21.200258-0500]    13.3750 MB /   0.50 sec =  224.4069 Mbps     0 retrans   6817 KB-cwnd
[2024-11-06T16:50:21.700312-0500]    11.9375 MB /   0.50 sec =  200.2672 Mbps     0 retrans   6817 KB-cwnd
[2024-11-06T16:50:22.200298-0500]    12.5000 MB /   0.50 sec =  209.7177 Mbps   468 retrans   1654 KB-cwnd
[2024-11-06T16:50:22.700295-0500]    11.3125 MB /   0.50 sec =  189.7907 Mbps     0 retrans   1654 KB-cwnd
[2024-11-06T16:50:23.200390-0500]    12.0000 MB /   0.50 sec =  201.3298 Mbps     0 retrans   1654 KB-cwnd
[2024-11-06T16:50:23.700308-0500]    12.2500 MB /   0.50 sec =  205.5168 Mbps     0 retrans   1654 KB-cwnd
[2024-11-06T16:50:24.200258-0500]     7.0000 MB /   0.50 sec =  117.4419 Mbps     0 retrans   1654 KB-cwnd
[2024-11-06T16:50:24.700341-0500]    11.1875 MB /   0.50 sec =  187.6853 Mbps     0 retrans   1654 KB-cwnd
[2024-11-06T16:50:25.200328-0500]    14.3125 MB /   0.50 sec =  240.1297 Mbps    93 retrans   3996 KB-cwnd
[2024-11-06T16:50:25.700289-0500]     7.9375 MB /   0.50 sec =  133.1721 Mbps     0 retrans   3996 KB-cwnd
[2024-11-06T16:50:26.200353-0500]     6.8125 MB /   0.50 sec =  114.2859 Mbps     0 retrans   3996 KB-cwnd
[2024-11-06T16:50:26.700235-0500]     8.5625 MB /   0.50 sec =  143.6736 Mbps     0 retrans   3996 KB-cwnd
[2024-11-06T16:50:27.200493-0500]     2.9375 MB /   0.50 sec =   49.2652 Mbps     0 retrans   3996 KB-cwnd
[2024-11-06T16:50:27.700339-0500]     8.6875 MB /   0.50 sec =  145.7859 Mbps     0 retrans   4012 KB-cwnd
[2024-11-06T16:50:28.200302-0500]    10.4375 MB /   0.50 sec =  175.1266 Mbps     0 retrans   4014 KB-cwnd
[2024-11-06T16:50:28.700313-0500]    11.8125 MB /   0.50 sec =  198.1781 Mbps     0 retrans   4014 KB-cwnd
[2024-11-06T16:50:29.200440-0500]    12.1875 MB /   0.50 sec =  204.4735 Mbps     0 retrans   4014 KB-cwnd
[2024-11-06T16:50:29.700324-0500]    14.9375 MB /   0.50 sec =  250.6067 Mbps     0 retrans   3790 KB-cwnd
[2024-11-06T16:50:30.200323-0500]    14.1250 MB /   0.50 sec =  236.9801 Mbps     0 retrans   3790 KB-cwnd
[2024-11-06T16:50:30.700304-0500]     9.7500 MB /   0.50 sec =  163.5795 Mbps     0 retrans   3790 KB-cwnd
[2024-11-06T16:50:31.200294-0500]    11.6250 MB /   0.50 sec =  195.0351 Mbps     0 retrans   3790 KB-cwnd
[2024-11-06T16:50:31.700282-0500]    12.9375 MB /   0.50 sec =  217.0570 Mbps     0 retrans   3790 KB-cwnd
[2024-11-06T16:50:32.200256-0500]    13.8125 MB /   0.50 sec =  231.7385 Mbps     0 retrans   3897 KB-cwnd
[2024-11-06T16:50:32.700293-0500]    15.0625 MB /   0.50 sec =  252.7008 Mbps     0 retrans   3897 KB-cwnd
[2024-11-06T16:50:33.200301-0500]    13.9375 MB /   0.50 sec =  233.8315 Mbps     0 retrans   3897 KB-cwnd
[2024-11-06T16:50:33.700280-0500]    13.7500 MB /   0.50 sec =  230.7024 Mbps     0 retrans   3897 KB-cwnd
[2024-11-06T16:50:34.200391-0500]    13.7500 MB /   0.50 sec =  230.6351 Mbps     0 retrans   3897 KB-cwnd
[2024-11-06T16:50:34.700321-0500]     5.8125 MB /   0.50 sec =   97.5310 Mbps     0 retrans   3897 KB-cwnd
[2024-11-06T16:50:35.200337-0500]    15.0625 MB /   0.50 sec =  252.7053 Mbps   580 retrans   3551 KB-cwnd
[2024-11-06T16:50:35.700290-0500]    12.5000 MB /   0.50 sec =  209.7215 Mbps     0 retrans   3551 KB-cwnd
[2024-11-06T16:50:36.200296-0500]    11.6250 MB /   0.50 sec =  195.0336 Mbps     0 retrans   3612 KB-cwnd
[2024-11-06T16:50:36.700291-0500]     8.4375 MB /   0.50 sec =  141.5589 Mbps     0 retrans   3612 KB-cwnd
[2024-11-06T16:50:37.200354-0500]     5.6875 MB /   0.50 sec =   95.4086 Mbps     0 retrans   3612 KB-cwnd
[2024-11-06T16:50:37.700380-0500]     0.0000 MB /   0.50 sec =    0.0000 Mbps     0 retrans   3612 KB-cwnd
[2024-11-06T16:50:38.200445-0500]    11.1875 MB /   0.50 sec =  187.7221 Mbps     0 retrans   3612 KB-cwnd
[2024-11-06T16:50:38.700380-0500]     5.4375 MB /   0.50 sec =   91.2122 Mbps     0 retrans   3612 KB-cwnd
[2024-11-06T16:50:39.200349-0500]     6.6875 MB /   0.50 sec =  112.2098 Mbps     0 retrans   3647 KB-cwnd
[2024-11-06T16:50:39.700321-0500]    14.6250 MB /   0.50 sec =  245.3849 Mbps     0 retrans   3647 KB-cwnd
[2024-11-06T16:50:40.200315-0500]    16.1875 MB /   0.50 sec =  271.5774 Mbps     0 retrans   3647 KB-cwnd
[2024-11-06T16:50:40.700306-0500]    20.3750 MB /   0.50 sec =  341.8385 Mbps     0 retrans   3647 KB-cwnd
[2024-11-06T16:50:41.200336-0500]     8.3125 MB /   0.50 sec =  139.4486 Mbps     0 retrans   3732 KB-cwnd
[2024-11-06T16:50:41.700310-0500]     7.9375 MB /   0.50 sec =  133.1817 Mbps     0 retrans   3798 KB-cwnd
[2024-11-06T16:50:42.200334-0500]     9.3750 MB /   0.50 sec =  157.2807 Mbps     0 retrans   4459 KB-cwnd
[2024-11-06T16:50:42.700406-0500]     9.0625 MB /   0.50 sec =  152.0417 Mbps     0 retrans   4459 KB-cwnd
[2024-11-06T16:50:43.200520-0500]     9.1875 MB /   0.50 sec =  154.0981 Mbps     0 retrans   4459 KB-cwnd
[2024-11-06T16:50:43.700483-0500]     7.1250 MB /   0.50 sec =  119.5625 Mbps     0 retrans   4459 KB-cwnd
[2024-11-06T16:50:44.200520-0500]     0.0000 MB /   0.50 sec =    0.0000 Mbps     0 retrans   4459 KB-cwnd
[2024-11-06T16:50:44.700430-0500]    13.7500 MB /   0.50 sec =  230.6720 Mbps     0 retrans   4459 KB-cwnd
[2024-11-06T16:50:45.200529-0500]     0.0000 MB /   0.50 sec =    0.0000 Mbps     0 retrans   4459 KB-cwnd
[2024-11-06T16:50:45.700378-0500]     8.7500 MB /   0.50 sec =  146.8277 Mbps     0 retrans   4459 KB-cwnd
[2024-11-06T16:50:46.200291-0500]    22.3750 MB /   0.50 sec =  375.4450 Mbps     9 retrans   3740 KB-cwnd
[2024-11-06T16:50:46.700319-0500]    19.0000 MB /   0.50 sec =  318.7499 Mbps     0 retrans   3740 KB-cwnd
[2024-11-06T16:50:47.200293-0500]    15.0000 MB /   0.50 sec =  251.6673 Mbps     0 retrans   3740 KB-cwnd
[2024-11-06T16:50:47.700379-0500]    23.3125 MB /   0.50 sec =  391.0985 Mbps     0 retrans   3740 KB-cwnd
[2024-11-06T16:50:48.200315-0500]    15.5625 MB /   0.50 sec =  261.1022 Mbps     0 retrans   8543 KB-cwnd
[2024-11-06T16:50:48.700223-0500]    25.0625 MB /   0.50 sec =  420.5185 Mbps     0 retrans   8543 KB-cwnd
[2024-11-06T16:50:49.200329-0500]    23.9375 MB /   0.50 sec =  401.5661 Mbps     0 retrans   8552 KB-cwnd
[2024-11-06T16:50:49.700327-0500]    21.9375 MB /   0.50 sec =  368.0436 Mbps    97 retrans   8136 KB-cwnd
[2024-11-06T16:50:50.200313-0500]    25.1250 MB /   0.50 sec =  421.5486 Mbps     0 retrans   8136 KB-cwnd
[2024-11-06T16:50:50.700289-0500]    20.5625 MB /   0.50 sec =  344.9870 Mbps     0 retrans   8136 KB-cwnd
[2024-11-06T16:50:51.200370-0500]    16.0625 MB /   0.50 sec =  269.4452 Mbps     0 retrans   8136 KB-cwnd
[2024-11-06T16:50:51.700294-0500]    11.8750 MB /   0.50 sec =  199.2557 Mbps     0 retrans   6039 KB-cwnd
[2024-11-06T16:50:52.200298-0500]    15.0000 MB /   0.50 sec =  251.6557 Mbps     0 retrans   6039 KB-cwnd
[2024-11-06T16:50:52.700318-0500]    25.6250 MB /   0.50 sec =  429.9170 Mbps     0 retrans   6039 KB-cwnd
[2024-11-06T16:50:53.200259-0500]    20.9375 MB /   0.50 sec =  351.2772 Mbps     0 retrans   6039 KB-cwnd
[2024-11-06T16:50:53.700316-0500]    21.1250 MB /   0.50 sec =  354.4045 Mbps     0 retrans   9643 KB-cwnd
[2024-11-06T16:50:54.200279-0500]    21.6875 MB /   0.50 sec =  363.8930 Mbps     0 retrans   9643 KB-cwnd
[2024-11-06T16:50:54.700299-0500]    20.7500 MB /   0.50 sec =  348.1036 Mbps     0 retrans   9643 KB-cwnd
[2024-11-06T16:50:55.200311-0500]    21.6875 MB /   0.50 sec =  363.8501 Mbps     0 retrans   6439 KB-cwnd
[2024-11-06T16:50:55.700322-0500]    18.1875 MB /   0.50 sec =  305.1393 Mbps     0 retrans   6439 KB-cwnd
[2024-11-06T16:50:56.200308-0500]    11.6875 MB /   0.50 sec =  196.0833 Mbps     0 retrans   6439 KB-cwnd
[2024-11-06T16:50:56.700290-0500]    18.1250 MB /   0.50 sec =  304.0913 Mbps     0 retrans   6439 KB-cwnd
[2024-11-06T16:50:57.200312-0500]    15.5000 MB /   0.50 sec =  260.0437 Mbps     0 retrans   6468 KB-cwnd
[2024-11-06T16:50:57.700320-0500]    16.6250 MB /   0.50 sec =  278.9184 Mbps     0 retrans  10150 KB-cwnd
[2024-11-06T16:50:58.200210-0500]    18.8750 MB /   0.50 sec =  316.6947 Mbps     0 retrans  10150 KB-cwnd
[2024-11-06T16:50:58.700419-0500]    20.5625 MB /   0.50 sec =  344.9049 Mbps     0 retrans  10150 KB-cwnd
[2024-11-06T16:50:59.200518-0500]    12.8750 MB /   0.50 sec =  216.0153 Mbps     0 retrans  10150 KB-cwnd
[2024-11-06T16:50:59.700295-0500]    23.6875 MB /   0.50 sec =  397.4524 Mbps     0 retrans   6300 KB-cwnd
[2024-11-06T16:51:00.200315-0500]    23.6250 MB /   0.50 sec =  396.3609 Mbps     0 retrans   6300 KB-cwnd
[2024-11-06T16:51:00.700342-0500]    24.8750 MB /   0.50 sec =  417.3166 Mbps     0 retrans   6300 KB-cwnd
[2024-11-06T16:51:01.200304-0500]    20.8750 MB /   0.50 sec =  350.2447 Mbps     0 retrans   5639 KB-cwnd
[2024-11-06T16:51:01.700311-0500]    15.9375 MB /   0.50 sec =  267.3815 Mbps     0 retrans   5639 KB-cwnd
[2024-11-06T16:51:02.200285-0500]    15.8125 MB /   0.50 sec =  265.2977 Mbps     0 retrans   5639 KB-cwnd
[2024-11-06T16:51:02.700212-0500]    20.4375 MB /   0.50 sec =  342.9049 Mbps     0 retrans   5639 KB-cwnd
[2024-11-06T16:51:03.200318-0500]    18.6250 MB /   0.50 sec =  312.4419 Mbps     0 retrans   8535 KB-cwnd
[2024-11-06T16:51:03.700315-0500]    21.5000 MB /   0.50 sec =  360.7174 Mbps     0 retrans   8535 KB-cwnd
[2024-11-06T16:51:04.200289-0500]    20.8125 MB /   0.50 sec =  349.1828 Mbps     0 retrans   8535 KB-cwnd
[2024-11-06T16:51:04.700297-0500]    19.0000 MB /   0.50 sec =  318.7652 Mbps     0 retrans   6417 KB-cwnd
[2024-11-06T16:51:05.200245-0500]    11.5625 MB /   0.50 sec =  193.9893 Mbps     0 retrans   6417 KB-cwnd
[2024-11-06T16:51:05.700332-0500]    14.7500 MB /   0.50 sec =  247.4481 Mbps     0 retrans   6417 KB-cwnd
[2024-11-06T16:51:06.200342-0500]     9.3125 MB /   0.50 sec =  156.2350 Mbps     0 retrans   6417 KB-cwnd
[2024-11-06T16:51:06.700456-0500]    16.9375 MB /   0.50 sec =  284.1806 Mbps     0 retrans   6417 KB-cwnd
[2024-11-06T16:51:07.200367-0500]    19.0625 MB /   0.50 sec =  319.7773 Mbps     0 retrans   5392 KB-cwnd
[2024-11-06T16:51:07.700225-0500]    20.9375 MB /   0.50 sec =  351.3362 Mbps     0 retrans   5392 KB-cwnd
[2024-11-06T16:51:08.200367-0500]    19.3125 MB /   0.50 sec =  323.9478 Mbps     0 retrans   5392 KB-cwnd
[2024-11-06T16:51:08.700354-0500]    18.8125 MB /   0.50 sec =  315.6302 Mbps     0 retrans   5432 KB-cwnd
[2024-11-06T16:51:09.200302-0500]    21.0000 MB /   0.50 sec =  352.3659 Mbps     0 retrans   5999 KB-cwnd
[2024-11-06T16:51:09.700254-0500]    21.3750 MB /   0.50 sec =  358.6094 Mbps     0 retrans   5999 KB-cwnd
[2024-11-06T16:51:10.200313-0500]    20.6250 MB /   0.50 sec =  346.0266 Mbps     0 retrans   6039 KB-cwnd
[2024-11-06T16:51:10.700331-0500]    22.7500 MB /   0.50 sec =  381.6672 Mbps     0 retrans   8346 KB-cwnd
[2024-11-06T16:51:11.200282-0500]    21.9375 MB /   0.50 sec =  368.0701 Mbps     0 retrans   8532 KB-cwnd
[2024-11-06T16:51:11.700300-0500]    20.1875 MB /   0.50 sec =  338.6833 Mbps     0 retrans   8532 KB-cwnd
[2024-11-06T16:51:12.200359-0500]    21.0000 MB /   0.50 sec =  352.2800 Mbps     0 retrans   7797 KB-cwnd
[2024-11-06T16:51:12.700306-0500]    16.7500 MB /   0.50 sec =  281.0532 Mbps     0 retrans   7797 KB-cwnd
[2024-11-06T16:51:13.200226-0500]    16.9375 MB /   0.50 sec =  284.1783 Mbps     0 retrans   7797 KB-cwnd
[2024-11-06T16:51:13.700345-0500]    17.4375 MB /   0.50 sec =  292.5147 Mbps     0 retrans   7797 KB-cwnd
[2024-11-06T16:51:14.200391-0500]    13.6875 MB /   0.50 sec =  229.6267 Mbps     0 retrans   7797 KB-cwnd
[2024-11-06T16:51:14.700456-0500]     0.0000 MB /   0.50 sec =    0.0000 Mbps     0 retrans   7797 KB-cwnd
[2024-11-06T16:51:15.200536-0500]    21.3125 MB /   0.50 sec =  357.5801 Mbps     0 retrans   7075 KB-cwnd
[2024-11-06T16:51:15.700391-0500]    20.6250 MB /   0.50 sec =  346.0432 Mbps     0 retrans   7075 KB-cwnd
[2024-11-06T16:51:16.200310-0500]    19.9375 MB /   0.50 sec =  334.5426 Mbps     0 retrans   7075 KB-cwnd
[2024-11-06T16:51:16.700271-0500]    16.8750 MB /   0.50 sec =  283.1195 Mbps     0 retrans   6268 KB-cwnd
[2024-11-06T16:51:17.200338-0500]    27.5000 MB /   0.50 sec =  461.3614 Mbps     0 retrans   6268 KB-cwnd
[2024-11-06T16:51:17.700216-0500]    30.1250 MB /   0.50 sec =  505.4500 Mbps     0 retrans   5903 KB-cwnd
[2024-11-06T16:51:18.200299-0500]    27.1250 MB /   0.50 sec =  455.0174 Mbps   291 retrans   5453 KB-cwnd
End time: 1730929878497
