Start time: 1747684810240
Connecting to host 34.145.166.89, port 5209
Reverse mode, remote host 34.145.166.89 is sending
[  5] local 192.0.0.2 port 33434 connected to 34.145.166.89 port 5209
[ ID] Interval           Transfer     Bitrate
[  5]   0.00-0.10   sec  98.6 KBytes  8.07 Mbits/sec                  
[  5]   0.10-0.20   sec   209 KBytes  17.1 Mbits/sec                  
[  5]   0.20-0.30   sec   228 KBytes  18.6 Mbits/sec                  
[  5]   0.30-0.40   sec   266 KBytes  21.8 Mbits/sec                  
[  5]   0.40-0.50   sec   252 KBytes  20.6 Mbits/sec                  
[  5]   0.50-0.60   sec   345 KBytes  28.3 Mbits/sec                  
[  5]   0.60-0.70   sec   388 KBytes  31.8 Mbits/sec                  
[  5]   0.70-0.80   sec   401 KBytes  32.8 Mbits/sec                  
[  5]   0.80-0.90   sec   517 KBytes  42.3 Mbits/sec                  
[  5]   0.90-1.00   sec   615 KBytes  50.4 Mbits/sec                  
[  5]   1.00-1.10   sec   605 KBytes  49.5 Mbits/sec                  
[  5]   1.10-1.20   sec   786 KBytes  64.4 Mbits/sec                  
[  5]   1.20-1.30   sec  1010 KBytes  82.7 Mbits/sec                  
[  5]   1.30-1.40   sec  1.10 MBytes  92.5 Mbits/sec                  
[  5]   1.40-1.50   sec  1.14 MBytes  95.9 Mbits/sec                  
[  5]   1.50-1.60   sec  1.33 MBytes   111 Mbits/sec                  
[  5]   1.60-1.70   sec  1.65 MBytes   139 Mbits/sec                  
[  5]   1.70-1.80   sec  1.69 MBytes   142 Mbits/sec                  
[  5]   1.80-1.90   sec  1.80 MBytes   151 Mbits/sec                  
[  5]   1.90-2.00   sec  1.94 MBytes   163 Mbits/sec                  
[  5]   2.00-2.10   sec  2.17 MBytes   182 Mbits/sec                  
[  5]   2.10-2.20   sec  2.33 MBytes   196 Mbits/sec                  
[  5]   2.20-2.30   sec  2.80 MBytes   235 Mbits/sec                  
[  5]   2.30-2.40   sec  3.30 MBytes   277 Mbits/sec                  
[  5]   2.40-2.50   sec  3.36 MBytes   282 Mbits/sec                  
[  5]   2.50-2.60   sec  3.08 MBytes   258 Mbits/sec                  
[  5]   2.60-2.70   sec  2.49 MBytes   209 Mbits/sec                  
[  5]   2.70-2.80   sec  2.00 MBytes   168 Mbits/sec                  
[  5]   2.80-2.90   sec  2.50 MBytes   210 Mbits/sec                  
[  5]   2.90-3.00   sec  2.02 MBytes   169 Mbits/sec                  
[  5]   3.00-3.10   sec  1.05 MBytes  88.5 Mbits/sec                  
[  5]   3.10-3.20   sec  1.71 MBytes   143 Mbits/sec                  
[  5]   3.20-3.30   sec  2.29 MBytes   192 Mbits/sec                  
[  5]   3.30-3.40   sec  3.41 MBytes   286 Mbits/sec                  
[  5]   3.40-3.50   sec  3.41 MBytes   286 Mbits/sec                  
[  5]   3.50-3.60   sec  2.61 MBytes   219 Mbits/sec                  
[  5]   3.60-3.70   sec  3.34 MBytes   280 Mbits/sec                  
[  5]   3.70-3.80   sec  3.68 MBytes   309 Mbits/sec                  
[  5]   3.80-3.90   sec  3.66 MBytes   307 Mbits/sec                  
[  5]   3.90-4.00   sec  4.88 MBytes   410 Mbits/sec                  
[  5]   4.00-4.10   sec  4.66 MBytes   391 Mbits/sec                  
[  5]   4.10-4.20   sec  4.61 MBytes   387 Mbits/sec                  
[  5]   4.20-4.30   sec  3.91 MBytes   328 Mbits/sec                  
[  5]   4.30-4.40   sec  4.10 MBytes   344 Mbits/sec                  
[  5]   4.40-4.50   sec  5.50 MBytes   462 Mbits/sec                  
[  5]   4.50-4.60   sec  6.22 MBytes   521 Mbits/sec                  
[  5]   4.60-4.70   sec  5.17 MBytes   434 Mbits/sec                  
[  5]   4.70-4.80   sec  4.66 MBytes   391 Mbits/sec                  
[  5]   4.80-4.90   sec  3.82 MBytes   321 Mbits/sec                  
[  5]   4.90-5.00   sec  3.22 MBytes   270 Mbits/sec                  
- - - - - - - - - - - - - - - - - - - - - - - - -
[ ID] Interval           Transfer     Bitrate         Retr
[  5]   0.00-5.03   sec   121 MBytes   202 Mbits/sec    0             sender
[  5]   0.00-5.00   sec   118 MBytes   198 Mbits/sec                  receiver

iperf Done.
End time: 1747684815745
