Start time: 1730851961545
[2024-11-05T18:12:42.447875-0600] nuttcp-r: v8.1.4: socket
[2024-11-05T18:12:42.448783-0600] nuttcp-r: buflen=65536, nstream=1, port=5379 tcp
[2024-11-05T18:12:42.448841-0600] nuttcp-r: interval reporting every 0.50 seconds
[2024-11-05T18:12:42.448874-0600] nuttcp-r: connect to 54.197.223.49 with RTT=61.628 ms af=inet
[2024-11-05T18:12:42.448905-0600] nuttcp-r: send window size = 2097152, receive window size = 6291456
[2024-11-05T18:12:42.448934-0600] nuttcp-r: available send window = 1572864, available receive window = 4718592
[2024-11-05T18:12:42.448964-0600]     0.7500 MB /   0.50 sec =   12.5813 Mbps     0 retrans     13 KB-cwnd
[2024-11-05T18:12:42.947851-0600]    11.4375 MB /   0.50 sec =  191.8929 Mbps     0 retrans     13 KB-cwnd
[2024-11-05T18:12:43.448078-0600]    29.7500 MB /   0.50 sec =  499.0693 Mbps     0 retrans     13 KB-cwnd
[2024-11-05T18:12:43.948755-0600]    28.4375 MB /   0.50 sec =  476.6616 Mbps     0 retrans     13 KB-cwnd
[2024-11-05T18:12:44.448742-0600]    29.5625 MB /   0.50 sec =  495.9715 Mbps     0 retrans     13 KB-cwnd
[2024-11-05T18:12:44.949024-0600]    37.0000 MB /   0.50 sec =  620.4927 Mbps     0 retrans     13 KB-cwnd
[2024-11-05T18:12:45.448609-0600]    38.4375 MB /   0.50 sec =  644.9800 Mbps     0 retrans     14 KB-cwnd
[2024-11-05T18:12:45.947876-0600]    30.1875 MB /   0.50 sec =  507.0575 Mbps     0 retrans     14 KB-cwnd
[2024-11-05T18:12:46.448460-0600]    26.1250 MB /   0.50 sec =  438.0306 Mbps     0 retrans     26 KB-cwnd
[2024-11-05T18:12:46.948698-0600]    34.3125 MB /   0.50 sec =  575.5324 Mbps     0 retrans     26 KB-cwnd
[2024-11-05T18:12:47.447724-0600]    26.6250 MB /   0.50 sec =  447.1477 Mbps     0 retrans     27 KB-cwnd
[2024-11-05T18:12:47.948552-0600]    30.1250 MB /   0.50 sec =  504.8371 Mbps     0 retrans     29 KB-cwnd
[2024-11-05T18:12:48.447901-0600]    23.1250 MB /   0.50 sec =  388.2993 Mbps     0 retrans     29 KB-cwnd
[2024-11-05T18:12:48.948631-0600]    16.0625 MB /   0.50 sec =  269.3197 Mbps     0 retrans     30 KB-cwnd
[2024-11-05T18:12:49.448233-0600]    15.0625 MB /   0.50 sec =  252.6972 Mbps     0 retrans     34 KB-cwnd
[2024-11-05T18:12:49.948943-0600]    13.0000 MB /   0.50 sec =  217.8037 Mbps     0 retrans     37 KB-cwnd
[2024-11-05T18:12:50.447642-0600]    15.6250 MB /   0.50 sec =  262.7599 Mbps     0 retrans     42 KB-cwnd
[2024-11-05T18:12:50.947870-0600]    26.3125 MB /   0.50 sec =  441.3516 Mbps     0 retrans  11769 KB-cwnd
[2024-11-05T18:12:51.447761-0600]    32.3125 MB /   0.50 sec =  542.2092 Mbps     0 retrans  11769 KB-cwnd
[2024-11-05T18:12:51.948974-0600]    15.3125 MB /   0.50 sec =  256.3039 Mbps     0 retrans  11769 KB-cwnd
[2024-11-05T18:12:52.448658-0600]     0.3750 MB /   0.50 sec =    6.2956 Mbps     0 retrans  11769 KB-cwnd
[2024-11-05T18:12:52.948219-0600]     0.0000 MB /   0.50 sec =    0.0000 Mbps     0 retrans  11769 KB-cwnd
[2024-11-05T18:12:53.448156-0600]     1.5625 MB /   0.50 sec =   26.2093 Mbps     0 retrans  11769 KB-cwnd
[2024-11-05T18:12:53.947708-0600]     6.8750 MB /   0.50 sec =  115.4359 Mbps     0 retrans  11769 KB-cwnd
[2024-11-05T18:12:54.447882-0600]     1.1875 MB /   0.50 sec =   19.9178 Mbps     0 retrans  11769 KB-cwnd
[2024-11-05T18:12:54.947928-0600]     0.0000 MB /   0.50 sec =    0.0000 Mbps     0 retrans  11769 KB-cwnd
[2024-11-05T18:12:55.447970-0600]     0.0000 MB /   0.50 sec =    0.0000 Mbps     0 retrans  11769 KB-cwnd
[2024-11-05T18:12:55.948853-0600]    12.5625 MB /   0.50 sec =  210.3305 Mbps     0 retrans  11769 KB-cwnd
[2024-11-05T18:12:56.449018-0600]     0.0000 MB /   0.50 sec =    0.0000 Mbps     0 retrans  11769 KB-cwnd
[2024-11-05T18:12:56.947891-0600]     0.0000 MB /   0.50 sec =    0.0000 Mbps     0 retrans  11769 KB-cwnd
[2024-11-05T18:12:57.447890-0600]     0.0000 MB /   0.50 sec =    0.0000 Mbps     0 retrans  11769 KB-cwnd
[2024-11-05T18:12:57.948952-0600]     0.0000 MB /   0.50 sec =    0.0000 Mbps     0 retrans  11769 KB-cwnd
[2024-11-05T18:12:58.447986-0600]     0.0000 MB /   0.50 sec =    0.0000 Mbps     0 retrans  11769 KB-cwnd
[2024-11-05T18:12:58.948886-0600]     0.0000 MB /   0.50 sec =    0.0000 Mbps     0 retrans  11769 KB-cwnd
[2024-11-05T18:12:59.448869-0600]     0.0000 MB /   0.50 sec =    0.0000 Mbps     0 retrans  11769 KB-cwnd
[2024-11-05T18:12:59.948874-0600]     0.0000 MB /   0.50 sec =    0.0000 Mbps     0 retrans  11769 KB-cwnd
[2024-11-05T18:13:00.447822-0600]     0.0000 MB /   0.50 sec =    0.0000 Mbps     0 retrans  11769 KB-cwnd
[2024-11-05T18:13:00.947770-0600]     0.0000 MB /   0.50 sec =    0.0000 Mbps     0 retrans  11769 KB-cwnd
[2024-11-05T18:13:01.447972-0600]     0.0000 MB /   0.50 sec =    0.0000 Mbps     0 retrans  11769 KB-cwnd
[2024-11-05T18:13:01.948116-0600]     0.0000 MB /   0.50 sec =    0.0000 Mbps     0 retrans  11769 KB-cwnd
[2024-11-05T18:13:02.447780-0600]     0.0000 MB /   0.50 sec =    0.0000 Mbps     0 retrans  11769 KB-cwnd
[2024-11-05T18:13:02.947838-0600]     0.0000 MB /   0.50 sec =    0.0000 Mbps     0 retrans  11769 KB-cwnd
[2024-11-05T18:13:03.447813-0600]     0.0000 MB /   0.50 sec =    0.0000 Mbps     0 retrans  11769 KB-cwnd
[2024-11-05T18:13:03.947757-0600]     0.0000 MB /   0.50 sec =    0.0000 Mbps     0 retrans  11769 KB-cwnd
[2024-11-05T18:13:04.447791-0600]     0.0000 MB /   0.50 sec =    0.0000 Mbps     0 retrans  11769 KB-cwnd
[2024-11-05T18:13:04.947801-0600]     0.0000 MB /   0.50 sec =    0.0000 Mbps     0 retrans  11769 KB-cwnd
[2024-11-05T18:13:05.448570-0600]     0.0000 MB /   0.50 sec =    0.0000 Mbps     0 retrans  11769 KB-cwnd
[2024-11-05T18:13:05.949138-0600]     0.0000 MB /   0.50 sec =    0.0000 Mbps     0 retrans  11769 KB-cwnd
[2024-11-05T18:13:06.447945-0600]     0.0000 MB /   0.50 sec =    0.0000 Mbps     0 retrans  11769 KB-cwnd
[2024-11-05T18:13:06.948893-0600]     0.0000 MB /   0.50 sec =    0.0000 Mbps     0 retrans  11769 KB-cwnd
[2024-11-05T18:13:07.449061-0600]     0.0000 MB /   0.50 sec =    0.0000 Mbps     0 retrans  11769 KB-cwnd
[2024-11-05T18:13:07.948971-0600]     0.0000 MB /   0.50 sec =    0.0000 Mbps     0 retrans  11769 KB-cwnd
[2024-11-05T18:13:08.448099-0600]     0.0000 MB /   0.50 sec =    0.0000 Mbps     0 retrans  11769 KB-cwnd
[2024-11-05T18:13:08.948842-0600]     0.0000 MB /   0.50 sec =    0.0000 Mbps     0 retrans  11769 KB-cwnd
[2024-11-05T18:13:09.447792-0600]     0.0000 MB /   0.50 sec =    0.0000 Mbps     0 retrans  11769 KB-cwnd
[2024-11-05T18:13:09.948003-0600]     0.0000 MB /   0.50 sec =    0.0000 Mbps     0 retrans  11769 KB-cwnd
[2024-11-05T18:13:10.448875-0600]     0.0625 MB /   0.50 sec =    1.0468 Mbps     0 retrans  11769 KB-cwnd
[2024-11-05T18:13:10.947912-0600]    21.7500 MB /   0.50 sec =  365.6826 Mbps     0 retrans  11769 KB-cwnd
[2024-11-05T18:13:11.447710-0600]    21.8125 MB /   0.50 sec =  365.9545 Mbps     0 retrans  11769 KB-cwnd
[2024-11-05T18:13:11.947853-0600]    24.1250 MB /   0.50 sec =  404.6751 Mbps     0 retrans  12182 KB-cwnd
[2024-11-05T18:13:12.447722-0600]    30.8125 MB /   0.50 sec =  517.0452 Mbps     0 retrans  12182 KB-cwnd
[2024-11-05T18:13:12.947770-0600]    35.7500 MB /   0.50 sec =  599.7687 Mbps     0 retrans  12182 KB-cwnd
[2024-11-05T18:13:13.447738-0600]    40.7500 MB /   0.50 sec =  683.6921 Mbps     0 retrans  12201 KB-cwnd
[2024-11-05T18:13:13.947799-0600]    49.3125 MB /   0.50 sec =  827.3927 Mbps     0 retrans  13959 KB-cwnd
[2024-11-05T18:13:14.447746-0600]    57.5625 MB /   0.50 sec =  965.6323 Mbps     0 retrans  13959 KB-cwnd
[2024-11-05T18:13:14.947783-0600]    58.1250 MB /   0.50 sec =  975.1035 Mbps     0 retrans  13959 KB-cwnd
[2024-11-05T18:13:15.448159-0600]    55.2500 MB /   0.50 sec =  926.2298 Mbps  8353 retrans  10765 KB-cwnd
[2024-11-05T18:13:15.947729-0600]    57.4375 MB /   0.50 sec =  964.4862 Mbps     0 retrans  10765 KB-cwnd
[2024-11-05T18:13:16.447723-0600]    60.3750 MB /   0.50 sec = 1012.8555 Mbps     0 retrans  20798 KB-cwnd
[2024-11-05T18:13:16.947738-0600]    56.3750 MB /   0.50 sec =  945.8704 Mbps     0 retrans  19951 KB-cwnd
[2024-11-05T18:13:17.447726-0600]    53.6875 MB /   0.50 sec =  900.7412 Mbps     0 retrans  19951 KB-cwnd
[2024-11-05T18:13:17.947821-0600]    50.6250 MB /   0.50 sec =  849.1937 Mbps     0 retrans  19287 KB-cwnd
[2024-11-05T18:13:18.447705-0600]    46.1250 MB /   0.50 sec =  773.9977 Mbps     0 retrans  19905 KB-cwnd
[2024-11-05T18:13:18.947708-0600]    39.8125 MB /   0.50 sec =  667.9322 Mbps     0 retrans  19905 KB-cwnd
[2024-11-05T18:13:19.447855-0600]    30.7500 MB /   0.50 sec =  515.7581 Mbps     0 retrans  18134 KB-cwnd
[2024-11-05T18:13:19.947752-0600]    15.7500 MB /   0.50 sec =  264.3056 Mbps     0 retrans  18134 KB-cwnd
[2024-11-05T18:13:20.447845-0600]    11.5625 MB /   0.50 sec =  193.9932 Mbps     0 retrans  18134 KB-cwnd
[2024-11-05T18:13:20.948865-0600]    20.2500 MB /   0.50 sec =  338.9969 Mbps     0 retrans  18131 KB-cwnd
[2024-11-05T18:13:21.447876-0600]    13.3750 MB /   0.50 sec =  224.8828 Mbps     0 retrans  18131 KB-cwnd
[2024-11-05T18:13:21.948089-0600]     9.4375 MB /   0.50 sec =  158.2192 Mbps     0 retrans  17303 KB-cwnd
[2024-11-05T18:13:22.447729-0600]    15.8125 MB /   0.50 sec =  265.4841 Mbps     0 retrans  17303 KB-cwnd
[2024-11-05T18:13:22.947829-0600]    20.9375 MB /   0.50 sec =  351.2730 Mbps     0 retrans  17303 KB-cwnd
[2024-11-05T18:13:23.447865-0600]     8.0000 MB /   0.50 sec =  134.1850 Mbps     0 retrans  17303 KB-cwnd
[2024-11-05T18:13:23.947765-0600]    20.6875 MB /   0.50 sec =  347.1578 Mbps     0 retrans  17303 KB-cwnd
[2024-11-05T18:13:24.447815-0600]    23.8750 MB /   0.50 sec =  400.5040 Mbps     0 retrans  16791 KB-cwnd
[2024-11-05T18:13:24.947903-0600]    29.0000 MB /   0.50 sec =  486.5947 Mbps     0 retrans  16791 KB-cwnd
[2024-11-05T18:13:25.447727-0600]    24.0000 MB /   0.50 sec =  402.6717 Mbps     0 retrans  12393 KB-cwnd
[2024-11-05T18:13:25.947770-0600]    32.0000 MB /   0.50 sec =  536.8001 Mbps     0 retrans  12393 KB-cwnd
[2024-11-05T18:13:26.447727-0600]    24.7500 MB /   0.50 sec =  415.2801 Mbps     0 retrans  12393 KB-cwnd
[2024-11-05T18:13:26.947776-0600]    32.4375 MB /   0.50 sec =  544.1837 Mbps     0 retrans  10805 KB-cwnd
[2024-11-05T18:13:27.448086-0600]    32.0000 MB /   0.50 sec =  536.5200 Mbps     0 retrans  10730 KB-cwnd
[2024-11-05T18:13:27.947727-0600]    28.1875 MB /   0.50 sec =  473.2580 Mbps     0 retrans  12446 KB-cwnd
[2024-11-05T18:13:28.448674-0600]    29.8125 MB /   0.50 sec =  499.2272 Mbps     0 retrans  12446 KB-cwnd
[2024-11-05T18:13:28.947907-0600]    37.0625 MB /   0.50 sec =  622.9793 Mbps     0 retrans  13823 KB-cwnd
[2024-11-05T18:13:29.448821-0600]    39.8750 MB /   0.50 sec =  667.5496 Mbps     0 retrans  13823 KB-cwnd
[2024-11-05T18:13:29.948686-0600]    20.2500 MB /   0.50 sec =  339.8161 Mbps     0 retrans  13823 KB-cwnd
[2024-11-05T18:13:30.447715-0600]    18.5625 MB /   0.50 sec =  312.0293 Mbps     0 retrans  14210 KB-cwnd
[2024-11-05T18:13:30.947725-0600]    21.8125 MB /   0.50 sec =  365.9464 Mbps     0 retrans  14210 KB-cwnd
[2024-11-05T18:13:31.447710-0600]    28.6250 MB /   0.50 sec =  480.2574 Mbps     0 retrans  14210 KB-cwnd
[2024-11-05T18:13:31.947798-0600]    25.0000 MB /   0.50 sec =  419.3759 Mbps     0 retrans  14814 KB-cwnd
[2024-11-05T18:13:32.447704-0600]     8.5000 MB /   0.50 sec =  142.6340 Mbps     0 retrans  14849 KB-cwnd
[2024-11-05T18:13:32.947729-0600]    20.1250 MB /   0.50 sec =  337.6212 Mbps     0 retrans  14849 KB-cwnd
[2024-11-05T18:13:33.447729-0600]    20.1250 MB /   0.50 sec =  337.6388 Mbps     0 retrans  14881 KB-cwnd
[2024-11-05T18:13:33.948832-0600]    10.3125 MB /   0.50 sec =  172.6425 Mbps     0 retrans  16373 KB-cwnd
[2024-11-05T18:13:34.448786-0600]     7.5000 MB /   0.50 sec =  125.8379 Mbps     0 retrans  16373 KB-cwnd
[2024-11-05T18:13:34.947797-0600]    12.7500 MB /   0.50 sec =  214.3189 Mbps     0 retrans  16373 KB-cwnd
[2024-11-05T18:13:35.447779-0600]    13.0000 MB /   0.50 sec =  218.1173 Mbps     0 retrans  16373 KB-cwnd
[2024-11-05T18:13:35.947757-0600]    10.1875 MB /   0.50 sec =  170.9329 Mbps     0 retrans  16375 KB-cwnd
[2024-11-05T18:13:36.448909-0600]     4.0000 MB /   0.50 sec =   66.9590 Mbps     0 retrans  16375 KB-cwnd
[2024-11-05T18:13:36.947788-0600]     0.0000 MB /   0.50 sec =    0.0000 Mbps     0 retrans  16375 KB-cwnd
[2024-11-05T18:13:37.447728-0600]    16.0625 MB /   0.50 sec =  269.5034 Mbps     0 retrans  16375 KB-cwnd
[2024-11-05T18:13:37.947823-0600]    14.5625 MB /   0.50 sec =  244.2752 Mbps     0 retrans  11655 KB-cwnd
[2024-11-05T18:13:38.447787-0600]    17.0625 MB /   0.50 sec =  286.3271 Mbps     0 retrans  11655 KB-cwnd
[2024-11-05T18:13:38.947740-0600]    19.0625 MB /   0.50 sec =  319.8054 Mbps     0 retrans  11655 KB-cwnd
[2024-11-05T18:13:39.447789-0600]    14.4375 MB /   0.50 sec =  242.2094 Mbps     0 retrans  11655 KB-cwnd
[2024-11-05T18:13:39.947726-0600]    15.4375 MB /   0.50 sec =  259.0066 Mbps     0 retrans  11655 KB-cwnd
[2024-11-05T18:13:40.447721-0600]    13.0000 MB /   0.50 sec =  218.1104 Mbps     0 retrans   6998 KB-cwnd
[2024-11-05T18:13:40.947754-0600]     7.3125 MB /   0.50 sec =  122.6711 Mbps     0 retrans   6998 KB-cwnd
[2024-11-05T18:13:41.447815-0600]     3.6250 MB /   0.50 sec =   60.8191 Mbps     0 retrans   6998 KB-cwnd
[2024-11-05T18:13:41.948283-0600]     0.0000 MB /   0.50 sec =    0.0000 Mbps     0 retrans   6998 KB-cwnd
[2024-11-05T18:13:42.448870-0600]     0.0000 MB /   0.50 sec =    0.0000 Mbps     0 retrans   6998 KB-cwnd
[2024-11-05T18:13:42.947964-0600]     0.0000 MB /   0.50 sec =    0.0000 Mbps     0 retrans   6998 KB-cwnd
[2024-11-05T18:13:43.447793-0600]     0.9375 MB /   0.50 sec =   15.7325 Mbps     0 retrans   6998 KB-cwnd
[2024-11-05T18:13:43.948860-0600]     6.9375 MB /   0.50 sec =  116.1585 Mbps     0 retrans   6998 KB-cwnd
[2024-11-05T18:13:44.447926-0600]     0.0000 MB /   0.50 sec =    0.0000 Mbps     0 retrans   6998 KB-cwnd
[2024-11-05T18:13:44.947780-0600]     6.4375 MB /   0.50 sec =  108.0338 Mbps     0 retrans   6998 KB-cwnd
[2024-11-05T18:13:45.447847-0600]     8.8750 MB /   0.50 sec =  148.8892 Mbps     0 retrans   6998 KB-cwnd
[2024-11-05T18:13:45.947737-0600]    12.9375 MB /   0.50 sec =  217.0830 Mbps     0 retrans   6998 KB-cwnd
[2024-11-05T18:13:46.447939-0600]    11.8125 MB /   0.50 sec =  198.1297 Mbps     0 retrans   6998 KB-cwnd
[2024-11-05T18:13:46.948121-0600]    14.3750 MB /   0.50 sec =  241.0409 Mbps    33 retrans   8165 KB-cwnd
[2024-11-05T18:13:47.447737-0600]    11.8750 MB /   0.50 sec =  199.3921 Mbps     0 retrans   8165 KB-cwnd
[2024-11-05T18:13:47.948947-0600]     4.3125 MB /   0.50 sec =   72.1805 Mbps     0 retrans   8165 KB-cwnd
[2024-11-05T18:13:48.447712-0600]    21.9375 MB /   0.50 sec =  368.9216 Mbps     0 retrans   8165 KB-cwnd
[2024-11-05T18:13:48.947695-0600]    19.6875 MB /   0.50 sec =  330.3034 Mbps     0 retrans   8165 KB-cwnd
[2024-11-05T18:13:49.447931-0600]    23.3750 MB /   0.50 sec =  392.1690 Mbps   249 retrans   7507 KB-cwnd
[2024-11-05T18:13:49.947713-0600]    27.6250 MB /   0.50 sec =  463.4669 Mbps     0 retrans   7507 KB-cwnd
[2024-11-05T18:13:50.447759-0600]    29.6875 MB /   0.50 sec =  498.0646 Mbps  1191 retrans   7206 KB-cwnd
[2024-11-05T18:13:50.947737-0600]    28.9375 MB /   0.50 sec =  485.4965 Mbps     0 retrans   7206 KB-cwnd
[2024-11-05T18:13:51.447717-0600]    31.3125 MB /   0.50 sec =  525.3523 Mbps     0 retrans   7198 KB-cwnd
[2024-11-05T18:13:51.947757-0600]    31.4375 MB /   0.50 sec =  527.4137 Mbps    67 retrans   9654 KB-cwnd
[2024-11-05T18:13:52.447700-0600]    33.1250 MB /   0.50 sec =  555.7664 Mbps     0 retrans   9670 KB-cwnd
[2024-11-05T18:13:52.947754-0600]    28.0625 MB /   0.50 sec =  470.7852 Mbps     0 retrans   9843 KB-cwnd
[2024-11-05T18:13:53.447811-0600]    30.8750 MB /   0.50 sec =  518.0142 Mbps     0 retrans   9843 KB-cwnd
[2024-11-05T18:13:53.947692-0600]    24.6250 MB /   0.50 sec =  413.1447 Mbps     0 retrans  11599 KB-cwnd
[2024-11-05T18:13:54.447793-0600]    20.8125 MB /   0.50 sec =  349.1954 Mbps     0 retrans  11599 KB-cwnd
[2024-11-05T18:13:54.947854-0600]    22.9375 MB /   0.50 sec =  384.6528 Mbps     0 retrans  11599 KB-cwnd
[2024-11-05T18:13:55.448100-0600]    28.2500 MB /   0.50 sec =  473.7953 Mbps     0 retrans  13634 KB-cwnd
[2024-11-05T18:13:55.947846-0600]    30.2500 MB /   0.50 sec =  507.7830 Mbps     0 retrans  13634 KB-cwnd
[2024-11-05T18:13:56.447679-0600]    30.3125 MB /   0.50 sec =  508.6977 Mbps     0 retrans  13634 KB-cwnd
[2024-11-05T18:13:56.947793-0600]    19.3125 MB /   0.50 sec =  323.9633 Mbps     0 retrans  10589 KB-cwnd
[2024-11-05T18:13:57.447743-0600]    27.1250 MB /   0.50 sec =  455.1084 Mbps     0 retrans  10589 KB-cwnd
[2024-11-05T18:13:57.947720-0600]    32.6250 MB /   0.50 sec =  547.3578 Mbps     0 retrans  10592 KB-cwnd
[2024-11-05T18:13:58.447728-0600]    27.8125 MB /   0.50 sec =  466.6182 Mbps     0 retrans  10608 KB-cwnd
[2024-11-05T18:13:58.947747-0600]    28.5000 MB /   0.50 sec =  478.1363 Mbps     0 retrans  11197 KB-cwnd
[2024-11-05T18:13:59.447706-0600]    23.2500 MB /   0.50 sec =  390.0859 Mbps     0 retrans      5 KB-cwnd
[2024-11-05T18:13:59.947829-0600]    20.6875 MB /   0.50 sec =  346.9995 Mbps     0 retrans      5 KB-cwnd
[2024-11-05T18:14:00.447916-0600]    27.1875 MB /   0.50 sec =  456.2182 Mbps     0 retrans      5 KB-cwnd
[2024-11-05T18:14:00.947729-0600]    21.9375 MB /   0.50 sec =  368.0546 Mbps     0 retrans      5 KB-cwnd
[2024-11-05T18:14:01.448319-0600]    13.0000 MB /   0.50 sec =  217.9634 Mbps    81 retrans   8997 KB-cwnd
[2024-11-05T18:14:01.949255-0600]    11.9375 MB /   0.50 sec =  199.8168 Mbps     0 retrans  13805 KB-cwnd
[2024-11-05T18:14:02.449034-0600]    10.4375 MB /   0.50 sec =  175.1672 Mbps     0 retrans  13805 KB-cwnd
[2024-11-05T18:14:02.947784-0600]    13.1250 MB /   0.50 sec =  220.7582 Mbps     0 retrans  13805 KB-cwnd
[2024-11-05T18:14:03.447664-0600]    30.6250 MB /   0.50 sec =  513.8875 Mbps     0 retrans  13805 KB-cwnd
[2024-11-05T18:14:03.947731-0600]    19.7500 MB /   0.50 sec =  331.3354 Mbps  1446 retrans   9803 KB-cwnd
[2024-11-05T18:14:04.447948-0600]    12.7500 MB /   0.50 sec =  213.9005 Mbps     0 retrans   9803 KB-cwnd
[2024-11-05T18:14:04.947689-0600]    15.5625 MB /   0.50 sec =  261.1127 Mbps     0 retrans   9803 KB-cwnd
[2024-11-05T18:14:05.448116-0600]    18.5625 MB /   0.50 sec =  311.2721 Mbps     0 retrans   9803 KB-cwnd
[2024-11-05T18:14:05.948042-0600]    21.6875 MB /   0.50 sec =  363.7831 Mbps   764 retrans  10737 KB-cwnd
[2024-11-05T18:14:06.447970-0600]    15.6875 MB /   0.50 sec =  263.2826 Mbps     0 retrans  11149 KB-cwnd
[2024-11-05T18:14:06.948443-0600]     4.8125 MB /   0.50 sec =   80.6603 Mbps     0 retrans  11149 KB-cwnd
[2024-11-05T18:14:07.447624-0600]    15.3750 MB /   0.50 sec =  258.3113 Mbps     0 retrans  10512 KB-cwnd
[2024-11-05T18:14:07.947852-0600]    22.8750 MB /   0.50 sec =  383.6821 Mbps     0 retrans  10499 KB-cwnd
[2024-11-05T18:14:08.447873-0600]    24.8125 MB /   0.50 sec =  416.3555 Mbps   713 retrans  11716 KB-cwnd
[2024-11-05T18:14:08.947872-0600]    18.6875 MB /   0.50 sec =  313.4471 Mbps     0 retrans  11716 KB-cwnd
[2024-11-05T18:14:09.447926-0600]    29.1875 MB /   0.50 sec =  489.8212 Mbps     0 retrans  11716 KB-cwnd
[2024-11-05T18:14:09.947912-0600]    22.0000 MB /   0.50 sec =  368.9910 Mbps     0 retrans  10011 KB-cwnd
[2024-11-05T18:14:10.448635-0600]    15.9375 MB /   0.50 sec =  266.9709 Mbps     0 retrans  10011 KB-cwnd
[2024-11-05T18:14:10.947799-0600]     0.0000 MB /   0.50 sec =    0.0000 Mbps     0 retrans  10011 KB-cwnd
[2024-11-05T18:14:11.447721-0600]    19.6875 MB /   0.50 sec =  330.3180 Mbps     0 retrans  10011 KB-cwnd
[2024-11-05T18:14:11.947778-0600]    24.3125 MB /   0.50 sec =  407.8765 Mbps     0 retrans  10011 KB-cwnd
[2024-11-05T18:14:12.447721-0600]    17.1875 MB /   0.50 sec =  288.3688 Mbps   215 retrans  10818 KB-cwnd
[2024-11-05T18:14:12.947708-0600]    11.8750 MB /   0.50 sec =  199.2318 Mbps     0 retrans  10818 KB-cwnd
[2024-11-05T18:14:13.447722-0600]    14.3125 MB /   0.50 sec =  240.1244 Mbps     0 retrans  10818 KB-cwnd
[2024-11-05T18:14:13.947734-0600]    14.6875 MB /   0.50 sec =  246.4124 Mbps     0 retrans  10818 KB-cwnd
[2024-11-05T18:14:14.448770-0600]     7.1250 MB /   0.50 sec =  119.2943 Mbps     0 retrans  10818 KB-cwnd
[2024-11-05T18:14:14.948196-0600]     9.6250 MB /   0.50 sec =  161.7991 Mbps   416 retrans  11218 KB-cwnd
[2024-11-05T18:14:15.447795-0600]     3.3750 MB /   0.50 sec =   56.6247 Mbps     0 retrans  11218 KB-cwnd
[2024-11-05T18:14:15.947803-0600]     0.0000 MB /   0.50 sec =    0.0000 Mbps     0 retrans  11218 KB-cwnd
[2024-11-05T18:14:16.447815-0600]    10.1875 MB /   0.50 sec =  170.9490 Mbps     0 retrans  11218 KB-cwnd
[2024-11-05T18:14:16.947968-0600]     0.0000 MB /   0.50 sec =    0.0000 Mbps     0 retrans  11218 KB-cwnd
[2024-11-05T18:14:17.447938-0600]     0.0000 MB /   0.50 sec =    0.0000 Mbps     0 retrans  11218 KB-cwnd
[2024-11-05T18:14:17.947743-0600]    12.4375 MB /   0.50 sec =  208.6825 Mbps     0 retrans  11218 KB-cwnd
[2024-11-05T18:14:18.447985-0600]    16.2500 MB /   0.50 sec =  272.5867 Mbps     0 retrans  11218 KB-cwnd
[2024-11-05T18:14:18.947740-0600]    20.2500 MB /   0.50 sec =  339.7950 Mbps     0 retrans  11218 KB-cwnd
[2024-11-05T18:14:19.447776-0600]    23.0625 MB /   0.50 sec =  386.9176 Mbps   305 retrans   8887 KB-cwnd
[2024-11-05T18:14:19.947726-0600]    24.1875 MB /   0.50 sec =  405.8087 Mbps     0 retrans   8887 KB-cwnd
[2024-11-05T18:14:20.448233-0600]    26.4375 MB /   0.50 sec =  443.5361 Mbps     0 retrans   8887 KB-cwnd
[2024-11-05T18:14:20.947745-0600]    27.3125 MB /   0.50 sec =  458.2405 Mbps     0 retrans   7728 KB-cwnd
[2024-11-05T18:14:21.448889-0600]    21.7500 MB /   0.50 sec =  364.1012 Mbps     0 retrans   7728 KB-cwnd
[2024-11-05T18:14:21.947738-0600]    13.2500 MB /   0.50 sec =  222.7865 Mbps     0 retrans   7728 KB-cwnd
[2024-11-05T18:14:22.447723-0600]    15.1250 MB /   0.50 sec =  253.7595 Mbps   359 retrans   8450 KB-cwnd
[2024-11-05T18:14:22.947995-0600]     9.8125 MB /   0.50 sec =  164.6277 Mbps     0 retrans   8450 KB-cwnd
[2024-11-05T18:14:23.447841-0600]     7.0000 MB /   0.50 sec =  117.4473 Mbps     0 retrans   8450 KB-cwnd
[2024-11-05T18:14:23.947778-0600]    10.1875 MB /   0.50 sec =  170.8885 Mbps     0 retrans   8450 KB-cwnd
[2024-11-05T18:14:24.447723-0600]    18.3750 MB /   0.50 sec =  308.3140 Mbps     0 retrans   8450 KB-cwnd
[2024-11-05T18:14:24.947800-0600]    23.8750 MB /   0.50 sec =  400.5873 Mbps     0 retrans   8450 KB-cwnd
[2024-11-05T18:14:25.448030-0600]    19.3125 MB /   0.50 sec =  323.9718 Mbps     0 retrans  10666 KB-cwnd
[2024-11-05T18:14:25.947788-0600]    22.6250 MB /   0.50 sec =  379.5595 Mbps     0 retrans  10722 KB-cwnd
[2024-11-05T18:14:26.447755-0600]    17.9375 MB /   0.50 sec =  300.9690 Mbps     0 retrans  10722 KB-cwnd
[2024-11-05T18:14:26.947858-0600]    23.9375 MB /   0.50 sec =  401.6094 Mbps     0 retrans   9406 KB-cwnd
[2024-11-05T18:14:27.447655-0600]    27.3750 MB /   0.50 sec =  459.2983 Mbps     0 retrans   9406 KB-cwnd
[2024-11-05T18:14:27.948319-0600]    26.5000 MB /   0.50 sec =  444.1219 Mbps     0 retrans   9406 KB-cwnd
[2024-11-05T18:14:28.447762-0600]    32.1875 MB /   0.50 sec =  540.5594 Mbps     0 retrans   9414 KB-cwnd
[2024-11-05T18:14:28.947890-0600]    25.6250 MB /   0.50 sec =  429.8276 Mbps     0 retrans   9414 KB-cwnd
[2024-11-05T18:14:29.447716-0600]    32.4375 MB /   0.50 sec =  544.3361 Mbps     0 retrans   7952 KB-cwnd
[2024-11-05T18:14:29.947733-0600]    32.6250 MB /   0.50 sec =  547.3446 Mbps     0 retrans   7952 KB-cwnd
[2024-11-05T18:14:30.447634-0600]    33.2500 MB /   0.50 sec =  557.8837 Mbps     0 retrans  11119 KB-cwnd
[2024-11-05T18:14:30.948036-0600]    29.3750 MB /   0.50 sec =  492.6366 Mbps     0 retrans  11119 KB-cwnd
[2024-11-05T18:14:31.448153-0600]    23.4375 MB /   0.50 sec =  393.0297 Mbps     0 retrans  11119 KB-cwnd
[2024-11-05T18:14:31.947792-0600]    14.3125 MB /   0.50 sec =  240.2984 Mbps     0 retrans  13898 KB-cwnd
[2024-11-05T18:14:32.447725-0600]    13.6875 MB /   0.50 sec =  229.6597 Mbps     0 retrans  13898 KB-cwnd
[2024-11-05T18:14:32.947995-0600]    22.1250 MB /   0.50 sec =  371.2004 Mbps     0 retrans  13898 KB-cwnd
[2024-11-05T18:14:33.448103-0600]    17.5625 MB /   0.50 sec =  294.4226 Mbps     0 retrans  13898 KB-cwnd
[2024-11-05T18:14:33.947735-0600]    18.7500 MB /   0.50 sec =  314.8051 Mbps     0 retrans  12204 KB-cwnd
[2024-11-05T18:14:34.447733-0600]    25.3750 MB /   0.50 sec =  425.7244 Mbps     0 retrans  12204 KB-cwnd
[2024-11-05T18:14:34.947787-0600]     2.2500 MB /   0.50 sec =   37.7464 Mbps     0 retrans  12204 KB-cwnd
[2024-11-05T18:14:35.447717-0600]    18.3125 MB /   0.50 sec =  307.2580 Mbps     0 retrans  12204 KB-cwnd
[2024-11-05T18:14:35.947780-0600]    15.0000 MB /   0.50 sec =  251.6265 Mbps     0 retrans  12204 KB-cwnd
[2024-11-05T18:14:36.447778-0600]    13.7500 MB /   0.50 sec =  230.6867 Mbps     0 retrans   8690 KB-cwnd
[2024-11-05T18:14:36.947727-0600]     6.2500 MB /   0.50 sec =  104.8698 Mbps     0 retrans   8690 KB-cwnd
[2024-11-05T18:14:37.447721-0600]    10.5000 MB /   0.50 sec =  176.1587 Mbps     0 retrans   8690 KB-cwnd
[2024-11-05T18:14:37.947709-0600]    11.5000 MB /   0.50 sec =  192.9415 Mbps     0 retrans   8690 KB-cwnd
[2024-11-05T18:14:38.447719-0600]    16.2500 MB /   0.50 sec =  272.6314 Mbps     0 retrans   8876 KB-cwnd
[2024-11-05T18:14:38.947737-0600]    11.6250 MB /   0.50 sec =  195.0297 Mbps     0 retrans   8876 KB-cwnd
[2024-11-05T18:14:39.449091-0600]     1.0625 MB /   0.50 sec =   17.7821 Mbps     0 retrans   8876 KB-cwnd
[2024-11-05T18:14:39.948273-0600]    11.7500 MB /   0.50 sec =  197.6145 Mbps     0 retrans   9153 KB-cwnd
[2024-11-05T18:14:40.447798-0600]    17.0000 MB /   0.50 sec =  285.1408 Mbps     0 retrans  11721 KB-cwnd
[2024-11-05T18:14:40.948146-0600]    10.8125 MB /   0.50 sec =  181.3076 Mbps     0 retrans  11721 KB-cwnd
[2024-11-05T18:14:41.447731-0600]    15.0000 MB /   0.50 sec =  251.8491 Mbps     0 retrans  11721 KB-cwnd
[2024-11-05T18:14:41.947723-0600]    19.1250 MB /   0.50 sec =  320.8835 Mbps     0 retrans  11721 KB-cwnd
[2024-11-05T18:14:42.447731-0600]    11.0000 MB /   0.50 sec =  184.5472 Mbps     0 retrans  11721 KB-cwnd
End time: 1730852082663
