Start time: 1730582360362
[2024-11-02T14:19:23.030865-0700] nuttcp-r: v8.1.4: socket
[2024-11-02T14:19:23.031519-0700] nuttcp-r: buflen=65536, nstream=1, port=6110 tcp
[2024-11-02T14:19:23.031590-0700] nuttcp-r: interval reporting every 0.50 seconds
[2024-11-02T14:19:23.031617-0700] nuttcp-r: connect to 54.176.53.206 with RTT=1214.701 ms af=inet
[2024-11-02T14:19:23.031642-0700] nuttcp-r: send window size = 2097152, receive window size = 6291456
[2024-11-02T14:19:23.031667-0700] nuttcp-r: available send window = 1572864, available receive window = 4718592
[2024-11-02T14:19:23.031691-0700]     0.0000 MB /   0.50 sec =    0.0000 Mbps    -1 retrans
[2024-11-02T14:19:23.530580-0700]     0.0000 MB /   0.50 sec =    0.0000 Mbps     0 retrans
[2024-11-02T14:19:24.030404-0700]     0.0000 MB /   0.50 sec =    0.0000 Mbps     0 retrans
[2024-11-02T14:19:24.530448-0700]     0.0000 MB /   0.50 sec =    0.0000 Mbps     0 retrans
[2024-11-02T14:19:25.030204-0700]     0.1250 MB /   0.50 sec =    2.0972 Mbps     1 retrans
[2024-11-02T14:19:25.530254-0700]     0.1250 MB /   0.50 sec =    2.0971 Mbps     0 retrans
[2024-11-02T14:19:26.030204-0700]     0.0625 MB /   0.50 sec =    1.0486 Mbps     0 retrans
[2024-11-02T14:19:26.530369-0700]     0.1875 MB /   0.50 sec =    3.1456 Mbps     0 retrans
[2024-11-02T14:19:27.030359-0700]     0.1250 MB /   0.50 sec =    2.0970 Mbps     0 retrans
[2024-11-02T14:19:27.530236-0700]     0.0625 MB /   0.50 sec =    1.0486 Mbps     0 retrans
[2024-11-02T14:19:28.030366-0700]     0.1875 MB /   0.50 sec =    3.1455 Mbps     0 retrans
[2024-11-02T14:19:28.530424-0700]     0.1875 MB /   0.50 sec =    3.1453 Mbps     0 retrans
[2024-11-02T14:19:29.030350-0700]     0.0625 MB /   0.50 sec =    1.0487 Mbps     0 retrans
[2024-11-02T14:19:29.530187-0700]     0.2500 MB /   0.50 sec =    4.1949 Mbps     0 retrans
[2024-11-02T14:19:30.030376-0700]     0.1875 MB /   0.50 sec =    3.1452 Mbps     0 retrans
[2024-11-02T14:19:30.530194-0700]     0.2500 MB /   0.50 sec =    4.1949 Mbps     0 retrans
[2024-11-02T14:19:31.030321-0700]     0.2500 MB /   0.50 sec =    4.1940 Mbps     0 retrans
[2024-11-02T14:19:31.530540-0700]     0.2500 MB /   0.50 sec =    4.1942 Mbps     0 retrans
[2024-11-02T14:19:32.030347-0700]     0.2500 MB /   0.50 sec =    4.1943 Mbps     0 retrans
[2024-11-02T14:19:32.530597-0700]     0.3125 MB /   0.50 sec =    5.2416 Mbps     0 retrans
[2024-11-02T14:19:33.030268-0700]     0.2500 MB /   0.50 sec =    4.1957 Mbps     0 retrans
[2024-11-02T14:19:33.530386-0700]     0.2500 MB /   0.50 sec =    4.1932 Mbps     0 retrans
[2024-11-02T14:19:34.030218-0700]     0.3125 MB /   0.50 sec =    5.2439 Mbps     0 retrans
[2024-11-02T14:19:34.530626-0700]     0.3750 MB /   0.50 sec =    6.2872 Mbps     0 retrans
[2024-11-02T14:19:35.030342-0700]     0.4375 MB /   0.50 sec =    7.3444 Mbps     0 retrans
[2024-11-02T14:19:35.530510-0700]     0.1875 MB /   0.50 sec =    3.1455 Mbps     0 retrans
[2024-11-02T14:19:36.030269-0700]     0.3750 MB /   0.50 sec =    6.2924 Mbps     0 retrans
[2024-11-02T14:19:36.530260-0700]     0.4375 MB /   0.50 sec =    7.3403 Mbps     0 retrans
[2024-11-02T14:19:37.030508-0700]     0.5000 MB /   0.50 sec =    8.3876 Mbps     0 retrans
[2024-11-02T14:19:37.530340-0700]     0.4375 MB /   0.50 sec =    7.3398 Mbps     0 retrans
[2024-11-02T14:19:38.030293-0700]     0.7500 MB /   0.50 sec =   12.5843 Mbps     0 retrans
[2024-11-02T14:19:38.530264-0700]     0.6875 MB /   0.50 sec =   11.5349 Mbps     0 retrans
[2024-11-02T14:19:39.030433-0700]     0.6250 MB /   0.50 sec =   10.4827 Mbps     0 retrans
[2024-11-02T14:19:39.530341-0700]     0.6250 MB /   0.50 sec =   10.4880 Mbps     0 retrans
[2024-11-02T14:19:40.030335-0700]     1.0000 MB /   0.50 sec =   16.7764 Mbps     0 retrans
[2024-11-02T14:19:40.530349-0700]     0.8125 MB /   0.50 sec =   13.6312 Mbps     0 retrans
[2024-11-02T14:19:41.030289-0700]     0.9375 MB /   0.50 sec =   15.7308 Mbps     0 retrans
[2024-11-02T14:19:41.530271-0700]     0.8750 MB /   0.50 sec =   14.6802 Mbps     0 retrans
[2024-11-02T14:19:42.030392-0700]     0.5625 MB /   0.50 sec =    9.4356 Mbps     0 retrans
[2024-11-02T14:19:42.530300-0700]     1.1250 MB /   0.50 sec =   18.8768 Mbps     0 retrans
[2024-11-02T14:19:43.030285-0700]     1.0625 MB /   0.50 sec =   17.8260 Mbps     0 retrans
[2024-11-02T14:19:43.530307-0700]     1.0000 MB /   0.50 sec =   16.7786 Mbps     0 retrans
[2024-11-02T14:19:44.030384-0700]     1.0625 MB /   0.50 sec =   17.8248 Mbps     0 retrans
[2024-11-02T14:19:44.531728-0700]     0.1250 MB /   0.50 sec =    2.0927 Mbps     0 retrans
[2024-11-02T14:19:45.030382-0700]     0.5625 MB /   0.50 sec =    9.4562 Mbps     0 retrans
[2024-11-02T14:19:45.530315-0700]     1.0625 MB /   0.50 sec =   17.8250 Mbps     0 retrans
[2024-11-02T14:19:46.030286-0700]     0.6250 MB /   0.50 sec =   10.4871 Mbps     0 retrans
[2024-11-02T14:19:46.530444-0700]     0.8750 MB /   0.50 sec =   14.6760 Mbps     0 retrans
[2024-11-02T14:19:47.030527-0700]     0.0625 MB /   0.50 sec =    1.0488 Mbps     0 retrans
[2024-11-02T14:19:47.530495-0700]     0.8125 MB /   0.50 sec =   13.6272 Mbps     0 retrans
[2024-11-02T14:19:48.030316-0700]     1.0625 MB /   0.50 sec =   17.8314 Mbps     0 retrans
[2024-11-02T14:19:48.531451-0700]     0.2500 MB /   0.50 sec =    4.1853 Mbps     0 retrans
[2024-11-02T14:19:49.030359-0700]     0.0000 MB /   0.50 sec =    0.0000 Mbps     0 retrans
[2024-11-02T14:19:49.531345-0700]     0.3750 MB /   0.50 sec =    6.2783 Mbps     0 retrans
[2024-11-02T14:19:50.030723-0700]     0.0000 MB /   0.50 sec =    0.0000 Mbps     0 retrans
[2024-11-02T14:19:50.530856-0700]     0.5625 MB /   0.50 sec =    9.4319 Mbps     0 retrans
[2024-11-02T14:19:51.030208-0700]     0.0000 MB /   0.50 sec =    0.0000 Mbps     0 retrans
[2024-11-02T14:19:51.530716-0700]     0.6875 MB /   0.50 sec =   11.5242 Mbps     0 retrans
[2024-11-02T14:19:52.030392-0700]     0.1250 MB /   0.50 sec =    2.0987 Mbps     0 retrans
[2024-11-02T14:19:52.530653-0700]     0.0000 MB /   0.50 sec =    0.0000 Mbps     0 retrans
[2024-11-02T14:19:53.030272-0700]     0.6875 MB /   0.50 sec =   11.5387 Mbps     0 retrans
[2024-11-02T14:19:53.531478-0700]     0.0625 MB /   0.50 sec =    1.0464 Mbps     0 retrans
[2024-11-02T14:19:54.030384-0700]     0.3125 MB /   0.50 sec =    5.2531 Mbps     0 retrans
[2024-11-02T14:19:54.530490-0700]     0.0000 MB /   0.50 sec =    0.0000 Mbps     0 retrans
[2024-11-02T14:19:55.030340-0700]     1.0000 MB /   0.50 sec =   16.7769 Mbps     0 retrans
[2024-11-02T14:19:55.530663-0700]     0.1875 MB /   0.50 sec =    3.1445 Mbps     0 retrans
[2024-11-02T14:19:56.030353-0700]     0.6250 MB /   0.50 sec =   10.4893 Mbps     0 retrans
[2024-11-02T14:19:56.530292-0700]     0.4375 MB /   0.50 sec =    7.3412 Mbps     0 retrans
[2024-11-02T14:19:57.030343-0700]     0.4375 MB /   0.50 sec =    7.3391 Mbps     0 retrans
[2024-11-02T14:19:57.530258-0700]     0.5000 MB /   0.50 sec =    8.3898 Mbps     0 retrans
[2024-11-02T14:19:58.030341-0700]     0.3750 MB /   0.50 sec =    6.2905 Mbps     0 retrans
[2024-11-02T14:19:58.530338-0700]     0.1875 MB /   0.50 sec =    3.1457 Mbps     0 retrans
[2024-11-02T14:19:59.030302-0700]     0.4375 MB /   0.50 sec =    7.3408 Mbps     0 retrans
[2024-11-02T14:19:59.530315-0700]     0.2500 MB /   0.50 sec =    4.1944 Mbps     0 retrans
[2024-11-02T14:20:00.030383-0700]     0.3125 MB /   0.50 sec =    5.2420 Mbps     0 retrans
[2024-11-02T14:20:00.530693-0700]     0.0625 MB /   0.50 sec =    1.0484 Mbps     0 retrans
[2024-11-02T14:20:01.030305-0700]     0.3125 MB /   0.50 sec =    5.2446 Mbps     0 retrans
[2024-11-02T14:20:01.530491-0700]     0.3750 MB /   0.50 sec =    6.2896 Mbps     0 retrans
[2024-11-02T14:20:02.030318-0700]     0.0000 MB /   0.50 sec =    0.0000 Mbps     0 retrans
[2024-11-02T14:20:02.530284-0700]     0.6250 MB /   0.50 sec =   10.4864 Mbps     0 retrans
[2024-11-02T14:20:03.030357-0700]     0.1250 MB /   0.50 sec =    2.0970 Mbps     0 retrans
[2024-11-02T14:20:03.531396-0700]     0.0000 MB /   0.50 sec =    0.0000 Mbps     0 retrans
[2024-11-02T14:20:04.030255-0700]     0.5000 MB /   0.50 sec =    8.4071 Mbps     0 retrans
[2024-11-02T14:20:04.530302-0700]     0.1250 MB /   0.50 sec =    2.0971 Mbps     0 retrans
[2024-11-02T14:20:05.030327-0700]     0.4375 MB /   0.50 sec =    7.3398 Mbps     0 retrans
[2024-11-02T14:20:05.530384-0700]     0.0000 MB /   0.50 sec =    0.0000 Mbps     0 retrans
[2024-11-02T14:20:06.030330-0700]     0.6875 MB /   0.50 sec =   11.5343 Mbps     0 retrans
[2024-11-02T14:20:06.530491-0700]     0.1875 MB /   0.50 sec =    3.1455 Mbps     0 retrans
[2024-11-02T14:20:07.030423-0700]     0.2500 MB /   0.50 sec =    4.1937 Mbps     0 retrans
[2024-11-02T14:20:07.530321-0700]     0.3750 MB /   0.50 sec =    6.2930 Mbps     0 retrans
[2024-11-02T14:20:08.030312-0700]     0.5000 MB /   0.50 sec =    8.3886 Mbps     0 retrans
[2024-11-02T14:20:08.530494-0700]     0.2500 MB /   0.50 sec =    4.1930 Mbps     0 retrans
[2024-11-02T14:20:09.030350-0700]     0.3750 MB /   0.50 sec =    6.2931 Mbps     0 retrans
[2024-11-02T14:20:09.530300-0700]     0.2500 MB /   0.50 sec =    4.1945 Mbps     0 retrans
[2024-11-02T14:20:10.030272-0700]     0.3750 MB /   0.50 sec =    6.2916 Mbps     0 retrans
[2024-11-02T14:20:10.531435-0700]     0.0000 MB /   0.50 sec =    0.0000 Mbps     0 retrans
[2024-11-02T14:20:11.030475-0700]     0.4375 MB /   0.50 sec =    7.3564 Mbps     0 retrans
[2024-11-02T14:20:11.530710-0700]     0.1875 MB /   0.50 sec =    3.1432 Mbps     0 retrans
[2024-11-02T14:20:12.030367-0700]     0.2500 MB /   0.50 sec =    4.1981 Mbps     0 retrans
[2024-11-02T14:20:12.531427-0700]     0.2500 MB /   0.50 sec =    4.1847 Mbps     0 retrans
[2024-11-02T14:20:13.030271-0700]     0.0000 MB /   0.50 sec =    0.0000 Mbps     0 retrans
[2024-11-02T14:20:13.530488-0700]     0.0000 MB /   0.50 sec =    0.0000 Mbps     0 retrans
[2024-11-02T14:20:14.030344-0700]     0.0000 MB /   0.50 sec =    0.0000 Mbps     0 retrans
[2024-11-02T14:20:14.531654-0700]     0.0000 MB /   0.50 sec =    0.0000 Mbps     0 retrans
[2024-11-02T14:20:15.030298-0700]     0.0000 MB /   0.50 sec =    0.0000 Mbps     0 retrans
[2024-11-02T14:20:15.531626-0700]     0.0000 MB /   0.50 sec =    0.0000 Mbps     0 retrans
[2024-11-02T14:20:16.030301-0700]     0.1250 MB /   0.50 sec =    2.1017 Mbps     0 retrans
[2024-11-02T14:20:16.530570-0700]     0.1250 MB /   0.50 sec =    2.0963 Mbps     0 retrans
[2024-11-02T14:20:17.030364-0700]     0.0000 MB /   0.50 sec =    0.0000 Mbps     0 retrans
[2024-11-02T14:20:17.530773-0700]     0.0000 MB /   0.50 sec =    0.0000 Mbps     0 retrans
[2024-11-02T14:20:18.031632-0700]     0.0625 MB /   0.50 sec =    1.0465 Mbps     0 retrans
[2024-11-02T14:20:18.530646-0700]     0.0000 MB /   0.50 sec =    0.0000 Mbps     0 retrans
[2024-11-02T14:20:19.030346-0700]     0.0000 MB /   0.50 sec =    0.0000 Mbps     0 retrans
[2024-11-02T14:20:19.530494-0700]     0.0625 MB /   0.50 sec =    1.0483 Mbps     0 retrans
[2024-11-02T14:20:20.030322-0700]     0.0000 MB /   0.50 sec =    0.0000 Mbps     0 retrans
[2024-11-02T14:20:20.530681-0700]     0.0000 MB /   0.50 sec =    0.0000 Mbps     0 retrans
[2024-11-02T14:20:21.030269-0700]     0.0000 MB /   0.50 sec =    0.0000 Mbps     0 retrans
[2024-11-02T14:20:21.530177-0700]     0.2500 MB /   0.50 sec =    4.1943 Mbps     0 retrans
[2024-11-02T14:20:22.031852-0700]     0.0000 MB /   0.50 sec =    0.0000 Mbps     0 retrans
[2024-11-02T14:20:22.531434-0700]     0.0000 MB /   0.50 sec =    0.0000 Mbps     0 retrans
[2024-11-02T14:20:23.030373-0700]     0.0000 MB /   0.50 sec =    0.0000 Mbps     0 retrans
[2024-11-02T14:20:23.530599-0700]     0.0000 MB /   0.50 sec =    0.0000 Mbps     0 retrans
[2024-11-02T14:20:24.030521-0700]     0.0000 MB /   0.50 sec =    0.0000 Mbps     0 retrans
[2024-11-02T14:20:24.531565-0700]     0.0000 MB /   0.50 sec =    0.0000 Mbps     0 retrans
[2024-11-02T14:20:25.030365-0700]     0.0000 MB /   0.50 sec =    0.0000 Mbps     0 retrans
[2024-11-02T14:20:25.531570-0700]     0.0000 MB /   0.50 sec =    0.0000 Mbps     0 retrans
[2024-11-02T14:20:26.030349-0700]     0.0000 MB /   0.50 sec =    0.0000 Mbps     0 retrans
[2024-11-02T14:20:26.530675-0700]     0.0000 MB /   0.50 sec =    0.0000 Mbps     0 retrans
[2024-11-02T14:20:27.032018-0700]     0.0000 MB /   0.50 sec =    0.0000 Mbps     0 retrans
[2024-11-02T14:20:27.531346-0700]     0.0000 MB /   0.50 sec =    0.0000 Mbps     0 retrans
[2024-11-02T14:20:28.030346-0700]     0.0000 MB /   0.50 sec =    0.0000 Mbps     0 retrans
[2024-11-02T14:20:28.530621-0700]     0.0000 MB /   0.50 sec =    0.0000 Mbps     0 retrans
[2024-11-02T14:20:29.030361-0700]     0.0000 MB /   0.50 sec =    0.0000 Mbps     0 retrans
[2024-11-02T14:20:29.530441-0700]     0.0000 MB /   0.50 sec =    0.0000 Mbps     0 retrans
[2024-11-02T14:20:30.030564-0700]     0.0000 MB /   0.50 sec =    0.0000 Mbps     0 retrans
[2024-11-02T14:20:30.530630-0700]     0.0000 MB /   0.50 sec =    0.0000 Mbps     0 retrans
[2024-11-02T14:20:31.030623-0700]     0.0000 MB /   0.50 sec =    0.0000 Mbps     0 retrans
[2024-11-02T14:20:31.530623-0700]     0.0000 MB /   0.50 sec =    0.0000 Mbps     0 retrans
[2024-11-02T14:20:32.030400-0700]     0.0000 MB /   0.50 sec =    0.0000 Mbps     0 retrans
[2024-11-02T14:20:32.531301-0700]     0.0000 MB /   0.50 sec =    0.0000 Mbps     0 retrans
[2024-11-02T14:20:33.030411-0700]     0.0000 MB /   0.50 sec =    0.0000 Mbps     0 retrans
[2024-11-02T14:20:33.530576-0700]     0.0000 MB /   0.50 sec =    0.0000 Mbps     0 retrans
[2024-11-02T14:20:34.030368-0700]     0.0000 MB /   0.50 sec =    0.0000 Mbps     0 retrans
[2024-11-02T14:20:34.531459-0700]     0.0000 MB /   0.50 sec =    0.0000 Mbps     0 retrans
[2024-11-02T14:20:35.030375-0700]     0.0000 MB /   0.50 sec =    0.0000 Mbps     0 retrans
[2024-11-02T14:20:35.530493-0700]     0.0000 MB /   0.50 sec =    0.0000 Mbps     0 retrans
[2024-11-02T14:20:36.030358-0700]     0.0000 MB /   0.50 sec =    0.0000 Mbps     0 retrans
[2024-11-02T14:20:36.530590-0700]     0.0000 MB /   0.50 sec =    0.0000 Mbps     0 retrans
[2024-11-02T14:20:37.030361-0700]     0.0000 MB /   0.50 sec =    0.0000 Mbps     0 retrans
[2024-11-02T14:20:37.531654-0700]     0.0000 MB /   0.50 sec =    0.0000 Mbps     0 retrans
[2024-11-02T14:20:38.030377-0700]     0.0000 MB /   0.50 sec =    0.0000 Mbps     0 retrans
[2024-11-02T14:20:38.530390-0700]     0.0000 MB /   0.50 sec =    0.0000 Mbps     0 retrans
[2024-11-02T14:20:39.030551-0700] nuttcp-r: v8.1.4: Error: not receiving data from server
End time: 1730582481443
