Start time: 1745175902557
Connecting to host 34.86.116.81, port 5209
Reverse mode, remote host 34.86.116.81 is sending
[  5] local 192.0.0.2 port 36090 connected to 34.86.116.81 port 5209
[ ID] Interval           Transfer     Bitrate
[  5]   0.00-0.10   sec  79.9 KBytes  6.54 Mbits/sec                  
[  5]   0.10-0.20   sec   328 KBytes  26.8 Mbits/sec                  
[  5]   0.20-0.30   sec  1.43 MBytes   120 Mbits/sec                  
[  5]   0.30-0.40   sec  1.75 MBytes   146 Mbits/sec                  
[  5]   0.40-0.50   sec  2.14 MBytes   180 Mbits/sec                  
[  5]   0.50-0.60   sec  3.67 MBytes   308 Mbits/sec                  
[  5]   0.60-0.70   sec  2.49 MBytes   209 Mbits/sec                  
[  5]   0.70-0.80   sec  3.41 MBytes   286 Mbits/sec                  
[  5]   0.80-0.90   sec  3.44 MBytes   289 Mbits/sec                  
[  5]   0.90-1.00   sec  3.25 MBytes   273 Mbits/sec                  
[  5]   1.00-1.10   sec  3.62 MBytes   304 Mbits/sec                  
[  5]   1.10-1.20   sec  3.06 MBytes   257 Mbits/sec                  
[  5]   1.20-1.30   sec  3.74 MBytes   313 Mbits/sec                  
[  5]   1.30-1.40   sec  3.00 MBytes   251 Mbits/sec                  
[  5]   1.40-1.50   sec  4.27 MBytes   359 Mbits/sec                  
[  5]   1.50-1.60   sec  3.97 MBytes   333 Mbits/sec                  
[  5]   1.60-1.70   sec  3.59 MBytes   301 Mbits/sec                  
[  5]   1.70-1.80   sec  4.78 MBytes   399 Mbits/sec                  
[  5]   1.80-1.90   sec  4.52 MBytes   381 Mbits/sec                  
[  5]   1.90-2.00   sec  4.77 MBytes   400 Mbits/sec                  
[  5]   2.00-2.10   sec  4.14 MBytes   347 Mbits/sec                  
[  5]   2.10-2.20   sec  3.81 MBytes   320 Mbits/sec                  
[  5]   2.20-2.30   sec  4.01 MBytes   336 Mbits/sec                  
[  5]   2.30-2.40   sec  3.35 MBytes   281 Mbits/sec                  
[  5]   2.40-2.50   sec  3.57 MBytes   299 Mbits/sec                  
[  5]   2.50-2.60   sec  4.56 MBytes   383 Mbits/sec                  
[  5]   2.60-2.70   sec  4.82 MBytes   404 Mbits/sec                  
[  5]   2.70-2.80   sec  5.62 MBytes   471 Mbits/sec                  
[  5]   2.80-2.90   sec  4.71 MBytes   395 Mbits/sec                  
[  5]   2.90-3.00   sec  4.85 MBytes   407 Mbits/sec                  
[  5]   3.00-3.10   sec  2.81 MBytes   236 Mbits/sec                  
[  5]   3.10-3.20   sec  2.29 MBytes   192 Mbits/sec                  
[  5]   3.20-3.30   sec  2.81 MBytes   235 Mbits/sec                  
[  5]   3.30-3.40   sec  2.37 MBytes   199 Mbits/sec                  
[  5]   3.40-3.50   sec  3.18 MBytes   267 Mbits/sec                  
[  5]   3.50-3.60   sec  3.42 MBytes   287 Mbits/sec                  
[  5]   3.60-3.70   sec  3.62 MBytes   304 Mbits/sec                  
[  5]   3.70-3.80   sec  2.92 MBytes   245 Mbits/sec                  
[  5]   3.80-3.90   sec  1.98 MBytes   166 Mbits/sec                  
[  5]   3.90-4.00   sec  2.73 MBytes   229 Mbits/sec                  
[  5]   4.00-4.10   sec  2.78 MBytes   233 Mbits/sec                  
[  5]   4.10-4.20   sec  1.88 MBytes   158 Mbits/sec                  
[  5]   4.20-4.30   sec  2.15 MBytes   180 Mbits/sec                  
[  5]   4.30-4.40   sec  2.79 MBytes   234 Mbits/sec                  
[  5]   4.40-4.50   sec  2.61 MBytes   219 Mbits/sec                  
[  5]   4.50-4.60   sec  3.15 MBytes   264 Mbits/sec                  
[  5]   4.60-4.70   sec  2.53 MBytes   212 Mbits/sec                  
[  5]   4.70-4.80   sec  3.14 MBytes   263 Mbits/sec                  
[  5]   4.80-4.90   sec  2.68 MBytes   225 Mbits/sec                  
[  5]   4.90-5.00   sec  3.54 MBytes   297 Mbits/sec                  
- - - - - - - - - - - - - - - - - - - - - - - - -
[ ID] Interval           Transfer     Bitrate         Retr
[  5]   0.00-5.04   sec   440 MBytes   732 Mbits/sec    2             sender
[  5]   0.00-5.00   sec   160 MBytes   269 Mbits/sec                  receiver

iperf Done.
End time: 1745175908202
