Start time: 1731002834454
[2024-11-07T13:07:15.389427-0500] nuttcp-r: v8.1.4: socket
[2024-11-07T13:07:15.389849-0500] nuttcp-r: buflen=65536, nstream=1, port=5379 tcp
[2024-11-07T13:07:15.389881-0500] nuttcp-r: interval reporting every 0.50 seconds
[2024-11-07T13:07:15.389907-0500] nuttcp-r: connect to 54.197.223.49 with RTT=61.250 ms af=inet
[2024-11-07T13:07:15.389930-0500] nuttcp-r: send window size = 2097152, receive window size = 6291456
[2024-11-07T13:07:15.389953-0500] nuttcp-r: available send window = 1572864, available receive window = 4718592
[2024-11-07T13:07:15.389975-0500]     1.0000 MB /   0.50 sec =   16.7746 Mbps     0 retrans     13 KB-cwnd
[2024-11-07T13:07:15.889394-0500]    15.1250 MB /   0.50 sec =  253.7645 Mbps     0 retrans     13 KB-cwnd
[2024-11-07T13:07:16.389434-0500]    54.0000 MB /   0.50 sec =  905.8990 Mbps     0 retrans     13 KB-cwnd
[2024-11-07T13:07:16.889999-0500]    56.5000 MB /   0.50 sec =  947.0017 Mbps     0 retrans     13 KB-cwnd
[2024-11-07T13:07:17.389530-0500]    48.6875 MB /   0.50 sec =  817.4980 Mbps     0 retrans     26 KB-cwnd
[2024-11-07T13:07:17.889510-0500]    28.7500 MB /   0.50 sec =  482.3691 Mbps     0 retrans     26 KB-cwnd
[2024-11-07T13:07:18.389634-0500]    31.0000 MB /   0.50 sec =  520.1655 Mbps     0 retrans     26 KB-cwnd
[2024-11-07T13:07:18.890027-0500]    25.7500 MB /   0.50 sec =  431.6292 Mbps     0 retrans     26 KB-cwnd
[2024-11-07T13:07:19.389518-0500]    31.0625 MB /   0.50 sec =  521.5136 Mbps     0 retrans     34 KB-cwnd
[2024-11-07T13:07:19.889556-0500]    26.2500 MB /   0.50 sec =  440.3914 Mbps     0 retrans     38 KB-cwnd
[2024-11-07T13:07:20.389769-0500]    26.4375 MB /   0.50 sec =  443.6160 Mbps     0 retrans     47 KB-cwnd
[2024-11-07T13:07:20.889811-0500]    12.9375 MB /   0.50 sec =  217.0739 Mbps     0 retrans     47 KB-cwnd
[2024-11-07T13:07:21.389759-0500]    28.2500 MB /   0.50 sec =  473.8881 Mbps     0 retrans     50 KB-cwnd
[2024-11-07T13:07:21.889474-0500]    37.3750 MB /   0.50 sec =  627.0861 Mbps     0 retrans  19442 KB-cwnd
[2024-11-07T13:07:22.389704-0500]    44.9375 MB /   0.50 sec =  753.8794 Mbps     0 retrans  19442 KB-cwnd
[2024-11-07T13:07:22.889964-0500]    45.0000 MB /   0.50 sec =  754.3863 Mbps     0 retrans  19442 KB-cwnd
[2024-11-07T13:07:23.389305-0500]    46.0625 MB /   0.50 sec =  773.5540 Mbps     0 retrans  19442 KB-cwnd
[2024-11-07T13:07:23.889826-0500]    38.1250 MB /   0.50 sec =  639.5533 Mbps    80 retrans  12800 KB-cwnd
[2024-11-07T13:07:24.389918-0500]    50.0625 MB /   0.50 sec =  839.3537 Mbps     0 retrans  12827 KB-cwnd
[2024-11-07T13:07:24.889469-0500]    51.2500 MB /   0.50 sec =  860.4208 Mbps     0 retrans  12827 KB-cwnd
[2024-11-07T13:07:25.389640-0500]    23.5000 MB /   0.50 sec =  394.1274 Mbps   774 retrans  15225 KB-cwnd
[2024-11-07T13:07:25.889401-0500]    51.3125 MB /   0.50 sec =  861.2099 Mbps     0 retrans  15225 KB-cwnd
[2024-11-07T13:07:26.389426-0500]    41.0625 MB /   0.50 sec =  688.9930 Mbps     0 retrans  15414 KB-cwnd
[2024-11-07T13:07:26.889460-0500]    52.2500 MB /   0.50 sec =  876.4675 Mbps     0 retrans      5 KB-cwnd
[2024-11-07T13:07:27.389433-0500]    52.8125 MB /   0.50 sec =  886.0786 Mbps     0 retrans      5 KB-cwnd
[2024-11-07T13:07:27.889473-0500]    58.0625 MB /   0.50 sec =  974.0492 Mbps     0 retrans  21280 KB-cwnd
[2024-11-07T13:07:28.389310-0500]    54.6875 MB /   0.50 sec =  917.6637 Mbps     0 retrans  18107 KB-cwnd
[2024-11-07T13:07:28.890051-0500]    47.5625 MB /   0.50 sec =  796.9892 Mbps     0 retrans  18773 KB-cwnd
[2024-11-07T13:07:29.389652-0500]    37.8125 MB /   0.50 sec =  635.1430 Mbps     0 retrans  18770 KB-cwnd
[2024-11-07T13:07:29.889955-0500]    36.9375 MB /   0.50 sec =  619.1091 Mbps     0 retrans  19615 KB-cwnd
[2024-11-07T13:07:30.389359-0500]    28.0000 MB /   0.50 sec =  470.2238 Mbps     0 retrans  19615 KB-cwnd
[2024-11-07T13:07:30.889554-0500]    34.2500 MB /   0.50 sec =  574.6105 Mbps     0 retrans  19615 KB-cwnd
[2024-11-07T13:07:31.389363-0500]    25.7500 MB /   0.50 sec =  432.0185 Mbps     0 retrans  19615 KB-cwnd
[2024-11-07T13:07:31.889501-0500]    44.2500 MB /   0.50 sec =  742.2567 Mbps    45 retrans  12068 KB-cwnd
[2024-11-07T13:07:32.389407-0500]    24.6250 MB /   0.50 sec =  413.1563 Mbps     0 retrans  15813 KB-cwnd
[2024-11-07T13:07:32.889737-0500]    29.4375 MB /   0.50 sec =  493.6137 Mbps     0 retrans  15813 KB-cwnd
[2024-11-07T13:07:33.389384-0500]    29.0625 MB /   0.50 sec =  487.9118 Mbps     0 retrans  15779 KB-cwnd
[2024-11-07T13:07:33.889846-0500]    38.6250 MB /   0.50 sec =  647.8839 Mbps     0 retrans  15779 KB-cwnd
[2024-11-07T13:07:34.389416-0500]    37.9375 MB /   0.50 sec =  636.6002 Mbps     0 retrans  16120 KB-cwnd
[2024-11-07T13:07:34.889355-0500]    44.5625 MB /   0.50 sec =  747.6736 Mbps     0 retrans  16197 KB-cwnd
[2024-11-07T13:07:35.389401-0500]    32.8750 MB /   0.50 sec =  551.5488 Mbps    36 retrans  13293 KB-cwnd
[2024-11-07T13:07:35.889412-0500]    36.7500 MB /   0.50 sec =  616.5393 Mbps     0 retrans  13293 KB-cwnd
[2024-11-07T13:07:36.389409-0500]    20.8125 MB /   0.50 sec =  349.1535 Mbps     0 retrans  13293 KB-cwnd
[2024-11-07T13:07:36.889556-0500]    18.8125 MB /   0.50 sec =  315.6498 Mbps   360 retrans  15403 KB-cwnd
[2024-11-07T13:07:37.389344-0500]    40.6875 MB /   0.50 sec =  682.6148 Mbps     0 retrans  15403 KB-cwnd
[2024-11-07T13:07:37.889878-0500]    42.8750 MB /   0.50 sec =  718.7108 Mbps     0 retrans  15321 KB-cwnd
[2024-11-07T13:07:38.390116-0500]    32.3750 MB /   0.50 sec =  543.2688 Mbps     0 retrans  15321 KB-cwnd
[2024-11-07T13:07:38.890108-0500]    41.0000 MB /   0.50 sec =  687.8438 Mbps   121 retrans  14393 KB-cwnd
[2024-11-07T13:07:39.390163-0500]    42.0625 MB /   0.50 sec =  705.5971 Mbps     0 retrans  13040 KB-cwnd
[2024-11-07T13:07:39.889784-0500]    37.3750 MB /   0.50 sec =  627.0974 Mbps     0 retrans  13909 KB-cwnd
[2024-11-07T13:07:40.389371-0500]    40.7500 MB /   0.50 sec =  684.1806 Mbps     0 retrans  14335 KB-cwnd
[2024-11-07T13:07:40.889370-0500]    45.4375 MB /   0.50 sec =  762.3254 Mbps     0 retrans  14337 KB-cwnd
[2024-11-07T13:07:41.389963-0500]    36.6875 MB /   0.50 sec =  614.9299 Mbps     0 retrans  13229 KB-cwnd
[2024-11-07T13:07:41.889748-0500]    32.6250 MB /   0.50 sec =  547.4673 Mbps     0 retrans  13229 KB-cwnd
[2024-11-07T13:07:42.389446-0500]    26.9375 MB /   0.50 sec =  452.2773 Mbps     0 retrans  13229 KB-cwnd
[2024-11-07T13:07:42.889518-0500]    40.8125 MB /   0.50 sec =  684.7119 Mbps     0 retrans  14353 KB-cwnd
[2024-11-07T13:07:43.389353-0500]    40.6250 MB /   0.50 sec =  681.5812 Mbps     0 retrans  15233 KB-cwnd
[2024-11-07T13:07:43.889577-0500]    41.8750 MB /   0.50 sec =  702.5445 Mbps     0 retrans  15233 KB-cwnd
[2024-11-07T13:07:44.389410-0500]    43.9375 MB /   0.50 sec =  737.2050 Mbps    38 retrans  15624 KB-cwnd
[2024-11-07T13:07:44.889404-0500]    41.6250 MB /   0.50 sec =  698.2958 Mbps     0 retrans  15624 KB-cwnd
[2024-11-07T13:07:45.392989-0500]    46.6250 MB /   0.50 sec =  777.1844 Mbps     0 retrans  13935 KB-cwnd
[2024-11-07T13:07:45.889373-0500]    54.0625 MB /   0.50 sec =  912.9726 Mbps     0 retrans  15912 KB-cwnd
[2024-11-07T13:07:46.389517-0500]    47.8750 MB /   0.50 sec =  803.2189 Mbps     0 retrans  15912 KB-cwnd
[2024-11-07T13:07:46.889429-0500]    49.7500 MB /   0.50 sec =  834.6264 Mbps     0 retrans  17028 KB-cwnd
[2024-11-07T13:07:47.389473-0500]    52.0000 MB /   0.50 sec =  872.2739 Mbps     0 retrans  18278 KB-cwnd
[2024-11-07T13:07:47.889386-0500]    43.3750 MB /   0.50 sec =  727.8428 Mbps     0 retrans  18278 KB-cwnd
[2024-11-07T13:07:48.389373-0500]    36.8750 MB /   0.50 sec =  618.6660 Mbps     0 retrans  17742 KB-cwnd
[2024-11-07T13:07:48.889400-0500]    37.4375 MB /   0.50 sec =  628.0882 Mbps     0 retrans  17742 KB-cwnd
[2024-11-07T13:07:49.389402-0500]    45.0000 MB /   0.50 sec =  754.9626 Mbps     0 retrans  17204 KB-cwnd
[2024-11-07T13:07:49.889420-0500]    44.2500 MB /   0.50 sec =  742.4542 Mbps     0 retrans  17204 KB-cwnd
[2024-11-07T13:07:50.389383-0500]    37.5625 MB /   0.50 sec =  630.1601 Mbps     0 retrans  17636 KB-cwnd
[2024-11-07T13:07:50.889387-0500]    45.4375 MB /   0.50 sec =  762.3132 Mbps     0 retrans  15390 KB-cwnd
[2024-11-07T13:07:51.389660-0500]    37.0625 MB /   0.50 sec =  621.7571 Mbps     0 retrans  15387 KB-cwnd
[2024-11-07T13:07:51.890440-0500]    40.1875 MB /   0.50 sec =  672.9853 Mbps     0 retrans  14023 KB-cwnd
[2024-11-07T13:07:52.389637-0500]    34.7500 MB /   0.50 sec =  584.1099 Mbps     0 retrans  14023 KB-cwnd
[2024-11-07T13:07:52.889395-0500]    27.5000 MB /   0.50 sec =  461.3974 Mbps     0 retrans  15105 KB-cwnd
[2024-11-07T13:07:53.389719-0500]    21.3125 MB /   0.50 sec =  357.3379 Mbps     0 retrans  15105 KB-cwnd
[2024-11-07T13:07:53.889976-0500]    26.6250 MB /   0.50 sec =  446.6032 Mbps     0 retrans  15105 KB-cwnd
[2024-11-07T13:07:54.389391-0500]    22.9375 MB /   0.50 sec =  385.1340 Mbps     0 retrans  15105 KB-cwnd
[2024-11-07T13:07:54.889396-0500]    21.3125 MB /   0.50 sec =  357.5709 Mbps     0 retrans  14364 KB-cwnd
[2024-11-07T13:07:55.389658-0500]    17.6250 MB /   0.50 sec =  295.7061 Mbps     0 retrans  14364 KB-cwnd
[2024-11-07T13:07:55.889461-0500]    25.6250 MB /   0.50 sec =  429.9067 Mbps     0 retrans  14364 KB-cwnd
[2024-11-07T13:07:56.389387-0500]    23.2500 MB /   0.50 sec =  390.0609 Mbps     0 retrans  12622 KB-cwnd
[2024-11-07T13:07:56.889406-0500]    23.3125 MB /   0.50 sec =  391.1188 Mbps     0 retrans  12622 KB-cwnd
[2024-11-07T13:07:57.389845-0500]    22.9375 MB /   0.50 sec =  384.5021 Mbps     0 retrans  12622 KB-cwnd
[2024-11-07T13:07:57.889401-0500]    26.1250 MB /   0.50 sec =  438.6785 Mbps     0 retrans  10951 KB-cwnd
[2024-11-07T13:07:58.389791-0500]    19.9375 MB /   0.50 sec =  334.2451 Mbps     0 retrans  10951 KB-cwnd
[2024-11-07T13:07:58.889753-0500]    21.9375 MB /   0.50 sec =  368.0605 Mbps     0 retrans  10951 KB-cwnd
[2024-11-07T13:07:59.389639-0500]    28.5000 MB /   0.50 sec =  478.3611 Mbps     0 retrans   9801 KB-cwnd
[2024-11-07T13:07:59.889473-0500]     6.7500 MB /   0.50 sec =  113.2451 Mbps     0 retrans   9801 KB-cwnd
[2024-11-07T13:08:00.389662-0500]    23.0625 MB /   0.50 sec =  387.0345 Mbps     0 retrans   9801 KB-cwnd
[2024-11-07T13:08:00.889902-0500]    23.1250 MB /   0.50 sec =  387.7475 Mbps     0 retrans   9801 KB-cwnd
[2024-11-07T13:08:01.389697-0500]    15.5000 MB /   0.50 sec =  260.2087 Mbps     0 retrans   9979 KB-cwnd
[2024-11-07T13:08:01.889434-0500]    14.3125 MB /   0.50 sec =  240.1244 Mbps     0 retrans   9979 KB-cwnd
[2024-11-07T13:08:02.390040-0500]    15.6250 MB /   0.50 sec =  261.9591 Mbps     0 retrans   9979 KB-cwnd
[2024-11-07T13:08:02.889448-0500]    18.5625 MB /   0.50 sec =  311.6240 Mbps     0 retrans   9979 KB-cwnd
[2024-11-07T13:08:03.390513-0500]    18.8125 MB /   0.50 sec =  314.9449 Mbps     0 retrans   8002 KB-cwnd
[2024-11-07T13:08:03.889802-0500]    22.3750 MB /   0.50 sec =  375.9203 Mbps     0 retrans   9706 KB-cwnd
[2024-11-07T13:08:04.389353-0500]    20.2500 MB /   0.50 sec =  340.0161 Mbps     0 retrans   9707 KB-cwnd
[2024-11-07T13:08:04.889392-0500]    13.8750 MB /   0.50 sec =  232.7820 Mbps     0 retrans   9846 KB-cwnd
[2024-11-07T13:08:05.389391-0500]    14.8125 MB /   0.50 sec =  248.5095 Mbps    77 retrans   9918 KB-cwnd
[2024-11-07T13:08:05.889375-0500]    10.7500 MB /   0.50 sec =  180.3572 Mbps     0 retrans   9918 KB-cwnd
[2024-11-07T13:08:06.389371-0500]    10.7500 MB /   0.50 sec =  180.3435 Mbps     0 retrans   9918 KB-cwnd
[2024-11-07T13:08:06.889405-0500]     6.5625 MB /   0.50 sec =  110.1060 Mbps     0 retrans   9918 KB-cwnd
[2024-11-07T13:08:07.389502-0500]     3.8125 MB /   0.50 sec =   63.9492 Mbps     0 retrans   9918 KB-cwnd
[2024-11-07T13:08:07.889795-0500]     2.5625 MB /   0.50 sec =   42.9865 Mbps     0 retrans   9918 KB-cwnd
[2024-11-07T13:08:08.389966-0500]    12.5625 MB /   0.50 sec =  210.6138 Mbps     0 retrans   9918 KB-cwnd
[2024-11-07T13:08:08.889822-0500]     7.8125 MB /   0.50 sec =  131.0964 Mbps     0 retrans   9918 KB-cwnd
[2024-11-07T13:08:09.390172-0500]     7.6250 MB /   0.50 sec =  127.9329 Mbps     0 retrans   9918 KB-cwnd
[2024-11-07T13:08:09.890965-0500]     7.8750 MB /   0.50 sec =  131.8355 Mbps     0 retrans   9918 KB-cwnd
[2024-11-07T13:08:10.389369-0500]     3.4375 MB /   0.50 sec =   57.8434 Mbps     0 retrans   7243 KB-cwnd
[2024-11-07T13:08:10.889397-0500]     1.0625 MB /   0.50 sec =   17.8251 Mbps     0 retrans   7243 KB-cwnd
[2024-11-07T13:08:11.389489-0500]     6.0000 MB /   0.50 sec =  100.6502 Mbps     0 retrans   7243 KB-cwnd
[2024-11-07T13:08:11.889410-0500]    11.6250 MB /   0.50 sec =  195.0714 Mbps     0 retrans   7248 KB-cwnd
[2024-11-07T13:08:12.390261-0500]    12.4375 MB /   0.50 sec =  208.3154 Mbps     0 retrans   7248 KB-cwnd
[2024-11-07T13:08:12.889545-0500]    15.9375 MB /   0.50 sec =  267.8379 Mbps     0 retrans   7248 KB-cwnd
[2024-11-07T13:08:13.389412-0500]    18.5000 MB /   0.50 sec =  310.3760 Mbps     0 retrans   7248 KB-cwnd
[2024-11-07T13:08:13.889400-0500]    14.0625 MB /   0.50 sec =  235.9301 Mbps     0 retrans   8804 KB-cwnd
[2024-11-07T13:08:14.389351-0500]    16.1250 MB /   0.50 sec =  270.5375 Mbps     0 retrans   8804 KB-cwnd
[2024-11-07T13:08:14.889386-0500]    18.5000 MB /   0.50 sec =  310.3766 Mbps     0 retrans   8804 KB-cwnd
[2024-11-07T13:08:15.389352-0500]    11.9375 MB /   0.50 sec =  200.2788 Mbps     0 retrans   8804 KB-cwnd
[2024-11-07T13:08:15.889541-0500]    16.0000 MB /   0.50 sec =  268.4290 Mbps   115 retrans      5 KB-cwnd
[2024-11-07T13:08:16.389403-0500]    17.9375 MB /   0.50 sec =  300.9407 Mbps     0 retrans      5 KB-cwnd
[2024-11-07T13:08:16.890510-0500]    10.1250 MB /   0.50 sec =  169.5133 Mbps     0 retrans      5 KB-cwnd
[2024-11-07T13:08:17.389427-0500]    11.0000 MB /   0.50 sec =  184.9537 Mbps     0 retrans      5 KB-cwnd
[2024-11-07T13:08:17.889859-0500]    13.9375 MB /   0.50 sec =  233.8021 Mbps     0 retrans      5 KB-cwnd
[2024-11-07T13:08:18.389736-0500]    19.2500 MB /   0.50 sec =  322.7529 Mbps     0 retrans   5804 KB-cwnd
[2024-11-07T13:08:18.889563-0500]    20.6875 MB /   0.50 sec =  347.3260 Mbps     0 retrans   5804 KB-cwnd
[2024-11-07T13:08:19.389388-0500]    20.3125 MB /   0.50 sec =  340.7858 Mbps     0 retrans   5743 KB-cwnd
[2024-11-07T13:08:19.889419-0500]    19.3125 MB /   0.50 sec =  324.0029 Mbps     0 retrans   5743 KB-cwnd
[2024-11-07T13:08:20.389356-0500]    18.5000 MB /   0.50 sec =  310.3884 Mbps     0 retrans   5711 KB-cwnd
[2024-11-07T13:08:20.889411-0500]    16.0625 MB /   0.50 sec =  269.4797 Mbps     0 retrans   5711 KB-cwnd
[2024-11-07T13:08:21.389357-0500]     9.4375 MB /   0.50 sec =  158.3369 Mbps     0 retrans   5711 KB-cwnd
[2024-11-07T13:08:21.889559-0500]     7.0625 MB /   0.50 sec =  118.4538 Mbps     0 retrans   5711 KB-cwnd
[2024-11-07T13:08:22.389362-0500]    12.0000 MB /   0.50 sec =  201.3850 Mbps     0 retrans   5711 KB-cwnd
[2024-11-07T13:08:22.889411-0500]    13.8125 MB /   0.50 sec =  231.7302 Mbps     0 retrans   5645 KB-cwnd
[2024-11-07T13:08:23.389856-0500]     9.4375 MB /   0.50 sec =  158.2476 Mbps     0 retrans   5773 KB-cwnd
[2024-11-07T13:08:23.889780-0500]    18.5000 MB /   0.50 sec =  310.3239 Mbps     0 retrans   5773 KB-cwnd
[2024-11-07T13:08:24.389984-0500]    13.2500 MB /   0.50 sec =  222.3257 Mbps     0 retrans   5773 KB-cwnd
[2024-11-07T13:08:24.889817-0500]    16.3750 MB /   0.50 sec =  274.6670 Mbps     0 retrans   5773 KB-cwnd
[2024-11-07T13:08:25.389423-0500]    15.5000 MB /   0.50 sec =  260.2530 Mbps     0 retrans   6708 KB-cwnd
[2024-11-07T13:08:25.889506-0500]    17.5625 MB /   0.50 sec =  294.6169 Mbps     0 retrans   6708 KB-cwnd
[2024-11-07T13:08:26.389357-0500]    21.6875 MB /   0.50 sec =  363.9177 Mbps     0 retrans   6708 KB-cwnd
[2024-11-07T13:08:26.889397-0500]    24.3750 MB /   0.50 sec =  408.9414 Mbps     0 retrans   6628 KB-cwnd
[2024-11-07T13:08:27.390287-0500]    26.0625 MB /   0.50 sec =  436.8499 Mbps     0 retrans   6311 KB-cwnd
[2024-11-07T13:08:27.889857-0500]    26.0000 MB /   0.50 sec =  436.2102 Mbps     0 retrans   6311 KB-cwnd
[2024-11-07T13:08:28.389572-0500]    17.6875 MB /   0.50 sec =  296.8854 Mbps     0 retrans   6311 KB-cwnd
[2024-11-07T13:08:28.889432-0500]    21.5000 MB /   0.50 sec =  360.8494 Mbps     0 retrans   5693 KB-cwnd
[2024-11-07T13:08:29.389352-0500]    20.0625 MB /   0.50 sec =  336.6225 Mbps     0 retrans   5253 KB-cwnd
[2024-11-07T13:08:29.889436-0500]    25.3125 MB /   0.50 sec =  424.6325 Mbps     0 retrans   5282 KB-cwnd
[2024-11-07T13:08:30.389492-0500]    26.6875 MB /   0.50 sec =  447.7858 Mbps     0 retrans   7933 KB-cwnd
[2024-11-07T13:08:30.889387-0500]    29.3750 MB /   0.50 sec =  492.8238 Mbps     0 retrans   7933 KB-cwnd
[2024-11-07T13:08:31.389367-0500]    30.5625 MB /   0.50 sec =  512.7567 Mbps     0 retrans   9031 KB-cwnd
[2024-11-07T13:08:31.889369-0500]    33.4375 MB /   0.50 sec =  560.9904 Mbps     0 retrans   9031 KB-cwnd
[2024-11-07T13:08:32.389344-0500]    31.1250 MB /   0.50 sec =  522.1961 Mbps     0 retrans   9031 KB-cwnd
[2024-11-07T13:08:32.889586-0500]    30.8750 MB /   0.50 sec =  517.9955 Mbps     0 retrans   9406 KB-cwnd
[2024-11-07T13:08:33.389827-0500]    32.1250 MB /   0.50 sec =  538.4920 Mbps     0 retrans   9433 KB-cwnd
[2024-11-07T13:08:33.889441-0500]    17.9375 MB /   0.50 sec =  301.1865 Mbps     0 retrans   9582 KB-cwnd
[2024-11-07T13:08:34.389378-0500]    23.1250 MB /   0.50 sec =  387.9941 Mbps     0 retrans   9582 KB-cwnd
[2024-11-07T13:08:34.889498-0500]    33.8125 MB /   0.50 sec =  567.1458 Mbps     0 retrans   9582 KB-cwnd
[2024-11-07T13:08:35.389395-0500]    32.5625 MB /   0.50 sec =  546.4688 Mbps     0 retrans   9681 KB-cwnd
[2024-11-07T13:08:35.889388-0500]    30.6250 MB /   0.50 sec =  513.7776 Mbps     0 retrans   9681 KB-cwnd
[2024-11-07T13:08:36.389382-0500]    26.2500 MB /   0.50 sec =  440.3852 Mbps     0 retrans   9529 KB-cwnd
[2024-11-07T13:08:36.889452-0500]    27.3750 MB /   0.50 sec =  459.2506 Mbps     0 retrans   9532 KB-cwnd
[2024-11-07T13:08:37.389514-0500]    30.1875 MB /   0.50 sec =  506.5433 Mbps     0 retrans   9532 KB-cwnd
[2024-11-07T13:08:37.889416-0500]    27.2500 MB /   0.50 sec =  457.1225 Mbps     0 retrans  12952 KB-cwnd
[2024-11-07T13:08:38.389427-0500]    23.9375 MB /   0.50 sec =  401.6391 Mbps     0 retrans  12952 KB-cwnd
[2024-11-07T13:08:38.889790-0500]    29.0625 MB /   0.50 sec =  487.1728 Mbps     0 retrans  12952 KB-cwnd
[2024-11-07T13:08:39.389399-0500]    28.6250 MB /   0.50 sec =  480.6237 Mbps     0 retrans  11010 KB-cwnd
[2024-11-07T13:08:39.889398-0500]    29.8125 MB /   0.50 sec =  500.1798 Mbps     0 retrans  11010 KB-cwnd
[2024-11-07T13:08:40.389425-0500]    26.8750 MB /   0.50 sec =  450.8300 Mbps     0 retrans  12678 KB-cwnd
[2024-11-07T13:08:40.889411-0500]    33.1875 MB /   0.50 sec =  556.8529 Mbps     0 retrans  12678 KB-cwnd
[2024-11-07T13:08:41.389410-0500]    34.2500 MB /   0.50 sec =  574.6139 Mbps     0 retrans  11570 KB-cwnd
[2024-11-07T13:08:41.889525-0500]    30.8125 MB /   0.50 sec =  516.9800 Mbps     0 retrans  11570 KB-cwnd
[2024-11-07T13:08:42.390339-0500]    27.6875 MB /   0.50 sec =  464.0876 Mbps     0 retrans  11570 KB-cwnd
[2024-11-07T13:08:42.889838-0500]    26.2500 MB /   0.50 sec =  440.4433 Mbps     0 retrans  11378 KB-cwnd
[2024-11-07T13:08:43.390030-0500]    23.5625 MB /   0.50 sec =  395.3472 Mbps     0 retrans  11378 KB-cwnd
[2024-11-07T13:08:43.889804-0500]    22.8125 MB /   0.50 sec =  382.8336 Mbps     0 retrans  11378 KB-cwnd
[2024-11-07T13:08:44.389714-0500]    31.7500 MB /   0.50 sec =  532.5701 Mbps     0 retrans  15275 KB-cwnd
[2024-11-07T13:08:44.889437-0500]    24.0625 MB /   0.50 sec =  403.9482 Mbps     0 retrans  15275 KB-cwnd
[2024-11-07T13:08:45.390116-0500]    22.5000 MB /   0.50 sec =  377.2082 Mbps     0 retrans  15275 KB-cwnd
[2024-11-07T13:08:45.889428-0500]    31.5625 MB /   0.50 sec =  529.9315 Mbps   296 retrans  10722 KB-cwnd
[2024-11-07T13:08:46.389394-0500]    34.8750 MB /   0.50 sec =  585.1148 Mbps   380 retrans  10218 KB-cwnd
[2024-11-07T13:08:46.889558-0500]    30.4375 MB /   0.50 sec =  510.6841 Mbps  1481 retrans  12667 KB-cwnd
[2024-11-07T13:08:47.389448-0500]    25.0000 MB /   0.50 sec =  419.4472 Mbps     0 retrans  12667 KB-cwnd
[2024-11-07T13:08:47.889373-0500]    27.0625 MB /   0.50 sec =  454.0071 Mbps     0 retrans  12667 KB-cwnd
[2024-11-07T13:08:48.389391-0500]    20.5625 MB /   0.50 sec =  344.9477 Mbps     0 retrans  12667 KB-cwnd
[2024-11-07T13:08:48.889373-0500]    21.7500 MB /   0.50 sec =  364.9300 Mbps     0 retrans  12667 KB-cwnd
[2024-11-07T13:08:49.389371-0500]    13.9375 MB /   0.50 sec =  233.8362 Mbps     0 retrans  12667 KB-cwnd
[2024-11-07T13:08:49.889409-0500]    17.1875 MB /   0.50 sec =  288.3538 Mbps     0 retrans  12848 KB-cwnd
[2024-11-07T13:08:50.389370-0500]    20.1250 MB /   0.50 sec =  337.6455 Mbps     0 retrans  12848 KB-cwnd
[2024-11-07T13:08:50.889577-0500]    20.8125 MB /   0.50 sec =  349.1723 Mbps     0 retrans  12848 KB-cwnd
[2024-11-07T13:08:51.389384-0500]    25.0625 MB /   0.50 sec =  420.4807 Mbps     0 retrans  12848 KB-cwnd
[2024-11-07T13:08:51.889414-0500]    24.3125 MB /   0.50 sec =  407.8814 Mbps     0 retrans  12547 KB-cwnd
[2024-11-07T13:08:52.389559-0500]    24.0625 MB /   0.50 sec =  403.5920 Mbps     0 retrans  12547 KB-cwnd
[2024-11-07T13:08:52.889379-0500]    12.3750 MB /   0.50 sec =  207.6820 Mbps     0 retrans  12547 KB-cwnd
[2024-11-07T13:08:53.389402-0500]    31.0625 MB /   0.50 sec =  521.1308 Mbps     0 retrans   9055 KB-cwnd
[2024-11-07T13:08:53.889353-0500]    35.7500 MB /   0.50 sec =  599.8071 Mbps     0 retrans   9055 KB-cwnd
[2024-11-07T13:08:54.390138-0500]    40.3750 MB /   0.50 sec =  676.8549 Mbps     0 retrans   9396 KB-cwnd
[2024-11-07T13:08:54.889827-0500]    39.0000 MB /   0.50 sec =  654.2512 Mbps     0 retrans   9396 KB-cwnd
[2024-11-07T13:08:55.389397-0500]    29.1250 MB /   0.50 sec =  489.0550 Mbps     0 retrans  10483 KB-cwnd
[2024-11-07T13:08:55.889352-0500]    39.5625 MB /   0.50 sec =  663.7659 Mbps     0 retrans  10624 KB-cwnd
[2024-11-07T13:08:56.395368-0500]    40.8750 MB /   0.51 sec =  678.2845 Mbps     0 retrans  12489 KB-cwnd
[2024-11-07T13:08:56.889502-0500]    39.4375 MB /   0.49 sec =  669.0579 Mbps     0 retrans  12489 KB-cwnd
[2024-11-07T13:08:57.392783-0500]    41.5625 MB /   0.50 sec =  692.6195 Mbps   653 retrans  11284 KB-cwnd
[2024-11-07T13:08:57.889490-0500]    33.0000 MB /   0.50 sec =  557.3534 Mbps     0 retrans  11284 KB-cwnd
[2024-11-07T13:08:58.389404-0500]    34.4375 MB /   0.50 sec =  577.7931 Mbps     0 retrans  13032 KB-cwnd
[2024-11-07T13:08:58.889502-0500]    26.8750 MB /   0.50 sec =  450.8877 Mbps     0 retrans  13032 KB-cwnd
[2024-11-07T13:08:59.389485-0500]    16.4375 MB /   0.50 sec =  275.7959 Mbps     0 retrans  13032 KB-cwnd
[2024-11-07T13:08:59.889392-0500]    20.3125 MB /   0.50 sec =  340.7586 Mbps     0 retrans  12478 KB-cwnd
[2024-11-07T13:09:00.389367-0500]    18.9375 MB /   0.50 sec =  317.7255 Mbps     0 retrans  12478 KB-cwnd
[2024-11-07T13:09:00.889545-0500]    18.8750 MB /   0.50 sec =  316.6693 Mbps     0 retrans  12478 KB-cwnd
[2024-11-07T13:09:01.389412-0500]    19.5625 MB /   0.50 sec =  328.1984 Mbps    11 retrans  13791 KB-cwnd
[2024-11-07T13:09:01.889386-0500]    23.3125 MB /   0.50 sec =  391.1282 Mbps     0 retrans  13791 KB-cwnd
[2024-11-07T13:09:02.389428-0500]    26.0000 MB /   0.50 sec =  436.1771 Mbps     0 retrans  13791 KB-cwnd
[2024-11-07T13:09:02.889500-0500]    22.3125 MB /   0.50 sec =  374.2892 Mbps     0 retrans  13791 KB-cwnd
[2024-11-07T13:09:03.389435-0500]    32.0000 MB /   0.50 sec =  536.9697 Mbps     0 retrans  12339 KB-cwnd
[2024-11-07T13:09:03.889409-0500]    29.9375 MB /   0.50 sec =  502.2749 Mbps     0 retrans  12331 KB-cwnd
[2024-11-07T13:09:04.390178-0500]    32.5000 MB /   0.50 sec =  544.8226 Mbps     0 retrans   7659 KB-cwnd
[2024-11-07T13:09:04.889928-0500]    34.2500 MB /   0.50 sec =  574.4944 Mbps     0 retrans   7693 KB-cwnd
[2024-11-07T13:09:05.390007-0500]    27.6250 MB /   0.50 sec =  463.8055 Mbps     0 retrans  10808 KB-cwnd
[2024-11-07T13:09:05.889682-0500]    20.5625 MB /   0.50 sec =  345.0098 Mbps     0 retrans  10808 KB-cwnd
[2024-11-07T13:09:06.389583-0500]    39.8750 MB /   0.50 sec =  669.0919 Mbps     0 retrans  12816 KB-cwnd
[2024-11-07T13:09:06.889469-0500]    37.5625 MB /   0.50 sec =  630.1173 Mbps     0 retrans  12816 KB-cwnd
[2024-11-07T13:09:07.389399-0500]    36.8125 MB /   0.50 sec =  617.7212 Mbps     0 retrans      5 KB-cwnd
[2024-11-07T13:09:07.889375-0500]    32.6875 MB /   0.50 sec =  548.4184 Mbps     0 retrans      5 KB-cwnd
[2024-11-07T13:09:08.389386-0500]    39.3750 MB /   0.50 sec =  660.6055 Mbps     0 retrans  13256 KB-cwnd
[2024-11-07T13:09:08.889486-0500]    32.6875 MB /   0.50 sec =  548.3241 Mbps     0 retrans  13256 KB-cwnd
[2024-11-07T13:09:09.389411-0500]    38.9375 MB /   0.50 sec =  653.3347 Mbps     0 retrans  13256 KB-cwnd
[2024-11-07T13:09:09.889514-0500]    33.0000 MB /   0.50 sec =  553.5507 Mbps   415 retrans  12241 KB-cwnd
[2024-11-07T13:09:10.389921-0500]    37.8125 MB /   0.50 sec =  634.1754 Mbps     0 retrans  12278 KB-cwnd
[2024-11-07T13:09:10.889702-0500]    39.2500 MB /   0.50 sec =  658.6296 Mbps     0 retrans  13626 KB-cwnd
[2024-11-07T13:09:11.390219-0500]    30.5625 MB /   0.50 sec =  512.4790 Mbps     0 retrans  13626 KB-cwnd
[2024-11-07T13:09:11.889825-0500]    35.4375 MB /   0.50 sec =  594.5783 Mbps   570 retrans  12419 KB-cwnd
[2024-11-07T13:09:12.389578-0500]    32.5625 MB /   0.50 sec =  546.7532 Mbps     0 retrans  12419 KB-cwnd
[2024-11-07T13:09:12.889435-0500]    33.1875 MB /   0.50 sec =  556.7816 Mbps   301 retrans  11516 KB-cwnd
[2024-11-07T13:09:13.389420-0500]    26.5000 MB /   0.50 sec =  444.5998 Mbps     0 retrans  11516 KB-cwnd
[2024-11-07T13:09:13.889951-0500]    29.6250 MB /   0.50 sec =  497.0250 Mbps   205 retrans  11817 KB-cwnd
[2024-11-07T13:09:14.389385-0500]    32.8750 MB /   0.50 sec =  551.5653 Mbps     0 retrans  11817 KB-cwnd
[2024-11-07T13:09:14.890573-0500]    25.8125 MB /   0.50 sec =  432.0828 Mbps     0 retrans  11817 KB-cwnd
[2024-11-07T13:09:15.389824-0500]    30.8125 MB /   0.50 sec =  517.8304 Mbps    23 retrans  11817 KB-cwnd
End time: 1731002955566
