Start time: 1731003172230
[2024-11-07T13:12:57.309546-0500] traceroute to 54.197.223.49 (54.197.223.49), 30 hops max, 60 byte packets
[2024-11-07T13:12:57.310322-0500]  1  * * *
[2024-11-07T13:12:57.310368-0500]  2  * * *
[2024-11-07T13:12:57.310397-0500]  3  * * *
[2024-11-07T13:12:57.310423-0500]  4  * * *
[2024-11-07T13:12:57.310449-0500]  5  * * *
[2024-11-07T13:13:02.316568-0500]  6  * * *
[2024-11-07T13:13:02.316924-0500]  7  * * *
[2024-11-07T13:13:02.317062-0500]  8  * * *
[2024-11-07T13:13:02.321507-0500]  9  * * *
[2024-11-07T13:13:02.321590-0500] 10  * * *
[2024-11-07T13:13:07.320747-0500] 11  * * *
[2024-11-07T13:13:07.320982-0500] 12  * * *
[2024-11-07T13:13:07.321015-0500] 13  * * *
[2024-11-07T13:13:07.323846-0500] 14  * * *
[2024-11-07T13:13:07.323895-0500] 15  * * *
[2024-11-07T13:13:12.329056-0500] 16  * * *
[2024-11-07T13:13:12.329501-0500] 17  * * *
[2024-11-07T13:13:12.329594-0500] 18  * * *
[2024-11-07T13:13:12.329661-0500] 19  * * *
[2024-11-07T13:13:12.329723-0500] 20  * * *
[2024-11-07T13:13:12.329783-0500] 21  * * *
[2024-11-07T13:13:17.337914-0500] 22  * * *
[2024-11-07T13:13:17.345714-0500] 23  * * *
[2024-11-07T13:13:17.345880-0500] 24  * * *
[2024-11-07T13:13:17.345987-0500] 25  * * *
[2024-11-07T13:13:17.353734-0500] 26  * * *
[2024-11-07T13:13:22.297763-0500] 27  * *End time: 1731003202330
