Start time: 1730590802372
[2024-11-02T17:40:03.292841-0600] nuttcp-r: v8.1.4: socket
[2024-11-02T17:40:03.294300-0600] nuttcp-r: buflen=65536, nstream=1, port=6110 tcp
[2024-11-02T17:40:03.294451-0600] nuttcp-r: interval reporting every 0.50 seconds
[2024-11-02T17:40:03.294568-0600] nuttcp-r: connect to 54.176.53.206 with RTT=66.820 ms af=inet
[2024-11-02T17:40:03.294676-0600] nuttcp-r: send window size = 2097152, receive window size = 6291456
[2024-11-02T17:40:03.294783-0600] nuttcp-r: available send window = 1572864, available receive window = 4718592
[2024-11-02T17:40:03.294888-0600]     0.5000 MB /   0.50 sec =    8.3869 Mbps     0 retrans
[2024-11-02T17:40:03.792751-0600]     1.8125 MB /   0.50 sec =   30.4100 Mbps     0 retrans
[2024-11-02T17:40:04.292574-0600]     1.9375 MB /   0.50 sec =   32.5074 Mbps     0 retrans
[2024-11-02T17:40:04.792715-0600]     2.0000 MB /   0.50 sec =   33.5532 Mbps     0 retrans
[2024-11-02T17:40:05.292215-0600]     1.4375 MB /   0.50 sec =   24.1179 Mbps     0 retrans
[2024-11-02T17:40:05.792549-0600]     1.2500 MB /   0.50 sec =   20.9645 Mbps     0 retrans
[2024-11-02T17:40:06.292221-0600]     2.0625 MB /   0.50 sec =   34.6158 Mbps     0 retrans
[2024-11-02T17:40:06.792191-0600]     2.1875 MB /   0.50 sec =   36.7009 Mbps     0 retrans
[2024-11-02T17:40:07.292214-0600]     2.5625 MB /   0.50 sec =   42.9910 Mbps     0 retrans
[2024-11-02T17:40:07.792218-0600]     3.0625 MB /   0.50 sec =   51.3801 Mbps     0 retrans
[2024-11-02T17:40:08.292178-0600]     3.7500 MB /   0.50 sec =   62.9152 Mbps     0 retrans
[2024-11-02T17:40:08.792218-0600]     4.3750 MB /   0.50 sec =   73.3990 Mbps     0 retrans
[2024-11-02T17:40:09.292205-0600]     5.1875 MB /   0.50 sec =   87.0330 Mbps     0 retrans
[2024-11-02T17:40:09.792162-0600]     6.0625 MB /   0.50 sec =  101.7133 Mbps     0 retrans
[2024-11-02T17:40:10.292256-0600]     6.1250 MB /   0.50 sec =  102.7452 Mbps     0 retrans
[2024-11-02T17:40:10.792125-0600]     7.1875 MB /   0.50 sec =  120.6051 Mbps     0 retrans
[2024-11-02T17:40:11.293475-0600]     4.8750 MB /   0.50 sec =   81.6082 Mbps     0 retrans
[2024-11-02T17:40:11.792194-0600]     7.6250 MB /   0.50 sec =  128.2083 Mbps     0 retrans
[2024-11-02T17:40:12.292210-0600]     6.8750 MB /   0.50 sec =  115.3411 Mbps     0 retrans
[2024-11-02T17:40:12.792169-0600]     6.6250 MB /   0.50 sec =  111.1513 Mbps     0 retrans
[2024-11-02T17:40:13.292195-0600]     6.6250 MB /   0.50 sec =  111.1477 Mbps     0 retrans
[2024-11-02T17:40:13.792199-0600]     6.8125 MB /   0.50 sec =  114.2955 Mbps     0 retrans
[2024-11-02T17:40:14.292431-0600]     5.9375 MB /   0.50 sec =   99.5815 Mbps     0 retrans
[2024-11-02T17:40:14.793318-0600]     4.5000 MB /   0.50 sec =   75.3606 Mbps     0 retrans
[2024-11-02T17:40:15.292443-0600]     6.3125 MB /   0.50 sec =  106.1380 Mbps     0 retrans
[2024-11-02T17:40:15.792169-0600]     5.3750 MB /   0.50 sec =   90.1763 Mbps     0 retrans
[2024-11-02T17:40:16.292512-0600]     4.2500 MB /   0.50 sec =   71.2728 Mbps     0 retrans
[2024-11-02T17:40:16.792207-0600]     5.5625 MB /   0.50 sec =   93.3614 Mbps     0 retrans
[2024-11-02T17:40:17.292157-0600]     5.8125 MB /   0.50 sec =   97.5195 Mbps     0 retrans
[2024-11-02T17:40:17.792206-0600]     5.9375 MB /   0.50 sec =   99.6115 Mbps     0 retrans
[2024-11-02T17:40:18.293449-0600]     3.8125 MB /   0.50 sec =   63.8250 Mbps     0 retrans
[2024-11-02T17:40:18.792349-0600]     5.6875 MB /   0.50 sec =   95.6287 Mbps     0 retrans
[2024-11-02T17:40:19.292201-0600]     4.9375 MB /   0.50 sec =   82.8378 Mbps     0 retrans
[2024-11-02T17:40:19.792206-0600]     2.5625 MB /   0.50 sec =   42.9902 Mbps     0 retrans
[2024-11-02T17:40:20.292231-0600]     1.8750 MB /   0.50 sec =   31.4546 Mbps     0 retrans
[2024-11-02T17:40:20.792370-0600]     1.6250 MB /   0.50 sec =   27.2573 Mbps     0 retrans
[2024-11-02T17:40:21.292204-0600]     6.1875 MB /   0.50 sec =  103.8404 Mbps     0 retrans
[2024-11-02T17:40:21.793282-0600]     3.1875 MB /   0.50 sec =   53.3639 Mbps     0 retrans
[2024-11-02T17:40:22.293378-0600]     1.3750 MB /   0.50 sec =   23.0665 Mbps     0 retrans
[2024-11-02T17:40:22.792474-0600]     1.6250 MB /   0.50 sec =   27.3139 Mbps     0 retrans
[2024-11-02T17:40:23.293339-0600]     3.4375 MB /   0.50 sec =   57.5652 Mbps     0 retrans
[2024-11-02T17:40:23.792233-0600]     5.3125 MB /   0.50 sec =   89.3210 Mbps     0 retrans
[2024-11-02T17:40:24.292211-0600]     6.0625 MB /   0.50 sec =  101.7176 Mbps     0 retrans
[2024-11-02T17:40:24.792166-0600]     7.4375 MB /   0.50 sec =  124.7843 Mbps     0 retrans
[2024-11-02T17:40:25.292140-0600]     9.3750 MB /   0.50 sec =  157.2817 Mbps     0 retrans
[2024-11-02T17:40:25.792213-0600]    11.2500 MB /   0.50 sec =  188.7452 Mbps     0 retrans
[2024-11-02T17:40:26.292166-0600]    13.8750 MB /   0.50 sec =  232.7881 Mbps     0 retrans
[2024-11-02T17:40:26.792480-0600]    17.8125 MB /   0.50 sec =  298.8274 Mbps     0 retrans
[2024-11-02T17:40:27.292206-0600]    21.3750 MB /   0.50 sec =  358.6130 Mbps     0 retrans
[2024-11-02T17:40:27.792174-0600]    25.5000 MB /   0.50 sec =  427.8413 Mbps     0 retrans
[2024-11-02T17:40:28.292188-0600]    31.3750 MB /   0.50 sec =  526.3883 Mbps     0 retrans
[2024-11-02T17:40:28.792284-0600]    26.6875 MB /   0.50 sec =  447.6685 Mbps     0 retrans
[2024-11-02T17:40:29.292191-0600]    28.0625 MB /   0.50 sec =  470.8690 Mbps     0 retrans
[2024-11-02T17:40:29.792208-0600]    31.0625 MB /   0.50 sec =  521.1496 Mbps     0 retrans
[2024-11-02T17:40:30.292189-0600]    33.7500 MB /   0.50 sec =  566.2435 Mbps     0 retrans
[2024-11-02T17:40:30.792318-0600]    28.1875 MB /   0.50 sec =  472.9172 Mbps     0 retrans
[2024-11-02T17:40:31.292690-0600]    28.6250 MB /   0.50 sec =  479.7805 Mbps     0 retrans
[2024-11-02T17:40:31.792203-0600]    25.8125 MB /   0.50 sec =  433.4624 Mbps     0 retrans
[2024-11-02T17:40:32.292194-0600]    19.3750 MB /   0.50 sec =  325.0612 Mbps     0 retrans
[2024-11-02T17:40:32.792237-0600]    29.3125 MB /   0.50 sec =  491.7536 Mbps     0 retrans
[2024-11-02T17:40:33.292304-0600]    30.5625 MB /   0.50 sec =  512.6942 Mbps     0 retrans
[2024-11-02T17:40:33.792199-0600]    26.9375 MB /   0.50 sec =  452.0077 Mbps     0 retrans
[2024-11-02T17:40:34.292336-0600]    28.5000 MB /   0.50 sec =  478.0541 Mbps     0 retrans
[2024-11-02T17:40:34.793370-0600]    20.3750 MB /   0.50 sec =  341.1296 Mbps     0 retrans
[2024-11-02T17:40:35.292500-0600]    26.2500 MB /   0.50 sec =  441.2509 Mbps     0 retrans
[2024-11-02T17:40:35.793139-0600]     1.7500 MB /   0.50 sec =   29.3179 Mbps     0 retrans
[2024-11-02T17:40:36.292356-0600]     0.6250 MB /   0.50 sec =   10.5038 Mbps     0 retrans
[2024-11-02T17:40:36.793530-0600]     3.0625 MB /   0.50 sec =   51.2714 Mbps     0 retrans
[2024-11-02T17:40:37.292250-0600]     8.5625 MB /   0.50 sec =  143.9861 Mbps     0 retrans
[2024-11-02T17:40:37.793260-0600]     1.9375 MB /   0.50 sec =   32.4365 Mbps     0 retrans
[2024-11-02T17:40:38.292436-0600]     0.0000 MB /   0.50 sec =    0.0000 Mbps     0 retrans
[2024-11-02T17:40:38.793431-0600]     0.0000 MB /   0.50 sec =    0.0000 Mbps     0 retrans
[2024-11-02T17:40:39.292350-0600]     9.6250 MB /   0.50 sec =  161.8179 Mbps     0 retrans
[2024-11-02T17:40:39.792346-0600]     0.0000 MB /   0.50 sec =    0.0000 Mbps     0 retrans
[2024-11-02T17:40:40.292207-0600]    17.0000 MB /   0.50 sec =  285.2851 Mbps     0 retrans
[2024-11-02T17:40:40.792324-0600]     4.5625 MB /   0.50 sec =   76.5252 Mbps     0 retrans
[2024-11-02T17:40:41.293504-0600]     9.3125 MB /   0.50 sec =  155.8917 Mbps     0 retrans
[2024-11-02T17:40:41.792513-0600]     6.2500 MB /   0.50 sec =  105.0785 Mbps     0 retrans
[2024-11-02T17:40:42.293253-0600]     9.8125 MB /   0.50 sec =  164.3497 Mbps     0 retrans
[2024-11-02T17:40:42.792205-0600]     9.7500 MB /   0.50 sec =  163.9188 Mbps     0 retrans
[2024-11-02T17:40:43.292608-0600]     8.8125 MB /   0.50 sec =  147.8084 Mbps     0 retrans
[2024-11-02T17:40:43.792188-0600]    11.0625 MB /   0.50 sec =  185.6481 Mbps     0 retrans
[2024-11-02T17:40:44.292345-0600]    11.1875 MB /   0.50 sec =  187.6962 Mbps     0 retrans
[2024-11-02T17:40:44.792213-0600]     8.6250 MB /   0.50 sec =  144.7038 Mbps     0 retrans
[2024-11-02T17:40:45.293338-0600]     3.3750 MB /   0.50 sec =   56.4970 Mbps     0 retrans
[2024-11-02T17:40:45.793431-0600]    10.5000 MB /   0.50 sec =  176.1255 Mbps     0 retrans
[2024-11-02T17:40:46.292376-0600]    14.4375 MB /   0.50 sec =  242.8116 Mbps     0 retrans
[2024-11-02T17:40:46.792343-0600]     9.3750 MB /   0.50 sec =  157.2452 Mbps     0 retrans
[2024-11-02T17:40:47.293309-0600]     7.4375 MB /   0.50 sec =  124.5417 Mbps     0 retrans
[2024-11-02T17:40:47.792479-0600]    12.3125 MB /   0.50 sec =  206.9565 Mbps     0 retrans
[2024-11-02T17:40:48.292178-0600]    12.3125 MB /   0.50 sec =  206.6344 Mbps     0 retrans
[2024-11-02T17:40:48.792192-0600]     9.8125 MB /   0.50 sec =  164.6264 Mbps     0 retrans
[2024-11-02T17:40:49.292581-0600]     3.8125 MB /   0.50 sec =   63.9408 Mbps     0 retrans
[2024-11-02T17:40:49.792193-0600]    11.2500 MB /   0.50 sec =  188.8033 Mbps     0 retrans
[2024-11-02T17:40:50.292355-0600]    13.6250 MB /   0.50 sec =  228.5379 Mbps     0 retrans
[2024-11-02T17:40:50.792672-0600]     6.9375 MB /   0.50 sec =  116.3740 Mbps     0 retrans
[2024-11-02T17:40:51.292371-0600]    11.5625 MB /   0.50 sec =  194.0048 Mbps     0 retrans
[2024-11-02T17:40:51.792182-0600]    12.1875 MB /   0.50 sec =  204.5288 Mbps     0 retrans
[2024-11-02T17:40:52.292184-0600]    11.7500 MB /   0.50 sec =  197.1390 Mbps     0 retrans
[2024-11-02T17:40:52.792174-0600]    10.8750 MB /   0.50 sec =  182.4540 Mbps     0 retrans
[2024-11-02T17:40:53.292578-0600]     6.5000 MB /   0.50 sec =  109.0153 Mbps     0 retrans
[2024-11-02T17:40:53.792226-0600]    16.3125 MB /   0.50 sec =  273.7698 Mbps     0 retrans
[2024-11-02T17:40:54.292783-0600]    10.1875 MB /   0.50 sec =  170.7332 Mbps     0 retrans
[2024-11-02T17:40:54.792194-0600]     5.8750 MB /   0.50 sec =   98.6733 Mbps     0 retrans
[2024-11-02T17:40:55.292448-0600]     3.5625 MB /   0.50 sec =   59.7468 Mbps     0 retrans
[2024-11-02T17:40:55.792207-0600]    10.8750 MB /   0.50 sec =  182.5161 Mbps     0 retrans
[2024-11-02T17:40:56.292223-0600]     7.3750 MB /   0.50 sec =  123.7295 Mbps     0 retrans
[2024-11-02T17:40:56.792462-0600]     5.3750 MB /   0.50 sec =   90.1481 Mbps     0 retrans
[2024-11-02T17:40:57.292364-0600]     9.3125 MB /   0.50 sec =  156.2978 Mbps     0 retrans
[2024-11-02T17:40:57.792220-0600]     7.3750 MB /   0.50 sec =  123.7280 Mbps     0 retrans
[2024-11-02T17:40:58.292159-0600]     8.6875 MB /   0.50 sec =  145.7497 Mbps     0 retrans
[2024-11-02T17:40:58.792224-0600]     8.1875 MB /   0.50 sec =  137.3624 Mbps     0 retrans
[2024-11-02T17:40:59.292333-0600]     8.1250 MB /   0.50 sec =  136.2854 Mbps     0 retrans
[2024-11-02T17:40:59.792679-0600]     9.8750 MB /   0.50 sec =  165.6876 Mbps     0 retrans
[2024-11-02T17:41:00.292197-0600]    10.6250 MB /   0.50 sec =  178.2882 Mbps     0 retrans
[2024-11-02T17:41:00.792197-0600]     9.0000 MB /   0.50 sec =  150.9968 Mbps     0 retrans
[2024-11-02T17:41:01.293233-0600]     9.5000 MB /   0.50 sec =  159.0540 Mbps     0 retrans
[2024-11-02T17:41:01.792206-0600]     9.3750 MB /   0.50 sec =  157.6089 Mbps     0 retrans
[2024-11-02T17:41:02.292207-0600]     7.5000 MB /   0.50 sec =  125.8304 Mbps     0 retrans
[2024-11-02T17:41:02.792443-0600]     7.9375 MB /   0.50 sec =  133.1534 Mbps     0 retrans
[2024-11-02T17:41:03.292289-0600]     9.5625 MB /   0.50 sec =  160.4280 Mbps     0 retrans
[2024-11-02T17:41:03.792276-0600]    10.1875 MB /   0.50 sec =  170.9240 Mbps     0 retrans
[2024-11-02T17:41:04.292185-0600]    10.3125 MB /   0.50 sec =  173.0348 Mbps     0 retrans
[2024-11-02T17:41:04.792217-0600]     9.7500 MB /   0.50 sec =  163.5749 Mbps     0 retrans
[2024-11-02T17:41:05.292179-0600]     2.1875 MB /   0.50 sec =   36.7007 Mbps     0 retrans
[2024-11-02T17:41:05.792178-0600]     1.8750 MB /   0.50 sec =   31.4572 Mbps     0 retrans
[2024-11-02T17:41:06.292242-0600]    13.3750 MB /   0.50 sec =  224.3894 Mbps     0 retrans
[2024-11-02T17:41:06.792170-0600]     9.6250 MB /   0.50 sec =  161.4885 Mbps     0 retrans
[2024-11-02T17:41:07.292171-0600]     9.8750 MB /   0.50 sec =  165.6753 Mbps     0 retrans
[2024-11-02T17:41:07.792204-0600]    10.5625 MB /   0.50 sec =  177.2047 Mbps     0 retrans
[2024-11-02T17:41:08.292276-0600]     5.2500 MB /   0.50 sec =   88.0823 Mbps     0 retrans
[2024-11-02T17:41:08.792223-0600]    11.3750 MB /   0.50 sec =  190.8351 Mbps     0 retrans
[2024-11-02T17:41:09.293364-0600]     5.0625 MB /   0.50 sec =   84.7474 Mbps     0 retrans
[2024-11-02T17:41:09.792144-0600]    11.5625 MB /   0.50 sec =  194.4232 Mbps     0 retrans
[2024-11-02T17:41:10.292203-0600]     9.7500 MB /   0.50 sec =  163.5746 Mbps     0 retrans
[2024-11-02T17:41:10.792449-0600]     6.7500 MB /   0.50 sec =  113.2120 Mbps     0 retrans
[2024-11-02T17:41:11.292190-0600]    11.3750 MB /   0.50 sec =  190.8989 Mbps     0 retrans
[2024-11-02T17:41:11.792244-0600]    11.3750 MB /   0.50 sec =  190.8233 Mbps     0 retrans
[2024-11-02T17:41:12.292210-0600]    11.5625 MB /   0.50 sec =  193.9963 Mbps     0 retrans
[2024-11-02T17:41:12.792284-0600]     8.3125 MB /   0.50 sec =  139.4402 Mbps     0 retrans
[2024-11-02T17:41:13.292196-0600]    13.1250 MB /   0.50 sec =  220.2388 Mbps     0 retrans
[2024-11-02T17:41:13.792652-0600]     9.9375 MB /   0.50 sec =  166.6269 Mbps     0 retrans
[2024-11-02T17:41:14.293745-0600]     6.1250 MB /   0.50 sec =  102.5441 Mbps     0 retrans
[2024-11-02T17:41:14.792707-0600]     9.5000 MB /   0.50 sec =  159.8128 Mbps     0 retrans
[2024-11-02T17:41:15.292214-0600]    12.8750 MB /   0.50 sec =  216.0118 Mbps     0 retrans
[2024-11-02T17:41:15.792253-0600]    13.9375 MB /   0.50 sec =  233.8086 Mbps     0 retrans
[2024-11-02T17:41:16.292213-0600]    16.9375 MB /   0.50 sec =  284.1857 Mbps     0 retrans
[2024-11-02T17:41:16.792242-0600]    18.5000 MB /   0.50 sec =  310.3667 Mbps     0 retrans
[2024-11-02T17:41:17.292167-0600]    15.1875 MB /   0.50 sec =  254.8213 Mbps     0 retrans
[2024-11-02T17:41:17.792174-0600]    17.0625 MB /   0.50 sec =  286.2635 Mbps     0 retrans
[2024-11-02T17:41:18.292191-0600]    18.3125 MB /   0.50 sec =  307.2211 Mbps     0 retrans
[2024-11-02T17:41:18.792212-0600]    17.3750 MB /   0.50 sec =  291.5105 Mbps     0 retrans
[2024-11-02T17:41:19.292537-0600]    16.9375 MB /   0.50 sec =  284.1789 Mbps     0 retrans
[2024-11-02T17:41:19.792492-0600]    18.6875 MB /   0.50 sec =  313.5017 Mbps     0 retrans
[2024-11-02T17:41:20.292254-0600]    18.1875 MB /   0.50 sec =  305.1057 Mbps     0 retrans
[2024-11-02T17:41:20.792261-0600]    18.8750 MB /   0.50 sec =  316.6662 Mbps     0 retrans
[2024-11-02T17:41:21.292169-0600]    18.3750 MB /   0.50 sec =  308.3257 Mbps     0 retrans
[2024-11-02T17:41:21.792208-0600]    18.2500 MB /   0.50 sec =  306.1799 Mbps     0 retrans
[2024-11-02T17:41:22.292231-0600]    19.6875 MB /   0.50 sec =  330.2704 Mbps     0 retrans
[2024-11-02T17:41:22.792217-0600]    19.5000 MB /   0.50 sec =  327.1557 Mbps     0 retrans
[2024-11-02T17:41:23.292205-0600]    19.4375 MB /   0.50 sec =  326.1261 Mbps     0 retrans
[2024-11-02T17:41:23.792117-0600]    20.2500 MB /   0.50 sec =  339.7644 Mbps     0 retrans
[2024-11-02T17:41:24.292637-0600]    21.7500 MB /   0.50 sec =  364.5581 Mbps     0 retrans
[2024-11-02T17:41:24.792177-0600]    20.1875 MB /   0.50 sec =  339.0013 Mbps     0 retrans
[2024-11-02T17:41:25.292354-0600]    13.8750 MB /   0.50 sec =  232.7243 Mbps     0 retrans
[2024-11-02T17:41:25.792257-0600]    15.0625 MB /   0.50 sec =  252.7371 Mbps     0 retrans
[2024-11-02T17:41:26.292211-0600]    21.6250 MB /   0.50 sec =  362.8465 Mbps     0 retrans
[2024-11-02T17:41:26.792577-0600]    19.1875 MB /   0.50 sec =  321.9212 Mbps     0 retrans
[2024-11-02T17:41:27.292184-0600]    18.7500 MB /   0.50 sec =  314.5747 Mbps     0 retrans
[2024-11-02T17:41:27.793362-0600]    13.3125 MB /   0.50 sec =  222.8502 Mbps     0 retrans
[2024-11-02T17:41:28.292203-0600]    25.3125 MB /   0.50 sec =  425.5960 Mbps     0 retrans
[2024-11-02T17:41:28.792163-0600]    18.3125 MB /   0.50 sec =  307.2518 Mbps     0 retrans
[2024-11-02T17:41:29.292686-0600]    20.0000 MB /   0.50 sec =  335.5161 Mbps     0 retrans
[2024-11-02T17:41:29.792703-0600]    21.3125 MB /   0.50 sec =  357.2500 Mbps     0 retrans
[2024-11-02T17:41:30.292164-0600]    21.7500 MB /   0.50 sec =  365.2595 Mbps     0 retrans
[2024-11-02T17:41:30.792164-0600]    20.7500 MB /   0.50 sec =  348.1182 Mbps     0 retrans
[2024-11-02T17:41:31.293240-0600]    16.1250 MB /   0.50 sec =  269.9759 Mbps     0 retrans
[2024-11-02T17:41:31.792180-0600]    26.0625 MB /   0.50 sec =  438.1641 Mbps     0 retrans
[2024-11-02T17:41:32.292183-0600]    22.3125 MB /   0.50 sec =  374.3401 Mbps     0 retrans
[2024-11-02T17:41:32.792204-0600]    23.4375 MB /   0.50 sec =  393.2097 Mbps     0 retrans
[2024-11-02T17:41:33.292141-0600]    23.3750 MB /   0.50 sec =  392.1839 Mbps     0 retrans
[2024-11-02T17:41:33.792218-0600]    23.0000 MB /   0.50 sec =  385.8613 Mbps     0 retrans
[2024-11-02T17:41:34.292198-0600]    20.6250 MB /   0.50 sec =  346.0280 Mbps     0 retrans
[2024-11-02T17:41:34.792180-0600]    20.9375 MB /   0.50 sec =  351.2793 Mbps     0 retrans
[2024-11-02T17:41:35.292214-0600]    21.5000 MB /   0.50 sec =  360.6770 Mbps     0 retrans
[2024-11-02T17:41:35.793262-0600]     9.3125 MB /   0.50 sec =  155.9288 Mbps     0 retrans
[2024-11-02T17:41:36.292192-0600]     8.6875 MB /   0.50 sec =  146.0471 Mbps     0 retrans
[2024-11-02T17:41:36.792206-0600]    20.7500 MB /   0.50 sec =  348.1405 Mbps     0 retrans
[2024-11-02T17:41:37.292173-0600]    20.8125 MB /   0.50 sec =  349.1856 Mbps     0 retrans
[2024-11-02T17:41:37.792181-0600]    19.8750 MB /   0.50 sec =  333.4398 Mbps     0 retrans
[2024-11-02T17:41:38.292215-0600]    21.5000 MB /   0.50 sec =  360.7029 Mbps     0 retrans
[2024-11-02T17:41:38.792234-0600]    21.3750 MB /   0.50 sec =  358.6116 Mbps     0 retrans
[2024-11-02T17:41:39.292107-0600]    21.9375 MB /   0.50 sec =  368.0774 Mbps     0 retrans
[2024-11-02T17:41:39.792638-0600]    22.2500 MB /   0.50 sec =  372.9663 Mbps     0 retrans
[2024-11-02T17:41:40.292171-0600]    20.6875 MB /   0.50 sec =  347.3711 Mbps     0 retrans
[2024-11-02T17:41:40.792213-0600]    23.1875 MB /   0.50 sec =  388.9914 Mbps     0 retrans
[2024-11-02T17:41:41.292182-0600]    20.8750 MB /   0.50 sec =  350.2503 Mbps     0 retrans
[2024-11-02T17:41:41.792213-0600]    21.1250 MB /   0.50 sec =  354.4166 Mbps     0 retrans
[2024-11-02T17:41:42.292155-0600]    21.0625 MB /   0.50 sec =  353.3744 Mbps     0 retrans
[2024-11-02T17:41:42.792262-0600]    19.0000 MB /   0.50 sec =  318.7244 Mbps     0 retrans
[2024-11-02T17:41:43.292191-0600]    21.3125 MB /   0.50 sec =  357.6102 Mbps     0 retrans
[2024-11-02T17:41:43.792334-0600]    20.8125 MB /   0.50 sec =  349.1793 Mbps     0 retrans
[2024-11-02T17:41:44.292193-0600]    20.3125 MB /   0.50 sec =  340.7804 Mbps     0 retrans
[2024-11-02T17:41:44.792608-0600]    15.6875 MB /   0.50 sec =  263.1278 Mbps     0 retrans
[2024-11-02T17:41:45.292194-0600]    21.1875 MB /   0.50 sec =  355.5405 Mbps     0 retrans
[2024-11-02T17:41:45.792175-0600]    19.8125 MB /   0.50 sec =  332.4159 Mbps     0 retrans
[2024-11-02T17:41:46.292326-0600]     6.0625 MB /   0.50 sec =  101.7113 Mbps     0 retrans
[2024-11-02T17:41:46.792291-0600]     5.4375 MB /   0.50 sec =   91.2051 Mbps     0 retrans
[2024-11-02T17:41:47.292274-0600]    12.1875 MB /   0.50 sec =  204.4875 Mbps     0 retrans
[2024-11-02T17:41:47.792257-0600]    12.8125 MB /   0.50 sec =  214.9680 Mbps     0 retrans
[2024-11-02T17:41:48.292190-0600]    12.5000 MB /   0.50 sec =  209.7383 Mbps     0 retrans
[2024-11-02T17:41:48.792203-0600]    12.5625 MB /   0.50 sec =  210.7659 Mbps     0 retrans
[2024-11-02T17:41:49.293046-0600]    14.6250 MB /   0.50 sec =  245.1574 Mbps     0 retrans
[2024-11-02T17:41:49.792699-0600]    16.3125 MB /   0.50 sec =  273.6460 Mbps     0 retrans
[2024-11-02T17:41:50.292179-0600]    20.7500 MB /   0.50 sec =  348.4638 Mbps     0 retrans
[2024-11-02T17:41:50.792175-0600]    21.0000 MB /   0.50 sec =  352.3251 Mbps     0 retrans
[2024-11-02T17:41:51.292205-0600]    21.8750 MB /   0.50 sec =  366.9840 Mbps     0 retrans
[2024-11-02T17:41:51.792229-0600]    22.0000 MB /   0.50 sec =  369.0892 Mbps     0 retrans
[2024-11-02T17:41:52.292153-0600]    21.2500 MB /   0.50 sec =  356.5437 Mbps     0 retrans
[2024-11-02T17:41:52.792161-0600]    23.1250 MB /   0.50 sec =  387.9747 Mbps     0 retrans
[2024-11-02T17:41:53.292160-0600]    23.9375 MB /   0.50 sec =  401.6006 Mbps     0 retrans
[2024-11-02T17:41:53.792177-0600]    26.1250 MB /   0.50 sec =  438.3048 Mbps     0 retrans
[2024-11-02T17:41:54.292155-0600]    26.3125 MB /   0.50 sec =  441.4514 Mbps     0 retrans
[2024-11-02T17:41:54.792515-0600]    23.5625 MB /   0.50 sec =  395.2981 Mbps     0 retrans
[2024-11-02T17:41:55.292614-0600]    20.0000 MB /   0.50 sec =  335.2580 Mbps     0 retrans
[2024-11-02T17:41:55.792207-0600]    23.5000 MB /   0.50 sec =  394.6095 Mbps     0 retrans
[2024-11-02T17:41:56.292253-0600]    23.6875 MB /   0.50 sec =  397.3626 Mbps     0 retrans
[2024-11-02T17:41:56.792153-0600]    25.1250 MB /   0.50 sec =  421.5891 Mbps     0 retrans
[2024-11-02T17:41:57.292539-0600]    24.6875 MB /   0.50 sec =  414.1320 Mbps     0 retrans
[2024-11-02T17:41:57.792186-0600]    23.7500 MB /   0.50 sec =  398.5075 Mbps     0 retrans
[2024-11-02T17:41:58.292646-0600]    17.5000 MB /   0.50 sec =  293.3689 Mbps     0 retrans
[2024-11-02T17:41:58.792705-0600]    10.8750 MB /   0.50 sec =  182.4205 Mbps     0 retrans
[2024-11-02T17:41:59.292236-0600]    21.8125 MB /   0.50 sec =  366.3289 Mbps     0 retrans
[2024-11-02T17:41:59.792178-0600]    21.0000 MB /   0.50 sec =  352.3018 Mbps     0 retrans
[2024-11-02T17:42:00.292202-0600]    21.6250 MB /   0.50 sec =  362.8022 Mbps     0 retrans
[2024-11-02T17:42:00.792176-0600]    20.5625 MB /   0.50 sec =  344.9850 Mbps     0 retrans
[2024-11-02T17:42:01.292158-0600]    20.9375 MB /   0.50 sec =  351.2758 Mbps     0 retrans
[2024-11-02T17:42:01.792192-0600]    20.6250 MB /   0.50 sec =  346.0252 Mbps     0 retrans
[2024-11-02T17:42:02.292179-0600]    22.7500 MB /   0.50 sec =  381.6786 Mbps     0 retrans
[2024-11-02T17:42:02.792170-0600]    22.5625 MB /   0.50 sec =  378.5405 Mbps     0 retrans
[2024-11-02T17:42:03.292684-0600]    22.6875 MB /   0.50 sec =  380.6285 Mbps     0 retrans
End time: 1730590923501
