Start time: 1730500226727
[2024-11-01T15:30:27.671029-0700] nuttcp-r: v8.1.4: socket
[2024-11-01T15:30:27.671689-0700] nuttcp-r: buflen=65536, nstream=1, port=5110 tcp
[2024-11-01T15:30:27.671732-0700] nuttcp-r: interval reporting every 0.50 seconds
[2024-11-01T15:30:27.671760-0700] nuttcp-r: connect to 54.176.53.206 with RTT=43.679 ms af=inet
[2024-11-01T15:30:27.671789-0700] nuttcp-r: send window size = 2097152, receive window size = 6291456
[2024-11-01T15:30:27.671816-0700] nuttcp-r: available send window = 1572864, available receive window = 4718592
[2024-11-01T15:30:27.671842-0700]     1.2500 MB /   0.50 sec =   20.9695 Mbps     0 retrans
[2024-11-01T15:30:28.170845-0700]    21.6250 MB /   0.50 sec =  362.8233 Mbps     0 retrans
[2024-11-01T15:30:28.671148-0700]    25.0625 MB /   0.50 sec =  420.4462 Mbps     0 retrans
[2024-11-01T15:30:29.171355-0700]    28.8750 MB /   0.50 sec =  484.4605 Mbps     0 retrans
[2024-11-01T15:30:29.671392-0700]    26.7500 MB /   0.50 sec =  448.7914 Mbps     0 retrans
[2024-11-01T15:30:30.170917-0700]    30.5000 MB /   0.50 sec =  511.7071 Mbps     0 retrans
[2024-11-01T15:30:30.670912-0700]    32.8125 MB /   0.50 sec =  550.4881 Mbps     0 retrans
[2024-11-01T15:30:31.171890-0700]    32.7500 MB /   0.50 sec =  548.4162 Mbps     0 retrans
[2024-11-01T15:30:31.670910-0700]    45.0000 MB /   0.50 sec =  756.4119 Mbps     0 retrans
[2024-11-01T15:30:32.170928-0700]    41.6250 MB /   0.50 sec =  698.3446 Mbps     0 retrans
[2024-11-01T15:30:32.671311-0700]    47.8750 MB /   0.50 sec =  802.8303 Mbps     0 retrans
[2024-11-01T15:30:33.171434-0700]    50.0625 MB /   0.50 sec =  839.4779 Mbps     0 retrans
[2024-11-01T15:30:33.670911-0700]    49.6875 MB /   0.50 sec =  834.4457 Mbps     0 retrans
[2024-11-01T15:30:34.170943-0700]    46.6250 MB /   0.50 sec =  782.2330 Mbps     0 retrans
[2024-11-01T15:30:34.670910-0700]    42.6250 MB /   0.50 sec =  715.1317 Mbps     0 retrans
[2024-11-01T15:30:35.171949-0700]    43.2500 MB /   0.50 sec =  724.1634 Mbps     0 retrans
[2024-11-01T15:30:35.670873-0700]    48.2500 MB /   0.50 sec =  811.1489 Mbps     0 retrans
[2024-11-01T15:30:36.171373-0700]    43.1875 MB /   0.50 sec =  724.5385 Mbps     0 retrans
[2024-11-01T15:30:36.671104-0700]    45.9375 MB /   0.50 sec =  770.7064 Mbps     0 retrans
[2024-11-01T15:30:37.171228-0700]    43.2500 MB /   0.50 sec =  725.5899 Mbps     0 retrans
[2024-11-01T15:30:37.671460-0700]    43.1250 MB /   0.50 sec =  723.1082 Mbps     0 retrans
[2024-11-01T15:30:38.171686-0700]    38.3125 MB /   0.50 sec =  642.6100 Mbps     0 retrans
[2024-11-01T15:30:38.670970-0700]    42.1250 MB /   0.50 sec =  707.3358 Mbps     0 retrans
[2024-11-01T15:30:39.170943-0700]    45.2500 MB /   0.50 sec =  759.1538 Mbps     0 retrans
[2024-11-01T15:30:39.671028-0700]    52.1875 MB /   0.50 sec =  875.6188 Mbps     0 retrans
[2024-11-01T15:30:40.170930-0700]    60.0625 MB /   0.50 sec = 1007.6634 Mbps     0 retrans
[2024-11-01T15:30:40.670923-0700]    56.2500 MB /   0.50 sec =  943.7090 Mbps     0 retrans
[2024-11-01T15:30:41.170904-0700]    46.1875 MB /   0.50 sec =  774.9147 Mbps     0 retrans
[2024-11-01T15:30:41.670932-0700]    20.1250 MB /   0.50 sec =  337.6394 Mbps     0 retrans
[2024-11-01T15:30:42.171054-0700]    25.6250 MB /   0.50 sec =  429.7967 Mbps     0 retrans
[2024-11-01T15:30:42.671005-0700]    36.6875 MB /   0.50 sec =  615.7148 Mbps     0 retrans
[2024-11-01T15:30:43.171363-0700]    27.1875 MB /   0.50 sec =  455.7259 Mbps     0 retrans
[2024-11-01T15:30:43.671048-0700]    14.8125 MB /   0.50 sec =  248.6572 Mbps     0 retrans
[2024-11-01T15:30:44.170937-0700]    32.4375 MB /   0.50 sec =  544.3427 Mbps     0 retrans
[2024-11-01T15:30:44.671221-0700]    19.5000 MB /   0.50 sec =  327.1420 Mbps     0 retrans
[2024-11-01T15:30:45.171392-0700]    18.5000 MB /   0.50 sec =  310.1118 Mbps     0 retrans
[2024-11-01T15:30:45.672104-0700]    11.5000 MB /   0.50 sec =  192.6786 Mbps     0 retrans
[2024-11-01T15:30:46.171067-0700]    14.5000 MB /   0.50 sec =  243.7518 Mbps     0 retrans
[2024-11-01T15:30:46.670936-0700]    16.0000 MB /   0.50 sec =  268.4977 Mbps     0 retrans
[2024-11-01T15:30:47.171933-0700]    10.7500 MB /   0.50 sec =  180.0073 Mbps     0 retrans
[2024-11-01T15:30:47.671828-0700]    11.7500 MB /   0.50 sec =  197.2341 Mbps     0 retrans
[2024-11-01T15:30:48.171049-0700]    13.6875 MB /   0.50 sec =  229.8883 Mbps     0 retrans
[2024-11-01T15:30:48.671018-0700]    17.0625 MB /   0.50 sec =  286.3861 Mbps     0 retrans
[2024-11-01T15:30:49.170917-0700]    16.6250 MB /   0.50 sec =  278.9062 Mbps     0 retrans
[2024-11-01T15:30:49.670923-0700]    20.0000 MB /   0.50 sec =  335.5416 Mbps     0 retrans
[2024-11-01T15:30:50.171200-0700]    17.5625 MB /   0.50 sec =  294.5491 Mbps     0 retrans
[2024-11-01T15:30:50.671440-0700]    19.5000 MB /   0.50 sec =  327.0184 Mbps     0 retrans
[2024-11-01T15:30:51.170967-0700]    18.7500 MB /   0.50 sec =  314.8102 Mbps     0 retrans
[2024-11-01T15:30:51.670997-0700]    20.2500 MB /   0.50 sec =  339.6958 Mbps     0 retrans
[2024-11-01T15:30:52.170989-0700]     5.6250 MB /   0.50 sec =   94.3824 Mbps     0 retrans
[2024-11-01T15:30:52.670938-0700]    16.5625 MB /   0.50 sec =  277.8771 Mbps     0 retrans
[2024-11-01T15:30:53.170856-0700]    17.3750 MB /   0.50 sec =  291.5245 Mbps     0 retrans
[2024-11-01T15:30:53.670883-0700]    17.1875 MB /   0.50 sec =  288.3457 Mbps     0 retrans
[2024-11-01T15:30:54.170988-0700]    19.0000 MB /   0.50 sec =  318.7371 Mbps     0 retrans
[2024-11-01T15:30:54.670938-0700]    18.8750 MB /   0.50 sec =  316.6940 Mbps     0 retrans
[2024-11-01T15:30:55.170960-0700]    17.0625 MB /   0.50 sec =  286.2475 Mbps     0 retrans
[2024-11-01T15:30:55.670884-0700]    17.6250 MB /   0.50 sec =  295.7156 Mbps     0 retrans
[2024-11-01T15:30:56.171089-0700]    11.5625 MB /   0.50 sec =  193.9264 Mbps     0 retrans
[2024-11-01T15:30:56.672151-0700]    15.6875 MB /   0.50 sec =  262.8766 Mbps     0 retrans
[2024-11-01T15:30:57.171290-0700]     8.8750 MB /   0.50 sec =  149.0689 Mbps     0 retrans
[2024-11-01T15:30:57.671946-0700]    13.7500 MB /   0.50 sec =  230.3012 Mbps     0 retrans
[2024-11-01T15:30:58.172091-0700]     8.1250 MB /   0.50 sec =  136.2893 Mbps     0 retrans
[2024-11-01T15:30:58.670934-0700]    13.6875 MB /   0.50 sec =  230.1500 Mbps     0 retrans
[2024-11-01T15:30:59.170934-0700]    11.9375 MB /   0.50 sec =  200.2668 Mbps     0 retrans
[2024-11-01T15:30:59.670930-0700]     9.5625 MB /   0.50 sec =  160.4402 Mbps     0 retrans
[2024-11-01T15:31:00.170954-0700]    11.3125 MB /   0.50 sec =  189.7877 Mbps     0 retrans
[2024-11-01T15:31:00.670964-0700]    13.9375 MB /   0.50 sec =  233.8362 Mbps     0 retrans
[2024-11-01T15:31:01.170981-0700]    14.7500 MB /   0.50 sec =  247.4827 Mbps     0 retrans
[2024-11-01T15:31:01.670943-0700]    18.3750 MB /   0.50 sec =  308.2511 Mbps     0 retrans
[2024-11-01T15:31:02.170976-0700]    19.0625 MB /   0.50 sec =  319.7799 Mbps     0 retrans
[2024-11-01T15:31:02.670912-0700]     9.6250 MB /   0.50 sec =  161.5059 Mbps     0 retrans
[2024-11-01T15:31:03.170901-0700]    23.0625 MB /   0.50 sec =  386.9238 Mbps     0 retrans
[2024-11-01T15:31:03.670887-0700]    20.5000 MB /   0.50 sec =  343.9316 Mbps     0 retrans
[2024-11-01T15:31:04.171038-0700]    24.2500 MB /   0.50 sec =  406.7653 Mbps     0 retrans
[2024-11-01T15:31:04.671064-0700]    25.6250 MB /   0.50 sec =  430.0314 Mbps     0 retrans
[2024-11-01T15:31:05.170888-0700]    26.4375 MB /   0.50 sec =  443.5219 Mbps     0 retrans
[2024-11-01T15:31:05.670916-0700]    27.0000 MB /   0.50 sec =  452.9767 Mbps     0 retrans
[2024-11-01T15:31:06.170956-0700]    25.8750 MB /   0.50 sec =  434.1035 Mbps     0 retrans
[2024-11-01T15:31:06.670873-0700]    25.0625 MB /   0.50 sec =  420.4916 Mbps     0 retrans
[2024-11-01T15:31:07.172266-0700]    18.7500 MB /   0.50 sec =  313.7595 Mbps     0 retrans
[2024-11-01T15:31:07.670923-0700]    24.2500 MB /   0.50 sec =  407.8770 Mbps     0 retrans
[2024-11-01T15:31:08.171996-0700]    15.5625 MB /   0.50 sec =  260.5691 Mbps     0 retrans
[2024-11-01T15:31:08.670936-0700]    24.5625 MB /   0.50 sec =  412.9427 Mbps     0 retrans
[2024-11-01T15:31:09.170916-0700]    21.0625 MB /   0.50 sec =  353.3687 Mbps     0 retrans
[2024-11-01T15:31:09.670977-0700]    22.6250 MB /   0.50 sec =  379.5830 Mbps     0 retrans
[2024-11-01T15:31:10.171201-0700]    23.8750 MB /   0.50 sec =  400.4399 Mbps     0 retrans
[2024-11-01T15:31:10.671381-0700]    23.7500 MB /   0.50 sec =  398.2176 Mbps     0 retrans
[2024-11-01T15:31:11.172010-0700]    20.6875 MB /   0.50 sec =  346.6585 Mbps     0 retrans
[2024-11-01T15:31:11.672059-0700]    11.3125 MB /   0.50 sec =  189.7824 Mbps     0 retrans
[2024-11-01T15:31:12.171232-0700]    17.0625 MB /   0.50 sec =  286.7596 Mbps     0 retrans
[2024-11-01T15:31:12.672277-0700]    13.1250 MB /   0.50 sec =  219.7158 Mbps     0 retrans
[2024-11-01T15:31:13.171145-0700]    10.9375 MB /   0.50 sec =  183.9736 Mbps     0 retrans
[2024-11-01T15:31:13.670928-0700]    16.6250 MB /   0.50 sec =  278.9413 Mbps     0 retrans
[2024-11-01T15:31:14.170961-0700]    16.8125 MB /   0.50 sec =  282.0551 Mbps     0 retrans
[2024-11-01T15:31:14.671066-0700]    15.0000 MB /   0.50 sec =  251.6618 Mbps     0 retrans
[2024-11-01T15:31:15.170915-0700]    14.0625 MB /   0.50 sec =  235.9353 Mbps     0 retrans
[2024-11-01T15:31:15.671284-0700]    11.6250 MB /   0.50 sec =  194.9427 Mbps     0 retrans
[2024-11-01T15:31:16.171923-0700]    12.5000 MB /   0.50 sec =  209.4074 Mbps     0 retrans
[2024-11-01T15:31:16.671006-0700]    12.3125 MB /   0.50 sec =  206.9362 Mbps     0 retrans
[2024-11-01T15:31:17.172079-0700]     8.9375 MB /   0.50 sec =  149.6405 Mbps     0 retrans
[2024-11-01T15:31:17.670951-0700]    14.0000 MB /   0.50 sec =  235.4069 Mbps     0 retrans
[2024-11-01T15:31:18.170911-0700]    10.8125 MB /   0.50 sec =  181.4022 Mbps     0 retrans
[2024-11-01T15:31:18.670888-0700]    10.5625 MB /   0.50 sec =  177.2179 Mbps     0 retrans
[2024-11-01T15:31:19.170911-0700]    10.7500 MB /   0.50 sec =  180.3450 Mbps     0 retrans
[2024-11-01T15:31:19.671144-0700]    11.5000 MB /   0.50 sec =  192.9133 Mbps     0 retrans
[2024-11-01T15:31:20.170969-0700]    11.3125 MB /   0.50 sec =  189.8067 Mbps     0 retrans
[2024-11-01T15:31:20.670894-0700]    11.3125 MB /   0.50 sec =  189.8071 Mbps     0 retrans
[2024-11-01T15:31:21.171024-0700]    13.2500 MB /   0.50 sec =  222.3061 Mbps     0 retrans
[2024-11-01T15:31:21.670955-0700]    12.6875 MB /   0.50 sec =  212.8477 Mbps     0 retrans
[2024-11-01T15:31:22.170927-0700]    10.0000 MB /   0.50 sec =  167.7671 Mbps     0 retrans
[2024-11-01T15:31:22.670949-0700]    14.8750 MB /   0.50 sec =  249.5661 Mbps     0 retrans
[2024-11-01T15:31:23.170905-0700]     5.7500 MB /   0.50 sec =   96.4703 Mbps     0 retrans
[2024-11-01T15:31:23.671559-0700]    14.8125 MB /   0.50 sec =  248.2940 Mbps     0 retrans
[2024-11-01T15:31:24.170951-0700]    13.8750 MB /   0.50 sec =  232.9838 Mbps     0 retrans
[2024-11-01T15:31:24.671008-0700]    16.5625 MB /   0.50 sec =  277.8776 Mbps     0 retrans
[2024-11-01T15:31:25.170949-0700]    17.5625 MB /   0.50 sec =  294.6446 Mbps     0 retrans
[2024-11-01T15:31:25.670954-0700]    19.2500 MB /   0.50 sec =  322.9556 Mbps     0 retrans
[2024-11-01T15:31:26.170930-0700]    20.7500 MB /   0.50 sec =  348.1426 Mbps     0 retrans
[2024-11-01T15:31:26.670990-0700]    19.6875 MB /   0.50 sec =  330.3246 Mbps     0 retrans
[2024-11-01T15:31:27.172087-0700]    16.8750 MB /   0.50 sec =  282.4658 Mbps     0 retrans
[2024-11-01T15:31:27.670976-0700]    20.8750 MB /   0.50 sec =  350.9614 Mbps     0 retrans
[2024-11-01T15:31:28.170938-0700]    18.5625 MB /   0.50 sec =  311.4601 Mbps     0 retrans
[2024-11-01T15:31:28.670895-0700]    19.3750 MB /   0.50 sec =  325.0748 Mbps     0 retrans
[2024-11-01T15:31:29.170898-0700]    14.6875 MB /   0.50 sec =  246.4173 Mbps     0 retrans
[2024-11-01T15:31:29.671467-0700]     7.6250 MB /   0.50 sec =  127.8020 Mbps     0 retrans
[2024-11-01T15:31:30.172784-0700]     4.5000 MB /   0.50 sec =   75.3528 Mbps     0 retrans
[2024-11-01T15:31:30.670928-0700]     0.0000 MB /   0.50 sec =    0.0000 Mbps     0 retrans
[2024-11-01T15:31:31.170913-0700]     3.6875 MB /   0.50 sec =   61.8649 Mbps     0 retrans
[2024-11-01T15:31:31.670828-0700]     2.3125 MB /   0.50 sec =   38.7983 Mbps     0 retrans
[2024-11-01T15:31:32.170967-0700]     6.7500 MB /   0.50 sec =  113.2315 Mbps     0 retrans
[2024-11-01T15:31:32.670988-0700]     3.1875 MB /   0.50 sec =   53.4775 Mbps     0 retrans
[2024-11-01T15:31:33.171027-0700]     7.0625 MB /   0.50 sec =  118.4919 Mbps     0 retrans
[2024-11-01T15:31:33.670857-0700]     1.2500 MB /   0.50 sec =   20.9731 Mbps     0 retrans
[2024-11-01T15:31:34.170952-0700]     4.9375 MB /   0.50 sec =   82.8317 Mbps     0 retrans
[2024-11-01T15:31:34.670979-0700]     3.7500 MB /   0.50 sec =   62.9117 Mbps     0 retrans
[2024-11-01T15:31:35.171765-0700]     4.4375 MB /   0.50 sec =   74.3346 Mbps     0 retrans
[2024-11-01T15:31:35.671427-0700]     8.1875 MB /   0.50 sec =  137.4536 Mbps     0 retrans
[2024-11-01T15:31:36.171110-0700]     2.7500 MB /   0.50 sec =   46.1659 Mbps     0 retrans
[2024-11-01T15:31:36.671795-0700]     0.0000 MB /   0.50 sec =    0.0000 Mbps     0 retrans
[2024-11-01T15:31:37.171329-0700]     9.0000 MB /   0.50 sec =  151.1010 Mbps     0 retrans
[2024-11-01T15:31:37.671502-0700]     0.0000 MB /   0.50 sec =    0.0000 Mbps     0 retrans
[2024-11-01T15:31:38.171100-0700]     8.5000 MB /   0.50 sec =  142.6120 Mbps     0 retrans
[2024-11-01T15:31:38.671435-0700]     7.5625 MB /   0.50 sec =  126.8678 Mbps     0 retrans
[2024-11-01T15:31:39.171055-0700]     5.8125 MB /   0.50 sec =   97.5349 Mbps     0 retrans
[2024-11-01T15:31:39.671370-0700]     9.8750 MB /   0.50 sec =  165.6641 Mbps     0 retrans
[2024-11-01T15:31:40.171506-0700]     7.1250 MB /   0.50 sec =  119.5023 Mbps     0 retrans
[2024-11-01T15:31:40.670953-0700]    13.0000 MB /   0.50 sec =  218.1496 Mbps     0 retrans
[2024-11-01T15:31:41.172315-0700]     9.1875 MB /   0.50 sec =  153.8023 Mbps     0 retrans
[2024-11-01T15:31:41.671697-0700]     8.6875 MB /   0.50 sec =  145.8781 Mbps     0 retrans
[2024-11-01T15:31:42.170969-0700]    10.1875 MB /   0.50 sec =  171.1445 Mbps     0 retrans
[2024-11-01T15:31:42.670944-0700]    10.9375 MB /   0.50 sec =  183.5192 Mbps     0 retrans
[2024-11-01T15:31:43.170916-0700]    11.3125 MB /   0.50 sec =  189.7964 Mbps     0 retrans
[2024-11-01T15:31:43.670989-0700]    11.1250 MB /   0.50 sec =  186.6208 Mbps     0 retrans
[2024-11-01T15:31:44.171551-0700]    10.0625 MB /   0.50 sec =  168.7158 Mbps     0 retrans
[2024-11-01T15:31:44.672173-0700]    10.9375 MB /   0.50 sec =  183.1854 Mbps     0 retrans
[2024-11-01T15:31:45.171128-0700]     7.6250 MB /   0.50 sec =  128.1999 Mbps     0 retrans
[2024-11-01T15:31:45.670952-0700]     8.9375 MB /   0.50 sec =  149.9863 Mbps     0 retrans
[2024-11-01T15:31:46.170990-0700]    10.3125 MB /   0.50 sec =  172.9970 Mbps     0 retrans
[2024-11-01T15:31:46.670983-0700]    12.7500 MB /   0.50 sec =  213.9236 Mbps     0 retrans
[2024-11-01T15:31:47.170941-0700]    11.6875 MB /   0.50 sec =  196.0978 Mbps     0 retrans
[2024-11-01T15:31:47.671005-0700]    11.8750 MB /   0.50 sec =  199.2071 Mbps     0 retrans
[2024-11-01T15:31:48.170957-0700]    12.1250 MB /   0.50 sec =  203.4482 Mbps     0 retrans
[2024-11-01T15:31:48.670891-0700]    11.5625 MB /   0.50 sec =  193.9951 Mbps     0 retrans
[2024-11-01T15:31:49.171168-0700]    12.4375 MB /   0.50 sec =  208.6357 Mbps     0 retrans
[2024-11-01T15:31:49.671129-0700]    11.5625 MB /   0.50 sec =  193.9625 Mbps     0 retrans
[2024-11-01T15:31:50.171268-0700]    10.9375 MB /   0.50 sec =  183.4168 Mbps     0 retrans
[2024-11-01T15:31:50.670953-0700]    10.7500 MB /   0.50 sec =  180.4807 Mbps     0 retrans
[2024-11-01T15:31:51.171010-0700]     9.7500 MB /   0.50 sec =  163.5553 Mbps     0 retrans
[2024-11-01T15:31:51.670938-0700]    12.6875 MB /   0.50 sec =  212.8767 Mbps     0 retrans
[2024-11-01T15:31:52.170943-0700]    11.7500 MB /   0.50 sec =  197.1457 Mbps     0 retrans
[2024-11-01T15:31:52.670917-0700]    10.9375 MB /   0.50 sec =  183.5048 Mbps     0 retrans
[2024-11-01T15:31:53.170958-0700]    11.6250 MB /   0.50 sec =  195.0149 Mbps     0 retrans
[2024-11-01T15:31:53.672599-0700]     3.3125 MB /   0.50 sec =   55.4597 Mbps     0 retrans
[2024-11-01T15:31:54.172095-0700]     8.1875 MB /   0.50 sec =  137.3563 Mbps     0 retrans
[2024-11-01T15:31:54.670928-0700]    10.8750 MB /   0.50 sec =  182.8593 Mbps     0 retrans
[2024-11-01T15:31:55.171003-0700]     9.7500 MB /   0.50 sec =  163.5867 Mbps     0 retrans
[2024-11-01T15:31:55.671488-0700]    10.7500 MB /   0.50 sec =  180.3197 Mbps     0 retrans
[2024-11-01T15:31:56.170912-0700]     3.5000 MB /   0.50 sec =   58.7246 Mbps     0 retrans
[2024-11-01T15:31:56.671008-0700]    10.5625 MB /   0.50 sec =  177.1945 Mbps     0 retrans
[2024-11-01T15:31:57.170902-0700]    10.5000 MB /   0.50 sec =  176.1872 Mbps     0 retrans
[2024-11-01T15:31:57.670948-0700]     9.2500 MB /   0.50 sec =  155.1843 Mbps     0 retrans
[2024-11-01T15:31:58.170943-0700]    11.3750 MB /   0.50 sec =  190.8454 Mbps     0 retrans
[2024-11-01T15:31:58.671048-0700]    10.3750 MB /   0.50 sec =  174.0629 Mbps     0 retrans
[2024-11-01T15:31:59.170895-0700]     9.9375 MB /   0.50 sec =  166.7253 Mbps     0 retrans
[2024-11-01T15:31:59.671118-0700]     7.6875 MB /   0.50 sec =  128.9346 Mbps     0 retrans
[2024-11-01T15:32:00.170980-0700]    10.6875 MB /   0.50 sec =  179.3345 Mbps     0 retrans
[2024-11-01T15:32:00.670996-0700]    12.7500 MB /   0.50 sec =  213.9134 Mbps     0 retrans
[2024-11-01T15:32:01.171299-0700]    14.0000 MB /   0.50 sec =  234.8049 Mbps     0 retrans
[2024-11-01T15:32:01.671508-0700]    15.2500 MB /   0.50 sec =  255.8249 Mbps     0 retrans
[2024-11-01T15:32:02.170987-0700]    15.0000 MB /   0.50 sec =  251.7987 Mbps     0 retrans
[2024-11-01T15:32:02.670921-0700]    15.2500 MB /   0.50 sec =  255.8485 Mbps     0 retrans
[2024-11-01T15:32:03.172075-0700]    12.1875 MB /   0.50 sec =  204.0239 Mbps     0 retrans
[2024-11-01T15:32:03.671031-0700]    14.3750 MB /   0.50 sec =  241.6703 Mbps     0 retrans
[2024-11-01T15:32:04.170895-0700]    13.9375 MB /   0.50 sec =  233.8736 Mbps     0 retrans
[2024-11-01T15:32:04.670975-0700]    17.5625 MB /   0.50 sec =  294.6116 Mbps     0 retrans
[2024-11-01T15:32:05.170956-0700]    15.3125 MB /   0.50 sec =  256.9119 Mbps     0 retrans
[2024-11-01T15:32:05.670917-0700]    18.1875 MB /   0.50 sec =  305.1576 Mbps     0 retrans
[2024-11-01T15:32:06.171021-0700]    11.7500 MB /   0.50 sec =  197.1043 Mbps     0 retrans
[2024-11-01T15:32:06.670939-0700]    12.0625 MB /   0.50 sec =  202.3986 Mbps     0 retrans
[2024-11-01T15:32:07.170974-0700]    15.1250 MB /   0.50 sec =  253.7300 Mbps     0 retrans
[2024-11-01T15:32:07.671842-0700]    10.1250 MB /   0.50 sec =  169.6945 Mbps     0 retrans
[2024-11-01T15:32:08.171025-0700]    17.9375 MB /   0.50 sec =  301.2866 Mbps     0 retrans
[2024-11-01T15:32:08.672425-0700]    11.0000 MB /   0.50 sec =  184.0212 Mbps     0 retrans
[2024-11-01T15:32:09.171506-0700]    13.3125 MB /   0.50 sec =  223.9680 Mbps     0 retrans
[2024-11-01T15:32:09.671360-0700]     7.9375 MB /   0.50 sec =  133.1726 Mbps     0 retrans
[2024-11-01T15:32:10.171003-0700]    11.3750 MB /   0.50 sec =  190.8473 Mbps     0 retrans
[2024-11-01T15:32:10.670909-0700]    13.4375 MB /   0.50 sec =  225.4569 Mbps     0 retrans
[2024-11-01T15:32:11.170900-0700]    15.1250 MB /   0.50 sec =  253.7513 Mbps     0 retrans
[2024-11-01T15:32:11.671027-0700]    13.7500 MB /   0.50 sec =  230.7029 Mbps     0 retrans
[2024-11-01T15:32:12.170911-0700]    17.0000 MB /   0.50 sec =  285.1978 Mbps     0 retrans
[2024-11-01T15:32:12.670892-0700]    19.2500 MB /   0.50 sec =  322.9627 Mbps     0 retrans
[2024-11-01T15:32:13.170985-0700]    19.2500 MB /   0.50 sec =  322.9446 Mbps     0 retrans
[2024-11-01T15:32:13.671064-0700]    17.2500 MB /   0.50 sec =  289.4301 Mbps     0 retrans
[2024-11-01T15:32:14.171345-0700]    18.5625 MB /   0.50 sec =  311.1464 Mbps     0 retrans
[2024-11-01T15:32:14.670934-0700]    24.0000 MB /   0.50 sec =  402.9796 Mbps     0 retrans
[2024-11-01T15:32:15.170998-0700]    10.7500 MB /   0.50 sec =  180.3486 Mbps     0 retrans
[2024-11-01T15:32:15.670938-0700]    16.6250 MB /   0.50 sec =  278.9374 Mbps     0 retrans
[2024-11-01T15:32:16.171147-0700]    10.8750 MB /   0.50 sec =  182.3920 Mbps     0 retrans
[2024-11-01T15:32:16.670936-0700]     9.8125 MB /   0.50 sec =  164.6765 Mbps     0 retrans
[2024-11-01T15:32:17.170967-0700]    14.3750 MB /   0.50 sec =  241.1754 Mbps     0 retrans
[2024-11-01T15:32:17.671079-0700]    13.6250 MB /   0.50 sec =  228.5973 Mbps     0 retrans
[2024-11-01T15:32:18.170911-0700]    15.1875 MB /   0.50 sec =  254.8045 Mbps     0 retrans
[2024-11-01T15:32:18.672053-0700]    11.5000 MB /   0.50 sec =  192.5221 Mbps     0 retrans
[2024-11-01T15:32:19.170941-0700]    16.5000 MB /   0.50 sec =  277.4144 Mbps     0 retrans
[2024-11-01T15:32:19.672349-0700]     8.5625 MB /   0.50 sec =  143.2598 Mbps     0 retrans
[2024-11-01T15:32:20.170915-0700]    16.9375 MB /   0.50 sec =  284.9580 Mbps     0 retrans
[2024-11-01T15:32:20.670935-0700]    15.0000 MB /   0.50 sec =  251.6562 Mbps     0 retrans
[2024-11-01T15:32:21.170923-0700]    16.2500 MB /   0.50 sec =  272.6330 Mbps     0 retrans
[2024-11-01T15:32:21.670935-0700]    12.0000 MB /   0.50 sec =  201.3270 Mbps     0 retrans
[2024-11-01T15:32:22.170938-0700]    14.3750 MB /   0.50 sec =  241.1715 Mbps     0 retrans
[2024-11-01T15:32:22.671057-0700]    16.1250 MB /   0.50 sec =  270.5288 Mbps     0 retrans
[2024-11-01T15:32:23.171144-0700]    15.8750 MB /   0.50 sec =  266.3351 Mbps     0 retrans
[2024-11-01T15:32:23.672555-0700]     9.1250 MB /   0.50 sec =  152.7615 Mbps     0 retrans
[2024-11-01T15:32:24.170934-0700]    19.8125 MB /   0.50 sec =  333.1281 Mbps     0 retrans
[2024-11-01T15:32:24.671032-0700]    14.3750 MB /   0.50 sec =  241.1850 Mbps     0 retrans
[2024-11-01T15:32:25.171348-0700]    18.3125 MB /   0.50 sec =  306.9583 Mbps     0 retrans
[2024-11-01T15:32:25.670940-0700]    18.6250 MB /   0.50 sec =  312.7365 Mbps     0 retrans
[2024-11-01T15:32:26.170945-0700]    17.8125 MB /   0.50 sec =  298.8370 Mbps     0 retrans
[2024-11-01T15:32:26.671057-0700]    16.1875 MB /   0.50 sec =  271.5149 Mbps     0 retrans
[2024-11-01T15:32:27.171135-0700]     7.9375 MB /   0.50 sec =  133.2030 Mbps     0 retrans
[2024-11-01T15:32:27.671050-0700]    11.8750 MB /   0.50 sec =  199.1820 Mbps     0 retrans
End time: 1730500347860
