Start time: 1730681546969
[2024-11-03T17:52:27.788341-0700] nuttcp-r: v8.1.4: socket
[2024-11-03T17:52:27.789178-0700] nuttcp-r: buflen=65536, nstream=1, port=5379 tcp
[2024-11-03T17:52:27.789262-0700] nuttcp-r: interval reporting every 0.50 seconds
[2024-11-03T17:52:27.789321-0700] nuttcp-r: connect to 54.176.53.206 with RTT=53.081 ms af=inet
[2024-11-03T17:52:27.789382-0700] nuttcp-r: send window size = 2097152, receive window size = 6291456
[2024-11-03T17:52:27.789437-0700] nuttcp-r: available send window = 1572864, available receive window = 4718592
[2024-11-03T17:52:27.789490-0700]     0.5625 MB /   0.50 sec =    9.4343 Mbps     0 retrans
[2024-11-03T17:52:28.288174-0700]     9.1250 MB /   0.50 sec =  153.1092 Mbps     0 retrans
[2024-11-03T17:52:28.788265-0700]    19.3125 MB /   0.50 sec =  324.0158 Mbps     0 retrans
[2024-11-03T17:52:29.288080-0700]    20.5625 MB /   0.50 sec =  345.0243 Mbps     0 retrans
[2024-11-03T17:52:29.788360-0700]    19.6250 MB /   0.50 sec =  329.2114 Mbps     0 retrans
[2024-11-03T17:52:30.288068-0700]    14.1250 MB /   0.50 sec =  237.0109 Mbps     0 retrans
[2024-11-03T17:52:30.788165-0700]    19.6875 MB /   0.50 sec =  330.2803 Mbps     0 retrans
[2024-11-03T17:52:31.288066-0700]    18.8125 MB /   0.50 sec =  315.6372 Mbps     0 retrans
[2024-11-03T17:52:31.788181-0700]    19.9375 MB /   0.50 sec =  334.4737 Mbps     0 retrans
[2024-11-03T17:52:32.288149-0700]    21.8125 MB /   0.50 sec =  365.9479 Mbps     0 retrans
[2024-11-03T17:52:32.788208-0700]    22.7500 MB /   0.50 sec =  381.6420 Mbps     0 retrans
[2024-11-03T17:52:33.288065-0700]    20.5000 MB /   0.50 sec =  343.9976 Mbps     0 retrans
[2024-11-03T17:52:33.788119-0700]    17.6875 MB /   0.50 sec =  296.7351 Mbps     0 retrans
[2024-11-03T17:52:34.288184-0700]    19.3125 MB /   0.50 sec =  323.9711 Mbps     0 retrans
[2024-11-03T17:52:34.788150-0700]    19.7500 MB /   0.50 sec =  331.3851 Mbps     0 retrans
[2024-11-03T17:52:35.288464-0700]    20.1250 MB /   0.50 sec =  337.5294 Mbps     0 retrans
[2024-11-03T17:52:35.788189-0700]    22.1875 MB /   0.50 sec =  372.3487 Mbps     0 retrans
[2024-11-03T17:52:36.288149-0700]    22.2500 MB /   0.50 sec =  373.3065 Mbps     0 retrans
[2024-11-03T17:52:36.788209-0700]    23.6875 MB /   0.50 sec =  397.3602 Mbps     0 retrans
[2024-11-03T17:52:37.288099-0700]    23.7500 MB /   0.50 sec =  398.5203 Mbps     0 retrans
[2024-11-03T17:52:37.788175-0700]    11.9375 MB /   0.50 sec =  200.2700 Mbps     0 retrans
[2024-11-03T17:52:38.288095-0700]    16.9375 MB /   0.50 sec =  284.1789 Mbps     0 retrans
[2024-11-03T17:52:38.788395-0700]    27.5625 MB /   0.50 sec =  462.2528 Mbps     0 retrans
[2024-11-03T17:52:39.288044-0700]    29.2500 MB /   0.50 sec =  490.9378 Mbps     0 retrans
[2024-11-03T17:52:39.788227-0700]    31.7500 MB /   0.50 sec =  532.5935 Mbps     0 retrans
[2024-11-03T17:52:40.288172-0700]    25.4375 MB /   0.50 sec =  426.7952 Mbps     0 retrans
[2024-11-03T17:52:40.788148-0700]    25.5000 MB /   0.50 sec =  427.8241 Mbps     0 retrans
[2024-11-03T17:52:41.288756-0700]    22.3125 MB /   0.50 sec =  374.0147 Mbps     0 retrans
[2024-11-03T17:52:41.788150-0700]    22.6250 MB /   0.50 sec =  379.9204 Mbps     0 retrans
[2024-11-03T17:52:42.288129-0700]    22.8125 MB /   0.50 sec =  382.7333 Mbps     0 retrans
[2024-11-03T17:52:42.788236-0700]    18.8125 MB /   0.50 sec =  315.5684 Mbps     0 retrans
[2024-11-03T17:52:43.288195-0700]    20.7500 MB /   0.50 sec =  348.1913 Mbps     0 retrans
[2024-11-03T17:52:43.788066-0700]    23.7500 MB /   0.50 sec =  398.4589 Mbps     0 retrans
[2024-11-03T17:52:44.288154-0700]    22.5000 MB /   0.50 sec =  377.4723 Mbps     0 retrans
[2024-11-03T17:52:44.788076-0700]    18.6250 MB /   0.50 sec =  312.4913 Mbps     0 retrans
[2024-11-03T17:52:45.288065-0700]    16.0000 MB /   0.50 sec =  268.4365 Mbps     0 retrans
[2024-11-03T17:52:45.788152-0700]    26.1875 MB /   0.50 sec =  439.3384 Mbps     0 retrans
[2024-11-03T17:52:46.288357-0700]    19.1875 MB /   0.50 sec =  321.8691 Mbps     0 retrans
[2024-11-03T17:52:46.788150-0700]    14.3750 MB /   0.50 sec =  241.2000 Mbps     0 retrans
[2024-11-03T17:52:47.288190-0700]    13.9375 MB /   0.50 sec =  233.8077 Mbps     0 retrans
[2024-11-03T17:52:47.788260-0700]    12.8750 MB /   0.50 sec =  215.9876 Mbps     0 retrans
[2024-11-03T17:52:48.288069-0700]    17.8750 MB /   0.50 sec =  299.9665 Mbps     0 retrans
[2024-11-03T17:52:48.788172-0700]     7.1875 MB /   0.50 sec =  120.5797 Mbps     0 retrans
[2024-11-03T17:52:49.288081-0700]    12.8750 MB /   0.50 sec =  216.0226 Mbps     0 retrans
[2024-11-03T17:52:49.788165-0700]    13.0000 MB /   0.50 sec =  218.0907 Mbps     0 retrans
[2024-11-03T17:52:50.288162-0700]    20.8750 MB /   0.50 sec =  350.2146 Mbps     0 retrans
[2024-11-03T17:52:50.788158-0700]    21.8750 MB /   0.50 sec =  367.0089 Mbps     0 retrans
[2024-11-03T17:52:51.288387-0700]    26.3125 MB /   0.50 sec =  441.3958 Mbps     0 retrans
[2024-11-03T17:52:51.788233-0700]    27.6875 MB /   0.50 sec =  464.5220 Mbps     0 retrans
[2024-11-03T17:52:52.288147-0700]    27.3125 MB /   0.50 sec =  458.2800 Mbps     0 retrans
[2024-11-03T17:52:52.790207-0700]    25.1875 MB /   0.50 sec =  420.8867 Mbps     0 retrans
[2024-11-03T17:52:53.288224-0700]    30.3750 MB /   0.50 sec =  511.6402 Mbps     0 retrans
[2024-11-03T17:52:53.788159-0700]    29.8750 MB /   0.50 sec =  501.2334 Mbps     0 retrans
[2024-11-03T17:52:54.288165-0700]    28.0000 MB /   0.50 sec =  469.7658 Mbps     0 retrans
[2024-11-03T17:52:54.788160-0700]    22.4375 MB /   0.50 sec =  376.4403 Mbps     0 retrans
[2024-11-03T17:52:55.288124-0700]    24.0000 MB /   0.50 sec =  402.6387 Mbps     0 retrans
[2024-11-03T17:52:55.788160-0700]    19.8125 MB /   0.50 sec =  332.4126 Mbps     0 retrans
[2024-11-03T17:52:56.288232-0700]    25.1250 MB /   0.50 sec =  421.4635 Mbps     0 retrans
[2024-11-03T17:52:56.788132-0700]    26.6250 MB /   0.50 sec =  446.7729 Mbps     0 retrans
[2024-11-03T17:52:57.288119-0700]    20.1250 MB /   0.50 sec =  337.6462 Mbps     0 retrans
[2024-11-03T17:52:57.788365-0700]    20.1250 MB /   0.50 sec =  337.5908 Mbps     0 retrans
[2024-11-03T17:52:58.288156-0700]    21.3750 MB /   0.50 sec =  358.6489 Mbps     0 retrans
[2024-11-03T17:52:58.788192-0700]    19.9375 MB /   0.50 sec =  334.4937 Mbps     0 retrans
[2024-11-03T17:52:59.288195-0700]     6.3125 MB /   0.50 sec =  105.8979 Mbps     0 retrans
[2024-11-03T17:52:59.788166-0700]    17.0000 MB /   0.50 sec =  285.2401 Mbps     0 retrans
[2024-11-03T17:53:00.288066-0700]    16.5000 MB /   0.50 sec =  276.8390 Mbps     0 retrans
[2024-11-03T17:53:00.788147-0700]    18.1250 MB /   0.50 sec =  304.0773 Mbps     0 retrans
[2024-11-03T17:53:01.288141-0700]    15.5000 MB /   0.50 sec =  260.0432 Mbps     0 retrans
[2024-11-03T17:53:01.788166-0700]    17.3125 MB /   0.50 sec =  290.4492 Mbps     0 retrans
[2024-11-03T17:53:02.288126-0700]    19.6875 MB /   0.50 sec =  330.3133 Mbps     0 retrans
[2024-11-03T17:53:02.788199-0700]    16.4375 MB /   0.50 sec =  275.7678 Mbps     0 retrans
[2024-11-03T17:53:03.288130-0700]    14.3750 MB /   0.50 sec =  241.1802 Mbps     0 retrans
[2024-11-03T17:53:03.788147-0700]    16.6250 MB /   0.50 sec =  278.9173 Mbps     0 retrans
[2024-11-03T17:53:04.288202-0700]    20.0625 MB /   0.50 sec =  336.5545 Mbps     0 retrans
[2024-11-03T17:53:04.788401-0700]    18.4375 MB /   0.50 sec =  309.2650 Mbps     0 retrans
[2024-11-03T17:53:05.288391-0700]    21.5000 MB /   0.50 sec =  360.7729 Mbps     0 retrans
[2024-11-03T17:53:05.788066-0700]    23.8125 MB /   0.50 sec =  399.5914 Mbps     0 retrans
[2024-11-03T17:53:06.288171-0700]    13.6875 MB /   0.50 sec =  229.6170 Mbps     0 retrans
[2024-11-03T17:53:06.788165-0700]    17.5625 MB /   0.50 sec =  294.6575 Mbps     0 retrans
[2024-11-03T17:53:07.288138-0700]    28.3750 MB /   0.50 sec =  476.0554 Mbps     0 retrans
[2024-11-03T17:53:07.788134-0700]    25.5000 MB /   0.50 sec =  427.8182 Mbps     0 retrans
[2024-11-03T17:53:08.288052-0700]    27.7500 MB /   0.50 sec =  465.6050 Mbps     0 retrans
[2024-11-03T17:53:08.788225-0700]    27.6875 MB /   0.50 sec =  464.4802 Mbps     0 retrans
[2024-11-03T17:53:09.288124-0700]    29.7500 MB /   0.50 sec =  499.1342 Mbps     0 retrans
[2024-11-03T17:53:09.788146-0700]    25.4375 MB /   0.50 sec =  426.7653 Mbps     0 retrans
[2024-11-03T17:53:10.288141-0700]    20.8750 MB /   0.50 sec =  350.2181 Mbps     0 retrans
[2024-11-03T17:53:10.788223-0700]    30.4375 MB /   0.50 sec =  510.6463 Mbps     0 retrans
[2024-11-03T17:53:11.288369-0700]    31.3750 MB /   0.50 sec =  526.3483 Mbps     0 retrans
[2024-11-03T17:53:11.788137-0700]    30.4375 MB /   0.50 sec =  510.7106 Mbps     0 retrans
[2024-11-03T17:53:12.288069-0700]    25.3125 MB /   0.50 sec =  424.6911 Mbps     0 retrans
[2024-11-03T17:53:12.788153-0700]    33.6875 MB /   0.50 sec =  565.1553 Mbps     0 retrans
[2024-11-03T17:53:13.288155-0700]    30.4375 MB /   0.50 sec =  510.6330 Mbps     0 retrans
[2024-11-03T17:53:13.788293-0700]    25.0625 MB /   0.50 sec =  420.4008 Mbps     0 retrans
[2024-11-03T17:53:14.288135-0700]    31.5625 MB /   0.50 sec =  529.6548 Mbps     0 retrans
[2024-11-03T17:53:14.788134-0700]    37.7500 MB /   0.50 sec =  633.3462 Mbps     0 retrans
[2024-11-03T17:53:15.288131-0700]    27.3750 MB /   0.50 sec =  459.2781 Mbps     0 retrans
[2024-11-03T17:53:15.788218-0700]    18.8125 MB /   0.50 sec =  315.5810 Mbps     0 retrans
[2024-11-03T17:53:16.288179-0700]     8.9375 MB /   0.50 sec =  149.9536 Mbps     0 retrans
[2024-11-03T17:53:16.788177-0700]    24.4375 MB /   0.50 sec =  410.0137 Mbps     0 retrans
[2024-11-03T17:53:17.288211-0700]    30.1875 MB /   0.50 sec =  506.4166 Mbps     0 retrans
[2024-11-03T17:53:17.788135-0700]    29.9375 MB /   0.50 sec =  502.3222 Mbps     0 retrans
[2024-11-03T17:53:18.288254-0700]    31.8125 MB /   0.50 sec =  533.7124 Mbps     0 retrans
[2024-11-03T17:53:18.788153-0700]    31.0000 MB /   0.50 sec =  520.1124 Mbps     0 retrans
[2024-11-03T17:53:19.288213-0700]    25.2500 MB /   0.50 sec =  423.6239 Mbps     0 retrans
[2024-11-03T17:53:19.788172-0700]    21.6250 MB /   0.50 sec =  362.7892 Mbps     0 retrans
[2024-11-03T17:53:20.288136-0700]    28.1875 MB /   0.50 sec =  472.9466 Mbps     0 retrans
[2024-11-03T17:53:20.788148-0700]    17.0000 MB /   0.50 sec =  285.1921 Mbps     0 retrans
[2024-11-03T17:53:21.288157-0700]     0.0000 MB /   0.50 sec =    0.0000 Mbps     0 retrans
[2024-11-03T17:53:21.788306-0700]    11.6875 MB /   0.50 sec =  196.0241 Mbps     0 retrans
[2024-11-03T17:53:22.288214-0700]    26.7500 MB /   0.50 sec =  448.8498 Mbps     0 retrans
[2024-11-03T17:53:22.788140-0700]    30.1250 MB /   0.50 sec =  505.4895 Mbps     0 retrans
[2024-11-03T17:53:23.288176-0700]    31.1875 MB /   0.50 sec =  523.2311 Mbps     0 retrans
[2024-11-03T17:53:23.788150-0700]    31.9375 MB /   0.50 sec =  535.8288 Mbps     0 retrans
[2024-11-03T17:53:24.288155-0700]    34.0625 MB /   0.50 sec =  571.4728 Mbps     0 retrans
[2024-11-03T17:53:24.788172-0700]    33.3750 MB /   0.50 sec =  559.9093 Mbps     0 retrans
[2024-11-03T17:53:25.288212-0700]    31.9375 MB /   0.50 sec =  535.8652 Mbps     0 retrans
[2024-11-03T17:53:25.788138-0700]    47.0000 MB /   0.50 sec =  788.5197 Mbps     0 retrans
[2024-11-03T17:53:26.288239-0700]    38.7500 MB /   0.50 sec =  649.9949 Mbps     0 retrans
[2024-11-03T17:53:26.788056-0700]    21.8750 MB /   0.50 sec =  367.0904 Mbps     0 retrans
[2024-11-03T17:53:27.288331-0700]    52.6250 MB /   0.50 sec =  882.7951 Mbps     0 retrans
[2024-11-03T17:53:27.788166-0700]    49.6250 MB /   0.50 sec =  832.5777 Mbps     0 retrans
[2024-11-03T17:53:28.288389-0700]    27.6250 MB /   0.50 sec =  463.4576 Mbps     0 retrans
[2024-11-03T17:53:28.788171-0700]    15.1250 MB /   0.50 sec =  253.7666 Mbps     0 retrans
[2024-11-03T17:53:29.288136-0700]    27.6250 MB /   0.50 sec =  463.4956 Mbps     0 retrans
[2024-11-03T17:53:29.788201-0700]    41.0625 MB /   0.50 sec =  688.8387 Mbps     0 retrans
[2024-11-03T17:53:30.288127-0700]    48.4375 MB /   0.50 sec =  812.7260 Mbps     0 retrans
[2024-11-03T17:53:30.788130-0700]    44.2500 MB /   0.50 sec =  742.3948 Mbps     0 retrans
[2024-11-03T17:53:31.288072-0700]    53.7500 MB /   0.50 sec =  901.8006 Mbps     0 retrans
[2024-11-03T17:53:31.788238-0700]    52.2500 MB /   0.50 sec =  876.5096 Mbps     0 retrans
[2024-11-03T17:53:32.288283-0700]    36.4375 MB /   0.50 sec =  611.2538 Mbps     0 retrans
[2024-11-03T17:53:32.788219-0700]    51.1250 MB /   0.50 sec =  857.8381 Mbps     0 retrans
[2024-11-03T17:53:33.288329-0700]    54.4375 MB /   0.50 sec =  913.3700 Mbps     0 retrans
[2024-11-03T17:53:33.788213-0700]    49.7500 MB /   0.50 sec =  834.6465 Mbps     0 retrans
[2024-11-03T17:53:34.288114-0700]    44.5625 MB /   0.50 sec =  747.6452 Mbps     0 retrans
[2024-11-03T17:53:34.788148-0700]    49.1875 MB /   0.50 sec =  825.2260 Mbps     0 retrans
[2024-11-03T17:53:35.288141-0700]    48.3750 MB /   0.50 sec =  811.5978 Mbps     0 retrans
[2024-11-03T17:53:35.788139-0700]    45.3750 MB /   0.50 sec =  761.2753 Mbps     0 retrans
[2024-11-03T17:53:36.288130-0700]    37.8750 MB /   0.50 sec =  635.4421 Mbps     0 retrans
[2024-11-03T17:53:36.788065-0700]    23.9375 MB /   0.50 sec =  401.6126 Mbps     0 retrans
[2024-11-03T17:53:37.288281-0700]    19.6875 MB /   0.50 sec =  330.2354 Mbps     0 retrans
[2024-11-03T17:53:37.788134-0700]    37.8750 MB /   0.50 sec =  635.5426 Mbps     0 retrans
[2024-11-03T17:53:38.288154-0700]    36.5000 MB /   0.50 sec =  612.3586 Mbps     0 retrans
[2024-11-03T17:53:38.788153-0700]    35.6250 MB /   0.50 sec =  597.7158 Mbps     0 retrans
[2024-11-03T17:53:39.288175-0700]    40.6250 MB /   0.50 sec =  681.5403 Mbps     0 retrans
[2024-11-03T17:53:39.788201-0700]    38.8750 MB /   0.50 sec =  652.1843 Mbps     0 retrans
[2024-11-03T17:53:40.288245-0700]    37.1875 MB /   0.50 sec =  623.9801 Mbps     0 retrans
[2024-11-03T17:53:40.788192-0700]    33.6250 MB /   0.50 sec =  564.0470 Mbps     0 retrans
[2024-11-03T17:53:41.288079-0700]    34.9375 MB /   0.50 sec =  586.2443 Mbps     0 retrans
[2024-11-03T17:53:41.788069-0700]    15.9375 MB /   0.50 sec =  267.3842 Mbps     0 retrans
[2024-11-03T17:53:42.288263-0700]    24.3125 MB /   0.50 sec =  407.8822 Mbps     0 retrans
[2024-11-03T17:53:42.788148-0700]    32.0625 MB /   0.50 sec =  537.8990 Mbps     0 retrans
[2024-11-03T17:53:43.288231-0700]    27.4375 MB /   0.50 sec =  460.2632 Mbps     0 retrans
[2024-11-03T17:53:43.788205-0700]    18.2500 MB /   0.50 sec =  306.2075 Mbps     0 retrans
[2024-11-03T17:53:44.288133-0700]    12.0625 MB /   0.50 sec =  202.3926 Mbps     0 retrans
[2024-11-03T17:53:44.788159-0700]    14.3125 MB /   0.50 sec =  240.1114 Mbps     0 retrans
[2024-11-03T17:53:45.288164-0700]    12.5000 MB /   0.50 sec =  209.7265 Mbps     0 retrans
[2024-11-03T17:53:45.788139-0700]    11.0625 MB /   0.50 sec =  185.6006 Mbps     0 retrans
[2024-11-03T17:53:46.288211-0700]    15.8750 MB /   0.50 sec =  266.3404 Mbps     0 retrans
[2024-11-03T17:53:46.788227-0700]    16.5000 MB /   0.50 sec =  276.7975 Mbps     0 retrans
[2024-11-03T17:53:47.288174-0700]    17.5000 MB /   0.50 sec =  293.6148 Mbps     0 retrans
[2024-11-03T17:53:47.788158-0700]    20.8125 MB /   0.50 sec =  349.1716 Mbps     0 retrans
[2024-11-03T17:53:48.288165-0700]    22.8750 MB /   0.50 sec =  383.7773 Mbps     0 retrans
[2024-11-03T17:53:48.788267-0700]    27.7500 MB /   0.50 sec =  465.4979 Mbps     0 retrans
[2024-11-03T17:53:49.288155-0700]    26.7500 MB /   0.50 sec =  448.8597 Mbps     0 retrans
[2024-11-03T17:53:49.788299-0700]    30.3750 MB /   0.50 sec =  509.4877 Mbps     0 retrans
[2024-11-03T17:53:50.288172-0700]    29.1250 MB /   0.50 sec =  488.7312 Mbps     0 retrans
[2024-11-03T17:53:50.788177-0700]    33.0625 MB /   0.50 sec =  554.7222 Mbps     0 retrans
[2024-11-03T17:53:51.288246-0700]    33.1250 MB /   0.50 sec =  555.7764 Mbps     0 retrans
[2024-11-03T17:53:51.788169-0700]    20.5625 MB /   0.50 sec =  344.9546 Mbps     0 retrans
[2024-11-03T17:53:52.288092-0700]    29.4375 MB /   0.50 sec =  493.9336 Mbps     0 retrans
[2024-11-03T17:53:52.788145-0700]    33.6875 MB /   0.50 sec =  565.1519 Mbps     0 retrans
[2024-11-03T17:53:53.288046-0700]    40.0625 MB /   0.50 sec =  672.1843 Mbps     0 retrans
[2024-11-03T17:53:53.788152-0700]    36.9375 MB /   0.50 sec =  619.6626 Mbps     0 retrans
[2024-11-03T17:53:54.288138-0700]    26.8125 MB /   0.50 sec =  449.8373 Mbps     0 retrans
[2024-11-03T17:53:54.788130-0700]    37.5000 MB /   0.50 sec =  629.1519 Mbps     0 retrans
[2024-11-03T17:53:55.288149-0700]    29.3125 MB /   0.50 sec =  491.7792 Mbps     0 retrans
[2024-11-03T17:53:55.788164-0700]    34.6250 MB /   0.50 sec =  580.8855 Mbps     0 retrans
[2024-11-03T17:53:56.288079-0700]    36.8125 MB /   0.50 sec =  617.6755 Mbps     0 retrans
[2024-11-03T17:53:56.788153-0700]    23.1250 MB /   0.50 sec =  387.9460 Mbps     0 retrans
[2024-11-03T17:53:57.288174-0700]    22.2500 MB /   0.50 sec =  373.2953 Mbps     0 retrans
[2024-11-03T17:53:57.788169-0700]    32.3750 MB /   0.50 sec =  543.1493 Mbps     0 retrans
[2024-11-03T17:53:58.288271-0700]    25.6875 MB /   0.50 sec =  430.8794 Mbps     0 retrans
[2024-11-03T17:53:58.788138-0700]    33.0625 MB /   0.50 sec =  554.8399 Mbps     0 retrans
[2024-11-03T17:53:59.288238-0700]    27.6875 MB /   0.50 sec =  464.4913 Mbps     0 retrans
[2024-11-03T17:53:59.788186-0700]    26.8125 MB /   0.50 sec =  449.8364 Mbps     0 retrans
[2024-11-03T17:54:00.288215-0700]    32.4375 MB /   0.50 sec =  544.2001 Mbps     0 retrans
[2024-11-03T17:54:00.788166-0700]    27.3125 MB /   0.50 sec =  458.2460 Mbps     0 retrans
[2024-11-03T17:54:01.288074-0700]    28.2500 MB /   0.50 sec =  473.9782 Mbps     0 retrans
[2024-11-03T17:54:01.788142-0700]    21.0625 MB /   0.50 sec =  353.3616 Mbps     0 retrans
[2024-11-03T17:54:02.288135-0700]    21.6250 MB /   0.50 sec =  362.8058 Mbps     0 retrans
[2024-11-03T17:54:02.788173-0700]    19.6875 MB /   0.50 sec =  330.2849 Mbps     0 retrans
[2024-11-03T17:54:03.288076-0700]    31.5625 MB /   0.50 sec =  529.5775 Mbps     0 retrans
[2024-11-03T17:54:03.788155-0700]    32.2500 MB /   0.50 sec =  541.0360 Mbps     0 retrans
[2024-11-03T17:54:04.288194-0700]    26.8750 MB /   0.50 sec =  450.8417 Mbps     0 retrans
[2024-11-03T17:54:04.788152-0700]    24.8750 MB /   0.50 sec =  417.3683 Mbps     0 retrans
[2024-11-03T17:54:05.288164-0700]    30.7500 MB /   0.50 sec =  515.9242 Mbps     0 retrans
[2024-11-03T17:54:05.788132-0700]    21.0625 MB /   0.50 sec =  353.3673 Mbps     0 retrans
[2024-11-03T17:54:06.288335-0700]    15.0625 MB /   0.50 sec =  252.6376 Mbps     0 retrans
[2024-11-03T17:54:06.788260-0700]    19.5000 MB /   0.50 sec =  327.1825 Mbps     0 retrans
[2024-11-03T17:54:07.288150-0700]    12.0000 MB /   0.50 sec =  201.3588 Mbps     0 retrans
[2024-11-03T17:54:07.788291-0700]    21.0000 MB /   0.50 sec =  352.3236 Mbps     0 retrans
[2024-11-03T17:54:08.288169-0700]    23.0000 MB /   0.50 sec =  385.8875 Mbps     0 retrans
[2024-11-03T17:54:08.788054-0700]    25.0625 MB /   0.50 sec =  420.5000 Mbps     0 retrans
[2024-11-03T17:54:09.288240-0700]    19.3125 MB /   0.50 sec =  323.9368 Mbps     0 retrans
[2024-11-03T17:54:09.788163-0700]    19.0625 MB /   0.50 sec =  319.8566 Mbps     0 retrans
[2024-11-03T17:54:10.288188-0700]    23.1250 MB /   0.50 sec =  387.9917 Mbps     0 retrans
[2024-11-03T17:54:10.788156-0700]    15.0000 MB /   0.50 sec =  251.6472 Mbps     0 retrans
[2024-11-03T17:54:11.288129-0700]    18.1875 MB /   0.50 sec =  305.1503 Mbps     0 retrans
[2024-11-03T17:54:11.788154-0700]    20.1875 MB /   0.50 sec =  338.6806 Mbps     0 retrans
[2024-11-03T17:54:12.288171-0700]    18.1875 MB /   0.50 sec =  305.1423 Mbps     0 retrans
[2024-11-03T17:54:12.788149-0700]    17.2500 MB /   0.50 sec =  289.4052 Mbps     0 retrans
[2024-11-03T17:54:13.288105-0700]    18.7500 MB /   0.50 sec =  314.5829 Mbps     0 retrans
[2024-11-03T17:54:13.788197-0700]    18.0625 MB /   0.50 sec =  303.0076 Mbps     0 retrans
[2024-11-03T17:54:14.288199-0700]    16.6875 MB /   0.50 sec =  279.9754 Mbps     0 retrans
[2024-11-03T17:54:14.788159-0700]    16.8125 MB /   0.50 sec =  282.0731 Mbps     0 retrans
[2024-11-03T17:54:15.288161-0700]    10.0625 MB /   0.50 sec =  168.8268 Mbps     0 retrans
[2024-11-03T17:54:15.788120-0700]     6.6875 MB /   0.50 sec =  112.1974 Mbps     0 retrans
[2024-11-03T17:54:16.288142-0700]     0.0625 MB /   0.50 sec =    1.0485 Mbps     0 retrans
[2024-11-03T17:54:16.788300-0700]    15.8750 MB /   0.50 sec =  266.3575 Mbps     0 retrans
[2024-11-03T17:54:17.288179-0700]    14.9375 MB /   0.50 sec =  250.5996 Mbps     0 retrans
[2024-11-03T17:54:17.788174-0700]     6.2500 MB /   0.50 sec =  104.8597 Mbps     0 retrans
[2024-11-03T17:54:18.288192-0700]     5.0000 MB /   0.50 sec =   83.8784 Mbps     0 retrans
[2024-11-03T17:54:18.788057-0700]     7.2500 MB /   0.50 sec =  121.6555 Mbps     0 retrans
[2024-11-03T17:54:19.288199-0700]     5.0625 MB /   0.50 sec =   84.9211 Mbps     0 retrans
[2024-11-03T17:54:19.788176-0700]     5.0000 MB /   0.50 sec =   83.8926 Mbps     0 retrans
[2024-11-03T17:54:20.288139-0700]     6.3750 MB /   0.50 sec =  106.9571 Mbps     0 retrans
[2024-11-03T17:54:20.788065-0700]     7.6250 MB /   0.50 sec =  127.9342 Mbps     0 retrans
[2024-11-03T17:54:21.288231-0700]     7.0000 MB /   0.50 sec =  117.4182 Mbps     0 retrans
[2024-11-03T17:54:21.788183-0700]     3.4375 MB /   0.50 sec =   57.6772 Mbps     0 retrans
[2024-11-03T17:54:22.288202-0700]     3.6875 MB /   0.50 sec =   61.8597 Mbps     0 retrans
[2024-11-03T17:54:22.788240-0700]     1.3125 MB /   0.50 sec =   22.0193 Mbps     0 retrans
[2024-11-03T17:54:23.288238-0700]     8.4375 MB /   0.50 sec =  141.5665 Mbps     0 retrans
[2024-11-03T17:54:23.788178-0700]     9.5625 MB /   0.50 sec =  160.4462 Mbps     0 retrans
[2024-11-03T17:54:24.288221-0700]     8.8125 MB /   0.50 sec =  147.8457 Mbps     0 retrans
[2024-11-03T17:54:24.788282-0700]    11.8750 MB /   0.50 sec =  199.2004 Mbps     0 retrans
[2024-11-03T17:54:25.288133-0700]    10.8750 MB /   0.50 sec =  182.4858 Mbps     0 retrans
[2024-11-03T17:54:25.788145-0700]    10.8750 MB /   0.50 sec =  182.4500 Mbps     0 retrans
[2024-11-03T17:54:26.288186-0700]     7.6875 MB /   0.50 sec =  128.9769 Mbps     0 retrans
[2024-11-03T17:54:26.788196-0700]     6.1250 MB /   0.50 sec =  102.7588 Mbps     0 retrans
[2024-11-03T17:54:27.288142-0700]    10.2500 MB /   0.50 sec =  171.9696 Mbps     0 retrans
[2024-11-03T17:54:27.788368-0700]     8.6875 MB /   0.50 sec =  145.7532 Mbps     0 retrans
End time: 1730681668086
