Start time: 1730681884954
[2024-11-03T17:58:10.038484-0700] traceroute to 54.176.53.206 (54.176.53.206), 30 hops max, 60 byte packets
[2024-11-03T17:58:10.039268-0700]  1  * * *
[2024-11-03T17:58:10.039316-0700]  2  * * *
[2024-11-03T17:58:10.039350-0700]  3  * * *
[2024-11-03T17:58:10.039381-0700]  4  * * *
[2024-11-03T17:58:10.039411-0700]  5  * * *
[2024-11-03T17:58:15.044549-0700]  6  * * *
[2024-11-03T17:58:15.046755-0700]  7  * * *
[2024-11-03T17:58:15.049832-0700]  8  * * *
[2024-11-03T17:58:15.052795-0700]  9  * * *
[2024-11-03T17:58:15.055581-0700] 10  * * *
[2024-11-03T17:58:20.049368-0700] 11  * * *
[2024-11-03T17:58:20.050067-0700] 12  * * *
[2024-11-03T17:58:20.056656-0700] 13  * * *
[2024-11-03T17:58:20.056793-0700] 14  * * *
[2024-11-03T17:58:20.056894-0700] 15  * * *
[2024-11-03T17:58:25.057335-0700] 16  * * *
[2024-11-03T17:58:25.057918-0700] 17  * * *
[2024-11-03T17:58:25.058068-0700] 18  * * *
[2024-11-03T17:58:25.064992-0700] 19  * * *
[2024-11-03T17:58:25.065123-0700] 20  * * *
[2024-11-03T17:58:25.065223-0700] 21  * * *
[2024-11-03T17:58:30.065423-0700] 22  * * *
[2024-11-03T17:58:30.065847-0700] 23  * * *
[2024-11-03T17:58:30.074032-0700] 24  * * *
[2024-11-03T17:58:30.074317-0700] 25  * * *
[2024-11-03T17:58:30.074446-0700] 26  * * *
[2024-11-03T17:58:35.025919-0700] 27  * *End time: 1730681915109
