Start time: 1730654335711
[2024-11-03T10:19:00.783383-0700] traceroute to 54.176.53.206 (54.176.53.206), 30 hops max, 60 byte packets
[2024-11-03T10:19:00.784188-0700]  1  * * *
[2024-11-03T10:19:00.784246-0700]  2  * * *
[2024-11-03T10:19:00.784285-0700]  3  * * *
[2024-11-03T10:19:00.791293-0700]  4  * * *
[2024-11-03T10:19:00.791517-0700]  5  * * *
[2024-11-03T10:19:05.790516-0700]  6  * * *
[2024-11-03T10:19:05.790799-0700]  7  * * *
[2024-11-03T10:19:05.790878-0700]  8  * * *
[2024-11-03T10:19:05.795959-0700]  9  * * *
[2024-11-03T10:19:05.796121-0700] 10  * * *
[2024-11-03T10:19:10.798278-0700] 11  * * *
[2024-11-03T10:19:10.798548-0700] 12  * * *
[2024-11-03T10:19:10.798634-0700] 13  * * *
[2024-11-03T10:19:10.798689-0700] 14  * * *
[2024-11-03T10:19:10.807521-0700] 15  * * *
[2024-11-03T10:19:15.807128-0700] 16  * * *
[2024-11-03T10:19:15.807597-0700] 17  * * *
[2024-11-03T10:19:15.807717-0700] 18  * * *
[2024-11-03T10:19:15.807803-0700] 19  * * *
[2024-11-03T10:19:15.819278-0700] 20  * * *
[2024-11-03T10:19:15.819557-0700] 21  * * *
[2024-11-03T10:19:20.817272-0700] 22  * * *
[2024-11-03T10:19:20.817792-0700] 23  * * *
[2024-11-03T10:19:20.830027-0700] 24  * * *
[2024-11-03T10:19:20.830371-0700] 25  * * *
[2024-11-03T10:19:20.830505-0700] 26  * * *
[2024-11-03T10:19:25.771655-0700] 27  * *End time: 1730654365827
