Start time: 1745101146407
Connecting to host 34.86.116.81, port 5209
Reverse mode, remote host 34.86.116.81 is sending
[  5] local 192.0.0.2 port 38196 connected to 34.86.116.81 port 5209
[ ID] Interval           Transfer     Bitrate
[  5]   0.00-0.10   sec  63.9 KBytes  5.23 Mbits/sec                  
[  5]   0.10-0.20   sec   232 KBytes  19.0 Mbits/sec                  
[  5]   0.20-0.30   sec   991 KBytes  81.2 Mbits/sec                  
[  5]   0.30-0.40   sec  2.00 MBytes   167 Mbits/sec                  
[  5]   0.40-0.50   sec  3.41 MBytes   286 Mbits/sec                  
[  5]   0.50-0.60   sec  4.77 MBytes   400 Mbits/sec                  
[  5]   0.60-0.70   sec  7.02 MBytes   588 Mbits/sec                  
[  5]   0.70-0.80   sec  5.27 MBytes   442 Mbits/sec                  
[  5]   0.80-0.90   sec  7.68 MBytes   645 Mbits/sec                  
[  5]   0.90-1.00   sec  5.46 MBytes   458 Mbits/sec                  
[  5]   1.00-1.10   sec  6.67 MBytes   559 Mbits/sec                  
[  5]   1.10-1.20   sec  3.95 MBytes   332 Mbits/sec                  
[  5]   1.20-1.30   sec  6.96 MBytes   583 Mbits/sec                  
[  5]   1.30-1.40   sec  6.43 MBytes   538 Mbits/sec                  
[  5]   1.40-1.50   sec  4.62 MBytes   389 Mbits/sec                  
[  5]   1.50-1.60   sec  3.45 MBytes   289 Mbits/sec                  
[  5]   1.60-1.70   sec  2.47 MBytes   208 Mbits/sec                  
[  5]   1.70-1.80   sec  5.26 MBytes   441 Mbits/sec                  
[  5]   1.80-1.90   sec  3.94 MBytes   331 Mbits/sec                  
[  5]   1.90-2.00   sec  6.36 MBytes   534 Mbits/sec                  
[  5]   2.00-2.10   sec  3.33 MBytes   279 Mbits/sec                  
[  5]   2.10-2.20   sec  5.33 MBytes   447 Mbits/sec                  
[  5]   2.20-2.30   sec  4.16 MBytes   349 Mbits/sec                  
[  5]   2.30-2.40   sec  6.80 MBytes   572 Mbits/sec                  
[  5]   2.40-2.50   sec  3.58 MBytes   301 Mbits/sec                  
[  5]   2.50-2.60   sec  5.47 MBytes   459 Mbits/sec                  
[  5]   2.60-2.70   sec  4.56 MBytes   383 Mbits/sec                  
[  5]   2.70-2.80   sec  2.97 MBytes   249 Mbits/sec                  
[  5]   2.80-2.90   sec  3.12 MBytes   262 Mbits/sec                  
[  5]   2.90-3.00   sec  2.09 MBytes   175 Mbits/sec                  
[  5]   3.00-3.10   sec  2.55 MBytes   214 Mbits/sec                  
[  5]   3.10-3.20   sec  3.03 MBytes   254 Mbits/sec                  
[  5]   3.20-3.30   sec  3.22 MBytes   270 Mbits/sec                  
[  5]   3.30-3.40   sec  4.64 MBytes   390 Mbits/sec                  
[  5]   3.40-3.50   sec  4.26 MBytes   357 Mbits/sec                  
[  5]   3.50-3.60   sec  3.73 MBytes   313 Mbits/sec                  
[  5]   3.60-3.70   sec  2.78 MBytes   233 Mbits/sec                  
[  5]   3.70-3.80   sec  3.58 MBytes   301 Mbits/sec                  
[  5]   3.80-3.90   sec  2.90 MBytes   244 Mbits/sec                  
[  5]   3.90-4.00   sec  2.81 MBytes   235 Mbits/sec                  
[  5]   4.00-4.10   sec  3.77 MBytes   316 Mbits/sec                  
[  5]   4.10-4.20   sec  2.59 MBytes   218 Mbits/sec                  
[  5]   4.20-4.30   sec  4.24 MBytes   355 Mbits/sec                  
[  5]   4.30-4.40   sec  4.04 MBytes   339 Mbits/sec                  
[  5]   4.40-4.50   sec  3.81 MBytes   320 Mbits/sec                  
[  5]   4.50-4.60   sec  2.75 MBytes   231 Mbits/sec                  
[  5]   4.60-4.70   sec  3.85 MBytes   323 Mbits/sec                  
[  5]   4.70-4.80   sec  4.06 MBytes   341 Mbits/sec                  
[  5]   4.80-4.90   sec  2.18 MBytes   183 Mbits/sec                  
[  5]   4.90-5.00   sec  3.51 MBytes   294 Mbits/sec                  
- - - - - - - - - - - - - - - - - - - - - - - - -
[ ID] Interval           Transfer     Bitrate         Retr
[  5]   0.00-5.04   sec   478 MBytes   795 Mbits/sec    1             sender
[  5]   0.00-5.00   sec   197 MBytes   330 Mbits/sec                  receiver

iperf Done.
End time: 1745101152031
