Start time: 1731103114197
[2024-11-08T16:58:39.287559-0500] traceroute to 54.197.223.49 (54.197.223.49), 30 hops max, 60 byte packets
[2024-11-08T16:58:39.288220-0500]  1  * * *
[2024-11-08T16:58:39.288285-0500]  2  * * *
[2024-11-08T16:58:39.288334-0500]  3  * * *
[2024-11-08T16:58:39.300188-0500]  4  * * *
[2024-11-08T16:58:39.300416-0500]  5  * * *
[2024-11-08T16:58:44.296822-0500]  6  * * *
[2024-11-08T16:58:44.297260-0500]  7  * * *
[2024-11-08T16:58:44.315152-0500]  8  * * *
[2024-11-08T16:58:44.315390-0500]  9  * * *
[2024-11-08T16:58:44.315492-0500] 10  * * *
[2024-11-08T16:58:49.305838-0500] 11  * * *
[2024-11-08T16:58:49.309044-0500] 12  * * *
[2024-11-08T16:58:49.314823-0500] 13  * * *
[2024-11-08T16:58:49.320566-0500] 14  * * *
[2024-11-08T16:58:49.322689-0500] 15  * * *
[2024-11-08T16:58:54.313469-0500] 16  * * *
[2024-11-08T16:58:54.313929-0500] 17  * * *
[2024-11-08T16:58:54.327180-0500] 18  * * *
[2024-11-08T16:58:54.327543-0500] 19  * * *
[2024-11-08T16:58:54.327672-0500] 20  * * *
[2024-11-08T16:58:54.327785-0500] 21  * * *
[2024-11-08T16:58:59.323949-0500] 22  * * *
[2024-11-08T16:58:59.327518-0500] 23  * * *
[2024-11-08T16:58:59.333265-0500] 24  * * *
[2024-11-08T16:58:59.337818-0500] 25  * * *
[2024-11-08T16:58:59.340098-0500] 26  * * *
[2024-11-08T16:59:04.277928-0500] 27  * *End time: 1731103144336
