Start time: 1747691204666
Connecting to host 34.145.166.89, port 5207
Reverse mode, remote host 34.145.166.89 is sending
[  5] local 192.0.0.2 port 34906 connected to 34.145.166.89 port 5207
[ ID] Interval           Transfer     Bitrate
[  5]   0.00-0.10   sec   213 KBytes  17.4 Mbits/sec                  
[  5]   0.10-0.20   sec  1.84 MBytes   155 Mbits/sec                  
[  5]   0.20-0.30   sec  3.22 MBytes   271 Mbits/sec                  
[  5]   0.30-0.40   sec  4.08 MBytes   342 Mbits/sec                  
[  5]   0.40-0.50   sec  4.22 MBytes   354 Mbits/sec                  
[  5]   0.50-0.60   sec  4.53 MBytes   380 Mbits/sec                  
[  5]   0.60-0.70   sec  4.42 MBytes   371 Mbits/sec                  
[  5]   0.70-0.80   sec  5.59 MBytes   469 Mbits/sec                  
[  5]   0.80-0.90   sec  3.15 MBytes   264 Mbits/sec                  
[  5]   0.90-1.00   sec  4.91 MBytes   412 Mbits/sec                  
[  5]   1.00-1.10   sec  6.33 MBytes   532 Mbits/sec                  
[  5]   1.10-1.20   sec  7.83 MBytes   656 Mbits/sec                  
[  5]   1.20-1.30   sec  8.19 MBytes   687 Mbits/sec                  
[  5]   1.30-1.40   sec  8.98 MBytes   753 Mbits/sec                  
[  5]   1.40-1.50   sec  8.27 MBytes   693 Mbits/sec                  
[  5]   1.50-1.60   sec  6.56 MBytes   551 Mbits/sec                  
[  5]   1.60-1.70   sec  9.95 MBytes   834 Mbits/sec                  
[  5]   1.70-1.80   sec  9.33 MBytes   783 Mbits/sec                  
[  5]   1.80-1.90   sec  9.46 MBytes   794 Mbits/sec                  
[  5]   1.90-2.00   sec  6.11 MBytes   512 Mbits/sec                  
[  5]   2.00-2.10   sec  6.23 MBytes   522 Mbits/sec                  
[  5]   2.10-2.20   sec  5.16 MBytes   433 Mbits/sec                  
[  5]   2.20-2.30   sec  6.96 MBytes   584 Mbits/sec                  
[  5]   2.30-2.40   sec  8.57 MBytes   719 Mbits/sec                  
[  5]   2.40-2.50   sec  4.32 MBytes   363 Mbits/sec                  
[  5]   2.50-2.60   sec  4.51 MBytes   379 Mbits/sec                  
[  5]   2.60-2.70   sec  5.72 MBytes   479 Mbits/sec                  
[  5]   2.70-2.80   sec  7.83 MBytes   657 Mbits/sec                  
[  5]   2.80-2.90   sec  8.40 MBytes   704 Mbits/sec                  
[  5]   2.90-3.00   sec  8.56 MBytes   719 Mbits/sec                  
[  5]   3.00-3.10   sec  9.25 MBytes   776 Mbits/sec                  
[  5]   3.10-3.20   sec  9.00 MBytes   755 Mbits/sec                  
[  5]   3.20-3.30   sec  9.04 MBytes   758 Mbits/sec                  
[  5]   3.30-3.40   sec  8.20 MBytes   688 Mbits/sec                  
[  5]   3.40-3.50   sec  9.14 MBytes   767 Mbits/sec                  
[  5]   3.50-3.60   sec  8.38 MBytes   703 Mbits/sec                  
[  5]   3.60-3.70   sec  8.97 MBytes   753 Mbits/sec                  
[  5]   3.70-3.80   sec  7.32 MBytes   614 Mbits/sec                  
[  5]   3.80-3.90   sec  9.12 MBytes   765 Mbits/sec                  
[  5]   3.90-4.00   sec  5.86 MBytes   491 Mbits/sec                  
[  5]   4.00-4.10   sec  4.27 MBytes   358 Mbits/sec                  
[  5]   4.10-4.20   sec  7.67 MBytes   643 Mbits/sec                  
[  5]   4.20-4.30   sec  9.27 MBytes   778 Mbits/sec                  
[  5]   4.30-4.40   sec  8.56 MBytes   718 Mbits/sec                  
[  5]   4.40-4.50   sec  9.69 MBytes   812 Mbits/sec                  
[  5]   4.50-4.60   sec  6.41 MBytes   538 Mbits/sec                  
[  5]   4.60-4.70   sec  5.81 MBytes   487 Mbits/sec                  
[  5]   4.70-4.80   sec  7.16 MBytes   600 Mbits/sec                  
[  5]   4.80-4.90   sec  8.33 MBytes   698 Mbits/sec                  
[  5]   4.90-5.00   sec  5.22 MBytes   437 Mbits/sec                  
- - - - - - - - - - - - - - - - - - - - - - - - -
[ ID] Interval           Transfer     Bitrate         Retr
[  5]   0.00-5.04   sec   343 MBytes   572 Mbits/sec    0             sender
[  5]   0.00-5.00   sec   340 MBytes   571 Mbits/sec                  receiver

iperf Done.
End time: 1747691210168
