Start time: 1730918565648
[2024-11-06T13:42:50.743243-0500] traceroute to 54.197.223.49 (54.197.223.49), 30 hops max, 60 byte packets
[2024-11-06T13:42:50.744164-0500]  1  * * *
[2024-11-06T13:42:50.744226-0500]  2  * * *
[2024-11-06T13:42:50.744262-0500]  3  * * *
[2024-11-06T13:42:50.744293-0500]  4  * * *
[2024-11-06T13:42:50.744322-0500]  5  * * *
[2024-11-06T13:42:55.750359-0500]  6  * * *
[2024-11-06T13:42:55.756299-0500]  7  * * *
[2024-11-06T13:42:55.761838-0500]  8  * * *
[2024-11-06T13:42:55.762218-0500]  9  * * *
[2024-11-06T13:42:55.770118-0500] 10  * * *
[2024-11-06T13:43:00.758494-0500] 11  * * *
[2024-11-06T13:43:00.758901-0500] 12  * * *
[2024-11-06T13:43:00.766534-0500] 13  * * *
[2024-11-06T13:43:00.766963-0500] 14  * * *
[2024-11-06T13:43:00.776431-0500] 15  * * *
[2024-11-06T13:43:05.765994-0500] 16  * * *
[2024-11-06T13:43:05.766464-0500] 17  * * *
[2024-11-06T13:43:05.773898-0500] 18  * * *
[2024-11-06T13:43:05.782380-0500] 19  * * *
[2024-11-06T13:43:05.782542-0500] 20  * * *
[2024-11-06T13:43:05.782664-0500] 21  * * *
[2024-11-06T13:43:10.774318-0500] 22  * * *
[2024-11-06T13:43:10.777447-0500] 23  * * *
[2024-11-06T13:43:10.783000-0500] 24  * * *
[2024-11-06T13:43:10.787189-0500] 25  * * *
[2024-11-06T13:43:10.789367-0500] 26  * * *
[2024-11-06T13:43:15.728802-0500] 27  * *End time: 1730918595818
