Start time: 1730584040100
[2024-11-02T15:47:21.195356-0600] nuttcp-r: v8.1.4: socket
[2024-11-02T15:47:21.196046-0600] nuttcp-r: buflen=65536, nstream=1, port=6110 tcp
[2024-11-02T15:47:21.196118-0600] nuttcp-r: interval reporting every 0.50 seconds
[2024-11-02T15:47:21.196174-0600] nuttcp-r: connect to 54.176.53.206 with RTT=80.161 ms af=inet
[2024-11-02T15:47:21.196227-0600] nuttcp-r: send window size = 2097152, receive window size = 6291456
[2024-11-02T15:47:21.196279-0600] nuttcp-r: available send window = 1572864, available receive window = 4718592
[2024-11-02T15:47:21.196330-0600]     0.4375 MB /   0.50 sec =    7.3382 Mbps     0 retrans
[2024-11-02T15:47:21.695408-0600]    10.6250 MB /   0.50 sec =  178.2551 Mbps     0 retrans
[2024-11-02T15:47:22.195295-0600]     7.6875 MB /   0.50 sec =  128.9847 Mbps     0 retrans
[2024-11-02T15:47:22.695760-0600]    12.9375 MB /   0.50 sec =  217.0400 Mbps     0 retrans
[2024-11-02T15:47:23.195333-0600]    13.1250 MB /   0.50 sec =  220.2300 Mbps     0 retrans
[2024-11-02T15:47:23.695410-0600]    15.3125 MB /   0.50 sec =  256.8739 Mbps     0 retrans
[2024-11-02T15:47:24.195557-0600]    22.4375 MB /   0.50 sec =  376.4734 Mbps     0 retrans
[2024-11-02T15:47:24.695300-0600]    19.6250 MB /   0.50 sec =  329.2720 Mbps     0 retrans
[2024-11-02T15:47:25.195614-0600]    27.3750 MB /   0.50 sec =  459.2708 Mbps     0 retrans
[2024-11-02T15:47:25.695448-0600]    28.6250 MB /   0.50 sec =  480.2344 Mbps     0 retrans
[2024-11-02T15:47:26.195349-0600]    32.6250 MB /   0.50 sec =  547.3435 Mbps     0 retrans
[2024-11-02T15:47:26.695213-0600]    35.8125 MB /   0.50 sec =  600.8941 Mbps     0 retrans
[2024-11-02T15:47:27.195773-0600]    40.0000 MB /   0.50 sec =  671.0699 Mbps     0 retrans
[2024-11-02T15:47:27.695319-0600]    45.3750 MB /   0.50 sec =  761.2494 Mbps     0 retrans
[2024-11-02T15:47:28.195316-0600]    46.5625 MB /   0.50 sec =  781.1485 Mbps     0 retrans
[2024-11-02T15:47:28.695510-0600]    51.6875 MB /   0.50 sec =  867.2018 Mbps     0 retrans
[2024-11-02T15:47:29.195310-0600]    53.7500 MB /   0.50 sec =  901.7898 Mbps     0 retrans
[2024-11-02T15:47:29.695341-0600]    53.0625 MB /   0.50 sec =  890.2197 Mbps     0 retrans
[2024-11-02T15:47:30.195346-0600]    55.0625 MB /   0.50 sec =  923.8361 Mbps     0 retrans
[2024-11-02T15:47:30.695295-0600]    50.1875 MB /   0.50 sec =  841.9998 Mbps     0 retrans
[2024-11-02T15:47:31.195308-0600]    51.0625 MB /   0.50 sec =  856.6900 Mbps     0 retrans
[2024-11-02T15:47:31.695337-0600]    50.7500 MB /   0.50 sec =  851.4403 Mbps     0 retrans
[2024-11-02T15:47:32.196467-0600]    46.7500 MB /   0.50 sec =  782.6787 Mbps     0 retrans
[2024-11-02T15:47:32.695608-0600]    56.5625 MB /   0.50 sec =  951.0040 Mbps     0 retrans
[2024-11-02T15:47:33.195284-0600]    51.6875 MB /   0.50 sec =  867.1463 Mbps     0 retrans
[2024-11-02T15:47:33.695334-0600]    52.0000 MB /   0.50 sec =  872.3925 Mbps     0 retrans
[2024-11-02T15:47:34.196527-0600]    20.3125 MB /   0.50 sec =  340.0452 Mbps     0 retrans
[2024-11-02T15:47:34.695278-0600]    44.8125 MB /   0.50 sec =  753.4942 Mbps     0 retrans
[2024-11-02T15:47:35.195340-0600]    52.0625 MB /   0.50 sec =  873.3730 Mbps     0 retrans
[2024-11-02T15:47:35.695286-0600]    51.5625 MB /   0.50 sec =  865.1652 Mbps     0 retrans
[2024-11-02T15:47:36.195560-0600]    50.8750 MB /   0.50 sec =  853.4589 Mbps     0 retrans
[2024-11-02T15:47:36.695313-0600]    55.0000 MB /   0.50 sec =  922.8318 Mbps     0 retrans
[2024-11-02T15:47:37.195286-0600]    55.7500 MB /   0.50 sec =  935.3261 Mbps     0 retrans
[2024-11-02T15:47:37.695286-0600]    56.9375 MB /   0.50 sec =  955.2604 Mbps     0 retrans
[2024-11-02T15:47:38.195352-0600]    56.9375 MB /   0.50 sec =  955.2069 Mbps     0 retrans
[2024-11-02T15:47:38.695288-0600]    59.2500 MB /   0.50 sec =  994.1057 Mbps     0 retrans
[2024-11-02T15:47:39.195453-0600]    59.7500 MB /   0.50 sec = 1002.4647 Mbps     0 retrans
[2024-11-02T15:47:39.695261-0600]    57.7500 MB /   0.50 sec =  968.8610 Mbps     0 retrans
[2024-11-02T15:47:40.195383-0600]    49.7500 MB /   0.50 sec =  834.5313 Mbps     0 retrans
[2024-11-02T15:47:40.695287-0600]    57.5000 MB /   0.50 sec =  964.8385 Mbps     0 retrans
[2024-11-02T15:47:41.195548-0600]    60.1875 MB /   0.50 sec = 1009.8292 Mbps     0 retrans
[2024-11-02T15:47:41.695297-0600]    57.4375 MB /   0.50 sec =  963.5777 Mbps     0 retrans
[2024-11-02T15:47:42.195304-0600]    57.1250 MB /   0.50 sec =  958.4023 Mbps     0 retrans
[2024-11-02T15:47:42.695492-0600]    55.8125 MB /   0.50 sec =  936.0227 Mbps     0 retrans
[2024-11-02T15:47:43.195297-0600]    57.9375 MB /   0.50 sec =  972.3995 Mbps     0 retrans
[2024-11-02T15:47:43.695265-0600]    57.4375 MB /   0.50 sec =  963.6529 Mbps     0 retrans
[2024-11-02T15:47:44.195294-0600]    59.1875 MB /   0.50 sec =  992.9915 Mbps     0 retrans
[2024-11-02T15:47:44.696095-0600]    50.5625 MB /   0.50 sec =  847.6876 Mbps     0 retrans
[2024-11-02T15:47:45.195846-0600]    44.3125 MB /   0.50 sec =  743.2308 Mbps     0 retrans
[2024-11-02T15:47:45.695285-0600]    50.1250 MB /   0.50 sec =  841.8048 Mbps     0 retrans
[2024-11-02T15:47:46.195289-0600]    49.7500 MB /   0.50 sec =  834.6415 Mbps     0 retrans
[2024-11-02T15:47:46.695283-0600]    49.6250 MB /   0.50 sec =  832.5960 Mbps     0 retrans
[2024-11-02T15:47:47.195336-0600]    48.8750 MB /   0.50 sec =  819.9372 Mbps     0 retrans
[2024-11-02T15:47:47.695326-0600]    48.2500 MB /   0.50 sec =  809.5347 Mbps     0 retrans
[2024-11-02T15:47:48.195344-0600]    45.3750 MB /   0.50 sec =  761.2327 Mbps     0 retrans
[2024-11-02T15:47:48.695295-0600]    44.5625 MB /   0.50 sec =  747.6766 Mbps     0 retrans
[2024-11-02T15:47:49.195325-0600]    51.6875 MB /   0.50 sec =  867.1654 Mbps     0 retrans
[2024-11-02T15:47:49.695785-0600]    54.8750 MB /   0.50 sec =  920.6276 Mbps     0 retrans
[2024-11-02T15:47:50.195673-0600]    56.7500 MB /   0.50 sec =  952.1337 Mbps     0 retrans
[2024-11-02T15:47:50.695349-0600]    31.9375 MB /   0.50 sec =  535.7891 Mbps     0 retrans
[2024-11-02T15:47:51.195269-0600]    33.9375 MB /   0.50 sec =  569.4235 Mbps     0 retrans
[2024-11-02T15:47:51.695283-0600]    42.6250 MB /   0.50 sec =  715.1203 Mbps     0 retrans
[2024-11-02T15:47:52.195285-0600]    37.7500 MB /   0.50 sec =  633.3412 Mbps     0 retrans
[2024-11-02T15:47:52.695540-0600]    25.3750 MB /   0.50 sec =  425.5236 Mbps     0 retrans
[2024-11-02T15:47:53.195432-0600]    28.6875 MB /   0.50 sec =  481.4216 Mbps     0 retrans
[2024-11-02T15:47:53.695314-0600]    38.5000 MB /   0.50 sec =  646.0417 Mbps     0 retrans
[2024-11-02T15:47:54.195837-0600]    22.9375 MB /   0.50 sec =  384.7520 Mbps     0 retrans
[2024-11-02T15:47:54.695307-0600]    22.6875 MB /   0.50 sec =  380.7024 Mbps     0 retrans
[2024-11-02T15:47:55.195289-0600]    27.3125 MB /   0.50 sec =  458.2424 Mbps     0 retrans
[2024-11-02T15:47:55.695720-0600]    27.3750 MB /   0.50 sec =  459.0523 Mbps     0 retrans
[2024-11-02T15:47:56.195290-0600]    28.3750 MB /   0.50 sec =  476.2678 Mbps     0 retrans
[2024-11-02T15:47:56.695281-0600]    28.5000 MB /   0.50 sec =  478.1660 Mbps     0 retrans
[2024-11-02T15:47:57.195392-0600]    25.0625 MB /   0.50 sec =  420.4058 Mbps     0 retrans
[2024-11-02T15:47:57.695324-0600]    31.5625 MB /   0.50 sec =  529.5923 Mbps     0 retrans
[2024-11-02T15:47:58.195276-0600]    29.1875 MB /   0.50 sec =  489.7144 Mbps     0 retrans
[2024-11-02T15:47:58.695298-0600]    29.1875 MB /   0.50 sec =  489.6830 Mbps     0 retrans
[2024-11-02T15:47:59.195409-0600]    22.3125 MB /   0.50 sec =  374.2653 Mbps     0 retrans
[2024-11-02T15:47:59.695305-0600]    25.5000 MB /   0.50 sec =  427.9037 Mbps     0 retrans
[2024-11-02T15:48:00.195298-0600]    23.8125 MB /   0.50 sec =  399.5107 Mbps     0 retrans
[2024-11-02T15:48:00.695299-0600]    23.5625 MB /   0.50 sec =  395.3116 Mbps     0 retrans
[2024-11-02T15:48:01.195752-0600]    10.6250 MB /   0.50 sec =  178.1567 Mbps     0 retrans
[2024-11-02T15:48:01.696921-0600]    10.1875 MB /   0.50 sec =  170.4971 Mbps     0 retrans
[2024-11-02T15:48:02.195359-0600]    19.0625 MB /   0.50 sec =  320.7742 Mbps     0 retrans
[2024-11-02T15:48:02.695433-0600]    16.0000 MB /   0.50 sec =  268.4505 Mbps     0 retrans
[2024-11-02T15:48:03.195341-0600]    15.4375 MB /   0.50 sec =  258.9750 Mbps     0 retrans
[2024-11-02T15:48:03.695436-0600]    14.6250 MB /   0.50 sec =  245.3285 Mbps     0 retrans
[2024-11-02T15:48:04.195271-0600]    15.5000 MB /   0.50 sec =  260.1108 Mbps     0 retrans
[2024-11-02T15:48:04.695307-0600]    13.8125 MB /   0.50 sec =  231.7297 Mbps     0 retrans
[2024-11-02T15:48:05.195463-0600]     7.9375 MB /   0.50 sec =  133.1324 Mbps     0 retrans
[2024-11-02T15:48:05.695463-0600]     7.3750 MB /   0.50 sec =  123.7359 Mbps     0 retrans
[2024-11-02T15:48:06.195422-0600]    10.7500 MB /   0.50 sec =  180.3544 Mbps     0 retrans
[2024-11-02T15:48:06.695360-0600]     5.8125 MB /   0.50 sec =   97.5256 Mbps     0 retrans
[2024-11-02T15:48:07.196467-0600]     7.0625 MB /   0.50 sec =  118.2580 Mbps     0 retrans
[2024-11-02T15:48:07.696463-0600]     4.9375 MB /   0.50 sec =   82.8405 Mbps     0 retrans
[2024-11-02T15:48:08.195290-0600]     9.9375 MB /   0.50 sec =  167.0741 Mbps     0 retrans
[2024-11-02T15:48:08.696453-0600]     3.1250 MB /   0.50 sec =   52.3193 Mbps     0 retrans
[2024-11-02T15:48:09.195313-0600]     1.0625 MB /   0.50 sec =   17.8613 Mbps     0 retrans
[2024-11-02T15:48:09.695485-0600]     5.3125 MB /   0.50 sec =   89.1099 Mbps     0 retrans
[2024-11-02T15:48:10.195647-0600]     4.1875 MB /   0.50 sec =   70.2575 Mbps     0 retrans
[2024-11-02T15:48:10.696469-0600]     6.1875 MB /   0.50 sec =  103.6184 Mbps     0 retrans
[2024-11-02T15:48:11.195359-0600]     5.6875 MB /   0.50 sec =   95.6093 Mbps     0 retrans
[2024-11-02T15:48:11.695235-0600]     1.7500 MB /   0.50 sec =   29.3643 Mbps     0 retrans
[2024-11-02T15:48:12.195296-0600]     4.7500 MB /   0.50 sec =   79.6924 Mbps     0 retrans
[2024-11-02T15:48:12.695318-0600]     5.1250 MB /   0.50 sec =   85.9750 Mbps     0 retrans
[2024-11-02T15:48:13.195205-0600]     0.4375 MB /   0.50 sec =    7.3409 Mbps     0 retrans
[2024-11-02T15:48:13.695479-0600]     1.6250 MB /   0.50 sec =   27.2607 Mbps     0 retrans
[2024-11-02T15:48:14.195447-0600]     0.2500 MB /   0.50 sec =    4.1933 Mbps     0 retrans
[2024-11-02T15:48:14.695264-0600]     2.3750 MB /   0.50 sec =   39.8573 Mbps     0 retrans
[2024-11-02T15:48:15.195219-0600]     2.5625 MB /   0.50 sec =   42.9938 Mbps     0 retrans
[2024-11-02T15:48:15.695359-0600]     2.2500 MB /   0.50 sec =   37.7499 Mbps     0 retrans
[2024-11-02T15:48:16.195307-0600]     2.2500 MB /   0.50 sec =   37.7448 Mbps     0 retrans
[2024-11-02T15:48:16.695493-0600]     2.1875 MB /   0.50 sec =   36.6946 Mbps     0 retrans
[2024-11-02T15:48:17.195291-0600]     2.7500 MB /   0.50 sec =   46.1452 Mbps     0 retrans
[2024-11-02T15:48:17.695263-0600]     2.4375 MB /   0.50 sec =   40.8953 Mbps     0 retrans
[2024-11-02T15:48:18.195249-0600]     2.5000 MB /   0.50 sec =   41.9411 Mbps     0 retrans
[2024-11-02T15:48:18.695695-0600]     3.0625 MB /   0.50 sec =   51.3411 Mbps     0 retrans
[2024-11-02T15:48:19.195349-0600]     3.0000 MB /   0.50 sec =   50.3658 Mbps     0 retrans
[2024-11-02T15:48:19.695271-0600]     3.5625 MB /   0.50 sec =   59.7764 Mbps     0 retrans
[2024-11-02T15:48:20.195252-0600]     3.1875 MB /   0.50 sec =   53.4778 Mbps     0 retrans
[2024-11-02T15:48:20.695466-0600]     3.0000 MB /   0.50 sec =   50.3330 Mbps     0 retrans
[2024-11-02T15:48:21.195219-0600]     3.3750 MB /   0.50 sec =   56.6199 Mbps     0 retrans
[2024-11-02T15:48:21.695303-0600]     3.1250 MB /   0.50 sec =   52.4295 Mbps     0 retrans
[2024-11-02T15:48:22.195248-0600]     0.8750 MB /   0.50 sec =   14.6803 Mbps     0 retrans
[2024-11-02T15:48:22.695882-0600]     2.5000 MB /   0.50 sec =   41.9062 Mbps     0 retrans
[2024-11-02T15:48:23.195284-0600]     3.0000 MB /   0.50 sec =   50.3757 Mbps     0 retrans
[2024-11-02T15:48:23.695337-0600]     2.0000 MB /   0.50 sec =   33.5507 Mbps     0 retrans
[2024-11-02T15:48:24.195359-0600]     2.0625 MB /   0.50 sec =   34.6011 Mbps     0 retrans
[2024-11-02T15:48:24.695293-0600]     2.6250 MB /   0.50 sec =   44.0466 Mbps     0 retrans
[2024-11-02T15:48:25.195291-0600]     2.5000 MB /   0.50 sec =   41.9431 Mbps     0 retrans
[2024-11-02T15:48:25.695305-0600]     2.1250 MB /   0.50 sec =   35.6505 Mbps     0 retrans
[2024-11-02T15:48:26.195287-0600]     2.1875 MB /   0.50 sec =   36.7017 Mbps     0 retrans
[2024-11-02T15:48:26.695533-0600]     2.4375 MB /   0.50 sec =   40.8946 Mbps     0 retrans
[2024-11-02T15:48:27.195347-0600]     2.5000 MB /   0.50 sec =   41.9384 Mbps     0 retrans
[2024-11-02T15:48:27.695398-0600]     2.1875 MB /   0.50 sec =   36.7042 Mbps     0 retrans
[2024-11-02T15:48:28.195291-0600]     2.5625 MB /   0.50 sec =   42.9905 Mbps     0 retrans
[2024-11-02T15:48:28.695285-0600]     2.5000 MB /   0.50 sec =   41.9437 Mbps     0 retrans
[2024-11-02T15:48:29.196342-0600]     2.3125 MB /   0.50 sec =   38.7185 Mbps     0 retrans
[2024-11-02T15:48:29.695278-0600]     2.9375 MB /   0.50 sec =   49.3836 Mbps     0 retrans
[2024-11-02T15:48:30.195443-0600]     2.4375 MB /   0.50 sec =   40.8939 Mbps     0 retrans
[2024-11-02T15:48:30.695288-0600]     2.1250 MB /   0.50 sec =   35.6519 Mbps     0 retrans
[2024-11-02T15:48:31.195281-0600]     2.5000 MB /   0.50 sec =   41.9431 Mbps     0 retrans
[2024-11-02T15:48:31.696281-0600]     2.4375 MB /   0.50 sec =   40.8167 Mbps     0 retrans
[2024-11-02T15:48:32.195297-0600]     2.3125 MB /   0.50 sec =   38.8707 Mbps     0 retrans
[2024-11-02T15:48:32.695280-0600]     1.1875 MB /   0.50 sec =   19.9234 Mbps     0 retrans
[2024-11-02T15:48:33.196006-0600]     1.0000 MB /   0.50 sec =   16.7628 Mbps     0 retrans
[2024-11-02T15:48:33.695682-0600]     3.3125 MB /   0.50 sec =   55.5795 Mbps     0 retrans
[2024-11-02T15:48:34.195207-0600]     3.3125 MB /   0.50 sec =   55.6191 Mbps     0 retrans
[2024-11-02T15:48:34.695731-0600]     2.3750 MB /   0.50 sec =   39.8095 Mbps     0 retrans
[2024-11-02T15:48:35.195486-0600]     0.6250 MB /   0.50 sec =   10.4915 Mbps     0 retrans
[2024-11-02T15:48:35.695274-0600]     2.7500 MB /   0.50 sec =   46.1529 Mbps     0 retrans
[2024-11-02T15:48:36.196448-0600]     0.9375 MB /   0.50 sec =   15.6956 Mbps     0 retrans
[2024-11-02T15:48:36.695475-0600]     2.4375 MB /   0.50 sec =   40.9804 Mbps     0 retrans
[2024-11-02T15:48:37.195347-0600]     1.9375 MB /   0.50 sec =   32.5028 Mbps     0 retrans
[2024-11-02T15:48:37.696361-0600]     1.3750 MB /   0.50 sec =   23.0239 Mbps     0 retrans
[2024-11-02T15:48:38.196459-0600]     1.3750 MB /   0.50 sec =   23.0665 Mbps     0 retrans
[2024-11-02T15:48:38.695488-0600]     0.8750 MB /   0.50 sec =   14.7067 Mbps     0 retrans
[2024-11-02T15:48:39.195296-0600]     2.0625 MB /   0.50 sec =   34.6148 Mbps     0 retrans
[2024-11-02T15:48:39.695357-0600]     1.5625 MB /   0.50 sec =   26.2107 Mbps     0 retrans
[2024-11-02T15:48:40.195334-0600]     1.3125 MB /   0.50 sec =   22.0220 Mbps     0 retrans
[2024-11-02T15:48:40.695328-0600]     1.2500 MB /   0.50 sec =   20.9708 Mbps     0 retrans
[2024-11-02T15:48:41.195384-0600]     1.5000 MB /   0.50 sec =   25.1696 Mbps     0 retrans
[2024-11-02T15:48:41.695459-0600]     1.0000 MB /   0.50 sec =   16.7715 Mbps     0 retrans
[2024-11-02T15:48:42.196573-0600]     0.0000 MB /   0.50 sec =    0.0000 Mbps     0 retrans
[2024-11-02T15:48:42.695491-0600]     0.8750 MB /   0.50 sec =   14.7087 Mbps     0 retrans
[2024-11-02T15:48:43.195320-0600]     0.7500 MB /   0.50 sec =   12.5870 Mbps     0 retrans
[2024-11-02T15:48:43.695340-0600]     1.3125 MB /   0.50 sec =   22.0182 Mbps     0 retrans
[2024-11-02T15:48:44.195262-0600]     1.8750 MB /   0.50 sec =   31.4607 Mbps     0 retrans
[2024-11-02T15:48:44.695278-0600]     1.9375 MB /   0.50 sec =   32.5058 Mbps     0 retrans
[2024-11-02T15:48:45.195286-0600]     1.6875 MB /   0.50 sec =   28.3115 Mbps     0 retrans
[2024-11-02T15:48:45.695464-0600]     1.6875 MB /   0.50 sec =   28.3112 Mbps     0 retrans
[2024-11-02T15:48:46.195306-0600]     1.6250 MB /   0.50 sec =   27.2611 Mbps     0 retrans
[2024-11-02T15:48:46.695578-0600]     2.1250 MB /   0.50 sec =   35.6536 Mbps     0 retrans
[2024-11-02T15:48:47.195710-0600]     1.8125 MB /   0.50 sec =   30.3850 Mbps     0 retrans
[2024-11-02T15:48:47.695250-0600]     1.5000 MB /   0.50 sec =   25.1860 Mbps     0 retrans
[2024-11-02T15:48:48.195682-0600]     1.6250 MB /   0.50 sec =   27.2411 Mbps     0 retrans
[2024-11-02T15:48:48.695280-0600]     1.7500 MB /   0.50 sec =   29.3842 Mbps     0 retrans
[2024-11-02T15:48:49.195277-0600]     1.6875 MB /   0.50 sec =   28.3110 Mbps     0 retrans
[2024-11-02T15:48:49.695289-0600]     1.6875 MB /   0.50 sec =   28.3113 Mbps     0 retrans
[2024-11-02T15:48:50.196295-0600]     0.6875 MB /   0.50 sec =   11.5120 Mbps     0 retrans
[2024-11-02T15:48:50.695281-0600]     1.4375 MB /   0.50 sec =   24.1652 Mbps     0 retrans
[2024-11-02T15:48:51.195626-0600]     1.9375 MB /   0.50 sec =   32.5049 Mbps     0 retrans
[2024-11-02T15:48:51.695287-0600]     1.8125 MB /   0.50 sec =   30.4088 Mbps     0 retrans
[2024-11-02T15:48:52.195505-0600]     1.5000 MB /   0.50 sec =   25.1650 Mbps     0 retrans
[2024-11-02T15:48:52.695792-0600]     1.5000 MB /   0.50 sec =   25.1414 Mbps     0 retrans
[2024-11-02T15:48:53.195292-0600]     1.6875 MB /   0.50 sec =   28.3395 Mbps     0 retrans
[2024-11-02T15:48:53.695292-0600]     1.3750 MB /   0.50 sec =   23.0686 Mbps     0 retrans
[2024-11-02T15:48:54.195429-0600]     0.8750 MB /   0.50 sec =   14.6765 Mbps     0 retrans
[2024-11-02T15:48:54.695345-0600]     1.8750 MB /   0.50 sec =   31.4623 Mbps     0 retrans
[2024-11-02T15:48:55.195281-0600]     1.4375 MB /   0.50 sec =   24.1198 Mbps     0 retrans
[2024-11-02T15:48:55.695399-0600]     1.4375 MB /   0.50 sec =   24.1172 Mbps     0 retrans
[2024-11-02T15:48:56.195278-0600]     1.1250 MB /   0.50 sec =   18.8735 Mbps     0 retrans
[2024-11-02T15:48:56.695338-0600]     0.8750 MB /   0.50 sec =   14.6789 Mbps     0 retrans
[2024-11-02T15:48:57.195333-0600]     0.6250 MB /   0.50 sec =   10.4861 Mbps     0 retrans
[2024-11-02T15:48:57.695351-0600]     0.0000 MB /   0.50 sec =    0.0000 Mbps     0 retrans
[2024-11-02T15:48:58.195328-0600]     0.5000 MB /   0.50 sec =    8.3888 Mbps     0 retrans
[2024-11-02T15:48:58.695412-0600]     0.6875 MB /   0.50 sec =   11.5327 Mbps     0 retrans
[2024-11-02T15:48:59.195332-0600]     0.5000 MB /   0.50 sec =    8.3896 Mbps     0 retrans
[2024-11-02T15:48:59.695347-0600]     1.0000 MB /   0.50 sec =   16.7772 Mbps     0 retrans
[2024-11-02T15:49:00.195329-0600]     0.8750 MB /   0.50 sec =   14.6801 Mbps     0 retrans
[2024-11-02T15:49:00.695364-0600]     1.2500 MB /   0.50 sec =   20.9702 Mbps     0 retrans
[2024-11-02T15:49:01.195354-0600]     0.5000 MB /   0.50 sec =    8.3891 Mbps     0 retrans
[2024-11-02T15:49:01.695375-0600]     0.5000 MB /   0.50 sec =    8.3883 Mbps     0 retrans
[2024-11-02T15:49:02.195498-0600]     0.7500 MB /   0.50 sec =   12.5849 Mbps     0 retrans
[2024-11-02T15:49:02.695500-0600]     0.3750 MB /   0.50 sec =    6.2907 Mbps     0 retrans
[2024-11-02T15:49:03.195392-0600]     0.0000 MB /   0.50 sec =    0.0000 Mbps     0 retrans
[2024-11-02T15:49:03.695358-0600]     0.5625 MB /   0.50 sec =    9.4374 Mbps     0 retrans
[2024-11-02T15:49:04.195561-0600]     0.3125 MB /   0.50 sec =    5.2411 Mbps     0 retrans
[2024-11-02T15:49:04.695309-0600]     0.5000 MB /   0.50 sec =    8.3919 Mbps     0 retrans
[2024-11-02T15:49:05.196928-0600]     0.0625 MB /   0.50 sec =    1.0463 Mbps     0 retrans
[2024-11-02T15:49:05.695550-0600]     0.3125 MB /   0.50 sec =    5.2537 Mbps     0 retrans
[2024-11-02T15:49:06.196460-0600]     0.0000 MB /   0.50 sec =    0.0000 Mbps     0 retrans
[2024-11-02T15:49:06.696764-0600]     0.1250 MB /   0.50 sec =    2.0971 Mbps     0 retrans
[2024-11-02T15:49:07.195519-0600]     0.0000 MB /   0.50 sec =    0.0000 Mbps     0 retrans
[2024-11-02T15:49:07.695633-0600]     0.0000 MB /   0.50 sec =    0.0000 Mbps     0 retrans
[2024-11-02T15:49:08.196556-0600]     0.0000 MB /   0.50 sec =    0.0000 Mbps     0 retrans
[2024-11-02T15:49:08.696517-0600]     0.0000 MB /   0.50 sec =    0.0000 Mbps     0 retrans
[2024-11-02T15:49:09.195568-0600]     0.0000 MB /   0.50 sec =    0.0000 Mbps     0 retrans
[2024-11-02T15:49:09.696615-0600]     0.0000 MB /   0.50 sec =    0.0000 Mbps     0 retrans
[2024-11-02T15:49:10.196828-0600]     0.0000 MB /   0.50 sec =    0.0000 Mbps     0 retrans
[2024-11-02T15:49:10.696471-0600]     0.0000 MB /   0.50 sec =    0.0000 Mbps     0 retrans
[2024-11-02T15:49:11.195406-0600]     0.0000 MB /   0.50 sec =    0.0000 Mbps     0 retrans
[2024-11-02T15:49:11.696496-0600]     0.0625 MB /   0.50 sec =    1.0463 Mbps     0 retrans
[2024-11-02T15:49:12.195447-0600]     0.1250 MB /   0.50 sec =    2.1007 Mbps     0 retrans
[2024-11-02T15:49:12.696603-0600]     0.0625 MB /   0.50 sec =    1.0463 Mbps     0 retrans
[2024-11-02T15:49:13.195277-0600]     0.1875 MB /   0.50 sec =    3.1539 Mbps     0 retrans
[2024-11-02T15:49:13.695459-0600]     0.3125 MB /   0.50 sec =    5.2428 Mbps     0 retrans
[2024-11-02T15:49:14.195277-0600]     0.3125 MB /   0.50 sec =    5.2429 Mbps     0 retrans
[2024-11-02T15:49:14.695569-0600]     0.1875 MB /   0.50 sec =    3.1444 Mbps     0 retrans
[2024-11-02T15:49:15.196643-0600]     0.0000 MB /   0.50 sec =    0.0000 Mbps     0 retrans
[2024-11-02T15:49:15.695470-0600]     0.1250 MB /   0.50 sec =    2.1013 Mbps     0 retrans
[2024-11-02T15:49:16.195375-0600]     0.3750 MB /   0.50 sec =    6.2926 Mbps     0 retrans
[2024-11-02T15:49:16.695279-0600]     0.2500 MB /   0.50 sec =    4.1949 Mbps     0 retrans
[2024-11-02T15:49:17.195284-0600]     0.4375 MB /   0.50 sec =    7.3399 Mbps     0 retrans
[2024-11-02T15:49:17.695461-0600]     0.5625 MB /   0.50 sec =    9.4367 Mbps     0 retrans
[2024-11-02T15:49:18.195288-0600]     0.6875 MB /   0.50 sec =   11.5349 Mbps     0 retrans
[2024-11-02T15:49:18.695278-0600]     0.8750 MB /   0.50 sec =   14.6801 Mbps     0 retrans
[2024-11-02T15:49:19.195296-0600]     0.9375 MB /   0.50 sec =   15.7286 Mbps     0 retrans
[2024-11-02T15:49:19.695270-0600]     1.2500 MB /   0.50 sec =   20.9719 Mbps     0 retrans
[2024-11-02T15:49:20.195282-0600]     1.5000 MB /   0.50 sec =   25.1654 Mbps     0 retrans
[2024-11-02T15:49:20.695319-0600]     1.8750 MB /   0.50 sec =   31.4559 Mbps     0 retrans
End time: 1730584161229
