Start time: 1730509842175
[2024-11-01T18:10:47.277170-0700] traceroute to 54.176.53.206 (54.176.53.206), 30 hops max, 60 byte packets
[2024-11-01T18:10:47.277790-0700]  1  * * *
[2024-11-01T18:10:47.277878-0700]  2  * * *
[2024-11-01T18:10:47.277912-0700]  3  * * *
[2024-11-01T18:10:47.283178-0700]  4  * * *
[2024-11-01T18:10:47.283290-0700]  5  * * *
[2024-11-01T18:10:52.285682-0700]  6  * * *
[2024-11-01T18:10:52.286116-0700]  7  * * *
[2024-11-01T18:10:52.286213-0700]  8  * * *
[2024-11-01T18:10:52.286275-0700]  9  * * *
[2024-11-01T18:10:52.299653-0700] 10  * * *
[2024-11-01T18:10:57.295568-0700] 11  * * *
[2024-11-01T18:10:57.295971-0700] 12  * * *
[2024-11-01T18:10:57.302723-0700] 13  * * *
[2024-11-01T18:10:57.302802-0700] 14  * * *
[2024-11-01T18:10:57.302857-0700] 15  * * *
[2024-11-01T18:11:02.304354-0700] 16  * * *
[2024-11-01T18:11:02.304820-0700] 17  * * *
[2024-11-01T18:11:02.304952-0700] 18  * * *
[2024-11-01T18:11:02.315561-0700] 19  * * *
[2024-11-01T18:11:02.315809-0700] 20  * * *
[2024-11-01T18:11:02.315891-0700] 21  * * *
[2024-11-01T18:11:07.314319-0700] 22  * * *
[2024-11-01T18:11:07.323167-0700] 23  * * *
[2024-11-01T18:11:07.323338-0700] 24  * * *
[2024-11-01T18:11:07.323459-0700] 25  * * *
[2024-11-01T18:11:07.332765-0700] 26  * * *
[2024-11-01T18:11:12.265819-0700] 27  * *End time: 1730509872317
