Start time: 1745102598569
Connecting to host 34.86.116.81, port 5209
Reverse mode, remote host 34.86.116.81 is sending
[  5] local 192.0.0.2 port 57532 connected to 34.86.116.81 port 5209
[ ID] Interval           Transfer     Bitrate
[  5]   0.00-0.10   sec  30.6 KBytes  2.51 Mbits/sec                  
[  5]   0.10-0.20   sec  71.9 KBytes  5.90 Mbits/sec                  
[  5]   0.20-0.30   sec   225 KBytes  18.4 Mbits/sec                  
[  5]   0.30-0.40   sec   978 KBytes  80.1 Mbits/sec                  
[  5]   0.40-0.50   sec  2.65 MBytes   222 Mbits/sec                  
[  5]   0.50-0.60   sec  2.80 MBytes   234 Mbits/sec                  
[  5]   0.60-0.70   sec  1.77 MBytes   148 Mbits/sec                  
[  5]   0.70-0.80   sec  5.36 MBytes   450 Mbits/sec                  
[  5]   0.80-0.90   sec  3.77 MBytes   316 Mbits/sec                  
[  5]   0.90-1.00   sec  2.68 MBytes   225 Mbits/sec                  
[  5]   1.00-1.10   sec  4.88 MBytes   410 Mbits/sec                  
[  5]   1.10-1.20   sec  5.07 MBytes   426 Mbits/sec                  
[  5]   1.20-1.30   sec  4.53 MBytes   380 Mbits/sec                  
[  5]   1.30-1.40   sec  5.17 MBytes   434 Mbits/sec                  
[  5]   1.40-1.50   sec  5.87 MBytes   493 Mbits/sec                  
[  5]   1.50-1.60   sec  5.37 MBytes   451 Mbits/sec                  
[  5]   1.60-1.70   sec  2.72 MBytes   228 Mbits/sec                  
[  5]   1.70-1.80   sec  4.53 MBytes   380 Mbits/sec                  
[  5]   1.80-1.90   sec  6.65 MBytes   557 Mbits/sec                  
[  5]   1.90-2.00   sec  6.52 MBytes   547 Mbits/sec                  
[  5]   2.00-2.10   sec  5.38 MBytes   452 Mbits/sec                  
[  5]   2.10-2.20   sec  5.63 MBytes   472 Mbits/sec                  
[  5]   2.20-2.30   sec  7.00 MBytes   588 Mbits/sec                  
[  5]   2.30-2.40   sec  6.23 MBytes   522 Mbits/sec                  
[  5]   2.40-2.50   sec  5.90 MBytes   495 Mbits/sec                  
[  5]   2.50-2.60   sec  5.99 MBytes   501 Mbits/sec                  
[  5]   2.60-2.70   sec  4.41 MBytes   371 Mbits/sec                  
[  5]   2.70-2.80   sec  5.28 MBytes   443 Mbits/sec                  
[  5]   2.80-2.90   sec  6.53 MBytes   548 Mbits/sec                  
[  5]   2.90-3.00   sec  6.95 MBytes   584 Mbits/sec                  
[  5]   3.00-3.10   sec  6.17 MBytes   517 Mbits/sec                  
[  5]   3.10-3.20   sec  6.28 MBytes   527 Mbits/sec                  
[  5]   3.20-3.30   sec  3.95 MBytes   331 Mbits/sec                  
[  5]   3.30-3.40   sec  5.53 MBytes   464 Mbits/sec                  
[  5]   3.40-3.50   sec  5.63 MBytes   472 Mbits/sec                  
[  5]   3.50-3.60   sec  5.44 MBytes   457 Mbits/sec                  
[  5]   3.60-3.70   sec  3.28 MBytes   275 Mbits/sec                  
[  5]   3.70-3.80   sec  5.61 MBytes   471 Mbits/sec                  
[  5]   3.80-3.90   sec  5.27 MBytes   442 Mbits/sec                  
[  5]   3.90-4.00   sec  5.68 MBytes   477 Mbits/sec                  
[  5]   4.00-4.10   sec  5.03 MBytes   422 Mbits/sec                  
[  5]   4.10-4.20   sec  5.24 MBytes   440 Mbits/sec                  
[  5]   4.20-4.30   sec  5.38 MBytes   451 Mbits/sec                  
[  5]   4.30-4.40   sec  5.35 MBytes   449 Mbits/sec                  
[  5]   4.40-4.50   sec  5.61 MBytes   471 Mbits/sec                  
[  5]   4.50-4.60   sec  3.93 MBytes   330 Mbits/sec                  
[  5]   4.60-4.70   sec  5.39 MBytes   452 Mbits/sec                  
[  5]   4.70-4.80   sec  4.99 MBytes   418 Mbits/sec                  
[  5]   4.80-4.90   sec  7.02 MBytes   589 Mbits/sec                  
[  5]   4.90-5.00   sec  7.04 MBytes   590 Mbits/sec                  
- - - - - - - - - - - - - - - - - - - - - - - - -
[ ID] Interval           Transfer     Bitrate         Retr
[  5]   0.00-5.04   sec   520 MBytes   866 Mbits/sec    0             sender
[  5]   0.00-5.00   sec   239 MBytes   401 Mbits/sec                  receiver

iperf Done.
End time: 1745102604240
