Start time: 1747682948375
Connecting to host 34.145.166.89, port 5207
Reverse mode, remote host 34.145.166.89 is sending
[  5] local 192.0.0.2 port 45962 connected to 34.145.166.89 port 5207
[ ID] Interval           Transfer     Bitrate
[  5]   0.00-0.10   sec  34.6 KBytes  2.83 Mbits/sec                  
[  5]   0.10-0.20   sec  44.0 KBytes  3.60 Mbits/sec                  
[  5]   0.20-0.30   sec  49.3 KBytes  4.04 Mbits/sec                  
[  5]   0.30-0.40   sec  54.6 KBytes  4.47 Mbits/sec                  
[  5]   0.40-0.50   sec  57.3 KBytes  4.69 Mbits/sec                  
[  5]   0.50-0.60   sec  32.0 KBytes  2.62 Mbits/sec                  
[  5]   0.60-0.70   sec  73.3 KBytes  6.00 Mbits/sec                  
[  5]   0.70-0.80   sec  46.6 KBytes  3.82 Mbits/sec                  
[  5]   0.80-0.90   sec  41.3 KBytes  3.38 Mbits/sec                  
[  5]   0.90-1.00   sec  78.6 KBytes  6.44 Mbits/sec                  
[  5]   1.00-1.10   sec  28.0 KBytes  2.29 Mbits/sec                  
[  5]   1.10-1.20   sec  55.9 KBytes  4.58 Mbits/sec                  
[  5]   1.20-1.30   sec  61.3 KBytes  5.02 Mbits/sec                  
[  5]   1.30-1.40   sec  90.6 KBytes  7.42 Mbits/sec                  
[  5]   1.40-1.50   sec   120 KBytes  9.82 Mbits/sec                  
[  5]   1.50-1.60   sec  69.3 KBytes  5.67 Mbits/sec                  
[  5]   1.60-1.70   sec  59.9 KBytes  4.91 Mbits/sec                  
[  5]   1.70-1.80   sec  83.9 KBytes  6.88 Mbits/sec                  
[  5]   1.80-1.90   sec  95.9 KBytes  7.86 Mbits/sec                  
[  5]   1.90-2.00   sec  98.6 KBytes  8.07 Mbits/sec                  
[  5]   2.00-2.10   sec  97.2 KBytes  7.97 Mbits/sec                  
[  5]   2.10-2.20   sec   101 KBytes  8.29 Mbits/sec                  
[  5]   2.20-2.30   sec  97.2 KBytes  7.96 Mbits/sec                  
[  5]   2.30-2.40   sec   157 KBytes  12.9 Mbits/sec                  
[  5]   2.40-2.50   sec   184 KBytes  15.1 Mbits/sec                  
[  5]   2.50-2.60   sec  93.2 KBytes  7.64 Mbits/sec                  
[  5]   2.60-2.70   sec   173 KBytes  14.2 Mbits/sec                  
[  5]   2.70-2.80   sec   206 KBytes  16.9 Mbits/sec                  
[  5]   2.80-2.90   sec   111 KBytes  9.05 Mbits/sec                  
[  5]   2.90-3.00   sec  20.0 KBytes  1.64 Mbits/sec                  
[  5]   3.00-3.10   sec   121 KBytes  9.93 Mbits/sec                  
[  5]   3.10-3.20   sec  49.3 KBytes  4.03 Mbits/sec                  
[  5]   3.20-3.30   sec  82.6 KBytes  6.77 Mbits/sec                  
[  5]   3.30-3.40   sec   127 KBytes  10.4 Mbits/sec                  
[  5]   3.40-3.50   sec  82.6 KBytes  6.77 Mbits/sec                  
[  5]   3.50-3.60   sec  95.9 KBytes  7.86 Mbits/sec                  
[  5]   3.60-3.70   sec   144 KBytes  11.8 Mbits/sec                  
[  5]   3.70-3.80   sec   108 KBytes  8.84 Mbits/sec                  
[  5]   3.80-3.90   sec   107 KBytes  8.73 Mbits/sec                  
[  5]   3.90-4.00   sec  38.6 KBytes  3.16 Mbits/sec                  
[  5]   4.00-4.10   sec  18.6 KBytes  1.53 Mbits/sec                  
[  5]   4.10-4.20   sec   214 KBytes  17.6 Mbits/sec                  
[  5]   4.20-4.30   sec   249 KBytes  20.4 Mbits/sec                  
[  5]   4.30-4.40   sec   328 KBytes  26.8 Mbits/sec                  
[  5]   4.40-4.50   sec   109 KBytes  8.95 Mbits/sec                  
[  5]   4.50-4.60   sec   424 KBytes  34.7 Mbits/sec                  
[  5]   4.60-4.70   sec   416 KBytes  34.0 Mbits/sec                  
[  5]   4.70-4.80   sec   466 KBytes  38.2 Mbits/sec                  
[  5]   4.80-4.90   sec   337 KBytes  27.6 Mbits/sec                  
[  5]   4.90-5.00   sec   124 KBytes  10.1 Mbits/sec                  
- - - - - - - - - - - - - - - - - - - - - - - - -
[ ID] Interval           Transfer     Bitrate         Retr
[  5]   0.00-5.04   sec  6.93 MBytes  11.5 Mbits/sec    0             sender
[  5]   0.00-5.00   sec  6.01 MBytes  10.1 Mbits/sec                  receiver

iperf Done.
End time: 1747682954209
