Start time: 1731019860576
[2024-11-07T17:51:05.653913-0500] traceroute to 54.197.223.49 (54.197.223.49), 30 hops max, 60 byte packets
[2024-11-07T17:51:05.654585-0500]  1  * * *
[2024-11-07T17:51:05.654638-0500]  2  * * *
[2024-11-07T17:51:05.654681-0500]  3  * * *
[2024-11-07T17:51:05.654720-0500]  4  * * *
[2024-11-07T17:51:05.654758-0500]  5  * * *
[2024-11-07T17:51:10.661207-0500]  6  * * *
[2024-11-07T17:51:10.661407-0500]  7  * * *
[2024-11-07T17:51:10.661451-0500]  8  * * *
[2024-11-07T17:51:10.661481-0500]  9  * * *
[2024-11-07T17:51:10.661508-0500] 10  * * *
[2024-11-07T17:51:15.668199-0500] 11  * * *
[2024-11-07T17:51:15.668545-0500] 12  * * *
[2024-11-07T17:51:15.668642-0500] 13  * * *
[2024-11-07T17:51:15.668716-0500] 14  * * *
[2024-11-07T17:51:15.668784-0500] 15  * * *
[2024-11-07T17:51:20.676660-0500] 16  * * *
[2024-11-07T17:51:20.677137-0500] 17  * * *
[2024-11-07T17:51:20.686206-0500] 18  * * *
[2024-11-07T17:51:20.686359-0500] 19  * * *
[2024-11-07T17:51:20.686474-0500] 20  * * *
[2024-11-07T17:51:20.696199-0500] 21  * * *
[2024-11-07T17:51:25.685344-0500] 22  * * *
[2024-11-07T17:51:25.688178-0500] 23  * * *
[2024-11-07T17:51:25.692890-0500] 24  * * *
[2024-11-07T17:51:25.695351-0500] 25  * * *
[2024-11-07T17:51:25.697791-0500] 26  * * *
[2024-11-07T17:51:30.642152-0500] 27  * *End time: 1731019890703
