Start time: 1745082001342
Connecting to host 34.86.116.81, port 5201
Reverse mode, remote host 34.86.116.81 is sending
[  5] local 192.0.0.2 port 40412 connected to 34.86.116.81 port 5201
[ ID] Interval           Transfer     Bitrate
[  5]   0.00-0.10   sec  48.0 KBytes  3.93 Mbits/sec                  
[  5]   0.10-0.20   sec  58.6 KBytes  4.80 Mbits/sec                  
[  5]   0.20-0.30   sec   169 KBytes  13.8 Mbits/sec                  
[  5]   0.30-0.40   sec  98.6 KBytes  8.00 Mbits/sec                  
[  5]   0.40-0.50   sec  9.32 KBytes   770 Kbits/sec                  
[  5]   0.50-0.60   sec  26.6 KBytes  2.18 Mbits/sec                  
[  5]   0.60-0.70   sec  40.0 KBytes  3.27 Mbits/sec                  
[  5]   0.70-0.80   sec  58.6 KBytes  4.81 Mbits/sec                  
[  5]   0.80-0.90   sec  33.3 KBytes  2.72 Mbits/sec                  
[  5]   0.90-1.00   sec  36.0 KBytes  2.95 Mbits/sec                  
[  5]   1.00-1.10   sec  26.6 KBytes  2.18 Mbits/sec                  
[  5]   1.10-1.20   sec  26.6 KBytes  2.16 Mbits/sec                  
[  5]   1.20-1.30   sec  33.3 KBytes  2.76 Mbits/sec                  
[  5]   1.30-1.40   sec  28.0 KBytes  2.29 Mbits/sec                  
[  5]   1.40-1.50   sec  29.3 KBytes  2.40 Mbits/sec                  
[  5]   1.50-1.60   sec  29.3 KBytes  2.40 Mbits/sec                  
[  5]   1.60-1.70   sec  26.6 KBytes  2.18 Mbits/sec                  
[  5]   1.70-1.80   sec  29.3 KBytes  2.40 Mbits/sec                  
[  5]   1.80-1.90   sec  21.3 KBytes  1.73 Mbits/sec                  
[  5]   1.90-2.00   sec  37.3 KBytes  3.09 Mbits/sec                  
[  5]   2.00-2.10   sec  26.6 KBytes  2.18 Mbits/sec                  
[  5]   2.10-2.20   sec  29.3 KBytes  2.40 Mbits/sec                  
[  5]   2.20-2.30   sec  30.6 KBytes  2.51 Mbits/sec                  
[  5]   2.30-2.40   sec  14.7 KBytes  1.19 Mbits/sec                  
[  5]   2.40-2.50   sec  42.6 KBytes  3.53 Mbits/sec                  
[  5]   2.50-2.60   sec  26.6 KBytes  2.18 Mbits/sec                  
[  5]   2.60-2.70   sec  32.0 KBytes  2.62 Mbits/sec                  
[  5]   2.70-2.80   sec  21.3 KBytes  1.74 Mbits/sec                  
[  5]   2.80-2.90   sec  1.33 KBytes   109 Kbits/sec                  
[  5]   2.90-3.00   sec  61.3 KBytes  5.02 Mbits/sec                  
[  5]   3.00-3.10   sec  28.0 KBytes  2.29 Mbits/sec                  
[  5]   3.10-3.20   sec  20.0 KBytes  1.64 Mbits/sec                  
[  5]   3.20-3.30   sec  33.3 KBytes  2.72 Mbits/sec                  
[  5]   3.30-3.40   sec  12.0 KBytes   975 Kbits/sec                  
[  5]   3.40-3.50   sec  4.00 KBytes   330 Kbits/sec                  
[  5]   3.50-3.60   sec  12.0 KBytes   982 Kbits/sec                  
[  5]   3.60-3.70   sec  57.3 KBytes  4.65 Mbits/sec                  
[  5]   3.70-3.80   sec  32.0 KBytes  2.65 Mbits/sec                  
[  5]   3.80-3.90   sec  40.0 KBytes  3.28 Mbits/sec                  
[  5]   3.90-4.00   sec  34.6 KBytes  2.84 Mbits/sec                  
[  5]   4.00-4.10   sec  32.0 KBytes  2.62 Mbits/sec                  
[  5]   4.10-4.20   sec  45.3 KBytes  3.71 Mbits/sec                  
[  5]   4.20-4.30   sec  12.0 KBytes   982 Kbits/sec                  
[  5]   4.30-4.40   sec  37.3 KBytes  3.05 Mbits/sec                  
[  5]   4.40-4.50   sec  21.3 KBytes  1.75 Mbits/sec                  
[  5]   4.50-4.60   sec  28.0 KBytes  2.28 Mbits/sec                  
[  5]   4.60-4.70   sec  28.0 KBytes  2.30 Mbits/sec                  
[  5]   4.70-4.80   sec  26.6 KBytes  2.19 Mbits/sec                  
[  5]   4.80-4.90   sec  12.0 KBytes   982 Kbits/sec                  
[  5]   4.90-5.00   sec  51.9 KBytes  4.25 Mbits/sec                  
- - - - - - - - - - - - - - - - - - - - - - - - -
[ ID] Interval           Transfer     Bitrate         Retr
[  5]   0.00-5.05   sec   279 MBytes   463 Mbits/sec  224             sender
[  5]   0.00-5.00   sec  1.68 MBytes  2.82 Mbits/sec                  receiver

iperf Done.
End time: 1745082008542
