Start time: 1731013185210
[2024-11-07T15:59:46.406037-0500] nuttcp-r: v8.1.4: socket
[2024-11-07T15:59:46.406804-0500] nuttcp-r: buflen=65536, nstream=1, port=5379 tcp
[2024-11-07T15:59:46.406855-0500] nuttcp-r: interval reporting every 0.50 seconds
[2024-11-07T15:59:46.406888-0500] nuttcp-r: connect to 54.197.223.49 with RTT=78.012 ms af=inet
[2024-11-07T15:59:46.406922-0500] nuttcp-r: send window size = 2097152, receive window size = 6291456
[2024-11-07T15:59:46.406952-0500] nuttcp-r: available send window = 1572864, available receive window = 4718592
[2024-11-07T15:59:46.406981-0500]     0.2500 MB /   0.50 sec =    4.1932 Mbps     0 retrans     13 KB-cwnd
[2024-11-07T15:59:46.905957-0500]     3.0625 MB /   0.50 sec =   51.3862 Mbps     0 retrans     13 KB-cwnd
[2024-11-07T15:59:47.406027-0500]     5.6250 MB /   0.50 sec =   94.3541 Mbps     0 retrans     13 KB-cwnd
[2024-11-07T15:59:47.905868-0500]     6.5625 MB /   0.50 sec =  110.1315 Mbps     0 retrans     13 KB-cwnd
[2024-11-07T15:59:48.405858-0500]     6.8750 MB /   0.50 sec =  115.3427 Mbps     0 retrans     13 KB-cwnd
[2024-11-07T15:59:48.906102-0500]     8.5625 MB /   0.50 sec =  143.6001 Mbps     0 retrans     13 KB-cwnd
[2024-11-07T15:59:49.405967-0500]     8.1250 MB /   0.50 sec =  136.3400 Mbps     0 retrans     13 KB-cwnd
[2024-11-07T15:59:49.905852-0500]     8.1250 MB /   0.50 sec =  136.3353 Mbps     0 retrans     13 KB-cwnd
[2024-11-07T15:59:50.406096-0500]     7.3750 MB /   0.50 sec =  123.7174 Mbps     0 retrans     13 KB-cwnd
[2024-11-07T15:59:50.905984-0500]     5.6875 MB /   0.50 sec =   95.4225 Mbps     0 retrans     13 KB-cwnd
[2024-11-07T15:59:51.405984-0500]     4.1875 MB /   0.50 sec =   70.2487 Mbps     0 retrans     13 KB-cwnd
[2024-11-07T15:59:51.905944-0500]    10.1875 MB /   0.50 sec =  170.9439 Mbps     0 retrans     13 KB-cwnd
[2024-11-07T15:59:52.405807-0500]     9.6875 MB /   0.50 sec =  162.5413 Mbps     0 retrans     13 KB-cwnd
[2024-11-07T15:59:52.905969-0500]     9.1875 MB /   0.50 sec =  154.1213 Mbps     0 retrans     13 KB-cwnd
[2024-11-07T15:59:53.405807-0500]    10.6875 MB /   0.50 sec =  179.3302 Mbps     0 retrans     13 KB-cwnd
[2024-11-07T15:59:53.906053-0500]    11.5000 MB /   0.50 sec =  192.8813 Mbps     0 retrans     13 KB-cwnd
[2024-11-07T15:59:54.405883-0500]    11.0625 MB /   0.50 sec =  185.6317 Mbps     0 retrans     15 KB-cwnd
[2024-11-07T15:59:54.906107-0500]    11.6875 MB /   0.50 sec =  196.0841 Mbps     0 retrans     15 KB-cwnd
[2024-11-07T15:59:55.405922-0500]    11.5000 MB /   0.50 sec =  192.9407 Mbps     0 retrans     15 KB-cwnd
[2024-11-07T15:59:55.905844-0500]    11.1250 MB /   0.50 sec =  186.6570 Mbps     0 retrans     26 KB-cwnd
[2024-11-07T15:59:56.405923-0500]    12.1875 MB /   0.50 sec =  204.4625 Mbps     0 retrans     26 KB-cwnd
[2024-11-07T15:59:56.905930-0500]     3.5000 MB /   0.50 sec =   58.7217 Mbps     0 retrans     26 KB-cwnd
[2024-11-07T15:59:57.405885-0500]    13.8750 MB /   0.50 sec =  232.7904 Mbps     0 retrans     26 KB-cwnd
[2024-11-07T15:59:57.906322-0500]     6.1250 MB /   0.50 sec =  102.7452 Mbps     0 retrans     26 KB-cwnd
[2024-11-07T15:59:58.405978-0500]    13.2500 MB /   0.50 sec =  222.3181 Mbps     0 retrans     26 KB-cwnd
[2024-11-07T15:59:58.905972-0500]    19.0625 MB /   0.50 sec =  319.7971 Mbps     0 retrans     26 KB-cwnd
[2024-11-07T15:59:59.405793-0500]    15.8750 MB /   0.50 sec =  266.3793 Mbps     0 retrans     26 KB-cwnd
[2024-11-07T15:59:59.905868-0500]    16.8750 MB /   0.50 sec =  283.1008 Mbps     0 retrans     26 KB-cwnd
[2024-11-07T16:00:00.405939-0500]    17.0000 MB /   0.50 sec =  285.1916 Mbps     0 retrans     26 KB-cwnd
[2024-11-07T16:00:00.905948-0500]    17.1250 MB /   0.50 sec =  287.3138 Mbps     0 retrans     26 KB-cwnd
[2024-11-07T16:00:01.405927-0500]    16.0625 MB /   0.50 sec =  269.4770 Mbps     0 retrans     26 KB-cwnd
[2024-11-07T16:00:01.905836-0500]    15.6875 MB /   0.50 sec =  263.2247 Mbps     0 retrans     26 KB-cwnd
[2024-11-07T16:00:02.406068-0500]     5.6875 MB /   0.50 sec =   95.4090 Mbps     0 retrans     26 KB-cwnd
[2024-11-07T16:00:02.905946-0500]    13.6250 MB /   0.50 sec =  228.6033 Mbps     0 retrans     26 KB-cwnd
[2024-11-07T16:00:03.405952-0500]     9.2500 MB /   0.50 sec =  155.1787 Mbps     0 retrans     26 KB-cwnd
[2024-11-07T16:00:03.905946-0500]    12.9375 MB /   0.50 sec =  217.0670 Mbps     0 retrans     26 KB-cwnd
[2024-11-07T16:00:04.405846-0500]    11.5625 MB /   0.50 sec =  193.9970 Mbps     0 retrans     26 KB-cwnd
[2024-11-07T16:00:04.906155-0500]    16.9375 MB /   0.50 sec =  284.0329 Mbps     0 retrans     29 KB-cwnd
[2024-11-07T16:00:05.405812-0500]    17.2500 MB /   0.50 sec =  289.5436 Mbps     0 retrans     31 KB-cwnd
[2024-11-07T16:00:05.905923-0500]    20.6250 MB /   0.50 sec =  346.0100 Mbps    14 retrans   5037 KB-cwnd
[2024-11-07T16:00:06.405924-0500]    21.6875 MB /   0.50 sec =  363.8522 Mbps     0 retrans   5037 KB-cwnd
[2024-11-07T16:00:06.906214-0500]    22.6250 MB /   0.50 sec =  379.5754 Mbps     0 retrans   5037 KB-cwnd
[2024-11-07T16:00:07.405951-0500]    24.5625 MB /   0.50 sec =  412.0862 Mbps     0 retrans   5037 KB-cwnd
[2024-11-07T16:00:07.905797-0500]    23.6250 MB /   0.50 sec =  396.4125 Mbps     0 retrans   5037 KB-cwnd
[2024-11-07T16:00:08.405916-0500]    18.5000 MB /   0.50 sec =  310.3530 Mbps     0 retrans   5037 KB-cwnd
[2024-11-07T16:00:08.905931-0500]    19.8750 MB /   0.50 sec =  333.4478 Mbps    19 retrans   7509 KB-cwnd
[2024-11-07T16:00:09.405919-0500]    23.2500 MB /   0.50 sec =  390.0609 Mbps     0 retrans   7509 KB-cwnd
[2024-11-07T16:00:09.905901-0500]    16.9375 MB /   0.50 sec =  284.1715 Mbps     0 retrans   7509 KB-cwnd
[2024-11-07T16:00:10.405835-0500]    17.2500 MB /   0.50 sec =  289.4157 Mbps     0 retrans   7509 KB-cwnd
[2024-11-07T16:00:10.905812-0500]    20.1250 MB /   0.50 sec =  337.6584 Mbps     0 retrans   8732 KB-cwnd
[2024-11-07T16:00:11.405964-0500]    12.0000 MB /   0.50 sec =  201.3016 Mbps     0 retrans   8732 KB-cwnd
[2024-11-07T16:00:11.905987-0500]    19.0625 MB /   0.50 sec =  319.8221 Mbps     0 retrans   8767 KB-cwnd
[2024-11-07T16:00:12.405908-0500]     6.2500 MB /   0.50 sec =  104.8639 Mbps     0 retrans   8767 KB-cwnd
[2024-11-07T16:00:12.906055-0500]    13.5625 MB /   0.50 sec =  227.5173 Mbps     0 retrans   8767 KB-cwnd
[2024-11-07T16:00:13.405900-0500]     4.5625 MB /   0.50 sec =   76.5516 Mbps     0 retrans   8767 KB-cwnd
[2024-11-07T16:00:13.905857-0500]    19.3750 MB /   0.50 sec =  325.0839 Mbps     2 retrans  10083 KB-cwnd
[2024-11-07T16:00:14.405833-0500]    15.3125 MB /   0.50 sec =  256.8955 Mbps     0 retrans  10083 KB-cwnd
[2024-11-07T16:00:14.905956-0500]    12.3125 MB /   0.50 sec =  206.5517 Mbps     0 retrans  10083 KB-cwnd
[2024-11-07T16:00:15.406033-0500]     4.3125 MB /   0.50 sec =   72.3400 Mbps     0 retrans  10083 KB-cwnd
[2024-11-07T16:00:15.905982-0500]    11.4375 MB /   0.50 sec =  191.9167 Mbps     0 retrans  10083 KB-cwnd
[2024-11-07T16:00:16.405807-0500]     0.0000 MB /   0.50 sec =    0.0000 Mbps     0 retrans  10083 KB-cwnd
[2024-11-07T16:00:16.906027-0500]     4.5000 MB /   0.50 sec =   75.4902 Mbps     0 retrans  10083 KB-cwnd
[2024-11-07T16:00:17.405908-0500]     3.9375 MB /   0.50 sec =   66.0628 Mbps     0 retrans  10083 KB-cwnd
[2024-11-07T16:00:17.906065-0500]    11.5625 MB /   0.50 sec =  193.9869 Mbps     4 retrans   9281 KB-cwnd
[2024-11-07T16:00:18.405956-0500]     1.0000 MB /   0.50 sec =   16.7764 Mbps     0 retrans   9281 KB-cwnd
[2024-11-07T16:00:18.905834-0500]    15.1250 MB /   0.50 sec =  253.7772 Mbps     0 retrans   9281 KB-cwnd
[2024-11-07T16:00:19.405984-0500]     4.4375 MB /   0.50 sec =   74.4380 Mbps     0 retrans   9281 KB-cwnd
[2024-11-07T16:00:19.905975-0500]    11.1250 MB /   0.50 sec =  186.6600 Mbps     0 retrans   9281 KB-cwnd
[2024-11-07T16:00:20.405966-0500]     4.2500 MB /   0.50 sec =   71.3019 Mbps     0 retrans   9281 KB-cwnd
[2024-11-07T16:00:20.905942-0500]     8.0625 MB /   0.50 sec =  135.2712 Mbps     0 retrans   9281 KB-cwnd
[2024-11-07T16:00:21.405920-0500]     5.1875 MB /   0.50 sec =   87.0308 Mbps     0 retrans   9281 KB-cwnd
[2024-11-07T16:00:21.905850-0500]     9.0625 MB /   0.50 sec =  152.0575 Mbps     0 retrans   9281 KB-cwnd
[2024-11-07T16:00:22.405849-0500]     3.0000 MB /   0.50 sec =   50.3295 Mbps     0 retrans   9281 KB-cwnd
[2024-11-07T16:00:22.905974-0500]     4.3125 MB /   0.50 sec =   72.3486 Mbps     8 retrans   6012 KB-cwnd
[2024-11-07T16:00:23.405928-0500]     5.8750 MB /   0.50 sec =   98.5681 Mbps     0 retrans   6012 KB-cwnd
[2024-11-07T16:00:23.906163-0500]     6.6875 MB /   0.50 sec =  112.1925 Mbps     1 retrans   6012 KB-cwnd
[2024-11-07T16:00:24.406122-0500]     6.3125 MB /   0.50 sec =  105.9013 Mbps     0 retrans   6012 KB-cwnd
[2024-11-07T16:00:24.905847-0500]     2.5000 MB /   0.50 sec =   41.9487 Mbps     0 retrans   6012 KB-cwnd
[2024-11-07T16:00:25.405906-0500]     7.6250 MB /   0.50 sec =  127.9199 Mbps     0 retrans   6012 KB-cwnd
[2024-11-07T16:00:25.905955-0500]     7.0000 MB /   0.50 sec =  117.4306 Mbps     0 retrans   6012 KB-cwnd
[2024-11-07T16:00:26.405812-0500]     6.9375 MB /   0.50 sec =  116.4087 Mbps     0 retrans   6012 KB-cwnd
[2024-11-07T16:00:26.906657-0500]     4.8750 MB /   0.50 sec =   81.7807 Mbps     0 retrans   6012 KB-cwnd
[2024-11-07T16:00:27.405814-0500]     7.3750 MB /   0.50 sec =  123.7426 Mbps     0 retrans   6012 KB-cwnd
[2024-11-07T16:00:27.906064-0500]    11.7500 MB /   0.50 sec =  197.1185 Mbps     0 retrans   5946 KB-cwnd
[2024-11-07T16:00:28.405930-0500]     8.8125 MB /   0.50 sec =  147.8483 Mbps  1030 retrans   6116 KB-cwnd
[2024-11-07T16:00:28.905943-0500]     9.3125 MB /   0.50 sec =  156.2413 Mbps     0 retrans   6116 KB-cwnd
[2024-11-07T16:00:29.405906-0500]    10.7500 MB /   0.50 sec =  180.3540 Mbps     0 retrans   6116 KB-cwnd
[2024-11-07T16:00:29.905871-0500]    10.8750 MB /   0.50 sec =  182.4577 Mbps     0 retrans   6116 KB-cwnd
[2024-11-07T16:00:30.405961-0500]    11.7500 MB /   0.50 sec =  197.1232 Mbps     0 retrans   6116 KB-cwnd
[2024-11-07T16:00:30.905911-0500]    12.4375 MB /   0.50 sec =  208.6708 Mbps     0 retrans   6116 KB-cwnd
[2024-11-07T16:00:31.405946-0500]    13.1875 MB /   0.50 sec =  221.2442 Mbps    21 retrans   2983 KB-cwnd
[2024-11-07T16:00:31.905951-0500]    15.1250 MB /   0.50 sec =  253.7513 Mbps     0 retrans   2983 KB-cwnd
[2024-11-07T16:00:32.405834-0500]    15.5625 MB /   0.50 sec =  261.1153 Mbps     0 retrans   2983 KB-cwnd
[2024-11-07T16:00:32.905998-0500]    14.6875 MB /   0.50 sec =  246.3725 Mbps     0 retrans   2983 KB-cwnd
[2024-11-07T16:00:33.406110-0500]     6.0625 MB /   0.50 sec =  101.7206 Mbps     0 retrans   2983 KB-cwnd
[2024-11-07T16:00:33.905852-0500]    13.3750 MB /   0.50 sec =  224.4146 Mbps     0 retrans   2983 KB-cwnd
[2024-11-07T16:00:34.405925-0500]    19.0000 MB /   0.50 sec =  318.7569 Mbps    10 retrans   4033 KB-cwnd
[2024-11-07T16:00:34.905882-0500]    17.0000 MB /   0.50 sec =  285.2207 Mbps     0 retrans   4033 KB-cwnd
[2024-11-07T16:00:35.405806-0500]    18.1875 MB /   0.50 sec =  305.1503 Mbps     0 retrans   4033 KB-cwnd
[2024-11-07T16:00:35.905965-0500]     8.6250 MB /   0.50 sec =  144.6835 Mbps     0 retrans   4033 KB-cwnd
[2024-11-07T16:00:36.405923-0500]    25.5000 MB /   0.50 sec =  427.8353 Mbps     0 retrans   5794 KB-cwnd
[2024-11-07T16:00:36.906017-0500]     8.6250 MB /   0.50 sec =  144.6934 Mbps     0 retrans   5794 KB-cwnd
[2024-11-07T16:00:37.405808-0500]    19.6250 MB /   0.50 sec =  329.3069 Mbps     0 retrans   5794 KB-cwnd
[2024-11-07T16:00:37.905928-0500]    18.0000 MB /   0.50 sec =  301.9627 Mbps     0 retrans   5794 KB-cwnd
[2024-11-07T16:00:38.405914-0500]    15.2500 MB /   0.50 sec =  255.8592 Mbps     4 retrans   8660 KB-cwnd
[2024-11-07T16:00:38.906157-0500]    12.0625 MB /   0.50 sec =  202.3630 Mbps     0 retrans   8660 KB-cwnd
[2024-11-07T16:00:39.405909-0500]    20.0625 MB /   0.50 sec =  336.6091 Mbps     0 retrans   8660 KB-cwnd
[2024-11-07T16:00:39.905894-0500]    16.9375 MB /   0.50 sec =  284.1738 Mbps     0 retrans   8660 KB-cwnd
[2024-11-07T16:00:40.405792-0500]    19.0625 MB /   0.50 sec =  319.8400 Mbps     0 retrans   8660 KB-cwnd
[2024-11-07T16:00:40.905882-0500]    17.0000 MB /   0.50 sec =  285.2035 Mbps     2 retrans   8330 KB-cwnd
[2024-11-07T16:00:41.405869-0500]    17.5000 MB /   0.50 sec =  293.5931 Mbps     0 retrans   8330 KB-cwnd
[2024-11-07T16:00:41.905812-0500]    19.4375 MB /   0.50 sec =  326.1163 Mbps     0 retrans   8330 KB-cwnd
[2024-11-07T16:00:42.405923-0500]    20.3125 MB /   0.50 sec =  340.7579 Mbps     5 retrans   7893 KB-cwnd
[2024-11-07T16:00:42.905924-0500]    22.7500 MB /   0.50 sec =  381.6924 Mbps     0 retrans   7893 KB-cwnd
[2024-11-07T16:00:43.405850-0500]    21.2500 MB /   0.50 sec =  356.5237 Mbps     0 retrans   7893 KB-cwnd
[2024-11-07T16:00:43.905980-0500]    14.3750 MB /   0.50 sec =  241.1455 Mbps     0 retrans   7893 KB-cwnd
[2024-11-07T16:00:44.406045-0500]    26.3750 MB /   0.50 sec =  442.5354 Mbps     2 retrans   6550 KB-cwnd
[2024-11-07T16:00:44.905939-0500]    20.2500 MB /   0.50 sec =  339.6748 Mbps     0 retrans   6550 KB-cwnd
[2024-11-07T16:00:45.405993-0500]    21.5000 MB /   0.50 sec =  360.7101 Mbps     0 retrans   6550 KB-cwnd
[2024-11-07T16:00:45.905851-0500]    23.0625 MB /   0.50 sec =  387.0290 Mbps     1 retrans   9140 KB-cwnd
[2024-11-07T16:00:46.406029-0500]    24.3750 MB /   0.50 sec =  408.9005 Mbps     0 retrans   9140 KB-cwnd
[2024-11-07T16:00:46.905876-0500]    21.6875 MB /   0.50 sec =  363.8879 Mbps     0 retrans   9140 KB-cwnd
[2024-11-07T16:00:47.405852-0500]    17.8125 MB /   0.50 sec =  298.8238 Mbps     2 retrans   9031 KB-cwnd
[2024-11-07T16:00:47.905835-0500]    23.5000 MB /   0.50 sec =  394.2874 Mbps     0 retrans   9031 KB-cwnd
[2024-11-07T16:00:48.405934-0500]    27.0000 MB /   0.50 sec =  452.9567 Mbps     0 retrans   9031 KB-cwnd
[2024-11-07T16:00:48.905969-0500]    25.8750 MB /   0.50 sec =  434.0662 Mbps     1 retrans   7877 KB-cwnd
[2024-11-07T16:00:49.406035-0500]    22.8750 MB /   0.50 sec =  383.7220 Mbps     0 retrans   8178 KB-cwnd
[2024-11-07T16:00:49.905937-0500]    20.6250 MB /   0.50 sec =  346.1208 Mbps     0 retrans   8178 KB-cwnd
[2024-11-07T16:00:50.405926-0500]    25.0000 MB /   0.50 sec =  419.4103 Mbps     2 retrans   9721 KB-cwnd
[2024-11-07T16:00:50.905824-0500]    24.2500 MB /   0.50 sec =  406.8955 Mbps     0 retrans   9721 KB-cwnd
[2024-11-07T16:00:51.405899-0500]    19.7500 MB /   0.50 sec =  331.3308 Mbps     0 retrans   9721 KB-cwnd
[2024-11-07T16:00:51.906037-0500]    22.0625 MB /   0.50 sec =  370.1570 Mbps     0 retrans   9721 KB-cwnd
[2024-11-07T16:00:52.405845-0500]    15.5625 MB /   0.50 sec =  261.0949 Mbps     0 retrans  12537 KB-cwnd
[2024-11-07T16:00:52.905924-0500]    23.8125 MB /   0.50 sec =  399.4899 Mbps     0 retrans  12537 KB-cwnd
[2024-11-07T16:00:53.405875-0500]    20.5000 MB /   0.50 sec =  343.9322 Mbps     0 retrans  12537 KB-cwnd
[2024-11-07T16:00:53.905949-0500]    18.4375 MB /   0.50 sec =  309.3213 Mbps     2 retrans   9201 KB-cwnd
[2024-11-07T16:00:54.405808-0500]    20.8125 MB /   0.50 sec =  349.2086 Mbps     0 retrans   9201 KB-cwnd
[2024-11-07T16:00:54.905820-0500]    18.6250 MB /   0.50 sec =  312.4869 Mbps     0 retrans   9230 KB-cwnd
[2024-11-07T16:00:55.405860-0500]    21.0625 MB /   0.50 sec =  353.3510 Mbps     0 retrans   9230 KB-cwnd
[2024-11-07T16:00:55.905977-0500]    20.7500 MB /   0.50 sec =  348.0938 Mbps     4 retrans   9169 KB-cwnd
[2024-11-07T16:00:56.405904-0500]    22.1875 MB /   0.50 sec =  372.2504 Mbps     0 retrans   9169 KB-cwnd
[2024-11-07T16:00:56.905982-0500]    23.0625 MB /   0.50 sec =  386.9122 Mbps     0 retrans   9169 KB-cwnd
[2024-11-07T16:00:57.406429-0500]    23.5625 MB /   0.50 sec =  395.3487 Mbps     2 retrans   8740 KB-cwnd
[2024-11-07T16:00:57.906244-0500]    14.3125 MB /   0.50 sec =  240.0567 Mbps     0 retrans   8740 KB-cwnd
[2024-11-07T16:00:58.405990-0500]    26.9375 MB /   0.50 sec =  452.0077 Mbps     0 retrans   8740 KB-cwnd
[2024-11-07T16:00:58.906201-0500]    24.0000 MB /   0.50 sec =  402.6894 Mbps     2 retrans   8040 KB-cwnd
[2024-11-07T16:00:59.405895-0500]    25.2500 MB /   0.50 sec =  423.6340 Mbps     0 retrans   8040 KB-cwnd
[2024-11-07T16:00:59.905878-0500]    29.5000 MB /   0.50 sec =  494.9308 Mbps     0 retrans   8040 KB-cwnd
[2024-11-07T16:01:00.405911-0500]    27.9375 MB /   0.50 sec =  468.6797 Mbps     1 retrans   9896 KB-cwnd
[2024-11-07T16:01:00.905894-0500]    26.6250 MB /   0.50 sec =  446.7246 Mbps     0 retrans   9896 KB-cwnd
[2024-11-07T16:01:01.405914-0500]    18.5000 MB /   0.50 sec =  310.3642 Mbps     0 retrans   9896 KB-cwnd
[2024-11-07T16:01:01.905908-0500]     9.8750 MB /   0.50 sec =  165.6647 Mbps     0 retrans   9896 KB-cwnd
[2024-11-07T16:01:02.405846-0500]    16.8125 MB /   0.50 sec =  282.1002 Mbps     2 retrans   8370 KB-cwnd
[2024-11-07T16:01:02.905932-0500]    21.8750 MB /   0.50 sec =  366.9693 Mbps     0 retrans   8373 KB-cwnd
[2024-11-07T16:01:03.405946-0500]    23.8750 MB /   0.50 sec =  400.5544 Mbps     0 retrans   8373 KB-cwnd
[2024-11-07T16:01:03.906110-0500]    25.1250 MB /   0.50 sec =  421.5444 Mbps     0 retrans  12459 KB-cwnd
[2024-11-07T16:01:04.405810-0500]    24.5000 MB /   0.50 sec =  411.0813 Mbps     0 retrans  12459 KB-cwnd
[2024-11-07T16:01:04.905909-0500]     9.3125 MB /   0.50 sec =  156.2241 Mbps     0 retrans  12459 KB-cwnd
[2024-11-07T16:01:05.405959-0500]    17.1875 MB /   0.50 sec =  288.3509 Mbps     0 retrans  12459 KB-cwnd
[2024-11-07T16:01:05.905963-0500]    19.1875 MB /   0.50 sec =  321.9148 Mbps     4 retrans  10463 KB-cwnd
[2024-11-07T16:01:06.405929-0500]     9.5625 MB /   0.50 sec =  160.4312 Mbps     0 retrans  10533 KB-cwnd
[2024-11-07T16:01:06.905973-0500]     6.7500 MB /   0.50 sec =  113.2460 Mbps     0 retrans  10339 KB-cwnd
[2024-11-07T16:01:07.406017-0500]    23.3750 MB /   0.50 sec =  392.1949 Mbps     0 retrans  10339 KB-cwnd
[2024-11-07T16:01:07.905980-0500]    11.6875 MB /   0.50 sec =  196.0661 Mbps     0 retrans  10339 KB-cwnd
[2024-11-07T16:01:08.405890-0500]    19.8125 MB /   0.50 sec =  332.4245 Mbps     1 retrans   9526 KB-cwnd
[2024-11-07T16:01:08.905979-0500]    15.0625 MB /   0.50 sec =  252.6922 Mbps     0 retrans   9526 KB-cwnd
[2024-11-07T16:01:09.406205-0500]    12.5000 MB /   0.50 sec =  209.6368 Mbps     0 retrans   9526 KB-cwnd
[2024-11-07T16:01:09.906097-0500]    18.2500 MB /   0.50 sec =  306.2442 Mbps     0 retrans   9526 KB-cwnd
[2024-11-07T16:01:10.405960-0500]    19.6875 MB /   0.50 sec =  330.3556 Mbps     0 retrans   9526 KB-cwnd
[2024-11-07T16:01:10.905859-0500]    21.6875 MB /   0.50 sec =  363.8944 Mbps     4 retrans   9952 KB-cwnd
[2024-11-07T16:01:11.406162-0500]    23.6875 MB /   0.50 sec =  397.1855 Mbps     0 retrans   9952 KB-cwnd
[2024-11-07T16:01:11.905892-0500]    23.9375 MB /   0.50 sec =  401.8144 Mbps     0 retrans   9952 KB-cwnd
[2024-11-07T16:01:12.405846-0500]    27.5625 MB /   0.50 sec =  462.4359 Mbps     7 retrans   9129 KB-cwnd
[2024-11-07T16:01:12.906004-0500]    12.5000 MB /   0.50 sec =  209.6884 Mbps     0 retrans   9063 KB-cwnd
[2024-11-07T16:01:13.405965-0500]    32.5625 MB /   0.50 sec =  546.3267 Mbps     0 retrans   9063 KB-cwnd
[2024-11-07T16:01:13.905800-0500]    31.7500 MB /   0.50 sec =  532.7491 Mbps     4 retrans   8684 KB-cwnd
[2024-11-07T16:01:14.405837-0500]    25.4375 MB /   0.50 sec =  426.7559 Mbps     0 retrans   8684 KB-cwnd
[2024-11-07T16:01:14.906120-0500]    23.0000 MB /   0.50 sec =  385.8443 Mbps     0 retrans  10054 KB-cwnd
[2024-11-07T16:01:15.406104-0500]    26.6250 MB /   0.50 sec =  446.6898 Mbps     0 retrans  10054 KB-cwnd
[2024-11-07T16:01:15.905988-0500]    18.6250 MB /   0.50 sec =  312.4713 Mbps     0 retrans  10054 KB-cwnd
[2024-11-07T16:01:16.405814-0500]    27.8750 MB /   0.50 sec =  467.7210 Mbps     0 retrans  14015 KB-cwnd
[2024-11-07T16:01:16.905945-0500]    12.9375 MB /   0.50 sec =  217.0296 Mbps     0 retrans  14015 KB-cwnd
[2024-11-07T16:01:17.405926-0500]    28.9375 MB /   0.50 sec =  485.5256 Mbps     0 retrans  14015 KB-cwnd
[2024-11-07T16:01:17.905972-0500]    17.7500 MB /   0.50 sec =  297.7694 Mbps     0 retrans  14015 KB-cwnd
[2024-11-07T16:01:18.405822-0500]    19.9375 MB /   0.50 sec =  334.5386 Mbps     2 retrans  13754 KB-cwnd
[2024-11-07T16:01:18.905842-0500]    20.5000 MB /   0.50 sec =  343.9412 Mbps     0 retrans  13754 KB-cwnd
[2024-11-07T16:01:19.405914-0500]    16.8750 MB /   0.50 sec =  283.0827 Mbps     0 retrans  13757 KB-cwnd
[2024-11-07T16:01:19.905933-0500]    18.0625 MB /   0.50 sec =  303.0500 Mbps     0 retrans  13757 KB-cwnd
[2024-11-07T16:01:20.406147-0500]    12.3750 MB /   0.50 sec =  207.6027 Mbps     4 retrans  11058 KB-cwnd
[2024-11-07T16:01:20.905867-0500]    20.7500 MB /   0.50 sec =  348.1614 Mbps     0 retrans  11058 KB-cwnd
[2024-11-07T16:01:21.405846-0500]    16.7500 MB /   0.50 sec =  281.0178 Mbps     0 retrans  11058 KB-cwnd
[2024-11-07T16:01:21.905985-0500]    13.1250 MB /   0.50 sec =  220.1847 Mbps     0 retrans  11058 KB-cwnd
[2024-11-07T16:01:22.406167-0500]    24.6250 MB /   0.50 sec =  413.0935 Mbps     6 retrans   8828 KB-cwnd
[2024-11-07T16:01:22.905984-0500]    21.8750 MB /   0.50 sec =  367.0427 Mbps     0 retrans   8828 KB-cwnd
[2024-11-07T16:01:23.405926-0500]    24.1250 MB /   0.50 sec =  404.7568 Mbps     0 retrans   8828 KB-cwnd
[2024-11-07T16:01:23.906032-0500]    25.3125 MB /   0.50 sec =  424.5765 Mbps     4 retrans   8246 KB-cwnd
[2024-11-07T16:01:24.406046-0500]    27.6250 MB /   0.50 sec =  463.5893 Mbps     0 retrans   8246 KB-cwnd
[2024-11-07T16:01:24.905992-0500]    17.6250 MB /   0.50 sec =  295.6896 Mbps     0 retrans   8246 KB-cwnd
[2024-11-07T16:01:25.405824-0500]    23.5000 MB /   0.50 sec =  394.3032 Mbps     4 retrans   8458 KB-cwnd
[2024-11-07T16:01:25.905924-0500]    17.7500 MB /   0.50 sec =  297.7789 Mbps     0 retrans   8458 KB-cwnd
[2024-11-07T16:01:26.406014-0500]    19.8125 MB /   0.50 sec =  332.4112 Mbps     0 retrans   8458 KB-cwnd
[2024-11-07T16:01:26.906019-0500]    29.5625 MB /   0.50 sec =  495.9626 Mbps     0 retrans   8458 KB-cwnd
[2024-11-07T16:01:27.406110-0500]    27.6875 MB /   0.50 sec =  464.4848 Mbps     0 retrans  10000 KB-cwnd
[2024-11-07T16:01:27.905866-0500]    28.0000 MB /   0.50 sec =  469.7921 Mbps     0 retrans  10000 KB-cwnd
[2024-11-07T16:01:28.405888-0500]     8.0000 MB /   0.50 sec =  134.2204 Mbps     0 retrans  10000 KB-cwnd
[2024-11-07T16:01:28.905849-0500]    25.2500 MB /   0.50 sec =  423.6340 Mbps     2 retrans  11852 KB-cwnd
[2024-11-07T16:01:29.405934-0500]    18.9375 MB /   0.50 sec =  317.6855 Mbps     0 retrans  11852 KB-cwnd
[2024-11-07T16:01:29.905810-0500]    25.5000 MB /   0.50 sec =  427.8746 Mbps     0 retrans  11852 KB-cwnd
[2024-11-07T16:01:30.405958-0500]    26.3125 MB /   0.50 sec =  441.3931 Mbps     2 retrans  11119 KB-cwnd
[2024-11-07T16:01:30.905889-0500]    25.0000 MB /   0.50 sec =  419.4581 Mbps     0 retrans  11119 KB-cwnd
[2024-11-07T16:01:31.405848-0500]    22.1875 MB /   0.50 sec =  372.2549 Mbps     0 retrans  11055 KB-cwnd
[2024-11-07T16:01:31.905986-0500]    25.8750 MB /   0.50 sec =  434.0775 Mbps     0 retrans  12571 KB-cwnd
[2024-11-07T16:01:32.405852-0500]    23.7500 MB /   0.50 sec =  398.4844 Mbps     0 retrans  12571 KB-cwnd
[2024-11-07T16:01:32.906021-0500]    29.0000 MB /   0.50 sec =  486.5578 Mbps     0 retrans  12571 KB-cwnd
[2024-11-07T16:01:33.405872-0500]    29.0625 MB /   0.50 sec =  487.5605 Mbps     2 retrans  10768 KB-cwnd
[2024-11-07T16:01:33.905827-0500]    27.0000 MB /   0.50 sec =  453.0138 Mbps     0 retrans  10768 KB-cwnd
[2024-11-07T16:01:34.405943-0500]    25.5625 MB /   0.50 sec =  428.8599 Mbps     1 retrans  10970 KB-cwnd
[2024-11-07T16:01:34.905932-0500]    16.1250 MB /   0.50 sec =  270.5126 Mbps     0 retrans  10970 KB-cwnd
[2024-11-07T16:01:35.405939-0500]     3.6875 MB /   0.50 sec =   61.8656 Mbps     0 retrans  10970 KB-cwnd
[2024-11-07T16:01:35.905970-0500]    23.5000 MB /   0.50 sec =  394.2662 Mbps     0 retrans  10970 KB-cwnd
[2024-11-07T16:01:36.406608-0500]    20.9375 MB /   0.50 sec =  351.2919 Mbps     0 retrans  10970 KB-cwnd
[2024-11-07T16:01:36.905997-0500]    16.5000 MB /   0.50 sec =  276.7975 Mbps     0 retrans  12731 KB-cwnd
[2024-11-07T16:01:37.405814-0500]    20.5000 MB /   0.50 sec =  343.9845 Mbps     0 retrans  12731 KB-cwnd
[2024-11-07T16:01:37.905927-0500]    21.0000 MB /   0.50 sec =  352.3131 Mbps     0 retrans  12731 KB-cwnd
[2024-11-07T16:01:38.405878-0500]    23.5625 MB /   0.50 sec =  395.2918 Mbps     0 retrans  12012 KB-cwnd
[2024-11-07T16:01:38.905897-0500]    24.5625 MB /   0.50 sec =  412.0895 Mbps     0 retrans  12012 KB-cwnd
[2024-11-07T16:01:39.406001-0500]    26.0000 MB /   0.50 sec =  436.1954 Mbps     0 retrans  12012 KB-cwnd
[2024-11-07T16:01:39.905934-0500]    22.3125 MB /   0.50 sec =  374.3424 Mbps     6 retrans   8951 KB-cwnd
[2024-11-07T16:01:40.405880-0500]    23.6875 MB /   0.50 sec =  397.4198 Mbps     0 retrans   8951 KB-cwnd
[2024-11-07T16:01:40.905990-0500]    28.5000 MB /   0.50 sec =  478.1258 Mbps     0 retrans   8951 KB-cwnd
[2024-11-07T16:01:41.405918-0500]    16.2500 MB /   0.50 sec =  272.6439 Mbps     2 retrans  10461 KB-cwnd
[2024-11-07T16:01:41.905897-0500]    16.9375 MB /   0.50 sec =  284.1681 Mbps     0 retrans  10461 KB-cwnd
[2024-11-07T16:01:42.405875-0500]    15.5625 MB /   0.50 sec =  261.1038 Mbps     0 retrans  10461 KB-cwnd
[2024-11-07T16:01:42.905816-0500]     3.5625 MB /   0.50 sec =   59.7703 Mbps     0 retrans  10461 KB-cwnd
[2024-11-07T16:01:43.406048-0500]    17.3125 MB /   0.50 sec =  290.4370 Mbps     0 retrans  10461 KB-cwnd
[2024-11-07T16:01:43.906862-0500]     7.2500 MB /   0.50 sec =  121.6382 Mbps     0 retrans  10461 KB-cwnd
[2024-11-07T16:01:44.405940-0500]    17.5625 MB /   0.50 sec =  294.6251 Mbps     0 retrans  12704 KB-cwnd
[2024-11-07T16:01:44.905967-0500]    14.7500 MB /   0.50 sec =  247.4629 Mbps     0 retrans  12704 KB-cwnd
[2024-11-07T16:01:45.405824-0500]     4.6250 MB /   0.50 sec =   77.6055 Mbps     0 retrans  12704 KB-cwnd
[2024-11-07T16:01:45.905999-0500]    16.0000 MB /   0.50 sec =  268.3775 Mbps     0 retrans  12704 KB-cwnd
End time: 1731013306329
