Start time: 1730654578369
[2024-11-03T10:22:59.315991-0700] nuttcp-r: v8.1.4: socket
[2024-11-03T10:22:59.316874-0700] nuttcp-r: buflen=65536, nstream=1, port=5379 tcp
[2024-11-03T10:22:59.316949-0700] nuttcp-r: interval reporting every 0.50 seconds
[2024-11-03T10:22:59.317001-0700] nuttcp-r: connect to 54.176.53.206 with RTT=60.050 ms af=inet
[2024-11-03T10:22:59.317051-0700] nuttcp-r: send window size = 2097152, receive window size = 6291456
[2024-11-03T10:22:59.317095-0700] nuttcp-r: available send window = 1572864, available receive window = 4718592
[2024-11-03T10:22:59.317139-0700]     1.0000 MB /   0.50 sec =   16.7750 Mbps     0 retrans
[2024-11-03T10:22:59.815659-0700]    18.3750 MB /   0.50 sec =  308.2826 Mbps     0 retrans
[2024-11-03T10:23:00.315707-0700]    16.1875 MB /   0.50 sec =  271.5464 Mbps     0 retrans
[2024-11-03T10:23:00.815866-0700]    20.3750 MB /   0.50 sec =  341.7469 Mbps     0 retrans
[2024-11-03T10:23:01.316849-0700]    16.3750 MB /   0.50 sec =  274.2656 Mbps     0 retrans
[2024-11-03T10:23:01.815671-0700]    24.8125 MB /   0.50 sec =  417.1440 Mbps     0 retrans
[2024-11-03T10:23:02.316728-0700]    13.8125 MB /   0.50 sec =  231.2271 Mbps     0 retrans
[2024-11-03T10:23:02.815645-0700]    19.0000 MB /   0.50 sec =  319.4603 Mbps     0 retrans
[2024-11-03T10:23:03.315663-0700]    17.5000 MB /   0.50 sec =  293.6165 Mbps     0 retrans
[2024-11-03T10:23:03.815670-0700]    15.2500 MB /   0.50 sec =  255.8147 Mbps     0 retrans
[2024-11-03T10:23:04.315736-0700]    19.6875 MB /   0.50 sec =  330.3398 Mbps     0 retrans
[2024-11-03T10:23:04.815572-0700]    17.3750 MB /   0.50 sec =  291.5251 Mbps     0 retrans
[2024-11-03T10:23:05.315956-0700]    19.9375 MB /   0.50 sec =  334.2297 Mbps     0 retrans
[2024-11-03T10:23:05.815655-0700]    18.7500 MB /   0.50 sec =  314.8347 Mbps     0 retrans
[2024-11-03T10:23:06.315631-0700]    21.9375 MB /   0.50 sec =  368.0075 Mbps     0 retrans
[2024-11-03T10:23:06.815658-0700]    23.7500 MB /   0.50 sec =  398.4884 Mbps     0 retrans
[2024-11-03T10:23:07.315652-0700]    24.0000 MB /   0.50 sec =  402.6274 Mbps     0 retrans
[2024-11-03T10:23:07.815584-0700]    23.5625 MB /   0.50 sec =  395.3305 Mbps     0 retrans
[2024-11-03T10:23:08.315670-0700]    25.5625 MB /   0.50 sec =  428.8470 Mbps     0 retrans
[2024-11-03T10:23:08.815777-0700]    25.3750 MB /   0.50 sec =  425.7321 Mbps     0 retrans
[2024-11-03T10:23:09.315735-0700]    22.6250 MB /   0.50 sec =  379.5815 Mbps     0 retrans
[2024-11-03T10:23:09.815603-0700]     4.1875 MB /   0.50 sec =   70.2543 Mbps     0 retrans
[2024-11-03T10:23:10.315829-0700]    24.0000 MB /   0.50 sec =  402.6580 Mbps     0 retrans
[2024-11-03T10:23:10.815598-0700]    21.5625 MB /   0.50 sec =  361.7681 Mbps     0 retrans
[2024-11-03T10:23:11.316004-0700]    18.0000 MB /   0.50 sec =  301.8372 Mbps     0 retrans
[2024-11-03T10:23:11.815674-0700]    23.8125 MB /   0.50 sec =  399.6793 Mbps     0 retrans
[2024-11-03T10:23:12.315709-0700]    28.1250 MB /   0.50 sec =  471.8337 Mbps     0 retrans
[2024-11-03T10:23:12.815598-0700]    30.0625 MB /   0.50 sec =  504.4276 Mbps     0 retrans
[2024-11-03T10:23:13.315771-0700]    29.1875 MB /   0.50 sec =  489.5959 Mbps     0 retrans
[2024-11-03T10:23:13.815632-0700]    23.5000 MB /   0.50 sec =  394.3324 Mbps     0 retrans
[2024-11-03T10:23:14.315620-0700]    24.6250 MB /   0.50 sec =  413.1389 Mbps     0 retrans
[2024-11-03T10:23:14.816002-0700]    27.3125 MB /   0.50 sec =  457.9035 Mbps     0 retrans
[2024-11-03T10:23:15.317116-0700]    14.8750 MB /   0.50 sec =  249.0048 Mbps     0 retrans
[2024-11-03T10:23:15.815732-0700]    32.3750 MB /   0.50 sec =  544.7891 Mbps     0 retrans
[2024-11-03T10:23:16.317286-0700]    22.7500 MB /   0.50 sec =  380.4300 Mbps     0 retrans
[2024-11-03T10:23:16.815686-0700]    30.1250 MB /   0.50 sec =  506.9995 Mbps     0 retrans
[2024-11-03T10:23:17.316014-0700]    26.9375 MB /   0.50 sec =  451.9869 Mbps     0 retrans
[2024-11-03T10:23:17.815667-0700]    28.9375 MB /   0.50 sec =  485.4829 Mbps     0 retrans
[2024-11-03T10:23:18.315658-0700]    29.5000 MB /   0.50 sec =  494.9170 Mbps     0 retrans
[2024-11-03T10:23:18.815577-0700]    30.0000 MB /   0.50 sec =  503.3467 Mbps     0 retrans
[2024-11-03T10:23:19.315654-0700]    26.6250 MB /   0.50 sec =  446.6737 Mbps     0 retrans
[2024-11-03T10:23:19.816722-0700]    17.7500 MB /   0.50 sec =  297.1608 Mbps     0 retrans
[2024-11-03T10:23:20.315815-0700]    16.7500 MB /   0.50 sec =  281.5020 Mbps     0 retrans
[2024-11-03T10:23:20.816027-0700]    29.8750 MB /   0.50 sec =  501.0039 Mbps     0 retrans
[2024-11-03T10:23:21.315870-0700]    28.4375 MB /   0.50 sec =  477.5386 Mbps     0 retrans
[2024-11-03T10:23:21.815602-0700]    28.6875 MB /   0.50 sec =  481.2781 Mbps     0 retrans
[2024-11-03T10:23:22.315668-0700]    29.6875 MB /   0.50 sec =  498.0686 Mbps     0 retrans
[2024-11-03T10:23:22.815632-0700]    29.4375 MB /   0.50 sec =  493.8773 Mbps     0 retrans
[2024-11-03T10:23:23.315641-0700]    30.5000 MB /   0.50 sec =  511.6795 Mbps     0 retrans
[2024-11-03T10:23:23.815636-0700]    33.9375 MB /   0.50 sec =  569.4223 Mbps     0 retrans
[2024-11-03T10:23:24.315647-0700]    27.4375 MB /   0.50 sec =  460.3276 Mbps     0 retrans
[2024-11-03T10:23:24.815676-0700]    33.5625 MB /   0.50 sec =  563.0831 Mbps     0 retrans
[2024-11-03T10:23:25.315678-0700]    41.1875 MB /   0.50 sec =  690.9895 Mbps     0 retrans
[2024-11-03T10:23:25.815634-0700]    42.5000 MB /   0.50 sec =  712.9860 Mbps     0 retrans
[2024-11-03T10:23:26.315605-0700]    39.0625 MB /   0.50 sec =  655.4177 Mbps     0 retrans
[2024-11-03T10:23:26.815988-0700]    43.3750 MB /   0.50 sec =  727.6055 Mbps     0 retrans
[2024-11-03T10:23:27.315671-0700]    50.7500 MB /   0.50 sec =  851.4812 Mbps     0 retrans
[2024-11-03T10:23:27.815632-0700]    45.2500 MB /   0.50 sec =  759.2434 Mbps     0 retrans
[2024-11-03T10:23:28.315719-0700]    36.1250 MB /   0.50 sec =  605.9957 Mbps     0 retrans
[2024-11-03T10:23:28.816042-0700]    54.8125 MB /   0.50 sec =  919.7281 Mbps     0 retrans
[2024-11-03T10:23:29.315728-0700]    48.7500 MB /   0.50 sec =  817.7405 Mbps     0 retrans
[2024-11-03T10:23:29.815602-0700]    37.0000 MB /   0.50 sec =  620.8762 Mbps     0 retrans
[2024-11-03T10:23:30.315760-0700]    29.1250 MB /   0.50 sec =  488.6325 Mbps     0 retrans
[2024-11-03T10:23:30.815634-0700]    26.6875 MB /   0.50 sec =  447.7052 Mbps     0 retrans
[2024-11-03T10:23:31.315679-0700]    44.3750 MB /   0.50 sec =  744.5530 Mbps     0 retrans
[2024-11-03T10:23:31.815613-0700]    38.3125 MB /   0.50 sec =  642.7642 Mbps     0 retrans
[2024-11-03T10:23:32.315703-0700]    37.3125 MB /   0.50 sec =  626.0149 Mbps     0 retrans
[2024-11-03T10:23:32.815631-0700]    38.0000 MB /   0.50 sec =  637.5380 Mbps     0 retrans
[2024-11-03T10:23:33.315636-0700]    39.9375 MB /   0.50 sec =  670.0173 Mbps     0 retrans
[2024-11-03T10:23:33.815674-0700]    33.5625 MB /   0.50 sec =  563.0256 Mbps     0 retrans
[2024-11-03T10:23:34.315731-0700]    37.6250 MB /   0.50 sec =  631.2604 Mbps     0 retrans
[2024-11-03T10:23:34.816056-0700]    33.0000 MB /   0.50 sec =  553.6393 Mbps     0 retrans
[2024-11-03T10:23:35.315600-0700]    25.1250 MB /   0.50 sec =  421.5731 Mbps     0 retrans
[2024-11-03T10:23:35.815800-0700]    32.1875 MB /   0.50 sec =  540.0436 Mbps     0 retrans
[2024-11-03T10:23:36.315709-0700]    32.3125 MB /   0.50 sec =  542.0737 Mbps     0 retrans
[2024-11-03T10:23:36.815638-0700]    39.6875 MB /   0.50 sec =  665.8284 Mbps     0 retrans
[2024-11-03T10:23:37.315999-0700]    41.9375 MB /   0.50 sec =  703.3863 Mbps     0 retrans
[2024-11-03T10:23:37.815632-0700]    40.7500 MB /   0.50 sec =  683.8918 Mbps     0 retrans
[2024-11-03T10:23:38.315635-0700]    33.9375 MB /   0.50 sec =  569.3734 Mbps     0 retrans
[2024-11-03T10:23:38.815681-0700]    36.1875 MB /   0.50 sec =  607.1340 Mbps     0 retrans
[2024-11-03T10:23:39.315760-0700]    35.0000 MB /   0.50 sec =  587.0992 Mbps     0 retrans
[2024-11-03T10:23:39.815597-0700]    28.6875 MB /   0.50 sec =  481.3551 Mbps     0 retrans
[2024-11-03T10:23:40.315650-0700]    27.4375 MB /   0.50 sec =  460.3829 Mbps     0 retrans
[2024-11-03T10:23:40.818134-0700]    28.3750 MB /   0.50 sec =  474.0077 Mbps     0 retrans
[2024-11-03T10:23:41.315728-0700]    28.1250 MB /   0.50 sec =  473.9046 Mbps     0 retrans
[2024-11-03T10:23:41.815813-0700]    28.9375 MB /   0.50 sec =  485.4645 Mbps     0 retrans
[2024-11-03T10:23:42.315639-0700]    31.4375 MB /   0.50 sec =  527.4337 Mbps     0 retrans
[2024-11-03T10:23:42.815720-0700]    25.5625 MB /   0.50 sec =  428.7818 Mbps     0 retrans
[2024-11-03T10:23:43.316076-0700]    26.1250 MB /   0.50 sec =  438.3924 Mbps     0 retrans
[2024-11-03T10:23:43.815812-0700]    20.4375 MB /   0.50 sec =  342.8261 Mbps     0 retrans
[2024-11-03T10:23:44.315615-0700]    27.2500 MB /   0.50 sec =  457.2624 Mbps     0 retrans
[2024-11-03T10:23:44.815746-0700]    19.1250 MB /   0.50 sec =  320.7533 Mbps     0 retrans
[2024-11-03T10:23:45.316755-0700]    24.1875 MB /   0.50 sec =  405.0237 Mbps     0 retrans
[2024-11-03T10:23:45.816432-0700]    19.6250 MB /   0.50 sec =  329.7151 Mbps     0 retrans
[2024-11-03T10:23:46.317123-0700]    16.8125 MB /   0.50 sec =  281.4719 Mbps     0 retrans
[2024-11-03T10:23:46.815719-0700]    22.5000 MB /   0.50 sec =  378.5473 Mbps     0 retrans
[2024-11-03T10:23:47.315615-0700]    21.5000 MB /   0.50 sec =  360.7643 Mbps     0 retrans
[2024-11-03T10:23:47.815644-0700]    18.6875 MB /   0.50 sec =  313.5198 Mbps     0 retrans
[2024-11-03T10:23:48.315691-0700]    18.6250 MB /   0.50 sec =  312.4719 Mbps     0 retrans
[2024-11-03T10:23:48.815586-0700]    19.8125 MB /   0.50 sec =  332.4132 Mbps     0 retrans
[2024-11-03T10:23:49.316153-0700]    14.6250 MB /   0.50 sec =  245.3486 Mbps     0 retrans
[2024-11-03T10:23:49.815794-0700]    12.8750 MB /   0.50 sec =  215.9401 Mbps     0 retrans
[2024-11-03T10:23:50.315684-0700]     5.7500 MB /   0.50 sec =   96.4711 Mbps     0 retrans
[2024-11-03T10:23:50.815750-0700]     7.3750 MB /   0.50 sec =  123.7320 Mbps     0 retrans
[2024-11-03T10:23:51.316738-0700]    10.2500 MB /   0.50 sec =  171.6445 Mbps     0 retrans
[2024-11-03T10:23:51.815790-0700]    11.9375 MB /   0.50 sec =  200.6999 Mbps     0 retrans
[2024-11-03T10:23:52.315650-0700]    11.0000 MB /   0.50 sec =  184.5730 Mbps     0 retrans
[2024-11-03T10:23:52.815620-0700]    12.0000 MB /   0.50 sec =  201.3282 Mbps     0 retrans
[2024-11-03T10:23:53.315671-0700]    12.6875 MB /   0.50 sec =  212.8516 Mbps     0 retrans
[2024-11-03T10:23:53.815611-0700]    13.7500 MB /   0.50 sec =  230.6918 Mbps     0 retrans
[2024-11-03T10:23:54.315875-0700]    12.3750 MB /   0.50 sec =  207.5437 Mbps     0 retrans
[2024-11-03T10:23:54.815859-0700]     9.7500 MB /   0.50 sec =  163.5690 Mbps     0 retrans
[2024-11-03T10:23:55.315697-0700]    13.9375 MB /   0.50 sec =  233.9124 Mbps     0 retrans
[2024-11-03T10:23:55.815670-0700]    10.5000 MB /   0.50 sec =  176.1632 Mbps     0 retrans
[2024-11-03T10:23:56.315616-0700]    13.7500 MB /   0.50 sec =  230.7033 Mbps     0 retrans
[2024-11-03T10:23:56.815660-0700]    14.7500 MB /   0.50 sec =  247.4476 Mbps     0 retrans
[2024-11-03T10:23:57.315792-0700]    17.0000 MB /   0.50 sec =  285.2121 Mbps     0 retrans
[2024-11-03T10:23:57.815780-0700]    13.8125 MB /   0.50 sec =  231.6547 Mbps     0 retrans
[2024-11-03T10:23:58.315661-0700]    22.3125 MB /   0.50 sec =  374.4922 Mbps     0 retrans
[2024-11-03T10:23:58.815635-0700]    21.7500 MB /   0.50 sec =  364.9110 Mbps     0 retrans
[2024-11-03T10:23:59.315703-0700]    25.5625 MB /   0.50 sec =  428.8684 Mbps     0 retrans
[2024-11-03T10:23:59.815633-0700]    28.8125 MB /   0.50 sec =  483.3510 Mbps     0 retrans
[2024-11-03T10:24:00.315678-0700]    30.8750 MB /   0.50 sec =  518.0110 Mbps     0 retrans
[2024-11-03T10:24:00.815608-0700]    33.1250 MB /   0.50 sec =  555.7686 Mbps     0 retrans
[2024-11-03T10:24:01.315799-0700]    34.4375 MB /   0.50 sec =  577.7492 Mbps     0 retrans
[2024-11-03T10:24:01.815624-0700]    38.1250 MB /   0.50 sec =  639.6314 Mbps     0 retrans
[2024-11-03T10:24:02.315660-0700]    41.8125 MB /   0.50 sec =  701.5100 Mbps     0 retrans
[2024-11-03T10:24:02.815588-0700]    45.8125 MB /   0.50 sec =  768.6323 Mbps     0 retrans
[2024-11-03T10:24:03.315634-0700]    48.8125 MB /   0.50 sec =  818.9182 Mbps     0 retrans
[2024-11-03T10:24:03.815614-0700]    46.8125 MB /   0.50 sec =  785.3944 Mbps     0 retrans
[2024-11-03T10:24:04.315674-0700]    48.3750 MB /   0.50 sec =  811.5150 Mbps     0 retrans
[2024-11-03T10:24:04.815895-0700]    46.6875 MB /   0.50 sec =  783.2612 Mbps     0 retrans
[2024-11-03T10:24:05.315777-0700]    54.0625 MB /   0.50 sec =  907.0944 Mbps     0 retrans
[2024-11-03T10:24:05.815616-0700]    54.0000 MB /   0.50 sec =  905.9896 Mbps     0 retrans
[2024-11-03T10:24:06.315650-0700]    55.7500 MB /   0.50 sec =  935.3279 Mbps     0 retrans
[2024-11-03T10:24:06.816614-0700]    57.6250 MB /   0.50 sec =  964.8535 Mbps     0 retrans
[2024-11-03T10:24:07.315759-0700]    57.8125 MB /   0.50 sec =  971.5709 Mbps     0 retrans
[2024-11-03T10:24:07.815812-0700]    18.6875 MB /   0.50 sec =  313.4922 Mbps     0 retrans
[2024-11-03T10:24:08.315678-0700]    57.2500 MB /   0.50 sec =  960.9127 Mbps     0 retrans
[2024-11-03T10:24:08.815631-0700]    59.3750 MB /   0.50 sec =  996.1472 Mbps     0 retrans
[2024-11-03T10:24:09.315689-0700]    60.0000 MB /   0.50 sec = 1006.5907 Mbps     0 retrans
[2024-11-03T10:24:09.815636-0700]    62.5000 MB /   0.50 sec = 1048.6326 Mbps     0 retrans
[2024-11-03T10:24:10.315682-0700]    57.8750 MB /   0.50 sec =  970.9756 Mbps     0 retrans
[2024-11-03T10:24:10.816204-0700]    54.6250 MB /   0.50 sec =  916.1348 Mbps     0 retrans
[2024-11-03T10:24:11.315821-0700]    65.3125 MB /   0.50 sec = 1095.7049 Mbps     0 retrans
[2024-11-03T10:24:11.815714-0700]    55.0000 MB /   0.50 sec =  922.9481 Mbps     0 retrans
[2024-11-03T10:24:12.315667-0700]    54.2500 MB /   0.50 sec =  910.3060 Mbps     0 retrans
[2024-11-03T10:24:12.818295-0700]    51.7500 MB /   0.50 sec =  864.3056 Mbps     0 retrans
[2024-11-03T10:24:13.315612-0700]    56.1875 MB /   0.50 sec =  947.0090 Mbps     0 retrans
[2024-11-03T10:24:13.815699-0700]    56.9375 MB /   0.50 sec =  955.2642 Mbps     0 retrans
[2024-11-03T10:24:14.315685-0700]    57.2500 MB /   0.50 sec =  960.4207 Mbps     0 retrans
[2024-11-03T10:24:14.815631-0700]    59.4375 MB /   0.50 sec =  997.2676 Mbps     0 retrans
[2024-11-03T10:24:15.316147-0700]    59.6250 MB /   0.50 sec = 1000.2495 Mbps     0 retrans
[2024-11-03T10:24:15.815716-0700]    59.5625 MB /   0.50 sec =  999.1710 Mbps     0 retrans
[2024-11-03T10:24:16.315669-0700]    58.0000 MB /   0.50 sec =  973.1486 Mbps     0 retrans
[2024-11-03T10:24:16.815814-0700]    63.3750 MB /   0.50 sec = 1063.0094 Mbps     0 retrans
[2024-11-03T10:24:17.316091-0700]    59.5000 MB /   0.50 sec =  998.6278 Mbps     0 retrans
[2024-11-03T10:24:17.815834-0700]    47.1875 MB /   0.50 sec =  791.3188 Mbps     0 retrans
[2024-11-03T10:24:18.315732-0700]    22.3125 MB /   0.50 sec =  374.4899 Mbps     0 retrans
[2024-11-03T10:24:18.815609-0700]    54.6875 MB /   0.50 sec =  917.5315 Mbps     0 retrans
[2024-11-03T10:24:19.316044-0700]    52.6875 MB /   0.50 sec =  883.4354 Mbps     0 retrans
[2024-11-03T10:24:19.815977-0700]    57.0000 MB /   0.50 sec =  956.1330 Mbps     0 retrans
[2024-11-03T10:24:20.315720-0700]    58.0625 MB /   0.50 sec =  974.8485 Mbps     0 retrans
[2024-11-03T10:24:20.815593-0700]    58.4375 MB /   0.50 sec =  980.4480 Mbps     0 retrans
[2024-11-03T10:24:21.315692-0700]    57.3750 MB /   0.50 sec =  962.4946 Mbps     0 retrans
[2024-11-03T10:24:21.815680-0700]    61.3750 MB /   0.50 sec = 1029.7346 Mbps     0 retrans
[2024-11-03T10:24:22.315616-0700]    56.0625 MB /   0.50 sec =  940.6272 Mbps     0 retrans
[2024-11-03T10:24:22.815971-0700]    55.0000 MB /   0.50 sec =  922.7321 Mbps     0 retrans
[2024-11-03T10:24:23.315789-0700]    48.6250 MB /   0.50 sec =  815.4953 Mbps     0 retrans
[2024-11-03T10:24:23.815534-0700]    55.6250 MB /   0.50 sec =  933.5911 Mbps     0 retrans
[2024-11-03T10:24:24.315623-0700]    54.1250 MB /   0.50 sec =  908.0596 Mbps     0 retrans
[2024-11-03T10:24:24.816005-0700]    46.2500 MB /   0.50 sec =  775.9105 Mbps     0 retrans
[2024-11-03T10:24:25.315823-0700]    58.1875 MB /   0.50 sec =  976.2926 Mbps     0 retrans
[2024-11-03T10:24:25.816194-0700]    57.5625 MB /   0.50 sec =  965.6612 Mbps     0 retrans
[2024-11-03T10:24:26.315668-0700]    59.0625 MB /   0.50 sec =  990.9301 Mbps     0 retrans
[2024-11-03T10:24:26.815665-0700]    60.4375 MB /   0.50 sec = 1013.9264 Mbps     0 retrans
[2024-11-03T10:24:27.315678-0700]    55.4375 MB /   0.50 sec =  930.0962 Mbps     0 retrans
[2024-11-03T10:24:27.816234-0700]    57.7500 MB /   0.50 sec =  968.9230 Mbps     0 retrans
[2024-11-03T10:24:28.316198-0700]    30.2500 MB /   0.50 sec =  507.3139 Mbps     0 retrans
[2024-11-03T10:24:28.815735-0700]    42.5625 MB /   0.50 sec =  714.3574 Mbps     0 retrans
[2024-11-03T10:24:29.315859-0700]    55.6875 MB /   0.50 sec =  934.2831 Mbps     0 retrans
[2024-11-03T10:24:29.815644-0700]    56.8750 MB /   0.50 sec =  954.2137 Mbps     0 retrans
[2024-11-03T10:24:30.315693-0700]    57.5000 MB /   0.50 sec =  964.6417 Mbps     0 retrans
[2024-11-03T10:24:30.815702-0700]    55.8125 MB /   0.50 sec =  936.4289 Mbps     0 retrans
[2024-11-03T10:24:31.315632-0700]    54.6875 MB /   0.50 sec =  917.4691 Mbps     0 retrans
[2024-11-03T10:24:31.815564-0700]    57.9375 MB /   0.50 sec =  972.1388 Mbps     0 retrans
[2024-11-03T10:24:32.315936-0700]    59.5625 MB /   0.50 sec =  999.0272 Mbps     0 retrans
[2024-11-03T10:24:32.815632-0700]    63.8750 MB /   0.50 sec = 1071.8569 Mbps     0 retrans
[2024-11-03T10:24:33.315685-0700]    66.8125 MB /   0.50 sec = 1120.8627 Mbps     0 retrans
[2024-11-03T10:24:33.820264-0700]    61.3125 MB /   0.50 sec = 1019.7992 Mbps     0 retrans
[2024-11-03T10:24:34.315658-0700]    60.6250 MB /   0.50 sec = 1026.0888 Mbps     0 retrans
[2024-11-03T10:24:34.815759-0700]    64.7500 MB /   0.50 sec = 1086.3052 Mbps     0 retrans
[2024-11-03T10:24:35.315773-0700]    58.6875 MB /   0.50 sec =  984.5715 Mbps     0 retrans
[2024-11-03T10:24:35.815783-0700]    57.5625 MB /   0.50 sec =  965.6921 Mbps     0 retrans
[2024-11-03T10:24:36.315665-0700]    61.0000 MB /   0.50 sec = 1023.4675 Mbps     0 retrans
[2024-11-03T10:24:36.815739-0700]    60.5000 MB /   0.50 sec = 1015.1170 Mbps     0 retrans
[2024-11-03T10:24:37.315827-0700]    58.2500 MB /   0.50 sec =  977.2162 Mbps     0 retrans
[2024-11-03T10:24:37.815661-0700]    59.0625 MB /   0.50 sec =  990.8726 Mbps     0 retrans
[2024-11-03T10:24:38.315612-0700]    55.0000 MB /   0.50 sec =  922.8558 Mbps     0 retrans
[2024-11-03T10:24:38.815700-0700]    59.6875 MB /   0.50 sec = 1001.3040 Mbps     0 retrans
[2024-11-03T10:24:39.315663-0700]    61.8750 MB /   0.50 sec = 1038.0799 Mbps     0 retrans
[2024-11-03T10:24:39.815645-0700]    58.3125 MB /   0.50 sec =  978.3195 Mbps     0 retrans
[2024-11-03T10:24:40.315588-0700]    66.0000 MB /   0.50 sec = 1107.3339 Mbps     0 retrans
[2024-11-03T10:24:40.815934-0700]    64.6250 MB /   0.50 sec = 1083.6814 Mbps     0 retrans
[2024-11-03T10:24:41.315594-0700]    66.1875 MB /   0.50 sec = 1111.0042 Mbps     0 retrans
[2024-11-03T10:24:41.815663-0700]    66.2500 MB /   0.50 sec = 1111.3216 Mbps     0 retrans
[2024-11-03T10:24:42.315859-0700]    67.8750 MB /   0.50 sec = 1138.9039 Mbps     0 retrans
[2024-11-03T10:24:42.815771-0700]    73.2500 MB /   0.50 sec = 1228.9237 Mbps     0 retrans
[2024-11-03T10:24:43.315675-0700]    66.4375 MB /   0.50 sec = 1114.6675 Mbps     0 retrans
[2024-11-03T10:24:43.815622-0700]    55.1875 MB /   0.50 sec =  925.9371 Mbps     0 retrans
[2024-11-03T10:24:44.315846-0700]    36.5625 MB /   0.50 sec =  613.2918 Mbps     0 retrans
[2024-11-03T10:24:44.815607-0700]    69.9375 MB /   0.50 sec = 1173.5044 Mbps     0 retrans
[2024-11-03T10:24:45.315652-0700]    63.6250 MB /   0.50 sec = 1067.4482 Mbps     0 retrans
[2024-11-03T10:24:45.815663-0700]    64.6250 MB /   0.50 sec = 1084.2167 Mbps     0 retrans
[2024-11-03T10:24:46.315887-0700]    64.1250 MB /   0.50 sec = 1075.8648 Mbps     0 retrans
[2024-11-03T10:24:46.815950-0700]    60.4375 MB /   0.50 sec = 1013.9811 Mbps     0 retrans
[2024-11-03T10:24:47.315604-0700]    63.6875 MB /   0.50 sec = 1068.5139 Mbps     0 retrans
[2024-11-03T10:24:47.816650-0700]    54.8125 MB /   0.50 sec =  917.6118 Mbps     0 retrans
[2024-11-03T10:24:48.315827-0700]    62.5625 MB /   0.50 sec = 1051.9409 Mbps     0 retrans
[2024-11-03T10:24:48.815676-0700]    57.0625 MB /   0.50 sec =  957.2637 Mbps     0 retrans
[2024-11-03T10:24:49.315629-0700]    41.3125 MB /   0.50 sec =  693.1115 Mbps     0 retrans
[2024-11-03T10:24:49.816016-0700]    15.9375 MB /   0.50 sec =  267.3682 Mbps     0 retrans
[2024-11-03T10:24:50.315667-0700]    25.0625 MB /   0.50 sec =  420.4891 Mbps     0 retrans
[2024-11-03T10:24:50.815835-0700]    49.0625 MB /   0.50 sec =  823.0597 Mbps     0 retrans
[2024-11-03T10:24:51.315645-0700]    57.5000 MB /   0.50 sec =  964.8192 Mbps     0 retrans
[2024-11-03T10:24:51.815658-0700]    49.2500 MB /   0.50 sec =  826.2878 Mbps     0 retrans
[2024-11-03T10:24:52.316632-0700]    46.9375 MB /   0.50 sec =  785.8680 Mbps     0 retrans
[2024-11-03T10:24:52.815655-0700]    52.3125 MB /   0.50 sec =  879.4557 Mbps     0 retrans
[2024-11-03T10:24:53.315655-0700]    44.6250 MB /   0.50 sec =  748.6698 Mbps     0 retrans
[2024-11-03T10:24:53.815631-0700]    36.6875 MB /   0.50 sec =  615.5486 Mbps     0 retrans
[2024-11-03T10:24:54.315578-0700]    33.8125 MB /   0.50 sec =  567.2864 Mbps     0 retrans
[2024-11-03T10:24:54.815641-0700]    25.3125 MB /   0.50 sec =  424.6614 Mbps     0 retrans
[2024-11-03T10:24:55.315792-0700]    30.6875 MB /   0.50 sec =  514.8591 Mbps     0 retrans
[2024-11-03T10:24:55.815657-0700]    25.4375 MB /   0.50 sec =  426.7653 Mbps     0 retrans
[2024-11-03T10:24:56.315982-0700]    25.0625 MB /   0.50 sec =  420.4008 Mbps     0 retrans
[2024-11-03T10:24:56.815648-0700]    23.6875 MB /   0.50 sec =  397.4508 Mbps     0 retrans
[2024-11-03T10:24:57.315641-0700]    21.2500 MB /   0.50 sec =  356.5700 Mbps     0 retrans
[2024-11-03T10:24:57.815688-0700]    12.3750 MB /   0.50 sec =  207.5740 Mbps     0 retrans
[2024-11-03T10:24:58.315961-0700]    14.6250 MB /   0.50 sec =  245.2628 Mbps     0 retrans
[2024-11-03T10:24:58.817925-0700]    18.3125 MB /   0.50 sec =  306.4275 Mbps     0 retrans
[2024-11-03T10:24:59.315779-0700]    21.5000 MB /   0.50 sec =  361.7491 Mbps     0 retrans
End time: 1730654699558
