Start time: 1745265249862
Connecting to host 34.86.116.81, port 5209
Reverse mode, remote host 34.86.116.81 is sending
[  5] local 192.0.0.2 port 48514 connected to 34.86.116.81 port 5209
[ ID] Interval           Transfer     Bitrate
[  5]   0.00-0.10   sec  40.0 KBytes  3.27 Mbits/sec                  
[  5]   0.10-0.20   sec  74.6 KBytes  6.11 Mbits/sec                  
[  5]   0.20-0.30   sec   257 KBytes  21.1 Mbits/sec                  
[  5]   0.30-0.40   sec   573 KBytes  46.9 Mbits/sec                  
[  5]   0.40-0.50   sec  1003 KBytes  82.2 Mbits/sec                  
[  5]   0.50-0.60   sec  2.13 MBytes   178 Mbits/sec                  
[  5]   0.60-0.70   sec   854 KBytes  69.9 Mbits/sec                  
[  5]   0.70-0.80   sec  2.27 MBytes   190 Mbits/sec                  
[  5]   0.80-0.90   sec  2.54 MBytes   213 Mbits/sec                  
[  5]   0.90-1.00   sec  3.86 MBytes   324 Mbits/sec                  
[  5]   1.00-1.10   sec  4.73 MBytes   397 Mbits/sec                  
[  5]   1.10-1.20   sec  4.25 MBytes   357 Mbits/sec                  
[  5]   1.20-1.30   sec   955 KBytes  78.2 Mbits/sec                  
[  5]   1.30-1.40   sec  0.00 Bytes  0.00 bits/sec                  
[  5]   1.40-1.50   sec  0.00 Bytes  0.00 bits/sec                  
[  5]   1.50-1.60   sec  0.00 Bytes  0.00 bits/sec                  
[  5]   1.60-1.70   sec  0.00 Bytes  0.00 bits/sec                  
[  5]   1.70-1.80   sec  0.00 Bytes  0.00 bits/sec                  
[  5]   1.80-1.90   sec  0.00 Bytes  0.00 bits/sec                  
[  5]   1.90-2.00   sec  0.00 Bytes  0.00 bits/sec                  
[  5]   2.00-2.10   sec  0.00 Bytes  0.00 bits/sec                  
[  5]   2.10-2.20   sec  8.97 MBytes   753 Mbits/sec                  
[  5]   2.20-2.30   sec  2.66 MBytes   223 Mbits/sec                  
[  5]   2.30-2.40   sec  2.13 MBytes   178 Mbits/sec                  
[  5]   2.40-2.50   sec  2.10 MBytes   176 Mbits/sec                  
[  5]   2.50-2.60   sec  4.05 MBytes   340 Mbits/sec                  
[  5]   2.60-2.70   sec  3.14 MBytes   264 Mbits/sec                  
[  5]   2.70-2.80   sec  2.03 MBytes   170 Mbits/sec                  
[  5]   2.80-2.90   sec  1.12 MBytes  93.9 Mbits/sec                  
[  5]   2.90-3.00   sec  1.59 MBytes   133 Mbits/sec                  
[  5]   3.00-3.10   sec  4.18 MBytes   350 Mbits/sec                  
[  5]   3.10-3.20   sec  4.44 MBytes   372 Mbits/sec                  
[  5]   3.20-3.30   sec  2.30 MBytes   193 Mbits/sec                  
[  5]   3.30-3.40   sec  1.77 MBytes   148 Mbits/sec                  
[  5]   3.40-3.50   sec  1.34 MBytes   113 Mbits/sec                  
[  5]   3.50-3.60   sec   842 KBytes  69.0 Mbits/sec                  
[  5]   3.60-3.70   sec  2.01 MBytes   168 Mbits/sec                  
[  5]   3.70-3.80   sec  2.86 MBytes   240 Mbits/sec                  
[  5]   3.80-3.90   sec  2.95 MBytes   248 Mbits/sec                  
[  5]   3.90-4.00   sec  4.18 MBytes   351 Mbits/sec                  
[  5]   4.00-4.10   sec  5.61 MBytes   470 Mbits/sec                  
[  5]   4.10-4.20   sec  4.10 MBytes   345 Mbits/sec                  
[  5]   4.20-4.30   sec  3.03 MBytes   254 Mbits/sec                  
[  5]   4.30-4.40   sec  5.96 MBytes   500 Mbits/sec                  
[  5]   4.40-4.50   sec  3.74 MBytes   312 Mbits/sec                  
[  5]   4.50-4.60   sec  2.01 MBytes   169 Mbits/sec                  
[  5]   4.60-4.70   sec  6.85 MBytes   575 Mbits/sec                  
[  5]   4.70-4.80   sec  3.50 MBytes   294 Mbits/sec                  
[  5]   4.80-4.90   sec  5.64 MBytes   473 Mbits/sec                  
[  5]   4.90-5.00   sec  5.31 MBytes   445 Mbits/sec                  
- - - - - - - - - - - - - - - - - - - - - - - - -
[ ID] Interval           Transfer     Bitrate         Retr
[  5]   0.00-5.06   sec   402 MBytes   667 Mbits/sec    7             sender
[  5]   0.00-5.00   sec   124 MBytes   208 Mbits/sec                  receiver

iperf Done.
End time: 1745265255663
