Start time: 1731096148927
[2024-11-08T15:02:29.900222-0500] nuttcp-r: v8.1.4: socket
[2024-11-08T15:02:29.900844-0500] nuttcp-r: buflen=65536, nstream=1, port=5379 tcp
[2024-11-08T15:02:29.900950-0500] nuttcp-r: interval reporting every 0.50 seconds
[2024-11-08T15:02:29.900978-0500] nuttcp-r: connect to 54.197.223.49 with RTT=86.954 ms af=inet
[2024-11-08T15:02:29.901002-0500] nuttcp-r: send window size = 2097152, receive window size = 6291456
[2024-11-08T15:02:29.901026-0500] nuttcp-r: available send window = 1572864, available receive window = 4718592
[2024-11-08T15:02:29.901051-0500]     0.1250 MB /   0.50 sec =    2.0969 Mbps     0 retrans     13 KB-cwnd
[2024-11-08T15:02:30.400257-0500]     1.0000 MB /   0.50 sec =   16.7769 Mbps     0 retrans     13 KB-cwnd
[2024-11-08T15:02:30.900142-0500]     4.6875 MB /   0.50 sec =   78.6413 Mbps     0 retrans     13 KB-cwnd
[2024-11-08T15:02:31.400516-0500]     6.5625 MB /   0.50 sec =  110.1022 Mbps     0 retrans     13 KB-cwnd
[2024-11-08T15:02:31.900235-0500]     6.4375 MB /   0.50 sec =  107.9770 Mbps     0 retrans     13 KB-cwnd
[2024-11-08T15:02:32.400012-0500]     7.9375 MB /   0.50 sec =  133.2083 Mbps     0 retrans     13 KB-cwnd
[2024-11-08T15:02:32.900060-0500]     9.5000 MB /   0.50 sec =  159.3800 Mbps     0 retrans     13 KB-cwnd
[2024-11-08T15:02:33.400072-0500]     9.6250 MB /   0.50 sec =  161.4801 Mbps     0 retrans     13 KB-cwnd
[2024-11-08T15:02:33.900310-0500]     7.5000 MB /   0.50 sec =  125.8007 Mbps     0 retrans     13 KB-cwnd
[2024-11-08T15:02:34.400244-0500]     6.1875 MB /   0.50 sec =  103.8013 Mbps     0 retrans     13 KB-cwnd
[2024-11-08T15:02:34.900105-0500]    17.0625 MB /   0.50 sec =  286.3391 Mbps     0 retrans     13 KB-cwnd
[2024-11-08T15:02:35.400088-0500]    13.1250 MB /   0.50 sec =  220.2040 Mbps     0 retrans     13 KB-cwnd
[2024-11-08T15:02:35.900079-0500]    15.5625 MB /   0.50 sec =  261.0954 Mbps     0 retrans     13 KB-cwnd
[2024-11-08T15:02:36.400204-0500]    14.8750 MB /   0.50 sec =  249.5167 Mbps     0 retrans     13 KB-cwnd
[2024-11-08T15:02:36.901242-0500]    11.5625 MB /   0.50 sec =  193.5955 Mbps     0 retrans     13 KB-cwnd
[2024-11-08T15:02:37.400083-0500]     3.9375 MB /   0.50 sec =   66.2062 Mbps     0 retrans     13 KB-cwnd
[2024-11-08T15:02:37.899987-0500]    19.5000 MB /   0.50 sec =  327.1753 Mbps     0 retrans     13 KB-cwnd
[2024-11-08T15:02:38.400133-0500]     8.7500 MB /   0.50 sec =  146.7686 Mbps     0 retrans     13 KB-cwnd
[2024-11-08T15:02:38.900089-0500]    20.1250 MB /   0.50 sec =  337.6915 Mbps     0 retrans     13 KB-cwnd
[2024-11-08T15:02:39.400083-0500]    17.3125 MB /   0.50 sec =  290.4550 Mbps     0 retrans     14 KB-cwnd
[2024-11-08T15:02:39.900674-0500]    10.8750 MB /   0.50 sec =  182.2598 Mbps     0 retrans     26 KB-cwnd
[2024-11-08T15:02:40.400710-0500]     8.1875 MB /   0.50 sec =  137.4935 Mbps     0 retrans     26 KB-cwnd
[2024-11-08T15:02:40.900021-0500]     8.2500 MB /   0.50 sec =  138.4339 Mbps     0 retrans     26 KB-cwnd
[2024-11-08T15:02:41.399972-0500]     8.1250 MB /   0.50 sec =  136.3195 Mbps     0 retrans     26 KB-cwnd
[2024-11-08T15:02:41.900182-0500]     1.6875 MB /   0.50 sec =   28.3052 Mbps     0 retrans     26 KB-cwnd
[2024-11-08T15:02:42.400087-0500]     2.6875 MB /   0.50 sec =   45.0950 Mbps     0 retrans     26 KB-cwnd
[2024-11-08T15:02:42.900127-0500]     7.6250 MB /   0.50 sec =  127.9245 Mbps     0 retrans     26 KB-cwnd
[2024-11-08T15:02:43.400041-0500]     3.0625 MB /   0.50 sec =   51.3852 Mbps     0 retrans     26 KB-cwnd
[2024-11-08T15:02:43.900245-0500]     1.5625 MB /   0.50 sec =   26.2108 Mbps     0 retrans     26 KB-cwnd
[2024-11-08T15:02:44.400035-0500]     9.6875 MB /   0.50 sec =  162.5459 Mbps     0 retrans     26 KB-cwnd
[2024-11-08T15:02:44.900379-0500]     1.5625 MB /   0.50 sec =   26.2113 Mbps     0 retrans     26 KB-cwnd
[2024-11-08T15:02:45.400137-0500]     0.0000 MB /   0.50 sec =    0.0000 Mbps     0 retrans     26 KB-cwnd
[2024-11-08T15:02:45.900146-0500]    11.5625 MB /   0.50 sec =  193.9966 Mbps     0 retrans     27 KB-cwnd
[2024-11-08T15:02:46.400002-0500]     6.1250 MB /   0.50 sec =  102.7730 Mbps     0 retrans     27 KB-cwnd
[2024-11-08T15:02:46.900001-0500]     5.6875 MB /   0.50 sec =   95.4197 Mbps     0 retrans     27 KB-cwnd
[2024-11-08T15:02:47.400100-0500]     5.6875 MB /   0.50 sec =   95.4113 Mbps     0 retrans     27 KB-cwnd
[2024-11-08T15:02:47.900173-0500]     6.7500 MB /   0.50 sec =  113.2374 Mbps     0 retrans     27 KB-cwnd
[2024-11-08T15:02:48.400048-0500]     7.7500 MB /   0.50 sec =  130.0388 Mbps     0 retrans     27 KB-cwnd
[2024-11-08T15:02:48.900112-0500]     8.0000 MB /   0.50 sec =  134.2086 Mbps     0 retrans     27 KB-cwnd
[2024-11-08T15:02:49.400113-0500]     8.4375 MB /   0.50 sec =  141.5558 Mbps     0 retrans     27 KB-cwnd
[2024-11-08T15:02:49.900180-0500]    12.2500 MB /   0.50 sec =  205.5345 Mbps     0 retrans     27 KB-cwnd
[2024-11-08T15:02:50.399980-0500]    10.8125 MB /   0.50 sec =  181.4145 Mbps     0 retrans     27 KB-cwnd
[2024-11-08T15:02:50.900129-0500]    13.6250 MB /   0.50 sec =  228.5704 Mbps     0 retrans     27 KB-cwnd
[2024-11-08T15:02:51.400036-0500]     6.7500 MB /   0.50 sec =  113.2550 Mbps     0 retrans     27 KB-cwnd
[2024-11-08T15:02:51.900041-0500]    14.5000 MB /   0.50 sec =  243.2589 Mbps     0 retrans     27 KB-cwnd
[2024-11-08T15:02:52.400020-0500]    19.0625 MB /   0.50 sec =  319.8246 Mbps     0 retrans     27 KB-cwnd
[2024-11-08T15:02:52.900011-0500]    22.5000 MB /   0.50 sec =  377.4896 Mbps    11 retrans   8122 KB-cwnd
[2024-11-08T15:02:53.400071-0500]    20.8750 MB /   0.50 sec =  350.2209 Mbps     0 retrans   8122 KB-cwnd
[2024-11-08T15:02:53.900107-0500]    20.1250 MB /   0.50 sec =  337.6307 Mbps     0 retrans   8122 KB-cwnd
[2024-11-08T15:02:54.400049-0500]    22.0625 MB /   0.50 sec =  370.1621 Mbps     0 retrans   8122 KB-cwnd
[2024-11-08T15:02:54.900094-0500]    10.4375 MB /   0.50 sec =  175.1066 Mbps     0 retrans   8122 KB-cwnd
[2024-11-08T15:02:55.400036-0500]    23.5000 MB /   0.50 sec =  394.2662 Mbps     0 retrans   8122 KB-cwnd
[2024-11-08T15:02:55.900138-0500]     7.5000 MB /   0.50 sec =  125.8213 Mbps     0 retrans   8122 KB-cwnd
[2024-11-08T15:02:56.399999-0500]    25.2500 MB /   0.50 sec =  423.6696 Mbps     0 retrans   8122 KB-cwnd
[2024-11-08T15:02:56.900394-0500]     9.1250 MB /   0.50 sec =  153.0168 Mbps  3924 retrans   2648 KB-cwnd
[2024-11-08T15:02:57.400114-0500]    21.7500 MB /   0.50 sec =  365.0556 Mbps     0 retrans   2648 KB-cwnd
[2024-11-08T15:02:57.900992-0500]    10.0625 MB /   0.50 sec =  168.6578 Mbps     0 retrans   2648 KB-cwnd
[2024-11-08T15:02:58.400110-0500]     7.6875 MB /   0.50 sec =  129.0923 Mbps     0 retrans   2648 KB-cwnd
[2024-11-08T15:02:58.900026-0500]     0.0000 MB /   0.50 sec =    0.0000 Mbps     0 retrans   2648 KB-cwnd
[2024-11-08T15:02:59.400051-0500]    12.0625 MB /   0.50 sec =  202.3598 Mbps     0 retrans   2648 KB-cwnd
[2024-11-08T15:02:59.900433-0500]     2.0000 MB /   0.50 sec =   33.5356 Mbps     0 retrans   2648 KB-cwnd
[2024-11-08T15:03:00.400063-0500]     0.0000 MB /   0.50 sec =    0.0000 Mbps     0 retrans   2648 KB-cwnd
[2024-11-08T15:03:00.900106-0500]    12.2500 MB /   0.50 sec =  205.5073 Mbps     0 retrans   2648 KB-cwnd
[2024-11-08T15:03:01.400042-0500]     5.2500 MB /   0.50 sec =   88.0883 Mbps     0 retrans   2648 KB-cwnd
[2024-11-08T15:03:01.900937-0500]    12.8750 MB /   0.50 sec =  215.8323 Mbps     0 retrans   2648 KB-cwnd
[2024-11-08T15:03:02.400090-0500]     6.0625 MB /   0.50 sec =  101.7949 Mbps     0 retrans   2648 KB-cwnd
[2024-11-08T15:03:02.900295-0500]     8.6875 MB /   0.50 sec =  145.7328 Mbps     0 retrans   2648 KB-cwnd
[2024-11-08T15:03:03.400130-0500]     8.0000 MB /   0.50 sec =  134.2312 Mbps     0 retrans   2648 KB-cwnd
[2024-11-08T15:03:03.900961-0500]     9.0625 MB /   0.50 sec =  151.7937 Mbps     0 retrans   2648 KB-cwnd
[2024-11-08T15:03:04.400138-0500]     1.8750 MB /   0.50 sec =   31.5106 Mbps     0 retrans   2648 KB-cwnd
[2024-11-08T15:03:04.900108-0500]     1.3125 MB /   0.50 sec =   22.0162 Mbps     0 retrans   2648 KB-cwnd
[2024-11-08T15:03:05.400066-0500]     5.6250 MB /   0.50 sec =   94.3841 Mbps     0 retrans   2648 KB-cwnd
[2024-11-08T15:03:05.900633-0500]     3.7500 MB /   0.50 sec =   62.8670 Mbps     0 retrans   2648 KB-cwnd
[2024-11-08T15:03:06.400241-0500]     8.5000 MB /   0.50 sec =  142.7197 Mbps     0 retrans   2648 KB-cwnd
[2024-11-08T15:03:06.900502-0500]     2.5625 MB /   0.50 sec =   42.9580 Mbps     0 retrans   2648 KB-cwnd
[2024-11-08T15:03:07.400033-0500]     4.0000 MB /   0.50 sec =   67.1590 Mbps     0 retrans  10070 KB-cwnd
[2024-11-08T15:03:07.900911-0500]     2.0000 MB /   0.50 sec =   33.5248 Mbps     0 retrans  10070 KB-cwnd
[2024-11-08T15:03:08.400250-0500]     3.3750 MB /   0.50 sec =   56.6693 Mbps     0 retrans  10070 KB-cwnd
[2024-11-08T15:03:08.900959-0500]     5.7500 MB /   0.50 sec =   96.4067 Mbps     0 retrans  10070 KB-cwnd
[2024-11-08T15:03:09.400114-0500]     2.7500 MB /   0.50 sec =   46.1665 Mbps     0 retrans  10070 KB-cwnd
[2024-11-08T15:03:09.900384-0500]     2.6875 MB /   0.50 sec =   45.0674 Mbps     0 retrans  10070 KB-cwnd
[2024-11-08T15:03:10.400123-0500]     0.0000 MB /   0.50 sec =    0.0000 Mbps     0 retrans  10070 KB-cwnd
[2024-11-08T15:03:10.900062-0500]     4.3125 MB /   0.50 sec =   72.3598 Mbps     0 retrans  10070 KB-cwnd
[2024-11-08T15:03:11.400048-0500]     2.6250 MB /   0.50 sec =   44.0398 Mbps     0 retrans  10070 KB-cwnd
[2024-11-08T15:03:11.900547-0500]     1.8750 MB /   0.50 sec =   31.4322 Mbps     0 retrans  10070 KB-cwnd
[2024-11-08T15:03:12.400056-0500]     1.3125 MB /   0.50 sec =   22.0366 Mbps     0 retrans  10070 KB-cwnd
[2024-11-08T15:03:12.900304-0500]     0.0000 MB /   0.50 sec =    0.0000 Mbps     0 retrans  10070 KB-cwnd
[2024-11-08T15:03:13.400126-0500]     3.1875 MB /   0.50 sec =   53.4802 Mbps     0 retrans  10070 KB-cwnd
[2024-11-08T15:03:13.900170-0500]     1.3125 MB /   0.50 sec =   22.0199 Mbps     0 retrans  10070 KB-cwnd
[2024-11-08T15:03:14.400045-0500]     1.2500 MB /   0.50 sec =   20.9719 Mbps     0 retrans  10070 KB-cwnd
[2024-11-08T15:03:14.900021-0500]     1.3750 MB /   0.50 sec =   23.0689 Mbps     0 retrans  10070 KB-cwnd
[2024-11-08T15:03:15.400167-0500]     2.0625 MB /   0.50 sec =   34.6012 Mbps     0 retrans  10070 KB-cwnd
[2024-11-08T15:03:15.900710-0500]     2.4375 MB /   0.50 sec =   40.8874 Mbps     0 retrans  10070 KB-cwnd
[2024-11-08T15:03:16.399997-0500]     1.8750 MB /   0.50 sec =   31.4651 Mbps     0 retrans  10070 KB-cwnd
[2024-11-08T15:03:16.900296-0500]     2.4375 MB /   0.50 sec =   40.8923 Mbps     0 retrans  10070 KB-cwnd
[2024-11-08T15:03:17.400051-0500]     3.1250 MB /   0.50 sec =   52.4281 Mbps     0 retrans  10070 KB-cwnd
[2024-11-08T15:03:17.900188-0500]     3.4375 MB /   0.50 sec =   57.6688 Mbps     0 retrans  10070 KB-cwnd
[2024-11-08T15:03:18.400055-0500]     4.1875 MB /   0.50 sec =   70.2599 Mbps     0 retrans  10070 KB-cwnd
[2024-11-08T15:03:18.900089-0500]     4.8125 MB /   0.50 sec =   80.7407 Mbps     0 retrans  10070 KB-cwnd
[2024-11-08T15:03:19.400162-0500]     5.6250 MB /   0.50 sec =   94.3722 Mbps     0 retrans  10070 KB-cwnd
[2024-11-08T15:03:19.899984-0500]     6.6875 MB /   0.50 sec =  112.2014 Mbps     0 retrans  10070 KB-cwnd
[2024-11-08T15:03:20.400085-0500]     7.1250 MB /   0.50 sec =  119.5269 Mbps     0 retrans  10070 KB-cwnd
[2024-11-08T15:03:20.900261-0500]     7.8750 MB /   0.50 sec =  132.0870 Mbps     0 retrans  10070 KB-cwnd
[2024-11-08T15:03:21.400042-0500]     9.2500 MB /   0.50 sec =  155.2386 Mbps     0 retrans  10070 KB-cwnd
[2024-11-08T15:03:21.900124-0500]    10.1875 MB /   0.50 sec =  170.8981 Mbps     0 retrans  10070 KB-cwnd
[2024-11-08T15:03:22.400128-0500]    11.2500 MB /   0.50 sec =  188.7218 Mbps     0 retrans  10070 KB-cwnd
[2024-11-08T15:03:22.900177-0500]    10.5000 MB /   0.50 sec =  176.1777 Mbps     0 retrans  10107 KB-cwnd
[2024-11-08T15:03:23.400032-0500]     7.3750 MB /   0.50 sec =  123.7453 Mbps     0 retrans  10107 KB-cwnd
[2024-11-08T15:03:23.900701-0500]     8.0000 MB /   0.50 sec =  134.2175 Mbps  2809 retrans   5301 KB-cwnd
[2024-11-08T15:03:24.400034-0500]    12.7500 MB /   0.50 sec =  213.9159 Mbps     0 retrans   5301 KB-cwnd
[2024-11-08T15:03:24.900047-0500]     8.1250 MB /   0.50 sec =  136.3102 Mbps     0 retrans   5301 KB-cwnd
[2024-11-08T15:03:25.400066-0500]    13.8750 MB /   0.50 sec =  232.7853 Mbps     0 retrans   5301 KB-cwnd
[2024-11-08T15:03:25.900440-0500]    15.3125 MB /   0.50 sec =  256.7224 Mbps     0 retrans   5301 KB-cwnd
[2024-11-08T15:03:26.400095-0500]     4.3750 MB /   0.50 sec =   73.4506 Mbps     0 retrans   5301 KB-cwnd
[2024-11-08T15:03:26.900763-0500]     9.3125 MB /   0.50 sec =  156.1017 Mbps     0 retrans   5301 KB-cwnd
[2024-11-08T15:03:27.400022-0500]     4.1250 MB /   0.50 sec =   69.2682 Mbps     0 retrans   5301 KB-cwnd
[2024-11-08T15:03:27.900490-0500]     9.2500 MB /   0.50 sec =  155.1753 Mbps  2015 retrans   3741 KB-cwnd
[2024-11-08T15:03:28.400068-0500]     7.6250 MB /   0.50 sec =  127.9339 Mbps     0 retrans   3743 KB-cwnd
[2024-11-08T15:03:28.900155-0500]    10.4375 MB /   0.50 sec =  175.1192 Mbps     0 retrans   3777 KB-cwnd
[2024-11-08T15:03:29.400057-0500]     9.3750 MB /   0.50 sec =  157.2839 Mbps     0 retrans   3777 KB-cwnd
[2024-11-08T15:03:29.900081-0500]     6.6875 MB /   0.50 sec =  112.1911 Mbps     0 retrans   3777 KB-cwnd
[2024-11-08T15:03:30.400071-0500]     5.3125 MB /   0.50 sec =   89.1343 Mbps     0 retrans   3777 KB-cwnd
[2024-11-08T15:03:30.900538-0500]     9.4375 MB /   0.50 sec =  158.2106 Mbps     0 retrans   3790 KB-cwnd
[2024-11-08T15:03:31.400106-0500]    13.6875 MB /   0.50 sec =  229.8174 Mbps     0 retrans   3846 KB-cwnd
[2024-11-08T15:03:31.901044-0500]     4.5000 MB /   0.50 sec =   75.4248 Mbps     6 retrans   5685 KB-cwnd
[2024-11-08T15:03:32.400118-0500]     5.0625 MB /   0.50 sec =   85.0176 Mbps     0 retrans   5685 KB-cwnd
[2024-11-08T15:03:32.900492-0500]     4.6875 MB /   0.50 sec =   78.6344 Mbps     0 retrans   5685 KB-cwnd
[2024-11-08T15:03:33.400261-0500]     7.8125 MB /   0.50 sec =  131.0793 Mbps     0 retrans   5685 KB-cwnd
[2024-11-08T15:03:33.900427-0500]     7.1250 MB /   0.50 sec =  119.5429 Mbps     0 retrans   5685 KB-cwnd
[2024-11-08T15:03:34.400025-0500]     8.5625 MB /   0.50 sec =  143.6604 Mbps     0 retrans   5685 KB-cwnd
[2024-11-08T15:03:34.900076-0500]     6.3750 MB /   0.50 sec =  106.9453 Mbps     0 retrans   5685 KB-cwnd
[2024-11-08T15:03:35.400163-0500]    10.6250 MB /   0.50 sec =  178.2540 Mbps     0 retrans   5685 KB-cwnd
[2024-11-08T15:03:35.900878-0500]     3.1875 MB /   0.50 sec =   53.4369 Mbps     0 retrans   5685 KB-cwnd
[2024-11-08T15:03:36.400057-0500]     7.6250 MB /   0.50 sec =  128.0313 Mbps     0 retrans   5685 KB-cwnd
[2024-11-08T15:03:36.900545-0500]     5.6250 MB /   0.50 sec =   94.3577 Mbps     0 retrans   5685 KB-cwnd
[2024-11-08T15:03:37.399996-0500]     3.0625 MB /   0.50 sec =   51.3910 Mbps     0 retrans   5685 KB-cwnd
[2024-11-08T15:03:37.900916-0500]     6.6250 MB /   0.50 sec =  111.0442 Mbps    11 retrans   5626 KB-cwnd
[2024-11-08T15:03:38.400222-0500]     9.0625 MB /   0.50 sec =  152.1774 Mbps     0 retrans   5626 KB-cwnd
[2024-11-08T15:03:38.900408-0500]     7.7500 MB /   0.50 sec =  129.9434 Mbps     0 retrans   5626 KB-cwnd
[2024-11-08T15:03:39.400113-0500]     4.8125 MB /   0.50 sec =   80.7859 Mbps     0 retrans   5626 KB-cwnd
[2024-11-08T15:03:39.900125-0500]     6.5000 MB /   0.50 sec =  109.0423 Mbps     0 retrans   5626 KB-cwnd
[2024-11-08T15:03:40.400097-0500]     9.1875 MB /   0.50 sec =  154.1561 Mbps     1 retrans   5626 KB-cwnd
[2024-11-08T15:03:40.900398-0500]     4.5000 MB /   0.50 sec =   75.4948 Mbps     0 retrans   5626 KB-cwnd
[2024-11-08T15:03:41.400151-0500]     2.3750 MB /   0.50 sec =   39.8498 Mbps     0 retrans   5626 KB-cwnd
[2024-11-08T15:03:41.900142-0500]     6.6250 MB /   0.50 sec =  111.1342 Mbps     0 retrans   5626 KB-cwnd
[2024-11-08T15:03:42.400020-0500]     4.3125 MB /   0.50 sec =   72.3619 Mbps     0 retrans   5626 KB-cwnd
[2024-11-08T15:03:42.900412-0500]     3.7500 MB /   0.50 sec =   62.8748 Mbps     0 retrans   5626 KB-cwnd
[2024-11-08T15:03:43.400039-0500]     4.6875 MB /   0.50 sec =   78.6909 Mbps     0 retrans   5626 KB-cwnd
[2024-11-08T15:03:43.900569-0500]     2.5000 MB /   0.50 sec =   41.9089 Mbps    17 retrans   4925 KB-cwnd
[2024-11-08T15:03:44.400152-0500]     2.5625 MB /   0.50 sec =   43.0276 Mbps     0 retrans   4925 KB-cwnd
[2024-11-08T15:03:44.900253-0500]     2.0000 MB /   0.50 sec =   33.5462 Mbps     0 retrans   4925 KB-cwnd
[2024-11-08T15:03:45.400075-0500]     5.7500 MB /   0.50 sec =   96.4923 Mbps     0 retrans   4925 KB-cwnd
[2024-11-08T15:03:45.900054-0500]     4.8125 MB /   0.50 sec =   80.7381 Mbps     0 retrans   4925 KB-cwnd
[2024-11-08T15:03:46.400044-0500]     3.9375 MB /   0.50 sec =   66.0623 Mbps     0 retrans   4925 KB-cwnd
[2024-11-08T15:03:46.900203-0500]     2.6875 MB /   0.50 sec =   45.0823 Mbps     0 retrans   4925 KB-cwnd
[2024-11-08T15:03:47.400078-0500]     2.3125 MB /   0.50 sec =   38.8013 Mbps     0 retrans   4925 KB-cwnd
[2024-11-08T15:03:47.900478-0500]     2.4375 MB /   0.50 sec =   40.8646 Mbps     0 retrans   4925 KB-cwnd
[2024-11-08T15:03:48.400068-0500]     0.3750 MB /   0.50 sec =    6.2960 Mbps     0 retrans   4925 KB-cwnd
[2024-11-08T15:03:48.900499-0500]     0.0000 MB /   0.50 sec =    0.0000 Mbps     0 retrans   4925 KB-cwnd
[2024-11-08T15:03:49.400195-0500]     1.8125 MB /   0.50 sec =   30.4258 Mbps     0 retrans   4925 KB-cwnd
[2024-11-08T15:03:49.900194-0500]     0.0000 MB /   0.50 sec =    0.0000 Mbps     0 retrans   4925 KB-cwnd
[2024-11-08T15:03:50.400051-0500]     0.5625 MB /   0.50 sec =    9.4381 Mbps     0 retrans   4925 KB-cwnd
[2024-11-08T15:03:50.900029-0500]     0.0000 MB /   0.50 sec =    0.0000 Mbps     0 retrans   4925 KB-cwnd
[2024-11-08T15:03:51.400032-0500]     0.0000 MB /   0.50 sec =    0.0000 Mbps     0 retrans   4925 KB-cwnd
[2024-11-08T15:03:51.900132-0500]     1.1250 MB /   0.50 sec =   18.8741 Mbps     0 retrans   4925 KB-cwnd
[2024-11-08T15:03:52.400041-0500]     0.4375 MB /   0.50 sec =    7.3398 Mbps     0 retrans   4925 KB-cwnd
[2024-11-08T15:03:52.900901-0500]     0.0000 MB /   0.50 sec =    0.0000 Mbps     0 retrans   4925 KB-cwnd
[2024-11-08T15:03:53.400110-0500]     1.0625 MB /   0.50 sec =   17.8414 Mbps     0 retrans   4925 KB-cwnd
[2024-11-08T15:03:53.900931-0500]     0.0000 MB /   0.50 sec =    0.0000 Mbps     0 retrans   4925 KB-cwnd
[2024-11-08T15:03:54.400055-0500]     2.0625 MB /   0.50 sec =   34.6344 Mbps     0 retrans   4925 KB-cwnd
[2024-11-08T15:03:54.900096-0500]     0.2500 MB /   0.50 sec =    4.1940 Mbps     0 retrans   4925 KB-cwnd
[2024-11-08T15:03:55.400188-0500]     0.0000 MB /   0.50 sec =    0.0000 Mbps     0 retrans   4925 KB-cwnd
[2024-11-08T15:03:55.900385-0500]     1.3750 MB /   0.50 sec =   23.0682 Mbps     0 retrans   4925 KB-cwnd
[2024-11-08T15:03:56.400079-0500]     1.2500 MB /   0.50 sec =   20.9716 Mbps     0 retrans   4925 KB-cwnd
[2024-11-08T15:03:56.900145-0500]     0.9375 MB /   0.50 sec =   15.7278 Mbps     0 retrans   4925 KB-cwnd
[2024-11-08T15:03:57.400025-0500]     1.1250 MB /   0.50 sec =   18.8766 Mbps     0 retrans   4925 KB-cwnd
[2024-11-08T15:03:57.900529-0500]     1.2500 MB /   0.50 sec =   20.9558 Mbps     0 retrans   4925 KB-cwnd
[2024-11-08T15:03:58.400052-0500]     1.6250 MB /   0.50 sec =   27.2834 Mbps     0 retrans   4925 KB-cwnd
[2024-11-08T15:03:58.900733-0500]     1.6250 MB /   0.50 sec =   27.2465 Mbps     0 retrans   4925 KB-cwnd
[2024-11-08T15:03:59.400033-0500]     1.6875 MB /   0.50 sec =   28.3294 Mbps     0 retrans   4925 KB-cwnd
[2024-11-08T15:03:59.900031-0500]     2.1875 MB /   0.50 sec =   36.6996 Mbps     0 retrans   4925 KB-cwnd
[2024-11-08T15:04:00.400050-0500]     2.5000 MB /   0.50 sec =   41.9423 Mbps     0 retrans   4925 KB-cwnd
[2024-11-08T15:04:00.900129-0500]     2.6875 MB /   0.50 sec =   45.0886 Mbps     0 retrans   4925 KB-cwnd
[2024-11-08T15:04:01.400012-0500]     3.3125 MB /   0.50 sec =   55.5784 Mbps     0 retrans   4925 KB-cwnd
[2024-11-08T15:04:01.900467-0500]     3.5000 MB /   0.50 sec =   58.7145 Mbps     0 retrans   4925 KB-cwnd
[2024-11-08T15:04:02.400096-0500]     2.8125 MB /   0.50 sec =   47.1887 Mbps     0 retrans   4925 KB-cwnd
[2024-11-08T15:04:02.900348-0500]     5.2500 MB /   0.50 sec =   88.0276 Mbps     0 retrans   4925 KB-cwnd
[2024-11-08T15:04:03.400054-0500]     4.3125 MB /   0.50 sec =   72.3950 Mbps    24 retrans   3493 KB-cwnd
[2024-11-08T15:04:03.900073-0500]     4.4375 MB /   0.50 sec =   74.4487 Mbps     0 retrans   3608 KB-cwnd
[2024-11-08T15:04:04.400169-0500]     7.0625 MB /   0.50 sec =  118.4917 Mbps     0 retrans   3697 KB-cwnd
[2024-11-08T15:04:04.900089-0500]     5.6875 MB /   0.50 sec =   95.4229 Mbps     0 retrans   3697 KB-cwnd
[2024-11-08T15:04:05.400115-0500]     7.3750 MB /   0.50 sec =  123.7189 Mbps     0 retrans   3697 KB-cwnd
[2024-11-08T15:04:05.900361-0500]     7.1250 MB /   0.50 sec =  119.4751 Mbps     0 retrans   3697 KB-cwnd
[2024-11-08T15:04:06.400010-0500]    10.2500 MB /   0.50 sec =  172.0701 Mbps     0 retrans   3697 KB-cwnd
[2024-11-08T15:04:06.900083-0500]    10.5000 MB /   0.50 sec =  176.1523 Mbps     0 retrans   3697 KB-cwnd
[2024-11-08T15:04:07.400038-0500]    10.9375 MB /   0.50 sec =  183.5023 Mbps     0 retrans   3697 KB-cwnd
[2024-11-08T15:04:07.900220-0500]    13.3125 MB /   0.50 sec =  223.2819 Mbps   892 retrans   3917 KB-cwnd
[2024-11-08T15:04:08.400155-0500]     4.8125 MB /   0.50 sec =   80.7529 Mbps     0 retrans   3917 KB-cwnd
[2024-11-08T15:04:08.900001-0500]    12.1250 MB /   0.50 sec =  203.4587 Mbps     8 retrans   3828 KB-cwnd
[2024-11-08T15:04:09.400240-0500]    17.1250 MB /   0.50 sec =  287.2960 Mbps    22 retrans   3785 KB-cwnd
[2024-11-08T15:04:09.900798-0500]    15.5000 MB /   0.50 sec =  260.0333 Mbps     4 retrans   3816 KB-cwnd
[2024-11-08T15:04:10.400135-0500]    11.4375 MB /   0.50 sec =  191.8913 Mbps     1 retrans   3832 KB-cwnd
[2024-11-08T15:04:10.900042-0500]    15.5000 MB /   0.50 sec =  260.0614 Mbps  5994 retrans   2845 KB-cwnd
[2024-11-08T15:04:11.400041-0500]     1.0000 MB /   0.50 sec =   16.7770 Mbps     0 retrans   2845 KB-cwnd
[2024-11-08T15:04:11.900150-0500]    12.1875 MB /   0.50 sec =  204.4511 Mbps     0 retrans   2845 KB-cwnd
[2024-11-08T15:04:12.400370-0500]     7.0000 MB /   0.50 sec =  117.4483 Mbps     0 retrans   2845 KB-cwnd
[2024-11-08T15:04:12.900107-0500]    15.1250 MB /   0.50 sec =  253.7605 Mbps     0 retrans   2845 KB-cwnd
[2024-11-08T15:04:13.400003-0500]     0.0625 MB /   0.50 sec =    1.0486 Mbps     0 retrans   2845 KB-cwnd
[2024-11-08T15:04:13.900285-0500]     2.8125 MB /   0.50 sec =   47.1720 Mbps     0 retrans   2845 KB-cwnd
[2024-11-08T15:04:14.400016-0500]     0.0000 MB /   0.50 sec =    0.0000 Mbps     0 retrans   2845 KB-cwnd
[2024-11-08T15:04:14.900156-0500]     6.4375 MB /   0.50 sec =  107.9925 Mbps     0 retrans   2845 KB-cwnd
[2024-11-08T15:04:15.400095-0500]     1.1250 MB /   0.50 sec =   18.8753 Mbps     0 retrans   2845 KB-cwnd
[2024-11-08T15:04:15.900370-0500]     0.0000 MB /   0.50 sec =    0.0000 Mbps     0 retrans   2845 KB-cwnd
[2024-11-08T15:04:16.400333-0500]     0.0000 MB /   0.50 sec =    0.0000 Mbps     0 retrans   2845 KB-cwnd
[2024-11-08T15:04:16.900980-0500]     0.0000 MB /   0.50 sec =    0.0000 Mbps     0 retrans   2845 KB-cwnd
[2024-11-08T15:04:17.400025-0500]     0.4375 MB /   0.50 sec =    7.3469 Mbps     0 retrans   2845 KB-cwnd
[2024-11-08T15:04:17.900469-0500]     0.1875 MB /   0.50 sec =    3.1433 Mbps     0 retrans   2845 KB-cwnd
[2024-11-08T15:04:18.400085-0500]     0.0000 MB /   0.50 sec =    0.0000 Mbps     0 retrans   2845 KB-cwnd
[2024-11-08T15:04:18.900456-0500]     0.5625 MB /   0.50 sec =    9.4312 Mbps     0 retrans   2845 KB-cwnd
[2024-11-08T15:04:19.400074-0500]     0.3750 MB /   0.50 sec =    6.2956 Mbps     0 retrans   2845 KB-cwnd
[2024-11-08T15:04:19.900043-0500]     3.5000 MB /   0.50 sec =   58.7198 Mbps     0 retrans   2845 KB-cwnd
[2024-11-08T15:04:20.400107-0500]     1.6250 MB /   0.50 sec =   27.2636 Mbps     0 retrans   2845 KB-cwnd
[2024-11-08T15:04:20.901035-0500]     2.1250 MB /   0.50 sec =   35.6229 Mbps     0 retrans   2845 KB-cwnd
[2024-11-08T15:04:21.400043-0500]     1.8750 MB /   0.50 sec =   31.4839 Mbps     0 retrans   2845 KB-cwnd
[2024-11-08T15:04:21.900412-0500]     2.3125 MB /   0.50 sec =   38.7977 Mbps     0 retrans   2845 KB-cwnd
[2024-11-08T15:04:22.400003-0500]     2.8125 MB /   0.50 sec =   47.1871 Mbps     0 retrans   5743 KB-cwnd
[2024-11-08T15:04:22.900960-0500]     3.2500 MB /   0.50 sec =   54.4728 Mbps     0 retrans   5743 KB-cwnd
[2024-11-08T15:04:23.400043-0500]     3.5000 MB /   0.50 sec =   58.7727 Mbps     0 retrans   5743 KB-cwnd
[2024-11-08T15:04:23.901285-0500]     2.8750 MB /   0.50 sec =   48.1248 Mbps     0 retrans   5743 KB-cwnd
[2024-11-08T15:04:24.399997-0500]     4.8125 MB /   0.50 sec =   80.9310 Mbps     0 retrans   5743 KB-cwnd
[2024-11-08T15:04:24.900134-0500]     4.1875 MB /   0.50 sec =   70.2533 Mbps     0 retrans   5743 KB-cwnd
[2024-11-08T15:04:25.400438-0500]     4.3750 MB /   0.50 sec =   73.3878 Mbps     0 retrans   5743 KB-cwnd
[2024-11-08T15:04:25.900364-0500]     4.1250 MB /   0.50 sec =   69.1767 Mbps     0 retrans   5743 KB-cwnd
[2024-11-08T15:04:26.400075-0500]     5.4375 MB /   0.50 sec =   91.2765 Mbps     0 retrans   5743 KB-cwnd
[2024-11-08T15:04:26.900482-0500]     4.6875 MB /   0.50 sec =   78.6432 Mbps     0 retrans   5743 KB-cwnd
[2024-11-08T15:04:27.400131-0500]     5.0625 MB /   0.50 sec =   84.9352 Mbps     0 retrans   5743 KB-cwnd
[2024-11-08T15:04:27.901423-0500]     0.0625 MB /   0.50 sec =    1.0468 Mbps     0 retrans   5743 KB-cwnd
[2024-11-08T15:04:28.400136-0500]     6.6875 MB /   0.50 sec =  112.3867 Mbps     0 retrans   5743 KB-cwnd
[2024-11-08T15:04:28.900023-0500]     3.6250 MB /   0.50 sec =   60.8208 Mbps     0 retrans   5743 KB-cwnd
[2024-11-08T15:04:29.400055-0500]     3.0625 MB /   0.50 sec =   51.3804 Mbps     0 retrans   5743 KB-cwnd
[2024-11-08T15:04:29.900276-0500]     5.3750 MB /   0.50 sec =   90.1354 Mbps     0 retrans   5743 KB-cwnd
End time: 1731096270045
