Start time: 1731000315375
[2024-11-07T12:25:20.450726-0500] traceroute to 54.197.223.49 (54.197.223.49), 30 hops max, 60 byte packets
[2024-11-07T12:25:20.451622-0500]  1  * * *
[2024-11-07T12:25:20.451670-0500]  2  * * *
[2024-11-07T12:25:20.451705-0500]  3  * * *
[2024-11-07T12:25:20.451736-0500]  4  * * *
[2024-11-07T12:25:20.451767-0500]  5  * * *
[2024-11-07T12:25:25.459156-0500]  6  * * *
[2024-11-07T12:25:25.459621-0500]  7  * * *
[2024-11-07T12:25:25.470161-0500]  8  * * *
[2024-11-07T12:25:25.470485-0500]  9  * * *
[2024-11-07T12:25:25.479667-0500] 10  * * *
[2024-11-07T12:25:30.467970-0500] 11  * * *
[2024-11-07T12:25:30.475000-0500] 12  * * *
[2024-11-07T12:25:30.475276-0500] 13  * * *
[2024-11-07T12:25:30.481374-0500] 14  * * *
[2024-11-07T12:25:30.481601-0500] 15  * * *
[2024-11-07T12:25:35.477451-0500] 16  * * *
[2024-11-07T12:25:35.477946-0500] 17  * * *
[2024-11-07T12:25:35.486816-0500] 18  * * *
[2024-11-07T12:25:35.487033-0500] 19  * * *
[2024-11-07T12:25:35.487167-0500] 20  * * *
[2024-11-07T12:25:35.497460-0500] 21  * * *
[2024-11-07T12:25:40.485889-0500] 22  * * *
[2024-11-07T12:25:40.490413-0500] 23  * * *
[2024-11-07T12:25:40.494644-0500] 24  * * *
[2024-11-07T12:25:40.496702-0500] 25  * * *
[2024-11-07T12:25:40.498993-0500] 26  * * *
[2024-11-07T12:25:45.440772-0500] 27  * *End time: 1731000345499
