Start time: 1730912364151
[2024-11-06T10:59:29.201161-0600] traceroute to 54.197.223.49 (54.197.223.49), 30 hops max, 60 byte packets
[2024-11-06T10:59:29.202086-0600]  1  * * *
[2024-11-06T10:59:29.202182-0600]  2  * * *
[2024-11-06T10:59:29.202256-0600]  3  * * *
[2024-11-06T10:59:29.202325-0600]  4  * * *
[2024-11-06T10:59:29.202473-0600]  5  * * *
[2024-11-06T10:59:34.208451-0600]  6  * * *
[2024-11-06T10:59:34.215901-0600]  7  * * *
[2024-11-06T10:59:34.216067-0600]  8  * * *
[2024-11-06T10:59:34.221425-0600]  9  * * *
[2024-11-06T10:59:34.221625-0600] 10  * * *
[2024-11-06T10:59:39.217687-0600] 11  * * *
[2024-11-06T10:59:39.218011-0600] 12  * * *
[2024-11-06T10:59:39.225086-0600] 13  * * *
[2024-11-06T10:59:39.225456-0600] 14  * * *
[2024-11-06T10:59:39.232778-0600] 15  * * *
[2024-11-06T10:59:44.222915-0600] 16  * * *
[2024-11-06T10:59:44.223082-0600] 17  * * *
[2024-11-06T10:59:44.226991-0600] 18  * * *
[2024-11-06T10:59:44.231101-0600] 19  * * *
[2024-11-06T10:59:44.234228-0600] 20  * * *
[2024-11-06T10:59:44.238354-0600] 21  * * *
[2024-11-06T10:59:49.230621-0600] 22  * * *
[2024-11-06T10:59:49.231002-0600] 23  * * *
[2024-11-06T10:59:49.238731-0600] 24  * * *
[2024-11-06T10:59:49.238994-0600] 25  * * *
[2024-11-06T10:59:49.239124-0600] 26  * * *
[2024-11-06T10:59:54.191202-0600] 27  * *End time: 1730912394252
