Start time: 1731013610313
[2024-11-07T16:06:51.302305-0500] nuttcp-r: v8.1.4: socket
[2024-11-07T16:06:51.303490-0500] nuttcp-r: buflen=65536, nstream=1, port=5379 tcp
[2024-11-07T16:06:51.303631-0500] nuttcp-r: interval reporting every 0.50 seconds
[2024-11-07T16:06:51.303746-0500] nuttcp-r: connect to 54.197.223.49 with RTT=79.046 ms af=inet
[2024-11-07T16:06:51.303855-0500] nuttcp-r: send window size = 2097152, receive window size = 6291456
[2024-11-07T16:06:51.303962-0500] nuttcp-r: available send window = 1572864, available receive window = 4718592
[2024-11-07T16:06:51.304070-0500]     0.2500 MB /   0.50 sec =    4.1933 Mbps     0 retrans     13 KB-cwnd
[2024-11-07T16:06:51.802313-0500]     1.9375 MB /   0.50 sec =   32.5065 Mbps     0 retrans     13 KB-cwnd
[2024-11-07T16:06:52.302322-0500]     5.0000 MB /   0.50 sec =   83.8758 Mbps     0 retrans     13 KB-cwnd
[2024-11-07T16:06:52.802289-0500]     6.0625 MB /   0.50 sec =  101.7119 Mbps     0 retrans     13 KB-cwnd
[2024-11-07T16:06:53.303728-0500]     4.1875 MB /   0.50 sec =   70.1155 Mbps     0 retrans     13 KB-cwnd
[2024-11-07T16:06:53.803316-0500]     2.4375 MB /   0.50 sec =   40.8978 Mbps     0 retrans     13 KB-cwnd
[2024-11-07T16:06:54.302449-0500]     4.8750 MB /   0.50 sec =   81.9300 Mbps     0 retrans     13 KB-cwnd
[2024-11-07T16:06:54.803306-0500]     6.8750 MB /   0.50 sec =  115.1442 Mbps     0 retrans     13 KB-cwnd
[2024-11-07T16:06:55.302321-0500]     6.5625 MB /   0.50 sec =  110.3419 Mbps     0 retrans     13 KB-cwnd
[2024-11-07T16:06:55.803648-0500]     2.4375 MB /   0.50 sec =   40.7786 Mbps     0 retrans     13 KB-cwnd
[2024-11-07T16:06:56.303189-0500]     3.8750 MB /   0.50 sec =   65.0634 Mbps     0 retrans     13 KB-cwnd
[2024-11-07T16:06:56.802158-0500]     8.1875 MB /   0.50 sec =  137.6440 Mbps     0 retrans     13 KB-cwnd
[2024-11-07T16:06:57.302242-0500]     5.2500 MB /   0.50 sec =   88.0756 Mbps     0 retrans     13 KB-cwnd
[2024-11-07T16:06:57.802323-0500]     4.9375 MB /   0.50 sec =   82.8211 Mbps     0 retrans     13 KB-cwnd
[2024-11-07T16:06:58.302152-0500]     5.6875 MB /   0.50 sec =   95.4422 Mbps     0 retrans     13 KB-cwnd
[2024-11-07T16:06:58.802305-0500]     2.5000 MB /   0.50 sec =   41.9324 Mbps     0 retrans     13 KB-cwnd
[2024-11-07T16:06:59.302382-0500]     0.0000 MB /   0.50 sec =    0.0000 Mbps     0 retrans     13 KB-cwnd
[2024-11-07T16:06:59.802635-0500]     0.0000 MB /   0.50 sec =    0.0000 Mbps     0 retrans     13 KB-cwnd
[2024-11-07T16:07:00.302210-0500]     1.6875 MB /   0.50 sec =   28.3251 Mbps     0 retrans     13 KB-cwnd
[2024-11-07T16:07:00.803250-0500]     3.8125 MB /   0.50 sec =   63.8342 Mbps     0 retrans     13 KB-cwnd
[2024-11-07T16:07:01.302252-0500]     7.4375 MB /   0.50 sec =  125.0331 Mbps     0 retrans     13 KB-cwnd
[2024-11-07T16:07:01.804249-0500]     5.3750 MB /   0.50 sec =   89.9263 Mbps     0 retrans     13 KB-cwnd
[2024-11-07T16:07:02.302553-0500]     2.6250 MB /   0.50 sec =   44.1584 Mbps     0 retrans     13 KB-cwnd
[2024-11-07T16:07:02.802365-0500]     0.0000 MB /   0.50 sec =    0.0000 Mbps     0 retrans     13 KB-cwnd
[2024-11-07T16:07:03.303493-0500]     2.4375 MB /   0.50 sec =   40.7961 Mbps     0 retrans     13 KB-cwnd
[2024-11-07T16:07:03.802144-0500]     0.0000 MB /   0.50 sec =    0.0000 Mbps     0 retrans     13 KB-cwnd
[2024-11-07T16:07:04.303302-0500]     8.6875 MB /   0.50 sec =  145.4614 Mbps     0 retrans     13 KB-cwnd
[2024-11-07T16:07:04.803794-0500]     4.1875 MB /   0.50 sec =   70.2022 Mbps     0 retrans     13 KB-cwnd
[2024-11-07T16:07:05.302304-0500]     6.6250 MB /   0.50 sec =  111.4254 Mbps     0 retrans     13 KB-cwnd
[2024-11-07T16:07:05.802579-0500]     7.6875 MB /   0.50 sec =  128.9060 Mbps     0 retrans     13 KB-cwnd
[2024-11-07T16:07:06.303170-0500]     1.6875 MB /   0.50 sec =   28.2787 Mbps     0 retrans     13 KB-cwnd
[2024-11-07T16:07:06.802169-0500]     4.1875 MB /   0.50 sec =   70.3912 Mbps     0 retrans     13 KB-cwnd
[2024-11-07T16:07:07.302333-0500]     4.7500 MB /   0.50 sec =   79.6685 Mbps     0 retrans     13 KB-cwnd
[2024-11-07T16:07:07.802141-0500]     6.5000 MB /   0.50 sec =  109.0886 Mbps     0 retrans     13 KB-cwnd
[2024-11-07T16:07:08.302458-0500]     1.9375 MB /   0.50 sec =   32.4932 Mbps     0 retrans     13 KB-cwnd
[2024-11-07T16:07:08.803581-0500]     0.4375 MB /   0.50 sec =    7.3231 Mbps     0 retrans     13 KB-cwnd
[2024-11-07T16:07:09.302315-0500]     1.0000 MB /   0.50 sec =   16.8173 Mbps     0 retrans     13 KB-cwnd
[2024-11-07T16:07:09.802329-0500]     2.7500 MB /   0.50 sec =   46.1378 Mbps     0 retrans     13 KB-cwnd
[2024-11-07T16:07:10.302302-0500]     1.8125 MB /   0.50 sec =   30.4096 Mbps     0 retrans     13 KB-cwnd
[2024-11-07T16:07:10.803265-0500]     1.8125 MB /   0.50 sec =   30.3575 Mbps     0 retrans     13 KB-cwnd
[2024-11-07T16:07:11.302345-0500]     1.5625 MB /   0.50 sec =   26.2561 Mbps     0 retrans     13 KB-cwnd
[2024-11-07T16:07:11.802366-0500]     0.0000 MB /   0.50 sec =    0.0000 Mbps     0 retrans     13 KB-cwnd
[2024-11-07T16:07:12.302272-0500]     1.0625 MB /   0.50 sec =   17.8285 Mbps     0 retrans     13 KB-cwnd
[2024-11-07T16:07:12.802518-0500]     0.0000 MB /   0.50 sec =    0.0000 Mbps     0 retrans     13 KB-cwnd
[2024-11-07T16:07:13.303442-0500]     1.0000 MB /   0.50 sec =   16.7437 Mbps     0 retrans     13 KB-cwnd
[2024-11-07T16:07:13.802163-0500]     6.6250 MB /   0.50 sec =  111.4147 Mbps     0 retrans     13 KB-cwnd
[2024-11-07T16:07:14.302218-0500]     2.1875 MB /   0.50 sec =   36.6996 Mbps     0 retrans     13 KB-cwnd
[2024-11-07T16:07:14.802519-0500]     1.8750 MB /   0.50 sec =   31.4616 Mbps     0 retrans     13 KB-cwnd
[2024-11-07T16:07:15.303391-0500]     2.3750 MB /   0.50 sec =   39.7607 Mbps     0 retrans     13 KB-cwnd
[2024-11-07T16:07:15.802159-0500]     2.7500 MB /   0.50 sec =   46.2358 Mbps     0 retrans     13 KB-cwnd
[2024-11-07T16:07:16.302197-0500]     2.6875 MB /   0.50 sec =   45.0921 Mbps     0 retrans     13 KB-cwnd
[2024-11-07T16:07:16.802166-0500]     2.7500 MB /   0.50 sec =   46.1347 Mbps     0 retrans     13 KB-cwnd
[2024-11-07T16:07:17.302128-0500]     2.8750 MB /   0.50 sec =   48.2349 Mbps     0 retrans     13 KB-cwnd
[2024-11-07T16:07:17.802172-0500]     2.5625 MB /   0.50 sec =   42.9890 Mbps     0 retrans     13 KB-cwnd
[2024-11-07T16:07:18.302339-0500]     1.5000 MB /   0.50 sec =   25.1589 Mbps     0 retrans     13 KB-cwnd
[2024-11-07T16:07:18.802215-0500]     0.1875 MB /   0.50 sec =    3.1465 Mbps     0 retrans     13 KB-cwnd
[2024-11-07T16:07:19.302271-0500]     2.6875 MB /   0.50 sec =   45.0800 Mbps     0 retrans     13 KB-cwnd
[2024-11-07T16:07:19.802636-0500]     2.5625 MB /   0.50 sec =   42.9636 Mbps     0 retrans     13 KB-cwnd
[2024-11-07T16:07:20.302304-0500]     3.6875 MB /   0.50 sec =   61.9066 Mbps     0 retrans     13 KB-cwnd
[2024-11-07T16:07:20.802085-0500]     4.3750 MB /   0.50 sec =   73.4216 Mbps     0 retrans     13 KB-cwnd
[2024-11-07T16:07:21.303403-0500]     1.2500 MB /   0.50 sec =   20.9199 Mbps     0 retrans     13 KB-cwnd
[2024-11-07T16:07:21.802452-0500]     4.0000 MB /   0.50 sec =   67.2533 Mbps     0 retrans     13 KB-cwnd
[2024-11-07T16:07:22.302361-0500]     3.5625 MB /   0.50 sec =   59.7633 Mbps     0 retrans     13 KB-cwnd
[2024-11-07T16:07:22.802327-0500]     1.7500 MB /   0.50 sec =   29.3701 Mbps     0 retrans     13 KB-cwnd
[2024-11-07T16:07:23.302649-0500]     2.5000 MB /   0.50 sec =   41.9062 Mbps     0 retrans     13 KB-cwnd
[2024-11-07T16:07:23.802388-0500]     3.8750 MB /   0.50 sec =   65.0601 Mbps     0 retrans     13 KB-cwnd
[2024-11-07T16:07:24.302628-0500]     2.8125 MB /   0.50 sec =   47.1526 Mbps     0 retrans     13 KB-cwnd
[2024-11-07T16:07:24.802322-0500]     3.6250 MB /   0.50 sec =   60.8526 Mbps     0 retrans     13 KB-cwnd
[2024-11-07T16:07:25.302252-0500]     2.4375 MB /   0.50 sec =   40.9070 Mbps     0 retrans     13 KB-cwnd
[2024-11-07T16:07:25.803383-0500]     2.6250 MB /   0.50 sec =   43.9399 Mbps     0 retrans     13 KB-cwnd
[2024-11-07T16:07:26.302142-0500]     2.6250 MB /   0.50 sec =   44.1408 Mbps     0 retrans     13 KB-cwnd
[2024-11-07T16:07:26.802501-0500]     1.8750 MB /   0.50 sec =   31.4463 Mbps     0 retrans     13 KB-cwnd
[2024-11-07T16:07:27.302324-0500]     0.5625 MB /   0.50 sec =    9.4391 Mbps     0 retrans     13 KB-cwnd
[2024-11-07T16:07:27.803477-0500]     0.6875 MB /   0.50 sec =   11.5065 Mbps     0 retrans     13 KB-cwnd
[2024-11-07T16:07:28.302570-0500]     0.0000 MB /   0.50 sec =    0.0000 Mbps     0 retrans     13 KB-cwnd
[2024-11-07T16:07:28.802386-0500]     2.3125 MB /   0.50 sec =   38.8065 Mbps     0 retrans     13 KB-cwnd
[2024-11-07T16:07:29.302314-0500]     2.3125 MB /   0.50 sec =   38.8031 Mbps     0 retrans     13 KB-cwnd
[2024-11-07T16:07:29.802518-0500]     0.0625 MB /   0.50 sec =    1.0486 Mbps     0 retrans     13 KB-cwnd
[2024-11-07T16:07:30.302571-0500]     2.6875 MB /   0.50 sec =   45.0864 Mbps     0 retrans     13 KB-cwnd
[2024-11-07T16:07:30.802179-0500]     1.0625 MB /   0.50 sec =   17.8302 Mbps     0 retrans     13 KB-cwnd
[2024-11-07T16:07:31.302247-0500]     0.0000 MB /   0.50 sec =    0.0000 Mbps     0 retrans     13 KB-cwnd
[2024-11-07T16:07:31.802394-0500]     1.9375 MB /   0.50 sec =   32.4964 Mbps     0 retrans     13 KB-cwnd
[2024-11-07T16:07:32.302258-0500]     4.8750 MB /   0.50 sec =   81.8236 Mbps     0 retrans     15 KB-cwnd
[2024-11-07T16:07:32.803473-0500]     1.5625 MB /   0.50 sec =   26.1469 Mbps     0 retrans     15 KB-cwnd
[2024-11-07T16:07:33.302344-0500]     0.0000 MB /   0.50 sec =    0.0000 Mbps     0 retrans     15 KB-cwnd
[2024-11-07T16:07:33.802440-0500]     1.9375 MB /   0.50 sec =   32.5033 Mbps     0 retrans     15 KB-cwnd
[2024-11-07T16:07:34.303251-0500]     2.1875 MB /   0.50 sec =   36.6399 Mbps     0 retrans     15 KB-cwnd
[2024-11-07T16:07:34.802130-0500]     2.6875 MB /   0.50 sec =   45.1839 Mbps     0 retrans     15 KB-cwnd
[2024-11-07T16:07:35.303087-0500]     2.1250 MB /   0.50 sec =   35.5882 Mbps     0 retrans     15 KB-cwnd
[2024-11-07T16:07:35.802151-0500]     3.0000 MB /   0.50 sec =   50.4227 Mbps     0 retrans     15 KB-cwnd
[2024-11-07T16:07:36.302161-0500]     3.8750 MB /   0.50 sec =   65.0108 Mbps     0 retrans     15 KB-cwnd
[2024-11-07T16:07:36.802272-0500]     3.3750 MB /   0.50 sec =   56.6257 Mbps     0 retrans     15 KB-cwnd
[2024-11-07T16:07:37.302421-0500]     4.0000 MB /   0.50 sec =   67.0673 Mbps     0 retrans     15 KB-cwnd
[2024-11-07T16:07:37.802201-0500]     4.3750 MB /   0.50 sec =   73.4316 Mbps     0 retrans     15 KB-cwnd
[2024-11-07T16:07:38.303216-0500]     5.0000 MB /   0.50 sec =   83.7232 Mbps     0 retrans     26 KB-cwnd
[2024-11-07T16:07:38.802644-0500]     6.4375 MB /   0.50 sec =  108.2284 Mbps     0 retrans     26 KB-cwnd
[2024-11-07T16:07:39.302177-0500]     7.0625 MB /   0.50 sec =  118.4905 Mbps     0 retrans     26 KB-cwnd
[2024-11-07T16:07:39.803141-0500]     5.5625 MB /   0.50 sec =   93.1429 Mbps     0 retrans     26 KB-cwnd
[2024-11-07T16:07:40.302333-0500]     0.0000 MB /   0.50 sec =    0.0000 Mbps     0 retrans     26 KB-cwnd
[2024-11-07T16:07:40.802135-0500]     9.4375 MB /   0.50 sec =  158.3793 Mbps     0 retrans     26 KB-cwnd
[2024-11-07T16:07:41.302421-0500]     7.6875 MB /   0.50 sec =  128.9052 Mbps     0 retrans     26 KB-cwnd
[2024-11-07T16:07:41.802233-0500]     6.6875 MB /   0.50 sec =  112.2439 Mbps     0 retrans     26 KB-cwnd
[2024-11-07T16:07:42.302315-0500]     1.8750 MB /   0.50 sec =   31.4588 Mbps     0 retrans     26 KB-cwnd
[2024-11-07T16:07:42.802512-0500]     5.8750 MB /   0.50 sec =   98.5100 Mbps     0 retrans     26 KB-cwnd
[2024-11-07T16:07:43.302358-0500]     2.8125 MB /   0.50 sec =   47.2032 Mbps     0 retrans     26 KB-cwnd
[2024-11-07T16:07:43.802302-0500]    12.6875 MB /   0.50 sec =  212.8741 Mbps     0 retrans     26 KB-cwnd
[2024-11-07T16:07:44.302437-0500]     2.3750 MB /   0.50 sec =   39.8425 Mbps     0 retrans     26 KB-cwnd
[2024-11-07T16:07:44.802353-0500]     2.0000 MB /   0.50 sec =   33.5603 Mbps     0 retrans     26 KB-cwnd
[2024-11-07T16:07:45.302354-0500]     2.9375 MB /   0.50 sec =   49.2738 Mbps     0 retrans     26 KB-cwnd
[2024-11-07T16:07:45.802311-0500]     6.9375 MB /   0.50 sec =  116.4012 Mbps     0 retrans     26 KB-cwnd
[2024-11-07T16:07:46.302649-0500]     0.0000 MB /   0.50 sec =    0.0000 Mbps     0 retrans     26 KB-cwnd
[2024-11-07T16:07:46.802338-0500]     5.0625 MB /   0.50 sec =   84.9879 Mbps     0 retrans     26 KB-cwnd
[2024-11-07T16:07:47.302173-0500]     6.3750 MB /   0.50 sec =  106.9830 Mbps     0 retrans     26 KB-cwnd
[2024-11-07T16:07:47.802298-0500]     4.7500 MB /   0.50 sec =   79.6762 Mbps     0 retrans     26 KB-cwnd
[2024-11-07T16:07:48.302151-0500]     7.8750 MB /   0.50 sec =  132.1504 Mbps     0 retrans     26 KB-cwnd
[2024-11-07T16:07:48.803146-0500]     4.0000 MB /   0.50 sec =   66.9809 Mbps     0 retrans     26 KB-cwnd
[2024-11-07T16:07:49.302270-0500]     3.2500 MB /   0.50 sec =   54.6282 Mbps     0 retrans     26 KB-cwnd
[2024-11-07T16:07:49.802247-0500]     2.1875 MB /   0.50 sec =   36.6958 Mbps     0 retrans     26 KB-cwnd
[2024-11-07T16:07:50.302290-0500]     2.6875 MB /   0.50 sec =   45.0972 Mbps     0 retrans     26 KB-cwnd
[2024-11-07T16:07:50.803479-0500]     3.3125 MB /   0.50 sec =   55.4304 Mbps     0 retrans     26 KB-cwnd
[2024-11-07T16:07:51.302374-0500]     0.0000 MB /   0.50 sec =    0.0000 Mbps     0 retrans     26 KB-cwnd
[2024-11-07T16:07:51.802403-0500]     0.0000 MB /   0.50 sec =    0.0000 Mbps     0 retrans     26 KB-cwnd
[2024-11-07T16:07:52.302423-0500]     3.0625 MB /   0.50 sec =   51.3692 Mbps     0 retrans     26 KB-cwnd
[2024-11-07T16:07:52.802281-0500]     0.0000 MB /   0.50 sec =    0.0000 Mbps     0 retrans     26 KB-cwnd
[2024-11-07T16:07:53.302280-0500]     2.1875 MB /   0.50 sec =   36.7082 Mbps     0 retrans     26 KB-cwnd
[2024-11-07T16:07:53.802321-0500]     0.6875 MB /   0.50 sec =   11.5321 Mbps     0 retrans     26 KB-cwnd
[2024-11-07T16:07:54.302138-0500]     3.4375 MB /   0.50 sec =   57.6856 Mbps     0 retrans     26 KB-cwnd
[2024-11-07T16:07:54.802077-0500]     3.7500 MB /   0.50 sec =   62.9183 Mbps     0 retrans     26 KB-cwnd
[2024-11-07T16:07:55.302227-0500]     3.1875 MB /   0.50 sec =   53.4731 Mbps     0 retrans     26 KB-cwnd
[2024-11-07T16:07:55.802149-0500]     5.1250 MB /   0.50 sec =   85.9860 Mbps  2287 retrans   1638 KB-cwnd
[2024-11-07T16:07:56.302175-0500]     5.1250 MB /   0.50 sec =   85.9851 Mbps     0 retrans   1638 KB-cwnd
[2024-11-07T16:07:56.802324-0500]     4.1250 MB /   0.50 sec =   69.1835 Mbps     0 retrans   1638 KB-cwnd
[2024-11-07T16:07:57.302124-0500]     5.8750 MB /   0.50 sec =   98.5959 Mbps     0 retrans   1638 KB-cwnd
[2024-11-07T16:07:57.802314-0500]     1.5625 MB /   0.50 sec =   26.2064 Mbps     0 retrans   1638 KB-cwnd
[2024-11-07T16:07:58.302256-0500]     5.6250 MB /   0.50 sec =   94.3805 Mbps     0 retrans   1638 KB-cwnd
[2024-11-07T16:07:58.803719-0500]     5.0625 MB /   0.50 sec =   84.7704 Mbps     0 retrans   1638 KB-cwnd
[2024-11-07T16:07:59.302336-0500]     2.6875 MB /   0.50 sec =   45.1697 Mbps     0 retrans   1638 KB-cwnd
[2024-11-07T16:07:59.802786-0500]     1.5625 MB /   0.50 sec =   26.1986 Mbps     0 retrans   1638 KB-cwnd
[2024-11-07T16:08:00.302987-0500]     2.3125 MB /   0.50 sec =   38.7726 Mbps     0 retrans   1638 KB-cwnd
[2024-11-07T16:08:00.802758-0500]     6.1875 MB /   0.50 sec =  103.9421 Mbps     0 retrans   1638 KB-cwnd
[2024-11-07T16:08:01.302421-0500]     0.0000 MB /   0.50 sec =    0.0000 Mbps     0 retrans   1638 KB-cwnd
[2024-11-07T16:08:01.803273-0500]     0.0000 MB /   0.50 sec =    0.0000 Mbps     0 retrans   1638 KB-cwnd
[2024-11-07T16:08:02.302336-0500]     0.0000 MB /   0.50 sec =    0.0000 Mbps     0 retrans   1638 KB-cwnd
[2024-11-07T16:08:02.803389-0500]     0.0000 MB /   0.50 sec =    0.0000 Mbps     0 retrans   1638 KB-cwnd
[2024-11-07T16:08:03.302319-0500]     0.0000 MB /   0.50 sec =    0.0000 Mbps     0 retrans   1638 KB-cwnd
[2024-11-07T16:08:03.802223-0500]     2.1875 MB /   0.50 sec =   36.7075 Mbps     0 retrans   1638 KB-cwnd
[2024-11-07T16:08:04.302342-0500]     1.6875 MB /   0.50 sec =   28.3142 Mbps     0 retrans   1638 KB-cwnd
[2024-11-07T16:08:04.803156-0500]     3.4375 MB /   0.50 sec =   57.5579 Mbps     0 retrans   1638 KB-cwnd
[2024-11-07T16:08:05.302222-0500]     5.6250 MB /   0.50 sec =   94.5454 Mbps     0 retrans   1638 KB-cwnd
[2024-11-07T16:08:05.802779-0500]     2.7500 MB /   0.50 sec =   46.1255 Mbps     0 retrans   1638 KB-cwnd
[2024-11-07T16:08:06.302218-0500]     7.6875 MB /   0.50 sec =  129.0156 Mbps     0 retrans   1638 KB-cwnd
[2024-11-07T16:08:06.802334-0500]     5.0000 MB /   0.50 sec =   83.8681 Mbps     0 retrans   1638 KB-cwnd
[2024-11-07T16:08:07.302157-0500]     2.9375 MB /   0.50 sec =   49.2964 Mbps     0 retrans   1638 KB-cwnd
[2024-11-07T16:08:07.802302-0500]     7.9375 MB /   0.50 sec =  133.1356 Mbps     0 retrans   1638 KB-cwnd
[2024-11-07T16:08:08.302280-0500]     4.6875 MB /   0.50 sec =   78.6479 Mbps  5637 retrans   3162 KB-cwnd
[2024-11-07T16:08:08.803197-0500]     5.1250 MB /   0.50 sec =   85.8284 Mbps     0 retrans   3162 KB-cwnd
[2024-11-07T16:08:09.302330-0500]     8.8125 MB /   0.50 sec =  148.0998 Mbps     0 retrans   3162 KB-cwnd
[2024-11-07T16:08:09.802427-0500]     4.0000 MB /   0.50 sec =   67.1120 Mbps     0 retrans   3162 KB-cwnd
[2024-11-07T16:08:10.302322-0500]     4.8125 MB /   0.50 sec =   80.7387 Mbps     0 retrans   3162 KB-cwnd
[2024-11-07T16:08:10.802348-0500]     2.3125 MB /   0.50 sec =   38.7960 Mbps     0 retrans   3162 KB-cwnd
[2024-11-07T16:08:11.302356-0500]     7.6250 MB /   0.50 sec =  127.9224 Mbps     0 retrans   3162 KB-cwnd
[2024-11-07T16:08:11.803158-0500]     1.6250 MB /   0.50 sec =   27.2199 Mbps     0 retrans   3162 KB-cwnd
[2024-11-07T16:08:12.302258-0500]     4.6875 MB /   0.50 sec =   78.7819 Mbps     0 retrans   3162 KB-cwnd
[2024-11-07T16:08:12.802335-0500]     5.0625 MB /   0.50 sec =   84.9240 Mbps     0 retrans   3162 KB-cwnd
[2024-11-07T16:08:13.302292-0500]     2.4375 MB /   0.50 sec =   40.8968 Mbps     0 retrans   3162 KB-cwnd
[2024-11-07T16:08:13.802322-0500]     8.1250 MB /   0.50 sec =  136.3072 Mbps     0 retrans   3162 KB-cwnd
[2024-11-07T16:08:14.302375-0500]     4.8125 MB /   0.50 sec =   80.7357 Mbps     0 retrans   3162 KB-cwnd
[2024-11-07T16:08:14.802258-0500]     4.7500 MB /   0.50 sec =   79.7214 Mbps  3348 retrans   3196 KB-cwnd
[2024-11-07T16:08:15.302306-0500]     3.4375 MB /   0.50 sec =   57.6560 Mbps     0 retrans   3196 KB-cwnd
[2024-11-07T16:08:15.803109-0500]     4.4375 MB /   0.50 sec =   74.3309 Mbps     0 retrans   3196 KB-cwnd
[2024-11-07T16:08:16.302301-0500]     3.2500 MB /   0.50 sec =   54.6126 Mbps     0 retrans   3196 KB-cwnd
[2024-11-07T16:08:16.802308-0500]     3.6875 MB /   0.50 sec =   61.8664 Mbps     0 retrans   3196 KB-cwnd
[2024-11-07T16:08:17.302124-0500]     8.5000 MB /   0.50 sec =  142.6451 Mbps     0 retrans   3196 KB-cwnd
[2024-11-07T16:08:17.803143-0500]     3.8750 MB /   0.50 sec =   64.8860 Mbps     0 retrans   3196 KB-cwnd
[2024-11-07T16:08:18.302077-0500]     9.1250 MB /   0.50 sec =  153.3924 Mbps     0 retrans   3196 KB-cwnd
[2024-11-07T16:08:18.803431-0500]     5.7500 MB /   0.50 sec =   96.2290 Mbps     0 retrans   3196 KB-cwnd
[2024-11-07T16:08:19.302209-0500]     8.5625 MB /   0.50 sec =  143.9878 Mbps     0 retrans   3196 KB-cwnd
[2024-11-07T16:08:19.802335-0500]     6.3750 MB /   0.50 sec =  106.9406 Mbps     0 retrans   3196 KB-cwnd
[2024-11-07T16:08:20.302131-0500]     6.7500 MB /   0.50 sec =  113.2797 Mbps   729 retrans   3327 KB-cwnd
[2024-11-07T16:08:20.802520-0500]     0.2500 MB /   0.50 sec =    4.1937 Mbps     0 retrans   3327 KB-cwnd
[2024-11-07T16:08:21.302321-0500]     5.4375 MB /   0.50 sec =   91.2124 Mbps     0 retrans   3327 KB-cwnd
[2024-11-07T16:08:21.802311-0500]     9.8125 MB /   0.50 sec =  164.6281 Mbps     0 retrans   3327 KB-cwnd
[2024-11-07T16:08:22.302168-0500]     8.5625 MB /   0.50 sec =  143.6888 Mbps     0 retrans   3327 KB-cwnd
[2024-11-07T16:08:22.802494-0500]     5.2500 MB /   0.50 sec =   88.0432 Mbps     0 retrans   3327 KB-cwnd
[2024-11-07T16:08:23.302225-0500]     6.6250 MB /   0.50 sec =  111.1844 Mbps     0 retrans   3327 KB-cwnd
[2024-11-07T16:08:23.802327-0500]     9.3750 MB /   0.50 sec =  157.2619 Mbps     0 retrans   3327 KB-cwnd
[2024-11-07T16:08:24.302325-0500]     6.4375 MB /   0.50 sec =  108.0040 Mbps     0 retrans   3327 KB-cwnd
[2024-11-07T16:08:24.802303-0500]    12.6875 MB /   0.50 sec =  212.9184 Mbps    68 retrans   2810 KB-cwnd
[2024-11-07T16:08:25.302189-0500]     1.9375 MB /   0.50 sec =   32.5036 Mbps     0 retrans   2810 KB-cwnd
[2024-11-07T16:08:25.802353-0500]     5.6875 MB /   0.50 sec =   95.3983 Mbps     0 retrans   2810 KB-cwnd
[2024-11-07T16:08:26.302343-0500]     5.6875 MB /   0.50 sec =   95.4328 Mbps     0 retrans   2810 KB-cwnd
[2024-11-07T16:08:26.802222-0500]    12.3125 MB /   0.50 sec =  206.5947 Mbps     0 retrans   2810 KB-cwnd
[2024-11-07T16:08:27.302194-0500]    10.5625 MB /   0.50 sec =  177.2093 Mbps     0 retrans   2810 KB-cwnd
[2024-11-07T16:08:27.802154-0500]     9.9375 MB /   0.50 sec =  166.7319 Mbps     0 retrans   2810 KB-cwnd
[2024-11-07T16:08:28.302371-0500]     9.5000 MB /   0.50 sec =  159.3236 Mbps     0 retrans   2810 KB-cwnd
[2024-11-07T16:08:28.802192-0500]    12.6250 MB /   0.50 sec =  211.8869 Mbps    39 retrans   4078 KB-cwnd
[2024-11-07T16:08:29.302193-0500]     8.5625 MB /   0.50 sec =  143.6538 Mbps     0 retrans   4078 KB-cwnd
[2024-11-07T16:08:29.802190-0500]    13.3750 MB /   0.50 sec =  224.3998 Mbps     0 retrans   4078 KB-cwnd
[2024-11-07T16:08:30.302177-0500]     0.0000 MB /   0.50 sec =    0.0000 Mbps     0 retrans   4078 KB-cwnd
[2024-11-07T16:08:30.802203-0500]    11.5000 MB /   0.50 sec =  192.9465 Mbps     0 retrans   4078 KB-cwnd
[2024-11-07T16:08:31.302252-0500]    17.5000 MB /   0.50 sec =  293.5614 Mbps    48 retrans   3644 KB-cwnd
[2024-11-07T16:08:31.803040-0500]    20.6250 MB /   0.50 sec =  346.0308 Mbps     0 retrans   3644 KB-cwnd
[2024-11-07T16:08:32.302178-0500]    22.2500 MB /   0.50 sec =  373.3558 Mbps     0 retrans   3689 KB-cwnd
[2024-11-07T16:08:32.802328-0500]    27.4375 MB /   0.50 sec =  460.2098 Mbps    12 retrans   5956 KB-cwnd
[2024-11-07T16:08:33.302239-0500]    33.5625 MB /   0.50 sec =  563.1360 Mbps     0 retrans   5956 KB-cwnd
[2024-11-07T16:08:33.802181-0500]    36.5000 MB /   0.50 sec =  612.4456 Mbps  4210 retrans   6732 KB-cwnd
[2024-11-07T16:08:34.302193-0500]    43.8125 MB /   0.50 sec =  734.9959 Mbps     0 retrans   6851 KB-cwnd
[2024-11-07T16:08:34.802165-0500]    44.8125 MB /   0.50 sec =  751.9012 Mbps     0 retrans  11532 KB-cwnd
[2024-11-07T16:08:35.302378-0500]    47.4375 MB /   0.50 sec =  795.8740 Mbps     0 retrans  12358 KB-cwnd
[2024-11-07T16:08:35.802293-0500]    45.5625 MB /   0.50 sec =  764.4517 Mbps     0 retrans  14758 KB-cwnd
[2024-11-07T16:08:36.302331-0500]    42.7500 MB /   0.50 sec =  717.2102 Mbps     0 retrans  14758 KB-cwnd
[2024-11-07T16:08:36.802192-0500]    49.8125 MB /   0.50 sec =  835.6582 Mbps     0 retrans  18962 KB-cwnd
[2024-11-07T16:08:37.302145-0500]    48.5625 MB /   0.50 sec =  814.7745 Mbps     0 retrans  18531 KB-cwnd
[2024-11-07T16:08:37.802963-0500]    51.0000 MB /   0.50 sec =  855.4823 Mbps     0 retrans  17508 KB-cwnd
[2024-11-07T16:08:38.302255-0500]    50.5625 MB /   0.50 sec =  848.3234 Mbps     0 retrans  17508 KB-cwnd
[2024-11-07T16:08:38.802117-0500]    53.4375 MB /   0.50 sec =  896.6795 Mbps     0 retrans  16618 KB-cwnd
[2024-11-07T16:08:39.302198-0500]    55.4375 MB /   0.50 sec =  930.0404 Mbps     0 retrans  20428 KB-cwnd
[2024-11-07T16:08:39.802515-0500]    60.1250 MB /   0.50 sec = 1008.6877 Mbps     0 retrans  21000 KB-cwnd
[2024-11-07T16:08:40.302192-0500]    57.3750 MB /   0.50 sec =  962.5620 Mbps     0 retrans  21000 KB-cwnd
[2024-11-07T16:08:40.802427-0500]    25.9375 MB /   0.50 sec =  435.2104 Mbps     0 retrans  21000 KB-cwnd
[2024-11-07T16:08:41.302178-0500]    53.0625 MB /   0.50 sec =  890.2321 Mbps     0 retrans  20742 KB-cwnd
[2024-11-07T16:08:41.802177-0500]    62.1250 MB /   0.50 sec = 1042.2741 Mbps     0 retrans  22114 KB-cwnd
[2024-11-07T16:08:42.302444-0500]    58.7500 MB /   0.50 sec =  985.6989 Mbps     0 retrans  22521 KB-cwnd
[2024-11-07T16:08:42.802234-0500]    61.2500 MB /   0.50 sec = 1027.4113 Mbps     0 retrans  20308 KB-cwnd
[2024-11-07T16:08:43.302268-0500]    55.7500 MB /   0.50 sec =  935.4795 Mbps     0 retrans  22500 KB-cwnd
[2024-11-07T16:08:43.802213-0500]    65.3750 MB /   0.50 sec = 1096.7688 Mbps     0 retrans  22623 KB-cwnd
[2024-11-07T16:08:44.302257-0500]    65.6250 MB /   0.50 sec = 1101.0202 Mbps     0 retrans  22330 KB-cwnd
[2024-11-07T16:08:44.802303-0500]    61.1875 MB /   0.50 sec = 1026.6278 Mbps     0 retrans  23366 KB-cwnd
[2024-11-07T16:08:45.302385-0500]    63.3125 MB /   0.50 sec = 1061.6363 Mbps     0 retrans  25337 KB-cwnd
[2024-11-07T16:08:45.802662-0500]    58.7500 MB /   0.50 sec =  985.1885 Mbps     0 retrans  25673 KB-cwnd
[2024-11-07T16:08:46.302324-0500]    52.4375 MB /   0.50 sec =  880.4261 Mbps     0 retrans  22945 KB-cwnd
[2024-11-07T16:08:46.802197-0500]    50.0625 MB /   0.50 sec =  840.0690 Mbps     0 retrans  24280 KB-cwnd
[2024-11-07T16:08:47.302445-0500]    51.4375 MB /   0.50 sec =  862.9970 Mbps     0 retrans  22263 KB-cwnd
[2024-11-07T16:08:47.802224-0500]    45.6875 MB /   0.50 sec =  766.4631 Mbps     0 retrans  22263 KB-cwnd
[2024-11-07T16:08:48.302279-0500]    54.9375 MB /   0.50 sec =  921.5398 Mbps     0 retrans  20761 KB-cwnd
[2024-11-07T16:08:48.802208-0500]    47.7500 MB /   0.50 sec =  801.2483 Mbps     0 retrans  21269 KB-cwnd
[2024-11-07T16:08:49.302394-0500]    47.7500 MB /   0.50 sec =  801.1986 Mbps     0 retrans  21083 KB-cwnd
[2024-11-07T16:08:49.802074-0500]    43.5000 MB /   0.50 sec =  729.8162 Mbps     0 retrans  21083 KB-cwnd
[2024-11-07T16:08:50.302197-0500]    46.9375 MB /   0.50 sec =  787.4050 Mbps     0 retrans  21128 KB-cwnd
[2024-11-07T16:08:50.802207-0500]    49.8125 MB /   0.50 sec =  835.7184 Mbps     0 retrans  18794 KB-cwnd
[2024-11-07T16:08:51.302487-0500]    17.0625 MB /   0.50 sec =  286.2710 Mbps     0 retrans  18794 KB-cwnd
End time: 1731013731453
