Start time: 1730659792695
[2024-11-03T11:49:54.170439-0700] nuttcp-r: v8.1.4: socket
[2024-11-03T11:49:54.171716-0700] nuttcp-r: buflen=65536, nstream=1, port=5379 tcp
[2024-11-03T11:49:54.171880-0700] nuttcp-r: interval reporting every 0.50 seconds
[2024-11-03T11:49:54.172095-0700] nuttcp-r: connect to 54.176.53.206 with RTT=114.058 ms af=inet
[2024-11-03T11:49:54.172216-0700] nuttcp-r: send window size = 2097152, receive window size = 6291456
[2024-11-03T11:49:54.172326-0700] nuttcp-r: available send window = 1572864, available receive window = 4718592
[2024-11-03T11:49:54.172431-0700]     0.0625 MB /   0.50 sec =    1.0485 Mbps     0 retrans
[2024-11-03T11:49:54.670540-0700]     0.3750 MB /   0.50 sec =    6.2913 Mbps     0 retrans
[2024-11-03T11:49:55.170483-0700]     0.6250 MB /   0.50 sec =   10.4825 Mbps     0 retrans
[2024-11-03T11:49:55.670253-0700]     1.6250 MB /   0.50 sec =   27.2719 Mbps     0 retrans
[2024-11-03T11:49:56.170455-0700]     0.5625 MB /   0.50 sec =    9.4331 Mbps     0 retrans
[2024-11-03T11:49:56.670263-0700]     0.9375 MB /   0.50 sec =   15.7342 Mbps     0 retrans
[2024-11-03T11:49:57.171919-0700]     0.6250 MB /   0.50 sec =   10.4544 Mbps     0 retrans
[2024-11-03T11:49:57.670475-0700]     0.4375 MB /   0.50 sec =    7.3604 Mbps     0 retrans
[2024-11-03T11:49:58.170237-0700]     1.5625 MB /   0.50 sec =   26.2219 Mbps     0 retrans
[2024-11-03T11:49:58.672132-0700]     1.3750 MB /   0.50 sec =   22.9994 Mbps     0 retrans
[2024-11-03T11:49:59.171362-0700]     1.5625 MB /   0.50 sec =   26.2398 Mbps     0 retrans
[2024-11-03T11:49:59.670385-0700]     0.0000 MB /   0.50 sec =    0.0000 Mbps     0 retrans
[2024-11-03T11:50:00.170287-0700]     0.8750 MB /   0.50 sec =   14.6819 Mbps     0 retrans
[2024-11-03T11:50:00.670452-0700]     0.0625 MB /   0.50 sec =    1.0483 Mbps     0 retrans
[2024-11-03T11:50:01.170268-0700]     1.7500 MB /   0.50 sec =   29.3653 Mbps     0 retrans
[2024-11-03T11:50:01.671013-0700]     1.4375 MB /   0.50 sec =   24.0934 Mbps     0 retrans
[2024-11-03T11:50:02.170437-0700]     1.3750 MB /   0.50 sec =   23.0884 Mbps     0 retrans
[2024-11-03T11:50:02.671343-0700]     1.0000 MB /   0.50 sec =   16.7623 Mbps     0 retrans
[2024-11-03T11:50:03.171906-0700]     1.4375 MB /   0.50 sec =   24.0707 Mbps     0 retrans
[2024-11-03T11:50:03.670272-0700]     0.8750 MB /   0.50 sec =   14.7240 Mbps     0 retrans
[2024-11-03T11:50:04.170482-0700]     1.5625 MB /   0.50 sec =   26.2083 Mbps     0 retrans
[2024-11-03T11:50:04.670461-0700]     0.7500 MB /   0.50 sec =   12.5850 Mbps     0 retrans
[2024-11-03T11:50:05.170404-0700]     0.8750 MB /   0.50 sec =   14.6822 Mbps     0 retrans
[2024-11-03T11:50:05.670592-0700]     0.6250 MB /   0.50 sec =   10.4807 Mbps     0 retrans
[2024-11-03T11:50:06.170228-0700]     1.4375 MB /   0.50 sec =   24.1282 Mbps     0 retrans
[2024-11-03T11:50:06.671383-0700]     0.9375 MB /   0.50 sec =   15.6964 Mbps     0 retrans
[2024-11-03T11:50:07.170434-0700]     1.1250 MB /   0.50 sec =   18.9090 Mbps     0 retrans
[2024-11-03T11:50:07.670472-0700]     1.0000 MB /   0.50 sec =   16.7764 Mbps     0 retrans
[2024-11-03T11:50:08.170559-0700]     1.5000 MB /   0.50 sec =   25.1629 Mbps     0 retrans
[2024-11-03T11:50:08.671525-0700]     0.9375 MB /   0.50 sec =   15.6987 Mbps     0 retrans
[2024-11-03T11:50:09.170318-0700]     1.3750 MB /   0.50 sec =   23.1212 Mbps     0 retrans
[2024-11-03T11:50:09.670289-0700]     0.9375 MB /   0.50 sec =   15.7283 Mbps     0 retrans
[2024-11-03T11:50:10.172060-0700]     0.9375 MB /   0.50 sec =   15.6822 Mbps     0 retrans
[2024-11-03T11:50:10.670378-0700]     1.1875 MB /   0.50 sec =   19.9810 Mbps     0 retrans
[2024-11-03T11:50:11.170224-0700]     0.9375 MB /   0.50 sec =   15.7303 Mbps     0 retrans
[2024-11-03T11:50:11.671864-0700]     1.2500 MB /   0.50 sec =   20.9090 Mbps     0 retrans
[2024-11-03T11:50:12.170487-0700]     0.8125 MB /   0.50 sec =   13.6671 Mbps     0 retrans
[2024-11-03T11:50:12.670239-0700]     1.2500 MB /   0.50 sec =   20.9803 Mbps     0 retrans
[2024-11-03T11:50:13.170309-0700]     1.7500 MB /   0.50 sec =   29.3582 Mbps     0 retrans
[2024-11-03T11:50:13.670336-0700]     0.9375 MB /   0.50 sec =   15.7284 Mbps     0 retrans
[2024-11-03T11:50:14.170196-0700]     1.3125 MB /   0.50 sec =   22.0226 Mbps     0 retrans
[2024-11-03T11:50:14.670339-0700]     1.2500 MB /   0.50 sec =   20.9694 Mbps     0 retrans
[2024-11-03T11:50:15.170361-0700]     0.5625 MB /   0.50 sec =    9.4370 Mbps     0 retrans
[2024-11-03T11:50:15.670192-0700]     0.5625 MB /   0.50 sec =    9.4383 Mbps     0 retrans
[2024-11-03T11:50:16.170931-0700]     1.1250 MB /   0.50 sec =   18.8568 Mbps     0 retrans
[2024-11-03T11:50:16.670334-0700]     0.8125 MB /   0.50 sec =   13.6426 Mbps     0 retrans
[2024-11-03T11:50:17.170198-0700]     0.3750 MB /   0.50 sec =    6.2921 Mbps     0 retrans
[2024-11-03T11:50:17.671016-0700]     1.5625 MB /   0.50 sec =   26.1775 Mbps     0 retrans
[2024-11-03T11:50:18.170385-0700]     1.0000 MB /   0.50 sec =   16.7977 Mbps     0 retrans
[2024-11-03T11:50:18.671917-0700]     0.8750 MB /   0.50 sec =   14.6373 Mbps     0 retrans
[2024-11-03T11:50:19.170532-0700]     1.2500 MB /   0.50 sec =   21.0279 Mbps     0 retrans
[2024-11-03T11:50:19.670251-0700]     0.6875 MB /   0.50 sec =   11.5381 Mbps     0 retrans
[2024-11-03T11:50:20.171860-0700]     1.2500 MB /   0.50 sec =   20.9161 Mbps     0 retrans
[2024-11-03T11:50:20.670576-0700]     1.7500 MB /   0.50 sec =   29.4363 Mbps     0 retrans
[2024-11-03T11:50:21.170274-0700]     0.6875 MB /   0.50 sec =   11.5349 Mbps     0 retrans
[2024-11-03T11:50:21.670503-0700]     0.8125 MB /   0.50 sec =   13.6278 Mbps     0 retrans
[2024-11-03T11:50:22.170297-0700]     1.0625 MB /   0.50 sec =   17.8303 Mbps     0 retrans
[2024-11-03T11:50:22.670510-0700]     1.0000 MB /   0.50 sec =   16.7727 Mbps     0 retrans
[2024-11-03T11:50:23.170303-0700]     1.5000 MB /   0.50 sec =   25.1744 Mbps     0 retrans
[2024-11-03T11:50:23.670288-0700]     0.8750 MB /   0.50 sec =   14.6799 Mbps     0 retrans
[2024-11-03T11:50:24.170642-0700]     0.0625 MB /   0.50 sec =    1.0481 Mbps     0 retrans
[2024-11-03T11:50:24.670620-0700]     1.6875 MB /   0.50 sec =   28.3076 Mbps     0 retrans
[2024-11-03T11:50:25.170270-0700]     1.1875 MB /   0.50 sec =   19.9375 Mbps     0 retrans
[2024-11-03T11:50:25.671420-0700]     0.8750 MB /   0.50 sec =   14.6475 Mbps     0 retrans
[2024-11-03T11:50:26.170494-0700]     0.8750 MB /   0.50 sec =   14.7063 Mbps     0 retrans
[2024-11-03T11:50:26.670353-0700]     0.6875 MB /   0.50 sec =   11.5366 Mbps     0 retrans
[2024-11-03T11:50:27.170338-0700]     1.1875 MB /   0.50 sec =   19.9248 Mbps     0 retrans
[2024-11-03T11:50:27.671391-0700]     0.4375 MB /   0.50 sec =    7.3250 Mbps     0 retrans
[2024-11-03T11:50:28.170239-0700]     1.4375 MB /   0.50 sec =   24.1680 Mbps     0 retrans
[2024-11-03T11:50:28.670534-0700]     0.8125 MB /   0.50 sec =   13.6264 Mbps     0 retrans
[2024-11-03T11:50:29.170482-0700]     1.1875 MB /   0.50 sec =   19.9244 Mbps     0 retrans
[2024-11-03T11:50:29.670421-0700]     1.0625 MB /   0.50 sec =   17.8271 Mbps     0 retrans
[2024-11-03T11:50:30.170466-0700]     1.1250 MB /   0.50 sec =   18.8739 Mbps     0 retrans
[2024-11-03T11:50:30.670249-0700]     0.9375 MB /   0.50 sec =   15.7335 Mbps     0 retrans
[2024-11-03T11:50:31.170423-0700]     0.6250 MB /   0.50 sec =   10.4849 Mbps     0 retrans
[2024-11-03T11:50:31.670462-0700]     0.6250 MB /   0.50 sec =   10.4857 Mbps     0 retrans
[2024-11-03T11:50:32.170210-0700]     0.9375 MB /   0.50 sec =   15.7301 Mbps     0 retrans
[2024-11-03T11:50:32.670740-0700]     1.0625 MB /   0.50 sec =   17.8099 Mbps     0 retrans
[2024-11-03T11:50:33.170289-0700]     1.0625 MB /   0.50 sec =   17.8413 Mbps     0 retrans
[2024-11-03T11:50:33.670301-0700]     0.5000 MB /   0.50 sec =    8.3882 Mbps     0 retrans
[2024-11-03T11:50:34.170283-0700]     0.8750 MB /   0.50 sec =   14.6809 Mbps     0 retrans
[2024-11-03T11:50:34.671037-0700]     1.0000 MB /   0.50 sec =   16.7629 Mbps     0 retrans
[2024-11-03T11:50:35.171762-0700]     0.3125 MB /   0.50 sec =    5.2322 Mbps     0 retrans
[2024-11-03T11:50:35.670357-0700]     1.1250 MB /   0.50 sec =   18.9274 Mbps     0 retrans
[2024-11-03T11:50:36.170288-0700]     0.1875 MB /   0.50 sec =    3.1460 Mbps     0 retrans
[2024-11-03T11:50:36.670341-0700]     0.5000 MB /   0.50 sec =    8.3878 Mbps     0 retrans
[2024-11-03T11:50:37.170261-0700]     0.2500 MB /   0.50 sec =    4.1948 Mbps     0 retrans
[2024-11-03T11:50:37.670282-0700]     0.8125 MB /   0.50 sec =   13.6315 Mbps     0 retrans
[2024-11-03T11:50:38.170430-0700]     0.8125 MB /   0.50 sec =   13.6308 Mbps     0 retrans
[2024-11-03T11:50:38.670281-0700]     0.8750 MB /   0.50 sec =   14.6807 Mbps     0 retrans
[2024-11-03T11:50:39.170377-0700]     0.5000 MB /   0.50 sec =    8.3875 Mbps     0 retrans
[2024-11-03T11:50:39.670220-0700]     0.5625 MB /   0.50 sec =    9.4390 Mbps     0 retrans
[2024-11-03T11:50:40.170274-0700]     0.5000 MB /   0.50 sec =    8.3882 Mbps     0 retrans
[2024-11-03T11:50:40.670661-0700]     0.3125 MB /   0.50 sec =    5.2394 Mbps     0 retrans
[2024-11-03T11:50:41.170322-0700]     0.5000 MB /   0.50 sec =    8.3936 Mbps     0 retrans
[2024-11-03T11:50:41.670342-0700]     0.3125 MB /   0.50 sec =    5.2426 Mbps     0 retrans
[2024-11-03T11:50:42.170429-0700]     0.3125 MB /   0.50 sec =    5.2421 Mbps     0 retrans
[2024-11-03T11:50:42.670325-0700]     0.5000 MB /   0.50 sec =    8.3904 Mbps     0 retrans
[2024-11-03T11:50:43.170316-0700]     0.5000 MB /   0.50 sec =    8.3887 Mbps     0 retrans
[2024-11-03T11:50:43.670360-0700]     0.3125 MB /   0.50 sec =    5.2435 Mbps     0 retrans
[2024-11-03T11:50:44.170456-0700]     0.1250 MB /   0.50 sec =    2.0967 Mbps     0 retrans
[2024-11-03T11:50:44.670341-0700]     0.0000 MB /   0.50 sec =    0.0000 Mbps     0 retrans
[2024-11-03T11:50:45.170478-0700]     0.6250 MB /   0.50 sec =   10.4860 Mbps     0 retrans
[2024-11-03T11:50:45.670307-0700]     0.3750 MB /   0.50 sec =    6.2916 Mbps     0 retrans
[2024-11-03T11:50:46.170550-0700]     0.3125 MB /   0.50 sec =    5.2429 Mbps     0 retrans
[2024-11-03T11:50:46.670313-0700]     0.3750 MB /   0.50 sec =    6.2912 Mbps     0 retrans
[2024-11-03T11:50:47.170557-0700]     0.3125 MB /   0.50 sec =    5.2407 Mbps     0 retrans
[2024-11-03T11:50:47.670291-0700]     0.3125 MB /   0.50 sec =    5.2453 Mbps     0 retrans
[2024-11-03T11:50:48.170266-0700]     0.1875 MB /   0.50 sec =    3.1457 Mbps     0 retrans
[2024-11-03T11:50:48.670312-0700]     0.5625 MB /   0.50 sec =    9.4372 Mbps     0 retrans
[2024-11-03T11:50:49.170248-0700]     0.5625 MB /   0.50 sec =    9.4377 Mbps     0 retrans
[2024-11-03T11:50:49.670285-0700]     0.5000 MB /   0.50 sec =    8.3887 Mbps     0 retrans
[2024-11-03T11:50:50.170284-0700]     0.3750 MB /   0.50 sec =    6.2911 Mbps     0 retrans
[2024-11-03T11:50:50.670269-0700]     0.4375 MB /   0.50 sec =    7.3401 Mbps     0 retrans
[2024-11-03T11:50:51.170288-0700]     0.5625 MB /   0.50 sec =    9.4371 Mbps     0 retrans
[2024-11-03T11:50:51.670258-0700]     0.5000 MB /   0.50 sec =    8.3888 Mbps     0 retrans
[2024-11-03T11:50:52.170370-0700]     0.3125 MB /   0.50 sec =    5.2426 Mbps     0 retrans
[2024-11-03T11:50:52.670298-0700]     0.2500 MB /   0.50 sec =    4.1943 Mbps     0 retrans
[2024-11-03T11:50:53.170307-0700]     0.2500 MB /   0.50 sec =    4.1943 Mbps     0 retrans
[2024-11-03T11:50:53.670304-0700]     0.1875 MB /   0.50 sec =    3.1458 Mbps     0 retrans
[2024-11-03T11:50:54.170439-0700]     0.3125 MB /   0.50 sec =    5.2416 Mbps     0 retrans
[2024-11-03T11:50:54.670269-0700]     0.1875 MB /   0.50 sec =    3.1466 Mbps     0 retrans
[2024-11-03T11:50:55.170527-0700]     0.0625 MB /   0.50 sec =    1.0482 Mbps     0 retrans
[2024-11-03T11:50:55.670294-0700]     0.0625 MB /   0.50 sec =    1.0489 Mbps     0 retrans
[2024-11-03T11:50:56.170279-0700]     0.5625 MB /   0.50 sec =    9.4376 Mbps     0 retrans
[2024-11-03T11:50:56.670229-0700]     0.6250 MB /   0.50 sec =   10.4860 Mbps     0 retrans
[2024-11-03T11:50:57.170593-0700]     0.3125 MB /   0.50 sec =    5.2406 Mbps     0 retrans
[2024-11-03T11:50:57.670364-0700]     0.1875 MB /   0.50 sec =    3.1466 Mbps     0 retrans
[2024-11-03T11:50:58.170598-0700]     0.2500 MB /   0.50 sec =    4.1934 Mbps     0 retrans
[2024-11-03T11:50:58.670766-0700]     0.2500 MB /   0.50 sec =    4.1919 Mbps     0 retrans
[2024-11-03T11:50:59.170278-0700]     0.3750 MB /   0.50 sec =    6.2972 Mbps     0 retrans
[2024-11-03T11:50:59.670321-0700]     0.5625 MB /   0.50 sec =    9.4361 Mbps     0 retrans
[2024-11-03T11:51:00.170182-0700]     0.6250 MB /   0.50 sec =   10.4876 Mbps     0 retrans
[2024-11-03T11:51:00.670310-0700]     0.6875 MB /   0.50 sec =   11.5332 Mbps     0 retrans
[2024-11-03T11:51:01.170451-0700]     0.7500 MB /   0.50 sec =   12.5834 Mbps     0 retrans
[2024-11-03T11:51:01.670253-0700]     0.8750 MB /   0.50 sec =   14.6801 Mbps     0 retrans
[2024-11-03T11:51:02.170280-0700]     0.8750 MB /   0.50 sec =   14.6800 Mbps     0 retrans
[2024-11-03T11:51:02.670199-0700]     1.0000 MB /   0.50 sec =   16.7782 Mbps     0 retrans
[2024-11-03T11:51:03.170278-0700]     1.1250 MB /   0.50 sec =   18.8735 Mbps     0 retrans
[2024-11-03T11:51:03.670282-0700]     1.1250 MB /   0.50 sec =   18.8741 Mbps     0 retrans
[2024-11-03T11:51:04.170179-0700]     1.2500 MB /   0.50 sec =   20.9730 Mbps     0 retrans
[2024-11-03T11:51:04.670307-0700]     1.2500 MB /   0.50 sec =   20.9699 Mbps     0 retrans
[2024-11-03T11:51:05.170373-0700]     0.7500 MB /   0.50 sec =   12.5805 Mbps     0 retrans
[2024-11-03T11:51:05.671378-0700]     1.0625 MB /   0.50 sec =   17.7915 Mbps     0 retrans
[2024-11-03T11:51:06.170483-0700]     1.5000 MB /   0.50 sec =   25.2118 Mbps     0 retrans
[2024-11-03T11:51:06.670301-0700]     0.8750 MB /   0.50 sec =   14.6848 Mbps     0 retrans
[2024-11-03T11:51:07.170663-0700]     0.8125 MB /   0.50 sec =   13.6210 Mbps     0 retrans
[2024-11-03T11:51:07.670278-0700]     0.9375 MB /   0.50 sec =   15.7409 Mbps     0 retrans
[2024-11-03T11:51:08.170405-0700]     1.0000 MB /   0.50 sec =   16.7730 Mbps     0 retrans
[2024-11-03T11:51:08.670912-0700]     0.5000 MB /   0.50 sec =    8.3808 Mbps     0 retrans
[2024-11-03T11:51:09.170207-0700]     1.4375 MB /   0.50 sec =   24.1465 Mbps     0 retrans
[2024-11-03T11:51:09.670279-0700]     0.5000 MB /   0.50 sec =    8.3881 Mbps     0 retrans
[2024-11-03T11:51:10.170278-0700]     0.5625 MB /   0.50 sec =    9.4372 Mbps     0 retrans
[2024-11-03T11:51:10.670271-0700]     0.0625 MB /   0.50 sec =    1.0485 Mbps     0 retrans
[2024-11-03T11:51:11.170274-0700]     0.3750 MB /   0.50 sec =    6.2920 Mbps     0 retrans
[2024-11-03T11:51:11.670289-0700]     1.0625 MB /   0.50 sec =   17.8256 Mbps     0 retrans
[2024-11-03T11:51:12.170265-0700]     1.1250 MB /   0.50 sec =   18.8746 Mbps     0 retrans
[2024-11-03T11:51:12.671445-0700]     0.5625 MB /   0.50 sec =    9.4183 Mbps     0 retrans
[2024-11-03T11:51:13.170253-0700]     1.0625 MB /   0.50 sec =   17.8607 Mbps     0 retrans
[2024-11-03T11:51:13.671325-0700]     0.6250 MB /   0.50 sec =   10.4652 Mbps     0 retrans
[2024-11-03T11:51:14.170269-0700]     1.5000 MB /   0.50 sec =   25.2162 Mbps     0 retrans
[2024-11-03T11:51:14.670305-0700]     0.2500 MB /   0.50 sec =    4.1938 Mbps     0 retrans
[2024-11-03T11:51:15.170628-0700]     1.0625 MB /   0.50 sec =   17.8162 Mbps     0 retrans
[2024-11-03T11:51:15.670265-0700]     0.3125 MB /   0.50 sec =    5.2464 Mbps     0 retrans
[2024-11-03T11:51:16.170429-0700]     0.5000 MB /   0.50 sec =    8.3879 Mbps     0 retrans
[2024-11-03T11:51:16.670294-0700]     0.4375 MB /   0.50 sec =    7.3406 Mbps     0 retrans
[2024-11-03T11:51:17.170300-0700]     0.3125 MB /   0.50 sec =    5.2427 Mbps     0 retrans
[2024-11-03T11:51:17.670301-0700]     0.5000 MB /   0.50 sec =    8.3889 Mbps     0 retrans
[2024-11-03T11:51:18.170407-0700]     0.7500 MB /   0.50 sec =   12.5802 Mbps     0 retrans
[2024-11-03T11:51:18.670436-0700]     0.2500 MB /   0.50 sec =    4.1942 Mbps     0 retrans
[2024-11-03T11:51:19.170292-0700]     0.8125 MB /   0.50 sec =   13.6348 Mbps     0 retrans
[2024-11-03T11:51:19.671439-0700]     0.2500 MB /   0.50 sec =    4.1852 Mbps     0 retrans
[2024-11-03T11:51:20.170472-0700]     0.4375 MB /   0.50 sec =    7.3551 Mbps     0 retrans
[2024-11-03T11:51:20.670318-0700]     0.3750 MB /   0.50 sec =    6.2920 Mbps     0 retrans
[2024-11-03T11:51:21.170439-0700]     0.3750 MB /   0.50 sec =    6.2901 Mbps     0 retrans
[2024-11-03T11:51:21.670762-0700]     0.0000 MB /   0.50 sec =    0.0000 Mbps     0 retrans
[2024-11-03T11:51:22.170373-0700]     0.0000 MB /   0.50 sec =    0.0000 Mbps     0 retrans
[2024-11-03T11:51:22.670397-0700]     0.6875 MB /   0.50 sec =   11.5360 Mbps     0 retrans
[2024-11-03T11:51:23.170668-0700]     0.5000 MB /   0.50 sec =    8.3825 Mbps     0 retrans
[2024-11-03T11:51:23.670350-0700]     0.4375 MB /   0.50 sec =    7.3445 Mbps     0 retrans
[2024-11-03T11:51:24.170262-0700]     0.1875 MB /   0.50 sec =    3.1461 Mbps     0 retrans
[2024-11-03T11:51:24.670350-0700]     0.5000 MB /   0.50 sec =    8.3875 Mbps     0 retrans
[2024-11-03T11:51:25.170485-0700]     0.3750 MB /   0.50 sec =    6.2905 Mbps     0 retrans
[2024-11-03T11:51:25.670275-0700]     0.2500 MB /   0.50 sec =    4.1955 Mbps     0 retrans
[2024-11-03T11:51:26.170287-0700]     0.3750 MB /   0.50 sec =    6.2914 Mbps     0 retrans
[2024-11-03T11:51:26.670308-0700]     0.4375 MB /   0.50 sec =    7.3401 Mbps     0 retrans
[2024-11-03T11:51:27.170209-0700]     0.3750 MB /   0.50 sec =    6.2915 Mbps     0 retrans
[2024-11-03T11:51:27.670385-0700]     0.3125 MB /   0.50 sec =    5.2421 Mbps     0 retrans
[2024-11-03T11:51:28.170318-0700]     0.1875 MB /   0.50 sec =    3.1459 Mbps     0 retrans
[2024-11-03T11:51:28.670285-0700]     0.1875 MB /   0.50 sec =    3.1460 Mbps     0 retrans
[2024-11-03T11:51:29.170315-0700]     0.2500 MB /   0.50 sec =    4.1942 Mbps     0 retrans
[2024-11-03T11:51:29.670292-0700]     0.1250 MB /   0.50 sec =    2.0972 Mbps     0 retrans
[2024-11-03T11:51:30.170293-0700]     0.2500 MB /   0.50 sec =    4.1942 Mbps     0 retrans
[2024-11-03T11:51:30.670529-0700]     0.1875 MB /   0.50 sec =    3.1457 Mbps     0 retrans
[2024-11-03T11:51:31.170284-0700]     0.3125 MB /   0.50 sec =    5.2431 Mbps     0 retrans
[2024-11-03T11:51:31.670280-0700]     0.4375 MB /   0.50 sec =    7.3399 Mbps     0 retrans
[2024-11-03T11:51:32.170305-0700]     0.3750 MB /   0.50 sec =    6.2911 Mbps     0 retrans
[2024-11-03T11:51:32.670319-0700]     0.3750 MB /   0.50 sec =    6.2917 Mbps     0 retrans
[2024-11-03T11:51:33.170338-0700]     0.1250 MB /   0.50 sec =    2.0969 Mbps     0 retrans
[2024-11-03T11:51:33.670309-0700]     0.1875 MB /   0.50 sec =    3.1461 Mbps     0 retrans
[2024-11-03T11:51:34.170301-0700]     0.1250 MB /   0.50 sec =    2.0972 Mbps     0 retrans
[2024-11-03T11:51:34.670362-0700]     0.1875 MB /   0.50 sec =    3.1453 Mbps     0 retrans
[2024-11-03T11:51:35.170475-0700]     0.1875 MB /   0.50 sec =    3.1459 Mbps     0 retrans
[2024-11-03T11:51:35.671439-0700]     0.2500 MB /   0.50 sec =    4.1854 Mbps     0 retrans
[2024-11-03T11:51:36.170250-0700]     0.5625 MB /   0.50 sec =    9.4584 Mbps     0 retrans
[2024-11-03T11:51:36.670338-0700]     0.4375 MB /   0.50 sec =    7.3396 Mbps     0 retrans
[2024-11-03T11:51:37.170361-0700]     0.3125 MB /   0.50 sec =    5.2423 Mbps     0 retrans
[2024-11-03T11:51:37.670273-0700]     0.5625 MB /   0.50 sec =    9.4388 Mbps     0 retrans
[2024-11-03T11:51:38.170295-0700]     0.5000 MB /   0.50 sec =    8.3884 Mbps     0 retrans
[2024-11-03T11:51:38.670406-0700]     0.5625 MB /   0.50 sec =    9.4372 Mbps     0 retrans
[2024-11-03T11:51:39.170296-0700]     0.6250 MB /   0.50 sec =   10.4859 Mbps     0 retrans
[2024-11-03T11:51:39.670304-0700]     0.6875 MB /   0.50 sec =   11.5342 Mbps     0 retrans
[2024-11-03T11:51:40.170282-0700]     0.7500 MB /   0.50 sec =   12.5825 Mbps     0 retrans
[2024-11-03T11:51:40.670298-0700]     0.8750 MB /   0.50 sec =   14.6803 Mbps     0 retrans
[2024-11-03T11:51:41.170277-0700]     0.8750 MB /   0.50 sec =   14.6807 Mbps     0 retrans
[2024-11-03T11:51:41.670660-0700]     0.8125 MB /   0.50 sec =   13.6208 Mbps     0 retrans
[2024-11-03T11:51:42.171400-0700]     0.4375 MB /   0.50 sec =    7.3299 Mbps     0 retrans
[2024-11-03T11:51:42.670367-0700]     0.9375 MB /   0.50 sec =   15.7629 Mbps     0 retrans
[2024-11-03T11:51:43.170643-0700]     0.7500 MB /   0.50 sec =   12.5783 Mbps     0 retrans
[2024-11-03T11:51:43.671615-0700]     0.3750 MB /   0.50 sec =    6.2787 Mbps     0 retrans
[2024-11-03T11:51:44.170312-0700]     0.9375 MB /   0.50 sec =   15.7656 Mbps     0 retrans
[2024-11-03T11:51:44.671424-0700]     1.0000 MB /   0.50 sec =   16.7405 Mbps     0 retrans
[2024-11-03T11:51:45.170275-0700]     1.4375 MB /   0.50 sec =   24.1711 Mbps     0 retrans
[2024-11-03T11:51:45.670374-0700]     1.0000 MB /   0.50 sec =   16.7747 Mbps     0 retrans
[2024-11-03T11:51:46.170392-0700]     1.0000 MB /   0.50 sec =   16.7803 Mbps     0 retrans
[2024-11-03T11:51:46.670725-0700]     1.1875 MB /   0.50 sec =   19.9054 Mbps     0 retrans
[2024-11-03T11:51:47.170406-0700]     1.1875 MB /   0.50 sec =   19.9406 Mbps     0 retrans
[2024-11-03T11:51:47.671695-0700]     1.1250 MB /   0.50 sec =   18.8229 Mbps     0 retrans
[2024-11-03T11:51:48.170518-0700]     0.8750 MB /   0.50 sec =   14.7142 Mbps     0 retrans
[2024-11-03T11:51:48.670432-0700]     1.1250 MB /   0.50 sec =   18.8766 Mbps     0 retrans
[2024-11-03T11:51:49.170480-0700]     1.2500 MB /   0.50 sec =   20.9760 Mbps     0 retrans
[2024-11-03T11:51:49.670305-0700]     0.8750 MB /   0.50 sec =   14.6802 Mbps     0 retrans
[2024-11-03T11:51:50.170494-0700]     0.7500 MB /   0.50 sec =   12.5789 Mbps     0 retrans
[2024-11-03T11:51:50.670489-0700]     1.2500 MB /   0.50 sec =   20.9753 Mbps     0 retrans
[2024-11-03T11:51:51.170500-0700]     0.8125 MB /   0.50 sec =   13.6288 Mbps     0 retrans
[2024-11-03T11:51:51.670451-0700]     0.8750 MB /   0.50 sec =   14.6810 Mbps     0 retrans
[2024-11-03T11:51:52.170349-0700]     1.0625 MB /   0.50 sec =   17.8320 Mbps     0 retrans
[2024-11-03T11:51:52.670312-0700]     1.0000 MB /   0.50 sec =   16.7760 Mbps     0 retrans
[2024-11-03T11:51:53.170183-0700]     1.1250 MB /   0.50 sec =   18.8759 Mbps     0 retrans
[2024-11-03T11:51:53.671449-0700]     1.1250 MB /   0.50 sec =   18.8319 Mbps     0 retrans
End time: 1730659913827
