Start time: 1730910804050
[2024-11-06T10:33:25.065532-0600] nuttcp-r: v8.1.4: socket
[2024-11-06T10:33:25.066836-0600] nuttcp-r: buflen=65536, nstream=1, port=5379 tcp
[2024-11-06T10:33:25.066981-0600] nuttcp-r: interval reporting every 0.50 seconds
[2024-11-06T10:33:25.067099-0600] nuttcp-r: connect to 54.197.223.49 with RTT=53.792 ms af=inet
[2024-11-06T10:33:25.067210-0600] nuttcp-r: send window size = 2097152, receive window size = 6291456
[2024-11-06T10:33:25.067318-0600] nuttcp-r: available send window = 1572864, available receive window = 4718592
[2024-11-06T10:33:25.067422-0600]     0.3750 MB /   0.50 sec =    6.2902 Mbps     0 retrans     13 KB-cwnd
[2024-11-06T10:33:25.565627-0600]     3.0625 MB /   0.50 sec =   51.3718 Mbps     0 retrans     13 KB-cwnd
[2024-11-06T10:33:26.065417-0600]     2.1875 MB /   0.50 sec =   36.7082 Mbps     0 retrans     13 KB-cwnd
[2024-11-06T10:33:26.565833-0600]     3.4375 MB /   0.50 sec =   57.6636 Mbps     0 retrans     13 KB-cwnd
[2024-11-06T10:33:27.065569-0600]     4.5000 MB /   0.50 sec =   75.5138 Mbps     0 retrans     13 KB-cwnd
[2024-11-06T10:33:27.565429-0600]     2.5000 MB /   0.50 sec =   41.9413 Mbps     0 retrans     13 KB-cwnd
[2024-11-06T10:33:28.065479-0600]     1.0000 MB /   0.50 sec =   16.7776 Mbps     0 retrans     13 KB-cwnd
[2024-11-06T10:33:28.565466-0600]     6.3125 MB /   0.50 sec =  105.8986 Mbps     0 retrans     13 KB-cwnd
[2024-11-06T10:33:29.065462-0600]     5.3750 MB /   0.50 sec =   90.1790 Mbps     0 retrans     13 KB-cwnd
[2024-11-06T10:33:29.565383-0600]     7.5000 MB /   0.50 sec =  125.8357 Mbps     0 retrans     13 KB-cwnd
[2024-11-06T10:33:30.065727-0600]     7.3125 MB /   0.50 sec =  122.6743 Mbps     0 retrans     13 KB-cwnd
[2024-11-06T10:33:30.565606-0600]     8.5000 MB /   0.50 sec =  142.6200 Mbps     0 retrans     13 KB-cwnd
[2024-11-06T10:33:31.065473-0600]     6.6875 MB /   0.50 sec =  112.1918 Mbps     0 retrans     13 KB-cwnd
[2024-11-06T10:33:31.565347-0600]     9.5625 MB /   0.50 sec =  160.4414 Mbps     0 retrans     13 KB-cwnd
[2024-11-06T10:33:32.065427-0600]     9.7500 MB /   0.50 sec =  163.5749 Mbps     0 retrans     13 KB-cwnd
[2024-11-06T10:33:32.565419-0600]     8.6875 MB /   0.50 sec =  145.7422 Mbps     0 retrans     13 KB-cwnd
[2024-11-06T10:33:33.065388-0600]    10.1250 MB /   0.50 sec =  169.8720 Mbps     0 retrans     13 KB-cwnd
[2024-11-06T10:33:33.565441-0600]     9.0625 MB /   0.50 sec =  152.0490 Mbps     0 retrans     13 KB-cwnd
[2024-11-06T10:33:34.065455-0600]     9.5000 MB /   0.50 sec =  159.3737 Mbps     0 retrans     13 KB-cwnd
[2024-11-06T10:33:34.566078-0600]     9.3125 MB /   0.50 sec =  156.1123 Mbps     0 retrans     13 KB-cwnd
[2024-11-06T10:33:35.065514-0600]     9.6250 MB /   0.50 sec =  161.5977 Mbps     0 retrans     13 KB-cwnd
[2024-11-06T10:33:35.565442-0600]    10.1250 MB /   0.50 sec =  169.8907 Mbps     0 retrans     13 KB-cwnd
[2024-11-06T10:33:36.065470-0600]     8.3125 MB /   0.50 sec =  139.4534 Mbps     0 retrans     13 KB-cwnd
[2024-11-06T10:33:36.565603-0600]     9.6250 MB /   0.50 sec =  161.4207 Mbps     0 retrans     13 KB-cwnd
[2024-11-06T10:33:37.066083-0600]     8.1875 MB /   0.50 sec =  137.2940 Mbps     0 retrans     13 KB-cwnd
[2024-11-06T10:33:37.565525-0600]     8.8125 MB /   0.50 sec =  147.9714 Mbps     0 retrans     13 KB-cwnd
[2024-11-06T10:33:38.066655-0600]     5.9375 MB /   0.50 sec =   99.3966 Mbps     0 retrans     13 KB-cwnd
[2024-11-06T10:33:38.566550-0600]     5.4375 MB /   0.50 sec =   91.2524 Mbps     0 retrans     15 KB-cwnd
[2024-11-06T10:33:39.066318-0600]     0.7500 MB /   0.50 sec =   12.5880 Mbps     0 retrans     15 KB-cwnd
[2024-11-06T10:33:39.565471-0600]     8.3750 MB /   0.50 sec =  140.7349 Mbps     0 retrans     15 KB-cwnd
[2024-11-06T10:33:40.065582-0600]     9.0625 MB /   0.50 sec =  152.0441 Mbps     0 retrans     26 KB-cwnd
[2024-11-06T10:33:40.565484-0600]    12.8125 MB /   0.50 sec =  214.9340 Mbps     0 retrans     26 KB-cwnd
[2024-11-06T10:33:41.065590-0600]    14.5000 MB /   0.50 sec =  243.2020 Mbps     0 retrans     26 KB-cwnd
[2024-11-06T10:33:41.565522-0600]    17.6250 MB /   0.50 sec =  295.7895 Mbps     0 retrans     26 KB-cwnd
[2024-11-06T10:33:42.065480-0600]    15.5625 MB /   0.50 sec =  261.1127 Mbps     0 retrans     26 KB-cwnd
[2024-11-06T10:33:42.565442-0600]    13.3125 MB /   0.50 sec =  223.3503 Mbps     0 retrans     26 KB-cwnd
[2024-11-06T10:33:43.065403-0600]    13.5625 MB /   0.50 sec =  227.5433 Mbps     0 retrans     26 KB-cwnd
[2024-11-06T10:33:43.565521-0600]    17.1250 MB /   0.50 sec =  287.2731 Mbps     0 retrans     26 KB-cwnd
[2024-11-06T10:33:44.065504-0600]    19.3125 MB /   0.50 sec =  324.0515 Mbps     0 retrans     27 KB-cwnd
[2024-11-06T10:33:44.565479-0600]    17.0000 MB /   0.50 sec =  285.2064 Mbps     0 retrans     27 KB-cwnd
[2024-11-06T10:33:45.065490-0600]    15.5625 MB /   0.50 sec =  261.0818 Mbps     0 retrans     27 KB-cwnd
[2024-11-06T10:33:45.565443-0600]    14.1250 MB /   0.50 sec =  236.9948 Mbps     0 retrans     29 KB-cwnd
[2024-11-06T10:33:46.066533-0600]    15.1250 MB /   0.50 sec =  253.2929 Mbps     0 retrans     39 KB-cwnd
[2024-11-06T10:33:46.565468-0600]    20.6250 MB /   0.50 sec =  346.6575 Mbps     0 retrans     39 KB-cwnd
[2024-11-06T10:33:47.065612-0600]    13.8125 MB /   0.50 sec =  231.7200 Mbps   162 retrans   3444 KB-cwnd
[2024-11-06T10:33:47.565673-0600]    17.3125 MB /   0.50 sec =  290.3644 Mbps     0 retrans   3444 KB-cwnd
[2024-11-06T10:33:48.065438-0600]    14.5625 MB /   0.50 sec =  244.4155 Mbps     0 retrans   3444 KB-cwnd
[2024-11-06T10:33:48.565376-0600]    13.6875 MB /   0.50 sec =  229.6464 Mbps     0 retrans   3444 KB-cwnd
[2024-11-06T10:33:49.065831-0600]    14.6875 MB /   0.50 sec =  246.2154 Mbps     0 retrans   3444 KB-cwnd
[2024-11-06T10:33:49.565481-0600]     9.1875 MB /   0.50 sec =  154.2548 Mbps     0 retrans   3456 KB-cwnd
[2024-11-06T10:33:50.065517-0600]     6.3125 MB /   0.50 sec =  105.9091 Mbps     0 retrans   3456 KB-cwnd
[2024-11-06T10:33:50.565995-0600]    12.1250 MB /   0.50 sec =  203.3164 Mbps     0 retrans   3463 KB-cwnd
[2024-11-06T10:33:51.065883-0600]    10.9375 MB /   0.50 sec =  183.4480 Mbps     0 retrans   3463 KB-cwnd
[2024-11-06T10:33:51.565540-0600]    11.9375 MB /   0.50 sec =  200.4167 Mbps     0 retrans   3428 KB-cwnd
[2024-11-06T10:33:52.065602-0600]     5.7500 MB /   0.50 sec =   96.4783 Mbps     0 retrans   3428 KB-cwnd
[2024-11-06T10:33:52.566742-0600]     3.4375 MB /   0.50 sec =   57.5308 Mbps     0 retrans   3428 KB-cwnd
[2024-11-06T10:33:53.065484-0600]     3.3750 MB /   0.50 sec =   56.7631 Mbps     0 retrans   3428 KB-cwnd
[2024-11-06T10:33:53.565495-0600]     2.2500 MB /   0.50 sec =   37.7468 Mbps     0 retrans   3428 KB-cwnd
[2024-11-06T10:33:54.065440-0600]     2.8750 MB /   0.50 sec =   48.2374 Mbps     0 retrans   3428 KB-cwnd
[2024-11-06T10:33:54.565474-0600]     2.1250 MB /   0.50 sec =   35.6515 Mbps   159 retrans   6116 KB-cwnd
[2024-11-06T10:33:55.065444-0600]     2.1875 MB /   0.50 sec =   36.7000 Mbps     0 retrans   6116 KB-cwnd
[2024-11-06T10:33:55.566709-0600]     3.1250 MB /   0.50 sec =   52.3085 Mbps     0 retrans   6116 KB-cwnd
[2024-11-06T10:33:56.065465-0600]     3.5000 MB /   0.50 sec =   58.8557 Mbps     0 retrans   6116 KB-cwnd
[2024-11-06T10:33:56.566477-0600]     0.0625 MB /   0.50 sec =    1.0465 Mbps     0 retrans   6116 KB-cwnd
[2024-11-06T10:33:57.065773-0600]     1.0625 MB /   0.50 sec =   17.8540 Mbps     0 retrans   6116 KB-cwnd
[2024-11-06T10:33:57.565700-0600]     7.2500 MB /   0.50 sec =  121.6640 Mbps     0 retrans   6116 KB-cwnd
[2024-11-06T10:33:58.065458-0600]     5.8750 MB /   0.50 sec =   98.5792 Mbps     0 retrans   6116 KB-cwnd
[2024-11-06T10:33:58.565476-0600]     7.3750 MB /   0.50 sec =  123.7300 Mbps     0 retrans   6116 KB-cwnd
[2024-11-06T10:33:59.065454-0600]     8.9375 MB /   0.50 sec =  149.9509 Mbps     0 retrans   6116 KB-cwnd
[2024-11-06T10:33:59.565467-0600]    11.8125 MB /   0.50 sec =  198.1797 Mbps     0 retrans   6116 KB-cwnd
[2024-11-06T10:34:00.065514-0600]    12.5000 MB /   0.50 sec =  209.6930 Mbps     0 retrans   6116 KB-cwnd
[2024-11-06T10:34:00.565907-0600]    12.2500 MB /   0.50 sec =  205.4387 Mbps     0 retrans   6116 KB-cwnd
[2024-11-06T10:34:01.065801-0600]    13.0000 MB /   0.50 sec =  218.0650 Mbps     0 retrans   5418 KB-cwnd
[2024-11-06T10:34:01.565654-0600]    13.1875 MB /   0.50 sec =  221.4005 Mbps     0 retrans   5418 KB-cwnd
[2024-11-06T10:34:02.065447-0600]    12.0625 MB /   0.50 sec =  202.3764 Mbps     0 retrans   5418 KB-cwnd
[2024-11-06T10:34:02.565454-0600]    18.8750 MB /   0.50 sec =  316.6731 Mbps     0 retrans   5418 KB-cwnd
[2024-11-06T10:34:03.065469-0600]    15.7500 MB /   0.50 sec =  264.2390 Mbps     0 retrans   5157 KB-cwnd
[2024-11-06T10:34:03.565586-0600]    13.3750 MB /   0.50 sec =  224.3544 Mbps     0 retrans   5157 KB-cwnd
[2024-11-06T10:34:04.065561-0600]    16.6875 MB /   0.50 sec =  280.0196 Mbps     0 retrans   5192 KB-cwnd
[2024-11-06T10:34:04.566011-0600]    16.7500 MB /   0.50 sec =  280.7214 Mbps     0 retrans   5192 KB-cwnd
[2024-11-06T10:34:05.065463-0600]    13.5000 MB /   0.50 sec =  226.7296 Mbps     0 retrans   5192 KB-cwnd
[2024-11-06T10:34:05.565509-0600]    17.9375 MB /   0.50 sec =  300.9395 Mbps     0 retrans   5192 KB-cwnd
[2024-11-06T10:34:06.065473-0600]    19.0000 MB /   0.50 sec =  318.7735 Mbps     0 retrans   5192 KB-cwnd
[2024-11-06T10:34:06.565504-0600]    19.9375 MB /   0.50 sec =  334.4870 Mbps     0 retrans   5192 KB-cwnd
[2024-11-06T10:34:07.065518-0600]    15.0625 MB /   0.50 sec =  252.6947 Mbps     0 retrans   5192 KB-cwnd
[2024-11-06T10:34:07.565398-0600]    21.2500 MB /   0.50 sec =  356.5351 Mbps     1 retrans   2775 KB-cwnd
[2024-11-06T10:34:08.065490-0600]    24.2500 MB /   0.50 sec =  406.8491 Mbps     0 retrans   2775 KB-cwnd
[2024-11-06T10:34:08.565488-0600]    11.3750 MB /   0.50 sec =  190.8408 Mbps     0 retrans   2775 KB-cwnd
[2024-11-06T10:34:09.065449-0600]    30.1250 MB /   0.50 sec =  505.4217 Mbps     0 retrans   2781 KB-cwnd
[2024-11-06T10:34:09.565516-0600]    29.7500 MB /   0.50 sec =  499.1591 Mbps     0 retrans   2797 KB-cwnd
[2024-11-06T10:34:10.065597-0600]    27.1875 MB /   0.50 sec =  456.0995 Mbps     0 retrans   2797 KB-cwnd
[2024-11-06T10:34:10.565436-0600]    35.4375 MB /   0.50 sec =  594.5640 Mbps    93 retrans   5804 KB-cwnd
[2024-11-06T10:34:11.065447-0600]    33.8750 MB /   0.50 sec =  568.3089 Mbps     0 retrans   5804 KB-cwnd
[2024-11-06T10:34:11.565527-0600]    31.4375 MB /   0.50 sec =  527.3610 Mbps     0 retrans   5804 KB-cwnd
[2024-11-06T10:34:12.065449-0600]    36.6875 MB /   0.50 sec =  615.6028 Mbps     0 retrans   5804 KB-cwnd
[2024-11-06T10:34:12.565413-0600]    35.5625 MB /   0.50 sec =  596.6672 Mbps     0 retrans   7150 KB-cwnd
[2024-11-06T10:34:13.065612-0600]    35.8750 MB /   0.50 sec =  601.8525 Mbps     0 retrans   7150 KB-cwnd
[2024-11-06T10:34:13.565481-0600]    35.0625 MB /   0.50 sec =  588.2453 Mbps     0 retrans   7150 KB-cwnd
[2024-11-06T10:34:14.065490-0600]    34.2500 MB /   0.50 sec =  574.5840 Mbps     0 retrans   7083 KB-cwnd
[2024-11-06T10:34:14.565437-0600]    35.3750 MB /   0.50 sec =  593.5391 Mbps     0 retrans   7787 KB-cwnd
[2024-11-06T10:34:15.065895-0600]    34.8750 MB /   0.50 sec =  585.0305 Mbps     0 retrans   7789 KB-cwnd
[2024-11-06T10:34:15.565973-0600]    35.5000 MB /   0.50 sec =  595.2400 Mbps     0 retrans   7387 KB-cwnd
[2024-11-06T10:34:16.065473-0600]    30.8750 MB /   0.50 sec =  518.3521 Mbps     0 retrans   7387 KB-cwnd
[2024-11-06T10:34:16.565724-0600]    28.6875 MB /   0.50 sec =  481.2531 Mbps     0 retrans  11194 KB-cwnd
[2024-11-06T10:34:17.065448-0600]    29.4375 MB /   0.50 sec =  493.9386 Mbps     0 retrans  11210 KB-cwnd
[2024-11-06T10:34:17.565460-0600]    26.5625 MB /   0.50 sec =  445.6341 Mbps     0 retrans  11210 KB-cwnd
[2024-11-06T10:34:18.065560-0600]    24.0000 MB /   0.50 sec =  402.5920 Mbps     0 retrans  11210 KB-cwnd
[2024-11-06T10:34:18.565432-0600]    25.1875 MB /   0.50 sec =  422.6514 Mbps     0 retrans  11210 KB-cwnd
[2024-11-06T10:34:19.065600-0600]    23.0625 MB /   0.50 sec =  386.8348 Mbps     0 retrans  11210 KB-cwnd
[2024-11-06T10:34:19.565674-0600]    22.5625 MB /   0.50 sec =  378.6056 Mbps     0 retrans  10669 KB-cwnd
[2024-11-06T10:34:20.065482-0600]    23.1250 MB /   0.50 sec =  387.9786 Mbps     0 retrans  10669 KB-cwnd
[2024-11-06T10:34:20.565593-0600]    20.3750 MB /   0.50 sec =  341.8563 Mbps     0 retrans  10837 KB-cwnd
[2024-11-06T10:34:21.066746-0600]    17.0625 MB /   0.50 sec =  285.5274 Mbps     0 retrans  10837 KB-cwnd
[2024-11-06T10:34:21.565507-0600]     5.9375 MB /   0.50 sec =   99.8544 Mbps     0 retrans  10837 KB-cwnd
[2024-11-06T10:34:22.065469-0600]    17.8125 MB /   0.50 sec =  298.8818 Mbps     0 retrans  10837 KB-cwnd
[2024-11-06T10:34:22.565440-0600]    16.8125 MB /   0.50 sec =  282.0703 Mbps     0 retrans  11071 KB-cwnd
[2024-11-06T10:34:23.065466-0600]    13.0000 MB /   0.50 sec =  218.1016 Mbps     0 retrans  11071 KB-cwnd
[2024-11-06T10:34:23.565452-0600]    16.7500 MB /   0.50 sec =  281.0167 Mbps     0 retrans  11109 KB-cwnd
[2024-11-06T10:34:24.065503-0600]    16.3750 MB /   0.50 sec =  274.6983 Mbps     0 retrans   8034 KB-cwnd
[2024-11-06T10:34:24.565649-0600]     8.9375 MB /   0.50 sec =  149.9089 Mbps     0 retrans   8034 KB-cwnd
[2024-11-06T10:34:25.065721-0600]    11.5000 MB /   0.50 sec =  192.9970 Mbps     0 retrans   8034 KB-cwnd
[2024-11-06T10:34:25.565466-0600]    21.2500 MB /   0.50 sec =  356.5265 Mbps     0 retrans   8037 KB-cwnd
[2024-11-06T10:34:26.065463-0600]    19.1875 MB /   0.50 sec =  321.9167 Mbps     0 retrans   8037 KB-cwnd
[2024-11-06T10:34:26.565484-0600]    22.1875 MB /   0.50 sec =  372.2452 Mbps     0 retrans   8002 KB-cwnd
[2024-11-06T10:34:27.065457-0600]    20.1250 MB /   0.50 sec =  337.6408 Mbps     0 retrans   8002 KB-cwnd
[2024-11-06T10:34:27.565491-0600]    23.7500 MB /   0.50 sec =  398.4684 Mbps     0 retrans   8002 KB-cwnd
[2024-11-06T10:34:28.065490-0600]    17.8125 MB /   0.50 sec =  298.8232 Mbps     0 retrans   7795 KB-cwnd
[2024-11-06T10:34:28.565627-0600]    21.0000 MB /   0.50 sec =  352.3300 Mbps     0 retrans   7795 KB-cwnd
[2024-11-06T10:34:29.065456-0600]    20.0625 MB /   0.50 sec =  336.6057 Mbps     0 retrans   7795 KB-cwnd
[2024-11-06T10:34:29.565467-0600]    17.0000 MB /   0.50 sec =  285.2184 Mbps     0 retrans   7795 KB-cwnd
[2024-11-06T10:34:30.065475-0600]    19.4375 MB /   0.50 sec =  326.0947 Mbps     0 retrans   7795 KB-cwnd
[2024-11-06T10:34:30.565456-0600]    18.3750 MB /   0.50 sec =  308.2887 Mbps     0 retrans   7795 KB-cwnd
[2024-11-06T10:34:31.065683-0600]    18.3750 MB /   0.50 sec =  308.1513 Mbps     0 retrans   7795 KB-cwnd
[2024-11-06T10:34:31.565584-0600]    21.1250 MB /   0.50 sec =  354.5726 Mbps     0 retrans   5770 KB-cwnd
[2024-11-06T10:34:32.065477-0600]    20.8750 MB /   0.50 sec =  350.2013 Mbps     0 retrans   5770 KB-cwnd
[2024-11-06T10:34:32.565500-0600]    20.6875 MB /   0.50 sec =  347.0814 Mbps     0 retrans   5770 KB-cwnd
[2024-11-06T10:34:33.065493-0600]    19.8750 MB /   0.50 sec =  333.4498 Mbps     0 retrans   5770 KB-cwnd
[2024-11-06T10:34:33.565457-0600]    18.1875 MB /   0.50 sec =  305.1411 Mbps     0 retrans   5770 KB-cwnd
[2024-11-06T10:34:34.065693-0600]    18.0000 MB /   0.50 sec =  301.8885 Mbps     0 retrans   5770 KB-cwnd
[2024-11-06T10:34:34.566835-0600]    14.1875 MB /   0.50 sec =  237.5649 Mbps     0 retrans   5770 KB-cwnd
[2024-11-06T10:34:35.065482-0600]    15.5625 MB /   0.50 sec =  261.6863 Mbps     0 retrans   5770 KB-cwnd
[2024-11-06T10:34:35.565450-0600]    14.6250 MB /   0.50 sec =  245.3746 Mbps    75 retrans   7789 KB-cwnd
[2024-11-06T10:34:36.065601-0600]    18.3125 MB /   0.50 sec =  307.2358 Mbps     0 retrans   7789 KB-cwnd
[2024-11-06T10:34:36.565511-0600]    20.0000 MB /   0.50 sec =  335.5343 Mbps     0 retrans   7789 KB-cwnd
[2024-11-06T10:34:37.065554-0600]    17.6875 MB /   0.50 sec =  296.7767 Mbps     0 retrans   7789 KB-cwnd
[2024-11-06T10:34:37.565513-0600]    21.3750 MB /   0.50 sec =  358.5427 Mbps     0 retrans   7789 KB-cwnd
[2024-11-06T10:34:38.065612-0600]    25.1875 MB /   0.50 sec =  422.6057 Mbps     0 retrans   7789 KB-cwnd
[2024-11-06T10:34:38.565456-0600]    22.5000 MB /   0.50 sec =  377.5017 Mbps     0 retrans   7789 KB-cwnd
[2024-11-06T10:34:39.065453-0600]    23.9375 MB /   0.50 sec =  401.6094 Mbps     0 retrans   6447 KB-cwnd
[2024-11-06T10:34:39.565519-0600]    16.0625 MB /   0.50 sec =  269.4528 Mbps     0 retrans   6447 KB-cwnd
[2024-11-06T10:34:40.065456-0600]    17.8125 MB /   0.50 sec =  298.8734 Mbps     0 retrans   6447 KB-cwnd
[2024-11-06T10:34:40.565506-0600]    25.1250 MB /   0.50 sec =  421.5233 Mbps     0 retrans   6481 KB-cwnd
[2024-11-06T10:34:41.065746-0600]    27.5000 MB /   0.50 sec =  461.2701 Mbps     0 retrans   6481 KB-cwnd
[2024-11-06T10:34:41.565780-0600]    27.6250 MB /   0.50 sec =  463.3714 Mbps     0 retrans   6052 KB-cwnd
[2024-11-06T10:34:42.065871-0600]    11.6875 MB /   0.50 sec =  196.0210 Mbps     0 retrans   6084 KB-cwnd
[2024-11-06T10:34:42.565417-0600]    15.3750 MB /   0.50 sec =  258.1449 Mbps     0 retrans   5024 KB-cwnd
[2024-11-06T10:34:43.065463-0600]    19.2500 MB /   0.50 sec =  322.9705 Mbps     0 retrans   5024 KB-cwnd
[2024-11-06T10:34:43.566602-0600]    22.2500 MB /   0.50 sec =  372.4640 Mbps     0 retrans   5024 KB-cwnd
[2024-11-06T10:34:44.065456-0600]    22.9375 MB /   0.50 sec =  385.6790 Mbps     0 retrans   5024 KB-cwnd
[2024-11-06T10:34:44.565495-0600]    22.5625 MB /   0.50 sec =  378.5314 Mbps     0 retrans   5024 KB-cwnd
[2024-11-06T10:34:45.065507-0600]    19.2500 MB /   0.50 sec =  322.9543 Mbps     0 retrans   5024 KB-cwnd
[2024-11-06T10:34:45.565606-0600]    22.0625 MB /   0.50 sec =  370.0837 Mbps     0 retrans   5024 KB-cwnd
[2024-11-06T10:34:46.065608-0600]    25.9375 MB /   0.50 sec =  435.2504 Mbps     0 retrans   8026 KB-cwnd
[2024-11-06T10:34:46.565617-0600]    21.8750 MB /   0.50 sec =  366.9612 Mbps     0 retrans   8026 KB-cwnd
[2024-11-06T10:34:47.066472-0600]    21.6250 MB /   0.50 sec =  362.1778 Mbps     0 retrans   8026 KB-cwnd
[2024-11-06T10:34:47.566847-0600]    17.7500 MB /   0.50 sec =  297.6533 Mbps     0 retrans   8026 KB-cwnd
[2024-11-06T10:34:48.065446-0600]    14.6875 MB /   0.50 sec =  246.9899 Mbps     0 retrans   8026 KB-cwnd
[2024-11-06T10:34:48.565469-0600]    16.8750 MB /   0.50 sec =  283.1189 Mbps     0 retrans   8026 KB-cwnd
[2024-11-06T10:34:49.065762-0600]    21.4375 MB /   0.50 sec =  359.5206 Mbps     0 retrans   8026 KB-cwnd
[2024-11-06T10:34:49.566226-0600]    19.5625 MB /   0.50 sec =  327.8902 Mbps     0 retrans   8309 KB-cwnd
[2024-11-06T10:34:50.065485-0600]    22.8125 MB /   0.50 sec =  383.2430 Mbps     0 retrans   8309 KB-cwnd
[2024-11-06T10:34:50.565671-0600]    26.6875 MB /   0.50 sec =  447.5934 Mbps     0 retrans   8309 KB-cwnd
[2024-11-06T10:34:51.065462-0600]    25.0000 MB /   0.50 sec =  419.5731 Mbps     0 retrans   8309 KB-cwnd
[2024-11-06T10:34:51.565529-0600]    28.1875 MB /   0.50 sec =  472.8662 Mbps     0 retrans   8309 KB-cwnd
[2024-11-06T10:34:52.065439-0600]    24.4375 MB /   0.50 sec =  410.0367 Mbps     0 retrans   8309 KB-cwnd
[2024-11-06T10:34:52.565444-0600]    27.8125 MB /   0.50 sec =  466.6098 Mbps     0 retrans   6843 KB-cwnd
[2024-11-06T10:34:53.065591-0600]    28.2500 MB /   0.50 sec =  473.9601 Mbps     0 retrans   6843 KB-cwnd
[2024-11-06T10:34:53.565499-0600]    26.6250 MB /   0.50 sec =  446.6603 Mbps     0 retrans   6843 KB-cwnd
[2024-11-06T10:34:54.066283-0600]    25.6875 MB /   0.50 sec =  430.3279 Mbps     0 retrans   6843 KB-cwnd
[2024-11-06T10:34:54.565683-0600]    30.6875 MB /   0.50 sec =  515.5014 Mbps     0 retrans   6843 KB-cwnd
[2024-11-06T10:34:55.065804-0600]    29.7500 MB /   0.50 sec =  498.9246 Mbps     0 retrans   7390 KB-cwnd
[2024-11-06T10:34:55.565459-0600]    33.0000 MB /   0.50 sec =  554.0215 Mbps     0 retrans   7390 KB-cwnd
[2024-11-06T10:34:56.065467-0600]    33.0000 MB /   0.50 sec =  553.6382 Mbps     0 retrans   7424 KB-cwnd
[2024-11-06T10:34:56.565429-0600]    32.8750 MB /   0.50 sec =  551.5741 Mbps     0 retrans   7424 KB-cwnd
[2024-11-06T10:34:57.065467-0600]    38.6875 MB /   0.50 sec =  649.0530 Mbps     0 retrans   8642 KB-cwnd
[2024-11-06T10:34:57.565557-0600]    33.1250 MB /   0.50 sec =  555.7486 Mbps     0 retrans   8599 KB-cwnd
[2024-11-06T10:34:58.065457-0600]    34.2500 MB /   0.50 sec =  574.6208 Mbps     0 retrans   8146 KB-cwnd
[2024-11-06T10:34:58.565656-0600]    37.0625 MB /   0.50 sec =  621.5569 Mbps     0 retrans   8146 KB-cwnd
[2024-11-06T10:34:59.065460-0600]    22.1875 MB /   0.50 sec =  372.3830 Mbps     0 retrans   9947 KB-cwnd
[2024-11-06T10:34:59.565430-0600]    28.6875 MB /   0.50 sec =  481.3214 Mbps     0 retrans   9947 KB-cwnd
[2024-11-06T10:35:00.065701-0600]    34.0000 MB /   0.50 sec =  570.2189 Mbps     0 retrans   9951 KB-cwnd
[2024-11-06T10:35:00.565989-0600]    35.4375 MB /   0.50 sec =  594.1837 Mbps     0 retrans  10022 KB-cwnd
[2024-11-06T10:35:01.065403-0600]    34.8125 MB /   0.50 sec =  584.6368 Mbps     0 retrans  10022 KB-cwnd
[2024-11-06T10:35:01.565575-0600]    36.6250 MB /   0.50 sec =  614.4176 Mbps     0 retrans  10555 KB-cwnd
[2024-11-06T10:35:02.065512-0600]    38.6875 MB /   0.50 sec =  649.0698 Mbps     0 retrans  10555 KB-cwnd
[2024-11-06T10:35:02.565610-0600]    34.3125 MB /   0.50 sec =  575.7281 Mbps     0 retrans  10555 KB-cwnd
[2024-11-06T10:35:03.065463-0600]    32.3125 MB /   0.50 sec =  542.0628 Mbps     0 retrans  10555 KB-cwnd
[2024-11-06T10:35:03.565477-0600]    32.0625 MB /   0.50 sec =  537.9259 Mbps     0 retrans   8647 KB-cwnd
[2024-11-06T10:35:04.065514-0600]    26.6875 MB /   0.50 sec =  447.6927 Mbps     0 retrans   8650 KB-cwnd
[2024-11-06T10:35:04.565627-0600]    21.6250 MB /   0.50 sec =  362.8269 Mbps     0 retrans   8650 KB-cwnd
[2024-11-06T10:35:05.065628-0600]    21.5625 MB /   0.50 sec =  361.6538 Mbps     0 retrans   8650 KB-cwnd
[2024-11-06T10:35:05.565561-0600]    25.8750 MB /   0.50 sec =  434.2903 Mbps     0 retrans   8650 KB-cwnd
[2024-11-06T10:35:06.065461-0600]    23.6250 MB /   0.50 sec =  396.3364 Mbps     0 retrans   8650 KB-cwnd
[2024-11-06T10:35:06.565491-0600]    28.7500 MB /   0.50 sec =  482.3469 Mbps     0 retrans  10371 KB-cwnd
[2024-11-06T10:35:07.065620-0600]    28.9375 MB /   0.50 sec =  485.4752 Mbps     0 retrans  10368 KB-cwnd
[2024-11-06T10:35:07.565486-0600]    30.9375 MB /   0.50 sec =  519.0576 Mbps     0 retrans  10368 KB-cwnd
[2024-11-06T10:35:08.065460-0600]    27.8125 MB /   0.50 sec =  466.6173 Mbps     0 retrans  10368 KB-cwnd
[2024-11-06T10:35:08.565486-0600]    31.5625 MB /   0.50 sec =  529.5235 Mbps   351 retrans   8924 KB-cwnd
[2024-11-06T10:35:09.065536-0600]    31.5625 MB /   0.50 sec =  529.5404 Mbps     0 retrans   8924 KB-cwnd
[2024-11-06T10:35:09.565469-0600]    15.3125 MB /   0.50 sec =  256.8986 Mbps     0 retrans   8924 KB-cwnd
[2024-11-06T10:35:10.065514-0600]    31.2500 MB /   0.50 sec =  524.2387 Mbps     0 retrans   8924 KB-cwnd
[2024-11-06T10:35:10.565463-0600]    31.8125 MB /   0.50 sec =  533.7658 Mbps     0 retrans   8924 KB-cwnd
[2024-11-06T10:35:11.065651-0600]    32.6875 MB /   0.50 sec =  548.4195 Mbps     0 retrans   8924 KB-cwnd
[2024-11-06T10:35:11.565505-0600]    30.0000 MB /   0.50 sec =  503.3135 Mbps  1303 retrans   6492 KB-cwnd
[2024-11-06T10:35:12.065436-0600]    27.6250 MB /   0.50 sec =  463.4752 Mbps     0 retrans   6492 KB-cwnd
[2024-11-06T10:35:12.565466-0600]    31.3125 MB /   0.50 sec =  525.3408 Mbps     0 retrans   6505 KB-cwnd
[2024-11-06T10:35:13.065459-0600]    28.8125 MB /   0.50 sec =  483.3887 Mbps     0 retrans   6505 KB-cwnd
[2024-11-06T10:35:13.565676-0600]    29.9375 MB /   0.50 sec =  502.2599 Mbps     0 retrans   9201 KB-cwnd
[2024-11-06T10:35:14.065449-0600]    27.6250 MB /   0.50 sec =  463.4845 Mbps     0 retrans   9201 KB-cwnd
[2024-11-06T10:35:14.565448-0600]    32.1875 MB /   0.50 sec =  540.0102 Mbps     0 retrans   9361 KB-cwnd
[2024-11-06T10:35:15.065513-0600]    29.7500 MB /   0.50 sec =  499.1022 Mbps     0 retrans   9361 KB-cwnd
[2024-11-06T10:35:15.565487-0600]    33.8125 MB /   0.50 sec =  567.2717 Mbps     0 retrans   9361 KB-cwnd
[2024-11-06T10:35:16.065998-0600]    31.7500 MB /   0.50 sec =  532.2444 Mbps     0 retrans   8471 KB-cwnd
[2024-11-06T10:35:16.565889-0600]    32.7500 MB /   0.50 sec =  549.7111 Mbps     0 retrans   8471 KB-cwnd
[2024-11-06T10:35:17.065450-0600]    32.3750 MB /   0.50 sec =  543.3830 Mbps     0 retrans   8471 KB-cwnd
[2024-11-06T10:35:17.565527-0600]    32.3125 MB /   0.50 sec =  542.0390 Mbps     0 retrans   8471 KB-cwnd
[2024-11-06T10:35:18.065601-0600]    31.4375 MB /   0.50 sec =  527.5107 Mbps     0 retrans   8471 KB-cwnd
[2024-11-06T10:35:18.565486-0600]    35.3750 MB /   0.50 sec =  593.4833 Mbps     0 retrans   7717 KB-cwnd
[2024-11-06T10:35:19.065959-0600]    29.1250 MB /   0.50 sec =  488.6130 Mbps     0 retrans   7717 KB-cwnd
[2024-11-06T10:35:19.565488-0600]    26.8125 MB /   0.50 sec =  449.8535 Mbps     0 retrans   7717 KB-cwnd
[2024-11-06T10:35:20.065438-0600]    15.5000 MB /   0.50 sec =  260.0541 Mbps     0 retrans   7717 KB-cwnd
[2024-11-06T10:35:20.565479-0600]    32.1250 MB /   0.50 sec =  538.9573 Mbps     0 retrans   7717 KB-cwnd
[2024-11-06T10:35:21.065465-0600]    31.0000 MB /   0.50 sec =  520.0979 Mbps     0 retrans   8543 KB-cwnd
[2024-11-06T10:35:21.565464-0600]    27.5625 MB /   0.50 sec =  462.4183 Mbps     0 retrans   8543 KB-cwnd
[2024-11-06T10:35:22.065678-0600]    27.0000 MB /   0.50 sec =  452.7431 Mbps     0 retrans   8543 KB-cwnd
[2024-11-06T10:35:22.565920-0600]    27.8750 MB /   0.50 sec =  467.5116 Mbps     0 retrans   8543 KB-cwnd
[2024-11-06T10:35:23.065488-0600]    31.7500 MB /   0.50 sec =  533.1468 Mbps     0 retrans   8543 KB-cwnd
[2024-11-06T10:35:23.565478-0600]    32.9375 MB /   0.50 sec =  552.5951 Mbps     0 retrans  10027 KB-cwnd
[2024-11-06T10:35:24.065566-0600]    32.2500 MB /   0.50 sec =  541.0695 Mbps     0 retrans  10027 KB-cwnd
[2024-11-06T10:35:24.566001-0600]    28.7500 MB /   0.50 sec =  481.8621 Mbps     0 retrans  10027 KB-cwnd
[2024-11-06T10:35:25.065496-0600]    27.7500 MB /   0.50 sec =  466.0095 Mbps     0 retrans  10027 KB-cwnd
End time: 1730910925195
