Start time: 1745175737258
Connecting to host 34.86.116.81, port 5209
Reverse mode, remote host 34.86.116.81 is sending
[  5] local 192.0.0.2 port 60266 connected to 34.86.116.81 port 5209
[ ID] Interval           Transfer     Bitrate
[  5]   0.00-0.11   sec  40.0 KBytes  3.06 Mbits/sec                  
[  5]   0.11-0.20   sec   125 KBytes  11.0 Mbits/sec                  
[  5]   0.20-0.30   sec   500 KBytes  40.9 Mbits/sec                  
[  5]   0.30-0.40   sec   677 KBytes  55.4 Mbits/sec                  
[  5]   0.40-0.50   sec   594 KBytes  48.7 Mbits/sec                  
[  5]   0.50-0.60   sec   738 KBytes  60.4 Mbits/sec                  
[  5]   0.60-0.70   sec  1.54 MBytes   130 Mbits/sec                  
[  5]   0.70-0.80   sec   863 KBytes  70.7 Mbits/sec                  
[  5]   0.80-0.90   sec  1.13 MBytes  94.7 Mbits/sec                  
[  5]   0.90-1.00   sec   830 KBytes  68.0 Mbits/sec                  
[  5]   1.00-1.10   sec  1.92 MBytes   161 Mbits/sec                  
[  5]   1.10-1.20   sec  1.04 MBytes  87.6 Mbits/sec                  
[  5]   1.20-1.30   sec  1.10 MBytes  92.3 Mbits/sec                  
[  5]   1.30-1.40   sec  1.49 MBytes   125 Mbits/sec                  
[  5]   1.40-1.50   sec  1.61 MBytes   135 Mbits/sec                  
[  5]   1.50-1.60   sec  1.86 MBytes   156 Mbits/sec                  
[  5]   1.60-1.70   sec  1.41 MBytes   119 Mbits/sec                  
[  5]   1.70-1.80   sec  2.08 MBytes   175 Mbits/sec                  
[  5]   1.80-1.90   sec  2.08 MBytes   174 Mbits/sec                  
[  5]   1.90-2.00   sec  1.38 MBytes   116 Mbits/sec                  
[  5]   2.00-2.10   sec  1.68 MBytes   141 Mbits/sec                  
[  5]   2.10-2.20   sec  1.51 MBytes   127 Mbits/sec                  
[  5]   2.20-2.30   sec  2.56 MBytes   215 Mbits/sec                  
[  5]   2.30-2.40   sec  2.06 MBytes   173 Mbits/sec                  
[  5]   2.40-2.50   sec  2.04 MBytes   171 Mbits/sec                  
[  5]   2.50-2.60   sec  1.57 MBytes   131 Mbits/sec                  
[  5]   2.60-2.70   sec  1.91 MBytes   160 Mbits/sec                  
[  5]   2.70-2.80   sec  2.03 MBytes   171 Mbits/sec                  
[  5]   2.80-2.90   sec  1.21 MBytes   101 Mbits/sec                  
[  5]   2.90-3.00   sec  2.13 MBytes   179 Mbits/sec                  
[  5]   3.00-3.10   sec  2.07 MBytes   173 Mbits/sec                  
[  5]   3.10-3.20   sec  1.94 MBytes   163 Mbits/sec                  
[  5]   3.20-3.30   sec  1.77 MBytes   149 Mbits/sec                  
[  5]   3.30-3.40   sec  1.93 MBytes   162 Mbits/sec                  
[  5]   3.40-3.50   sec  1.21 MBytes   101 Mbits/sec                  
[  5]   3.50-3.60   sec  1.56 MBytes   131 Mbits/sec                  
[  5]   3.60-3.70   sec  1023 KBytes  83.8 Mbits/sec                  
[  5]   3.70-3.80   sec   938 KBytes  76.8 Mbits/sec                  
[  5]   3.80-3.90   sec   605 KBytes  49.5 Mbits/sec                  
[  5]   3.90-4.00   sec  1.16 MBytes  97.3 Mbits/sec                  
[  5]   4.00-4.10   sec   539 KBytes  44.1 Mbits/sec                  
[  5]   4.10-4.20   sec   819 KBytes  67.2 Mbits/sec                  
[  5]   4.20-4.30   sec  1.13 MBytes  94.6 Mbits/sec                  
[  5]   4.30-4.40   sec  1.15 MBytes  96.3 Mbits/sec                  
[  5]   4.40-4.50   sec   550 KBytes  45.1 Mbits/sec                  
[  5]   4.50-4.60   sec  0.00 Bytes  0.00 bits/sec                  
[  5]   4.60-4.70   sec  1.89 MBytes   159 Mbits/sec                  
[  5]   4.70-4.80   sec   884 KBytes  72.4 Mbits/sec                  
[  5]   4.80-4.90   sec  1.41 MBytes   118 Mbits/sec                  
[  5]   4.90-5.00   sec  2.23 MBytes   187 Mbits/sec                  
- - - - - - - - - - - - - - - - - - - - - - - - -
[ ID] Interval           Transfer     Bitrate         Retr
[  5]   0.00-5.04   sec   345 MBytes   574 Mbits/sec   74             sender
[  5]   0.00-5.00   sec  66.3 MBytes   111 Mbits/sec                  receiver

iperf Done.
End time: 1745175742897
