Start time: 1730746698827
[2024-11-04T11:58:19.664808-0700] nuttcp-r: v8.1.4: socket
[2024-11-04T11:58:19.665717-0700] nuttcp-r: buflen=65536, nstream=1, port=5379 tcp
[2024-11-04T11:58:19.665777-0700] nuttcp-r: interval reporting every 0.50 seconds
[2024-11-04T11:58:19.665812-0700] nuttcp-r: connect to 54.176.53.206 with RTT=45.836 ms af=inet
[2024-11-04T11:58:19.665852-0700] nuttcp-r: send window size = 2097152, receive window size = 6291456
[2024-11-04T11:58:19.665882-0700] nuttcp-r: available send window = 1572864, available receive window = 4718592
[2024-11-04T11:58:19.665910-0700]     1.2500 MB /   0.50 sec =   20.9659 Mbps     0 retrans
[2024-11-04T11:58:20.164725-0700]    28.5000 MB /   0.50 sec =  478.2128 Mbps     0 retrans
[2024-11-04T11:58:20.664720-0700]    37.8750 MB /   0.50 sec =  635.3697 Mbps     0 retrans
[2024-11-04T11:58:21.164953-0700]    36.3750 MB /   0.50 sec =  610.2322 Mbps     0 retrans
[2024-11-04T11:58:21.664683-0700]    24.7500 MB /   0.50 sec =  415.2535 Mbps     0 retrans
[2024-11-04T11:58:22.164716-0700]    30.5000 MB /   0.50 sec =  511.6979 Mbps     0 retrans
[2024-11-04T11:58:22.664632-0700]    31.2500 MB /   0.50 sec =  524.3803 Mbps     0 retrans
[2024-11-04T11:58:23.164667-0700]    26.2500 MB /   0.50 sec =  440.3482 Mbps     0 retrans
[2024-11-04T11:58:23.664676-0700]    35.3750 MB /   0.50 sec =  593.4750 Mbps     0 retrans
[2024-11-04T11:58:24.164650-0700]    38.1250 MB /   0.50 sec =  639.6851 Mbps     0 retrans
[2024-11-04T11:58:24.664820-0700]    37.1250 MB /   0.50 sec =  622.8467 Mbps     0 retrans
[2024-11-04T11:58:25.164683-0700]    35.3125 MB /   0.50 sec =  592.4371 Mbps     0 retrans
[2024-11-04T11:58:25.664590-0700]    42.3125 MB /   0.50 sec =  709.9229 Mbps     0 retrans
[2024-11-04T11:58:26.164662-0700]    39.4375 MB /   0.50 sec =  661.6462 Mbps     0 retrans
[2024-11-04T11:58:26.664672-0700]    43.6875 MB /   0.50 sec =  732.8901 Mbps     0 retrans
[2024-11-04T11:58:27.164552-0700]    45.9375 MB /   0.50 sec =  770.8344 Mbps     0 retrans
[2024-11-04T11:58:27.664647-0700]    42.3750 MB /   0.50 sec =  710.8421 Mbps     0 retrans
[2024-11-04T11:58:28.164703-0700]    38.1875 MB /   0.50 sec =  640.7158 Mbps     0 retrans
[2024-11-04T11:58:28.664691-0700]    42.1875 MB /   0.50 sec =  707.7364 Mbps     0 retrans
[2024-11-04T11:58:29.164634-0700]    39.5000 MB /   0.50 sec =  662.7477 Mbps     0 retrans
[2024-11-04T11:58:29.664675-0700]    29.0625 MB /   0.50 sec =  487.5371 Mbps     0 retrans
[2024-11-04T11:58:30.164511-0700]    31.9375 MB /   0.50 sec =  535.9027 Mbps     0 retrans
[2024-11-04T11:58:30.664659-0700]    34.1250 MB /   0.50 sec =  572.4778 Mbps     0 retrans
[2024-11-04T11:58:31.164596-0700]    32.8750 MB /   0.50 sec =  551.6315 Mbps     0 retrans
[2024-11-04T11:58:31.664594-0700]    38.1250 MB /   0.50 sec =  639.5866 Mbps     0 retrans
[2024-11-04T11:58:32.164642-0700]    29.2500 MB /   0.50 sec =  490.7022 Mbps     0 retrans
[2024-11-04T11:58:32.664575-0700]    33.8125 MB /   0.50 sec =  567.3205 Mbps     0 retrans
[2024-11-04T11:58:33.164681-0700]    34.1250 MB /   0.50 sec =  572.4675 Mbps     0 retrans
[2024-11-04T11:58:33.664604-0700]    40.4375 MB /   0.50 sec =  678.4545 Mbps     0 retrans
[2024-11-04T11:58:34.164694-0700]    30.7500 MB /   0.50 sec =  515.8653 Mbps     0 retrans
[2024-11-04T11:58:34.664639-0700]    30.1875 MB /   0.50 sec =  506.4875 Mbps     0 retrans
[2024-11-04T11:58:35.164828-0700]    23.9375 MB /   0.50 sec =  401.4689 Mbps     0 retrans
[2024-11-04T11:58:35.664475-0700]    29.1875 MB /   0.50 sec =  489.9153 Mbps     0 retrans
[2024-11-04T11:58:36.164599-0700]    22.1250 MB /   0.50 sec =  371.1610 Mbps     0 retrans
[2024-11-04T11:58:36.664492-0700]    24.1250 MB /   0.50 sec =  404.7908 Mbps     0 retrans
[2024-11-04T11:58:37.164659-0700]    24.1250 MB /   0.50 sec =  404.7066 Mbps     0 retrans
[2024-11-04T11:58:37.664630-0700]    21.8125 MB /   0.50 sec =  365.9377 Mbps     0 retrans
[2024-11-04T11:58:38.164612-0700]    12.1875 MB /   0.50 sec =  204.4580 Mbps     0 retrans
[2024-11-04T11:58:38.664625-0700]    20.6875 MB /   0.50 sec =  347.1134 Mbps     0 retrans
[2024-11-04T11:58:39.164796-0700]    26.6875 MB /   0.50 sec =  447.7169 Mbps     0 retrans
[2024-11-04T11:58:39.664630-0700]    33.6250 MB /   0.50 sec =  564.1711 Mbps     0 retrans
[2024-11-04T11:58:40.164638-0700]    15.1250 MB /   0.50 sec =  253.7554 Mbps     0 retrans
[2024-11-04T11:58:40.664654-0700]    24.0625 MB /   0.50 sec =  403.6461 Mbps     0 retrans
[2024-11-04T11:58:41.164597-0700]    25.8125 MB /   0.50 sec =  433.1217 Mbps     0 retrans
[2024-11-04T11:58:41.664600-0700]    31.3750 MB /   0.50 sec =  526.3946 Mbps     0 retrans
[2024-11-04T11:58:42.164596-0700]    31.9375 MB /   0.50 sec =  535.7773 Mbps     0 retrans
[2024-11-04T11:58:42.664581-0700]    31.0000 MB /   0.50 sec =  520.1634 Mbps     0 retrans
[2024-11-04T11:58:43.164683-0700]    30.4375 MB /   0.50 sec =  510.5871 Mbps     0 retrans
[2024-11-04T11:58:43.664553-0700]    36.1250 MB /   0.50 sec =  606.1751 Mbps     0 retrans
[2024-11-04T11:58:44.164625-0700]    34.9375 MB /   0.50 sec =  586.1094 Mbps     0 retrans
[2024-11-04T11:58:44.664587-0700]    38.3750 MB /   0.50 sec =  643.8411 Mbps     0 retrans
[2024-11-04T11:58:45.164611-0700]    37.8750 MB /   0.50 sec =  635.4447 Mbps     0 retrans
[2024-11-04T11:58:45.665080-0700]    41.6250 MB /   0.50 sec =  698.2580 Mbps     0 retrans
[2024-11-04T11:58:46.164548-0700]    32.5625 MB /   0.50 sec =  546.3879 Mbps     0 retrans
[2024-11-04T11:58:46.664605-0700]    27.5000 MB /   0.50 sec =  461.3550 Mbps     0 retrans
[2024-11-04T11:58:47.164601-0700]    26.3125 MB /   0.50 sec =  441.4611 Mbps     0 retrans
[2024-11-04T11:58:47.664489-0700]    29.3125 MB /   0.50 sec =  491.7920 Mbps     0 retrans
[2024-11-04T11:58:48.164654-0700]    25.2500 MB /   0.50 sec =  423.5849 Mbps     0 retrans
[2024-11-04T11:58:48.664580-0700]    36.2500 MB /   0.50 sec =  608.2203 Mbps     0 retrans
[2024-11-04T11:58:49.164732-0700]    36.1250 MB /   0.50 sec =  606.0394 Mbps     0 retrans
[2024-11-04T11:58:49.664691-0700]    41.8125 MB /   0.50 sec =  701.4398 Mbps     0 retrans
[2024-11-04T11:58:50.164786-0700]    48.3750 MB /   0.50 sec =  811.5978 Mbps     0 retrans
[2024-11-04T11:58:50.664617-0700]    47.5000 MB /   0.50 sec =  796.9767 Mbps     0 retrans
[2024-11-04T11:58:51.164812-0700]    45.0625 MB /   0.50 sec =  756.0581 Mbps     0 retrans
[2024-11-04T11:58:51.664559-0700]    46.8750 MB /   0.50 sec =  786.4289 Mbps     0 retrans
[2024-11-04T11:58:52.164724-0700]    50.5000 MB /   0.50 sec =  847.0749 Mbps     0 retrans
[2024-11-04T11:58:52.664651-0700]    54.4375 MB /   0.50 sec =  913.3974 Mbps     0 retrans
[2024-11-04T11:58:53.164591-0700]    51.5625 MB /   0.50 sec =  865.1531 Mbps     0 retrans
[2024-11-04T11:58:53.664611-0700]    54.1250 MB /   0.50 sec =  908.1122 Mbps     0 retrans
[2024-11-04T11:58:54.164602-0700]    48.1875 MB /   0.50 sec =  808.3793 Mbps     0 retrans
[2024-11-04T11:58:54.664586-0700]    45.5625 MB /   0.50 sec =  764.4914 Mbps     0 retrans
[2024-11-04T11:58:55.164703-0700]    44.3750 MB /   0.50 sec =  744.4428 Mbps     0 retrans
[2024-11-04T11:58:55.664692-0700]    50.1250 MB /   0.50 sec =  840.9109 Mbps     0 retrans
[2024-11-04T11:58:56.164664-0700]    41.2500 MB /   0.50 sec =  692.0892 Mbps     0 retrans
[2024-11-04T11:58:56.664663-0700]    42.5625 MB /   0.50 sec =  714.1445 Mbps     0 retrans
[2024-11-04T11:58:57.164607-0700]    44.1250 MB /   0.50 sec =  740.2606 Mbps     0 retrans
[2024-11-04T11:58:57.664560-0700]    47.4375 MB /   0.50 sec =  795.8994 Mbps     0 retrans
[2024-11-04T11:58:58.164509-0700]    41.1250 MB /   0.50 sec =  689.9713 Mbps     0 retrans
[2024-11-04T11:58:58.664470-0700]    41.0000 MB /   0.50 sec =  687.8837 Mbps     0 retrans
[2024-11-04T11:58:59.164653-0700]    36.4375 MB /   0.50 sec =  611.2562 Mbps     0 retrans
[2024-11-04T11:58:59.664632-0700]    37.3125 MB /   0.50 sec =  625.9798 Mbps     0 retrans
[2024-11-04T11:59:00.164469-0700]    17.5625 MB /   0.50 sec =  294.6935 Mbps     0 retrans
[2024-11-04T11:59:00.664569-0700]    39.1250 MB /   0.50 sec =  656.3679 Mbps     0 retrans
[2024-11-04T11:59:01.164611-0700]    38.9375 MB /   0.50 sec =  653.2524 Mbps     0 retrans
[2024-11-04T11:59:01.664568-0700]    40.1250 MB /   0.50 sec =  673.1939 Mbps     0 retrans
[2024-11-04T11:59:02.164577-0700]    40.8125 MB /   0.50 sec =  684.7133 Mbps     0 retrans
[2024-11-04T11:59:02.664595-0700]    37.8750 MB /   0.50 sec =  635.4371 Mbps     0 retrans
[2024-11-04T11:59:03.164584-0700]    36.5000 MB /   0.50 sec =  612.3353 Mbps     0 retrans
[2024-11-04T11:59:03.664581-0700]    36.8125 MB /   0.50 sec =  617.6520 Mbps     0 retrans
[2024-11-04T11:59:04.164562-0700]    31.4375 MB /   0.50 sec =  527.4263 Mbps     0 retrans
[2024-11-04T11:59:04.664552-0700]    41.1875 MB /   0.50 sec =  691.0282 Mbps     0 retrans
[2024-11-04T11:59:05.164641-0700]    38.5000 MB /   0.50 sec =  645.8699 Mbps     0 retrans
[2024-11-04T11:59:05.664830-0700]    33.6875 MB /   0.50 sec =  565.2254 Mbps     0 retrans
[2024-11-04T11:59:06.164591-0700]    35.7500 MB /   0.50 sec =  599.7699 Mbps     0 retrans
[2024-11-04T11:59:06.664631-0700]    38.1875 MB /   0.50 sec =  640.6658 Mbps     0 retrans
[2024-11-04T11:59:07.164655-0700]    37.9375 MB /   0.50 sec =  636.4831 Mbps     0 retrans
[2024-11-04T11:59:07.664606-0700]    39.3125 MB /   0.50 sec =  659.5741 Mbps     0 retrans
[2024-11-04T11:59:08.164625-0700]    36.3750 MB /   0.50 sec =  610.2468 Mbps     0 retrans
[2024-11-04T11:59:08.664524-0700]    36.6875 MB /   0.50 sec =  615.5584 Mbps     0 retrans
[2024-11-04T11:59:09.164685-0700]    37.2500 MB /   0.50 sec =  624.8938 Mbps     0 retrans
[2024-11-04T11:59:09.664573-0700]    30.6875 MB /   0.50 sec =  514.8807 Mbps     0 retrans
[2024-11-04T11:59:10.164625-0700]    29.6875 MB /   0.50 sec =  498.0387 Mbps     0 retrans
[2024-11-04T11:59:10.664722-0700]    10.1250 MB /   0.50 sec =  169.8499 Mbps     0 retrans
[2024-11-04T11:59:11.164625-0700]    27.0000 MB /   0.50 sec =  453.0609 Mbps     0 retrans
[2024-11-04T11:59:11.664603-0700]    29.3125 MB /   0.50 sec =  491.7900 Mbps     0 retrans
[2024-11-04T11:59:12.164799-0700]    30.0000 MB /   0.50 sec =  503.3094 Mbps     0 retrans
[2024-11-04T11:59:12.664672-0700]    29.2500 MB /   0.50 sec =  490.7345 Mbps     0 retrans
[2024-11-04T11:59:13.164678-0700]    33.4375 MB /   0.50 sec =  560.9624 Mbps     0 retrans
[2024-11-04T11:59:13.664573-0700]    36.3750 MB /   0.50 sec =  610.3262 Mbps     0 retrans
[2024-11-04T11:59:14.164573-0700]    36.1250 MB /   0.50 sec =  606.0575 Mbps     0 retrans
[2024-11-04T11:59:14.664750-0700]    35.0000 MB /   0.50 sec =  587.1861 Mbps     0 retrans
[2024-11-04T11:59:15.164535-0700]    29.9375 MB /   0.50 sec =  502.2589 Mbps     0 retrans
[2024-11-04T11:59:15.664706-0700]    29.3125 MB /   0.50 sec =  491.7202 Mbps     0 retrans
[2024-11-04T11:59:16.164627-0700]    31.6250 MB /   0.50 sec =  530.6729 Mbps     0 retrans
[2024-11-04T11:59:16.664583-0700]    19.3750 MB /   0.50 sec =  325.0547 Mbps     0 retrans
[2024-11-04T11:59:17.164629-0700]    23.9375 MB /   0.50 sec =  401.5853 Mbps     0 retrans
[2024-11-04T11:59:17.664624-0700]    28.1875 MB /   0.50 sec =  472.9248 Mbps     0 retrans
[2024-11-04T11:59:18.164502-0700]    28.2500 MB /   0.50 sec =  473.9981 Mbps     0 retrans
[2024-11-04T11:59:18.664662-0700]    37.3125 MB /   0.50 sec =  625.9285 Mbps     0 retrans
[2024-11-04T11:59:19.164647-0700]    35.2500 MB /   0.50 sec =  591.3850 Mbps     0 retrans
[2024-11-04T11:59:19.664814-0700]    35.2500 MB /   0.50 sec =  591.4359 Mbps     0 retrans
[2024-11-04T11:59:20.164660-0700]    32.8125 MB /   0.50 sec =  550.4925 Mbps     0 retrans
[2024-11-04T11:59:20.664603-0700]    33.8125 MB /   0.50 sec =  567.2853 Mbps     0 retrans
[2024-11-04T11:59:21.164618-0700]    37.8750 MB /   0.50 sec =  635.4421 Mbps     0 retrans
[2024-11-04T11:59:21.664617-0700]    41.4375 MB /   0.50 sec =  695.2073 Mbps     0 retrans
[2024-11-04T11:59:22.164663-0700]    33.6875 MB /   0.50 sec =  565.0988 Mbps     0 retrans
[2024-11-04T11:59:22.664618-0700]    43.8750 MB /   0.50 sec =  736.1931 Mbps     0 retrans
[2024-11-04T11:59:23.164661-0700]    38.1875 MB /   0.50 sec =  640.6069 Mbps     0 retrans
[2024-11-04T11:59:23.664570-0700]    36.3125 MB /   0.50 sec =  609.3153 Mbps     0 retrans
[2024-11-04T11:59:24.164618-0700]    35.3125 MB /   0.50 sec =  592.4087 Mbps     0 retrans
[2024-11-04T11:59:24.664706-0700]    37.0000 MB /   0.50 sec =  620.6713 Mbps     0 retrans
[2024-11-04T11:59:25.164524-0700]    32.1250 MB /   0.50 sec =  539.0748 Mbps     0 retrans
[2024-11-04T11:59:25.664628-0700]    36.1250 MB /   0.50 sec =  606.0648 Mbps     0 retrans
[2024-11-04T11:59:26.164819-0700]    38.9375 MB /   0.50 sec =  653.2498 Mbps     0 retrans
[2024-11-04T11:59:26.664661-0700]    36.8750 MB /   0.50 sec =  618.6475 Mbps     0 retrans
[2024-11-04T11:59:27.164676-0700]    37.8750 MB /   0.50 sec =  635.4218 Mbps     0 retrans
[2024-11-04T11:59:27.664801-0700]    39.7500 MB /   0.50 sec =  666.9103 Mbps     0 retrans
[2024-11-04T11:59:28.164655-0700]    38.6250 MB /   0.50 sec =  647.9902 Mbps     0 retrans
[2024-11-04T11:59:28.664591-0700]    35.6875 MB /   0.50 sec =  598.7932 Mbps     0 retrans
[2024-11-04T11:59:29.164643-0700]    13.9375 MB /   0.50 sec =  233.8212 Mbps     0 retrans
[2024-11-04T11:59:29.664618-0700]    36.9375 MB /   0.50 sec =  619.7121 Mbps     0 retrans
[2024-11-04T11:59:30.164561-0700]    34.0000 MB /   0.50 sec =  570.4539 Mbps     0 retrans
[2024-11-04T11:59:30.664536-0700]    38.3750 MB /   0.50 sec =  643.8591 Mbps     0 retrans
[2024-11-04T11:59:31.164661-0700]    36.3750 MB /   0.50 sec =  610.1943 Mbps     0 retrans
[2024-11-04T11:59:31.664474-0700]    38.6250 MB /   0.50 sec =  648.1094 Mbps     0 retrans
[2024-11-04T11:59:32.164661-0700]    36.1250 MB /   0.50 sec =  606.0078 Mbps     0 retrans
[2024-11-04T11:59:32.664639-0700]    33.7500 MB /   0.50 sec =  566.2084 Mbps     0 retrans
[2024-11-04T11:59:33.164974-0700]    30.8750 MB /   0.50 sec =  517.8163 Mbps     0 retrans
[2024-11-04T11:59:33.664631-0700]    30.1250 MB /   0.50 sec =  505.6149 Mbps     0 retrans
[2024-11-04T11:59:34.164578-0700]    39.0000 MB /   0.50 sec =  654.3363 Mbps     0 retrans
[2024-11-04T11:59:34.664676-0700]    35.4375 MB /   0.50 sec =  594.4629 Mbps     0 retrans
[2024-11-04T11:59:35.164634-0700]    31.0625 MB /   0.50 sec =  521.2424 Mbps     0 retrans
[2024-11-04T11:59:35.664609-0700]    33.8750 MB /   0.50 sec =  568.2782 Mbps     0 retrans
[2024-11-04T11:59:36.164596-0700]    28.7500 MB /   0.50 sec =  482.3459 Mbps     0 retrans
[2024-11-04T11:59:36.664615-0700]    32.0625 MB /   0.50 sec =  537.9130 Mbps     0 retrans
[2024-11-04T11:59:37.164670-0700]    33.3125 MB /   0.50 sec =  558.8642 Mbps     0 retrans
[2024-11-04T11:59:37.664730-0700]    29.4375 MB /   0.50 sec =  493.8230 Mbps     0 retrans
[2024-11-04T11:59:38.164605-0700]    28.3750 MB /   0.50 sec =  476.1278 Mbps     0 retrans
[2024-11-04T11:59:38.664663-0700]    29.5625 MB /   0.50 sec =  495.9794 Mbps     0 retrans
[2024-11-04T11:59:39.164617-0700]    32.6250 MB /   0.50 sec =  547.3676 Mbps     0 retrans
[2024-11-04T11:59:39.664592-0700]    11.3125 MB /   0.50 sec =  189.7862 Mbps     0 retrans
[2024-11-04T11:59:40.164970-0700]    31.1250 MB /   0.50 sec =  522.2222 Mbps     0 retrans
[2024-11-04T11:59:40.664477-0700]    22.1250 MB /   0.50 sec =  371.2174 Mbps     0 retrans
[2024-11-04T11:59:41.164579-0700]    28.8750 MB /   0.50 sec =  484.3995 Mbps     0 retrans
[2024-11-04T11:59:41.664621-0700]    33.0625 MB /   0.50 sec =  554.7023 Mbps     0 retrans
[2024-11-04T11:59:42.164601-0700]    31.6250 MB /   0.50 sec =  530.5678 Mbps     0 retrans
[2024-11-04T11:59:42.664611-0700]    29.6250 MB /   0.50 sec =  497.0459 Mbps     0 retrans
[2024-11-04T11:59:43.164627-0700]    32.4375 MB /   0.50 sec =  544.1826 Mbps     0 retrans
[2024-11-04T11:59:43.664580-0700]    36.0625 MB /   0.50 sec =  605.0429 Mbps     0 retrans
[2024-11-04T11:59:44.164620-0700]    32.3750 MB /   0.50 sec =  543.1667 Mbps     0 retrans
[2024-11-04T11:59:44.665134-0700]    38.5625 MB /   0.50 sec =  646.9701 Mbps     0 retrans
[2024-11-04T11:59:45.164494-0700]    34.6250 MB /   0.50 sec =  580.9529 Mbps     0 retrans
[2024-11-04T11:59:45.664641-0700]    32.8125 MB /   0.50 sec =  550.4551 Mbps     0 retrans
[2024-11-04T11:59:46.164597-0700]    30.4375 MB /   0.50 sec =  510.6718 Mbps     0 retrans
[2024-11-04T11:59:46.664747-0700]    31.7500 MB /   0.50 sec =  532.5467 Mbps     0 retrans
[2024-11-04T11:59:47.164637-0700]    28.9375 MB /   0.50 sec =  485.5888 Mbps     0 retrans
[2024-11-04T11:59:47.664626-0700]    36.6250 MB /   0.50 sec =  614.4705 Mbps     0 retrans
[2024-11-04T11:59:48.164619-0700]    37.3125 MB /   0.50 sec =  626.0111 Mbps     0 retrans
[2024-11-04T11:59:48.664591-0700]    32.8750 MB /   0.50 sec =  551.5422 Mbps     0 retrans
[2024-11-04T11:59:49.164632-0700]    38.8125 MB /   0.50 sec =  651.1618 Mbps     0 retrans
[2024-11-04T11:59:49.664665-0700]    32.6875 MB /   0.50 sec =  548.3932 Mbps     0 retrans
[2024-11-04T11:59:50.164620-0700]    18.5000 MB /   0.50 sec =  310.3928 Mbps     0 retrans
[2024-11-04T11:59:50.664675-0700]    33.7500 MB /   0.50 sec =  566.1393 Mbps     0 retrans
[2024-11-04T11:59:51.164732-0700]    37.5000 MB /   0.50 sec =  629.1242 Mbps     0 retrans
[2024-11-04T11:59:51.664606-0700]    36.7500 MB /   0.50 sec =  616.6688 Mbps     0 retrans
[2024-11-04T11:59:52.164663-0700]    33.1875 MB /   0.50 sec =  556.7749 Mbps     0 retrans
[2024-11-04T11:59:52.664606-0700]    37.4375 MB /   0.50 sec =  628.1347 Mbps     0 retrans
[2024-11-04T11:59:53.164823-0700]    31.7500 MB /   0.50 sec =  532.6660 Mbps     0 retrans
[2024-11-04T11:59:53.664603-0700]    30.0000 MB /   0.50 sec =  503.3276 Mbps     0 retrans
[2024-11-04T11:59:54.164623-0700]    24.3125 MB /   0.50 sec =  407.8561 Mbps     0 retrans
[2024-11-04T11:59:54.664641-0700]    30.3125 MB /   0.50 sec =  508.5848 Mbps     0 retrans
[2024-11-04T11:59:55.164483-0700]    26.6875 MB /   0.50 sec =  447.7885 Mbps     0 retrans
[2024-11-04T11:59:55.664574-0700]    26.1250 MB /   0.50 sec =  438.2811 Mbps     0 retrans
[2024-11-04T11:59:56.164642-0700]    21.1250 MB /   0.50 sec =  354.4173 Mbps     0 retrans
[2024-11-04T11:59:56.664609-0700]    26.1250 MB /   0.50 sec =  438.2986 Mbps     0 retrans
[2024-11-04T11:59:57.164516-0700]    22.2500 MB /   0.50 sec =  373.3207 Mbps     0 retrans
[2024-11-04T11:59:57.664622-0700]    21.5000 MB /   0.50 sec =  360.6863 Mbps     0 retrans
[2024-11-04T11:59:58.164795-0700]    16.1250 MB /   0.50 sec =  270.4434 Mbps     0 retrans
[2024-11-04T11:59:58.664577-0700]    21.0625 MB /   0.50 sec =  353.4910 Mbps     0 retrans
[2024-11-04T11:59:59.164592-0700]    16.5000 MB /   0.50 sec =  276.8230 Mbps     0 retrans
[2024-11-04T11:59:59.664636-0700]    18.2500 MB /   0.50 sec =  306.1646 Mbps     0 retrans
[2024-11-04T12:00:00.164584-0700]    13.8125 MB /   0.50 sec =  231.7478 Mbps     0 retrans
[2024-11-04T12:00:00.664810-0700]    12.9375 MB /   0.50 sec =  217.0561 Mbps     0 retrans
[2024-11-04T12:00:01.164626-0700]    17.5625 MB /   0.50 sec =  294.6446 Mbps     0 retrans
[2024-11-04T12:00:01.664601-0700]    22.1250 MB /   0.50 sec =  371.1974 Mbps     0 retrans
[2024-11-04T12:00:02.164590-0700]    17.2500 MB /   0.50 sec =  289.4122 Mbps     0 retrans
[2024-11-04T12:00:02.664603-0700]    16.2500 MB /   0.50 sec =  272.6303 Mbps     0 retrans
[2024-11-04T12:00:03.164582-0700]    15.5625 MB /   0.50 sec =  261.0939 Mbps     0 retrans
[2024-11-04T12:00:03.664601-0700]    21.0000 MB /   0.50 sec =  352.3258 Mbps     0 retrans
[2024-11-04T12:00:04.164672-0700]    18.6250 MB /   0.50 sec =  312.4650 Mbps     0 retrans
[2024-11-04T12:00:04.664549-0700]    19.6875 MB /   0.50 sec =  330.3160 Mbps     0 retrans
[2024-11-04T12:00:05.164595-0700]    17.3750 MB /   0.50 sec =  291.4925 Mbps     0 retrans
[2024-11-04T12:00:05.664616-0700]    17.3750 MB /   0.50 sec =  291.5065 Mbps     0 retrans
[2024-11-04T12:00:06.164585-0700]    16.9375 MB /   0.50 sec =  284.1692 Mbps     0 retrans
[2024-11-04T12:00:06.664815-0700]    18.3125 MB /   0.50 sec =  307.2266 Mbps     0 retrans
[2024-11-04T12:00:07.164624-0700]    17.6875 MB /   0.50 sec =  296.7440 Mbps     0 retrans
[2024-11-04T12:00:07.664594-0700]    15.1250 MB /   0.50 sec =  253.7625 Mbps     0 retrans
[2024-11-04T12:00:08.164715-0700]    12.7500 MB /   0.50 sec =  213.9116 Mbps     0 retrans
[2024-11-04T12:00:08.664599-0700]    16.3125 MB /   0.50 sec =  273.6701 Mbps     0 retrans
[2024-11-04T12:00:09.164676-0700]    18.1250 MB /   0.50 sec =  304.0706 Mbps     0 retrans
[2024-11-04T12:00:09.664494-0700]    16.5000 MB /   0.50 sec =  276.8623 Mbps     0 retrans
[2024-11-04T12:00:10.164585-0700]    15.4375 MB /   0.50 sec =  258.9817 Mbps     0 retrans
[2024-11-04T12:00:10.664653-0700]    10.5000 MB /   0.50 sec =  176.1428 Mbps     0 retrans
[2024-11-04T12:00:11.164591-0700]    14.5625 MB /   0.50 sec =  244.3426 Mbps     0 retrans
[2024-11-04T12:00:11.664572-0700]    19.0625 MB /   0.50 sec =  319.8176 Mbps     0 retrans
[2024-11-04T12:00:12.164521-0700]    19.4375 MB /   0.50 sec =  326.1000 Mbps     0 retrans
[2024-11-04T12:00:12.664631-0700]    18.8125 MB /   0.50 sec =  315.6226 Mbps     0 retrans
[2024-11-04T12:00:13.164634-0700]    16.4375 MB /   0.50 sec =  275.7496 Mbps     0 retrans
[2024-11-04T12:00:13.664623-0700]    17.6875 MB /   0.50 sec =  296.7755 Mbps     0 retrans
[2024-11-04T12:00:14.164474-0700]    14.1875 MB /   0.50 sec =  238.0482 Mbps     0 retrans
[2024-11-04T12:00:14.664638-0700]    17.5000 MB /   0.50 sec =  293.5437 Mbps     0 retrans
[2024-11-04T12:00:15.164643-0700]    12.8125 MB /   0.50 sec =  214.9770 Mbps     0 retrans
[2024-11-04T12:00:15.664681-0700]     9.6875 MB /   0.50 sec =  162.5104 Mbps     0 retrans
[2024-11-04T12:00:16.164578-0700]    13.2500 MB /   0.50 sec =  222.3301 Mbps     0 retrans
[2024-11-04T12:00:16.664510-0700]    13.3125 MB /   0.50 sec =  223.3596 Mbps     0 retrans
[2024-11-04T12:00:17.164636-0700]    12.8125 MB /   0.50 sec =  214.9443 Mbps     0 retrans
[2024-11-04T12:00:17.664737-0700]    15.1875 MB /   0.50 sec =  254.8075 Mbps     0 retrans
[2024-11-04T12:00:18.164587-0700]    14.8750 MB /   0.50 sec =  249.5616 Mbps     0 retrans
[2024-11-04T12:00:18.664482-0700]    12.5625 MB /   0.50 sec =  210.7752 Mbps     0 retrans
[2024-11-04T12:00:19.164641-0700]    10.6875 MB /   0.50 sec =  179.2771 Mbps     0 retrans
[2024-11-04T12:00:19.664629-0700]    15.8750 MB /   0.50 sec =  266.3522 Mbps     0 retrans
End time: 1730746819946
