Start time: 1730499319286
[2024-11-01T15:15:20.196794-0700] nuttcp-r: v8.1.4: socket
[2024-11-01T15:15:20.197692-0700] nuttcp-r: buflen=65536, nstream=1, port=5110 tcp
[2024-11-01T15:15:20.197794-0700] nuttcp-r: interval reporting every 0.50 seconds
[2024-11-01T15:15:20.197873-0700] nuttcp-r: connect to 54.176.53.206 with RTT=70.394 ms af=inet
[2024-11-01T15:15:20.197953-0700] nuttcp-r: send window size = 2097152, receive window size = 6291456
[2024-11-01T15:15:20.198025-0700] nuttcp-r: available send window = 1572864, available receive window = 4718592
[2024-11-01T15:15:20.198097-0700]     2.5000 MB /   0.50 sec =   41.9354 Mbps     0 retrans
[2024-11-01T15:15:20.696620-0700]    20.1250 MB /   0.50 sec =  337.6678 Mbps     0 retrans
[2024-11-01T15:15:21.196613-0700]    20.9375 MB /   0.50 sec =  351.2456 Mbps     0 retrans
[2024-11-01T15:15:21.697215-0700]    20.6875 MB /   0.50 sec =  347.1099 Mbps     0 retrans
[2024-11-01T15:15:22.197127-0700]    13.1875 MB /   0.50 sec =  221.1907 Mbps     0 retrans
[2024-11-01T15:15:22.697552-0700]    14.8750 MB /   0.50 sec =  249.1405 Mbps     0 retrans
[2024-11-01T15:15:23.196775-0700]     9.3125 MB /   0.50 sec =  156.4910 Mbps     0 retrans
[2024-11-01T15:15:23.696629-0700]    11.6250 MB /   0.50 sec =  195.1140 Mbps     0 retrans
[2024-11-01T15:15:24.198012-0700]    10.4375 MB /   0.50 sec =  174.7330 Mbps     0 retrans
[2024-11-01T15:15:24.696660-0700]    15.3125 MB /   0.50 sec =  257.4686 Mbps     0 retrans
[2024-11-01T15:15:25.196574-0700]    11.1250 MB /   0.50 sec =  186.6335 Mbps     0 retrans
[2024-11-01T15:15:25.696558-0700]    11.0000 MB /   0.50 sec =  184.5453 Mbps     0 retrans
[2024-11-01T15:15:26.196786-0700]    14.5625 MB /   0.50 sec =  244.3216 Mbps     0 retrans
[2024-11-01T15:15:26.697000-0700]    16.1250 MB /   0.50 sec =  270.3056 Mbps     0 retrans
[2024-11-01T15:15:27.196737-0700]    14.3750 MB /   0.50 sec =  241.3757 Mbps     0 retrans
[2024-11-01T15:15:27.696575-0700]    17.6875 MB /   0.50 sec =  296.7387 Mbps     0 retrans
[2024-11-01T15:15:28.196581-0700]    18.0000 MB /   0.50 sec =  301.9941 Mbps     0 retrans
[2024-11-01T15:15:28.696604-0700]    19.1875 MB /   0.50 sec =  321.8755 Mbps     0 retrans
[2024-11-01T15:15:29.196641-0700]    17.8750 MB /   0.50 sec =  299.8831 Mbps     0 retrans
[2024-11-01T15:15:29.696544-0700]    20.6250 MB /   0.50 sec =  346.0855 Mbps     0 retrans
[2024-11-01T15:15:30.196744-0700]    17.8125 MB /   0.50 sec =  298.8495 Mbps     0 retrans
[2024-11-01T15:15:30.697034-0700]     5.8750 MB /   0.50 sec =   98.4753 Mbps     0 retrans
[2024-11-01T15:15:31.196548-0700]    14.9375 MB /   0.50 sec =  250.8409 Mbps     0 retrans
[2024-11-01T15:15:31.696581-0700]    16.1875 MB /   0.50 sec =  271.5529 Mbps     0 retrans
[2024-11-01T15:15:32.196578-0700]    18.1250 MB /   0.50 sec =  304.1047 Mbps     0 retrans
[2024-11-01T15:15:32.696564-0700]    19.4375 MB /   0.50 sec =  326.1130 Mbps     0 retrans
[2024-11-01T15:15:33.196778-0700]    21.4375 MB /   0.50 sec =  359.6069 Mbps     0 retrans
[2024-11-01T15:15:33.696551-0700]    21.5625 MB /   0.50 sec =  361.8210 Mbps     0 retrans
[2024-11-01T15:15:34.196581-0700]    19.1250 MB /   0.50 sec =  320.8489 Mbps     0 retrans
[2024-11-01T15:15:34.696631-0700]    17.7500 MB /   0.50 sec =  297.7134 Mbps     0 retrans
[2024-11-01T15:15:35.197031-0700]    20.5625 MB /   0.50 sec =  344.7712 Mbps     0 retrans
[2024-11-01T15:15:35.696625-0700]    20.0625 MB /   0.50 sec =  336.9238 Mbps     0 retrans
[2024-11-01T15:15:36.196512-0700]    20.3125 MB /   0.50 sec =  340.7804 Mbps     0 retrans
[2024-11-01T15:15:36.696652-0700]    20.1250 MB /   0.50 sec =  337.5753 Mbps     0 retrans
[2024-11-01T15:15:37.196551-0700]    16.5625 MB /   0.50 sec =  277.9204 Mbps     0 retrans
[2024-11-01T15:15:37.696578-0700]    18.8125 MB /   0.50 sec =  315.5886 Mbps     0 retrans
[2024-11-01T15:15:38.196584-0700]    20.1875 MB /   0.50 sec =  338.7090 Mbps     0 retrans
[2024-11-01T15:15:38.696618-0700]    13.8750 MB /   0.50 sec =  232.7671 Mbps     0 retrans
[2024-11-01T15:15:39.196516-0700]    21.7500 MB /   0.50 sec =  364.9526 Mbps     0 retrans
[2024-11-01T15:15:39.696611-0700]    18.0625 MB /   0.50 sec =  303.0094 Mbps     0 retrans
[2024-11-01T15:15:40.196619-0700]    20.9375 MB /   0.50 sec =  351.3292 Mbps     0 retrans
[2024-11-01T15:15:40.696657-0700]    15.5000 MB /   0.50 sec =  260.0042 Mbps     0 retrans
[2024-11-01T15:15:41.196821-0700]    10.8750 MB /   0.50 sec =  182.4661 Mbps     0 retrans
[2024-11-01T15:15:41.699839-0700]    16.8750 MB /   0.50 sec =  283.0787 Mbps     0 retrans
[2024-11-01T15:15:42.196597-0700]    19.0625 MB /   0.50 sec =  319.8585 Mbps     0 retrans
[2024-11-01T15:15:42.696611-0700]    13.2500 MB /   0.50 sec =  222.2683 Mbps     0 retrans
[2024-11-01T15:15:43.196860-0700]    22.0625 MB /   0.50 sec =  370.1695 Mbps     0 retrans
[2024-11-01T15:15:43.697102-0700]    16.1875 MB /   0.50 sec =  271.5421 Mbps     0 retrans
[2024-11-01T15:15:44.196474-0700]    14.9375 MB /   0.50 sec =  250.6723 Mbps     0 retrans
[2024-11-01T15:15:44.696934-0700]    16.6250 MB /   0.50 sec =  278.6932 Mbps     0 retrans
[2024-11-01T15:15:45.196578-0700]    16.3750 MB /   0.50 sec =  274.9348 Mbps     0 retrans
[2024-11-01T15:15:45.696647-0700]    18.0625 MB /   0.50 sec =  302.9979 Mbps     0 retrans
[2024-11-01T15:15:46.196694-0700]    20.2500 MB /   0.50 sec =  339.8005 Mbps     0 retrans
[2024-11-01T15:15:46.696816-0700]    15.9375 MB /   0.50 sec =  267.3831 Mbps     0 retrans
[2024-11-01T15:15:47.196654-0700]    15.1875 MB /   0.50 sec =  254.7800 Mbps     0 retrans
[2024-11-01T15:15:47.696451-0700]    16.0000 MB /   0.50 sec =  268.4752 Mbps     0 retrans
[2024-11-01T15:15:48.196690-0700]    12.9375 MB /   0.50 sec =  216.9845 Mbps     0 retrans
[2024-11-01T15:15:48.696588-0700]    15.0625 MB /   0.50 sec =  252.7599 Mbps     0 retrans
[2024-11-01T15:15:49.196807-0700]    13.6875 MB /   0.50 sec =  229.5417 Mbps     0 retrans
[2024-11-01T15:15:49.696984-0700]    19.3125 MB /   0.50 sec =  324.1280 Mbps     0 retrans
[2024-11-01T15:15:50.196499-0700]    19.5625 MB /   0.50 sec =  328.2529 Mbps     0 retrans
[2024-11-01T15:15:50.696658-0700]    18.0000 MB /   0.50 sec =  301.9434 Mbps     0 retrans
[2024-11-01T15:15:51.196538-0700]     9.2500 MB /   0.50 sec =  155.2054 Mbps     0 retrans
[2024-11-01T15:15:51.696699-0700]    14.9375 MB /   0.50 sec =  250.5601 Mbps     0 retrans
[2024-11-01T15:15:52.196764-0700]    18.6250 MB /   0.50 sec =  312.5432 Mbps     0 retrans
[2024-11-01T15:15:52.696649-0700]    19.7500 MB /   0.50 sec =  331.2897 Mbps     0 retrans
[2024-11-01T15:15:53.196484-0700]    18.0625 MB /   0.50 sec =  303.0991 Mbps     0 retrans
[2024-11-01T15:15:53.696534-0700]    14.2500 MB /   0.50 sec =  239.0509 Mbps     0 retrans
[2024-11-01T15:15:54.196539-0700]    12.6250 MB /   0.50 sec =  211.8314 Mbps     0 retrans
[2024-11-01T15:15:54.697101-0700]    14.0625 MB /   0.50 sec =  235.7005 Mbps     0 retrans
[2024-11-01T15:15:55.196663-0700]    15.0000 MB /   0.50 sec =  251.8784 Mbps     0 retrans
[2024-11-01T15:15:55.696653-0700]    15.5000 MB /   0.50 sec =  259.9839 Mbps     0 retrans
[2024-11-01T15:15:56.196564-0700]    11.9375 MB /   0.50 sec =  200.3449 Mbps     0 retrans
[2024-11-01T15:15:56.696738-0700]    14.5625 MB /   0.50 sec =  244.2342 Mbps     0 retrans
[2024-11-01T15:15:57.196631-0700]    13.6875 MB /   0.50 sec =  229.6868 Mbps     0 retrans
[2024-11-01T15:15:57.696729-0700]    15.8750 MB /   0.50 sec =  266.3484 Mbps     0 retrans
[2024-11-01T15:15:58.196638-0700]    18.6875 MB /   0.50 sec =  313.5035 Mbps     0 retrans
[2024-11-01T15:15:58.696703-0700]    19.0625 MB /   0.50 sec =  319.7863 Mbps     0 retrans
[2024-11-01T15:15:59.196531-0700]    19.3125 MB /   0.50 sec =  324.0942 Mbps     0 retrans
[2024-11-01T15:15:59.696534-0700]    20.8125 MB /   0.50 sec =  349.1465 Mbps     0 retrans
[2024-11-01T15:16:00.196646-0700]    14.8125 MB /   0.50 sec =  248.4931 Mbps     0 retrans
[2024-11-01T15:16:00.697033-0700]    19.0625 MB /   0.50 sec =  319.8272 Mbps     0 retrans
[2024-11-01T15:16:01.196558-0700]    18.2500 MB /   0.50 sec =  306.2234 Mbps     0 retrans
[2024-11-01T15:16:01.696576-0700]     7.5000 MB /   0.50 sec =  125.8241 Mbps     0 retrans
[2024-11-01T15:16:02.196585-0700]    18.6250 MB /   0.50 sec =  312.4507 Mbps     0 retrans
[2024-11-01T15:16:02.696685-0700]    18.6250 MB /   0.50 sec =  312.4294 Mbps     0 retrans
[2024-11-01T15:16:03.196548-0700]    15.6250 MB /   0.50 sec =  262.2106 Mbps     0 retrans
[2024-11-01T15:16:03.696654-0700]    17.0625 MB /   0.50 sec =  286.2063 Mbps     0 retrans
[2024-11-01T15:16:04.196740-0700]    18.3750 MB /   0.50 sec =  308.3282 Mbps     0 retrans
[2024-11-01T15:16:04.696599-0700]    21.0625 MB /   0.50 sec =  353.3482 Mbps     0 retrans
[2024-11-01T15:16:05.196524-0700]    17.2500 MB /   0.50 sec =  289.4371 Mbps     0 retrans
[2024-11-01T15:16:05.697668-0700]    13.6875 MB /   0.50 sec =  229.1409 Mbps     0 retrans
[2024-11-01T15:16:06.197096-0700]    13.4375 MB /   0.50 sec =  225.7640 Mbps     0 retrans
[2024-11-01T15:16:06.697111-0700]    22.6250 MB /   0.50 sec =  379.8086 Mbps     0 retrans
[2024-11-01T15:16:07.197044-0700]    18.6250 MB /   0.50 sec =  312.2346 Mbps     0 retrans
[2024-11-01T15:16:07.696587-0700]    19.2500 MB /   0.50 sec =  323.2277 Mbps     0 retrans
[2024-11-01T15:16:08.196571-0700]    21.1875 MB /   0.50 sec =  355.5007 Mbps     0 retrans
[2024-11-01T15:16:08.696703-0700]    18.6875 MB /   0.50 sec =  313.4421 Mbps     0 retrans
[2024-11-01T15:16:09.196531-0700]    16.8750 MB /   0.50 sec =  283.1965 Mbps     0 retrans
[2024-11-01T15:16:09.696706-0700]    18.3750 MB /   0.50 sec =  308.1883 Mbps     0 retrans
[2024-11-01T15:16:10.197733-0700]    12.0625 MB /   0.50 sec =  201.9753 Mbps     0 retrans
[2024-11-01T15:16:10.696623-0700]    16.9375 MB /   0.50 sec =  284.7655 Mbps     0 retrans
[2024-11-01T15:16:11.196578-0700]    16.0625 MB /   0.50 sec =  269.5228 Mbps     0 retrans
[2024-11-01T15:16:11.696692-0700]    14.8750 MB /   0.50 sec =  249.5721 Mbps     0 retrans
[2024-11-01T15:16:12.197082-0700]    11.4375 MB /   0.50 sec =  191.6881 Mbps     0 retrans
[2024-11-01T15:16:12.696663-0700]    18.1250 MB /   0.50 sec =  304.4091 Mbps     0 retrans
[2024-11-01T15:16:13.197992-0700]    15.3125 MB /   0.50 sec =  256.2400 Mbps     0 retrans
[2024-11-01T15:16:13.697718-0700]    12.5000 MB /   0.50 sec =  209.7769 Mbps     0 retrans
[2024-11-01T15:16:14.196749-0700]    11.6875 MB /   0.50 sec =  196.4593 Mbps     0 retrans
[2024-11-01T15:16:14.696519-0700]    21.0000 MB /   0.50 sec =  352.4505 Mbps     0 retrans
[2024-11-01T15:16:15.196555-0700]    16.5000 MB /   0.50 sec =  276.8152 Mbps     0 retrans
[2024-11-01T15:16:15.696570-0700]    17.6250 MB /   0.50 sec =  295.6984 Mbps     0 retrans
[2024-11-01T15:16:16.196505-0700]    15.9375 MB /   0.50 sec =  267.3928 Mbps     0 retrans
[2024-11-01T15:16:16.696863-0700]    17.2500 MB /   0.50 sec =  289.4122 Mbps     0 retrans
[2024-11-01T15:16:17.196783-0700]    15.5625 MB /   0.50 sec =  261.1027 Mbps     0 retrans
[2024-11-01T15:16:17.696524-0700]    19.8750 MB /   0.50 sec =  333.4332 Mbps     0 retrans
[2024-11-01T15:16:18.196690-0700]    19.3750 MB /   0.50 sec =  324.9637 Mbps     0 retrans
[2024-11-01T15:16:18.696627-0700]    18.0625 MB /   0.50 sec =  303.0767 Mbps     0 retrans
[2024-11-01T15:16:19.196564-0700]    18.5000 MB /   0.50 sec =  310.4232 Mbps     0 retrans
[2024-11-01T15:16:19.696585-0700]    17.8125 MB /   0.50 sec =  298.8286 Mbps     0 retrans
[2024-11-01T15:16:20.196562-0700]    19.0625 MB /   0.50 sec =  319.8310 Mbps     0 retrans
[2024-11-01T15:16:20.697557-0700]    11.8750 MB /   0.50 sec =  198.8318 Mbps     0 retrans
[2024-11-01T15:16:21.196716-0700]    19.3125 MB /   0.50 sec =  324.6508 Mbps     0 retrans
[2024-11-01T15:16:21.696665-0700]    18.1250 MB /   0.50 sec =  304.0384 Mbps     0 retrans
[2024-11-01T15:16:22.196568-0700]     9.5625 MB /   0.50 sec =  160.4536 Mbps     0 retrans
[2024-11-01T15:16:22.696839-0700]    13.0000 MB /   0.50 sec =  218.0493 Mbps     0 retrans
[2024-11-01T15:16:23.196939-0700]    20.3125 MB /   0.50 sec =  340.6251 Mbps     0 retrans
[2024-11-01T15:16:23.696543-0700]    18.8750 MB /   0.50 sec =  316.9171 Mbps     0 retrans
[2024-11-01T15:16:24.197731-0700]    16.2500 MB /   0.50 sec =  272.0215 Mbps     0 retrans
[2024-11-01T15:16:24.696547-0700]    16.7500 MB /   0.50 sec =  281.6510 Mbps     0 retrans
[2024-11-01T15:16:25.196578-0700]    19.1250 MB /   0.50 sec =  320.8598 Mbps     0 retrans
[2024-11-01T15:16:25.696766-0700]    10.5000 MB /   0.50 sec =  176.1083 Mbps     0 retrans
[2024-11-01T15:16:26.196507-0700]    21.5000 MB /   0.50 sec =  360.8249 Mbps     0 retrans
[2024-11-01T15:16:26.696556-0700]    17.1250 MB /   0.50 sec =  287.3058 Mbps     0 retrans
[2024-11-01T15:16:27.196521-0700]    16.1250 MB /   0.50 sec =  270.5342 Mbps     0 retrans
[2024-11-01T15:16:27.696524-0700]    18.7500 MB /   0.50 sec =  314.5741 Mbps     0 retrans
[2024-11-01T15:16:28.196872-0700]    15.3125 MB /   0.50 sec =  256.7969 Mbps     0 retrans
[2024-11-01T15:16:28.697029-0700]    12.5625 MB /   0.50 sec =  210.6572 Mbps     0 retrans
[2024-11-01T15:16:29.196538-0700]    20.0000 MB /   0.50 sec =  335.8493 Mbps     0 retrans
[2024-11-01T15:16:29.696693-0700]    15.7500 MB /   0.50 sec =  264.1741 Mbps     0 retrans
[2024-11-01T15:16:30.196628-0700]    17.6875 MB /   0.50 sec =  296.7666 Mbps     0 retrans
[2024-11-01T15:16:30.696611-0700]    18.6250 MB /   0.50 sec =  312.5025 Mbps     0 retrans
[2024-11-01T15:16:31.196625-0700]    14.3750 MB /   0.50 sec =  241.1652 Mbps     0 retrans
[2024-11-01T15:16:31.696558-0700]    17.1250 MB /   0.50 sec =  287.3334 Mbps     0 retrans
[2024-11-01T15:16:32.196648-0700]    18.5000 MB /   0.50 sec =  310.3456 Mbps     0 retrans
[2024-11-01T15:16:32.696570-0700]     5.9375 MB /   0.50 sec =   99.6287 Mbps     0 retrans
[2024-11-01T15:16:33.196543-0700]    14.6250 MB /   0.50 sec =  245.3653 Mbps     0 retrans
[2024-11-01T15:16:33.696482-0700]    17.2500 MB /   0.50 sec =  289.4267 Mbps     0 retrans
[2024-11-01T15:16:34.196690-0700]    16.1250 MB /   0.50 sec =  270.5104 Mbps     0 retrans
[2024-11-01T15:16:34.696549-0700]    19.8125 MB /   0.50 sec =  332.4106 Mbps     0 retrans
[2024-11-01T15:16:35.196621-0700]    18.0625 MB /   0.50 sec =  302.9973 Mbps     0 retrans
[2024-11-01T15:16:35.697808-0700]    22.0000 MB /   0.50 sec =  368.2709 Mbps     0 retrans
[2024-11-01T15:16:36.196540-0700]    20.5625 MB /   0.50 sec =  345.8024 Mbps     0 retrans
[2024-11-01T15:16:36.696744-0700]    20.7500 MB /   0.50 sec =  348.1272 Mbps     0 retrans
[2024-11-01T15:16:37.196570-0700]    21.1250 MB /   0.50 sec =  354.4130 Mbps     0 retrans
[2024-11-01T15:16:37.696654-0700]    19.5625 MB /   0.50 sec =  328.1524 Mbps     0 retrans
[2024-11-01T15:16:38.196568-0700]    18.3125 MB /   0.50 sec =  307.2825 Mbps     0 retrans
[2024-11-01T15:16:38.696516-0700]    18.3125 MB /   0.50 sec =  307.2426 Mbps     0 retrans
[2024-11-01T15:16:39.196667-0700]    12.5625 MB /   0.50 sec =  210.7077 Mbps     0 retrans
[2024-11-01T15:16:39.696689-0700]    20.3750 MB /   0.50 sec =  341.8365 Mbps     0 retrans
[2024-11-01T15:16:40.196525-0700]    19.2500 MB /   0.50 sec =  323.0480 Mbps     0 retrans
[2024-11-01T15:16:40.696553-0700]    18.4375 MB /   0.50 sec =  309.3274 Mbps     0 retrans
[2024-11-01T15:16:41.196516-0700]    19.7500 MB /   0.50 sec =  331.3507 Mbps     0 retrans
[2024-11-01T15:16:41.696598-0700]    16.6250 MB /   0.50 sec =  278.8822 Mbps     0 retrans
[2024-11-01T15:16:42.196569-0700]    14.0625 MB /   0.50 sec =  235.9565 Mbps     0 retrans
[2024-11-01T15:16:42.696552-0700]    15.9375 MB /   0.50 sec =  267.3896 Mbps     0 retrans
[2024-11-01T15:16:43.197707-0700]     5.5000 MB /   0.50 sec =   92.0710 Mbps     0 retrans
[2024-11-01T15:16:43.696602-0700]    12.9375 MB /   0.50 sec =  217.5190 Mbps     0 retrans
[2024-11-01T15:16:44.196697-0700]    14.1875 MB /   0.50 sec =  237.9925 Mbps     0 retrans
[2024-11-01T15:16:44.696620-0700]    17.0625 MB /   0.50 sec =  286.3483 Mbps     0 retrans
[2024-11-01T15:16:45.196616-0700]    16.1250 MB /   0.50 sec =  270.4926 Mbps     0 retrans
[2024-11-01T15:16:45.696634-0700]    19.1250 MB /   0.50 sec =  320.9111 Mbps     0 retrans
[2024-11-01T15:16:46.196582-0700]    17.3750 MB /   0.50 sec =  291.4814 Mbps     0 retrans
[2024-11-01T15:16:46.696744-0700]    19.9375 MB /   0.50 sec =  334.4583 Mbps     0 retrans
[2024-11-01T15:16:47.197007-0700]    16.3125 MB /   0.50 sec =  273.4590 Mbps     0 retrans
[2024-11-01T15:16:47.696608-0700]    19.5000 MB /   0.50 sec =  327.4091 Mbps     0 retrans
[2024-11-01T15:16:48.196593-0700]    20.2500 MB /   0.50 sec =  339.7794 Mbps     0 retrans
[2024-11-01T15:16:48.696537-0700]    17.6875 MB /   0.50 sec =  296.7470 Mbps     0 retrans
[2024-11-01T15:16:49.196551-0700]    17.6250 MB /   0.50 sec =  295.7020 Mbps     0 retrans
[2024-11-01T15:16:49.696625-0700]    18.9375 MB /   0.50 sec =  317.6772 Mbps     0 retrans
[2024-11-01T15:16:50.196567-0700]    18.9375 MB /   0.50 sec =  317.7548 Mbps     0 retrans
[2024-11-01T15:16:50.697033-0700]    20.8750 MB /   0.50 sec =  349.8969 Mbps     0 retrans
[2024-11-01T15:16:51.197025-0700]    18.5625 MB /   0.50 sec =  311.7270 Mbps     0 retrans
[2024-11-01T15:16:51.697621-0700]    17.5000 MB /   0.50 sec =  293.0000 Mbps     0 retrans
[2024-11-01T15:16:52.196547-0700]    16.2500 MB /   0.50 sec =  273.1936 Mbps     0 retrans
[2024-11-01T15:16:52.697657-0700]     6.3125 MB /   0.50 sec =  105.6775 Mbps     0 retrans
[2024-11-01T15:16:53.196663-0700]    15.5625 MB /   0.50 sec =  261.6082 Mbps     0 retrans
[2024-11-01T15:16:53.696580-0700]     8.6250 MB /   0.50 sec =  144.7298 Mbps     0 retrans
[2024-11-01T15:16:54.196526-0700]    15.0625 MB /   0.50 sec =  252.7109 Mbps     0 retrans
[2024-11-01T15:16:54.697760-0700]     8.5625 MB /   0.50 sec =  143.3276 Mbps     0 retrans
[2024-11-01T15:16:55.197745-0700]     8.6875 MB /   0.50 sec =  145.7532 Mbps     0 retrans
[2024-11-01T15:16:55.696631-0700]    14.2500 MB /   0.50 sec =  239.5938 Mbps     0 retrans
[2024-11-01T15:16:56.196639-0700]    13.0625 MB /   0.50 sec =  219.1480 Mbps     0 retrans
[2024-11-01T15:16:56.696572-0700]    12.6250 MB /   0.50 sec =  211.8217 Mbps     0 retrans
[2024-11-01T15:16:57.196535-0700]    14.5000 MB /   0.50 sec =  243.2964 Mbps     0 retrans
[2024-11-01T15:16:57.696730-0700]    14.1875 MB /   0.50 sec =  238.0020 Mbps     0 retrans
[2024-11-01T15:16:58.196629-0700]    13.1875 MB /   0.50 sec =  221.2279 Mbps     0 retrans
[2024-11-01T15:16:58.696563-0700]    14.7500 MB /   0.50 sec =  247.5070 Mbps     0 retrans
[2024-11-01T15:16:59.196530-0700]    10.8750 MB /   0.50 sec =  182.4540 Mbps     0 retrans
[2024-11-01T15:16:59.696609-0700]    16.0000 MB /   0.50 sec =  268.3914 Mbps     0 retrans
[2024-11-01T15:17:00.197643-0700]    10.1875 MB /   0.50 sec =  170.5887 Mbps     0 retrans
[2024-11-01T15:17:00.696549-0700]    11.8750 MB /   0.50 sec =  199.6411 Mbps     0 retrans
[2024-11-01T15:17:01.196736-0700]    13.2500 MB /   0.50 sec =  222.3172 Mbps     0 retrans
[2024-11-01T15:17:01.696670-0700]    10.3750 MB /   0.50 sec =  174.0163 Mbps     0 retrans
[2024-11-01T15:17:02.196536-0700]     9.7500 MB /   0.50 sec =  163.6103 Mbps     0 retrans
[2024-11-01T15:17:02.696704-0700]    11.1875 MB /   0.50 sec =  187.6467 Mbps     0 retrans
[2024-11-01T15:17:03.196558-0700]    14.8750 MB /   0.50 sec =  249.6305 Mbps     0 retrans
[2024-11-01T15:17:03.696629-0700]     6.1250 MB /   0.50 sec =  102.7413 Mbps     0 retrans
[2024-11-01T15:17:04.196546-0700]    16.5000 MB /   0.50 sec =  276.8711 Mbps     0 retrans
[2024-11-01T15:17:04.696621-0700]    19.8750 MB /   0.50 sec =  333.4085 Mbps     0 retrans
[2024-11-01T15:17:05.196554-0700]    23.0000 MB /   0.50 sec =  385.9184 Mbps     0 retrans
[2024-11-01T15:17:05.696707-0700]    26.4375 MB /   0.50 sec =  443.4678 Mbps     0 retrans
[2024-11-01T15:17:06.196591-0700]    26.3125 MB /   0.50 sec =  441.5220 Mbps     0 retrans
[2024-11-01T15:17:06.696904-0700]    27.8750 MB /   0.50 sec =  467.4452 Mbps     0 retrans
[2024-11-01T15:17:07.197160-0700]    28.9375 MB /   0.50 sec =  485.2636 Mbps     0 retrans
[2024-11-01T15:17:07.696620-0700]    27.3125 MB /   0.50 sec =  458.6185 Mbps     0 retrans
[2024-11-01T15:17:08.196548-0700]    19.9375 MB /   0.50 sec =  334.5379 Mbps     0 retrans
[2024-11-01T15:17:08.696708-0700]    19.6875 MB /   0.50 sec =  330.3014 Mbps     0 retrans
[2024-11-01T15:17:09.196595-0700]    24.6250 MB /   0.50 sec =  413.1389 Mbps     0 retrans
[2024-11-01T15:17:09.696570-0700]    27.0000 MB /   0.50 sec =  452.9740 Mbps     0 retrans
[2024-11-01T15:17:10.197557-0700]    28.1250 MB /   0.50 sec =  470.9362 Mbps     0 retrans
[2024-11-01T15:17:10.696753-0700]    31.1250 MB /   0.50 sec =  523.1524 Mbps     0 retrans
[2024-11-01T15:17:11.196580-0700]    28.2500 MB /   0.50 sec =  474.0132 Mbps     0 retrans
[2024-11-01T15:17:11.696521-0700]    33.2500 MB /   0.50 sec =  557.8692 Mbps     0 retrans
[2024-11-01T15:17:12.196615-0700]    30.7500 MB /   0.50 sec =  515.8808 Mbps     0 retrans
[2024-11-01T15:17:12.696642-0700]    23.9375 MB /   0.50 sec =  401.6062 Mbps     0 retrans
[2024-11-01T15:17:13.196546-0700]    31.4375 MB /   0.50 sec =  527.4422 Mbps     0 retrans
[2024-11-01T15:17:13.696549-0700]    34.3750 MB /   0.50 sec =  576.7156 Mbps     0 retrans
[2024-11-01T15:17:14.196563-0700]    12.5000 MB /   0.50 sec =  209.7118 Mbps     0 retrans
[2024-11-01T15:17:14.696622-0700]    30.9375 MB /   0.50 sec =  518.9870 Mbps     0 retrans
[2024-11-01T15:17:15.196724-0700]     7.8750 MB /   0.50 sec =  132.1399 Mbps     0 retrans
[2024-11-01T15:17:15.696576-0700]    20.8750 MB /   0.50 sec =  350.2076 Mbps     0 retrans
[2024-11-01T15:17:16.196559-0700]    19.6250 MB /   0.50 sec =  329.2614 Mbps     0 retrans
[2024-11-01T15:17:16.696534-0700]    22.1250 MB /   0.50 sec =  371.2041 Mbps     0 retrans
[2024-11-01T15:17:17.196759-0700]    20.0000 MB /   0.50 sec =  335.5309 Mbps     0 retrans
[2024-11-01T15:17:17.696630-0700]    17.3125 MB /   0.50 sec =  290.4596 Mbps     0 retrans
[2024-11-01T15:17:18.196582-0700]    24.9375 MB /   0.50 sec =  418.3701 Mbps     0 retrans
[2024-11-01T15:17:18.696645-0700]    26.1250 MB /   0.50 sec =  438.3065 Mbps     0 retrans
[2024-11-01T15:17:19.196529-0700]    29.1250 MB /   0.50 sec =  488.6501 Mbps     0 retrans
[2024-11-01T15:17:19.696633-0700]    29.8125 MB /   0.50 sec =  500.0867 Mbps     0 retrans
[2024-11-01T15:17:20.196642-0700]    29.2500 MB /   0.50 sec =  490.8170 Mbps     0 retrans
End time: 1730499440432
