Start time: 1730585530749
[2024-11-02T16:12:11.898399-0600] nuttcp-r: v8.1.4: socket
[2024-11-02T16:12:11.899017-0600] nuttcp-r: buflen=65536, nstream=1, port=6110 tcp
[2024-11-02T16:12:11.899056-0600] nuttcp-r: interval reporting every 0.50 seconds
[2024-11-02T16:12:11.899085-0600] nuttcp-r: connect to 54.176.53.206 with RTT=101.090 ms af=inet
[2024-11-02T16:12:11.899112-0600] nuttcp-r: send window size = 2097152, receive window size = 6291456
[2024-11-02T16:12:11.899139-0600] nuttcp-r: available send window = 1572864, available receive window = 4718592
[2024-11-02T16:12:11.899164-0600]     1.0000 MB /   0.50 sec =   16.7760 Mbps     0 retrans
[2024-11-02T16:12:12.398358-0600]    31.5625 MB /   0.50 sec =  529.5341 Mbps     0 retrans
[2024-11-02T16:12:12.898367-0600]    54.5000 MB /   0.50 sec =  914.3272 Mbps     0 retrans
[2024-11-02T16:12:13.398922-0600]    49.5000 MB /   0.50 sec =  830.4954 Mbps     0 retrans
[2024-11-02T16:12:13.898918-0600]    56.6875 MB /   0.50 sec =  950.7200 Mbps     0 retrans
[2024-11-02T16:12:14.398399-0600]    54.6250 MB /   0.50 sec =  916.7378 Mbps     0 retrans
[2024-11-02T16:12:14.898348-0600]    50.3125 MB /   0.50 sec =  844.1408 Mbps     0 retrans
[2024-11-02T16:12:15.398706-0600]    48.2500 MB /   0.50 sec =  809.1366 Mbps     0 retrans
[2024-11-02T16:12:15.898302-0600]    57.2500 MB /   0.50 sec =  960.9550 Mbps     0 retrans
[2024-11-02T16:12:16.398432-0600]    53.5625 MB /   0.50 sec =  898.6818 Mbps     0 retrans
[2024-11-02T16:12:16.898338-0600]    54.0625 MB /   0.50 sec =  906.9548 Mbps     0 retrans
[2024-11-02T16:12:17.398530-0600]    53.0625 MB /   0.50 sec =  890.2286 Mbps     0 retrans
[2024-11-02T16:12:17.898347-0600]    60.6875 MB /   0.50 sec = 1018.1693 Mbps     0 retrans
[2024-11-02T16:12:18.398333-0600]    53.7500 MB /   0.50 sec =  901.7898 Mbps     0 retrans
[2024-11-02T16:12:18.898411-0600]    58.6250 MB /   0.50 sec =  983.4128 Mbps     0 retrans
[2024-11-02T16:12:19.398399-0600]    58.0000 MB /   0.50 sec =  973.1700 Mbps     0 retrans
[2024-11-02T16:12:19.898367-0600]    56.5000 MB /   0.50 sec =  947.9411 Mbps     0 retrans
[2024-11-02T16:12:20.398352-0600]    58.2500 MB /   0.50 sec =  977.2826 Mbps     0 retrans
[2024-11-02T16:12:20.898414-0600]    58.5625 MB /   0.50 sec =  982.6081 Mbps     0 retrans
[2024-11-02T16:12:21.398381-0600]    61.3750 MB /   0.50 sec = 1029.5966 Mbps     0 retrans
[2024-11-02T16:12:21.898598-0600]    59.6875 MB /   0.50 sec = 1001.4361 Mbps     0 retrans
[2024-11-02T16:12:22.398359-0600]    22.0625 MB /   0.50 sec =  370.1251 Mbps     0 retrans
[2024-11-02T16:12:22.898447-0600]    56.0000 MB /   0.50 sec =  939.5072 Mbps     0 retrans
[2024-11-02T16:12:23.398890-0600]    62.3750 MB /   0.50 sec = 1045.5608 Mbps     0 retrans
[2024-11-02T16:12:23.899039-0600]    58.6250 MB /   0.50 sec =  983.4620 Mbps     0 retrans
[2024-11-02T16:12:24.398339-0600]    56.3750 MB /   0.50 sec =  946.7983 Mbps     0 retrans
[2024-11-02T16:12:24.898350-0600]    52.8750 MB /   0.50 sec =  887.0882 Mbps     0 retrans
[2024-11-02T16:12:25.398367-0600]    56.0000 MB /   0.50 sec =  939.5109 Mbps     0 retrans
[2024-11-02T16:12:25.898373-0600]    59.0000 MB /   0.50 sec =  989.8557 Mbps     0 retrans
[2024-11-02T16:12:26.398249-0600]    56.7500 MB /   0.50 sec =  952.1679 Mbps     0 retrans
[2024-11-02T16:12:26.898382-0600]    57.0000 MB /   0.50 sec =  956.2286 Mbps     0 retrans
[2024-11-02T16:12:27.399356-0600]    59.3750 MB /   0.50 sec =  994.5738 Mbps     0 retrans
[2024-11-02T16:12:27.898387-0600]    59.5000 MB /   0.50 sec =  999.8101 Mbps     0 retrans
[2024-11-02T16:12:28.398375-0600]    60.3125 MB /   0.50 sec = 1011.9042 Mbps     0 retrans
[2024-11-02T16:12:28.898658-0600]    55.5625 MB /   0.50 sec =  931.9548 Mbps     0 retrans
[2024-11-02T16:12:29.398370-0600]    60.2500 MB /   0.50 sec = 1011.0780 Mbps     0 retrans
[2024-11-02T16:12:29.898323-0600]    59.0625 MB /   0.50 sec =  990.9340 Mbps     0 retrans
[2024-11-02T16:12:30.398314-0600]    56.5000 MB /   0.50 sec =  947.9108 Mbps     0 retrans
[2024-11-02T16:12:30.898348-0600]    59.5000 MB /   0.50 sec =  998.2264 Mbps     0 retrans
[2024-11-02T16:12:31.398378-0600]    53.6875 MB /   0.50 sec =  900.7160 Mbps     0 retrans
[2024-11-02T16:12:31.898497-0600]    56.6250 MB /   0.50 sec =  950.0878 Mbps     0 retrans
[2024-11-02T16:12:32.398369-0600]    48.8125 MB /   0.50 sec =  818.8740 Mbps     0 retrans
[2024-11-02T16:12:32.898611-0600]    10.0625 MB /   0.50 sec =  168.7573 Mbps     0 retrans
[2024-11-02T16:12:33.398831-0600]    47.6250 MB /   0.50 sec =  798.5949 Mbps     0 retrans
[2024-11-02T16:12:33.898746-0600]    46.1875 MB /   0.50 sec =  775.5973 Mbps     0 retrans
[2024-11-02T16:12:34.398335-0600]    47.6250 MB /   0.50 sec =  799.0261 Mbps     0 retrans
[2024-11-02T16:12:34.898327-0600]    49.0000 MB /   0.50 sec =  822.0951 Mbps     0 retrans
[2024-11-02T16:12:35.398500-0600]    47.3750 MB /   0.50 sec =  794.6061 Mbps     0 retrans
[2024-11-02T16:12:35.898460-0600]    57.9375 MB /   0.50 sec =  972.2925 Mbps     0 retrans
[2024-11-02T16:12:36.398350-0600]    52.4375 MB /   0.50 sec =  879.7306 Mbps     0 retrans
[2024-11-02T16:12:36.898332-0600]    51.3125 MB /   0.50 sec =  860.8878 Mbps     0 retrans
[2024-11-02T16:12:37.398327-0600]    57.4375 MB /   0.50 sec =  963.6529 Mbps     0 retrans
[2024-11-02T16:12:37.898357-0600]    51.7500 MB /   0.50 sec =  868.1984 Mbps     0 retrans
[2024-11-02T16:12:38.398344-0600]    53.1250 MB /   0.50 sec =  891.3003 Mbps     0 retrans
[2024-11-02T16:12:38.898414-0600]    56.3125 MB /   0.50 sec =  944.6876 Mbps     0 retrans
[2024-11-02T16:12:39.398864-0600]    54.5000 MB /   0.50 sec =  913.8319 Mbps     0 retrans
[2024-11-02T16:12:39.899876-0600]    48.1875 MB /   0.50 sec =  806.6420 Mbps     0 retrans
[2024-11-02T16:12:40.398333-0600]    47.8750 MB /   0.50 sec =  805.5647 Mbps     0 retrans
[2024-11-02T16:12:40.898322-0600]    48.0000 MB /   0.50 sec =  805.3080 Mbps     0 retrans
[2024-11-02T16:12:41.398363-0600]    49.4375 MB /   0.50 sec =  829.4087 Mbps     0 retrans
[2024-11-02T16:12:41.898364-0600]    50.1875 MB /   0.50 sec =  842.0149 Mbps     0 retrans
[2024-11-02T16:12:42.398385-0600]    46.8750 MB /   0.50 sec =  786.3895 Mbps     0 retrans
[2024-11-02T16:12:42.898369-0600]    51.8750 MB /   0.50 sec =  870.3564 Mbps     0 retrans
[2024-11-02T16:12:43.398332-0600]    43.6875 MB /   0.50 sec =  732.9576 Mbps     0 retrans
[2024-11-02T16:12:43.898362-0600]    47.0625 MB /   0.50 sec =  789.5556 Mbps     0 retrans
[2024-11-02T16:12:44.398336-0600]    48.5000 MB /   0.50 sec =  813.7145 Mbps     0 retrans
[2024-11-02T16:12:44.898469-0600]    48.8125 MB /   0.50 sec =  818.9248 Mbps     0 retrans
[2024-11-02T16:12:45.398923-0600]    48.0000 MB /   0.50 sec =  805.2436 Mbps     0 retrans
[2024-11-02T16:12:45.898328-0600]    45.6875 MB /   0.50 sec =  766.5918 Mbps     0 retrans
[2024-11-02T16:12:46.398388-0600]    41.1250 MB /   0.50 sec =  689.9602 Mbps     0 retrans
[2024-11-02T16:12:46.898341-0600]    14.1250 MB /   0.50 sec =  236.9758 Mbps     0 retrans
[2024-11-02T16:12:47.398368-0600]    39.0000 MB /   0.50 sec =  654.2853 Mbps     0 retrans
[2024-11-02T16:12:47.898367-0600]    39.5000 MB /   0.50 sec =  662.7159 Mbps     0 retrans
[2024-11-02T16:12:48.398415-0600]    39.6875 MB /   0.50 sec =  665.9097 Mbps     0 retrans
[2024-11-02T16:12:48.898336-0600]    43.7500 MB /   0.50 sec =  733.9548 Mbps     0 retrans
[2024-11-02T16:12:49.399535-0600]    43.8750 MB /   0.50 sec =  734.4303 Mbps     0 retrans
[2024-11-02T16:12:49.898500-0600]    39.5000 MB /   0.50 sec =  664.0081 Mbps     0 retrans
[2024-11-02T16:12:50.398617-0600]    41.2500 MB /   0.50 sec =  692.2734 Mbps     0 retrans
[2024-11-02T16:12:50.898381-0600]    41.0625 MB /   0.50 sec =  688.8896 Mbps     0 retrans
[2024-11-02T16:12:51.398467-0600]    39.7500 MB /   0.50 sec =  666.7583 Mbps     0 retrans
[2024-11-02T16:12:51.898370-0600]    38.6875 MB /   0.50 sec =  649.2088 Mbps     0 retrans
[2024-11-02T16:12:52.398607-0600]    27.3125 MB /   0.50 sec =  458.0482 Mbps     0 retrans
[2024-11-02T16:12:52.898849-0600]    31.3125 MB /   0.50 sec =  525.4827 Mbps     0 retrans
[2024-11-02T16:12:53.398338-0600]    34.4375 MB /   0.50 sec =  577.8428 Mbps     0 retrans
[2024-11-02T16:12:53.898566-0600]    28.3750 MB /   0.50 sec =  476.0326 Mbps     0 retrans
[2024-11-02T16:12:54.398689-0600]    35.0625 MB /   0.50 sec =  588.0524 Mbps     0 retrans
[2024-11-02T16:12:54.898547-0600]    40.3750 MB /   0.50 sec =  677.5671 Mbps     0 retrans
[2024-11-02T16:12:55.398238-0600]    48.0000 MB /   0.50 sec =  805.4352 Mbps     0 retrans
[2024-11-02T16:12:55.898235-0600]    55.5000 MB /   0.50 sec =  931.1467 Mbps     0 retrans
[2024-11-02T16:12:56.398448-0600]    50.1250 MB /   0.50 sec =  840.9395 Mbps     0 retrans
[2024-11-02T16:12:56.898532-0600]    49.8750 MB /   0.50 sec =  836.7268 Mbps     0 retrans
[2024-11-02T16:12:57.398350-0600]    53.0625 MB /   0.50 sec =  890.2197 Mbps     0 retrans
[2024-11-02T16:12:57.898358-0600]    52.8125 MB /   0.50 sec =  886.0201 Mbps     0 retrans
[2024-11-02T16:12:58.398359-0600]    47.1250 MB /   0.50 sec =  790.6437 Mbps     0 retrans
[2024-11-02T16:12:58.898304-0600]    50.6875 MB /   0.50 sec =  850.4121 Mbps     0 retrans
[2024-11-02T16:12:59.398304-0600]    46.8125 MB /   0.50 sec =  785.3928 Mbps     0 retrans
[2024-11-02T16:12:59.898384-0600]    53.8125 MB /   0.50 sec =  902.7680 Mbps     0 retrans
[2024-11-02T16:13:00.398415-0600]    48.5000 MB /   0.50 sec =  813.5957 Mbps     0 retrans
[2024-11-02T16:13:00.898388-0600]    53.6875 MB /   0.50 sec =  900.8709 Mbps     0 retrans
[2024-11-02T16:13:01.398348-0600]    49.9375 MB /   0.50 sec =  837.8055 Mbps     0 retrans
[2024-11-02T16:13:01.899421-0600]    55.2500 MB /   0.50 sec =  924.9987 Mbps     0 retrans
[2024-11-02T16:13:02.398556-0600]    51.7500 MB /   0.50 sec =  869.7900 Mbps     0 retrans
[2024-11-02T16:13:02.898329-0600]    18.8750 MB /   0.50 sec =  316.7662 Mbps     0 retrans
[2024-11-02T16:13:03.398366-0600]    48.0000 MB /   0.50 sec =  805.2661 Mbps     0 retrans
[2024-11-02T16:13:03.898555-0600]    51.3125 MB /   0.50 sec =  860.8981 Mbps     0 retrans
[2024-11-02T16:13:04.398935-0600]    45.5000 MB /   0.50 sec =  763.3282 Mbps     0 retrans
[2024-11-02T16:13:04.899361-0600]    48.7500 MB /   0.50 sec =  816.3627 Mbps     0 retrans
[2024-11-02T16:13:05.398390-0600]    56.3125 MB /   0.50 sec =  946.5161 Mbps     0 retrans
[2024-11-02T16:13:05.898375-0600]    57.1250 MB /   0.50 sec =  958.4962 Mbps     0 retrans
[2024-11-02T16:13:06.398339-0600]    55.7500 MB /   0.50 sec =  935.3317 Mbps     0 retrans
[2024-11-02T16:13:06.898610-0600]    58.1875 MB /   0.50 sec =  976.2594 Mbps     0 retrans
[2024-11-02T16:13:07.398358-0600]    55.0625 MB /   0.50 sec =  923.7640 Mbps     0 retrans
[2024-11-02T16:13:07.898369-0600]    52.5625 MB /   0.50 sec =  881.8489 Mbps     0 retrans
[2024-11-02T16:13:08.398469-0600]    42.2500 MB /   0.50 sec =  708.8445 Mbps     0 retrans
[2024-11-02T16:13:08.898345-0600]    50.8750 MB /   0.50 sec =  853.5409 Mbps     0 retrans
[2024-11-02T16:13:09.398325-0600]    54.1875 MB /   0.50 sec =  909.1190 Mbps     0 retrans
[2024-11-02T16:13:09.898380-0600]    52.3750 MB /   0.50 sec =  878.6628 Mbps     0 retrans
[2024-11-02T16:13:10.398315-0600]    59.5625 MB /   0.50 sec =  999.3489 Mbps     0 retrans
[2024-11-02T16:13:10.898373-0600]    57.7500 MB /   0.50 sec =  968.8435 Mbps     0 retrans
[2024-11-02T16:13:11.398381-0600]    57.1875 MB /   0.50 sec =  959.4605 Mbps     0 retrans
[2024-11-02T16:13:11.898489-0600]    60.5000 MB /   0.50 sec = 1015.0480 Mbps     0 retrans
[2024-11-02T16:13:12.398212-0600]    56.9375 MB /   0.50 sec =  955.3253 Mbps     0 retrans
[2024-11-02T16:13:12.898455-0600]    30.5625 MB /   0.50 sec =  512.6675 Mbps     0 retrans
[2024-11-02T16:13:13.398743-0600]    41.3750 MB /   0.50 sec =  694.2142 Mbps     0 retrans
[2024-11-02T16:13:13.898356-0600]    54.7500 MB /   0.50 sec =  918.5599 Mbps     0 retrans
[2024-11-02T16:13:14.398297-0600]    56.7500 MB /   0.50 sec =  952.1222 Mbps     0 retrans
[2024-11-02T16:13:14.898417-0600]    57.4375 MB /   0.50 sec =  963.4853 Mbps     0 retrans
[2024-11-02T16:13:15.398382-0600]    50.8750 MB /   0.50 sec =  853.6057 Mbps     0 retrans
[2024-11-02T16:13:15.898359-0600]    52.7500 MB /   0.50 sec =  885.0247 Mbps     0 retrans
[2024-11-02T16:13:16.398383-0600]    55.0625 MB /   0.50 sec =  923.7696 Mbps     0 retrans
[2024-11-02T16:13:16.898366-0600]    52.6250 MB /   0.50 sec =  882.9222 Mbps     0 retrans
[2024-11-02T16:13:17.398354-0600]    50.2500 MB /   0.50 sec =  843.0585 Mbps     0 retrans
[2024-11-02T16:13:17.898899-0600]    53.5000 MB /   0.50 sec =  897.6026 Mbps     0 retrans
[2024-11-02T16:13:18.398373-0600]    51.6250 MB /   0.50 sec =  866.1238 Mbps     0 retrans
[2024-11-02T16:13:18.898701-0600]    52.0625 MB /   0.50 sec =  872.8947 Mbps     0 retrans
[2024-11-02T16:13:19.398915-0600]    58.3125 MB /   0.50 sec =  977.9322 Mbps     0 retrans
[2024-11-02T16:13:19.898349-0600]    58.8750 MB /   0.50 sec =  988.8087 Mbps     0 retrans
[2024-11-02T16:13:20.398389-0600]    55.4375 MB /   0.50 sec =  930.0609 Mbps     0 retrans
[2024-11-02T16:13:20.898339-0600]    52.8125 MB /   0.50 sec =  886.0698 Mbps     0 retrans
[2024-11-02T16:13:21.398381-0600]    58.0625 MB /   0.50 sec =  974.0823 Mbps     0 retrans
[2024-11-02T16:13:21.898365-0600]    53.0625 MB /   0.50 sec =  890.2784 Mbps     0 retrans
[2024-11-02T16:13:22.398334-0600]    54.0000 MB /   0.50 sec =  905.9733 Mbps     0 retrans
[2024-11-02T16:13:22.898675-0600]    48.5625 MB /   0.50 sec =  814.7582 Mbps     0 retrans
[2024-11-02T16:13:23.398402-0600]    14.4375 MB /   0.50 sec =  242.1983 Mbps     0 retrans
[2024-11-02T16:13:23.898317-0600]    40.1875 MB /   0.50 sec =  674.2937 Mbps     0 retrans
[2024-11-02T16:13:24.398396-0600]    39.8125 MB /   0.50 sec =  667.9883 Mbps     0 retrans
[2024-11-02T16:13:24.898333-0600]    41.5000 MB /   0.50 sec =  696.2085 Mbps     0 retrans
[2024-11-02T16:13:25.398403-0600]    45.6250 MB /   0.50 sec =  765.4360 Mbps     0 retrans
[2024-11-02T16:13:25.898365-0600]    50.1250 MB /   0.50 sec =  840.9613 Mbps     0 retrans
[2024-11-02T16:13:26.398321-0600]    50.6875 MB /   0.50 sec =  850.3951 Mbps     0 retrans
[2024-11-02T16:13:26.898349-0600]    55.1250 MB /   0.50 sec =  924.8514 Mbps     0 retrans
[2024-11-02T16:13:27.398347-0600]    57.9375 MB /   0.50 sec =  972.0338 Mbps     0 retrans
[2024-11-02T16:13:27.898350-0600]    55.8750 MB /   0.50 sec =  937.3857 Mbps     0 retrans
[2024-11-02T16:13:28.398374-0600]    60.8125 MB /   0.50 sec = 1020.2808 Mbps     0 retrans
[2024-11-02T16:13:28.898334-0600]    59.6875 MB /   0.50 sec = 1001.4181 Mbps     0 retrans
[2024-11-02T16:13:29.398359-0600]    53.8750 MB /   0.50 sec =  903.8581 Mbps     0 retrans
[2024-11-02T16:13:29.898803-0600]    53.4375 MB /   0.50 sec =  896.2994 Mbps     0 retrans
[2024-11-02T16:13:30.398336-0600]    60.1250 MB /   0.50 sec = 1009.0167 Mbps     0 retrans
[2024-11-02T16:13:30.898571-0600]    58.1875 MB /   0.50 sec =  976.2711 Mbps     0 retrans
[2024-11-02T16:13:31.398376-0600]    59.0625 MB /   0.50 sec =  990.8449 Mbps     0 retrans
[2024-11-02T16:13:31.899106-0600]    56.9375 MB /   0.50 sec =  954.4758 Mbps     0 retrans
[2024-11-02T16:13:32.398913-0600]    61.1875 MB /   0.50 sec = 1026.5703 Mbps     0 retrans
[2024-11-02T16:13:32.898358-0600]    59.8750 MB /   0.50 sec = 1005.3039 Mbps     0 retrans
[2024-11-02T16:13:33.398338-0600]    54.5625 MB /   0.50 sec =  915.4398 Mbps     0 retrans
[2024-11-02T16:13:33.898341-0600]    10.4375 MB /   0.50 sec =  175.1129 Mbps     0 retrans
[2024-11-02T16:13:34.398687-0600]    35.1875 MB /   0.50 sec =  590.3601 Mbps     0 retrans
[2024-11-02T16:13:34.898374-0600]    40.0000 MB /   0.50 sec =  671.0699 Mbps     0 retrans
[2024-11-02T16:13:35.398420-0600]    47.8125 MB /   0.50 sec =  802.2328 Mbps     0 retrans
[2024-11-02T16:13:35.898400-0600]    51.8750 MB /   0.50 sec =  870.2206 Mbps     0 retrans
[2024-11-02T16:13:36.398893-0600]    50.3750 MB /   0.50 sec =  845.1624 Mbps     0 retrans
[2024-11-02T16:13:36.898325-0600]    52.9375 MB /   0.50 sec =  888.1776 Mbps     0 retrans
[2024-11-02T16:13:37.398492-0600]    47.5000 MB /   0.50 sec =  796.9050 Mbps     0 retrans
[2024-11-02T16:13:37.898393-0600]    48.6875 MB /   0.50 sec =  816.8227 Mbps     0 retrans
[2024-11-02T16:13:38.398664-0600]    47.1875 MB /   0.50 sec =  791.1385 Mbps     0 retrans
[2024-11-02T16:13:38.898381-0600]    45.1875 MB /   0.50 sec =  758.6318 Mbps     0 retrans
[2024-11-02T16:13:39.398342-0600]    55.0000 MB /   0.50 sec =  922.7709 Mbps     0 retrans
[2024-11-02T16:13:39.898342-0600]    52.9375 MB /   0.50 sec =  888.1474 Mbps     0 retrans
[2024-11-02T16:13:40.398365-0600]    49.1875 MB /   0.50 sec =  825.2211 Mbps     0 retrans
[2024-11-02T16:13:40.898420-0600]    50.0625 MB /   0.50 sec =  839.9211 Mbps     0 retrans
[2024-11-02T16:13:41.398831-0600]    57.3125 MB /   0.50 sec =  960.6719 Mbps     0 retrans
[2024-11-02T16:13:41.898381-0600]    54.4375 MB /   0.50 sec =  914.1013 Mbps     0 retrans
[2024-11-02T16:13:42.398349-0600]    58.4375 MB /   0.50 sec =  980.4519 Mbps     0 retrans
[2024-11-02T16:13:42.898382-0600]    55.2500 MB /   0.50 sec =  926.9152 Mbps     0 retrans
[2024-11-02T16:13:43.399427-0600]    43.7500 MB /   0.50 sec =  732.4957 Mbps     0 retrans
[2024-11-02T16:13:43.898370-0600]    39.5000 MB /   0.50 sec =  664.0494 Mbps     0 retrans
[2024-11-02T16:13:44.398357-0600]    27.0000 MB /   0.50 sec =  453.0084 Mbps     0 retrans
[2024-11-02T16:13:44.898355-0600]    53.7500 MB /   0.50 sec =  901.6960 Mbps     0 retrans
[2024-11-02T16:13:45.398434-0600]    58.1875 MB /   0.50 sec =  976.3727 Mbps     0 retrans
[2024-11-02T16:13:45.898468-0600]    59.6250 MB /   0.50 sec = 1000.1095 Mbps     0 retrans
[2024-11-02T16:13:46.398658-0600]    56.4375 MB /   0.50 sec =  946.6464 Mbps     0 retrans
[2024-11-02T16:13:46.898782-0600]    51.8750 MB /   0.50 sec =  869.9127 Mbps     0 retrans
[2024-11-02T16:13:47.398418-0600]    43.0000 MB /   0.50 sec =  721.9401 Mbps     0 retrans
[2024-11-02T16:13:47.898386-0600]    51.8125 MB /   0.50 sec =  869.3651 Mbps     0 retrans
[2024-11-02T16:13:48.398380-0600]    51.7500 MB /   0.50 sec =  868.2244 Mbps     0 retrans
[2024-11-02T16:13:48.898605-0600]    46.3125 MB /   0.50 sec =  776.9280 Mbps     0 retrans
[2024-11-02T16:13:49.398456-0600]    52.4375 MB /   0.50 sec =  879.6937 Mbps     0 retrans
[2024-11-02T16:13:49.898537-0600]    52.1875 MB /   0.50 sec =  875.6328 Mbps     0 retrans
[2024-11-02T16:13:50.398360-0600]    51.0625 MB /   0.50 sec =  856.7551 Mbps     0 retrans
[2024-11-02T16:13:50.898378-0600]    50.8750 MB /   0.50 sec =  853.6348 Mbps     0 retrans
[2024-11-02T16:13:51.398338-0600]    57.2500 MB /   0.50 sec =  960.4073 Mbps     0 retrans
[2024-11-02T16:13:51.898749-0600]    56.5625 MB /   0.50 sec =  948.9006 Mbps     0 retrans
[2024-11-02T16:13:52.398354-0600]    54.3125 MB /   0.50 sec =  911.2800 Mbps     0 retrans
[2024-11-02T16:13:52.898351-0600]    53.6875 MB /   0.50 sec =  900.7088 Mbps     0 retrans
[2024-11-02T16:13:53.398369-0600]    53.5625 MB /   0.50 sec =  898.6260 Mbps     0 retrans
[2024-11-02T16:13:53.898339-0600]    52.6875 MB /   0.50 sec =  883.9566 Mbps     0 retrans
[2024-11-02T16:13:54.398378-0600]    52.3750 MB /   0.50 sec =  878.7014 Mbps     0 retrans
[2024-11-02T16:13:54.898391-0600]    48.1875 MB /   0.50 sec =  808.4181 Mbps     0 retrans
[2024-11-02T16:13:55.398327-0600]    16.2500 MB /   0.50 sec =  272.6418 Mbps     0 retrans
[2024-11-02T16:13:55.898342-0600]    45.2500 MB /   0.50 sec =  759.1994 Mbps     0 retrans
[2024-11-02T16:13:56.398387-0600]    45.5000 MB /   0.50 sec =  763.4030 Mbps     0 retrans
[2024-11-02T16:13:56.898402-0600]    42.2500 MB /   0.50 sec =  708.7693 Mbps     0 retrans
[2024-11-02T16:13:57.398311-0600]    44.3125 MB /   0.50 sec =  743.4478 Mbps     0 retrans
[2024-11-02T16:13:57.898472-0600]    44.5625 MB /   0.50 sec =  747.6481 Mbps     0 retrans
[2024-11-02T16:13:58.398311-0600]    43.7500 MB /   0.50 sec =  734.0003 Mbps     0 retrans
[2024-11-02T16:13:58.898394-0600]    46.4375 MB /   0.50 sec =  779.0561 Mbps     0 retrans
[2024-11-02T16:13:59.398420-0600]    32.1250 MB /   0.50 sec =  538.9508 Mbps     0 retrans
[2024-11-02T16:13:59.898347-0600]    37.1250 MB /   0.50 sec =  622.9040 Mbps     0 retrans
[2024-11-02T16:14:00.398373-0600]    40.3750 MB /   0.50 sec =  677.3340 Mbps     0 retrans
[2024-11-02T16:14:00.898516-0600]    36.5000 MB /   0.50 sec =  612.3414 Mbps     0 retrans
[2024-11-02T16:14:01.398423-0600]    42.7500 MB /   0.50 sec =  717.2618 Mbps     0 retrans
[2024-11-02T16:14:01.898416-0600]    45.6250 MB /   0.50 sec =  765.5646 Mbps     0 retrans
[2024-11-02T16:14:02.398360-0600]    46.8750 MB /   0.50 sec =  786.3628 Mbps     0 retrans
[2024-11-02T16:14:02.898402-0600]    43.0625 MB /   0.50 sec =  722.4414 Mbps     0 retrans
[2024-11-02T16:14:03.398370-0600]    42.7500 MB /   0.50 sec =  717.2360 Mbps     0 retrans
[2024-11-02T16:14:03.898368-0600]    41.0625 MB /   0.50 sec =  688.9158 Mbps     0 retrans
[2024-11-02T16:14:04.399507-0600]    27.1875 MB /   0.50 sec =  455.1266 Mbps     0 retrans
[2024-11-02T16:14:04.898408-0600]    42.0000 MB /   0.50 sec =  706.1670 Mbps     0 retrans
[2024-11-02T16:14:05.399444-0600]    40.5000 MB /   0.50 sec =  678.0980 Mbps     0 retrans
[2024-11-02T16:14:05.898465-0600]    43.8750 MB /   0.50 sec =  737.6391 Mbps     0 retrans
[2024-11-02T16:14:06.398472-0600]    45.6250 MB /   0.50 sec =  765.4299 Mbps     0 retrans
[2024-11-02T16:14:06.898387-0600]    43.2500 MB /   0.50 sec =  725.6349 Mbps     0 retrans
[2024-11-02T16:14:07.398365-0600]    46.5000 MB /   0.50 sec =  780.0906 Mbps     0 retrans
[2024-11-02T16:14:07.898337-0600]    48.3125 MB /   0.50 sec =  810.6352 Mbps     0 retrans
[2024-11-02T16:14:08.398395-0600]    46.7500 MB /   0.50 sec =  784.3082 Mbps     0 retrans
[2024-11-02T16:14:08.898995-0600]    41.3750 MB /   0.50 sec =  694.1767 Mbps     0 retrans
[2024-11-02T16:14:09.398358-0600]    48.0625 MB /   0.50 sec =  806.3598 Mbps     0 retrans
[2024-11-02T16:14:09.898294-0600]    46.6875 MB /   0.50 sec =  783.3019 Mbps     0 retrans
[2024-11-02T16:14:10.398361-0600]    48.0000 MB /   0.50 sec =  805.2677 Mbps     0 retrans
[2024-11-02T16:14:10.898372-0600]    44.5000 MB /   0.50 sec =  746.5951 Mbps     0 retrans
[2024-11-02T16:14:11.398365-0600]    46.4375 MB /   0.50 sec =  779.0655 Mbps     0 retrans
End time: 1730585651907
