Start time: 1730585868366
[2024-11-02T16:17:53.438558-0600] traceroute to 54.176.53.206 (54.176.53.206), 30 hops max, 60 byte packets
[2024-11-02T16:17:53.439134-0600]  1  * * *
[2024-11-02T16:17:53.441663-0600]  2  * * *
[2024-11-02T16:17:53.441743-0600]  3  * * *
[2024-11-02T16:17:53.441774-0600]  4  * * *
[2024-11-02T16:17:53.441800-0600]  5  * * *
[2024-11-02T16:17:58.446319-0600]  6  * * *
[2024-11-02T16:17:58.446778-0600]  7  * * *
[2024-11-02T16:17:58.446913-0600]  8  * * *
[2024-11-02T16:17:58.447026-0600]  9  * * *
[2024-11-02T16:17:58.447129-0600] 10  * * *
[2024-11-02T16:18:03.456275-0600] 11  * * *
[2024-11-02T16:18:03.456684-0600] 12  * * *
[2024-11-02T16:18:03.462071-0600] 13  * * *
[2024-11-02T16:18:03.462301-0600] 14  * * *
[2024-11-02T16:18:03.468788-0600] 15  * * *
[2024-11-02T16:18:08.461660-0600] 16  * * *
[2024-11-02T16:18:08.462118-0600] 17  * * *
[2024-11-02T16:18:08.466490-0600] 18  * * *
[2024-11-02T16:18:08.469703-0600] 19  * * *
[2024-11-02T16:18:08.471553-0600] 20  * * *
[2024-11-02T16:18:08.475499-0600] 21  * * *
[2024-11-02T16:18:13.469173-0600] 22  * * *
[2024-11-02T16:18:13.469537-0600] 23  * * *
[2024-11-02T16:18:13.476127-0600] 24  * * *
[2024-11-02T16:18:13.476648-0600] 25  * * *
[2024-11-02T16:18:13.476802-0600] 26  * * *
[2024-11-02T16:18:18.433769-0600] 27  * *End time: 1730585898491
