Start time: 1730758501154
[2024-11-04T16:15:02.096855-0600] nuttcp-r: v8.1.4: socket
[2024-11-04T16:15:02.097985-0600] nuttcp-r: buflen=65536, nstream=1, port=5379 tcp
[2024-11-04T16:15:02.098123-0600] nuttcp-r: interval reporting every 0.50 seconds
[2024-11-04T16:15:02.098239-0600] nuttcp-r: connect to 54.176.53.206 with RTT=78.028 ms af=inet
[2024-11-04T16:15:02.098347-0600] nuttcp-r: send window size = 2097152, receive window size = 6291456
[2024-11-04T16:15:02.098449-0600] nuttcp-r: available send window = 1572864, available receive window = 4718592
[2024-11-04T16:15:02.098550-0600]     0.3125 MB /   0.50 sec =    5.2423 Mbps     0 retrans
[2024-11-04T16:15:02.596709-0600]     5.1875 MB /   0.50 sec =   87.0290 Mbps     0 retrans
[2024-11-04T16:15:03.096739-0600]    15.3750 MB /   0.50 sec =  257.9270 Mbps     0 retrans
[2024-11-04T16:15:03.596769-0600]    26.1875 MB /   0.50 sec =  439.3305 Mbps     0 retrans
[2024-11-04T16:15:04.096750-0600]    23.5000 MB /   0.50 sec =  394.2685 Mbps     0 retrans
[2024-11-04T16:15:04.596693-0600]    22.0625 MB /   0.50 sec =  370.2021 Mbps     0 retrans
[2024-11-04T16:15:05.096664-0600]    17.6875 MB /   0.50 sec =  296.7482 Mbps     0 retrans
[2024-11-04T16:15:05.596853-0600]    15.8125 MB /   0.50 sec =  265.2887 Mbps     0 retrans
[2024-11-04T16:15:06.096691-0600]    13.3750 MB /   0.50 sec =  224.3930 Mbps     0 retrans
[2024-11-04T16:15:06.596576-0600]    26.3750 MB /   0.50 sec =  442.5380 Mbps     0 retrans
[2024-11-04T16:15:07.096693-0600]    23.6250 MB /   0.50 sec =  396.3387 Mbps     0 retrans
[2024-11-04T16:15:07.596595-0600]    24.3125 MB /   0.50 sec =  407.9026 Mbps     0 retrans
[2024-11-04T16:15:08.096674-0600]    25.6875 MB /   0.50 sec =  430.9604 Mbps     0 retrans
[2024-11-04T16:15:08.596739-0600]    26.6250 MB /   0.50 sec =  446.6657 Mbps     0 retrans
[2024-11-04T16:15:09.096760-0600]    29.3750 MB /   0.50 sec =  492.8613 Mbps     0 retrans
[2024-11-04T16:15:09.596785-0600]    30.7500 MB /   0.50 sec =  515.8653 Mbps     0 retrans
[2024-11-04T16:15:10.096665-0600]    30.6250 MB /   0.50 sec =  513.8320 Mbps     0 retrans
[2024-11-04T16:15:10.596742-0600]    30.8750 MB /   0.50 sec =  517.9282 Mbps     0 retrans
[2024-11-04T16:15:11.096648-0600]    28.6250 MB /   0.50 sec =  480.3093 Mbps     0 retrans
[2024-11-04T16:15:11.596591-0600]    29.4375 MB /   0.50 sec =  493.8832 Mbps     0 retrans
[2024-11-04T16:15:12.096803-0600]    22.8125 MB /   0.50 sec =  382.7126 Mbps     0 retrans
[2024-11-04T16:15:12.597015-0600]    17.6250 MB /   0.50 sec =  295.5276 Mbps     0 retrans
[2024-11-04T16:15:13.096609-0600]    26.7500 MB /   0.50 sec =  449.0734 Mbps     0 retrans
[2024-11-04T16:15:13.596739-0600]    19.8125 MB /   0.50 sec =  332.3886 Mbps     0 retrans
[2024-11-04T16:15:14.096841-0600]    24.3125 MB /   0.50 sec =  407.8855 Mbps     0 retrans
[2024-11-04T16:15:14.596634-0600]    19.9375 MB /   0.50 sec =  334.5064 Mbps     0 retrans
[2024-11-04T16:15:15.096694-0600]    11.9375 MB /   0.50 sec =  200.2692 Mbps     0 retrans
[2024-11-04T16:15:15.596753-0600]    15.6250 MB /   0.50 sec =  262.1414 Mbps     0 retrans
[2024-11-04T16:15:16.096617-0600]    14.5000 MB /   0.50 sec =  243.2876 Mbps     0 retrans
[2024-11-04T16:15:16.596723-0600]    12.6250 MB /   0.50 sec =  211.8056 Mbps     0 retrans
[2024-11-04T16:15:17.096662-0600]    18.0000 MB /   0.50 sec =  302.0062 Mbps     0 retrans
[2024-11-04T16:15:17.596881-0600]    16.9375 MB /   0.50 sec =  284.1488 Mbps     0 retrans
[2024-11-04T16:15:18.096638-0600]    17.4375 MB /   0.50 sec =  292.5603 Mbps     0 retrans
[2024-11-04T16:15:18.596657-0600]    22.1250 MB /   0.50 sec =  371.2070 Mbps     0 retrans
[2024-11-04T16:15:19.096617-0600]    22.6875 MB /   0.50 sec =  380.6148 Mbps     0 retrans
[2024-11-04T16:15:19.596766-0600]    24.9375 MB /   0.50 sec =  418.3425 Mbps     0 retrans
[2024-11-04T16:15:20.096660-0600]    24.5000 MB /   0.50 sec =  411.0796 Mbps     0 retrans
[2024-11-04T16:15:20.596664-0600]    24.8750 MB /   0.50 sec =  417.3241 Mbps     0 retrans
[2024-11-04T16:15:21.096661-0600]    19.3750 MB /   0.50 sec =  325.0625 Mbps     0 retrans
[2024-11-04T16:15:21.596641-0600]    22.6250 MB /   0.50 sec =  379.5982 Mbps     0 retrans
[2024-11-04T16:15:22.096844-0600]    23.7500 MB /   0.50 sec =  398.4573 Mbps     0 retrans
[2024-11-04T16:15:22.596593-0600]    14.6250 MB /   0.50 sec =  245.3692 Mbps     0 retrans
[2024-11-04T16:15:23.096691-0600]    25.5000 MB /   0.50 sec =  427.7985 Mbps     0 retrans
[2024-11-04T16:15:23.596677-0600]    25.1875 MB /   0.50 sec =  422.5913 Mbps     0 retrans
[2024-11-04T16:15:24.096666-0600]    30.6250 MB /   0.50 sec =  513.7868 Mbps     0 retrans
[2024-11-04T16:15:24.596717-0600]    24.3750 MB /   0.50 sec =  408.9324 Mbps     0 retrans
[2024-11-04T16:15:25.100595-0600]    25.6250 MB /   0.50 sec =  426.6557 Mbps     0 retrans
[2024-11-04T16:15:25.596705-0600]    26.9375 MB /   0.50 sec =  455.4239 Mbps     0 retrans
[2024-11-04T16:15:26.096581-0600]    25.7500 MB /   0.50 sec =  432.0522 Mbps     0 retrans
[2024-11-04T16:15:26.596690-0600]    26.7500 MB /   0.50 sec =  448.7510 Mbps     0 retrans
[2024-11-04T16:15:27.096650-0600]    22.1250 MB /   0.50 sec =  371.2174 Mbps     0 retrans
[2024-11-04T16:15:27.596652-0600]    25.3125 MB /   0.50 sec =  424.6656 Mbps     0 retrans
[2024-11-04T16:15:28.096974-0600]    30.5625 MB /   0.50 sec =  512.6757 Mbps     0 retrans
[2024-11-04T16:15:28.597098-0600]    20.9375 MB /   0.50 sec =  351.2456 Mbps     0 retrans
[2024-11-04T16:15:29.096656-0600]    32.5625 MB /   0.50 sec =  546.4152 Mbps     0 retrans
[2024-11-04T16:15:29.596694-0600]    31.1250 MB /   0.50 sec =  522.1961 Mbps     0 retrans
[2024-11-04T16:15:30.096700-0600]    33.7500 MB /   0.50 sec =  566.2152 Mbps     0 retrans
[2024-11-04T16:15:30.597934-0600]    32.0625 MB /   0.50 sec =  537.8926 Mbps     0 retrans
[2024-11-04T16:15:31.096616-0600]    36.8750 MB /   0.50 sec =  618.7353 Mbps     0 retrans
[2024-11-04T16:15:31.596705-0600]    33.0000 MB /   0.50 sec =  553.6072 Mbps     0 retrans
[2024-11-04T16:15:32.096691-0600]    34.2500 MB /   0.50 sec =  574.6128 Mbps     0 retrans
[2024-11-04T16:15:32.596868-0600]    38.6875 MB /   0.50 sec =  649.0569 Mbps     0 retrans
[2024-11-04T16:15:33.096723-0600]    32.7500 MB /   0.50 sec =  549.4780 Mbps     0 retrans
[2024-11-04T16:15:33.596607-0600]    23.1250 MB /   0.50 sec =  387.9964 Mbps     0 retrans
[2024-11-04T16:15:34.096725-0600]    22.7500 MB /   0.50 sec =  381.6534 Mbps     0 retrans
[2024-11-04T16:15:34.596690-0600]    23.3125 MB /   0.50 sec =  391.1204 Mbps     0 retrans
[2024-11-04T16:15:35.096594-0600]    24.2500 MB /   0.50 sec =  406.8841 Mbps     0 retrans
[2024-11-04T16:15:35.596762-0600]    13.6875 MB /   0.50 sec =  229.6042 Mbps     0 retrans
[2024-11-04T16:15:36.096662-0600]    20.6875 MB /   0.50 sec =  347.0807 Mbps     0 retrans
[2024-11-04T16:15:36.596727-0600]    21.6875 MB /   0.50 sec =  363.8675 Mbps     0 retrans
[2024-11-04T16:15:37.096735-0600]    26.6250 MB /   0.50 sec =  446.6666 Mbps     0 retrans
[2024-11-04T16:15:37.596742-0600]    29.3750 MB /   0.50 sec =  492.8406 Mbps     0 retrans
[2024-11-04T16:15:38.096843-0600]    23.4375 MB /   0.50 sec =  393.2514 Mbps     0 retrans
[2024-11-04T16:15:38.596620-0600]    17.3750 MB /   0.50 sec =  291.5140 Mbps     0 retrans
[2024-11-04T16:15:39.096785-0600]    15.2500 MB /   0.50 sec =  255.8331 Mbps     0 retrans
[2024-11-04T16:15:39.596688-0600]    19.8125 MB /   0.50 sec =  332.4092 Mbps     0 retrans
[2024-11-04T16:15:40.096648-0600]    26.4375 MB /   0.50 sec =  443.5494 Mbps     0 retrans
[2024-11-04T16:15:40.596781-0600]    29.3125 MB /   0.50 sec =  491.6750 Mbps     0 retrans
[2024-11-04T16:15:41.096606-0600]    34.0625 MB /   0.50 sec =  571.6260 Mbps     0 retrans
[2024-11-04T16:15:41.596608-0600]    31.5625 MB /   0.50 sec =  529.5288 Mbps     0 retrans
[2024-11-04T16:15:42.096891-0600]    30.8125 MB /   0.50 sec =  516.9045 Mbps     0 retrans
[2024-11-04T16:15:42.596781-0600]    29.6875 MB /   0.50 sec =  498.0915 Mbps     0 retrans
[2024-11-04T16:15:43.096699-0600]    30.4375 MB /   0.50 sec =  510.6626 Mbps     0 retrans
[2024-11-04T16:15:43.596643-0600]    29.0625 MB /   0.50 sec =  487.5664 Mbps     0 retrans
[2024-11-04T16:15:44.096633-0600]    31.7500 MB /   0.50 sec =  532.7139 Mbps     0 retrans
[2024-11-04T16:15:44.596748-0600]    33.0000 MB /   0.50 sec =  553.6160 Mbps     0 retrans
[2024-11-04T16:15:45.096626-0600]    35.2500 MB /   0.50 sec =  591.4465 Mbps     0 retrans
[2024-11-04T16:15:45.596721-0600]    35.0000 MB /   0.50 sec =  587.1427 Mbps     0 retrans
[2024-11-04T16:15:46.096580-0600]    24.1875 MB /   0.50 sec =  405.8468 Mbps     0 retrans
[2024-11-04T16:15:46.596705-0600]    31.8750 MB /   0.50 sec =  534.6711 Mbps     0 retrans
[2024-11-04T16:15:47.096754-0600]    30.6250 MB /   0.50 sec =  513.8516 Mbps     0 retrans
[2024-11-04T16:15:47.596883-0600]    23.7500 MB /   0.50 sec =  398.4302 Mbps     0 retrans
[2024-11-04T16:15:48.096672-0600]    28.7500 MB /   0.50 sec =  482.3787 Mbps     0 retrans
[2024-11-04T16:15:48.596868-0600]    31.9375 MB /   0.50 sec =  535.6209 Mbps     0 retrans
[2024-11-04T16:15:49.096792-0600]    34.6875 MB /   0.50 sec =  582.1215 Mbps     0 retrans
[2024-11-04T16:15:49.596632-0600]    32.1875 MB /   0.50 sec =  540.0869 Mbps     0 retrans
[2024-11-04T16:15:50.096699-0600]    33.6875 MB /   0.50 sec =  565.1983 Mbps     0 retrans
[2024-11-04T16:15:50.596894-0600]    32.3125 MB /   0.50 sec =  541.8851 Mbps     0 retrans
[2024-11-04T16:15:51.096752-0600]    33.3750 MB /   0.50 sec =  560.1827 Mbps     0 retrans
[2024-11-04T16:15:51.596682-0600]    31.0625 MB /   0.50 sec =  521.1120 Mbps     0 retrans
[2024-11-04T16:15:52.096765-0600]    29.5000 MB /   0.50 sec =  494.9516 Mbps     0 retrans
[2024-11-04T16:15:52.596741-0600]    15.3750 MB /   0.50 sec =  257.9234 Mbps     0 retrans
[2024-11-04T16:15:53.096742-0600]     1.4375 MB /   0.50 sec =   24.1174 Mbps     0 retrans
[2024-11-04T16:15:53.596628-0600]     3.5625 MB /   0.50 sec =   59.7717 Mbps     0 retrans
[2024-11-04T16:15:54.096699-0600]     0.7500 MB /   0.50 sec =   12.5827 Mbps     0 retrans
[2024-11-04T16:15:54.596675-0600]    26.0000 MB /   0.50 sec =  436.2286 Mbps     0 retrans
[2024-11-04T16:15:55.096582-0600]    38.8125 MB /   0.50 sec =  651.2022 Mbps     0 retrans
[2024-11-04T16:15:55.596687-0600]    39.0625 MB /   0.50 sec =  655.2866 Mbps     0 retrans
[2024-11-04T16:15:56.096649-0600]    40.0000 MB /   0.50 sec =  671.1611 Mbps     0 retrans
[2024-11-04T16:15:56.597184-0600]    39.4375 MB /   0.50 sec =  661.5615 Mbps     0 retrans
[2024-11-04T16:15:57.096810-0600]    42.6875 MB /   0.50 sec =  716.1932 Mbps     0 retrans
[2024-11-04T16:15:57.596697-0600]    33.0625 MB /   0.50 sec =  554.6790 Mbps     0 retrans
[2024-11-04T16:15:58.096678-0600]    34.8750 MB /   0.50 sec =  585.1557 Mbps     0 retrans
[2024-11-04T16:15:58.596776-0600]    22.6875 MB /   0.50 sec =  380.6171 Mbps     0 retrans
[2024-11-04T16:15:59.097249-0600]    37.8125 MB /   0.50 sec =  633.7269 Mbps     0 retrans
[2024-11-04T16:15:59.596622-0600]    39.9375 MB /   0.50 sec =  670.7927 Mbps     0 retrans
[2024-11-04T16:16:00.096909-0600]    41.1875 MB /   0.50 sec =  690.9646 Mbps     0 retrans
[2024-11-04T16:16:00.596772-0600]    19.8125 MB /   0.50 sec =  332.3786 Mbps     0 retrans
[2024-11-04T16:16:01.096612-0600]    40.0625 MB /   0.50 sec =  672.2165 Mbps     0 retrans
[2024-11-04T16:16:01.596686-0600]    25.5000 MB /   0.50 sec =  427.8122 Mbps     0 retrans
[2024-11-04T16:16:02.096680-0600]    23.6875 MB /   0.50 sec =  397.4024 Mbps     0 retrans
[2024-11-04T16:16:02.596857-0600]    16.3125 MB /   0.50 sec =  273.6001 Mbps     0 retrans
[2024-11-04T16:16:03.096737-0600]    31.9375 MB /   0.50 sec =  535.9553 Mbps     0 retrans
[2024-11-04T16:16:03.596648-0600]    31.5000 MB /   0.50 sec =  528.4802 Mbps     0 retrans
[2024-11-04T16:16:04.096864-0600]    29.4375 MB /   0.50 sec =  493.8902 Mbps     0 retrans
[2024-11-04T16:16:04.596678-0600]    28.8125 MB /   0.50 sec =  483.4003 Mbps     0 retrans
[2024-11-04T16:16:05.096788-0600]    26.3125 MB /   0.50 sec =  441.4434 Mbps     0 retrans
[2024-11-04T16:16:05.596723-0600]    11.2500 MB /   0.50 sec =  188.7384 Mbps     0 retrans
[2024-11-04T16:16:06.097099-0600]    24.0000 MB /   0.50 sec =  402.3024 Mbps     0 retrans
[2024-11-04T16:16:06.596595-0600]    29.2500 MB /   0.50 sec =  491.2100 Mbps     0 retrans
[2024-11-04T16:16:07.096823-0600]    31.8750 MB /   0.50 sec =  534.6978 Mbps     0 retrans
[2024-11-04T16:16:07.596673-0600]    31.2500 MB /   0.50 sec =  524.3646 Mbps     0 retrans
[2024-11-04T16:16:08.096729-0600]    30.8125 MB /   0.50 sec =  516.9242 Mbps     0 retrans
[2024-11-04T16:16:08.597010-0600]     6.8125 MB /   0.50 sec =  114.2751 Mbps     0 retrans
[2024-11-04T16:16:09.096657-0600]    24.0000 MB /   0.50 sec =  402.7289 Mbps     0 retrans
[2024-11-04T16:16:09.596800-0600]    30.9375 MB /   0.50 sec =  518.9341 Mbps     0 retrans
[2024-11-04T16:16:10.096709-0600]    14.0625 MB /   0.50 sec =  235.9697 Mbps     0 retrans
[2024-11-04T16:16:10.596822-0600]    36.1250 MB /   0.50 sec =  606.0794 Mbps     0 retrans
[2024-11-04T16:16:11.096869-0600]    37.5000 MB /   0.50 sec =  629.0475 Mbps     0 retrans
[2024-11-04T16:16:11.596717-0600]    36.6875 MB /   0.50 sec =  615.5634 Mbps     0 retrans
[2024-11-04T16:16:12.096907-0600]    21.0000 MB /   0.50 sec =  352.3159 Mbps     0 retrans
[2024-11-04T16:16:12.596659-0600]    27.5625 MB /   0.50 sec =  462.4803 Mbps     0 retrans
[2024-11-04T16:16:13.096602-0600]    26.7500 MB /   0.50 sec =  448.8184 Mbps     0 retrans
[2024-11-04T16:16:13.596730-0600]    32.9375 MB /   0.50 sec =  552.5056 Mbps     0 retrans
[2024-11-04T16:16:14.096653-0600]    29.5000 MB /   0.50 sec =  494.9833 Mbps     0 retrans
[2024-11-04T16:16:14.596709-0600]    25.8750 MB /   0.50 sec =  434.0428 Mbps     0 retrans
[2024-11-04T16:16:15.096734-0600]    29.0625 MB /   0.50 sec =  487.6005 Mbps     0 retrans
[2024-11-04T16:16:15.596716-0600]    33.6250 MB /   0.50 sec =  564.1407 Mbps     0 retrans
[2024-11-04T16:16:16.096711-0600]    26.0625 MB /   0.50 sec =  437.2544 Mbps     0 retrans
[2024-11-04T16:16:16.596703-0600]    30.3125 MB /   0.50 sec =  508.6062 Mbps     0 retrans
[2024-11-04T16:16:17.096646-0600]    38.0625 MB /   0.50 sec =  638.6032 Mbps     0 retrans
[2024-11-04T16:16:17.596799-0600]    38.1250 MB /   0.50 sec =  639.4229 Mbps     0 retrans
[2024-11-04T16:16:18.096666-0600]    37.0625 MB /   0.50 sec =  621.9971 Mbps     0 retrans
[2024-11-04T16:16:18.596811-0600]    35.3125 MB /   0.50 sec =  592.3921 Mbps     0 retrans
[2024-11-04T16:16:19.096684-0600]    31.1875 MB /   0.50 sec =  523.2897 Mbps     0 retrans
[2024-11-04T16:16:19.596727-0600]    26.7500 MB /   0.50 sec =  448.7367 Mbps     0 retrans
[2024-11-04T16:16:20.096652-0600]    24.1875 MB /   0.50 sec =  405.8517 Mbps     0 retrans
[2024-11-04T16:16:20.596697-0600]    29.7500 MB /   0.50 sec =  499.0723 Mbps     0 retrans
[2024-11-04T16:16:21.096637-0600]    13.9375 MB /   0.50 sec =  233.8572 Mbps     0 retrans
[2024-11-04T16:16:21.596624-0600]    16.7500 MB /   0.50 sec =  281.0184 Mbps     0 retrans
[2024-11-04T16:16:22.096871-0600]    38.7500 MB /   0.50 sec =  650.0573 Mbps     0 retrans
[2024-11-04T16:16:22.596708-0600]    34.9375 MB /   0.50 sec =  586.1341 Mbps     0 retrans
[2024-11-04T16:16:23.096893-0600]    37.3750 MB /   0.50 sec =  627.1087 Mbps     0 retrans
[2024-11-04T16:16:23.596692-0600]    27.7500 MB /   0.50 sec =  465.5724 Mbps     0 retrans
[2024-11-04T16:16:24.096653-0600]    39.8125 MB /   0.50 sec =  667.9483 Mbps     0 retrans
[2024-11-04T16:16:24.596694-0600]    43.0625 MB /   0.50 sec =  722.4703 Mbps     0 retrans
[2024-11-04T16:16:25.096630-0600]    37.7500 MB /   0.50 sec =  633.3551 Mbps     0 retrans
[2024-11-04T16:16:25.596648-0600]    26.3750 MB /   0.50 sec =  442.4938 Mbps     0 retrans
[2024-11-04T16:16:26.096594-0600]    20.5000 MB /   0.50 sec =  343.9487 Mbps     0 retrans
[2024-11-04T16:16:26.596611-0600]    25.5000 MB /   0.50 sec =  427.7968 Mbps     0 retrans
[2024-11-04T16:16:27.096769-0600]    26.5625 MB /   0.50 sec =  445.6198 Mbps     0 retrans
[2024-11-04T16:16:27.596748-0600]    27.5625 MB /   0.50 sec =  462.4340 Mbps     0 retrans
[2024-11-04T16:16:28.096765-0600]    28.1875 MB /   0.50 sec =  472.9210 Mbps     0 retrans
[2024-11-04T16:16:28.596687-0600]    30.5000 MB /   0.50 sec =  511.6928 Mbps     0 retrans
[2024-11-04T16:16:29.096722-0600]    31.0625 MB /   0.50 sec =  521.1204 Mbps     0 retrans
[2024-11-04T16:16:29.596736-0600]    33.5625 MB /   0.50 sec =  563.0797 Mbps     0 retrans
[2024-11-04T16:16:30.096699-0600]    35.1875 MB /   0.50 sec =  590.3743 Mbps     0 retrans
[2024-11-04T16:16:30.596758-0600]    31.1250 MB /   0.50 sec =  522.2065 Mbps     0 retrans
[2024-11-04T16:16:31.096641-0600]    29.3750 MB /   0.50 sec =  492.8297 Mbps     0 retrans
[2024-11-04T16:16:31.596706-0600]    25.5000 MB /   0.50 sec =  427.8190 Mbps     0 retrans
[2024-11-04T16:16:32.096655-0600]    29.5000 MB /   0.50 sec =  494.9318 Mbps     0 retrans
[2024-11-04T16:16:32.596773-0600]    24.0000 MB /   0.50 sec =  402.6347 Mbps     0 retrans
[2024-11-04T16:16:33.096677-0600]    35.1250 MB /   0.50 sec =  589.3150 Mbps     0 retrans
[2024-11-04T16:16:33.596638-0600]    35.3125 MB /   0.50 sec =  592.4597 Mbps     0 retrans
[2024-11-04T16:16:34.096664-0600]    34.2500 MB /   0.50 sec =  574.6461 Mbps     0 retrans
[2024-11-04T16:16:34.596652-0600]    26.8750 MB /   0.50 sec =  450.8687 Mbps     0 retrans
[2024-11-04T16:16:35.096662-0600]    27.8750 MB /   0.50 sec =  467.6527 Mbps     0 retrans
[2024-11-04T16:16:35.596695-0600]    29.8750 MB /   0.50 sec =  501.2294 Mbps     0 retrans
[2024-11-04T16:16:36.096678-0600]    27.7500 MB /   0.50 sec =  465.5501 Mbps     0 retrans
[2024-11-04T16:16:36.596604-0600]    26.7500 MB /   0.50 sec =  448.8255 Mbps     0 retrans
[2024-11-04T16:16:37.096654-0600]    24.8125 MB /   0.50 sec =  416.2647 Mbps     0 retrans
[2024-11-04T16:16:37.596887-0600]    25.6875 MB /   0.50 sec =  430.7442 Mbps     0 retrans
[2024-11-04T16:16:38.096648-0600]    19.3750 MB /   0.50 sec =  325.2264 Mbps     0 retrans
[2024-11-04T16:16:38.596642-0600]    26.7500 MB /   0.50 sec =  448.7672 Mbps     0 retrans
[2024-11-04T16:16:39.096689-0600]    23.7500 MB /   0.50 sec =  398.4724 Mbps     0 retrans
[2024-11-04T16:16:39.596719-0600]     9.3750 MB /   0.50 sec =  157.2789 Mbps     0 retrans
[2024-11-04T16:16:40.096649-0600]    18.1875 MB /   0.50 sec =  305.1564 Mbps     0 retrans
[2024-11-04T16:16:40.596746-0600]    26.1875 MB /   0.50 sec =  439.3639 Mbps     0 retrans
[2024-11-04T16:16:41.096671-0600]    26.2500 MB /   0.50 sec =  440.3869 Mbps     0 retrans
[2024-11-04T16:16:41.596750-0600]    22.3750 MB /   0.50 sec =  375.3211 Mbps     0 retrans
[2024-11-04T16:16:42.096717-0600]    23.0625 MB /   0.50 sec =  386.9679 Mbps     0 retrans
[2024-11-04T16:16:42.596692-0600]    24.8125 MB /   0.50 sec =  416.2980 Mbps     0 retrans
[2024-11-04T16:16:43.096655-0600]    25.4375 MB /   0.50 sec =  426.7935 Mbps     0 retrans
[2024-11-04T16:16:43.596647-0600]    21.9375 MB /   0.50 sec =  368.0516 Mbps     0 retrans
[2024-11-04T16:16:44.096665-0600]    23.3750 MB /   0.50 sec =  392.1486 Mbps     0 retrans
[2024-11-04T16:16:44.596693-0600]    20.5000 MB /   0.50 sec =  343.9398 Mbps     0 retrans
[2024-11-04T16:16:45.096639-0600]    20.4375 MB /   0.50 sec =  342.8933 Mbps     0 retrans
[2024-11-04T16:16:45.596684-0600]    16.0625 MB /   0.50 sec =  269.4743 Mbps     0 retrans
[2024-11-04T16:16:46.096660-0600]    20.9375 MB /   0.50 sec =  351.2793 Mbps     0 retrans
[2024-11-04T16:16:46.596745-0600]    16.3125 MB /   0.50 sec =  273.6471 Mbps     0 retrans
[2024-11-04T16:16:47.097070-0600]    27.3750 MB /   0.50 sec =  459.3084 Mbps     0 retrans
[2024-11-04T16:16:47.596644-0600]    27.0000 MB /   0.50 sec =  453.0120 Mbps     0 retrans
[2024-11-04T16:16:48.096746-0600]    28.2500 MB /   0.50 sec =  473.9469 Mbps     0 retrans
[2024-11-04T16:16:48.596703-0600]    23.6250 MB /   0.50 sec =  396.3062 Mbps     0 retrans
[2024-11-04T16:16:49.096814-0600]    22.6250 MB /   0.50 sec =  379.5929 Mbps     0 retrans
[2024-11-04T16:16:49.596696-0600]    30.1250 MB /   0.50 sec =  505.4672 Mbps     0 retrans
[2024-11-04T16:16:50.096801-0600]    33.4375 MB /   0.50 sec =  561.0027 Mbps     0 retrans
[2024-11-04T16:16:50.596575-0600]    32.1250 MB /   0.50 sec =  538.9993 Mbps     0 retrans
[2024-11-04T16:16:51.096693-0600]    21.5625 MB /   0.50 sec =  361.7356 Mbps     0 retrans
[2024-11-04T16:16:51.596699-0600]    24.5625 MB /   0.50 sec =  412.0912 Mbps     0 retrans
[2024-11-04T16:16:52.096652-0600]    33.6875 MB /   0.50 sec =  565.1870 Mbps     0 retrans
[2024-11-04T16:16:52.596571-0600]    17.4375 MB /   0.50 sec =  292.5691 Mbps     0 retrans
[2024-11-04T16:16:53.096675-0600]     9.6875 MB /   0.50 sec =  162.5280 Mbps     0 retrans
[2024-11-04T16:16:53.596661-0600]    10.1875 MB /   0.50 sec =  170.9090 Mbps     0 retrans
[2024-11-04T16:16:54.096688-0600]    22.2500 MB /   0.50 sec =  373.2834 Mbps     0 retrans
[2024-11-04T16:16:54.596850-0600]    20.4375 MB /   0.50 sec =  342.8919 Mbps     0 retrans
[2024-11-04T16:16:55.096668-0600]    30.3125 MB /   0.50 sec =  508.5583 Mbps     0 retrans
[2024-11-04T16:16:55.596601-0600]    21.8125 MB /   0.50 sec =  365.9691 Mbps     0 retrans
[2024-11-04T16:16:56.096650-0600]    22.9375 MB /   0.50 sec =  384.8135 Mbps     0 retrans
[2024-11-04T16:16:56.596654-0600]    18.9375 MB /   0.50 sec =  317.7166 Mbps     0 retrans
[2024-11-04T16:16:57.096665-0600]    20.0625 MB /   0.50 sec =  336.5828 Mbps     0 retrans
[2024-11-04T16:16:57.596649-0600]    19.5000 MB /   0.50 sec =  327.1590 Mbps     0 retrans
[2024-11-04T16:16:58.096864-0600]    18.3125 MB /   0.50 sec =  307.1253 Mbps     0 retrans
[2024-11-04T16:16:58.596653-0600]    25.8125 MB /   0.50 sec =  433.2230 Mbps     0 retrans
[2024-11-04T16:16:59.096688-0600]    32.6250 MB /   0.50 sec =  547.3490 Mbps     0 retrans
[2024-11-04T16:16:59.596810-0600]    21.6875 MB /   0.50 sec =  363.7707 Mbps     0 retrans
[2024-11-04T16:17:00.096641-0600]    32.7500 MB /   0.50 sec =  549.5923 Mbps     0 retrans
[2024-11-04T16:17:00.596663-0600]    27.3750 MB /   0.50 sec =  459.2754 Mbps     0 retrans
[2024-11-04T16:17:01.096576-0600]    26.3750 MB /   0.50 sec =  442.5239 Mbps     0 retrans
[2024-11-04T16:17:01.596907-0600]    33.7500 MB /   0.50 sec =  566.1767 Mbps     0 retrans
[2024-11-04T16:17:02.096642-0600]    31.5000 MB /   0.50 sec =  528.5045 Mbps     0 retrans
End time: 1730758622293
