Start time: 1731108131353
[2024-11-08T18:22:16.428852-0500] traceroute to 54.197.223.49 (54.197.223.49), 30 hops max, 60 byte packets
[2024-11-08T18:22:16.429384-0500]  1  * * *
[2024-11-08T18:22:16.429424-0500]  2  * * *
[2024-11-08T18:22:16.434476-0500]  3  * * *
[2024-11-08T18:22:16.434559-0500]  4  * * *
[2024-11-08T18:22:16.434620-0500]  5  * * *
[2024-11-08T18:22:21.436175-0500]  6  * * *
[2024-11-08T18:22:21.436457-0500]  7  * * *
[2024-11-08T18:22:21.436511-0500]  8  * * *
[2024-11-08T18:22:21.443958-0500]  9  * * *
[2024-11-08T18:22:21.444065-0500] 10  * * *
[2024-11-08T18:22:26.441049-0500] 11  * * *
[2024-11-08T18:22:26.447656-0500] 12  * * *
[2024-11-08T18:22:26.447783-0500] 13  * * *
[2024-11-08T18:22:26.447815-0500] 14  * * *
[2024-11-08T18:22:26.447842-0500] 15  * * *
[2024-11-08T18:22:31.448086-0500] 16  * * *
[2024-11-08T18:22:31.448358-0500] 17  * * *
[2024-11-08T18:22:31.451954-0500] 18  * * *
[2024-11-08T18:22:31.452054-0500] 19  * * *
[2024-11-08T18:22:31.457122-0500] 20  * * *
[2024-11-08T18:22:31.457207-0500] 21  * * *
[2024-11-08T18:22:36.455410-0500] 22  * * *
[2024-11-08T18:22:36.455716-0500] 23  * * *
[2024-11-08T18:22:36.465271-0500] 24  * * *
[2024-11-08T18:22:36.465394-0500] 25  * * *
[2024-11-08T18:22:36.465431-0500] 26  * * *
[2024-11-08T18:22:41.419426-0500] 27  * *End time: 1731108161456
