Start time: 1747686077954
Connecting to host 34.145.166.89, port 5209
Reverse mode, remote host 34.145.166.89 is sending
[  5] local 192.0.0.2 port 47822 connected to 34.145.166.89 port 5209
[ ID] Interval           Transfer     Bitrate
[  5]   0.00-0.10   sec  93.2 KBytes  7.63 Mbits/sec                  
[  5]   0.10-0.20   sec   133 KBytes  10.9 Mbits/sec                  
[  5]   0.20-0.30   sec   186 KBytes  15.3 Mbits/sec                  
[  5]   0.30-0.40   sec   218 KBytes  17.9 Mbits/sec                  
[  5]   0.40-0.50   sec   192 KBytes  15.7 Mbits/sec                  
[  5]   0.50-0.60   sec   309 KBytes  25.3 Mbits/sec                  
[  5]   0.60-0.70   sec   147 KBytes  12.0 Mbits/sec                  
[  5]   0.70-0.80   sec   313 KBytes  25.7 Mbits/sec                  
[  5]   0.80-0.90   sec   321 KBytes  26.3 Mbits/sec                  
[  5]   0.90-1.00   sec   372 KBytes  30.4 Mbits/sec                  
[  5]   1.00-1.10   sec   397 KBytes  32.5 Mbits/sec                  
[  5]   1.10-1.20   sec   497 KBytes  40.7 Mbits/sec                  
[  5]   1.20-1.30   sec   573 KBytes  46.9 Mbits/sec                  
[  5]   1.30-1.40   sec   579 KBytes  47.5 Mbits/sec                  
[  5]   1.40-1.50   sec   598 KBytes  49.0 Mbits/sec                  
[  5]   1.50-1.60   sec   654 KBytes  53.5 Mbits/sec                  
[  5]   1.60-1.70   sec   825 KBytes  67.6 Mbits/sec                  
[  5]   1.70-1.80   sec  1015 KBytes  83.2 Mbits/sec                  
[  5]   1.80-1.90   sec  1.04 MBytes  87.2 Mbits/sec                  
[  5]   1.90-2.00   sec  1.17 MBytes  98.0 Mbits/sec                  
[  5]   2.00-2.10   sec  1.37 MBytes   115 Mbits/sec                  
[  5]   2.10-2.20   sec  1.38 MBytes   116 Mbits/sec                  
[  5]   2.20-2.30   sec  1.64 MBytes   137 Mbits/sec                  
[  5]   2.30-2.40   sec  1.84 MBytes   154 Mbits/sec                  
[  5]   2.40-2.50   sec  1.81 MBytes   152 Mbits/sec                  
[  5]   2.50-2.60   sec  2.02 MBytes   169 Mbits/sec                  
[  5]   2.60-2.70   sec  2.14 MBytes   180 Mbits/sec                  
[  5]   2.70-2.80   sec  2.53 MBytes   212 Mbits/sec                  
[  5]   2.80-2.90   sec  2.70 MBytes   226 Mbits/sec                  
[  5]   2.90-3.00   sec  2.78 MBytes   233 Mbits/sec                  
[  5]   3.00-3.10   sec  3.45 MBytes   290 Mbits/sec                  
[  5]   3.10-3.20   sec  3.81 MBytes   319 Mbits/sec                  
[  5]   3.20-3.30   sec  3.45 MBytes   290 Mbits/sec                  
[  5]   3.30-3.40   sec  4.10 MBytes   345 Mbits/sec                  
[  5]   3.40-3.50   sec  3.95 MBytes   331 Mbits/sec                  
[  5]   3.50-3.60   sec  4.59 MBytes   385 Mbits/sec                  
[  5]   3.60-3.70   sec  4.69 MBytes   393 Mbits/sec                  
[  5]   3.70-3.80   sec  4.25 MBytes   357 Mbits/sec                  
[  5]   3.80-3.90   sec  6.13 MBytes   514 Mbits/sec                  
[  5]   3.90-4.00   sec  4.13 MBytes   347 Mbits/sec                  
[  5]   4.00-4.10   sec  6.47 MBytes   542 Mbits/sec                  
[  5]   4.10-4.20   sec  5.49 MBytes   461 Mbits/sec                  
[  5]   4.20-4.30   sec  3.97 MBytes   333 Mbits/sec                  
[  5]   4.30-4.40   sec  6.28 MBytes   527 Mbits/sec                  
[  5]   4.40-4.50   sec  6.17 MBytes   518 Mbits/sec                  
[  5]   4.50-4.60   sec  6.25 MBytes   524 Mbits/sec                  
[  5]   4.60-4.70   sec  6.23 MBytes   523 Mbits/sec                  
[  5]   4.70-4.80   sec  6.25 MBytes   524 Mbits/sec                  
[  5]   4.80-4.90   sec  5.98 MBytes   502 Mbits/sec                  
[  5]   4.90-5.00   sec  6.05 MBytes   507 Mbits/sec                  
- - - - - - - - - - - - - - - - - - - - - - - - -
[ ID] Interval           Transfer     Bitrate         Retr
[  5]   0.00-5.05   sec   136 MBytes   225 Mbits/sec    0             sender
[  5]   0.00-5.00   sec   131 MBytes   220 Mbits/sec                  receiver

iperf Done.
End time: 1747686083603
