Start time: 1730514049425
[2024-11-01T19:20:53.910073-0700] nuttcp-r: v8.1.4: socket
[2024-11-01T19:20:53.911516-0700] nuttcp-r: buflen=65536, nstream=1, port=5110 tcp
[2024-11-01T19:20:53.911666-0700] nuttcp-r: interval reporting every 0.50 seconds
[2024-11-01T19:20:53.911783-0700] nuttcp-r: connect to 54.176.53.206 with RTT=921.392 ms af=inet
[2024-11-01T19:20:53.911897-0700] nuttcp-r: send window size = 2097152, receive window size = 6291456
[2024-11-01T19:20:53.912001-0700] nuttcp-r: available send window = 1572864, available receive window = 4718592
[2024-11-01T19:20:53.912107-0700]     0.0000 MB /   0.50 sec =    0.0000 Mbps     0 retrans
[2024-11-01T19:20:54.409887-0700]     0.0000 MB /   0.50 sec =    0.0000 Mbps    -1 retrans
[2024-11-01T19:20:54.909633-0700]     0.0000 MB /   0.50 sec =    0.0000 Mbps     0 retrans
[2024-11-01T19:20:55.411126-0700]     0.0000 MB /   0.50 sec =    0.0000 Mbps     0 retrans
[2024-11-01T19:20:55.909592-0700]     0.0000 MB /   0.50 sec =    0.0000 Mbps     0 retrans
[2024-11-01T19:20:56.409751-0700]     0.0000 MB /   0.50 sec =    0.0000 Mbps     0 retrans
[2024-11-01T19:20:56.909735-0700]     0.0000 MB /   0.50 sec =    0.0000 Mbps     0 retrans
[2024-11-01T19:20:57.410538-0700]     0.0000 MB /   0.50 sec =    0.0000 Mbps     0 retrans
[2024-11-01T19:20:57.910534-0700]     0.0000 MB /   0.50 sec =    0.0000 Mbps     0 retrans
[2024-11-01T19:20:58.409582-0700]     0.0000 MB /   0.50 sec =    0.0000 Mbps     0 retrans
[2024-11-01T19:20:58.909595-0700]     0.0000 MB /   0.50 sec =    0.0000 Mbps     0 retrans
[2024-11-01T19:20:59.409749-0700]     0.0000 MB /   0.50 sec =    0.0000 Mbps     0 retrans
[2024-11-01T19:20:59.909627-0700]     0.0000 MB /   0.50 sec =    0.0000 Mbps     0 retrans
[2024-11-01T19:21:00.410281-0700]     0.0000 MB /   0.50 sec =    0.0000 Mbps     0 retrans
[2024-11-01T19:21:00.909383-0700]     0.0000 MB /   0.50 sec =    0.0000 Mbps     0 retrans
[2024-11-01T19:21:01.410609-0700]     0.0625 MB /   0.50 sec =    1.0462 Mbps     1 retrans
[2024-11-01T19:21:01.910541-0700]     0.0000 MB /   0.50 sec =    0.0000 Mbps     0 retrans
[2024-11-01T19:21:02.409378-0700]     0.0000 MB /   0.50 sec =    0.0000 Mbps     0 retrans
[2024-11-01T19:21:02.909477-0700]     0.0625 MB /   0.50 sec =    1.0484 Mbps     0 retrans
[2024-11-01T19:21:03.410551-0700]     0.0000 MB /   0.50 sec =    0.0000 Mbps     0 retrans
[2024-11-01T19:21:03.909943-0700]     0.0000 MB /   0.50 sec =    0.0000 Mbps     0 retrans
[2024-11-01T19:21:04.410571-0700]     0.0000 MB /   0.50 sec =    0.0000 Mbps     0 retrans
[2024-11-01T19:21:04.909576-0700]     0.1875 MB /   0.50 sec =    3.1514 Mbps     0 retrans
[2024-11-01T19:21:05.409575-0700]     0.0000 MB /   0.50 sec =    0.0000 Mbps     0 retrans
[2024-11-01T19:21:05.909379-0700]     0.1875 MB /   0.50 sec =    3.1465 Mbps     0 retrans
[2024-11-01T19:21:06.410496-0700]     0.0000 MB /   0.50 sec =    0.0000 Mbps     0 retrans
[2024-11-01T19:21:06.909512-0700]     0.1250 MB /   0.50 sec =    2.1010 Mbps     0 retrans
[2024-11-01T19:21:07.409528-0700]     0.1250 MB /   0.50 sec =    2.0971 Mbps     0 retrans
[2024-11-01T19:21:07.909535-0700]     0.0625 MB /   0.50 sec =    1.0485 Mbps     0 retrans
[2024-11-01T19:21:08.409596-0700]     0.0000 MB /   0.50 sec =    0.0000 Mbps     0 retrans
[2024-11-01T19:21:08.909545-0700]     0.1875 MB /   0.50 sec =    3.1460 Mbps     0 retrans
[2024-11-01T19:21:09.410625-0700]     0.0000 MB /   0.50 sec =    0.0000 Mbps     0 retrans
[2024-11-01T19:21:09.909523-0700]     0.1875 MB /   0.50 sec =    3.1525 Mbps     0 retrans
[2024-11-01T19:21:10.410783-0700]     0.0000 MB /   0.50 sec =    0.0000 Mbps     0 retrans
[2024-11-01T19:21:10.910546-0700]     0.0000 MB /   0.50 sec =    0.0000 Mbps     0 retrans
[2024-11-01T19:21:11.410126-0700]     0.0000 MB /   0.50 sec =    0.0000 Mbps     0 retrans
[2024-11-01T19:21:11.909550-0700]     0.0625 MB /   0.50 sec =    1.0493 Mbps     0 retrans
[2024-11-01T19:21:12.410652-0700]     0.0000 MB /   0.50 sec =    0.0000 Mbps     0 retrans
[2024-11-01T19:21:12.909367-0700]     1.8750 MB /   0.50 sec =   31.5343 Mbps     0 retrans
[2024-11-01T19:21:13.410548-0700]     0.0625 MB /   0.50 sec =    1.0464 Mbps     0 retrans
[2024-11-01T19:21:13.909453-0700]     0.6250 MB /   0.50 sec =   10.5060 Mbps     0 retrans
[2024-11-01T19:21:14.409572-0700]     0.8750 MB /   0.50 sec =   14.6778 Mbps     0 retrans
[2024-11-01T19:21:14.909497-0700]     0.9375 MB /   0.50 sec =   15.7308 Mbps     0 retrans
[2024-11-01T19:21:15.409831-0700]     0.0000 MB /   0.50 sec =    0.0000 Mbps     0 retrans
[2024-11-01T19:21:15.909528-0700]     0.3125 MB /   0.50 sec =    5.2441 Mbps     0 retrans
[2024-11-01T19:21:16.409772-0700]     0.0000 MB /   0.50 sec =    0.0000 Mbps     0 retrans
[2024-11-01T19:21:16.910497-0700]     0.5625 MB /   0.50 sec =    9.4213 Mbps     0 retrans
[2024-11-01T19:21:17.409814-0700]     0.8125 MB /   0.50 sec =   13.6536 Mbps     0 retrans
[2024-11-01T19:21:17.909595-0700]     8.3125 MB /   0.50 sec =  139.4726 Mbps     0 retrans
[2024-11-01T19:21:18.409357-0700]     0.4375 MB /   0.50 sec =    7.3428 Mbps     0 retrans
[2024-11-01T19:21:18.910524-0700]     0.6875 MB /   0.50 sec =   11.5098 Mbps     0 retrans
[2024-11-01T19:21:19.409739-0700]     0.0000 MB /   0.50 sec =    0.0000 Mbps     0 retrans
[2024-11-01T19:21:19.909686-0700]     0.0000 MB /   0.50 sec =    0.0000 Mbps     0 retrans
[2024-11-01T19:21:20.409902-0700]     0.0000 MB /   0.50 sec =    0.0000 Mbps     0 retrans
[2024-11-01T19:21:20.909576-0700]     0.0000 MB /   0.50 sec =    0.0000 Mbps     0 retrans
[2024-11-01T19:21:21.409489-0700]     0.3750 MB /   0.50 sec =    6.2920 Mbps     0 retrans
[2024-11-01T19:21:21.909560-0700]     0.0000 MB /   0.50 sec =    0.0000 Mbps     0 retrans
[2024-11-01T19:21:22.409463-0700]     1.7500 MB /   0.50 sec =   29.3639 Mbps     0 retrans
[2024-11-01T19:21:22.910602-0700]     0.8750 MB /   0.50 sec =   14.6501 Mbps     0 retrans
[2024-11-01T19:21:23.410485-0700]     0.0000 MB /   0.50 sec =    0.0000 Mbps     0 retrans
[2024-11-01T19:21:23.910514-0700]     0.6875 MB /   0.50 sec =   11.5338 Mbps     0 retrans
[2024-11-01T19:21:24.410616-0700]     0.0000 MB /   0.50 sec =    0.0000 Mbps     0 retrans
[2024-11-01T19:21:24.909574-0700]     0.0000 MB /   0.50 sec =    0.0000 Mbps     0 retrans
[2024-11-01T19:21:25.410994-0700]     8.3125 MB /   0.50 sec =  139.2028 Mbps     0 retrans
[2024-11-01T19:21:25.909371-0700]     0.0625 MB /   0.50 sec =    1.0509 Mbps     0 retrans
[2024-11-01T19:21:26.410521-0700]     0.0000 MB /   0.50 sec =    0.0000 Mbps     0 retrans
[2024-11-01T19:21:26.909304-0700]     0.0000 MB /   0.50 sec =    0.0000 Mbps     0 retrans
[2024-11-01T19:21:27.410512-0700]     0.0000 MB /   0.50 sec =    0.0000 Mbps     0 retrans
[2024-11-01T19:21:27.910568-0700]     0.0000 MB /   0.50 sec =    0.0000 Mbps     0 retrans
[2024-11-01T19:21:28.409532-0700]     0.0000 MB /   0.50 sec =    0.0000 Mbps     0 retrans
[2024-11-01T19:21:28.910499-0700]     0.4375 MB /   0.50 sec =    7.3262 Mbps     0 retrans
[2024-11-01T19:21:29.409665-0700]     0.0000 MB /   0.50 sec =    0.0000 Mbps     0 retrans
[2024-11-01T19:21:29.909967-0700]     0.2500 MB /   0.50 sec =    4.1929 Mbps     0 retrans
[2024-11-01T19:21:30.410217-0700]     5.3750 MB /   0.50 sec =   90.1694 Mbps     0 retrans
[2024-11-01T19:21:30.909594-0700]     2.6250 MB /   0.50 sec =   44.0640 Mbps     0 retrans
[2024-11-01T19:21:31.409619-0700]     0.0000 MB /   0.50 sec =    0.0000 Mbps     0 retrans
[2024-11-01T19:21:31.909302-0700]     0.0000 MB /   0.50 sec =    0.0000 Mbps     0 retrans
[2024-11-01T19:21:32.409529-0700]     0.0000 MB /   0.50 sec =    0.0000 Mbps     0 retrans
[2024-11-01T19:21:32.909576-0700]     1.4375 MB /   0.50 sec =   24.1110 Mbps     0 retrans
[2024-11-01T19:21:33.409560-0700]     0.0000 MB /   0.50 sec =    0.0000 Mbps     0 retrans
[2024-11-01T19:21:33.910747-0700]     0.0000 MB /   0.50 sec =    0.0000 Mbps     0 retrans
[2024-11-01T19:21:34.410667-0700]     0.0000 MB /   0.50 sec =    0.0000 Mbps     0 retrans
[2024-11-01T19:21:34.909493-0700]     6.6875 MB /   0.50 sec =  112.4468 Mbps     0 retrans
[2024-11-01T19:21:35.409365-0700]     3.6250 MB /   0.50 sec =   60.8348 Mbps     0 retrans
[2024-11-01T19:21:35.909557-0700]     0.3750 MB /   0.50 sec =    6.2893 Mbps     0 retrans
[2024-11-01T19:21:36.410577-0700]     0.0000 MB /   0.50 sec =    0.0000 Mbps     0 retrans
[2024-11-01T19:21:36.910048-0700]     0.0625 MB /   0.50 sec =    1.0501 Mbps     0 retrans
[2024-11-01T19:21:37.410908-0700]     0.0625 MB /   0.50 sec =    1.0463 Mbps     0 retrans
[2024-11-01T19:21:37.909703-0700]     0.0000 MB /   0.50 sec =    0.0000 Mbps     0 retrans
[2024-11-01T19:21:38.409550-0700]     0.0000 MB /   0.50 sec =    0.0000 Mbps     0 retrans
[2024-11-01T19:21:38.910505-0700]     0.0000 MB /   0.50 sec =    0.0000 Mbps     0 retrans
[2024-11-01T19:21:39.409608-0700]     1.6250 MB /   0.50 sec =   27.3117 Mbps     0 retrans
[2024-11-01T19:21:39.910958-0700]     3.6875 MB /   0.50 sec =   61.7557 Mbps     0 retrans
[2024-11-01T19:21:40.409589-0700]     1.1875 MB /   0.50 sec =   19.9589 Mbps     0 retrans
[2024-11-01T19:21:40.909725-0700]     6.0625 MB /   0.50 sec =  101.7151 Mbps     0 retrans
[2024-11-01T19:21:41.410670-0700]     0.0000 MB /   0.50 sec =    0.0000 Mbps     0 retrans
[2024-11-01T19:21:41.909542-0700]     0.0000 MB /   0.50 sec =    0.0000 Mbps     0 retrans
[2024-11-01T19:21:42.410571-0700]     0.0000 MB /   0.50 sec =    0.0000 Mbps     0 retrans
[2024-11-01T19:21:42.909633-0700]     0.0000 MB /   0.50 sec =    0.0000 Mbps     0 retrans
[2024-11-01T19:21:43.409497-0700]     0.0000 MB /   0.50 sec =    0.0000 Mbps     0 retrans
[2024-11-01T19:21:43.909618-0700]     0.0000 MB /   0.50 sec =    0.0000 Mbps     0 retrans
[2024-11-01T19:21:44.409660-0700]     0.0000 MB /   0.50 sec =    0.0000 Mbps     0 retrans
[2024-11-01T19:21:44.910704-0700]     2.3750 MB /   0.50 sec =   39.7776 Mbps     0 retrans
[2024-11-01T19:21:45.410638-0700]     0.0625 MB /   0.50 sec =    1.0485 Mbps     0 retrans
[2024-11-01T19:21:45.909396-0700]     0.1250 MB /   0.50 sec =    2.1018 Mbps     0 retrans
[2024-11-01T19:21:46.409584-0700]     3.1875 MB /   0.50 sec =   53.4595 Mbps     0 retrans
[2024-11-01T19:21:46.909389-0700]     3.7500 MB /   0.50 sec =   62.9360 Mbps     0 retrans
[2024-11-01T19:21:47.410734-0700]     3.0000 MB /   0.50 sec =   50.2004 Mbps     0 retrans
[2024-11-01T19:21:47.909562-0700]     0.0000 MB /   0.50 sec =    0.0000 Mbps     0 retrans
[2024-11-01T19:21:48.410721-0700]     0.0625 MB /   0.50 sec =    1.0462 Mbps     0 retrans
[2024-11-01T19:21:48.909650-0700]     0.0000 MB /   0.50 sec =    0.0000 Mbps     0 retrans
[2024-11-01T19:21:49.410733-0700]     0.0000 MB /   0.50 sec =    0.0000 Mbps     0 retrans
[2024-11-01T19:21:49.909573-0700]     0.1250 MB /   0.50 sec =    2.1010 Mbps     0 retrans
[2024-11-01T19:21:50.410616-0700]     0.0000 MB /   0.50 sec =    0.0000 Mbps     0 retrans
[2024-11-01T19:21:50.909546-0700]     2.4375 MB /   0.50 sec =   40.9749 Mbps     0 retrans
[2024-11-01T19:21:51.410947-0700]     0.6875 MB /   0.50 sec =   11.5075 Mbps     0 retrans
[2024-11-01T19:21:51.909601-0700]     0.0000 MB /   0.50 sec =    0.0000 Mbps     0 retrans
[2024-11-01T19:21:52.409415-0700]     2.0625 MB /   0.50 sec =   34.6144 Mbps     0 retrans
[2024-11-01T19:21:52.909492-0700]     3.8125 MB /   0.50 sec =   63.9530 Mbps     0 retrans
[2024-11-01T19:21:53.409420-0700]     1.1875 MB /   0.50 sec =   19.9240 Mbps     0 retrans
[2024-11-01T19:21:53.909476-0700]     0.0000 MB /   0.50 sec =    0.0000 Mbps     0 retrans
[2024-11-01T19:21:54.409432-0700]     0.0000 MB /   0.50 sec =    0.0000 Mbps     0 retrans
[2024-11-01T19:21:54.909425-0700]     0.2500 MB /   0.50 sec =    4.1943 Mbps     0 retrans
[2024-11-01T19:21:55.409535-0700]     0.0000 MB /   0.50 sec =    0.0000 Mbps     0 retrans
[2024-11-01T19:21:55.909595-0700]     1.2500 MB /   0.50 sec =   20.9751 Mbps     0 retrans
[2024-11-01T19:21:56.409448-0700]     0.0000 MB /   0.50 sec =    0.0000 Mbps     0 retrans
[2024-11-01T19:21:56.909279-0700]     1.3750 MB /   0.50 sec =   23.0711 Mbps     0 retrans
[2024-11-01T19:21:57.410046-0700]     0.0000 MB /   0.50 sec =    0.0000 Mbps     0 retrans
[2024-11-01T19:21:57.910628-0700]     0.8750 MB /   0.50 sec =   14.6578 Mbps     0 retrans
[2024-11-01T19:21:58.409603-0700]     2.6250 MB /   0.50 sec =   44.1291 Mbps     0 retrans
[2024-11-01T19:21:58.909600-0700]     4.7500 MB /   0.50 sec =   79.7254 Mbps     0 retrans
[2024-11-01T19:21:59.410662-0700]     0.3125 MB /   0.50 sec =    5.2298 Mbps     0 retrans
[2024-11-01T19:21:59.909590-0700]     0.0000 MB /   0.50 sec =    0.0000 Mbps     0 retrans
[2024-11-01T19:22:00.410670-0700]     0.0000 MB /   0.50 sec =    0.0000 Mbps     0 retrans
[2024-11-01T19:22:00.909596-0700]     0.0000 MB /   0.50 sec =    0.0000 Mbps     0 retrans
[2024-11-01T19:22:01.409704-0700]     0.0000 MB /   0.50 sec =    0.0000 Mbps     0 retrans
[2024-11-01T19:22:01.909594-0700]     0.0625 MB /   0.50 sec =    1.0484 Mbps     0 retrans
[2024-11-01T19:22:02.410663-0700]     0.0000 MB /   0.50 sec =    0.0000 Mbps     0 retrans
[2024-11-01T19:22:02.910518-0700]     0.1875 MB /   0.50 sec =    3.1468 Mbps     0 retrans
[2024-11-01T19:22:03.409316-0700]     0.0000 MB /   0.50 sec =    0.0000 Mbps     0 retrans
[2024-11-01T19:22:03.909650-0700]     0.0000 MB /   0.50 sec =    0.0000 Mbps     0 retrans
[2024-11-01T19:22:04.409629-0700]     0.0000 MB /   0.50 sec =    0.0000 Mbps     0 retrans
[2024-11-01T19:22:04.909437-0700]     3.6250 MB /   0.50 sec =   60.8319 Mbps     0 retrans
[2024-11-01T19:22:05.409572-0700]     6.2500 MB /   0.50 sec =  104.8744 Mbps     0 retrans
[2024-11-01T19:22:05.910644-0700]     1.6875 MB /   0.50 sec =   28.2411 Mbps     0 retrans
[2024-11-01T19:22:06.410667-0700]     0.0000 MB /   0.50 sec =    0.0000 Mbps     0 retrans
[2024-11-01T19:22:06.909572-0700]     0.0000 MB /   0.50 sec =    0.0000 Mbps     0 retrans
[2024-11-01T19:22:07.409423-0700]     0.9375 MB /   0.50 sec =   15.7323 Mbps     0 retrans
[2024-11-01T19:22:07.910613-0700]     0.3125 MB /   0.50 sec =    5.2309 Mbps     0 retrans
[2024-11-01T19:22:08.409355-0700]     0.0000 MB /   0.50 sec =    0.0000 Mbps     0 retrans
[2024-11-01T19:22:08.910783-0700]     0.0000 MB /   0.50 sec =    0.0000 Mbps     0 retrans
[2024-11-01T19:22:09.410635-0700]     0.6250 MB /   0.50 sec =   10.4837 Mbps     0 retrans
[2024-11-01T19:22:09.910516-0700]     0.0000 MB /   0.50 sec =    0.0000 Mbps     0 retrans
[2024-11-01T19:22:10.410719-0700]     0.3125 MB /   0.50 sec =    5.2401 Mbps     0 retrans
[2024-11-01T19:22:10.909567-0700]     0.0000 MB /   0.50 sec =    0.0000 Mbps     0 retrans
[2024-11-01T19:22:11.409399-0700]     2.0000 MB /   0.50 sec =   33.5641 Mbps     0 retrans
[2024-11-01T19:22:11.909594-0700]     0.1875 MB /   0.50 sec =    3.1447 Mbps     0 retrans
[2024-11-01T19:22:12.409482-0700]     2.4375 MB /   0.50 sec =   40.9025 Mbps     0 retrans
[2024-11-01T19:22:12.909497-0700]     1.2500 MB /   0.50 sec =   20.9707 Mbps     0 retrans
[2024-11-01T19:22:13.409664-0700]     0.0000 MB /   0.50 sec =    0.0000 Mbps     0 retrans
[2024-11-01T19:22:13.909563-0700]     0.7500 MB /   0.50 sec =   12.5829 Mbps     0 retrans
[2024-11-01T19:22:14.410810-0700]     0.8750 MB /   0.50 sec =   14.6456 Mbps     0 retrans
[2024-11-01T19:22:14.910606-0700]     1.3750 MB /   0.50 sec =   23.0823 Mbps     0 retrans
[2024-11-01T19:22:15.410572-0700]     0.2500 MB /   0.50 sec =    4.1946 Mbps     0 retrans
[2024-11-01T19:22:15.909469-0700]     0.0000 MB /   0.50 sec =    0.0000 Mbps     0 retrans
[2024-11-01T19:22:16.411292-0700]     2.5000 MB /   0.50 sec =   41.8308 Mbps     0 retrans
[2024-11-01T19:22:16.910662-0700]     0.0000 MB /   0.50 sec =    0.0000 Mbps     0 retrans
[2024-11-01T19:22:17.409577-0700]     4.0000 MB /   0.50 sec =   67.2500 Mbps     0 retrans
[2024-11-01T19:22:17.909618-0700]     0.0000 MB /   0.50 sec =    0.0000 Mbps     0 retrans
[2024-11-01T19:22:18.409664-0700]     0.0000 MB /   0.50 sec =    0.0000 Mbps     0 retrans
[2024-11-01T19:22:18.910321-0700]     0.0000 MB /   0.50 sec =    0.0000 Mbps     0 retrans
[2024-11-01T19:22:19.409708-0700]     0.1250 MB /   0.50 sec =    2.1002 Mbps     0 retrans
[2024-11-01T19:22:19.909617-0700]     0.0000 MB /   0.50 sec =    0.0000 Mbps     0 retrans
[2024-11-01T19:22:20.409578-0700]     0.7500 MB /   0.50 sec =   12.5832 Mbps     0 retrans
[2024-11-01T19:22:20.909607-0700]     0.0000 MB /   0.50 sec =    0.0000 Mbps     0 retrans
[2024-11-01T19:22:21.411084-0700]     3.6250 MB /   0.50 sec =   60.7096 Mbps     0 retrans
[2024-11-01T19:22:21.909742-0700]     0.0000 MB /   0.50 sec =    0.0000 Mbps     0 retrans
[2024-11-01T19:22:22.410635-0700]     2.6875 MB /   0.50 sec =   44.9955 Mbps     0 retrans
[2024-11-01T19:22:22.910579-0700]     0.0000 MB /   0.50 sec =    0.0000 Mbps     0 retrans
[2024-11-01T19:22:23.410543-0700]     1.1875 MB /   0.50 sec =   19.9237 Mbps     0 retrans
[2024-11-01T19:22:23.910588-0700]     1.8125 MB /   0.50 sec =   30.4077 Mbps     0 retrans
[2024-11-01T19:22:24.410664-0700]     0.5000 MB /   0.50 sec =    8.3894 Mbps     0 retrans
[2024-11-01T19:22:24.909673-0700]     1.3125 MB /   0.50 sec =   22.0576 Mbps     0 retrans
[2024-11-01T19:22:25.410629-0700]     1.6250 MB /   0.50 sec =   27.2153 Mbps     0 retrans
[2024-11-01T19:22:25.910556-0700]     0.0000 MB /   0.50 sec =    0.0000 Mbps     0 retrans
[2024-11-01T19:22:26.409592-0700]     0.6250 MB /   0.50 sec =   10.5045 Mbps     0 retrans
[2024-11-01T19:22:26.909596-0700]     0.0000 MB /   0.50 sec =    0.0000 Mbps     0 retrans
[2024-11-01T19:22:27.410627-0700]     3.5000 MB /   0.50 sec =   58.6091 Mbps     0 retrans
[2024-11-01T19:22:27.909545-0700]     0.0000 MB /   0.50 sec =    0.0000 Mbps     0 retrans
[2024-11-01T19:22:28.409662-0700]     0.0000 MB /   0.50 sec =    0.0000 Mbps     0 retrans
[2024-11-01T19:22:28.910571-0700]     1.8750 MB /   0.50 sec =   31.3992 Mbps     0 retrans
[2024-11-01T19:22:29.409375-0700]     3.0000 MB /   0.50 sec =   50.4407 Mbps     0 retrans
[2024-11-01T19:22:29.910550-0700]     0.1250 MB /   0.50 sec =    2.0926 Mbps     0 retrans
[2024-11-01T19:22:30.409745-0700]     0.0000 MB /   0.50 sec =    0.0000 Mbps     0 retrans
[2024-11-01T19:22:30.909922-0700]     0.0625 MB /   0.50 sec =    1.0479 Mbps     0 retrans
[2024-11-01T19:22:31.410661-0700]     0.0000 MB /   0.50 sec =    0.0000 Mbps     0 retrans
[2024-11-01T19:22:31.909531-0700]     0.0000 MB /   0.50 sec =    0.0000 Mbps     0 retrans
[2024-11-01T19:22:32.409576-0700]     0.1875 MB /   0.50 sec =    3.1453 Mbps     0 retrans
[2024-11-01T19:22:32.910580-0700]     0.0000 MB /   0.50 sec =    0.0000 Mbps     0 retrans
[2024-11-01T19:22:33.409720-0700]     3.2500 MB /   0.50 sec =   54.6167 Mbps     0 retrans
[2024-11-01T19:22:33.909507-0700]     0.8125 MB /   0.50 sec =   13.6356 Mbps     0 retrans
[2024-11-01T19:22:34.410631-0700]     0.0000 MB /   0.50 sec =    0.0000 Mbps     0 retrans
[2024-11-01T19:22:34.910977-0700]     2.3750 MB /   0.50 sec =   39.8461 Mbps     0 retrans
[2024-11-01T19:22:35.410802-0700]     1.1250 MB /   0.50 sec =   18.8706 Mbps     0 retrans
[2024-11-01T19:22:35.909806-0700]     1.0625 MB /   0.50 sec =   17.8542 Mbps     0 retrans
[2024-11-01T19:22:36.410594-0700]     0.5625 MB /   0.50 sec =    9.4243 Mbps     0 retrans
[2024-11-01T19:22:36.909570-0700]     0.0000 MB /   0.50 sec =    0.0000 Mbps     0 retrans
[2024-11-01T19:22:37.409744-0700]     0.0000 MB /   0.50 sec =    0.0000 Mbps     0 retrans
[2024-11-01T19:22:37.910626-0700]     0.0000 MB /   0.50 sec =    0.0000 Mbps     0 retrans
[2024-11-01T19:22:38.409612-0700]     0.0000 MB /   0.50 sec =    0.0000 Mbps     0 retrans
[2024-11-01T19:22:38.909909-0700]     2.0625 MB /   0.50 sec =   34.6083 Mbps     0 retrans
[2024-11-01T19:22:39.409620-0700]     4.8125 MB /   0.50 sec =   80.7318 Mbps     0 retrans
[2024-11-01T19:22:39.909503-0700]     0.0000 MB /   0.50 sec =    0.0000 Mbps     0 retrans
[2024-11-01T19:22:40.411124-0700]     0.0625 MB /   0.50 sec =    1.0452 Mbps     0 retrans
[2024-11-01T19:22:40.909582-0700]     0.0000 MB /   0.50 sec =    0.0000 Mbps     0 retrans
[2024-11-01T19:22:41.409758-0700]     1.6875 MB /   0.50 sec =   28.2988 Mbps     0 retrans
[2024-11-01T19:22:41.909596-0700]     0.0000 MB /   0.50 sec =    0.0000 Mbps     0 retrans
[2024-11-01T19:22:42.410758-0700]     0.0000 MB /   0.50 sec =    0.0000 Mbps     0 retrans
[2024-11-01T19:22:42.909599-0700]     0.0000 MB /   0.50 sec =    0.0000 Mbps     0 retrans
[2024-11-01T19:22:43.410659-0700]     0.8125 MB /   0.50 sec =   13.6033 Mbps     0 retrans
[2024-11-01T19:22:43.909532-0700]     0.2500 MB /   0.50 sec =    4.2034 Mbps     0 retrans
[2024-11-01T19:22:44.411149-0700]     4.3750 MB /   0.50 sec =   73.2393 Mbps     0 retrans
[2024-11-01T19:22:44.909609-0700]     0.0000 MB /   0.50 sec =    0.0000 Mbps     0 retrans
[2024-11-01T19:22:45.409599-0700]     1.5625 MB /   0.50 sec =   26.2149 Mbps     0 retrans
[2024-11-01T19:22:45.909740-0700]     0.0000 MB /   0.50 sec =    0.0000 Mbps     0 retrans
[2024-11-01T19:22:46.410923-0700]     0.8125 MB /   0.50 sec =   13.5978 Mbps     0 retrans
[2024-11-01T19:22:46.909586-0700]     0.1250 MB /   0.50 sec =    2.1031 Mbps     0 retrans
[2024-11-01T19:22:47.410759-0700]     0.5625 MB /   0.50 sec =    9.4183 Mbps     0 retrans
[2024-11-01T19:22:47.909579-0700]     1.8750 MB /   0.50 sec =   31.5138 Mbps     0 retrans
[2024-11-01T19:22:48.410583-0700]     0.0000 MB /   0.50 sec =    0.0000 Mbps     0 retrans
[2024-11-01T19:22:48.910990-0700]     3.3125 MB /   0.50 sec =   55.5654 Mbps     0 retrans
[2024-11-01T19:22:49.409658-0700]     0.2500 MB /   0.50 sec =    4.2027 Mbps     0 retrans
[2024-11-01T19:22:49.909560-0700]     0.0000 MB /   0.50 sec =    0.0000 Mbps     0 retrans
[2024-11-01T19:22:50.410609-0700]     1.7500 MB /   0.50 sec =   29.3038 Mbps     0 retrans
End time: 1730514170565
