Start time: 1731000748277
[2024-11-07T12:32:33.356958-0500] traceroute to 54.197.223.49 (54.197.223.49), 30 hops max, 60 byte packets
[2024-11-07T12:32:33.357773-0500]  1  * * *
[2024-11-07T12:32:33.357822-0500]  2  * * *
[2024-11-07T12:32:33.357859-0500]  3  * * *
[2024-11-07T12:32:33.357889-0500]  4  * * *
[2024-11-07T12:32:33.357917-0500]  5  * * *
[2024-11-07T12:32:38.364175-0500]  6  * * *
[2024-11-07T12:32:38.364425-0500]  7  * * *
[2024-11-07T12:32:38.364485-0500]  8  * * *
[2024-11-07T12:32:38.364531-0500]  9  * * *
[2024-11-07T12:32:38.382820-0500] 10  * * *
[2024-11-07T12:32:43.373821-0500] 11  * * *
[2024-11-07T12:32:43.374328-0500] 12  * * *
[2024-11-07T12:32:43.383822-0500] 13  * * *
[2024-11-07T12:32:43.384197-0500] 14  * * *
[2024-11-07T12:32:43.384427-0500] 15  * * *
[2024-11-07T12:32:48.382933-0500] 16  * * *
[2024-11-07T12:32:48.383391-0500] 17  * * *
[2024-11-07T12:32:48.389806-0500] 18  * * *
[2024-11-07T12:32:48.397800-0500] 19  * * *
[2024-11-07T12:32:48.397976-0500] 20  * * *
[2024-11-07T12:32:48.398052-0500] 21  * * *
[2024-11-07T12:32:53.392446-0500] 22  * * *
[2024-11-07T12:32:53.398237-0500] 23  * * *
[2024-11-07T12:32:53.398448-0500] 24  * * *
[2024-11-07T12:32:53.402798-0500] 25  * * *
[2024-11-07T12:32:53.404751-0500] 26  * * *
[2024-11-07T12:32:58.347096-0500] 27  * *End time: 1731000778404
