Start time: 1730519140607
[2024-11-01T20:45:45.700547-0700] traceroute to 54.176.53.206 (54.176.53.206), 30 hops max, 60 byte packets
[2024-11-01T20:45:45.701657-0700]  1  * * *
[2024-11-01T20:45:45.701712-0700]  2  * * *
[2024-11-01T20:45:45.701748-0700]  3  * * *
[2024-11-01T20:45:45.701782-0700]  4  * * *
[2024-11-01T20:45:45.701816-0700]  5  * * *
[2024-11-01T20:45:50.708566-0700]  6  * * *
[2024-11-01T20:45:50.708869-0700]  7  * * *
[2024-11-01T20:45:50.708908-0700]  8  * * *
[2024-11-01T20:45:50.714205-0700]  9  * * *
[2024-11-01T20:45:50.714252-0700] 10  * * *
[2024-11-01T20:45:55.715426-0700] 11  * * *
[2024-11-01T20:45:55.715559-0700] 12  * * *
[2024-11-01T20:45:55.715589-0700] 13  * * *
[2024-11-01T20:45:55.715614-0700] 14  * * *
[2024-11-01T20:45:55.720604-0700] 15  * * *
[2024-11-01T20:46:00.722450-0700] 16  * * *
[2024-11-01T20:46:00.722729-0700] 17  * * *
[2024-11-01T20:46:00.722808-0700] 18  * * *
[2024-11-01T20:46:00.722867-0700] 19  * * *
[2024-11-01T20:46:00.722914-0700] 20  * * *
[2024-11-01T20:46:00.732439-0700] 21  * * *
[2024-11-01T20:46:05.731156-0700] 22  * * *
[2024-11-01T20:46:05.731555-0700] 23  * * *
[2024-11-01T20:46:05.731643-0700] 24  * * *
[2024-11-01T20:46:05.742171-0700] 25  * * *
[2024-11-01T20:46:05.742232-0700] 26  * * *
[2024-11-01T20:46:10.683300-0700] 27  * *End time: 1730519170745
