Start time: 1730513071991
[2024-11-01T19:04:33.041676-0700] nuttcp-r: v8.1.4: socket
[2024-11-01T19:04:33.043064-0700] nuttcp-r: buflen=65536, nstream=1, port=5110 tcp
[2024-11-01T19:04:33.043208-0700] nuttcp-r: interval reporting every 0.50 seconds
[2024-11-01T19:04:33.043327-0700] nuttcp-r: connect to 54.176.53.206 with RTT=47.544 ms af=inet
[2024-11-01T19:04:33.043440-0700] nuttcp-r: send window size = 2097152, receive window size = 6291456
[2024-11-01T19:04:33.043547-0700] nuttcp-r: available send window = 1572864, available receive window = 4718592
[2024-11-01T19:04:33.043651-0700]     2.3125 MB /   0.50 sec =   38.7939 Mbps     0 retrans
[2024-11-01T19:04:33.541562-0700]    22.1875 MB /   0.50 sec =  372.2542 Mbps     0 retrans
[2024-11-01T19:04:34.041557-0700]    23.5000 MB /   0.50 sec =  394.2725 Mbps     0 retrans
[2024-11-01T19:04:34.541445-0700]    26.7500 MB /   0.50 sec =  448.8184 Mbps     0 retrans
[2024-11-01T19:04:35.041598-0700]    22.6875 MB /   0.50 sec =  380.5996 Mbps     0 retrans
[2024-11-01T19:04:35.541603-0700]    20.9375 MB /   0.50 sec =  351.2624 Mbps     0 retrans
[2024-11-01T19:04:36.042641-0700]    21.3750 MB /   0.50 sec =  357.8743 Mbps     0 retrans
[2024-11-01T19:04:36.541685-0700]    19.3125 MB /   0.50 sec =  324.6157 Mbps     0 retrans
[2024-11-01T19:04:37.041597-0700]    24.5625 MB /   0.50 sec =  412.1736 Mbps     0 retrans
[2024-11-01T19:04:37.541757-0700]    27.3125 MB /   0.50 sec =  458.2295 Mbps     0 retrans
[2024-11-01T19:04:38.041471-0700]    24.1875 MB /   0.50 sec =  405.8241 Mbps     0 retrans
[2024-11-01T19:04:38.541490-0700]    24.5000 MB /   0.50 sec =  411.0270 Mbps     0 retrans
[2024-11-01T19:04:39.042171-0700]    24.8750 MB /   0.50 sec =  417.3257 Mbps     0 retrans
[2024-11-01T19:04:39.541568-0700]    21.1875 MB /   0.50 sec =  355.4694 Mbps     0 retrans
[2024-11-01T19:04:40.041588-0700]    24.6250 MB /   0.50 sec =  413.1232 Mbps     0 retrans
[2024-11-01T19:04:40.541572-0700]    27.5625 MB /   0.50 sec =  462.4414 Mbps     0 retrans
[2024-11-01T19:04:41.041658-0700]    26.1250 MB /   0.50 sec =  438.2425 Mbps     0 retrans
[2024-11-01T19:04:41.541466-0700]    26.3750 MB /   0.50 sec =  442.5796 Mbps     0 retrans
[2024-11-01T19:04:42.041477-0700]    25.6875 MB /   0.50 sec =  430.9708 Mbps     0 retrans
[2024-11-01T19:04:42.541950-0700]    27.4375 MB /   0.50 sec =  460.2429 Mbps     0 retrans
[2024-11-01T19:04:43.041647-0700]    19.6875 MB /   0.50 sec =  330.3173 Mbps     0 retrans
[2024-11-01T19:04:43.542261-0700]    26.0625 MB /   0.50 sec =  437.0289 Mbps     0 retrans
[2024-11-01T19:04:44.041611-0700]    24.1250 MB /   0.50 sec =  404.9755 Mbps     0 retrans
[2024-11-01T19:04:44.541669-0700]    24.9375 MB /   0.50 sec =  418.3492 Mbps     0 retrans
[2024-11-01T19:04:45.041515-0700]    23.8125 MB /   0.50 sec =  399.5314 Mbps     0 retrans
[2024-11-01T19:04:45.542083-0700]    11.8125 MB /   0.50 sec =  198.1765 Mbps     0 retrans
[2024-11-01T19:04:46.041460-0700]    14.3750 MB /   0.50 sec =  241.2048 Mbps     0 retrans
[2024-11-01T19:04:46.541544-0700]    15.3125 MB /   0.50 sec =  256.8980 Mbps     0 retrans
[2024-11-01T19:04:47.041715-0700]    11.5625 MB /   0.50 sec =  193.9478 Mbps     0 retrans
[2024-11-01T19:04:47.542240-0700]    15.0000 MB /   0.50 sec =  251.3722 Mbps     0 retrans
[2024-11-01T19:04:48.041666-0700]    14.5000 MB /   0.50 sec =  243.5643 Mbps     0 retrans
[2024-11-01T19:04:48.541495-0700]    20.5625 MB /   0.50 sec =  345.0181 Mbps     0 retrans
[2024-11-01T19:04:49.041565-0700]    16.0625 MB /   0.50 sec =  269.4749 Mbps     0 retrans
[2024-11-01T19:04:49.541646-0700]    11.5625 MB /   0.50 sec =  193.9707 Mbps     0 retrans
[2024-11-01T19:04:50.041936-0700]    15.1875 MB /   0.50 sec =  254.7851 Mbps     0 retrans
[2024-11-01T19:04:50.541613-0700]    14.7500 MB /   0.50 sec =  247.4912 Mbps     0 retrans
[2024-11-01T19:04:51.041494-0700]    17.0000 MB /   0.50 sec =  285.2309 Mbps     0 retrans
[2024-11-01T19:04:51.542019-0700]     4.5000 MB /   0.50 sec =   75.4907 Mbps     0 retrans
[2024-11-01T19:04:52.041479-0700]     5.1875 MB /   0.50 sec =   87.0417 Mbps     0 retrans
[2024-11-01T19:04:52.541693-0700]    16.1250 MB /   0.50 sec =  270.4942 Mbps     0 retrans
[2024-11-01T19:04:53.041783-0700]    14.6875 MB /   0.50 sec =  246.4262 Mbps     0 retrans
[2024-11-01T19:04:53.541540-0700]     8.8125 MB /   0.50 sec =  147.8599 Mbps     0 retrans
[2024-11-01T19:04:54.041842-0700]    13.8125 MB /   0.50 sec =  231.6885 Mbps     0 retrans
[2024-11-01T19:04:54.541474-0700]    14.6250 MB /   0.50 sec =  245.4252 Mbps     0 retrans
[2024-11-01T19:04:55.042853-0700]    13.1250 MB /   0.50 sec =  219.6422 Mbps     0 retrans
[2024-11-01T19:04:55.541590-0700]     9.3125 MB /   0.50 sec =  156.6263 Mbps     0 retrans
[2024-11-01T19:04:56.041842-0700]    11.8750 MB /   0.50 sec =  199.2354 Mbps     0 retrans
[2024-11-01T19:04:56.541608-0700]    14.6875 MB /   0.50 sec =  246.3942 Mbps     0 retrans
[2024-11-01T19:04:57.042010-0700]    13.4375 MB /   0.50 sec =  225.4605 Mbps     0 retrans
[2024-11-01T19:04:57.541643-0700]     9.5000 MB /   0.50 sec =  159.3953 Mbps     0 retrans
[2024-11-01T19:04:58.041583-0700]    16.8750 MB /   0.50 sec =  283.0963 Mbps     0 retrans
[2024-11-01T19:04:58.541562-0700]    11.8125 MB /   0.50 sec =  198.1856 Mbps     0 retrans
[2024-11-01T19:04:59.041552-0700]    11.1875 MB /   0.50 sec =  187.6902 Mbps     0 retrans
[2024-11-01T19:04:59.541559-0700]    10.3750 MB /   0.50 sec =  174.0674 Mbps     0 retrans
[2024-11-01T19:05:00.041715-0700]     8.7500 MB /   0.50 sec =  146.8015 Mbps     0 retrans
[2024-11-01T19:05:00.541535-0700]     8.3125 MB /   0.50 sec =  139.4612 Mbps     0 retrans
[2024-11-01T19:05:01.041645-0700]     8.3750 MB /   0.50 sec =  140.4859 Mbps     0 retrans
[2024-11-01T19:05:01.541569-0700]     8.1250 MB /   0.50 sec =  136.3361 Mbps     0 retrans
[2024-11-01T19:05:02.042154-0700]     7.1250 MB /   0.50 sec =  119.5355 Mbps     0 retrans
[2024-11-01T19:05:02.542066-0700]     6.1250 MB /   0.50 sec =  102.6631 Mbps     0 retrans
[2024-11-01T19:05:03.041765-0700]     7.0625 MB /   0.50 sec =  118.5607 Mbps     0 retrans
[2024-11-01T19:05:03.541784-0700]     4.9375 MB /   0.50 sec =   82.8347 Mbps     0 retrans
[2024-11-01T19:05:04.041684-0700]     3.4375 MB /   0.50 sec =   57.6795 Mbps     0 retrans
[2024-11-01T19:05:04.541574-0700]     7.2500 MB /   0.50 sec =  121.6652 Mbps     0 retrans
[2024-11-01T19:05:05.041803-0700]     1.6875 MB /   0.50 sec =   28.2994 Mbps     0 retrans
[2024-11-01T19:05:05.543089-0700]     3.7500 MB /   0.50 sec =   62.8113 Mbps     0 retrans
[2024-11-01T19:05:06.041685-0700]     7.7500 MB /   0.50 sec =  130.2683 Mbps     0 retrans
[2024-11-01T19:05:06.542067-0700]     6.4375 MB /   0.50 sec =  108.0165 Mbps     0 retrans
[2024-11-01T19:05:07.041591-0700]    11.6875 MB /   0.50 sec =  196.0951 Mbps     0 retrans
[2024-11-01T19:05:07.542958-0700]     3.7500 MB /   0.50 sec =   62.7688 Mbps     0 retrans
[2024-11-01T19:05:08.041652-0700]    10.0000 MB /   0.50 sec =  168.1296 Mbps     0 retrans
[2024-11-01T19:05:08.542451-0700]    12.1875 MB /   0.50 sec =  204.3174 Mbps     0 retrans
[2024-11-01T19:05:09.042070-0700]    12.0000 MB /   0.50 sec =  201.3214 Mbps     0 retrans
[2024-11-01T19:05:09.541522-0700]    11.8750 MB /   0.50 sec =  199.4265 Mbps     0 retrans
[2024-11-01T19:05:10.041553-0700]    12.9375 MB /   0.50 sec =  217.0552 Mbps     0 retrans
[2024-11-01T19:05:10.541569-0700]    12.1875 MB /   0.50 sec =  204.4719 Mbps     0 retrans
[2024-11-01T19:05:11.041581-0700]    12.3125 MB /   0.50 sec =  206.5682 Mbps     0 retrans
[2024-11-01T19:05:11.541652-0700]    14.3750 MB /   0.50 sec =  241.1927 Mbps     0 retrans
[2024-11-01T19:05:12.041552-0700]    15.6250 MB /   0.50 sec =  262.1298 Mbps     0 retrans
[2024-11-01T19:05:12.542071-0700]    11.1250 MB /   0.50 sec =  186.6435 Mbps     0 retrans
[2024-11-01T19:05:13.043004-0700]    16.8750 MB /   0.50 sec =  282.4315 Mbps     0 retrans
[2024-11-01T19:05:13.541538-0700]    11.3125 MB /   0.50 sec =  190.2557 Mbps     0 retrans
[2024-11-01T19:05:14.042257-0700]    11.9375 MB /   0.50 sec =  200.0072 Mbps     0 retrans
[2024-11-01T19:05:14.542755-0700]     8.8750 MB /   0.50 sec =  148.7621 Mbps     0 retrans
[2024-11-01T19:05:15.041880-0700]     4.8750 MB /   0.50 sec =   81.9364 Mbps     0 retrans
[2024-11-01T19:05:15.542691-0700]     0.0000 MB /   0.50 sec =    0.0000 Mbps     0 retrans
[2024-11-01T19:05:16.041716-0700]     7.6250 MB /   0.50 sec =  128.1770 Mbps     0 retrans
[2024-11-01T19:05:16.542058-0700]     8.5625 MB /   0.50 sec =  143.5544 Mbps     0 retrans
[2024-11-01T19:05:17.041595-0700]    15.6250 MB /   0.50 sec =  262.3912 Mbps     0 retrans
[2024-11-01T19:05:17.541592-0700]    10.9375 MB /   0.50 sec =  183.4990 Mbps     0 retrans
[2024-11-01T19:05:18.042696-0700]     7.0000 MB /   0.50 sec =  117.1799 Mbps     0 retrans
[2024-11-01T19:05:18.541588-0700]    13.6875 MB /   0.50 sec =  230.1532 Mbps     0 retrans
[2024-11-01T19:05:19.042761-0700]     9.4375 MB /   0.50 sec =  157.9742 Mbps     0 retrans
[2024-11-01T19:05:19.541661-0700]    12.5000 MB /   0.50 sec =  210.1502 Mbps     0 retrans
[2024-11-01T19:05:20.041571-0700]    16.2500 MB /   0.50 sec =  272.6859 Mbps     0 retrans
[2024-11-01T19:05:20.541659-0700]    15.4375 MB /   0.50 sec =  259.0190 Mbps     0 retrans
[2024-11-01T19:05:21.041559-0700]     7.6875 MB /   0.50 sec =  128.9638 Mbps     0 retrans
[2024-11-01T19:05:21.541574-0700]    21.5000 MB /   0.50 sec =  360.7174 Mbps     0 retrans
[2024-11-01T19:05:22.042769-0700]    10.6250 MB /   0.50 sec =  177.8446 Mbps     0 retrans
[2024-11-01T19:05:22.541613-0700]    17.1875 MB /   0.50 sec =  288.9936 Mbps     0 retrans
[2024-11-01T19:05:23.041619-0700]    14.4375 MB /   0.50 sec =  242.2346 Mbps     0 retrans
[2024-11-01T19:05:23.541644-0700]    14.2500 MB /   0.50 sec =  239.0729 Mbps     0 retrans
[2024-11-01T19:05:24.041957-0700]    16.0625 MB /   0.50 sec =  269.2853 Mbps     0 retrans
[2024-11-01T19:05:24.541554-0700]    15.3125 MB /   0.50 sec =  257.1114 Mbps     0 retrans
[2024-11-01T19:05:25.042801-0700]     4.9375 MB /   0.50 sec =   82.6636 Mbps     0 retrans
[2024-11-01T19:05:25.541746-0700]     2.5625 MB /   0.50 sec =   43.0673 Mbps     0 retrans
[2024-11-01T19:05:26.041886-0700]    20.8125 MB /   0.50 sec =  349.2750 Mbps     0 retrans
[2024-11-01T19:05:26.543001-0700]    13.1250 MB /   0.50 sec =  219.5975 Mbps     0 retrans
[2024-11-01T19:05:27.042693-0700]    13.0625 MB /   0.50 sec =  219.2769 Mbps     0 retrans
[2024-11-01T19:05:27.541786-0700]    18.2500 MB /   0.50 sec =  306.8925 Mbps     0 retrans
[2024-11-01T19:05:28.042846-0700]    10.9375 MB /   0.50 sec =  183.0399 Mbps     0 retrans
[2024-11-01T19:05:28.542091-0700]    14.0625 MB /   0.50 sec =  236.2679 Mbps     0 retrans
[2024-11-01T19:05:29.042294-0700]    22.0000 MB /   0.50 sec =  369.0095 Mbps     0 retrans
[2024-11-01T19:05:29.541976-0700]    16.1250 MB /   0.50 sec =  270.6544 Mbps     0 retrans
[2024-11-01T19:05:30.041630-0700]    18.5000 MB /   0.50 sec =  310.5878 Mbps     0 retrans
[2024-11-01T19:05:30.541810-0700]    19.7500 MB /   0.50 sec =  331.3997 Mbps     0 retrans
[2024-11-01T19:05:31.041978-0700]    18.7500 MB /   0.50 sec =  314.3044 Mbps     0 retrans
[2024-11-01T19:05:31.541572-0700]    16.1875 MB /   0.50 sec =  271.8046 Mbps     0 retrans
[2024-11-01T19:05:32.041800-0700]    13.1250 MB /   0.50 sec =  220.1186 Mbps     0 retrans
[2024-11-01T19:05:32.541545-0700]    20.0625 MB /   0.50 sec =  336.7269 Mbps     0 retrans
[2024-11-01T19:05:33.042358-0700]    14.6875 MB /   0.50 sec =  246.2223 Mbps     0 retrans
[2024-11-01T19:05:33.542058-0700]    13.5625 MB /   0.50 sec =  227.5023 Mbps     0 retrans
[2024-11-01T19:05:34.041554-0700]    14.4375 MB /   0.50 sec =  242.4528 Mbps     0 retrans
[2024-11-01T19:05:34.541785-0700]    14.7500 MB /   0.50 sec =  247.3655 Mbps     0 retrans
[2024-11-01T19:05:35.042138-0700]    13.8750 MB /   0.50 sec =  232.8314 Mbps     0 retrans
[2024-11-01T19:05:35.541719-0700]     4.5000 MB /   0.50 sec =   75.4905 Mbps     0 retrans
[2024-11-01T19:05:36.041681-0700]    14.4375 MB /   0.50 sec =  242.2908 Mbps     0 retrans
[2024-11-01T19:05:36.542079-0700]    15.8125 MB /   0.50 sec =  265.0178 Mbps     0 retrans
[2024-11-01T19:05:37.041811-0700]    14.5000 MB /   0.50 sec =  243.4186 Mbps     0 retrans
[2024-11-01T19:05:37.541541-0700]    16.2500 MB /   0.50 sec =  272.7421 Mbps     0 retrans
[2024-11-01T19:05:38.041563-0700]    16.5000 MB /   0.50 sec =  276.8202 Mbps     0 retrans
[2024-11-01T19:05:38.541685-0700]    14.6875 MB /   0.50 sec =  246.4198 Mbps     0 retrans
[2024-11-01T19:05:39.041571-0700]    13.8125 MB /   0.50 sec =  231.7325 Mbps     0 retrans
[2024-11-01T19:05:39.541602-0700]    12.7500 MB /   0.50 sec =  213.8980 Mbps     0 retrans
[2024-11-01T19:05:40.041748-0700]    18.5625 MB /   0.50 sec =  311.3461 Mbps     0 retrans
[2024-11-01T19:05:40.542709-0700]    13.7500 MB /   0.50 sec =  230.2538 Mbps     0 retrans
[2024-11-01T19:05:41.042035-0700]    11.5000 MB /   0.50 sec =  193.3506 Mbps     0 retrans
[2024-11-01T19:05:41.541799-0700]    18.3125 MB /   0.50 sec =  307.2494 Mbps     0 retrans
[2024-11-01T19:05:42.043150-0700]     8.8750 MB /   0.50 sec =  148.4459 Mbps     0 retrans
[2024-11-01T19:05:42.541738-0700]    14.6875 MB /   0.50 sec =  247.1018 Mbps     0 retrans
[2024-11-01T19:05:43.041519-0700]    16.6875 MB /   0.50 sec =  280.0499 Mbps     0 retrans
[2024-11-01T19:05:43.542611-0700]    13.2500 MB /   0.50 sec =  221.8380 Mbps     0 retrans
[2024-11-01T19:05:44.041773-0700]    16.5625 MB /   0.50 sec =  278.3575 Mbps     0 retrans
[2024-11-01T19:05:44.541542-0700]    17.8125 MB /   0.50 sec =  298.9404 Mbps     0 retrans
[2024-11-01T19:05:45.042706-0700]    10.6250 MB /   0.50 sec =  177.8620 Mbps     0 retrans
[2024-11-01T19:05:45.541758-0700]    16.9375 MB /   0.50 sec =  284.7096 Mbps     0 retrans
[2024-11-01T19:05:46.041545-0700]     3.6250 MB /   0.50 sec =   60.8363 Mbps     0 retrans
[2024-11-01T19:05:46.542685-0700]     5.5625 MB /   0.50 sec =   93.1216 Mbps     0 retrans
[2024-11-01T19:05:47.042261-0700]    15.5000 MB /   0.50 sec =  260.3958 Mbps     0 retrans
[2024-11-01T19:05:47.541939-0700]    17.6875 MB /   0.50 sec =  296.7583 Mbps     0 retrans
[2024-11-01T19:05:48.041588-0700]    18.5625 MB /   0.50 sec =  311.6696 Mbps     0 retrans
[2024-11-01T19:05:48.541576-0700]    19.4375 MB /   0.50 sec =  326.1091 Mbps     0 retrans
[2024-11-01T19:05:49.041557-0700]    21.4375 MB /   0.50 sec =  359.6616 Mbps     0 retrans
[2024-11-01T19:05:49.541732-0700]    20.8125 MB /   0.50 sec =  349.1451 Mbps     0 retrans
[2024-11-01T19:05:50.041578-0700]    19.0000 MB /   0.50 sec =  318.7952 Mbps     0 retrans
[2024-11-01T19:05:50.541541-0700]    16.6250 MB /   0.50 sec =  278.9251 Mbps     0 retrans
[2024-11-01T19:05:51.041653-0700]    15.6875 MB /   0.50 sec =  263.1499 Mbps     0 retrans
[2024-11-01T19:05:51.541718-0700]    16.5000 MB /   0.50 sec =  276.8717 Mbps     0 retrans
[2024-11-01T19:05:52.042050-0700]    13.8750 MB /   0.50 sec =  232.5518 Mbps     0 retrans
[2024-11-01T19:05:52.542661-0700]     8.3125 MB /   0.50 sec =  139.2993 Mbps     0 retrans
[2024-11-01T19:05:53.041583-0700]    19.7500 MB /   0.50 sec =  332.0360 Mbps     0 retrans
[2024-11-01T19:05:53.541549-0700]    14.1250 MB /   0.50 sec =  236.9924 Mbps     0 retrans
[2024-11-01T19:05:54.041595-0700]     7.1875 MB /   0.50 sec =  120.5802 Mbps     0 retrans
[2024-11-01T19:05:54.542901-0700]     6.0625 MB /   0.50 sec =  101.4997 Mbps     0 retrans
[2024-11-01T19:05:55.041453-0700]    18.4375 MB /   0.50 sec =  310.0132 Mbps     0 retrans
[2024-11-01T19:05:55.542055-0700]    12.8125 MB /   0.50 sec =  214.7386 Mbps     0 retrans
[2024-11-01T19:05:56.041559-0700]    17.1250 MB /   0.50 sec =  287.5871 Mbps     0 retrans
[2024-11-01T19:05:56.541694-0700]    17.5625 MB /   0.50 sec =  294.6534 Mbps     0 retrans
[2024-11-01T19:05:57.041886-0700]    17.1875 MB /   0.50 sec =  288.2425 Mbps     0 retrans
[2024-11-01T19:05:57.541944-0700]    16.1250 MB /   0.50 sec =  270.4255 Mbps     0 retrans
[2024-11-01T19:05:58.041484-0700]    17.4375 MB /   0.50 sec =  292.7975 Mbps     0 retrans
[2024-11-01T19:05:58.542626-0700]    15.5625 MB /   0.50 sec =  260.5446 Mbps     0 retrans
[2024-11-01T19:05:59.041620-0700]     6.5000 MB /   0.50 sec =  109.2669 Mbps     0 retrans
[2024-11-01T19:05:59.542197-0700]     9.1875 MB /   0.50 sec =  154.0085 Mbps     0 retrans
[2024-11-01T19:06:00.041503-0700]    21.5000 MB /   0.50 sec =  361.0734 Mbps     0 retrans
[2024-11-01T19:06:00.541953-0700]    18.0625 MB /   0.50 sec =  302.7781 Mbps     0 retrans
[2024-11-01T19:06:01.041645-0700]    19.3750 MB /   0.50 sec =  325.2817 Mbps     0 retrans
[2024-11-01T19:06:01.542781-0700]     6.6250 MB /   0.50 sec =  110.9040 Mbps     0 retrans
[2024-11-01T19:06:02.041707-0700]     5.3125 MB /   0.50 sec =   89.3122 Mbps     0 retrans
[2024-11-01T19:06:02.542610-0700]     7.5625 MB /   0.50 sec =  126.7915 Mbps     0 retrans
[2024-11-01T19:06:03.041579-0700]    10.8750 MB /   0.50 sec =  182.6177 Mbps     0 retrans
[2024-11-01T19:06:03.542633-0700]     3.5000 MB /   0.50 sec =   58.5988 Mbps     0 retrans
[2024-11-01T19:06:04.041621-0700]    17.7500 MB /   0.50 sec =  298.4019 Mbps     0 retrans
[2024-11-01T19:06:04.541586-0700]    16.3750 MB /   0.50 sec =  274.7511 Mbps     0 retrans
[2024-11-01T19:06:05.041547-0700]    18.8750 MB /   0.50 sec =  316.6681 Mbps     0 retrans
[2024-11-01T19:06:05.541602-0700]    17.3125 MB /   0.50 sec =  290.4294 Mbps     0 retrans
[2024-11-01T19:06:06.043530-0700]    11.3750 MB /   0.50 sec =  190.2966 Mbps     0 retrans
[2024-11-01T19:06:06.543015-0700]    10.5625 MB /   0.50 sec =  177.2271 Mbps     0 retrans
[2024-11-01T19:06:07.041956-0700]    23.8125 MB /   0.50 sec =  400.6557 Mbps     0 retrans
[2024-11-01T19:06:07.541581-0700]    21.0625 MB /   0.50 sec =  353.3708 Mbps     0 retrans
[2024-11-01T19:06:08.041581-0700]    22.6875 MB /   0.50 sec =  380.6049 Mbps     0 retrans
[2024-11-01T19:06:08.542952-0700]    11.9375 MB /   0.50 sec =  199.7511 Mbps     0 retrans
[2024-11-01T19:06:09.041570-0700]    26.9375 MB /   0.50 sec =  453.1634 Mbps     0 retrans
[2024-11-01T19:06:09.541763-0700]    18.0625 MB /   0.50 sec =  303.0051 Mbps     0 retrans
[2024-11-01T19:06:10.042104-0700]    13.0625 MB /   0.50 sec =  219.1581 Mbps     0 retrans
[2024-11-01T19:06:10.541618-0700]    17.6875 MB /   0.50 sec =  296.7328 Mbps     0 retrans
[2024-11-01T19:06:11.041596-0700]    18.3125 MB /   0.50 sec =  307.2383 Mbps     0 retrans
[2024-11-01T19:06:11.541556-0700]    17.3125 MB /   0.50 sec =  290.4863 Mbps     0 retrans
[2024-11-01T19:06:12.041626-0700]    14.3125 MB /   0.50 sec =  240.1398 Mbps     0 retrans
[2024-11-01T19:06:12.542225-0700]     9.7500 MB /   0.50 sec =  163.5272 Mbps     0 retrans
[2024-11-01T19:06:13.041660-0700]    22.0625 MB /   0.50 sec =  370.1732 Mbps     0 retrans
[2024-11-01T19:06:13.541886-0700]    19.1250 MB /   0.50 sec =  320.8835 Mbps     0 retrans
[2024-11-01T19:06:14.041919-0700]    20.0625 MB /   0.50 sec =  336.3870 Mbps     0 retrans
[2024-11-01T19:06:14.541531-0700]    18.8750 MB /   0.50 sec =  316.9064 Mbps     0 retrans
[2024-11-01T19:06:15.042695-0700]    10.4375 MB /   0.50 sec =  174.7250 Mbps     0 retrans
[2024-11-01T19:06:15.541644-0700]    10.2500 MB /   0.50 sec =  172.3097 Mbps     0 retrans
[2024-11-01T19:06:16.041691-0700]    12.6875 MB /   0.50 sec =  212.9056 Mbps     0 retrans
[2024-11-01T19:06:16.541552-0700]    16.6250 MB /   0.50 sec =  278.9257 Mbps     0 retrans
[2024-11-01T19:06:17.041919-0700]     8.6875 MB /   0.50 sec =  145.6964 Mbps     0 retrans
[2024-11-01T19:06:17.542672-0700]     6.9375 MB /   0.50 sec =  116.1847 Mbps     0 retrans
[2024-11-01T19:06:18.041588-0700]    12.4375 MB /   0.50 sec =  209.1137 Mbps     0 retrans
[2024-11-01T19:06:18.541559-0700]    15.3125 MB /   0.50 sec =  256.9042 Mbps     0 retrans
[2024-11-01T19:06:19.041539-0700]     9.6250 MB /   0.50 sec =  161.4658 Mbps     0 retrans
[2024-11-01T19:06:19.543133-0700]    13.1875 MB /   0.50 sec =  220.6084 Mbps     0 retrans
[2024-11-01T19:06:20.041715-0700]    20.1250 MB /   0.50 sec =  338.6608 Mbps     0 retrans
[2024-11-01T19:06:20.542009-0700]    13.9375 MB /   0.50 sec =  233.6273 Mbps     0 retrans
[2024-11-01T19:06:21.041777-0700]    12.6875 MB /   0.50 sec =  213.0535 Mbps     0 retrans
[2024-11-01T19:06:21.541560-0700]    11.1875 MB /   0.50 sec =  187.6891 Mbps     0 retrans
[2024-11-01T19:06:22.041576-0700]    11.5625 MB /   0.50 sec =  193.9850 Mbps     0 retrans
[2024-11-01T19:06:22.541694-0700]     9.7500 MB /   0.50 sec =  163.5805 Mbps     0 retrans
[2024-11-01T19:06:23.041598-0700]     9.2500 MB /   0.50 sec =  155.1827 Mbps     0 retrans
[2024-11-01T19:06:23.541540-0700]     9.9375 MB /   0.50 sec =  166.7309 Mbps     0 retrans
[2024-11-01T19:06:24.041550-0700]    10.9375 MB /   0.50 sec =  183.4982 Mbps     0 retrans
[2024-11-01T19:06:24.541537-0700]    10.3750 MB /   0.50 sec =  174.0664 Mbps     0 retrans
[2024-11-01T19:06:25.041639-0700]     6.9375 MB /   0.50 sec =  116.3812 Mbps     0 retrans
[2024-11-01T19:06:25.541536-0700]    10.0000 MB /   0.50 sec =  167.7873 Mbps     0 retrans
[2024-11-01T19:06:26.041677-0700]     3.6250 MB /   0.50 sec =   60.8076 Mbps     0 retrans
[2024-11-01T19:06:26.541625-0700]     6.5625 MB /   0.50 sec =  110.1108 Mbps     0 retrans
[2024-11-01T19:06:27.041675-0700]    11.1875 MB /   0.50 sec =  187.6358 Mbps     0 retrans
[2024-11-01T19:06:27.542003-0700]     9.3750 MB /   0.50 sec =  157.2094 Mbps     0 retrans
[2024-11-01T19:06:28.041618-0700]     7.6250 MB /   0.50 sec =  128.0315 Mbps     0 retrans
[2024-11-01T19:06:28.541566-0700]    10.8750 MB /   0.50 sec =  182.4551 Mbps     0 retrans
[2024-11-01T19:06:29.041563-0700]    13.7500 MB /   0.50 sec =  230.6840 Mbps     0 retrans
[2024-11-01T19:06:29.541746-0700]     8.6875 MB /   0.50 sec =  145.7547 Mbps     0 retrans
[2024-11-01T19:06:30.041566-0700]    15.4375 MB /   0.50 sec =  258.9978 Mbps     0 retrans
[2024-11-01T19:06:30.541597-0700]    13.6250 MB /   0.50 sec =  228.5731 Mbps     0 retrans
[2024-11-01T19:06:31.041628-0700]    14.3750 MB /   0.50 sec =  241.1706 Mbps     0 retrans
[2024-11-01T19:06:31.541552-0700]    12.6250 MB /   0.50 sec =  211.8297 Mbps     0 retrans
[2024-11-01T19:06:32.041641-0700]     8.6875 MB /   0.50 sec =  145.7317 Mbps     0 retrans
[2024-11-01T19:06:32.541551-0700]    18.0625 MB /   0.50 sec =  303.0864 Mbps     0 retrans
[2024-11-01T19:06:33.041741-0700]     9.7500 MB /   0.50 sec =  163.5255 Mbps     0 retrans
End time: 1730513193112
