Start time: 1745081834978
Connecting to host 34.86.116.81, port 5203
Reverse mode, remote host 34.86.116.81 is sending
[  5] local 192.0.0.2 port 44108 connected to 34.86.116.81 port 5203
[ ID] Interval           Transfer     Bitrate
[  5]   0.00-0.10   sec  79.9 KBytes  6.54 Mbits/sec                  
[  5]   0.10-0.20   sec   392 KBytes  32.1 Mbits/sec                  
[  5]   0.20-0.30   sec   546 KBytes  44.7 Mbits/sec                  
[  5]   0.30-0.40   sec   505 KBytes  41.4 Mbits/sec                  
[  5]   0.40-0.50   sec  1.88 MBytes   158 Mbits/sec                  
[  5]   0.50-0.60   sec  2.35 MBytes   197 Mbits/sec                  
[  5]   0.60-0.70   sec  2.33 MBytes   196 Mbits/sec                  
[  5]   0.70-0.80   sec  3.18 MBytes   267 Mbits/sec                  
[  5]   0.80-0.90   sec  4.26 MBytes   357 Mbits/sec                  
[  5]   0.90-1.00   sec  7.65 MBytes   642 Mbits/sec                  
[  5]   1.00-1.10   sec  8.34 MBytes   700 Mbits/sec                  
[  5]   1.10-1.20   sec  4.58 MBytes   385 Mbits/sec                  
[  5]   1.20-1.30   sec  7.05 MBytes   592 Mbits/sec                  
[  5]   1.30-1.40   sec  8.02 MBytes   673 Mbits/sec                  
[  5]   1.40-1.50   sec  7.15 MBytes   599 Mbits/sec                  
[  5]   1.50-1.60   sec  8.82 MBytes   740 Mbits/sec                  
[  5]   1.60-1.70   sec  7.05 MBytes   591 Mbits/sec                  
[  5]   1.70-1.80   sec  7.69 MBytes   645 Mbits/sec                  
[  5]   1.80-1.90   sec  8.73 MBytes   733 Mbits/sec                  
[  5]   1.90-2.00   sec  8.91 MBytes   747 Mbits/sec                  
[  5]   2.00-2.10   sec  8.57 MBytes   720 Mbits/sec                  
[  5]   2.10-2.20   sec  8.07 MBytes   677 Mbits/sec                  
[  5]   2.20-2.30   sec  7.66 MBytes   642 Mbits/sec                  
[  5]   2.30-2.40   sec  6.78 MBytes   569 Mbits/sec                  
[  5]   2.40-2.50   sec  7.46 MBytes   626 Mbits/sec                  
[  5]   2.50-2.60   sec  8.24 MBytes   691 Mbits/sec                  
[  5]   2.60-2.70   sec  5.84 MBytes   489 Mbits/sec                  
[  5]   2.70-2.80   sec  8.93 MBytes   750 Mbits/sec                  
[  5]   2.80-2.90   sec  6.48 MBytes   543 Mbits/sec                  
[  5]   2.90-3.00   sec  3.35 MBytes   281 Mbits/sec                  
[  5]   3.00-3.10   sec  8.26 MBytes   693 Mbits/sec                  
[  5]   3.10-3.20   sec  5.62 MBytes   472 Mbits/sec                  
[  5]   3.20-3.30   sec  6.61 MBytes   554 Mbits/sec                  
[  5]   3.30-3.40   sec  6.17 MBytes   518 Mbits/sec                  
[  5]   3.40-3.50   sec  5.05 MBytes   424 Mbits/sec                  
[  5]   3.50-3.60   sec  9.52 MBytes   799 Mbits/sec                  
[  5]   3.60-3.70   sec  5.38 MBytes   449 Mbits/sec                  
[  5]   3.70-3.80   sec  5.31 MBytes   448 Mbits/sec                  
[  5]   3.80-3.90   sec  8.67 MBytes   727 Mbits/sec                  
[  5]   3.90-4.00   sec  10.1 MBytes   849 Mbits/sec                  
[  5]   4.00-4.10   sec  7.36 MBytes   618 Mbits/sec                  
[  5]   4.10-4.20   sec  9.00 MBytes   755 Mbits/sec                  
[  5]   4.20-4.30   sec  8.87 MBytes   744 Mbits/sec                  
[  5]   4.30-4.40   sec  8.77 MBytes   736 Mbits/sec                  
[  5]   4.40-4.50   sec  9.80 MBytes   822 Mbits/sec                  
[  5]   4.50-4.60   sec  8.37 MBytes   703 Mbits/sec                  
[  5]   4.60-4.70   sec  11.0 MBytes   922 Mbits/sec                  
[  5]   4.70-4.80   sec  8.69 MBytes   729 Mbits/sec                  
[  5]   4.80-4.90   sec  7.72 MBytes   648 Mbits/sec                  
[  5]   4.90-5.00   sec  10.7 MBytes   899 Mbits/sec                  
- - - - - - - - - - - - - - - - - - - - - - - - -
[ ID] Interval           Transfer     Bitrate         Retr
[  5]   0.00-5.04   sec   614 MBytes  1.02 Gbits/sec    0             sender
[  5]   0.00-5.00   sec   332 MBytes   557 Mbits/sec                  receiver

iperf Done.
End time: 1745081840721
