Start time: 1730656374082
[2024-11-03T10:52:55.066048-0700] nuttcp-r: v8.1.4: socket
[2024-11-03T10:52:55.066660-0700] nuttcp-r: buflen=65536, nstream=1, port=5379 tcp
[2024-11-03T10:52:55.066715-0700] nuttcp-r: interval reporting every 0.50 seconds
[2024-11-03T10:52:55.066759-0700] nuttcp-r: connect to 54.176.53.206 with RTT=77.667 ms af=inet
[2024-11-03T10:52:55.066798-0700] nuttcp-r: send window size = 2097152, receive window size = 6291456
[2024-11-03T10:52:55.066839-0700] nuttcp-r: available send window = 1572864, available receive window = 4718592
[2024-11-03T10:52:55.066877-0700]     0.0000 MB /   0.50 sec =    0.0000 Mbps    -1 retrans
[2024-11-03T10:52:55.566203-0700]     0.4375 MB /   0.50 sec =    7.3411 Mbps     1 retrans
[2024-11-03T10:52:56.066115-0700]     0.5000 MB /   0.50 sec =    8.3888 Mbps     0 retrans
[2024-11-03T10:52:56.565958-0700]     0.5000 MB /   0.50 sec =    8.3883 Mbps     0 retrans
[2024-11-03T10:52:57.066294-0700]     0.4375 MB /   0.50 sec =    7.3328 Mbps     0 retrans
[2024-11-03T10:52:57.565762-0700]     0.3750 MB /   0.50 sec =    6.2975 Mbps     0 retrans
[2024-11-03T10:52:58.065786-0700]     0.3125 MB /   0.50 sec =    5.2426 Mbps     0 retrans
[2024-11-03T10:52:58.566804-0700]     0.1250 MB /   0.50 sec =    2.0930 Mbps     0 retrans
[2024-11-03T10:52:59.065902-0700]     0.1875 MB /   0.50 sec =    3.1514 Mbps     0 retrans
[2024-11-03T10:52:59.565949-0700]     0.3125 MB /   0.50 sec =    5.2446 Mbps     0 retrans
[2024-11-03T10:53:00.065737-0700]     0.3125 MB /   0.50 sec =    5.2426 Mbps     0 retrans
[2024-11-03T10:53:00.565805-0700]     0.2500 MB /   0.50 sec =    4.1940 Mbps     0 retrans
[2024-11-03T10:53:01.066007-0700]     0.2500 MB /   0.50 sec =    4.1938 Mbps     0 retrans
[2024-11-03T10:53:01.565788-0700]     0.3125 MB /   0.50 sec =    5.2433 Mbps     0 retrans
[2024-11-03T10:53:02.065734-0700]     0.2500 MB /   0.50 sec =    4.1947 Mbps     0 retrans
[2024-11-03T10:53:02.565836-0700]     0.3750 MB /   0.50 sec =    6.2906 Mbps     0 retrans
[2024-11-03T10:53:03.065736-0700]     0.2500 MB /   0.50 sec =    4.1949 Mbps     0 retrans
[2024-11-03T10:53:03.565869-0700]     0.1250 MB /   0.50 sec =    2.0967 Mbps     0 retrans
[2024-11-03T10:53:04.065734-0700]     0.1250 MB /   0.50 sec =    2.0976 Mbps     0 retrans
[2024-11-03T10:53:04.565717-0700]     0.0625 MB /   0.50 sec =    1.0486 Mbps     0 retrans
[2024-11-03T10:53:05.065961-0700]     0.0625 MB /   0.50 sec =    1.0486 Mbps     0 retrans
[2024-11-03T10:53:05.565815-0700]     0.1250 MB /   0.50 sec =    2.0969 Mbps     0 retrans
[2024-11-03T10:53:06.065740-0700]     0.0625 MB /   0.50 sec =    1.0486 Mbps     0 retrans
[2024-11-03T10:53:06.566877-0700]     0.0625 MB /   0.50 sec =    1.0463 Mbps     0 retrans
[2024-11-03T10:53:07.065942-0700]     0.1250 MB /   0.50 sec =    2.1011 Mbps     0 retrans
[2024-11-03T10:53:07.566981-0700]     0.1250 MB /   0.50 sec =    2.0935 Mbps     0 retrans
[2024-11-03T10:53:08.065806-0700]     0.1250 MB /   0.50 sec =    2.1013 Mbps     0 retrans
[2024-11-03T10:53:08.565784-0700]     0.1250 MB /   0.50 sec =    2.0974 Mbps     0 retrans
[2024-11-03T10:53:09.065708-0700]     0.1250 MB /   0.50 sec =    2.0972 Mbps     0 retrans
[2024-11-03T10:53:09.566033-0700]     0.1250 MB /   0.50 sec =    2.0970 Mbps     0 retrans
[2024-11-03T10:53:10.065888-0700]     0.1250 MB /   0.50 sec =    2.0967 Mbps     0 retrans
[2024-11-03T10:53:10.565854-0700]     0.1250 MB /   0.50 sec =    2.0973 Mbps     0 retrans
[2024-11-03T10:53:11.065733-0700]     0.1250 MB /   0.50 sec =    2.0976 Mbps     0 retrans
[2024-11-03T10:53:11.565804-0700]     0.1875 MB /   0.50 sec =    3.1453 Mbps     0 retrans
[2024-11-03T10:53:12.065746-0700]     0.1875 MB /   0.50 sec =    3.1458 Mbps     0 retrans
[2024-11-03T10:53:12.565795-0700]     0.1250 MB /   0.50 sec =    2.0971 Mbps     0 retrans
[2024-11-03T10:53:13.065793-0700]     0.1875 MB /   0.50 sec =    3.1457 Mbps     0 retrans
[2024-11-03T10:53:13.565803-0700]     0.1250 MB /   0.50 sec =    2.0972 Mbps     0 retrans
[2024-11-03T10:53:14.065738-0700]     0.1250 MB /   0.50 sec =    2.0974 Mbps     0 retrans
[2024-11-03T10:53:14.565761-0700]     0.1250 MB /   0.50 sec =    2.0970 Mbps     0 retrans
[2024-11-03T10:53:15.066145-0700]     0.1250 MB /   0.50 sec =    2.0972 Mbps     0 retrans
[2024-11-03T10:53:15.565822-0700]     0.0625 MB /   0.50 sec =    1.0485 Mbps     0 retrans
[2024-11-03T10:53:16.065839-0700]     0.0625 MB /   0.50 sec =    1.0485 Mbps     0 retrans
[2024-11-03T10:53:16.565784-0700]     0.1250 MB /   0.50 sec =    2.0974 Mbps     0 retrans
[2024-11-03T10:53:17.065742-0700]     0.1875 MB /   0.50 sec =    3.1460 Mbps     0 retrans
[2024-11-03T10:53:17.565812-0700]     0.1250 MB /   0.50 sec =    2.0968 Mbps     0 retrans
[2024-11-03T10:53:18.065831-0700]     0.0625 MB /   0.50 sec =    1.0486 Mbps     0 retrans
[2024-11-03T10:53:18.565933-0700]     0.1250 MB /   0.50 sec =    2.0969 Mbps     0 retrans
[2024-11-03T10:53:19.065852-0700]     0.0000 MB /   0.50 sec =    0.0000 Mbps     0 retrans
[2024-11-03T10:53:19.566166-0700]     0.1875 MB /   0.50 sec =    3.1439 Mbps     0 retrans
[2024-11-03T10:53:20.065870-0700]     0.2500 MB /   0.50 sec =    4.1963 Mbps     0 retrans
[2024-11-03T10:53:20.565733-0700]     0.1875 MB /   0.50 sec =    3.1458 Mbps     0 retrans
[2024-11-03T10:53:21.065825-0700]     0.2500 MB /   0.50 sec =    4.1936 Mbps     0 retrans
[2024-11-03T10:53:21.565724-0700]     0.1875 MB /   0.50 sec =    3.1463 Mbps     0 retrans
[2024-11-03T10:53:22.065637-0700]     0.1875 MB /   0.50 sec =    3.1459 Mbps     0 retrans
[2024-11-03T10:53:22.565709-0700]     0.1250 MB /   0.50 sec =    2.0970 Mbps     0 retrans
[2024-11-03T10:53:23.065743-0700]     0.1250 MB /   0.50 sec =    2.0972 Mbps     0 retrans
[2024-11-03T10:53:23.565748-0700]     0.2500 MB /   0.50 sec =    4.1942 Mbps     0 retrans
[2024-11-03T10:53:24.065775-0700]     0.2500 MB /   0.50 sec =    4.1942 Mbps     0 retrans
[2024-11-03T10:53:24.565902-0700]     0.2500 MB /   0.50 sec =    4.1944 Mbps     0 retrans
[2024-11-03T10:53:25.065720-0700]     0.2500 MB /   0.50 sec =    4.1944 Mbps     0 retrans
[2024-11-03T10:53:25.565762-0700]     0.2500 MB /   0.50 sec =    4.1942 Mbps     0 retrans
[2024-11-03T10:53:26.065738-0700]     0.3125 MB /   0.50 sec =    5.2430 Mbps     0 retrans
[2024-11-03T10:53:26.565691-0700]     0.3125 MB /   0.50 sec =    5.2430 Mbps     0 retrans
[2024-11-03T10:53:27.065737-0700]     0.3125 MB /   0.50 sec =    5.2428 Mbps     0 retrans
[2024-11-03T10:53:27.566924-0700]     0.3125 MB /   0.50 sec =    5.2310 Mbps     0 retrans
[2024-11-03T10:53:28.065762-0700]     0.1875 MB /   0.50 sec =    3.1528 Mbps     0 retrans
[2024-11-03T10:53:28.565747-0700]     0.2500 MB /   0.50 sec =    4.1944 Mbps     0 retrans
[2024-11-03T10:53:29.065881-0700]     0.4375 MB /   0.50 sec =    7.3402 Mbps     0 retrans
[2024-11-03T10:53:29.565744-0700]     0.5000 MB /   0.50 sec =    8.3884 Mbps     0 retrans
[2024-11-03T10:53:30.065726-0700]     0.5000 MB /   0.50 sec =    8.3888 Mbps     0 retrans
[2024-11-03T10:53:30.565702-0700]     0.5000 MB /   0.50 sec =    8.3885 Mbps     0 retrans
[2024-11-03T10:53:31.065719-0700]     0.5000 MB /   0.50 sec =    8.3887 Mbps     0 retrans
[2024-11-03T10:53:31.565825-0700]     0.5625 MB /   0.50 sec =    9.4356 Mbps     0 retrans
[2024-11-03T10:53:32.065975-0700]     0.3125 MB /   0.50 sec =    5.2439 Mbps     0 retrans
[2024-11-03T10:53:32.566245-0700]     0.6250 MB /   0.50 sec =   10.4755 Mbps     0 retrans
[2024-11-03T10:53:33.065708-0700]     0.6875 MB /   0.50 sec =   11.5453 Mbps     0 retrans
[2024-11-03T10:53:33.565729-0700]     0.6875 MB /   0.50 sec =   11.5342 Mbps     0 retrans
[2024-11-03T10:53:34.065725-0700]     0.6250 MB /   0.50 sec =   10.4857 Mbps     0 retrans
[2024-11-03T10:53:34.565870-0700]     0.7500 MB /   0.50 sec =   12.5813 Mbps     0 retrans
[2024-11-03T10:53:35.065709-0700]     0.7500 MB /   0.50 sec =   12.5847 Mbps     0 retrans
[2024-11-03T10:53:35.565776-0700]     0.8125 MB /   0.50 sec =   13.6308 Mbps     0 retrans
[2024-11-03T10:53:36.065882-0700]     0.9375 MB /   0.50 sec =   15.7296 Mbps     0 retrans
[2024-11-03T10:53:36.567277-0700]     1.0625 MB /   0.50 sec =   17.7783 Mbps     0 retrans
[2024-11-03T10:53:37.065726-0700]     1.1250 MB /   0.50 sec =   18.9248 Mbps     0 retrans
[2024-11-03T10:53:37.565810-0700]     1.2500 MB /   0.50 sec =   20.9682 Mbps     0 retrans
[2024-11-03T10:53:38.065761-0700]     0.9375 MB /   0.50 sec =   15.7302 Mbps     0 retrans
[2024-11-03T10:53:38.565727-0700]     1.4375 MB /   0.50 sec =   24.1180 Mbps     0 retrans
[2024-11-03T10:53:39.065741-0700]     1.5625 MB /   0.50 sec =   26.2115 Mbps     0 retrans
[2024-11-03T10:53:39.565782-0700]     0.6875 MB /   0.50 sec =   11.5343 Mbps     0 retrans
[2024-11-03T10:53:40.065730-0700]     1.8125 MB /   0.50 sec =   30.4129 Mbps     0 retrans
[2024-11-03T10:53:40.565921-0700]     1.6875 MB /   0.50 sec =   28.3078 Mbps     0 retrans
[2024-11-03T10:53:41.065866-0700]     2.2500 MB /   0.50 sec =   37.7555 Mbps     0 retrans
[2024-11-03T10:53:41.567201-0700]     2.6250 MB /   0.50 sec =   43.9154 Mbps     0 retrans
[2024-11-03T10:53:42.065854-0700]     2.8125 MB /   0.50 sec =   47.3177 Mbps     0 retrans
[2024-11-03T10:53:42.565818-0700]     3.3750 MB /   0.50 sec =   56.6146 Mbps     0 retrans
[2024-11-03T10:53:43.066235-0700]     3.6250 MB /   0.50 sec =   60.7602 Mbps     0 retrans
[2024-11-03T10:53:43.565792-0700]     3.7500 MB /   0.50 sec =   62.9760 Mbps     0 retrans
[2024-11-03T10:53:44.065815-0700]     3.5000 MB /   0.50 sec =   58.7203 Mbps     0 retrans
[2024-11-03T10:53:44.565760-0700]     3.6250 MB /   0.50 sec =   60.8191 Mbps     0 retrans
[2024-11-03T10:53:45.065735-0700]     3.0625 MB /   0.50 sec =   51.3850 Mbps     0 retrans
[2024-11-03T10:53:45.565746-0700]     3.5000 MB /   0.50 sec =   58.7192 Mbps     0 retrans
[2024-11-03T10:53:46.065761-0700]     3.8750 MB /   0.50 sec =   65.0104 Mbps     0 retrans
[2024-11-03T10:53:46.565711-0700]     4.1250 MB /   0.50 sec =   69.2085 Mbps     0 retrans
[2024-11-03T10:53:47.065733-0700]     4.3125 MB /   0.50 sec =   72.3510 Mbps     0 retrans
[2024-11-03T10:53:47.565898-0700]     4.0000 MB /   0.50 sec =   67.1031 Mbps     0 retrans
[2024-11-03T10:53:48.065841-0700]     4.2500 MB /   0.50 sec =   71.3016 Mbps     0 retrans
[2024-11-03T10:53:48.566190-0700]     5.1250 MB /   0.50 sec =   85.9159 Mbps     0 retrans
[2024-11-03T10:53:49.065632-0700]     5.3750 MB /   0.50 sec =   90.2633 Mbps     0 retrans
[2024-11-03T10:53:49.566197-0700]     5.5000 MB /   0.50 sec =   92.1891 Mbps     0 retrans
[2024-11-03T10:53:50.065735-0700]     6.2500 MB /   0.50 sec =  104.9445 Mbps     0 retrans
[2024-11-03T10:53:50.565779-0700]     5.8750 MB /   0.50 sec =   98.5669 Mbps     0 retrans
[2024-11-03T10:53:51.065753-0700]     6.0000 MB /   0.50 sec =  100.6597 Mbps     0 retrans
[2024-11-03T10:53:51.565912-0700]     1.1875 MB /   0.50 sec =   19.9235 Mbps     0 retrans
[2024-11-03T10:53:52.065746-0700]     5.0000 MB /   0.50 sec =   83.8888 Mbps     0 retrans
[2024-11-03T10:53:52.565729-0700]     6.3125 MB /   0.50 sec =  105.9094 Mbps     0 retrans
[2024-11-03T10:53:53.065802-0700]     9.1250 MB /   0.50 sec =  153.0753 Mbps     0 retrans
[2024-11-03T10:53:53.565635-0700]     9.5000 MB /   0.50 sec =  159.4078 Mbps     0 retrans
[2024-11-03T10:53:54.065763-0700]     9.6875 MB /   0.50 sec =  162.5117 Mbps     0 retrans
[2024-11-03T10:53:54.565685-0700]     9.2500 MB /   0.50 sec =  155.2038 Mbps     0 retrans
[2024-11-03T10:53:55.065772-0700]    10.3750 MB /   0.50 sec =  174.0459 Mbps     0 retrans
[2024-11-03T10:53:55.565832-0700]    11.8125 MB /   0.50 sec =  198.1634 Mbps     0 retrans
[2024-11-03T10:53:56.065737-0700]    10.5625 MB /   0.50 sec =  177.2317 Mbps     0 retrans
[2024-11-03T10:53:56.565787-0700]    12.0000 MB /   0.50 sec =  201.3157 Mbps     0 retrans
[2024-11-03T10:53:57.065704-0700]    13.3750 MB /   0.50 sec =  224.4137 Mbps     0 retrans
[2024-11-03T10:53:57.565813-0700]    13.5625 MB /   0.50 sec =  227.5032 Mbps     0 retrans
[2024-11-03T10:53:58.065819-0700]    17.0000 MB /   0.50 sec =  285.2241 Mbps     0 retrans
[2024-11-03T10:53:58.565762-0700]    17.3750 MB /   0.50 sec =  291.5269 Mbps     0 retrans
[2024-11-03T10:53:59.065838-0700]    20.7500 MB /   0.50 sec =  348.0750 Mbps     0 retrans
[2024-11-03T10:53:59.565779-0700]    23.9375 MB /   0.50 sec =  401.6287 Mbps     0 retrans
[2024-11-03T10:54:00.066251-0700]     7.8125 MB /   0.50 sec =  131.0487 Mbps     0 retrans
[2024-11-03T10:54:00.565697-0700]     3.8125 MB /   0.50 sec =   63.9785 Mbps     0 retrans
[2024-11-03T10:54:01.066093-0700]    27.6250 MB /   0.50 sec =  463.4094 Mbps     0 retrans
[2024-11-03T10:54:01.565754-0700]    22.5625 MB /   0.50 sec =  378.5935 Mbps     0 retrans
[2024-11-03T10:54:02.065686-0700]    25.1250 MB /   0.50 sec =  421.5680 Mbps     0 retrans
[2024-11-03T10:54:02.565824-0700]    28.8750 MB /   0.50 sec =  484.4063 Mbps     0 retrans
[2024-11-03T10:54:03.065753-0700]    30.9375 MB /   0.50 sec =  519.0545 Mbps     0 retrans
[2024-11-03T10:54:03.565817-0700]    32.9375 MB /   0.50 sec =  552.5553 Mbps     0 retrans
[2024-11-03T10:54:04.065654-0700]    33.7500 MB /   0.50 sec =  566.2899 Mbps     0 retrans
[2024-11-03T10:54:04.565922-0700]    37.5625 MB /   0.50 sec =  630.1198 Mbps     0 retrans
[2024-11-03T10:54:05.065767-0700]    43.1875 MB /   0.50 sec =  724.6109 Mbps     0 retrans
[2024-11-03T10:54:05.565863-0700]    43.1250 MB /   0.50 sec =  723.4321 Mbps     0 retrans
[2024-11-03T10:54:06.065818-0700]    44.4375 MB /   0.50 sec =  745.5435 Mbps     0 retrans
[2024-11-03T10:54:06.566024-0700]    46.5625 MB /   0.50 sec =  781.2001 Mbps     0 retrans
[2024-11-03T10:54:07.065746-0700]    43.6250 MB /   0.50 sec =  732.0012 Mbps     0 retrans
[2024-11-03T10:54:07.565765-0700]    44.3125 MB /   0.50 sec =  743.4121 Mbps     0 retrans
[2024-11-03T10:54:08.065928-0700]    43.1250 MB /   0.50 sec =  723.2947 Mbps     0 retrans
[2024-11-03T10:54:08.565739-0700]    45.6875 MB /   0.50 sec =  766.7759 Mbps     0 retrans
[2024-11-03T10:54:09.065901-0700]    35.1875 MB /   0.50 sec =  590.2149 Mbps     0 retrans
[2024-11-03T10:54:09.565844-0700]    23.8125 MB /   0.50 sec =  399.5282 Mbps     0 retrans
[2024-11-03T10:54:10.065867-0700]    46.6250 MB /   0.50 sec =  782.2471 Mbps     0 retrans
[2024-11-03T10:54:10.565931-0700]    47.4375 MB /   0.50 sec =  795.9854 Mbps     0 retrans
[2024-11-03T10:54:11.065877-0700]    40.8750 MB /   0.50 sec =  685.6316 Mbps     0 retrans
[2024-11-03T10:54:11.565833-0700]    48.5000 MB /   0.50 sec =  813.8333 Mbps     0 retrans
[2024-11-03T10:54:12.065785-0700]    45.0625 MB /   0.50 sec =  756.0414 Mbps     0 retrans
[2024-11-03T10:54:12.565726-0700]    44.3125 MB /   0.50 sec =  743.4657 Mbps     0 retrans
[2024-11-03T10:54:13.065631-0700]    44.2500 MB /   0.50 sec =  742.4364 Mbps     0 retrans
[2024-11-03T10:54:13.565804-0700]    35.0625 MB /   0.50 sec =  588.1994 Mbps     0 retrans
[2024-11-03T10:54:14.065790-0700]    40.5625 MB /   0.50 sec =  680.5285 Mbps     0 retrans
[2024-11-03T10:54:14.565832-0700]    42.5000 MB /   0.50 sec =  712.9632 Mbps     0 retrans
[2024-11-03T10:54:15.065688-0700]    43.1875 MB /   0.50 sec =  724.6791 Mbps     0 retrans
[2024-11-03T10:54:15.565731-0700]    43.1250 MB /   0.50 sec =  723.4842 Mbps     0 retrans
[2024-11-03T10:54:16.065963-0700]    42.5625 MB /   0.50 sec =  714.0617 Mbps     0 retrans
[2024-11-03T10:54:16.565794-0700]    42.2500 MB /   0.50 sec =  708.8232 Mbps     0 retrans
[2024-11-03T10:54:17.065846-0700]    40.8125 MB /   0.50 sec =  684.6708 Mbps     0 retrans
[2024-11-03T10:54:17.565752-0700]    39.9375 MB /   0.50 sec =  670.1044 Mbps     0 retrans
[2024-11-03T10:54:18.065785-0700]    45.8750 MB /   0.50 sec =  769.6717 Mbps     0 retrans
[2024-11-03T10:54:18.565943-0700]    43.5000 MB /   0.50 sec =  729.7782 Mbps     0 retrans
[2024-11-03T10:54:19.065726-0700]    35.3125 MB /   0.50 sec =  592.4917 Mbps     0 retrans
[2024-11-03T10:54:19.565836-0700]    26.6250 MB /   0.50 sec =  446.6210 Mbps     0 retrans
[2024-11-03T10:54:20.065789-0700]    32.3125 MB /   0.50 sec =  542.1637 Mbps     0 retrans
[2024-11-03T10:54:20.565880-0700]    45.1875 MB /   0.50 sec =  758.1265 Mbps     0 retrans
[2024-11-03T10:54:21.065818-0700]    44.3750 MB /   0.50 sec =  744.3699 Mbps     0 retrans
[2024-11-03T10:54:21.565818-0700]    39.7500 MB /   0.50 sec =  666.9490 Mbps     0 retrans
[2024-11-03T10:54:22.065843-0700]    49.0000 MB /   0.50 sec =  822.1674 Mbps     0 retrans
[2024-11-03T10:54:22.565814-0700]    44.9375 MB /   0.50 sec =  753.8794 Mbps     0 retrans
[2024-11-03T10:54:23.065711-0700]    44.7500 MB /   0.50 sec =  750.7714 Mbps     0 retrans
[2024-11-03T10:54:23.565932-0700]    40.1250 MB /   0.50 sec =  673.0418 Mbps     0 retrans
[2024-11-03T10:54:24.065617-0700]    49.5625 MB /   0.50 sec =  831.8202 Mbps     0 retrans
[2024-11-03T10:54:24.565824-0700]    42.3750 MB /   0.50 sec =  710.8506 Mbps     0 retrans
[2024-11-03T10:54:25.065734-0700]    42.5625 MB /   0.50 sec =  714.1174 Mbps     0 retrans
[2024-11-03T10:54:25.565755-0700]    45.2500 MB /   0.50 sec =  759.1660 Mbps     0 retrans
[2024-11-03T10:54:26.065725-0700]    43.8750 MB /   0.50 sec =  736.1062 Mbps     0 retrans
[2024-11-03T10:54:26.565797-0700]    40.5625 MB /   0.50 sec =  680.4823 Mbps     0 retrans
[2024-11-03T10:54:27.065781-0700]    47.5625 MB /   0.50 sec =  797.9791 Mbps     0 retrans
[2024-11-03T10:54:27.565823-0700]    42.5000 MB /   0.50 sec =  713.0402 Mbps     0 retrans
[2024-11-03T10:54:28.065893-0700]    38.9375 MB /   0.50 sec =  653.1427 Mbps     0 retrans
[2024-11-03T10:54:28.565887-0700]    43.1875 MB /   0.50 sec =  724.6370 Mbps     0 retrans
[2024-11-03T10:54:29.065854-0700]    37.0625 MB /   0.50 sec =  621.8814 Mbps     0 retrans
[2024-11-03T10:54:29.565817-0700]    41.8750 MB /   0.50 sec =  702.4841 Mbps     0 retrans
[2024-11-03T10:54:30.066360-0700]    12.7500 MB /   0.50 sec =  213.6775 Mbps     0 retrans
[2024-11-03T10:54:30.565816-0700]    46.0000 MB /   0.50 sec =  772.5538 Mbps     0 retrans
[2024-11-03T10:54:31.065751-0700]    46.1875 MB /   0.50 sec =  774.9659 Mbps     0 retrans
[2024-11-03T10:54:31.565689-0700]    42.6875 MB /   0.50 sec =  716.2304 Mbps     0 retrans
[2024-11-03T10:54:32.065777-0700]    38.8750 MB /   0.50 sec =  652.1804 Mbps     0 retrans
[2024-11-03T10:54:32.565789-0700]    37.8125 MB /   0.50 sec =  634.3745 Mbps     0 retrans
[2024-11-03T10:54:33.065806-0700]    39.7500 MB /   0.50 sec =  666.9063 Mbps     0 retrans
[2024-11-03T10:54:33.565768-0700]    39.1250 MB /   0.50 sec =  656.3823 Mbps     0 retrans
[2024-11-03T10:54:34.065728-0700]    41.4375 MB /   0.50 sec =  695.2267 Mbps     0 retrans
[2024-11-03T10:54:34.565753-0700]    41.4375 MB /   0.50 sec =  695.2226 Mbps     0 retrans
[2024-11-03T10:54:35.065647-0700]    36.8125 MB /   0.50 sec =  617.6533 Mbps     0 retrans
[2024-11-03T10:54:35.565786-0700]    36.9375 MB /   0.50 sec =  619.6390 Mbps     0 retrans
[2024-11-03T10:54:36.066321-0700]    24.3750 MB /   0.50 sec =  408.8392 Mbps     0 retrans
[2024-11-03T10:54:36.565791-0700]    36.5625 MB /   0.50 sec =  613.5618 Mbps     0 retrans
[2024-11-03T10:54:37.065733-0700]    25.8125 MB /   0.50 sec =  433.0922 Mbps     0 retrans
[2024-11-03T10:54:37.565734-0700]    32.9375 MB /   0.50 sec =  552.6095 Mbps     0 retrans
[2024-11-03T10:54:38.065774-0700]    30.6875 MB /   0.50 sec =  514.8405 Mbps     0 retrans
[2024-11-03T10:54:38.565809-0700]    29.7500 MB /   0.50 sec =  499.0992 Mbps     0 retrans
[2024-11-03T10:54:39.065790-0700]    29.0000 MB /   0.50 sec =  486.5792 Mbps     0 retrans
[2024-11-03T10:54:39.566028-0700]    19.5000 MB /   0.50 sec =  326.9994 Mbps     0 retrans
[2024-11-03T10:54:40.065754-0700]    30.3750 MB /   0.50 sec =  509.8394 Mbps     0 retrans
[2024-11-03T10:54:40.565736-0700]     8.5000 MB /   0.50 sec =  142.6043 Mbps     0 retrans
[2024-11-03T10:54:41.066121-0700]    16.3750 MB /   0.50 sec =  274.6648 Mbps     0 retrans
[2024-11-03T10:54:41.565793-0700]    24.6250 MB /   0.50 sec =  413.2051 Mbps     0 retrans
[2024-11-03T10:54:42.065900-0700]    15.3125 MB /   0.50 sec =  256.8626 Mbps     0 retrans
[2024-11-03T10:54:42.565769-0700]    22.5625 MB /   0.50 sec =  378.6185 Mbps     0 retrans
[2024-11-03T10:54:43.065758-0700]    13.1875 MB /   0.50 sec =  221.2217 Mbps     0 retrans
[2024-11-03T10:54:43.565770-0700]    18.6875 MB /   0.50 sec =  313.5562 Mbps     0 retrans
[2024-11-03T10:54:44.065907-0700]     9.7500 MB /   0.50 sec =  163.5380 Mbps     0 retrans
[2024-11-03T10:54:44.565872-0700]    14.0000 MB /   0.50 sec =  234.9022 Mbps     0 retrans
[2024-11-03T10:54:45.065765-0700]    13.5000 MB /   0.50 sec =  226.5291 Mbps     0 retrans
[2024-11-03T10:54:45.565911-0700]     4.0625 MB /   0.50 sec =   68.1403 Mbps     0 retrans
[2024-11-03T10:54:46.065911-0700]     4.0000 MB /   0.50 sec =   67.1085 Mbps     0 retrans
[2024-11-03T10:54:46.565828-0700]     3.7500 MB /   0.50 sec =   62.9250 Mbps     0 retrans
[2024-11-03T10:54:47.065856-0700]     5.8750 MB /   0.50 sec =   98.5559 Mbps     0 retrans
[2024-11-03T10:54:47.565867-0700]     5.7500 MB /   0.50 sec =   96.4665 Mbps     0 retrans
[2024-11-03T10:54:48.065748-0700]     6.7500 MB /   0.50 sec =  113.2580 Mbps     0 retrans
[2024-11-03T10:54:48.565829-0700]     5.8750 MB /   0.50 sec =   98.5592 Mbps     0 retrans
[2024-11-03T10:54:49.066062-0700]     8.5625 MB /   0.50 sec =  143.6549 Mbps     0 retrans
[2024-11-03T10:54:49.565809-0700]     8.1250 MB /   0.50 sec =  136.3255 Mbps     0 retrans
[2024-11-03T10:54:50.065683-0700]     3.8750 MB /   0.50 sec =   65.0202 Mbps     0 retrans
[2024-11-03T10:54:50.565867-0700]     4.5625 MB /   0.50 sec =   76.5303 Mbps     0 retrans
[2024-11-03T10:54:51.065974-0700]     3.8125 MB /   0.50 sec =   63.9532 Mbps     0 retrans
[2024-11-03T10:54:51.565812-0700]     4.1250 MB /   0.50 sec =   69.2229 Mbps     0 retrans
[2024-11-03T10:54:52.065761-0700]     8.6875 MB /   0.50 sec =  145.7690 Mbps     0 retrans
[2024-11-03T10:54:52.565859-0700]     5.4375 MB /   0.50 sec =   91.2110 Mbps     0 retrans
[2024-11-03T10:54:53.065990-0700]     6.5000 MB /   0.50 sec =  109.0550 Mbps     0 retrans
[2024-11-03T10:54:53.565797-0700]     7.6250 MB /   0.50 sec =  127.9370 Mbps     0 retrans
[2024-11-03T10:54:54.065746-0700]     6.9375 MB /   0.50 sec =  116.3975 Mbps     0 retrans
[2024-11-03T10:54:54.565837-0700]     3.8125 MB /   0.50 sec =   63.9557 Mbps     0 retrans
[2024-11-03T10:54:55.065871-0700]     6.9375 MB /   0.50 sec =  116.3938 Mbps     0 retrans
End time: 1730656495192
