Start time: 1730656711996
[2024-11-03T10:58:37.128653-0700] traceroute to 54.176.53.206 (54.176.53.206), 30 hops max, 60 byte packets
[2024-11-03T10:58:37.129582-0700]  1  * * *
[2024-11-03T10:58:37.129640-0700]  2  * * *
[2024-11-03T10:58:37.129679-0700]  3  * * *
[2024-11-03T10:58:37.129713-0700]  4  * * *
[2024-11-03T10:58:37.137670-0700]  5  * * *
[2024-11-03T10:58:42.136899-0700]  6  * * *
[2024-11-03T10:58:42.137239-0700]  7  * * *
[2024-11-03T10:58:42.137307-0700]  8  * * *
[2024-11-03T10:58:42.144045-0700]  9  * * *
[2024-11-03T10:58:42.144160-0700] 10  * * *
[2024-11-03T10:58:47.144349-0700] 11  * * *
[2024-11-03T10:58:47.144543-0700] 12  * * *
[2024-11-03T10:58:47.144589-0700] 13  * * *
[2024-11-03T10:58:47.144621-0700] 14  * * *
[2024-11-03T10:58:47.149179-0700] 15  * * *
[2024-11-03T10:58:52.151607-0700] 16  * * *
[2024-11-03T10:58:52.152077-0700] 17  * * *
[2024-11-03T10:58:52.152194-0700] 18  * * *
[2024-11-03T10:58:52.152281-0700] 19  * * *
[2024-11-03T10:58:52.152363-0700] 20  * * *
[2024-11-03T10:58:52.152443-0700] 21  * * *
[2024-11-03T10:58:57.159399-0700] 22  * * *
[2024-11-03T10:58:57.159717-0700] 23  * * *
[2024-11-03T10:58:57.159774-0700] 24  * * *
[2024-11-03T10:58:57.163926-0700] 25  * * *
[2024-11-03T10:58:57.163967-0700] 26  * * *
[2024-11-03T10:59:02.116683-0700] 27  * *End time: 1730656742172
