Start time: 1745176404468
Connecting to host 34.86.116.81, port 5207
Reverse mode, remote host 34.86.116.81 is sending
[  5] local 192.0.0.2 port 40548 connected to 34.86.116.81 port 5207
[ ID] Interval           Transfer     Bitrate
[  5]   0.00-0.10   sec  78.6 KBytes  6.43 Mbits/sec                  
[  5]   0.10-0.20   sec   352 KBytes  28.8 Mbits/sec                  
[  5]   0.20-0.30   sec  1.34 MBytes   112 Mbits/sec                  
[  5]   0.30-0.40   sec   962 KBytes  78.8 Mbits/sec                  
[  5]   0.40-0.50   sec   128 KBytes  10.1 Mbits/sec                  
[  5]   0.50-0.60   sec  1.65 MBytes   145 Mbits/sec                  
[  5]   0.60-0.70   sec  2.67 MBytes   224 Mbits/sec                  
[  5]   0.70-0.80   sec  3.91 MBytes   328 Mbits/sec                  
[  5]   0.80-0.90   sec  4.31 MBytes   361 Mbits/sec                  
[  5]   0.90-1.00   sec  4.12 MBytes   346 Mbits/sec                  
[  5]   1.00-1.10   sec  3.21 MBytes   269 Mbits/sec                  
[  5]   1.10-1.20   sec  3.46 MBytes   290 Mbits/sec                  
[  5]   1.20-1.30   sec  3.38 MBytes   283 Mbits/sec                  
[  5]   1.30-1.40   sec  3.99 MBytes   334 Mbits/sec                  
[  5]   1.40-1.50   sec  4.04 MBytes   338 Mbits/sec                  
[  5]   1.50-1.60   sec  3.85 MBytes   324 Mbits/sec                  
[  5]   1.60-1.70   sec  4.07 MBytes   342 Mbits/sec                  
[  5]   1.70-1.80   sec  4.56 MBytes   382 Mbits/sec                  
[  5]   1.80-1.90   sec  3.79 MBytes   318 Mbits/sec                  
[  5]   1.90-2.00   sec  3.78 MBytes   317 Mbits/sec                  
[  5]   2.00-2.10   sec  3.24 MBytes   272 Mbits/sec                  
[  5]   2.10-2.20   sec  3.76 MBytes   316 Mbits/sec                  
[  5]   2.20-2.30   sec  3.47 MBytes   291 Mbits/sec                  
[  5]   2.30-2.40   sec  3.73 MBytes   313 Mbits/sec                  
[  5]   2.40-2.50   sec  4.17 MBytes   349 Mbits/sec                  
[  5]   2.50-2.60   sec  4.36 MBytes   365 Mbits/sec                  
[  5]   2.60-2.70   sec  3.70 MBytes   311 Mbits/sec                  
[  5]   2.70-2.80   sec  2.35 MBytes   197 Mbits/sec                  
[  5]   2.80-2.90   sec  2.51 MBytes   210 Mbits/sec                  
[  5]   2.90-3.00   sec  2.64 MBytes   221 Mbits/sec                  
[  5]   3.00-3.10   sec  2.53 MBytes   212 Mbits/sec                  
[  5]   3.10-3.20   sec  2.17 MBytes   182 Mbits/sec                  
[  5]   3.20-3.30   sec  2.29 MBytes   192 Mbits/sec                  
[  5]   3.30-3.40   sec  3.49 MBytes   292 Mbits/sec                  
[  5]   3.40-3.50   sec  3.60 MBytes   302 Mbits/sec                  
[  5]   3.50-3.60   sec  3.84 MBytes   323 Mbits/sec                  
[  5]   3.60-3.70   sec  2.54 MBytes   213 Mbits/sec                  
[  5]   3.70-3.80   sec  3.22 MBytes   270 Mbits/sec                  
[  5]   3.80-3.90   sec  3.20 MBytes   268 Mbits/sec                  
[  5]   3.90-4.00   sec  2.92 MBytes   245 Mbits/sec                  
[  5]   4.00-4.10   sec  2.83 MBytes   237 Mbits/sec                  
[  5]   4.10-4.20   sec  3.99 MBytes   335 Mbits/sec                  
[  5]   4.20-4.30   sec  3.85 MBytes   323 Mbits/sec                  
[  5]   4.30-4.40   sec  3.85 MBytes   323 Mbits/sec                  
[  5]   4.40-4.50   sec  3.47 MBytes   291 Mbits/sec                  
[  5]   4.50-4.60   sec  3.43 MBytes   288 Mbits/sec                  
[  5]   4.60-4.70   sec  2.99 MBytes   251 Mbits/sec                  
[  5]   4.70-4.80   sec  1.87 MBytes   157 Mbits/sec                  
[  5]   4.80-4.90   sec  5.53 MBytes   464 Mbits/sec                  
[  5]   4.90-5.00   sec  3.06 MBytes   256 Mbits/sec                  
- - - - - - - - - - - - - - - - - - - - - - - - -
[ ID] Interval           Transfer     Bitrate         Retr
[  5]   0.00-5.03   sec   436 MBytes   727 Mbits/sec    0             sender
[  5]   0.00-5.00   sec   156 MBytes   262 Mbits/sec                  receiver

iperf Done.
End time: 1745176410096
