Start time: 1731108296883
[2024-11-08T18:24:57.816186-0500] nuttcp-r: v8.1.4: socket
[2024-11-08T18:24:57.816658-0500] nuttcp-r: buflen=65536, nstream=1, port=5379 tcp
[2024-11-08T18:24:57.816693-0500] nuttcp-r: interval reporting every 0.50 seconds
[2024-11-08T18:24:57.816718-0500] nuttcp-r: connect to 54.197.223.49 with RTT=67.289 ms af=inet
[2024-11-08T18:24:57.816741-0500] nuttcp-r: send window size = 2097152, receive window size = 6291456
[2024-11-08T18:24:57.816764-0500] nuttcp-r: available send window = 1572864, available receive window = 4718592
[2024-11-08T18:24:57.816785-0500]     0.5625 MB /   0.50 sec =    9.4364 Mbps     0 retrans     13 KB-cwnd
[2024-11-08T18:24:58.316409-0500]    12.1875 MB /   0.50 sec =  204.4159 Mbps     0 retrans     13 KB-cwnd
[2024-11-08T18:24:58.816396-0500]     8.3125 MB /   0.50 sec =  139.4726 Mbps     0 retrans     13 KB-cwnd
[2024-11-08T18:24:59.316781-0500]    11.1250 MB /   0.50 sec =  186.5115 Mbps     0 retrans     13 KB-cwnd
[2024-11-08T18:24:59.816368-0500]     4.9375 MB /   0.50 sec =   82.8906 Mbps     0 retrans     13 KB-cwnd
[2024-11-08T18:25:00.317630-0500]    10.1250 MB /   0.50 sec =  169.4528 Mbps     0 retrans     13 KB-cwnd
[2024-11-08T18:25:00.816272-0500]    26.2500 MB /   0.50 sec =  441.5925 Mbps     0 retrans     13 KB-cwnd
[2024-11-08T18:25:01.316691-0500]    21.8125 MB /   0.50 sec =  365.9530 Mbps     0 retrans     26 KB-cwnd
[2024-11-08T18:25:01.816286-0500]    19.1250 MB /   0.50 sec =  320.8412 Mbps     0 retrans     26 KB-cwnd
[2024-11-08T18:25:02.316214-0500]    18.7500 MB /   0.50 sec =  314.5898 Mbps     0 retrans     26 KB-cwnd
[2024-11-08T18:25:02.816365-0500]    20.1250 MB /   0.50 sec =  337.6516 Mbps     0 retrans     26 KB-cwnd
[2024-11-08T18:25:03.316259-0500]    16.5625 MB /   0.50 sec =  277.8593 Mbps     0 retrans     26 KB-cwnd
[2024-11-08T18:25:03.816213-0500]    28.8750 MB /   0.50 sec =  484.4702 Mbps     0 retrans     29 KB-cwnd
[2024-11-08T18:25:04.316299-0500]    21.0625 MB /   0.50 sec =  353.3143 Mbps     0 retrans     29 KB-cwnd
[2024-11-08T18:25:04.816227-0500]    27.3125 MB /   0.50 sec =  458.3102 Mbps     0 retrans     37 KB-cwnd
[2024-11-08T18:25:05.316224-0500]    24.1250 MB /   0.50 sec =  404.7269 Mbps     0 retrans     42 KB-cwnd
[2024-11-08T18:25:05.816249-0500]    24.7500 MB /   0.50 sec =  415.2502 Mbps     0 retrans     45 KB-cwnd
[2024-11-08T18:25:06.316206-0500]    15.2500 MB /   0.50 sec =  255.8444 Mbps     0 retrans     47 KB-cwnd
[2024-11-08T18:25:06.816226-0500]    15.8750 MB /   0.50 sec =  266.3559 Mbps     0 retrans     47 KB-cwnd
[2024-11-08T18:25:07.316696-0500]    21.6875 MB /   0.50 sec =  363.5374 Mbps     0 retrans     50 KB-cwnd
[2024-11-08T18:25:07.816792-0500]    12.0000 MB /   0.50 sec =  201.4551 Mbps     0 retrans     53 KB-cwnd
[2024-11-08T18:25:08.316786-0500]     7.9375 MB /   0.50 sec =  133.0773 Mbps     0 retrans     53 KB-cwnd
[2024-11-08T18:25:08.816324-0500]    20.5000 MB /   0.50 sec =  344.2489 Mbps     0 retrans     53 KB-cwnd
[2024-11-08T18:25:09.316322-0500]    12.8125 MB /   0.50 sec =  214.9357 Mbps     0 retrans     53 KB-cwnd
[2024-11-08T18:25:09.816146-0500]    27.1250 MB /   0.50 sec =  455.1448 Mbps    11 retrans   9039 KB-cwnd
[2024-11-08T18:25:10.316317-0500]    18.4375 MB /   0.50 sec =  309.2656 Mbps     0 retrans   9039 KB-cwnd
[2024-11-08T18:25:10.816225-0500]    19.6875 MB /   0.50 sec =  330.3464 Mbps     0 retrans   9039 KB-cwnd
[2024-11-08T18:25:11.316223-0500]    19.4375 MB /   0.50 sec =  326.1084 Mbps     0 retrans   9039 KB-cwnd
[2024-11-08T18:25:11.816197-0500]    19.1250 MB /   0.50 sec =  320.8745 Mbps     0 retrans   9039 KB-cwnd
[2024-11-08T18:25:12.316833-0500]    21.0625 MB /   0.50 sec =  353.3581 Mbps     0 retrans   8969 KB-cwnd
[2024-11-08T18:25:12.817107-0500]    15.6250 MB /   0.50 sec =  262.0890 Mbps     0 retrans   8969 KB-cwnd
[2024-11-08T18:25:13.316751-0500]    22.0625 MB /   0.50 sec =  370.2243 Mbps    10 retrans   8756 KB-cwnd
[2024-11-08T18:25:13.816266-0500]    19.6875 MB /   0.50 sec =  330.3014 Mbps     0 retrans   8756 KB-cwnd
[2024-11-08T18:25:14.316513-0500]    17.9375 MB /   0.50 sec =  300.9660 Mbps     0 retrans   8756 KB-cwnd
[2024-11-08T18:25:14.816304-0500]    22.6250 MB /   0.50 sec =  379.5488 Mbps     0 retrans   8756 KB-cwnd
[2024-11-08T18:25:15.316354-0500]    23.3750 MB /   0.50 sec =  392.1117 Mbps     1 retrans   8359 KB-cwnd
[2024-11-08T18:25:15.816348-0500]    23.1875 MB /   0.50 sec =  389.0396 Mbps     0 retrans   8359 KB-cwnd
[2024-11-08T18:25:16.316284-0500]    22.3125 MB /   0.50 sec =  374.3858 Mbps     0 retrans   8359 KB-cwnd
[2024-11-08T18:25:16.816198-0500]    22.6250 MB /   0.50 sec =  379.5868 Mbps     1 retrans   8144 KB-cwnd
[2024-11-08T18:25:17.316251-0500]    25.0000 MB /   0.50 sec =  419.4178 Mbps     0 retrans   8144 KB-cwnd
[2024-11-08T18:25:17.816409-0500]    24.0625 MB /   0.50 sec =  403.6073 Mbps     0 retrans   8074 KB-cwnd
[2024-11-08T18:25:18.317054-0500]    16.8750 MB /   0.50 sec =  282.7615 Mbps     1 retrans   9204 KB-cwnd
[2024-11-08T18:25:18.816247-0500]    20.5625 MB /   0.50 sec =  345.4991 Mbps     0 retrans   9135 KB-cwnd
[2024-11-08T18:25:19.316236-0500]    26.5000 MB /   0.50 sec =  444.6069 Mbps     0 retrans   9135 KB-cwnd
[2024-11-08T18:25:19.816316-0500]    14.1875 MB /   0.50 sec =  237.9796 Mbps     0 retrans   9529 KB-cwnd
[2024-11-08T18:25:20.316240-0500]    23.0625 MB /   0.50 sec =  386.9981 Mbps     0 retrans   9132 KB-cwnd
[2024-11-08T18:25:20.816358-0500]    14.3125 MB /   0.50 sec =  240.0841 Mbps     0 retrans   9167 KB-cwnd
[2024-11-08T18:25:21.316402-0500]    17.0625 MB /   0.50 sec =  286.2910 Mbps     0 retrans   9167 KB-cwnd
[2024-11-08T18:25:21.816269-0500]    24.7500 MB /   0.50 sec =  415.2502 Mbps     0 retrans   9167 KB-cwnd
[2024-11-08T18:25:22.317509-0500]    12.3750 MB /   0.50 sec =  207.1751 Mbps     0 retrans  11924 KB-cwnd
[2024-11-08T18:25:22.816157-0500]    20.3125 MB /   0.50 sec =  341.5441 Mbps     0 retrans  11924 KB-cwnd
[2024-11-08T18:25:23.316329-0500]    15.6875 MB /   0.50 sec =  263.1321 Mbps     0 retrans  11924 KB-cwnd
[2024-11-08T18:25:23.816285-0500]    23.4375 MB /   0.50 sec =  393.2388 Mbps     0 retrans  11924 KB-cwnd
[2024-11-08T18:25:24.316229-0500]    23.0000 MB /   0.50 sec =  385.9192 Mbps     2 retrans  11708 KB-cwnd
[2024-11-08T18:25:24.816525-0500]    18.5000 MB /   0.50 sec =  310.2867 Mbps     0 retrans  11708 KB-cwnd
[2024-11-08T18:25:25.317756-0500]    19.0000 MB /   0.50 sec =  317.9373 Mbps     0 retrans  11708 KB-cwnd
[2024-11-08T18:25:25.816235-0500]    18.1250 MB /   0.50 sec =  304.9739 Mbps     4 retrans   9401 KB-cwnd
[2024-11-08T18:25:26.316270-0500]    14.3750 MB /   0.50 sec =  241.1609 Mbps     0 retrans   9401 KB-cwnd
[2024-11-08T18:25:26.817386-0500]    14.5625 MB /   0.50 sec =  243.7936 Mbps     0 retrans   9401 KB-cwnd
[2024-11-08T18:25:27.316437-0500]    17.6250 MB /   0.50 sec =  296.3439 Mbps     0 retrans   9401 KB-cwnd
[2024-11-08T18:25:27.816511-0500]     6.7500 MB /   0.50 sec =  113.2012 Mbps     0 retrans   9401 KB-cwnd
[2024-11-08T18:25:28.316248-0500]    13.5625 MB /   0.50 sec =  227.6261 Mbps     0 retrans   9401 KB-cwnd
[2024-11-08T18:25:28.817392-0500]     8.0000 MB /   0.50 sec =  133.9252 Mbps     4 retrans   8724 KB-cwnd
[2024-11-08T18:25:29.316156-0500]    12.6875 MB /   0.50 sec =  213.3362 Mbps     0 retrans   8724 KB-cwnd
[2024-11-08T18:25:29.816365-0500]     7.3750 MB /   0.50 sec =  123.7045 Mbps     0 retrans   8967 KB-cwnd
[2024-11-08T18:25:30.316243-0500]    13.3750 MB /   0.50 sec =  224.4523 Mbps     0 retrans   8967 KB-cwnd
[2024-11-08T18:25:30.816350-0500]    13.6875 MB /   0.50 sec =  229.5954 Mbps     0 retrans   9031 KB-cwnd
[2024-11-08T18:25:31.316327-0500]    14.3125 MB /   0.50 sec =  240.1628 Mbps     0 retrans   9031 KB-cwnd
[2024-11-08T18:25:31.816279-0500]    17.0000 MB /   0.50 sec =  285.2058 Mbps     4 retrans   7819 KB-cwnd
[2024-11-08T18:25:32.316329-0500]    16.1250 MB /   0.50 sec =  270.4958 Mbps     0 retrans   7819 KB-cwnd
[2024-11-08T18:25:32.816406-0500]    15.0000 MB /   0.50 sec =  251.6220 Mbps     1 retrans   7819 KB-cwnd
[2024-11-08T18:25:33.316468-0500]    13.1250 MB /   0.50 sec =  220.1855 Mbps     0 retrans   7819 KB-cwnd
[2024-11-08T18:25:33.816340-0500]    15.8125 MB /   0.50 sec =  265.3550 Mbps    11 retrans   6772 KB-cwnd
[2024-11-08T18:25:34.317321-0500]    10.0625 MB /   0.50 sec =  168.4871 Mbps     0 retrans   6772 KB-cwnd
[2024-11-08T18:25:34.816357-0500]    18.6250 MB /   0.50 sec =  313.0247 Mbps     0 retrans   6772 KB-cwnd
[2024-11-08T18:25:35.316645-0500]    14.4375 MB /   0.50 sec =  242.1281 Mbps     0 retrans   6772 KB-cwnd
[2024-11-08T18:25:35.816792-0500]    11.2500 MB /   0.50 sec =  188.8113 Mbps     0 retrans   6772 KB-cwnd
[2024-11-08T18:25:36.316298-0500]    17.3750 MB /   0.50 sec =  291.5724 Mbps     0 retrans   6772 KB-cwnd
[2024-11-08T18:25:36.816419-0500]    10.7500 MB /   0.50 sec =  180.3248 Mbps     3 retrans   6718 KB-cwnd
[2024-11-08T18:25:37.316251-0500]    15.8750 MB /   0.50 sec =  266.4188 Mbps     0 retrans   6745 KB-cwnd
[2024-11-08T18:25:37.816419-0500]     8.4375 MB /   0.50 sec =  141.5170 Mbps     0 retrans   6745 KB-cwnd
[2024-11-08T18:25:38.316491-0500]    13.6250 MB /   0.50 sec =  228.6088 Mbps     0 retrans   6745 KB-cwnd
[2024-11-08T18:25:38.816487-0500]     7.6875 MB /   0.50 sec =  128.9534 Mbps     0 retrans   6745 KB-cwnd
[2024-11-08T18:25:39.316460-0500]    11.9375 MB /   0.50 sec =  200.3357 Mbps     0 retrans   6745 KB-cwnd
[2024-11-08T18:25:39.816296-0500]     9.8125 MB /   0.50 sec =  164.6281 Mbps     5 retrans   7270 KB-cwnd
[2024-11-08T18:25:40.316320-0500]     4.7500 MB /   0.50 sec =   79.6851 Mbps     0 retrans   7270 KB-cwnd
[2024-11-08T18:25:40.816339-0500]    10.7500 MB /   0.50 sec =  180.3562 Mbps     0 retrans   7270 KB-cwnd
[2024-11-08T18:25:41.316921-0500]    10.4375 MB /   0.50 sec =  174.9977 Mbps     0 retrans   7270 KB-cwnd
[2024-11-08T18:25:41.817872-0500]     5.5000 MB /   0.50 sec =   92.0701 Mbps     0 retrans   7270 KB-cwnd
[2024-11-08T18:25:42.316420-0500]     9.8750 MB /   0.50 sec =  166.1235 Mbps     0 retrans   7270 KB-cwnd
[2024-11-08T18:25:42.817352-0500]    11.5000 MB /   0.50 sec =  192.5940 Mbps     0 retrans   7270 KB-cwnd
[2024-11-08T18:25:43.316353-0500]    10.3125 MB /   0.50 sec =  173.3823 Mbps     0 retrans   7270 KB-cwnd
[2024-11-08T18:25:43.816232-0500]    11.5000 MB /   0.50 sec =  192.9368 Mbps     6 retrans   6114 KB-cwnd
[2024-11-08T18:25:44.316271-0500]    11.3125 MB /   0.50 sec =  189.7873 Mbps     0 retrans   6114 KB-cwnd
[2024-11-08T18:25:44.816171-0500]    13.9375 MB /   0.50 sec =  233.8474 Mbps     0 retrans   6114 KB-cwnd
[2024-11-08T18:25:45.316555-0500]    12.6875 MB /   0.50 sec =  212.7120 Mbps     0 retrans   6114 KB-cwnd
[2024-11-08T18:25:45.816224-0500]    14.1250 MB /   0.50 sec =  237.1371 Mbps     0 retrans   6114 KB-cwnd
[2024-11-08T18:25:46.316266-0500]    15.0000 MB /   0.50 sec =  251.6542 Mbps    13 retrans      5 KB-cwnd
[2024-11-08T18:25:46.816243-0500]    15.5000 MB /   0.50 sec =  260.0468 Mbps     0 retrans      5 KB-cwnd
[2024-11-08T18:25:47.316438-0500]     5.5625 MB /   0.50 sec =   93.2925 Mbps     0 retrans      5 KB-cwnd
[2024-11-08T18:25:47.816480-0500]    11.3125 MB /   0.50 sec =  189.7858 Mbps     0 retrans      5 KB-cwnd
[2024-11-08T18:25:48.317346-0500]    12.8125 MB /   0.50 sec =  214.5753 Mbps     0 retrans      5 KB-cwnd
[2024-11-08T18:25:48.817319-0500]    10.8750 MB /   0.50 sec =  182.4683 Mbps     0 retrans      5 KB-cwnd
[2024-11-08T18:25:49.317371-0500]    13.3750 MB /   0.50 sec =  224.4092 Mbps    10 retrans   4478 KB-cwnd
[2024-11-08T18:25:49.816515-0500]     9.0625 MB /   0.50 sec =  152.2875 Mbps     0 retrans   4478 KB-cwnd
[2024-11-08T18:25:50.316306-0500]    10.2500 MB /   0.50 sec =  172.0232 Mbps     0 retrans   4478 KB-cwnd
[2024-11-08T18:25:50.817268-0500]     4.8125 MB /   0.50 sec =   80.5843 Mbps     0 retrans   4478 KB-cwnd
[2024-11-08T18:25:51.316412-0500]    10.5625 MB /   0.50 sec =  177.5552 Mbps     0 retrans   4478 KB-cwnd
[2024-11-08T18:25:51.816487-0500]    10.5625 MB /   0.50 sec =  177.1569 Mbps     0 retrans   4478 KB-cwnd
[2024-11-08T18:25:52.317343-0500]     7.2500 MB /   0.50 sec =  121.4272 Mbps     0 retrans   4478 KB-cwnd
[2024-11-08T18:25:52.816254-0500]    13.0000 MB /   0.50 sec =  218.5536 Mbps     0 retrans   4478 KB-cwnd
[2024-11-08T18:25:53.316380-0500]     9.6875 MB /   0.50 sec =  162.4890 Mbps     1 retrans   6492 KB-cwnd
[2024-11-08T18:25:53.816488-0500]     8.4375 MB /   0.50 sec =  141.5396 Mbps     0 retrans   6492 KB-cwnd
[2024-11-08T18:25:54.316245-0500]    14.6250 MB /   0.50 sec =  245.4610 Mbps     0 retrans   6436 KB-cwnd
[2024-11-08T18:25:54.816225-0500]    12.9375 MB /   0.50 sec =  217.0570 Mbps     0 retrans   6436 KB-cwnd
[2024-11-08T18:25:55.317268-0500]     9.5000 MB /   0.50 sec =  159.0600 Mbps     0 retrans   6436 KB-cwnd
[2024-11-08T18:25:55.816231-0500]    13.5000 MB /   0.50 sec =  226.9527 Mbps     0 retrans   6436 KB-cwnd
[2024-11-08T18:25:56.316218-0500]    14.3750 MB /   0.50 sec =  241.1768 Mbps    12 retrans   5959 KB-cwnd
[2024-11-08T18:25:56.816236-0500]    16.1875 MB /   0.50 sec =  271.5725 Mbps     0 retrans   5959 KB-cwnd
[2024-11-08T18:25:57.316265-0500]    20.1875 MB /   0.50 sec =  338.6833 Mbps     0 retrans   5959 KB-cwnd
[2024-11-08T18:25:57.816225-0500]    15.3125 MB /   0.50 sec =  256.9109 Mbps     0 retrans   5959 KB-cwnd
[2024-11-08T18:25:58.316361-0500]    19.0625 MB /   0.50 sec =  319.8182 Mbps    14 retrans   4165 KB-cwnd
[2024-11-08T18:25:58.816551-0500]     5.2500 MB /   0.50 sec =   88.0385 Mbps     0 retrans   4165 KB-cwnd
[2024-11-08T18:25:59.317499-0500]    17.4375 MB /   0.50 sec =  291.9746 Mbps     0 retrans   4165 KB-cwnd
[2024-11-08T18:25:59.816818-0500]    23.9375 MB /   0.50 sec =  402.5070 Mbps     0 retrans   4165 KB-cwnd
[2024-11-08T18:26:00.316210-0500]    20.5000 MB /   0.50 sec =  344.0093 Mbps   143 retrans   7962 KB-cwnd
[2024-11-08T18:26:00.816226-0500]    21.8125 MB /   0.50 sec =  365.9216 Mbps     0 retrans   7962 KB-cwnd
[2024-11-08T18:26:01.317776-0500]    15.7500 MB /   0.50 sec =  263.4786 Mbps     0 retrans   7962 KB-cwnd
[2024-11-08T18:26:01.816261-0500]    22.3125 MB /   0.50 sec =  375.4469 Mbps     0 retrans   7962 KB-cwnd
[2024-11-08T18:26:02.316271-0500]    22.0625 MB /   0.50 sec =  370.1333 Mbps     2 retrans   8053 KB-cwnd
[2024-11-08T18:26:02.816220-0500]    23.0000 MB /   0.50 sec =  385.9053 Mbps     0 retrans   8053 KB-cwnd
[2024-11-08T18:26:03.316218-0500]    19.4375 MB /   0.50 sec =  326.1058 Mbps     0 retrans   8053 KB-cwnd
[2024-11-08T18:26:03.816829-0500]    11.9375 MB /   0.50 sec =  200.2644 Mbps     0 retrans   8053 KB-cwnd
[2024-11-08T18:26:04.316241-0500]    25.4375 MB /   0.50 sec =  426.7875 Mbps     5 retrans   8330 KB-cwnd
[2024-11-08T18:26:04.816234-0500]    19.9375 MB /   0.50 sec =  334.5011 Mbps     0 retrans   8474 KB-cwnd
[2024-11-08T18:26:05.316227-0500]    20.5000 MB /   0.50 sec =  343.9350 Mbps     0 retrans   8543 KB-cwnd
[2024-11-08T18:26:05.816225-0500]    23.0625 MB /   0.50 sec =  386.9168 Mbps     2 retrans   7680 KB-cwnd
[2024-11-08T18:26:06.316237-0500]    22.3125 MB /   0.50 sec =  374.3416 Mbps     0 retrans   7680 KB-cwnd
[2024-11-08T18:26:06.816293-0500]    25.3125 MB /   0.50 sec =  424.6520 Mbps     0 retrans   7720 KB-cwnd
[2024-11-08T18:26:07.316406-0500]    18.5625 MB /   0.50 sec =  311.3604 Mbps     2 retrans   9425 KB-cwnd
[2024-11-08T18:26:07.816822-0500]    16.1250 MB /   0.50 sec =  270.4450 Mbps     0 retrans   9425 KB-cwnd
[2024-11-08T18:26:08.316681-0500]    30.6875 MB /   0.50 sec =  514.7839 Mbps     0 retrans   9425 KB-cwnd
[2024-11-08T18:26:08.816223-0500]    36.3125 MB /   0.50 sec =  609.6726 Mbps     1 retrans   9055 KB-cwnd
[2024-11-08T18:26:09.316440-0500]    34.5000 MB /   0.50 sec =  578.7873 Mbps     0 retrans   9055 KB-cwnd
[2024-11-08T18:26:09.816268-0500]    27.1250 MB /   0.50 sec =  455.0929 Mbps     0 retrans      5 KB-cwnd
[2024-11-08T18:26:10.317421-0500]    25.2500 MB /   0.50 sec =  422.6922 Mbps     0 retrans      5 KB-cwnd
[2024-11-08T18:26:10.816266-0500]    29.8125 MB /   0.50 sec =  501.2725 Mbps     0 retrans      5 KB-cwnd
[2024-11-08T18:26:11.316214-0500]    41.6875 MB /   0.50 sec =  699.4324 Mbps     0 retrans  13448 KB-cwnd
[2024-11-08T18:26:11.816270-0500]    37.0625 MB /   0.50 sec =  621.7695 Mbps     0 retrans  13448 KB-cwnd
[2024-11-08T18:26:12.316236-0500]    40.8125 MB /   0.50 sec =  684.7475 Mbps     1 retrans  14593 KB-cwnd
[2024-11-08T18:26:12.816277-0500]    38.7500 MB /   0.50 sec =  650.0716 Mbps     0 retrans  14591 KB-cwnd
[2024-11-08T18:26:13.316318-0500]    39.0000 MB /   0.50 sec =  654.4083 Mbps     1 retrans  13783 KB-cwnd
[2024-11-08T18:26:13.816246-0500]    45.5625 MB /   0.50 sec =  764.3599 Mbps     0 retrans  16309 KB-cwnd
[2024-11-08T18:26:14.316238-0500]    42.1875 MB /   0.50 sec =  707.7577 Mbps     0 retrans  16309 KB-cwnd
[2024-11-08T18:26:14.816267-0500]    53.1250 MB /   0.50 sec =  891.2932 Mbps     0 retrans  15187 KB-cwnd
[2024-11-08T18:26:15.316861-0500]    47.6250 MB /   0.50 sec =  798.7817 Mbps     0 retrans  14934 KB-cwnd
[2024-11-08T18:26:15.816334-0500]    52.1875 MB /   0.50 sec =  875.8167 Mbps     0 retrans  16090 KB-cwnd
[2024-11-08T18:26:16.316235-0500]    49.3750 MB /   0.50 sec =  828.3933 Mbps     0 retrans  19186 KB-cwnd
[2024-11-08T18:26:16.816226-0500]    46.0625 MB /   0.50 sec =  772.8144 Mbps     0 retrans  19189 KB-cwnd
[2024-11-08T18:26:17.316223-0500]    44.4375 MB /   0.50 sec =  745.5405 Mbps     0 retrans  19229 KB-cwnd
[2024-11-08T18:26:17.816471-0500]    22.5625 MB /   0.50 sec =  378.5026 Mbps     0 retrans  19229 KB-cwnd
[2024-11-08T18:26:18.317289-0500]    26.3750 MB /   0.50 sec =  441.6317 Mbps     0 retrans  19040 KB-cwnd
[2024-11-08T18:26:18.816279-0500]    47.2500 MB /   0.50 sec =  794.3996 Mbps     0 retrans  19040 KB-cwnd
[2024-11-08T18:26:19.316217-0500]    40.1875 MB /   0.50 sec =  674.2020 Mbps     0 retrans  18696 KB-cwnd
[2024-11-08T18:26:19.816256-0500]    35.8750 MB /   0.50 sec =  601.8682 Mbps     0 retrans  18696 KB-cwnd
[2024-11-08T18:26:20.316239-0500]    40.7500 MB /   0.50 sec =  683.6811 Mbps     0 retrans  14055 KB-cwnd
[2024-11-08T18:26:20.816229-0500]    38.0000 MB /   0.50 sec =  637.5215 Mbps     0 retrans  18014 KB-cwnd
[2024-11-08T18:26:21.316244-0500]    37.3750 MB /   0.50 sec =  627.0560 Mbps     0 retrans  15776 KB-cwnd
[2024-11-08T18:26:21.816417-0500]    32.8125 MB /   0.50 sec =  550.3351 Mbps     0 retrans  15776 KB-cwnd
[2024-11-08T18:26:22.316251-0500]    32.5000 MB /   0.50 sec =  545.4111 Mbps     0 retrans  16234 KB-cwnd
[2024-11-08T18:26:22.816254-0500]    34.8125 MB /   0.50 sec =  584.0487 Mbps     0 retrans  16237 KB-cwnd
[2024-11-08T18:26:23.316253-0500]    26.9375 MB /   0.50 sec =  451.9281 Mbps     0 retrans  16674 KB-cwnd
[2024-11-08T18:26:23.816245-0500]    18.5000 MB /   0.50 sec =  310.3940 Mbps     0 retrans  16674 KB-cwnd
[2024-11-08T18:26:24.316566-0500]    25.5625 MB /   0.50 sec =  428.7270 Mbps     0 retrans  16674 KB-cwnd
[2024-11-08T18:26:24.817703-0500]    27.7500 MB /   0.50 sec =  464.4317 Mbps     0 retrans  16826 KB-cwnd
[2024-11-08T18:26:25.316290-0500]    26.3750 MB /   0.50 sec =  443.6908 Mbps     0 retrans  16826 KB-cwnd
[2024-11-08T18:26:25.816387-0500]    14.3750 MB /   0.50 sec =  241.1281 Mbps     0 retrans  16826 KB-cwnd
[2024-11-08T18:26:26.316251-0500]    24.3125 MB /   0.50 sec =  408.0005 Mbps     0 retrans  13384 KB-cwnd
[2024-11-08T18:26:26.816301-0500]    16.0625 MB /   0.50 sec =  269.4759 Mbps     0 retrans  13384 KB-cwnd
[2024-11-08T18:26:27.316721-0500]    18.3125 MB /   0.50 sec =  307.1578 Mbps     0 retrans  13384 KB-cwnd
[2024-11-08T18:26:27.816942-0500]    17.0000 MB /   0.50 sec =  285.1813 Mbps     0 retrans  13384 KB-cwnd
[2024-11-08T18:26:28.316290-0500]    25.6875 MB /   0.50 sec =  431.1070 Mbps     3 retrans  12950 KB-cwnd
[2024-11-08T18:26:28.816259-0500]    27.6250 MB /   0.50 sec =  463.4864 Mbps     0 retrans  12950 KB-cwnd
[2024-11-08T18:26:29.317298-0500]    18.0625 MB /   0.50 sec =  302.4324 Mbps     0 retrans  12950 KB-cwnd
[2024-11-08T18:26:29.816689-0500]    25.0000 MB /   0.50 sec =  420.2255 Mbps     3 retrans  12419 KB-cwnd
[2024-11-08T18:26:30.316553-0500]    25.4375 MB /   0.50 sec =  426.5572 Mbps     0 retrans  12419 KB-cwnd
[2024-11-08T18:26:30.816381-0500]    19.6250 MB /   0.50 sec =  329.3965 Mbps     0 retrans  12419 KB-cwnd
[2024-11-08T18:26:31.316215-0500]    24.7500 MB /   0.50 sec =  415.3266 Mbps     6 retrans  10634 KB-cwnd
[2024-11-08T18:26:31.816457-0500]    18.8750 MB /   0.50 sec =  316.6586 Mbps     0 retrans  10634 KB-cwnd
[2024-11-08T18:26:32.316231-0500]    19.8125 MB /   0.50 sec =  332.3846 Mbps     0 retrans  10634 KB-cwnd
[2024-11-08T18:26:32.816290-0500]    28.0000 MB /   0.50 sec =  469.7855 Mbps     2 retrans  10387 KB-cwnd
[2024-11-08T18:26:33.316380-0500]    24.6875 MB /   0.50 sec =  414.1991 Mbps     0 retrans  10387 KB-cwnd
[2024-11-08T18:26:33.816473-0500]    16.5000 MB /   0.50 sec =  276.7311 Mbps     0 retrans  10387 KB-cwnd
[2024-11-08T18:26:34.316241-0500]     9.3125 MB /   0.50 sec =  156.2919 Mbps     0 retrans  10387 KB-cwnd
[2024-11-08T18:26:34.816704-0500]    13.5625 MB /   0.50 sec =  227.5374 Mbps     0 retrans  10387 KB-cwnd
[2024-11-08T18:26:35.316272-0500]    23.3750 MB /   0.50 sec =  392.1494 Mbps     2 retrans  11415 KB-cwnd
[2024-11-08T18:26:35.817262-0500]    20.9375 MB /   0.50 sec =  350.5935 Mbps     0 retrans  11415 KB-cwnd
[2024-11-08T18:26:36.316250-0500]    28.3125 MB /   0.50 sec =  475.9416 Mbps     0 retrans  11415 KB-cwnd
[2024-11-08T18:26:36.817033-0500]    21.1250 MB /   0.50 sec =  354.1609 Mbps     3 retrans  12140 KB-cwnd
[2024-11-08T18:26:37.316236-0500]    22.9375 MB /   0.50 sec =  385.1101 Mbps     0 retrans  12140 KB-cwnd
[2024-11-08T18:26:37.816212-0500]    24.5000 MB /   0.50 sec =  411.0623 Mbps     0 retrans  12140 KB-cwnd
[2024-11-08T18:26:38.316641-0500]    27.0625 MB /   0.50 sec =  453.6959 Mbps     4 retrans  11516 KB-cwnd
[2024-11-08T18:26:38.816348-0500]    28.8125 MB /   0.50 sec =  483.6586 Mbps     0 retrans  11516 KB-cwnd
[2024-11-08T18:26:39.316645-0500]    25.3750 MB /   0.50 sec =  425.6265 Mbps     0 retrans  10371 KB-cwnd
[2024-11-08T18:26:39.816786-0500]    28.8750 MB /   0.50 sec =  484.1187 Mbps     0 retrans  10371 KB-cwnd
[2024-11-08T18:26:40.316215-0500]    31.1250 MB /   0.50 sec =  522.7450 Mbps     0 retrans  10371 KB-cwnd
[2024-11-08T18:26:40.816254-0500]    33.1875 MB /   0.50 sec =  556.7894 Mbps   618 retrans  10565 KB-cwnd
[2024-11-08T18:26:41.316350-0500]    31.1875 MB /   0.50 sec =  523.2750 Mbps     0 retrans  10565 KB-cwnd
[2024-11-08T18:26:41.817362-0500]    27.8750 MB /   0.50 sec =  466.6327 Mbps     0 retrans  10443 KB-cwnd
[2024-11-08T18:26:42.316210-0500]    32.5000 MB /   0.50 sec =  546.4376 Mbps     0 retrans  10469 KB-cwnd
[2024-11-08T18:26:42.816551-0500]    18.8125 MB /   0.50 sec =  315.4756 Mbps     0 retrans  10517 KB-cwnd
[2024-11-08T18:26:43.316308-0500]    24.4375 MB /   0.50 sec =  410.1327 Mbps     0 retrans  13237 KB-cwnd
[2024-11-08T18:26:43.816812-0500]    18.6875 MB /   0.50 sec =  313.4935 Mbps     0 retrans  13237 KB-cwnd
[2024-11-08T18:26:44.316370-0500]    11.5000 MB /   0.50 sec =  192.9314 Mbps     0 retrans  13237 KB-cwnd
[2024-11-08T18:26:44.817369-0500]    13.3125 MB /   0.50 sec =  222.8871 Mbps     0 retrans  13237 KB-cwnd
[2024-11-08T18:26:45.316534-0500]    30.2500 MB /   0.50 sec =  508.3648 Mbps     0 retrans  12958 KB-cwnd
[2024-11-08T18:26:45.816264-0500]    28.1875 MB /   0.50 sec =  473.2002 Mbps     0 retrans  12958 KB-cwnd
[2024-11-08T18:26:46.316243-0500]    29.8125 MB /   0.50 sec =  500.1627 Mbps     0 retrans  12958 KB-cwnd
[2024-11-08T18:26:46.816174-0500]    29.1250 MB /   0.50 sec =  488.6628 Mbps    49 retrans  13248 KB-cwnd
[2024-11-08T18:26:47.316250-0500]    28.3750 MB /   0.50 sec =  476.0487 Mbps     0 retrans  13248 KB-cwnd
[2024-11-08T18:26:47.816160-0500]    16.7500 MB /   0.50 sec =  281.0285 Mbps     4 retrans  11562 KB-cwnd
[2024-11-08T18:26:48.316366-0500]    31.1250 MB /   0.50 sec =  522.0645 Mbps     0 retrans  11562 KB-cwnd
[2024-11-08T18:26:48.816485-0500]    16.7500 MB /   0.50 sec =  280.9571 Mbps     0 retrans  11562 KB-cwnd
[2024-11-08T18:26:49.316447-0500]    17.6250 MB /   0.50 sec =  295.7540 Mbps     0 retrans  11562 KB-cwnd
[2024-11-08T18:26:49.816372-0500]    13.8750 MB /   0.50 sec =  232.8039 Mbps     0 retrans  11681 KB-cwnd
[2024-11-08T18:26:50.316150-0500]    25.2500 MB /   0.50 sec =  423.6942 Mbps     0 retrans  11681 KB-cwnd
[2024-11-08T18:26:50.816345-0500]    16.7500 MB /   0.50 sec =  280.9633 Mbps     0 retrans  11681 KB-cwnd
[2024-11-08T18:26:51.316927-0500]    19.8750 MB /   0.50 sec =  333.2739 Mbps     0 retrans  11681 KB-cwnd
[2024-11-08T18:26:51.816163-0500]    27.2500 MB /   0.50 sec =  457.4976 Mbps   801 retrans   9846 KB-cwnd
[2024-11-08T18:26:52.316306-0500]    22.6875 MB /   0.50 sec =  380.5836 Mbps     0 retrans   9846 KB-cwnd
[2024-11-08T18:26:52.816274-0500]    18.8125 MB /   0.50 sec =  315.6542 Mbps     0 retrans   9846 KB-cwnd
[2024-11-08T18:26:53.316195-0500]    23.2500 MB /   0.50 sec =  390.0804 Mbps     2 retrans  11351 KB-cwnd
[2024-11-08T18:26:53.816184-0500]    15.6250 MB /   0.50 sec =  262.1582 Mbps     0 retrans  11351 KB-cwnd
[2024-11-08T18:26:54.316773-0500]    21.9375 MB /   0.50 sec =  367.6965 Mbps     0 retrans  11351 KB-cwnd
[2024-11-08T18:26:54.816228-0500]    11.5000 MB /   0.50 sec =  193.1075 Mbps     0 retrans  11351 KB-cwnd
[2024-11-08T18:26:55.316246-0500]     9.8125 MB /   0.50 sec =  164.6284 Mbps     4 retrans  10555 KB-cwnd
[2024-11-08T18:26:55.816332-0500]    19.8125 MB /   0.50 sec =  332.3494 Mbps     0 retrans  10555 KB-cwnd
[2024-11-08T18:26:56.316441-0500]    27.1875 MB /   0.50 sec =  456.0503 Mbps     0 retrans  10555 KB-cwnd
[2024-11-08T18:26:56.816238-0500]    24.6875 MB /   0.50 sec =  414.3135 Mbps     0 retrans  10626 KB-cwnd
[2024-11-08T18:26:57.316140-0500]    22.9375 MB /   0.50 sec =  384.8574 Mbps   379 retrans  10991 KB-cwnd
[2024-11-08T18:26:57.816236-0500]    16.6250 MB /   0.50 sec =  278.8972 Mbps     0 retrans  10991 KB-cwnd
End time: 1731108418038
