Start time: 1731108634522
[2024-11-08T18:30:39.609279-0500] traceroute to 54.197.223.49 (54.197.223.49), 30 hops max, 60 byte packets
[2024-11-08T18:30:39.610175-0500]  1  * * *
[2024-11-08T18:30:39.610232-0500]  2  * * *
[2024-11-08T18:30:39.610266-0500]  3  * * *
[2024-11-08T18:30:39.617976-0500]  4  * * *
[2024-11-08T18:30:39.618137-0500]  5  * * *
[2024-11-08T18:30:44.616986-0500]  6  * * *
[2024-11-08T18:30:44.617155-0500]  7  * * *
[2024-11-08T18:30:44.622011-0500]  8  * * *
[2024-11-08T18:30:44.622148-0500]  9  * * *
[2024-11-08T18:30:44.625026-0500] 10  * * *
[2024-11-08T18:30:49.624721-0500] 11  * * *
[2024-11-08T18:30:49.624939-0500] 12  * * *
[2024-11-08T18:30:49.624989-0500] 13  * * *
[2024-11-08T18:30:49.625030-0500] 14  * * *
[2024-11-08T18:30:49.635628-0500] 15  * * *
[2024-11-08T18:30:54.632119-0500] 16  * * *
[2024-11-08T18:30:54.632398-0500] 17  * * *
[2024-11-08T18:30:54.632463-0500] 18  * * *
[2024-11-08T18:30:54.645700-0500] 19  * * *
[2024-11-08T18:30:54.645936-0500] 20  * * *
[2024-11-08T18:30:54.646031-0500] 21  * * *
[2024-11-08T18:30:59.640672-0500] 22  * * *
[2024-11-08T18:30:59.648878-0500] 23  * * *
[2024-11-08T18:30:59.655010-0500] 24  * * *
[2024-11-08T18:30:59.655147-0500] 25  * * *
[2024-11-08T18:30:59.657367-0500] 26  * * *
[2024-11-08T18:31:04.596185-0500] 27  * *End time: 1731108664654
