Start time: 1730744684225
[2024-11-04T11:24:49.322628-0700] traceroute to 54.176.53.206 (54.176.53.206), 30 hops max, 60 byte packets
[2024-11-04T11:24:49.323822-0700]  1  * * *
[2024-11-04T11:24:49.323930-0700]  2  * * *
[2024-11-04T11:24:49.324011-0700]  3  * * *
[2024-11-04T11:24:49.324086-0700]  4  * * *
[2024-11-04T11:24:49.324158-0700]  5  * * *
[2024-11-04T11:24:54.331626-0700]  6  * * *
[2024-11-04T11:24:54.332085-0700]  7  * * *
[2024-11-04T11:24:54.338936-0700]  8  * * *
[2024-11-04T11:24:54.339324-0700]  9  * * *
[2024-11-04T11:24:54.345135-0700] 10  * * *
[2024-11-04T11:24:59.340765-0700] 11  * * *
[2024-11-04T11:24:59.341126-0700] 12  * * *
[2024-11-04T11:24:59.341230-0700] 13  * * *
[2024-11-04T11:24:59.347016-0700] 14  * * *
[2024-11-04T11:24:59.347164-0700] 15  * * *
[2024-11-04T11:25:04.348416-0700] 16  * * *
[2024-11-04T11:25:04.348705-0700] 17  * * *
[2024-11-04T11:25:04.348769-0700] 18  * * *
[2024-11-04T11:25:04.355170-0700] 19  * * *
[2024-11-04T11:25:04.355358-0700] 20  * * *
[2024-11-04T11:25:04.355438-0700] 21  * * *
[2024-11-04T11:25:09.356273-0700] 22  * * *
[2024-11-04T11:25:09.356631-0700] 23  * * *
[2024-11-04T11:25:09.356740-0700] 24  * * *
[2024-11-04T11:25:09.363735-0700] 25  * * *
[2024-11-04T11:25:09.364068-0700] 26  * * *
[2024-11-04T11:25:14.312222-0700] 27  * *End time: 1730744714394
