Start time: 1730842573632
[2024-11-05T15:36:18.696811-0600] traceroute to 54.197.223.49 (54.197.223.49), 30 hops max, 60 byte packets
[2024-11-05T15:36:18.697988-0600]  1  * * *
[2024-11-05T15:36:18.703764-0600]  2  * * *
[2024-11-05T15:36:18.703897-0600]  3  * * *
[2024-11-05T15:36:18.703948-0600]  4  * * *
[2024-11-05T15:36:18.703990-0600]  5  * * *
[2024-11-05T15:36:23.704001-0600]  6  * * *
[2024-11-05T15:36:23.708002-0600]  7  * * *
[2024-11-05T15:36:23.708072-0600]  8  * * *
[2024-11-05T15:36:23.710383-0600]  9  * * *
[2024-11-05T15:36:23.713625-0600] 10  * * *
[2024-11-05T15:36:28.710951-0600] 11  * * *
[2024-11-05T15:36:28.711291-0600] 12  * * *
[2024-11-05T15:36:28.711393-0600] 13  * * *
[2024-11-05T15:36:28.721344-0600] 14  * * *
[2024-11-05T15:36:28.721558-0600] 15  * * *
[2024-11-05T15:36:33.718744-0600] 16  * * *
[2024-11-05T15:36:33.719196-0600] 17  * * *
[2024-11-05T15:36:33.726322-0600] 18  * * *
[2024-11-05T15:36:33.726473-0600] 19  * * *
[2024-11-05T15:36:33.726558-0600] 20  * * *
[2024-11-05T15:36:33.732511-0600] 21  * * *
[2024-11-05T15:36:38.726320-0600] 22  * * *
[2024-11-05T15:36:38.729577-0600] 23  * * *
[2024-11-05T15:36:38.729796-0600] 24  * * *
[2024-11-05T15:36:38.731863-0600] 25  * * *
[2024-11-05T15:36:38.733502-0600] 26  * * *
[2024-11-05T15:36:43.689602-0600] 27  * *End time: 1730842603742
