Start time: 1731006705563
[2024-11-07T14:11:46.449869-0500] nuttcp-r: v8.1.4: socket
[2024-11-07T14:11:46.450576-0500] nuttcp-r: buflen=65536, nstream=1, port=5379 tcp
[2024-11-07T14:11:46.450644-0500] nuttcp-r: interval reporting every 0.50 seconds
[2024-11-07T14:11:46.450697-0500] nuttcp-r: connect to 54.197.223.49 with RTT=58.771 ms af=inet
[2024-11-07T14:11:46.450747-0500] nuttcp-r: send window size = 2097152, receive window size = 6291456
[2024-11-07T14:11:46.450794-0500] nuttcp-r: available send window = 1572864, available receive window = 4718592
[2024-11-07T14:11:46.450841-0500]     0.9375 MB /   0.50 sec =   15.7268 Mbps     0 retrans     13 KB-cwnd
[2024-11-07T14:11:46.949817-0500]    17.8750 MB /   0.50 sec =  299.8921 Mbps     0 retrans     13 KB-cwnd
[2024-11-07T14:11:47.449910-0500]    42.4375 MB /   0.50 sec =  711.9375 Mbps     0 retrans     13 KB-cwnd
[2024-11-07T14:11:47.950072-0500]    33.6875 MB /   0.50 sec =  565.1904 Mbps     0 retrans     13 KB-cwnd
[2024-11-07T14:11:48.449913-0500]    23.6250 MB /   0.50 sec =  396.3530 Mbps     0 retrans     13 KB-cwnd
[2024-11-07T14:11:48.949887-0500]    26.4375 MB /   0.50 sec =  443.5503 Mbps     0 retrans     13 KB-cwnd
[2024-11-07T14:11:49.449859-0500]    33.6875 MB /   0.50 sec =  565.1915 Mbps     0 retrans     26 KB-cwnd
[2024-11-07T14:11:49.949874-0500]    19.1250 MB /   0.50 sec =  320.8559 Mbps     0 retrans     26 KB-cwnd
[2024-11-07T14:11:50.449951-0500]    19.3750 MB /   0.50 sec =  325.0150 Mbps     0 retrans     26 KB-cwnd
[2024-11-07T14:11:50.949678-0500]    23.3750 MB /   0.50 sec =  392.2820 Mbps     0 retrans     26 KB-cwnd
[2024-11-07T14:11:51.449890-0500]    22.4375 MB /   0.50 sec =  376.3590 Mbps     0 retrans     26 KB-cwnd
[2024-11-07T14:11:51.949839-0500]    29.4375 MB /   0.50 sec =  493.9583 Mbps     0 retrans     26 KB-cwnd
[2024-11-07T14:11:52.449866-0500]    27.2500 MB /   0.50 sec =  457.1133 Mbps     0 retrans     26 KB-cwnd
[2024-11-07T14:11:52.949812-0500]    27.6875 MB /   0.50 sec =  464.5703 Mbps     0 retrans     31 KB-cwnd
[2024-11-07T14:11:53.449806-0500]    33.2500 MB /   0.50 sec =  557.8558 Mbps     0 retrans     39 KB-cwnd
[2024-11-07T14:11:53.949731-0500]    37.5000 MB /   0.50 sec =  629.1620 Mbps     0 retrans  15123 KB-cwnd
[2024-11-07T14:11:54.449801-0500]    40.5625 MB /   0.50 sec =  680.5136 Mbps     0 retrans  15123 KB-cwnd
[2024-11-07T14:11:54.949973-0500]    36.8750 MB /   0.50 sec =  618.4953 Mbps     0 retrans  11061 KB-cwnd
[2024-11-07T14:11:55.450052-0500]    26.5625 MB /   0.50 sec =  445.6912 Mbps     0 retrans  11061 KB-cwnd
[2024-11-07T14:11:55.949936-0500]    19.5625 MB /   0.50 sec =  328.1918 Mbps     0 retrans  11061 KB-cwnd
[2024-11-07T14:11:56.449802-0500]    18.0000 MB /   0.50 sec =  302.0479 Mbps     0 retrans  11061 KB-cwnd
[2024-11-07T14:11:56.949828-0500]     8.8125 MB /   0.50 sec =  147.8439 Mbps     0 retrans  11061 KB-cwnd
[2024-11-07T14:11:57.449860-0500]    21.3750 MB /   0.50 sec =  358.6008 Mbps     0 retrans   9294 KB-cwnd
[2024-11-07T14:11:57.949812-0500]    21.0000 MB /   0.50 sec =  352.3377 Mbps     0 retrans   9294 KB-cwnd
[2024-11-07T14:11:58.449775-0500]    19.8125 MB /   0.50 sec =  332.4086 Mbps     0 retrans   9297 KB-cwnd
[2024-11-07T14:11:58.949819-0500]    17.0000 MB /   0.50 sec =  285.2098 Mbps     0 retrans   9297 KB-cwnd
[2024-11-07T14:11:59.449798-0500]    16.4375 MB /   0.50 sec =  275.7727 Mbps     0 retrans   9297 KB-cwnd
[2024-11-07T14:11:59.949837-0500]    18.2500 MB /   0.50 sec =  306.1811 Mbps     0 retrans   9297 KB-cwnd
[2024-11-07T14:12:00.449702-0500]    17.3125 MB /   0.50 sec =  290.4800 Mbps     0 retrans   9297 KB-cwnd
[2024-11-07T14:12:00.949804-0500]    14.4375 MB /   0.50 sec =  242.2046 Mbps     0 retrans  12097 KB-cwnd
[2024-11-07T14:12:01.449833-0500]    20.5625 MB /   0.50 sec =  344.9712 Mbps     0 retrans  12124 KB-cwnd
[2024-11-07T14:12:01.949917-0500]    18.9375 MB /   0.50 sec =  317.7293 Mbps     0 retrans  12124 KB-cwnd
[2024-11-07T14:12:02.449807-0500]    20.2500 MB /   0.50 sec =  339.7325 Mbps     0 retrans  12124 KB-cwnd
[2024-11-07T14:12:02.949830-0500]    20.9375 MB /   0.50 sec =  351.2758 Mbps     0 retrans  12124 KB-cwnd
[2024-11-07T14:12:03.449842-0500]    26.1875 MB /   0.50 sec =  439.3498 Mbps     0 retrans  12124 KB-cwnd
[2024-11-07T14:12:03.949800-0500]    21.6875 MB /   0.50 sec =  363.8602 Mbps     0 retrans  12124 KB-cwnd
[2024-11-07T14:12:04.449831-0500]    13.6875 MB /   0.50 sec =  229.6354 Mbps     0 retrans  11751 KB-cwnd
[2024-11-07T14:12:04.949792-0500]    11.0000 MB /   0.50 sec =  184.5538 Mbps     0 retrans   6577 KB-cwnd
[2024-11-07T14:12:05.449820-0500]    12.7500 MB /   0.50 sec =  213.9134 Mbps     0 retrans   6577 KB-cwnd
[2024-11-07T14:12:05.950272-0500]     0.8125 MB /   0.50 sec =   13.6277 Mbps     0 retrans   6577 KB-cwnd
[2024-11-07T14:12:06.449794-0500]    11.3750 MB /   0.50 sec =  190.8905 Mbps     0 retrans   6577 KB-cwnd
[2024-11-07T14:12:06.949923-0500]     8.4375 MB /   0.50 sec =  141.5312 Mbps     0 retrans   6577 KB-cwnd
[2024-11-07T14:12:07.449732-0500]     6.8750 MB /   0.50 sec =  115.3618 Mbps     0 retrans   6577 KB-cwnd
[2024-11-07T14:12:07.949841-0500]     8.5000 MB /   0.50 sec =  142.6035 Mbps     0 retrans   6577 KB-cwnd
[2024-11-07T14:12:08.449811-0500]     4.6250 MB /   0.50 sec =   77.5971 Mbps     0 retrans   6577 KB-cwnd
[2024-11-07T14:12:08.949952-0500]     7.6250 MB /   0.50 sec =  127.9314 Mbps     0 retrans   6577 KB-cwnd
[2024-11-07T14:12:09.449804-0500]     5.4375 MB /   0.50 sec =   91.2234 Mbps     0 retrans   7765 KB-cwnd
[2024-11-07T14:12:09.949833-0500]     3.1875 MB /   0.50 sec =   53.4771 Mbps     0 retrans   7765 KB-cwnd
[2024-11-07T14:12:10.449867-0500]     5.6250 MB /   0.50 sec =   94.3609 Mbps     0 retrans   7765 KB-cwnd
[2024-11-07T14:12:10.949783-0500]     8.8750 MB /   0.50 sec =  148.9160 Mbps     0 retrans   7765 KB-cwnd
[2024-11-07T14:12:11.449818-0500]     8.0000 MB /   0.50 sec =  134.2167 Mbps     0 retrans   7765 KB-cwnd
[2024-11-07T14:12:11.949854-0500]     2.5625 MB /   0.50 sec =   42.9897 Mbps     0 retrans   7765 KB-cwnd
[2024-11-07T14:12:12.449978-0500]     7.3125 MB /   0.50 sec =  122.6881 Mbps     0 retrans   7765 KB-cwnd
[2024-11-07T14:12:12.949697-0500]    10.2500 MB /   0.50 sec =  171.9799 Mbps     0 retrans   7765 KB-cwnd
[2024-11-07T14:12:13.449822-0500]     5.2500 MB /   0.50 sec =   88.0746 Mbps     0 retrans   7765 KB-cwnd
[2024-11-07T14:12:13.949806-0500]     6.5625 MB /   0.50 sec =  110.0996 Mbps     0 retrans   7800 KB-cwnd
[2024-11-07T14:12:14.449857-0500]    10.4375 MB /   0.50 sec =  175.1059 Mbps     0 retrans   7800 KB-cwnd
[2024-11-07T14:12:14.949843-0500]    10.4375 MB /   0.50 sec =  175.1185 Mbps     0 retrans   9422 KB-cwnd
[2024-11-07T14:12:15.449814-0500]     9.5625 MB /   0.50 sec =  160.4331 Mbps     0 retrans   9422 KB-cwnd
[2024-11-07T14:12:15.949858-0500]    10.4375 MB /   0.50 sec =  175.1080 Mbps     0 retrans   9422 KB-cwnd
[2024-11-07T14:12:16.449849-0500]    10.2500 MB /   0.50 sec =  171.9500 Mbps     0 retrans   9361 KB-cwnd
[2024-11-07T14:12:16.949802-0500]    11.5000 MB /   0.50 sec =  192.9611 Mbps     0 retrans   9361 KB-cwnd
[2024-11-07T14:12:17.449813-0500]     8.6875 MB /   0.50 sec =  145.7529 Mbps     0 retrans   9361 KB-cwnd
[2024-11-07T14:12:17.949829-0500]     7.6250 MB /   0.50 sec =  127.9250 Mbps     0 retrans   9361 KB-cwnd
[2024-11-07T14:12:18.449737-0500]     6.1250 MB /   0.50 sec =  102.7592 Mbps     0 retrans   9361 KB-cwnd
[2024-11-07T14:12:18.949861-0500]     7.2500 MB /   0.50 sec =  121.6219 Mbps     2 retrans   4670 KB-cwnd
[2024-11-07T14:12:19.449810-0500]    12.5000 MB /   0.50 sec =  209.7412 Mbps     0 retrans   4670 KB-cwnd
[2024-11-07T14:12:19.950110-0500]    12.1875 MB /   0.50 sec =  204.4343 Mbps     0 retrans   4670 KB-cwnd
[2024-11-07T14:12:20.449822-0500]    11.5625 MB /   0.50 sec =  194.0207 Mbps     0 retrans   4670 KB-cwnd
[2024-11-07T14:12:20.949776-0500]    13.5625 MB /   0.50 sec =  227.5496 Mbps     0 retrans   4670 KB-cwnd
[2024-11-07T14:12:21.449831-0500]    12.6875 MB /   0.50 sec =  212.8465 Mbps     0 retrans   4670 KB-cwnd
[2024-11-07T14:12:21.949895-0500]     9.5625 MB /   0.50 sec =  160.4164 Mbps     0 retrans   3836 KB-cwnd
[2024-11-07T14:12:22.449919-0500]     4.1250 MB /   0.50 sec =   69.2009 Mbps     0 retrans   3836 KB-cwnd
[2024-11-07T14:12:22.949838-0500]     8.0625 MB /   0.50 sec =  135.2923 Mbps     0 retrans   3836 KB-cwnd
[2024-11-07T14:12:23.449893-0500]     6.7500 MB /   0.50 sec =  113.2299 Mbps     0 retrans   3836 KB-cwnd
[2024-11-07T14:12:23.949792-0500]     7.1875 MB /   0.50 sec =  120.5978 Mbps     0 retrans   3836 KB-cwnd
[2024-11-07T14:12:24.449921-0500]     7.5000 MB /   0.50 sec =  125.8125 Mbps     0 retrans   3836 KB-cwnd
[2024-11-07T14:12:24.949815-0500]     6.1875 MB /   0.50 sec =  103.8290 Mbps     0 retrans   3836 KB-cwnd
[2024-11-07T14:12:25.449911-0500]     6.6875 MB /   0.50 sec =  112.1786 Mbps     0 retrans   3836 KB-cwnd
[2024-11-07T14:12:25.949703-0500]     4.1875 MB /   0.50 sec =   70.2710 Mbps     0 retrans   3836 KB-cwnd
[2024-11-07T14:12:26.449908-0500]     7.3750 MB /   0.50 sec =  123.7043 Mbps     0 retrans   3836 KB-cwnd
[2024-11-07T14:12:26.949840-0500]     7.7500 MB /   0.50 sec =  130.0437 Mbps     0 retrans   4219 KB-cwnd
[2024-11-07T14:12:27.450005-0500]     8.6250 MB /   0.50 sec =  144.7026 Mbps     0 retrans   4219 KB-cwnd
[2024-11-07T14:12:27.949806-0500]    11.5625 MB /   0.50 sec =  193.9901 Mbps     0 retrans   4219 KB-cwnd
[2024-11-07T14:12:28.449811-0500]    12.6250 MB /   0.50 sec =  211.8115 Mbps     0 retrans   4219 KB-cwnd
[2024-11-07T14:12:28.949870-0500]    13.7500 MB /   0.50 sec =  230.6733 Mbps     0 retrans   4219 KB-cwnd
[2024-11-07T14:12:29.449731-0500]    11.3750 MB /   0.50 sec =  190.8462 Mbps     0 retrans   4219 KB-cwnd
[2024-11-07T14:12:29.949853-0500]    15.0625 MB /   0.50 sec =  252.7023 Mbps     0 retrans   4760 KB-cwnd
[2024-11-07T14:12:30.449726-0500]    10.7500 MB /   0.50 sec =  180.3727 Mbps     0 retrans   4760 KB-cwnd
[2024-11-07T14:12:30.949863-0500]    10.5000 MB /   0.50 sec =  176.1439 Mbps     0 retrans   4760 KB-cwnd
[2024-11-07T14:12:31.449945-0500]    11.0625 MB /   0.50 sec =  185.5690 Mbps     0 retrans   4760 KB-cwnd
[2024-11-07T14:12:31.949928-0500]    12.5000 MB /   0.50 sec =  209.7211 Mbps     0 retrans   4760 KB-cwnd
[2024-11-07T14:12:32.449808-0500]    11.9375 MB /   0.50 sec =  200.3125 Mbps     0 retrans   4760 KB-cwnd
[2024-11-07T14:12:32.949821-0500]     8.9375 MB /   0.50 sec =  149.9455 Mbps     0 retrans   4760 KB-cwnd
[2024-11-07T14:12:33.449813-0500]    10.0000 MB /   0.50 sec =  167.7738 Mbps     0 retrans   4246 KB-cwnd
[2024-11-07T14:12:33.949929-0500]     8.3750 MB /   0.50 sec =  140.4816 Mbps     0 retrans   4246 KB-cwnd
[2024-11-07T14:12:34.449707-0500]     7.0625 MB /   0.50 sec =  118.5187 Mbps     0 retrans   4246 KB-cwnd
[2024-11-07T14:12:34.949753-0500]     8.7500 MB /   0.50 sec =  146.8003 Mbps     0 retrans   4383 KB-cwnd
[2024-11-07T14:12:35.449851-0500]    10.9375 MB /   0.50 sec =  183.4806 Mbps     0 retrans   4470 KB-cwnd
[2024-11-07T14:12:35.949925-0500]     9.6250 MB /   0.50 sec =  161.4662 Mbps     0 retrans   4470 KB-cwnd
[2024-11-07T14:12:36.449851-0500]    11.5000 MB /   0.50 sec =  192.9565 Mbps     0 retrans   4470 KB-cwnd
[2024-11-07T14:12:36.949912-0500]     9.9375 MB /   0.50 sec =  166.7032 Mbps     0 retrans   5381 KB-cwnd
[2024-11-07T14:12:37.449877-0500]     5.9375 MB /   0.50 sec =   99.6271 Mbps     0 retrans   5381 KB-cwnd
[2024-11-07T14:12:37.949881-0500]     2.0000 MB /   0.50 sec =   33.5542 Mbps     0 retrans   5381 KB-cwnd
[2024-11-07T14:12:38.449829-0500]     8.3750 MB /   0.50 sec =  140.5131 Mbps     0 retrans   5381 KB-cwnd
[2024-11-07T14:12:38.949828-0500]     9.3750 MB /   0.50 sec =  157.2902 Mbps     0 retrans   5381 KB-cwnd
[2024-11-07T14:12:39.449690-0500]     7.3750 MB /   0.50 sec =  123.7414 Mbps     0 retrans   5216 KB-cwnd
[2024-11-07T14:12:39.949844-0500]     6.3750 MB /   0.50 sec =  106.9423 Mbps     0 retrans   5216 KB-cwnd
[2024-11-07T14:12:40.449908-0500]     5.6875 MB /   0.50 sec =   95.4206 Mbps     0 retrans   5216 KB-cwnd
[2024-11-07T14:12:40.949869-0500]     2.3750 MB /   0.50 sec =   39.8439 Mbps     0 retrans   5216 KB-cwnd
[2024-11-07T14:12:41.449844-0500]     7.5000 MB /   0.50 sec =  125.8359 Mbps     0 retrans   5216 KB-cwnd
[2024-11-07T14:12:41.949802-0500]     9.8750 MB /   0.50 sec =  165.6820 Mbps     0 retrans   5216 KB-cwnd
[2024-11-07T14:12:42.449826-0500]    15.0000 MB /   0.50 sec =  251.6592 Mbps     0 retrans   4949 KB-cwnd
[2024-11-07T14:12:42.949842-0500]    16.7500 MB /   0.50 sec =  281.0127 Mbps     0 retrans   4949 KB-cwnd
[2024-11-07T14:12:43.449813-0500]    19.0625 MB /   0.50 sec =  319.8189 Mbps     0 retrans   4949 KB-cwnd
[2024-11-07T14:12:43.949828-0500]    21.1875 MB /   0.50 sec =  355.4516 Mbps     0 retrans   4949 KB-cwnd
[2024-11-07T14:12:44.449811-0500]    23.3125 MB /   0.50 sec =  391.1392 Mbps     0 retrans   5157 KB-cwnd
[2024-11-07T14:12:44.949818-0500]    17.3125 MB /   0.50 sec =  290.4544 Mbps     0 retrans   5157 KB-cwnd
[2024-11-07T14:12:45.449969-0500]    19.6875 MB /   0.50 sec =  330.3021 Mbps     0 retrans   5157 KB-cwnd
[2024-11-07T14:12:45.949742-0500]    22.6250 MB /   0.50 sec =  379.6065 Mbps    11 retrans   5743 KB-cwnd
[2024-11-07T14:12:46.449823-0500]    19.4375 MB /   0.50 sec =  326.0856 Mbps     0 retrans   5743 KB-cwnd
[2024-11-07T14:12:46.949845-0500]    26.1875 MB /   0.50 sec =  439.3454 Mbps     0 retrans   5743 KB-cwnd
[2024-11-07T14:12:47.449876-0500]    23.8750 MB /   0.50 sec =  400.5168 Mbps     0 retrans   9044 KB-cwnd
[2024-11-07T14:12:47.949784-0500]    24.1875 MB /   0.50 sec =  405.8509 Mbps     0 retrans   9438 KB-cwnd
[2024-11-07T14:12:48.449817-0500]    20.2500 MB /   0.50 sec =  339.7352 Mbps     0 retrans   9462 KB-cwnd
[2024-11-07T14:12:48.949803-0500]    23.0000 MB /   0.50 sec =  385.8875 Mbps     0 retrans   8610 KB-cwnd
[2024-11-07T14:12:49.449848-0500]    24.5625 MB /   0.50 sec =  412.0244 Mbps     0 retrans   8610 KB-cwnd
[2024-11-07T14:12:49.949945-0500]    22.5000 MB /   0.50 sec =  377.4398 Mbps     0 retrans   8610 KB-cwnd
[2024-11-07T14:12:50.449821-0500]    25.6250 MB /   0.50 sec =  430.0211 Mbps     0 retrans  11253 KB-cwnd
[2024-11-07T14:12:50.949853-0500]    23.3125 MB /   0.50 sec =  391.1095 Mbps     0 retrans  11253 KB-cwnd
[2024-11-07T14:12:51.449766-0500]    12.6250 MB /   0.50 sec =  211.8221 Mbps     0 retrans  11253 KB-cwnd
[2024-11-07T14:12:51.949870-0500]    17.3750 MB /   0.50 sec =  291.4680 Mbps     0 retrans  11253 KB-cwnd
[2024-11-07T14:12:52.449753-0500]    20.3750 MB /   0.50 sec =  341.8864 Mbps     0 retrans  10195 KB-cwnd
[2024-11-07T14:12:52.950132-0500]    25.2500 MB /   0.50 sec =  423.5391 Mbps     0 retrans  10195 KB-cwnd
[2024-11-07T14:12:53.449856-0500]    23.5625 MB /   0.50 sec =  395.3163 Mbps     0 retrans  10195 KB-cwnd
[2024-11-07T14:12:53.949714-0500]    24.7500 MB /   0.50 sec =  415.3233 Mbps     0 retrans   9217 KB-cwnd
[2024-11-07T14:12:54.449811-0500]    25.6875 MB /   0.50 sec =  430.9225 Mbps     0 retrans   9217 KB-cwnd
[2024-11-07T14:12:54.949820-0500]    28.8750 MB /   0.50 sec =  484.4673 Mbps     0 retrans   9217 KB-cwnd
[2024-11-07T14:12:55.449832-0500]    31.6875 MB /   0.50 sec =  531.6142 Mbps     0 retrans   9199 KB-cwnd
[2024-11-07T14:12:55.949799-0500]    29.7500 MB /   0.50 sec =  499.1391 Mbps     0 retrans   9199 KB-cwnd
[2024-11-07T14:12:56.449813-0500]    29.8125 MB /   0.50 sec =  500.1617 Mbps     0 retrans   8652 KB-cwnd
[2024-11-07T14:12:56.949720-0500]    23.4375 MB /   0.50 sec =  393.2270 Mbps     0 retrans   8692 KB-cwnd
[2024-11-07T14:12:57.449847-0500]     9.4375 MB /   0.50 sec =  158.3157 Mbps     0 retrans   8692 KB-cwnd
[2024-11-07T14:12:57.949864-0500]    33.0000 MB /   0.50 sec =  553.6791 Mbps     0 retrans  11487 KB-cwnd
[2024-11-07T14:12:58.449838-0500]    33.3750 MB /   0.50 sec =  559.9441 Mbps     0 retrans  11487 KB-cwnd
[2024-11-07T14:12:58.949788-0500]    29.3750 MB /   0.50 sec =  492.8613 Mbps     0 retrans  11487 KB-cwnd
[2024-11-07T14:12:59.449788-0500]    16.0000 MB /   0.50 sec =  268.4349 Mbps     0 retrans  14314 KB-cwnd
[2024-11-07T14:12:59.949920-0500]    10.0625 MB /   0.50 sec =  168.8187 Mbps     0 retrans  14314 KB-cwnd
[2024-11-07T14:13:00.449811-0500]    14.9375 MB /   0.50 sec =  250.6097 Mbps     0 retrans  14314 KB-cwnd
[2024-11-07T14:13:00.949817-0500]    15.2500 MB /   0.50 sec =  255.8485 Mbps     0 retrans  14314 KB-cwnd
[2024-11-07T14:13:01.449791-0500]    14.3125 MB /   0.50 sec =  240.1277 Mbps     0 retrans  14300 KB-cwnd
[2024-11-07T14:13:01.949820-0500]    14.8125 MB /   0.50 sec =  248.5080 Mbps     0 retrans  11127 KB-cwnd
[2024-11-07T14:13:02.449772-0500]    18.8125 MB /   0.50 sec =  315.6283 Mbps     0 retrans  11127 KB-cwnd
[2024-11-07T14:13:02.949882-0500]    20.7500 MB /   0.50 sec =  348.0750 Mbps     0 retrans  11127 KB-cwnd
[2024-11-07T14:13:03.449848-0500]    24.5000 MB /   0.50 sec =  411.0944 Mbps     0 retrans  11141 KB-cwnd
[2024-11-07T14:13:03.949880-0500]    18.6250 MB /   0.50 sec =  312.4232 Mbps     0 retrans  13663 KB-cwnd
[2024-11-07T14:13:04.449845-0500]    19.2500 MB /   0.50 sec =  323.0073 Mbps     0 retrans  13663 KB-cwnd
[2024-11-07T14:13:04.949835-0500]    19.3125 MB /   0.50 sec =  324.0191 Mbps     0 retrans  13663 KB-cwnd
[2024-11-07T14:13:05.449921-0500]    21.8750 MB /   0.50 sec =  367.0141 Mbps     0 retrans  10991 KB-cwnd
[2024-11-07T14:13:05.949843-0500]    20.4375 MB /   0.50 sec =  342.8597 Mbps     0 retrans  10991 KB-cwnd
[2024-11-07T14:13:06.449798-0500]    21.7500 MB /   0.50 sec =  364.9198 Mbps     0 retrans  10991 KB-cwnd
[2024-11-07T14:13:06.949896-0500]    16.8750 MB /   0.50 sec =  283.1121 Mbps     0 retrans  10991 KB-cwnd
[2024-11-07T14:13:07.449859-0500]    15.9375 MB /   0.50 sec =  267.3847 Mbps     0 retrans   8189 KB-cwnd
[2024-11-07T14:13:07.949769-0500]     5.6875 MB /   0.50 sec =   95.4166 Mbps     0 retrans   8189 KB-cwnd
[2024-11-07T14:13:08.449785-0500]    13.4375 MB /   0.50 sec =  225.4520 Mbps     0 retrans   8189 KB-cwnd
[2024-11-07T14:13:08.950028-0500]    10.9375 MB /   0.50 sec =  183.4953 Mbps     0 retrans   8189 KB-cwnd
[2024-11-07T14:13:09.449800-0500]     8.0000 MB /   0.50 sec =  134.2252 Mbps     0 retrans   8189 KB-cwnd
[2024-11-07T14:13:09.949837-0500]     7.8750 MB /   0.50 sec =  132.1185 Mbps     0 retrans   8189 KB-cwnd
[2024-11-07T14:13:10.449807-0500]     9.0625 MB /   0.50 sec =  152.0475 Mbps     0 retrans   8189 KB-cwnd
[2024-11-07T14:13:10.949832-0500]    10.3750 MB /   0.50 sec =  174.0612 Mbps     0 retrans   8407 KB-cwnd
[2024-11-07T14:13:11.449869-0500]     8.6875 MB /   0.50 sec =  145.7352 Mbps     0 retrans   8407 KB-cwnd
[2024-11-07T14:13:11.949788-0500]    10.6250 MB /   0.50 sec =  178.2797 Mbps     0 retrans   8407 KB-cwnd
[2024-11-07T14:13:12.449764-0500]    12.2500 MB /   0.50 sec =  205.5349 Mbps     0 retrans   8407 KB-cwnd
[2024-11-07T14:13:12.949927-0500]    12.9375 MB /   0.50 sec =  217.0032 Mbps     0 retrans   8407 KB-cwnd
[2024-11-07T14:13:13.449717-0500]    13.1250 MB /   0.50 sec =  220.2529 Mbps     0 retrans   8407 KB-cwnd
[2024-11-07T14:13:13.949997-0500]     9.7500 MB /   0.50 sec =  163.5236 Mbps     0 retrans   8407 KB-cwnd
[2024-11-07T14:13:14.449804-0500]     7.2500 MB /   0.50 sec =  121.6669 Mbps     0 retrans      5 KB-cwnd
[2024-11-07T14:13:14.949838-0500]     5.9375 MB /   0.50 sec =   99.6085 Mbps     0 retrans      5 KB-cwnd
[2024-11-07T14:13:15.449850-0500]     7.0625 MB /   0.50 sec =  118.4945 Mbps     0 retrans      5 KB-cwnd
[2024-11-07T14:13:15.949941-0500]     2.0625 MB /   0.50 sec =   34.5986 Mbps     0 retrans      5 KB-cwnd
[2024-11-07T14:13:16.449789-0500]     3.9375 MB /   0.50 sec =   66.0691 Mbps     0 retrans      5 KB-cwnd
[2024-11-07T14:13:16.949702-0500]     5.3750 MB /   0.50 sec =   90.1848 Mbps     0 retrans      5 KB-cwnd
[2024-11-07T14:13:17.449800-0500]     8.3750 MB /   0.50 sec =  140.5016 Mbps     0 retrans      5 KB-cwnd
[2024-11-07T14:13:17.950034-0500]    11.6250 MB /   0.50 sec =  195.0281 Mbps     0 retrans      5 KB-cwnd
[2024-11-07T14:13:18.449735-0500]    10.1250 MB /   0.50 sec =  169.8832 Mbps     0 retrans      5 KB-cwnd
[2024-11-07T14:13:18.949722-0500]    11.8125 MB /   0.50 sec =  198.1725 Mbps     0 retrans      5 KB-cwnd
[2024-11-07T14:13:19.449919-0500]    13.3125 MB /   0.50 sec =  223.3038 Mbps     0 retrans   5448 KB-cwnd
[2024-11-07T14:13:19.949902-0500]    18.0000 MB /   0.50 sec =  301.9971 Mbps     0 retrans   5448 KB-cwnd
[2024-11-07T14:13:20.449798-0500]    17.4375 MB /   0.50 sec =  292.5960 Mbps     0 retrans   5448 KB-cwnd
[2024-11-07T14:13:20.949819-0500]    13.5000 MB /   0.50 sec =  226.4933 Mbps     0 retrans   5448 KB-cwnd
[2024-11-07T14:13:21.449722-0500]    11.2500 MB /   0.50 sec =  188.7482 Mbps     0 retrans   5216 KB-cwnd
[2024-11-07T14:13:21.949852-0500]    18.3750 MB /   0.50 sec =  308.2610 Mbps     0 retrans   5216 KB-cwnd
[2024-11-07T14:13:22.449948-0500]    21.7500 MB /   0.50 sec =  364.8439 Mbps     0 retrans   5216 KB-cwnd
[2024-11-07T14:13:22.949704-0500]    23.2500 MB /   0.50 sec =  390.1756 Mbps     0 retrans   5216 KB-cwnd
[2024-11-07T14:13:23.449999-0500]    22.6875 MB /   0.50 sec =  380.6087 Mbps    40 retrans   6284 KB-cwnd
[2024-11-07T14:13:23.949868-0500]    23.1875 MB /   0.50 sec =  388.9672 Mbps     0 retrans   6284 KB-cwnd
[2024-11-07T14:13:24.449746-0500]     0.0000 MB /   0.50 sec =    0.0000 Mbps     0 retrans   6284 KB-cwnd
[2024-11-07T14:13:24.949858-0500]    14.0625 MB /   0.50 sec =  235.9357 Mbps     0 retrans   6284 KB-cwnd
[2024-11-07T14:13:25.449798-0500]     6.3750 MB /   0.50 sec =  106.9569 Mbps     0 retrans   6284 KB-cwnd
[2024-11-07T14:13:25.949868-0500]     0.6250 MB /   0.50 sec =   10.4845 Mbps     0 retrans   6284 KB-cwnd
[2024-11-07T14:13:26.449825-0500]    19.0625 MB /   0.50 sec =  319.8457 Mbps     0 retrans   7557 KB-cwnd
[2024-11-07T14:13:26.949819-0500]    17.9375 MB /   0.50 sec =  300.9461 Mbps     0 retrans   7557 KB-cwnd
[2024-11-07T14:13:27.449781-0500]    11.5000 MB /   0.50 sec =  192.9403 Mbps     0 retrans   7557 KB-cwnd
[2024-11-07T14:13:27.950052-0500]     4.3125 MB /   0.50 sec =   72.3405 Mbps     0 retrans   7557 KB-cwnd
[2024-11-07T14:13:28.449794-0500]    11.6250 MB /   0.50 sec =  195.0660 Mbps     0 retrans   7557 KB-cwnd
[2024-11-07T14:13:28.950053-0500]     6.3125 MB /   0.50 sec =  105.9036 Mbps     0 retrans   7557 KB-cwnd
[2024-11-07T14:13:29.449857-0500]     5.7500 MB /   0.50 sec =   96.4584 Mbps     0 retrans   7557 KB-cwnd
[2024-11-07T14:13:29.949769-0500]     3.4375 MB /   0.50 sec =   57.6781 Mbps     0 retrans   7557 KB-cwnd
[2024-11-07T14:13:30.449852-0500]     4.6875 MB /   0.50 sec =   78.6419 Mbps     0 retrans   7688 KB-cwnd
[2024-11-07T14:13:30.949841-0500]     2.7500 MB /   0.50 sec =   46.1380 Mbps     0 retrans   7688 KB-cwnd
[2024-11-07T14:13:31.449942-0500]     0.6250 MB /   0.50 sec =   10.4832 Mbps     0 retrans   7688 KB-cwnd
[2024-11-07T14:13:31.949885-0500]     0.0000 MB /   0.50 sec =    0.0000 Mbps     0 retrans   7688 KB-cwnd
[2024-11-07T14:13:32.449820-0500]    18.8750 MB /   0.50 sec =  316.6947 Mbps     0 retrans   7688 KB-cwnd
[2024-11-07T14:13:32.949801-0500]    15.7500 MB /   0.50 sec =  264.2443 Mbps     0 retrans   7688 KB-cwnd
[2024-11-07T14:13:33.449952-0500]     4.7500 MB /   0.50 sec =   79.6739 Mbps     0 retrans   7688 KB-cwnd
[2024-11-07T14:13:33.949817-0500]    16.1250 MB /   0.50 sec =  270.5948 Mbps     0 retrans   7688 KB-cwnd
[2024-11-07T14:13:34.449805-0500]    13.0625 MB /   0.50 sec =  219.1519 Mbps   152 retrans   8493 KB-cwnd
[2024-11-07T14:13:34.949971-0500]     6.6875 MB /   0.50 sec =  112.1967 Mbps     0 retrans   8493 KB-cwnd
[2024-11-07T14:13:35.449762-0500]     8.1250 MB /   0.50 sec =  136.3105 Mbps     0 retrans   8493 KB-cwnd
[2024-11-07T14:13:35.949839-0500]     8.3125 MB /   0.50 sec =  139.4578 Mbps     0 retrans   8493 KB-cwnd
[2024-11-07T14:13:36.449989-0500]    17.1875 MB /   0.50 sec =  288.3722 Mbps     0 retrans   8493 KB-cwnd
[2024-11-07T14:13:36.949919-0500]    21.2500 MB /   0.50 sec =  356.4588 Mbps     0 retrans   8493 KB-cwnd
[2024-11-07T14:13:37.449828-0500]    22.4375 MB /   0.50 sec =  376.4998 Mbps   217 retrans   7142 KB-cwnd
[2024-11-07T14:13:37.949810-0500]    17.8125 MB /   0.50 sec =  298.8471 Mbps     0 retrans   7142 KB-cwnd
[2024-11-07T14:13:38.449788-0500]    19.3125 MB /   0.50 sec =  324.0145 Mbps     0 retrans   7142 KB-cwnd
[2024-11-07T14:13:38.949810-0500]    16.1250 MB /   0.50 sec =  270.5310 Mbps     0 retrans   7162 KB-cwnd
[2024-11-07T14:13:39.449797-0500]    17.5625 MB /   0.50 sec =  294.6675 Mbps    62 retrans   5930 KB-cwnd
[2024-11-07T14:13:39.949683-0500]    21.0000 MB /   0.50 sec =  352.3265 Mbps     0 retrans   5930 KB-cwnd
[2024-11-07T14:13:40.449812-0500]    20.3750 MB /   0.50 sec =  341.8146 Mbps     0 retrans   5930 KB-cwnd
[2024-11-07T14:13:40.949763-0500]    23.1250 MB /   0.50 sec =  387.9630 Mbps     4 retrans   8831 KB-cwnd
[2024-11-07T14:13:41.449820-0500]    23.6875 MB /   0.50 sec =  397.4063 Mbps     0 retrans   8831 KB-cwnd
[2024-11-07T14:13:41.949848-0500]    20.6250 MB /   0.50 sec =  346.0280 Mbps     0 retrans   8831 KB-cwnd
[2024-11-07T14:13:42.449849-0500]    29.0000 MB /   0.50 sec =  486.5393 Mbps     0 retrans   7693 KB-cwnd
[2024-11-07T14:13:42.949805-0500]    25.8750 MB /   0.50 sec =  434.1209 Mbps     0 retrans   7693 KB-cwnd
[2024-11-07T14:13:43.449997-0500]    23.1875 MB /   0.50 sec =  388.9112 Mbps     0 retrans   7693 KB-cwnd
[2024-11-07T14:13:43.949865-0500]     4.5000 MB /   0.50 sec =   75.5094 Mbps     0 retrans   7693 KB-cwnd
[2024-11-07T14:13:44.449810-0500]    10.0000 MB /   0.50 sec =  167.7950 Mbps     0 retrans   7693 KB-cwnd
[2024-11-07T14:13:44.949747-0500]     7.2500 MB /   0.50 sec =  121.6304 Mbps     0 retrans   9289 KB-cwnd
[2024-11-07T14:13:45.449713-0500]    15.2500 MB /   0.50 sec =  255.8745 Mbps     0 retrans   9289 KB-cwnd
[2024-11-07T14:13:45.950047-0500]    14.3125 MB /   0.50 sec =  240.1037 Mbps     0 retrans   9289 KB-cwnd
[2024-11-07T14:13:46.449914-0500]    15.7500 MB /   0.50 sec =  264.2042 Mbps     0 retrans   9289 KB-cwnd
End time: 1731006826664
