Start time: 1731007043244
[2024-11-07T14:17:28.336513-0500] traceroute to 54.197.223.49 (54.197.223.49), 30 hops max, 60 byte packets
[2024-11-07T14:17:28.337280-0500]  1  * * *
[2024-11-07T14:17:28.337322-0500]  2  * * *
[2024-11-07T14:17:28.337351-0500]  3  * * *
[2024-11-07T14:17:28.337379-0500]  4  * * *
[2024-11-07T14:17:28.343884-0500]  5  * * *
[2024-11-07T14:17:33.343501-0500]  6  * * *
[2024-11-07T14:17:33.343922-0500]  7  * * *
[2024-11-07T14:17:33.344002-0500]  8  * * *
[2024-11-07T14:17:33.344061-0500]  9  * * *
[2024-11-07T14:17:33.352998-0500] 10  * * *
[2024-11-07T14:17:38.350916-0500] 11  * * *
[2024-11-07T14:17:38.351175-0500] 12  * * *
[2024-11-07T14:17:38.351236-0500] 13  * * *
[2024-11-07T14:17:38.356040-0500] 14  * * *
[2024-11-07T14:17:38.356103-0500] 15  * * *
[2024-11-07T14:17:43.358359-0500] 16  * * *
[2024-11-07T14:17:43.358733-0500] 17  * * *
[2024-11-07T14:17:43.358823-0500] 18  * * *
[2024-11-07T14:17:43.358889-0500] 19  * * *
[2024-11-07T14:17:43.369381-0500] 20  * * *
[2024-11-07T14:17:43.369624-0500] 21  * * *
[2024-11-07T14:17:48.366572-0500] 22  * * *
[2024-11-07T14:17:48.367076-0500] 23  * * *
[2024-11-07T14:17:48.379405-0500] 24  * * *
[2024-11-07T14:17:48.379712-0500] 25  * * *
[2024-11-07T14:17:48.379845-0500] 26  * * *
[2024-11-07T14:17:53.323528-0500] 27  * *End time: 1731007073418
