Start time: 1730926750427
[2024-11-06T15:59:15.475405-0500] traceroute to 54.197.223.49 (54.197.223.49), 30 hops max, 60 byte packets
[2024-11-06T15:59:15.476145-0500]  1  * * *
[2024-11-06T15:59:15.478006-0500]  2  * * *
[2024-11-06T15:59:15.478059-0500]  3  * * *
[2024-11-06T15:59:15.481521-0500]  4  * * *
[2024-11-06T15:59:15.481586-0500]  5  * * *
[2024-11-06T15:59:20.483333-0500]  6  * * *
[2024-11-06T15:59:20.483816-0500]  7  * * *
[2024-11-06T15:59:20.483929-0500]  8  * * *
[2024-11-06T15:59:20.484014-0500]  9  * * *
[2024-11-06T15:59:20.494445-0500] 10  * * *
[2024-11-06T15:59:25.491452-0500] 11  * * *
[2024-11-06T15:59:25.491625-0500] 12  * * *
[2024-11-06T15:59:25.491673-0500] 13  * * *
[2024-11-06T15:59:25.496926-0500] 14  * * *
[2024-11-06T15:59:25.497022-0500] 15  * * *
[2024-11-06T15:59:30.497569-0500] 16  * * *
[2024-11-06T15:59:30.497786-0500] 17  * * *
[2024-11-06T15:59:30.497818-0500] 18  * * *
[2024-11-06T15:59:30.501372-0500] 19  * * *
[2024-11-06T15:59:30.501408-0500] 20  * * *
[2024-11-06T15:59:30.501432-0500] 21  * * *
[2024-11-06T15:59:35.501634-0500] 22  * * *
[2024-11-06T15:59:35.501880-0500] 23  * * *
[2024-11-06T15:59:35.507290-0500] 24  * * *
[2024-11-06T15:59:35.507396-0500] 25  * * *
[2024-11-06T15:59:35.507436-0500] 26  * * *
[2024-11-06T15:59:40.468589-0500] 27  * *End time: 1730926780506
