Start time: 1730505765450
[2024-11-01T17:02:46.409669-0700] nuttcp-r: v8.1.4: socket
[2024-11-01T17:02:46.411226-0700] nuttcp-r: buflen=65536, nstream=1, port=5110 tcp
[2024-11-01T17:02:46.411369-0700] nuttcp-r: interval reporting every 0.50 seconds
[2024-11-01T17:02:46.411487-0700] nuttcp-r: connect to 54.176.53.206 with RTT=47.807 ms af=inet
[2024-11-01T17:02:46.411597-0700] nuttcp-r: send window size = 2097152, receive window size = 6291456
[2024-11-01T17:02:46.411701-0700] nuttcp-r: available send window = 1572864, available receive window = 4718592
[2024-11-01T17:02:46.411804-0700]     1.8125 MB /   0.50 sec =   30.4035 Mbps     0 retrans
[2024-11-01T17:02:46.909779-0700]     0.9375 MB /   0.50 sec =   15.7263 Mbps     0 retrans
[2024-11-01T17:02:47.409571-0700]     0.0000 MB /   0.50 sec =    0.0000 Mbps     0 retrans
[2024-11-01T17:02:47.910157-0700]     0.0000 MB /   0.50 sec =    0.0000 Mbps     0 retrans
[2024-11-01T17:02:48.410856-0700]     0.0000 MB /   0.50 sec =    0.0000 Mbps     0 retrans
[2024-11-01T17:02:48.910725-0700]     0.1250 MB /   0.50 sec =    2.0970 Mbps     0 retrans
[2024-11-01T17:02:49.409821-0700]     0.0000 MB /   0.50 sec =    0.0000 Mbps     0 retrans
[2024-11-01T17:02:49.909566-0700]     2.4375 MB /   0.50 sec =   40.9071 Mbps     0 retrans
[2024-11-01T17:02:50.409556-0700]     7.3125 MB /   0.50 sec =  122.6964 Mbps     0 retrans
[2024-11-01T17:02:50.909510-0700]     9.1875 MB /   0.50 sec =  154.1428 Mbps     0 retrans
[2024-11-01T17:02:51.409514-0700]    11.1250 MB /   0.50 sec =  186.6476 Mbps     0 retrans
[2024-11-01T17:02:51.909540-0700]    14.0625 MB /   0.50 sec =  235.9268 Mbps     0 retrans
[2024-11-01T17:02:52.409557-0700]    16.3750 MB /   0.50 sec =  274.7214 Mbps     0 retrans
[2024-11-01T17:02:52.909690-0700]    20.0000 MB /   0.50 sec =  335.5584 Mbps     0 retrans
[2024-11-01T17:02:53.409966-0700]    18.5625 MB /   0.50 sec =  311.1452 Mbps     0 retrans
[2024-11-01T17:02:53.909520-0700]    16.9375 MB /   0.50 sec =  284.4115 Mbps     0 retrans
[2024-11-01T17:02:54.409512-0700]    21.3750 MB /   0.50 sec =  358.6166 Mbps     0 retrans
[2024-11-01T17:02:54.909543-0700]    19.4375 MB /   0.50 sec =  326.0876 Mbps     0 retrans
[2024-11-01T17:02:55.409435-0700]    12.6250 MB /   0.50 sec =  211.8323 Mbps     0 retrans
[2024-11-01T17:02:55.909559-0700]     9.0000 MB /   0.50 sec =  150.9823 Mbps     0 retrans
[2024-11-01T17:02:56.409806-0700]    11.0625 MB /   0.50 sec =  185.5794 Mbps     0 retrans
[2024-11-01T17:02:56.910655-0700]    16.1875 MB /   0.50 sec =  271.0402 Mbps     0 retrans
[2024-11-01T17:02:57.409495-0700]    21.4375 MB /   0.50 sec =  360.4372 Mbps     0 retrans
[2024-11-01T17:02:57.909465-0700]    21.5000 MB /   0.50 sec =  360.7138 Mbps     0 retrans
[2024-11-01T17:02:58.410060-0700]    17.3125 MB /   0.50 sec =  290.1712 Mbps     0 retrans
[2024-11-01T17:02:58.909536-0700]    17.3750 MB /   0.50 sec =  291.7743 Mbps     0 retrans
[2024-11-01T17:02:59.409729-0700]    12.8125 MB /   0.50 sec =  214.9069 Mbps     0 retrans
[2024-11-01T17:02:59.909517-0700]    21.1875 MB /   0.50 sec =  355.5611 Mbps     0 retrans
[2024-11-01T17:03:00.409525-0700]    12.8750 MB /   0.50 sec =  216.0092 Mbps     0 retrans
[2024-11-01T17:03:00.909538-0700]    22.3125 MB /   0.50 sec =  374.3356 Mbps     0 retrans
[2024-11-01T17:03:01.409590-0700]    17.6875 MB /   0.50 sec =  296.7328 Mbps     0 retrans
[2024-11-01T17:03:01.910538-0700]    12.8125 MB /   0.50 sec =  214.5526 Mbps     0 retrans
[2024-11-01T17:03:02.409597-0700]    20.0625 MB /   0.50 sec =  337.2431 Mbps     0 retrans
[2024-11-01T17:03:02.909558-0700]    18.1250 MB /   0.50 sec =  304.0585 Mbps     0 retrans
[2024-11-01T17:03:03.409735-0700]    20.0625 MB /   0.50 sec =  336.6319 Mbps     0 retrans
[2024-11-01T17:03:03.909928-0700]    11.7500 MB /   0.50 sec =  197.0271 Mbps     0 retrans
[2024-11-01T17:03:04.411582-0700]    14.6250 MB /   0.50 sec =  244.7305 Mbps     0 retrans
[2024-11-01T17:03:04.909493-0700]    18.5625 MB /   0.50 sec =  312.4118 Mbps     0 retrans
[2024-11-01T17:03:05.409596-0700]    15.4375 MB /   0.50 sec =  258.9744 Mbps     0 retrans
[2024-11-01T17:03:05.909749-0700]    10.4375 MB /   0.50 sec =  175.0583 Mbps     0 retrans
[2024-11-01T17:03:06.409613-0700]    10.9375 MB /   0.50 sec =  183.5371 Mbps     0 retrans
[2024-11-01T17:03:06.909745-0700]     8.8750 MB /   0.50 sec =  148.8704 Mbps     0 retrans
[2024-11-01T17:03:07.410663-0700]     0.0000 MB /   0.50 sec =    0.0000 Mbps     0 retrans
[2024-11-01T17:03:07.909859-0700]     0.0000 MB /   0.50 sec =    0.0000 Mbps     0 retrans
[2024-11-01T17:03:08.409643-0700]     4.1250 MB /   0.50 sec =   69.2163 Mbps     0 retrans
[2024-11-01T17:03:08.909783-0700]     0.1250 MB /   0.50 sec =    2.0966 Mbps     0 retrans
[2024-11-01T17:03:09.409721-0700]     0.0000 MB /   0.50 sec =    0.0000 Mbps     0 retrans
[2024-11-01T17:03:09.909496-0700]     2.8125 MB /   0.50 sec =   47.1933 Mbps     0 retrans
[2024-11-01T17:03:10.409579-0700]     1.0625 MB /   0.50 sec =   17.8250 Mbps     0 retrans
[2024-11-01T17:03:10.909507-0700]     1.9375 MB /   0.50 sec =   32.5066 Mbps     0 retrans
[2024-11-01T17:03:11.409544-0700]     1.5625 MB /   0.50 sec =   26.2152 Mbps     0 retrans
[2024-11-01T17:03:11.909693-0700]     1.0000 MB /   0.50 sec =   16.7746 Mbps     0 retrans
[2024-11-01T17:03:12.409550-0700]     1.6250 MB /   0.50 sec =   27.2662 Mbps     0 retrans
[2024-11-01T17:03:12.909596-0700]     1.5625 MB /   0.50 sec =   26.2116 Mbps     0 retrans
[2024-11-01T17:03:13.409556-0700]     1.7500 MB /   0.50 sec =   29.3629 Mbps     0 retrans
[2024-11-01T17:03:13.909916-0700]     1.0625 MB /   0.50 sec =   17.8197 Mbps     0 retrans
[2024-11-01T17:03:14.409563-0700]     1.5625 MB /   0.50 sec =   26.2234 Mbps     0 retrans
[2024-11-01T17:03:14.910188-0700]     0.6875 MB /   0.50 sec =   11.5252 Mbps     0 retrans
[2024-11-01T17:03:15.409535-0700]     1.6875 MB /   0.50 sec =   28.3343 Mbps     0 retrans
[2024-11-01T17:03:15.909545-0700]     1.3750 MB /   0.50 sec =   23.0681 Mbps     0 retrans
[2024-11-01T17:03:16.409750-0700]     1.3125 MB /   0.50 sec =   22.0128 Mbps     0 retrans
[2024-11-01T17:03:16.909502-0700]     2.1875 MB /   0.50 sec =   36.7143 Mbps     0 retrans
[2024-11-01T17:03:17.410646-0700]     2.0000 MB /   0.50 sec =   33.4819 Mbps     0 retrans
[2024-11-01T17:03:17.909502-0700]     2.6250 MB /   0.50 sec =   44.1357 Mbps     0 retrans
[2024-11-01T17:03:18.409724-0700]     2.5625 MB /   0.50 sec =   42.9907 Mbps     0 retrans
[2024-11-01T17:03:18.909506-0700]     2.4375 MB /   0.50 sec =   40.8952 Mbps     0 retrans
[2024-11-01T17:03:19.409621-0700]     2.0625 MB /   0.50 sec =   34.5989 Mbps     0 retrans
[2024-11-01T17:03:19.909576-0700]     1.8750 MB /   0.50 sec =   31.4570 Mbps     0 retrans
[2024-11-01T17:03:20.410689-0700]     1.2500 MB /   0.50 sec =   20.9273 Mbps     0 retrans
[2024-11-01T17:03:20.909575-0700]     2.0000 MB /   0.50 sec =   33.6254 Mbps     0 retrans
[2024-11-01T17:03:21.409538-0700]     1.3750 MB /   0.50 sec =   23.0713 Mbps     0 retrans
[2024-11-01T17:03:21.909519-0700]     1.5625 MB /   0.50 sec =   26.2141 Mbps     0 retrans
[2024-11-01T17:03:22.409718-0700]     2.0000 MB /   0.50 sec =   33.5543 Mbps     0 retrans
[2024-11-01T17:03:22.909552-0700]     1.8750 MB /   0.50 sec =   31.4550 Mbps     0 retrans
[2024-11-01T17:03:23.409605-0700]     1.5625 MB /   0.50 sec =   26.2128 Mbps     0 retrans
[2024-11-01T17:03:23.909427-0700]     2.1875 MB /   0.50 sec =   36.7071 Mbps     0 retrans
[2024-11-01T17:03:24.409593-0700]     2.0625 MB /   0.50 sec =   34.5995 Mbps     0 retrans
[2024-11-01T17:03:24.909606-0700]     2.2500 MB /   0.50 sec =   37.7521 Mbps     0 retrans
[2024-11-01T17:03:25.409526-0700]     2.6250 MB /   0.50 sec =   44.0394 Mbps     0 retrans
[2024-11-01T17:03:25.909508-0700]     2.6875 MB /   0.50 sec =   45.0886 Mbps     0 retrans
[2024-11-01T17:03:26.409541-0700]     1.1875 MB /   0.50 sec =   19.9227 Mbps     0 retrans
[2024-11-01T17:03:26.909483-0700]     3.0625 MB /   0.50 sec =   51.3818 Mbps     0 retrans
[2024-11-01T17:03:27.409542-0700]     2.7500 MB /   0.50 sec =   46.1357 Mbps     0 retrans
[2024-11-01T17:03:27.910660-0700]     1.1250 MB /   0.50 sec =   18.8323 Mbps     0 retrans
[2024-11-01T17:03:28.409695-0700]     3.6875 MB /   0.50 sec =   62.0054 Mbps     0 retrans
[2024-11-01T17:03:28.909504-0700]     2.5625 MB /   0.50 sec =   42.9918 Mbps     0 retrans
[2024-11-01T17:03:29.409648-0700]     3.3750 MB /   0.50 sec =   56.6213 Mbps     0 retrans
[2024-11-01T17:03:29.909498-0700]     3.6250 MB /   0.50 sec =   60.8201 Mbps     0 retrans
[2024-11-01T17:03:30.409499-0700]     4.5625 MB /   0.50 sec =   76.5451 Mbps     0 retrans
[2024-11-01T17:03:30.909514-0700]     4.4375 MB /   0.50 sec =   74.4492 Mbps     0 retrans
[2024-11-01T17:03:31.409547-0700]     4.5000 MB /   0.50 sec =   75.4931 Mbps     0 retrans
[2024-11-01T17:03:31.909527-0700]     4.0625 MB /   0.50 sec =   68.1600 Mbps     0 retrans
[2024-11-01T17:03:32.410693-0700]     2.5625 MB /   0.50 sec =   42.8972 Mbps     0 retrans
[2024-11-01T17:03:32.909522-0700]     1.8750 MB /   0.50 sec =   31.5257 Mbps     0 retrans
[2024-11-01T17:03:33.410705-0700]     1.9375 MB /   0.50 sec =   32.4335 Mbps     0 retrans
[2024-11-01T17:03:33.910646-0700]     3.2500 MB /   0.50 sec =   54.5357 Mbps     0 retrans
[2024-11-01T17:03:34.409748-0700]     3.8125 MB /   0.50 sec =   64.0728 Mbps     0 retrans
[2024-11-01T17:03:34.909797-0700]     2.5625 MB /   0.50 sec =   42.9911 Mbps     0 retrans
[2024-11-01T17:03:35.409818-0700]     1.6250 MB /   0.50 sec =   27.2617 Mbps     0 retrans
[2024-11-01T17:03:35.910086-0700]     1.3125 MB /   0.50 sec =   22.0132 Mbps     0 retrans
[2024-11-01T17:03:36.409810-0700]     2.4375 MB /   0.50 sec =   40.9022 Mbps     0 retrans
[2024-11-01T17:03:36.910589-0700]     1.8750 MB /   0.50 sec =   31.4092 Mbps     0 retrans
[2024-11-01T17:03:37.409523-0700]     2.4375 MB /   0.50 sec =   40.9802 Mbps     0 retrans
[2024-11-01T17:03:37.909560-0700]     2.7500 MB /   0.50 sec =   46.1357 Mbps     0 retrans
[2024-11-01T17:03:38.409572-0700]     2.5000 MB /   0.50 sec =   41.9422 Mbps     0 retrans
[2024-11-01T17:03:38.909659-0700]     2.5625 MB /   0.50 sec =   42.9823 Mbps     0 retrans
[2024-11-01T17:03:39.409760-0700]     3.5625 MB /   0.50 sec =   59.7841 Mbps     0 retrans
[2024-11-01T17:03:39.909499-0700]     3.3750 MB /   0.50 sec =   56.6251 Mbps     0 retrans
[2024-11-01T17:03:40.409518-0700]     3.8750 MB /   0.50 sec =   65.0105 Mbps     0 retrans
[2024-11-01T17:03:40.909619-0700]     4.0000 MB /   0.50 sec =   67.1142 Mbps     0 retrans
[2024-11-01T17:03:41.410195-0700]     3.0625 MB /   0.50 sec =   51.3374 Mbps     0 retrans
[2024-11-01T17:03:41.909914-0700]     4.3750 MB /   0.50 sec =   73.4006 Mbps     0 retrans
[2024-11-01T17:03:42.409621-0700]     4.6250 MB /   0.50 sec =   77.6411 Mbps     0 retrans
[2024-11-01T17:03:42.909509-0700]     4.8750 MB /   0.50 sec =   81.8027 Mbps     0 retrans
[2024-11-01T17:03:43.409537-0700]     5.4375 MB /   0.50 sec =   91.2241 Mbps     0 retrans
[2024-11-01T17:03:43.910522-0700]     6.1875 MB /   0.50 sec =  103.6161 Mbps     0 retrans
[2024-11-01T17:03:44.409764-0700]     8.4375 MB /   0.50 sec =  141.8196 Mbps     0 retrans
[2024-11-01T17:03:44.909424-0700]     8.5000 MB /   0.50 sec =  142.6192 Mbps     0 retrans
[2024-11-01T17:03:45.410000-0700]     9.9375 MB /   0.50 sec =  166.5624 Mbps     0 retrans
[2024-11-01T17:03:45.909413-0700]    11.1250 MB /   0.50 sec =  186.8285 Mbps     0 retrans
[2024-11-01T17:03:46.409783-0700]    12.1250 MB /   0.50 sec =  203.3001 Mbps     0 retrans
[2024-11-01T17:03:46.909502-0700]    14.3125 MB /   0.50 sec =  240.2570 Mbps     0 retrans
[2024-11-01T17:03:47.409566-0700]    13.8750 MB /   0.50 sec =  232.7727 Mbps     0 retrans
[2024-11-01T17:03:47.909513-0700]    13.6250 MB /   0.50 sec =  228.5951 Mbps     0 retrans
[2024-11-01T17:03:48.409561-0700]    12.9375 MB /   0.50 sec =  217.0518 Mbps     0 retrans
[2024-11-01T17:03:48.909491-0700]    14.2500 MB /   0.50 sec =  239.0839 Mbps     0 retrans
[2024-11-01T17:03:49.409592-0700]    15.1875 MB /   0.50 sec =  254.7928 Mbps     0 retrans
[2024-11-01T17:03:49.909469-0700]    13.8125 MB /   0.50 sec =  231.7450 Mbps     0 retrans
[2024-11-01T17:03:50.409521-0700]    15.3125 MB /   0.50 sec =  256.8950 Mbps     0 retrans
[2024-11-01T17:03:50.909536-0700]    16.8750 MB /   0.50 sec =  283.1229 Mbps     0 retrans
[2024-11-01T17:03:51.409607-0700]    15.2500 MB /   0.50 sec =  255.8658 Mbps     0 retrans
[2024-11-01T17:03:51.909640-0700]     8.1250 MB /   0.50 sec =  136.2759 Mbps     0 retrans
[2024-11-01T17:03:52.409679-0700]    19.1875 MB /   0.50 sec =  322.0011 Mbps     0 retrans
[2024-11-01T17:03:52.909563-0700]    20.9375 MB /   0.50 sec =  351.2561 Mbps     0 retrans
[2024-11-01T17:03:53.409568-0700]    21.8125 MB /   0.50 sec =  365.9077 Mbps     0 retrans
[2024-11-01T17:03:53.909527-0700]    19.1250 MB /   0.50 sec =  320.9021 Mbps     0 retrans
[2024-11-01T17:03:54.409551-0700]    23.0625 MB /   0.50 sec =  386.9230 Mbps     0 retrans
[2024-11-01T17:03:54.910539-0700]    23.3125 MB /   0.50 sec =  390.7047 Mbps     0 retrans
[2024-11-01T17:03:55.409571-0700]    24.5000 MB /   0.50 sec =  411.4689 Mbps     0 retrans
[2024-11-01T17:03:55.909513-0700]    21.2500 MB /   0.50 sec =  356.5187 Mbps     0 retrans
[2024-11-01T17:03:56.409522-0700]    24.9375 MB /   0.50 sec =  418.3852 Mbps     0 retrans
[2024-11-01T17:03:56.909591-0700]    23.6250 MB /   0.50 sec =  396.3982 Mbps     0 retrans
[2024-11-01T17:03:57.409671-0700]    19.0625 MB /   0.50 sec =  319.7242 Mbps     0 retrans
[2024-11-01T17:03:57.909483-0700]    22.0625 MB /   0.50 sec =  370.2317 Mbps     0 retrans
[2024-11-01T17:03:58.409599-0700]    20.1875 MB /   0.50 sec =  338.6555 Mbps     0 retrans
[2024-11-01T17:03:58.909525-0700]    21.7500 MB /   0.50 sec =  364.9329 Mbps     0 retrans
[2024-11-01T17:03:59.409527-0700]    22.0625 MB /   0.50 sec =  370.1407 Mbps     0 retrans
[2024-11-01T17:03:59.909673-0700]    24.9375 MB /   0.50 sec =  418.3919 Mbps     0 retrans
[2024-11-01T17:04:00.409571-0700]    24.6875 MB /   0.50 sec =  414.1718 Mbps     0 retrans
[2024-11-01T17:04:00.909504-0700]    24.6250 MB /   0.50 sec =  413.1555 Mbps     0 retrans
[2024-11-01T17:04:01.409448-0700]    28.0000 MB /   0.50 sec =  469.7846 Mbps     0 retrans
[2024-11-01T17:04:01.909616-0700]    26.6875 MB /   0.50 sec =  447.6327 Mbps     0 retrans
[2024-11-01T17:04:02.409410-0700]    11.3125 MB /   0.50 sec =  189.8409 Mbps     0 retrans
[2024-11-01T17:04:02.910509-0700]    23.9375 MB /   0.50 sec =  400.8398 Mbps     0 retrans
[2024-11-01T17:04:03.409535-0700]    26.8125 MB /   0.50 sec =  450.6710 Mbps     0 retrans
[2024-11-01T17:04:03.909496-0700]    23.2500 MB /   0.50 sec =  390.0711 Mbps     0 retrans
[2024-11-01T17:04:04.409744-0700]    24.0625 MB /   0.50 sec =  403.6929 Mbps     0 retrans
[2024-11-01T17:04:04.909484-0700]    27.7500 MB /   0.50 sec =  465.5826 Mbps     0 retrans
[2024-11-01T17:04:05.409492-0700]    29.9375 MB /   0.50 sec =  502.2679 Mbps     0 retrans
[2024-11-01T17:04:05.909525-0700]    29.4375 MB /   0.50 sec =  493.8744 Mbps     0 retrans
[2024-11-01T17:04:06.409503-0700]    29.9375 MB /   0.50 sec =  502.2749 Mbps     0 retrans
[2024-11-01T17:04:06.909677-0700]    32.5000 MB /   0.50 sec =  545.2541 Mbps     0 retrans
[2024-11-01T17:04:07.409577-0700]    35.3750 MB /   0.50 sec =  593.4632 Mbps     0 retrans
[2024-11-01T17:04:07.909420-0700]    41.1250 MB /   0.50 sec =  690.0279 Mbps     0 retrans
[2024-11-01T17:04:08.409528-0700]    39.5000 MB /   0.50 sec =  662.6709 Mbps     0 retrans
[2024-11-01T17:04:08.909513-0700]    44.7500 MB /   0.50 sec =  750.7639 Mbps     0 retrans
[2024-11-01T17:04:09.409508-0700]    47.1250 MB /   0.50 sec =  790.6405 Mbps     0 retrans
[2024-11-01T17:04:09.909504-0700]    52.1875 MB /   0.50 sec =  875.5750 Mbps     0 retrans
[2024-11-01T17:04:10.409535-0700]    47.6250 MB /   0.50 sec =  799.0037 Mbps     0 retrans
[2024-11-01T17:04:10.909503-0700]    45.8125 MB /   0.50 sec =  768.6108 Mbps     0 retrans
[2024-11-01T17:04:11.409516-0700]    48.9375 MB /   0.50 sec =  821.0284 Mbps     0 retrans
[2024-11-01T17:04:11.909512-0700]    47.3125 MB /   0.50 sec =  793.7816 Mbps     0 retrans
[2024-11-01T17:04:12.409568-0700]    45.1875 MB /   0.50 sec =  758.0992 Mbps     0 retrans
[2024-11-01T17:04:12.909504-0700]    42.9375 MB /   0.50 sec =  720.3861 Mbps     0 retrans
[2024-11-01T17:04:13.409610-0700]    46.5625 MB /   0.50 sec =  781.2266 Mbps     0 retrans
[2024-11-01T17:04:13.909506-0700]    45.1250 MB /   0.50 sec =  757.0219 Mbps     0 retrans
[2024-11-01T17:04:14.409786-0700]    44.0625 MB /   0.50 sec =  739.2993 Mbps     0 retrans
[2024-11-01T17:04:14.909597-0700]    46.5000 MB /   0.50 sec =  780.0891 Mbps     0 retrans
[2024-11-01T17:04:15.409555-0700]    43.4375 MB /   0.50 sec =  728.7501 Mbps     0 retrans
[2024-11-01T17:04:15.909493-0700]    46.0625 MB /   0.50 sec =  772.8175 Mbps     0 retrans
[2024-11-01T17:04:16.409547-0700]    44.0625 MB /   0.50 sec =  739.2579 Mbps     0 retrans
[2024-11-01T17:04:16.909532-0700]    18.9375 MB /   0.50 sec =  317.7109 Mbps     0 retrans
[2024-11-01T17:04:17.409592-0700]    45.5000 MB /   0.50 sec =  763.2794 Mbps     0 retrans
[2024-11-01T17:04:17.909724-0700]    46.7500 MB /   0.50 sec =  784.3709 Mbps     0 retrans
[2024-11-01T17:04:18.409666-0700]    45.5000 MB /   0.50 sec =  763.2015 Mbps     0 retrans
[2024-11-01T17:04:18.909610-0700]    50.1250 MB /   0.50 sec =  841.2625 Mbps     0 retrans
[2024-11-01T17:04:19.409520-0700]    48.6875 MB /   0.50 sec =  816.7852 Mbps     0 retrans
[2024-11-01T17:04:19.909922-0700]    20.5625 MB /   0.50 sec =  344.7981 Mbps     0 retrans
[2024-11-01T17:04:20.410188-0700]    32.1250 MB /   0.50 sec =  538.6040 Mbps     0 retrans
[2024-11-01T17:04:20.909501-0700]    42.8750 MB /   0.50 sec =  720.1874 Mbps     0 retrans
[2024-11-01T17:04:21.409808-0700]    44.7500 MB /   0.50 sec =  750.7294 Mbps     0 retrans
[2024-11-01T17:04:21.909521-0700]    44.0625 MB /   0.50 sec =  739.3082 Mbps     0 retrans
[2024-11-01T17:04:22.409506-0700]    49.3750 MB /   0.50 sec =  828.3684 Mbps     0 retrans
[2024-11-01T17:04:22.909501-0700]    40.1875 MB /   0.50 sec =  674.2303 Mbps     0 retrans
[2024-11-01T17:04:23.409554-0700]    46.1875 MB /   0.50 sec =  774.8744 Mbps     0 retrans
[2024-11-01T17:04:23.909527-0700]    31.8125 MB /   0.50 sec =  533.7113 Mbps     0 retrans
[2024-11-01T17:04:24.409624-0700]    33.8125 MB /   0.50 sec =  567.3375 Mbps     0 retrans
[2024-11-01T17:04:24.909532-0700]    36.5000 MB /   0.50 sec =  612.3243 Mbps     0 retrans
[2024-11-01T17:04:25.409757-0700]    46.5625 MB /   0.50 sec =  780.9767 Mbps     0 retrans
[2024-11-01T17:04:25.910082-0700]    47.3750 MB /   0.50 sec =  794.5266 Mbps     0 retrans
[2024-11-01T17:04:26.409511-0700]    44.4375 MB /   0.50 sec =  746.0329 Mbps     0 retrans
[2024-11-01T17:04:26.909526-0700]    44.6250 MB /   0.50 sec =  748.6833 Mbps     0 retrans
[2024-11-01T17:04:27.409545-0700]    41.7500 MB /   0.50 sec =  700.4404 Mbps     0 retrans
[2024-11-01T17:04:27.909509-0700]    47.2500 MB /   0.50 sec =  792.7298 Mbps     0 retrans
[2024-11-01T17:04:28.409609-0700]    38.1250 MB /   0.50 sec =  639.5393 Mbps     0 retrans
[2024-11-01T17:04:28.909519-0700]    40.0000 MB /   0.50 sec =  671.1786 Mbps     0 retrans
[2024-11-01T17:04:29.409566-0700]    41.5000 MB /   0.50 sec =  696.2419 Mbps     0 retrans
[2024-11-01T17:04:29.909483-0700]    36.0000 MB /   0.50 sec =  604.0148 Mbps     0 retrans
[2024-11-01T17:04:30.410166-0700]    35.5000 MB /   0.50 sec =  595.1353 Mbps     0 retrans
[2024-11-01T17:04:30.909802-0700]    34.9375 MB /   0.50 sec =  586.3580 Mbps     0 retrans
[2024-11-01T17:04:31.409689-0700]    37.5000 MB /   0.50 sec =  629.2752 Mbps     0 retrans
[2024-11-01T17:04:31.909488-0700]    38.0000 MB /   0.50 sec =  637.6592 Mbps     0 retrans
[2024-11-01T17:04:32.409599-0700]    43.0000 MB /   0.50 sec =  721.3626 Mbps     0 retrans
[2024-11-01T17:04:32.909491-0700]    44.3750 MB /   0.50 sec =  744.5589 Mbps     0 retrans
[2024-11-01T17:04:33.409548-0700]    45.6250 MB /   0.50 sec =  765.4421 Mbps     0 retrans
[2024-11-01T17:04:33.909494-0700]    44.6250 MB /   0.50 sec =  748.6967 Mbps     0 retrans
[2024-11-01T17:04:34.409529-0700]    19.0000 MB /   0.50 sec =  318.7601 Mbps     0 retrans
[2024-11-01T17:04:34.909548-0700]    48.3125 MB /   0.50 sec =  810.5590 Mbps     0 retrans
[2024-11-01T17:04:35.409602-0700]    51.4375 MB /   0.50 sec =  862.9642 Mbps     0 retrans
[2024-11-01T17:04:35.909496-0700]    46.9375 MB /   0.50 sec =  787.4995 Mbps     0 retrans
[2024-11-01T17:04:36.409817-0700]    45.0000 MB /   0.50 sec =  754.4873 Mbps     0 retrans
[2024-11-01T17:04:36.909837-0700]    32.8750 MB /   0.50 sec =  551.5300 Mbps     0 retrans
[2024-11-01T17:04:37.409523-0700]    39.8750 MB /   0.50 sec =  669.4253 Mbps     0 retrans
[2024-11-01T17:04:37.910662-0700]    32.7500 MB /   0.50 sec =  548.4162 Mbps     0 retrans
[2024-11-01T17:04:38.409512-0700]    15.0625 MB /   0.50 sec =  253.1909 Mbps     0 retrans
[2024-11-01T17:04:38.909636-0700]    26.3125 MB /   0.50 sec =  441.3455 Mbps     0 retrans
[2024-11-01T17:04:39.409628-0700]    27.4375 MB /   0.50 sec =  460.3562 Mbps     0 retrans
[2024-11-01T17:04:39.909475-0700]    34.3125 MB /   0.50 sec =  575.7788 Mbps     0 retrans
[2024-11-01T17:04:40.409536-0700]    35.5625 MB /   0.50 sec =  596.6147 Mbps     0 retrans
[2024-11-01T17:04:40.909679-0700]    30.8125 MB /   0.50 sec =  516.9914 Mbps     0 retrans
[2024-11-01T17:04:41.409516-0700]    27.0000 MB /   0.50 sec =  452.9595 Mbps     0 retrans
[2024-11-01T17:04:41.909529-0700]    39.5000 MB /   0.50 sec =  662.6947 Mbps     0 retrans
[2024-11-01T17:04:42.409548-0700]    33.4375 MB /   0.50 sec =  560.9736 Mbps     0 retrans
[2024-11-01T17:04:42.909616-0700]    34.0000 MB /   0.50 sec =  570.4767 Mbps     0 retrans
[2024-11-01T17:04:43.409513-0700]    39.9375 MB /   0.50 sec =  670.0039 Mbps     0 retrans
[2024-11-01T17:04:43.909477-0700]    39.1250 MB /   0.50 sec =  656.4178 Mbps     0 retrans
[2024-11-01T17:04:44.409567-0700]    26.6875 MB /   0.50 sec =  447.7249 Mbps     0 retrans
[2024-11-01T17:04:44.909636-0700]    21.3125 MB /   0.50 sec =  357.5680 Mbps     0 retrans
[2024-11-01T17:04:45.409505-0700]    23.9375 MB /   0.50 sec =  401.6102 Mbps     0 retrans
[2024-11-01T17:04:45.909509-0700]    16.7500 MB /   0.50 sec =  281.0172 Mbps     0 retrans
[2024-11-01T17:04:46.410087-0700]    10.3125 MB /   0.50 sec =  172.9794 Mbps     0 retrans
End time: 1730505886556
