Start time: 1745264837264
Connecting to host 34.86.116.81, port 5209
Reverse mode, remote host 34.86.116.81 is sending
[  5] local 192.0.0.2 port 54528 connected to 34.86.116.81 port 5209
[ ID] Interval           Transfer     Bitrate
[  5]   0.00-0.10   sec  30.6 KBytes  2.51 Mbits/sec                  
[  5]   0.10-0.20   sec  46.6 KBytes  3.82 Mbits/sec                  
[  5]   0.20-0.30   sec   115 KBytes  9.39 Mbits/sec                  
[  5]   0.30-0.40   sec   111 KBytes  9.06 Mbits/sec                  
[  5]   0.40-0.50   sec   225 KBytes  18.4 Mbits/sec                  
[  5]   0.50-0.60   sec   112 KBytes  9.17 Mbits/sec                  
[  5]   0.60-0.70   sec   324 KBytes  26.5 Mbits/sec                  
[  5]   0.70-0.80   sec   677 KBytes  55.5 Mbits/sec                  
[  5]   0.80-0.90   sec   546 KBytes  44.7 Mbits/sec                  
[  5]   0.90-1.00   sec   437 KBytes  35.8 Mbits/sec                  
[  5]   1.00-1.10   sec   741 KBytes  60.6 Mbits/sec                  
[  5]   1.10-1.20   sec   461 KBytes  37.0 Mbits/sec                  
[  5]   1.20-1.30   sec   388 KBytes  32.4 Mbits/sec                  
[  5]   1.30-1.40   sec   500 KBytes  40.9 Mbits/sec                  
[  5]   1.40-1.50   sec   650 KBytes  53.1 Mbits/sec                  
[  5]   1.50-1.60   sec   657 KBytes  54.0 Mbits/sec                  
[  5]   1.60-1.70   sec   521 KBytes  42.6 Mbits/sec                  
[  5]   1.70-1.80   sec   701 KBytes  57.5 Mbits/sec                  
[  5]   1.80-1.90   sec   474 KBytes  38.8 Mbits/sec                  
[  5]   1.90-2.00   sec   360 KBytes  29.5 Mbits/sec                  
[  5]   2.00-2.10   sec   677 KBytes  55.4 Mbits/sec                  
[  5]   2.10-2.20   sec   326 KBytes  26.8 Mbits/sec                  
[  5]   2.20-2.30   sec   310 KBytes  25.4 Mbits/sec                  
[  5]   2.30-2.40   sec   750 KBytes  61.5 Mbits/sec                  
[  5]   2.40-2.50   sec   903 KBytes  74.0 Mbits/sec                  
[  5]   2.50-2.60   sec   771 KBytes  63.2 Mbits/sec                  
[  5]   2.60-2.70   sec   697 KBytes  57.0 Mbits/sec                  
[  5]   2.70-2.80   sec   714 KBytes  58.5 Mbits/sec                  
[  5]   2.80-2.90   sec   725 KBytes  59.4 Mbits/sec                  
[  5]   2.90-3.00   sec   710 KBytes  58.2 Mbits/sec                  
[  5]   3.00-3.10   sec   742 KBytes  60.8 Mbits/sec                  
[  5]   3.10-3.20   sec   745 KBytes  61.0 Mbits/sec                  
[  5]   3.20-3.30   sec   775 KBytes  63.5 Mbits/sec                  
[  5]   3.30-3.40   sec   679 KBytes  55.6 Mbits/sec                  
[  5]   3.40-3.50   sec   635 KBytes  52.0 Mbits/sec                  
[  5]   3.50-3.60   sec   537 KBytes  44.0 Mbits/sec                  
[  5]   3.60-3.70   sec   931 KBytes  76.3 Mbits/sec                  
[  5]   3.70-3.80   sec   629 KBytes  51.5 Mbits/sec                  
[  5]   3.80-3.90   sec   651 KBytes  53.3 Mbits/sec                  
[  5]   3.90-4.01   sec   856 KBytes  66.1 Mbits/sec                  
[  5]   4.01-4.10   sec   570 KBytes  49.8 Mbits/sec                  
[  5]   4.10-4.20   sec   766 KBytes  62.7 Mbits/sec                  
[  5]   4.20-4.30   sec   767 KBytes  62.9 Mbits/sec                  
[  5]   4.30-4.40   sec   562 KBytes  46.1 Mbits/sec                  
[  5]   4.40-4.50   sec   615 KBytes  50.4 Mbits/sec                  
[  5]   4.50-4.60   sec   631 KBytes  51.8 Mbits/sec                  
[  5]   4.60-4.70   sec   622 KBytes  50.9 Mbits/sec                  
[  5]   4.70-4.80   sec   669 KBytes  54.8 Mbits/sec                  
[  5]   4.80-4.90   sec   657 KBytes  53.8 Mbits/sec                  
[  5]   4.90-5.00   sec   686 KBytes  56.2 Mbits/sec                  
- - - - - - - - - - - - - - - - - - - - - - - - -
[ ID] Interval           Transfer     Bitrate         Retr
[  5]   0.00-5.11   sec   305 MBytes   500 Mbits/sec    0             sender
[  5]   0.00-5.00   sec  27.7 MBytes  46.5 Mbits/sec                  receiver

iperf Done.
End time: 1745264843717
