Start time: 1745100644491
Connecting to host 34.86.116.81, port 5207
Reverse mode, remote host 34.86.116.81 is sending
[  5] local 192.0.0.2 port 36192 connected to 34.86.116.81 port 5207
[ ID] Interval           Transfer     Bitrate
[  5]   0.00-0.10   sec  30.6 KBytes  2.50 Mbits/sec                  
[  5]   0.10-0.20   sec  89.2 KBytes  7.31 Mbits/sec                  
[  5]   0.20-0.30   sec   380 KBytes  31.1 Mbits/sec                  
[  5]   0.30-0.40   sec  1004 KBytes  82.3 Mbits/sec                  
[  5]   0.40-0.50   sec  3.53 MBytes   296 Mbits/sec                  
[  5]   0.50-0.60   sec  4.24 MBytes   355 Mbits/sec                  
[  5]   0.60-0.70   sec  0.00 Bytes  0.00 bits/sec                  
[  5]   0.70-0.80   sec  5.87 MBytes   492 Mbits/sec                  
[  5]   0.80-0.90   sec  6.55 MBytes   549 Mbits/sec                  
[  5]   0.90-1.00   sec  4.94 MBytes   416 Mbits/sec                  
[  5]   1.00-1.10   sec  4.93 MBytes   414 Mbits/sec                  
[  5]   1.10-1.20   sec  7.00 MBytes   587 Mbits/sec                  
[  5]   1.20-1.30   sec  3.92 MBytes   329 Mbits/sec                  
[  5]   1.30-1.40   sec  4.43 MBytes   372 Mbits/sec                  
[  5]   1.40-1.50   sec  1.77 MBytes   148 Mbits/sec                  
[  5]   1.50-1.60   sec  6.44 MBytes   540 Mbits/sec                  
[  5]   1.60-1.70   sec  3.39 MBytes   285 Mbits/sec                  
[  5]   1.70-1.80   sec  3.71 MBytes   311 Mbits/sec                  
[  5]   1.80-1.90   sec  4.09 MBytes   343 Mbits/sec                  
[  5]   1.90-2.00   sec  4.06 MBytes   340 Mbits/sec                  
[  5]   2.00-2.10   sec  4.33 MBytes   363 Mbits/sec                  
[  5]   2.10-2.20   sec  4.23 MBytes   356 Mbits/sec                  
[  5]   2.20-2.30   sec  4.30 MBytes   361 Mbits/sec                  
[  5]   2.30-2.40   sec  4.26 MBytes   358 Mbits/sec                  
[  5]   2.40-2.50   sec  4.35 MBytes   365 Mbits/sec                  
[  5]   2.50-2.60   sec  4.30 MBytes   360 Mbits/sec                  
[  5]   2.60-2.70   sec  4.56 MBytes   383 Mbits/sec                  
[  5]   2.70-2.80   sec  3.93 MBytes   330 Mbits/sec                  
[  5]   2.80-2.90   sec  3.47 MBytes   292 Mbits/sec                  
[  5]   2.90-3.00   sec  3.88 MBytes   325 Mbits/sec                  
[  5]   3.00-3.10   sec  4.32 MBytes   362 Mbits/sec                  
[  5]   3.10-3.20   sec  4.36 MBytes   367 Mbits/sec                  
[  5]   3.20-3.30   sec  3.98 MBytes   334 Mbits/sec                  
[  5]   3.30-3.40   sec  3.80 MBytes   319 Mbits/sec                  
[  5]   3.40-3.50   sec  4.06 MBytes   339 Mbits/sec                  
[  5]   3.50-3.60   sec  4.49 MBytes   379 Mbits/sec                  
[  5]   3.60-3.70   sec  4.44 MBytes   372 Mbits/sec                  
[  5]   3.70-3.80   sec  3.56 MBytes   298 Mbits/sec                  
[  5]   3.80-3.90   sec  4.34 MBytes   365 Mbits/sec                  
[  5]   3.90-4.00   sec  2.56 MBytes   215 Mbits/sec                  
[  5]   4.00-4.10   sec  5.59 MBytes   469 Mbits/sec                  
[  5]   4.10-4.20   sec  5.64 MBytes   472 Mbits/sec                  
[  5]   4.20-4.30   sec  3.93 MBytes   330 Mbits/sec                  
[  5]   4.30-4.40   sec  3.77 MBytes   317 Mbits/sec                  
[  5]   4.40-4.50   sec  4.50 MBytes   377 Mbits/sec                  
[  5]   4.50-4.60   sec  4.77 MBytes   401 Mbits/sec                  
[  5]   4.60-4.70   sec  3.57 MBytes   299 Mbits/sec                  
[  5]   4.70-4.80   sec  2.99 MBytes   251 Mbits/sec                  
[  5]   4.80-4.90   sec  3.06 MBytes   257 Mbits/sec                  
[  5]   4.90-5.00   sec  2.81 MBytes   236 Mbits/sec                  
- - - - - - - - - - - - - - - - - - - - - - - - -
[ ID] Interval           Transfer     Bitrate         Retr
[  5]   0.00-5.04   sec   474 MBytes   789 Mbits/sec    0             sender
[  5]   0.00-5.00   sec   193 MBytes   323 Mbits/sec                  receiver

iperf Done.
End time: 1745100650148
