Start time: 1745265083383
Connecting to host 34.86.116.81, port 5209
Reverse mode, remote host 34.86.116.81 is sending
[  5] local 192.0.0.2 port 38578 connected to 34.86.116.81 port 5209
[ ID] Interval           Transfer     Bitrate
[  5]   0.00-0.10   sec  48.0 KBytes  3.93 Mbits/sec                  
[  5]   0.10-0.20   sec   139 KBytes  11.3 Mbits/sec                  
[  5]   0.20-0.30   sec   293 KBytes  24.0 Mbits/sec                  
[  5]   0.30-0.40   sec  1.16 MBytes  97.0 Mbits/sec                  
[  5]   0.40-0.50   sec  1.82 MBytes   152 Mbits/sec                  
[  5]   0.50-0.60   sec  1.46 MBytes   122 Mbits/sec                  
[  5]   0.60-0.70   sec  3.54 MBytes   297 Mbits/sec                  
[  5]   0.70-0.80   sec  3.14 MBytes   261 Mbits/sec                  
[  5]   0.80-0.90   sec  4.67 MBytes   395 Mbits/sec                  
[  5]   0.90-1.00   sec  5.70 MBytes   478 Mbits/sec                  
[  5]   1.00-1.10   sec  5.86 MBytes   492 Mbits/sec                  
[  5]   1.10-1.20   sec  5.51 MBytes   462 Mbits/sec                  
[  5]   1.20-1.30   sec  5.33 MBytes   447 Mbits/sec                  
[  5]   1.30-1.40   sec  6.74 MBytes   566 Mbits/sec                  
[  5]   1.40-1.50   sec  5.23 MBytes   438 Mbits/sec                  
[  5]   1.50-1.60   sec  4.49 MBytes   377 Mbits/sec                  
[  5]   1.60-1.70   sec  5.98 MBytes   501 Mbits/sec                  
[  5]   1.70-1.80   sec  4.76 MBytes   399 Mbits/sec                  
[  5]   1.80-1.90   sec  3.68 MBytes   309 Mbits/sec                  
[  5]   1.90-2.00   sec  7.01 MBytes   588 Mbits/sec                  
[  5]   2.00-2.10   sec  4.56 MBytes   382 Mbits/sec                  
[  5]   2.10-2.20   sec  4.09 MBytes   343 Mbits/sec                  
[  5]   2.20-2.30   sec  2.53 MBytes   212 Mbits/sec                  
[  5]   2.30-2.40   sec  5.21 MBytes   437 Mbits/sec                  
[  5]   2.40-2.50   sec  3.36 MBytes   282 Mbits/sec                  
[  5]   2.50-2.60   sec  5.39 MBytes   452 Mbits/sec                  
[  5]   2.60-2.70   sec  4.19 MBytes   352 Mbits/sec                  
[  5]   2.70-2.80   sec  4.37 MBytes   367 Mbits/sec                  
[  5]   2.80-2.90   sec  2.54 MBytes   213 Mbits/sec                  
[  5]   2.90-3.00   sec  4.32 MBytes   362 Mbits/sec                  
[  5]   3.00-3.10   sec  4.34 MBytes   364 Mbits/sec                  
[  5]   3.10-3.20   sec  3.67 MBytes   307 Mbits/sec                  
[  5]   3.20-3.30   sec  4.97 MBytes   417 Mbits/sec                  
[  5]   3.30-3.40   sec  4.24 MBytes   356 Mbits/sec                  
[  5]   3.40-3.50   sec  2.87 MBytes   240 Mbits/sec                  
[  5]   3.50-3.60   sec  7.40 MBytes   621 Mbits/sec                  
[  5]   3.60-3.70   sec  7.40 MBytes   621 Mbits/sec                  
[  5]   3.70-3.80   sec  3.54 MBytes   297 Mbits/sec                  
[  5]   3.80-3.90   sec  4.70 MBytes   394 Mbits/sec                  
[  5]   3.90-4.00   sec  5.69 MBytes   477 Mbits/sec                  
[  5]   4.00-4.10   sec  4.15 MBytes   348 Mbits/sec                  
[  5]   4.10-4.20   sec  3.89 MBytes   327 Mbits/sec                  
[  5]   4.20-4.30   sec  5.69 MBytes   477 Mbits/sec                  
[  5]   4.30-4.40   sec  3.14 MBytes   255 Mbits/sec                  
[  5]   4.40-4.50   sec  5.05 MBytes   436 Mbits/sec                  
[  5]   4.50-4.60   sec  2.63 MBytes   221 Mbits/sec                  
[  5]   4.60-4.70   sec  3.01 MBytes   252 Mbits/sec                  
[  5]   4.70-4.80   sec  2.59 MBytes   217 Mbits/sec                  
[  5]   4.80-4.90   sec  2.21 MBytes   185 Mbits/sec                  
[  5]   4.90-5.00   sec  3.05 MBytes   257 Mbits/sec                  
- - - - - - - - - - - - - - - - - - - - - - - - -
[ ID] Interval           Transfer     Bitrate         Retr
[  5]   0.00-5.07   sec   481 MBytes   796 Mbits/sec    0             sender
[  5]   0.00-5.00   sec   201 MBytes   338 Mbits/sec                  receiver

iperf Done.
End time: 1745265089773
