Start time: 1730507518443
[2024-11-01T17:31:59.294668-0700] nuttcp-r: v8.1.4: socket
[2024-11-01T17:31:59.295267-0700] nuttcp-r: buflen=65536, nstream=1, port=5110 tcp
[2024-11-01T17:31:59.295304-0700] nuttcp-r: interval reporting every 0.50 seconds
[2024-11-01T17:31:59.295335-0700] nuttcp-r: connect to 54.176.53.206 with RTT=45.751 ms af=inet
[2024-11-01T17:31:59.295362-0700] nuttcp-r: send window size = 2097152, receive window size = 6291456
[2024-11-01T17:31:59.295389-0700] nuttcp-r: available send window = 1572864, available receive window = 4718592
[2024-11-01T17:31:59.295418-0700]     0.3125 MB /   0.50 sec =    5.2424 Mbps     0 retrans
[2024-11-01T17:31:59.794897-0700]     4.8750 MB /   0.50 sec =   81.7870 Mbps     0 retrans
[2024-11-01T17:32:00.294338-0700]    10.1875 MB /   0.50 sec =  170.9199 Mbps     0 retrans
[2024-11-01T17:32:00.794842-0700]    13.4375 MB /   0.50 sec =  225.4474 Mbps     0 retrans
[2024-11-01T17:32:01.294507-0700]    13.3125 MB /   0.50 sec =  223.2837 Mbps     0 retrans
[2024-11-01T17:32:01.794285-0700]    11.4375 MB /   0.50 sec =  191.9458 Mbps     0 retrans
[2024-11-01T17:32:02.294312-0700]    12.0625 MB /   0.50 sec =  202.3703 Mbps     0 retrans
[2024-11-01T17:32:02.795542-0700]     7.5625 MB /   0.50 sec =  126.5838 Mbps     0 retrans
[2024-11-01T17:32:03.294506-0700]    10.9375 MB /   0.50 sec =  183.8766 Mbps     0 retrans
[2024-11-01T17:32:03.795376-0700]     6.3125 MB /   0.50 sec =  105.7210 Mbps     0 retrans
[2024-11-01T17:32:04.295384-0700]     9.8750 MB /   0.50 sec =  165.8153 Mbps     0 retrans
[2024-11-01T17:32:04.794464-0700]    13.6250 MB /   0.50 sec =  228.8092 Mbps     0 retrans
[2024-11-01T17:32:05.294321-0700]    11.8750 MB /   0.50 sec =  199.2721 Mbps     0 retrans
[2024-11-01T17:32:05.795462-0700]     6.1250 MB /   0.50 sec =  102.5392 Mbps     0 retrans
[2024-11-01T17:32:06.294771-0700]     9.5000 MB /   0.50 sec =  159.7276 Mbps     0 retrans
[2024-11-01T17:32:06.794348-0700]     9.9375 MB /   0.50 sec =  166.7256 Mbps     0 retrans
[2024-11-01T17:32:07.295022-0700]     5.6875 MB /   0.50 sec =   95.3491 Mbps     0 retrans
[2024-11-01T17:32:07.794792-0700]    11.3125 MB /   0.50 sec =  189.7589 Mbps     0 retrans
[2024-11-01T17:32:08.294343-0700]     9.2500 MB /   0.50 sec =  155.3294 Mbps     0 retrans
[2024-11-01T17:32:08.794813-0700]     3.1875 MB /   0.50 sec =   53.4315 Mbps     0 retrans
[2024-11-01T17:32:09.294220-0700]     7.6250 MB /   0.50 sec =  128.0461 Mbps     0 retrans
[2024-11-01T17:32:09.794724-0700]     9.3750 MB /   0.50 sec =  157.1582 Mbps     0 retrans
[2024-11-01T17:32:10.294623-0700]    10.0625 MB /   0.50 sec =  168.9573 Mbps     0 retrans
[2024-11-01T17:32:10.794605-0700]    11.7500 MB /   0.50 sec =  197.0483 Mbps     0 retrans
[2024-11-01T17:32:11.294348-0700]     7.8750 MB /   0.50 sec =  132.1539 Mbps     0 retrans
[2024-11-01T17:32:11.794254-0700]    10.9375 MB /   0.50 sec =  183.5305 Mbps     0 retrans
[2024-11-01T17:32:12.294639-0700]    15.0625 MB /   0.50 sec =  252.5316 Mbps     0 retrans
[2024-11-01T17:32:12.794336-0700]    12.3125 MB /   0.50 sec =  206.7071 Mbps     0 retrans
[2024-11-01T17:32:13.294321-0700]    11.8125 MB /   0.50 sec =  198.1761 Mbps     0 retrans
[2024-11-01T17:32:13.794325-0700]    15.8125 MB /   0.50 sec =  265.2919 Mbps     0 retrans
[2024-11-01T17:32:14.294237-0700]    15.8750 MB /   0.50 sec =  266.3564 Mbps     0 retrans
[2024-11-01T17:32:14.794355-0700]    16.7500 MB /   0.50 sec =  280.9875 Mbps     0 retrans
[2024-11-01T17:32:15.294276-0700]    18.2500 MB /   0.50 sec =  306.2099 Mbps     0 retrans
[2024-11-01T17:32:15.794333-0700]    20.8125 MB /   0.50 sec =  349.1646 Mbps     0 retrans
[2024-11-01T17:32:16.294201-0700]    21.5625 MB /   0.50 sec =  361.7826 Mbps     0 retrans
[2024-11-01T17:32:16.794323-0700]    22.9375 MB /   0.50 sec =  384.8035 Mbps     0 retrans
[2024-11-01T17:32:17.294205-0700]    20.5625 MB /   0.50 sec =  345.0057 Mbps     0 retrans
[2024-11-01T17:32:17.794786-0700]    22.1875 MB /   0.50 sec =  371.8979 Mbps     0 retrans
[2024-11-01T17:32:18.294279-0700]    24.8125 MB /   0.50 sec =  416.6547 Mbps     0 retrans
[2024-11-01T17:32:18.794495-0700]    23.6250 MB /   0.50 sec =  396.3586 Mbps     0 retrans
[2024-11-01T17:32:19.294348-0700]    20.5625 MB /   0.50 sec =  344.9615 Mbps     0 retrans
[2024-11-01T17:32:19.794357-0700]    17.9375 MB /   0.50 sec =  300.9515 Mbps     0 retrans
[2024-11-01T17:32:20.294302-0700]    26.9375 MB /   0.50 sec =  451.9408 Mbps     0 retrans
[2024-11-01T17:32:20.794438-0700]    27.8125 MB /   0.50 sec =  466.5669 Mbps     0 retrans
[2024-11-01T17:32:21.294321-0700]    26.6875 MB /   0.50 sec =  447.7858 Mbps     0 retrans
[2024-11-01T17:32:21.794347-0700]    27.6875 MB /   0.50 sec =  464.5136 Mbps     0 retrans
[2024-11-01T17:32:22.294400-0700]    24.8750 MB /   0.50 sec =  417.3524 Mbps     0 retrans
[2024-11-01T17:32:22.794337-0700]    23.5625 MB /   0.50 sec =  395.2799 Mbps     0 retrans
[2024-11-01T17:32:23.295392-0700]    17.5625 MB /   0.50 sec =  294.0371 Mbps     0 retrans
[2024-11-01T17:32:23.794687-0700]    17.2500 MB /   0.50 sec =  289.8679 Mbps     0 retrans
[2024-11-01T17:32:24.294936-0700]    11.6250 MB /   0.50 sec =  194.9868 Mbps     0 retrans
[2024-11-01T17:32:24.794324-0700]    16.7500 MB /   0.50 sec =  281.2428 Mbps     0 retrans
[2024-11-01T17:32:25.295197-0700]    12.9375 MB /   0.50 sec =  216.9507 Mbps     0 retrans
[2024-11-01T17:32:25.794333-0700]    19.2500 MB /   0.50 sec =  323.1075 Mbps     0 retrans
[2024-11-01T17:32:26.294501-0700]    11.6250 MB /   0.50 sec =  195.0149 Mbps     0 retrans
[2024-11-01T17:32:26.795211-0700]    19.1875 MB /   0.50 sec =  321.6922 Mbps     0 retrans
[2024-11-01T17:32:27.294415-0700]    18.0000 MB /   0.50 sec =  302.2528 Mbps     0 retrans
[2024-11-01T17:32:27.794849-0700]    18.9375 MB /   0.50 sec =  317.3758 Mbps     0 retrans
[2024-11-01T17:32:28.294433-0700]    13.5000 MB /   0.50 sec =  226.6960 Mbps     0 retrans
[2024-11-01T17:32:28.795152-0700]    14.0625 MB /   0.50 sec =  235.7382 Mbps     0 retrans
[2024-11-01T17:32:29.294736-0700]    19.8750 MB /   0.50 sec =  333.4945 Mbps     0 retrans
[2024-11-01T17:32:29.794316-0700]    23.0000 MB /   0.50 sec =  386.1818 Mbps     0 retrans
[2024-11-01T17:32:30.294510-0700]    23.6250 MB /   0.50 sec =  396.3689 Mbps     0 retrans
[2024-11-01T17:32:30.794331-0700]    27.5625 MB /   0.50 sec =  462.4174 Mbps     0 retrans
[2024-11-01T17:32:31.294325-0700]    29.0000 MB /   0.50 sec =  486.5286 Mbps     0 retrans
[2024-11-01T17:32:31.794337-0700]    31.5000 MB /   0.50 sec =  528.4738 Mbps     0 retrans
[2024-11-01T17:32:32.294305-0700]    40.5625 MB /   0.50 sec =  680.5503 Mbps     0 retrans
[2024-11-01T17:32:32.794418-0700]    41.4375 MB /   0.50 sec =  695.2587 Mbps     0 retrans
[2024-11-01T17:32:33.294316-0700]    48.0625 MB /   0.50 sec =  806.3017 Mbps     0 retrans
[2024-11-01T17:32:33.794224-0700]    42.5625 MB /   0.50 sec =  714.1131 Mbps     0 retrans
[2024-11-01T17:32:34.294308-0700]    33.3750 MB /   0.50 sec =  559.9239 Mbps     0 retrans
[2024-11-01T17:32:34.794306-0700]    38.6250 MB /   0.50 sec =  648.0109 Mbps     0 retrans
[2024-11-01T17:32:35.294766-0700]    42.2500 MB /   0.50 sec =  708.2028 Mbps     0 retrans
[2024-11-01T17:32:35.795433-0700]    36.2500 MB /   0.50 sec =  607.4148 Mbps     0 retrans
[2024-11-01T17:32:36.294682-0700]    39.4375 MB /   0.50 sec =  663.0585 Mbps     0 retrans
[2024-11-01T17:32:36.794323-0700]    46.8125 MB /   0.50 sec =  785.4038 Mbps     0 retrans
[2024-11-01T17:32:37.294341-0700]    51.3750 MB /   0.50 sec =  861.9777 Mbps     0 retrans
[2024-11-01T17:32:37.794297-0700]    48.0625 MB /   0.50 sec =  806.3130 Mbps     0 retrans
[2024-11-01T17:32:38.294208-0700]    43.1250 MB /   0.50 sec =  723.5609 Mbps     0 retrans
[2024-11-01T17:32:38.794338-0700]    32.6875 MB /   0.50 sec =  548.3438 Mbps     0 retrans
[2024-11-01T17:32:39.294415-0700]    35.2500 MB /   0.50 sec =  591.4075 Mbps     0 retrans
[2024-11-01T17:32:39.794743-0700]    40.7500 MB /   0.50 sec =  683.1728 Mbps     0 retrans
[2024-11-01T17:32:40.294676-0700]    46.6875 MB /   0.50 sec =  783.8522 Mbps     0 retrans
[2024-11-01T17:32:40.794562-0700]    54.0625 MB /   0.50 sec =  907.0364 Mbps     0 retrans
[2024-11-01T17:32:41.294418-0700]    51.5000 MB /   0.50 sec =  864.0716 Mbps     0 retrans
[2024-11-01T17:32:41.794301-0700]    57.6875 MB /   0.50 sec =  967.8105 Mbps     0 retrans
[2024-11-01T17:32:42.294295-0700]    60.8125 MB /   0.50 sec = 1020.2542 Mbps     0 retrans
[2024-11-01T17:32:42.794898-0700]    51.1250 MB /   0.50 sec =  857.1814 Mbps     0 retrans
[2024-11-01T17:32:43.296565-0700]    52.2500 MB /   0.50 sec =  873.6966 Mbps     0 retrans
[2024-11-01T17:32:43.794617-0700]    41.5625 MB /   0.50 sec =  699.7901 Mbps     0 retrans
[2024-11-01T17:32:44.295648-0700]    36.2500 MB /   0.50 sec =  606.8209 Mbps     0 retrans
[2024-11-01T17:32:44.794305-0700]    24.4375 MB /   0.50 sec =  411.0521 Mbps     0 retrans
[2024-11-01T17:32:45.294661-0700]    31.4375 MB /   0.50 sec =  527.4390 Mbps     0 retrans
[2024-11-01T17:32:45.794345-0700]    21.4375 MB /   0.50 sec =  359.6796 Mbps     0 retrans
[2024-11-01T17:32:46.294590-0700]    18.1250 MB /   0.50 sec =  304.0645 Mbps     0 retrans
[2024-11-01T17:32:46.795500-0700]    13.6875 MB /   0.50 sec =  229.1304 Mbps     0 retrans
[2024-11-01T17:32:47.294516-0700]    17.2500 MB /   0.50 sec =  289.9904 Mbps     0 retrans
[2024-11-01T17:32:47.794335-0700]    24.2500 MB /   0.50 sec =  406.9509 Mbps     0 retrans
[2024-11-01T17:32:48.294407-0700]    23.3750 MB /   0.50 sec =  392.1353 Mbps     0 retrans
[2024-11-01T17:32:48.794417-0700]    25.7500 MB /   0.50 sec =  432.0686 Mbps     0 retrans
[2024-11-01T17:32:49.294192-0700]    27.0625 MB /   0.50 sec =  454.0634 Mbps     0 retrans
[2024-11-01T17:32:49.794553-0700]     9.8750 MB /   0.50 sec =  165.6061 Mbps     0 retrans
[2024-11-01T17:32:50.294339-0700]    30.1875 MB /   0.50 sec =  506.6345 Mbps     0 retrans
[2024-11-01T17:32:50.794332-0700]    33.1875 MB /   0.50 sec =  556.7872 Mbps     0 retrans
[2024-11-01T17:32:51.294437-0700]    34.9375 MB /   0.50 sec =  586.0215 Mbps     0 retrans
[2024-11-01T17:32:51.794323-0700]    43.4375 MB /   0.50 sec =  728.9280 Mbps     0 retrans
[2024-11-01T17:32:52.294399-0700]    33.6875 MB /   0.50 sec =  565.1282 Mbps     0 retrans
[2024-11-01T17:32:52.794310-0700]    27.1875 MB /   0.50 sec =  456.1671 Mbps     0 retrans
[2024-11-01T17:32:53.294431-0700]    28.5000 MB /   0.50 sec =  478.1927 Mbps     0 retrans
[2024-11-01T17:32:53.795325-0700]    31.6250 MB /   0.50 sec =  529.5077 Mbps     0 retrans
[2024-11-01T17:32:54.294341-0700]    34.5000 MB /   0.50 sec =  579.9355 Mbps     0 retrans
[2024-11-01T17:32:54.794452-0700]    35.2500 MB /   0.50 sec =  591.4205 Mbps     0 retrans
[2024-11-01T17:32:55.294303-0700]    35.9375 MB /   0.50 sec =  602.9264 Mbps     0 retrans
[2024-11-01T17:32:55.794503-0700]    33.6875 MB /   0.50 sec =  565.0525 Mbps     0 retrans
[2024-11-01T17:32:56.294490-0700]    40.8750 MB /   0.50 sec =  685.6069 Mbps     0 retrans
[2024-11-01T17:32:56.794779-0700]    28.8125 MB /   0.50 sec =  483.1954 Mbps     0 retrans
[2024-11-01T17:32:57.294414-0700]    46.2500 MB /   0.50 sec =  776.5924 Mbps     0 retrans
[2024-11-01T17:32:57.794353-0700]    42.0000 MB /   0.50 sec =  704.6910 Mbps     0 retrans
[2024-11-01T17:32:58.294495-0700]    45.0000 MB /   0.50 sec =  754.6095 Mbps     0 retrans
[2024-11-01T17:32:58.794789-0700]    39.6250 MB /   0.50 sec =  664.4809 Mbps     0 retrans
[2024-11-01T17:32:59.294328-0700]    38.0000 MB /   0.50 sec =  638.1085 Mbps     0 retrans
[2024-11-01T17:32:59.794331-0700]    32.7500 MB /   0.50 sec =  549.4494 Mbps     0 retrans
[2024-11-01T17:33:00.294253-0700]    11.5000 MB /   0.50 sec =  192.9496 Mbps     0 retrans
[2024-11-01T17:33:00.794400-0700]    29.5000 MB /   0.50 sec =  494.9536 Mbps     0 retrans
[2024-11-01T17:33:01.294526-0700]    30.4375 MB /   0.50 sec =  510.6473 Mbps     0 retrans
[2024-11-01T17:33:01.794283-0700]    28.1875 MB /   0.50 sec =  472.8898 Mbps     0 retrans
[2024-11-01T17:33:02.294637-0700]    24.3750 MB /   0.50 sec =  408.7444 Mbps     0 retrans
[2024-11-01T17:33:02.794793-0700]    23.4375 MB /   0.50 sec =  393.0533 Mbps     0 retrans
[2024-11-01T17:33:03.294456-0700]    29.0625 MB /   0.50 sec =  487.8493 Mbps     0 retrans
[2024-11-01T17:33:03.794720-0700]    24.2500 MB /   0.50 sec =  406.6734 Mbps     0 retrans
[2024-11-01T17:33:04.294671-0700]    30.0625 MB /   0.50 sec =  504.7658 Mbps     0 retrans
[2024-11-01T17:33:04.794348-0700]    28.1250 MB /   0.50 sec =  471.8356 Mbps     0 retrans
[2024-11-01T17:33:05.294566-0700]     4.4375 MB /   0.50 sec =   74.4319 Mbps     0 retrans
[2024-11-01T17:33:05.794563-0700]    17.3125 MB /   0.50 sec =  290.4782 Mbps     0 retrans
[2024-11-01T17:33:06.294804-0700]    20.9375 MB /   0.50 sec =  351.0181 Mbps     0 retrans
[2024-11-01T17:33:06.794483-0700]    16.3125 MB /   0.50 sec =  273.8750 Mbps     0 retrans
[2024-11-01T17:33:07.294306-0700]    19.7500 MB /   0.50 sec =  331.4123 Mbps     0 retrans
[2024-11-01T17:33:07.794313-0700]    18.5625 MB /   0.50 sec =  311.4264 Mbps     0 retrans
[2024-11-01T17:33:08.295202-0700]    13.6250 MB /   0.50 sec =  228.3863 Mbps     0 retrans
[2024-11-01T17:33:08.795486-0700]     9.0625 MB /   0.50 sec =  151.8355 Mbps     0 retrans
[2024-11-01T17:33:09.294660-0700]    20.1250 MB /   0.50 sec =  338.3791 Mbps     0 retrans
[2024-11-01T17:33:09.794335-0700]    16.8125 MB /   0.50 sec =  282.0878 Mbps     0 retrans
[2024-11-01T17:33:10.294508-0700]    12.0000 MB /   0.50 sec =  201.2706 Mbps     0 retrans
[2024-11-01T17:33:10.794438-0700]    11.2500 MB /   0.50 sec =  188.7724 Mbps     0 retrans
[2024-11-01T17:33:11.294441-0700]    19.0625 MB /   0.50 sec =  319.8752 Mbps     0 retrans
[2024-11-01T17:33:11.794425-0700]    17.8125 MB /   0.50 sec =  298.8041 Mbps     0 retrans
[2024-11-01T17:33:12.294450-0700]    14.7500 MB /   0.50 sec =  247.4402 Mbps     0 retrans
[2024-11-01T17:33:12.794319-0700]    13.5625 MB /   0.50 sec =  227.5769 Mbps     0 retrans
[2024-11-01T17:33:13.294500-0700]    12.0000 MB /   0.50 sec =  201.2767 Mbps     0 retrans
[2024-11-01T17:33:13.794340-0700]    20.3750 MB /   0.50 sec =  341.9240 Mbps     0 retrans
[2024-11-01T17:33:14.294815-0700]    10.8750 MB /   0.50 sec =  182.3268 Mbps     0 retrans
[2024-11-01T17:33:14.794845-0700]    14.8750 MB /   0.50 sec =  249.4867 Mbps     0 retrans
[2024-11-01T17:33:15.294843-0700]     9.1875 MB /   0.50 sec =  154.2172 Mbps     0 retrans
[2024-11-01T17:33:15.796040-0700]    11.8750 MB /   0.50 sec =  198.6759 Mbps     0 retrans
[2024-11-01T17:33:16.294349-0700]    15.1875 MB /   0.50 sec =  255.6225 Mbps     0 retrans
[2024-11-01T17:33:16.794347-0700]    11.1250 MB /   0.50 sec =  186.6510 Mbps     0 retrans
[2024-11-01T17:33:17.294328-0700]    11.2500 MB /   0.50 sec =  188.7459 Mbps     0 retrans
[2024-11-01T17:33:17.794318-0700]    11.7500 MB /   0.50 sec =  197.1410 Mbps     0 retrans
[2024-11-01T17:33:18.294299-0700]    12.6875 MB /   0.50 sec =  212.8643 Mbps     0 retrans
[2024-11-01T17:33:18.794307-0700]    15.7500 MB /   0.50 sec =  264.2375 Mbps     0 retrans
[2024-11-01T17:33:19.295342-0700]     8.4375 MB /   0.50 sec =  141.2758 Mbps     0 retrans
[2024-11-01T17:33:19.795468-0700]     3.1250 MB /   0.50 sec =   52.4173 Mbps     0 retrans
[2024-11-01T17:33:20.294311-0700]    14.0000 MB /   0.50 sec =  235.3989 Mbps     0 retrans
[2024-11-01T17:33:20.794548-0700]    14.3750 MB /   0.50 sec =  241.1696 Mbps     0 retrans
[2024-11-01T17:33:21.294313-0700]    15.3125 MB /   0.50 sec =  256.9073 Mbps     0 retrans
[2024-11-01T17:33:21.794315-0700]    17.5625 MB /   0.50 sec =  294.6451 Mbps     0 retrans
[2024-11-01T17:33:22.294216-0700]    16.3125 MB /   0.50 sec =  273.6997 Mbps     0 retrans
[2024-11-01T17:33:22.794764-0700]    18.5000 MB /   0.50 sec =  310.1062 Mbps     0 retrans
[2024-11-01T17:33:23.294485-0700]    17.2500 MB /   0.50 sec =  289.6277 Mbps     0 retrans
[2024-11-01T17:33:23.794320-0700]    15.2500 MB /   0.50 sec =  255.8664 Mbps     0 retrans
[2024-11-01T17:33:24.294541-0700]     9.9375 MB /   0.50 sec =  166.6756 Mbps     0 retrans
[2024-11-01T17:33:24.794488-0700]    13.9375 MB /   0.50 sec =  233.8432 Mbps     0 retrans
[2024-11-01T17:33:25.294681-0700]     8.1250 MB /   0.50 sec =  136.2492 Mbps     0 retrans
[2024-11-01T17:33:25.795424-0700]     7.9375 MB /   0.50 sec =  132.9787 Mbps     0 retrans
[2024-11-01T17:33:26.294567-0700]     5.8125 MB /   0.50 sec =   97.6746 Mbps     0 retrans
[2024-11-01T17:33:26.794595-0700]     5.7500 MB /   0.50 sec =   96.4599 Mbps     0 retrans
[2024-11-01T17:33:27.294513-0700]    16.3750 MB /   0.50 sec =  274.8297 Mbps     0 retrans
[2024-11-01T17:33:27.794398-0700]    22.1875 MB /   0.50 sec =  372.2944 Mbps     0 retrans
[2024-11-01T17:33:28.294548-0700]     9.7500 MB /   0.50 sec =  163.5517 Mbps     0 retrans
[2024-11-01T17:33:28.794357-0700]    13.2500 MB /   0.50 sec =  222.3493 Mbps     0 retrans
[2024-11-01T17:33:29.294351-0700]     9.4375 MB /   0.50 sec =  158.3533 Mbps     0 retrans
[2024-11-01T17:33:29.795663-0700]    10.6875 MB /   0.50 sec =  178.8265 Mbps     0 retrans
[2024-11-01T17:33:30.295358-0700]     8.2500 MB /   0.50 sec =  138.4932 Mbps     0 retrans
[2024-11-01T17:33:30.794320-0700]    13.0000 MB /   0.50 sec =  218.5492 Mbps     0 retrans
[2024-11-01T17:33:31.294614-0700]     7.5000 MB /   0.50 sec =  125.7909 Mbps     0 retrans
[2024-11-01T17:33:31.794331-0700]    13.4375 MB /   0.50 sec =  225.5083 Mbps     0 retrans
[2024-11-01T17:33:32.294309-0700]    11.7500 MB /   0.50 sec =  197.1418 Mbps     0 retrans
[2024-11-01T17:33:32.794331-0700]    12.2500 MB /   0.50 sec =  205.5143 Mbps     0 retrans
[2024-11-01T17:33:33.294543-0700]     5.8125 MB /   0.50 sec =   97.4770 Mbps     0 retrans
[2024-11-01T17:33:33.795819-0700]     3.5000 MB /   0.50 sec =   58.5759 Mbps     0 retrans
[2024-11-01T17:33:34.294485-0700]     2.2500 MB /   0.50 sec =   37.8548 Mbps     0 retrans
[2024-11-01T17:33:34.794416-0700]     0.0000 MB /   0.50 sec =    0.0000 Mbps     0 retrans
[2024-11-01T17:33:35.294453-0700]     0.0000 MB /   0.50 sec =    0.0000 Mbps     0 retrans
[2024-11-01T17:33:35.795546-0700]     0.0000 MB /   0.50 sec =    0.0000 Mbps     0 retrans
[2024-11-01T17:33:36.294744-0700]     0.0000 MB /   0.50 sec =    0.0000 Mbps     0 retrans
[2024-11-01T17:33:36.795249-0700]     0.0000 MB /   0.50 sec =    0.0000 Mbps     0 retrans
[2024-11-01T17:33:37.294241-0700]     4.1875 MB /   0.50 sec =   70.3259 Mbps     0 retrans
[2024-11-01T17:33:37.794882-0700]     0.2500 MB /   0.50 sec =    4.1900 Mbps     0 retrans
[2024-11-01T17:33:38.294305-0700]     4.1875 MB /   0.50 sec =   70.3228 Mbps     0 retrans
[2024-11-01T17:33:38.794509-0700]     3.2500 MB /   0.50 sec =   54.5250 Mbps     0 retrans
[2024-11-01T17:33:39.294357-0700]     4.4375 MB /   0.50 sec =   74.4465 Mbps     0 retrans
[2024-11-01T17:33:39.794451-0700]     3.0000 MB /   0.50 sec =   50.3313 Mbps     0 retrans
[2024-11-01T17:33:40.294442-0700]     5.5000 MB /   0.50 sec =   92.2714 Mbps     0 retrans
[2024-11-01T17:33:40.794388-0700]     4.1875 MB /   0.50 sec =   70.2654 Mbps     0 retrans
[2024-11-01T17:33:41.294595-0700]     5.4375 MB /   0.50 sec =   91.1736 Mbps     0 retrans
[2024-11-01T17:33:41.794415-0700]     3.9375 MB /   0.50 sec =   66.0928 Mbps     0 retrans
[2024-11-01T17:33:42.294334-0700]     1.6250 MB /   0.50 sec =   27.2631 Mbps     0 retrans
[2024-11-01T17:33:42.795473-0700]     0.8750 MB /   0.50 sec =   14.6671 Mbps     0 retrans
[2024-11-01T17:33:43.294233-0700]     1.7500 MB /   0.50 sec =   29.3888 Mbps     0 retrans
[2024-11-01T17:33:43.794458-0700]     1.2500 MB /   0.50 sec =   20.9686 Mbps     0 retrans
[2024-11-01T17:33:44.294237-0700]     1.1875 MB /   0.50 sec =   19.9252 Mbps     0 retrans
[2024-11-01T17:33:44.794425-0700]     0.0000 MB /   0.50 sec =    0.0000 Mbps     0 retrans
[2024-11-01T17:33:45.294438-0700]     0.3125 MB /   0.50 sec =    5.2426 Mbps     0 retrans
[2024-11-01T17:33:45.794319-0700]     0.9375 MB /   0.50 sec =   15.7298 Mbps     0 retrans
[2024-11-01T17:33:46.295176-0700]     2.7500 MB /   0.50 sec =   46.0606 Mbps     0 retrans
[2024-11-01T17:33:46.794504-0700]     3.0625 MB /   0.50 sec =   51.4656 Mbps     0 retrans
[2024-11-01T17:33:47.294299-0700]     1.1250 MB /   0.50 sec =   18.8742 Mbps     0 retrans
[2024-11-01T17:33:47.794334-0700]     1.1875 MB /   0.50 sec =   19.9229 Mbps     0 retrans
[2024-11-01T17:33:48.294336-0700]     1.0625 MB /   0.50 sec =   17.8256 Mbps     0 retrans
[2024-11-01T17:33:48.794349-0700]     0.3125 MB /   0.50 sec =    5.2427 Mbps     0 retrans
[2024-11-01T17:33:49.294868-0700]     0.5625 MB /   0.50 sec =    9.4282 Mbps     0 retrans
[2024-11-01T17:33:49.794293-0700]     1.2500 MB /   0.50 sec =   20.9928 Mbps     0 retrans
[2024-11-01T17:33:50.294293-0700]     1.1875 MB /   0.50 sec =   19.9214 Mbps     0 retrans
[2024-11-01T17:33:50.794589-0700]     1.2500 MB /   0.50 sec =   20.9719 Mbps     0 retrans
[2024-11-01T17:33:51.294297-0700]     1.1875 MB /   0.50 sec =   19.9245 Mbps     0 retrans
[2024-11-01T17:33:51.794399-0700]     1.2500 MB /   0.50 sec =   20.9703 Mbps     0 retrans
[2024-11-01T17:33:52.294646-0700]     1.3125 MB /   0.50 sec =   22.0195 Mbps     0 retrans
[2024-11-01T17:33:52.794480-0700]     1.0625 MB /   0.50 sec =   17.8246 Mbps     0 retrans
[2024-11-01T17:33:53.294313-0700]     1.5625 MB /   0.50 sec =   26.2172 Mbps     0 retrans
[2024-11-01T17:33:53.794239-0700]     1.8125 MB /   0.50 sec =   30.4104 Mbps     0 retrans
[2024-11-01T17:33:54.294301-0700]     0.8125 MB /   0.50 sec =   13.6317 Mbps     0 retrans
[2024-11-01T17:33:54.795115-0700]     2.1250 MB /   0.50 sec =   35.5973 Mbps     0 retrans
[2024-11-01T17:33:55.294335-0700]     2.1875 MB /   0.50 sec =   36.7534 Mbps     0 retrans
[2024-11-01T17:33:55.794344-0700]     2.5625 MB /   0.50 sec =   42.9938 Mbps     0 retrans
[2024-11-01T17:33:56.294248-0700]     2.9375 MB /   0.50 sec =   49.2840 Mbps     0 retrans
[2024-11-01T17:33:56.794427-0700]     3.0000 MB /   0.50 sec =   50.3242 Mbps     0 retrans
[2024-11-01T17:33:57.294256-0700]     3.8750 MB /   0.50 sec =   65.0196 Mbps     0 retrans
[2024-11-01T17:33:57.794334-0700]     4.3750 MB /   0.50 sec =   73.4012 Mbps     0 retrans
[2024-11-01T17:33:58.294465-0700]     4.6250 MB /   0.50 sec =   77.5900 Mbps     0 retrans
[2024-11-01T17:33:58.794453-0700]     5.5625 MB /   0.50 sec =   93.3205 Mbps     0 retrans
[2024-11-01T17:33:59.294461-0700]     6.6250 MB /   0.50 sec =  111.1459 Mbps     0 retrans
End time: 1730507639575
