Start time: 1731087565497
[2024-11-08T12:39:26.450822-0500] nuttcp-r: v8.1.4: socket
[2024-11-08T12:39:26.451565-0500] nuttcp-r: buflen=65536, nstream=1, port=5379 tcp
[2024-11-08T12:39:26.451743-0500] nuttcp-r: interval reporting every 0.50 seconds
[2024-11-08T12:39:26.451930-0500] nuttcp-r: connect to 54.197.223.49 with RTT=89.422 ms af=inet
[2024-11-08T12:39:26.452118-0500] nuttcp-r: send window size = 2097152, receive window size = 6291456
[2024-11-08T12:39:26.452304-0500] nuttcp-r: available send window = 1572864, available receive window = 4718592
[2024-11-08T12:39:26.452333-0500]     0.0000 MB /   0.50 sec =    0.0000 Mbps     0 retrans      0 KB-cwnd
[2024-11-08T12:39:26.950804-0500]     0.0000 MB /   0.50 sec =    0.0000 Mbps     0 retrans      0 KB-cwnd
[2024-11-08T12:39:27.450733-0500]     0.1250 MB /   0.50 sec =    2.0974 Mbps     0 retrans     13 KB-cwnd
[2024-11-08T12:39:27.950669-0500]     1.0000 MB /   0.50 sec =   16.7780 Mbps     0 retrans     13 KB-cwnd
[2024-11-08T12:39:28.450787-0500]     0.5625 MB /   0.50 sec =    9.4362 Mbps     0 retrans     13 KB-cwnd
[2024-11-08T12:39:28.950651-0500]     1.9375 MB /   0.50 sec =   32.5120 Mbps     0 retrans     13 KB-cwnd
[2024-11-08T12:39:29.450715-0500]     1.4375 MB /   0.50 sec =   24.1141 Mbps     0 retrans     13 KB-cwnd
[2024-11-08T12:39:29.950493-0500]     1.6875 MB /   0.50 sec =   28.3184 Mbps     0 retrans     13 KB-cwnd
[2024-11-08T12:39:30.450692-0500]     1.8125 MB /   0.50 sec =   30.4020 Mbps     0 retrans     13 KB-cwnd
[2024-11-08T12:39:30.950877-0500]     1.2500 MB /   0.50 sec =   20.9694 Mbps     0 retrans     13 KB-cwnd
[2024-11-08T12:39:31.450777-0500]     1.8750 MB /   0.50 sec =   31.4541 Mbps     0 retrans     13 KB-cwnd
[2024-11-08T12:39:31.950658-0500]     1.5625 MB /   0.50 sec =   26.2203 Mbps     0 retrans     13 KB-cwnd
[2024-11-08T12:39:32.450745-0500]     1.3125 MB /   0.50 sec =   22.0179 Mbps     0 retrans     13 KB-cwnd
[2024-11-08T12:39:32.950734-0500]     0.5625 MB /   0.50 sec =    9.4372 Mbps     0 retrans     13 KB-cwnd
[2024-11-08T12:39:33.450777-0500]     2.0000 MB /   0.50 sec =   33.5519 Mbps     0 retrans     13 KB-cwnd
[2024-11-08T12:39:33.950672-0500]     2.5000 MB /   0.50 sec =   41.9506 Mbps     0 retrans     13 KB-cwnd
[2024-11-08T12:39:34.450538-0500]     1.5000 MB /   0.50 sec =   25.1684 Mbps     0 retrans     13 KB-cwnd
[2024-11-08T12:39:34.950701-0500]     2.0625 MB /   0.50 sec =   34.6042 Mbps     0 retrans     13 KB-cwnd
[2024-11-08T12:39:35.450718-0500]     1.5625 MB /   0.50 sec =   26.2091 Mbps     0 retrans     13 KB-cwnd
[2024-11-08T12:39:35.950712-0500]     2.0000 MB /   0.50 sec =   33.5556 Mbps     0 retrans     13 KB-cwnd
[2024-11-08T12:39:36.450709-0500]     1.6875 MB /   0.50 sec =   28.3097 Mbps     0 retrans     13 KB-cwnd
[2024-11-08T12:39:36.950676-0500]     2.7500 MB /   0.50 sec =   46.1411 Mbps     0 retrans     13 KB-cwnd
[2024-11-08T12:39:37.450572-0500]     1.8750 MB /   0.50 sec =   31.4593 Mbps     0 retrans     13 KB-cwnd
[2024-11-08T12:39:37.950705-0500]     1.3125 MB /   0.50 sec =   22.0179 Mbps     0 retrans     13 KB-cwnd
[2024-11-08T12:39:38.450612-0500]     2.8750 MB /   0.50 sec =   48.2421 Mbps     0 retrans     13 KB-cwnd
[2024-11-08T12:39:38.950741-0500]     0.7500 MB /   0.50 sec =   12.5803 Mbps     0 retrans     13 KB-cwnd
[2024-11-08T12:39:39.450778-0500]     2.9375 MB /   0.50 sec =   49.2797 Mbps     0 retrans     13 KB-cwnd
[2024-11-08T12:39:39.950737-0500]     3.5625 MB /   0.50 sec =   59.7728 Mbps     0 retrans     13 KB-cwnd
[2024-11-08T12:39:40.450701-0500]     1.0625 MB /   0.50 sec =   17.8254 Mbps     0 retrans     13 KB-cwnd
[2024-11-08T12:39:40.950925-0500]     0.6875 MB /   0.50 sec =   11.5338 Mbps     0 retrans     13 KB-cwnd
[2024-11-08T12:39:41.450772-0500]     0.0000 MB /   0.50 sec =    0.0000 Mbps     0 retrans     13 KB-cwnd
[2024-11-08T12:39:41.950741-0500]     0.5625 MB /   0.50 sec =    9.4377 Mbps     0 retrans     13 KB-cwnd
[2024-11-08T12:39:42.450917-0500]     1.1875 MB /   0.50 sec =   19.9224 Mbps     0 retrans     13 KB-cwnd
[2024-11-08T12:39:42.950537-0500]     3.6875 MB /   0.50 sec =   61.8828 Mbps     0 retrans     13 KB-cwnd
[2024-11-08T12:39:43.450657-0500]     1.5000 MB /   0.50 sec =   25.1641 Mbps     0 retrans     13 KB-cwnd
[2024-11-08T12:39:43.950683-0500]     2.1875 MB /   0.50 sec =   36.6957 Mbps     0 retrans     13 KB-cwnd
[2024-11-08T12:39:44.450623-0500]     2.4375 MB /   0.50 sec =   40.9004 Mbps     0 retrans     13 KB-cwnd
[2024-11-08T12:39:44.950593-0500]     3.8125 MB /   0.50 sec =   63.9660 Mbps     0 retrans     13 KB-cwnd
[2024-11-08T12:39:45.450677-0500]     3.5000 MB /   0.50 sec =   58.7096 Mbps     0 retrans     13 KB-cwnd
[2024-11-08T12:39:45.950595-0500]     4.0000 MB /   0.50 sec =   67.1200 Mbps     0 retrans     13 KB-cwnd
[2024-11-08T12:39:46.450639-0500]     3.8125 MB /   0.50 sec =   63.9558 Mbps     0 retrans     13 KB-cwnd
[2024-11-08T12:39:46.950492-0500]     3.5000 MB /   0.50 sec =   58.7312 Mbps     0 retrans     13 KB-cwnd
[2024-11-08T12:39:47.450694-0500]     4.3750 MB /   0.50 sec =   73.3842 Mbps     0 retrans     13 KB-cwnd
[2024-11-08T12:39:47.950734-0500]     4.2500 MB /   0.50 sec =   71.3144 Mbps     0 retrans     13 KB-cwnd
[2024-11-08T12:39:48.450619-0500]     4.7500 MB /   0.50 sec =   79.6868 Mbps     0 retrans     13 KB-cwnd
[2024-11-08T12:39:48.950633-0500]     3.8125 MB /   0.50 sec =   63.9660 Mbps     0 retrans     13 KB-cwnd
[2024-11-08T12:39:49.450703-0500]     5.1875 MB /   0.50 sec =   87.0148 Mbps     0 retrans     13 KB-cwnd
[2024-11-08T12:39:49.950598-0500]     4.9375 MB /   0.50 sec =   82.8549 Mbps     0 retrans     13 KB-cwnd
[2024-11-08T12:39:50.450644-0500]     1.0625 MB /   0.50 sec =   17.8247 Mbps     0 retrans     13 KB-cwnd
[2024-11-08T12:39:50.950733-0500]     4.3750 MB /   0.50 sec =   73.3876 Mbps     0 retrans     13 KB-cwnd
[2024-11-08T12:39:51.450779-0500]     5.5000 MB /   0.50 sec =   92.2697 Mbps     0 retrans     13 KB-cwnd
[2024-11-08T12:39:51.950752-0500]     6.7500 MB /   0.50 sec =  113.2761 Mbps     0 retrans     13 KB-cwnd
[2024-11-08T12:39:52.450760-0500]     2.2500 MB /   0.50 sec =   37.7391 Mbps     0 retrans     13 KB-cwnd
[2024-11-08T12:39:52.950643-0500]     3.6250 MB /   0.50 sec =   60.8235 Mbps     0 retrans     13 KB-cwnd
[2024-11-08T12:39:53.450755-0500]     2.6875 MB /   0.50 sec =   45.0866 Mbps     0 retrans     13 KB-cwnd
[2024-11-08T12:39:53.950634-0500]     3.1875 MB /   0.50 sec =   53.4866 Mbps     0 retrans     13 KB-cwnd
[2024-11-08T12:39:54.450759-0500]     2.3125 MB /   0.50 sec =   38.7891 Mbps     0 retrans     13 KB-cwnd
[2024-11-08T12:39:54.950726-0500]     3.6250 MB /   0.50 sec =   60.8243 Mbps     0 retrans     13 KB-cwnd
[2024-11-08T12:39:55.450720-0500]     3.1875 MB /   0.50 sec =   53.4736 Mbps     0 retrans     13 KB-cwnd
[2024-11-08T12:39:55.950690-0500]     0.5625 MB /   0.50 sec =    9.4379 Mbps     0 retrans     13 KB-cwnd
[2024-11-08T12:39:56.450625-0500]     0.0000 MB /   0.50 sec =    0.0000 Mbps     0 retrans     13 KB-cwnd
[2024-11-08T12:39:56.950882-0500]     4.3125 MB /   0.50 sec =   72.3454 Mbps     0 retrans     13 KB-cwnd
[2024-11-08T12:39:57.450618-0500]     4.0000 MB /   0.50 sec =   67.1223 Mbps     0 retrans     13 KB-cwnd
[2024-11-08T12:39:57.950604-0500]     4.0625 MB /   0.50 sec =   68.1589 Mbps     0 retrans     13 KB-cwnd
[2024-11-08T12:39:58.450663-0500]     4.1875 MB /   0.50 sec =   70.2498 Mbps     0 retrans     13 KB-cwnd
[2024-11-08T12:39:58.950612-0500]     6.0625 MB /   0.50 sec =  101.7182 Mbps     0 retrans     13 KB-cwnd
[2024-11-08T12:39:59.450474-0500]     5.6875 MB /   0.50 sec =   95.4290 Mbps     0 retrans     13 KB-cwnd
[2024-11-08T12:39:59.950611-0500]     8.7500 MB /   0.50 sec =  146.7860 Mbps     0 retrans     13 KB-cwnd
[2024-11-08T12:40:00.450684-0500]     8.8125 MB /   0.50 sec =  147.8288 Mbps     0 retrans     13 KB-cwnd
[2024-11-08T12:40:00.950803-0500]     9.3750 MB /   0.50 sec =  157.2949 Mbps     0 retrans     13 KB-cwnd
[2024-11-08T12:40:01.450662-0500]     8.9375 MB /   0.50 sec =  149.9398 Mbps     0 retrans     13 KB-cwnd
[2024-11-08T12:40:01.950664-0500]     7.0000 MB /   0.50 sec =  117.4419 Mbps     0 retrans     13 KB-cwnd
[2024-11-08T12:40:02.450784-0500]     9.5000 MB /   0.50 sec =  159.3568 Mbps     0 retrans     13 KB-cwnd
[2024-11-08T12:40:02.950602-0500]    12.3750 MB /   0.50 sec =  207.6774 Mbps     0 retrans     13 KB-cwnd
[2024-11-08T12:40:03.450686-0500]    11.0625 MB /   0.50 sec =  185.5738 Mbps     0 retrans     13 KB-cwnd
[2024-11-08T12:40:03.950600-0500]     9.0000 MB /   0.50 sec =  150.9998 Mbps     0 retrans     13 KB-cwnd
[2024-11-08T12:40:04.450786-0500]     3.6875 MB /   0.50 sec =   61.8553 Mbps     0 retrans     13 KB-cwnd
[2024-11-08T12:40:04.950751-0500]    13.0625 MB /   0.50 sec =  219.1747 Mbps     0 retrans     13 KB-cwnd
[2024-11-08T12:40:05.450928-0500]     3.9375 MB /   0.50 sec =   66.0550 Mbps     0 retrans     13 KB-cwnd
[2024-11-08T12:40:05.950731-0500]     0.0000 MB /   0.50 sec =    0.0000 Mbps     0 retrans     13 KB-cwnd
[2024-11-08T12:40:06.450798-0500]     0.7500 MB /   0.50 sec =   12.5809 Mbps     0 retrans     13 KB-cwnd
[2024-11-08T12:40:06.950620-0500]     0.6250 MB /   0.50 sec =   10.4884 Mbps     0 retrans     13 KB-cwnd
[2024-11-08T12:40:07.450747-0500]     0.0000 MB /   0.50 sec =    0.0000 Mbps     0 retrans     13 KB-cwnd
[2024-11-08T12:40:07.950771-0500]     0.0000 MB /   0.50 sec =    0.0000 Mbps     0 retrans     13 KB-cwnd
[2024-11-08T12:40:08.450594-0500]     0.2500 MB /   0.50 sec =    4.1957 Mbps     0 retrans     13 KB-cwnd
[2024-11-08T12:40:08.950739-0500]     5.8125 MB /   0.50 sec =   97.4985 Mbps     0 retrans     13 KB-cwnd
[2024-11-08T12:40:09.450774-0500]     1.6250 MB /   0.50 sec =   27.2597 Mbps     0 retrans     13 KB-cwnd
[2024-11-08T12:40:09.950687-0500]     1.0625 MB /   0.50 sec =   17.8280 Mbps     0 retrans     13 KB-cwnd
[2024-11-08T12:40:10.450665-0500]     4.4375 MB /   0.50 sec =   74.4498 Mbps     0 retrans     13 KB-cwnd
[2024-11-08T12:40:10.950609-0500]     2.0625 MB /   0.50 sec =   34.6072 Mbps     0 retrans     13 KB-cwnd
[2024-11-08T12:40:11.450596-0500]     2.2500 MB /   0.50 sec =   37.7485 Mbps     0 retrans     13 KB-cwnd
[2024-11-08T12:40:11.950711-0500]     2.6875 MB /   0.50 sec =   45.0826 Mbps     0 retrans     13 KB-cwnd
[2024-11-08T12:40:12.450774-0500]     1.3125 MB /   0.50 sec =   22.0179 Mbps     0 retrans     13 KB-cwnd
[2024-11-08T12:40:12.950708-0500]     0.3750 MB /   0.50 sec =    6.2917 Mbps     0 retrans     13 KB-cwnd
[2024-11-08T12:40:13.450782-0500]     0.5000 MB /   0.50 sec =    8.3879 Mbps     0 retrans     13 KB-cwnd
[2024-11-08T12:40:13.950838-0500]     0.5625 MB /   0.50 sec =    9.4384 Mbps     0 retrans     13 KB-cwnd
[2024-11-08T12:40:14.450566-0500]     3.8125 MB /   0.50 sec =   63.9681 Mbps     0 retrans     13 KB-cwnd
[2024-11-08T12:40:14.950773-0500]     2.4375 MB /   0.50 sec =   40.8873 Mbps     0 retrans     13 KB-cwnd
[2024-11-08T12:40:15.450718-0500]     2.4375 MB /   0.50 sec =   40.8981 Mbps     0 retrans     13 KB-cwnd
[2024-11-08T12:40:15.950688-0500]     1.7500 MB /   0.50 sec =   29.3598 Mbps     0 retrans     13 KB-cwnd
[2024-11-08T12:40:16.450616-0500]     4.1250 MB /   0.50 sec =   69.2172 Mbps     0 retrans     13 KB-cwnd
[2024-11-08T12:40:16.950656-0500]     3.5000 MB /   0.50 sec =   58.7185 Mbps     0 retrans     13 KB-cwnd
[2024-11-08T12:40:17.450613-0500]     3.6250 MB /   0.50 sec =   60.8181 Mbps     0 retrans     13 KB-cwnd
[2024-11-08T12:40:17.950712-0500]     4.7500 MB /   0.50 sec =   79.6813 Mbps     0 retrans     13 KB-cwnd
[2024-11-08T12:40:18.450760-0500]     2.6875 MB /   0.50 sec =   45.0818 Mbps     0 retrans     13 KB-cwnd
[2024-11-08T12:40:18.950689-0500]     2.7500 MB /   0.50 sec =   46.1433 Mbps     0 retrans     13 KB-cwnd
[2024-11-08T12:40:19.450697-0500]     8.0625 MB /   0.50 sec =  135.2585 Mbps     0 retrans     13 KB-cwnd
[2024-11-08T12:40:19.950618-0500]     7.3125 MB /   0.50 sec =  122.7121 Mbps     0 retrans     13 KB-cwnd
[2024-11-08T12:40:20.450716-0500]     6.6875 MB /   0.50 sec =  112.1736 Mbps     0 retrans     13 KB-cwnd
[2024-11-08T12:40:20.950880-0500]     8.3750 MB /   0.50 sec =  140.5373 Mbps     0 retrans     13 KB-cwnd
[2024-11-08T12:40:21.450770-0500]     6.1875 MB /   0.50 sec =  103.7825 Mbps     0 retrans     13 KB-cwnd
[2024-11-08T12:40:21.950699-0500]     5.5000 MB /   0.50 sec =   92.2858 Mbps     0 retrans     13 KB-cwnd
[2024-11-08T12:40:22.450774-0500]     9.0625 MB /   0.50 sec =  152.0274 Mbps     0 retrans     13 KB-cwnd
[2024-11-08T12:40:22.950648-0500]    12.6250 MB /   0.50 sec =  211.8395 Mbps     0 retrans     13 KB-cwnd
[2024-11-08T12:40:23.450523-0500]     8.5000 MB /   0.50 sec =  142.6237 Mbps     0 retrans     13 KB-cwnd
[2024-11-08T12:40:23.950541-0500]    14.0000 MB /   0.50 sec =  234.8829 Mbps   657 retrans   2376 KB-cwnd
[2024-11-08T12:40:24.450780-0500]    15.8125 MB /   0.50 sec =  265.2515 Mbps     0 retrans   2376 KB-cwnd
[2024-11-08T12:40:24.950746-0500]    16.5625 MB /   0.50 sec =  277.8487 Mbps     0 retrans   2376 KB-cwnd
[2024-11-08T12:40:25.450777-0500]     4.5625 MB /   0.50 sec =   76.5453 Mbps     0 retrans   2376 KB-cwnd
[2024-11-08T12:40:25.950598-0500]     0.0000 MB /   0.50 sec =    0.0000 Mbps     0 retrans   2376 KB-cwnd
[2024-11-08T12:40:26.450782-0500]     1.1250 MB /   0.50 sec =   18.8754 Mbps     0 retrans   2376 KB-cwnd
[2024-11-08T12:40:26.950579-0500]    12.7500 MB /   0.50 sec =  213.9223 Mbps     0 retrans   2376 KB-cwnd
[2024-11-08T12:40:27.450580-0500]    17.7500 MB /   0.50 sec =  297.7932 Mbps     0 retrans   2376 KB-cwnd
[2024-11-08T12:40:27.950586-0500]     8.3125 MB /   0.50 sec =  139.4595 Mbps     0 retrans   2376 KB-cwnd
[2024-11-08T12:40:28.450715-0500]    12.0000 MB /   0.50 sec =  201.3270 Mbps     0 retrans   2376 KB-cwnd
[2024-11-08T12:40:28.950685-0500]     1.6875 MB /   0.50 sec =   28.3084 Mbps     0 retrans   2376 KB-cwnd
[2024-11-08T12:40:29.450572-0500]     0.0000 MB /   0.50 sec =    0.0000 Mbps     0 retrans   2376 KB-cwnd
[2024-11-08T12:40:29.950666-0500]     5.4375 MB /   0.50 sec =   91.2184 Mbps     0 retrans      5 KB-cwnd
[2024-11-08T12:40:30.450686-0500]     0.0000 MB /   0.50 sec =    0.0000 Mbps     0 retrans      5 KB-cwnd
[2024-11-08T12:40:30.950586-0500]     4.4375 MB /   0.50 sec =   74.4586 Mbps     0 retrans      5 KB-cwnd
[2024-11-08T12:40:31.450634-0500]     1.3750 MB /   0.50 sec =   23.0654 Mbps     0 retrans      5 KB-cwnd
[2024-11-08T12:40:31.950620-0500]    10.0000 MB /   0.50 sec =  167.7916 Mbps     0 retrans      5 KB-cwnd
[2024-11-08T12:40:32.450668-0500]     0.6875 MB /   0.50 sec =   11.5337 Mbps     0 retrans      5 KB-cwnd
[2024-11-08T12:40:32.950751-0500]     5.8750 MB /   0.50 sec =   98.5614 Mbps     0 retrans      5 KB-cwnd
[2024-11-08T12:40:33.450674-0500]     0.0000 MB /   0.50 sec =    0.0000 Mbps     0 retrans      5 KB-cwnd
[2024-11-08T12:40:33.950874-0500]     2.7500 MB /   0.50 sec =   46.1366 Mbps     0 retrans      5 KB-cwnd
[2024-11-08T12:40:34.450695-0500]     3.9375 MB /   0.50 sec =   66.0620 Mbps     0 retrans      5 KB-cwnd
[2024-11-08T12:40:34.950538-0500]     6.9375 MB /   0.50 sec =  116.4199 Mbps     0 retrans      5 KB-cwnd
[2024-11-08T12:40:35.450629-0500]     7.6250 MB /   0.50 sec =  127.9194 Mbps  8824 retrans   7310 KB-cwnd
[2024-11-08T12:40:35.950599-0500]     9.3125 MB /   0.50 sec =  156.2363 Mbps     0 retrans   7296 KB-cwnd
[2024-11-08T12:40:36.450612-0500]    10.2500 MB /   0.50 sec =  171.9479 Mbps     0 retrans   7296 KB-cwnd
[2024-11-08T12:40:36.950746-0500]     7.6250 MB /   0.50 sec =  127.9099 Mbps     0 retrans   7296 KB-cwnd
[2024-11-08T12:40:37.450873-0500]     0.0000 MB /   0.50 sec =    0.0000 Mbps     0 retrans   7296 KB-cwnd
[2024-11-08T12:40:37.950602-0500]     0.0000 MB /   0.50 sec =    0.0000 Mbps     0 retrans   7296 KB-cwnd
[2024-11-08T12:40:38.450618-0500]     5.3750 MB /   0.50 sec =   90.1848 Mbps     0 retrans   7296 KB-cwnd
[2024-11-08T12:40:38.950714-0500]    14.3125 MB /   0.50 sec =  240.1350 Mbps     0 retrans   7296 KB-cwnd
[2024-11-08T12:40:39.450515-0500]    15.9375 MB /   0.50 sec =  267.4035 Mbps     0 retrans   7296 KB-cwnd
[2024-11-08T12:40:39.950628-0500]    11.5625 MB /   0.50 sec =  193.9602 Mbps  5244 retrans   7494 KB-cwnd
[2024-11-08T12:40:40.450712-0500]     0.6875 MB /   0.50 sec =   11.5327 Mbps     0 retrans   7494 KB-cwnd
[2024-11-08T12:40:40.950617-0500]     5.3125 MB /   0.50 sec =   89.1429 Mbps     0 retrans   7494 KB-cwnd
[2024-11-08T12:40:41.450593-0500]    12.6250 MB /   0.50 sec =  211.8060 Mbps     0 retrans   7494 KB-cwnd
[2024-11-08T12:40:41.950915-0500]     0.0000 MB /   0.50 sec =    0.0000 Mbps     0 retrans   7494 KB-cwnd
[2024-11-08T12:40:42.450710-0500]     5.6250 MB /   0.50 sec =   94.3750 Mbps     0 retrans   7494 KB-cwnd
[2024-11-08T12:40:42.950681-0500]     4.8750 MB /   0.50 sec =   81.7899 Mbps     0 retrans   7494 KB-cwnd
[2024-11-08T12:40:43.450545-0500]     2.4375 MB /   0.50 sec =   40.9008 Mbps     0 retrans   7494 KB-cwnd
[2024-11-08T12:40:43.950879-0500]     9.6875 MB /   0.50 sec =  162.5036 Mbps     0 retrans   7494 KB-cwnd
[2024-11-08T12:40:44.450617-0500]     5.4375 MB /   0.50 sec =   91.2336 Mbps     0 retrans   7494 KB-cwnd
[2024-11-08T12:40:44.950651-0500]     7.2500 MB /   0.50 sec =  121.6409 Mbps     0 retrans   7494 KB-cwnd
[2024-11-08T12:40:45.450803-0500]     8.8125 MB /   0.50 sec =  147.8197 Mbps     0 retrans   7494 KB-cwnd
[2024-11-08T12:40:45.950584-0500]     7.3125 MB /   0.50 sec =  122.7153 Mbps  9255 retrans   3045 KB-cwnd
[2024-11-08T12:40:46.450696-0500]    10.6250 MB /   0.50 sec =  178.2262 Mbps     0 retrans   3045 KB-cwnd
[2024-11-08T12:40:46.950695-0500]     6.0625 MB /   0.50 sec =  101.7113 Mbps     0 retrans   3045 KB-cwnd
[2024-11-08T12:40:47.450561-0500]     0.0000 MB /   0.50 sec =    0.0000 Mbps     0 retrans   3045 KB-cwnd
[2024-11-08T12:40:47.950614-0500]    12.6250 MB /   0.50 sec =  211.8238 Mbps     0 retrans   3045 KB-cwnd
[2024-11-08T12:40:48.450902-0500]     9.9375 MB /   0.50 sec =  166.6722 Mbps     0 retrans   3045 KB-cwnd
[2024-11-08T12:40:48.950488-0500]    11.4375 MB /   0.50 sec =  191.9639 Mbps     0 retrans   3045 KB-cwnd
[2024-11-08T12:40:49.450754-0500]     5.6875 MB /   0.50 sec =   95.3899 Mbps     0 retrans   3045 KB-cwnd
[2024-11-08T12:40:49.950529-0500]    12.8125 MB /   0.50 sec =  215.0179 Mbps  4236 retrans   5916 KB-cwnd
[2024-11-08T12:40:50.450558-0500]     1.5000 MB /   0.50 sec =   25.1635 Mbps     0 retrans   5916 KB-cwnd
[2024-11-08T12:40:50.950647-0500]    15.3750 MB /   0.50 sec =  257.9502 Mbps     0 retrans   5916 KB-cwnd
[2024-11-08T12:40:51.450554-0500]     0.4375 MB /   0.50 sec =    7.3401 Mbps     0 retrans   5916 KB-cwnd
[2024-11-08T12:40:51.950814-0500]     7.7500 MB /   0.50 sec =  130.0250 Mbps     0 retrans   5916 KB-cwnd
[2024-11-08T12:40:52.450710-0500]    11.2500 MB /   0.50 sec =  188.7184 Mbps     0 retrans   5916 KB-cwnd
[2024-11-08T12:40:52.950633-0500]    14.2500 MB /   0.50 sec =  239.1064 Mbps     0 retrans   5916 KB-cwnd
[2024-11-08T12:40:53.450797-0500]    16.2500 MB /   0.50 sec =  272.6363 Mbps     0 retrans   5916 KB-cwnd
[2024-11-08T12:40:53.950653-0500]    17.3125 MB /   0.50 sec =  290.4544 Mbps   475 retrans   4904 KB-cwnd
[2024-11-08T12:40:54.450680-0500]    20.3750 MB /   0.50 sec =  341.8105 Mbps     0 retrans   4904 KB-cwnd
[2024-11-08T12:40:54.950911-0500]    14.4375 MB /   0.50 sec =  242.1179 Mbps     0 retrans   4904 KB-cwnd
[2024-11-08T12:40:55.450755-0500]     9.7500 MB /   0.50 sec =  163.6214 Mbps     0 retrans   4904 KB-cwnd
[2024-11-08T12:40:55.950744-0500]     6.8125 MB /   0.50 sec =  114.2984 Mbps     0 retrans   4904 KB-cwnd
[2024-11-08T12:40:56.450739-0500]     0.0000 MB /   0.50 sec =    0.0000 Mbps     0 retrans   4904 KB-cwnd
[2024-11-08T12:40:56.950668-0500]    13.6875 MB /   0.50 sec =  229.6400 Mbps     9 retrans   5964 KB-cwnd
[2024-11-08T12:40:57.450749-0500]     1.9375 MB /   0.50 sec =   32.5054 Mbps     0 retrans   5964 KB-cwnd
[2024-11-08T12:40:57.950934-0500]    13.2500 MB /   0.50 sec =  222.2937 Mbps     0 retrans   5964 KB-cwnd
[2024-11-08T12:40:58.450754-0500]     2.1875 MB /   0.50 sec =   36.6981 Mbps     0 retrans   5964 KB-cwnd
[2024-11-08T12:40:58.950723-0500]    15.0000 MB /   0.50 sec =  251.6749 Mbps     0 retrans   5964 KB-cwnd
[2024-11-08T12:40:59.450559-0500]     6.1875 MB /   0.50 sec =  103.8248 Mbps     0 retrans   5964 KB-cwnd
[2024-11-08T12:40:59.950719-0500]     2.5000 MB /   0.50 sec =   41.9372 Mbps     0 retrans   5964 KB-cwnd
[2024-11-08T12:41:00.450727-0500]     2.1875 MB /   0.50 sec =   36.6999 Mbps     0 retrans   5964 KB-cwnd
[2024-11-08T12:41:00.950737-0500]     2.1250 MB /   0.50 sec =   35.6525 Mbps     0 retrans   5964 KB-cwnd
[2024-11-08T12:41:01.450797-0500]     1.4375 MB /   0.50 sec =   24.1131 Mbps     0 retrans   5964 KB-cwnd
[2024-11-08T12:41:01.950623-0500]    10.8125 MB /   0.50 sec =  181.4592 Mbps     0 retrans   5964 KB-cwnd
[2024-11-08T12:41:02.450865-0500]     3.0625 MB /   0.50 sec =   51.3717 Mbps  4545 retrans   7472 KB-cwnd
[2024-11-08T12:41:02.950749-0500]    10.4375 MB /   0.50 sec =  175.1188 Mbps     0 retrans   7547 KB-cwnd
[2024-11-08T12:41:03.450710-0500]     9.0625 MB /   0.50 sec =  152.0420 Mbps     0 retrans   7547 KB-cwnd
[2024-11-08T12:41:03.950712-0500]     5.0625 MB /   0.50 sec =   84.9335 Mbps     0 retrans   7547 KB-cwnd
[2024-11-08T12:41:04.450638-0500]    13.7500 MB /   0.50 sec =  230.7227 Mbps     0 retrans   7568 KB-cwnd
[2024-11-08T12:41:04.950702-0500]    12.0000 MB /   0.50 sec =  201.3081 Mbps     0 retrans   7568 KB-cwnd
[2024-11-08T12:41:05.450492-0500]    12.0625 MB /   0.50 sec =  202.4092 Mbps     0 retrans   7627 KB-cwnd
[2024-11-08T12:41:05.950669-0500]    14.9375 MB /   0.50 sec =  250.5821 Mbps   465 retrans   7517 KB-cwnd
[2024-11-08T12:41:06.450706-0500]    11.3125 MB /   0.50 sec =  189.7706 Mbps     0 retrans   7519 KB-cwnd
[2024-11-08T12:41:06.950603-0500]     3.4375 MB /   0.50 sec =   57.6758 Mbps     0 retrans   7519 KB-cwnd
[2024-11-08T12:41:07.450845-0500]    12.6250 MB /   0.50 sec =  211.8026 Mbps     0 retrans   7519 KB-cwnd
[2024-11-08T12:41:07.950776-0500]     0.0000 MB /   0.50 sec =    0.0000 Mbps     0 retrans   7519 KB-cwnd
[2024-11-08T12:41:08.450648-0500]    11.5625 MB /   0.50 sec =  194.0331 Mbps     0 retrans   7536 KB-cwnd
[2024-11-08T12:41:08.950726-0500]     2.6875 MB /   0.50 sec =   45.0843 Mbps     0 retrans   7536 KB-cwnd
[2024-11-08T12:41:09.450702-0500]     1.7500 MB /   0.50 sec =   29.3614 Mbps     0 retrans   7536 KB-cwnd
[2024-11-08T12:41:09.950634-0500]    13.8125 MB /   0.50 sec =  231.7594 Mbps     0 retrans   7553 KB-cwnd
[2024-11-08T12:41:10.450537-0500]     1.6250 MB /   0.50 sec =   27.2630 Mbps     0 retrans   7553 KB-cwnd
[2024-11-08T12:41:10.950619-0500]     4.0000 MB /   0.50 sec =   67.1001 Mbps     0 retrans   7553 KB-cwnd
[2024-11-08T12:41:11.450758-0500]     3.1250 MB /   0.50 sec =   52.4246 Mbps     0 retrans   7553 KB-cwnd
[2024-11-08T12:41:11.950758-0500]     0.7500 MB /   0.50 sec =   12.5833 Mbps     0 retrans   7553 KB-cwnd
[2024-11-08T12:41:12.450923-0500]     0.0000 MB /   0.50 sec =    0.0000 Mbps     0 retrans   7553 KB-cwnd
[2024-11-08T12:41:12.950810-0500]     0.0000 MB /   0.50 sec =    0.0000 Mbps     0 retrans   7553 KB-cwnd
[2024-11-08T12:41:13.450774-0500]     2.5000 MB /   0.50 sec =   41.9435 Mbps     0 retrans   7553 KB-cwnd
[2024-11-08T12:41:13.950702-0500]     0.0000 MB /   0.50 sec =    0.0000 Mbps     0 retrans   7553 KB-cwnd
[2024-11-08T12:41:14.450742-0500]     0.6875 MB /   0.50 sec =   11.5339 Mbps     0 retrans   7553 KB-cwnd
[2024-11-08T12:41:14.950670-0500]     1.3125 MB /   0.50 sec =   22.0221 Mbps  1623 retrans   4265 KB-cwnd
[2024-11-08T12:41:15.450686-0500]     2.6875 MB /   0.50 sec =   45.0879 Mbps     0 retrans   4265 KB-cwnd
[2024-11-08T12:41:15.950710-0500]     1.6250 MB /   0.50 sec =   27.2619 Mbps     0 retrans   4265 KB-cwnd
[2024-11-08T12:41:16.450578-0500]     5.8750 MB /   0.50 sec =   98.5786 Mbps     0 retrans   4326 KB-cwnd
[2024-11-08T12:41:16.950735-0500]     3.8750 MB /   0.50 sec =   64.9995 Mbps     0 retrans   4326 KB-cwnd
[2024-11-08T12:41:17.450707-0500]     4.2500 MB /   0.50 sec =   71.3059 Mbps     0 retrans   4326 KB-cwnd
[2024-11-08T12:41:17.950549-0500]     4.3750 MB /   0.50 sec =   73.4141 Mbps     0 retrans   4326 KB-cwnd
[2024-11-08T12:41:18.450722-0500]     4.0625 MB /   0.50 sec =   68.1422 Mbps     0 retrans   4326 KB-cwnd
[2024-11-08T12:41:18.950795-0500]     3.6250 MB /   0.50 sec =   60.8116 Mbps     0 retrans   4326 KB-cwnd
[2024-11-08T12:41:19.450614-0500]     7.3750 MB /   0.50 sec =  123.7659 Mbps     0 retrans   4326 KB-cwnd
[2024-11-08T12:41:19.950713-0500]     2.1250 MB /   0.50 sec =   35.6474 Mbps     0 retrans   4326 KB-cwnd
[2024-11-08T12:41:20.450746-0500]     1.6875 MB /   0.50 sec =   28.3080 Mbps     0 retrans   4326 KB-cwnd
[2024-11-08T12:41:20.950694-0500]     2.3750 MB /   0.50 sec =   39.8519 Mbps     0 retrans   4326 KB-cwnd
[2024-11-08T12:41:21.450826-0500]     1.8750 MB /   0.50 sec =   31.4573 Mbps     0 retrans   4326 KB-cwnd
[2024-11-08T12:41:21.950733-0500]     2.1250 MB /   0.50 sec =   35.6474 Mbps     0 retrans   4326 KB-cwnd
[2024-11-08T12:41:22.450651-0500]     5.5000 MB /   0.50 sec =   92.2904 Mbps     0 retrans   4326 KB-cwnd
[2024-11-08T12:41:22.950720-0500]     3.4375 MB /   0.50 sec =   57.6667 Mbps     0 retrans   4326 KB-cwnd
[2024-11-08T12:41:23.450664-0500]     5.3750 MB /   0.50 sec =   90.1748 Mbps     0 retrans   4451 KB-cwnd
[2024-11-08T12:41:23.950640-0500]     6.4375 MB /   0.50 sec =  108.0176 Mbps     0 retrans   4451 KB-cwnd
[2024-11-08T12:41:24.450723-0500]     4.9375 MB /   0.50 sec =   82.8238 Mbps     3 retrans   7390 KB-cwnd
[2024-11-08T12:41:24.950650-0500]     4.8125 MB /   0.50 sec =   80.7458 Mbps     0 retrans   7390 KB-cwnd
[2024-11-08T12:41:25.450738-0500]     0.8750 MB /   0.50 sec =   14.6799 Mbps     0 retrans   7390 KB-cwnd
[2024-11-08T12:41:25.950614-0500]     2.6875 MB /   0.50 sec =   45.0946 Mbps     0 retrans   7390 KB-cwnd
[2024-11-08T12:41:26.450733-0500]     2.3750 MB /   0.50 sec =   39.8421 Mbps     0 retrans   7390 KB-cwnd
End time: 1731087686623
