Start time: 1747691523824
Connecting to host 34.145.166.89, port 5209
Reverse mode, remote host 34.145.166.89 is sending
[  5] local 192.0.0.2 port 54458 connected to 34.145.166.89 port 5209
[ ID] Interval           Transfer     Bitrate
[  5]   0.00-0.10   sec   109 KBytes  8.94 Mbits/sec                  
[  5]   0.10-0.20   sec   168 KBytes  13.7 Mbits/sec                  
[  5]   0.20-0.30   sec   204 KBytes  16.7 Mbits/sec                  
[  5]   0.30-0.40   sec   216 KBytes  17.7 Mbits/sec                  
[  5]   0.40-0.50   sec   209 KBytes  17.1 Mbits/sec                  
[  5]   0.50-0.60   sec   274 KBytes  22.5 Mbits/sec                  
[  5]   0.60-0.70   sec   294 KBytes  24.1 Mbits/sec                  
[  5]   0.70-0.80   sec   337 KBytes  27.6 Mbits/sec                  
[  5]   0.80-0.90   sec   477 KBytes  39.1 Mbits/sec                  
[  5]   0.90-1.00   sec   497 KBytes  40.7 Mbits/sec                  
[  5]   1.00-1.10   sec   622 KBytes  51.0 Mbits/sec                  
[  5]   1.10-1.20   sec   711 KBytes  58.3 Mbits/sec                  
[  5]   1.20-1.30   sec   891 KBytes  72.2 Mbits/sec                  
[  5]   1.30-1.40   sec   902 KBytes  74.7 Mbits/sec                  
[  5]   1.40-1.50   sec   838 KBytes  68.6 Mbits/sec                  
[  5]   1.50-1.60   sec  1007 KBytes  82.4 Mbits/sec                  
[  5]   1.60-1.70   sec  1.03 MBytes  86.2 Mbits/sec                  
[  5]   1.70-1.80   sec  1.30 MBytes   109 Mbits/sec                  
[  5]   1.80-1.90   sec  1.51 MBytes   127 Mbits/sec                  
[  5]   1.90-2.00   sec  1.72 MBytes   144 Mbits/sec                  
[  5]   2.00-2.10   sec  2.31 MBytes   194 Mbits/sec                  
[  5]   2.10-2.20   sec  1.93 MBytes   162 Mbits/sec                  
[  5]   2.20-2.30   sec  2.71 MBytes   227 Mbits/sec                  
[  5]   2.30-2.40   sec  2.78 MBytes   234 Mbits/sec                  
[  5]   2.40-2.50   sec  3.34 MBytes   280 Mbits/sec                  
[  5]   2.50-2.60   sec  3.18 MBytes   267 Mbits/sec                  
[  5]   2.60-2.70   sec  3.98 MBytes   334 Mbits/sec                  
[  5]   2.70-2.80   sec  3.99 MBytes   334 Mbits/sec                  
[  5]   2.80-2.90   sec  3.53 MBytes   297 Mbits/sec                  
[  5]   2.90-3.00   sec  3.12 MBytes   262 Mbits/sec                  
[  5]   3.00-3.10   sec  4.02 MBytes   337 Mbits/sec                  
[  5]   3.10-3.20   sec  4.43 MBytes   372 Mbits/sec                  
[  5]   3.20-3.30   sec  6.17 MBytes   518 Mbits/sec                  
[  5]   3.30-3.40   sec  5.53 MBytes   464 Mbits/sec                  
[  5]   3.40-3.50   sec  6.09 MBytes   511 Mbits/sec                  
[  5]   3.50-3.60   sec  6.24 MBytes   523 Mbits/sec                  
[  5]   3.60-3.70   sec  6.31 MBytes   529 Mbits/sec                  
[  5]   3.70-3.80   sec  6.41 MBytes   537 Mbits/sec                  
[  5]   3.80-3.90   sec  6.28 MBytes   527 Mbits/sec                  
[  5]   3.90-4.00   sec  7.27 MBytes   611 Mbits/sec                  
[  5]   4.00-4.10   sec  5.53 MBytes   464 Mbits/sec                  
[  5]   4.10-4.20   sec  5.82 MBytes   488 Mbits/sec                  
[  5]   4.20-4.30   sec  6.05 MBytes   507 Mbits/sec                  
[  5]   4.30-4.40   sec  5.72 MBytes   480 Mbits/sec                  
[  5]   4.40-4.50   sec  7.58 MBytes   635 Mbits/sec                  
[  5]   4.50-4.60   sec  7.21 MBytes   605 Mbits/sec                  
[  5]   4.60-4.70   sec  4.37 MBytes   367 Mbits/sec                  
[  5]   4.70-4.80   sec  6.15 MBytes   516 Mbits/sec                  
[  5]   4.80-4.90   sec  5.87 MBytes   492 Mbits/sec                  
[  5]   4.90-5.00   sec  7.36 MBytes   617 Mbits/sec                  
- - - - - - - - - - - - - - - - - - - - - - - - -
[ ID] Interval           Transfer     Bitrate         Retr
[  5]   0.00-5.04   sec   168 MBytes   279 Mbits/sec    0             sender
[  5]   0.00-5.00   sec   164 MBytes   276 Mbits/sec                  receiver

iperf Done.
End time: 1747691529275
