Start time: 1745180662401
Connecting to host 34.86.116.81, port 5209
Reverse mode, remote host 34.86.116.81 is sending
[  5] local 192.0.0.2 port 38938 connected to 34.86.116.81 port 5209
[ ID] Interval           Transfer     Bitrate
[  5]   0.00-0.10   sec  37.3 KBytes  3.05 Mbits/sec                  
[  5]   0.10-0.20   sec  50.6 KBytes  4.15 Mbits/sec                  
[  5]   0.20-0.30   sec  77.3 KBytes  6.33 Mbits/sec                  
[  5]   0.30-0.40   sec   188 KBytes  15.4 Mbits/sec                  
[  5]   0.40-0.50   sec   320 KBytes  26.2 Mbits/sec                  
[  5]   0.50-0.60   sec   694 KBytes  56.9 Mbits/sec                  
[  5]   0.60-0.70   sec   956 KBytes  78.3 Mbits/sec                  
[  5]   0.70-0.80   sec   841 KBytes  68.9 Mbits/sec                  
[  5]   0.80-0.90   sec   721 KBytes  59.0 Mbits/sec                  
[  5]   0.90-1.00   sec   952 KBytes  78.0 Mbits/sec                  
[  5]   1.00-1.10   sec  1.09 MBytes  91.2 Mbits/sec                  
[  5]   1.10-1.20   sec  1.32 MBytes   111 Mbits/sec                  
[  5]   1.20-1.30   sec  1.15 MBytes  96.8 Mbits/sec                  
[  5]   1.30-1.40   sec  1.19 MBytes  99.5 Mbits/sec                  
[  5]   1.40-1.50   sec  1.08 MBytes  90.3 Mbits/sec                  
[  5]   1.50-1.60   sec  1.21 MBytes   101 Mbits/sec                  
[  5]   1.60-1.70   sec  1.10 MBytes  92.3 Mbits/sec                  
[  5]   1.70-1.80   sec   984 KBytes  80.8 Mbits/sec                  
[  5]   1.80-1.90   sec   843 KBytes  69.1 Mbits/sec                  
[  5]   1.90-2.00   sec   880 KBytes  72.1 Mbits/sec                  
[  5]   2.00-2.10   sec   904 KBytes  74.1 Mbits/sec                  
[  5]   2.10-2.20   sec   663 KBytes  54.3 Mbits/sec                  
[  5]   2.20-2.30   sec   569 KBytes  46.6 Mbits/sec                  
[  5]   2.30-2.40   sec  1.12 MBytes  93.8 Mbits/sec                  
[  5]   2.40-2.50   sec  1.25 MBytes   105 Mbits/sec                  
[  5]   2.50-2.60   sec   982 KBytes  80.4 Mbits/sec                  
[  5]   2.60-2.70   sec  1012 KBytes  82.9 Mbits/sec                  
[  5]   2.70-2.80   sec   782 KBytes  64.1 Mbits/sec                  
[  5]   2.80-2.90   sec   922 KBytes  75.5 Mbits/sec                  
[  5]   2.90-3.00   sec   759 KBytes  62.2 Mbits/sec                  
[  5]   3.00-3.10   sec   900 KBytes  73.8 Mbits/sec                  
[  5]   3.10-3.20   sec   976 KBytes  79.9 Mbits/sec                  
[  5]   3.20-3.30   sec   871 KBytes  71.4 Mbits/sec                  
[  5]   3.30-3.40   sec  1.12 MBytes  93.9 Mbits/sec                  
[  5]   3.40-3.50   sec  1.23 MBytes   103 Mbits/sec                  
[  5]   3.50-3.60   sec  1.27 MBytes   106 Mbits/sec                  
[  5]   3.60-3.70   sec  1007 KBytes  82.5 Mbits/sec                  
[  5]   3.70-3.80   sec   818 KBytes  67.0 Mbits/sec                  
[  5]   3.80-3.90   sec   654 KBytes  53.6 Mbits/sec                  
[  5]   3.90-4.00   sec   346 KBytes  28.4 Mbits/sec                  
[  5]   4.00-4.10   sec   434 KBytes  35.6 Mbits/sec                  
[  5]   4.10-4.20   sec   759 KBytes  62.2 Mbits/sec                  
[  5]   4.20-4.30   sec  1.11 MBytes  93.3 Mbits/sec                  
[  5]   4.30-4.40   sec   971 KBytes  79.2 Mbits/sec                  
[  5]   4.40-4.50   sec  1.06 MBytes  89.1 Mbits/sec                  
[  5]   4.50-4.60   sec  1.19 MBytes  99.4 Mbits/sec                  
[  5]   4.60-4.70   sec  1.10 MBytes  92.3 Mbits/sec                  
[  5]   4.70-4.80   sec  1.05 MBytes  88.5 Mbits/sec                  
[  5]   4.80-4.90   sec  1.04 MBytes  87.4 Mbits/sec                  
[  5]   4.90-5.00   sec  1.14 MBytes  96.0 Mbits/sec                  
- - - - - - - - - - - - - - - - - - - - - - - - -
[ ID] Interval           Transfer     Bitrate         Retr
[  5]   0.00-5.07   sec   320 MBytes   529 Mbits/sec    0             sender
[  5]   0.00-5.00   sec  43.2 MBytes  72.4 Mbits/sec                  receiver

iperf Done.
End time: 1745180668309
