Start time: 1730595394068
[2024-11-02T18:56:35.129298-0600] nuttcp-r: v8.1.4: socket
[2024-11-02T18:56:35.129758-0600] nuttcp-r: buflen=65536, nstream=1, port=5379 tcp
[2024-11-02T18:56:35.129791-0600] nuttcp-r: interval reporting every 0.50 seconds
[2024-11-02T18:56:35.129817-0600] nuttcp-r: connect to 54.176.53.206 with RTT=66.402 ms af=inet
[2024-11-02T18:56:35.129840-0600] nuttcp-r: send window size = 2097152, receive window size = 6291456
[2024-11-02T18:56:35.129863-0600] nuttcp-r: available send window = 1572864, available receive window = 4718592
[2024-11-02T18:56:35.129886-0600]     1.0000 MB /   0.50 sec =   16.7764 Mbps     0 retrans
[2024-11-02T18:56:35.629440-0600]    12.4375 MB /   0.50 sec =  208.6474 Mbps     0 retrans
[2024-11-02T18:56:36.129406-0600]    16.0000 MB /   0.50 sec =  268.4435 Mbps     0 retrans
[2024-11-02T18:56:36.629864-0600]     9.6875 MB /   0.50 sec =  162.5218 Mbps     0 retrans
[2024-11-02T18:56:37.129806-0600]    13.6250 MB /   0.50 sec =  228.6001 Mbps     0 retrans
[2024-11-02T18:56:37.629708-0600]    11.7500 MB /   0.50 sec =  197.0432 Mbps     0 retrans
[2024-11-02T18:56:38.129594-0600]    10.6875 MB /   0.50 sec =  179.3312 Mbps     0 retrans
[2024-11-02T18:56:38.629552-0600]    17.0000 MB /   0.50 sec =  285.3011 Mbps     0 retrans
[2024-11-02T18:56:39.129354-0600]     9.8750 MB /   0.50 sec =  165.6813 Mbps     0 retrans
[2024-11-02T18:56:39.629620-0600]     3.3750 MB /   0.50 sec =   56.6023 Mbps     0 retrans
[2024-11-02T18:56:40.130541-0600]     9.4375 MB /   0.50 sec =  158.0407 Mbps     0 retrans
[2024-11-02T18:56:40.629561-0600]     5.0625 MB /   0.50 sec =   85.0948 Mbps     0 retrans
[2024-11-02T18:56:41.129588-0600]     9.6875 MB /   0.50 sec =  162.5244 Mbps     0 retrans
[2024-11-02T18:56:41.629526-0600]    13.0625 MB /   0.50 sec =  219.1844 Mbps     0 retrans
[2024-11-02T18:56:42.129561-0600]    11.0000 MB /   0.50 sec =  184.5841 Mbps     0 retrans
[2024-11-02T18:56:42.629391-0600]    10.5625 MB /   0.50 sec =  177.2111 Mbps     0 retrans
[2024-11-02T18:56:43.129405-0600]     7.3750 MB /   0.50 sec =  123.7307 Mbps     0 retrans
[2024-11-02T18:56:43.630505-0600]     2.7500 MB /   0.50 sec =   46.0408 Mbps     0 retrans
[2024-11-02T18:56:44.129521-0600]     1.7500 MB /   0.50 sec =   29.4147 Mbps     0 retrans
[2024-11-02T18:56:44.630633-0600]     0.0000 MB /   0.50 sec =    0.0000 Mbps     0 retrans
[2024-11-02T18:56:45.131147-0600]     3.1875 MB /   0.50 sec =   53.4556 Mbps     0 retrans
[2024-11-02T18:56:45.630937-0600]     0.0000 MB /   0.50 sec =    0.0000 Mbps     0 retrans
[2024-11-02T18:56:46.129356-0600]     0.0000 MB /   0.50 sec =    0.0000 Mbps     0 retrans
[2024-11-02T18:56:46.630225-0600]     3.4375 MB /   0.50 sec =   57.6227 Mbps     0 retrans
[2024-11-02T18:56:47.129573-0600]     0.7500 MB /   0.50 sec =   12.5900 Mbps     0 retrans
[2024-11-02T18:56:47.630804-0600]     0.0000 MB /   0.50 sec =    0.0000 Mbps     0 retrans
[2024-11-02T18:56:48.129833-0600]     0.0000 MB /   0.50 sec =    0.0000 Mbps     0 retrans
[2024-11-02T18:56:48.629641-0600]     3.9375 MB /   0.50 sec =   66.0784 Mbps     0 retrans
[2024-11-02T18:56:49.130621-0600]     0.2500 MB /   0.50 sec =    4.1853 Mbps     0 retrans
[2024-11-02T18:56:49.630630-0600]     0.0000 MB /   0.50 sec =    0.0000 Mbps     0 retrans
[2024-11-02T18:56:50.129410-0600]     0.0000 MB /   0.50 sec =    0.0000 Mbps     0 retrans
[2024-11-02T18:56:50.630645-0600]     0.0000 MB /   0.50 sec =    0.0000 Mbps     0 retrans
[2024-11-02T18:56:51.131071-0600]     3.5000 MB /   0.50 sec =   58.7237 Mbps     0 retrans
[2024-11-02T18:56:51.629960-0600]     6.8125 MB /   0.50 sec =  114.5227 Mbps     0 retrans
[2024-11-02T18:56:52.130681-0600]     1.3750 MB /   0.50 sec =   23.0199 Mbps     0 retrans
[2024-11-02T18:56:52.630597-0600]     0.6875 MB /   0.50 sec =   11.5359 Mbps     0 retrans
[2024-11-02T18:56:53.129591-0600]     1.2500 MB /   0.50 sec =   21.0125 Mbps     0 retrans
[2024-11-02T18:56:53.629495-0600]     4.0625 MB /   0.50 sec =   68.1707 Mbps     0 retrans
[2024-11-02T18:56:54.129583-0600]     2.0625 MB /   0.50 sec =   34.6070 Mbps     0 retrans
[2024-11-02T18:56:54.629867-0600]     2.0625 MB /   0.50 sec =   34.5721 Mbps     0 retrans
[2024-11-02T18:56:55.129414-0600]     1.9375 MB /   0.50 sec =   32.5369 Mbps     0 retrans
[2024-11-02T18:56:55.629903-0600]     2.0625 MB /   0.50 sec =   34.5693 Mbps     0 retrans
[2024-11-02T18:56:56.129371-0600]     2.5625 MB /   0.50 sec =   43.0330 Mbps     0 retrans
[2024-11-02T18:56:56.629757-0600]     1.8750 MB /   0.50 sec =   31.4382 Mbps     0 retrans
[2024-11-02T18:56:57.129417-0600]     2.3750 MB /   0.50 sec =   39.8694 Mbps     0 retrans
[2024-11-02T18:56:57.629670-0600]     2.1875 MB /   0.50 sec =   36.6817 Mbps     0 retrans
[2024-11-02T18:56:58.129410-0600]     2.9375 MB /   0.50 sec =   49.3079 Mbps     0 retrans
[2024-11-02T18:56:58.629415-0600]     2.8750 MB /   0.50 sec =   48.2339 Mbps     0 retrans
[2024-11-02T18:56:59.129611-0600]     3.4375 MB /   0.50 sec =   57.6655 Mbps     0 retrans
[2024-11-02T18:56:59.629277-0600]     3.6875 MB /   0.50 sec =   61.8777 Mbps     0 retrans
[2024-11-02T18:57:00.129382-0600]     4.4375 MB /   0.50 sec =   74.4446 Mbps     0 retrans
[2024-11-02T18:57:00.629396-0600]     3.3125 MB /   0.50 sec =   55.5737 Mbps     0 retrans
[2024-11-02T18:57:01.130528-0600]     1.1875 MB /   0.50 sec =   19.8794 Mbps     0 retrans
[2024-11-02T18:57:01.629697-0600]     3.3125 MB /   0.50 sec =   55.6695 Mbps     0 retrans
[2024-11-02T18:57:02.129451-0600]     4.7500 MB /   0.50 sec =   79.7205 Mbps     0 retrans
[2024-11-02T18:57:02.629422-0600]     3.5625 MB /   0.50 sec =   59.7754 Mbps     0 retrans
[2024-11-02T18:57:03.129393-0600]     3.3750 MB /   0.50 sec =   56.6227 Mbps     0 retrans
[2024-11-02T18:57:03.629398-0600]     3.7500 MB /   0.50 sec =   62.9158 Mbps     0 retrans
[2024-11-02T18:57:04.129555-0600]     4.6250 MB /   0.50 sec =   77.5940 Mbps     0 retrans
[2024-11-02T18:57:04.629438-0600]     4.6875 MB /   0.50 sec =   78.6408 Mbps     0 retrans
[2024-11-02T18:57:05.129870-0600]     5.6250 MB /   0.50 sec =   94.3667 Mbps     0 retrans
[2024-11-02T18:57:05.629909-0600]     5.7500 MB /   0.50 sec =   96.3857 Mbps     0 retrans
[2024-11-02T18:57:06.129424-0600]     7.2500 MB /   0.50 sec =  121.7483 Mbps     0 retrans
[2024-11-02T18:57:06.629447-0600]     7.2500 MB /   0.50 sec =  121.6229 Mbps     0 retrans
[2024-11-02T18:57:07.129412-0600]     6.5625 MB /   0.50 sec =  110.1128 Mbps     0 retrans
[2024-11-02T18:57:07.629424-0600]     8.0625 MB /   0.50 sec =  135.2652 Mbps     0 retrans
[2024-11-02T18:57:08.129383-0600]     7.7500 MB /   0.50 sec =  130.0263 Mbps     0 retrans
[2024-11-02T18:57:08.629850-0600]     5.1875 MB /   0.50 sec =   86.9645 Mbps     0 retrans
[2024-11-02T18:57:09.129433-0600]    12.3750 MB /   0.50 sec =  207.7701 Mbps     0 retrans
[2024-11-02T18:57:09.629418-0600]    10.9375 MB /   0.50 sec =  183.5045 Mbps     0 retrans
[2024-11-02T18:57:10.129801-0600]     4.0000 MB /   0.50 sec =   67.0629 Mbps     0 retrans
[2024-11-02T18:57:10.629693-0600]     8.2500 MB /   0.50 sec =  138.5134 Mbps     0 retrans
[2024-11-02T18:57:11.129892-0600]    10.1875 MB /   0.50 sec =  170.7611 Mbps     0 retrans
[2024-11-02T18:57:11.629760-0600]     7.0000 MB /   0.50 sec =  117.4727 Mbps     0 retrans
[2024-11-02T18:57:12.129376-0600]    16.7500 MB /   0.50 sec =  281.1961 Mbps     0 retrans
[2024-11-02T18:57:12.629420-0600]    12.3125 MB /   0.50 sec =  206.5604 Mbps     0 retrans
[2024-11-02T18:57:13.129423-0600]    11.8125 MB /   0.50 sec =  198.1809 Mbps     0 retrans
[2024-11-02T18:57:13.629507-0600]    13.5000 MB /   0.50 sec =  226.4476 Mbps     0 retrans
[2024-11-02T18:57:14.130599-0600]     9.6250 MB /   0.50 sec =  161.1523 Mbps     0 retrans
[2024-11-02T18:57:14.629878-0600]    12.6250 MB /   0.50 sec =  212.1216 Mbps     0 retrans
[2024-11-02T18:57:15.129438-0600]    12.1250 MB /   0.50 sec =  203.5605 Mbps     0 retrans
[2024-11-02T18:57:15.629428-0600]    19.1250 MB /   0.50 sec =  320.8951 Mbps     0 retrans
[2024-11-02T18:57:16.129742-0600]    11.7500 MB /   0.50 sec =  197.0440 Mbps     0 retrans
[2024-11-02T18:57:16.629804-0600]    19.0625 MB /   0.50 sec =  319.7147 Mbps     0 retrans
[2024-11-02T18:57:17.130571-0600]     5.7500 MB /   0.50 sec =   96.3310 Mbps     0 retrans
[2024-11-02T18:57:17.629418-0600]    13.5625 MB /   0.50 sec =  228.0459 Mbps     0 retrans
[2024-11-02T18:57:18.129387-0600]    12.6250 MB /   0.50 sec =  211.8157 Mbps     0 retrans
[2024-11-02T18:57:18.629434-0600]    14.7500 MB /   0.50 sec =  247.4629 Mbps     0 retrans
[2024-11-02T18:57:19.130604-0600]     8.0625 MB /   0.50 sec =  134.9591 Mbps     0 retrans
[2024-11-02T18:57:19.629620-0600]    17.3750 MB /   0.50 sec =  292.1357 Mbps     0 retrans
[2024-11-02T18:57:20.129418-0600]    12.1875 MB /   0.50 sec =  204.4936 Mbps     0 retrans
[2024-11-02T18:57:20.629431-0600]    12.6875 MB /   0.50 sec =  212.8448 Mbps     0 retrans
[2024-11-02T18:57:21.129380-0600]    12.6875 MB /   0.50 sec =  212.8809 Mbps     0 retrans
[2024-11-02T18:57:21.629430-0600]    12.3125 MB /   0.50 sec =  206.5645 Mbps     0 retrans
[2024-11-02T18:57:22.129438-0600]    13.8750 MB /   0.50 sec =  232.7797 Mbps     0 retrans
[2024-11-02T18:57:22.630494-0600]     8.0000 MB /   0.50 sec =  133.9346 Mbps     0 retrans
[2024-11-02T18:57:23.130603-0600]     7.2500 MB /   0.50 sec =  121.6195 Mbps     0 retrans
[2024-11-02T18:57:23.629448-0600]    16.2500 MB /   0.50 sec =  273.2495 Mbps     0 retrans
[2024-11-02T18:57:24.129552-0600]     9.1250 MB /   0.50 sec =  153.0502 Mbps     0 retrans
[2024-11-02T18:57:24.639358-0600]    14.2500 MB /   0.51 sec =  234.5039 Mbps     0 retrans
[2024-11-02T18:57:25.130097-0600]     7.9375 MB /   0.49 sec =  135.8046 Mbps     0 retrans
[2024-11-02T18:57:25.629404-0600]    15.3750 MB /   0.50 sec =  258.0452 Mbps     0 retrans
[2024-11-02T18:57:26.129659-0600]    12.3125 MB /   0.50 sec =  206.5067 Mbps     0 retrans
[2024-11-02T18:57:26.630593-0600]     5.3750 MB /   0.50 sec =   90.0049 Mbps     0 retrans
[2024-11-02T18:57:27.130510-0600]    11.6250 MB /   0.50 sec =  195.0472 Mbps     0 retrans
[2024-11-02T18:57:27.629864-0600]    11.6875 MB /   0.50 sec =  196.4314 Mbps     0 retrans
[2024-11-02T18:57:28.129419-0600]     7.7500 MB /   0.50 sec =  130.0713 Mbps     0 retrans
[2024-11-02T18:57:28.629535-0600]     8.1250 MB /   0.50 sec =  136.2865 Mbps     0 retrans
[2024-11-02T18:57:29.129419-0600]     9.9375 MB /   0.50 sec =  166.7613 Mbps     0 retrans
[2024-11-02T18:57:29.629627-0600]     2.7500 MB /   0.50 sec =   46.1208 Mbps     0 retrans
[2024-11-02T18:57:30.130511-0600]     8.0625 MB /   0.50 sec =  135.0235 Mbps     0 retrans
[2024-11-02T18:57:30.629519-0600]     8.0000 MB /   0.50 sec =  134.4848 Mbps     0 retrans
[2024-11-02T18:57:31.129408-0600]    13.8125 MB /   0.50 sec =  231.7775 Mbps     0 retrans
[2024-11-02T18:57:31.629392-0600]     6.1250 MB /   0.50 sec =  102.7506 Mbps     0 retrans
[2024-11-02T18:57:32.130516-0600]     5.5625 MB /   0.50 sec =   93.1329 Mbps     0 retrans
[2024-11-02T18:57:32.630604-0600]     5.0000 MB /   0.50 sec =   83.8727 Mbps     0 retrans
[2024-11-02T18:57:33.129421-0600]    11.4375 MB /   0.50 sec =  192.3237 Mbps     0 retrans
[2024-11-02T18:57:33.629410-0600]     7.6250 MB /   0.50 sec =  127.9322 Mbps     0 retrans
[2024-11-02T18:57:34.129418-0600]     8.5625 MB /   0.50 sec =  143.6538 Mbps     0 retrans
[2024-11-02T18:57:34.629650-0600]     6.4375 MB /   0.50 sec =  107.9776 Mbps     0 retrans
[2024-11-02T18:57:35.129505-0600]     8.2500 MB /   0.50 sec =  138.4253 Mbps     0 retrans
[2024-11-02T18:57:35.629421-0600]     7.6875 MB /   0.50 sec =  128.9924 Mbps     0 retrans
[2024-11-02T18:57:36.129404-0600]     7.6250 MB /   0.50 sec =  127.9171 Mbps     0 retrans
[2024-11-02T18:57:36.629487-0600]     5.7500 MB /   0.50 sec =   96.4632 Mbps     0 retrans
[2024-11-02T18:57:37.129434-0600]     6.4375 MB /   0.50 sec =  108.0096 Mbps     0 retrans
[2024-11-02T18:57:37.629413-0600]     7.6875 MB /   0.50 sec =  128.9841 Mbps     0 retrans
[2024-11-02T18:57:38.129760-0600]     8.5000 MB /   0.50 sec =  142.5661 Mbps     0 retrans
[2024-11-02T18:57:38.629426-0600]     2.4375 MB /   0.50 sec =   40.9046 Mbps     0 retrans
[2024-11-02T18:57:39.129493-0600]     2.9375 MB /   0.50 sec =   49.2800 Mbps     0 retrans
[2024-11-02T18:57:39.629497-0600]     7.8750 MB /   0.50 sec =  132.1227 Mbps     0 retrans
[2024-11-02T18:57:40.129373-0600]    10.5000 MB /   0.50 sec =  176.1787 Mbps     0 retrans
[2024-11-02T18:57:40.629478-0600]     8.3750 MB /   0.50 sec =  140.4965 Mbps     0 retrans
[2024-11-02T18:57:41.129469-0600]     3.7500 MB /   0.50 sec =   62.9146 Mbps     0 retrans
[2024-11-02T18:57:41.629419-0600]     5.5000 MB /   0.50 sec =   92.2769 Mbps     0 retrans
[2024-11-02T18:57:42.129976-0600]     4.4375 MB /   0.50 sec =   74.3718 Mbps     0 retrans
[2024-11-02T18:57:42.629411-0600]    13.9375 MB /   0.50 sec =  234.0876 Mbps     0 retrans
[2024-11-02T18:57:43.129599-0600]    12.2500 MB /   0.50 sec =  205.4999 Mbps     0 retrans
[2024-11-02T18:57:43.629645-0600]     6.8125 MB /   0.50 sec =  114.2655 Mbps     0 retrans
[2024-11-02T18:57:44.130542-0600]     0.0000 MB /   0.50 sec =    0.0000 Mbps     0 retrans
[2024-11-02T18:57:44.630498-0600]     3.5000 MB /   0.50 sec =   58.7212 Mbps     0 retrans
[2024-11-02T18:57:45.129454-0600]    10.8750 MB /   0.50 sec =  182.8343 Mbps     0 retrans
[2024-11-02T18:57:45.630601-0600]     2.0000 MB /   0.50 sec =   33.4810 Mbps     0 retrans
[2024-11-02T18:57:46.129626-0600]     5.2500 MB /   0.50 sec =   88.2468 Mbps     0 retrans
[2024-11-02T18:57:46.629468-0600]     9.9375 MB /   0.50 sec =  166.7733 Mbps     0 retrans
[2024-11-02T18:57:47.129668-0600]    10.6250 MB /   0.50 sec =  178.2750 Mbps     0 retrans
[2024-11-02T18:57:47.630893-0600]     2.8750 MB /   0.50 sec =   48.0953 Mbps     0 retrans
[2024-11-02T18:57:48.129440-0600]    14.8750 MB /   0.50 sec =  250.2719 Mbps     0 retrans
[2024-11-02T18:57:48.629391-0600]     6.6250 MB /   0.50 sec =  111.1548 Mbps     0 retrans
[2024-11-02T18:57:49.129600-0600]     0.3125 MB /   0.50 sec =    5.2410 Mbps     0 retrans
[2024-11-02T18:57:49.629501-0600]     7.5000 MB /   0.50 sec =  125.8676 Mbps     0 retrans
[2024-11-02T18:57:50.129601-0600]     8.0000 MB /   0.50 sec =  134.1751 Mbps     0 retrans
[2024-11-02T18:57:50.629595-0600]     7.6875 MB /   0.50 sec =  128.9767 Mbps     0 retrans
[2024-11-02T18:57:51.130592-0600]     2.8750 MB /   0.50 sec =   48.1415 Mbps     0 retrans
[2024-11-02T18:57:51.629588-0600]     3.6875 MB /   0.50 sec =   61.9880 Mbps     0 retrans
[2024-11-02T18:57:52.130476-0600]     2.1875 MB /   0.50 sec =   36.6344 Mbps     0 retrans
[2024-11-02T18:57:52.629658-0600]     1.6250 MB /   0.50 sec =   27.3205 Mbps     0 retrans
[2024-11-02T18:57:53.130021-0600]    11.0000 MB /   0.50 sec =  184.3834 Mbps     0 retrans
[2024-11-02T18:57:53.629381-0600]     7.0000 MB /   0.50 sec =  117.5470 Mbps     0 retrans
[2024-11-02T18:57:54.129424-0600]     8.8750 MB /   0.50 sec =  148.8990 Mbps     0 retrans
[2024-11-02T18:57:54.629430-0600]     9.0000 MB /   0.50 sec =  150.9853 Mbps     0 retrans
[2024-11-02T18:57:55.129549-0600]     8.9375 MB /   0.50 sec =  149.9545 Mbps     0 retrans
[2024-11-02T18:57:55.629419-0600]     9.6250 MB /   0.50 sec =  161.4836 Mbps     0 retrans
[2024-11-02T18:57:56.130572-0600]     6.4375 MB /   0.50 sec =  107.7568 Mbps     0 retrans
[2024-11-02T18:57:56.629395-0600]    12.1250 MB /   0.50 sec =  203.8845 Mbps     0 retrans
[2024-11-02T18:57:57.129436-0600]     9.8125 MB /   0.50 sec =  164.6162 Mbps     0 retrans
[2024-11-02T18:57:57.629480-0600]    10.8750 MB /   0.50 sec =  182.4402 Mbps     0 retrans
[2024-11-02T18:57:58.129391-0600]    12.9375 MB /   0.50 sec =  217.0830 Mbps     0 retrans
[2024-11-02T18:57:58.629919-0600]    10.8125 MB /   0.50 sec =  181.4051 Mbps     0 retrans
[2024-11-02T18:57:59.129390-0600]    13.6875 MB /   0.50 sec =  229.6372 Mbps     0 retrans
[2024-11-02T18:57:59.629393-0600]    14.9375 MB /   0.50 sec =  250.6072 Mbps     0 retrans
[2024-11-02T18:58:00.129426-0600]    12.9375 MB /   0.50 sec =  217.0522 Mbps     0 retrans
[2024-11-02T18:58:00.629490-0600]    14.5000 MB /   0.50 sec =  243.2331 Mbps     0 retrans
[2024-11-02T18:58:01.129476-0600]    14.9375 MB /   0.50 sec =  250.6503 Mbps     0 retrans
[2024-11-02T18:58:01.629562-0600]    15.1250 MB /   0.50 sec =  253.7579 Mbps     0 retrans
[2024-11-02T18:58:02.129387-0600]    13.8750 MB /   0.50 sec =  232.7853 Mbps     0 retrans
[2024-11-02T18:58:02.629723-0600]    14.3750 MB /   0.50 sec =  241.0674 Mbps     0 retrans
[2024-11-02T18:58:03.129828-0600]    11.0625 MB /   0.50 sec =  185.5245 Mbps     0 retrans
[2024-11-02T18:58:03.629432-0600]     5.1875 MB /   0.50 sec =   87.0945 Mbps     0 retrans
[2024-11-02T18:58:04.129424-0600]    14.8125 MB /   0.50 sec =  248.5384 Mbps     0 retrans
[2024-11-02T18:58:04.629463-0600]    13.8125 MB /   0.50 sec =  231.7140 Mbps     0 retrans
[2024-11-02T18:58:05.129381-0600]    14.4375 MB /   0.50 sec =  242.2429 Mbps     0 retrans
[2024-11-02T18:58:05.630518-0600]    17.5625 MB /   0.50 sec =  294.0212 Mbps     0 retrans
[2024-11-02T18:58:06.129389-0600]    17.5000 MB /   0.50 sec =  294.2315 Mbps     0 retrans
[2024-11-02T18:58:06.629585-0600]    13.6250 MB /   0.50 sec =  228.5137 Mbps     0 retrans
[2024-11-02T18:58:07.129494-0600]    16.7500 MB /   0.50 sec =  281.0690 Mbps     0 retrans
[2024-11-02T18:58:07.629614-0600]    17.0625 MB /   0.50 sec =  286.2979 Mbps     0 retrans
[2024-11-02T18:58:08.129343-0600]    18.3125 MB /   0.50 sec =  307.2297 Mbps     0 retrans
[2024-11-02T18:58:08.630449-0600]    14.5625 MB /   0.50 sec =  243.8563 Mbps     0 retrans
[2024-11-02T18:58:09.129707-0600]    18.1250 MB /   0.50 sec =  304.5737 Mbps     0 retrans
[2024-11-02T18:58:09.629941-0600]    15.2500 MB /   0.50 sec =  255.7058 Mbps     0 retrans
[2024-11-02T18:58:10.129448-0600]    18.4375 MB /   0.50 sec =  309.6018 Mbps     0 retrans
[2024-11-02T18:58:10.629637-0600]    16.1250 MB /   0.50 sec =  270.4466 Mbps     0 retrans
[2024-11-02T18:58:11.129559-0600]    17.2500 MB /   0.50 sec =  289.4238 Mbps     0 retrans
[2024-11-02T18:58:11.629626-0600]    17.1250 MB /   0.50 sec =  287.2972 Mbps     0 retrans
[2024-11-02T18:58:12.129395-0600]    15.9375 MB /   0.50 sec =  267.4757 Mbps     0 retrans
[2024-11-02T18:58:12.629466-0600]    18.6250 MB /   0.50 sec =  312.4357 Mbps     0 retrans
[2024-11-02T18:58:13.130674-0600]    12.5625 MB /   0.50 sec =  210.2743 Mbps     0 retrans
[2024-11-02T18:58:13.629587-0600]    15.4375 MB /   0.50 sec =  259.6323 Mbps     0 retrans
[2024-11-02T18:58:14.129595-0600]    12.0000 MB /   0.50 sec =  201.2658 Mbps     0 retrans
[2024-11-02T18:58:14.629432-0600]    17.2500 MB /   0.50 sec =  289.5037 Mbps     0 retrans
[2024-11-02T18:58:15.129673-0600]    15.7500 MB /   0.50 sec =  264.0975 Mbps     0 retrans
[2024-11-02T18:58:15.630536-0600]    16.3750 MB /   0.50 sec =  274.2749 Mbps     0 retrans
[2024-11-02T18:58:16.129378-0600]    23.0625 MB /   0.50 sec =  387.7753 Mbps     0 retrans
[2024-11-02T18:58:16.629393-0600]    16.0625 MB /   0.50 sec =  269.4786 Mbps     0 retrans
[2024-11-02T18:58:17.129872-0600]    17.5000 MB /   0.50 sec =  293.4810 Mbps     0 retrans
[2024-11-02T18:58:17.629421-0600]    23.6875 MB /   0.50 sec =  397.5725 Mbps     0 retrans
[2024-11-02T18:58:18.129365-0600]    20.1875 MB /   0.50 sec =  338.6941 Mbps     0 retrans
[2024-11-02T18:58:18.629413-0600]    18.9375 MB /   0.50 sec =  317.7211 Mbps     0 retrans
[2024-11-02T18:58:19.129433-0600]    21.2500 MB /   0.50 sec =  356.5023 Mbps     0 retrans
[2024-11-02T18:58:19.630457-0600]    20.5625 MB /   0.50 sec =  344.2716 Mbps     0 retrans
[2024-11-02T18:58:20.129414-0600]    23.3125 MB /   0.50 sec =  391.9246 Mbps     0 retrans
[2024-11-02T18:58:20.629489-0600]    15.3125 MB /   0.50 sec =  256.8801 Mbps     0 retrans
[2024-11-02T18:58:21.129474-0600]    18.4375 MB /   0.50 sec =  309.3083 Mbps     0 retrans
[2024-11-02T18:58:21.629646-0600]    11.4375 MB /   0.50 sec =  191.8491 Mbps     0 retrans
[2024-11-02T18:58:22.129467-0600]    23.8750 MB /   0.50 sec =  400.6650 Mbps     0 retrans
[2024-11-02T18:58:22.629353-0600]    22.0625 MB /   0.50 sec =  370.2110 Mbps     0 retrans
[2024-11-02T18:58:23.129464-0600]    19.1250 MB /   0.50 sec =  320.8206 Mbps     0 retrans
[2024-11-02T18:58:23.629803-0600]    24.8750 MB /   0.50 sec =  417.3758 Mbps     0 retrans
[2024-11-02T18:58:24.129442-0600]    13.7500 MB /   0.50 sec =  230.6600 Mbps     0 retrans
[2024-11-02T18:58:24.629425-0600]    20.6875 MB /   0.50 sec =  347.0988 Mbps     0 retrans
[2024-11-02T18:58:25.129401-0600]    24.7500 MB /   0.50 sec =  415.2535 Mbps     0 retrans
[2024-11-02T18:58:25.629417-0600]    21.1875 MB /   0.50 sec =  355.4587 Mbps     0 retrans
[2024-11-02T18:58:26.129436-0600]    19.3750 MB /   0.50 sec =  325.0527 Mbps     0 retrans
[2024-11-02T18:58:26.629772-0600]    17.7500 MB /   0.50 sec =  297.7926 Mbps     0 retrans
[2024-11-02T18:58:27.129438-0600]    11.9375 MB /   0.50 sec =  200.2816 Mbps     0 retrans
[2024-11-02T18:58:27.629631-0600]    15.9375 MB /   0.50 sec =  267.2960 Mbps     0 retrans
[2024-11-02T18:58:28.129395-0600]    28.3750 MB /   0.50 sec =  476.2230 Mbps     0 retrans
[2024-11-02T18:58:28.629461-0600]    18.0000 MB /   0.50 sec =  301.9772 Mbps     0 retrans
[2024-11-02T18:58:29.129385-0600]    20.1875 MB /   0.50 sec =  338.7090 Mbps     0 retrans
[2024-11-02T18:58:29.630905-0600]    21.3125 MB /   0.50 sec =  356.7930 Mbps     0 retrans
[2024-11-02T18:58:30.130547-0600]    14.1250 MB /   0.50 sec =  236.9711 Mbps     0 retrans
[2024-11-02T18:58:30.630507-0600]    17.1250 MB /   0.50 sec =  287.3305 Mbps     0 retrans
[2024-11-02T18:58:31.129386-0600]    16.2500 MB /   0.50 sec =  273.2057 Mbps     0 retrans
[2024-11-02T18:58:31.629468-0600]    21.0000 MB /   0.50 sec =  352.3025 Mbps     0 retrans
[2024-11-02T18:58:32.129639-0600]    17.4375 MB /   0.50 sec =  292.4591 Mbps     0 retrans
[2024-11-02T18:58:32.629387-0600]    14.5625 MB /   0.50 sec =  244.4130 Mbps     0 retrans
[2024-11-02T18:58:33.129427-0600]    24.3125 MB /   0.50 sec =  407.8895 Mbps     0 retrans
[2024-11-02T18:58:33.629670-0600]    25.0000 MB /   0.50 sec =  419.4421 Mbps     0 retrans
[2024-11-02T18:58:34.129396-0600]    20.5000 MB /   0.50 sec =  343.9260 Mbps     0 retrans
[2024-11-02T18:58:34.629511-0600]    15.0625 MB /   0.50 sec =  252.7073 Mbps     0 retrans
[2024-11-02T18:58:35.129704-0600]    13.6875 MB /   0.50 sec =  229.5298 Mbps     0 retrans
End time: 1730595515193
