Start time: 1731088443512
[2024-11-08T12:54:04.480319-0500] nuttcp-r: v8.1.4: socket
[2024-11-08T12:54:04.481090-0500] nuttcp-r: buflen=65536, nstream=1, port=5379 tcp
[2024-11-08T12:54:04.481149-0500] nuttcp-r: interval reporting every 0.50 seconds
[2024-11-08T12:54:04.481195-0500] nuttcp-r: connect to 54.197.223.49 with RTT=75.246 ms af=inet
[2024-11-08T12:54:04.481240-0500] nuttcp-r: send window size = 2097152, receive window size = 6291456
[2024-11-08T12:54:04.481284-0500] nuttcp-r: available send window = 1572864, available receive window = 4718592
[2024-11-08T12:54:04.481324-0500]     0.3125 MB /   0.50 sec =    5.2409 Mbps     0 retrans     13 KB-cwnd
[2024-11-08T12:54:04.980100-0500]     7.4375 MB /   0.50 sec =  124.8075 Mbps     0 retrans     13 KB-cwnd
[2024-11-08T12:54:05.480120-0500]    15.9375 MB /   0.50 sec =  267.3671 Mbps     0 retrans     13 KB-cwnd
[2024-11-08T12:54:05.980396-0500]    14.8125 MB /   0.50 sec =  248.5528 Mbps     0 retrans     13 KB-cwnd
[2024-11-08T12:54:06.480673-0500]     5.5625 MB /   0.50 sec =   93.2477 Mbps     0 retrans     13 KB-cwnd
[2024-11-08T12:54:06.981766-0500]     3.3125 MB /   0.50 sec =   55.4808 Mbps     0 retrans     13 KB-cwnd
[2024-11-08T12:54:07.480634-0500]    12.0000 MB /   0.50 sec =  201.6206 Mbps     0 retrans     13 KB-cwnd
[2024-11-08T12:54:07.980294-0500]     2.5625 MB /   0.50 sec =   43.0172 Mbps     0 retrans     13 KB-cwnd
[2024-11-08T12:54:08.480186-0500]     7.5625 MB /   0.50 sec =  126.9287 Mbps     0 retrans     13 KB-cwnd
[2024-11-08T12:54:08.981195-0500]     3.9375 MB /   0.50 sec =   65.9170 Mbps     0 retrans     13 KB-cwnd
[2024-11-08T12:54:09.480035-0500]    10.5625 MB /   0.50 sec =  177.5990 Mbps     0 retrans     13 KB-cwnd
[2024-11-08T12:54:09.980214-0500]     6.3125 MB /   0.50 sec =  105.8717 Mbps     0 retrans     13 KB-cwnd
[2024-11-08T12:54:10.480010-0500]    11.0000 MB /   0.50 sec =  184.6158 Mbps     0 retrans     13 KB-cwnd
[2024-11-08T12:54:10.980141-0500]     7.9375 MB /   0.50 sec =  133.1455 Mbps     0 retrans     13 KB-cwnd
[2024-11-08T12:54:11.479990-0500]     9.1875 MB /   0.50 sec =  154.1687 Mbps     0 retrans     13 KB-cwnd
[2024-11-08T12:54:11.980032-0500]     9.7500 MB /   0.50 sec =  163.5759 Mbps     0 retrans     13 KB-cwnd
[2024-11-08T12:54:12.479941-0500]    10.6875 MB /   0.50 sec =  179.3194 Mbps     0 retrans     13 KB-cwnd
[2024-11-08T12:54:12.979899-0500]    10.9375 MB /   0.50 sec =  183.5023 Mbps     0 retrans     13 KB-cwnd
[2024-11-08T12:54:13.479959-0500]     8.0000 MB /   0.50 sec =  134.2027 Mbps     0 retrans     13 KB-cwnd
[2024-11-08T12:54:13.980431-0500]    10.1250 MB /   0.50 sec =  169.8357 Mbps     0 retrans     13 KB-cwnd
[2024-11-08T12:54:14.479899-0500]    15.3750 MB /   0.50 sec =  258.0307 Mbps     0 retrans     13 KB-cwnd
[2024-11-08T12:54:14.980015-0500]    13.6250 MB /   0.50 sec =  228.5704 Mbps     0 retrans     13 KB-cwnd
[2024-11-08T12:54:15.479921-0500]    14.0625 MB /   0.50 sec =  235.9371 Mbps     0 retrans     13 KB-cwnd
[2024-11-08T12:54:15.980236-0500]    15.7500 MB /   0.50 sec =  264.2158 Mbps     0 retrans     13 KB-cwnd
[2024-11-08T12:54:16.479901-0500]    18.1250 MB /   0.50 sec =  304.1284 Mbps     0 retrans     21 KB-cwnd
[2024-11-08T12:54:16.980244-0500]    15.0000 MB /   0.50 sec =  251.5898 Mbps     0 retrans     21 KB-cwnd
[2024-11-08T12:54:17.479909-0500]    15.6250 MB /   0.50 sec =  262.2179 Mbps     0 retrans     21 KB-cwnd
[2024-11-08T12:54:17.979974-0500]     5.8125 MB /   0.50 sec =   97.5027 Mbps     0 retrans     21 KB-cwnd
[2024-11-08T12:54:18.479946-0500]     7.6875 MB /   0.50 sec =  128.9844 Mbps     0 retrans     21 KB-cwnd
[2024-11-08T12:54:18.979934-0500]    11.2500 MB /   0.50 sec =  188.7441 Mbps     0 retrans     26 KB-cwnd
[2024-11-08T12:54:19.479945-0500]     5.3750 MB /   0.50 sec =   90.1783 Mbps     0 retrans     26 KB-cwnd
[2024-11-08T12:54:19.980443-0500]    10.1250 MB /   0.50 sec =  169.8618 Mbps     0 retrans     26 KB-cwnd
[2024-11-08T12:54:20.479959-0500]    16.5000 MB /   0.50 sec =  276.8385 Mbps     0 retrans     26 KB-cwnd
[2024-11-08T12:54:20.980109-0500]     8.8750 MB /   0.50 sec =  148.8859 Mbps     0 retrans     26 KB-cwnd
[2024-11-08T12:54:21.480287-0500]    21.8750 MB /   0.50 sec =  366.8541 Mbps     0 retrans     26 KB-cwnd
[2024-11-08T12:54:21.981039-0500]    19.7500 MB /   0.50 sec =  331.1335 Mbps     0 retrans     26 KB-cwnd
[2024-11-08T12:54:22.479911-0500]    16.3125 MB /   0.50 sec =  273.9973 Mbps     0 retrans     26 KB-cwnd
[2024-11-08T12:54:22.981178-0500]    17.1250 MB /   0.50 sec =  286.6248 Mbps   632 retrans   4568 KB-cwnd
[2024-11-08T12:54:23.480008-0500]    19.0000 MB /   0.50 sec =  319.5398 Mbps     0 retrans   4568 KB-cwnd
[2024-11-08T12:54:23.980136-0500]    20.8750 MB /   0.50 sec =  350.1221 Mbps     0 retrans   4568 KB-cwnd
[2024-11-08T12:54:24.479950-0500]    16.1875 MB /   0.50 sec =  271.6464 Mbps     0 retrans   4568 KB-cwnd
[2024-11-08T12:54:24.980217-0500]    12.3750 MB /   0.50 sec =  207.5392 Mbps     0 retrans   4568 KB-cwnd
[2024-11-08T12:54:25.480250-0500]    21.7500 MB /   0.50 sec =  365.0125 Mbps     0 retrans   4568 KB-cwnd
[2024-11-08T12:54:25.980061-0500]    17.3125 MB /   0.50 sec =  290.4736 Mbps     0 retrans   4845 KB-cwnd
[2024-11-08T12:54:26.479896-0500]    15.4375 MB /   0.50 sec =  259.0190 Mbps     0 retrans   4845 KB-cwnd
[2024-11-08T12:54:26.979953-0500]    10.7500 MB /   0.50 sec =  180.3378 Mbps     0 retrans   4845 KB-cwnd
[2024-11-08T12:54:27.479947-0500]    19.9375 MB /   0.50 sec =  334.5111 Mbps    21 retrans   8122 KB-cwnd
[2024-11-08T12:54:27.980374-0500]    15.3125 MB /   0.50 sec =  256.7050 Mbps     0 retrans   8122 KB-cwnd
[2024-11-08T12:54:28.480252-0500]    14.1875 MB /   0.50 sec =  238.0572 Mbps     0 retrans   8122 KB-cwnd
[2024-11-08T12:54:28.980030-0500]    19.0625 MB /   0.50 sec =  319.9705 Mbps     0 retrans   8122 KB-cwnd
[2024-11-08T12:54:29.480155-0500]    12.1250 MB /   0.50 sec =  203.4384 Mbps     0 retrans   7041 KB-cwnd
[2024-11-08T12:54:29.980691-0500]     0.0000 MB /   0.50 sec =    0.0000 Mbps     0 retrans   7041 KB-cwnd
[2024-11-08T12:54:30.479986-0500]     3.7500 MB /   0.50 sec =   62.9386 Mbps     0 retrans   7041 KB-cwnd
[2024-11-08T12:54:30.980314-0500]     9.3750 MB /   0.50 sec =  157.2914 Mbps     0 retrans   7041 KB-cwnd
[2024-11-08T12:54:31.480007-0500]     0.0000 MB /   0.50 sec =    0.0000 Mbps     0 retrans   7041 KB-cwnd
[2024-11-08T12:54:31.979976-0500]     4.6250 MB /   0.50 sec =   77.5979 Mbps     0 retrans   7041 KB-cwnd
[2024-11-08T12:54:32.479944-0500]    11.1250 MB /   0.50 sec =  186.6540 Mbps     0 retrans   7041 KB-cwnd
[2024-11-08T12:54:32.980469-0500]     7.4375 MB /   0.50 sec =  124.6763 Mbps     0 retrans   7041 KB-cwnd
[2024-11-08T12:54:33.479950-0500]     6.9375 MB /   0.50 sec =  116.4870 Mbps     0 retrans   7387 KB-cwnd
[2024-11-08T12:54:33.980154-0500]     7.5000 MB /   0.50 sec =  125.8072 Mbps     0 retrans   7387 KB-cwnd
[2024-11-08T12:54:34.480071-0500]    10.0625 MB /   0.50 sec =  168.8326 Mbps     0 retrans   7387 KB-cwnd
[2024-11-08T12:54:34.981456-0500]     8.0625 MB /   0.50 sec =  134.9091 Mbps     0 retrans   7387 KB-cwnd
[2024-11-08T12:54:35.480023-0500]     2.8125 MB /   0.50 sec =   47.3148 Mbps     5 retrans   8178 KB-cwnd
[2024-11-08T12:54:35.980139-0500]    11.9375 MB /   0.50 sec =  200.2816 Mbps     0 retrans   8178 KB-cwnd
[2024-11-08T12:54:36.479914-0500]    10.3750 MB /   0.50 sec =  174.0716 Mbps     0 retrans   8178 KB-cwnd
[2024-11-08T12:54:36.980017-0500]    13.3750 MB /   0.50 sec =  224.3818 Mbps     0 retrans   8178 KB-cwnd
[2024-11-08T12:54:37.479923-0500]    15.8125 MB /   0.50 sec =  265.3025 Mbps     0 retrans   8178 KB-cwnd
[2024-11-08T12:54:37.980055-0500]    19.2500 MB /   0.50 sec =  322.9311 Mbps  2046 retrans   7677 KB-cwnd
[2024-11-08T12:54:38.479994-0500]    17.0000 MB /   0.50 sec =  285.2309 Mbps     0 retrans   7917 KB-cwnd
[2024-11-08T12:54:38.979938-0500]     6.0000 MB /   0.50 sec =  100.6645 Mbps     0 retrans   7957 KB-cwnd
[2024-11-08T12:54:39.480010-0500]     7.6875 MB /   0.50 sec =  128.9676 Mbps     0 retrans   8048 KB-cwnd
[2024-11-08T12:54:39.980131-0500]    19.6875 MB /   0.50 sec =  330.3094 Mbps     0 retrans   8097 KB-cwnd
[2024-11-08T12:54:40.480036-0500]     9.1875 MB /   0.50 sec =  154.1311 Mbps     0 retrans   8097 KB-cwnd
[2024-11-08T12:54:40.980882-0500]    17.1250 MB /   0.50 sec =  286.8589 Mbps  3588 retrans   3580 KB-cwnd
[2024-11-08T12:54:41.479933-0500]    10.9375 MB /   0.50 sec =  183.8085 Mbps     0 retrans   3580 KB-cwnd
[2024-11-08T12:54:41.980724-0500]     8.5625 MB /   0.50 sec =  143.5214 Mbps     0 retrans   3580 KB-cwnd
[2024-11-08T12:54:42.480006-0500]    13.6250 MB /   0.50 sec =  228.7840 Mbps     0 retrans   3545 KB-cwnd
[2024-11-08T12:54:42.980005-0500]     4.2500 MB /   0.50 sec =   71.3060 Mbps     0 retrans   3545 KB-cwnd
[2024-11-08T12:54:43.479928-0500]    20.5000 MB /   0.50 sec =  343.9467 Mbps     0 retrans   3545 KB-cwnd
[2024-11-08T12:54:43.980024-0500]    15.3750 MB /   0.50 sec =  257.9389 Mbps     0 retrans   7922 KB-cwnd
[2024-11-08T12:54:44.480205-0500]    15.0625 MB /   0.50 sec =  252.6917 Mbps     0 retrans   7922 KB-cwnd
[2024-11-08T12:54:44.979953-0500]    10.3125 MB /   0.50 sec =  173.0296 Mbps     0 retrans   7922 KB-cwnd
[2024-11-08T12:54:45.480009-0500]    22.8750 MB /   0.50 sec =  383.7696 Mbps     0 retrans   7922 KB-cwnd
[2024-11-08T12:54:45.980028-0500]    19.1250 MB /   0.50 sec =  320.8559 Mbps    10 retrans   6520 KB-cwnd
[2024-11-08T12:54:46.480250-0500]    13.8750 MB /   0.50 sec =  232.8006 Mbps     0 retrans   6520 KB-cwnd
[2024-11-08T12:54:46.980106-0500]     8.6250 MB /   0.50 sec =  144.6853 Mbps     0 retrans   6520 KB-cwnd
[2024-11-08T12:54:47.479988-0500]    21.8125 MB /   0.50 sec =  366.0138 Mbps     0 retrans   6520 KB-cwnd
[2024-11-08T12:54:47.980067-0500]    24.0625 MB /   0.50 sec =  403.6477 Mbps     1 retrans   6520 KB-cwnd
[2024-11-08T12:54:48.479956-0500]    26.8750 MB /   0.50 sec =  450.9247 Mbps    10 retrans   7584 KB-cwnd
[2024-11-08T12:54:48.980047-0500]    29.9375 MB /   0.50 sec =  502.2358 Mbps     0 retrans   7584 KB-cwnd
[2024-11-08T12:54:49.479976-0500]    31.6250 MB /   0.50 sec =  530.5922 Mbps     1 retrans   8309 KB-cwnd
[2024-11-08T12:54:49.980091-0500]     7.8125 MB /   0.50 sec =  131.0652 Mbps     0 retrans   8309 KB-cwnd
[2024-11-08T12:54:50.480070-0500]    18.8125 MB /   0.50 sec =  315.6277 Mbps     0 retrans   8309 KB-cwnd
[2024-11-08T12:54:50.979975-0500]    17.8750 MB /   0.50 sec =  299.8993 Mbps     0 retrans   8309 KB-cwnd
[2024-11-08T12:54:51.480121-0500]     1.0000 MB /   0.50 sec =   16.7773 Mbps     0 retrans   8309 KB-cwnd
[2024-11-08T12:54:51.980549-0500]    16.0000 MB /   0.50 sec =  268.2407 Mbps     2 retrans   9918 KB-cwnd
[2024-11-08T12:54:52.480279-0500]     3.1250 MB /   0.50 sec =   52.4689 Mbps     0 retrans   9918 KB-cwnd
[2024-11-08T12:54:52.980034-0500]    23.1250 MB /   0.50 sec =  387.9654 Mbps     0 retrans  10036 KB-cwnd
[2024-11-08T12:54:53.479895-0500]    20.5000 MB /   0.50 sec =  343.9659 Mbps     0 retrans  10054 KB-cwnd
[2024-11-08T12:54:53.979929-0500]    23.5625 MB /   0.50 sec =  395.3029 Mbps     0 retrans  11308 KB-cwnd
[2024-11-08T12:54:54.479951-0500]    22.5000 MB /   0.50 sec =  377.4745 Mbps     0 retrans  11308 KB-cwnd
[2024-11-08T12:54:54.980089-0500]    15.1875 MB /   0.50 sec =  254.7785 Mbps     0 retrans  11308 KB-cwnd
[2024-11-08T12:54:55.480018-0500]    31.3750 MB /   0.50 sec =  526.3957 Mbps   714 retrans   8482 KB-cwnd
[2024-11-08T12:54:55.980356-0500]    25.9375 MB /   0.50 sec =  434.8903 Mbps     0 retrans   8482 KB-cwnd
[2024-11-08T12:54:56.480195-0500]    29.2500 MB /   0.50 sec =  491.0056 Mbps     0 retrans   8482 KB-cwnd
[2024-11-08T12:54:56.980053-0500]    27.5000 MB /   0.50 sec =  461.4547 Mbps     3 retrans   9222 KB-cwnd
[2024-11-08T12:54:57.479998-0500]     9.4375 MB /   0.50 sec =  158.3220 Mbps     0 retrans   9222 KB-cwnd
[2024-11-08T12:54:57.980132-0500]    16.5625 MB /   0.50 sec =  277.8471 Mbps     0 retrans   9555 KB-cwnd
[2024-11-08T12:54:58.481006-0500]    13.2500 MB /   0.50 sec =  221.8774 Mbps     0 retrans   9555 KB-cwnd
[2024-11-08T12:54:58.980138-0500]     3.3125 MB /   0.50 sec =   55.6790 Mbps     0 retrans   9555 KB-cwnd
[2024-11-08T12:54:59.479919-0500]    19.4375 MB /   0.50 sec =  326.1645 Mbps     1 retrans  10770 KB-cwnd
[2024-11-08T12:54:59.980082-0500]    17.7500 MB /   0.50 sec =  297.7741 Mbps     0 retrans  10770 KB-cwnd
[2024-11-08T12:55:00.479927-0500]    11.7500 MB /   0.50 sec =  197.1437 Mbps     0 retrans  10770 KB-cwnd
[2024-11-08T12:55:00.980074-0500]    18.0625 MB /   0.50 sec =  303.0076 Mbps     0 retrans  10770 KB-cwnd
[2024-11-08T12:55:01.479964-0500]     5.6875 MB /   0.50 sec =   95.4269 Mbps     0 retrans  10770 KB-cwnd
[2024-11-08T12:55:01.980111-0500]     7.6875 MB /   0.50 sec =  128.9599 Mbps     0 retrans   9718 KB-cwnd
[2024-11-08T12:55:02.480030-0500]     8.0625 MB /   0.50 sec =  135.2701 Mbps     0 retrans   9718 KB-cwnd
[2024-11-08T12:55:02.980064-0500]     4.8125 MB /   0.50 sec =   80.7487 Mbps     0 retrans  11889 KB-cwnd
[2024-11-08T12:55:03.479982-0500]    12.0000 MB /   0.50 sec =  201.3262 Mbps     0 retrans  11889 KB-cwnd
[2024-11-08T12:55:03.980080-0500]     6.1250 MB /   0.50 sec =  102.7537 Mbps     0 retrans  11889 KB-cwnd
[2024-11-08T12:55:04.479982-0500]     9.6875 MB /   0.50 sec =  162.5342 Mbps     0 retrans  11889 KB-cwnd
[2024-11-08T12:55:04.980568-0500]     6.8750 MB /   0.50 sec =  115.2343 Mbps     0 retrans  11889 KB-cwnd
[2024-11-08T12:55:05.479948-0500]     6.5000 MB /   0.50 sec =  109.1574 Mbps     0 retrans  11889 KB-cwnd
[2024-11-08T12:55:05.979924-0500]     7.1250 MB /   0.50 sec =  119.5413 Mbps     0 retrans  11889 KB-cwnd
[2024-11-08T12:55:06.480012-0500]    10.8125 MB /   0.50 sec =  181.3917 Mbps     0 retrans  11889 KB-cwnd
[2024-11-08T12:55:06.980233-0500]     6.8750 MB /   0.50 sec =  115.3447 Mbps     0 retrans  11889 KB-cwnd
[2024-11-08T12:55:07.479978-0500]     7.6250 MB /   0.50 sec =  127.9314 Mbps    10 retrans   6548 KB-cwnd
[2024-11-08T12:55:07.980136-0500]     3.7500 MB /   0.50 sec =   62.9055 Mbps     0 retrans   6548 KB-cwnd
[2024-11-08T12:55:08.480672-0500]     3.0625 MB /   0.50 sec =   51.3416 Mbps     0 retrans   6548 KB-cwnd
[2024-11-08T12:55:08.979956-0500]     5.8125 MB /   0.50 sec =   97.6044 Mbps     0 retrans   6548 KB-cwnd
[2024-11-08T12:55:09.480254-0500]     1.7500 MB /   0.50 sec =   29.3601 Mbps     0 retrans   6548 KB-cwnd
[2024-11-08T12:55:09.980430-0500]     8.6875 MB /   0.50 sec =  145.7535 Mbps     0 retrans   6548 KB-cwnd
[2024-11-08T12:55:10.480218-0500]     8.2500 MB /   0.50 sec =  138.4101 Mbps     0 retrans   6548 KB-cwnd
[2024-11-08T12:55:10.980117-0500]     1.0000 MB /   0.50 sec =   16.7753 Mbps     0 retrans   6548 KB-cwnd
[2024-11-08T12:55:11.479948-0500]     0.0000 MB /   0.50 sec =    0.0000 Mbps     0 retrans   6548 KB-cwnd
[2024-11-08T12:55:11.980043-0500]     2.8125 MB /   0.50 sec =   47.1827 Mbps     0 retrans   6548 KB-cwnd
[2024-11-08T12:55:12.480172-0500]     0.0000 MB /   0.50 sec =    0.0000 Mbps     0 retrans   6548 KB-cwnd
[2024-11-08T12:55:12.980690-0500]     0.3750 MB /   0.50 sec =    6.2847 Mbps     0 retrans   6548 KB-cwnd
[2024-11-08T12:55:13.480146-0500]     0.0000 MB /   0.50 sec =    0.0000 Mbps     0 retrans   6548 KB-cwnd
[2024-11-08T12:55:13.979950-0500]     0.0625 MB /   0.50 sec =    1.0487 Mbps     0 retrans   6548 KB-cwnd
[2024-11-08T12:55:14.480467-0500]    15.5625 MB /   0.50 sec =  260.8752 Mbps     0 retrans   6577 KB-cwnd
[2024-11-08T12:55:14.980356-0500]     7.8125 MB /   0.50 sec =  131.1565 Mbps     0 retrans   6577 KB-cwnd
[2024-11-08T12:55:15.479995-0500]    11.8750 MB /   0.50 sec =  199.2785 Mbps    13 retrans   6668 KB-cwnd
[2024-11-08T12:55:15.980031-0500]    11.1250 MB /   0.50 sec =  186.6372 Mbps     0 retrans   6668 KB-cwnd
[2024-11-08T12:55:16.480088-0500]    14.8125 MB /   0.50 sec =  248.4837 Mbps     0 retrans   6668 KB-cwnd
[2024-11-08T12:55:16.980001-0500]    15.3125 MB /   0.50 sec =  256.9427 Mbps     0 retrans   6668 KB-cwnd
[2024-11-08T12:55:17.479990-0500]    17.3750 MB /   0.50 sec =  291.5047 Mbps     0 retrans   6668 KB-cwnd
[2024-11-08T12:55:17.980400-0500]    10.8125 MB /   0.50 sec =  181.3072 Mbps     0 retrans   6668 KB-cwnd
[2024-11-08T12:55:18.480689-0500]    13.7500 MB /   0.50 sec =  230.6079 Mbps    21 retrans   3708 KB-cwnd
[2024-11-08T12:55:18.981115-0500]     6.8125 MB /   0.50 sec =  114.1548 Mbps     0 retrans   3708 KB-cwnd
[2024-11-08T12:55:19.480045-0500]    19.1250 MB /   0.50 sec =  321.5446 Mbps     0 retrans   3708 KB-cwnd
[2024-11-08T12:55:19.980065-0500]    14.0625 MB /   0.50 sec =  235.8975 Mbps     0 retrans   3708 KB-cwnd
[2024-11-08T12:55:20.480112-0500]     9.8125 MB /   0.50 sec =  164.6534 Mbps     0 retrans   3708 KB-cwnd
[2024-11-08T12:55:20.979990-0500]     6.6250 MB /   0.50 sec =  111.1442 Mbps     0 retrans   3708 KB-cwnd
[2024-11-08T12:55:21.480200-0500]     5.0000 MB /   0.50 sec =   83.8589 Mbps  5619 retrans   5269 KB-cwnd
[2024-11-08T12:55:21.980067-0500]    19.8750 MB /   0.50 sec =  333.5179 Mbps     0 retrans   5269 KB-cwnd
[2024-11-08T12:55:22.480132-0500]    14.7500 MB /   0.50 sec =  247.5075 Mbps     0 retrans   5269 KB-cwnd
[2024-11-08T12:55:22.980035-0500]    17.1875 MB /   0.50 sec =  288.3261 Mbps     0 retrans   5269 KB-cwnd
[2024-11-08T12:55:23.480215-0500]     5.3750 MB /   0.50 sec =   90.1709 Mbps     0 retrans   5269 KB-cwnd
[2024-11-08T12:55:23.981442-0500]    12.1875 MB /   0.50 sec =  204.0630 Mbps     0 retrans   5269 KB-cwnd
[2024-11-08T12:55:24.480497-0500]    12.7500 MB /   0.50 sec =  214.2309 Mbps     2 retrans   7936 KB-cwnd
[2024-11-08T12:55:24.981759-0500]     4.3750 MB /   0.50 sec =   73.2266 Mbps     0 retrans   7936 KB-cwnd
[2024-11-08T12:55:25.480248-0500]    11.1250 MB /   0.50 sec =  187.1391 Mbps     0 retrans   7936 KB-cwnd
[2024-11-08T12:55:25.981644-0500]     2.5625 MB /   0.50 sec =   42.9126 Mbps     0 retrans   7936 KB-cwnd
[2024-11-08T12:55:26.480101-0500]    14.3750 MB /   0.50 sec =  241.6664 Mbps     0 retrans   7936 KB-cwnd
[2024-11-08T12:55:26.981200-0500]     1.2500 MB /   0.50 sec =   20.9276 Mbps     0 retrans   7936 KB-cwnd
[2024-11-08T12:55:27.480194-0500]     2.4375 MB /   0.50 sec =   40.9736 Mbps     0 retrans   7936 KB-cwnd
[2024-11-08T12:55:27.980175-0500]    11.8125 MB /   0.50 sec =  198.2431 Mbps     0 retrans   7936 KB-cwnd
[2024-11-08T12:55:28.480203-0500]    11.4375 MB /   0.50 sec =  191.8299 Mbps     6 retrans   7853 KB-cwnd
[2024-11-08T12:55:28.980030-0500]     2.9375 MB /   0.50 sec =   49.2979 Mbps     0 retrans   7853 KB-cwnd
[2024-11-08T12:55:29.480137-0500]    13.1250 MB /   0.50 sec =  220.1560 Mbps     1 retrans   7684 KB-cwnd
[2024-11-08T12:55:29.980481-0500]     7.0625 MB /   0.50 sec =  118.4057 Mbps     0 retrans   7684 KB-cwnd
[2024-11-08T12:55:30.481125-0500]     8.2500 MB /   0.50 sec =  138.2439 Mbps     0 retrans   7684 KB-cwnd
[2024-11-08T12:55:30.980159-0500]    10.5000 MB /   0.50 sec =  176.4880 Mbps     0 retrans   7684 KB-cwnd
[2024-11-08T12:55:31.479986-0500]     3.7500 MB /   0.50 sec =   62.9342 Mbps     0 retrans   7684 KB-cwnd
[2024-11-08T12:55:31.980093-0500]     3.7500 MB /   0.50 sec =   62.9075 Mbps     0 retrans   7684 KB-cwnd
[2024-11-08T12:55:32.480179-0500]    13.1250 MB /   0.50 sec =  220.2353 Mbps     0 retrans   7684 KB-cwnd
[2024-11-08T12:55:32.980032-0500]     9.7500 MB /   0.50 sec =  163.5661 Mbps     6 retrans   9881 KB-cwnd
[2024-11-08T12:55:33.480055-0500]    13.0625 MB /   0.50 sec =  219.1362 Mbps     0 retrans   9881 KB-cwnd
[2024-11-08T12:55:33.980001-0500]    12.7500 MB /   0.50 sec =  213.9283 Mbps     0 retrans   9881 KB-cwnd
[2024-11-08T12:55:34.480098-0500]     9.1250 MB /   0.50 sec =  153.0783 Mbps     0 retrans   9881 KB-cwnd
[2024-11-08T12:55:34.980019-0500]    15.3750 MB /   0.50 sec =  257.9636 Mbps     0 retrans   9881 KB-cwnd
[2024-11-08T12:55:35.480330-0500]    15.0625 MB /   0.50 sec =  252.7088 Mbps     0 retrans   9881 KB-cwnd
[2024-11-08T12:55:35.981418-0500]    12.6250 MB /   0.50 sec =  211.2445 Mbps  2643 retrans   8839 KB-cwnd
[2024-11-08T12:55:36.480026-0500]    17.4375 MB /   0.50 sec =  293.3365 Mbps     0 retrans   8839 KB-cwnd
[2024-11-08T12:55:36.979977-0500]    17.0625 MB /   0.50 sec =  286.2790 Mbps     0 retrans   8839 KB-cwnd
[2024-11-08T12:55:37.480001-0500]    18.1250 MB /   0.50 sec =  304.0852 Mbps     0 retrans   8839 KB-cwnd
[2024-11-08T12:55:37.981144-0500]    19.0000 MB /   0.50 sec =  318.0680 Mbps    16 retrans   5711 KB-cwnd
[2024-11-08T12:55:38.480040-0500]    21.3750 MB /   0.50 sec =  359.3561 Mbps     0 retrans   5711 KB-cwnd
[2024-11-08T12:55:38.980209-0500]    18.1875 MB /   0.50 sec =  305.1674 Mbps     0 retrans   5711 KB-cwnd
[2024-11-08T12:55:39.479982-0500]    24.4375 MB /   0.50 sec =  410.0031 Mbps     0 retrans   7643 KB-cwnd
[2024-11-08T12:55:39.980097-0500]    20.7500 MB /   0.50 sec =  348.0903 Mbps     0 retrans   7643 KB-cwnd
[2024-11-08T12:55:40.480007-0500]    24.4375 MB /   0.50 sec =  410.0260 Mbps     0 retrans   7643 KB-cwnd
[2024-11-08T12:55:40.980470-0500]    24.0625 MB /   0.50 sec =  403.4637 Mbps     1 retrans   8596 KB-cwnd
[2024-11-08T12:55:41.480549-0500]    25.5625 MB /   0.50 sec =  428.7004 Mbps     0 retrans   8596 KB-cwnd
[2024-11-08T12:55:41.980198-0500]    11.3750 MB /   0.50 sec =  190.9726 Mbps     0 retrans   8596 KB-cwnd
[2024-11-08T12:55:42.479984-0500]    29.0000 MB /   0.50 sec =  486.6960 Mbps     0 retrans   8596 KB-cwnd
[2024-11-08T12:55:42.980033-0500]    25.3750 MB /   0.50 sec =  425.7125 Mbps     0 retrans  10304 KB-cwnd
[2024-11-08T12:55:43.480038-0500]    15.1875 MB /   0.50 sec =  254.7907 Mbps     0 retrans  10304 KB-cwnd
[2024-11-08T12:55:43.980266-0500]     3.6250 MB /   0.50 sec =   60.8164 Mbps     0 retrans  10304 KB-cwnd
[2024-11-08T12:55:44.480075-0500]     8.6250 MB /   0.50 sec =  144.7223 Mbps     0 retrans  10304 KB-cwnd
[2024-11-08T12:55:44.980094-0500]     2.0625 MB /   0.50 sec =   34.5992 Mbps     0 retrans  10304 KB-cwnd
[2024-11-08T12:55:45.480213-0500]    31.8125 MB /   0.50 sec =  533.7775 Mbps     0 retrans  10970 KB-cwnd
[2024-11-08T12:55:45.980042-0500]    34.2500 MB /   0.50 sec =  574.5909 Mbps     0 retrans  10970 KB-cwnd
[2024-11-08T12:55:46.480351-0500]    30.5625 MB /   0.50 sec =  512.4780 Mbps     2 retrans  11740 KB-cwnd
[2024-11-08T12:55:46.980337-0500]    19.3750 MB /   0.50 sec =  325.0092 Mbps     0 retrans  11740 KB-cwnd
[2024-11-08T12:55:47.480049-0500]     5.6250 MB /   0.50 sec =   94.4334 Mbps     0 retrans  11740 KB-cwnd
[2024-11-08T12:55:47.980050-0500]    17.5625 MB /   0.50 sec =  294.6440 Mbps     0 retrans  11740 KB-cwnd
[2024-11-08T12:55:48.480093-0500]    25.8750 MB /   0.50 sec =  434.0740 Mbps     0 retrans  11764 KB-cwnd
[2024-11-08T12:55:48.980038-0500]    24.0000 MB /   0.50 sec =  402.7047 Mbps     7 retrans  14801 KB-cwnd
[2024-11-08T12:55:49.480286-0500]    13.6875 MB /   0.50 sec =  229.5863 Mbps     0 retrans  14801 KB-cwnd
[2024-11-08T12:55:49.980216-0500]    17.5000 MB /   0.50 sec =  293.5801 Mbps     0 retrans  14801 KB-cwnd
[2024-11-08T12:55:50.479994-0500]    16.1250 MB /   0.50 sec =  270.6214 Mbps     0 retrans  14801 KB-cwnd
[2024-11-08T12:55:50.979989-0500]    20.3125 MB /   0.50 sec =  340.7920 Mbps     1 retrans  15736 KB-cwnd
[2024-11-08T12:55:51.480171-0500]    24.1250 MB /   0.50 sec =  404.7422 Mbps     0 retrans   2344 KB-cwnd
[2024-11-08T12:55:51.979991-0500]    22.7500 MB /   0.50 sec =  381.6626 Mbps     1 retrans   2344 KB-cwnd
[2024-11-08T12:55:52.480432-0500]    13.8750 MB /   0.50 sec =  232.6048 Mbps     0 retrans   2344 KB-cwnd
[2024-11-08T12:55:52.981109-0500]    14.0625 MB /   0.50 sec =  235.6294 Mbps     5 retrans  12443 KB-cwnd
[2024-11-08T12:55:53.480175-0500]    23.6875 MB /   0.50 sec =  398.2203 Mbps     0 retrans  12390 KB-cwnd
[2024-11-08T12:55:53.980013-0500]    23.2500 MB /   0.50 sec =  390.0843 Mbps     0 retrans  12390 KB-cwnd
[2024-11-08T12:55:54.480101-0500]    24.8750 MB /   0.50 sec =  417.2657 Mbps     7 retrans  10269 KB-cwnd
[2024-11-08T12:55:54.979974-0500]    21.3125 MB /   0.50 sec =  357.6374 Mbps     0 retrans  10269 KB-cwnd
[2024-11-08T12:55:55.479990-0500]    26.3125 MB /   0.50 sec =  441.4505 Mbps     0 retrans  10269 KB-cwnd
[2024-11-08T12:55:55.980156-0500]    23.8750 MB /   0.50 sec =  400.4479 Mbps     2 retrans  10237 KB-cwnd
[2024-11-08T12:55:56.480086-0500]    22.3750 MB /   0.50 sec =  375.4833 Mbps     0 retrans  10237 KB-cwnd
[2024-11-08T12:55:56.980176-0500]     0.3750 MB /   0.50 sec =    6.2897 Mbps     0 retrans  10237 KB-cwnd
[2024-11-08T12:55:57.480705-0500]    13.6250 MB /   0.50 sec =  228.5695 Mbps     0 retrans  10237 KB-cwnd
[2024-11-08T12:55:57.981466-0500]     0.0000 MB /   0.50 sec =    0.0000 Mbps     0 retrans  10237 KB-cwnd
[2024-11-08T12:55:58.480171-0500]     1.3125 MB /   0.50 sec =   22.0839 Mbps     0 retrans  10237 KB-cwnd
[2024-11-08T12:55:58.980484-0500]    15.2500 MB /   0.50 sec =  255.7231 Mbps     0 retrans  10237 KB-cwnd
[2024-11-08T12:55:59.480223-0500]     0.0000 MB /   0.50 sec =    0.0000 Mbps     0 retrans  10237 KB-cwnd
[2024-11-08T12:55:59.980005-0500]    12.1875 MB /   0.50 sec =  204.5488 Mbps     2 retrans  11406 KB-cwnd
[2024-11-08T12:56:00.480178-0500]     2.3750 MB /   0.50 sec =   39.8348 Mbps     0 retrans  11406 KB-cwnd
[2024-11-08T12:56:00.981105-0500]     4.5625 MB /   0.50 sec =   76.4030 Mbps     0 retrans  11406 KB-cwnd
[2024-11-08T12:56:01.480024-0500]    11.4375 MB /   0.50 sec =  192.2990 Mbps     0 retrans  11406 KB-cwnd
[2024-11-08T12:56:01.980169-0500]     9.7500 MB /   0.50 sec =  163.5779 Mbps     0 retrans  11406 KB-cwnd
[2024-11-08T12:56:02.480164-0500]     6.2500 MB /   0.50 sec =  104.8316 Mbps     0 retrans  11447 KB-cwnd
[2024-11-08T12:56:02.980267-0500]     0.0000 MB /   0.50 sec =    0.0000 Mbps     0 retrans  11447 KB-cwnd
[2024-11-08T12:56:03.481825-0500]     7.6250 MB /   0.50 sec =  127.6200 Mbps     0 retrans  11447 KB-cwnd
[2024-11-08T12:56:03.981474-0500]     7.9375 MB /   0.50 sec =  133.1660 Mbps     0 retrans  11447 KB-cwnd
[2024-11-08T12:56:04.480003-0500]    18.2500 MB /   0.50 sec =  307.0593 Mbps     0 retrans  11447 KB-cwnd
End time: 1731088564629
