Start time: 1730995519976
[2024-11-07T11:05:25.064777-0500] traceroute to 54.197.223.49 (54.197.223.49), 30 hops max, 60 byte packets
[2024-11-07T11:05:25.065729-0500]  1  * * *
[2024-11-07T11:05:25.065779-0500]  2  * * *
[2024-11-07T11:05:25.065811-0500]  3  * * *
[2024-11-07T11:05:25.065842-0500]  4  * * *
[2024-11-07T11:05:25.065872-0500]  5  * * *
[2024-11-07T11:05:30.071794-0500]  6  * * *
[2024-11-07T11:05:30.072137-0500]  7  * * *
[2024-11-07T11:05:30.072215-0500]  8  * * *
[2024-11-07T11:05:30.080891-0500]  9  * * *
[2024-11-07T11:05:30.080940-0500] 10  * * *
[2024-11-07T11:05:35.079816-0500] 11  * * *
[2024-11-07T11:05:35.080027-0500] 12  * * *
[2024-11-07T11:05:35.080067-0500] 13  * * *
[2024-11-07T11:05:35.084115-0500] 14  * * *
[2024-11-07T11:05:35.084155-0500] 15  * * *
[2024-11-07T11:05:40.086675-0500] 16  * * *
[2024-11-07T11:05:40.087041-0500] 17  * * *
[2024-11-07T11:05:40.087130-0500] 18  * * *
[2024-11-07T11:05:40.087193-0500] 19  * * *
[2024-11-07T11:05:40.087250-0500] 20  * * *
[2024-11-07T11:05:40.099052-0500] 21  * * *
[2024-11-07T11:05:45.094776-0500] 22  * * *
[2024-11-07T11:05:45.094932-0500] 23  * * *
[2024-11-07T11:05:45.097846-0500] 24  * * *
[2024-11-07T11:05:45.097885-0500] 25  * * *
[2024-11-07T11:05:45.100199-0500] 26  * * *
[2024-11-07T11:05:50.055224-0500] 27  * *End time: 1730995550142
