Start time: 1730828402858
[2024-11-05T11:40:07.928677-0600] traceroute to 54.197.223.49 (54.197.223.49), 30 hops max, 60 byte packets
[2024-11-05T11:40:07.929603-0600]  1  * * *
[2024-11-05T11:40:07.929661-0600]  2  * * *
[2024-11-05T11:40:07.929782-0600]  3  * * *
[2024-11-05T11:40:07.929821-0600]  4  * * *
[2024-11-05T11:40:07.929849-0600]  5  * * *
[2024-11-05T11:40:12.936314-0600]  6  * * *
[2024-11-05T11:40:12.944275-0600]  7  * * *
[2024-11-05T11:40:12.944464-0600]  8  * * *
[2024-11-05T11:40:12.954579-0600]  9  * * *
[2024-11-05T11:40:12.954686-0600] 10  * * *
[2024-11-05T11:40:17.945013-0600] 11  * * *
[2024-11-05T11:40:17.951155-0600] 12  * * *
[2024-11-05T11:40:17.951689-0600] 13  * * *
[2024-11-05T11:40:17.956163-0600] 14  * * *
[2024-11-05T11:40:17.960214-0600] 15  * * *
[2024-11-05T11:40:22.953583-0600] 16  * * *
[2024-11-05T11:40:22.954223-0600] 17  * * *
[2024-11-05T11:40:22.963393-0600] 18  * * *
[2024-11-05T11:40:22.963547-0600] 19  * * *
[2024-11-05T11:40:22.963663-0600] 20  * * *
[2024-11-05T11:40:22.973802-0600] 21  * * *
[2024-11-05T11:40:27.962461-0600] 22  * * *
[2024-11-05T11:40:27.965899-0600] 23  * * *
[2024-11-05T11:40:27.970643-0600] 24  * * *
[2024-11-05T11:40:27.973019-0600] 25  * * *
[2024-11-05T11:40:27.976305-0600] 26  * * *
[2024-11-05T11:40:32.916081-0600] 27  * *End time: 1730828433010
