Start time: 1730746581553
[2024-11-04T11:56:26.599126-0700] traceroute to 54.176.53.206 (54.176.53.206), 30 hops max, 60 byte packets
[2024-11-04T11:56:26.600143-0700]  1  * * *
[2024-11-04T11:56:26.600196-0700]  2  * * *
[2024-11-04T11:56:26.600230-0700]  3  * * *
[2024-11-04T11:56:26.600262-0700]  4  * * *
[2024-11-04T11:56:26.600290-0700]  5  * * *
[2024-11-04T11:56:31.607512-0700]  6  * * *
[2024-11-04T11:56:31.607785-0700]  7  * * *
[2024-11-04T11:56:31.607826-0700]  8  * * *
[2024-11-04T11:56:31.607854-0700]  9  * * *
[2024-11-04T11:56:31.607880-0700] 10  * * *
[2024-11-04T11:56:36.611090-0700] 11  * * *
[2024-11-04T11:56:36.611369-0700] 12  * * *
[2024-11-04T11:56:36.615167-0700] 13  * * *
[2024-11-04T11:56:36.615290-0700] 14  * * *
[2024-11-04T11:56:36.615362-0700] 15  * * *
[2024-11-04T11:56:41.618820-0700] 16  * * *
[2024-11-04T11:56:41.619447-0700] 17  * * *
[2024-11-04T11:56:41.619569-0700] 18  * * *
[2024-11-04T11:56:41.627853-0700] 19  * * *
[2024-11-04T11:56:41.628083-0700] 20  * * *
[2024-11-04T11:56:41.628497-0700] 21  * * *
[2024-11-04T11:56:46.627514-0700] 22  * * *
[2024-11-04T11:56:46.627919-0700] 23  * * *
[2024-11-04T11:56:46.637738-0700] 24  * * *
[2024-11-04T11:56:46.638157-0700] 25  * * *
[2024-11-04T11:56:46.638302-0700] 26  * * *
[2024-11-04T11:56:51.589723-0700] 27  * *End time: 1730746611643
