Start time: 1731019427650
[2024-11-07T17:43:52.719799-0500] traceroute to 54.197.223.49 (54.197.223.49), 30 hops max, 60 byte packets
[2024-11-07T17:43:52.720934-0500]  1  * * *
[2024-11-07T17:43:52.720986-0500]  2  * * *
[2024-11-07T17:43:52.721021-0500]  3  * * *
[2024-11-07T17:43:52.721052-0500]  4  * * *
[2024-11-07T17:43:52.721083-0500]  5  * * *
[2024-11-07T17:43:57.727651-0500]  6  * * *
[2024-11-07T17:43:57.727900-0500]  7  * * *
[2024-11-07T17:43:57.727971-0500]  8  * * *
[2024-11-07T17:43:57.728030-0500]  9  * * *
[2024-11-07T17:43:57.728085-0500] 10  * * *
[2024-11-07T17:44:02.734852-0500] 11  * * *
[2024-11-07T17:44:02.735359-0500] 12  * * *
[2024-11-07T17:44:02.735508-0500] 13  * * *
[2024-11-07T17:44:02.735615-0500] 14  * * *
[2024-11-07T17:44:02.746568-0500] 15  * * *
[2024-11-07T17:44:07.743263-0500] 16  * * *
[2024-11-07T17:44:07.743697-0500] 17  * * *
[2024-11-07T17:44:07.743831-0500] 18  * * *
[2024-11-07T17:44:07.750014-0500] 19  * * *
[2024-11-07T17:44:07.750194-0500] 20  * * *
[2024-11-07T17:44:07.755439-0500] 21  * * *
[2024-11-07T17:44:12.750414-0500] 22  * * *
[2024-11-07T17:44:12.750565-0500] 23  * * *
[2024-11-07T17:44:12.753170-0500] 24  * * *
[2024-11-07T17:44:12.754261-0500] 25  * * *
[2024-11-07T17:44:12.756460-0500] 26  * * *
[2024-11-07T17:44:17.710636-0500] 27  * *End time: 1731019457765
