Start time: 1730830863869
[2024-11-05T12:21:04.909926-0600] nuttcp-r: v8.1.4: socket
[2024-11-05T12:21:04.911509-0600] nuttcp-r: buflen=65536, nstream=1, port=5379 tcp
[2024-11-05T12:21:04.911715-0600] nuttcp-r: interval reporting every 0.50 seconds
[2024-11-05T12:21:04.911814-0600] nuttcp-r: connect to 54.197.223.49 with RTT=91.338 ms af=inet
[2024-11-05T12:21:04.911900-0600] nuttcp-r: send window size = 2097152, receive window size = 6291456
[2024-11-05T12:21:04.911982-0600] nuttcp-r: available send window = 1572864, available receive window = 4718592
[2024-11-05T12:21:04.912266-0600]     0.2500 MB /   0.50 sec =    4.1936 Mbps     0 retrans     13 KB-cwnd
[2024-11-05T12:21:05.409652-0600]     5.8750 MB /   0.50 sec =   98.5750 Mbps     0 retrans     13 KB-cwnd
[2024-11-05T12:21:05.910088-0600]     8.2500 MB /   0.50 sec =  138.3982 Mbps     0 retrans     13 KB-cwnd
[2024-11-05T12:21:06.410222-0600]     8.3750 MB /   0.50 sec =  140.4988 Mbps     0 retrans     13 KB-cwnd
[2024-11-05T12:21:06.909934-0600]     8.4375 MB /   0.50 sec =  141.5337 Mbps     0 retrans     13 KB-cwnd
[2024-11-05T12:21:07.410258-0600]     6.1875 MB /   0.50 sec =  103.7422 Mbps     0 retrans     13 KB-cwnd
[2024-11-05T12:21:07.909782-0600]     5.7500 MB /   0.50 sec =   96.5627 Mbps     0 retrans     13 KB-cwnd
[2024-11-05T12:21:08.409787-0600]     5.0625 MB /   0.50 sec =   84.9324 Mbps     0 retrans     13 KB-cwnd
[2024-11-05T12:21:08.909623-0600]     8.3125 MB /   0.50 sec =  139.4746 Mbps     0 retrans     13 KB-cwnd
[2024-11-05T12:21:09.409959-0600]     9.9375 MB /   0.50 sec =  166.7079 Mbps     0 retrans     13 KB-cwnd
[2024-11-05T12:21:09.909890-0600]    10.5000 MB /   0.50 sec =  176.1474 Mbps     0 retrans     13 KB-cwnd
[2024-11-05T12:21:10.409794-0600]    10.8125 MB /   0.50 sec =  181.4033 Mbps     0 retrans     13 KB-cwnd
[2024-11-05T12:21:10.909878-0600]    11.1250 MB /   0.50 sec =  186.6420 Mbps     0 retrans     13 KB-cwnd
[2024-11-05T12:21:11.409823-0600]    11.3750 MB /   0.50 sec =  190.8454 Mbps     0 retrans     13 KB-cwnd
[2024-11-05T12:21:11.909775-0600]    10.1250 MB /   0.50 sec =  169.8856 Mbps     0 retrans     13 KB-cwnd
[2024-11-05T12:21:12.409820-0600]    10.6250 MB /   0.50 sec =  178.2576 Mbps     0 retrans     13 KB-cwnd
[2024-11-05T12:21:12.909794-0600]     6.3750 MB /   0.50 sec =  106.9541 Mbps     0 retrans     17 KB-cwnd
[2024-11-05T12:21:13.409813-0600]     8.5625 MB /   0.50 sec =  143.6512 Mbps     0 retrans     17 KB-cwnd
[2024-11-05T12:21:13.909806-0600]    12.1250 MB /   0.50 sec =  203.4298 Mbps     0 retrans     23 KB-cwnd
[2024-11-05T12:21:14.409732-0600]    11.0625 MB /   0.50 sec =  185.6006 Mbps     0 retrans     26 KB-cwnd
[2024-11-05T12:21:14.910027-0600]    10.7500 MB /   0.50 sec =  180.3536 Mbps     0 retrans     26 KB-cwnd
[2024-11-05T12:21:15.409775-0600]     4.1250 MB /   0.50 sec =   69.2068 Mbps     0 retrans     26 KB-cwnd
[2024-11-05T12:21:15.909771-0600]     7.0625 MB /   0.50 sec =  118.4879 Mbps     0 retrans     26 KB-cwnd
[2024-11-05T12:21:16.410657-0600]     9.4375 MB /   0.50 sec =  158.1664 Mbps     0 retrans     26 KB-cwnd
[2024-11-05T12:21:16.910209-0600]    10.2500 MB /   0.50 sec =  171.9981 Mbps     0 retrans     26 KB-cwnd
[2024-11-05T12:21:17.409770-0600]    10.3750 MB /   0.50 sec =  174.2176 Mbps     0 retrans     26 KB-cwnd
[2024-11-05T12:21:17.909983-0600]    10.3750 MB /   0.50 sec =  174.0587 Mbps     0 retrans     26 KB-cwnd
[2024-11-05T12:21:18.409804-0600]    11.4375 MB /   0.50 sec =  191.8902 Mbps     0 retrans     26 KB-cwnd
[2024-11-05T12:21:18.909835-0600]    11.7500 MB /   0.50 sec =  197.1086 Mbps     0 retrans     26 KB-cwnd
[2024-11-05T12:21:19.409860-0600]     6.9375 MB /   0.50 sec =  116.4103 Mbps     0 retrans     26 KB-cwnd
[2024-11-05T12:21:19.909765-0600]     8.6250 MB /   0.50 sec =  144.7023 Mbps     0 retrans     26 KB-cwnd
[2024-11-05T12:21:20.409773-0600]    12.1875 MB /   0.50 sec =  204.4731 Mbps     0 retrans     26 KB-cwnd
[2024-11-05T12:21:20.909828-0600]    13.1875 MB /   0.50 sec =  221.2195 Mbps     0 retrans     26 KB-cwnd
[2024-11-05T12:21:21.409829-0600]    11.6250 MB /   0.50 sec =  195.0535 Mbps     0 retrans     26 KB-cwnd
[2024-11-05T12:21:21.909956-0600]    11.7500 MB /   0.50 sec =  197.1370 Mbps     0 retrans     26 KB-cwnd
[2024-11-05T12:21:22.409787-0600]    13.3125 MB /   0.50 sec =  223.3476 Mbps     0 retrans     26 KB-cwnd
[2024-11-05T12:21:22.909733-0600]    11.0000 MB /   0.50 sec =  184.5523 Mbps     0 retrans     26 KB-cwnd
[2024-11-05T12:21:23.409847-0600]    10.6875 MB /   0.50 sec =  179.2732 Mbps     0 retrans     26 KB-cwnd
[2024-11-05T12:21:23.909785-0600]     9.5000 MB /   0.50 sec =  159.4087 Mbps     0 retrans     26 KB-cwnd
[2024-11-05T12:21:24.409776-0600]    11.1875 MB /   0.50 sec =  187.6977 Mbps     0 retrans     27 KB-cwnd
[2024-11-05T12:21:24.909835-0600]    12.8750 MB /   0.50 sec =  216.0222 Mbps     0 retrans     30 KB-cwnd
[2024-11-05T12:21:25.409984-0600]    12.4375 MB /   0.50 sec =  208.6529 Mbps     0 retrans     34 KB-cwnd
[2024-11-05T12:21:25.910156-0600]    11.7500 MB /   0.50 sec =  196.9739 Mbps     0 retrans     34 KB-cwnd
[2024-11-05T12:21:26.409935-0600]     5.5625 MB /   0.50 sec =   93.3980 Mbps     0 retrans   4131 KB-cwnd
[2024-11-05T12:21:26.909805-0600]    10.4375 MB /   0.50 sec =  175.1069 Mbps     0 retrans   4131 KB-cwnd
[2024-11-05T12:21:27.409810-0600]    12.9375 MB /   0.50 sec =  217.0609 Mbps     0 retrans   4131 KB-cwnd
[2024-11-05T12:21:27.909778-0600]    10.6250 MB /   0.50 sec =  178.2558 Mbps     0 retrans   4131 KB-cwnd
[2024-11-05T12:21:28.409777-0600]    11.3125 MB /   0.50 sec =  189.7945 Mbps     0 retrans   4131 KB-cwnd
[2024-11-05T12:21:28.909793-0600]    11.4375 MB /   0.50 sec =  191.8875 Mbps     0 retrans   4131 KB-cwnd
[2024-11-05T12:21:29.409807-0600]    11.5000 MB /   0.50 sec =  192.9361 Mbps     0 retrans   4131 KB-cwnd
[2024-11-05T12:21:29.909821-0600]    11.5625 MB /   0.50 sec =  193.9326 Mbps     0 retrans   6388 KB-cwnd
[2024-11-05T12:21:30.410205-0600]     6.8750 MB /   0.50 sec =  115.2781 Mbps     0 retrans   6388 KB-cwnd
[2024-11-05T12:21:30.909752-0600]    11.4375 MB /   0.50 sec =  192.0573 Mbps     0 retrans   6388 KB-cwnd
[2024-11-05T12:21:31.409813-0600]     4.3125 MB /   0.50 sec =   72.3502 Mbps     0 retrans   6388 KB-cwnd
[2024-11-05T12:21:31.909803-0600]    11.8750 MB /   0.50 sec =  199.2274 Mbps     0 retrans   6388 KB-cwnd
[2024-11-05T12:21:32.409768-0600]     7.4375 MB /   0.50 sec =  124.7823 Mbps     0 retrans   6388 KB-cwnd
[2024-11-05T12:21:32.909819-0600]     7.9375 MB /   0.50 sec =  133.1689 Mbps     0 retrans   6388 KB-cwnd
[2024-11-05T12:21:33.409801-0600]    10.6250 MB /   0.50 sec =  178.2579 Mbps     0 retrans   5218 KB-cwnd
[2024-11-05T12:21:33.909776-0600]    11.3125 MB /   0.50 sec =  189.7957 Mbps     0 retrans   5218 KB-cwnd
[2024-11-05T12:21:34.410030-0600]    11.9375 MB /   0.50 sec =  200.2724 Mbps     0 retrans   5218 KB-cwnd
[2024-11-05T12:21:34.909796-0600]     8.5625 MB /   0.50 sec =  143.6552 Mbps     0 retrans   5218 KB-cwnd
[2024-11-05T12:21:35.409960-0600]     6.3125 MB /   0.50 sec =  105.9130 Mbps     0 retrans   5218 KB-cwnd
[2024-11-05T12:21:35.909887-0600]    10.1875 MB /   0.50 sec =  170.9069 Mbps     0 retrans   5218 KB-cwnd
[2024-11-05T12:21:36.409778-0600]    10.7500 MB /   0.50 sec =  180.3587 Mbps     0 retrans   4891 KB-cwnd
[2024-11-05T12:21:36.909834-0600]    11.5000 MB /   0.50 sec =  192.9168 Mbps     0 retrans   4891 KB-cwnd
[2024-11-05T12:21:37.409787-0600]     8.5625 MB /   0.50 sec =  143.6699 Mbps     0 retrans   4891 KB-cwnd
[2024-11-05T12:21:37.909793-0600]     7.8750 MB /   0.50 sec =  132.1224 Mbps     0 retrans   4891 KB-cwnd
[2024-11-05T12:21:38.409797-0600]     5.8125 MB /   0.50 sec =   97.5148 Mbps     0 retrans   4891 KB-cwnd
[2024-11-05T12:21:38.909799-0600]    12.1250 MB /   0.50 sec =  203.4270 Mbps     0 retrans   4891 KB-cwnd
[2024-11-05T12:21:39.409791-0600]    11.8125 MB /   0.50 sec =  198.1777 Mbps     0 retrans   5317 KB-cwnd
[2024-11-05T12:21:39.909810-0600]    11.6875 MB /   0.50 sec =  196.1025 Mbps     0 retrans   5317 KB-cwnd
[2024-11-05T12:21:40.409781-0600]    10.5625 MB /   0.50 sec =  177.1969 Mbps     0 retrans   5317 KB-cwnd
[2024-11-05T12:21:40.909674-0600]     9.0625 MB /   0.50 sec =  152.0463 Mbps     0 retrans   5317 KB-cwnd
[2024-11-05T12:21:41.410091-0600]     6.1875 MB /   0.50 sec =  103.7879 Mbps     0 retrans   5317 KB-cwnd
[2024-11-05T12:21:41.909863-0600]     4.0625 MB /   0.50 sec =   68.1638 Mbps     0 retrans   5317 KB-cwnd
[2024-11-05T12:21:42.409809-0600]     9.6875 MB /   0.50 sec =  162.5403 Mbps     0 retrans   5317 KB-cwnd
[2024-11-05T12:21:42.909744-0600]    12.1875 MB /   0.50 sec =  204.4785 Mbps     0 retrans   5176 KB-cwnd
[2024-11-05T12:21:43.409794-0600]    11.0000 MB /   0.50 sec =  184.5449 Mbps     0 retrans   5176 KB-cwnd
[2024-11-05T12:21:43.909788-0600]    11.3125 MB /   0.50 sec =  189.7904 Mbps     0 retrans   5176 KB-cwnd
[2024-11-05T12:21:44.409782-0600]    12.8750 MB /   0.50 sec =  216.0010 Mbps     0 retrans   5176 KB-cwnd
[2024-11-05T12:21:44.909783-0600]    14.6875 MB /   0.50 sec =  246.4257 Mbps     0 retrans   5176 KB-cwnd
[2024-11-05T12:21:45.409771-0600]     7.4375 MB /   0.50 sec =  124.7823 Mbps     0 retrans   6513 KB-cwnd
[2024-11-05T12:21:45.909799-0600]     6.0625 MB /   0.50 sec =  101.7115 Mbps     0 retrans   6513 KB-cwnd
[2024-11-05T12:21:46.410087-0600]    13.6250 MB /   0.50 sec =  228.6024 Mbps     0 retrans   6513 KB-cwnd
[2024-11-05T12:21:46.909820-0600]    11.1250 MB /   0.50 sec =  186.6353 Mbps     0 retrans   6513 KB-cwnd
[2024-11-05T12:21:47.409793-0600]    12.8750 MB /   0.50 sec =  216.0058 Mbps     0 retrans   6513 KB-cwnd
[2024-11-05T12:21:47.909787-0600]    12.4375 MB /   0.50 sec =  208.6666 Mbps     0 retrans   5509 KB-cwnd
[2024-11-05T12:21:48.409796-0600]    10.5000 MB /   0.50 sec =  176.1611 Mbps     0 retrans   5509 KB-cwnd
[2024-11-05T12:21:48.909816-0600]     8.5000 MB /   0.50 sec =  142.6055 Mbps     0 retrans   5509 KB-cwnd
[2024-11-05T12:21:49.409808-0600]     7.1875 MB /   0.50 sec =  120.5848 Mbps     0 retrans   5509 KB-cwnd
[2024-11-05T12:21:49.909794-0600]    10.4375 MB /   0.50 sec =  175.1129 Mbps     0 retrans   5509 KB-cwnd
[2024-11-05T12:21:50.409781-0600]     9.0000 MB /   0.50 sec =  151.0001 Mbps     0 retrans   5509 KB-cwnd
[2024-11-05T12:21:50.909721-0600]     7.8125 MB /   0.50 sec =  131.0715 Mbps     0 retrans   5509 KB-cwnd
[2024-11-05T12:21:51.410142-0600]     8.6875 MB /   0.50 sec =  145.6350 Mbps     0 retrans   6220 KB-cwnd
[2024-11-05T12:21:51.909845-0600]     7.3750 MB /   0.50 sec =  123.8313 Mbps     0 retrans   6220 KB-cwnd
[2024-11-05T12:21:52.410167-0600]     4.0625 MB /   0.50 sec =   68.0975 Mbps     0 retrans   6220 KB-cwnd
[2024-11-05T12:21:52.910928-0600]     1.2500 MB /   0.50 sec =   20.9411 Mbps     0 retrans   6220 KB-cwnd
[2024-11-05T12:21:53.409952-0600]     0.5625 MB /   0.50 sec =    9.4555 Mbps     0 retrans   6220 KB-cwnd
[2024-11-05T12:21:53.909880-0600]     5.0000 MB /   0.50 sec =   83.9055 Mbps     0 retrans   6220 KB-cwnd
[2024-11-05T12:21:54.409803-0600]     5.6875 MB /   0.50 sec =   95.4256 Mbps     0 retrans   6220 KB-cwnd
[2024-11-05T12:21:54.909960-0600]     6.3125 MB /   0.50 sec =  105.9174 Mbps     0 retrans   6220 KB-cwnd
[2024-11-05T12:21:55.409913-0600]     5.1875 MB /   0.50 sec =   87.0040 Mbps     0 retrans   6220 KB-cwnd
[2024-11-05T12:21:55.909778-0600]     6.0625 MB /   0.50 sec =  101.7436 Mbps     0 retrans   6220 KB-cwnd
[2024-11-05T12:21:56.409785-0600]     6.6875 MB /   0.50 sec =  112.1972 Mbps     0 retrans   6220 KB-cwnd
[2024-11-05T12:21:56.909779-0600]     8.1250 MB /   0.50 sec =  136.3143 Mbps     0 retrans   5416 KB-cwnd
[2024-11-05T12:21:57.409853-0600]     7.6250 MB /   0.50 sec =  127.9322 Mbps     0 retrans   5416 KB-cwnd
[2024-11-05T12:21:57.910169-0600]     8.3750 MB /   0.50 sec =  140.3828 Mbps     0 retrans   5416 KB-cwnd
[2024-11-05T12:21:58.409818-0600]     9.7500 MB /   0.50 sec =  163.7177 Mbps     0 retrans   5416 KB-cwnd
[2024-11-05T12:21:58.909757-0600]    10.5000 MB /   0.50 sec =  176.1636 Mbps     0 retrans   5416 KB-cwnd
[2024-11-05T12:21:59.409808-0600]    11.2500 MB /   0.50 sec =  188.7388 Mbps     0 retrans   5416 KB-cwnd
[2024-11-05T12:21:59.909876-0600]    13.0625 MB /   0.50 sec =  219.1642 Mbps     0 retrans   4614 KB-cwnd
[2024-11-05T12:22:00.409757-0600]    14.2500 MB /   0.50 sec =  239.0686 Mbps     0 retrans   4614 KB-cwnd
[2024-11-05T12:22:00.909794-0600]    14.0625 MB /   0.50 sec =  235.9230 Mbps     0 retrans   4614 KB-cwnd
[2024-11-05T12:22:01.409812-0600]    13.1250 MB /   0.50 sec =  220.2027 Mbps     0 retrans   4614 KB-cwnd
[2024-11-05T12:22:01.909766-0600]    13.8750 MB /   0.50 sec =  232.7853 Mbps     0 retrans   4614 KB-cwnd
[2024-11-05T12:22:02.409782-0600]    13.0625 MB /   0.50 sec =  219.1524 Mbps    12 retrans   4068 KB-cwnd
[2024-11-05T12:22:02.909761-0600]    13.6250 MB /   0.50 sec =  228.5905 Mbps     0 retrans   4068 KB-cwnd
[2024-11-05T12:22:03.409795-0600]    12.0625 MB /   0.50 sec =  202.3748 Mbps     0 retrans   4068 KB-cwnd
[2024-11-05T12:22:03.909789-0600]    12.4375 MB /   0.50 sec =  208.6670 Mbps     0 retrans   4068 KB-cwnd
[2024-11-05T12:22:04.409792-0600]    11.9375 MB /   0.50 sec =  200.2732 Mbps     0 retrans   5192 KB-cwnd
[2024-11-05T12:22:04.909760-0600]    12.0625 MB /   0.50 sec =  202.3816 Mbps     0 retrans   5192 KB-cwnd
[2024-11-05T12:22:05.409785-0600]    13.0000 MB /   0.50 sec =  218.0968 Mbps     0 retrans   5192 KB-cwnd
[2024-11-05T12:22:05.909777-0600]    11.9375 MB /   0.50 sec =  200.2820 Mbps     0 retrans   5149 KB-cwnd
[2024-11-05T12:22:06.409858-0600]    11.8125 MB /   0.50 sec =  198.1801 Mbps     0 retrans   5224 KB-cwnd
[2024-11-05T12:22:06.909799-0600]    11.6250 MB /   0.50 sec =  195.0277 Mbps     0 retrans   6867 KB-cwnd
[2024-11-05T12:22:07.409779-0600]    12.0000 MB /   0.50 sec =  201.3355 Mbps     0 retrans   6867 KB-cwnd
[2024-11-05T12:22:07.909780-0600]    13.1875 MB /   0.50 sec =  221.2504 Mbps     0 retrans   6867 KB-cwnd
[2024-11-05T12:22:08.409914-0600]    11.6250 MB /   0.50 sec =  195.0301 Mbps     0 retrans   6867 KB-cwnd
[2024-11-05T12:22:08.910897-0600]     6.6875 MB /   0.50 sec =  111.9601 Mbps     0 retrans   6867 KB-cwnd
[2024-11-05T12:22:09.409798-0600]     6.2500 MB /   0.50 sec =  105.0915 Mbps     0 retrans   6867 KB-cwnd
[2024-11-05T12:22:09.909824-0600]     8.9375 MB /   0.50 sec =  149.9278 Mbps     0 retrans   5493 KB-cwnd
[2024-11-05T12:22:10.409942-0600]     9.4375 MB /   0.50 sec =  158.3426 Mbps     0 retrans   5493 KB-cwnd
[2024-11-05T12:22:10.909791-0600]     8.5000 MB /   0.50 sec =  142.6075 Mbps     0 retrans   5493 KB-cwnd
[2024-11-05T12:22:11.409892-0600]     6.6875 MB /   0.50 sec =  112.1768 Mbps     0 retrans   5493 KB-cwnd
[2024-11-05T12:22:11.909782-0600]     7.3125 MB /   0.50 sec =  122.7043 Mbps     0 retrans   5493 KB-cwnd
[2024-11-05T12:22:12.409775-0600]     8.0625 MB /   0.50 sec =  135.2674 Mbps     0 retrans   5493 KB-cwnd
[2024-11-05T12:22:12.909759-0600]     8.3125 MB /   0.50 sec =  139.4614 Mbps     0 retrans   5493 KB-cwnd
[2024-11-05T12:22:13.409791-0600]     6.8125 MB /   0.50 sec =  114.2936 Mbps     0 retrans   5493 KB-cwnd
[2024-11-05T12:22:13.909898-0600]     7.0625 MB /   0.50 sec =  118.4922 Mbps     0 retrans   5804 KB-cwnd
[2024-11-05T12:22:14.410211-0600]     7.3125 MB /   0.50 sec =  122.5721 Mbps     0 retrans   5804 KB-cwnd
[2024-11-05T12:22:14.909759-0600]     6.5000 MB /   0.50 sec =  109.1501 Mbps     0 retrans   5804 KB-cwnd
[2024-11-05T12:22:15.409772-0600]     4.8125 MB /   0.50 sec =   80.7383 Mbps     0 retrans   5804 KB-cwnd
[2024-11-05T12:22:15.909825-0600]     5.6250 MB /   0.50 sec =   94.3718 Mbps     0 retrans   5804 KB-cwnd
[2024-11-05T12:22:16.409803-0600]     7.1250 MB /   0.50 sec =  119.5381 Mbps     0 retrans   5804 KB-cwnd
[2024-11-05T12:22:16.909829-0600]     6.8750 MB /   0.50 sec =  115.3304 Mbps     0 retrans   5804 KB-cwnd
[2024-11-05T12:22:17.409805-0600]     7.6875 MB /   0.50 sec =  128.9908 Mbps     0 retrans   5804 KB-cwnd
[2024-11-05T12:22:17.909786-0600]     7.7500 MB /   0.50 sec =  130.0216 Mbps     0 retrans   5804 KB-cwnd
[2024-11-05T12:22:18.409776-0600]     7.0000 MB /   0.50 sec =  117.4379 Mbps     0 retrans   5643 KB-cwnd
[2024-11-05T12:22:18.909840-0600]     7.3125 MB /   0.50 sec =  122.6888 Mbps     0 retrans   5661 KB-cwnd
[2024-11-05T12:22:19.410034-0600]     4.3750 MB /   0.50 sec =   73.3628 Mbps     0 retrans   5661 KB-cwnd
[2024-11-05T12:22:19.909924-0600]     6.7500 MB /   0.50 sec =  113.3024 Mbps     0 retrans   5661 KB-cwnd
[2024-11-05T12:22:20.409830-0600]     5.3750 MB /   0.50 sec =   90.1678 Mbps     0 retrans   5661 KB-cwnd
[2024-11-05T12:22:20.909775-0600]     2.9375 MB /   0.50 sec =   49.2876 Mbps     0 retrans   5661 KB-cwnd
[2024-11-05T12:22:21.409773-0600]     5.9375 MB /   0.50 sec =   99.6151 Mbps     0 retrans   5661 KB-cwnd
[2024-11-05T12:22:21.909778-0600]     5.7500 MB /   0.50 sec =   96.4713 Mbps     0 retrans   5661 KB-cwnd
[2024-11-05T12:22:22.409812-0600]     2.5625 MB /   0.50 sec =   42.9904 Mbps     0 retrans   5661 KB-cwnd
[2024-11-05T12:22:22.910003-0600]     1.8125 MB /   0.50 sec =   30.4038 Mbps     0 retrans   5661 KB-cwnd
[2024-11-05T12:22:23.409825-0600]     2.0625 MB /   0.50 sec =   34.6090 Mbps     0 retrans   5661 KB-cwnd
[2024-11-05T12:22:23.909938-0600]     3.0000 MB /   0.50 sec =   50.3337 Mbps     0 retrans   5661 KB-cwnd
[2024-11-05T12:22:24.409782-0600]     3.3125 MB /   0.50 sec =   55.5734 Mbps     0 retrans   5661 KB-cwnd
[2024-11-05T12:22:24.910870-0600]     2.5625 MB /   0.50 sec =   42.8970 Mbps     0 retrans   5661 KB-cwnd
[2024-11-05T12:22:25.409764-0600]     3.3750 MB /   0.50 sec =   56.7478 Mbps     0 retrans   4249 KB-cwnd
[2024-11-05T12:22:25.909796-0600]     1.7500 MB /   0.50 sec =   29.3576 Mbps     0 retrans   4249 KB-cwnd
[2024-11-05T12:22:26.409926-0600]     1.0000 MB /   0.50 sec =   16.7728 Mbps     0 retrans   4249 KB-cwnd
[2024-11-05T12:22:26.909805-0600]     3.8750 MB /   0.50 sec =   65.0345 Mbps     0 retrans   4249 KB-cwnd
[2024-11-05T12:22:27.409789-0600]     5.3125 MB /   0.50 sec =   89.1282 Mbps     0 retrans   4249 KB-cwnd
[2024-11-05T12:22:27.910007-0600]     7.1875 MB /   0.50 sec =  120.5771 Mbps     0 retrans   4249 KB-cwnd
[2024-11-05T12:22:28.409808-0600]     7.6250 MB /   0.50 sec =  127.9444 Mbps     0 retrans   4249 KB-cwnd
[2024-11-05T12:22:28.909777-0600]     9.6875 MB /   0.50 sec =  162.5195 Mbps     0 retrans   4249 KB-cwnd
[2024-11-05T12:22:29.409665-0600]    11.1250 MB /   0.50 sec =  186.6503 Mbps     0 retrans   4249 KB-cwnd
[2024-11-05T12:22:29.910030-0600]    12.3750 MB /   0.50 sec =  207.4778 Mbps     0 retrans   3580 KB-cwnd
[2024-11-05T12:22:30.409782-0600]    15.0625 MB /   0.50 sec =  252.8717 Mbps     0 retrans   3580 KB-cwnd
[2024-11-05T12:22:30.909811-0600]     5.1250 MB /   0.50 sec =   85.9856 Mbps     0 retrans   3580 KB-cwnd
[2024-11-05T12:22:31.409885-0600]    19.3750 MB /   0.50 sec =  325.0482 Mbps     0 retrans   3580 KB-cwnd
[2024-11-05T12:22:31.909810-0600]    15.5000 MB /   0.50 sec =  260.0448 Mbps     0 retrans   3580 KB-cwnd
[2024-11-05T12:22:32.409801-0600]     8.7500 MB /   0.50 sec =  146.8012 Mbps     0 retrans   3306 KB-cwnd
[2024-11-05T12:22:32.910005-0600]    22.8750 MB /   0.50 sec =  383.6883 Mbps     0 retrans   3306 KB-cwnd
[2024-11-05T12:22:33.409756-0600]    20.4375 MB /   0.50 sec =  342.9715 Mbps     0 retrans   3306 KB-cwnd
[2024-11-05T12:22:33.909859-0600]    18.3125 MB /   0.50 sec =  307.2242 Mbps    15 retrans   5690 KB-cwnd
[2024-11-05T12:22:34.409764-0600]     8.0000 MB /   0.50 sec =  134.2193 Mbps     0 retrans   5690 KB-cwnd
[2024-11-05T12:22:34.909936-0600]    21.0625 MB /   0.50 sec =  353.3715 Mbps     0 retrans   5690 KB-cwnd
[2024-11-05T12:22:35.409843-0600]    14.7500 MB /   0.50 sec =  247.4402 Mbps     0 retrans   5690 KB-cwnd
[2024-11-05T12:22:35.909777-0600]    12.8750 MB /   0.50 sec =  216.0231 Mbps    18 retrans   9068 KB-cwnd
[2024-11-05T12:22:36.409761-0600]     9.1250 MB /   0.50 sec =  153.0955 Mbps     0 retrans   9068 KB-cwnd
[2024-11-05T12:22:36.909935-0600]     5.8750 MB /   0.50 sec =   98.5608 Mbps     0 retrans   9068 KB-cwnd
[2024-11-05T12:22:37.409822-0600]     0.0000 MB /   0.50 sec =    0.0000 Mbps     0 retrans   9068 KB-cwnd
[2024-11-05T12:22:37.909780-0600]    12.0000 MB /   0.50 sec =  201.3222 Mbps     0 retrans   9068 KB-cwnd
[2024-11-05T12:22:38.409855-0600]     9.0000 MB /   0.50 sec =  150.9735 Mbps     0 retrans   9068 KB-cwnd
[2024-11-05T12:22:38.909791-0600]     8.6250 MB /   0.50 sec =  144.7258 Mbps     0 retrans   9068 KB-cwnd
[2024-11-05T12:22:39.409844-0600]     3.6250 MB /   0.50 sec =   60.8116 Mbps     0 retrans   9068 KB-cwnd
[2024-11-05T12:22:39.909764-0600]    15.5000 MB /   0.50 sec =  260.0739 Mbps     0 retrans   9563 KB-cwnd
[2024-11-05T12:22:40.409972-0600]    16.1250 MB /   0.50 sec =  270.5223 Mbps     0 retrans   9563 KB-cwnd
[2024-11-05T12:22:40.910212-0600]    15.3125 MB /   0.50 sec =  256.6886 Mbps     0 retrans   9563 KB-cwnd
[2024-11-05T12:22:41.409835-0600]    16.0625 MB /   0.50 sec =  269.6809 Mbps     0 retrans   9563 KB-cwnd
[2024-11-05T12:22:41.909770-0600]    18.5000 MB /   0.50 sec =  310.4226 Mbps     0 retrans  10861 KB-cwnd
[2024-11-05T12:22:42.410003-0600]    18.1250 MB /   0.50 sec =  304.0512 Mbps     0 retrans  10861 KB-cwnd
[2024-11-05T12:22:42.909779-0600]     6.3125 MB /   0.50 sec =  105.9178 Mbps     0 retrans  10861 KB-cwnd
[2024-11-05T12:22:43.409770-0600]    12.6250 MB /   0.50 sec =  211.8128 Mbps     0 retrans  10861 KB-cwnd
[2024-11-05T12:22:43.909839-0600]    18.2500 MB /   0.50 sec =  306.1530 Mbps    38 retrans   5200 KB-cwnd
[2024-11-05T12:22:44.409834-0600]    15.2500 MB /   0.50 sec =  255.8832 Mbps     0 retrans   5309 KB-cwnd
[2024-11-05T12:22:44.909793-0600]    16.1250 MB /   0.50 sec =  270.5234 Mbps     0 retrans   5309 KB-cwnd
[2024-11-05T12:22:45.409785-0600]    15.1875 MB /   0.50 sec =  254.8086 Mbps     0 retrans   5309 KB-cwnd
[2024-11-05T12:22:45.909644-0600]    13.0625 MB /   0.50 sec =  219.1633 Mbps     0 retrans   7355 KB-cwnd
[2024-11-05T12:22:46.409841-0600]    14.5625 MB /   0.50 sec =  244.3026 Mbps     0 retrans   7355 KB-cwnd
[2024-11-05T12:22:46.909768-0600]    18.0000 MB /   0.50 sec =  301.9917 Mbps     0 retrans   7355 KB-cwnd
[2024-11-05T12:22:47.410102-0600]    18.4375 MB /   0.50 sec =  309.2056 Mbps     0 retrans   9159 KB-cwnd
[2024-11-05T12:22:47.910508-0600]    20.8125 MB /   0.50 sec =  348.8333 Mbps     0 retrans   9159 KB-cwnd
[2024-11-05T12:22:48.409852-0600]    17.3750 MB /   0.50 sec =  291.8316 Mbps     0 retrans   9159 KB-cwnd
[2024-11-05T12:22:48.909860-0600]    21.1250 MB /   0.50 sec =  354.4740 Mbps     0 retrans   7049 KB-cwnd
[2024-11-05T12:22:49.409808-0600]    14.6250 MB /   0.50 sec =  245.3928 Mbps     0 retrans   7049 KB-cwnd
[2024-11-05T12:22:49.909796-0600]     6.1250 MB /   0.50 sec =  102.7563 Mbps     0 retrans   7049 KB-cwnd
[2024-11-05T12:22:50.409761-0600]    15.5625 MB /   0.50 sec =  261.1100 Mbps     0 retrans   7049 KB-cwnd
[2024-11-05T12:22:50.909778-0600]    19.1250 MB /   0.50 sec =  320.8585 Mbps     0 retrans   7049 KB-cwnd
[2024-11-05T12:22:51.410191-0600]    15.8750 MB /   0.50 sec =  266.1829 Mbps     0 retrans   8724 KB-cwnd
[2024-11-05T12:22:51.910107-0600]    19.0625 MB /   0.50 sec =  319.7645 Mbps     0 retrans   8660 KB-cwnd
[2024-11-05T12:22:52.409799-0600]    18.7500 MB /   0.50 sec =  314.8051 Mbps     0 retrans   8660 KB-cwnd
[2024-11-05T12:22:52.909792-0600]    21.8750 MB /   0.50 sec =  366.9891 Mbps     0 retrans   9675 KB-cwnd
[2024-11-05T12:22:53.410024-0600]    20.8750 MB /   0.50 sec =  350.2258 Mbps     0 retrans   9675 KB-cwnd
[2024-11-05T12:22:53.909981-0600]    16.8125 MB /   0.50 sec =  282.0399 Mbps     0 retrans   9675 KB-cwnd
[2024-11-05T12:22:54.409768-0600]    18.9375 MB /   0.50 sec =  317.7662 Mbps     0 retrans   9694 KB-cwnd
[2024-11-05T12:22:54.909788-0600]    23.6875 MB /   0.50 sec =  397.4063 Mbps     0 retrans   9694 KB-cwnd
[2024-11-05T12:22:55.409833-0600]    17.8750 MB /   0.50 sec =  299.8520 Mbps     0 retrans   9694 KB-cwnd
[2024-11-05T12:22:55.909772-0600]    13.7500 MB /   0.50 sec =  230.7139 Mbps     0 retrans  10038 KB-cwnd
[2024-11-05T12:22:56.409886-0600]    19.9375 MB /   0.50 sec =  334.4931 Mbps     0 retrans  10038 KB-cwnd
[2024-11-05T12:22:56.909892-0600]    19.5000 MB /   0.50 sec =  327.1649 Mbps     0 retrans  10038 KB-cwnd
[2024-11-05T12:22:57.410175-0600]    21.1250 MB /   0.50 sec =  354.1311 Mbps     0 retrans  10054 KB-cwnd
[2024-11-05T12:22:57.909781-0600]    20.5000 MB /   0.50 sec =  344.2083 Mbps     0 retrans  10054 KB-cwnd
[2024-11-05T12:22:58.409799-0600]    21.1875 MB /   0.50 sec =  355.4801 Mbps     0 retrans  10054 KB-cwnd
[2024-11-05T12:22:58.909843-0600]    18.3125 MB /   0.50 sec =  307.1462 Mbps     0 retrans  10256 KB-cwnd
[2024-11-05T12:22:59.410046-0600]     0.0000 MB /   0.50 sec =    0.0000 Mbps     0 retrans  10256 KB-cwnd
[2024-11-05T12:22:59.909757-0600]    13.3125 MB /   0.50 sec =  223.4575 Mbps     0 retrans  10256 KB-cwnd
[2024-11-05T12:23:00.410120-0600]     3.0625 MB /   0.50 sec =   51.3593 Mbps     0 retrans  10256 KB-cwnd
[2024-11-05T12:23:00.909797-0600]     0.2500 MB /   0.50 sec =    4.1958 Mbps     0 retrans  10256 KB-cwnd
[2024-11-05T12:23:01.409806-0600]    10.9375 MB /   0.50 sec =  183.5192 Mbps     0 retrans  10256 KB-cwnd
[2024-11-05T12:23:01.909799-0600]    12.1875 MB /   0.50 sec =  204.4560 Mbps     0 retrans  10256 KB-cwnd
[2024-11-05T12:23:02.410329-0600]    18.3125 MB /   0.50 sec =  307.0436 Mbps     0 retrans  10256 KB-cwnd
[2024-11-05T12:23:02.910092-0600]    19.1250 MB /   0.50 sec =  320.8315 Mbps     0 retrans   9742 KB-cwnd
[2024-11-05T12:23:03.409805-0600]    21.1875 MB /   0.50 sec =  355.7227 Mbps     0 retrans   9979 KB-cwnd
[2024-11-05T12:23:03.909798-0600]    13.8750 MB /   0.50 sec =  232.7573 Mbps     0 retrans  10019 KB-cwnd
[2024-11-05T12:23:04.409877-0600]    16.0000 MB /   0.50 sec =  268.4290 Mbps    99 retrans   8794 KB-cwnd
[2024-11-05T12:23:04.909962-0600]    13.0000 MB /   0.50 sec =  218.1317 Mbps     0 retrans   8794 KB-cwnd
End time: 1730830985007
