Start time: 1730512948213
[2024-11-01T19:02:33.288198-0700] traceroute to 54.176.53.206 (54.176.53.206), 30 hops max, 60 byte packets
[2024-11-01T19:02:33.288769-0700]  1  * * *
[2024-11-01T19:02:33.288809-0700]  2  * * *
[2024-11-01T19:02:33.292685-0700]  3  * * *
[2024-11-01T19:02:33.292744-0700]  4  * * *
[2024-11-01T19:02:33.292777-0700]  5  * * *
[2024-11-01T19:02:38.296334-0700]  6  * * *
[2024-11-01T19:02:38.296825-0700]  7  * * *
[2024-11-01T19:02:38.296964-0700]  8  * * *
[2024-11-01T19:02:38.297073-0700]  9  * * *
[2024-11-01T19:02:38.320591-0700] 10  * * *
[2024-11-01T19:02:43.306743-0700] 11  * * *
[2024-11-01T19:02:43.314407-0700] 12  * * *
[2024-11-01T19:02:43.314582-0700] 13  * * *
[2024-11-01T19:02:43.323753-0700] 14  * * *
[2024-11-01T19:02:43.324061-0700] 15  * * *
[2024-11-01T19:02:48.314980-0700] 16  * * *
[2024-11-01T19:02:48.315339-0700] 17  * * *
[2024-11-01T19:02:48.322514-0700] 18  * * *
[2024-11-01T19:02:48.325313-0700] 19  * * *
[2024-11-01T19:02:48.329469-0700] 20  * * *
[2024-11-01T19:02:48.332580-0700] 21  * * *
[2024-11-01T19:02:53.324415-0700] 22  * * *
[2024-11-01T19:02:53.333590-0700] 23  * * *
[2024-11-01T19:02:53.333777-0700] 24  * * *
[2024-11-01T19:02:53.333896-0700] 25  * * *
[2024-11-01T19:02:53.334005-0700] 26  * * *
[2024-11-01T19:02:58.281923-0700] 27  * *End time: 1730512978347
