Start time: 1730935911524
[2024-11-06T18:31:52.474210-0500] nuttcp-r: v8.1.4: socket
[2024-11-06T18:31:52.475468-0500] nuttcp-r: buflen=65536, nstream=1, port=5379 tcp
[2024-11-06T18:31:52.475587-0500] nuttcp-r: interval reporting every 0.50 seconds
[2024-11-06T18:31:52.475677-0500] nuttcp-r: connect to 54.197.223.49 with RTT=82.946 ms af=inet
[2024-11-06T18:31:52.475761-0500] nuttcp-r: send window size = 2097152, receive window size = 6291456
[2024-11-06T18:31:52.475842-0500] nuttcp-r: available send window = 1572864, available receive window = 4718592
[2024-11-06T18:31:52.476066-0500]     0.8125 MB /   0.50 sec =   13.6294 Mbps     0 retrans     13 KB-cwnd
[2024-11-06T18:31:52.973736-0500]     4.9375 MB /   0.50 sec =   82.8410 Mbps     0 retrans     13 KB-cwnd
[2024-11-06T18:31:53.473825-0500]    14.6250 MB /   0.50 sec =  245.3673 Mbps     0 retrans     13 KB-cwnd
[2024-11-06T18:31:53.973889-0500]    19.5000 MB /   0.50 sec =  327.0949 Mbps     0 retrans     13 KB-cwnd
[2024-11-06T18:31:54.473899-0500]    16.9375 MB /   0.50 sec =  284.1618 Mbps     0 retrans     13 KB-cwnd
[2024-11-06T18:31:54.973829-0500]    15.6875 MB /   0.50 sec =  263.2173 Mbps     0 retrans     13 KB-cwnd
[2024-11-06T18:31:55.473990-0500]    11.4375 MB /   0.50 sec =  191.8591 Mbps     0 retrans     13 KB-cwnd
[2024-11-06T18:31:55.973783-0500]    10.5000 MB /   0.50 sec =  176.1851 Mbps     0 retrans     13 KB-cwnd
[2024-11-06T18:31:56.473837-0500]    23.7500 MB /   0.50 sec =  398.4828 Mbps     0 retrans     13 KB-cwnd
[2024-11-06T18:31:56.973884-0500]    20.3750 MB /   0.50 sec =  341.8618 Mbps     0 retrans     13 KB-cwnd
[2024-11-06T18:31:57.473952-0500]    15.7500 MB /   0.50 sec =  264.1577 Mbps     0 retrans     13 KB-cwnd
[2024-11-06T18:31:57.973892-0500]    15.6250 MB /   0.50 sec =  262.1713 Mbps     0 retrans     13 KB-cwnd
[2024-11-06T18:31:58.473961-0500]    22.6875 MB /   0.50 sec =  380.6567 Mbps     0 retrans     13 KB-cwnd
[2024-11-06T18:31:58.973882-0500]    19.6250 MB /   0.50 sec =  329.2417 Mbps     0 retrans     15 KB-cwnd
[2024-11-06T18:31:59.473891-0500]    20.1875 MB /   0.50 sec =  338.6860 Mbps     0 retrans     26 KB-cwnd
[2024-11-06T18:31:59.973793-0500]    14.8125 MB /   0.50 sec =  248.5359 Mbps     0 retrans     26 KB-cwnd
[2024-11-06T18:32:00.473792-0500]    22.5000 MB /   0.50 sec =  377.5236 Mbps     0 retrans     26 KB-cwnd
[2024-11-06T18:32:00.973966-0500]    14.8750 MB /   0.50 sec =  249.4862 Mbps     0 retrans     26 KB-cwnd
[2024-11-06T18:32:01.473793-0500]    26.0625 MB /   0.50 sec =  437.3787 Mbps     0 retrans     26 KB-cwnd
[2024-11-06T18:32:01.974120-0500]    18.1875 MB /   0.50 sec =  305.0661 Mbps     0 retrans     26 KB-cwnd
[2024-11-06T18:32:02.473722-0500]    16.0625 MB /   0.50 sec =  269.5433 Mbps     0 retrans     26 KB-cwnd
[2024-11-06T18:32:02.973786-0500]    18.5625 MB /   0.50 sec =  311.4352 Mbps     0 retrans     29 KB-cwnd
[2024-11-06T18:32:03.473846-0500]    13.2500 MB /   0.50 sec =  222.2674 Mbps     0 retrans     29 KB-cwnd
[2024-11-06T18:32:03.973994-0500]    14.1250 MB /   0.50 sec =  236.9540 Mbps     0 retrans     34 KB-cwnd
[2024-11-06T18:32:04.473840-0500]    12.8125 MB /   0.50 sec =  214.9804 Mbps     0 retrans     34 KB-cwnd
[2024-11-06T18:32:04.973807-0500]    13.5000 MB /   0.50 sec =  226.5114 Mbps    26 retrans   8921 KB-cwnd
[2024-11-06T18:32:05.473952-0500]    20.0000 MB /   0.50 sec =  335.5222 Mbps     0 retrans   8921 KB-cwnd
[2024-11-06T18:32:05.973932-0500]    17.0625 MB /   0.50 sec =  286.2223 Mbps     0 retrans   8921 KB-cwnd
[2024-11-06T18:32:06.473756-0500]    21.6875 MB /   0.50 sec =  363.9541 Mbps     0 retrans   8921 KB-cwnd
[2024-11-06T18:32:06.973814-0500]    16.8125 MB /   0.50 sec =  282.0517 Mbps    79 retrans  11759 KB-cwnd
[2024-11-06T18:32:07.473987-0500]    11.6875 MB /   0.50 sec =  196.0210 Mbps     0 retrans  11759 KB-cwnd
[2024-11-06T18:32:07.973909-0500]    14.8750 MB /   0.50 sec =  249.5890 Mbps     0 retrans  11759 KB-cwnd
[2024-11-06T18:32:08.473876-0500]    17.7500 MB /   0.50 sec =  297.8170 Mbps     0 retrans  11759 KB-cwnd
[2024-11-06T18:32:08.973921-0500]    13.8125 MB /   0.50 sec =  231.7214 Mbps    14 retrans  11101 KB-cwnd
[2024-11-06T18:32:09.473876-0500]    16.8125 MB /   0.50 sec =  282.0805 Mbps     0 retrans  11101 KB-cwnd
[2024-11-06T18:32:09.973925-0500]    14.3750 MB /   0.50 sec =  241.1599 Mbps     0 retrans  11101 KB-cwnd
[2024-11-06T18:32:10.473852-0500]    14.0625 MB /   0.50 sec =  235.9532 Mbps     0 retrans  11101 KB-cwnd
[2024-11-06T18:32:10.973923-0500]     8.1250 MB /   0.50 sec =  136.3007 Mbps     0 retrans  11135 KB-cwnd
[2024-11-06T18:32:11.473849-0500]    17.2500 MB /   0.50 sec =  289.4388 Mbps    10 retrans   9793 KB-cwnd
[2024-11-06T18:32:11.973877-0500]    12.5000 MB /   0.50 sec =  209.7051 Mbps     0 retrans   9793 KB-cwnd
[2024-11-06T18:32:12.473978-0500]    17.6250 MB /   0.50 sec =  295.7073 Mbps     0 retrans   9793 KB-cwnd
[2024-11-06T18:32:12.973865-0500]    13.1875 MB /   0.50 sec =  221.2433 Mbps     0 retrans   9793 KB-cwnd
[2024-11-06T18:32:13.473773-0500]    11.0625 MB /   0.50 sec =  185.6139 Mbps    19 retrans   4865 KB-cwnd
[2024-11-06T18:32:13.973978-0500]    13.6875 MB /   0.50 sec =  229.6000 Mbps     0 retrans   4865 KB-cwnd
[2024-11-06T18:32:14.473895-0500]     3.7500 MB /   0.50 sec =   62.9196 Mbps     0 retrans   4865 KB-cwnd
[2024-11-06T18:32:14.973877-0500]    20.4375 MB /   0.50 sec =  342.8898 Mbps     0 retrans   4865 KB-cwnd
[2024-11-06T18:32:15.473868-0500]     9.1875 MB /   0.50 sec =  154.1394 Mbps     1 retrans   5221 KB-cwnd
[2024-11-06T18:32:15.973775-0500]    10.7500 MB /   0.50 sec =  180.3749 Mbps    31 retrans   7725 KB-cwnd
[2024-11-06T18:32:16.473856-0500]    12.5625 MB /   0.50 sec =  210.7625 Mbps     0 retrans   7725 KB-cwnd
[2024-11-06T18:32:16.973897-0500]    15.0000 MB /   0.50 sec =  251.6265 Mbps     0 retrans   7725 KB-cwnd
[2024-11-06T18:32:17.473783-0500]    15.8125 MB /   0.50 sec =  265.3407 Mbps     0 retrans   7725 KB-cwnd
[2024-11-06T18:32:17.973882-0500]    10.0000 MB /   0.50 sec =  167.7517 Mbps     0 retrans   7725 KB-cwnd
[2024-11-06T18:32:18.473842-0500]    16.8125 MB /   0.50 sec =  282.0653 Mbps    33 retrans   7176 KB-cwnd
[2024-11-06T18:32:18.973816-0500]    11.5625 MB /   0.50 sec =  193.9901 Mbps     0 retrans   7176 KB-cwnd
[2024-11-06T18:32:19.474179-0500]     2.9375 MB /   0.50 sec =   49.2493 Mbps     0 retrans   7176 KB-cwnd
[2024-11-06T18:32:19.973856-0500]    11.6875 MB /   0.50 sec =  196.2077 Mbps     0 retrans   7176 KB-cwnd
[2024-11-06T18:32:20.473852-0500]    10.3750 MB /   0.50 sec =  174.0720 Mbps     0 retrans   7176 KB-cwnd
[2024-11-06T18:32:20.973872-0500]     7.4375 MB /   0.50 sec =  124.7723 Mbps    28 retrans   7850 KB-cwnd
[2024-11-06T18:32:21.473804-0500]    23.6250 MB /   0.50 sec =  396.4252 Mbps     0 retrans   7850 KB-cwnd
[2024-11-06T18:32:21.973762-0500]    14.6875 MB /   0.50 sec =  246.4223 Mbps     0 retrans   7850 KB-cwnd
[2024-11-06T18:32:22.473769-0500]    11.1250 MB /   0.50 sec =  186.6465 Mbps     0 retrans   7850 KB-cwnd
[2024-11-06T18:32:22.974166-0500]    12.3125 MB /   0.50 sec =  206.5063 Mbps    39 retrans   8503 KB-cwnd
[2024-11-06T18:32:23.473778-0500]    18.8125 MB /   0.50 sec =  315.7142 Mbps     0 retrans   8503 KB-cwnd
[2024-11-06T18:32:23.973774-0500]    16.0625 MB /   0.50 sec =  269.4856 Mbps     0 retrans   8503 KB-cwnd
[2024-11-06T18:32:24.473808-0500]    21.1875 MB /   0.50 sec =  355.4559 Mbps    23 retrans   6945 KB-cwnd
[2024-11-06T18:32:24.973933-0500]    11.6875 MB /   0.50 sec =  196.0418 Mbps     0 retrans   6945 KB-cwnd
[2024-11-06T18:32:25.473699-0500]     6.6250 MB /   0.50 sec =  111.1815 Mbps     0 retrans   6945 KB-cwnd
[2024-11-06T18:32:25.973922-0500]     0.0000 MB /   0.50 sec =    0.0000 Mbps     0 retrans   6945 KB-cwnd
[2024-11-06T18:32:26.473941-0500]     5.7500 MB /   0.50 sec =   96.4709 Mbps     0 retrans   6945 KB-cwnd
[2024-11-06T18:32:26.973906-0500]     8.4375 MB /   0.50 sec =  141.5592 Mbps     0 retrans   6945 KB-cwnd
[2024-11-06T18:32:27.473804-0500]    17.0625 MB /   0.50 sec =  286.3105 Mbps     0 retrans   6945 KB-cwnd
[2024-11-06T18:32:27.973901-0500]    11.8125 MB /   0.50 sec =  198.1424 Mbps     0 retrans   6945 KB-cwnd
[2024-11-06T18:32:28.473762-0500]    13.6875 MB /   0.50 sec =  229.6763 Mbps    19 retrans   6305 KB-cwnd
[2024-11-06T18:32:28.973925-0500]    14.8125 MB /   0.50 sec =  248.4708 Mbps     0 retrans   6305 KB-cwnd
[2024-11-06T18:32:29.473905-0500]    17.5000 MB /   0.50 sec =  293.6054 Mbps     0 retrans   6305 KB-cwnd
[2024-11-06T18:32:29.973825-0500]    18.6250 MB /   0.50 sec =  312.5006 Mbps     3 retrans   9990 KB-cwnd
[2024-11-06T18:32:30.473896-0500]    14.8750 MB /   0.50 sec =  249.5501 Mbps     0 retrans   9990 KB-cwnd
[2024-11-06T18:32:30.973888-0500]     8.1875 MB /   0.50 sec =  137.3632 Mbps     0 retrans   9990 KB-cwnd
[2024-11-06T18:32:31.473906-0500]    19.1250 MB /   0.50 sec =  320.8675 Mbps     0 retrans   9990 KB-cwnd
[2024-11-06T18:32:31.973853-0500]    15.5000 MB /   0.50 sec =  260.0557 Mbps   760 retrans   5655 KB-cwnd
[2024-11-06T18:32:32.473908-0500]    17.1250 MB /   0.50 sec =  287.3489 Mbps     0 retrans   5655 KB-cwnd
[2024-11-06T18:32:32.973739-0500]    16.6875 MB /   0.50 sec =  279.9687 Mbps     0 retrans   5655 KB-cwnd
[2024-11-06T18:32:33.473775-0500]     8.6250 MB /   0.50 sec =  144.6928 Mbps     0 retrans   5655 KB-cwnd
[2024-11-06T18:32:33.973946-0500]    15.1875 MB /   0.50 sec =  254.7525 Mbps    19 retrans   6921 KB-cwnd
[2024-11-06T18:32:34.473878-0500]    19.8750 MB /   0.50 sec =  333.4939 Mbps     0 retrans   6921 KB-cwnd
[2024-11-06T18:32:34.973884-0500]    17.5625 MB /   0.50 sec =  294.6292 Mbps     0 retrans   6921 KB-cwnd
[2024-11-06T18:32:35.473804-0500]    18.7500 MB /   0.50 sec =  314.6320 Mbps     0 retrans   6921 KB-cwnd
[2024-11-06T18:32:35.973788-0500]    17.5625 MB /   0.50 sec =  294.6540 Mbps    25 retrans   2902 KB-cwnd
[2024-11-06T18:32:36.473733-0500]    18.8125 MB /   0.50 sec =  315.6157 Mbps     1 retrans   2902 KB-cwnd
[2024-11-06T18:32:36.973933-0500]    22.6875 MB /   0.50 sec =  380.5638 Mbps     0 retrans   2902 KB-cwnd
[2024-11-06T18:32:37.473860-0500]    16.5625 MB /   0.50 sec =  277.8910 Mbps    13 retrans   6433 KB-cwnd
[2024-11-06T18:32:37.973921-0500]    17.1875 MB /   0.50 sec =  288.3348 Mbps     0 retrans   6481 KB-cwnd
[2024-11-06T18:32:38.474021-0500]    13.3125 MB /   0.50 sec =  223.3601 Mbps     0 retrans   6785 KB-cwnd
[2024-11-06T18:32:38.973946-0500]    18.5000 MB /   0.50 sec =  310.3605 Mbps    14 retrans   6809 KB-cwnd
[2024-11-06T18:32:39.474037-0500]    20.2500 MB /   0.50 sec =  339.8052 Mbps     0 retrans   6809 KB-cwnd
[2024-11-06T18:32:39.973947-0500]    19.3125 MB /   0.50 sec =  323.9374 Mbps     0 retrans   6809 KB-cwnd
[2024-11-06T18:32:40.473976-0500]    18.0625 MB /   0.50 sec =  303.0924 Mbps     3 retrans   9041 KB-cwnd
[2024-11-06T18:32:40.973761-0500]    19.1875 MB /   0.50 sec =  321.9206 Mbps     0 retrans   9041 KB-cwnd
[2024-11-06T18:32:41.473896-0500]    17.7500 MB /   0.50 sec =  297.7593 Mbps     0 retrans   9041 KB-cwnd
[2024-11-06T18:32:41.973788-0500]    19.9375 MB /   0.50 sec =  334.5519 Mbps    24 retrans  10011 KB-cwnd
[2024-11-06T18:32:42.473936-0500]    19.3750 MB /   0.50 sec =  325.0599 Mbps     0 retrans  10011 KB-cwnd
[2024-11-06T18:32:42.973861-0500]    14.6875 MB /   0.50 sec =  246.3750 Mbps     0 retrans  10011 KB-cwnd
[2024-11-06T18:32:43.473716-0500]    21.1250 MB /   0.50 sec =  354.4754 Mbps     0 retrans  10011 KB-cwnd
[2024-11-06T18:32:43.973796-0500]    22.8125 MB /   0.50 sec =  382.7295 Mbps     8 retrans  10951 KB-cwnd
[2024-11-06T18:32:44.473758-0500]    14.0625 MB /   0.50 sec =  235.9334 Mbps     0 retrans  10951 KB-cwnd
[2024-11-06T18:32:44.973781-0500]    11.3750 MB /   0.50 sec =  190.8366 Mbps     0 retrans  10951 KB-cwnd
[2024-11-06T18:32:45.473807-0500]    16.0625 MB /   0.50 sec =  269.4770 Mbps    28 retrans  10733 KB-cwnd
[2024-11-06T18:32:45.973874-0500]    17.5625 MB /   0.50 sec =  294.6110 Mbps     0 retrans  10733 KB-cwnd
[2024-11-06T18:32:46.473703-0500]    21.2500 MB /   0.50 sec =  356.5922 Mbps     0 retrans  10834 KB-cwnd
[2024-11-06T18:32:46.973784-0500]    20.1250 MB /   0.50 sec =  337.6253 Mbps     0 retrans  10834 KB-cwnd
[2024-11-06T18:32:47.473921-0500]    17.3750 MB /   0.50 sec =  291.4995 Mbps     6 retrans   9585 KB-cwnd
[2024-11-06T18:32:47.973900-0500]    15.8125 MB /   0.50 sec =  265.2335 Mbps     0 retrans   9585 KB-cwnd
[2024-11-06T18:32:48.473918-0500]    23.1250 MB /   0.50 sec =  387.9630 Mbps     0 retrans   9622 KB-cwnd
[2024-11-06T18:32:48.973774-0500]    14.7500 MB /   0.50 sec =  247.5313 Mbps    35 retrans   9084 KB-cwnd
[2024-11-06T18:32:49.473800-0500]    16.0625 MB /   0.50 sec =  269.4883 Mbps     0 retrans   9084 KB-cwnd
[2024-11-06T18:32:49.973919-0500]    11.8125 MB /   0.50 sec =  198.1294 Mbps     0 retrans   9084 KB-cwnd
[2024-11-06T18:32:50.473810-0500]    21.6875 MB /   0.50 sec =  363.9221 Mbps     0 retrans   9084 KB-cwnd
[2024-11-06T18:32:50.973887-0500]    16.2500 MB /   0.50 sec =  272.5943 Mbps     4 retrans  12377 KB-cwnd
[2024-11-06T18:32:51.473867-0500]    11.7500 MB /   0.50 sec =  197.1500 Mbps     0 retrans  12377 KB-cwnd
[2024-11-06T18:32:51.973905-0500]    17.0000 MB /   0.50 sec =  285.1836 Mbps     0 retrans  12377 KB-cwnd
[2024-11-06T18:32:52.473863-0500]    13.0000 MB /   0.50 sec =  218.1138 Mbps     0 retrans  12377 KB-cwnd
[2024-11-06T18:32:52.973865-0500]    20.5000 MB /   0.50 sec =  343.9302 Mbps     7 retrans   8024 KB-cwnd
[2024-11-06T18:32:53.474476-0500]     9.3125 MB /   0.50 sec =  156.0624 Mbps     0 retrans   8024 KB-cwnd
[2024-11-06T18:32:53.973787-0500]    20.6250 MB /   0.50 sec =  346.4639 Mbps     0 retrans   8024 KB-cwnd
[2024-11-06T18:32:54.473977-0500]     4.1250 MB /   0.50 sec =   69.1979 Mbps     0 retrans   8024 KB-cwnd
[2024-11-06T18:32:54.974060-0500]    16.6875 MB /   0.50 sec =  279.9396 Mbps     6 retrans   8935 KB-cwnd
[2024-11-06T18:32:55.473848-0500]    15.1875 MB /   0.50 sec =  254.8458 Mbps     0 retrans   8935 KB-cwnd
[2024-11-06T18:32:55.973869-0500]     5.6875 MB /   0.50 sec =   95.4153 Mbps     0 retrans   9250 KB-cwnd
[2024-11-06T18:32:56.473775-0500]    16.2500 MB /   0.50 sec =  272.6598 Mbps     0 retrans   9460 KB-cwnd
[2024-11-06T18:32:56.973826-0500]    16.9375 MB /   0.50 sec =  284.1630 Mbps     1 retrans   9460 KB-cwnd
[2024-11-06T18:32:57.473890-0500]    12.2500 MB /   0.50 sec =  205.5275 Mbps    34 retrans   9476 KB-cwnd
[2024-11-06T18:32:57.973855-0500]    13.2500 MB /   0.50 sec =  222.2625 Mbps     0 retrans   9476 KB-cwnd
[2024-11-06T18:32:58.473858-0500]    21.0000 MB /   0.50 sec =  352.3455 Mbps     0 retrans   9476 KB-cwnd
[2024-11-06T18:32:58.973805-0500]    14.4375 MB /   0.50 sec =  242.2385 Mbps    13 retrans   9209 KB-cwnd
[2024-11-06T18:32:59.473684-0500]    13.2500 MB /   0.50 sec =  222.3168 Mbps     0 retrans   9209 KB-cwnd
[2024-11-06T18:32:59.973919-0500]     2.9375 MB /   0.50 sec =   49.2723 Mbps     0 retrans   9209 KB-cwnd
[2024-11-06T18:33:00.473914-0500]    23.5625 MB /   0.50 sec =  395.2902 Mbps     0 retrans   9145 KB-cwnd
[2024-11-06T18:33:00.973828-0500]    14.8125 MB /   0.50 sec =  248.5503 Mbps     0 retrans   9145 KB-cwnd
[2024-11-06T18:33:01.473827-0500]    10.6250 MB /   0.50 sec =  178.2576 Mbps    19 retrans   7320 KB-cwnd
[2024-11-06T18:33:01.974029-0500]     7.0625 MB /   0.50 sec =  118.4621 Mbps     0 retrans   7320 KB-cwnd
[2024-11-06T18:33:02.473832-0500]    12.4375 MB /   0.50 sec =  208.7125 Mbps     0 retrans   7320 KB-cwnd
[2024-11-06T18:33:02.973810-0500]    18.1875 MB /   0.50 sec =  305.1503 Mbps     0 retrans   7320 KB-cwnd
[2024-11-06T18:33:03.473878-0500]     8.5625 MB /   0.50 sec =  143.6334 Mbps     0 retrans   7350 KB-cwnd
[2024-11-06T18:33:03.973837-0500]    15.6250 MB /   0.50 sec =  262.1540 Mbps    12 retrans   8602 KB-cwnd
[2024-11-06T18:33:04.473722-0500]    14.4375 MB /   0.50 sec =  242.2472 Mbps     0 retrans   8602 KB-cwnd
[2024-11-06T18:33:04.973877-0500]     7.6250 MB /   0.50 sec =  127.9056 Mbps     0 retrans   8602 KB-cwnd
[2024-11-06T18:33:05.473998-0500]    20.5625 MB /   0.50 sec =  345.0277 Mbps     0 retrans   8602 KB-cwnd
[2024-11-06T18:33:05.973770-0500]    13.4375 MB /   0.50 sec =  225.4551 Mbps     0 retrans   8602 KB-cwnd
[2024-11-06T18:33:06.473713-0500]    15.0625 MB /   0.50 sec =  252.7144 Mbps     8 retrans   7190 KB-cwnd
[2024-11-06T18:33:06.973980-0500]    12.7500 MB /   0.50 sec =  213.8385 Mbps     0 retrans   7190 KB-cwnd
[2024-11-06T18:33:07.473979-0500]    13.8750 MB /   0.50 sec =  232.7974 Mbps     0 retrans   7190 KB-cwnd
[2024-11-06T18:33:07.973971-0500]    14.0000 MB /   0.50 sec =  234.8843 Mbps     0 retrans   7190 KB-cwnd
[2024-11-06T18:33:08.473917-0500]     5.6875 MB /   0.50 sec =   95.4214 Mbps     0 retrans   7190 KB-cwnd
[2024-11-06T18:33:08.973701-0500]    17.1875 MB /   0.50 sec =  288.4374 Mbps    17 retrans   6913 KB-cwnd
[2024-11-06T18:33:09.473817-0500]     7.4375 MB /   0.50 sec =  124.7686 Mbps     0 retrans   6913 KB-cwnd
[2024-11-06T18:33:09.974081-0500]    13.6250 MB /   0.50 sec =  228.5429 Mbps     0 retrans   6913 KB-cwnd
[2024-11-06T18:33:10.473853-0500]    16.0000 MB /   0.50 sec =  268.4666 Mbps     0 retrans   7174 KB-cwnd
[2024-11-06T18:33:10.973782-0500]    25.6875 MB /   0.50 sec =  431.0225 Mbps    12 retrans   5847 KB-cwnd
[2024-11-06T18:33:11.474504-0500]    17.5625 MB /   0.50 sec =  294.5856 Mbps     0 retrans   5847 KB-cwnd
[2024-11-06T18:33:11.974120-0500]    20.3750 MB /   0.50 sec =  341.7654 Mbps     0 retrans   5847 KB-cwnd
[2024-11-06T18:33:12.473805-0500]    27.8125 MB /   0.50 sec =  466.7993 Mbps    24 retrans   6684 KB-cwnd
[2024-11-06T18:33:12.973787-0500]    21.6250 MB /   0.50 sec =  362.8109 Mbps     0 retrans   6684 KB-cwnd
[2024-11-06T18:33:13.473870-0500]    22.8125 MB /   0.50 sec =  382.6897 Mbps    49 retrans   8698 KB-cwnd
[2024-11-06T18:33:13.973979-0500]    12.8125 MB /   0.50 sec =  214.9323 Mbps     0 retrans   8698 KB-cwnd
[2024-11-06T18:33:14.473946-0500]    15.0000 MB /   0.50 sec =  251.6517 Mbps     0 retrans   8698 KB-cwnd
[2024-11-06T18:33:14.973807-0500]    20.5625 MB /   0.50 sec =  345.0705 Mbps     0 retrans   8698 KB-cwnd
[2024-11-06T18:33:15.473996-0500]    22.8125 MB /   0.50 sec =  382.6323 Mbps     6 retrans  16870 KB-cwnd
[2024-11-06T18:33:15.973722-0500]    23.0625 MB /   0.50 sec =  387.0345 Mbps     0 retrans  17034 KB-cwnd
[2024-11-06T18:33:16.473855-0500]    17.6875 MB /   0.50 sec =  296.7096 Mbps     0 retrans  17140 KB-cwnd
[2024-11-06T18:33:16.973937-0500]    13.8750 MB /   0.50 sec =  232.7648 Mbps     5 retrans  15566 KB-cwnd
[2024-11-06T18:33:17.473708-0500]    23.6875 MB /   0.50 sec =  397.4962 Mbps     0 retrans  15566 KB-cwnd
[2024-11-06T18:33:17.973964-0500]    16.1250 MB /   0.50 sec =  270.5088 Mbps     0 retrans  15566 KB-cwnd
[2024-11-06T18:33:18.473853-0500]    13.4375 MB /   0.50 sec =  225.4272 Mbps     0 retrans  15566 KB-cwnd
[2024-11-06T18:33:18.973878-0500]     5.4375 MB /   0.50 sec =   91.2226 Mbps     0 retrans  15566 KB-cwnd
[2024-11-06T18:33:19.473931-0500]    19.1875 MB /   0.50 sec =  321.8980 Mbps     8 retrans   9406 KB-cwnd
[2024-11-06T18:33:19.973958-0500]    17.7500 MB /   0.50 sec =  297.8081 Mbps     0 retrans   9406 KB-cwnd
[2024-11-06T18:33:20.473805-0500]    15.6875 MB /   0.50 sec =  263.2368 Mbps     0 retrans   9406 KB-cwnd
[2024-11-06T18:33:20.973811-0500]    16.8750 MB /   0.50 sec =  283.1121 Mbps     8 retrans   8378 KB-cwnd
[2024-11-06T18:33:21.473871-0500]    16.4375 MB /   0.50 sec =  275.7385 Mbps     0 retrans   8378 KB-cwnd
[2024-11-06T18:33:21.973681-0500]    20.5625 MB /   0.50 sec =  345.0616 Mbps     0 retrans   8378 KB-cwnd
[2024-11-06T18:33:22.473855-0500]    14.5000 MB /   0.50 sec =  243.2570 Mbps     0 retrans   8378 KB-cwnd
[2024-11-06T18:33:22.973755-0500]    14.2500 MB /   0.50 sec =  239.0519 Mbps    15 retrans   7033 KB-cwnd
[2024-11-06T18:33:23.473819-0500]    18.1875 MB /   0.50 sec =  305.1503 Mbps     0 retrans   7033 KB-cwnd
[2024-11-06T18:33:23.973833-0500]    10.4375 MB /   0.50 sec =  175.1129 Mbps     0 retrans   7033 KB-cwnd
[2024-11-06T18:33:24.473747-0500]     7.1250 MB /   0.50 sec =  119.5482 Mbps     0 retrans   7033 KB-cwnd
[2024-11-06T18:33:24.973783-0500]    16.0625 MB /   0.50 sec =  269.4673 Mbps    58 retrans   6636 KB-cwnd
[2024-11-06T18:33:25.473810-0500]    12.8125 MB /   0.50 sec =  214.9585 Mbps     0 retrans   6636 KB-cwnd
[2024-11-06T18:33:25.973686-0500]    10.9375 MB /   0.50 sec =  183.5125 Mbps     0 retrans   6636 KB-cwnd
[2024-11-06T18:33:26.473868-0500]    10.4375 MB /   0.50 sec =  175.0775 Mbps     0 retrans   6636 KB-cwnd
[2024-11-06T18:33:26.973769-0500]    13.8125 MB /   0.50 sec =  231.7659 Mbps     0 retrans   6636 KB-cwnd
[2024-11-06T18:33:27.473764-0500]    15.8750 MB /   0.50 sec =  266.3388 Mbps     7 retrans   7909 KB-cwnd
[2024-11-06T18:33:27.973927-0500]    10.3125 MB /   0.50 sec =  172.9822 Mbps     0 retrans   7909 KB-cwnd
[2024-11-06T18:33:28.473904-0500]    18.2500 MB /   0.50 sec =  306.1854 Mbps     0 retrans   7909 KB-cwnd
[2024-11-06T18:33:28.973792-0500]    14.4375 MB /   0.50 sec =  242.2647 Mbps     1 retrans   4965 KB-cwnd
[2024-11-06T18:33:29.473790-0500]    15.3125 MB /   0.50 sec =  256.9027 Mbps    17 retrans   4387 KB-cwnd
[2024-11-06T18:33:29.973890-0500]    10.5625 MB /   0.50 sec =  177.1739 Mbps     0 retrans   4387 KB-cwnd
[2024-11-06T18:33:30.473793-0500]    19.5000 MB /   0.50 sec =  327.2179 Mbps     0 retrans   4436 KB-cwnd
[2024-11-06T18:33:30.973890-0500]     9.6250 MB /   0.50 sec =  161.4613 Mbps     0 retrans   4644 KB-cwnd
[2024-11-06T18:33:31.473733-0500]    19.0000 MB /   0.50 sec =  318.8060 Mbps     4 retrans   5994 KB-cwnd
[2024-11-06T18:33:31.973952-0500]    14.4375 MB /   0.50 sec =  242.1547 Mbps     0 retrans   5994 KB-cwnd
[2024-11-06T18:33:32.473782-0500]    16.1875 MB /   0.50 sec =  271.6545 Mbps     0 retrans   5994 KB-cwnd
[2024-11-06T18:33:32.973808-0500]    12.6250 MB /   0.50 sec =  211.8077 Mbps     0 retrans   5994 KB-cwnd
[2024-11-06T18:33:33.473898-0500]    18.9375 MB /   0.50 sec =  317.6868 Mbps     9 retrans   6122 KB-cwnd
[2024-11-06T18:33:33.973773-0500]    16.0000 MB /   0.50 sec =  268.4725 Mbps     0 retrans   6122 KB-cwnd
[2024-11-06T18:33:34.473831-0500]     7.0000 MB /   0.50 sec =  117.4332 Mbps     0 retrans   6122 KB-cwnd
[2024-11-06T18:33:34.973822-0500]    12.2500 MB /   0.50 sec =  205.5287 Mbps     0 retrans   6122 KB-cwnd
[2024-11-06T18:33:35.473785-0500]    16.2500 MB /   0.50 sec =  272.6358 Mbps     0 retrans   6122 KB-cwnd
[2024-11-06T18:33:35.973944-0500]    16.1250 MB /   0.50 sec =  270.4974 Mbps     9 retrans   5590 KB-cwnd
[2024-11-06T18:33:36.473945-0500]    15.5000 MB /   0.50 sec =  260.0302 Mbps     0 retrans   5591 KB-cwnd
[2024-11-06T18:33:36.973752-0500]    19.4375 MB /   0.50 sec =  326.1508 Mbps     0 retrans   5591 KB-cwnd
[2024-11-06T18:33:37.473923-0500]    22.7500 MB /   0.50 sec =  381.6389 Mbps     6 retrans   6782 KB-cwnd
[2024-11-06T18:33:37.973806-0500]    16.7500 MB /   0.50 sec =  281.0274 Mbps     0 retrans   6782 KB-cwnd
[2024-11-06T18:33:38.473739-0500]    18.3125 MB /   0.50 sec =  307.2629 Mbps     0 retrans   7496 KB-cwnd
[2024-11-06T18:33:38.973812-0500]    26.2500 MB /   0.50 sec =  440.4169 Mbps     2 retrans   9294 KB-cwnd
[2024-11-06T18:33:39.474010-0500]    12.5625 MB /   0.50 sec =  210.7444 Mbps     0 retrans   9326 KB-cwnd
[2024-11-06T18:33:39.974002-0500]    17.0625 MB /   0.50 sec =  286.1880 Mbps     0 retrans   9326 KB-cwnd
[2024-11-06T18:33:40.473804-0500]    19.8750 MB /   0.50 sec =  333.5626 Mbps    11 retrans   5091 KB-cwnd
[2024-11-06T18:33:40.973761-0500]    17.0000 MB /   0.50 sec =  285.1996 Mbps     1 retrans   5212 KB-cwnd
[2024-11-06T18:33:41.473936-0500]    14.4375 MB /   0.50 sec =  242.1997 Mbps     0 retrans   5212 KB-cwnd
[2024-11-06T18:33:41.973779-0500]    24.6250 MB /   0.50 sec =  413.2001 Mbps    10 retrans   8215 KB-cwnd
[2024-11-06T18:33:42.474410-0500]    17.2500 MB /   0.50 sec =  289.1196 Mbps     0 retrans   8215 KB-cwnd
[2024-11-06T18:33:42.973858-0500]    15.8750 MB /   0.50 sec =  266.5761 Mbps     0 retrans   8215 KB-cwnd
[2024-11-06T18:33:43.474118-0500]    14.2500 MB /   0.50 sec =  239.1007 Mbps     0 retrans   8215 KB-cwnd
[2024-11-06T18:33:43.973759-0500]    14.9375 MB /   0.50 sec =  250.6172 Mbps     0 retrans   8215 KB-cwnd
[2024-11-06T18:33:44.473886-0500]    10.8750 MB /   0.50 sec =  182.4234 Mbps     9 retrans  10035 KB-cwnd
[2024-11-06T18:33:44.973730-0500]    17.8750 MB /   0.50 sec =  299.9173 Mbps     0 retrans  10035 KB-cwnd
[2024-11-06T18:33:45.473791-0500]    21.4375 MB /   0.50 sec =  359.6767 Mbps     0 retrans  10035 KB-cwnd
[2024-11-06T18:33:45.973783-0500]    14.0625 MB /   0.50 sec =  235.9291 Mbps     0 retrans  10035 KB-cwnd
[2024-11-06T18:33:46.473719-0500]    22.5000 MB /   0.50 sec =  377.4987 Mbps     5 retrans  10834 KB-cwnd
[2024-11-06T18:33:46.973891-0500]    18.3125 MB /   0.50 sec =  307.2051 Mbps     0 retrans  10834 KB-cwnd
[2024-11-06T18:33:47.473921-0500]    10.9375 MB /   0.50 sec =  183.4975 Mbps     0 retrans  10834 KB-cwnd
[2024-11-06T18:33:47.974069-0500]    16.9375 MB /   0.50 sec =  284.1277 Mbps     6 retrans   8716 KB-cwnd
[2024-11-06T18:33:48.473804-0500]     7.1875 MB /   0.50 sec =  120.6092 Mbps     0 retrans   8716 KB-cwnd
[2024-11-06T18:33:48.973813-0500]    16.0625 MB /   0.50 sec =  269.4781 Mbps     0 retrans   8716 KB-cwnd
[2024-11-06T18:33:49.473717-0500]    15.3750 MB /   0.50 sec =  257.9554 Mbps     0 retrans   8716 KB-cwnd
[2024-11-06T18:33:49.973854-0500]    11.3750 MB /   0.50 sec =  190.8263 Mbps     0 retrans   8716 KB-cwnd
[2024-11-06T18:33:50.473690-0500]    17.1250 MB /   0.50 sec =  287.3512 Mbps     4 retrans   9494 KB-cwnd
[2024-11-06T18:33:50.973812-0500]    20.1875 MB /   0.50 sec =  338.6616 Mbps     0 retrans   9494 KB-cwnd
[2024-11-06T18:33:51.473827-0500]    25.1875 MB /   0.50 sec =  422.5694 Mbps     0 retrans   9494 KB-cwnd
[2024-11-06T18:33:51.973842-0500]    12.1250 MB /   0.50 sec =  203.4185 Mbps    11 retrans   8434 KB-cwnd
[2024-11-06T18:33:52.473850-0500]    20.5000 MB /   0.50 sec =  343.9391 Mbps     0 retrans   8434 KB-cwnd
End time: 1730936032632
