Start time: 1745267511554
Connecting to host 34.86.116.81, port 5209
Reverse mode, remote host 34.86.116.81 is sending
[  5] local 192.0.0.2 port 55244 connected to 34.86.116.81 port 5209
[ ID] Interval           Transfer     Bitrate
[  5]   0.00-0.10   sec  58.6 KBytes  4.80 Mbits/sec                  
[  5]   0.10-0.20   sec  26.6 KBytes  2.18 Mbits/sec                  
[  5]   0.20-0.30   sec   221 KBytes  18.1 Mbits/sec                  
[  5]   0.30-0.40   sec   377 KBytes  30.9 Mbits/sec                  
[  5]   0.40-0.50   sec   374 KBytes  30.7 Mbits/sec                  
[  5]   0.50-0.60   sec   899 KBytes  73.7 Mbits/sec                  
[  5]   0.60-0.70   sec  1.34 MBytes   113 Mbits/sec                  
[  5]   0.70-0.80   sec  1.04 MBytes  87.3 Mbits/sec                  
[  5]   0.80-0.90   sec  1.16 MBytes  97.0 Mbits/sec                  
[  5]   0.90-1.00   sec  2.57 MBytes   216 Mbits/sec                  
[  5]   1.00-1.10   sec  2.25 MBytes   189 Mbits/sec                  
[  5]   1.10-1.20   sec  2.06 MBytes   173 Mbits/sec                  
[  5]   1.20-1.30   sec  2.27 MBytes   190 Mbits/sec                  
[  5]   1.30-1.40   sec  1.37 MBytes   115 Mbits/sec                  
[  5]   1.40-1.50   sec  2.73 MBytes   229 Mbits/sec                  
[  5]   1.50-1.60   sec  2.66 MBytes   223 Mbits/sec                  
[  5]   1.60-1.70   sec  2.38 MBytes   199 Mbits/sec                  
[  5]   1.70-1.80   sec  2.23 MBytes   187 Mbits/sec                  
[  5]   1.80-1.90   sec  1.93 MBytes   162 Mbits/sec                  
[  5]   1.90-2.00   sec  1.19 MBytes  99.7 Mbits/sec                  
[  5]   2.00-2.10   sec  1012 KBytes  82.9 Mbits/sec                  
[  5]   2.10-2.20   sec  1.85 MBytes   155 Mbits/sec                  
[  5]   2.20-2.30   sec  1.29 MBytes   109 Mbits/sec                  
[  5]   2.30-2.40   sec  1.22 MBytes   102 Mbits/sec                  
[  5]   2.40-2.50   sec   926 KBytes  75.7 Mbits/sec                  
[  5]   2.50-2.60   sec  1.80 MBytes   152 Mbits/sec                  
[  5]   2.60-2.70   sec  2.29 MBytes   192 Mbits/sec                  
[  5]   2.70-2.80   sec  2.40 MBytes   201 Mbits/sec                  
[  5]   2.80-2.90   sec  2.55 MBytes   214 Mbits/sec                  
[  5]   2.90-3.00   sec  2.12 MBytes   178 Mbits/sec                  
[  5]   3.00-3.10   sec  1.06 MBytes  88.6 Mbits/sec                  
[  5]   3.10-3.20   sec  1.43 MBytes   120 Mbits/sec                  
[  5]   3.20-3.30   sec  2.35 MBytes   197 Mbits/sec                  
[  5]   3.30-3.40   sec  1.58 MBytes   133 Mbits/sec                  
[  5]   3.40-3.50   sec  1.88 MBytes   158 Mbits/sec                  
[  5]   3.50-3.60   sec  1.99 MBytes   167 Mbits/sec                  
[  5]   3.60-3.70   sec  1.66 MBytes   139 Mbits/sec                  
[  5]   3.70-3.80   sec  1.81 MBytes   152 Mbits/sec                  
[  5]   3.80-3.90   sec  1.70 MBytes   143 Mbits/sec                  
[  5]   3.90-4.00   sec  2.09 MBytes   175 Mbits/sec                  
[  5]   4.00-4.10   sec  2.12 MBytes   178 Mbits/sec                  
[  5]   4.10-4.20   sec  1.67 MBytes   140 Mbits/sec                  
[  5]   4.20-4.30   sec  1.42 MBytes   119 Mbits/sec                  
[  5]   4.30-4.40   sec  1.68 MBytes   141 Mbits/sec                  
[  5]   4.40-4.50   sec  1.34 MBytes   112 Mbits/sec                  
[  5]   4.50-4.60   sec  1.22 MBytes   102 Mbits/sec                  
[  5]   4.60-4.70   sec  2.04 MBytes   171 Mbits/sec                  
[  5]   4.70-4.80   sec  2.60 MBytes   218 Mbits/sec                  
[  5]   4.80-4.90   sec  2.54 MBytes   213 Mbits/sec                  
[  5]   4.90-5.00   sec  1.83 MBytes   153 Mbits/sec                  
- - - - - - - - - - - - - - - - - - - - - - - - -
[ ID] Interval           Transfer     Bitrate         Retr
[  5]   0.00-5.09   sec   360 MBytes   593 Mbits/sec    0             sender
[  5]   0.00-5.00   sec  82.5 MBytes   138 Mbits/sec                  receiver

iperf Done.
End time: 1745267517455
