Start time: 1731008752791
[2024-11-07T14:45:53.759455-0500] nuttcp-r: v8.1.4: socket
[2024-11-07T14:45:53.760211-0500] nuttcp-r: buflen=65536, nstream=1, port=5379 tcp
[2024-11-07T14:45:53.760297-0500] nuttcp-r: interval reporting every 0.50 seconds
[2024-11-07T14:45:53.760419-0500] nuttcp-r: connect to 54.197.223.49 with RTT=90.368 ms af=inet
[2024-11-07T14:45:53.760488-0500] nuttcp-r: send window size = 2097152, receive window size = 6291456
[2024-11-07T14:45:53.760550-0500] nuttcp-r: available send window = 1572864, available receive window = 4718592
[2024-11-07T14:45:53.760608-0500]     0.3125 MB /   0.50 sec =    5.2423 Mbps     0 retrans     13 KB-cwnd
[2024-11-07T14:45:54.259397-0500]     3.8750 MB /   0.50 sec =   65.0120 Mbps     0 retrans     13 KB-cwnd
[2024-11-07T14:45:54.759280-0500]     5.8750 MB /   0.50 sec =   98.5675 Mbps     0 retrans     13 KB-cwnd
[2024-11-07T14:45:55.259345-0500]     5.6250 MB /   0.50 sec =   94.3575 Mbps     0 retrans     13 KB-cwnd
[2024-11-07T14:45:55.759297-0500]     6.1250 MB /   0.50 sec =  102.7744 Mbps     0 retrans     13 KB-cwnd
[2024-11-07T14:45:56.259197-0500]     6.9375 MB /   0.50 sec =  116.3957 Mbps     0 retrans     13 KB-cwnd
[2024-11-07T14:45:56.759298-0500]     5.7500 MB /   0.50 sec =   96.4590 Mbps     0 retrans     13 KB-cwnd
[2024-11-07T14:45:57.259263-0500]     6.3125 MB /   0.50 sec =  105.9146 Mbps     0 retrans     13 KB-cwnd
[2024-11-07T14:45:57.759328-0500]     5.0625 MB /   0.50 sec =   84.9241 Mbps     0 retrans     13 KB-cwnd
[2024-11-07T14:45:58.259273-0500]     7.0625 MB /   0.50 sec =  118.5031 Mbps     0 retrans     13 KB-cwnd
[2024-11-07T14:45:58.759295-0500]     7.9375 MB /   0.50 sec =  133.1686 Mbps     0 retrans     13 KB-cwnd
[2024-11-07T14:45:59.259251-0500]     8.3750 MB /   0.50 sec =  140.5196 Mbps     0 retrans     13 KB-cwnd
[2024-11-07T14:45:59.759330-0500]    10.5000 MB /   0.50 sec =  176.1400 Mbps     0 retrans     13 KB-cwnd
[2024-11-07T14:46:00.259280-0500]    12.0000 MB /   0.50 sec =  201.3363 Mbps     0 retrans     13 KB-cwnd
[2024-11-07T14:46:00.759175-0500]    14.6250 MB /   0.50 sec =  245.3805 Mbps     0 retrans     13 KB-cwnd
[2024-11-07T14:46:01.259322-0500]    15.6250 MB /   0.50 sec =  262.1194 Mbps     0 retrans     13 KB-cwnd
[2024-11-07T14:46:01.759304-0500]    14.8125 MB /   0.50 sec =  248.5130 Mbps     0 retrans     13 KB-cwnd
[2024-11-07T14:46:02.259337-0500]    10.5625 MB /   0.50 sec =  177.1913 Mbps     0 retrans     13 KB-cwnd
[2024-11-07T14:46:02.759330-0500]     8.9375 MB /   0.50 sec =  149.9503 Mbps     0 retrans     13 KB-cwnd
[2024-11-07T14:46:03.259264-0500]     8.2500 MB /   0.50 sec =  138.4278 Mbps     0 retrans     13 KB-cwnd
[2024-11-07T14:46:03.759270-0500]    11.1250 MB /   0.50 sec =  186.6462 Mbps     0 retrans     13 KB-cwnd
[2024-11-07T14:46:04.259389-0500]     8.7500 MB /   0.50 sec =  146.8018 Mbps     0 retrans     13 KB-cwnd
[2024-11-07T14:46:04.759264-0500]     7.5000 MB /   0.50 sec =  125.8286 Mbps     0 retrans     13 KB-cwnd
[2024-11-07T14:46:05.259213-0500]     8.1875 MB /   0.50 sec =  137.3711 Mbps     0 retrans     15 KB-cwnd
[2024-11-07T14:46:05.759222-0500]     5.8125 MB /   0.50 sec =   97.5158 Mbps     0 retrans     15 KB-cwnd
[2024-11-07T14:46:06.259255-0500]     6.4375 MB /   0.50 sec =  108.0010 Mbps     0 retrans     15 KB-cwnd
[2024-11-07T14:46:06.759342-0500]     7.8125 MB /   0.50 sec =  131.0534 Mbps     0 retrans     15 KB-cwnd
[2024-11-07T14:46:07.259184-0500]     6.5000 MB /   0.50 sec =  109.0722 Mbps     0 retrans     15 KB-cwnd
[2024-11-07T14:46:07.759262-0500]     8.4375 MB /   0.50 sec =  141.5515 Mbps     0 retrans     15 KB-cwnd
[2024-11-07T14:46:08.259269-0500]     7.8750 MB /   0.50 sec =  132.1187 Mbps     0 retrans     15 KB-cwnd
[2024-11-07T14:46:08.759282-0500]     8.4375 MB /   0.50 sec =  141.5555 Mbps     0 retrans     18 KB-cwnd
[2024-11-07T14:46:09.259281-0500]     2.8750 MB /   0.50 sec =   48.2330 Mbps     0 retrans     19 KB-cwnd
[2024-11-07T14:46:09.759275-0500]     8.2500 MB /   0.50 sec =  138.4178 Mbps     0 retrans     23 KB-cwnd
[2024-11-07T14:46:10.259405-0500]     9.3750 MB /   0.50 sec =  157.2886 Mbps     0 retrans     23 KB-cwnd
[2024-11-07T14:46:10.759257-0500]     8.1250 MB /   0.50 sec =  136.3141 Mbps     0 retrans     23 KB-cwnd
[2024-11-07T14:46:11.259303-0500]     9.6875 MB /   0.50 sec =  162.5179 Mbps     0 retrans     26 KB-cwnd
[2024-11-07T14:46:11.759318-0500]     8.1875 MB /   0.50 sec =  137.3569 Mbps     0 retrans     26 KB-cwnd
[2024-11-07T14:46:12.259267-0500]     8.2500 MB /   0.50 sec =  138.4270 Mbps     0 retrans     26 KB-cwnd
[2024-11-07T14:46:12.759254-0500]     8.5625 MB /   0.50 sec =  143.6561 Mbps     0 retrans     26 KB-cwnd
[2024-11-07T14:46:13.259336-0500]    10.3125 MB /   0.50 sec =  172.9915 Mbps     0 retrans     26 KB-cwnd
[2024-11-07T14:46:13.759410-0500]     9.7500 MB /   0.50 sec =  163.5988 Mbps     0 retrans     26 KB-cwnd
[2024-11-07T14:46:14.259285-0500]    11.2500 MB /   0.50 sec =  188.7456 Mbps     0 retrans     29 KB-cwnd
[2024-11-07T14:46:14.759259-0500]     9.0000 MB /   0.50 sec =  150.9943 Mbps     0 retrans     30 KB-cwnd
[2024-11-07T14:46:15.259268-0500]     8.3750 MB /   0.50 sec =  140.5100 Mbps     0 retrans     30 KB-cwnd
[2024-11-07T14:46:15.759271-0500]     7.8125 MB /   0.50 sec =  131.0712 Mbps     0 retrans     31 KB-cwnd
[2024-11-07T14:46:16.259291-0500]     7.4375 MB /   0.50 sec =  124.7858 Mbps     0 retrans     31 KB-cwnd
[2024-11-07T14:46:16.759321-0500]     8.2500 MB /   0.50 sec =  138.3918 Mbps     0 retrans     31 KB-cwnd
[2024-11-07T14:46:17.259194-0500]     6.5625 MB /   0.50 sec =  110.1163 Mbps     0 retrans     31 KB-cwnd
[2024-11-07T14:46:17.759345-0500]     8.0625 MB /   0.50 sec =  135.2417 Mbps     0 retrans     42 KB-cwnd
[2024-11-07T14:46:18.259331-0500]     6.6250 MB /   0.50 sec =  111.1511 Mbps     0 retrans     42 KB-cwnd
[2024-11-07T14:46:18.759344-0500]     7.0625 MB /   0.50 sec =  118.4870 Mbps     0 retrans   5978 KB-cwnd
[2024-11-07T14:46:19.259262-0500]     7.0625 MB /   0.50 sec =  118.5064 Mbps     0 retrans   5978 KB-cwnd
[2024-11-07T14:46:19.759270-0500]     6.1875 MB /   0.50 sec =  103.8088 Mbps     0 retrans   5978 KB-cwnd
[2024-11-07T14:46:20.259275-0500]     4.5625 MB /   0.50 sec =   76.5451 Mbps     0 retrans   5978 KB-cwnd
[2024-11-07T14:46:20.759297-0500]     6.2500 MB /   0.50 sec =  104.8582 Mbps     0 retrans   5978 KB-cwnd
[2024-11-07T14:46:21.259270-0500]     6.8750 MB /   0.50 sec =  115.3445 Mbps     0 retrans   5978 KB-cwnd
[2024-11-07T14:46:21.759337-0500]     7.6250 MB /   0.50 sec =  127.9166 Mbps     0 retrans   5978 KB-cwnd
[2024-11-07T14:46:22.259266-0500]     7.1250 MB /   0.50 sec =  119.5470 Mbps     0 retrans   5978 KB-cwnd
[2024-11-07T14:46:22.759171-0500]     8.5000 MB /   0.50 sec =  142.6152 Mbps     0 retrans   5978 KB-cwnd
[2024-11-07T14:46:23.259325-0500]     5.7500 MB /   0.50 sec =   96.4512 Mbps     0 retrans   5978 KB-cwnd
[2024-11-07T14:46:23.759269-0500]     5.8125 MB /   0.50 sec =   97.5275 Mbps     0 retrans   5978 KB-cwnd
[2024-11-07T14:46:24.259281-0500]     5.5625 MB /   0.50 sec =   93.3238 Mbps     0 retrans   5978 KB-cwnd
[2024-11-07T14:46:24.759403-0500]     3.2500 MB /   0.50 sec =   54.5257 Mbps     0 retrans   5978 KB-cwnd
[2024-11-07T14:46:25.259258-0500]     4.5625 MB /   0.50 sec =   76.5482 Mbps     0 retrans   5978 KB-cwnd
[2024-11-07T14:46:25.759257-0500]     6.6875 MB /   0.50 sec =  112.1952 Mbps     0 retrans   5978 KB-cwnd
[2024-11-07T14:46:26.259273-0500]     5.8125 MB /   0.50 sec =   97.5178 Mbps     0 retrans   5978 KB-cwnd
[2024-11-07T14:46:26.759265-0500]     5.6250 MB /   0.50 sec =   94.3733 Mbps     0 retrans   5978 KB-cwnd
[2024-11-07T14:46:27.259301-0500]     3.6875 MB /   0.50 sec =   61.8638 Mbps     0 retrans   5978 KB-cwnd
[2024-11-07T14:46:27.759291-0500]     4.5000 MB /   0.50 sec =   75.4990 Mbps     0 retrans   5978 KB-cwnd
[2024-11-07T14:46:28.259411-0500]     0.0000 MB /   0.50 sec =    0.0000 Mbps     0 retrans   5978 KB-cwnd
[2024-11-07T14:46:28.759304-0500]     5.9375 MB /   0.50 sec =   99.6261 Mbps     0 retrans   5978 KB-cwnd
[2024-11-07T14:46:29.259397-0500]     5.1250 MB /   0.50 sec =   85.9901 Mbps     0 retrans   5978 KB-cwnd
[2024-11-07T14:46:29.759444-0500]     4.6875 MB /   0.50 sec =   78.6473 Mbps     0 retrans   5978 KB-cwnd
[2024-11-07T14:46:30.259250-0500]     3.0625 MB /   0.50 sec =   51.3806 Mbps     0 retrans   5978 KB-cwnd
[2024-11-07T14:46:30.759323-0500]     1.3125 MB /   0.50 sec =   22.0164 Mbps     0 retrans   5978 KB-cwnd
[2024-11-07T14:46:31.259426-0500]     0.0000 MB /   0.50 sec =    0.0000 Mbps     0 retrans   5978 KB-cwnd
[2024-11-07T14:46:31.759624-0500]     0.0000 MB /   0.50 sec =    0.0000 Mbps     0 retrans   5978 KB-cwnd
[2024-11-07T14:46:32.259356-0500]     0.0000 MB /   0.50 sec =    0.0000 Mbps     0 retrans   5978 KB-cwnd
[2024-11-07T14:46:32.759347-0500]     0.0000 MB /   0.50 sec =    0.0000 Mbps     0 retrans   5978 KB-cwnd
[2024-11-07T14:46:33.259388-0500]     0.0000 MB /   0.50 sec =    0.0000 Mbps     0 retrans   5978 KB-cwnd
[2024-11-07T14:46:33.759507-0500]     0.1250 MB /   0.50 sec =    2.0971 Mbps     0 retrans   5978 KB-cwnd
[2024-11-07T14:46:34.259355-0500]     0.1875 MB /   0.50 sec =    3.1461 Mbps     0 retrans   5978 KB-cwnd
[2024-11-07T14:46:34.759360-0500]     0.1250 MB /   0.50 sec =    2.0970 Mbps     0 retrans   5978 KB-cwnd
[2024-11-07T14:46:35.259268-0500]     0.1875 MB /   0.50 sec =    3.1462 Mbps     0 retrans   5978 KB-cwnd
[2024-11-07T14:46:35.759392-0500]     0.0625 MB /   0.50 sec =    1.0484 Mbps     0 retrans   5978 KB-cwnd
[2024-11-07T14:46:36.259428-0500]     0.0000 MB /   0.50 sec =    0.0000 Mbps     0 retrans   5978 KB-cwnd
[2024-11-07T14:46:36.759363-0500]     0.0000 MB /   0.50 sec =    0.0000 Mbps     0 retrans   5978 KB-cwnd
[2024-11-07T14:46:37.259408-0500]     0.0000 MB /   0.50 sec =    0.0000 Mbps     0 retrans   5978 KB-cwnd
[2024-11-07T14:46:37.759462-0500]     0.0000 MB /   0.50 sec =    0.0000 Mbps     0 retrans   5978 KB-cwnd
[2024-11-07T14:46:38.259195-0500]     0.6250 MB /   0.50 sec =   10.4886 Mbps     0 retrans   5978 KB-cwnd
[2024-11-07T14:46:38.759580-0500]     0.0625 MB /   0.50 sec =    1.0483 Mbps     0 retrans   5978 KB-cwnd
[2024-11-07T14:46:39.259433-0500]     0.0000 MB /   0.50 sec =    0.0000 Mbps     0 retrans   5978 KB-cwnd
[2024-11-07T14:46:39.759493-0500]     0.0000 MB /   0.50 sec =    0.0000 Mbps     0 retrans   5978 KB-cwnd
[2024-11-07T14:46:40.259405-0500]     0.0000 MB /   0.50 sec =    0.0000 Mbps     0 retrans   5978 KB-cwnd
[2024-11-07T14:46:40.759490-0500]     0.0000 MB /   0.50 sec =    0.0000 Mbps     0 retrans   5978 KB-cwnd
[2024-11-07T14:46:41.259565-0500]     0.0000 MB /   0.50 sec =    0.0000 Mbps     0 retrans   5978 KB-cwnd
[2024-11-07T14:46:41.759604-0500]     0.0000 MB /   0.50 sec =    0.0000 Mbps     0 retrans   5978 KB-cwnd
[2024-11-07T14:46:42.259421-0500]     0.0000 MB /   0.50 sec =    0.0000 Mbps     0 retrans   5978 KB-cwnd
[2024-11-07T14:46:42.759374-0500]     0.0625 MB /   0.50 sec =    1.0487 Mbps     0 retrans   5978 KB-cwnd
[2024-11-07T14:46:43.259364-0500]     0.0000 MB /   0.50 sec =    0.0000 Mbps     0 retrans   5978 KB-cwnd
[2024-11-07T14:46:43.759228-0500]     0.0000 MB /   0.50 sec =    0.0000 Mbps     0 retrans   5978 KB-cwnd
[2024-11-07T14:46:44.259387-0500]     0.0000 MB /   0.50 sec =    0.0000 Mbps     0 retrans   5978 KB-cwnd
[2024-11-07T14:46:44.759615-0500]     0.0625 MB /   0.50 sec =    1.0482 Mbps     0 retrans   5978 KB-cwnd
[2024-11-07T14:46:45.259258-0500]     0.0000 MB /   0.50 sec =    0.0000 Mbps     0 retrans   5978 KB-cwnd
[2024-11-07T14:46:45.759278-0500]     0.1875 MB /   0.50 sec =    3.1459 Mbps     0 retrans   5978 KB-cwnd
[2024-11-07T14:46:46.259284-0500]     0.1875 MB /   0.50 sec =    3.1457 Mbps     0 retrans   5978 KB-cwnd
[2024-11-07T14:46:46.759340-0500]     0.0625 MB /   0.50 sec =    1.0485 Mbps     0 retrans   5978 KB-cwnd
[2024-11-07T14:46:47.259506-0500]     0.0000 MB /   0.50 sec =    0.0000 Mbps     0 retrans   5978 KB-cwnd
[2024-11-07T14:46:47.759434-0500]     0.0625 MB /   0.50 sec =    1.0485 Mbps     0 retrans   5978 KB-cwnd
[2024-11-07T14:46:48.259269-0500]     0.0625 MB /   0.50 sec =    1.0488 Mbps     0 retrans   5978 KB-cwnd
[2024-11-07T14:46:48.759283-0500]     0.0625 MB /   0.50 sec =    1.0486 Mbps     0 retrans   5978 KB-cwnd
[2024-11-07T14:46:49.259438-0500]     0.0000 MB /   0.50 sec =    0.0000 Mbps     0 retrans   5978 KB-cwnd
[2024-11-07T14:46:49.759330-0500]     0.0625 MB /   0.50 sec =    1.0487 Mbps     0 retrans   5978 KB-cwnd
[2024-11-07T14:46:50.259277-0500]     0.0625 MB /   0.50 sec =    1.0487 Mbps     0 retrans   5978 KB-cwnd
[2024-11-07T14:46:50.759330-0500]     0.0000 MB /   0.50 sec =    0.0000 Mbps     0 retrans   5978 KB-cwnd
[2024-11-07T14:46:51.259356-0500]     0.0625 MB /   0.50 sec =    1.0485 Mbps     0 retrans   5978 KB-cwnd
[2024-11-07T14:46:51.759262-0500]     0.0625 MB /   0.50 sec =    1.0486 Mbps     0 retrans   5978 KB-cwnd
[2024-11-07T14:46:52.259489-0500]     0.1875 MB /   0.50 sec =    3.1456 Mbps     0 retrans   5978 KB-cwnd
[2024-11-07T14:46:52.759275-0500]     0.1250 MB /   0.50 sec =    2.0974 Mbps     0 retrans   5978 KB-cwnd
[2024-11-07T14:46:53.259303-0500]     0.1875 MB /   0.50 sec =    3.1455 Mbps     0 retrans   5978 KB-cwnd
[2024-11-07T14:46:53.759240-0500]     0.2500 MB /   0.50 sec =    4.1947 Mbps     0 retrans   5978 KB-cwnd
[2024-11-07T14:46:54.259281-0500]     0.3125 MB /   0.50 sec =    5.2427 Mbps     0 retrans   5978 KB-cwnd
[2024-11-07T14:46:54.759319-0500]     0.1250 MB /   0.50 sec =    2.0969 Mbps     0 retrans   5978 KB-cwnd
[2024-11-07T14:46:55.259293-0500]     0.0000 MB /   0.50 sec =    0.0000 Mbps     0 retrans   5978 KB-cwnd
[2024-11-07T14:46:55.759179-0500]     0.3750 MB /   0.50 sec =    6.2923 Mbps     0 retrans   5978 KB-cwnd
[2024-11-07T14:46:56.259400-0500]     0.1875 MB /   0.50 sec =    3.1449 Mbps     0 retrans   5978 KB-cwnd
[2024-11-07T14:46:56.759253-0500]     0.3750 MB /   0.50 sec =    6.2928 Mbps     0 retrans   5978 KB-cwnd
[2024-11-07T14:46:57.259255-0500]     0.3750 MB /   0.50 sec =    6.2915 Mbps     0 retrans   5978 KB-cwnd
[2024-11-07T14:46:57.759552-0500]     0.1875 MB /   0.50 sec =    3.1451 Mbps     0 retrans   5978 KB-cwnd
[2024-11-07T14:46:58.259339-0500]     0.1875 MB /   0.50 sec =    3.1458 Mbps     0 retrans   5978 KB-cwnd
[2024-11-07T14:46:58.759376-0500]     0.3125 MB /   0.50 sec =    5.2427 Mbps     0 retrans   5978 KB-cwnd
[2024-11-07T14:46:59.259186-0500]     0.6250 MB /   0.50 sec =   10.4884 Mbps     0 retrans   5978 KB-cwnd
[2024-11-07T14:46:59.759353-0500]     0.6875 MB /   0.50 sec =   11.5321 Mbps     0 retrans   5978 KB-cwnd
[2024-11-07T14:47:00.259282-0500]     0.8750 MB /   0.50 sec =   14.6818 Mbps     0 retrans   5978 KB-cwnd
[2024-11-07T14:47:00.759271-0500]     1.1250 MB /   0.50 sec =   18.8750 Mbps     0 retrans   5978 KB-cwnd
[2024-11-07T14:47:01.259280-0500]     1.2500 MB /   0.50 sec =   20.9711 Mbps     0 retrans   5978 KB-cwnd
[2024-11-07T14:47:01.759469-0500]     1.6875 MB /   0.50 sec =   28.3114 Mbps     0 retrans   5978 KB-cwnd
[2024-11-07T14:47:02.259285-0500]     2.0000 MB /   0.50 sec =   33.5545 Mbps     0 retrans   5978 KB-cwnd
[2024-11-07T14:47:02.759322-0500]     2.6250 MB /   0.50 sec =   44.0391 Mbps     0 retrans   5978 KB-cwnd
[2024-11-07T14:47:03.259340-0500]     3.3750 MB /   0.50 sec =   56.6161 Mbps     0 retrans   3623 KB-cwnd
[2024-11-07T14:47:03.759284-0500]     4.2500 MB /   0.50 sec =   71.3127 Mbps     0 retrans   3623 KB-cwnd
[2024-11-07T14:47:04.259333-0500]     5.3125 MB /   0.50 sec =   89.1188 Mbps     0 retrans   3623 KB-cwnd
[2024-11-07T14:47:04.759268-0500]     6.6250 MB /   0.50 sec =  111.1642 Mbps     0 retrans   3623 KB-cwnd
[2024-11-07T14:47:05.259293-0500]     6.9375 MB /   0.50 sec =  116.3903 Mbps     0 retrans   3623 KB-cwnd
[2024-11-07T14:47:05.759282-0500]     3.4375 MB /   0.50 sec =   57.6714 Mbps     0 retrans   3623 KB-cwnd
[2024-11-07T14:47:06.259269-0500]     8.9375 MB /   0.50 sec =  149.9491 Mbps     0 retrans   3623 KB-cwnd
[2024-11-07T14:47:06.759319-0500]     7.4375 MB /   0.50 sec =  124.7658 Mbps     0 retrans   3623 KB-cwnd
[2024-11-07T14:47:07.259368-0500]     7.3125 MB /   0.50 sec =  122.6974 Mbps     0 retrans   3623 KB-cwnd
[2024-11-07T14:47:07.759341-0500]     6.8125 MB /   0.50 sec =  114.2781 Mbps     0 retrans   3623 KB-cwnd
[2024-11-07T14:47:08.259274-0500]    10.5000 MB /   0.50 sec =  176.1840 Mbps     0 retrans      5 KB-cwnd
[2024-11-07T14:47:08.759342-0500]     8.6250 MB /   0.50 sec =  144.6798 Mbps     0 retrans      5 KB-cwnd
[2024-11-07T14:47:09.259260-0500]    12.0625 MB /   0.50 sec =  202.4100 Mbps     0 retrans      5 KB-cwnd
[2024-11-07T14:47:09.759261-0500]     8.0625 MB /   0.50 sec =  135.2687 Mbps     0 retrans      5 KB-cwnd
[2024-11-07T14:47:10.259213-0500]    11.2500 MB /   0.50 sec =  188.7493 Mbps     0 retrans      5 KB-cwnd
[2024-11-07T14:47:10.759289-0500]     8.9375 MB /   0.50 sec =  149.9362 Mbps     0 retrans      5 KB-cwnd
[2024-11-07T14:47:11.259255-0500]     3.6250 MB /   0.50 sec =   60.8194 Mbps     0 retrans      5 KB-cwnd
[2024-11-07T14:47:11.759472-0500]     6.6250 MB /   0.50 sec =  111.1344 Mbps     0 retrans      5 KB-cwnd
[2024-11-07T14:47:12.259269-0500]     6.4375 MB /   0.50 sec =  108.0165 Mbps     0 retrans      5 KB-cwnd
[2024-11-07T14:47:12.759412-0500]     2.9375 MB /   0.50 sec =   49.2709 Mbps     0 retrans      5 KB-cwnd
[2024-11-07T14:47:13.259426-0500]     0.0000 MB /   0.50 sec =    0.0000 Mbps     0 retrans      5 KB-cwnd
[2024-11-07T14:47:13.759261-0500]     6.6250 MB /   0.50 sec =  111.1766 Mbps  3632 retrans   1148 KB-cwnd
[2024-11-07T14:47:14.259389-0500]     3.8750 MB /   0.50 sec =   65.0120 Mbps     0 retrans   1148 KB-cwnd
[2024-11-07T14:47:14.759210-0500]     3.9375 MB /   0.50 sec =   66.0620 Mbps     0 retrans   1148 KB-cwnd
[2024-11-07T14:47:15.259204-0500]     3.8125 MB /   0.50 sec =   63.9615 Mbps     0 retrans   1148 KB-cwnd
[2024-11-07T14:47:15.759333-0500]     2.6250 MB /   0.50 sec =   44.0341 Mbps     0 retrans   1148 KB-cwnd
[2024-11-07T14:47:16.259265-0500]     2.9375 MB /   0.50 sec =   49.2895 Mbps     0 retrans   1148 KB-cwnd
[2024-11-07T14:47:16.759340-0500]     2.8125 MB /   0.50 sec =   47.1816 Mbps     0 retrans   1148 KB-cwnd
[2024-11-07T14:47:17.259250-0500]     1.5625 MB /   0.50 sec =   26.2181 Mbps     0 retrans   1148 KB-cwnd
[2024-11-07T14:47:17.759300-0500]     1.1875 MB /   0.50 sec =   19.9209 Mbps     0 retrans   1148 KB-cwnd
[2024-11-07T14:47:18.259262-0500]     1.1250 MB /   0.50 sec =   18.8754 Mbps     0 retrans   1148 KB-cwnd
[2024-11-07T14:47:18.759250-0500]     0.6875 MB /   0.50 sec =   11.5335 Mbps     0 retrans   1148 KB-cwnd
[2024-11-07T14:47:19.259400-0500]     0.0000 MB /   0.50 sec =    0.0000 Mbps     0 retrans   1148 KB-cwnd
[2024-11-07T14:47:19.759251-0500]     8.1250 MB /   0.50 sec =  136.3451 Mbps     0 retrans   1148 KB-cwnd
[2024-11-07T14:47:20.259327-0500]     5.1875 MB /   0.50 sec =   87.0226 Mbps     0 retrans   1148 KB-cwnd
[2024-11-07T14:47:20.759292-0500]     4.9375 MB /   0.50 sec =   82.8463 Mbps     0 retrans   1148 KB-cwnd
[2024-11-07T14:47:21.259350-0500]     2.8750 MB /   0.50 sec =   48.2263 Mbps     0 retrans   1148 KB-cwnd
[2024-11-07T14:47:21.759217-0500]     3.7500 MB /   0.50 sec =   62.9255 Mbps     0 retrans   1148 KB-cwnd
[2024-11-07T14:47:22.259327-0500]     5.7500 MB /   0.50 sec =   96.4630 Mbps     0 retrans   1148 KB-cwnd
[2024-11-07T14:47:22.759308-0500]     5.7500 MB /   0.50 sec =   96.4673 Mbps     0 retrans   1148 KB-cwnd
[2024-11-07T14:47:23.259265-0500]     7.4375 MB /   0.50 sec =  124.7928 Mbps     0 retrans   4952 KB-cwnd
[2024-11-07T14:47:23.759261-0500]     6.7500 MB /   0.50 sec =  113.2430 Mbps     0 retrans   4952 KB-cwnd
[2024-11-07T14:47:24.259255-0500]     6.6875 MB /   0.50 sec =  112.1994 Mbps     0 retrans   4952 KB-cwnd
[2024-11-07T14:47:24.759264-0500]     7.5000 MB /   0.50 sec =  125.8286 Mbps     0 retrans   4952 KB-cwnd
[2024-11-07T14:47:25.259398-0500]     6.9375 MB /   0.50 sec =  116.3894 Mbps     0 retrans   4952 KB-cwnd
[2024-11-07T14:47:25.759258-0500]     6.7500 MB /   0.50 sec =  113.2496 Mbps     0 retrans   4952 KB-cwnd
[2024-11-07T14:47:26.259273-0500]     7.5000 MB /   0.50 sec =  125.8246 Mbps     0 retrans   4952 KB-cwnd
[2024-11-07T14:47:26.759259-0500]     8.2500 MB /   0.50 sec =  138.4145 Mbps     0 retrans   4952 KB-cwnd
[2024-11-07T14:47:27.259199-0500]     7.5625 MB /   0.50 sec =  126.8853 Mbps     0 retrans   4952 KB-cwnd
[2024-11-07T14:47:27.759287-0500]     8.5000 MB /   0.50 sec =  142.5958 Mbps     0 retrans   4952 KB-cwnd
[2024-11-07T14:47:28.259398-0500]     7.8125 MB /   0.50 sec =  131.0710 Mbps    89 retrans   5376 KB-cwnd
[2024-11-07T14:47:28.759268-0500]     7.6250 MB /   0.50 sec =  127.9283 Mbps     0 retrans   5376 KB-cwnd
[2024-11-07T14:47:29.259297-0500]     7.3750 MB /   0.50 sec =  123.7310 Mbps     0 retrans   5376 KB-cwnd
[2024-11-07T14:47:29.759255-0500]     7.5000 MB /   0.50 sec =  125.8324 Mbps     0 retrans   5376 KB-cwnd
[2024-11-07T14:47:30.259276-0500]     6.9375 MB /   0.50 sec =  116.3880 Mbps     0 retrans   5376 KB-cwnd
[2024-11-07T14:47:30.759186-0500]     7.6875 MB /   0.50 sec =  128.9836 Mbps     0 retrans   5376 KB-cwnd
[2024-11-07T14:47:31.259302-0500]     8.4375 MB /   0.50 sec =  141.5467 Mbps     0 retrans   5376 KB-cwnd
[2024-11-07T14:47:31.759331-0500]     4.0000 MB /   0.50 sec =   67.1046 Mbps     0 retrans   5376 KB-cwnd
[2024-11-07T14:47:32.259249-0500]     7.0625 MB /   0.50 sec =  118.5021 Mbps     0 retrans   5376 KB-cwnd
[2024-11-07T14:47:32.759260-0500]     6.9375 MB /   0.50 sec =  116.3912 Mbps     0 retrans   5376 KB-cwnd
[2024-11-07T14:47:33.259272-0500]     6.5000 MB /   0.50 sec =  109.0515 Mbps     4 retrans   2863 KB-cwnd
[2024-11-07T14:47:33.759250-0500]     6.6250 MB /   0.50 sec =  111.1502 Mbps     0 retrans   2863 KB-cwnd
[2024-11-07T14:47:34.259317-0500]     6.9375 MB /   0.50 sec =  116.3777 Mbps     0 retrans   2863 KB-cwnd
[2024-11-07T14:47:34.759392-0500]     7.8125 MB /   0.50 sec =  131.0867 Mbps     0 retrans   2863 KB-cwnd
[2024-11-07T14:47:35.259228-0500]     8.1875 MB /   0.50 sec =  137.3632 Mbps     0 retrans   2863 KB-cwnd
[2024-11-07T14:47:35.759298-0500]     8.4375 MB /   0.50 sec =  141.5529 Mbps     0 retrans   2863 KB-cwnd
[2024-11-07T14:47:36.259275-0500]     8.2500 MB /   0.50 sec =  138.4165 Mbps     0 retrans   2805 KB-cwnd
[2024-11-07T14:47:36.759274-0500]     8.9375 MB /   0.50 sec =  149.9452 Mbps     0 retrans   2805 KB-cwnd
[2024-11-07T14:47:37.259269-0500]     8.0000 MB /   0.50 sec =  134.2183 Mbps     0 retrans   2805 KB-cwnd
[2024-11-07T14:47:37.759356-0500]     7.6875 MB /   0.50 sec =  128.9614 Mbps     0 retrans   3354 KB-cwnd
[2024-11-07T14:47:38.259196-0500]     7.1250 MB /   0.50 sec =  119.5561 Mbps     0 retrans   3354 KB-cwnd
[2024-11-07T14:47:38.759264-0500]     7.7500 MB /   0.50 sec =  130.0156 Mbps     0 retrans   3354 KB-cwnd
[2024-11-07T14:47:39.259402-0500]     6.9375 MB /   0.50 sec =  116.3936 Mbps     0 retrans   3354 KB-cwnd
[2024-11-07T14:47:39.759260-0500]     7.9375 MB /   0.50 sec =  133.1708 Mbps     0 retrans   3354 KB-cwnd
[2024-11-07T14:47:40.259257-0500]     7.4375 MB /   0.50 sec =  124.7805 Mbps     0 retrans   3354 KB-cwnd
[2024-11-07T14:47:40.759298-0500]     6.7500 MB /   0.50 sec =  113.2442 Mbps     0 retrans   3354 KB-cwnd
[2024-11-07T14:47:41.259348-0500]     6.6875 MB /   0.50 sec =  112.1815 Mbps     0 retrans   3354 KB-cwnd
[2024-11-07T14:47:41.759262-0500]     6.3750 MB /   0.50 sec =  106.9721 Mbps     0 retrans   3354 KB-cwnd
[2024-11-07T14:47:42.259562-0500]     2.8125 MB /   0.50 sec =   47.1704 Mbps     0 retrans   3354 KB-cwnd
[2024-11-07T14:47:42.759310-0500]     5.1875 MB /   0.50 sec =   87.0564 Mbps     0 retrans   3354 KB-cwnd
[2024-11-07T14:47:43.259411-0500]     7.0625 MB /   0.50 sec =  118.4907 Mbps     0 retrans   3034 KB-cwnd
[2024-11-07T14:47:43.759263-0500]     6.8125 MB /   0.50 sec =  114.2959 Mbps     0 retrans   3034 KB-cwnd
[2024-11-07T14:47:44.259347-0500]     6.9375 MB /   0.50 sec =  116.3773 Mbps     0 retrans   3045 KB-cwnd
[2024-11-07T14:47:44.759260-0500]     6.7500 MB /   0.50 sec =  113.2623 Mbps     0 retrans   3045 KB-cwnd
[2024-11-07T14:47:45.259261-0500]     7.5000 MB /   0.50 sec =  125.8296 Mbps     0 retrans   3045 KB-cwnd
[2024-11-07T14:47:45.759305-0500]     6.5625 MB /   0.50 sec =  110.0970 Mbps     0 retrans   3045 KB-cwnd
[2024-11-07T14:47:46.259335-0500]     7.8125 MB /   0.50 sec =  131.0602 Mbps     0 retrans   3045 KB-cwnd
[2024-11-07T14:47:46.759260-0500]     7.6250 MB /   0.50 sec =  127.9409 Mbps     0 retrans   3045 KB-cwnd
[2024-11-07T14:47:47.259267-0500]     7.0625 MB /   0.50 sec =  118.4896 Mbps     0 retrans   3045 KB-cwnd
[2024-11-07T14:47:47.759220-0500]     7.3125 MB /   0.50 sec =  122.6824 Mbps     0 retrans   3045 KB-cwnd
[2024-11-07T14:47:48.259297-0500]     7.1250 MB /   0.50 sec =  119.5355 Mbps     0 retrans   2975 KB-cwnd
[2024-11-07T14:47:48.759318-0500]     8.6875 MB /   0.50 sec =  145.7392 Mbps     0 retrans   2975 KB-cwnd
[2024-11-07T14:47:49.259263-0500]     7.4375 MB /   0.50 sec =  124.7943 Mbps     0 retrans   2975 KB-cwnd
[2024-11-07T14:47:49.759276-0500]     8.5000 MB /   0.50 sec =  142.6083 Mbps     0 retrans   2975 KB-cwnd
[2024-11-07T14:47:50.259414-0500]     8.4375 MB /   0.50 sec =  141.5535 Mbps     0 retrans   2975 KB-cwnd
[2024-11-07T14:47:50.759256-0500]     8.1250 MB /   0.50 sec =  136.3176 Mbps     0 retrans   2975 KB-cwnd
[2024-11-07T14:47:51.259281-0500]     9.2500 MB /   0.50 sec =  155.1865 Mbps     0 retrans   2975 KB-cwnd
[2024-11-07T14:47:51.759297-0500]     9.8750 MB /   0.50 sec =  165.6671 Mbps     0 retrans   2975 KB-cwnd
[2024-11-07T14:47:52.259191-0500]     8.3125 MB /   0.50 sec =  139.4776 Mbps     0 retrans   2805 KB-cwnd
[2024-11-07T14:47:52.759222-0500]     2.6875 MB /   0.50 sec =   45.0863 Mbps     0 retrans   2805 KB-cwnd
[2024-11-07T14:47:53.259292-0500]     9.8750 MB /   0.50 sec =  165.6763 Mbps     0 retrans   2805 KB-cwnd
[2024-11-07T14:47:53.759256-0500]     9.5000 MB /   0.50 sec =  159.3845 Mbps     0 retrans   2786 KB-cwnd
End time: 1731008873927
