Start time: 1730840549950
[2024-11-05T15:02:30.923181-0600] nuttcp-r: v8.1.4: socket
[2024-11-05T15:02:30.923955-0600] nuttcp-r: buflen=65536, nstream=1, port=5379 tcp
[2024-11-05T15:02:30.924011-0600] nuttcp-r: interval reporting every 0.50 seconds
[2024-11-05T15:02:30.924045-0600] nuttcp-r: connect to 54.197.223.49 with RTT=87.216 ms af=inet
[2024-11-05T15:02:30.924077-0600] nuttcp-r: send window size = 2097152, receive window size = 6291456
[2024-11-05T15:02:30.924107-0600] nuttcp-r: available send window = 1572864, available receive window = 4718592
[2024-11-05T15:02:30.924136-0600]     0.2500 MB /   0.50 sec =    4.1935 Mbps     0 retrans     13 KB-cwnd
[2024-11-05T15:02:31.422794-0600]     5.2500 MB /   0.50 sec =   88.0918 Mbps     0 retrans     13 KB-cwnd
[2024-11-05T15:02:31.922918-0600]    10.6250 MB /   0.50 sec =  178.2319 Mbps     0 retrans     13 KB-cwnd
[2024-11-05T15:02:32.423467-0600]    27.7500 MB /   0.50 sec =  465.5687 Mbps     0 retrans     13 KB-cwnd
[2024-11-05T15:02:32.923327-0600]    34.1250 MB /   0.50 sec =  572.5236 Mbps     0 retrans     13 KB-cwnd
[2024-11-05T15:02:33.423801-0600]    33.2500 MB /   0.50 sec =  557.3252 Mbps     0 retrans     13 KB-cwnd
[2024-11-05T15:02:33.923083-0600]    27.6875 MB /   0.50 sec =  464.9655 Mbps     0 retrans     13 KB-cwnd
[2024-11-05T15:02:34.423826-0600]    28.2500 MB /   0.50 sec =  473.0679 Mbps     0 retrans     13 KB-cwnd
[2024-11-05T15:02:34.922877-0600]    28.3750 MB /   0.50 sec =  476.9492 Mbps     0 retrans     26 KB-cwnd
[2024-11-05T15:02:35.423890-0600]    36.1250 MB /   0.50 sec =  605.5537 Mbps     0 retrans     26 KB-cwnd
[2024-11-05T15:02:35.922854-0600]    36.3125 MB /   0.50 sec =  609.7763 Mbps     0 retrans     26 KB-cwnd
[2024-11-05T15:02:36.422840-0600]    33.4375 MB /   0.50 sec =  561.0128 Mbps     0 retrans     26 KB-cwnd
[2024-11-05T15:02:36.922913-0600]    42.7500 MB /   0.50 sec =  717.0252 Mbps     0 retrans     26 KB-cwnd
[2024-11-05T15:02:37.422975-0600]    40.6875 MB /   0.50 sec =  682.8633 Mbps     0 retrans     37 KB-cwnd
[2024-11-05T15:02:37.923293-0600]    40.4375 MB /   0.50 sec =  678.1832 Mbps   144 retrans  16898 KB-cwnd
[2024-11-05T15:02:38.422818-0600]    34.8125 MB /   0.50 sec =  584.2192 Mbps     0 retrans  16979 KB-cwnd
[2024-11-05T15:02:38.922872-0600]    28.3125 MB /   0.50 sec =  474.9869 Mbps     0 retrans  18029 KB-cwnd
[2024-11-05T15:02:39.422962-0600]    38.8125 MB /   0.50 sec =  651.1917 Mbps     0 retrans  18901 KB-cwnd
[2024-11-05T15:02:39.923075-0600]    40.0000 MB /   0.50 sec =  670.9799 Mbps     0 retrans  17841 KB-cwnd
[2024-11-05T15:02:40.422848-0600]    40.9375 MB /   0.50 sec =  686.9327 Mbps     0 retrans  17841 KB-cwnd
[2024-11-05T15:02:40.922958-0600]    33.6250 MB /   0.50 sec =  564.1361 Mbps     0 retrans  17934 KB-cwnd
[2024-11-05T15:02:41.422823-0600]     9.1250 MB /   0.50 sec =  153.0933 Mbps     0 retrans  17934 KB-cwnd
[2024-11-05T15:02:41.922951-0600]    35.3750 MB /   0.50 sec =  593.3730 Mbps     0 retrans  17934 KB-cwnd
[2024-11-05T15:02:42.422825-0600]    36.9375 MB /   0.50 sec =  619.8324 Mbps     0 retrans  20262 KB-cwnd
[2024-11-05T15:02:42.922875-0600]    37.1250 MB /   0.50 sec =  622.8168 Mbps     0 retrans  20262 KB-cwnd
[2024-11-05T15:02:43.422752-0600]    41.8125 MB /   0.50 sec =  701.5436 Mbps     0 retrans      5 KB-cwnd
[2024-11-05T15:02:43.922905-0600]    35.1250 MB /   0.50 sec =  589.1265 Mbps     0 retrans      5 KB-cwnd
[2024-11-05T15:02:44.423380-0600]    38.3750 MB /   0.50 sec =  643.5168 Mbps     0 retrans  15289 KB-cwnd
[2024-11-05T15:02:44.922829-0600]    35.1250 MB /   0.50 sec =  589.7467 Mbps     0 retrans  15289 KB-cwnd
[2024-11-05T15:02:45.422860-0600]    41.1250 MB /   0.50 sec =  689.9547 Mbps     0 retrans  18898 KB-cwnd
[2024-11-05T15:02:45.922946-0600]    38.3125 MB /   0.50 sec =  642.6396 Mbps     0 retrans  18898 KB-cwnd
[2024-11-05T15:02:46.423012-0600]    33.7500 MB /   0.50 sec =  566.3432 Mbps     0 retrans  18523 KB-cwnd
[2024-11-05T15:02:46.922840-0600]    38.4375 MB /   0.50 sec =  644.8897 Mbps     0 retrans  18523 KB-cwnd
[2024-11-05T15:02:47.422932-0600]    43.5625 MB /   0.50 sec =  730.8370 Mbps     0 retrans  18323 KB-cwnd
[2024-11-05T15:02:47.922985-0600]    43.6875 MB /   0.50 sec =  732.7685 Mbps     0 retrans  19000 KB-cwnd
[2024-11-05T15:02:48.422868-0600]    43.6250 MB /   0.50 sec =  732.1110 Mbps     0 retrans  19000 KB-cwnd
[2024-11-05T15:02:48.923074-0600]    45.3750 MB /   0.50 sec =  761.0303 Mbps     0 retrans  16645 KB-cwnd
[2024-11-05T15:02:49.423192-0600]    42.0000 MB /   0.50 sec =  704.6698 Mbps     0 retrans  16642 KB-cwnd
[2024-11-05T15:02:49.922933-0600]    41.3750 MB /   0.50 sec =  694.2823 Mbps     0 retrans  18645 KB-cwnd
[2024-11-05T15:02:50.422825-0600]    30.2500 MB /   0.50 sec =  507.5656 Mbps     0 retrans  18645 KB-cwnd
[2024-11-05T15:02:50.922849-0600]    41.5000 MB /   0.50 sec =  696.2405 Mbps     0 retrans  19239 KB-cwnd
[2024-11-05T15:02:51.424006-0600]    33.7500 MB /   0.50 sec =  564.9790 Mbps     0 retrans  19239 KB-cwnd
[2024-11-05T15:02:51.922815-0600]    17.1250 MB /   0.50 sec =  287.9508 Mbps     0 retrans  18632 KB-cwnd
[2024-11-05T15:02:52.422833-0600]    40.5625 MB /   0.50 sec =  680.5299 Mbps     0 retrans  18632 KB-cwnd
[2024-11-05T15:02:52.922840-0600]    41.0625 MB /   0.50 sec =  688.9117 Mbps    25 retrans  22351 KB-cwnd
[2024-11-05T15:02:53.422954-0600]    42.2500 MB /   0.50 sec =  708.8884 Mbps     0 retrans  22351 KB-cwnd
[2024-11-05T15:02:53.923153-0600]    42.5000 MB /   0.50 sec =  712.5956 Mbps     0 retrans  18808 KB-cwnd
[2024-11-05T15:02:54.423057-0600]    39.3125 MB /   0.50 sec =  659.7166 Mbps     0 retrans  18808 KB-cwnd
[2024-11-05T15:02:54.923454-0600]    35.1250 MB /   0.50 sec =  588.9204 Mbps     0 retrans  19660 KB-cwnd
[2024-11-05T15:02:55.422864-0600]    35.2500 MB /   0.50 sec =  591.9533 Mbps     0 retrans  20028 KB-cwnd
[2024-11-05T15:02:55.922846-0600]    36.4375 MB /   0.50 sec =  611.2892 Mbps     0 retrans  20249 KB-cwnd
[2024-11-05T15:02:56.422890-0600]    36.8750 MB /   0.50 sec =  618.6623 Mbps     0 retrans  20249 KB-cwnd
[2024-11-05T15:02:56.922842-0600]    38.6250 MB /   0.50 sec =  648.0589 Mbps     0 retrans  18813 KB-cwnd
[2024-11-05T15:02:57.422831-0600]    39.8750 MB /   0.50 sec =  668.9875 Mbps     0 retrans  18813 KB-cwnd
[2024-11-05T15:02:57.922972-0600]    40.0000 MB /   0.50 sec =  670.9062 Mbps     0 retrans  18027 KB-cwnd
[2024-11-05T15:02:58.422918-0600]    37.1875 MB /   0.50 sec =  624.0737 Mbps     0 retrans  18027 KB-cwnd
[2024-11-05T15:02:58.922835-0600]    32.1875 MB /   0.50 sec =  540.0134 Mbps     0 retrans  18368 KB-cwnd
[2024-11-05T15:02:59.422841-0600]    32.5625 MB /   0.50 sec =  546.3070 Mbps     0 retrans  18368 KB-cwnd
[2024-11-05T15:02:59.923065-0600]    21.2500 MB /   0.50 sec =  356.4773 Mbps     0 retrans  18222 KB-cwnd
[2024-11-05T15:03:00.423117-0600]     3.5000 MB /   0.50 sec =   58.7019 Mbps     0 retrans  18222 KB-cwnd
[2024-11-05T15:03:00.922843-0600]    21.5000 MB /   0.50 sec =  360.8639 Mbps     0 retrans  18512 KB-cwnd
[2024-11-05T15:03:01.423057-0600]    15.0000 MB /   0.50 sec =  251.6497 Mbps     0 retrans  18512 KB-cwnd
[2024-11-05T15:03:01.922895-0600]    27.7500 MB /   0.50 sec =  465.5296 Mbps     0 retrans  18512 KB-cwnd
[2024-11-05T15:03:02.422885-0600]    26.3125 MB /   0.50 sec =  441.4982 Mbps     0 retrans  18296 KB-cwnd
[2024-11-05T15:03:02.922836-0600]    23.6875 MB /   0.50 sec =  397.4047 Mbps     0 retrans  18296 KB-cwnd
[2024-11-05T15:03:03.422930-0600]    23.6250 MB /   0.50 sec =  396.3062 Mbps     0 retrans  18296 KB-cwnd
[2024-11-05T15:03:03.922892-0600]     7.4375 MB /   0.50 sec =  124.7843 Mbps    89 retrans  15049 KB-cwnd
[2024-11-05T15:03:04.422941-0600]    27.1250 MB /   0.50 sec =  455.0592 Mbps     0 retrans  15049 KB-cwnd
[2024-11-05T15:03:04.922979-0600]    29.6875 MB /   0.50 sec =  498.0746 Mbps     0 retrans  15049 KB-cwnd
[2024-11-05T15:03:05.422908-0600]    34.3750 MB /   0.50 sec =  576.7999 Mbps    12 retrans  12433 KB-cwnd
[2024-11-05T15:03:05.922986-0600]    31.4375 MB /   0.50 sec =  527.4780 Mbps     0 retrans  12433 KB-cwnd
[2024-11-05T15:03:06.422835-0600]    22.1250 MB /   0.50 sec =  371.1714 Mbps     0 retrans  12433 KB-cwnd
[2024-11-05T15:03:06.923065-0600]    36.0625 MB /   0.50 sec =  605.0671 Mbps     0 retrans  11708 KB-cwnd
[2024-11-05T15:03:07.423011-0600]    38.9375 MB /   0.50 sec =  653.2001 Mbps     0 retrans  11708 KB-cwnd
[2024-11-05T15:03:07.922747-0600]    38.5000 MB /   0.50 sec =  645.9913 Mbps     0 retrans  15360 KB-cwnd
[2024-11-05T15:03:08.422871-0600]    39.6250 MB /   0.50 sec =  664.7533 Mbps   200 retrans  15875 KB-cwnd
[2024-11-05T15:03:08.923278-0600]    39.1250 MB /   0.50 sec =  656.4270 Mbps     0 retrans  15875 KB-cwnd
[2024-11-05T15:03:09.422995-0600]    29.5000 MB /   0.50 sec =  494.8814 Mbps     0 retrans  17201 KB-cwnd
[2024-11-05T15:03:09.922851-0600]    41.8750 MB /   0.50 sec =  702.5684 Mbps     0 retrans  17201 KB-cwnd
[2024-11-05T15:03:10.423030-0600]    37.5000 MB /   0.50 sec =  629.1645 Mbps     0 retrans  19311 KB-cwnd
[2024-11-05T15:03:10.922829-0600]    25.8125 MB /   0.50 sec =  433.0671 Mbps     0 retrans  19311 KB-cwnd
[2024-11-05T15:03:11.422921-0600]    25.1875 MB /   0.50 sec =  422.5609 Mbps     0 retrans  19311 KB-cwnd
[2024-11-05T15:03:11.922907-0600]    39.0625 MB /   0.50 sec =  655.3259 Mbps     0 retrans  19311 KB-cwnd
[2024-11-05T15:03:12.422743-0600]    38.7500 MB /   0.50 sec =  650.2147 Mbps     0 retrans  19311 KB-cwnd
[2024-11-05T15:03:12.923036-0600]    39.4375 MB /   0.50 sec =  661.6025 Mbps     0 retrans  18352 KB-cwnd
[2024-11-05T15:03:13.422853-0600]    41.0625 MB /   0.50 sec =  688.9199 Mbps     0 retrans  18352 KB-cwnd
[2024-11-05T15:03:13.923128-0600]    37.6875 MB /   0.50 sec =  632.1952 Mbps     0 retrans  17684 KB-cwnd
[2024-11-05T15:03:14.422918-0600]    37.8125 MB /   0.50 sec =  634.5268 Mbps     0 retrans  17684 KB-cwnd
[2024-11-05T15:03:14.922811-0600]    40.2500 MB /   0.50 sec =  675.2478 Mbps     0 retrans  19210 KB-cwnd
[2024-11-05T15:03:15.422965-0600]    39.9375 MB /   0.50 sec =  669.9945 Mbps     0 retrans  17801 KB-cwnd
[2024-11-05T15:03:15.923204-0600]    41.5625 MB /   0.50 sec =  697.0033 Mbps     0 retrans  18342 KB-cwnd
[2024-11-05T15:03:16.423430-0600]    39.8750 MB /   0.50 sec =  668.7427 Mbps     0 retrans  15888 KB-cwnd
[2024-11-05T15:03:16.922882-0600]    40.6875 MB /   0.50 sec =  683.2064 Mbps     0 retrans  15885 KB-cwnd
[2024-11-05T15:03:17.422912-0600]    10.5000 MB /   0.50 sec =  176.1608 Mbps     0 retrans  15885 KB-cwnd
[2024-11-05T15:03:17.923066-0600]    40.2500 MB /   0.50 sec =  675.1142 Mbps     0 retrans  18557 KB-cwnd
[2024-11-05T15:03:18.422888-0600]    39.9375 MB /   0.50 sec =  670.1915 Mbps     0 retrans  18557 KB-cwnd
[2024-11-05T15:03:18.922985-0600]    41.7500 MB /   0.50 sec =  700.4726 Mbps     0 retrans  16980 KB-cwnd
[2024-11-05T15:03:19.422861-0600]    41.3750 MB /   0.50 sec =  694.1504 Mbps     0 retrans  16184 KB-cwnd
[2024-11-05T15:03:19.923093-0600]    40.6875 MB /   0.50 sec =  682.4633 Mbps     0 retrans  16184 KB-cwnd
[2024-11-05T15:03:20.423481-0600]    37.3750 MB /   0.50 sec =  626.4596 Mbps     0 retrans  16064 KB-cwnd
[2024-11-05T15:03:20.922840-0600]    42.1875 MB /   0.50 sec =  708.6278 Mbps     0 retrans  16064 KB-cwnd
[2024-11-05T15:03:21.422926-0600]    38.3750 MB /   0.50 sec =  643.8192 Mbps     0 retrans  17332 KB-cwnd
[2024-11-05T15:03:21.923242-0600]    38.6250 MB /   0.50 sec =  647.5149 Mbps     0 retrans  17332 KB-cwnd
[2024-11-05T15:03:22.422887-0600]    37.9375 MB /   0.50 sec =  636.9659 Mbps     0 retrans  17095 KB-cwnd
[2024-11-05T15:03:22.922813-0600]    40.1875 MB /   0.50 sec =  674.2559 Mbps     0 retrans  17095 KB-cwnd
[2024-11-05T15:03:23.422845-0600]    38.8750 MB /   0.50 sec =  652.2104 Mbps     0 retrans  18086 KB-cwnd
[2024-11-05T15:03:23.923234-0600]    36.5625 MB /   0.50 sec =  612.9683 Mbps     0 retrans  18086 KB-cwnd
[2024-11-05T15:03:24.423233-0600]    39.6875 MB /   0.50 sec =  665.8258 Mbps     0 retrans  15574 KB-cwnd
[2024-11-05T15:03:24.922988-0600]    37.6250 MB /   0.50 sec =  631.5750 Mbps     0 retrans  15574 KB-cwnd
[2024-11-05T15:03:25.422823-0600]    40.8750 MB /   0.50 sec =  685.9416 Mbps     0 retrans  16690 KB-cwnd
[2024-11-05T15:03:25.923064-0600]    37.5625 MB /   0.50 sec =  629.9321 Mbps     0 retrans  16690 KB-cwnd
[2024-11-05T15:03:26.422883-0600]    37.6250 MB /   0.50 sec =  631.4878 Mbps     0 retrans  15368 KB-cwnd
[2024-11-05T15:03:26.923057-0600]    38.1250 MB /   0.50 sec =  639.4446 Mbps     0 retrans  15371 KB-cwnd
[2024-11-05T15:03:27.423363-0600]    39.6250 MB /   0.50 sec =  664.4742 Mbps     0 retrans  18685 KB-cwnd
[2024-11-05T15:03:27.922835-0600]    11.0000 MB /   0.50 sec =  184.6938 Mbps     0 retrans  18685 KB-cwnd
[2024-11-05T15:03:28.422824-0600]    36.9375 MB /   0.50 sec =  619.7196 Mbps     0 retrans  16621 KB-cwnd
[2024-11-05T15:03:28.922853-0600]    34.8125 MB /   0.50 sec =  584.0557 Mbps     0 retrans  16621 KB-cwnd
[2024-11-05T15:03:29.422838-0600]    34.6250 MB /   0.50 sec =  580.9111 Mbps     0 retrans  18142 KB-cwnd
[2024-11-05T15:03:29.923134-0600]    35.7500 MB /   0.50 sec =  599.5504 Mbps     0 retrans  18296 KB-cwnd
[2024-11-05T15:03:30.422810-0600]    35.7500 MB /   0.50 sec =  600.0135 Mbps     0 retrans  15976 KB-cwnd
[2024-11-05T15:03:30.923035-0600]    33.9375 MB /   0.50 sec =  569.3210 Mbps     0 retrans  15976 KB-cwnd
[2024-11-05T15:03:31.422768-0600]    35.3750 MB /   0.50 sec =  593.5736 Mbps     0 retrans  15976 KB-cwnd
[2024-11-05T15:03:31.923429-0600]    37.4375 MB /   0.50 sec =  627.5134 Mbps     0 retrans  15901 KB-cwnd
[2024-11-05T15:03:32.423081-0600]    37.6250 MB /   0.50 sec =  631.8025 Mbps     0 retrans  15931 KB-cwnd
[2024-11-05T15:03:32.922828-0600]    35.8125 MB /   0.50 sec =  600.8485 Mbps     0 retrans  15931 KB-cwnd
[2024-11-05T15:03:33.422906-0600]    25.3750 MB /   0.50 sec =  425.7202 Mbps     0 retrans  15931 KB-cwnd
[2024-11-05T15:03:33.922874-0600]    34.3125 MB /   0.50 sec =  575.6061 Mbps     0 retrans  15843 KB-cwnd
[2024-11-05T15:03:34.422938-0600]    33.1250 MB /   0.50 sec =  555.7997 Mbps     0 retrans  15843 KB-cwnd
[2024-11-05T15:03:34.922841-0600]    20.4375 MB /   0.50 sec =  342.8837 Mbps     0 retrans  15590 KB-cwnd
[2024-11-05T15:03:35.422843-0600]    19.9375 MB /   0.50 sec =  334.4937 Mbps     0 retrans  15590 KB-cwnd
[2024-11-05T15:03:35.923030-0600]    34.5625 MB /   0.50 sec =  579.6701 Mbps     0 retrans  15590 KB-cwnd
[2024-11-05T15:03:36.422876-0600]    33.7500 MB /   0.50 sec =  566.4032 Mbps   124 retrans  14868 KB-cwnd
[2024-11-05T15:03:36.922808-0600]    27.3750 MB /   0.50 sec =  459.2891 Mbps     0 retrans  16264 KB-cwnd
[2024-11-05T15:03:37.422880-0600]    31.7500 MB /   0.50 sec =  532.6617 Mbps  1516 retrans  16876 KB-cwnd
[2024-11-05T15:03:37.923209-0600]    27.8750 MB /   0.50 sec =  467.5480 Mbps     0 retrans  16876 KB-cwnd
[2024-11-05T15:03:38.422852-0600]    10.5000 MB /   0.50 sec =  176.2133 Mbps     0 retrans  16876 KB-cwnd
[2024-11-05T15:03:38.922838-0600]    27.0000 MB /   0.50 sec =  452.9794 Mbps     0 retrans  16876 KB-cwnd
[2024-11-05T15:03:39.422798-0600]    31.2500 MB /   0.50 sec =  524.3006 Mbps     0 retrans  17612 KB-cwnd
[2024-11-05T15:03:39.922978-0600]    34.5625 MB /   0.50 sec =  579.7176 Mbps     0 retrans  17612 KB-cwnd
[2024-11-05T15:03:40.422865-0600]    18.0625 MB /   0.50 sec =  303.1064 Mbps     0 retrans  15728 KB-cwnd
[2024-11-05T15:03:40.923171-0600]    17.5625 MB /   0.50 sec =  294.6499 Mbps     0 retrans  16650 KB-cwnd
[2024-11-05T15:03:41.423004-0600]    10.7500 MB /   0.50 sec =  180.3125 Mbps     0 retrans  16650 KB-cwnd
[2024-11-05T15:03:41.923104-0600]     0.0000 MB /   0.50 sec =    0.0000 Mbps     0 retrans  16650 KB-cwnd
[2024-11-05T15:03:42.423001-0600]    15.3750 MB /   0.50 sec =  258.0808 Mbps     0 retrans  16650 KB-cwnd
[2024-11-05T15:03:42.922840-0600]     9.6875 MB /   0.50 sec =  162.5192 Mbps     0 retrans  16650 KB-cwnd
[2024-11-05T15:03:43.423268-0600]     4.0000 MB /   0.50 sec =   67.0807 Mbps     0 retrans  16650 KB-cwnd
[2024-11-05T15:03:43.923268-0600]     5.0000 MB /   0.50 sec =   83.8483 Mbps     0 retrans  16650 KB-cwnd
[2024-11-05T15:03:44.423996-0600]     4.0000 MB /   0.50 sec =   67.0200 Mbps     0 retrans  16650 KB-cwnd
[2024-11-05T15:03:44.924001-0600]     0.0000 MB /   0.50 sec =    0.0000 Mbps     0 retrans  16650 KB-cwnd
[2024-11-05T15:03:45.424014-0600]     0.0000 MB /   0.50 sec =    0.0000 Mbps     0 retrans  16650 KB-cwnd
[2024-11-05T15:03:45.922981-0600]    17.3125 MB /   0.50 sec =  291.1141 Mbps     0 retrans  15163 KB-cwnd
[2024-11-05T15:03:46.423529-0600]    19.5000 MB /   0.50 sec =  327.0582 Mbps     0 retrans  15163 KB-cwnd
[2024-11-05T15:03:46.922958-0600]    25.0000 MB /   0.50 sec =  419.3918 Mbps     0 retrans  15134 KB-cwnd
[2024-11-05T15:03:47.422746-0600]    22.8750 MB /   0.50 sec =  383.9362 Mbps     0 retrans  17404 KB-cwnd
[2024-11-05T15:03:47.923023-0600]    30.3750 MB /   0.50 sec =  509.4062 Mbps     0 retrans  17404 KB-cwnd
[2024-11-05T15:03:48.423274-0600]    30.5625 MB /   0.50 sec =  512.5589 Mbps     0 retrans  17404 KB-cwnd
[2024-11-05T15:03:48.923804-0600]    29.9375 MB /   0.50 sec =  502.1213 Mbps   833 retrans  13914 KB-cwnd
[2024-11-05T15:03:49.422993-0600]    39.6250 MB /   0.50 sec =  665.3481 Mbps     0 retrans  13917 KB-cwnd
[2024-11-05T15:03:49.923016-0600]    41.3750 MB /   0.50 sec =  694.0976 Mbps     0 retrans  12473 KB-cwnd
[2024-11-05T15:03:50.422865-0600]    42.4375 MB /   0.50 sec =  712.1369 Mbps     0 retrans  15289 KB-cwnd
[2024-11-05T15:03:50.923012-0600]    39.8125 MB /   0.50 sec =  667.8427 Mbps     0 retrans  15289 KB-cwnd
[2024-11-05T15:03:51.422752-0600]    38.1875 MB /   0.50 sec =  640.8709 Mbps     0 retrans  19066 KB-cwnd
[2024-11-05T15:03:51.923403-0600]    36.6875 MB /   0.50 sec =  614.9447 Mbps     0 retrans  19066 KB-cwnd
[2024-11-05T15:03:52.422754-0600]    37.0000 MB /   0.50 sec =  621.3187 Mbps     0 retrans  19327 KB-cwnd
[2024-11-05T15:03:52.922950-0600]    37.7500 MB /   0.50 sec =  633.1968 Mbps     0 retrans  19327 KB-cwnd
[2024-11-05T15:03:53.422911-0600]    39.8750 MB /   0.50 sec =  669.1200 Mbps     0 retrans  18747 KB-cwnd
[2024-11-05T15:03:53.922791-0600]    33.5625 MB /   0.50 sec =  563.0864 Mbps     0 retrans  18747 KB-cwnd
[2024-11-05T15:03:54.422897-0600]    34.2500 MB /   0.50 sec =  574.5875 Mbps     0 retrans  18171 KB-cwnd
[2024-11-05T15:03:54.922904-0600]    45.1250 MB /   0.50 sec =  757.0734 Mbps     0 retrans  18171 KB-cwnd
[2024-11-05T15:03:55.422894-0600]    41.4375 MB /   0.50 sec =  695.1628 Mbps     0 retrans  18368 KB-cwnd
[2024-11-05T15:03:55.923597-0600]    17.8125 MB /   0.50 sec =  298.6303 Mbps     0 retrans  18368 KB-cwnd
[2024-11-05T15:03:56.422912-0600]    39.5625 MB /   0.50 sec =  664.2175 Mbps     0 retrans  18675 KB-cwnd
[2024-11-05T15:03:56.922904-0600]    40.6875 MB /   0.50 sec =  682.6489 Mbps     0 retrans  18675 KB-cwnd
[2024-11-05T15:03:57.422897-0600]    43.2500 MB /   0.50 sec =  725.6726 Mbps     0 retrans  19815 KB-cwnd
[2024-11-05T15:03:57.922965-0600]    42.1875 MB /   0.50 sec =  707.6473 Mbps     0 retrans  19815 KB-cwnd
[2024-11-05T15:03:58.422834-0600]    42.0000 MB /   0.50 sec =  704.7868 Mbps     0 retrans  19335 KB-cwnd
[2024-11-05T15:03:58.923467-0600]    42.1875 MB /   0.50 sec =  706.8346 Mbps     0 retrans  19162 KB-cwnd
[2024-11-05T15:03:59.422896-0600]    41.5625 MB /   0.50 sec =  698.1967 Mbps     0 retrans  19162 KB-cwnd
[2024-11-05T15:03:59.922746-0600]    42.1250 MB /   0.50 sec =  706.8236 Mbps     0 retrans  20180 KB-cwnd
[2024-11-05T15:04:00.422852-0600]    40.6875 MB /   0.50 sec =  682.5848 Mbps     0 retrans  20180 KB-cwnd
[2024-11-05T15:04:00.923749-0600]    40.5000 MB /   0.50 sec =  678.8093 Mbps     0 retrans  17161 KB-cwnd
[2024-11-05T15:04:01.423174-0600]    41.2500 MB /   0.50 sec =  692.2858 Mbps     0 retrans  17161 KB-cwnd
[2024-11-05T15:04:01.922906-0600]    40.1875 MB /   0.50 sec =  674.6392 Mbps     0 retrans  19394 KB-cwnd
[2024-11-05T15:04:02.422826-0600]    43.7500 MB /   0.50 sec =  734.0458 Mbps     0 retrans  19452 KB-cwnd
[2024-11-05T15:04:02.922905-0600]    42.5625 MB /   0.50 sec =  714.0574 Mbps     0 retrans  19452 KB-cwnd
[2024-11-05T15:04:03.423061-0600]    42.6875 MB /   0.50 sec =  716.2533 Mbps     0 retrans  18065 KB-cwnd
[2024-11-05T15:04:03.923182-0600]    41.1875 MB /   0.50 sec =  690.6331 Mbps     0 retrans  18065 KB-cwnd
[2024-11-05T15:04:04.423100-0600]    40.1250 MB /   0.50 sec =  673.4969 Mbps     0 retrans  18778 KB-cwnd
[2024-11-05T15:04:04.922869-0600]    39.6875 MB /   0.50 sec =  665.8351 Mbps     0 retrans  18035 KB-cwnd
[2024-11-05T15:04:05.423247-0600]    14.1875 MB /   0.50 sec =  238.0377 Mbps     0 retrans  20491 KB-cwnd
[2024-11-05T15:04:05.922831-0600]    40.6875 MB /   0.50 sec =  682.5793 Mbps     0 retrans  20491 KB-cwnd
[2024-11-05T15:04:06.423185-0600]    39.5625 MB /   0.50 sec =  663.3281 Mbps     0 retrans  19479 KB-cwnd
[2024-11-05T15:04:06.922851-0600]    41.7500 MB /   0.50 sec =  700.9338 Mbps     0 retrans  16269 KB-cwnd
[2024-11-05T15:04:07.422789-0600]    43.5000 MB /   0.50 sec =  729.8089 Mbps     0 retrans  20670 KB-cwnd
[2024-11-05T15:04:07.923731-0600]    42.5625 MB /   0.50 sec =  713.5180 Mbps     0 retrans  20670 KB-cwnd
[2024-11-05T15:04:08.422856-0600]    39.8125 MB /   0.50 sec =  668.3947 Mbps     0 retrans  19738 KB-cwnd
[2024-11-05T15:04:08.923250-0600]    41.3750 MB /   0.50 sec =  694.1809 Mbps     0 retrans  19738 KB-cwnd
[2024-11-05T15:04:09.423624-0600]    40.2500 MB /   0.50 sec =  674.7755 Mbps     0 retrans  16538 KB-cwnd
[2024-11-05T15:04:09.922802-0600]    41.8750 MB /   0.50 sec =  703.1126 Mbps     0 retrans  16538 KB-cwnd
[2024-11-05T15:04:10.422864-0600]    38.6250 MB /   0.50 sec =  647.9915 Mbps     0 retrans  20164 KB-cwnd
[2024-11-05T15:04:10.922852-0600]    39.8125 MB /   0.50 sec =  668.0030 Mbps     0 retrans  18885 KB-cwnd
[2024-11-05T15:04:11.422741-0600]    39.9375 MB /   0.50 sec =  670.0602 Mbps     0 retrans  19295 KB-cwnd
[2024-11-05T15:04:11.922813-0600]    39.8125 MB /   0.50 sec =  667.9175 Mbps     0 retrans  19663 KB-cwnd
[2024-11-05T15:04:12.422981-0600]    43.7500 MB /   0.50 sec =  733.9988 Mbps     0 retrans  19663 KB-cwnd
[2024-11-05T15:04:12.923643-0600]    41.9375 MB /   0.50 sec =  702.9801 Mbps     0 retrans  19490 KB-cwnd
[2024-11-05T15:04:13.422753-0600]    42.0000 MB /   0.50 sec =  705.2736 Mbps     0 retrans  19490 KB-cwnd
[2024-11-05T15:04:13.923021-0600]    42.5000 MB /   0.50 sec =  712.9262 Mbps     0 retrans  19719 KB-cwnd
[2024-11-05T15:04:14.422828-0600]    40.3750 MB /   0.50 sec =  677.4519 Mbps     0 retrans  22628 KB-cwnd
[2024-11-05T15:04:14.922839-0600]    43.1875 MB /   0.50 sec =  724.5733 Mbps     0 retrans  22628 KB-cwnd
[2024-11-05T15:04:15.422806-0600]    42.8125 MB /   0.50 sec =  718.2975 Mbps     0 retrans  19287 KB-cwnd
[2024-11-05T15:04:15.923384-0600]    39.7500 MB /   0.50 sec =  666.4225 Mbps     0 retrans  19285 KB-cwnd
[2024-11-05T15:04:16.422755-0600]    41.8125 MB /   0.50 sec =  701.9986 Mbps     0 retrans  18781 KB-cwnd
[2024-11-05T15:04:16.923404-0600]    40.8750 MB /   0.50 sec =  685.6234 Mbps     0 retrans  18781 KB-cwnd
[2024-11-05T15:04:17.422871-0600]    40.4375 MB /   0.50 sec =  678.5142 Mbps     0 retrans  21352 KB-cwnd
[2024-11-05T15:04:17.923118-0600]    39.2500 MB /   0.50 sec =  658.3609 Mbps     0 retrans  21352 KB-cwnd
[2024-11-05T15:04:18.422794-0600]    42.2500 MB /   0.50 sec =  709.0288 Mbps     0 retrans  19767 KB-cwnd
[2024-11-05T15:04:18.923184-0600]    39.6875 MB /   0.50 sec =  665.8298 Mbps     0 retrans  18392 KB-cwnd
[2024-11-05T15:04:19.422936-0600]    40.3125 MB /   0.50 sec =  676.2869 Mbps     0 retrans  18392 KB-cwnd
[2024-11-05T15:04:19.922939-0600]    36.3750 MB /   0.50 sec =  610.2322 Mbps     0 retrans  20033 KB-cwnd
[2024-11-05T15:04:20.423261-0600]    27.1875 MB /   0.50 sec =  455.8479 Mbps     0 retrans  20033 KB-cwnd
[2024-11-05T15:04:20.922792-0600]    39.3750 MB /   0.50 sec =  661.1318 Mbps     0 retrans  19322 KB-cwnd
[2024-11-05T15:04:21.422852-0600]    44.0625 MB /   0.50 sec =  739.2416 Mbps     0 retrans  19322 KB-cwnd
[2024-11-05T15:04:21.923696-0600]    37.4375 MB /   0.50 sec =  627.5310 Mbps     0 retrans  20678 KB-cwnd
[2024-11-05T15:04:22.422838-0600]    44.4375 MB /   0.50 sec =  746.1778 Mbps     0 retrans  20678 KB-cwnd
[2024-11-05T15:04:22.923646-0600]    42.5000 MB /   0.50 sec =  712.4275 Mbps     0 retrans  19682 KB-cwnd
[2024-11-05T15:04:23.422779-0600]    40.6875 MB /   0.50 sec =  683.2324 Mbps     0 retrans  19682 KB-cwnd
[2024-11-05T15:04:23.923379-0600]    36.6250 MB /   0.50 sec =  613.8259 Mbps     0 retrans  19682 KB-cwnd
[2024-11-05T15:04:24.422807-0600]    32.8125 MB /   0.50 sec =  551.0645 Mbps     0 retrans  19682 KB-cwnd
[2024-11-05T15:04:24.923691-0600]     9.6875 MB /   0.50 sec =  162.3938 Mbps     0 retrans  19682 KB-cwnd
[2024-11-05T15:04:25.423598-0600]     3.5000 MB /   0.50 sec =   58.7260 Mbps     0 retrans  19594 KB-cwnd
[2024-11-05T15:04:25.922834-0600]    35.5000 MB /   0.50 sec =  595.9988 Mbps     0 retrans  19594 KB-cwnd
[2024-11-05T15:04:26.423204-0600]    39.4375 MB /   0.50 sec =  661.2534 Mbps     0 retrans  21134 KB-cwnd
[2024-11-05T15:04:26.923848-0600]    43.2500 MB /   0.50 sec =  725.4608 Mbps     0 retrans  21134 KB-cwnd
[2024-11-05T15:04:27.423219-0600]    43.3750 MB /   0.50 sec =  728.2900 Mbps   960 retrans  17542 KB-cwnd
[2024-11-05T15:04:27.922974-0600]    45.0000 MB /   0.50 sec =  754.9853 Mbps     0 retrans  17542 KB-cwnd
[2024-11-05T15:04:28.422905-0600]    42.5000 MB /   0.50 sec =  713.0502 Mbps     0 retrans  15835 KB-cwnd
[2024-11-05T15:04:28.923100-0600]    42.5000 MB /   0.50 sec =  712.9476 Mbps     0 retrans  17963 KB-cwnd
[2024-11-05T15:04:29.423221-0600]    39.5625 MB /   0.50 sec =  663.3612 Mbps     0 retrans  17963 KB-cwnd
[2024-11-05T15:04:29.922793-0600]    38.1875 MB /   0.50 sec =  641.1326 Mbps     0 retrans  16922 KB-cwnd
[2024-11-05T15:04:30.422913-0600]    37.3750 MB /   0.50 sec =  627.0171 Mbps     0 retrans  16922 KB-cwnd
[2024-11-05T15:04:30.923205-0600]    39.9375 MB /   0.50 sec =  669.8646 Mbps     0 retrans  17113 KB-cwnd
End time: 1730840671073
