Start time: 1745102764464
Connecting to host 34.86.116.81, port 5207
Reverse mode, remote host 34.86.116.81 is sending
[  5] local 192.0.0.2 port 58732 connected to 34.86.116.81 port 5207
[ ID] Interval           Transfer     Bitrate
[  5]   0.00-0.10   sec  77.3 KBytes  6.32 Mbits/sec                  
[  5]   0.10-0.20   sec   170 KBytes  13.9 Mbits/sec                  
[  5]   0.20-0.30   sec   104 KBytes  8.44 Mbits/sec                  
[  5]   0.30-0.40   sec   101 KBytes  8.37 Mbits/sec                  
[  5]   0.40-0.50   sec   246 KBytes  20.2 Mbits/sec                  
[  5]   0.50-0.60   sec   220 KBytes  18.0 Mbits/sec                  
[  5]   0.60-0.70   sec   353 KBytes  28.9 Mbits/sec                  
[  5]   0.70-0.80   sec   214 KBytes  17.6 Mbits/sec                  
[  5]   0.80-0.90   sec   270 KBytes  22.2 Mbits/sec                  
[  5]   0.90-1.00   sec  78.6 KBytes  6.44 Mbits/sec                  
[  5]   1.00-1.10   sec   112 KBytes  9.17 Mbits/sec                  
[  5]   1.10-1.20   sec   533 KBytes  43.6 Mbits/sec                  
[  5]   1.20-1.30   sec   258 KBytes  21.2 Mbits/sec                  
[  5]   1.30-1.40   sec   282 KBytes  23.2 Mbits/sec                  
[  5]   1.40-1.50   sec   293 KBytes  24.0 Mbits/sec                  
[  5]   1.50-1.60   sec   298 KBytes  24.5 Mbits/sec                  
[  5]   1.60-1.70   sec   341 KBytes  27.9 Mbits/sec                  
[  5]   1.70-1.80   sec   233 KBytes  19.0 Mbits/sec                  
[  5]   1.80-1.90   sec   481 KBytes  39.5 Mbits/sec                  
[  5]   1.90-2.00   sec   392 KBytes  32.1 Mbits/sec                  
[  5]   2.00-2.10   sec   424 KBytes  34.7 Mbits/sec                  
[  5]   2.10-2.20   sec   429 KBytes  35.1 Mbits/sec                  
[  5]   2.20-2.30   sec   438 KBytes  36.0 Mbits/sec                  
[  5]   2.30-2.40   sec   509 KBytes  41.6 Mbits/sec                  
[  5]   2.40-2.50   sec   476 KBytes  39.0 Mbits/sec                  
[  5]   2.50-2.60   sec   410 KBytes  33.6 Mbits/sec                  
[  5]   2.60-2.70   sec   176 KBytes  14.4 Mbits/sec                  
[  5]   2.70-2.80   sec  2.66 KBytes   218 Kbits/sec                  
[  5]   2.80-2.90   sec   986 KBytes  80.6 Mbits/sec                  
[  5]   2.90-3.00   sec   610 KBytes  50.1 Mbits/sec                  
[  5]   3.00-3.10   sec   450 KBytes  36.9 Mbits/sec                  
[  5]   3.10-3.20   sec   706 KBytes  57.3 Mbits/sec                  
[  5]   3.20-3.30   sec   477 KBytes  39.4 Mbits/sec                  
[  5]   3.30-3.40   sec   551 KBytes  45.2 Mbits/sec                  
[  5]   3.40-3.50   sec   765 KBytes  62.6 Mbits/sec                  
[  5]   3.50-3.60   sec   583 KBytes  47.7 Mbits/sec                  
[  5]   3.60-3.70   sec   641 KBytes  52.6 Mbits/sec                  
[  5]   3.70-3.80   sec   887 KBytes  72.7 Mbits/sec                  
[  5]   3.80-3.90   sec   517 KBytes  42.3 Mbits/sec                  
[  5]   3.90-4.00   sec   366 KBytes  30.0 Mbits/sec                  
[  5]   4.00-4.10   sec   590 KBytes  48.4 Mbits/sec                  
[  5]   4.10-4.20   sec   286 KBytes  23.4 Mbits/sec                  
[  5]   4.20-4.30   sec   473 KBytes  38.8 Mbits/sec                  
[  5]   4.30-4.40   sec   884 KBytes  72.5 Mbits/sec                  
[  5]   4.40-4.50   sec   537 KBytes  43.9 Mbits/sec                  
[  5]   4.50-4.60   sec   441 KBytes  36.1 Mbits/sec                  
[  5]   4.60-4.70   sec   217 KBytes  17.8 Mbits/sec                  
[  5]   4.70-4.80   sec   478 KBytes  39.2 Mbits/sec                  
[  5]   4.80-4.90   sec  85.2 KBytes  6.98 Mbits/sec                  
[  5]   4.90-5.00   sec  98.6 KBytes  7.93 Mbits/sec                  
- - - - - - - - - - - - - - - - - - - - - - - - -
[ ID] Interval           Transfer     Bitrate         Retr
[  5]   0.00-5.05   sec   296 MBytes   492 Mbits/sec    0             sender
[  5]   0.00-5.00   sec  19.1 MBytes  32.0 Mbits/sec                  receiver

iperf Done.
End time: 1745102770331
