Start time: 1731087080844
[2024-11-08T12:31:21.973011-0500] nuttcp-r: v8.1.4: socket
[2024-11-08T12:31:21.973815-0500] nuttcp-r: buflen=65536, nstream=1, port=5379 tcp
[2024-11-08T12:31:21.973874-0500] nuttcp-r: interval reporting every 0.50 seconds
[2024-11-08T12:31:21.973917-0500] nuttcp-r: connect to 54.197.223.49 with RTT=58.769 ms af=inet
[2024-11-08T12:31:21.973958-0500] nuttcp-r: send window size = 2097152, receive window size = 6291456
[2024-11-08T12:31:21.973998-0500] nuttcp-r: available send window = 1572864, available receive window = 4718592
[2024-11-08T12:31:21.974037-0500]     0.7500 MB /   0.50 sec =   12.5813 Mbps     0 retrans     13 KB-cwnd
[2024-11-08T12:31:22.473056-0500]    20.5625 MB /   0.50 sec =  344.9994 Mbps     0 retrans     13 KB-cwnd
[2024-11-08T12:31:22.973033-0500]    32.1875 MB /   0.50 sec =  539.9065 Mbps     0 retrans     13 KB-cwnd
[2024-11-08T12:31:23.473313-0500]    24.6250 MB /   0.50 sec =  413.1670 Mbps     0 retrans     13 KB-cwnd
[2024-11-08T12:31:23.973493-0500]    21.1875 MB /   0.50 sec =  355.1888 Mbps     0 retrans     13 KB-cwnd
[2024-11-08T12:31:24.473042-0500]    26.2500 MB /   0.50 sec =  440.7563 Mbps     0 retrans     14 KB-cwnd
[2024-11-08T12:31:24.973486-0500]    32.5000 MB /   0.50 sec =  545.2944 Mbps     0 retrans     23 KB-cwnd
[2024-11-08T12:31:25.473263-0500]    31.5000 MB /   0.50 sec =  528.4559 Mbps     0 retrans     26 KB-cwnd
[2024-11-08T12:31:25.972993-0500]    27.7500 MB /   0.50 sec =  465.6208 Mbps     0 retrans     26 KB-cwnd
[2024-11-08T12:31:26.472982-0500]    30.6250 MB /   0.50 sec =  513.7796 Mbps     0 retrans     26 KB-cwnd
[2024-11-08T12:31:26.972922-0500]    33.0000 MB /   0.50 sec =  553.6548 Mbps     0 retrans     26 KB-cwnd
[2024-11-08T12:31:27.472922-0500]    32.1875 MB /   0.50 sec =  540.0253 Mbps     0 retrans     29 KB-cwnd
[2024-11-08T12:31:27.973001-0500]    29.8750 MB /   0.50 sec =  501.1852 Mbps     0 retrans     29 KB-cwnd
[2024-11-08T12:31:28.473021-0500]    31.3125 MB /   0.50 sec =  525.3040 Mbps     0 retrans     37 KB-cwnd
[2024-11-08T12:31:28.972989-0500]    36.2500 MB /   0.50 sec =  608.2106 Mbps     0 retrans     45 KB-cwnd
[2024-11-08T12:31:29.473063-0500]    31.3750 MB /   0.50 sec =  526.2957 Mbps     5 retrans  10786 KB-cwnd
[2024-11-08T12:31:29.973633-0500]    35.9375 MB /   0.50 sec =  602.5119 Mbps     1 retrans  12030 KB-cwnd
[2024-11-08T12:31:30.473047-0500]    32.0625 MB /   0.50 sec =  538.3297 Mbps     0 retrans  12030 KB-cwnd
[2024-11-08T12:31:30.972905-0500]    33.6250 MB /   0.50 sec =  564.2253 Mbps     0 retrans  12427 KB-cwnd
[2024-11-08T12:31:31.473741-0500]    25.6875 MB /   0.50 sec =  430.4043 Mbps     0 retrans  12427 KB-cwnd
[2024-11-08T12:31:31.973033-0500]    29.5625 MB /   0.50 sec =  496.5554 Mbps     0 retrans  12614 KB-cwnd
[2024-11-08T12:31:32.472951-0500]    28.5625 MB /   0.50 sec =  479.2644 Mbps     0 retrans  12614 KB-cwnd
[2024-11-08T12:31:32.972940-0500]    33.3125 MB /   0.50 sec =  558.8944 Mbps     0 retrans  12915 KB-cwnd
[2024-11-08T12:31:33.473098-0500]    27.6250 MB /   0.50 sec =  463.3381 Mbps     0 retrans  12915 KB-cwnd
[2024-11-08T12:31:33.972949-0500]    11.8125 MB /   0.50 sec =  198.2360 Mbps     0 retrans  12915 KB-cwnd
[2024-11-08T12:31:34.473154-0500]    26.3750 MB /   0.50 sec =  442.4867 Mbps     2 retrans  11977 KB-cwnd
[2024-11-08T12:31:34.972911-0500]    30.8750 MB /   0.50 sec =  518.0287 Mbps     0 retrans  11977 KB-cwnd
[2024-11-08T12:31:35.472927-0500]    30.4375 MB /   0.50 sec =  510.6483 Mbps     0 retrans  12014 KB-cwnd
[2024-11-08T12:31:35.972911-0500]    33.5625 MB /   0.50 sec =  563.0808 Mbps     0 retrans  12014 KB-cwnd
[2024-11-08T12:31:36.472944-0500]    31.3750 MB /   0.50 sec =  526.3883 Mbps     1 retrans  11090 KB-cwnd
[2024-11-08T12:31:36.972920-0500]    32.5000 MB /   0.50 sec =  545.2617 Mbps     0 retrans  11090 KB-cwnd
[2024-11-08T12:31:37.472883-0500]    34.2500 MB /   0.50 sec =  574.6300 Mbps     0 retrans  10661 KB-cwnd
[2024-11-08T12:31:37.972948-0500]    28.1250 MB /   0.50 sec =  471.8432 Mbps     0 retrans  13392 KB-cwnd
[2024-11-08T12:31:38.472896-0500]    31.2500 MB /   0.50 sec =  524.2995 Mbps     0 retrans  13392 KB-cwnd
[2024-11-08T12:31:38.972939-0500]    36.1250 MB /   0.50 sec =  606.0684 Mbps     0 retrans  12025 KB-cwnd
[2024-11-08T12:31:39.472945-0500]    34.5625 MB /   0.50 sec =  579.8614 Mbps     0 retrans  12025 KB-cwnd
[2024-11-08T12:31:39.972930-0500]    26.2500 MB /   0.50 sec =  440.3843 Mbps     1 retrans  11847 KB-cwnd
[2024-11-08T12:31:40.472943-0500]    33.5625 MB /   0.50 sec =  563.1247 Mbps     0 retrans  11847 KB-cwnd
[2024-11-08T12:31:40.973127-0500]    32.8125 MB /   0.50 sec =  550.4870 Mbps     0 retrans  12963 KB-cwnd
[2024-11-08T12:31:41.473041-0500]    24.8125 MB /   0.50 sec =  416.2064 Mbps     0 retrans  12963 KB-cwnd
[2024-11-08T12:31:41.972950-0500]    35.1875 MB /   0.50 sec =  590.4522 Mbps     1 retrans  11897 KB-cwnd
[2024-11-08T12:31:42.473239-0500]    33.4375 MB /   0.50 sec =  561.0218 Mbps     0 retrans  11897 KB-cwnd
[2024-11-08T12:31:42.972969-0500]    31.5625 MB /   0.50 sec =  529.4419 Mbps     0 retrans  12046 KB-cwnd
[2024-11-08T12:31:43.472965-0500]    35.0000 MB /   0.50 sec =  587.2531 Mbps     1 retrans  11506 KB-cwnd
[2024-11-08T12:31:43.973103-0500]    15.7500 MB /   0.50 sec =  264.1682 Mbps     0 retrans  11506 KB-cwnd
[2024-11-08T12:31:44.472928-0500]    20.8125 MB /   0.50 sec =  349.2890 Mbps     0 retrans  11506 KB-cwnd
[2024-11-08T12:31:44.972937-0500]    32.4375 MB /   0.50 sec =  544.2011 Mbps     0 retrans  11796 KB-cwnd
[2024-11-08T12:31:45.472932-0500]    35.2500 MB /   0.50 sec =  591.4004 Mbps     0 retrans  11796 KB-cwnd
[2024-11-08T12:31:45.973060-0500]    30.6875 MB /   0.50 sec =  514.7365 Mbps     0 retrans  12579 KB-cwnd
[2024-11-08T12:31:46.472934-0500]    39.0625 MB /   0.50 sec =  655.5121 Mbps     1 retrans  10243 KB-cwnd
[2024-11-08T12:31:46.974217-0500]    32.4375 MB /   0.50 sec =  543.0521 Mbps     0 retrans  10243 KB-cwnd
[2024-11-08T12:31:47.472929-0500]    36.4375 MB /   0.50 sec =  612.6210 Mbps     0 retrans  13480 KB-cwnd
[2024-11-08T12:31:47.972899-0500]    35.6250 MB /   0.50 sec =  597.6967 Mbps     0 retrans  13480 KB-cwnd
[2024-11-08T12:31:48.473089-0500]    31.0625 MB /   0.50 sec =  521.1662 Mbps     0 retrans  13991 KB-cwnd
[2024-11-08T12:31:48.972948-0500]    26.1250 MB /   0.50 sec =  438.2785 Mbps     0 retrans  13991 KB-cwnd
[2024-11-08T12:31:49.472929-0500]    31.2500 MB /   0.50 sec =  524.2859 Mbps     0 retrans  13978 KB-cwnd
[2024-11-08T12:31:49.972961-0500]    38.6250 MB /   0.50 sec =  647.9681 Mbps     0 retrans  13469 KB-cwnd
[2024-11-08T12:31:50.472905-0500]    35.0625 MB /   0.50 sec =  588.3029 Mbps     0 retrans  12566 KB-cwnd
[2024-11-08T12:31:50.973061-0500]    18.9375 MB /   0.50 sec =  317.6582 Mbps     0 retrans  12566 KB-cwnd
[2024-11-08T12:31:51.472895-0500]    33.0625 MB /   0.50 sec =  554.8132 Mbps     1 retrans  12481 KB-cwnd
[2024-11-08T12:31:51.973071-0500]    26.1250 MB /   0.50 sec =  438.2951 Mbps     0 retrans  12481 KB-cwnd
[2024-11-08T12:31:52.473065-0500]    25.0000 MB /   0.50 sec =  419.3356 Mbps     0 retrans  12291 KB-cwnd
[2024-11-08T12:31:52.972987-0500]    28.1875 MB /   0.50 sec =  473.0535 Mbps     0 retrans  12291 KB-cwnd
[2024-11-08T12:31:53.473104-0500]    24.3750 MB /   0.50 sec =  408.7967 Mbps     2 retrans    884 KB-cwnd
[2024-11-08T12:31:53.972875-0500]    36.8750 MB /   0.50 sec =  618.8554 Mbps     0 retrans    884 KB-cwnd
[2024-11-08T12:31:54.472910-0500]    35.4375 MB /   0.50 sec =  594.5319 Mbps     1 retrans  12763 KB-cwnd
[2024-11-08T12:31:54.972948-0500]    35.7500 MB /   0.50 sec =  599.7699 Mbps     2 retrans  11370 KB-cwnd
[2024-11-08T12:31:55.472991-0500]    28.1250 MB /   0.50 sec =  471.9017 Mbps     0 retrans  11370 KB-cwnd
[2024-11-08T12:31:55.972927-0500]    31.8125 MB /   0.50 sec =  533.6900 Mbps     0 retrans  12233 KB-cwnd
[2024-11-08T12:31:56.473110-0500]    19.0000 MB /   0.50 sec =  318.6747 Mbps     0 retrans  12233 KB-cwnd
[2024-11-08T12:31:56.973037-0500]    33.4375 MB /   0.50 sec =  561.0095 Mbps     0 retrans  12353 KB-cwnd
[2024-11-08T12:31:57.472908-0500]    31.2500 MB /   0.50 sec =  524.4212 Mbps     0 retrans  11889 KB-cwnd
[2024-11-08T12:31:57.973064-0500]    29.9375 MB /   0.50 sec =  502.1574 Mbps     0 retrans  11889 KB-cwnd
[2024-11-08T12:31:58.473055-0500]    29.2500 MB /   0.50 sec =  490.8710 Mbps     1 retrans  11298 KB-cwnd
[2024-11-08T12:31:58.972915-0500]    30.0000 MB /   0.50 sec =  503.2833 Mbps     0 retrans  11298 KB-cwnd
[2024-11-08T12:31:59.472891-0500]    29.9375 MB /   0.50 sec =  502.2729 Mbps     2 retrans  12188 KB-cwnd
[2024-11-08T12:31:59.972911-0500]    31.0000 MB /   0.50 sec =  520.0864 Mbps     0 retrans  12313 KB-cwnd
[2024-11-08T12:32:00.472913-0500]    32.5625 MB /   0.50 sec =  546.3037 Mbps     1 retrans  12313 KB-cwnd
[2024-11-08T12:32:00.972889-0500]    32.4375 MB /   0.50 sec =  544.2186 Mbps     0 retrans   9662 KB-cwnd
[2024-11-08T12:32:01.472946-0500]    33.5625 MB /   0.50 sec =  563.0605 Mbps     0 retrans   9662 KB-cwnd
[2024-11-08T12:32:01.972918-0500]    35.5625 MB /   0.50 sec =  596.6660 Mbps     0 retrans  10176 KB-cwnd
[2024-11-08T12:32:02.473059-0500]    29.0000 MB /   0.50 sec =  486.4342 Mbps     0 retrans  10176 KB-cwnd
[2024-11-08T12:32:02.972925-0500]    35.7500 MB /   0.50 sec =  599.9055 Mbps     0 retrans  12273 KB-cwnd
[2024-11-08T12:32:03.472890-0500]    32.6875 MB /   0.50 sec =  548.4173 Mbps     0 retrans  12353 KB-cwnd
[2024-11-08T12:32:03.973104-0500]     9.0625 MB /   0.50 sec =  152.0493 Mbps     0 retrans  11050 KB-cwnd
[2024-11-08T12:32:04.473545-0500]    26.7500 MB /   0.50 sec =  448.7708 Mbps     0 retrans  11050 KB-cwnd
[2024-11-08T12:32:04.972917-0500]    22.5000 MB /   0.50 sec =  377.4775 Mbps     0 retrans  11050 KB-cwnd
[2024-11-08T12:32:05.472955-0500]    28.6875 MB /   0.50 sec =  481.2511 Mbps     0 retrans  12009 KB-cwnd
[2024-11-08T12:32:05.972934-0500]    33.0625 MB /   0.50 sec =  554.7477 Mbps     0 retrans  12009 KB-cwnd
[2024-11-08T12:32:06.472924-0500]    30.3750 MB /   0.50 sec =  509.6069 Mbps     0 retrans  10608 KB-cwnd
[2024-11-08T12:32:06.972993-0500]    31.3750 MB /   0.50 sec =  526.3757 Mbps     0 retrans  10608 KB-cwnd
[2024-11-08T12:32:07.472926-0500]    29.7500 MB /   0.50 sec =  499.1282 Mbps     2 retrans   8858 KB-cwnd
[2024-11-08T12:32:07.972941-0500]    24.8125 MB /   0.50 sec =  416.2647 Mbps     0 retrans   8858 KB-cwnd
[2024-11-08T12:32:08.472998-0500]    31.9375 MB /   0.50 sec =  535.9081 Mbps     0 retrans   9390 KB-cwnd
[2024-11-08T12:32:08.973675-0500]    29.6250 MB /   0.50 sec =  496.2776 Mbps     0 retrans   9390 KB-cwnd
[2024-11-08T12:32:09.472816-0500]    33.0000 MB /   0.50 sec =  554.4699 Mbps     0 retrans  12414 KB-cwnd
[2024-11-08T12:32:09.973058-0500]    27.8125 MB /   0.50 sec =  466.5865 Mbps     0 retrans  12465 KB-cwnd
[2024-11-08T12:32:10.472909-0500]    35.4375 MB /   0.50 sec =  594.5426 Mbps     1 retrans  10829 KB-cwnd
[2024-11-08T12:32:10.973937-0500]    32.2500 MB /   0.50 sec =  540.0036 Mbps     0 retrans  10677 KB-cwnd
[2024-11-08T12:32:11.473316-0500]    34.6875 MB /   0.50 sec =  583.1096 Mbps     0 retrans  10677 KB-cwnd
[2024-11-08T12:32:11.973592-0500]    25.9375 MB /   0.50 sec =  435.1503 Mbps     0 retrans  11434 KB-cwnd
[2024-11-08T12:32:12.472913-0500]    32.7500 MB /   0.50 sec =  549.4670 Mbps     0 retrans  11500 KB-cwnd
[2024-11-08T12:32:12.972947-0500]    32.0625 MB /   0.50 sec =  537.9066 Mbps     0 retrans  12366 KB-cwnd
[2024-11-08T12:32:13.472972-0500]    26.8125 MB /   0.50 sec =  449.8292 Mbps     0 retrans  12366 KB-cwnd
[2024-11-08T12:32:13.973854-0500]    34.0000 MB /   0.50 sec =  569.4152 Mbps     1 retrans  11956 KB-cwnd
[2024-11-08T12:32:14.472901-0500]    11.9375 MB /   0.50 sec =  200.6440 Mbps     0 retrans  11956 KB-cwnd
[2024-11-08T12:32:14.972914-0500]    28.5625 MB /   0.50 sec =  479.1925 Mbps     0 retrans  11956 KB-cwnd
[2024-11-08T12:32:15.472908-0500]    31.8750 MB /   0.50 sec =  534.7845 Mbps     0 retrans  11735 KB-cwnd
[2024-11-08T12:32:15.972914-0500]    32.3125 MB /   0.50 sec =  542.1019 Mbps     1 retrans  13147 KB-cwnd
[2024-11-08T12:32:16.473050-0500]    33.3125 MB /   0.50 sec =  558.9000 Mbps     0 retrans  13147 KB-cwnd
[2024-11-08T12:32:16.972963-0500]    33.3125 MB /   0.50 sec =  558.8597 Mbps     1 retrans   9833 KB-cwnd
[2024-11-08T12:32:17.473050-0500]    28.0000 MB /   0.50 sec =  469.6897 Mbps     0 retrans   9833 KB-cwnd
[2024-11-08T12:32:17.972889-0500]    29.6875 MB /   0.50 sec =  498.1792 Mbps     0 retrans  11141 KB-cwnd
[2024-11-08T12:32:18.473057-0500]    23.1250 MB /   0.50 sec =  387.8746 Mbps     0 retrans  11114 KB-cwnd
[2024-11-08T12:32:18.972915-0500]    35.8750 MB /   0.50 sec =  602.0283 Mbps     0 retrans  12462 KB-cwnd
[2024-11-08T12:32:19.472944-0500]    32.8125 MB /   0.50 sec =  550.4936 Mbps     0 retrans  12462 KB-cwnd
[2024-11-08T12:32:19.972926-0500]    35.0000 MB /   0.50 sec =  587.2073 Mbps     1 retrans  11428 KB-cwnd
[2024-11-08T12:32:20.472974-0500]    31.8750 MB /   0.50 sec =  534.7075 Mbps     0 retrans  11428 KB-cwnd
[2024-11-08T12:32:20.972911-0500]    26.1250 MB /   0.50 sec =  438.3653 Mbps     1 retrans  11745 KB-cwnd
[2024-11-08T12:32:21.472921-0500]    31.1250 MB /   0.50 sec =  522.1783 Mbps     0 retrans  11745 KB-cwnd
[2024-11-08T12:32:21.972931-0500]    31.3750 MB /   0.50 sec =  526.3799 Mbps     0 retrans  12230 KB-cwnd
[2024-11-08T12:32:22.473019-0500]    29.1875 MB /   0.50 sec =  489.5978 Mbps     0 retrans  12230 KB-cwnd
[2024-11-08T12:32:22.973041-0500]    28.9375 MB /   0.50 sec =  485.4985 Mbps     1 retrans  12281 KB-cwnd
[2024-11-08T12:32:23.472919-0500]    35.0625 MB /   0.50 sec =  588.3641 Mbps     0 retrans  12281 KB-cwnd
[2024-11-08T12:32:23.973236-0500]    34.6250 MB /   0.50 sec =  580.9390 Mbps     0 retrans  11668 KB-cwnd
[2024-11-08T12:32:24.472940-0500]    32.8125 MB /   0.50 sec =  550.4650 Mbps     1 retrans  11034 KB-cwnd
[2024-11-08T12:32:24.973987-0500]    30.3125 MB /   0.50 sec =  507.5027 Mbps     0 retrans  10886 KB-cwnd
[2024-11-08T12:32:25.473032-0500]    12.7500 MB /   0.50 sec =  214.3588 Mbps     0 retrans  11015 KB-cwnd
[2024-11-08T12:32:25.973166-0500]    31.5000 MB /   0.50 sec =  528.3154 Mbps     0 retrans  11644 KB-cwnd
[2024-11-08T12:32:26.473218-0500]    33.1875 MB /   0.50 sec =  556.6124 Mbps     0 retrans  11647 KB-cwnd
[2024-11-08T12:32:26.972927-0500]    33.1875 MB /   0.50 sec =  557.1437 Mbps     0 retrans  10999 KB-cwnd
[2024-11-08T12:32:27.472829-0500]    33.2500 MB /   0.50 sec =  557.8893 Mbps     0 retrans  11950 KB-cwnd
[2024-11-08T12:32:27.972906-0500]    32.7500 MB /   0.50 sec =  549.4253 Mbps     0 retrans  11950 KB-cwnd
[2024-11-08T12:32:28.473075-0500]    31.6875 MB /   0.50 sec =  531.6185 Mbps     0 retrans  10626 KB-cwnd
[2024-11-08T12:32:28.972935-0500]    32.8125 MB /   0.50 sec =  550.4837 Mbps     0 retrans  10626 KB-cwnd
[2024-11-08T12:32:29.472953-0500]    28.5000 MB /   0.50 sec =  478.1593 Mbps     0 retrans  10893 KB-cwnd
[2024-11-08T12:32:29.972915-0500]    34.2500 MB /   0.50 sec =  574.6311 Mbps     0 retrans  10893 KB-cwnd
[2024-11-08T12:32:30.473016-0500]    32.6250 MB /   0.50 sec =  547.3140 Mbps     0 retrans  12006 KB-cwnd
[2024-11-08T12:32:30.972918-0500]    36.6875 MB /   0.50 sec =  615.5609 Mbps     1 retrans  11383 KB-cwnd
[2024-11-08T12:32:31.472886-0500]    34.9375 MB /   0.50 sec =  586.1634 Mbps     0 retrans  11383 KB-cwnd
[2024-11-08T12:32:31.972986-0500]    33.5625 MB /   0.50 sec =  563.0391 Mbps     0 retrans  10730 KB-cwnd
[2024-11-08T12:32:32.473727-0500]    27.6875 MB /   0.50 sec =  464.1182 Mbps     0 retrans  10730 KB-cwnd
[2024-11-08T12:32:32.972913-0500]    31.3750 MB /   0.50 sec =  526.8783 Mbps     0 retrans  13781 KB-cwnd
[2024-11-08T12:32:33.472939-0500]    22.6875 MB /   0.50 sec =  380.6270 Mbps     0 retrans  13893 KB-cwnd
[2024-11-08T12:32:33.972899-0500]    27.8750 MB /   0.50 sec =  467.6761 Mbps     0 retrans  13951 KB-cwnd
[2024-11-08T12:32:34.473080-0500]    28.0625 MB /   0.50 sec =  470.8097 Mbps     0 retrans  12726 KB-cwnd
[2024-11-08T12:32:34.972937-0500]    28.5000 MB /   0.50 sec =  478.1373 Mbps     1 retrans  10461 KB-cwnd
[2024-11-08T12:32:35.472905-0500]    29.4375 MB /   0.50 sec =  493.8902 Mbps     0 retrans  10461 KB-cwnd
[2024-11-08T12:32:35.972937-0500]    28.6875 MB /   0.50 sec =  481.2916 Mbps     2 retrans  10048 KB-cwnd
[2024-11-08T12:32:36.472970-0500]    31.8125 MB /   0.50 sec =  533.6964 Mbps     0 retrans  10048 KB-cwnd
[2024-11-08T12:32:36.972813-0500]    30.9375 MB /   0.50 sec =  519.1095 Mbps     1 retrans   9886 KB-cwnd
[2024-11-08T12:32:37.473101-0500]    28.8750 MB /   0.50 sec =  484.4421 Mbps     0 retrans   9886 KB-cwnd
[2024-11-08T12:32:37.972912-0500]    29.9375 MB /   0.50 sec =  502.2378 Mbps     0 retrans   9734 KB-cwnd
[2024-11-08T12:32:38.472961-0500]    28.9375 MB /   0.50 sec =  485.4664 Mbps     0 retrans   9734 KB-cwnd
[2024-11-08T12:32:38.973044-0500]    29.1250 MB /   0.50 sec =  488.5622 Mbps     0 retrans   9537 KB-cwnd
[2024-11-08T12:32:39.473121-0500]    31.9375 MB /   0.50 sec =  535.9595 Mbps     0 retrans   9537 KB-cwnd
[2024-11-08T12:32:39.972924-0500]    25.8750 MB /   0.50 sec =  434.0870 Mbps     1 retrans  11817 KB-cwnd
[2024-11-08T12:32:40.472909-0500]    33.5000 MB /   0.50 sec =  562.0367 Mbps     0 retrans  11817 KB-cwnd
[2024-11-08T12:32:40.973086-0500]    30.4375 MB /   0.50 sec =  510.6310 Mbps     0 retrans  11895 KB-cwnd
[2024-11-08T12:32:41.472922-0500]    32.8750 MB /   0.50 sec =  551.5775 Mbps     0 retrans  11895 KB-cwnd
[2024-11-08T12:32:41.972960-0500]    32.3750 MB /   0.50 sec =  543.1515 Mbps     1 retrans  10789 KB-cwnd
[2024-11-08T12:32:42.473352-0500]    27.8750 MB /   0.50 sec =  467.4022 Mbps     0 retrans  10794 KB-cwnd
[2024-11-08T12:32:42.972944-0500]    16.4375 MB /   0.50 sec =  275.9344 Mbps     0 retrans  10797 KB-cwnd
[2024-11-08T12:32:43.473070-0500]    32.0625 MB /   0.50 sec =  537.9324 Mbps     0 retrans  11785 KB-cwnd
[2024-11-08T12:32:43.972943-0500]    21.5625 MB /   0.50 sec =  361.7399 Mbps     0 retrans  11785 KB-cwnd
[2024-11-08T12:32:44.473003-0500]    33.2500 MB /   0.50 sec =  557.9016 Mbps     0 retrans  10933 KB-cwnd
[2024-11-08T12:32:44.972949-0500]    32.8750 MB /   0.50 sec =  551.4914 Mbps     0 retrans  12201 KB-cwnd
[2024-11-08T12:32:45.473287-0500]    34.1875 MB /   0.50 sec =  573.5780 Mbps     0 retrans  12201 KB-cwnd
[2024-11-08T12:32:45.972921-0500]    32.6875 MB /   0.50 sec =  548.4184 Mbps     1 retrans  11516 KB-cwnd
[2024-11-08T12:32:46.472910-0500]    33.6875 MB /   0.50 sec =  565.1825 Mbps     1 retrans   1617 KB-cwnd
[2024-11-08T12:32:46.972909-0500]    32.5625 MB /   0.50 sec =  546.3114 Mbps     0 retrans  10507 KB-cwnd
[2024-11-08T12:32:47.472897-0500]    33.6875 MB /   0.50 sec =  565.1904 Mbps     0 retrans  10507 KB-cwnd
[2024-11-08T12:32:47.972943-0500]    23.6875 MB /   0.50 sec =  397.4032 Mbps     0 retrans  12838 KB-cwnd
[2024-11-08T12:32:48.473486-0500]    30.8125 MB /   0.50 sec =  516.9014 Mbps     0 retrans  12838 KB-cwnd
[2024-11-08T12:32:48.973427-0500]    32.9375 MB /   0.50 sec =  552.1302 Mbps     0 retrans  12720 KB-cwnd
[2024-11-08T12:32:49.472911-0500]    31.0000 MB /   0.50 sec =  520.5872 Mbps     0 retrans  12720 KB-cwnd
[2024-11-08T12:32:49.973036-0500]    29.4375 MB /   0.50 sec =  493.7687 Mbps     1 retrans  11125 KB-cwnd
[2024-11-08T12:32:50.472983-0500]    35.8750 MB /   0.50 sec =  601.9777 Mbps     1 retrans  10975 KB-cwnd
[2024-11-08T12:32:50.972901-0500]    33.9375 MB /   0.50 sec =  569.4109 Mbps     0 retrans  10949 KB-cwnd
[2024-11-08T12:32:51.472940-0500]    25.6875 MB /   0.50 sec =  430.9458 Mbps     0 retrans  10669 KB-cwnd
[2024-11-08T12:32:51.972954-0500]    30.4375 MB /   0.50 sec =  510.6698 Mbps     0 retrans  10669 KB-cwnd
[2024-11-08T12:32:52.473093-0500]    23.6875 MB /   0.50 sec =  397.3944 Mbps     0 retrans  12654 KB-cwnd
[2024-11-08T12:32:52.974510-0500]    23.5000 MB /   0.50 sec =  393.1065 Mbps     0 retrans  12654 KB-cwnd
[2024-11-08T12:32:53.472937-0500]    21.3125 MB /   0.50 sec =  358.6259 Mbps     0 retrans  12654 KB-cwnd
[2024-11-08T12:32:53.973300-0500]    17.8125 MB /   0.50 sec =  298.7892 Mbps     1 retrans  12659 KB-cwnd
[2024-11-08T12:32:54.472924-0500]    34.4375 MB /   0.50 sec =  577.8971 Mbps     0 retrans  12659 KB-cwnd
[2024-11-08T12:32:54.972901-0500]    35.6250 MB /   0.50 sec =  597.6883 Mbps    26 retrans  12601 KB-cwnd
[2024-11-08T12:32:55.473007-0500]    36.4375 MB /   0.50 sec =  611.2073 Mbps     0 retrans  12601 KB-cwnd
[2024-11-08T12:32:55.972942-0500]    37.0625 MB /   0.50 sec =  621.9038 Mbps     1 retrans    944 KB-cwnd
[2024-11-08T12:32:56.472934-0500]    36.6250 MB /   0.50 sec =  614.4717 Mbps     0 retrans    944 KB-cwnd
[2024-11-08T12:32:56.972948-0500]    35.9375 MB /   0.50 sec =  602.9360 Mbps     1 retrans  12377 KB-cwnd
[2024-11-08T12:32:57.473006-0500]    39.8125 MB /   0.50 sec =  667.9563 Mbps     0 retrans  12252 KB-cwnd
[2024-11-08T12:32:57.973149-0500]    38.6875 MB /   0.50 sec =  648.8778 Mbps     0 retrans  12252 KB-cwnd
[2024-11-08T12:32:58.473312-0500]    36.7500 MB /   0.50 sec =  616.3618 Mbps     0 retrans  14988 KB-cwnd
[2024-11-08T12:32:58.972889-0500]    38.1875 MB /   0.50 sec =  641.0697 Mbps     0 retrans  14535 KB-cwnd
[2024-11-08T12:32:59.472991-0500]    36.7500 MB /   0.50 sec =  616.4862 Mbps     0 retrans  14535 KB-cwnd
[2024-11-08T12:32:59.972912-0500]    41.5625 MB /   0.50 sec =  697.3895 Mbps     0 retrans  14487 KB-cwnd
[2024-11-08T12:33:00.473086-0500]    38.8750 MB /   0.50 sec =  652.2221 Mbps     0 retrans  14409 KB-cwnd
[2024-11-08T12:33:00.972939-0500]    40.1875 MB /   0.50 sec =  674.2209 Mbps     0 retrans  14409 KB-cwnd
[2024-11-08T12:33:01.472893-0500]    40.4375 MB /   0.50 sec =  678.4382 Mbps     0 retrans  15004 KB-cwnd
[2024-11-08T12:33:01.972947-0500]    40.3125 MB /   0.50 sec =  676.3302 Mbps     0 retrans  15379 KB-cwnd
[2024-11-08T12:33:02.472964-0500]    41.0000 MB /   0.50 sec =  687.8122 Mbps     0 retrans  16181 KB-cwnd
[2024-11-08T12:33:02.973220-0500]    39.8125 MB /   0.50 sec =  667.6411 Mbps     0 retrans  16181 KB-cwnd
[2024-11-08T12:33:03.472917-0500]    43.0000 MB /   0.50 sec =  721.7985 Mbps     0 retrans  14900 KB-cwnd
[2024-11-08T12:33:03.972905-0500]    44.6250 MB /   0.50 sec =  748.6743 Mbps     0 retrans  13655 KB-cwnd
[2024-11-08T12:33:04.473024-0500]    26.5625 MB /   0.50 sec =  445.5806 Mbps     0 retrans  13655 KB-cwnd
[2024-11-08T12:33:04.973131-0500]    32.1875 MB /   0.50 sec =  540.0933 Mbps     0 retrans  15755 KB-cwnd
[2024-11-08T12:33:05.473009-0500]    41.7500 MB /   0.50 sec =  700.3255 Mbps     0 retrans  16248 KB-cwnd
[2024-11-08T12:33:05.972965-0500]    50.4375 MB /   0.50 sec =  846.2872 Mbps     0 retrans  16248 KB-cwnd
[2024-11-08T12:33:06.472928-0500]    49.5625 MB /   0.50 sec =  831.5890 Mbps     0 retrans  15590 KB-cwnd
[2024-11-08T12:33:06.972957-0500]    49.1875 MB /   0.50 sec =  825.2145 Mbps     0 retrans  15691 KB-cwnd
[2024-11-08T12:33:07.472907-0500]    47.7500 MB /   0.50 sec =  801.1377 Mbps     0 retrans  16978 KB-cwnd
[2024-11-08T12:33:07.972893-0500]    48.0000 MB /   0.50 sec =  805.2951 Mbps     0 retrans  17636 KB-cwnd
[2024-11-08T12:33:08.473321-0500]    48.8750 MB /   0.50 sec =  819.9848 Mbps     0 retrans  18110 KB-cwnd
[2024-11-08T12:33:08.973374-0500]    42.6875 MB /   0.50 sec =  716.1631 Mbps     0 retrans  17398 KB-cwnd
[2024-11-08T12:33:09.473397-0500]    52.3750 MB /   0.50 sec =  878.7137 Mbps     0 retrans  17047 KB-cwnd
[2024-11-08T12:33:09.972946-0500]    49.6875 MB /   0.50 sec =  833.6146 Mbps     0 retrans  17644 KB-cwnd
[2024-11-08T12:33:10.473270-0500]    49.3125 MB /   0.50 sec =  827.3993 Mbps     0 retrans  17929 KB-cwnd
[2024-11-08T12:33:10.973026-0500]    50.2500 MB /   0.50 sec =  843.0012 Mbps     0 retrans  17092 KB-cwnd
[2024-11-08T12:33:11.472929-0500]    47.5625 MB /   0.50 sec =  797.9584 Mbps     0 retrans  17092 KB-cwnd
[2024-11-08T12:33:11.972906-0500]    43.3125 MB /   0.50 sec =  726.6675 Mbps     0 retrans  16530 KB-cwnd
[2024-11-08T12:33:12.473337-0500]    45.6250 MB /   0.50 sec =  765.3977 Mbps     0 retrans  16962 KB-cwnd
[2024-11-08T12:33:12.973700-0500]    47.6875 MB /   0.50 sec =  799.5550 Mbps     0 retrans  17177 KB-cwnd
[2024-11-08T12:33:13.472971-0500]    39.5625 MB /   0.50 sec =  664.2574 Mbps     0 retrans  17177 KB-cwnd
[2024-11-08T12:33:13.973422-0500]    39.5000 MB /   0.50 sec =  662.0605 Mbps     0 retrans  16370 KB-cwnd
[2024-11-08T12:33:14.472902-0500]    43.5000 MB /   0.50 sec =  730.4853 Mbps     0 retrans  17875 KB-cwnd
[2024-11-08T12:33:14.973112-0500]    15.6250 MB /   0.50 sec =  262.1314 Mbps     0 retrans  17875 KB-cwnd
[2024-11-08T12:33:15.473549-0500]    44.6875 MB /   0.50 sec =  749.7108 Mbps     0 retrans  17438 KB-cwnd
[2024-11-08T12:33:15.972948-0500]    51.5625 MB /   0.50 sec =  865.0752 Mbps     0 retrans  14388 KB-cwnd
[2024-11-08T12:33:16.473479-0500]    49.7500 MB /   0.50 sec =  834.6932 Mbps     0 retrans  15757 KB-cwnd
[2024-11-08T12:33:16.973171-0500]    54.6250 MB /   0.50 sec =  916.4793 Mbps     0 retrans  15757 KB-cwnd
[2024-11-08T12:33:17.472952-0500]    53.3125 MB /   0.50 sec =  894.4300 Mbps     0 retrans  16626 KB-cwnd
[2024-11-08T12:33:17.972942-0500]    55.1875 MB /   0.50 sec =  925.9074 Mbps     0 retrans  17375 KB-cwnd
[2024-11-08T12:33:18.472910-0500]    56.2500 MB /   0.50 sec =  943.7316 Mbps     0 retrans  17673 KB-cwnd
[2024-11-08T12:33:18.973107-0500]    60.3750 MB /   0.50 sec = 1012.9751 Mbps     0 retrans  18437 KB-cwnd
[2024-11-08T12:33:19.472952-0500]    59.8125 MB /   0.50 sec = 1003.4491 Mbps     0 retrans  18400 KB-cwnd
[2024-11-08T12:33:19.972923-0500]    56.6875 MB /   0.50 sec =  951.0565 Mbps     0 retrans  19738 KB-cwnd
[2024-11-08T12:33:20.472931-0500]    51.0000 MB /   0.50 sec =  855.6175 Mbps     0 retrans  19754 KB-cwnd
[2024-11-08T12:33:20.972971-0500]    50.8125 MB /   0.50 sec =  852.3866 Mbps     0 retrans  19767 KB-cwnd
[2024-11-08T12:33:21.472934-0500]    53.1250 MB /   0.50 sec =  891.3716 Mbps     0 retrans  19101 KB-cwnd
[2024-11-08T12:33:21.973363-0500]    51.0000 MB /   0.50 sec =  855.6620 Mbps     0 retrans  17761 KB-cwnd
End time: 1731087202086
