Start time: 1731087418813
[2024-11-08T12:37:03.870422-0500] traceroute to 54.197.223.49 (54.197.223.49), 30 hops max, 60 byte packets
[2024-11-08T12:37:03.871025-0500]  1  * * *
[2024-11-08T12:37:03.871092-0500]  2  * * *
[2024-11-08T12:37:03.871122-0500]  3  * * *
[2024-11-08T12:37:03.871188-0500]  4  * * *
[2024-11-08T12:37:03.871286-0500]  5  * * *
[2024-11-08T12:37:08.875302-0500]  6  * * *
[2024-11-08T12:37:08.875508-0500]  7  * * *
[2024-11-08T12:37:08.878920-0500]  8  * * *
[2024-11-08T12:37:08.878993-0500]  9  * * *
[2024-11-08T12:37:08.882354-0500] 10  * * *
[2024-11-08T12:37:13.883276-0500] 11  * * *
[2024-11-08T12:37:13.883609-0500] 12  * * *
[2024-11-08T12:37:13.883679-0500] 13  * * *
[2024-11-08T12:37:13.883727-0500] 14  * * *
[2024-11-08T12:37:13.883771-0500] 15  * * *
[2024-11-08T12:37:18.891396-0500] 16  * * *
[2024-11-08T12:37:18.891779-0500] 17  * * *
[2024-11-08T12:37:18.891843-0500] 18  * * *
[2024-11-08T12:37:18.898413-0500] 19  * * *
[2024-11-08T12:37:18.898580-0500] 20  * * *
[2024-11-08T12:37:18.898627-0500] 21  * * *
[2024-11-08T12:37:23.898279-0500] 22  * * *
[2024-11-08T12:37:23.898546-0500] 23  * * *
[2024-11-08T12:37:23.903756-0500] 24  * * *
[2024-11-08T12:37:23.903920-0500] 25  * * *
[2024-11-08T12:37:23.903970-0500] 26  * * *
[2024-11-08T12:37:28.860649-0500] 27  * *End time: 1731087448913
