Start time: 1730741720390
[2024-11-04T10:35:21.197234-0700] nuttcp-r: v8.1.4: socket
[2024-11-04T10:35:21.198033-0700] nuttcp-r: buflen=65536, nstream=1, port=5379 tcp
[2024-11-04T10:35:21.198102-0700] nuttcp-r: interval reporting every 0.50 seconds
[2024-11-04T10:35:21.198163-0700] nuttcp-r: connect to 54.176.53.206 with RTT=48.943 ms af=inet
[2024-11-04T10:35:21.198213-0700] nuttcp-r: send window size = 2097152, receive window size = 6291456
[2024-11-04T10:35:21.198260-0700] nuttcp-r: available send window = 1572864, available receive window = 4718592
[2024-11-04T10:35:21.198309-0700]     1.1875 MB /   0.50 sec =   19.9195 Mbps     0 retrans
[2024-11-04T10:35:21.697142-0700]     6.6875 MB /   0.50 sec =  112.1992 Mbps     0 retrans
[2024-11-04T10:35:22.197089-0700]    33.6250 MB /   0.50 sec =  564.1361 Mbps     0 retrans
[2024-11-04T10:35:22.697285-0700]    36.3125 MB /   0.50 sec =  609.0680 Mbps     0 retrans
[2024-11-04T10:35:23.197116-0700]    28.6250 MB /   0.50 sec =  480.3958 Mbps     0 retrans
[2024-11-04T10:35:23.697200-0700]    27.0625 MB /   0.50 sec =  453.9826 Mbps     0 retrans
[2024-11-04T10:35:24.197053-0700]    20.2500 MB /   0.50 sec =  339.7828 Mbps     0 retrans
[2024-11-04T10:35:24.697340-0700]    27.8125 MB /   0.50 sec =  466.4428 Mbps     0 retrans
[2024-11-04T10:35:25.197077-0700]    23.8125 MB /   0.50 sec =  399.6321 Mbps     0 retrans
[2024-11-04T10:35:25.697181-0700]    32.5625 MB /   0.50 sec =  546.3026 Mbps     0 retrans
[2024-11-04T10:35:26.197190-0700]    34.1875 MB /   0.50 sec =  573.5573 Mbps     0 retrans
[2024-11-04T10:35:26.697218-0700]    40.7500 MB /   0.50 sec =  683.6606 Mbps     0 retrans
[2024-11-04T10:35:27.197196-0700]    26.8125 MB /   0.50 sec =  449.8391 Mbps     0 retrans
[2024-11-04T10:35:27.697078-0700]    44.5625 MB /   0.50 sec =  747.7454 Mbps     0 retrans
[2024-11-04T10:35:28.197160-0700]    46.2500 MB /   0.50 sec =  775.8531 Mbps     0 retrans
[2024-11-04T10:35:28.697064-0700]    45.9375 MB /   0.50 sec =  770.7527 Mbps     0 retrans
[2024-11-04T10:35:29.197204-0700]    45.3750 MB /   0.50 sec =  761.1703 Mbps     0 retrans
[2024-11-04T10:35:29.697221-0700]    41.0000 MB /   0.50 sec =  687.8191 Mbps     0 retrans
[2024-11-04T10:35:30.197133-0700]    43.9375 MB /   0.50 sec =  737.2625 Mbps     0 retrans
[2024-11-04T10:35:30.697127-0700]    41.9375 MB /   0.50 sec =  703.5467 Mbps     0 retrans
[2024-11-04T10:35:31.197235-0700]    19.2500 MB /   0.50 sec =  322.9220 Mbps     0 retrans
[2024-11-04T10:35:31.697154-0700]    32.1250 MB /   0.50 sec =  539.0651 Mbps     0 retrans
[2024-11-04T10:35:32.197150-0700]    41.3750 MB /   0.50 sec =  694.1712 Mbps     0 retrans
[2024-11-04T10:35:32.697193-0700]    41.7500 MB /   0.50 sec =  700.3815 Mbps     0 retrans
[2024-11-04T10:35:33.197156-0700]    43.5625 MB /   0.50 sec =  730.8999 Mbps     0 retrans
[2024-11-04T10:35:33.697219-0700]    42.8750 MB /   0.50 sec =  719.2354 Mbps     0 retrans
[2024-11-04T10:35:34.197032-0700]    46.3125 MB /   0.50 sec =  777.1705 Mbps     0 retrans
[2024-11-04T10:35:34.697002-0700]    45.6250 MB /   0.50 sec =  765.4789 Mbps     0 retrans
[2024-11-04T10:35:35.197023-0700]    41.1250 MB /   0.50 sec =  689.9602 Mbps     0 retrans
[2024-11-04T10:35:35.697009-0700]    29.4375 MB /   0.50 sec =  493.8862 Mbps     0 retrans
[2024-11-04T10:35:36.197130-0700]    32.1250 MB /   0.50 sec =  538.8732 Mbps     0 retrans
[2024-11-04T10:35:36.697247-0700]    47.1250 MB /   0.50 sec =  790.5884 Mbps     0 retrans
[2024-11-04T10:35:37.197096-0700]    46.4375 MB /   0.50 sec =  779.1917 Mbps     0 retrans
[2024-11-04T10:35:37.697179-0700]    46.1250 MB /   0.50 sec =  773.8119 Mbps     0 retrans
[2024-11-04T10:35:38.197224-0700]    46.4375 MB /   0.50 sec =  778.9876 Mbps     0 retrans
[2024-11-04T10:35:38.697243-0700]    48.9375 MB /   0.50 sec =  820.9874 Mbps     0 retrans
[2024-11-04T10:35:39.197114-0700]    49.0000 MB /   0.50 sec =  822.3056 Mbps     0 retrans
[2024-11-04T10:35:39.697154-0700]    52.0000 MB /   0.50 sec =  872.3681 Mbps     0 retrans
[2024-11-04T10:35:40.197016-0700]    48.6875 MB /   0.50 sec =  816.8995 Mbps     0 retrans
[2024-11-04T10:35:40.697189-0700]    44.7500 MB /   0.50 sec =  750.6828 Mbps     0 retrans
[2024-11-04T10:35:41.197141-0700]    38.1250 MB /   0.50 sec =  639.6621 Mbps     0 retrans
[2024-11-04T10:35:41.697182-0700]    16.7500 MB /   0.50 sec =  281.0144 Mbps     0 retrans
[2024-11-04T10:35:42.197140-0700]    34.2500 MB /   0.50 sec =  574.6231 Mbps     0 retrans
[2024-11-04T10:35:42.697115-0700]    28.2500 MB /   0.50 sec =  473.9611 Mbps     0 retrans
[2024-11-04T10:35:43.197047-0700]    30.8125 MB /   0.50 sec =  516.9976 Mbps     0 retrans
[2024-11-04T10:35:43.697092-0700]    35.7500 MB /   0.50 sec =  599.7555 Mbps     0 retrans
[2024-11-04T10:35:44.197268-0700]    14.0000 MB /   0.50 sec =  234.8665 Mbps     0 retrans
[2024-11-04T10:35:44.697240-0700]     0.4375 MB /   0.50 sec =    7.3392 Mbps     0 retrans
[2024-11-04T10:35:45.197040-0700]    38.8750 MB /   0.50 sec =  652.3552 Mbps     0 retrans
[2024-11-04T10:35:45.697380-0700]    46.0000 MB /   0.50 sec =  771.6022 Mbps     0 retrans
[2024-11-04T10:35:46.197104-0700]    57.7500 MB /   0.50 sec =  969.0121 Mbps     0 retrans
[2024-11-04T10:35:46.697248-0700]    63.2500 MB /   0.50 sec = 1061.1738 Mbps     0 retrans
[2024-11-04T10:35:47.197177-0700]    61.2500 MB /   0.50 sec = 1027.4504 Mbps     0 retrans
[2024-11-04T10:35:47.697213-0700]    54.6875 MB /   0.50 sec =  917.4600 Mbps     0 retrans
[2024-11-04T10:35:48.197117-0700]    59.6875 MB /   0.50 sec = 1001.6525 Mbps     0 retrans
[2024-11-04T10:35:48.697274-0700]    49.3750 MB /   0.50 sec =  828.0836 Mbps     0 retrans
[2024-11-04T10:35:49.197179-0700]    59.2500 MB /   0.50 sec =  994.3484 Mbps     0 retrans
[2024-11-04T10:35:49.697325-0700]    45.2500 MB /   0.50 sec =  758.9671 Mbps     0 retrans
[2024-11-04T10:35:50.197042-0700]    53.1875 MB /   0.50 sec =  892.5899 Mbps     0 retrans
[2024-11-04T10:35:50.697114-0700]    67.4375 MB /   0.50 sec = 1131.3864 Mbps     0 retrans
[2024-11-04T10:35:51.197026-0700]    65.6250 MB /   0.50 sec = 1101.0731 Mbps     0 retrans
[2024-11-04T10:35:51.697024-0700]    65.2500 MB /   0.50 sec = 1094.7068 Mbps     0 retrans
[2024-11-04T10:35:52.197193-0700]    37.2500 MB /   0.50 sec =  624.8263 Mbps     0 retrans
[2024-11-04T10:35:52.697098-0700]    29.5000 MB /   0.50 sec =  494.9992 Mbps     0 retrans
[2024-11-04T10:35:53.197114-0700]    49.3750 MB /   0.50 sec =  828.3518 Mbps     0 retrans
[2024-11-04T10:35:53.697117-0700]    56.0000 MB /   0.50 sec =  939.5579 Mbps     0 retrans
[2024-11-04T10:35:54.197021-0700]    53.5000 MB /   0.50 sec =  897.6241 Mbps     0 retrans
[2024-11-04T10:35:54.697104-0700]    24.1875 MB /   0.50 sec =  405.7770 Mbps     0 retrans
[2024-11-04T10:35:55.197120-0700]    48.4375 MB /   0.50 sec =  812.6919 Mbps     0 retrans
[2024-11-04T10:35:55.697178-0700]    58.3125 MB /   0.50 sec =  978.1375 Mbps     0 retrans
[2024-11-04T10:35:56.197026-0700]    59.8750 MB /   0.50 sec = 1004.7187 Mbps     0 retrans
[2024-11-04T10:35:56.697110-0700]    53.3750 MB /   0.50 sec =  895.4391 Mbps     0 retrans
[2024-11-04T10:35:57.197053-0700]    56.6875 MB /   0.50 sec =  951.0832 Mbps     0 retrans
[2024-11-04T10:35:57.697086-0700]    58.8750 MB /   0.50 sec =  987.7724 Mbps     0 retrans
[2024-11-04T10:35:58.197350-0700]    61.3125 MB /   0.50 sec = 1028.5687 Mbps     0 retrans
[2024-11-04T10:35:58.697280-0700]    63.4375 MB /   0.50 sec = 1064.0854 Mbps     0 retrans
[2024-11-04T10:35:59.197102-0700]    50.3750 MB /   0.50 sec =  845.3348 Mbps     0 retrans
[2024-11-04T10:35:59.697117-0700]    47.4375 MB /   0.50 sec =  795.8883 Mbps     0 retrans
[2024-11-04T10:36:00.197156-0700]    47.3750 MB /   0.50 sec =  794.8651 Mbps     0 retrans
[2024-11-04T10:36:00.697099-0700]    48.3750 MB /   0.50 sec =  811.5654 Mbps     0 retrans
[2024-11-04T10:36:01.197098-0700]    46.6250 MB /   0.50 sec =  782.2064 Mbps     0 retrans
[2024-11-04T10:36:01.697114-0700]    48.9375 MB /   0.50 sec =  821.0564 Mbps     0 retrans
[2024-11-04T10:36:02.197228-0700]    47.6875 MB /   0.50 sec =  800.0587 Mbps     0 retrans
[2024-11-04T10:36:02.697149-0700]    51.5625 MB /   0.50 sec =  865.0648 Mbps     0 retrans
[2024-11-04T10:36:03.197376-0700]    52.8750 MB /   0.50 sec =  886.6697 Mbps     0 retrans
[2024-11-04T10:36:03.697212-0700]    47.3125 MB /   0.50 sec =  794.0055 Mbps     0 retrans
[2024-11-04T10:36:04.197203-0700]    53.4375 MB /   0.50 sec =  896.5163 Mbps     0 retrans
[2024-11-04T10:36:04.697200-0700]    37.1250 MB /   0.50 sec =  622.9139 Mbps     0 retrans
[2024-11-04T10:36:05.197103-0700]    41.3125 MB /   0.50 sec =  693.1808 Mbps     0 retrans
[2024-11-04T10:36:05.697190-0700]    54.6875 MB /   0.50 sec =  917.4948 Mbps     0 retrans
[2024-11-04T10:36:06.197245-0700]    47.4375 MB /   0.50 sec =  795.7196 Mbps     0 retrans
[2024-11-04T10:36:06.697061-0700]    41.4375 MB /   0.50 sec =  695.3714 Mbps     0 retrans
[2024-11-04T10:36:07.197076-0700]    45.9375 MB /   0.50 sec =  770.6741 Mbps     0 retrans
[2024-11-04T10:36:07.697086-0700]    44.2500 MB /   0.50 sec =  742.4200 Mbps     0 retrans
[2024-11-04T10:36:08.197222-0700]    44.3750 MB /   0.50 sec =  744.3639 Mbps     0 retrans
[2024-11-04T10:36:08.697252-0700]    41.8750 MB /   0.50 sec =  702.4827 Mbps     0 retrans
[2024-11-04T10:36:09.197342-0700]    42.5000 MB /   0.50 sec =  713.0374 Mbps     0 retrans
[2024-11-04T10:36:09.697161-0700]    41.0625 MB /   0.50 sec =  689.0412 Mbps     0 retrans
[2024-11-04T10:36:10.197088-0700]    41.8750 MB /   0.50 sec =  702.5853 Mbps     0 retrans
[2024-11-04T10:36:10.697149-0700]    40.7500 MB /   0.50 sec =  683.5964 Mbps     0 retrans
[2024-11-04T10:36:11.197028-0700]    44.8125 MB /   0.50 sec =  751.9538 Mbps     0 retrans
[2024-11-04T10:36:11.697054-0700]    44.4375 MB /   0.50 sec =  745.5032 Mbps     0 retrans
[2024-11-04T10:36:12.197115-0700]    40.3750 MB /   0.50 sec =  677.3693 Mbps     0 retrans
[2024-11-04T10:36:12.697218-0700]    44.6875 MB /   0.50 sec =  749.7393 Mbps     0 retrans
[2024-11-04T10:36:13.197059-0700]    43.7500 MB /   0.50 sec =  734.0179 Mbps     0 retrans
[2024-11-04T10:36:13.697223-0700]    46.0625 MB /   0.50 sec =  772.7835 Mbps     0 retrans
[2024-11-04T10:36:14.197176-0700]    43.0000 MB /   0.50 sec =  721.3135 Mbps     0 retrans
[2024-11-04T10:36:14.697106-0700]    47.4375 MB /   0.50 sec =  795.9743 Mbps     0 retrans
[2024-11-04T10:36:15.197158-0700]    22.1875 MB /   0.50 sec =  372.2140 Mbps     0 retrans
[2024-11-04T10:36:15.697095-0700]    35.0000 MB /   0.50 sec =  587.2495 Mbps     0 retrans
[2024-11-04T10:36:16.197030-0700]    39.4375 MB /   0.50 sec =  661.6938 Mbps     0 retrans
[2024-11-04T10:36:16.697124-0700]    39.3750 MB /   0.50 sec =  660.5632 Mbps     0 retrans
[2024-11-04T10:36:17.197053-0700]    38.5000 MB /   0.50 sec =  645.9474 Mbps     0 retrans
[2024-11-04T10:36:17.697166-0700]    39.3125 MB /   0.50 sec =  659.4699 Mbps     0 retrans
[2024-11-04T10:36:18.197052-0700]    40.3750 MB /   0.50 sec =  677.4451 Mbps     0 retrans
[2024-11-04T10:36:18.697274-0700]    42.8125 MB /   0.50 sec =  718.2760 Mbps     0 retrans
[2024-11-04T10:36:19.197093-0700]    43.6250 MB /   0.50 sec =  731.9031 Mbps     0 retrans
[2024-11-04T10:36:19.697086-0700]    39.4375 MB /   0.50 sec =  661.6581 Mbps     0 retrans
[2024-11-04T10:36:20.197098-0700]    39.6875 MB /   0.50 sec =  665.8271 Mbps     0 retrans
[2024-11-04T10:36:20.697048-0700]    40.0000 MB /   0.50 sec =  671.1249 Mbps     0 retrans
[2024-11-04T10:36:21.197308-0700]    39.6875 MB /   0.50 sec =  665.8165 Mbps     0 retrans
[2024-11-04T10:36:21.697118-0700]    39.0000 MB /   0.50 sec =  654.3088 Mbps     0 retrans
[2024-11-04T10:36:22.197022-0700]    39.8750 MB /   0.50 sec =  669.0463 Mbps     0 retrans
[2024-11-04T10:36:22.697116-0700]    36.3750 MB /   0.50 sec =  610.2285 Mbps     0 retrans
[2024-11-04T10:36:23.197089-0700]    34.7500 MB /   0.50 sec =  583.0129 Mbps     0 retrans
[2024-11-04T10:36:23.697091-0700]    36.7500 MB /   0.50 sec =  616.5652 Mbps     0 retrans
[2024-11-04T10:36:24.197082-0700]    22.8750 MB /   0.50 sec =  383.7681 Mbps     0 retrans
[2024-11-04T10:36:24.697138-0700]    30.6875 MB /   0.50 sec =  514.8560 Mbps     0 retrans
[2024-11-04T10:36:25.197028-0700]    31.6250 MB /   0.50 sec =  530.6049 Mbps     0 retrans
[2024-11-04T10:36:25.697206-0700]    11.8125 MB /   0.50 sec =  198.1492 Mbps     0 retrans
[2024-11-04T10:36:26.197098-0700]    31.5000 MB /   0.50 sec =  528.5447 Mbps     0 retrans
[2024-11-04T10:36:26.697135-0700]    35.0000 MB /   0.50 sec =  587.2096 Mbps     0 retrans
[2024-11-04T10:36:27.197037-0700]    31.3750 MB /   0.50 sec =  526.4073 Mbps     0 retrans
[2024-11-04T10:36:27.697127-0700]    30.0000 MB /   0.50 sec =  503.2732 Mbps     0 retrans
[2024-11-04T10:36:28.197153-0700]    24.6875 MB /   0.50 sec =  414.1602 Mbps     0 retrans
[2024-11-04T10:36:28.697251-0700]    27.4375 MB /   0.50 sec =  460.2816 Mbps     0 retrans
[2024-11-04T10:36:29.197113-0700]    23.0000 MB /   0.50 sec =  385.9493 Mbps     0 retrans
[2024-11-04T10:36:29.697130-0700]    28.8750 MB /   0.50 sec =  484.4392 Mbps     0 retrans
[2024-11-04T10:36:30.197124-0700]    19.6250 MB /   0.50 sec =  329.2568 Mbps     0 retrans
[2024-11-04T10:36:30.697241-0700]    21.3125 MB /   0.50 sec =  357.5680 Mbps     0 retrans
[2024-11-04T10:36:31.197147-0700]    37.0625 MB /   0.50 sec =  621.7484 Mbps     0 retrans
[2024-11-04T10:36:31.697225-0700]    19.6250 MB /   0.50 sec =  329.2114 Mbps     0 retrans
[2024-11-04T10:36:32.197092-0700]    33.4375 MB /   0.50 sec =  561.0835 Mbps     0 retrans
[2024-11-04T10:36:32.697246-0700]    26.3750 MB /   0.50 sec =  442.5194 Mbps     0 retrans
[2024-11-04T10:36:33.197104-0700]    26.2500 MB /   0.50 sec =  440.4072 Mbps     0 retrans
[2024-11-04T10:36:33.697100-0700]    25.5000 MB /   0.50 sec =  427.8105 Mbps     0 retrans
[2024-11-04T10:36:34.197170-0700]    28.0000 MB /   0.50 sec =  469.7094 Mbps     0 retrans
[2024-11-04T10:36:34.697080-0700]    26.0000 MB /   0.50 sec =  436.2425 Mbps     0 retrans
[2024-11-04T10:36:35.197144-0700]    25.3750 MB /   0.50 sec =  425.7057 Mbps     0 retrans
[2024-11-04T10:36:35.697114-0700]    26.2500 MB /   0.50 sec =  440.4283 Mbps     0 retrans
[2024-11-04T10:36:36.197061-0700]     9.7500 MB /   0.50 sec =  163.5837 Mbps     0 retrans
[2024-11-04T10:36:36.697123-0700]    26.1875 MB /   0.50 sec =  439.3419 Mbps     0 retrans
[2024-11-04T10:36:37.197079-0700]    26.6250 MB /   0.50 sec =  446.6996 Mbps     0 retrans
[2024-11-04T10:36:37.697122-0700]    25.9375 MB /   0.50 sec =  435.1355 Mbps     0 retrans
[2024-11-04T10:36:38.197026-0700]    26.2500 MB /   0.50 sec =  440.4416 Mbps     0 retrans
[2024-11-04T10:36:38.697111-0700]    25.5000 MB /   0.50 sec =  427.7874 Mbps     0 retrans
[2024-11-04T10:36:39.197093-0700]    24.5000 MB /   0.50 sec =  411.0517 Mbps     0 retrans
[2024-11-04T10:36:39.697127-0700]    23.0000 MB /   0.50 sec =  385.8698 Mbps     0 retrans
[2024-11-04T10:36:40.197040-0700]    24.0000 MB /   0.50 sec =  402.6806 Mbps     0 retrans
[2024-11-04T10:36:40.697372-0700]    24.8750 MB /   0.50 sec =  417.3040 Mbps     0 retrans
[2024-11-04T10:36:41.197029-0700]    22.6875 MB /   0.50 sec =  380.6628 Mbps     0 retrans
[2024-11-04T10:36:41.697152-0700]    22.8125 MB /   0.50 sec =  382.6981 Mbps     0 retrans
[2024-11-04T10:36:42.197097-0700]    22.6875 MB /   0.50 sec =  380.6399 Mbps     0 retrans
[2024-11-04T10:36:42.697092-0700]    20.4375 MB /   0.50 sec =  342.8912 Mbps     0 retrans
[2024-11-04T10:36:43.197118-0700]    21.5000 MB /   0.50 sec =  360.7073 Mbps     0 retrans
[2024-11-04T10:36:43.697035-0700]    21.6875 MB /   0.50 sec =  363.8712 Mbps     0 retrans
[2024-11-04T10:36:44.197123-0700]    24.1250 MB /   0.50 sec =  404.7285 Mbps     0 retrans
[2024-11-04T10:36:44.697164-0700]    22.3750 MB /   0.50 sec =  375.3774 Mbps     0 retrans
[2024-11-04T10:36:45.197086-0700]    16.8750 MB /   0.50 sec =  283.1285 Mbps     0 retrans
[2024-11-04T10:36:45.697127-0700]    20.3750 MB /   0.50 sec =  341.8317 Mbps     0 retrans
[2024-11-04T10:36:46.197171-0700]    21.3125 MB /   0.50 sec =  357.5208 Mbps     0 retrans
[2024-11-04T10:36:46.697273-0700]    12.7500 MB /   0.50 sec =  213.9390 Mbps     0 retrans
[2024-11-04T10:36:47.197269-0700]    24.8750 MB /   0.50 sec =  417.3266 Mbps     0 retrans
[2024-11-04T10:36:47.697115-0700]    23.5000 MB /   0.50 sec =  394.2472 Mbps     0 retrans
[2024-11-04T10:36:48.197160-0700]    23.8125 MB /   0.50 sec =  399.5322 Mbps     0 retrans
[2024-11-04T10:36:48.697059-0700]    21.4375 MB /   0.50 sec =  359.6731 Mbps     0 retrans
[2024-11-04T10:36:49.197018-0700]    16.9375 MB /   0.50 sec =  284.1703 Mbps     0 retrans
[2024-11-04T10:36:49.697140-0700]    15.1875 MB /   0.50 sec =  254.7663 Mbps     0 retrans
[2024-11-04T10:36:50.197132-0700]    20.6875 MB /   0.50 sec =  347.0967 Mbps     0 retrans
[2024-11-04T10:36:50.697089-0700]    18.2500 MB /   0.50 sec =  306.1958 Mbps     0 retrans
[2024-11-04T10:36:51.197146-0700]    19.7500 MB /   0.50 sec =  331.3096 Mbps     0 retrans
[2024-11-04T10:36:51.697138-0700]    18.8125 MB /   0.50 sec =  315.6466 Mbps     0 retrans
[2024-11-04T10:36:52.197113-0700]    20.1875 MB /   0.50 sec =  338.6941 Mbps     0 retrans
[2024-11-04T10:36:52.697099-0700]    16.8750 MB /   0.50 sec =  283.1189 Mbps     0 retrans
[2024-11-04T10:36:53.197151-0700]    13.9375 MB /   0.50 sec =  233.8418 Mbps     0 retrans
[2024-11-04T10:36:53.697057-0700]     9.6250 MB /   0.50 sec =  161.4778 Mbps     0 retrans
[2024-11-04T10:36:54.197076-0700]    18.6875 MB /   0.50 sec =  313.5305 Mbps     0 retrans
[2024-11-04T10:36:54.697118-0700]    18.8125 MB /   0.50 sec =  315.6094 Mbps     0 retrans
[2024-11-04T10:36:55.197040-0700]    16.8125 MB /   0.50 sec =  282.0816 Mbps     0 retrans
[2024-11-04T10:36:55.697314-0700]    11.6875 MB /   0.50 sec =  196.0480 Mbps     0 retrans
[2024-11-04T10:36:56.197057-0700]    17.6250 MB /   0.50 sec =  295.7398 Mbps     0 retrans
[2024-11-04T10:36:56.697050-0700]    17.6875 MB /   0.50 sec =  296.7535 Mbps     0 retrans
[2024-11-04T10:36:57.197223-0700]    12.8125 MB /   0.50 sec =  214.9344 Mbps     0 retrans
[2024-11-04T10:36:57.697218-0700]     8.1250 MB /   0.50 sec =  136.3263 Mbps     0 retrans
[2024-11-04T10:36:58.197095-0700]    15.6875 MB /   0.50 sec =  263.1915 Mbps     0 retrans
[2024-11-04T10:36:58.697105-0700]    19.8750 MB /   0.50 sec =  333.4405 Mbps     0 retrans
[2024-11-04T10:36:59.197184-0700]    16.7500 MB /   0.50 sec =  280.9841 Mbps     0 retrans
[2024-11-04T10:36:59.697086-0700]     8.1250 MB /   0.50 sec =  136.3372 Mbps     0 retrans
[2024-11-04T10:37:00.197027-0700]    15.2500 MB /   0.50 sec =  255.8612 Mbps     0 retrans
[2024-11-04T10:37:00.697125-0700]    15.7500 MB /   0.50 sec =  264.2205 Mbps     0 retrans
[2024-11-04T10:37:01.197086-0700]    17.5625 MB /   0.50 sec =  294.6599 Mbps     0 retrans
[2024-11-04T10:37:01.697161-0700]    14.3125 MB /   0.50 sec =  240.1105 Mbps     0 retrans
[2024-11-04T10:37:02.197109-0700]    15.1875 MB /   0.50 sec =  254.8182 Mbps     0 retrans
[2024-11-04T10:37:02.697146-0700]     8.5000 MB /   0.50 sec =  142.5986 Mbps     0 retrans
[2024-11-04T10:37:03.197144-0700]    16.1250 MB /   0.50 sec =  270.5023 Mbps     0 retrans
[2024-11-04T10:37:03.697165-0700]    19.0625 MB /   0.50 sec =  319.8560 Mbps     0 retrans
[2024-11-04T10:37:04.197085-0700]    20.3750 MB /   0.50 sec =  341.8310 Mbps     0 retrans
[2024-11-04T10:37:04.697203-0700]    22.8125 MB /   0.50 sec =  382.6836 Mbps     0 retrans
[2024-11-04T10:37:05.197026-0700]    13.9375 MB /   0.50 sec =  233.8872 Mbps     0 retrans
[2024-11-04T10:37:05.697264-0700]    12.2500 MB /   0.50 sec =  205.4539 Mbps     0 retrans
[2024-11-04T10:37:06.197169-0700]    13.0625 MB /   0.50 sec =  219.2063 Mbps     0 retrans
[2024-11-04T10:37:06.697030-0700]    16.1875 MB /   0.50 sec =  271.6018 Mbps     0 retrans
[2024-11-04T10:37:07.197067-0700]    16.8125 MB /   0.50 sec =  282.0455 Mbps     0 retrans
[2024-11-04T10:37:07.697230-0700]    12.3750 MB /   0.50 sec =  207.5794 Mbps     0 retrans
[2024-11-04T10:37:08.197097-0700]    20.1250 MB /   0.50 sec =  337.7110 Mbps     0 retrans
[2024-11-04T10:37:08.697143-0700]    25.1875 MB /   0.50 sec =  422.5601 Mbps     0 retrans
[2024-11-04T10:37:09.197106-0700]    24.6875 MB /   0.50 sec =  414.2281 Mbps     0 retrans
[2024-11-04T10:37:09.697167-0700]    25.6250 MB /   0.50 sec =  429.8861 Mbps     0 retrans
[2024-11-04T10:37:10.197096-0700]    18.5000 MB /   0.50 sec =  310.3735 Mbps     0 retrans
[2024-11-04T10:37:10.697184-0700]     9.5000 MB /   0.50 sec =  159.3657 Mbps     0 retrans
[2024-11-04T10:37:11.197167-0700]    13.3125 MB /   0.50 sec =  223.3489 Mbps     0 retrans
[2024-11-04T10:37:11.697154-0700]    11.2500 MB /   0.50 sec =  188.7433 Mbps     0 retrans
[2024-11-04T10:37:12.197196-0700]    16.1875 MB /   0.50 sec =  271.6181 Mbps     0 retrans
[2024-11-04T10:37:12.697152-0700]    19.8125 MB /   0.50 sec =  332.3840 Mbps     0 retrans
[2024-11-04T10:37:13.197098-0700]    21.1875 MB /   0.50 sec =  355.4779 Mbps     0 retrans
[2024-11-04T10:37:13.697219-0700]    23.0625 MB /   0.50 sec =  386.8541 Mbps     0 retrans
[2024-11-04T10:37:14.197176-0700]    21.9375 MB /   0.50 sec =  368.0958 Mbps     0 retrans
[2024-11-04T10:37:14.697177-0700]    16.6250 MB /   0.50 sec =  278.9151 Mbps     0 retrans
[2024-11-04T10:37:15.197127-0700]    13.8125 MB /   0.50 sec =  231.7515 Mbps     0 retrans
[2024-11-04T10:37:15.697123-0700]    15.4375 MB /   0.50 sec =  258.9895 Mbps     0 retrans
[2024-11-04T10:37:16.197089-0700]    13.4375 MB /   0.50 sec =  225.4551 Mbps     0 retrans
[2024-11-04T10:37:16.697105-0700]    12.3125 MB /   0.50 sec =  206.5691 Mbps     0 retrans
[2024-11-04T10:37:17.197255-0700]     9.3125 MB /   0.50 sec =  156.2300 Mbps     0 retrans
[2024-11-04T10:37:17.697155-0700]    11.6250 MB /   0.50 sec =  195.0363 Mbps     0 retrans
[2024-11-04T10:37:18.197212-0700]    15.6250 MB /   0.50 sec =  262.1000 Mbps     0 retrans
[2024-11-04T10:37:18.697119-0700]    19.5000 MB /   0.50 sec =  327.2225 Mbps     0 retrans
[2024-11-04T10:37:19.197159-0700]     9.7500 MB /   0.50 sec =  163.5644 Mbps     0 retrans
[2024-11-04T10:37:19.697367-0700]    18.3750 MB /   0.50 sec =  308.1766 Mbps     0 retrans
[2024-11-04T10:37:20.197099-0700]    25.3125 MB /   0.50 sec =  424.8560 Mbps     0 retrans
[2024-11-04T10:37:20.697029-0700]    26.3750 MB /   0.50 sec =  442.5265 Mbps     0 retrans
[2024-11-04T10:37:21.197043-0700]    17.8125 MB /   0.50 sec =  298.8412 Mbps     0 retrans
End time: 1730741841504
