Start time: 1745175451907
Connecting to host 34.86.116.81, port 5207
Reverse mode, remote host 34.86.116.81 is sending
[  5] local 192.0.0.2 port 54698 connected to 34.86.116.81 port 5207
[ ID] Interval           Transfer     Bitrate
[  5]   0.00-0.10   sec  24.0 KBytes  1.96 Mbits/sec                  
[  5]   0.10-0.20   sec  7.99 KBytes   654 Kbits/sec                  
[  5]   0.20-0.30   sec  46.6 KBytes  3.82 Mbits/sec                  
[  5]   0.30-0.40   sec  54.6 KBytes  4.48 Mbits/sec                  
[  5]   0.40-0.50   sec   115 KBytes  9.38 Mbits/sec                  
[  5]   0.50-0.60   sec   144 KBytes  11.8 Mbits/sec                  
[  5]   0.60-0.70   sec   229 KBytes  18.7 Mbits/sec                  
[  5]   0.70-0.80   sec   225 KBytes  18.4 Mbits/sec                  
[  5]   0.80-0.90   sec  86.6 KBytes  7.09 Mbits/sec                  
[  5]   0.90-1.00   sec   244 KBytes  20.0 Mbits/sec                  
[  5]   1.00-1.10   sec  0.00 Bytes  0.00 bits/sec                  
[  5]   1.10-1.20   sec  0.00 Bytes  0.00 bits/sec                  
[  5]   1.20-1.30   sec  0.00 Bytes  0.00 bits/sec                  
[  5]   1.30-1.40   sec  0.00 Bytes  0.00 bits/sec                  
[  5]   1.40-1.50   sec  0.00 Bytes  0.00 bits/sec                  
[  5]   1.50-1.60   sec   543 KBytes  44.6 Mbits/sec                  
[  5]   1.60-1.70   sec   116 KBytes  9.49 Mbits/sec                  
[  5]   1.70-1.80   sec   378 KBytes  31.0 Mbits/sec                  
[  5]   1.80-1.90   sec   174 KBytes  14.3 Mbits/sec                  
[  5]   1.90-2.00   sec  97.2 KBytes  7.96 Mbits/sec                  
[  5]   2.00-2.10   sec  0.00 Bytes  0.00 bits/sec                  
[  5]   2.10-2.20   sec  0.00 Bytes  0.00 bits/sec                  
[  5]   2.20-2.30   sec  0.00 Bytes  0.00 bits/sec                  
[  5]   2.30-2.40   sec  0.00 Bytes  0.00 bits/sec                  
[  5]   2.40-2.50   sec  0.00 Bytes  0.00 bits/sec                  
[  5]   2.50-2.60   sec   466 KBytes  38.2 Mbits/sec                  
[  5]   2.60-2.70   sec  0.00 Bytes  0.00 bits/sec                  
[  5]   2.70-2.80   sec  0.00 Bytes  0.00 bits/sec                  
[  5]   2.80-2.90   sec  0.00 Bytes  0.00 bits/sec                  
[  5]   2.90-3.00   sec  0.00 Bytes  0.00 bits/sec                  
[  5]   3.00-3.10   sec  0.00 Bytes  0.00 bits/sec                  
[  5]   3.10-3.20   sec  0.00 Bytes  0.00 bits/sec                  
[  5]   3.20-3.30   sec  0.00 Bytes  0.00 bits/sec                  
[  5]   3.30-3.40   sec  0.00 Bytes  0.00 bits/sec                  
[  5]   3.40-3.50   sec  0.00 Bytes  0.00 bits/sec                  
[  5]   3.50-3.60   sec  0.00 Bytes  0.00 bits/sec                  
[  5]   3.60-3.70   sec  0.00 Bytes  0.00 bits/sec                  
[  5]   3.70-3.80   sec  0.00 Bytes  0.00 bits/sec                  
[  5]   3.80-3.90   sec  0.00 Bytes  0.00 bits/sec                  
[  5]   3.90-4.00   sec   244 KBytes  20.0 Mbits/sec                  
[  5]   4.00-4.10   sec  0.00 Bytes  0.00 bits/sec                  
[  5]   4.10-4.20   sec  0.00 Bytes  0.00 bits/sec                  
[  5]   4.20-4.30   sec  0.00 Bytes  0.00 bits/sec                  
[  5]   4.30-4.40   sec  0.00 Bytes  0.00 bits/sec                  
[  5]   4.40-4.50   sec  1.21 MBytes   102 Mbits/sec                  
[  5]   4.50-4.60   sec   332 KBytes  27.2 Mbits/sec                  
[  5]   4.60-4.70   sec   144 KBytes  11.8 Mbits/sec                  
[  5]   4.70-4.80   sec  86.6 KBytes  7.09 Mbits/sec                  
[  5]   4.80-4.90   sec  0.00 Bytes  0.00 bits/sec                  
[  5]   4.90-5.00   sec  0.00 Bytes  0.00 bits/sec                  
- - - - - - - - - - - - - - - - - - - - - - - - -
[ ID] Interval           Transfer     Bitrate         Retr
[  5]   0.00-5.04   sec   281 MBytes   468 Mbits/sec  137             sender
[  5]   0.00-5.00   sec  4.88 MBytes  8.19 Mbits/sec                  receiver

iperf Done.
End time: 1745175458540
