Start time: 1730671293558
[2024-11-03T15:01:38.648436-0700] traceroute to 54.176.53.206 (54.176.53.206), 30 hops max, 60 byte packets
[2024-11-03T15:01:38.649195-0700]  1  * * *
[2024-11-03T15:01:38.649256-0700]  2  * * *
[2024-11-03T15:01:38.649304-0700]  3  * * *
[2024-11-03T15:01:38.649349-0700]  4  * * *
[2024-11-03T15:01:38.649390-0700]  5  * * *
[2024-11-03T15:01:43.653788-0700]  6  * * *
[2024-11-03T15:01:43.654343-0700]  7  * * *
[2024-11-03T15:01:43.654492-0700]  8  * * *
[2024-11-03T15:01:43.666369-0700]  9  * * *
[2024-11-03T15:01:43.666531-0700] 10  * * *
[2024-11-03T15:01:48.661709-0700] 11  * * *
[2024-11-03T15:01:48.662190-0700] 12  * * *
[2024-11-03T15:01:48.665890-0700] 13  * * *
[2024-11-03T15:01:48.669022-0700] 14  * * *
[2024-11-03T15:01:48.671964-0700] 15  * * *
[2024-11-03T15:01:53.669073-0700] 16  * * *
[2024-11-03T15:01:53.669438-0700] 17  * * *
[2024-11-03T15:01:53.669547-0700] 18  * * *
[2024-11-03T15:01:53.678496-0700] 19  * * *
[2024-11-03T15:01:53.678864-0700] 20  * * *
[2024-11-03T15:01:53.679007-0700] 21  * * *
[2024-11-03T15:01:58.673718-0700] 22  * * *
[2024-11-03T15:01:58.675838-0700] 23  * * *
[2024-11-03T15:01:58.679011-0700] 24  * * *
[2024-11-03T15:01:58.682853-0700] 25  * * *
[2024-11-03T15:01:58.684936-0700] 26  * * *
[2024-11-03T15:02:03.636841-0700] 27  * *End time: 1730671323719
