Start time: 1730932429273
[2024-11-06T17:33:50.251070-0500] nuttcp-r: v8.1.4: socket
[2024-11-06T17:33:50.252035-0500] nuttcp-r: buflen=65536, nstream=1, port=5379 tcp
[2024-11-06T17:33:50.252134-0500] nuttcp-r: interval reporting every 0.50 seconds
[2024-11-06T17:33:50.252203-0500] nuttcp-r: connect to 54.197.223.49 with RTT=83.433 ms af=inet
[2024-11-06T17:33:50.252272-0500] nuttcp-r: send window size = 2097152, receive window size = 6291456
[2024-11-06T17:33:50.252335-0500] nuttcp-r: available send window = 1572864, available receive window = 4718592
[2024-11-06T17:33:50.252395-0500]     0.2500 MB /   0.50 sec =    4.1933 Mbps     0 retrans     13 KB-cwnd
[2024-11-06T17:33:50.751540-0500]     4.1875 MB /   0.50 sec =   70.2604 Mbps     0 retrans     13 KB-cwnd
[2024-11-06T17:33:51.250879-0500]    14.1875 MB /   0.50 sec =  238.0334 Mbps     0 retrans     13 KB-cwnd
[2024-11-06T17:33:51.751225-0500]    19.8125 MB /   0.50 sec =  332.3467 Mbps     0 retrans     13 KB-cwnd
[2024-11-06T17:33:52.251076-0500]    21.3125 MB /   0.50 sec =  357.6317 Mbps     0 retrans     13 KB-cwnd
[2024-11-06T17:33:52.750985-0500]    17.3125 MB /   0.50 sec =  290.3824 Mbps     0 retrans     13 KB-cwnd
[2024-11-06T17:33:53.250955-0500]     2.6250 MB /   0.50 sec =   44.0390 Mbps     0 retrans     13 KB-cwnd
[2024-11-06T17:33:53.750796-0500]    12.6250 MB /   0.50 sec =  211.8615 Mbps     0 retrans     13 KB-cwnd
[2024-11-06T17:33:54.250920-0500]     6.7500 MB /   0.50 sec =  113.2249 Mbps     0 retrans     13 KB-cwnd
[2024-11-06T17:33:54.750817-0500]    14.1875 MB /   0.50 sec =  238.0748 Mbps     0 retrans     13 KB-cwnd
[2024-11-06T17:33:55.251015-0500]     6.8125 MB /   0.50 sec =  114.3026 Mbps     0 retrans     13 KB-cwnd
[2024-11-06T17:33:55.751707-0500]     3.0625 MB /   0.50 sec =   51.2886 Mbps     0 retrans     13 KB-cwnd
[2024-11-06T17:33:56.251979-0500]    10.7500 MB /   0.50 sec =  180.2610 Mbps     0 retrans     13 KB-cwnd
[2024-11-06T17:33:56.751051-0500]     5.3750 MB /   0.50 sec =   90.3876 Mbps     0 retrans     13 KB-cwnd
[2024-11-06T17:33:57.252223-0500]     0.0000 MB /   0.50 sec =    0.0000 Mbps     0 retrans     13 KB-cwnd
[2024-11-06T17:33:57.750702-0500]    16.4375 MB /   0.50 sec =  276.4517 Mbps     0 retrans     13 KB-cwnd
[2024-11-06T17:33:58.250860-0500]    10.6250 MB /   0.50 sec =  178.2330 Mbps     0 retrans     13 KB-cwnd
[2024-11-06T17:33:58.750767-0500]    11.7500 MB /   0.50 sec =  197.1563 Mbps     0 retrans     13 KB-cwnd
[2024-11-06T17:33:59.250806-0500]    13.9375 MB /   0.50 sec =  233.8268 Mbps     0 retrans     13 KB-cwnd
[2024-11-06T17:33:59.750917-0500]    14.3750 MB /   0.50 sec =  241.1252 Mbps     0 retrans     13 KB-cwnd
[2024-11-06T17:34:00.250836-0500]    12.0625 MB /   0.50 sec =  202.4027 Mbps     0 retrans     13 KB-cwnd
[2024-11-06T17:34:00.752115-0500]     4.4375 MB /   0.50 sec =   74.2874 Mbps     0 retrans     13 KB-cwnd
[2024-11-06T17:34:01.250782-0500]    10.9375 MB /   0.50 sec =  183.9131 Mbps     0 retrans     13 KB-cwnd
[2024-11-06T17:34:01.751980-0500]    14.2500 MB /   0.50 sec =  238.5396 Mbps     0 retrans     13 KB-cwnd
[2024-11-06T17:34:02.250760-0500]    17.0625 MB /   0.50 sec =  286.9102 Mbps     0 retrans     15 KB-cwnd
[2024-11-06T17:34:02.750807-0500]    17.0625 MB /   0.50 sec =  286.2618 Mbps     0 retrans     25 KB-cwnd
[2024-11-06T17:34:03.251948-0500]     0.8750 MB /   0.50 sec =   14.6471 Mbps     0 retrans     26 KB-cwnd
[2024-11-06T17:34:03.750793-0500]     8.8750 MB /   0.50 sec =  149.2264 Mbps     0 retrans     26 KB-cwnd
[2024-11-06T17:34:04.251200-0500]     6.7500 MB /   0.50 sec =  113.1874 Mbps     0 retrans     26 KB-cwnd
[2024-11-06T17:34:04.750995-0500]     0.0000 MB /   0.50 sec =    0.0000 Mbps     0 retrans     26 KB-cwnd
[2024-11-06T17:34:05.251337-0500]    23.8125 MB /   0.50 sec =  399.5994 Mbps     0 retrans     26 KB-cwnd
[2024-11-06T17:34:05.751417-0500]    22.5000 MB /   0.50 sec =  377.2052 Mbps     0 retrans     26 KB-cwnd
[2024-11-06T17:34:06.250788-0500]    23.4375 MB /   0.50 sec =  393.5159 Mbps     0 retrans     26 KB-cwnd
[2024-11-06T17:34:06.751838-0500]    28.3125 MB /   0.50 sec =  474.0606 Mbps     0 retrans     26 KB-cwnd
[2024-11-06T17:34:07.250808-0500]    22.3125 MB /   0.50 sec =  375.0993 Mbps  3163 retrans   7533 KB-cwnd
[2024-11-06T17:34:07.750765-0500]    13.6875 MB /   0.50 sec =  229.6469 Mbps     0 retrans   7533 KB-cwnd
[2024-11-06T17:34:08.250808-0500]    34.0000 MB /   0.50 sec =  570.4082 Mbps     0 retrans   7533 KB-cwnd
[2024-11-06T17:34:08.751936-0500]    23.6875 MB /   0.50 sec =  396.5403 Mbps  6464 retrans  12036 KB-cwnd
[2024-11-06T17:34:09.250699-0500]     2.6875 MB /   0.50 sec =   45.1911 Mbps     0 retrans  12036 KB-cwnd
[2024-11-06T17:34:09.751038-0500]    26.5625 MB /   0.50 sec =  445.6056 Mbps     0 retrans  12036 KB-cwnd
[2024-11-06T17:34:10.252294-0500]     4.6875 MB /   0.50 sec =   78.4178 Mbps     0 retrans  12036 KB-cwnd
[2024-11-06T17:34:10.751028-0500]     0.0000 MB /   0.50 sec =    0.0000 Mbps     0 retrans  12036 KB-cwnd
[2024-11-06T17:34:11.251052-0500]     4.5000 MB /   0.50 sec =   75.4981 Mbps     0 retrans  12281 KB-cwnd
[2024-11-06T17:34:11.750984-0500]    16.9375 MB /   0.50 sec =  284.2295 Mbps     0 retrans  12611 KB-cwnd
[2024-11-06T17:34:12.250925-0500]    21.0625 MB /   0.50 sec =  353.3574 Mbps  1079 retrans  13080 KB-cwnd
[2024-11-06T17:34:12.750809-0500]    24.9375 MB /   0.50 sec =  418.4605 Mbps     0 retrans  13080 KB-cwnd
[2024-11-06T17:34:13.250790-0500]    26.3125 MB /   0.50 sec =  441.4443 Mbps  2303 retrans  10658 KB-cwnd
[2024-11-06T17:34:13.751007-0500]     5.6875 MB /   0.50 sec =   95.3933 Mbps     0 retrans  10792 KB-cwnd
[2024-11-06T17:34:14.250847-0500]    26.6875 MB /   0.50 sec =  447.8333 Mbps     0 retrans  11538 KB-cwnd
[2024-11-06T17:34:14.750834-0500]    26.8750 MB /   0.50 sec =  450.9337 Mbps  7898 retrans  11649 KB-cwnd
[2024-11-06T17:34:15.250712-0500]    34.2500 MB /   0.50 sec =  574.6610 Mbps     0 retrans  13570 KB-cwnd
[2024-11-06T17:34:15.750802-0500]     3.4375 MB /   0.50 sec =   57.6680 Mbps     0 retrans  13570 KB-cwnd
[2024-11-06T17:34:16.250778-0500]    13.9375 MB /   0.50 sec =  233.8343 Mbps     0 retrans  13570 KB-cwnd
[2024-11-06T17:34:16.751016-0500]    21.1250 MB /   0.50 sec =  354.4102 Mbps     0 retrans  11524 KB-cwnd
[2024-11-06T17:34:17.250911-0500]     6.9375 MB /   0.50 sec =  116.3836 Mbps     0 retrans  11524 KB-cwnd
[2024-11-06T17:34:17.751290-0500]    12.0000 MB /   0.50 sec =  201.3161 Mbps     0 retrans  11524 KB-cwnd
[2024-11-06T17:34:18.250781-0500]    26.0000 MB /   0.50 sec =  436.2748 Mbps     0 retrans  11524 KB-cwnd
[2024-11-06T17:34:18.752022-0500]    17.4375 MB /   0.50 sec =  291.9711 Mbps   882 retrans  12683 KB-cwnd
[2024-11-06T17:34:19.252486-0500]    12.0000 MB /   0.50 sec =  201.2574 Mbps     0 retrans  12683 KB-cwnd
[2024-11-06T17:34:19.750779-0500]    28.5000 MB /   0.50 sec =  479.2318 Mbps     0 retrans  12523 KB-cwnd
[2024-11-06T17:34:20.250971-0500]    24.1250 MB /   0.50 sec =  404.5950 Mbps   303 retrans  15297 KB-cwnd
[2024-11-06T17:34:20.752517-0500]    24.6250 MB /   0.50 sec =  411.9780 Mbps     0 retrans  15297 KB-cwnd
[2024-11-06T17:34:21.250879-0500]    18.0625 MB /   0.50 sec =  304.0406 Mbps  5406 retrans  14908 KB-cwnd
[2024-11-06T17:34:21.750757-0500]    18.6250 MB /   0.50 sec =  312.4731 Mbps     0 retrans  14908 KB-cwnd
[2024-11-06T17:34:22.250806-0500]    18.2500 MB /   0.50 sec =  306.1732 Mbps     0 retrans  14908 KB-cwnd
[2024-11-06T17:34:22.750761-0500]    35.0625 MB /   0.50 sec =  588.2723 Mbps   150 retrans  14122 KB-cwnd
[2024-11-06T17:34:23.250850-0500]    27.5625 MB /   0.50 sec =  462.3573 Mbps     0 retrans  14122 KB-cwnd
[2024-11-06T17:34:23.750831-0500]     6.6875 MB /   0.50 sec =  112.2064 Mbps     0 retrans  14122 KB-cwnd
[2024-11-06T17:34:24.250780-0500]    22.4375 MB /   0.50 sec =  376.4508 Mbps   218 retrans  14553 KB-cwnd
[2024-11-06T17:34:24.750728-0500]    25.4375 MB /   0.50 sec =  426.7901 Mbps     0 retrans  14553 KB-cwnd
[2024-11-06T17:34:25.250729-0500]    18.3125 MB /   0.50 sec =  307.2328 Mbps     0 retrans  14553 KB-cwnd
[2024-11-06T17:34:25.751194-0500]     7.7500 MB /   0.50 sec =  129.9153 Mbps     0 retrans  14553 KB-cwnd
[2024-11-06T17:34:26.250867-0500]    23.2500 MB /   0.50 sec =  390.2685 Mbps     0 retrans  15757 KB-cwnd
[2024-11-06T17:34:26.751240-0500]    19.2500 MB /   0.50 sec =  322.7807 Mbps     0 retrans  15757 KB-cwnd
[2024-11-06T17:34:27.251085-0500]    23.2500 MB /   0.50 sec =  390.3060 Mbps   993 retrans  13040 KB-cwnd
[2024-11-06T17:34:27.750818-0500]    36.1875 MB /   0.50 sec =  607.2542 Mbps     0 retrans  13040 KB-cwnd
[2024-11-06T17:34:28.250857-0500]    18.3750 MB /   0.50 sec =  308.2684 Mbps     0 retrans  13040 KB-cwnd
[2024-11-06T17:34:28.750739-0500]     0.0000 MB /   0.50 sec =    0.0000 Mbps     0 retrans  13040 KB-cwnd
[2024-11-06T17:34:29.251299-0500]     0.0000 MB /   0.50 sec =    0.0000 Mbps     0 retrans  13040 KB-cwnd
[2024-11-06T17:34:29.750823-0500]    18.6875 MB /   0.50 sec =  313.6735 Mbps   373 retrans  11958 KB-cwnd
[2024-11-06T17:34:30.250883-0500]    20.7500 MB /   0.50 sec =  348.0785 Mbps     0 retrans  11958 KB-cwnd
[2024-11-06T17:34:30.751027-0500]     6.0625 MB /   0.50 sec =  101.6700 Mbps     0 retrans  11958 KB-cwnd
[2024-11-06T17:34:31.251080-0500]    14.6875 MB /   0.50 sec =  246.5026 Mbps     0 retrans  11958 KB-cwnd
[2024-11-06T17:34:31.750836-0500]    30.8125 MB /   0.50 sec =  517.0390 Mbps   830 retrans  13962 KB-cwnd
[2024-11-06T17:34:32.250836-0500]    24.5625 MB /   0.50 sec =  412.0895 Mbps     0 retrans  13962 KB-cwnd
[2024-11-06T17:34:32.751024-0500]    15.2500 MB /   0.50 sec =  255.7579 Mbps  4911 retrans  20129 KB-cwnd
[2024-11-06T17:34:33.250801-0500]    23.6250 MB /   0.50 sec =  396.5140 Mbps     0 retrans  20129 KB-cwnd
[2024-11-06T17:34:33.752047-0500]     1.1250 MB /   0.50 sec =   18.8301 Mbps     0 retrans  20129 KB-cwnd
[2024-11-06T17:34:34.250795-0500]     8.6250 MB /   0.50 sec =  145.0467 Mbps     0 retrans  20129 KB-cwnd
[2024-11-06T17:34:34.751128-0500]     0.6875 MB /   0.50 sec =   11.5283 Mbps     0 retrans  20129 KB-cwnd
[2024-11-06T17:34:35.250802-0500]    23.7500 MB /   0.50 sec =  398.6670 Mbps     0 retrans  20129 KB-cwnd
[2024-11-06T17:34:35.751929-0500]     9.7500 MB /   0.50 sec =  163.2175 Mbps  1625 retrans  11717 KB-cwnd
[2024-11-06T17:34:36.250959-0500]    13.0625 MB /   0.50 sec =  219.6127 Mbps     0 retrans  11717 KB-cwnd
[2024-11-06T17:34:36.750799-0500]    23.4375 MB /   0.50 sec =  393.2640 Mbps     0 retrans  11717 KB-cwnd
[2024-11-06T17:34:37.250959-0500]    19.7500 MB /   0.50 sec =  331.3540 Mbps   668 retrans  12824 KB-cwnd
[2024-11-06T17:34:37.752489-0500]    15.3750 MB /   0.50 sec =  257.1238 Mbps     0 retrans  12824 KB-cwnd
[2024-11-06T17:34:38.251022-0500]    18.0000 MB /   0.50 sec =  302.8397 Mbps     0 retrans  12824 KB-cwnd
[2024-11-06T17:34:38.752275-0500]     0.0000 MB /   0.50 sec =    0.0000 Mbps     0 retrans  12824 KB-cwnd
[2024-11-06T17:34:39.250762-0500]     3.8125 MB /   0.50 sec =   64.1213 Mbps     0 retrans  12824 KB-cwnd
[2024-11-06T17:34:39.751174-0500]    26.2500 MB /   0.50 sec =  440.0481 Mbps  5857 retrans  12100 KB-cwnd
[2024-11-06T17:34:40.250796-0500]    29.3750 MB /   0.50 sec =  493.2243 Mbps     0 retrans  12100 KB-cwnd
[2024-11-06T17:34:40.750834-0500]    30.5625 MB /   0.50 sec =  512.7270 Mbps  2268 retrans  11895 KB-cwnd
[2024-11-06T17:34:41.250953-0500]    34.2500 MB /   0.50 sec =  574.4783 Mbps     0 retrans  11895 KB-cwnd
[2024-11-06T17:34:41.751323-0500]    30.0000 MB /   0.50 sec =  503.4655 Mbps  2952 retrans  12672 KB-cwnd
[2024-11-06T17:34:42.251140-0500]     9.5625 MB /   0.50 sec =  160.3417 Mbps     0 retrans  12672 KB-cwnd
[2024-11-06T17:34:42.752175-0500]    11.8750 MB /   0.50 sec =  199.0201 Mbps     0 retrans  12672 KB-cwnd
[2024-11-06T17:34:43.252601-0500]    15.0000 MB /   0.50 sec =  251.2743 Mbps     0 retrans  12672 KB-cwnd
[2024-11-06T17:34:43.750826-0500]    23.3750 MB /   0.50 sec =  393.3711 Mbps     0 retrans  12406 KB-cwnd
[2024-11-06T17:34:44.250795-0500]    28.1875 MB /   0.50 sec =  472.9484 Mbps     0 retrans  12406 KB-cwnd
[2024-11-06T17:34:44.752030-0500]    12.0000 MB /   0.50 sec =  200.8542 Mbps     0 retrans  12406 KB-cwnd
[2024-11-06T17:34:45.251032-0500]    14.0625 MB /   0.50 sec =  236.4868 Mbps     0 retrans  15472 KB-cwnd
[2024-11-06T17:34:45.751231-0500]    31.4375 MB /   0.50 sec =  526.9826 Mbps     0 retrans  15472 KB-cwnd
[2024-11-06T17:34:46.250800-0500]    18.3125 MB /   0.50 sec =  307.4941 Mbps     0 retrans  15472 KB-cwnd
[2024-11-06T17:34:46.750989-0500]    23.8125 MB /   0.50 sec =  399.3733 Mbps  1609 retrans  14271 KB-cwnd
[2024-11-06T17:34:47.251040-0500]     0.0000 MB /   0.50 sec =    0.0000 Mbps     0 retrans  14271 KB-cwnd
[2024-11-06T17:34:47.750794-0500]    19.4375 MB /   0.50 sec =  326.2468 Mbps     0 retrans  14271 KB-cwnd
[2024-11-06T17:34:48.251440-0500]     0.3125 MB /   0.50 sec =    5.2390 Mbps     0 retrans  14271 KB-cwnd
[2024-11-06T17:34:48.751183-0500]    23.5625 MB /   0.50 sec =  395.3068 Mbps  2265 retrans  14359 KB-cwnd
[2024-11-06T17:34:49.251190-0500]     0.1875 MB /   0.50 sec =    3.1470 Mbps     0 retrans  14359 KB-cwnd
[2024-11-06T17:34:49.750921-0500]    21.3750 MB /   0.50 sec =  358.6618 Mbps     0 retrans  14359 KB-cwnd
[2024-11-06T17:34:50.251037-0500]    15.5625 MB /   0.50 sec =  261.1095 Mbps     0 retrans  14359 KB-cwnd
[2024-11-06T17:34:50.751165-0500]     0.0000 MB /   0.50 sec =    0.0000 Mbps     0 retrans  14359 KB-cwnd
[2024-11-06T17:34:51.250826-0500]    12.3750 MB /   0.50 sec =  207.7227 Mbps     0 retrans  14359 KB-cwnd
[2024-11-06T17:34:51.751044-0500]     1.1250 MB /   0.50 sec =   18.8712 Mbps     0 retrans  14359 KB-cwnd
[2024-11-06T17:34:52.250951-0500]     1.0000 MB /   0.50 sec =   16.7764 Mbps     0 retrans  14359 KB-cwnd
[2024-11-06T17:34:52.750798-0500]    13.8750 MB /   0.50 sec =  232.8374 Mbps     0 retrans  14647 KB-cwnd
[2024-11-06T17:34:53.251898-0500]     0.0000 MB /   0.50 sec =    0.0000 Mbps     0 retrans  14647 KB-cwnd
[2024-11-06T17:34:53.751926-0500]     0.0000 MB /   0.50 sec =    0.0000 Mbps     0 retrans  14647 KB-cwnd
[2024-11-06T17:34:54.250818-0500]    16.1875 MB /   0.50 sec =  272.0938 Mbps     0 retrans  14647 KB-cwnd
[2024-11-06T17:34:54.751026-0500]    12.1875 MB /   0.50 sec =  204.4474 Mbps     0 retrans  14647 KB-cwnd
[2024-11-06T17:34:55.251384-0500]    12.3750 MB /   0.50 sec =  207.6446 Mbps     0 retrans  14647 KB-cwnd
[2024-11-06T17:34:55.751578-0500]    13.1250 MB /   0.50 sec =  220.0373 Mbps  5416 retrans   8421 KB-cwnd
[2024-11-06T17:34:56.250800-0500]    11.9375 MB /   0.50 sec =  200.4267 Mbps     0 retrans   8421 KB-cwnd
[2024-11-06T17:34:56.752053-0500]    10.9375 MB /   0.50 sec =  183.1009 Mbps     0 retrans   8421 KB-cwnd
[2024-11-06T17:34:57.250982-0500]     0.0000 MB /   0.50 sec =    0.0000 Mbps     0 retrans   8421 KB-cwnd
[2024-11-06T17:34:57.751065-0500]     8.6875 MB /   0.50 sec =  145.7357 Mbps     0 retrans   8438 KB-cwnd
[2024-11-06T17:34:58.251912-0500]     3.3750 MB /   0.50 sec =   56.5257 Mbps     0 retrans   8438 KB-cwnd
[2024-11-06T17:34:58.750817-0500]    14.5000 MB /   0.50 sec =  243.7957 Mbps     0 retrans   8509 KB-cwnd
[2024-11-06T17:34:59.250770-0500]    13.7500 MB /   0.50 sec =  230.6946 Mbps     0 retrans   8509 KB-cwnd
[2024-11-06T17:34:59.750822-0500]     9.3125 MB /   0.50 sec =  156.2319 Mbps  4740 retrans   9731 KB-cwnd
[2024-11-06T17:35:00.251176-0500]     0.0000 MB /   0.50 sec =    0.0000 Mbps     0 retrans   9731 KB-cwnd
[2024-11-06T17:35:00.750786-0500]    13.7500 MB /   0.50 sec =  230.7573 Mbps     0 retrans   9731 KB-cwnd
[2024-11-06T17:35:01.251004-0500]     5.5000 MB /   0.50 sec =   92.2448 Mbps     0 retrans   9731 KB-cwnd
[2024-11-06T17:35:01.750764-0500]     5.8750 MB /   0.50 sec =   98.5989 Mbps     0 retrans   9731 KB-cwnd
[2024-11-06T17:35:02.251031-0500]     0.2500 MB /   0.50 sec =    4.1919 Mbps     0 retrans   9731 KB-cwnd
[2024-11-06T17:35:02.750955-0500]     5.8125 MB /   0.50 sec =   97.5418 Mbps     0 retrans   9731 KB-cwnd
[2024-11-06T17:35:03.252047-0500]     9.1250 MB /   0.50 sec =  152.7731 Mbps     0 retrans   9731 KB-cwnd
[2024-11-06T17:35:03.750974-0500]     9.1250 MB /   0.50 sec =  153.4607 Mbps     0 retrans   9731 KB-cwnd
[2024-11-06T17:35:04.250970-0500]     7.7500 MB /   0.50 sec =  129.9852 Mbps     0 retrans   5402 KB-cwnd
[2024-11-06T17:35:04.750860-0500]     0.1250 MB /   0.50 sec =    2.0979 Mbps     0 retrans   5402 KB-cwnd
[2024-11-06T17:35:05.251189-0500]    12.1250 MB /   0.50 sec =  203.2510 Mbps     0 retrans   5365 KB-cwnd
[2024-11-06T17:35:05.750825-0500]    12.3750 MB /   0.50 sec =  207.7739 Mbps     0 retrans   5365 KB-cwnd
[2024-11-06T17:35:06.251942-0500]     8.0000 MB /   0.50 sec =  133.9346 Mbps     0 retrans   5365 KB-cwnd
[2024-11-06T17:35:06.750833-0500]     8.6250 MB /   0.50 sec =  145.0153 Mbps     0 retrans   5365 KB-cwnd
[2024-11-06T17:35:07.250769-0500]     4.0625 MB /   0.50 sec =   68.1599 Mbps     0 retrans   5365 KB-cwnd
[2024-11-06T17:35:07.751492-0500]     0.2500 MB /   0.50 sec =    4.1890 Mbps     0 retrans   5365 KB-cwnd
[2024-11-06T17:35:08.250816-0500]     5.5625 MB /   0.50 sec =   93.4376 Mbps     0 retrans   5365 KB-cwnd
[2024-11-06T17:35:08.751028-0500]     1.8125 MB /   0.50 sec =   30.3978 Mbps     0 retrans   5365 KB-cwnd
[2024-11-06T17:35:09.251933-0500]     1.6875 MB /   0.50 sec =   28.2606 Mbps     0 retrans   5365 KB-cwnd
[2024-11-06T17:35:09.750995-0500]     7.5000 MB /   0.50 sec =  126.1033 Mbps  2358 retrans   6489 KB-cwnd
[2024-11-06T17:35:10.251314-0500]    10.8750 MB /   0.50 sec =  182.2791 Mbps     0 retrans   6489 KB-cwnd
[2024-11-06T17:35:10.750778-0500]     9.8750 MB /   0.50 sec =  165.8382 Mbps     0 retrans   6489 KB-cwnd
[2024-11-06T17:35:11.252082-0500]     1.5625 MB /   0.50 sec =   26.1504 Mbps     0 retrans   6489 KB-cwnd
[2024-11-06T17:35:11.751189-0500]     1.2500 MB /   0.50 sec =   21.0112 Mbps     0 retrans   6489 KB-cwnd
[2024-11-06T17:35:12.251012-0500]     0.0000 MB /   0.50 sec =    0.0000 Mbps     0 retrans   6489 KB-cwnd
[2024-11-06T17:35:12.750780-0500]     5.6250 MB /   0.50 sec =   94.3641 Mbps     0 retrans   6489 KB-cwnd
[2024-11-06T17:35:13.251155-0500]     5.3750 MB /   0.50 sec =   90.1705 Mbps     0 retrans   6489 KB-cwnd
[2024-11-06T17:35:13.750835-0500]     0.7500 MB /   0.50 sec =   12.5852 Mbps     0 retrans   6489 KB-cwnd
[2024-11-06T17:35:14.250865-0500]     0.0000 MB /   0.50 sec =    0.0000 Mbps     0 retrans   6489 KB-cwnd
[2024-11-06T17:35:14.751269-0500]    10.8750 MB /   0.50 sec =  182.3049 Mbps     0 retrans   6489 KB-cwnd
[2024-11-06T17:35:15.250994-0500]     0.0000 MB /   0.50 sec =    0.0000 Mbps     0 retrans   6489 KB-cwnd
[2024-11-06T17:35:15.751062-0500]     7.3125 MB /   0.50 sec =  122.7109 Mbps  5488 retrans   4022 KB-cwnd
[2024-11-06T17:35:16.250891-0500]     7.4375 MB /   0.50 sec =  124.7803 Mbps     0 retrans   4022 KB-cwnd
[2024-11-06T17:35:16.750902-0500]     7.6250 MB /   0.50 sec =  127.9278 Mbps     0 retrans   4022 KB-cwnd
[2024-11-06T17:35:17.250704-0500]     4.5625 MB /   0.50 sec =   76.5566 Mbps     0 retrans   4022 KB-cwnd
[2024-11-06T17:35:17.750965-0500]     2.0625 MB /   0.50 sec =   34.5974 Mbps     0 retrans   4022 KB-cwnd
[2024-11-06T17:35:18.250925-0500]     3.1875 MB /   0.50 sec =   53.4815 Mbps     0 retrans   4022 KB-cwnd
[2024-11-06T17:35:18.751351-0500]     3.3750 MB /   0.50 sec =   56.6223 Mbps     0 retrans   4022 KB-cwnd
[2024-11-06T17:35:19.251351-0500]     4.5625 MB /   0.50 sec =   76.5402 Mbps     0 retrans   4022 KB-cwnd
[2024-11-06T17:35:19.750930-0500]     9.1250 MB /   0.50 sec =  153.1065 Mbps     0 retrans   4022 KB-cwnd
[2024-11-06T17:35:20.250810-0500]     8.1250 MB /   0.50 sec =  136.3081 Mbps     0 retrans   4022 KB-cwnd
[2024-11-06T17:35:20.750732-0500]     6.8750 MB /   0.50 sec =  115.3537 Mbps     0 retrans   4022 KB-cwnd
[2024-11-06T17:35:21.250917-0500]     0.1250 MB /   0.50 sec =    2.0971 Mbps     0 retrans   4022 KB-cwnd
[2024-11-06T17:35:21.751025-0500]     6.0625 MB /   0.50 sec =  101.6970 Mbps  4349 retrans   6018 KB-cwnd
[2024-11-06T17:35:22.250796-0500]    11.8750 MB /   0.50 sec =  199.2545 Mbps     0 retrans   6018 KB-cwnd
[2024-11-06T17:35:22.750724-0500]     4.5000 MB /   0.50 sec =   75.5028 Mbps     0 retrans   6018 KB-cwnd
[2024-11-06T17:35:23.250705-0500]     5.1250 MB /   0.50 sec =   85.9844 Mbps     0 retrans   6018 KB-cwnd
[2024-11-06T17:35:23.750946-0500]     0.0000 MB /   0.50 sec =    0.0000 Mbps     0 retrans   6018 KB-cwnd
[2024-11-06T17:35:24.250913-0500]     7.4375 MB /   0.50 sec =  124.7833 Mbps     0 retrans   6018 KB-cwnd
[2024-11-06T17:35:24.751407-0500]     0.0000 MB /   0.50 sec =    0.0000 Mbps     0 retrans   6018 KB-cwnd
[2024-11-06T17:35:25.250940-0500]     0.0000 MB /   0.50 sec =    0.0000 Mbps     0 retrans   6018 KB-cwnd
[2024-11-06T17:35:25.751386-0500]     4.0000 MB /   0.50 sec =   67.1087 Mbps     0 retrans   6018 KB-cwnd
[2024-11-06T17:35:26.250872-0500]     0.0000 MB /   0.50 sec =    0.0000 Mbps     0 retrans   6018 KB-cwnd
[2024-11-06T17:35:26.750715-0500]     6.3125 MB /   0.50 sec =  105.9066 Mbps     0 retrans   6018 KB-cwnd
[2024-11-06T17:35:27.250756-0500]     2.4375 MB /   0.50 sec =   40.8929 Mbps     0 retrans   6018 KB-cwnd
[2024-11-06T17:35:27.750790-0500]     1.8125 MB /   0.50 sec =   30.4093 Mbps     0 retrans   6018 KB-cwnd
[2024-11-06T17:35:28.250723-0500]     7.4375 MB /   0.50 sec =  124.7843 Mbps     0 retrans   6018 KB-cwnd
[2024-11-06T17:35:28.750943-0500]     2.5000 MB /   0.50 sec =   41.9373 Mbps     0 retrans   6018 KB-cwnd
[2024-11-06T17:35:29.251089-0500]     5.6875 MB /   0.50 sec =   95.4149 Mbps     0 retrans   6018 KB-cwnd
[2024-11-06T17:35:29.750823-0500]     5.1875 MB /   0.50 sec =   87.0438 Mbps  5907 retrans   3809 KB-cwnd
[2024-11-06T17:35:30.250813-0500]     6.0000 MB /   0.50 sec =  100.6635 Mbps     0 retrans   3809 KB-cwnd
[2024-11-06T17:35:30.750815-0500]     7.0625 MB /   0.50 sec =  118.4846 Mbps     0 retrans   3809 KB-cwnd
[2024-11-06T17:35:31.251301-0500]     8.5625 MB /   0.50 sec =  143.5975 Mbps     0 retrans   3809 KB-cwnd
[2024-11-06T17:35:31.750780-0500]    10.8750 MB /   0.50 sec =  182.5464 Mbps     0 retrans   3809 KB-cwnd
[2024-11-06T17:35:32.250808-0500]    11.5000 MB /   0.50 sec =  192.9276 Mbps     0 retrans   3809 KB-cwnd
[2024-11-06T17:35:32.750720-0500]    11.3125 MB /   0.50 sec =  189.7949 Mbps     0 retrans   3809 KB-cwnd
[2024-11-06T17:35:33.250878-0500]    11.2500 MB /   0.50 sec =  188.7173 Mbps  3918 retrans   4209 KB-cwnd
[2024-11-06T17:35:33.750895-0500]     2.0625 MB /   0.50 sec =   34.6088 Mbps     0 retrans   4209 KB-cwnd
[2024-11-06T17:35:34.250768-0500]    19.5000 MB /   0.50 sec =  327.1583 Mbps     0 retrans   4230 KB-cwnd
[2024-11-06T17:35:34.750951-0500]    10.5625 MB /   0.50 sec =  177.1852 Mbps     0 retrans   4243 KB-cwnd
[2024-11-06T17:35:35.250802-0500]     4.8125 MB /   0.50 sec =   80.7504 Mbps     0 retrans   4243 KB-cwnd
[2024-11-06T17:35:35.750828-0500]     5.4375 MB /   0.50 sec =   91.2203 Mbps     0 retrans   4299 KB-cwnd
[2024-11-06T17:35:36.250711-0500]     0.5625 MB /   0.50 sec =    9.4378 Mbps     0 retrans   4299 KB-cwnd
[2024-11-06T17:35:36.750916-0500]     7.5625 MB /   0.50 sec =  126.8637 Mbps     0 retrans   4299 KB-cwnd
[2024-11-06T17:35:37.250737-0500]     5.9375 MB /   0.50 sec =   99.6189 Mbps  5377 retrans   2818 KB-cwnd
[2024-11-06T17:35:37.750775-0500]    15.6250 MB /   0.50 sec =  262.1566 Mbps     0 retrans   2818 KB-cwnd
[2024-11-06T17:35:38.250816-0500]    19.3750 MB /   0.50 sec =  325.0456 Mbps     0 retrans   2818 KB-cwnd
[2024-11-06T17:35:38.750822-0500]     5.7500 MB /   0.50 sec =   96.4752 Mbps     0 retrans   2818 KB-cwnd
[2024-11-06T17:35:39.250781-0500]    13.8750 MB /   0.50 sec =  232.7806 Mbps     0 retrans   6377 KB-cwnd
[2024-11-06T17:35:39.750815-0500]    10.1250 MB /   0.50 sec =  169.8598 Mbps     0 retrans   6377 KB-cwnd
[2024-11-06T17:35:40.250764-0500]    15.1875 MB /   0.50 sec =  254.8177 Mbps     0 retrans   6377 KB-cwnd
[2024-11-06T17:35:40.750801-0500]     9.1875 MB /   0.50 sec =  154.1256 Mbps     0 retrans   6377 KB-cwnd
[2024-11-06T17:35:41.250934-0500]     0.0000 MB /   0.50 sec =    0.0000 Mbps     0 retrans   6377 KB-cwnd
[2024-11-06T17:35:41.750733-0500]     2.2500 MB /   0.50 sec =   37.7509 Mbps     0 retrans   6377 KB-cwnd
[2024-11-06T17:35:42.250714-0500]    11.9375 MB /   0.50 sec =  200.2852 Mbps     0 retrans   6377 KB-cwnd
[2024-11-06T17:35:42.750791-0500]     4.1250 MB /   0.50 sec =   69.2014 Mbps     0 retrans   6377 KB-cwnd
[2024-11-06T17:35:43.250806-0500]    12.0000 MB /   0.50 sec =  201.3230 Mbps  3194 retrans   4064 KB-cwnd
[2024-11-06T17:35:43.750810-0500]    18.5000 MB /   0.50 sec =  310.3866 Mbps     0 retrans   4080 KB-cwnd
[2024-11-06T17:35:44.250785-0500]    14.3125 MB /   0.50 sec =  240.1306 Mbps     0 retrans   4080 KB-cwnd
[2024-11-06T17:35:44.750722-0500]     1.0625 MB /   0.50 sec =   17.8260 Mbps     0 retrans   4080 KB-cwnd
[2024-11-06T17:35:45.250805-0500]     2.1250 MB /   0.50 sec =   35.6492 Mbps     0 retrans   4080 KB-cwnd
[2024-11-06T17:35:45.750710-0500]    24.4375 MB /   0.50 sec =  410.0268 Mbps     0 retrans   8562 KB-cwnd
[2024-11-06T17:35:46.250814-0500]     4.7500 MB /   0.50 sec =   79.6892 Mbps     0 retrans   8562 KB-cwnd
[2024-11-06T17:35:46.750937-0500]     0.0000 MB /   0.50 sec =    0.0000 Mbps     0 retrans   8562 KB-cwnd
[2024-11-06T17:35:47.250694-0500]    15.7500 MB /   0.50 sec =  264.2649 Mbps     0 retrans   8562 KB-cwnd
[2024-11-06T17:35:47.750849-0500]     2.1875 MB /   0.50 sec =   36.6929 Mbps     0 retrans   8562 KB-cwnd
[2024-11-06T17:35:48.250780-0500]    12.3750 MB /   0.50 sec =  207.6450 Mbps     0 retrans   8562 KB-cwnd
[2024-11-06T17:35:48.750823-0500]     0.0000 MB /   0.50 sec =    0.0000 Mbps     0 retrans   8562 KB-cwnd
[2024-11-06T17:35:49.250891-0500]     0.0000 MB /   0.50 sec =    0.0000 Mbps     0 retrans   8562 KB-cwnd
[2024-11-06T17:35:49.750747-0500]    18.3750 MB /   0.50 sec =  308.2918 Mbps     0 retrans   8562 KB-cwnd
[2024-11-06T17:35:50.250813-0500]     4.1875 MB /   0.50 sec =   70.2494 Mbps  8157 retrans   9081 KB-cwnd
End time: 1730932550380
