Start time: 1730762636444
[2024-11-04T17:24:01.530518-0600] traceroute to 54.176.53.206 (54.176.53.206), 30 hops max, 60 byte packets
[2024-11-04T17:24:01.531339-0600]  1  * * *
[2024-11-04T17:24:01.531394-0600]  2  * * *
[2024-11-04T17:24:01.531426-0600]  3  * * *
[2024-11-04T17:24:01.531457-0600]  4  * * *
[2024-11-04T17:24:01.531485-0600]  5  * * *
[2024-11-04T17:24:06.538455-0600]  6  * * *
[2024-11-04T17:24:06.538840-0600]  7  * * *
[2024-11-04T17:24:06.538915-0600]  8  * * *
[2024-11-04T17:24:06.547114-0600]  9  * * *
[2024-11-04T17:24:06.547200-0600] 10  * * *
[2024-11-04T17:24:11.547093-0600] 11  * * *
[2024-11-04T17:24:11.547562-0600] 12  * * *
[2024-11-04T17:24:11.547707-0600] 13  * * *
[2024-11-04T17:24:11.553423-0600] 14  * * *
[2024-11-04T17:24:11.553487-0600] 15  * * *
[2024-11-04T17:24:16.555711-0600] 16  * * *
[2024-11-04T17:24:16.556176-0600] 17  * * *
[2024-11-04T17:24:16.556352-0600] 18  * * *
[2024-11-04T17:24:16.556449-0600] 19  * * *
[2024-11-04T17:24:16.567862-0600] 20  * * *
[2024-11-04T17:24:16.568117-0600] 21  * * *
[2024-11-04T17:24:21.564159-0600] 22  * * *
[2024-11-04T17:24:21.564830-0600] 23  * * *
[2024-11-04T17:24:21.575248-0600] 24  * * *
[2024-11-04T17:24:21.575583-0600] 25  * * *
[2024-11-04T17:24:21.575717-0600] 26  * * *
[2024-11-04T17:24:26.516634-0600] 27  * *End time: 1730762666576
