Start time: 1730849901053
[2024-11-05T17:38:26.133735-0600] traceroute to 54.197.223.49 (54.197.223.49), 30 hops max, 60 byte packets
[2024-11-05T17:38:26.134513-0600]  1  * * *
[2024-11-05T17:38:26.134569-0600]  2  * * *
[2024-11-05T17:38:26.134603-0600]  3  * * *
[2024-11-05T17:38:26.134634-0600]  4  * * *
[2024-11-05T17:38:26.134664-0600]  5  * * *
[2024-11-05T17:38:31.140621-0600]  6  * * *
[2024-11-05T17:38:31.140875-0600]  7  * * *
[2024-11-05T17:38:31.140933-0600]  8  * * *
[2024-11-05T17:38:31.147469-0600]  9  * * *
[2024-11-05T17:38:31.147511-0600] 10  * * *
[2024-11-05T17:38:36.148343-0600] 11  * * *
[2024-11-05T17:38:36.148619-0600] 12  * * *
[2024-11-05T17:38:36.148736-0600] 13  * * *
[2024-11-05T17:38:36.148786-0600] 14  * * *
[2024-11-05T17:38:36.156134-0600] 15  * * *
[2024-11-05T17:38:41.155580-0600] 16  * * *
[2024-11-05T17:38:41.155891-0600] 17  * * *
[2024-11-05T17:38:41.155970-0600] 18  * * *
[2024-11-05T17:38:41.156065-0600] 19  * * *
[2024-11-05T17:38:41.163686-0600] 20  * * *
[2024-11-05T17:38:41.163865-0600] 21  * * *
[2024-11-05T17:38:46.163003-0600] 22  * * *
[2024-11-05T17:38:46.163946-0600] 23  * * *
[2024-11-05T17:38:46.179020-0600] 24  * * *
[2024-11-05T17:38:46.179240-0600] 25  * * *
[2024-11-05T17:38:46.179316-0600] 26  * * *
[2024-11-05T17:38:51.124851-0600] 27  * *End time: 1730849931181
