Start time: 1731014834594
[2024-11-07T16:27:15.640953-0500] nuttcp-r: v8.1.4: socket
[2024-11-07T16:27:15.641315-0500] nuttcp-r: buflen=65536, nstream=1, port=5379 tcp
[2024-11-07T16:27:15.641348-0500] nuttcp-r: interval reporting every 0.50 seconds
[2024-11-07T16:27:15.641372-0500] nuttcp-r: connect to 54.197.223.49 with RTT=63.046 ms af=inet
[2024-11-07T16:27:15.641395-0500] nuttcp-r: send window size = 2097152, receive window size = 6291456
[2024-11-07T16:27:15.641420-0500] nuttcp-r: available send window = 1572864, available receive window = 4718592
[2024-11-07T16:27:15.641442-0500]     0.5000 MB /   0.50 sec =    8.3850 Mbps     0 retrans     13 KB-cwnd
[2024-11-07T16:27:16.141387-0500]    16.0000 MB /   0.50 sec =  268.2525 Mbps     0 retrans     13 KB-cwnd
[2024-11-07T16:27:16.640947-0500]    23.8125 MB /   0.50 sec =  399.8553 Mbps     0 retrans     13 KB-cwnd
[2024-11-07T16:27:17.141282-0500]    32.6875 MB /   0.50 sec =  548.4261 Mbps     0 retrans     13 KB-cwnd
[2024-11-07T16:27:17.641331-0500]    39.0000 MB /   0.50 sec =  654.2853 Mbps     0 retrans     26 KB-cwnd
[2024-11-07T16:27:18.141036-0500]    37.1250 MB /   0.50 sec =  622.7956 Mbps     0 retrans     26 KB-cwnd
[2024-11-07T16:27:18.641019-0500]    22.7500 MB /   0.50 sec =  381.6702 Mbps     0 retrans     26 KB-cwnd
[2024-11-07T16:27:19.140914-0500]    37.8750 MB /   0.50 sec =  635.5184 Mbps     0 retrans     26 KB-cwnd
[2024-11-07T16:27:19.640862-0500]    35.7500 MB /   0.50 sec =  599.8515 Mbps     0 retrans     29 KB-cwnd
[2024-11-07T16:27:20.141023-0500]    30.2500 MB /   0.50 sec =  507.3799 Mbps     0 retrans     37 KB-cwnd
[2024-11-07T16:27:20.641027-0500]    27.3750 MB /   0.50 sec =  459.2855 Mbps     0 retrans     50 KB-cwnd
[2024-11-07T16:27:21.141135-0500]    24.2500 MB /   0.50 sec =  406.8670 Mbps     0 retrans     50 KB-cwnd
[2024-11-07T16:27:21.641919-0500]    30.4375 MB /   0.50 sec =  509.7247 Mbps     0 retrans     53 KB-cwnd
[2024-11-07T16:27:22.141000-0500]    21.7500 MB /   0.50 sec =  365.6174 Mbps     0 retrans     58 KB-cwnd
[2024-11-07T16:27:22.640899-0500]    35.2500 MB /   0.50 sec =  591.4560 Mbps     0 retrans     63 KB-cwnd
[2024-11-07T16:27:23.141168-0500]    32.7500 MB /   0.50 sec =  549.3714 Mbps     1 retrans  13512 KB-cwnd
[2024-11-07T16:27:23.641282-0500]    31.7500 MB /   0.50 sec =  532.3008 Mbps     0 retrans  13512 KB-cwnd
[2024-11-07T16:27:24.140906-0500]    34.4375 MB /   0.50 sec =  578.2280 Mbps     0 retrans  13512 KB-cwnd
[2024-11-07T16:27:24.640827-0500]    35.4375 MB /   0.50 sec =  594.5866 Mbps     0 retrans  13512 KB-cwnd
[2024-11-07T16:27:25.140900-0500]    32.4375 MB /   0.50 sec =  544.2066 Mbps     6 retrans  12598 KB-cwnd
[2024-11-07T16:27:25.640972-0500]    37.5625 MB /   0.50 sec =  630.1891 Mbps     0 retrans  12577 KB-cwnd
[2024-11-07T16:27:26.140903-0500]    13.5625 MB /   0.50 sec =  227.5287 Mbps     0 retrans  12827 KB-cwnd
[2024-11-07T16:27:26.640879-0500]    34.2500 MB /   0.50 sec =  574.6392 Mbps     0 retrans  12827 KB-cwnd
[2024-11-07T16:27:27.140941-0500]    36.9375 MB /   0.50 sec =  619.7630 Mbps     0 retrans  13181 KB-cwnd
[2024-11-07T16:27:27.641131-0500]    31.7500 MB /   0.50 sec =  532.6361 Mbps     0 retrans  12942 KB-cwnd
[2024-11-07T16:27:28.141102-0500]    22.9375 MB /   0.50 sec =  384.7704 Mbps     0 retrans      5 KB-cwnd
[2024-11-07T16:27:28.640933-0500]    27.1875 MB /   0.50 sec =  456.1570 Mbps     0 retrans  14287 KB-cwnd
[2024-11-07T16:27:29.141890-0500]    20.5000 MB /   0.50 sec =  343.2642 Mbps     0 retrans  14287 KB-cwnd
[2024-11-07T16:27:29.640836-0500]    31.5625 MB /   0.50 sec =  530.6101 Mbps     0 retrans  14649 KB-cwnd
[2024-11-07T16:27:30.141044-0500]    27.6250 MB /   0.50 sec =  463.3390 Mbps     2 retrans  13251 KB-cwnd
[2024-11-07T16:27:30.640846-0500]    17.2500 MB /   0.50 sec =  289.4927 Mbps     0 retrans  13251 KB-cwnd
[2024-11-07T16:27:31.140989-0500]    32.9375 MB /   0.50 sec =  552.4592 Mbps     2 retrans  11399 KB-cwnd
[2024-11-07T16:27:31.640839-0500]    33.3125 MB /   0.50 sec =  559.0330 Mbps     0 retrans  11399 KB-cwnd
[2024-11-07T16:27:32.141131-0500]    39.6250 MB /   0.50 sec =  664.7254 Mbps     0 retrans  11913 KB-cwnd
[2024-11-07T16:27:32.640857-0500]    34.4375 MB /   0.50 sec =  577.8232 Mbps     2 retrans  12617 KB-cwnd
[2024-11-07T16:27:33.140932-0500]    35.6875 MB /   0.50 sec =  598.6339 Mbps     0 retrans  12617 KB-cwnd
[2024-11-07T16:27:33.640861-0500]    36.6875 MB /   0.50 sec =  615.6262 Mbps     0 retrans  12646 KB-cwnd
[2024-11-07T16:27:34.140872-0500]    34.9375 MB /   0.50 sec =  586.1423 Mbps     0 retrans  14697 KB-cwnd
[2024-11-07T16:27:34.640862-0500]    38.1875 MB /   0.50 sec =  640.6851 Mbps     0 retrans  13059 KB-cwnd
[2024-11-07T16:27:35.140922-0500]    35.3125 MB /   0.50 sec =  592.3767 Mbps     0 retrans  13333 KB-cwnd
[2024-11-07T16:27:35.640823-0500]    35.2500 MB /   0.50 sec =  591.4820 Mbps     0 retrans  13741 KB-cwnd
[2024-11-07T16:27:36.140887-0500]    26.6875 MB /   0.50 sec =  447.7142 Mbps     0 retrans  13024 KB-cwnd
[2024-11-07T16:27:36.641216-0500]    20.3125 MB /   0.50 sec =  340.7027 Mbps     0 retrans  13024 KB-cwnd
[2024-11-07T16:27:37.140981-0500]    31.0625 MB /   0.50 sec =  521.1746 Mbps     0 retrans  11873 KB-cwnd
[2024-11-07T16:27:37.641069-0500]    23.0625 MB /   0.50 sec =  386.8766 Mbps     0 retrans  11873 KB-cwnd
[2024-11-07T16:27:38.140905-0500]    37.3125 MB /   0.50 sec =  626.1990 Mbps     1 retrans  12656 KB-cwnd
[2024-11-07T16:27:38.640823-0500]    35.6250 MB /   0.50 sec =  597.7242 Mbps     2 retrans  12060 KB-cwnd
[2024-11-07T16:27:39.140939-0500]    30.3125 MB /   0.50 sec =  508.4658 Mbps     0 retrans  10975 KB-cwnd
[2024-11-07T16:27:39.641040-0500]    15.9375 MB /   0.50 sec =  267.3500 Mbps     1 retrans   9811 KB-cwnd
[2024-11-07T16:27:40.141019-0500]     7.7500 MB /   0.50 sec =  130.0250 Mbps     0 retrans   9811 KB-cwnd
[2024-11-07T16:27:40.640892-0500]    31.9375 MB /   0.50 sec =  535.9520 Mbps     0 retrans   9811 KB-cwnd
[2024-11-07T16:27:41.140861-0500]    28.2500 MB /   0.50 sec =  473.9611 Mbps     0 retrans  12417 KB-cwnd
[2024-11-07T16:27:41.640871-0500]    29.5625 MB /   0.50 sec =  495.9884 Mbps     1 retrans      5 KB-cwnd
[2024-11-07T16:27:42.141085-0500]    30.7500 MB /   0.50 sec =  515.9283 Mbps     0 retrans      5 KB-cwnd
[2024-11-07T16:27:42.640829-0500]    30.0000 MB /   0.50 sec =  503.2984 Mbps     2 retrans   8463 KB-cwnd
[2024-11-07T16:27:43.140960-0500]    30.6250 MB /   0.50 sec =  513.7036 Mbps     0 retrans   8463 KB-cwnd
[2024-11-07T16:27:43.640860-0500]    28.4375 MB /   0.50 sec =  477.1870 Mbps     0 retrans  10653 KB-cwnd
[2024-11-07T16:27:44.140928-0500]    25.8750 MB /   0.50 sec =  434.1417 Mbps     0 retrans  10480 KB-cwnd
[2024-11-07T16:27:44.640848-0500]    28.3750 MB /   0.50 sec =  476.0211 Mbps     0 retrans  10483 KB-cwnd
[2024-11-07T16:27:45.141156-0500]    19.7500 MB /   0.50 sec =  331.2851 Mbps     0 retrans  10637 KB-cwnd
[2024-11-07T16:27:45.641697-0500]    25.3750 MB /   0.50 sec =  425.1267 Mbps     0 retrans  10637 KB-cwnd
[2024-11-07T16:27:46.140889-0500]    29.8125 MB /   0.50 sec =  500.9532 Mbps     1 retrans  10677 KB-cwnd
[2024-11-07T16:27:46.640804-0500]    29.7500 MB /   0.50 sec =  499.1242 Mbps     0 retrans  10677 KB-cwnd
[2024-11-07T16:27:47.141350-0500]    29.5000 MB /   0.50 sec =  494.5125 Mbps     1 retrans  10999 KB-cwnd
[2024-11-07T16:27:47.641001-0500]    23.0000 MB /   0.50 sec =  386.1100 Mbps     0 retrans  10999 KB-cwnd
[2024-11-07T16:27:48.140944-0500]    33.3125 MB /   0.50 sec =  559.0296 Mbps     2 retrans   9910 KB-cwnd
[2024-11-07T16:27:48.641003-0500]    25.7500 MB /   0.50 sec =  431.9269 Mbps     0 retrans   9910 KB-cwnd
[2024-11-07T16:27:49.140939-0500]    30.7500 MB /   0.50 sec =  515.9283 Mbps     0 retrans  10317 KB-cwnd
[2024-11-07T16:27:49.640829-0500]    30.3125 MB /   0.50 sec =  508.5817 Mbps     1 retrans  10275 KB-cwnd
[2024-11-07T16:27:50.141209-0500]     6.0000 MB /   0.50 sec =  100.6023 Mbps     0 retrans  10275 KB-cwnd
[2024-11-07T16:27:50.641024-0500]    31.1250 MB /   0.50 sec =  522.5974 Mbps     0 retrans  10275 KB-cwnd
[2024-11-07T16:27:51.140988-0500]    34.1250 MB /   0.50 sec =  572.3680 Mbps     1 retrans  12217 KB-cwnd
[2024-11-07T16:27:51.640847-0500]    38.4375 MB /   0.50 sec =  645.0123 Mbps     1 retrans  11125 KB-cwnd
[2024-11-07T16:27:52.140890-0500]    40.2500 MB /   0.50 sec =  675.2735 Mbps     0 retrans  13141 KB-cwnd
[2024-11-07T16:27:52.640793-0500]    37.7500 MB /   0.50 sec =  633.3690 Mbps     0 retrans  13141 KB-cwnd
[2024-11-07T16:27:53.140953-0500]    34.5000 MB /   0.50 sec =  578.6809 Mbps     0 retrans  13117 KB-cwnd
[2024-11-07T16:27:53.640864-0500]    26.9375 MB /   0.50 sec =  452.0267 Mbps     0 retrans  14615 KB-cwnd
[2024-11-07T16:27:54.140981-0500]    28.1875 MB /   0.50 sec =  472.8189 Mbps     0 retrans  14615 KB-cwnd
[2024-11-07T16:27:54.640988-0500]    28.6875 MB /   0.50 sec =  481.3927 Mbps     0 retrans  14615 KB-cwnd
[2024-11-07T16:27:55.140991-0500]    25.6875 MB /   0.50 sec =  430.8501 Mbps     0 retrans  14615 KB-cwnd
[2024-11-07T16:27:55.640856-0500]    25.5625 MB /   0.50 sec =  428.9774 Mbps     1 retrans  13187 KB-cwnd
[2024-11-07T16:27:56.141015-0500]    31.1875 MB /   0.50 sec =  523.2635 Mbps     0 retrans  13187 KB-cwnd
[2024-11-07T16:27:56.640898-0500]    32.1250 MB /   0.50 sec =  538.8991 Mbps     1 retrans  13168 KB-cwnd
[2024-11-07T16:27:57.140918-0500]    33.3750 MB /   0.50 sec =  559.9889 Mbps     1 retrans  11927 KB-cwnd
[2024-11-07T16:27:57.640855-0500]    32.5000 MB /   0.50 sec =  545.2584 Mbps     0 retrans  11927 KB-cwnd
[2024-11-07T16:27:58.140857-0500]    31.0000 MB /   0.50 sec =  520.0885 Mbps     0 retrans  11852 KB-cwnd
[2024-11-07T16:27:58.640870-0500]    26.6250 MB /   0.50 sec =  446.6862 Mbps     0 retrans  11279 KB-cwnd
[2024-11-07T16:27:59.140972-0500]    20.0625 MB /   0.50 sec =  336.5390 Mbps     0 retrans  11279 KB-cwnd
[2024-11-07T16:27:59.640798-0500]    31.6250 MB /   0.50 sec =  530.6930 Mbps     0 retrans  11122 KB-cwnd
[2024-11-07T16:28:00.140917-0500]    29.8750 MB /   0.50 sec =  501.1742 Mbps     0 retrans  11122 KB-cwnd
[2024-11-07T16:28:00.640903-0500]    26.6875 MB /   0.50 sec =  447.7393 Mbps     1 retrans  11291 KB-cwnd
[2024-11-07T16:28:01.140965-0500]    27.7500 MB /   0.50 sec =  465.5873 Mbps     0 retrans  11961 KB-cwnd
[2024-11-07T16:28:01.641097-0500]    29.5000 MB /   0.50 sec =  494.7784 Mbps     2 retrans  11972 KB-cwnd
[2024-11-07T16:28:02.141397-0500]    23.3125 MB /   0.50 sec =  390.8578 Mbps     0 retrans  11972 KB-cwnd
[2024-11-07T16:28:02.640883-0500]    34.5625 MB /   0.50 sec =  580.4290 Mbps     1 retrans  11615 KB-cwnd
[2024-11-07T16:28:03.140962-0500]    23.0625 MB /   0.50 sec =  386.8510 Mbps     1 retrans  11396 KB-cwnd
[2024-11-07T16:28:03.640864-0500]    29.3750 MB /   0.50 sec =  492.9155 Mbps     0 retrans  11396 KB-cwnd
[2024-11-07T16:28:04.141053-0500]    25.8750 MB /   0.50 sec =  434.1183 Mbps     1 retrans  11860 KB-cwnd
[2024-11-07T16:28:04.640870-0500]    28.8125 MB /   0.50 sec =  483.3858 Mbps     0 retrans  11860 KB-cwnd
[2024-11-07T16:28:05.140992-0500]    30.8750 MB /   0.50 sec =  517.8795 Mbps     1 retrans  11604 KB-cwnd
[2024-11-07T16:28:05.641128-0500]    30.6875 MB /   0.50 sec =  515.0012 Mbps     0 retrans  11604 KB-cwnd
[2024-11-07T16:28:06.140881-0500]    30.0625 MB /   0.50 sec =  504.3267 Mbps     1 retrans  11226 KB-cwnd
[2024-11-07T16:28:06.641235-0500]    22.0000 MB /   0.50 sec =  369.0154 Mbps     0 retrans  10411 KB-cwnd
[2024-11-07T16:28:07.140777-0500]    32.0625 MB /   0.50 sec =  538.0906 Mbps     0 retrans  10810 KB-cwnd
[2024-11-07T16:28:07.641014-0500]    23.6875 MB /   0.50 sec =  397.2808 Mbps     0 retrans  11093 KB-cwnd
[2024-11-07T16:28:08.140857-0500]    35.8125 MB /   0.50 sec =  600.9987 Mbps     0 retrans  11093 KB-cwnd
[2024-11-07T16:28:08.640851-0500]    30.1875 MB /   0.50 sec =  506.4642 Mbps     1 retrans  11066 KB-cwnd
[2024-11-07T16:28:09.140928-0500]    30.6875 MB /   0.50 sec =  514.7623 Mbps     0 retrans  11066 KB-cwnd
[2024-11-07T16:28:09.640906-0500]    29.8750 MB /   0.50 sec =  501.2775 Mbps     1 retrans  11551 KB-cwnd
[2024-11-07T16:28:10.140923-0500]    26.9375 MB /   0.50 sec =  451.9317 Mbps     0 retrans  10517 KB-cwnd
[2024-11-07T16:28:10.640905-0500]    24.3750 MB /   0.50 sec =  408.9585 Mbps     0 retrans  10517 KB-cwnd
[2024-11-07T16:28:11.140983-0500]    20.1250 MB /   0.50 sec =  337.6475 Mbps     0 retrans  10517 KB-cwnd
[2024-11-07T16:28:11.640947-0500]    34.3125 MB /   0.50 sec =  575.7120 Mbps     0 retrans  11404 KB-cwnd
[2024-11-07T16:28:12.140861-0500]    30.5000 MB /   0.50 sec =  511.6764 Mbps     2 retrans  10280 KB-cwnd
[2024-11-07T16:28:12.641044-0500]    31.0625 MB /   0.50 sec =  521.1652 Mbps     0 retrans  10237 KB-cwnd
[2024-11-07T16:28:13.140947-0500]    29.0625 MB /   0.50 sec =  487.4738 Mbps     1 retrans   9691 KB-cwnd
[2024-11-07T16:28:13.640896-0500]    27.0000 MB /   0.50 sec =  453.0437 Mbps     0 retrans   9169 KB-cwnd
[2024-11-07T16:28:14.140883-0500]    29.2500 MB /   0.50 sec =  490.7463 Mbps     0 retrans   9169 KB-cwnd
[2024-11-07T16:28:14.640869-0500]    30.5000 MB /   0.50 sec =  511.6959 Mbps     0 retrans  10272 KB-cwnd
[2024-11-07T16:28:15.141105-0500]    27.6875 MB /   0.50 sec =  464.4551 Mbps     0 retrans  10272 KB-cwnd
[2024-11-07T16:28:15.640905-0500]    28.8750 MB /   0.50 sec =  484.5196 Mbps     1 retrans  11133 KB-cwnd
[2024-11-07T16:28:16.140867-0500]    26.3125 MB /   0.50 sec =  441.4514 Mbps     0 retrans  11133 KB-cwnd
[2024-11-07T16:28:16.640876-0500]    30.1875 MB /   0.50 sec =  506.4632 Mbps     0 retrans  10954 KB-cwnd
[2024-11-07T16:28:17.141022-0500]    29.7500 MB /   0.50 sec =  499.1122 Mbps     1 retrans  10291 KB-cwnd
[2024-11-07T16:28:17.640911-0500]    27.3750 MB /   0.50 sec =  459.2680 Mbps     0 retrans  10291 KB-cwnd
[2024-11-07T16:28:18.140865-0500]    30.4375 MB /   0.50 sec =  510.6800 Mbps     1 retrans  10730 KB-cwnd
[2024-11-07T16:28:18.640894-0500]    30.6875 MB /   0.50 sec =  514.8518 Mbps     0 retrans  10459 KB-cwnd
[2024-11-07T16:28:19.143442-0500]    32.8750 MB /   0.50 sec =  549.1523 Mbps     0 retrans  10459 KB-cwnd
[2024-11-07T16:28:19.640853-0500]    31.8750 MB /   0.50 sec =  537.1275 Mbps     1 retrans   9806 KB-cwnd
[2024-11-07T16:28:20.140869-0500]    28.6875 MB /   0.50 sec =  481.2829 Mbps     0 retrans   9806 KB-cwnd
[2024-11-07T16:28:20.640903-0500]    32.6875 MB /   0.50 sec =  548.4042 Mbps     0 retrans  10752 KB-cwnd
[2024-11-07T16:28:21.141114-0500]    21.5000 MB /   0.50 sec =  360.5522 Mbps     0 retrans  12134 KB-cwnd
[2024-11-07T16:28:21.640889-0500]    13.7500 MB /   0.50 sec =  230.7883 Mbps     0 retrans  12134 KB-cwnd
[2024-11-07T16:28:22.140950-0500]    31.0000 MB /   0.50 sec =  520.0157 Mbps     0 retrans  12134 KB-cwnd
[2024-11-07T16:28:22.640997-0500]    30.3750 MB /   0.50 sec =  509.5865 Mbps     1 retrans  10333 KB-cwnd
[2024-11-07T16:28:23.141023-0500]    32.6250 MB /   0.50 sec =  547.3435 Mbps     1 retrans      5 KB-cwnd
[2024-11-07T16:28:23.641491-0500]    29.6875 MB /   0.50 sec =  497.6645 Mbps     0 retrans      5 KB-cwnd
[2024-11-07T16:28:24.141589-0500]    27.1875 MB /   0.50 sec =  456.1479 Mbps     0 retrans  12398 KB-cwnd
[2024-11-07T16:28:24.641088-0500]    28.8750 MB /   0.50 sec =  484.7902 Mbps     0 retrans  12398 KB-cwnd
[2024-11-07T16:28:25.141373-0500]    28.1250 MB /   0.50 sec =  471.6111 Mbps     0 retrans  12180 KB-cwnd
[2024-11-07T16:28:25.640940-0500]    26.5625 MB /   0.50 sec =  445.9641 Mbps     0 retrans  12180 KB-cwnd
[2024-11-07T16:28:26.140852-0500]    28.8750 MB /   0.50 sec =  484.4896 Mbps     1 retrans  11194 KB-cwnd
[2024-11-07T16:28:26.640851-0500]    29.3125 MB /   0.50 sec =  491.7861 Mbps     0 retrans  11007 KB-cwnd
[2024-11-07T16:28:27.140987-0500]    29.3125 MB /   0.50 sec =  491.6995 Mbps     0 retrans  11050 KB-cwnd
[2024-11-07T16:28:27.640874-0500]    30.1875 MB /   0.50 sec =  506.5524 Mbps     1 retrans  10432 KB-cwnd
[2024-11-07T16:28:28.141011-0500]    27.8125 MB /   0.50 sec =  466.6051 Mbps     0 retrans  10432 KB-cwnd
[2024-11-07T16:28:28.640866-0500]    28.5000 MB /   0.50 sec =  478.1602 Mbps     1 retrans  10472 KB-cwnd
[2024-11-07T16:28:29.141103-0500]    22.6875 MB /   0.50 sec =  380.4786 Mbps     0 retrans  10472 KB-cwnd
[2024-11-07T16:28:29.640863-0500]    28.4375 MB /   0.50 sec =  477.2882 Mbps     0 retrans  10472 KB-cwnd
[2024-11-07T16:28:30.140877-0500]    29.0625 MB /   0.50 sec =  487.6025 Mbps     0 retrans  10557 KB-cwnd
[2024-11-07T16:28:30.640841-0500]    26.8750 MB /   0.50 sec =  450.8841 Mbps     0 retrans  10557 KB-cwnd
[2024-11-07T16:28:31.140935-0500]    29.5000 MB /   0.50 sec =  494.8586 Mbps     1 retrans  10355 KB-cwnd
[2024-11-07T16:28:31.641892-0500]    31.1250 MB /   0.50 sec =  521.2099 Mbps     0 retrans  10365 KB-cwnd
[2024-11-07T16:28:32.140850-0500]    33.0000 MB /   0.50 sec =  554.7643 Mbps     0 retrans  10682 KB-cwnd
[2024-11-07T16:28:32.640843-0500]    34.6875 MB /   0.50 sec =  581.9678 Mbps     0 retrans  10533 KB-cwnd
[2024-11-07T16:28:33.141025-0500]    31.1875 MB /   0.50 sec =  523.0731 Mbps     0 retrans  10533 KB-cwnd
[2024-11-07T16:28:33.640892-0500]    29.1250 MB /   0.50 sec =  488.7791 Mbps     0 retrans  11708 KB-cwnd
[2024-11-07T16:28:34.140900-0500]    27.8750 MB /   0.50 sec =  467.6462 Mbps     0 retrans  13032 KB-cwnd
[2024-11-07T16:28:34.640850-0500]    10.6875 MB /   0.50 sec =  179.3140 Mbps     0 retrans  13032 KB-cwnd
[2024-11-07T16:28:35.140806-0500]    27.2500 MB /   0.50 sec =  457.1983 Mbps     0 retrans  13221 KB-cwnd
[2024-11-07T16:28:35.641241-0500]    28.4375 MB /   0.50 sec =  476.8989 Mbps     1 retrans  13693 KB-cwnd
[2024-11-07T16:28:36.141135-0500]    27.3125 MB /   0.50 sec =  458.3175 Mbps     0 retrans  13693 KB-cwnd
[2024-11-07T16:28:36.640860-0500]    29.4375 MB /   0.50 sec =  493.9761 Mbps     1 retrans  10848 KB-cwnd
[2024-11-07T16:28:37.140985-0500]    27.0000 MB /   0.50 sec =  453.0138 Mbps     0 retrans  10848 KB-cwnd
[2024-11-07T16:28:37.640965-0500]    23.9375 MB /   0.50 sec =  401.5211 Mbps     0 retrans  10403 KB-cwnd
[2024-11-07T16:28:38.141037-0500]    33.1250 MB /   0.50 sec =  555.8109 Mbps     1 retrans   9761 KB-cwnd
[2024-11-07T16:28:38.640880-0500]    30.0625 MB /   0.50 sec =  504.3772 Mbps     0 retrans   9761 KB-cwnd
[2024-11-07T16:28:39.140939-0500]    23.3750 MB /   0.50 sec =  392.0898 Mbps     0 retrans   9329 KB-cwnd
[2024-11-07T16:28:39.640882-0500]    28.8125 MB /   0.50 sec =  483.4835 Mbps     0 retrans   9329 KB-cwnd
[2024-11-07T16:28:40.140949-0500]    25.0000 MB /   0.50 sec =  419.3994 Mbps     1 retrans   9968 KB-cwnd
[2024-11-07T16:28:40.640887-0500]    23.0000 MB /   0.50 sec =  385.8991 Mbps     0 retrans  10325 KB-cwnd
[2024-11-07T16:28:41.140874-0500]    25.5000 MB /   0.50 sec =  427.7822 Mbps     2 retrans  11958 KB-cwnd
[2024-11-07T16:28:41.640915-0500]    31.6875 MB /   0.50 sec =  531.6440 Mbps     0 retrans  11958 KB-cwnd
[2024-11-07T16:28:42.140907-0500]    29.5000 MB /   0.50 sec =  494.9516 Mbps     1 retrans  11310 KB-cwnd
[2024-11-07T16:28:42.640831-0500]    28.4375 MB /   0.50 sec =  477.1336 Mbps     2 retrans  10701 KB-cwnd
[2024-11-07T16:28:43.140928-0500]    34.0625 MB /   0.50 sec =  571.3768 Mbps     0 retrans  10701 KB-cwnd
[2024-11-07T16:28:43.640964-0500]    34.2500 MB /   0.50 sec =  574.7013 Mbps     0 retrans  10765 KB-cwnd
[2024-11-07T16:28:44.140876-0500]    34.1250 MB /   0.50 sec =  572.5156 Mbps     1 retrans  10829 KB-cwnd
[2024-11-07T16:28:44.642083-0500]    29.3750 MB /   0.50 sec =  492.0523 Mbps     0 retrans  10829 KB-cwnd
[2024-11-07T16:28:45.140973-0500]    30.5625 MB /   0.50 sec =  513.4859 Mbps     0 retrans  13554 KB-cwnd
[2024-11-07T16:28:45.641230-0500]    30.8125 MB /   0.50 sec =  517.0400 Mbps     0 retrans  13362 KB-cwnd
[2024-11-07T16:28:46.141530-0500]    24.1250 MB /   0.50 sec =  404.5869 Mbps     0 retrans  13362 KB-cwnd
[2024-11-07T16:28:46.640786-0500]    23.0000 MB /   0.50 sec =  386.0559 Mbps     0 retrans  13552 KB-cwnd
[2024-11-07T16:28:47.140957-0500]    25.9375 MB /   0.50 sec =  435.0424 Mbps     1 retrans  13549 KB-cwnd
[2024-11-07T16:28:47.641003-0500]    21.2500 MB /   0.50 sec =  356.5679 Mbps     0 retrans  13549 KB-cwnd
[2024-11-07T16:28:48.140868-0500]    31.7500 MB /   0.50 sec =  532.7043 Mbps     0 retrans  11423 KB-cwnd
[2024-11-07T16:28:48.640933-0500]    28.3125 MB /   0.50 sec =  474.9318 Mbps     3 retrans  10267 KB-cwnd
[2024-11-07T16:28:49.141007-0500]    28.1875 MB /   0.50 sec =  472.8766 Mbps     0 retrans  10267 KB-cwnd
[2024-11-07T16:28:49.640890-0500]    27.9375 MB /   0.50 sec =  468.8007 Mbps     1 retrans  10304 KB-cwnd
[2024-11-07T16:28:50.140856-0500]    31.5000 MB /   0.50 sec =  528.4939 Mbps     0 retrans  10304 KB-cwnd
[2024-11-07T16:28:50.640881-0500]    31.9375 MB /   0.50 sec =  535.8116 Mbps     0 retrans  10107 KB-cwnd
[2024-11-07T16:28:51.140960-0500]    31.3125 MB /   0.50 sec =  525.2515 Mbps     1 retrans   9798 KB-cwnd
[2024-11-07T16:28:51.640894-0500]    29.9375 MB /   0.50 sec =  502.3272 Mbps     0 retrans   9798 KB-cwnd
[2024-11-07T16:28:52.140979-0500]    27.6250 MB /   0.50 sec =  463.4168 Mbps     0 retrans  10626 KB-cwnd
[2024-11-07T16:28:52.640931-0500]    20.8750 MB /   0.50 sec =  350.2496 Mbps     0 retrans  10626 KB-cwnd
[2024-11-07T16:28:53.141022-0500]    31.6875 MB /   0.50 sec =  531.5685 Mbps     0 retrans  12305 KB-cwnd
[2024-11-07T16:28:53.640947-0500]    23.5625 MB /   0.50 sec =  395.3693 Mbps     0 retrans  12526 KB-cwnd
[2024-11-07T16:28:54.140894-0500]    24.8750 MB /   0.50 sec =  417.3349 Mbps     0 retrans  12249 KB-cwnd
[2024-11-07T16:28:54.640847-0500]    26.4375 MB /   0.50 sec =  443.5885 Mbps     0 retrans  12249 KB-cwnd
[2024-11-07T16:28:55.140959-0500]    28.8125 MB /   0.50 sec =  483.3056 Mbps     1 retrans  10040 KB-cwnd
[2024-11-07T16:28:55.640947-0500]    27.7500 MB /   0.50 sec =  465.5687 Mbps     2 retrans  10195 KB-cwnd
[2024-11-07T16:28:56.140943-0500]    28.0625 MB /   0.50 sec =  470.8238 Mbps     0 retrans  10251 KB-cwnd
[2024-11-07T16:28:56.640930-0500]    29.1875 MB /   0.50 sec =  489.7722 Mbps     0 retrans  10413 KB-cwnd
[2024-11-07T16:28:57.141068-0500]    21.5000 MB /   0.50 sec =  360.5984 Mbps     0 retrans  10413 KB-cwnd
[2024-11-07T16:28:57.641013-0500]    15.2500 MB /   0.50 sec =  255.8602 Mbps     1 retrans  10176 KB-cwnd
[2024-11-07T16:28:58.140859-0500]    30.3125 MB /   0.50 sec =  508.6835 Mbps     0 retrans  10176 KB-cwnd
[2024-11-07T16:28:58.640977-0500]    26.6875 MB /   0.50 sec =  447.7312 Mbps     0 retrans  10112 KB-cwnd
[2024-11-07T16:28:59.140985-0500]    27.3750 MB /   0.50 sec =  459.1927 Mbps     0 retrans  10112 KB-cwnd
[2024-11-07T16:28:59.640862-0500]    25.7500 MB /   0.50 sec =  432.1023 Mbps     0 retrans  10491 KB-cwnd
[2024-11-07T16:29:00.140893-0500]    28.4375 MB /   0.50 sec =  477.0840 Mbps     0 retrans  10491 KB-cwnd
[2024-11-07T16:29:00.640896-0500]    25.5625 MB /   0.50 sec =  428.8753 Mbps     1 retrans  11149 KB-cwnd
[2024-11-07T16:29:01.140924-0500]    27.2500 MB /   0.50 sec =  457.1252 Mbps     0 retrans  11149 KB-cwnd
[2024-11-07T16:29:01.640999-0500]    21.0000 MB /   0.50 sec =  352.2934 Mbps     1 retrans  10373 KB-cwnd
[2024-11-07T16:29:02.140983-0500]    30.0000 MB /   0.50 sec =  503.4464 Mbps     0 retrans  10373 KB-cwnd
[2024-11-07T16:29:02.641316-0500]    30.1250 MB /   0.50 sec =  504.9410 Mbps     1 retrans  11330 KB-cwnd
[2024-11-07T16:29:03.141031-0500]    30.8750 MB /   0.50 sec =  518.3407 Mbps     2 retrans  10275 KB-cwnd
[2024-11-07T16:29:03.640878-0500]    33.3125 MB /   0.50 sec =  559.0028 Mbps     0 retrans  10275 KB-cwnd
[2024-11-07T16:29:04.140931-0500]    31.2500 MB /   0.50 sec =  524.2324 Mbps     0 retrans  11039 KB-cwnd
[2024-11-07T16:29:04.640849-0500]    31.6875 MB /   0.50 sec =  531.6961 Mbps     0 retrans  11039 KB-cwnd
[2024-11-07T16:29:05.141078-0500]    24.9375 MB /   0.50 sec =  418.3425 Mbps     0 retrans  11223 KB-cwnd
[2024-11-07T16:29:05.641218-0500]    25.8750 MB /   0.50 sec =  434.1122 Mbps     0 retrans  11218 KB-cwnd
[2024-11-07T16:29:06.141296-0500]    22.8750 MB /   0.50 sec =  383.4912 Mbps     0 retrans  11218 KB-cwnd
[2024-11-07T16:29:06.640848-0500]    26.2500 MB /   0.50 sec =  440.7775 Mbps     0 retrans  13043 KB-cwnd
[2024-11-07T16:29:07.141083-0500]    21.6250 MB /   0.50 sec =  362.6717 Mbps     0 retrans  13043 KB-cwnd
[2024-11-07T16:29:07.641069-0500]    32.0625 MB /   0.50 sec =  537.8679 Mbps     4 retrans  12307 KB-cwnd
[2024-11-07T16:29:08.141418-0500]    30.2500 MB /   0.50 sec =  507.2156 Mbps     0 retrans  12307 KB-cwnd
[2024-11-07T16:29:08.640889-0500]    30.4375 MB /   0.50 sec =  511.1871 Mbps     1 retrans  11213 KB-cwnd
[2024-11-07T16:29:09.140866-0500]    28.2500 MB /   0.50 sec =  473.9535 Mbps     0 retrans  11215 KB-cwnd
[2024-11-07T16:29:09.640882-0500]    22.3750 MB /   0.50 sec =  375.3932 Mbps     1 retrans  10211 KB-cwnd
[2024-11-07T16:29:10.140923-0500]    30.8750 MB /   0.50 sec =  517.9323 Mbps     0 retrans  10704 KB-cwnd
[2024-11-07T16:29:10.640939-0500]    31.2500 MB /   0.50 sec =  524.3614 Mbps     0 retrans  10704 KB-cwnd
[2024-11-07T16:29:11.140990-0500]    30.0000 MB /   0.50 sec =  503.2470 Mbps     1 retrans    977 KB-cwnd
[2024-11-07T16:29:11.640954-0500]    26.1250 MB /   0.50 sec =  438.2837 Mbps     1 retrans    977 KB-cwnd
[2024-11-07T16:29:12.140874-0500]    30.7500 MB /   0.50 sec =  515.9531 Mbps     0 retrans  11274 KB-cwnd
[2024-11-07T16:29:12.640899-0500]    28.8125 MB /   0.50 sec =  483.4167 Mbps     0 retrans  11274 KB-cwnd
[2024-11-07T16:29:13.141037-0500]    32.0000 MB /   0.50 sec =  536.9171 Mbps     0 retrans  11612 KB-cwnd
[2024-11-07T16:29:13.640907-0500]    29.8750 MB /   0.50 sec =  501.1642 Mbps     1 retrans  12185 KB-cwnd
[2024-11-07T16:29:14.140890-0500]    28.5000 MB /   0.50 sec =  478.1669 Mbps     0 retrans  12185 KB-cwnd
[2024-11-07T16:29:14.642393-0500]    25.8750 MB /   0.50 sec =  433.1688 Mbps     1 retrans  12363 KB-cwnd
[2024-11-07T16:29:15.142687-0500]    19.7500 MB /   0.50 sec =  331.2189 Mbps     0 retrans  12363 KB-cwnd
[2024-11-07T16:29:15.640886-0500]    22.8750 MB /   0.50 sec =  384.7353 Mbps     1 retrans  11831 KB-cwnd
End time: 1731014955712
