Start time: 1730522291146
[2024-11-01T21:38:16.245506-0700] traceroute to 54.176.53.206 (54.176.53.206), 30 hops max, 60 byte packets
[2024-11-01T21:38:16.246200-0700]  1  * * *
[2024-11-01T21:38:16.246247-0700]  2  * * *
[2024-11-01T21:38:16.246283-0700]  3  * * *
[2024-11-01T21:38:16.246317-0700]  4  * * *
[2024-11-01T21:38:16.246349-0700]  5  * * *
[2024-11-01T21:38:21.253231-0700]  6  * * *
[2024-11-01T21:38:21.253586-0700]  7  * * *
[2024-11-01T21:38:21.253671-0700]  8  * * *
[2024-11-01T21:38:21.253740-0700]  9  * * *
[2024-11-01T21:38:21.253802-0700] 10  * * *
[2024-11-01T21:38:26.261908-0700] 11  * * *
[2024-11-01T21:38:26.262292-0700] 12  * * *
[2024-11-01T21:38:26.262467-0700] 13  * * *
[2024-11-01T21:38:26.262556-0700] 14  * * *
[2024-11-01T21:38:26.272226-0700] 15  * * *
[2024-11-01T21:38:31.270560-0700] 16  * * *
[2024-11-01T21:38:31.270965-0700] 17  * * *
[2024-11-01T21:38:31.271098-0700] 18  * * *
[2024-11-01T21:38:31.279807-0700] 19  * * *
[2024-11-01T21:38:31.279949-0700] 20  * * *
[2024-11-01T21:38:31.280069-0700] 21  * * *
[2024-11-01T21:38:36.279970-0700] 22  * * *
[2024-11-01T21:38:36.280437-0700] 23  * * *
[2024-11-01T21:38:36.289923-0700] 24  * * *
[2024-11-01T21:38:36.290209-0700] 25  * * *
[2024-11-01T21:38:36.290322-0700] 26  * * *
[2024-11-01T21:38:41.236427-0700] 27  * *End time: 1730522321322
