Start time: 1730916433523
[2024-11-06T12:07:14.358477-0600] nuttcp-r: v8.1.4: socket
[2024-11-06T12:07:14.359203-0600] nuttcp-r: buflen=65536, nstream=1, port=5379 tcp
[2024-11-06T12:07:14.359249-0600] nuttcp-r: interval reporting every 0.50 seconds
[2024-11-06T12:07:14.359282-0600] nuttcp-r: connect to 54.197.223.49 with RTT=55.738 ms af=inet
[2024-11-06T12:07:14.359314-0600] nuttcp-r: send window size = 2097152, receive window size = 6291456
[2024-11-06T12:07:14.359344-0600] nuttcp-r: available send window = 1572864, available receive window = 4718592
[2024-11-06T12:07:14.359375-0600]     0.6250 MB /   0.50 sec =   10.4840 Mbps     0 retrans     13 KB-cwnd
[2024-11-06T12:07:14.858500-0600]     7.3750 MB /   0.50 sec =  123.7399 Mbps     0 retrans     13 KB-cwnd
[2024-11-06T12:07:15.358833-0600]    11.1250 MB /   0.50 sec =  186.6264 Mbps     0 retrans     13 KB-cwnd
[2024-11-06T12:07:15.858791-0600]    15.5625 MB /   0.50 sec =  261.1022 Mbps     0 retrans     13 KB-cwnd
[2024-11-06T12:07:16.359485-0600]    12.1875 MB /   0.50 sec =  204.1200 Mbps     0 retrans     13 KB-cwnd
[2024-11-06T12:07:16.858700-0600]     9.4375 MB /   0.50 sec =  158.6113 Mbps     0 retrans     13 KB-cwnd
[2024-11-06T12:07:17.358425-0600]     8.7500 MB /   0.50 sec =  146.8062 Mbps     0 retrans     13 KB-cwnd
[2024-11-06T12:07:17.858718-0600]    11.4375 MB /   0.50 sec =  191.7556 Mbps     0 retrans     13 KB-cwnd
[2024-11-06T12:07:18.358319-0600]    14.5625 MB /   0.50 sec =  244.4991 Mbps     0 retrans     13 KB-cwnd
[2024-11-06T12:07:18.858597-0600]    20.7500 MB /   0.50 sec =  348.0583 Mbps     0 retrans     13 KB-cwnd
[2024-11-06T12:07:19.358684-0600]    21.2500 MB /   0.50 sec =  356.5208 Mbps     0 retrans     13 KB-cwnd
[2024-11-06T12:07:19.858319-0600]    26.1250 MB /   0.50 sec =  438.3618 Mbps     0 retrans     18 KB-cwnd
[2024-11-06T12:07:20.358313-0600]    32.8750 MB /   0.50 sec =  551.5797 Mbps     0 retrans     26 KB-cwnd
[2024-11-06T12:07:20.858313-0600]    32.9375 MB /   0.50 sec =  552.6007 Mbps     0 retrans     26 KB-cwnd
[2024-11-06T12:07:21.358454-0600]    29.5000 MB /   0.50 sec =  494.9021 Mbps     0 retrans     26 KB-cwnd
[2024-11-06T12:07:21.859349-0600]    16.2500 MB /   0.50 sec =  272.0986 Mbps     0 retrans     26 KB-cwnd
[2024-11-06T12:07:22.358419-0600]    24.1250 MB /   0.50 sec =  405.5111 Mbps     0 retrans     30 KB-cwnd
[2024-11-06T12:07:22.858403-0600]    30.6250 MB /   0.50 sec =  513.8300 Mbps     0 retrans     35 KB-cwnd
[2024-11-06T12:07:23.358451-0600]    27.3125 MB /   0.50 sec =  458.2222 Mbps     0 retrans     39 KB-cwnd
[2024-11-06T12:07:23.858479-0600]    28.3125 MB /   0.50 sec =  474.9603 Mbps     0 retrans     41 KB-cwnd
[2024-11-06T12:07:24.358461-0600]    17.2500 MB /   0.50 sec =  289.3966 Mbps     0 retrans     46 KB-cwnd
[2024-11-06T12:07:24.858417-0600]    26.3125 MB /   0.50 sec =  441.5176 Mbps     0 retrans   6449 KB-cwnd
[2024-11-06T12:07:25.358425-0600]    29.8750 MB /   0.50 sec =  501.2604 Mbps     0 retrans   6449 KB-cwnd
[2024-11-06T12:07:25.858622-0600]    33.1250 MB /   0.50 sec =  555.3932 Mbps     0 retrans   6369 KB-cwnd
[2024-11-06T12:07:26.358312-0600]    18.3125 MB /   0.50 sec =  307.4197 Mbps     0 retrans   8599 KB-cwnd
[2024-11-06T12:07:26.858294-0600]    33.5000 MB /   0.50 sec =  562.0390 Mbps     0 retrans   8599 KB-cwnd
[2024-11-06T12:07:27.358321-0600]    27.8125 MB /   0.50 sec =  466.6042 Mbps     0 retrans  11007 KB-cwnd
[2024-11-06T12:07:27.858303-0600]    22.1875 MB /   0.50 sec =  372.2519 Mbps     0 retrans  11007 KB-cwnd
[2024-11-06T12:07:28.358411-0600]    21.0625 MB /   0.50 sec =  353.3305 Mbps     0 retrans  11047 KB-cwnd
[2024-11-06T12:07:28.858316-0600]    28.4375 MB /   0.50 sec =  477.1584 Mbps     0 retrans  10888 KB-cwnd
[2024-11-06T12:07:29.358302-0600]    29.8750 MB /   0.50 sec =  501.2183 Mbps     0 retrans  10888 KB-cwnd
[2024-11-06T12:07:29.858332-0600]    35.8750 MB /   0.50 sec =  601.8682 Mbps     0 retrans  10752 KB-cwnd
[2024-11-06T12:07:30.358357-0600]    40.4375 MB /   0.50 sec =  678.4273 Mbps     0 retrans  10411 KB-cwnd
[2024-11-06T12:07:30.858239-0600]    44.1250 MB /   0.50 sec =  740.3539 Mbps     0 retrans  10411 KB-cwnd
[2024-11-06T12:07:31.358419-0600]    42.1875 MB /   0.50 sec =  707.6784 Mbps     0 retrans  10531 KB-cwnd
[2024-11-06T12:07:31.858247-0600]    43.5625 MB /   0.50 sec =  730.9335 Mbps     0 retrans  13885 KB-cwnd
[2024-11-06T12:07:32.358322-0600]    40.3750 MB /   0.50 sec =  677.3801 Mbps     0 retrans  13885 KB-cwnd
[2024-11-06T12:07:32.858312-0600]    29.3125 MB /   0.50 sec =  491.7812 Mbps     0 retrans  13496 KB-cwnd
[2024-11-06T12:07:33.358304-0600]    35.6875 MB /   0.50 sec =  598.7441 Mbps     0 retrans  15169 KB-cwnd
[2024-11-06T12:07:33.858313-0600]    42.0625 MB /   0.50 sec =  705.6945 Mbps     0 retrans  15169 KB-cwnd
[2024-11-06T12:07:34.358306-0600]    35.1250 MB /   0.50 sec =  589.2938 Mbps     0 retrans  14918 KB-cwnd
[2024-11-06T12:07:34.858414-0600]    16.0625 MB /   0.50 sec =  269.4679 Mbps     0 retrans  14918 KB-cwnd
[2024-11-06T12:07:35.358318-0600]    22.2500 MB /   0.50 sec =  373.3095 Mbps     0 retrans  14918 KB-cwnd
[2024-11-06T12:07:35.858323-0600]    18.5000 MB /   0.50 sec =  310.3779 Mbps     0 retrans  13373 KB-cwnd
[2024-11-06T12:07:36.358327-0600]    36.1875 MB /   0.50 sec =  607.1194 Mbps     0 retrans  13373 KB-cwnd
[2024-11-06T12:07:36.858423-0600]    22.3750 MB /   0.50 sec =  375.3692 Mbps     0 retrans  14162 KB-cwnd
[2024-11-06T12:07:37.358330-0600]    25.6875 MB /   0.50 sec =  430.9871 Mbps     0 retrans  14162 KB-cwnd
[2024-11-06T12:07:37.858518-0600]    13.5000 MB /   0.50 sec =  226.4892 Mbps     0 retrans  14162 KB-cwnd
[2024-11-06T12:07:38.358317-0600]    26.8750 MB /   0.50 sec =  450.9030 Mbps     0 retrans  14756 KB-cwnd
[2024-11-06T12:07:38.858334-0600]    19.3125 MB /   0.50 sec =  324.0048 Mbps     0 retrans  14756 KB-cwnd
[2024-11-06T12:07:39.358260-0600]    16.3750 MB /   0.50 sec =  274.7401 Mbps     0 retrans  14756 KB-cwnd
[2024-11-06T12:07:39.858329-0600]    21.5000 MB /   0.50 sec =  360.6943 Mbps     0 retrans  15771 KB-cwnd
[2024-11-06T12:07:40.358356-0600]    17.3125 MB /   0.50 sec =  290.4457 Mbps     0 retrans  15771 KB-cwnd
[2024-11-06T12:07:40.858341-0600]    17.1250 MB /   0.50 sec =  287.3184 Mbps     0 retrans  15771 KB-cwnd
[2024-11-06T12:07:41.358295-0600]    16.3125 MB /   0.50 sec =  273.6745 Mbps     0 retrans  15771 KB-cwnd
[2024-11-06T12:07:41.858237-0600]    18.1250 MB /   0.50 sec =  304.1102 Mbps     0 retrans  15771 KB-cwnd
[2024-11-06T12:07:42.358324-0600]    14.9375 MB /   0.50 sec =  250.5911 Mbps     0 retrans  15771 KB-cwnd
[2024-11-06T12:07:42.858495-0600]    19.9375 MB /   0.50 sec =  334.4322 Mbps     0 retrans  15771 KB-cwnd
[2024-11-06T12:07:43.358329-0600]    21.6250 MB /   0.50 sec =  362.8835 Mbps     0 retrans   8660 KB-cwnd
[2024-11-06T12:07:43.858499-0600]    18.0000 MB /   0.50 sec =  301.9766 Mbps     0 retrans   8660 KB-cwnd
[2024-11-06T12:07:44.358353-0600]    16.1250 MB /   0.50 sec =  270.5283 Mbps     0 retrans   8660 KB-cwnd
[2024-11-06T12:07:44.858301-0600]    19.4375 MB /   0.50 sec =  326.1332 Mbps     0 retrans   8660 KB-cwnd
[2024-11-06T12:07:45.358227-0600]    18.8750 MB /   0.50 sec =  316.6877 Mbps     0 retrans   6481 KB-cwnd
[2024-11-06T12:07:45.858306-0600]    19.0625 MB /   0.50 sec =  319.7959 Mbps     0 retrans   6481 KB-cwnd
[2024-11-06T12:07:46.358329-0600]    16.2500 MB /   0.50 sec =  272.6205 Mbps     0 retrans   6481 KB-cwnd
[2024-11-06T12:07:46.858336-0600]    15.1250 MB /   0.50 sec =  253.7625 Mbps     0 retrans   5980 KB-cwnd
[2024-11-06T12:07:47.358243-0600]    23.7500 MB /   0.50 sec =  398.4828 Mbps     0 retrans   5980 KB-cwnd
[2024-11-06T12:07:47.858471-0600]    19.5000 MB /   0.50 sec =  327.1328 Mbps     0 retrans   6090 KB-cwnd
[2024-11-06T12:07:48.358326-0600]    25.8125 MB /   0.50 sec =  433.0636 Mbps     0 retrans   8189 KB-cwnd
[2024-11-06T12:07:48.858301-0600]    21.3750 MB /   0.50 sec =  358.6194 Mbps     0 retrans   8189 KB-cwnd
[2024-11-06T12:07:49.358504-0600]    20.9375 MB /   0.50 sec =  351.1662 Mbps     0 retrans   8189 KB-cwnd
[2024-11-06T12:07:49.858423-0600]    17.8125 MB /   0.50 sec =  298.8920 Mbps     0 retrans   8165 KB-cwnd
[2024-11-06T12:07:50.358312-0600]    16.5625 MB /   0.50 sec =  277.9121 Mbps     0 retrans   8165 KB-cwnd
[2024-11-06T12:07:50.858336-0600]    17.0625 MB /   0.50 sec =  286.2429 Mbps     0 retrans   8165 KB-cwnd
[2024-11-06T12:07:51.358331-0600]    18.8125 MB /   0.50 sec =  315.6308 Mbps     0 retrans  11772 KB-cwnd
[2024-11-06T12:07:51.858327-0600]    20.1875 MB /   0.50 sec =  338.6907 Mbps     0 retrans  11772 KB-cwnd
[2024-11-06T12:07:52.358322-0600]    20.8750 MB /   0.50 sec =  350.2279 Mbps     0 retrans  11708 KB-cwnd
[2024-11-06T12:07:52.858226-0600]    15.6875 MB /   0.50 sec =  263.2126 Mbps     0 retrans   9774 KB-cwnd
[2024-11-06T12:07:53.358313-0600]    17.7500 MB /   0.50 sec =  297.7795 Mbps     0 retrans   9774 KB-cwnd
[2024-11-06T12:07:53.858319-0600]    19.4375 MB /   0.50 sec =  326.1052 Mbps     0 retrans   9774 KB-cwnd
[2024-11-06T12:07:54.358304-0600]    21.3125 MB /   0.50 sec =  357.5666 Mbps     0 retrans   9774 KB-cwnd
[2024-11-06T12:07:54.858320-0600]    19.2500 MB /   0.50 sec =  322.9537 Mbps     0 retrans   7848 KB-cwnd
[2024-11-06T12:07:55.358312-0600]    24.1875 MB /   0.50 sec =  405.8022 Mbps     0 retrans   7848 KB-cwnd
[2024-11-06T12:07:55.858329-0600]    23.3750 MB /   0.50 sec =  392.1792 Mbps     0 retrans   7328 KB-cwnd
[2024-11-06T12:07:56.358466-0600]    27.1875 MB /   0.50 sec =  456.1223 Mbps     0 retrans   7328 KB-cwnd
[2024-11-06T12:07:56.858415-0600]    13.3125 MB /   0.50 sec =  223.3355 Mbps     0 retrans   7328 KB-cwnd
[2024-11-06T12:07:57.358307-0600]    18.7500 MB /   0.50 sec =  314.5879 Mbps     0 retrans   7006 KB-cwnd
[2024-11-06T12:07:57.858316-0600]    12.3750 MB /   0.50 sec =  207.6164 Mbps     0 retrans   6891 KB-cwnd
[2024-11-06T12:07:58.358311-0600]    16.6875 MB /   0.50 sec =  279.9704 Mbps     0 retrans   6891 KB-cwnd
[2024-11-06T12:07:58.858432-0600]    27.1250 MB /   0.50 sec =  455.0274 Mbps     0 retrans   6891 KB-cwnd
[2024-11-06T12:07:59.358418-0600]    26.5000 MB /   0.50 sec =  444.5562 Mbps     0 retrans   8309 KB-cwnd
[2024-11-06T12:07:59.858327-0600]    25.9375 MB /   0.50 sec =  435.2156 Mbps     0 retrans   8309 KB-cwnd
[2024-11-06T12:08:00.358294-0600]    31.1250 MB /   0.50 sec =  522.2431 Mbps     0 retrans   7978 KB-cwnd
[2024-11-06T12:08:00.858551-0600]    21.5625 MB /   0.50 sec =  361.7573 Mbps     0 retrans   7978 KB-cwnd
[2024-11-06T12:08:01.358314-0600]    23.2500 MB /   0.50 sec =  390.0687 Mbps     0 retrans   8389 KB-cwnd
[2024-11-06T12:08:01.858296-0600]    21.7500 MB /   0.50 sec =  364.9081 Mbps     0 retrans   8389 KB-cwnd
[2024-11-06T12:08:02.358323-0600]    14.5000 MB /   0.50 sec =  243.2653 Mbps     0 retrans   8389 KB-cwnd
[2024-11-06T12:08:02.858324-0600]    23.2500 MB /   0.50 sec =  390.0711 Mbps     0 retrans  13675 KB-cwnd
[2024-11-06T12:08:03.358360-0600]    23.4375 MB /   0.50 sec =  393.1790 Mbps     0 retrans  13966 KB-cwnd
[2024-11-06T12:08:03.858297-0600]    15.6875 MB /   0.50 sec =  263.2210 Mbps     0 retrans  14343 KB-cwnd
[2024-11-06T12:08:04.358300-0600]    22.6875 MB /   0.50 sec =  380.6316 Mbps     0 retrans   9265 KB-cwnd
[2024-11-06T12:08:04.858311-0600]    21.0625 MB /   0.50 sec =  353.3553 Mbps     0 retrans   9265 KB-cwnd
[2024-11-06T12:08:05.358418-0600]    16.3750 MB /   0.50 sec =  274.7176 Mbps     0 retrans   9265 KB-cwnd
[2024-11-06T12:08:05.858305-0600]    21.2500 MB /   0.50 sec =  356.5429 Mbps     0 retrans   8117 KB-cwnd
[2024-11-06T12:08:06.358323-0600]    22.1250 MB /   0.50 sec =  371.1811 Mbps     0 retrans   8117 KB-cwnd
[2024-11-06T12:08:06.858358-0600]    19.1875 MB /   0.50 sec =  321.8954 Mbps     0 retrans   8341 KB-cwnd
[2024-11-06T12:08:07.358320-0600]    22.5625 MB /   0.50 sec =  378.5693 Mbps     0 retrans   7776 KB-cwnd
[2024-11-06T12:08:07.858299-0600]    23.5000 MB /   0.50 sec =  394.2709 Mbps     0 retrans   7776 KB-cwnd
[2024-11-06T12:08:08.358446-0600]    21.1875 MB /   0.50 sec =  355.4637 Mbps     0 retrans   7776 KB-cwnd
[2024-11-06T12:08:08.858343-0600]    17.5000 MB /   0.50 sec =  293.5872 Mbps     0 retrans   7787 KB-cwnd
[2024-11-06T12:08:09.358219-0600]    18.5000 MB /   0.50 sec =  310.4114 Mbps     0 retrans   7712 KB-cwnd
[2024-11-06T12:08:09.858340-0600]    10.7500 MB /   0.50 sec =  180.3428 Mbps     0 retrans   7712 KB-cwnd
[2024-11-06T12:08:10.358340-0600]     0.1875 MB /   0.50 sec =    3.1454 Mbps     0 retrans   7712 KB-cwnd
[2024-11-06T12:08:10.858301-0600]    15.0625 MB /   0.50 sec =  252.7341 Mbps     0 retrans   7712 KB-cwnd
[2024-11-06T12:08:11.358272-0600]    12.2500 MB /   0.50 sec =  205.5225 Mbps     0 retrans   7928 KB-cwnd
[2024-11-06T12:08:11.858349-0600]    17.6875 MB /   0.50 sec =  296.7304 Mbps     0 retrans   7928 KB-cwnd
[2024-11-06T12:08:12.358318-0600]    16.9375 MB /   0.50 sec =  284.1664 Mbps     0 retrans   7928 KB-cwnd
[2024-11-06T12:08:12.858313-0600]    16.6875 MB /   0.50 sec =  279.9788 Mbps     0 retrans   7928 KB-cwnd
[2024-11-06T12:08:13.358351-0600]    18.1250 MB /   0.50 sec =  304.0840 Mbps     0 retrans   7584 KB-cwnd
[2024-11-06T12:08:13.858491-0600]    14.5000 MB /   0.50 sec =  243.2740 Mbps     0 retrans   7584 KB-cwnd
[2024-11-06T12:08:14.358234-0600]    14.1250 MB /   0.50 sec =  236.9843 Mbps     0 retrans   7584 KB-cwnd
[2024-11-06T12:08:14.858257-0600]    14.4375 MB /   0.50 sec =  242.2220 Mbps     0 retrans   7584 KB-cwnd
[2024-11-06T12:08:15.358318-0600]    11.5625 MB /   0.50 sec =  193.9800 Mbps     3 retrans   6295 KB-cwnd
[2024-11-06T12:08:15.858246-0600]     2.2500 MB /   0.50 sec =   37.7499 Mbps     0 retrans   6295 KB-cwnd
[2024-11-06T12:08:16.358317-0600]    12.7500 MB /   0.50 sec =  213.9022 Mbps     0 retrans   6295 KB-cwnd
[2024-11-06T12:08:16.858547-0600]     8.9375 MB /   0.50 sec =  149.9236 Mbps     0 retrans   6295 KB-cwnd
[2024-11-06T12:08:17.358338-0600]    17.0625 MB /   0.50 sec =  286.2996 Mbps     0 retrans   6295 KB-cwnd
[2024-11-06T12:08:17.858322-0600]    17.7500 MB /   0.50 sec =  297.8015 Mbps     0 retrans   5200 KB-cwnd
[2024-11-06T12:08:18.358314-0600]    18.3750 MB /   0.50 sec =  308.2795 Mbps     0 retrans   5200 KB-cwnd
[2024-11-06T12:08:18.858304-0600]    16.8750 MB /   0.50 sec =  283.1144 Mbps     0 retrans   5200 KB-cwnd
[2024-11-06T12:08:19.358303-0600]    15.8125 MB /   0.50 sec =  265.2929 Mbps     0 retrans   5200 KB-cwnd
[2024-11-06T12:08:19.858441-0600]    16.9375 MB /   0.50 sec =  284.1425 Mbps     0 retrans   4267 KB-cwnd
[2024-11-06T12:08:20.358342-0600]     8.7500 MB /   0.50 sec =  146.8065 Mbps     0 retrans   4267 KB-cwnd
[2024-11-06T12:08:20.858323-0600]     8.3750 MB /   0.50 sec =  140.5140 Mbps     0 retrans   4267 KB-cwnd
[2024-11-06T12:08:21.358233-0600]    10.8750 MB /   0.50 sec =  182.4603 Mbps     0 retrans   4267 KB-cwnd
[2024-11-06T12:08:21.858534-0600]    12.8125 MB /   0.50 sec =  214.9340 Mbps     0 retrans   4267 KB-cwnd
[2024-11-06T12:08:22.358345-0600]    14.0000 MB /   0.50 sec =  234.8942 Mbps   320 retrans   8279 KB-cwnd
[2024-11-06T12:08:22.858303-0600]     9.6250 MB /   0.50 sec =  161.4843 Mbps     0 retrans   8279 KB-cwnd
[2024-11-06T12:08:23.358442-0600]    14.5000 MB /   0.50 sec =  243.2293 Mbps     0 retrans   8279 KB-cwnd
[2024-11-06T12:08:23.858243-0600]    12.8125 MB /   0.50 sec =  215.0019 Mbps     0 retrans   8279 KB-cwnd
[2024-11-06T12:08:24.358330-0600]    17.0000 MB /   0.50 sec =  285.1967 Mbps     0 retrans   6820 KB-cwnd
[2024-11-06T12:08:24.858444-0600]    12.2500 MB /   0.50 sec =  205.5024 Mbps     0 retrans   6820 KB-cwnd
[2024-11-06T12:08:25.358336-0600]    20.6875 MB /   0.50 sec =  347.0946 Mbps     0 retrans   6820 KB-cwnd
[2024-11-06T12:08:25.858235-0600]    22.1875 MB /   0.50 sec =  372.2832 Mbps     0 retrans   6820 KB-cwnd
[2024-11-06T12:08:26.358312-0600]     7.6250 MB /   0.50 sec =  127.9194 Mbps     0 retrans   5322 KB-cwnd
[2024-11-06T12:08:26.858493-0600]    23.9375 MB /   0.50 sec =  401.5026 Mbps     0 retrans   5322 KB-cwnd
[2024-11-06T12:08:27.358324-0600]    26.1875 MB /   0.50 sec =  439.4790 Mbps     0 retrans   5322 KB-cwnd
[2024-11-06T12:08:27.858436-0600]    29.1875 MB /   0.50 sec =  489.6674 Mbps    54 retrans   8205 KB-cwnd
[2024-11-06T12:08:28.358524-0600]    14.7500 MB /   0.50 sec =  247.4491 Mbps     0 retrans   8205 KB-cwnd
[2024-11-06T12:08:28.858490-0600]    21.3125 MB /   0.50 sec =  357.5830 Mbps     0 retrans      5 KB-cwnd
[2024-11-06T12:08:29.358315-0600]    31.8125 MB /   0.50 sec =  533.7263 Mbps     0 retrans      5 KB-cwnd
[2024-11-06T12:08:29.858281-0600]    24.1875 MB /   0.50 sec =  405.8184 Mbps     0 retrans      5 KB-cwnd
[2024-11-06T12:08:30.358314-0600]    24.5625 MB /   0.50 sec =  412.0772 Mbps     0 retrans   9516 KB-cwnd
[2024-11-06T12:08:30.858308-0600]    29.6250 MB /   0.50 sec =  497.0191 Mbps     0 retrans   9516 KB-cwnd
[2024-11-06T12:08:31.358271-0600]    29.8125 MB /   0.50 sec =  500.1868 Mbps     0 retrans  12766 KB-cwnd
[2024-11-06T12:08:31.858422-0600]    13.1250 MB /   0.50 sec =  220.1728 Mbps     0 retrans  12766 KB-cwnd
[2024-11-06T12:08:32.358299-0600]    16.3750 MB /   0.50 sec =  274.7560 Mbps     0 retrans  12766 KB-cwnd
[2024-11-06T12:08:32.858354-0600]    13.8750 MB /   0.50 sec =  232.7671 Mbps     0 retrans   9430 KB-cwnd
[2024-11-06T12:08:33.358317-0600]    25.3125 MB /   0.50 sec =  424.7013 Mbps     0 retrans   9430 KB-cwnd
[2024-11-06T12:08:33.858303-0600]    16.3125 MB /   0.50 sec =  273.6811 Mbps     0 retrans   9430 KB-cwnd
[2024-11-06T12:08:34.358433-0600]    22.5625 MB /   0.50 sec =  378.5352 Mbps     0 retrans  10664 KB-cwnd
[2024-11-06T12:08:34.858323-0600]    22.0625 MB /   0.50 sec =  370.1688 Mbps     0 retrans  10664 KB-cwnd
[2024-11-06T12:08:35.358306-0600]    18.4375 MB /   0.50 sec =  309.3145 Mbps     0 retrans  10664 KB-cwnd
[2024-11-06T12:08:35.858307-0600]    20.3750 MB /   0.50 sec =  341.8337 Mbps     0 retrans   9017 KB-cwnd
[2024-11-06T12:08:36.358326-0600]    17.6250 MB /   0.50 sec =  295.6913 Mbps     0 retrans   9017 KB-cwnd
[2024-11-06T12:08:36.858255-0600]     7.3125 MB /   0.50 sec =  122.6858 Mbps     0 retrans   9017 KB-cwnd
[2024-11-06T12:08:37.358427-0600]    20.3750 MB /   0.50 sec =  341.8201 Mbps     0 retrans   9017 KB-cwnd
[2024-11-06T12:08:37.858297-0600]    13.8125 MB /   0.50 sec =  231.7487 Mbps     0 retrans   7110 KB-cwnd
[2024-11-06T12:08:38.358312-0600]     8.9375 MB /   0.50 sec =  149.9437 Mbps     0 retrans   7110 KB-cwnd
[2024-11-06T12:08:38.858251-0600]    13.3125 MB /   0.50 sec =  223.3565 Mbps     0 retrans   7110 KB-cwnd
[2024-11-06T12:08:39.358333-0600]    16.3750 MB /   0.50 sec =  274.7066 Mbps     0 retrans   7110 KB-cwnd
[2024-11-06T12:08:39.858271-0600]    10.8750 MB /   0.50 sec =  182.4592 Mbps     0 retrans   7110 KB-cwnd
[2024-11-06T12:08:40.358789-0600]     8.1250 MB /   0.50 sec =  136.3138 Mbps     0 retrans   7224 KB-cwnd
[2024-11-06T12:08:40.858495-0600]    10.6250 MB /   0.50 sec =  178.2604 Mbps     0 retrans   7224 KB-cwnd
[2024-11-06T12:08:41.358337-0600]     9.3750 MB /   0.50 sec =  157.2779 Mbps     0 retrans   6883 KB-cwnd
[2024-11-06T12:08:41.858420-0600]    11.3750 MB /   0.50 sec =  190.8363 Mbps     0 retrans   6883 KB-cwnd
[2024-11-06T12:08:42.358335-0600]     9.0000 MB /   0.50 sec =  151.0037 Mbps     0 retrans   6883 KB-cwnd
[2024-11-06T12:08:42.858483-0600]    12.6250 MB /   0.50 sec =  211.8132 Mbps     0 retrans   6883 KB-cwnd
[2024-11-06T12:08:43.358324-0600]     8.7500 MB /   0.50 sec =  146.7971 Mbps     0 retrans   6569 KB-cwnd
[2024-11-06T12:08:43.858318-0600]    15.1250 MB /   0.50 sec =  253.7655 Mbps     0 retrans   6569 KB-cwnd
[2024-11-06T12:08:44.358328-0600]    14.8750 MB /   0.50 sec =  249.5621 Mbps     0 retrans   6569 KB-cwnd
[2024-11-06T12:08:44.858343-0600]    12.3750 MB /   0.50 sec =  207.6114 Mbps     0 retrans   6569 KB-cwnd
[2024-11-06T12:08:45.358355-0600]    12.7500 MB /   0.50 sec =  213.8928 Mbps     0 retrans   6569 KB-cwnd
[2024-11-06T12:08:45.858500-0600]    17.1875 MB /   0.50 sec =  288.3763 Mbps     0 retrans   5192 KB-cwnd
[2024-11-06T12:08:46.358460-0600]    13.5625 MB /   0.50 sec =  227.5505 Mbps     0 retrans   5192 KB-cwnd
[2024-11-06T12:08:46.858429-0600]    10.8125 MB /   0.50 sec =  181.3935 Mbps     0 retrans   5128 KB-cwnd
[2024-11-06T12:08:47.358298-0600]     9.9375 MB /   0.50 sec =  166.7326 Mbps     0 retrans   5128 KB-cwnd
[2024-11-06T12:08:47.858323-0600]    11.3125 MB /   0.50 sec =  189.7926 Mbps     0 retrans   5701 KB-cwnd
[2024-11-06T12:08:48.358351-0600]    14.0000 MB /   0.50 sec =  234.8655 Mbps     0 retrans   5701 KB-cwnd
[2024-11-06T12:08:48.858296-0600]    12.6875 MB /   0.50 sec =  212.8763 Mbps     0 retrans   5701 KB-cwnd
[2024-11-06T12:08:49.358340-0600]    19.3125 MB /   0.50 sec =  324.0022 Mbps     0 retrans   5701 KB-cwnd
[2024-11-06T12:08:49.858311-0600]    16.4375 MB /   0.50 sec =  275.7793 Mbps     0 retrans   6508 KB-cwnd
[2024-11-06T12:08:50.358472-0600]    15.8125 MB /   0.50 sec =  265.2786 Mbps     0 retrans   6508 KB-cwnd
[2024-11-06T12:08:50.858655-0600]    20.1875 MB /   0.50 sec =  338.5959 Mbps     0 retrans   6508 KB-cwnd
[2024-11-06T12:08:51.358550-0600]    16.7500 MB /   0.50 sec =  281.0915 Mbps     0 retrans   6532 KB-cwnd
[2024-11-06T12:08:51.858233-0600]    18.8750 MB /   0.50 sec =  316.6959 Mbps     0 retrans   5956 KB-cwnd
[2024-11-06T12:08:52.358585-0600]    13.0000 MB /   0.50 sec =  218.0755 Mbps     0 retrans   5956 KB-cwnd
[2024-11-06T12:08:52.858331-0600]    11.9375 MB /   0.50 sec =  200.2904 Mbps     0 retrans   5956 KB-cwnd
[2024-11-06T12:08:53.358312-0600]     9.3750 MB /   0.50 sec =  157.2940 Mbps     0 retrans   5956 KB-cwnd
[2024-11-06T12:08:53.858216-0600]    10.6875 MB /   0.50 sec =  179.3173 Mbps     0 retrans   5956 KB-cwnd
[2024-11-06T12:08:54.358501-0600]    11.5000 MB /   0.50 sec =  192.9021 Mbps     0 retrans   7952 KB-cwnd
[2024-11-06T12:08:54.858321-0600]    12.7500 MB /   0.50 sec =  213.9373 Mbps     0 retrans   7952 KB-cwnd
[2024-11-06T12:08:55.358307-0600]     9.6250 MB /   0.50 sec =  161.4791 Mbps     0 retrans   7952 KB-cwnd
[2024-11-06T12:08:55.858357-0600]     8.2500 MB /   0.50 sec =  138.4040 Mbps     0 retrans   7952 KB-cwnd
[2024-11-06T12:08:56.358328-0600]    11.5625 MB /   0.50 sec =  193.9920 Mbps     0 retrans   7952 KB-cwnd
[2024-11-06T12:08:56.858615-0600]     6.8125 MB /   0.50 sec =  114.2680 Mbps     0 retrans   7936 KB-cwnd
[2024-11-06T12:08:57.358324-0600]     6.7500 MB /   0.50 sec =  113.2727 Mbps     0 retrans   7936 KB-cwnd
[2024-11-06T12:08:57.858248-0600]     7.8125 MB /   0.50 sec =  131.0814 Mbps     0 retrans   7936 KB-cwnd
[2024-11-06T12:08:58.358420-0600]     6.8750 MB /   0.50 sec =  115.3258 Mbps     0 retrans   7936 KB-cwnd
[2024-11-06T12:08:58.858274-0600]     6.3125 MB /   0.50 sec =  105.9155 Mbps     0 retrans   7936 KB-cwnd
[2024-11-06T12:08:59.358441-0600]     5.2500 MB /   0.50 sec =   88.0749 Mbps     0 retrans   8040 KB-cwnd
[2024-11-06T12:08:59.858321-0600]     2.5000 MB /   0.50 sec =   41.9463 Mbps     0 retrans   8040 KB-cwnd
[2024-11-06T12:09:00.358629-0600]     0.3125 MB /   0.50 sec =    5.2417 Mbps     0 retrans   8040 KB-cwnd
[2024-11-06T12:09:00.858355-0600]     0.0000 MB /   0.50 sec =    0.0000 Mbps     0 retrans   8040 KB-cwnd
[2024-11-06T12:09:01.358610-0600]     0.0000 MB /   0.50 sec =    0.0000 Mbps     0 retrans   8040 KB-cwnd
[2024-11-06T12:09:01.858353-0600]     0.0000 MB /   0.50 sec =    0.0000 Mbps     0 retrans   8040 KB-cwnd
[2024-11-06T12:09:02.358716-0600]     0.0000 MB /   0.50 sec =    0.0000 Mbps     0 retrans   8040 KB-cwnd
[2024-11-06T12:09:02.858251-0600]     0.0000 MB /   0.50 sec =    0.0000 Mbps     0 retrans   8040 KB-cwnd
[2024-11-06T12:09:03.358585-0600]     0.4375 MB /   0.50 sec =    7.3374 Mbps     0 retrans   8040 KB-cwnd
[2024-11-06T12:09:03.858544-0600]     1.7500 MB /   0.50 sec =   29.3664 Mbps     0 retrans   8040 KB-cwnd
[2024-11-06T12:09:04.358348-0600]     1.0000 MB /   0.50 sec =   16.7771 Mbps     0 retrans   8040 KB-cwnd
[2024-11-06T12:09:04.858572-0600]     0.0000 MB /   0.50 sec =    0.0000 Mbps     0 retrans   8040 KB-cwnd
[2024-11-06T12:09:05.358317-0600]     0.2500 MB /   0.50 sec =    4.1949 Mbps     0 retrans   8040 KB-cwnd
[2024-11-06T12:09:05.858442-0600]     0.3125 MB /   0.50 sec =    5.2426 Mbps     0 retrans   8040 KB-cwnd
[2024-11-06T12:09:06.358230-0600]     1.6250 MB /   0.50 sec =   27.2658 Mbps     0 retrans   8040 KB-cwnd
[2024-11-06T12:09:06.858287-0600]     1.5625 MB /   0.50 sec =   26.2124 Mbps     0 retrans   8040 KB-cwnd
[2024-11-06T12:09:07.358258-0600]     2.8125 MB /   0.50 sec =   47.1881 Mbps     0 retrans   8040 KB-cwnd
[2024-11-06T12:09:07.858327-0600]     2.4375 MB /   0.50 sec =   40.8950 Mbps     0 retrans   8040 KB-cwnd
[2024-11-06T12:09:08.358537-0600]     2.3125 MB /   0.50 sec =   38.7885 Mbps     0 retrans   8040 KB-cwnd
[2024-11-06T12:09:08.858312-0600]     1.5000 MB /   0.50 sec =   25.1703 Mbps     0 retrans   8040 KB-cwnd
[2024-11-06T12:09:09.358477-0600]     1.2500 MB /   0.50 sec =   20.9695 Mbps     0 retrans   8040 KB-cwnd
[2024-11-06T12:09:09.858321-0600]     1.5000 MB /   0.50 sec =   25.1678 Mbps     0 retrans   8040 KB-cwnd
[2024-11-06T12:09:10.358612-0600]     0.6875 MB /   0.50 sec =   11.5308 Mbps     0 retrans   8040 KB-cwnd
[2024-11-06T12:09:10.858439-0600]     1.5000 MB /   0.50 sec =   25.1712 Mbps     0 retrans   8040 KB-cwnd
[2024-11-06T12:09:11.358319-0600]     3.2500 MB /   0.50 sec =   54.5324 Mbps     0 retrans   8040 KB-cwnd
[2024-11-06T12:09:11.858332-0600]     2.1875 MB /   0.50 sec =   36.7003 Mbps     0 retrans   7057 KB-cwnd
[2024-11-06T12:09:12.358263-0600]     3.1875 MB /   0.50 sec =   53.4783 Mbps     0 retrans   7057 KB-cwnd
[2024-11-06T12:09:12.858505-0600]     3.3750 MB /   0.50 sec =   56.6113 Mbps     0 retrans   7057 KB-cwnd
[2024-11-06T12:09:13.358278-0600]     3.3750 MB /   0.50 sec =   56.6338 Mbps     0 retrans   7057 KB-cwnd
[2024-11-06T12:09:13.858661-0600]     3.2500 MB /   0.50 sec =   54.5248 Mbps     0 retrans   7057 KB-cwnd
[2024-11-06T12:09:14.358455-0600]     2.6875 MB /   0.50 sec =   45.0820 Mbps     0 retrans   7057 KB-cwnd
End time: 1730916554633
