Start time: 1730916771407
[2024-11-06T12:12:56.492406-0600] traceroute to 54.197.223.49 (54.197.223.49), 30 hops max, 60 byte packets
[2024-11-06T12:12:56.493075-0600]  1  * * *
[2024-11-06T12:12:56.493133-0600]  2  * * *
[2024-11-06T12:12:56.493176-0600]  3  * * *
[2024-11-06T12:12:56.493216-0600]  4  * * *
[2024-11-06T12:12:56.501570-0600]  5  * * *
[2024-11-06T12:13:01.499639-0600]  6  * * *
[2024-11-06T12:13:01.500044-0600]  7  * * *
[2024-11-06T12:13:01.500186-0600]  8  * * *
[2024-11-06T12:13:01.513826-0600]  9  * * *
[2024-11-06T12:13:01.513965-0600] 10  * * *
[2024-11-06T12:13:06.507832-0600] 11  * * *
[2024-11-06T12:13:06.508315-0600] 12  * * *
[2024-11-06T12:13:06.515193-0600] 13  * * *
[2024-11-06T12:13:06.522023-0600] 14  * * *
[2024-11-06T12:13:06.522222-0600] 15  * * *
[2024-11-06T12:13:11.515306-0600] 16  * * *
[2024-11-06T12:13:11.515652-0600] 17  * * *
[2024-11-06T12:13:11.520770-0600] 18  * * *
[2024-11-06T12:13:11.523845-0600] 19  * * *
[2024-11-06T12:13:11.527017-0600] 20  * * *
[2024-11-06T12:13:11.527235-0600] 21  * * *
[2024-11-06T12:13:16.523182-0600] 22  * * *
[2024-11-06T12:13:16.523633-0600] 23  * * *
[2024-11-06T12:13:16.534995-0600] 24  * * *
[2024-11-06T12:13:16.535372-0600] 25  * * *
[2024-11-06T12:13:16.535516-0600] 26  * * *
[2024-11-06T12:13:21.482430-0600] 27  * *End time: 1730916801552
