Start time: 1730757080234
[2024-11-04T15:51:25.328030-0600] traceroute to 54.176.53.206 (54.176.53.206), 30 hops max, 60 byte packets
[2024-11-04T15:51:25.329422-0600]  1  * * *
[2024-11-04T15:51:25.336325-0600]  2  * * *
[2024-11-04T15:51:25.336535-0600]  3  * * *
[2024-11-04T15:51:25.336659-0600]  4  * * *
[2024-11-04T15:51:25.336763-0600]  5  * * *
[2024-11-04T15:51:30.335732-0600]  6  * * *
[2024-11-04T15:51:30.339090-0600]  7  * * *
[2024-11-04T15:51:30.341759-0600]  8  * * *
[2024-11-04T15:51:30.347251-0600]  9  * * *
[2024-11-04T15:51:30.347401-0600] 10  * * *
[2024-11-04T15:51:35.340653-0600] 11  * * *
[2024-11-04T15:51:35.341062-0600] 12  * * *
[2024-11-04T15:51:35.347133-0600] 13  * * *
[2024-11-04T15:51:35.351937-0600] 14  * * *
[2024-11-04T15:51:35.352084-0600] 15  * * *
[2024-11-04T15:51:40.348773-0600] 16  * * *
[2024-11-04T15:51:40.349254-0600] 17  * * *
[2024-11-04T15:51:40.349393-0600] 18  * * *
[2024-11-04T15:51:40.357799-0600] 19  * * *
[2024-11-04T15:51:40.357938-0600] 20  * * *
[2024-11-04T15:51:40.366688-0600] 21  * * *
[2024-11-04T15:51:45.356486-0600] 22  * * *
[2024-11-04T15:51:45.362349-0600] 23  * * *
[2024-11-04T15:51:45.362597-0600] 24  * * *
[2024-11-04T15:51:45.368225-0600] 25  * * *
[2024-11-04T15:51:45.368500-0600] 26  * * *
[2024-11-04T15:51:50.316405-0600] 27  * *End time: 1730757110374
