Start time: 1747690297340
Connecting to host 34.145.166.89, port 5207
Reverse mode, remote host 34.145.166.89 is sending
[  5] local 192.0.0.2 port 59162 connected to 34.145.166.89 port 5207
[ ID] Interval           Transfer     Bitrate
[  5]   0.00-0.10   sec   160 KBytes  13.1 Mbits/sec                  
[  5]   0.10-0.20   sec   217 KBytes  17.8 Mbits/sec                  
[  5]   0.20-0.30   sec   244 KBytes  20.0 Mbits/sec                  
[  5]   0.30-0.40   sec   270 KBytes  22.2 Mbits/sec                  
[  5]   0.40-0.50   sec   196 KBytes  16.0 Mbits/sec                  
[  5]   0.50-0.60   sec  0.00 Bytes  0.00 bits/sec                  
[  5]   0.60-0.70   sec   115 KBytes  9.36 Mbits/sec                  
[  5]   0.70-0.80   sec   381 KBytes  31.3 Mbits/sec                  
[  5]   0.80-0.90   sec   441 KBytes  36.1 Mbits/sec                  
[  5]   0.90-1.00   sec   456 KBytes  37.3 Mbits/sec                  
[  5]   1.00-1.10   sec   583 KBytes  47.8 Mbits/sec                  
[  5]   1.10-1.20   sec   581 KBytes  47.6 Mbits/sec                  
[  5]   1.20-1.30   sec   757 KBytes  62.0 Mbits/sec                  
[  5]   1.30-1.40   sec   956 KBytes  78.4 Mbits/sec                  
[  5]   1.40-1.50   sec   890 KBytes  72.9 Mbits/sec                  
[  5]   1.50-1.60   sec  1.15 MBytes  96.6 Mbits/sec                  
[  5]   1.60-1.70   sec  1.23 MBytes   104 Mbits/sec                  
[  5]   1.70-1.80   sec  1.55 MBytes   130 Mbits/sec                  
[  5]   1.80-1.90   sec  1.91 MBytes   160 Mbits/sec                  
[  5]   1.90-2.00   sec  1.72 MBytes   144 Mbits/sec                  
[  5]   2.00-2.10   sec  2.06 MBytes   173 Mbits/sec                  
[  5]   2.10-2.20   sec  2.31 MBytes   194 Mbits/sec                  
[  5]   2.20-2.30   sec  2.60 MBytes   218 Mbits/sec                  
[  5]   2.30-2.40   sec  2.73 MBytes   229 Mbits/sec                  
[  5]   2.40-2.50   sec  3.55 MBytes   298 Mbits/sec                  
[  5]   2.50-2.60   sec  3.64 MBytes   305 Mbits/sec                  
[  5]   2.60-2.70   sec  3.29 MBytes   276 Mbits/sec                  
[  5]   2.70-2.80   sec  4.27 MBytes   358 Mbits/sec                  
[  5]   2.80-2.90   sec  3.40 MBytes   285 Mbits/sec                  
[  5]   2.90-3.00   sec  4.15 MBytes   348 Mbits/sec                  
[  5]   3.00-3.10   sec  3.97 MBytes   334 Mbits/sec                  
[  5]   3.10-3.20   sec  5.49 MBytes   460 Mbits/sec                  
[  5]   3.20-3.30   sec  3.90 MBytes   327 Mbits/sec                  
[  5]   3.30-3.40   sec  3.75 MBytes   315 Mbits/sec                  
[  5]   3.40-3.50   sec  6.29 MBytes   527 Mbits/sec                  
[  5]   3.50-3.60   sec  5.78 MBytes   485 Mbits/sec                  
[  5]   3.60-3.70   sec  5.28 MBytes   443 Mbits/sec                  
[  5]   3.70-3.80   sec  5.01 MBytes   421 Mbits/sec                  
[  5]   3.80-3.90   sec  6.07 MBytes   509 Mbits/sec                  
[  5]   3.90-4.00   sec  5.51 MBytes   462 Mbits/sec                  
[  5]   4.00-4.10   sec  4.91 MBytes   411 Mbits/sec                  
[  5]   4.10-4.20   sec  4.91 MBytes   412 Mbits/sec                  
[  5]   4.20-4.30   sec  6.44 MBytes   540 Mbits/sec                  
[  5]   4.30-4.40   sec  5.33 MBytes   447 Mbits/sec                  
[  5]   4.40-4.50   sec  5.10 MBytes   428 Mbits/sec                  
[  5]   4.50-4.60   sec  5.07 MBytes   425 Mbits/sec                  
[  5]   4.60-4.70   sec  5.11 MBytes   429 Mbits/sec                  
[  5]   4.70-4.80   sec  4.28 MBytes   359 Mbits/sec                  
[  5]   4.80-4.90   sec  5.25 MBytes   441 Mbits/sec                  
[  5]   4.90-5.00   sec  5.75 MBytes   482 Mbits/sec                  
- - - - - - - - - - - - - - - - - - - - - - - - -
[ ID] Interval           Transfer     Bitrate         Retr
[  5]   0.00-5.03   sec   152 MBytes   254 Mbits/sec    0             sender
[  5]   0.00-5.00   sec   149 MBytes   250 Mbits/sec                  receiver

iperf Done.
End time: 1747690302903
