Start time: 1747690132002
Connecting to host 34.145.166.89, port 5207
Reverse mode, remote host 34.145.166.89 is sending
[  5] local 192.0.0.2 port 46072 connected to 34.145.166.89 port 5207
[ ID] Interval           Transfer     Bitrate
[  5]   0.00-0.10   sec   123 KBytes  10.0 Mbits/sec                  
[  5]   0.10-0.20   sec   169 KBytes  13.9 Mbits/sec                  
[  5]   0.20-0.30   sec   167 KBytes  13.6 Mbits/sec                  
[  5]   0.30-0.40   sec   218 KBytes  17.9 Mbits/sec                  
[  5]   0.40-0.50   sec   194 KBytes  15.9 Mbits/sec                  
[  5]   0.50-0.60   sec   177 KBytes  14.5 Mbits/sec                  
[  5]   0.60-0.70   sec   269 KBytes  22.0 Mbits/sec                  
[  5]   0.70-0.80   sec   348 KBytes  28.5 Mbits/sec                  
[  5]   0.80-0.90   sec   286 KBytes  23.5 Mbits/sec                  
[  5]   0.90-1.00   sec   228 KBytes  18.7 Mbits/sec                  
[  5]   1.00-1.10   sec   226 KBytes  18.5 Mbits/sec                  
[  5]   1.10-1.20   sec   425 KBytes  34.8 Mbits/sec                  
[  5]   1.20-1.30   sec   500 KBytes  40.9 Mbits/sec                  
[  5]   1.30-1.40   sec   494 KBytes  40.5 Mbits/sec                  
[  5]   1.40-1.50   sec   558 KBytes  45.7 Mbits/sec                  
[  5]   1.50-1.60   sec   603 KBytes  49.4 Mbits/sec                  
[  5]   1.60-1.70   sec   381 KBytes  31.2 Mbits/sec                  
[  5]   1.70-1.80   sec   472 KBytes  38.6 Mbits/sec                  
[  5]   1.80-1.90   sec   751 KBytes  61.5 Mbits/sec                  
[  5]   1.90-2.00   sec   966 KBytes  79.1 Mbits/sec                  
[  5]   2.00-2.10   sec  1.00 MBytes  83.9 Mbits/sec                  
[  5]   2.10-2.20   sec   990 KBytes  81.1 Mbits/sec                  
[  5]   2.20-2.30   sec   950 KBytes  77.8 Mbits/sec                  
[  5]   2.30-2.40   sec  1.08 MBytes  90.6 Mbits/sec                  
[  5]   2.40-2.50   sec  1.09 MBytes  91.2 Mbits/sec                  
[  5]   2.50-2.60   sec  1.25 MBytes   105 Mbits/sec                  
[  5]   2.60-2.70   sec  1.85 MBytes   155 Mbits/sec                  
[  5]   2.70-2.80   sec  1.80 MBytes   151 Mbits/sec                  
[  5]   2.80-2.90   sec  1.19 MBytes  99.4 Mbits/sec                  
[  5]   2.90-3.00   sec   538 KBytes  44.1 Mbits/sec                  
[  5]   3.00-3.10   sec  1.49 MBytes   125 Mbits/sec                  
[  5]   3.10-3.20   sec  1.45 MBytes   121 Mbits/sec                  
[  5]   3.20-3.30   sec   935 KBytes  76.6 Mbits/sec                  
[  5]   3.30-3.40   sec  2.08 MBytes   174 Mbits/sec                  
[  5]   3.40-3.50   sec  1.77 MBytes   148 Mbits/sec                  
[  5]   3.50-3.60   sec  2.05 MBytes   172 Mbits/sec                  
[  5]   3.60-3.70   sec  1.53 MBytes   129 Mbits/sec                  
[  5]   3.70-3.80   sec  1.58 MBytes   132 Mbits/sec                  
[  5]   3.80-3.90   sec  1.69 MBytes   142 Mbits/sec                  
[  5]   3.90-4.00   sec  1.97 MBytes   166 Mbits/sec                  
[  5]   4.00-4.10   sec  2.54 MBytes   213 Mbits/sec                  
[  5]   4.10-4.20   sec  2.87 MBytes   241 Mbits/sec                  
[  5]   4.20-4.30   sec  1.64 MBytes   138 Mbits/sec                  
[  5]   4.30-4.40   sec  1.77 MBytes   148 Mbits/sec                  
[  5]   4.40-4.50   sec  2.69 MBytes   225 Mbits/sec                  
[  5]   4.50-4.60   sec  3.06 MBytes   257 Mbits/sec                  
[  5]   4.60-4.70   sec  3.55 MBytes   297 Mbits/sec                  
[  5]   4.70-4.80   sec  3.69 MBytes   309 Mbits/sec                  
[  5]   4.80-4.90   sec  3.07 MBytes   257 Mbits/sec                  
[  5]   4.90-5.00   sec  2.62 MBytes   220 Mbits/sec                  
- - - - - - - - - - - - - - - - - - - - - - - - -
[ ID] Interval           Transfer     Bitrate         Retr
[  5]   0.00-5.04   sec  66.2 MBytes   110 Mbits/sec    0             sender
[  5]   0.00-5.00   sec  63.0 MBytes   106 Mbits/sec                  receiver

iperf Done.
End time: 1747690137589
