Start time: 1745175943004
Connecting to host 34.86.116.81, port 5207
Reverse mode, remote host 34.86.116.81 is sending
[  5] local 192.0.0.2 port 48154 connected to 34.86.116.81 port 5207
[ ID] Interval           Transfer     Bitrate
[  5]   0.00-0.10   sec  40.0 KBytes  3.27 Mbits/sec                  
[  5]   0.10-0.20   sec  95.9 KBytes  7.87 Mbits/sec                  
[  5]   0.20-0.30   sec   256 KBytes  20.9 Mbits/sec                  
[  5]   0.30-0.40   sec   432 KBytes  35.3 Mbits/sec                  
[  5]   0.40-0.50   sec   998 KBytes  81.7 Mbits/sec                  
[  5]   0.50-0.60   sec   862 KBytes  70.6 Mbits/sec                  
[  5]   0.60-0.70   sec   837 KBytes  68.4 Mbits/sec                  
[  5]   0.70-0.80   sec   466 KBytes  38.3 Mbits/sec                  
[  5]   0.80-0.90   sec   846 KBytes  69.2 Mbits/sec                  
[  5]   0.90-1.00   sec   607 KBytes  49.8 Mbits/sec                  
[  5]   1.00-1.10   sec  1.43 MBytes   120 Mbits/sec                  
[  5]   1.10-1.20   sec   486 KBytes  39.8 Mbits/sec                  
[  5]   1.20-1.30   sec  1.33 MBytes   112 Mbits/sec                  
[  5]   1.30-1.40   sec   761 KBytes  62.4 Mbits/sec                  
[  5]   1.40-1.50   sec  59.9 KBytes  4.91 Mbits/sec                  
[  5]   1.50-1.60   sec   406 KBytes  33.3 Mbits/sec                  
[  5]   1.60-1.70   sec  1.65 MBytes   138 Mbits/sec                  
[  5]   1.70-1.80   sec   422 KBytes  34.6 Mbits/sec                  
[  5]   1.80-1.90   sec   519 KBytes  42.6 Mbits/sec                  
[  5]   1.90-2.00   sec   353 KBytes  28.9 Mbits/sec                  
[  5]   2.00-2.10   sec   125 KBytes  10.3 Mbits/sec                  
[  5]   2.10-2.20   sec  97.2 KBytes  7.96 Mbits/sec                  
[  5]   2.20-2.30   sec  1.78 MBytes   150 Mbits/sec                  
[  5]   2.30-2.40   sec   304 KBytes  24.9 Mbits/sec                  
[  5]   2.40-2.50   sec  1.13 MBytes  95.1 Mbits/sec                  
[  5]   2.50-2.60   sec   476 KBytes  39.0 Mbits/sec                  
[  5]   2.60-2.70   sec  1.82 MBytes   153 Mbits/sec                  
[  5]   2.70-2.80   sec   635 KBytes  52.0 Mbits/sec                  
[  5]   2.80-2.90   sec   586 KBytes  48.0 Mbits/sec                  
[  5]   2.90-3.00   sec   641 KBytes  52.5 Mbits/sec                  
[  5]   3.00-3.10   sec   129 KBytes  10.6 Mbits/sec                  
[  5]   3.10-3.20   sec  0.00 Bytes  0.00 bits/sec                  
[  5]   3.20-3.30   sec  0.00 Bytes  0.00 bits/sec                  
[  5]   3.30-3.40   sec  2.26 MBytes   190 Mbits/sec                  
[  5]   3.40-3.50   sec   346 KBytes  28.2 Mbits/sec                  
[  5]   3.50-3.60   sec   364 KBytes  30.0 Mbits/sec                  
[  5]   3.60-3.70   sec  1.12 MBytes  93.7 Mbits/sec                  
[  5]   3.70-3.80   sec   727 KBytes  59.5 Mbits/sec                  
[  5]   3.80-3.90   sec  1004 KBytes  82.4 Mbits/sec                  
[  5]   3.90-4.00   sec   767 KBytes  62.9 Mbits/sec                  
[  5]   4.00-4.10   sec   839 KBytes  68.7 Mbits/sec                  
[  5]   4.10-4.20   sec  1.16 MBytes  97.6 Mbits/sec                  
[  5]   4.20-4.30   sec   886 KBytes  72.6 Mbits/sec                  
[  5]   4.30-4.40   sec   607 KBytes  49.7 Mbits/sec                  
[  5]   4.40-4.50   sec   809 KBytes  66.1 Mbits/sec                  
[  5]   4.50-4.60   sec   432 KBytes  35.5 Mbits/sec                  
[  5]   4.60-4.70   sec   566 KBytes  46.4 Mbits/sec                  
[  5]   4.70-4.80   sec  1.17 MBytes  98.2 Mbits/sec                  
[  5]   4.80-4.90   sec   754 KBytes  61.8 Mbits/sec                  
[  5]   4.90-5.00   sec   757 KBytes  62.0 Mbits/sec                  
[  5]   5.00-5.10   sec   701 KBytes  57.4 Mbits/sec                  
[  5]   5.10-5.20   sec  1.66 MBytes   139 Mbits/sec                  
[  5]   5.20-5.30   sec   457 KBytes  37.4 Mbits/sec                  
[  5]   5.30-5.40   sec   413 KBytes  33.8 Mbits/sec                  
[  5]   5.40-5.50   sec  1.17 MBytes  97.4 Mbits/sec                  
[  5]   5.50-5.60   sec  1.00 MBytes  85.0 Mbits/sec                  
[  5]   5.60-5.70   sec   900 KBytes  73.8 Mbits/sec                  
[  5]   5.70-5.80   sec   998 KBytes  81.7 Mbits/sec                  
[  5]   5.80-5.90   sec   852 KBytes  69.9 Mbits/sec                  
[  5]   5.90-6.00   sec  1.19 MBytes  99.8 Mbits/sec                  
[  5]   6.00-6.10   sec   963 KBytes  78.8 Mbits/sec                  
[  5]   6.10-6.20   sec   821 KBytes  67.2 Mbits/sec                  
[  5]   6.20-6.30   sec   979 KBytes  80.3 Mbits/sec                  
[  5]   6.30-6.40   sec  1.20 MBytes   100 Mbits/sec                  
[  5]   6.40-6.50   sec  1.29 MBytes   108 Mbits/sec                  
[  5]   6.50-6.60   sec   999 KBytes  81.9 Mbits/sec                  
[  5]   6.60-6.70   sec  1.17 MBytes  98.1 Mbits/sec                  
[  5]   6.70-6.80   sec  1.08 MBytes  90.4 Mbits/sec                  
[  5]   6.80-6.90   sec  1.25 MBytes   105 Mbits/sec                  
[  5]   6.90-7.00   sec   932 KBytes  76.5 Mbits/sec                  
[  5]   7.00-7.10   sec  1.32 MBytes   111 Mbits/sec                  
[  5]   7.10-7.20   sec   964 KBytes  79.0 Mbits/sec                  
[  5]   7.20-7.30   sec  1.36 MBytes   114 Mbits/sec                  
[  5]   7.30-7.40   sec  1.23 MBytes   103 Mbits/sec                  
[  5]   7.40-7.50   sec  1.36 MBytes   114 Mbits/sec                  
[  5]   7.50-7.60   sec  1.04 MBytes  87.8 Mbits/sec                  
[  5]   7.60-7.70   sec  1.25 MBytes   105 Mbits/sec                  
[  5]   7.70-7.80   sec  1.19 MBytes  99.4 Mbits/sec                  
[  5]   7.80-7.90   sec  1.28 MBytes   107 Mbits/sec                  
[  5]   7.90-8.00   sec  1.12 MBytes  93.9 Mbits/sec                  
[  5]   8.00-8.10   sec  1.27 MBytes   107 Mbits/sec                  
[  5]   8.10-8.20   sec  1.35 MBytes   113 Mbits/sec                  
[  5]   8.20-8.30   sec   984 KBytes  80.7 Mbits/sec                  
[  5]   8.30-8.40   sec  1.36 MBytes   115 Mbits/sec                  
[  5]   8.40-8.50   sec  1.27 MBytes   106 Mbits/sec                  
[  5]   8.50-8.60   sec  1.46 MBytes   122 Mbits/sec                  
[  5]   8.60-8.70   sec  1.24 MBytes   104 Mbits/sec                  
[  5]   8.70-8.80   sec  1.23 MBytes   104 Mbits/sec                  
[  5]   8.80-8.90   sec  1.19 MBytes  99.7 Mbits/sec                  
[  5]   8.90-9.00   sec  1.50 MBytes   126 Mbits/sec                  
[  5]   9.00-9.10   sec  1.45 MBytes   122 Mbits/sec                  
[  5]   9.10-9.20   sec   490 KBytes  40.2 Mbits/sec                  
[  5]   9.20-9.30   sec   719 KBytes  59.0 Mbits/sec                  
[  5]   9.30-9.40   sec  2.30 MBytes   192 Mbits/sec                  
[  5]   9.40-9.50   sec   719 KBytes  59.0 Mbits/sec                  
[  5]   9.50-9.60   sec  1.26 MBytes   106 Mbits/sec                  
[  5]   9.60-9.70   sec   835 KBytes  68.4 Mbits/sec                  
[  5]   9.70-9.80   sec  1.21 MBytes   101 Mbits/sec                  
[  5]   9.80-9.90   sec  1.25 MBytes   105 Mbits/sec                  
[  5]   9.90-10.00  sec  1.37 MBytes   115 Mbits/sec                  
[  5]  10.00-10.10  sec   833 KBytes  68.2 Mbits/sec                  
[  5]  10.10-10.20  sec  2.14 MBytes   179 Mbits/sec                  
[  5]  10.20-10.30  sec  1.64 MBytes   137 Mbits/sec                  
[  5]  10.30-10.40  sec  1.13 MBytes  95.1 Mbits/sec                  
[  5]  10.40-10.50  sec  1.15 MBytes  96.5 Mbits/sec                  
[  5]  10.50-10.60  sec  10.7 KBytes   874 Kbits/sec                  
[  5]  10.60-10.70  sec  10.7 KBytes   874 Kbits/sec                  
[  5]  10.70-10.80  sec  0.00 Bytes  0.00 bits/sec                  
[  5]  10.80-10.90  sec   546 KBytes  44.8 Mbits/sec                  
[  5]  10.90-11.00  sec  1.12 MBytes  93.6 Mbits/sec                  
[  5]  11.00-11.10  sec   942 KBytes  77.2 Mbits/sec                  
[  5]  11.10-11.20  sec  2.20 MBytes   185 Mbits/sec                  
[  5]  11.20-11.30  sec  38.6 KBytes  3.16 Mbits/sec                  
[  5]  11.30-11.40  sec  1.51 MBytes   126 Mbits/sec                  
[  5]  11.40-11.50  sec   574 KBytes  47.0 Mbits/sec                  
[  5]  11.50-11.60  sec  2.48 MBytes   208 Mbits/sec                  
[  5]  11.60-11.70  sec  1.37 MBytes   115 Mbits/sec                  
[  5]  11.70-11.80  sec   762 KBytes  62.5 Mbits/sec                  
[  5]  11.80-11.90  sec   967 KBytes  79.2 Mbits/sec                  
[  5]  11.90-12.00  sec  1.02 MBytes  85.4 Mbits/sec                  
[  5]  12.00-12.10  sec  1.23 MBytes   103 Mbits/sec                  
[  5]  12.10-12.20  sec  1.32 MBytes   111 Mbits/sec                  
[  5]  12.20-12.30  sec  1.40 MBytes   118 Mbits/sec                  
[  5]  12.30-12.40  sec  1.04 MBytes  87.2 Mbits/sec                  
[  5]  12.40-12.50  sec   987 KBytes  80.8 Mbits/sec                  
[  5]  12.50-12.60  sec  1.05 MBytes  88.3 Mbits/sec                  
[  5]  12.60-12.70  sec   627 KBytes  51.4 Mbits/sec                  
[  5]  12.70-12.80  sec  2.28 MBytes   191 Mbits/sec                  
[  5]  12.80-12.90  sec   797 KBytes  65.2 Mbits/sec                  
[  5]  12.90-13.00  sec  1.55 MBytes   130 Mbits/sec                  
[  5]  13.00-13.10  sec  1.00 MBytes  84.2 Mbits/sec                  
[  5]  13.10-13.20  sec  1.23 MBytes   103 Mbits/sec                  
[  5]  13.20-13.30  sec   960 KBytes  78.8 Mbits/sec                  
[  5]  13.30-13.40  sec  1.03 MBytes  86.1 Mbits/sec                  
[  5]  13.40-13.50  sec  1.51 MBytes   127 Mbits/sec                  
[  5]  13.50-13.60  sec  1.19 MBytes   100 Mbits/sec                  
[  5]  13.60-13.70  sec  1.25 MBytes   105 Mbits/sec                  
[  5]  13.70-13.80  sec  1.19 MBytes  99.9 Mbits/sec                  
[  5]  13.80-13.90  sec  1.54 MBytes   129 Mbits/sec                  
[  5]  13.90-14.00  sec  1.80 MBytes   151 Mbits/sec                  
[  5]  14.00-14.10  sec  1.41 MBytes   118 Mbits/sec                  
[  5]  14.10-14.20  sec   778 KBytes  63.7 Mbits/sec                  
[  5]  14.20-14.30  sec   705 KBytes  57.7 Mbits/sec                  
[  5]  14.30-14.40  sec   408 KBytes  33.4 Mbits/sec                  
[  5]  14.40-14.50  sec  1.10 MBytes  91.7 Mbits/sec                  
[  5]  14.50-14.60  sec   725 KBytes  59.8 Mbits/sec                  
[  5]  14.60-14.70  sec  1.19 MBytes  99.4 Mbits/sec                  
[  5]  14.70-14.80  sec  1.65 MBytes   138 Mbits/sec                  
[  5]  14.80-14.90  sec   978 KBytes  79.7 Mbits/sec                  
[  5]  14.90-15.00  sec   743 KBytes  61.3 Mbits/sec                  
[  5]  15.00-15.10  sec  1.17 MBytes  97.9 Mbits/sec                  
[  5]  15.10-15.20  sec   662 KBytes  54.2 Mbits/sec                  
[  5]  15.20-15.30  sec   533 KBytes  43.7 Mbits/sec                  
[  5]  15.30-15.40  sec  1.11 MBytes  93.2 Mbits/sec                  
[  5]  15.40-15.50  sec   481 KBytes  39.1 Mbits/sec                  
[  5]  15.50-15.60  sec   918 KBytes  75.7 Mbits/sec                  
[  5]  15.60-15.70  sec   883 KBytes  72.4 Mbits/sec                  
[  5]  15.70-15.80  sec   537 KBytes  43.9 Mbits/sec                  
[  5]  15.80-15.90  sec   368 KBytes  30.2 Mbits/sec                  
[  5]  15.90-16.00  sec   559 KBytes  45.8 Mbits/sec                  
[  5]  16.00-16.10  sec   342 KBytes  28.0 Mbits/sec                  
[  5]  16.10-16.20  sec  17.3 KBytes  1.42 Mbits/sec                  
[  5]  16.20-16.30  sec  0.00 Bytes  0.00 bits/sec                  
[  5]  16.30-16.40  sec  0.00 Bytes  0.00 bits/sec                  
[  5]  16.40-16.50  sec  0.00 Bytes  0.00 bits/sec                  
[  5]  16.50-16.60  sec  0.00 Bytes  0.00 bits/sec                  
[  5]  16.60-16.70  sec  0.00 Bytes  0.00 bits/sec                  
[  5]  16.70-16.80  sec  0.00 Bytes  0.00 bits/sec                  
[  5]  16.80-16.90  sec  0.00 Bytes  0.00 bits/sec                  
[  5]  16.90-17.00  sec  0.00 Bytes  0.00 bits/sec                  
[  5]  17.00-17.10  sec  0.00 Bytes  0.00 bits/sec                  
[  5]  17.10-17.20  sec   394 KBytes  32.3 Mbits/sec                  
[  5]  17.20-17.30  sec  0.00 Bytes  0.00 bits/sec                  
[  5]  17.30-17.40  sec  0.00 Bytes  0.00 bits/sec                  
[  5]  17.40-17.50  sec  0.00 Bytes  0.00 bits/sec                  
[  5]  17.50-17.60  sec  0.00 Bytes  0.00 bits/sec                  
[  5]  17.60-17.70  sec  0.00 Bytes  0.00 bits/sec                  
[  5]  17.70-17.80  sec  0.00 Bytes  0.00 bits/sec                  
[  5]  17.80-17.90  sec  0.00 Bytes  0.00 bits/sec                  
[  5]  17.90-18.00  sec  0.00 Bytes  0.00 bits/sec                  
[  5]  18.00-18.10  sec  2.75 MBytes   231 Mbits/sec                  
[  5]  18.10-18.20  sec  1.32 MBytes   110 Mbits/sec                  
[  5]  18.20-18.30  sec   530 KBytes  43.5 Mbits/sec                  
[  5]  18.30-18.40  sec   619 KBytes  50.7 Mbits/sec                  
[  5]  18.40-18.50  sec   394 KBytes  32.3 Mbits/sec                  
[  5]  18.50-18.60  sec  1.75 MBytes   147 Mbits/sec                  
[  5]  18.60-18.70  sec   837 KBytes  68.5 Mbits/sec                  
[  5]  18.70-18.80  sec  1.51 MBytes   126 Mbits/sec                  
[  5]  18.80-18.90  sec   871 KBytes  71.4 Mbits/sec                  
[  5]  18.90-19.00  sec   930 KBytes  76.1 Mbits/sec                  
[  5]  19.00-19.10  sec  1.57 MBytes   132 Mbits/sec                  
[  5]  19.10-19.20  sec   758 KBytes  62.1 Mbits/sec                  
[  5]  19.20-19.30  sec   484 KBytes  39.6 Mbits/sec                  
[  5]  19.30-19.40  sec   510 KBytes  41.8 Mbits/sec                  
[  5]  19.40-19.50  sec   537 KBytes  44.0 Mbits/sec                  
[  5]  19.50-19.60  sec  1.44 MBytes   121 Mbits/sec                  
[  5]  19.60-19.70  sec  1000 KBytes  81.9 Mbits/sec                  
[  5]  19.70-19.80  sec   916 KBytes  75.1 Mbits/sec                  
[  5]  19.80-19.90  sec   625 KBytes  51.2 Mbits/sec                  
[  5]  19.90-20.00  sec   202 KBytes  16.6 Mbits/sec                  
[  5]  20.00-20.10  sec  2.04 MBytes   171 Mbits/sec                  
[  5]  20.10-20.20  sec   591 KBytes  48.4 Mbits/sec                  
[  5]  20.20-20.30  sec   452 KBytes  37.0 Mbits/sec                  
[  5]  20.30-20.40  sec   911 KBytes  74.6 Mbits/sec                  
[  5]  20.40-20.50  sec  1.02 MBytes  85.2 Mbits/sec                  
[  5]  20.50-20.60  sec   504 KBytes  41.2 Mbits/sec                  
[  5]  20.60-20.70  sec  1.25 MBytes   105 Mbits/sec                  
[  5]  20.70-20.80  sec  1.19 MBytes  99.5 Mbits/sec                  
[  5]  20.80-20.90  sec  1.31 MBytes   110 Mbits/sec                  
[  5]  20.90-21.00  sec  1.03 MBytes  86.1 Mbits/sec                  
[  5]  21.00-21.10  sec  1007 KBytes  82.6 Mbits/sec                  
[  5]  21.10-21.20  sec  1.03 MBytes  86.0 Mbits/sec                  
[  5]  21.20-21.30  sec  1.19 MBytes  99.4 Mbits/sec                  
[  5]  21.30-21.40  sec  1.13 MBytes  94.6 Mbits/sec                  
[  5]  21.40-21.50  sec   534 KBytes  43.7 Mbits/sec                  
[  5]  21.50-21.60  sec   446 KBytes  36.6 Mbits/sec                  
[  5]  21.60-21.70  sec   301 KBytes  24.7 Mbits/sec                  
[  5]  21.70-21.80  sec   410 KBytes  33.6 Mbits/sec                  
[  5]  21.80-21.90  sec   547 KBytes  44.8 Mbits/sec                  
[  5]  21.90-22.00  sec   827 KBytes  67.8 Mbits/sec                  
[  5]  22.00-22.10  sec   813 KBytes  66.6 Mbits/sec                  
[  5]  22.10-22.20  sec   489 KBytes  40.0 Mbits/sec                  
[  5]  22.20-22.30  sec   976 KBytes  80.0 Mbits/sec                  
[  5]  22.30-22.40  sec   838 KBytes  68.7 Mbits/sec                  
[  5]  22.40-22.50  sec  1.04 MBytes  87.0 Mbits/sec                  
[  5]  22.50-22.60  sec   585 KBytes  47.9 Mbits/sec                  
[  5]  22.60-22.70  sec   288 KBytes  23.6 Mbits/sec                  
[  5]  22.70-22.80  sec  1.60 MBytes   135 Mbits/sec                  
[  5]  22.80-22.90  sec   453 KBytes  37.1 Mbits/sec                  
[  5]  22.90-23.00  sec   277 KBytes  22.7 Mbits/sec                  
[  5]  23.00-23.10  sec   115 KBytes  9.38 Mbits/sec                  
[  5]  23.10-23.20  sec   392 KBytes  32.1 Mbits/sec                  
[  5]  23.20-23.30  sec   493 KBytes  40.4 Mbits/sec                  
[  5]  23.30-23.40  sec  55.9 KBytes  4.58 Mbits/sec                  
[  5]  23.40-23.50  sec  0.00 Bytes  0.00 bits/sec                  
[  5]  23.50-23.60  sec  0.00 Bytes  0.00 bits/sec                  
[  5]  23.60-23.70  sec  0.00 Bytes  0.00 bits/sec                  
[  5]  23.70-23.80  sec  0.00 Bytes  0.00 bits/sec                  
[  5]  23.80-23.90  sec  0.00 Bytes  0.00 bits/sec                  
[  5]  23.90-24.00  sec  0.00 Bytes  0.00 bits/sec                  
[  5]  24.00-24.10  sec  0.00 Bytes  0.00 bits/sec                  
[  5]  24.10-24.20  sec  0.00 Bytes  0.00 bits/sec                  
[  5]  24.20-24.30  sec  0.00 Bytes  0.00 bits/sec                  
[  5]  24.30-24.40  sec  0.00 Bytes  0.00 bits/sec                  
[  5]  24.40-24.50  sec  1.24 MBytes   104 Mbits/sec                  
[  5]  24.50-24.60  sec  0.00 Bytes  0.00 bits/sec                  
[  5]  24.60-24.70  sec  0.00 Bytes  0.00 bits/sec                  
[  5]  24.70-24.80  sec   206 KBytes  16.9 Mbits/sec                  
[  5]  24.80-24.90  sec  1.04 MBytes  87.2 Mbits/sec                  
[  5]  24.90-25.00  sec  0.00 Bytes  0.00 bits/sec                  
[  5]  25.00-25.10  sec  0.00 Bytes  0.00 bits/sec                  
[  5]  25.10-25.20  sec   229 KBytes  18.8 Mbits/sec                  
[  5]  25.20-25.30  sec  1.23 MBytes   103 Mbits/sec                  
[  5]  25.30-25.40  sec  0.00 Bytes  0.00 bits/sec                  
[  5]  25.40-25.50  sec  0.00 Bytes  0.00 bits/sec                  
[  5]  25.50-25.60  sec  0.00 Bytes  0.00 bits/sec                  
[  5]  25.60-25.70  sec  0.00 Bytes  0.00 bits/sec                  
[  5]  25.70-25.80  sec  0.00 Bytes  0.00 bits/sec                  
[  5]  25.80-25.90  sec  0.00 Bytes  0.00 bits/sec                  
[  5]  25.90-26.00  sec  0.00 Bytes  0.00 bits/sec                  
[  5]  26.00-26.10  sec   362 KBytes  29.7 Mbits/sec                  
[  5]  26.10-26.20  sec   880 KBytes  72.1 Mbits/sec                  
[  5]  26.20-26.30  sec  18.6 KBytes  1.53 Mbits/sec                  
[  5]  26.30-26.40  sec   547 KBytes  44.8 Mbits/sec                  
[  5]  26.40-26.50  sec  1.47 MBytes   123 Mbits/sec                  
[  5]  26.50-26.60  sec   237 KBytes  19.4 Mbits/sec                  
[  5]  26.60-26.70  sec   298 KBytes  24.4 Mbits/sec                  
[  5]  26.70-26.80  sec  91.9 KBytes  7.53 Mbits/sec                  
[  5]  26.80-26.90  sec   167 KBytes  13.6 Mbits/sec                  
[  5]  26.90-27.00  sec   433 KBytes  35.5 Mbits/sec                  
[  5]  27.00-27.10  sec   393 KBytes  32.2 Mbits/sec                  
[  5]  27.10-27.20  sec   261 KBytes  21.4 Mbits/sec                  
[  5]  27.20-27.30  sec   262 KBytes  21.5 Mbits/sec                  
[  5]  27.30-27.40  sec   254 KBytes  20.8 Mbits/sec                  
[  5]  27.40-27.50  sec   241 KBytes  19.7 Mbits/sec                  
[  5]  27.50-27.60  sec   393 KBytes  32.2 Mbits/sec                  
[  5]  27.60-27.70  sec   246 KBytes  20.2 Mbits/sec                  
[  5]  27.70-27.80  sec   382 KBytes  31.3 Mbits/sec                  
[  5]  27.80-27.90  sec   518 KBytes  42.5 Mbits/sec                  
[  5]  27.90-28.00  sec   350 KBytes  28.7 Mbits/sec                  
[  5]  28.00-28.10  sec   393 KBytes  32.2 Mbits/sec                  
[  5]  28.10-28.20  sec   305 KBytes  25.0 Mbits/sec                  
[  5]  28.20-28.30  sec   174 KBytes  14.3 Mbits/sec                  
[  5]  28.30-28.40  sec   190 KBytes  15.6 Mbits/sec                  
[  5]  28.40-28.50  sec  93.2 KBytes  7.64 Mbits/sec                  
[  5]  28.50-28.60  sec   424 KBytes  34.7 Mbits/sec                  
[  5]  28.60-28.70  sec   289 KBytes  23.7 Mbits/sec                  
[  5]  28.70-28.80  sec   136 KBytes  11.1 Mbits/sec                  
[  5]  28.80-28.90  sec   318 KBytes  26.1 Mbits/sec                  
[  5]  28.90-29.00  sec   424 KBytes  34.7 Mbits/sec                  
[  5]  29.00-29.10  sec   252 KBytes  20.6 Mbits/sec                  
[  5]  29.10-29.20  sec   638 KBytes  52.2 Mbits/sec                  
[  5]  29.20-29.30  sec   257 KBytes  21.1 Mbits/sec                  
[  5]  29.30-29.40  sec  66.6 KBytes  5.45 Mbits/sec                  
[  5]  29.40-29.50  sec   107 KBytes  8.73 Mbits/sec                  
[  5]  29.50-29.60  sec  0.00 Bytes  0.00 bits/sec                  
[  5]  29.60-29.70  sec  0.00 Bytes  0.00 bits/sec                  
[  5]  29.70-29.80  sec  0.00 Bytes  0.00 bits/sec                  
[  5]  29.80-29.90  sec  0.00 Bytes  0.00 bits/sec                  
[  5]  29.90-30.00  sec  0.00 Bytes  0.00 bits/sec                  
[  5]  30.00-30.10  sec   242 KBytes  19.9 Mbits/sec                  
[  5]  30.10-30.20  sec  0.00 Bytes  0.00 bits/sec                  
[  5]  30.20-30.30  sec  0.00 Bytes  0.00 bits/sec                  
[  5]  30.30-30.40  sec   541 KBytes  44.3 Mbits/sec                  
[  5]  30.40-30.50  sec  0.00 Bytes  0.00 bits/sec                  
[  5]  30.50-30.60  sec  0.00 Bytes  0.00 bits/sec                  
[  5]  30.60-30.70  sec  0.00 Bytes  0.00 bits/sec                  
[  5]  30.70-30.80  sec  0.00 Bytes  0.00 bits/sec                  
[  5]  30.80-30.90  sec  0.00 Bytes  0.00 bits/sec                  
[  5]  30.90-31.00  sec   734 KBytes  60.2 Mbits/sec                  
[  5]  31.00-31.10  sec   232 KBytes  19.0 Mbits/sec                  
[  5]  31.10-31.20  sec   140 KBytes  11.4 Mbits/sec                  
[  5]  31.20-31.30  sec   125 KBytes  10.3 Mbits/sec                  
[  5]  31.30-31.40  sec   182 KBytes  14.9 Mbits/sec                  
[  5]  31.40-31.50  sec   113 KBytes  9.25 Mbits/sec                  
[  5]  31.50-31.60  sec   148 KBytes  12.1 Mbits/sec                  
[  5]  31.60-31.70  sec  89.2 KBytes  7.32 Mbits/sec                  
[  5]  31.70-31.80  sec   185 KBytes  15.2 Mbits/sec                  
[  5]  31.80-31.90  sec  42.6 KBytes  3.49 Mbits/sec                  
[  5]  31.90-32.00  sec  0.00 Bytes  0.00 bits/sec                  
[  5]  32.00-32.10  sec  1.33 KBytes   109 Kbits/sec                  
[  5]  32.10-32.20  sec  25.3 KBytes  2.07 Mbits/sec                  
[  5]  32.20-32.30  sec  5.33 KBytes   436 Kbits/sec                  
[  5]  32.30-32.40  sec  9.32 KBytes   765 Kbits/sec                  
[  5]  32.40-32.50  sec   148 KBytes  12.1 Mbits/sec                  
[  5]  32.50-32.60  sec   170 KBytes  14.0 Mbits/sec                  
[  5]  32.60-32.70  sec   322 KBytes  26.4 Mbits/sec                  
[  5]  32.70-32.80  sec  5.33 KBytes   436 Kbits/sec                  
[  5]  32.80-32.90  sec  0.00 Bytes  0.00 bits/sec                  
[  5]  32.90-33.00  sec  0.00 Bytes  0.00 bits/sec                  
[  5]  33.00-33.10  sec  0.00 Bytes  0.00 bits/sec                  
[  5]  33.10-33.20  sec  0.00 Bytes  0.00 bits/sec                  
[  5]  33.20-33.30  sec  0.00 Bytes  0.00 bits/sec                  
[  5]  33.30-33.40  sec  0.00 Bytes  0.00 bits/sec                  
[  5]  33.40-33.50  sec  0.00 Bytes  0.00 bits/sec                  
[  5]  33.50-33.60  sec  0.00 Bytes  0.00 bits/sec                  
[  5]  33.60-33.70  sec  0.00 Bytes  0.00 bits/sec                  
[  5]  33.70-33.80  sec  0.00 Bytes  0.00 bits/sec                  
[  5]  33.80-33.90  sec   523 KBytes  42.9 Mbits/sec                  
[  5]  33.90-34.00  sec  0.00 Bytes  0.00 bits/sec                  
[  5]  34.00-34.10  sec  0.00 Bytes  0.00 bits/sec                  
[  5]  34.10-34.20  sec  0.00 Bytes  0.00 bits/sec                  
[  5]  34.20-34.30  sec  0.00 Bytes  0.00 bits/sec                  
[  5]  34.30-34.40  sec  12.0 KBytes   983 Kbits/sec                  
[  5]  34.40-34.50  sec   807 KBytes  66.2 Mbits/sec                  
[  5]  34.50-34.60  sec   344 KBytes  28.2 Mbits/sec                  
[  5]  34.60-34.70  sec  0.00 Bytes  0.00 bits/sec                  
[  5]  34.70-34.80  sec  0.00 Bytes  0.00 bits/sec                  
[  5]  34.80-34.90  sec  37.3 KBytes  3.06 Mbits/sec                  
[  5]  34.90-35.00  sec  0.00 Bytes  0.00 bits/sec                  
[  5]  35.00-35.10  sec  0.00 Bytes  0.00 bits/sec                  
[  5]  35.10-35.20  sec  0.00 Bytes  0.00 bits/sec                  
[  5]  35.20-35.30  sec  0.00 Bytes  0.00 bits/sec                  
[  5]  35.30-35.40  sec  0.00 Bytes  0.00 bits/sec                  
[  5]  35.40-35.50  sec  5.33 KBytes   437 Kbits/sec                  
[  5]  35.50-35.60  sec  1.33 KBytes   109 Kbits/sec                  
[  5]  35.60-35.70  sec  18.6 KBytes  1.53 Mbits/sec                  
[  5]  35.70-35.80  sec   364 KBytes  29.8 Mbits/sec                  
[  5]  35.80-35.90  sec  0.00 Bytes  0.00 bits/sec                  
[  5]  35.90-36.00  sec  0.00 Bytes  0.00 bits/sec                  
[  5]  36.00-36.10  sec  86.6 KBytes  7.10 Mbits/sec                  
[  5]  36.10-36.20  sec   464 KBytes  38.0 Mbits/sec                  
[  5]  36.20-36.30  sec   117 KBytes  9.60 Mbits/sec                  
[  5]  36.30-36.40  sec   105 KBytes  8.62 Mbits/sec                  
[  5]  36.40-36.50  sec   116 KBytes  9.49 Mbits/sec                  
[  5]  36.50-36.60  sec   194 KBytes  15.9 Mbits/sec                  
[  5]  36.60-36.70  sec   113 KBytes  9.28 Mbits/sec                  
[  5]  36.70-36.80  sec  29.3 KBytes  2.40 Mbits/sec                  
[  5]  36.80-36.90  sec   229 KBytes  18.8 Mbits/sec                  
[  5]  36.90-37.00  sec  30.6 KBytes  2.51 Mbits/sec                  
[  5]  37.00-37.10  sec  78.6 KBytes  6.44 Mbits/sec                  
[  5]  37.10-37.20  sec  91.9 KBytes  7.53 Mbits/sec                  
[  5]  37.20-37.30  sec  14.7 KBytes  1.20 Mbits/sec                  
[  5]  37.30-37.40  sec  30.6 KBytes  2.51 Mbits/sec                  
[  5]  37.40-37.50  sec  0.00 Bytes  0.00 bits/sec                  
[  5]  37.50-37.60  sec  0.00 Bytes  0.00 bits/sec                  
[  5]  37.60-37.70  sec  0.00 Bytes  0.00 bits/sec                  
[  5]  37.70-37.80  sec  0.00 Bytes  0.00 bits/sec                  
[  5]  37.80-37.90  sec   547 KBytes  44.9 Mbits/sec                  
[  5]  37.90-38.00  sec  85.2 KBytes  6.99 Mbits/sec                  
[  5]  38.00-38.10  sec   258 KBytes  21.2 Mbits/sec                  
[  5]  38.10-38.20  sec   340 KBytes  27.8 Mbits/sec                  
[  5]  38.20-38.30  sec   348 KBytes  28.5 Mbits/sec                  
[  5]  38.30-38.40  sec   310 KBytes  25.4 Mbits/sec                  
[  5]  38.40-38.50  sec   232 KBytes  19.0 Mbits/sec                  
[  5]  38.50-38.60  sec  55.9 KBytes  4.59 Mbits/sec                  
[  5]  38.60-38.70  sec  75.9 KBytes  6.22 Mbits/sec                  
[  5]  38.70-38.80  sec  44.0 KBytes  3.60 Mbits/sec                  
[  5]  38.80-38.90  sec  20.0 KBytes  1.64 Mbits/sec                  
[  5]  38.90-39.00  sec  0.00 Bytes  0.00 bits/sec                  
[  5]  39.00-39.10  sec  37.3 KBytes  3.06 Mbits/sec                  
[  5]  39.10-39.20  sec   366 KBytes  30.0 Mbits/sec                  
[  5]  39.20-39.30  sec   149 KBytes  12.2 Mbits/sec                  
[  5]  39.30-39.40  sec  7.99 KBytes   655 Kbits/sec                  
[  5]  39.40-39.50  sec   246 KBytes  20.2 Mbits/sec                  
[  5]  39.50-39.60  sec   444 KBytes  36.3 Mbits/sec                  
[  5]  39.60-39.70  sec   409 KBytes  33.5 Mbits/sec                  
[  5]  39.70-39.80  sec   197 KBytes  16.1 Mbits/sec                  
[  5]  39.80-39.90  sec   220 KBytes  18.0 Mbits/sec                  
[  5]  39.90-40.00  sec   449 KBytes  36.8 Mbits/sec                  
[  5]  40.00-40.10  sec   288 KBytes  23.6 Mbits/sec                  
[  5]  40.10-40.20  sec   309 KBytes  25.3 Mbits/sec                  
[  5]  40.20-40.30  sec   296 KBytes  24.2 Mbits/sec                  
[  5]  40.30-40.40  sec   329 KBytes  27.0 Mbits/sec                  
[  5]  40.40-40.50  sec   332 KBytes  27.2 Mbits/sec                  
[  5]  40.50-40.60  sec   348 KBytes  28.5 Mbits/sec                  
[  5]  40.60-40.70  sec   344 KBytes  28.1 Mbits/sec                  
[  5]  40.70-40.80  sec   393 KBytes  32.2 Mbits/sec                  
[  5]  40.80-40.90  sec   446 KBytes  36.5 Mbits/sec                  
[  5]  40.90-41.00  sec   442 KBytes  36.0 Mbits/sec                  
[  5]  41.00-41.10  sec   438 KBytes  36.2 Mbits/sec                  
[  5]  41.10-41.20  sec   442 KBytes  36.2 Mbits/sec                  
[  5]  41.20-41.30  sec   404 KBytes  33.1 Mbits/sec                  
[  5]  41.30-41.40  sec   486 KBytes  39.8 Mbits/sec                  
[  5]  41.40-41.50  sec   514 KBytes  42.2 Mbits/sec                  
[  5]  41.50-41.60  sec   457 KBytes  37.4 Mbits/sec                  
[  5]  41.60-41.70  sec   538 KBytes  44.1 Mbits/sec                  
[  5]  41.70-41.80  sec   296 KBytes  24.2 Mbits/sec                  
[  5]  41.80-41.90  sec   256 KBytes  20.9 Mbits/sec                  
[  5]  41.90-42.00  sec   320 KBytes  26.0 Mbits/sec                  
[  5]  42.00-42.10  sec   583 KBytes  48.2 Mbits/sec                  
[  5]  42.10-42.20  sec   484 KBytes  39.6 Mbits/sec                  
[  5]  42.20-42.30  sec   765 KBytes  62.7 Mbits/sec                  
[  5]  42.30-42.40  sec   650 KBytes  53.2 Mbits/sec                  
[  5]  42.40-42.50  sec   453 KBytes  37.1 Mbits/sec                  
[  5]  42.50-42.60  sec   595 KBytes  48.9 Mbits/sec                  
[  5]  42.60-42.70  sec   571 KBytes  46.8 Mbits/sec                  
[  5]  42.70-42.80  sec   466 KBytes  38.2 Mbits/sec                  
[  5]  42.80-42.90  sec   286 KBytes  23.4 Mbits/sec                  
[  5]  42.90-43.00  sec   436 KBytes  35.7 Mbits/sec                  
[  5]  43.00-43.10  sec   161 KBytes  13.2 Mbits/sec                  
[  5]  43.10-43.20  sec   497 KBytes  40.7 Mbits/sec                  
[  5]  43.20-43.30  sec   462 KBytes  37.9 Mbits/sec                  
[  5]  43.30-43.40  sec   140 KBytes  11.5 Mbits/sec                  
[  5]  43.40-43.50  sec   176 KBytes  14.4 Mbits/sec                  
[  5]  43.50-43.60  sec   417 KBytes  34.2 Mbits/sec                  
[  5]  43.60-43.70  sec   170 KBytes  14.0 Mbits/sec                  
[  5]  43.70-43.80  sec   653 KBytes  53.5 Mbits/sec                  
[  5]  43.80-43.90  sec   300 KBytes  24.6 Mbits/sec                  
[  5]  43.90-44.00  sec   400 KBytes  32.7 Mbits/sec                  
[  5]  44.00-44.10  sec   377 KBytes  30.9 Mbits/sec                  
[  5]  44.10-44.20  sec   302 KBytes  24.8 Mbits/sec                  
[  5]  44.20-44.30  sec   424 KBytes  34.7 Mbits/sec                  
[  5]  44.30-44.40  sec   332 KBytes  27.2 Mbits/sec                  
[  5]  44.40-44.50  sec   129 KBytes  10.6 Mbits/sec                  
[  5]  44.50-44.60  sec   488 KBytes  39.9 Mbits/sec                  
[  5]  44.60-44.70  sec   611 KBytes  50.0 Mbits/sec                  
[  5]  44.70-44.80  sec   529 KBytes  43.3 Mbits/sec                  
[  5]  44.80-44.90  sec   240 KBytes  19.7 Mbits/sec                  
[  5]  44.90-45.00  sec   217 KBytes  17.8 Mbits/sec                  
[  5]  45.00-45.10  sec   289 KBytes  23.7 Mbits/sec                  
[  5]  45.10-45.20  sec   691 KBytes  56.7 Mbits/sec                  
[  5]  45.20-45.30  sec   273 KBytes  22.4 Mbits/sec                  
[  5]  45.30-45.40  sec   805 KBytes  65.9 Mbits/sec                  
[  5]  45.40-45.50  sec   381 KBytes  31.2 Mbits/sec                  
[  5]  45.50-45.60  sec   334 KBytes  27.4 Mbits/sec                  
[  5]  45.60-45.70  sec   333 KBytes  27.3 Mbits/sec                  
[  5]  45.70-45.80  sec   330 KBytes  27.0 Mbits/sec                  
[  5]  45.80-45.90  sec   517 KBytes  42.4 Mbits/sec                  
[  5]  45.90-46.00  sec   103 KBytes  8.40 Mbits/sec                  
[  5]  46.00-46.10  sec   274 KBytes  22.5 Mbits/sec                  
[  5]  46.10-46.20  sec   314 KBytes  25.8 Mbits/sec                  
[  5]  46.20-46.30  sec   341 KBytes  27.9 Mbits/sec                  
[  5]  46.30-46.40  sec   605 KBytes  49.5 Mbits/sec                  
[  5]  46.40-46.50  sec   313 KBytes  25.7 Mbits/sec                  
[  5]  46.50-46.60  sec   468 KBytes  38.3 Mbits/sec                  
[  5]  46.60-46.70  sec   535 KBytes  43.9 Mbits/sec                  
[  5]  46.70-46.80  sec   238 KBytes  19.5 Mbits/sec                  
[  5]  46.80-46.90  sec   579 KBytes  47.4 Mbits/sec                  
[  5]  46.90-47.00  sec   324 KBytes  26.5 Mbits/sec                  
[  5]  47.00-47.10  sec   563 KBytes  46.2 Mbits/sec                  
[  5]  47.10-47.20  sec   341 KBytes  27.9 Mbits/sec                  
[  5]  47.20-47.30  sec   448 KBytes  36.7 Mbits/sec                  
[  5]  47.30-47.40  sec   202 KBytes  16.6 Mbits/sec                  
[  5]  47.40-47.50  sec   145 KBytes  11.9 Mbits/sec                  
[  5]  47.50-47.60  sec   362 KBytes  29.7 Mbits/sec                  
[  5]  47.60-47.70  sec   212 KBytes  17.3 Mbits/sec                  
[  5]  47.70-47.80  sec   609 KBytes  49.9 Mbits/sec                  
[  5]  47.80-47.90  sec   368 KBytes  30.1 Mbits/sec                  
[  5]  47.90-48.00  sec   539 KBytes  44.2 Mbits/sec                  
[  5]  48.00-48.10  sec   312 KBytes  25.6 Mbits/sec                  
[  5]  48.10-48.20  sec   642 KBytes  52.6 Mbits/sec                  
[  5]  48.20-48.30  sec   266 KBytes  21.8 Mbits/sec                  
[  5]  48.30-48.40  sec   887 KBytes  72.8 Mbits/sec                  
[  5]  48.40-48.50  sec   163 KBytes  13.3 Mbits/sec                  
[  5]  48.50-48.60  sec   799 KBytes  65.5 Mbits/sec                  
[  5]  48.60-48.70  sec   384 KBytes  31.4 Mbits/sec                  
[  5]  48.70-48.80  sec   132 KBytes  10.8 Mbits/sec                  
[  5]  48.80-48.90  sec   555 KBytes  45.5 Mbits/sec                  
[  5]  48.90-49.00  sec   725 KBytes  59.4 Mbits/sec                  
[  5]  49.00-49.10  sec   454 KBytes  37.2 Mbits/sec                  
[  5]  49.10-49.20  sec   353 KBytes  28.9 Mbits/sec                  
[  5]  49.20-49.30  sec   357 KBytes  29.3 Mbits/sec                  
[  5]  49.30-49.40  sec   605 KBytes  49.5 Mbits/sec                  
[  5]  49.40-49.50  sec   193 KBytes  15.8 Mbits/sec                  
[  5]  49.50-49.60  sec   374 KBytes  30.7 Mbits/sec                  
[  5]  49.60-49.70  sec   936 KBytes  76.7 Mbits/sec                  
[  5]  49.70-49.80  sec   551 KBytes  45.2 Mbits/sec                  
[  5]  49.80-49.90  sec   358 KBytes  29.4 Mbits/sec                  
[  5]  49.90-50.00  sec   686 KBytes  56.2 Mbits/sec                  
[  5]  50.00-50.10  sec   517 KBytes  42.3 Mbits/sec                  
[  5]  50.10-50.20  sec   577 KBytes  47.2 Mbits/sec                  
[  5]  50.20-50.30  sec   559 KBytes  45.9 Mbits/sec                  
[  5]  50.30-50.40  sec   578 KBytes  47.3 Mbits/sec                  
[  5]  50.40-50.50  sec   615 KBytes  50.4 Mbits/sec                  
[  5]  50.50-50.60  sec   527 KBytes  43.2 Mbits/sec                  
[  5]  50.60-50.70  sec   141 KBytes  11.6 Mbits/sec                  
[  5]  50.70-50.80  sec  0.00 Bytes  0.00 bits/sec                  
[  5]  50.80-50.90  sec  13.3 KBytes  1.09 Mbits/sec                  
[  5]  50.90-51.01  sec  1.33 MBytes   104 Mbits/sec                  
[  5]  51.01-51.10  sec   683 KBytes  59.9 Mbits/sec                  
[  5]  51.10-51.20  sec   801 KBytes  65.6 Mbits/sec                  
[  5]  51.20-51.30  sec   919 KBytes  75.3 Mbits/sec                  
[  5]  51.30-51.40  sec   888 KBytes  72.8 Mbits/sec                  
[  5]  51.40-51.50  sec   986 KBytes  80.7 Mbits/sec                  
[  5]  51.50-51.60  sec   960 KBytes  78.7 Mbits/sec                  
[  5]  51.60-51.70  sec  1.00 MBytes  84.0 Mbits/sec                  
[  5]  51.70-51.80  sec   930 KBytes  76.2 Mbits/sec                  
[  5]  51.80-51.90  sec  1.08 MBytes  90.4 Mbits/sec                  
[  5]  51.90-52.00  sec   995 KBytes  81.5 Mbits/sec                  
[  5]  52.00-52.10  sec  1.16 MBytes  97.0 Mbits/sec                  
[  5]  52.10-52.20  sec  1.15 MBytes  96.3 Mbits/sec                  
[  5]  52.20-52.30  sec  1.24 MBytes   104 Mbits/sec                  
[  5]  52.30-52.40  sec   946 KBytes  77.5 Mbits/sec                  
[  5]  52.40-52.50  sec   875 KBytes  71.7 Mbits/sec                  
[  5]  52.50-52.60  sec   741 KBytes  60.7 Mbits/sec                  
[  5]  52.60-52.70  sec   313 KBytes  25.6 Mbits/sec                  
[  5]  52.70-52.80  sec  1.50 MBytes   126 Mbits/sec                  
[  5]  52.80-52.90  sec  1.20 MBytes   100 Mbits/sec                  
[  5]  52.90-53.00  sec  1.13 MBytes  94.7 Mbits/sec                  
[  5]  53.00-53.10  sec   962 KBytes  78.8 Mbits/sec                  
[  5]  53.10-53.20  sec  1.06 MBytes  88.8 Mbits/sec                  
[  5]  53.20-53.30  sec  1.13 MBytes  94.5 Mbits/sec                  
[  5]  53.30-53.40  sec  1.04 MBytes  87.2 Mbits/sec                  
[  5]  53.40-53.50  sec  1.17 MBytes  97.9 Mbits/sec                  
[  5]  53.50-53.60  sec  1.15 MBytes  96.0 Mbits/sec                  
[  5]  53.60-53.70  sec  1.09 MBytes  91.2 Mbits/sec                  
[  5]  53.70-53.80  sec  1.19 MBytes  99.5 Mbits/sec                  
[  5]  53.80-53.90  sec  1.05 MBytes  88.1 Mbits/sec                  
[  5]  53.90-54.00  sec  1.26 MBytes   106 Mbits/sec                  
[  5]  54.00-54.10  sec  1.08 MBytes  91.0 Mbits/sec                  
[  5]  54.10-54.20  sec  1.02 MBytes  85.7 Mbits/sec                  
[  5]  54.20-54.30  sec  1.11 MBytes  93.5 Mbits/sec                  
[  5]  54.30-54.40  sec  1.10 MBytes  92.3 Mbits/sec                  
[  5]  54.40-54.50  sec  1.13 MBytes  94.8 Mbits/sec                  
[  5]  54.50-54.60  sec   314 KBytes  25.7 Mbits/sec                  
[  5]  54.60-54.70  sec   121 KBytes  9.95 Mbits/sec                  
[  5]  54.70-54.80  sec   226 KBytes  18.6 Mbits/sec                  
[  5]  54.80-54.90  sec  49.3 KBytes  4.04 Mbits/sec                  
[  5]  54.90-55.00  sec  0.00 Bytes  0.00 bits/sec                  
[  5]  55.00-55.10  sec  0.00 Bytes  0.00 bits/sec                  
[  5]  55.10-55.20  sec  0.00 Bytes  0.00 bits/sec                  
[  5]  55.20-55.30  sec  1.92 MBytes   161 Mbits/sec                  
[  5]  55.30-55.40  sec  1.18 MBytes  98.6 Mbits/sec                  
[  5]  55.40-55.50  sec  1.13 MBytes  94.3 Mbits/sec                  
[  5]  55.50-55.60  sec  1.17 MBytes  98.5 Mbits/sec                  
[  5]  55.60-55.70  sec  1.32 MBytes   110 Mbits/sec                  
[  5]  55.70-55.80  sec  1.63 MBytes   136 Mbits/sec                  
[  5]  55.80-55.90  sec   837 KBytes  68.6 Mbits/sec                  
[  5]  55.90-56.00  sec   472 KBytes  38.6 Mbits/sec                  
[  5]  56.00-56.10  sec  2.15 MBytes   180 Mbits/sec                  
[  5]  56.10-56.20  sec  1.40 MBytes   118 Mbits/sec                  
[  5]  56.20-56.30  sec  1.46 MBytes   122 Mbits/sec                  
[  5]  56.30-56.40  sec  1.40 MBytes   117 Mbits/sec                  
[  5]  56.40-56.50  sec  1.28 MBytes   108 Mbits/sec                  
[  5]  56.50-56.60  sec  1.39 MBytes   117 Mbits/sec                  
[  5]  56.60-56.70  sec  1.28 MBytes   108 Mbits/sec                  
[  5]  56.70-56.80  sec   641 KBytes  52.5 Mbits/sec                  
[  5]  56.80-56.90  sec   538 KBytes  44.1 Mbits/sec                  
[  5]  56.90-57.00  sec   930 KBytes  76.1 Mbits/sec                  
[  5]  57.00-57.10  sec   754 KBytes  61.7 Mbits/sec                  
[  5]  57.10-57.20  sec  1.05 MBytes  88.1 Mbits/sec                  
[  5]  57.20-57.30  sec   618 KBytes  50.6 Mbits/sec                  
[  5]  57.30-57.40  sec   920 KBytes  75.4 Mbits/sec                  
[  5]  57.40-57.50  sec   725 KBytes  59.3 Mbits/sec                  
[  5]  57.50-57.60  sec   801 KBytes  65.6 Mbits/sec                  
[  5]  57.60-57.70  sec  1.10 MBytes  92.2 Mbits/sec                  
[  5]  57.70-57.80  sec  1.03 MBytes  86.2 Mbits/sec                  
[  5]  57.80-57.90  sec   998 KBytes  81.7 Mbits/sec                  
[  5]  57.90-58.00  sec   882 KBytes  72.2 Mbits/sec                  
[  5]  58.00-58.10  sec   741 KBytes  60.7 Mbits/sec                  
[  5]  58.10-58.20  sec   658 KBytes  53.9 Mbits/sec                  
[  5]  58.20-58.30  sec  1.20 MBytes   101 Mbits/sec                  
[  5]  58.30-58.40  sec   131 KBytes  10.7 Mbits/sec                  
[  5]  58.40-58.50  sec   196 KBytes  16.0 Mbits/sec                  
[  5]  58.50-58.60  sec   173 KBytes  14.2 Mbits/sec                  
[  5]  58.60-58.70  sec  0.00 Bytes  0.00 bits/sec                  
[  5]  58.70-58.80  sec  0.00 Bytes  0.00 bits/sec                  
[  5]  58.80-58.90  sec  0.00 Bytes  0.00 bits/sec                  
[  5]  58.90-59.00  sec  0.00 Bytes  0.00 bits/sec                  
[  5]  59.00-59.10  sec  0.00 Bytes  0.00 bits/sec                  
[  5]  59.10-59.20  sec  0.00 Bytes  0.00 bits/sec                  
[  5]  59.20-59.30  sec  2.13 MBytes   178 Mbits/sec                  
[  5]  59.30-59.40  sec  98.6 KBytes  8.07 Mbits/sec                  
[  5]  59.40-59.50  sec  0.00 Bytes  0.00 bits/sec                  
[  5]  59.50-59.60  sec  0.00 Bytes  0.00 bits/sec                  
[  5]  59.60-59.70  sec  0.00 Bytes  0.00 bits/sec                  
[  5]  59.70-59.80  sec  0.00 Bytes  0.00 bits/sec                  
[  5]  59.80-59.90  sec   133 KBytes  10.9 Mbits/sec                  
[  5]  59.90-60.00  sec  1.69 MBytes   141 Mbits/sec                  
- - - - - - - - - - - - - - - - - - - - - - - - -
[ ID] Interval           Transfer     Bitrate         Retr
[  5]   0.00-60.08  sec   626 MBytes  87.4 Mbits/sec  2323             sender
[  5]   0.00-60.00  sec   346 MBytes  48.4 Mbits/sec                  receiver

iperf Done.
End time: 1745176007698
