Start time: 1731016023762
[2024-11-07T16:47:08.845382-0500] traceroute to 54.197.223.49 (54.197.223.49), 30 hops max, 60 byte packets
[2024-11-07T16:47:08.846365-0500]  1  * * *
[2024-11-07T16:47:08.846434-0500]  2  * * *
[2024-11-07T16:47:08.846477-0500]  3  * * *
[2024-11-07T16:47:08.846514-0500]  4  * * *
[2024-11-07T16:47:08.846552-0500]  5  * * *
[2024-11-07T16:47:13.850866-0500]  6  * * *
[2024-11-07T16:47:13.852259-0500]  7  * * *
[2024-11-07T16:47:13.854070-0500]  8  * * *
[2024-11-07T16:47:13.856341-0500]  9  * * *
[2024-11-07T16:47:13.856933-0500] 10  * * *
[2024-11-07T16:47:18.855433-0500] 11  * * *
[2024-11-07T16:47:18.855863-0500] 12  * * *
[2024-11-07T16:47:18.855982-0500] 13  * * *
[2024-11-07T16:47:18.865185-0500] 14  * * *
[2024-11-07T16:47:18.865319-0500] 15  * * *
[2024-11-07T16:47:23.863498-0500] 16  * * *
[2024-11-07T16:47:23.863797-0500] 17  * * *
[2024-11-07T16:47:23.867210-0500] 18  * * *
[2024-11-07T16:47:23.867287-0500] 19  * * *
[2024-11-07T16:47:23.869909-0500] 20  * * *
[2024-11-07T16:47:23.872431-0500] 21  * * *
[2024-11-07T16:47:28.870619-0500] 22  * * *
[2024-11-07T16:47:28.870975-0500] 23  * * *
[2024-11-07T16:47:28.871072-0500] 24  * * *
[2024-11-07T16:47:28.878253-0500] 25  * * *
[2024-11-07T16:47:28.878448-0500] 26  * * *
[2024-11-07T16:47:33.826269-0500] 27  * *End time: 1731016053911
