Start time: 1731104356541
[2024-11-08T17:19:21.644701-0500] traceroute to 54.197.223.49 (54.197.223.49), 30 hops max, 60 byte packets
[2024-11-08T17:19:21.645414-0500]  1  * * *
[2024-11-08T17:19:21.645460-0500]  2  * * *
[2024-11-08T17:19:21.645495-0500]  3  * * *
[2024-11-08T17:19:21.645528-0500]  4  * * *
[2024-11-08T17:19:21.659078-0500]  5  * * *
[2024-11-08T17:19:26.653342-0500]  6  * * *
[2024-11-08T17:19:26.653831-0500]  7  * * *
[2024-11-08T17:19:26.669573-0500]  8  * * *
[2024-11-08T17:19:26.669835-0500]  9  * * *
[2024-11-08T17:19:26.669909-0500] 10  * * *
[2024-11-08T17:19:31.663282-0500] 11  * * *
[2024-11-08T17:19:31.673382-0500] 12  * * *
[2024-11-08T17:19:31.673705-0500] 13  * * *
[2024-11-08T17:19:31.686336-0500] 14  * * *
[2024-11-08T17:19:31.686663-0500] 15  * * *
[2024-11-08T17:19:36.672713-0500] 16  * * *
[2024-11-08T17:19:36.678743-0500] 17  * * *
[2024-11-08T17:19:36.683241-0500] 18  * * *
[2024-11-08T17:19:36.689434-0500] 19  * * *
[2024-11-08T17:19:36.692150-0500] 20  * * *
[2024-11-08T17:19:36.694282-0500] 21  * * *
[2024-11-08T17:19:41.681724-0500] 22  * * *
[2024-11-08T17:19:41.688498-0500] 23  * * *
[2024-11-08T17:19:41.692043-0500] 24  * * *
[2024-11-08T17:19:41.695276-0500] 25  * * *
[2024-11-08T17:19:41.695343-0500] 26  * * *
[2024-11-08T17:19:46.634015-0500] 27  * *End time: 1731104386694
