Start time: 1730837137835
[2024-11-05T14:05:38.943593-0600] nuttcp-r: v8.1.4: socket
[2024-11-05T14:05:38.944395-0600] nuttcp-r: buflen=65536, nstream=1, port=5379 tcp
[2024-11-05T14:05:38.944469-0600] nuttcp-r: interval reporting every 0.50 seconds
[2024-11-05T14:05:38.944526-0600] nuttcp-r: connect to 54.197.223.49 with RTT=133.331 ms af=inet
[2024-11-05T14:05:38.944581-0600] nuttcp-r: send window size = 2097152, receive window size = 6291456
[2024-11-05T14:05:38.944636-0600] nuttcp-r: available send window = 1572864, available receive window = 4718592
[2024-11-05T14:05:38.944686-0600]     0.0625 MB /   0.50 sec =    1.0482 Mbps     0 retrans     13 KB-cwnd
[2024-11-05T14:05:39.443560-0600]     0.3750 MB /   0.50 sec =    6.2918 Mbps     0 retrans     13 KB-cwnd
[2024-11-05T14:05:39.943357-0600]     1.5625 MB /   0.50 sec =   26.2210 Mbps     0 retrans     13 KB-cwnd
[2024-11-05T14:05:40.443585-0600]     1.3750 MB /   0.50 sec =   23.0613 Mbps     0 retrans     13 KB-cwnd
[2024-11-05T14:05:40.943307-0600]     6.5000 MB /   0.50 sec =  109.0864 Mbps     0 retrans     13 KB-cwnd
[2024-11-05T14:05:41.443429-0600]     3.7500 MB /   0.50 sec =   62.9088 Mbps     0 retrans     13 KB-cwnd
[2024-11-05T14:05:41.943424-0600]     7.5625 MB /   0.50 sec =  126.8767 Mbps     0 retrans     13 KB-cwnd
[2024-11-05T14:05:42.443427-0600]     6.0625 MB /   0.50 sec =  101.7107 Mbps     0 retrans     13 KB-cwnd
[2024-11-05T14:05:42.943404-0600]     6.8125 MB /   0.50 sec =  114.2978 Mbps     0 retrans     13 KB-cwnd
[2024-11-05T14:05:43.443421-0600]     7.8750 MB /   0.50 sec =  132.1177 Mbps     0 retrans     13 KB-cwnd
[2024-11-05T14:05:43.943392-0600]     7.8125 MB /   0.50 sec =  131.0765 Mbps     0 retrans     13 KB-cwnd
[2024-11-05T14:05:44.443379-0600]     4.6875 MB /   0.50 sec =   78.6476 Mbps     0 retrans     13 KB-cwnd
[2024-11-05T14:05:44.943494-0600]     4.1250 MB /   0.50 sec =   69.1984 Mbps     0 retrans     13 KB-cwnd
[2024-11-05T14:05:45.443496-0600]     4.6250 MB /   0.50 sec =   77.5847 Mbps     0 retrans     13 KB-cwnd
[2024-11-05T14:05:45.943484-0600]    12.4375 MB /   0.50 sec =  208.6808 Mbps     0 retrans     13 KB-cwnd
[2024-11-05T14:05:46.443564-0600]     9.6250 MB /   0.50 sec =  161.4985 Mbps     0 retrans     13 KB-cwnd
[2024-11-05T14:05:46.943449-0600]    14.5000 MB /   0.50 sec =  243.2648 Mbps     0 retrans     13 KB-cwnd
[2024-11-05T14:05:47.443522-0600]     7.3750 MB /   0.50 sec =  123.7077 Mbps     0 retrans     13 KB-cwnd
[2024-11-05T14:05:47.943508-0600]    10.7500 MB /   0.50 sec =  180.3619 Mbps     0 retrans     13 KB-cwnd
[2024-11-05T14:05:48.443523-0600]    10.5625 MB /   0.50 sec =  177.2047 Mbps     0 retrans     13 KB-cwnd
[2024-11-05T14:05:48.943466-0600]    12.5625 MB /   0.50 sec =  210.7794 Mbps     0 retrans     13 KB-cwnd
[2024-11-05T14:05:49.443509-0600]     8.1875 MB /   0.50 sec =  137.3547 Mbps     0 retrans     13 KB-cwnd
[2024-11-05T14:05:49.943472-0600]     7.8125 MB /   0.50 sec =  131.0780 Mbps     0 retrans     13 KB-cwnd
[2024-11-05T14:05:50.443368-0600]     9.4375 MB /   0.50 sec =  158.3518 Mbps     0 retrans     13 KB-cwnd
[2024-11-05T14:05:50.943522-0600]     8.8125 MB /   0.50 sec =  147.8229 Mbps     0 retrans     13 KB-cwnd
[2024-11-05T14:05:51.443484-0600]    10.0625 MB /   0.50 sec =  168.8630 Mbps     0 retrans     13 KB-cwnd
[2024-11-05T14:05:51.943474-0600]     6.5625 MB /   0.50 sec =  110.0855 Mbps     0 retrans     13 KB-cwnd
[2024-11-05T14:05:52.443397-0600]     8.6250 MB /   0.50 sec =  144.7203 Mbps     0 retrans     13 KB-cwnd
[2024-11-05T14:05:52.943467-0600]     5.7500 MB /   0.50 sec =   96.4599 Mbps     0 retrans     13 KB-cwnd
[2024-11-05T14:05:53.443510-0600]     8.3750 MB /   0.50 sec =  140.4963 Mbps     0 retrans     13 KB-cwnd
[2024-11-05T14:05:53.943499-0600]     9.1250 MB /   0.50 sec =  153.0890 Mbps     0 retrans     13 KB-cwnd
[2024-11-05T14:05:54.443311-0600]    14.0000 MB /   0.50 sec =  234.9412 Mbps     0 retrans     13 KB-cwnd
[2024-11-05T14:05:54.943508-0600]    12.8125 MB /   0.50 sec =  214.9129 Mbps     0 retrans     13 KB-cwnd
[2024-11-05T14:05:55.443397-0600]    12.7500 MB /   0.50 sec =  213.9446 Mbps     0 retrans     13 KB-cwnd
[2024-11-05T14:05:55.943602-0600]    14.5625 MB /   0.50 sec =  244.2933 Mbps     0 retrans     13 KB-cwnd
[2024-11-05T14:05:56.443514-0600]    13.6250 MB /   0.50 sec =  228.5608 Mbps     0 retrans     13 KB-cwnd
[2024-11-05T14:05:56.943474-0600]    11.7500 MB /   0.50 sec =  197.1410 Mbps     0 retrans     13 KB-cwnd
[2024-11-05T14:05:57.443413-0600]    14.1875 MB /   0.50 sec =  238.0667 Mbps     0 retrans     13 KB-cwnd
[2024-11-05T14:05:57.943557-0600]    16.6875 MB /   0.50 sec =  279.9132 Mbps     0 retrans     15 KB-cwnd
[2024-11-05T14:05:58.443551-0600]    14.3750 MB /   0.50 sec =  241.1657 Mbps     0 retrans     25 KB-cwnd
[2024-11-05T14:05:58.943407-0600]    11.3750 MB /   0.50 sec =  190.8611 Mbps     0 retrans     26 KB-cwnd
[2024-11-05T14:05:59.443507-0600]    16.8750 MB /   0.50 sec =  283.1212 Mbps     0 retrans     26 KB-cwnd
[2024-11-05T14:05:59.943344-0600]     2.6875 MB /   0.50 sec =   45.0927 Mbps     0 retrans     26 KB-cwnd
[2024-11-05T14:06:00.443479-0600]    15.7500 MB /   0.50 sec =  264.2269 Mbps     0 retrans     26 KB-cwnd
[2024-11-05T14:06:00.943441-0600]    16.0000 MB /   0.50 sec =  268.4430 Mbps     0 retrans     26 KB-cwnd
[2024-11-05T14:06:01.444537-0600]    20.2500 MB /   0.50 sec =  339.6904 Mbps   253 retrans   6662 KB-cwnd
[2024-11-05T14:06:01.943449-0600]    13.8750 MB /   0.50 sec =  232.8141 Mbps     0 retrans   6662 KB-cwnd
[2024-11-05T14:06:02.443464-0600]    12.3125 MB /   0.50 sec =  206.5695 Mbps     0 retrans   6662 KB-cwnd
[2024-11-05T14:06:02.943454-0600]    12.6875 MB /   0.50 sec =  212.8609 Mbps     0 retrans   6662 KB-cwnd
[2024-11-05T14:06:03.443541-0600]     9.1250 MB /   0.50 sec =  153.0673 Mbps     0 retrans   6662 KB-cwnd
[2024-11-05T14:06:03.943416-0600]     5.0625 MB /   0.50 sec =   84.9488 Mbps     0 retrans   6662 KB-cwnd
[2024-11-05T14:06:04.443491-0600]    14.1875 MB /   0.50 sec =  238.0010 Mbps     0 retrans   6662 KB-cwnd
[2024-11-05T14:06:04.943480-0600]    12.5000 MB /   0.50 sec =  209.7139 Mbps     0 retrans   6662 KB-cwnd
[2024-11-05T14:06:05.443476-0600]    13.3125 MB /   0.50 sec =  223.3476 Mbps     0 retrans   6662 KB-cwnd
[2024-11-05T14:06:05.943538-0600]     8.9375 MB /   0.50 sec =  149.9653 Mbps     0 retrans   6662 KB-cwnd
[2024-11-05T14:06:06.443595-0600]     9.6250 MB /   0.50 sec =  161.4252 Mbps     0 retrans   6662 KB-cwnd
[2024-11-05T14:06:06.943517-0600]    11.0000 MB /   0.50 sec =  184.5808 Mbps     0 retrans   6662 KB-cwnd
[2024-11-05T14:06:07.443470-0600]    12.7500 MB /   0.50 sec =  213.9463 Mbps   720 retrans   6090 KB-cwnd
[2024-11-05T14:06:07.943460-0600]     7.5000 MB /   0.50 sec =  125.8188 Mbps     0 retrans   6090 KB-cwnd
[2024-11-05T14:06:08.443465-0600]     9.0625 MB /   0.50 sec =  152.0408 Mbps     0 retrans   6090 KB-cwnd
[2024-11-05T14:06:08.943365-0600]    12.8125 MB /   0.50 sec =  214.9757 Mbps     1 retrans   6215 KB-cwnd
[2024-11-05T14:06:09.443469-0600]     8.6875 MB /   0.50 sec =  145.7366 Mbps     0 retrans   6249 KB-cwnd
[2024-11-05T14:06:09.943336-0600]    11.4375 MB /   0.50 sec =  191.9178 Mbps     0 retrans   6479 KB-cwnd
[2024-11-05T14:06:10.443523-0600]     7.8125 MB /   0.50 sec =  131.0461 Mbps     0 retrans   6479 KB-cwnd
[2024-11-05T14:06:10.943385-0600]    11.8125 MB /   0.50 sec =  198.2249 Mbps     0 retrans   6534 KB-cwnd
[2024-11-05T14:06:11.443531-0600]    10.5625 MB /   0.50 sec =  177.1689 Mbps     0 retrans   6534 KB-cwnd
[2024-11-05T14:06:11.943397-0600]    14.0625 MB /   0.50 sec =  235.9810 Mbps     0 retrans   6534 KB-cwnd
[2024-11-05T14:06:12.443449-0600]     9.5625 MB /   0.50 sec =  160.4113 Mbps     0 retrans   6812 KB-cwnd
[2024-11-05T14:06:12.943471-0600]    11.2500 MB /   0.50 sec =  188.7407 Mbps     0 retrans   6812 KB-cwnd
[2024-11-05T14:06:13.443348-0600]    13.9375 MB /   0.50 sec =  233.8638 Mbps     0 retrans   6882 KB-cwnd
[2024-11-05T14:06:13.943403-0600]     9.3125 MB /   0.50 sec =  156.2409 Mbps   492 retrans   6050 KB-cwnd
[2024-11-05T14:06:14.443491-0600]     4.2500 MB /   0.50 sec =   71.2923 Mbps     0 retrans   6050 KB-cwnd
[2024-11-05T14:06:14.943489-0600]     4.8125 MB /   0.50 sec =   80.7384 Mbps     0 retrans   6050 KB-cwnd
[2024-11-05T14:06:15.443464-0600]     0.0000 MB /   0.50 sec =    0.0000 Mbps     0 retrans   6050 KB-cwnd
[2024-11-05T14:06:15.943429-0600]    13.9375 MB /   0.50 sec =  233.8427 Mbps     0 retrans   5844 KB-cwnd
[2024-11-05T14:06:16.443389-0600]     8.6250 MB /   0.50 sec =  144.7099 Mbps     0 retrans   5844 KB-cwnd
[2024-11-05T14:06:16.943534-0600]    14.6250 MB /   0.50 sec =  245.3162 Mbps     0 retrans   5844 KB-cwnd
[2024-11-05T14:06:17.443527-0600]    13.9375 MB /   0.50 sec =  233.8334 Mbps     0 retrans   5844 KB-cwnd
[2024-11-05T14:06:17.943672-0600]     3.0625 MB /   0.50 sec =   51.3740 Mbps     0 retrans   5844 KB-cwnd
[2024-11-05T14:06:18.443401-0600]    10.1875 MB /   0.50 sec =  170.9757 Mbps    82 retrans   5634 KB-cwnd
[2024-11-05T14:06:18.943481-0600]     1.0625 MB /   0.50 sec =   17.8227 Mbps     0 retrans   5634 KB-cwnd
[2024-11-05T14:06:19.443574-0600]     0.0000 MB /   0.50 sec =    0.0000 Mbps     0 retrans   5634 KB-cwnd
[2024-11-05T14:06:19.943355-0600]     6.1250 MB /   0.50 sec =  102.7853 Mbps     0 retrans   5634 KB-cwnd
[2024-11-05T14:06:20.443666-0600]     3.9375 MB /   0.50 sec =   66.0467 Mbps     0 retrans   5634 KB-cwnd
[2024-11-05T14:06:20.943503-0600]     3.1875 MB /   0.50 sec =   53.4795 Mbps     0 retrans   5634 KB-cwnd
[2024-11-05T14:06:21.443509-0600]     2.2500 MB /   0.50 sec =   37.7495 Mbps     0 retrans   5634 KB-cwnd
[2024-11-05T14:06:21.943455-0600]     5.1875 MB /   0.50 sec =   87.0356 Mbps     0 retrans   5634 KB-cwnd
[2024-11-05T14:06:22.443355-0600]     4.1250 MB /   0.50 sec =   69.2124 Mbps     0 retrans   5634 KB-cwnd
[2024-11-05T14:06:22.943469-0600]     3.1875 MB /   0.50 sec =   53.4747 Mbps     0 retrans   5634 KB-cwnd
[2024-11-05T14:06:23.443511-0600]     8.1875 MB /   0.50 sec =  137.3470 Mbps     0 retrans   5634 KB-cwnd
[2024-11-05T14:06:23.943458-0600]     6.4375 MB /   0.50 sec =  108.0150 Mbps     0 retrans   5634 KB-cwnd
[2024-11-05T14:06:24.443805-0600]     5.2500 MB /   0.50 sec =   88.0661 Mbps     0 retrans   5634 KB-cwnd
[2024-11-05T14:06:24.943399-0600]     7.1875 MB /   0.50 sec =  120.6171 Mbps     0 retrans   5634 KB-cwnd
[2024-11-05T14:06:25.443426-0600]     6.7500 MB /   0.50 sec =  113.2340 Mbps     0 retrans   5634 KB-cwnd
[2024-11-05T14:06:25.943302-0600]     8.0000 MB /   0.50 sec =  134.2387 Mbps    79 retrans      5 KB-cwnd
[2024-11-05T14:06:26.443506-0600]     6.9375 MB /   0.50 sec =  116.3782 Mbps     0 retrans      5 KB-cwnd
[2024-11-05T14:06:26.943338-0600]     3.3125 MB /   0.50 sec =   55.5802 Mbps     0 retrans      5 KB-cwnd
[2024-11-05T14:06:27.443606-0600]     5.9375 MB /   0.50 sec =   99.5821 Mbps     0 retrans      5 KB-cwnd
[2024-11-05T14:06:27.943510-0600]    10.1250 MB /   0.50 sec =  169.9111 Mbps     0 retrans      5 KB-cwnd
[2024-11-05T14:06:28.443484-0600]     8.1875 MB /   0.50 sec =  137.3497 Mbps     0 retrans      5 KB-cwnd
[2024-11-05T14:06:28.943490-0600]     8.0000 MB /   0.50 sec =  134.2212 Mbps     0 retrans      5 KB-cwnd
[2024-11-05T14:06:29.443479-0600]     4.5625 MB /   0.50 sec =   76.5514 Mbps     0 retrans      5 KB-cwnd
[2024-11-05T14:06:29.943528-0600]     6.3125 MB /   0.50 sec =  105.8914 Mbps     0 retrans      5 KB-cwnd
[2024-11-05T14:06:30.443446-0600]     6.0625 MB /   0.50 sec =  101.7149 Mbps     0 retrans      5 KB-cwnd
[2024-11-05T14:06:30.943648-0600]     7.3750 MB /   0.50 sec =  123.7292 Mbps     0 retrans      5 KB-cwnd
[2024-11-05T14:06:31.443399-0600]     3.7500 MB /   0.50 sec =   62.9197 Mbps    82 retrans   5890 KB-cwnd
[2024-11-05T14:06:31.943557-0600]     8.0000 MB /   0.50 sec =  134.1976 Mbps     0 retrans   5892 KB-cwnd
[2024-11-05T14:06:32.443741-0600]     2.1250 MB /   0.50 sec =   35.6480 Mbps     0 retrans   5892 KB-cwnd
[2024-11-05T14:06:32.943624-0600]     4.6875 MB /   0.50 sec =   78.6435 Mbps     0 retrans   5892 KB-cwnd
[2024-11-05T14:06:33.443582-0600]     8.4375 MB /   0.50 sec =  141.5620 Mbps     0 retrans   5892 KB-cwnd
[2024-11-05T14:06:33.943485-0600]     8.5000 MB /   0.50 sec =  142.6431 Mbps     0 retrans   5892 KB-cwnd
[2024-11-05T14:06:34.443357-0600]     6.5625 MB /   0.50 sec =  110.1038 Mbps     0 retrans   5892 KB-cwnd
[2024-11-05T14:06:34.943485-0600]     9.3125 MB /   0.50 sec =  156.2194 Mbps     0 retrans   5892 KB-cwnd
[2024-11-05T14:06:35.443513-0600]     9.6875 MB /   0.50 sec =  162.5316 Mbps     0 retrans   5892 KB-cwnd
[2024-11-05T14:06:35.943725-0600]    12.0625 MB /   0.50 sec =  202.3699 Mbps     0 retrans   5892 KB-cwnd
[2024-11-05T14:06:36.443478-0600]     9.3125 MB /   0.50 sec =  156.2331 Mbps   161 retrans   4347 KB-cwnd
[2024-11-05T14:06:36.943582-0600]     7.0000 MB /   0.50 sec =  117.4335 Mbps     0 retrans   4347 KB-cwnd
[2024-11-05T14:06:37.443388-0600]     2.1875 MB /   0.50 sec =   36.7071 Mbps     0 retrans   4347 KB-cwnd
[2024-11-05T14:06:37.943554-0600]    18.8125 MB /   0.50 sec =  315.5772 Mbps     1 retrans   4347 KB-cwnd
[2024-11-05T14:06:38.443447-0600]    13.2500 MB /   0.50 sec =  222.3203 Mbps     0 retrans   4347 KB-cwnd
[2024-11-05T14:06:38.943487-0600]    12.4375 MB /   0.50 sec =  208.6512 Mbps     0 retrans   4347 KB-cwnd
[2024-11-05T14:06:39.443460-0600]    16.1875 MB /   0.50 sec =  271.6083 Mbps   173 retrans   3090 KB-cwnd
[2024-11-05T14:06:39.943533-0600]    14.3125 MB /   0.50 sec =  240.0889 Mbps     0 retrans   3090 KB-cwnd
[2024-11-05T14:06:40.443346-0600]    21.6250 MB /   0.50 sec =  362.8958 Mbps     0 retrans   3090 KB-cwnd
[2024-11-05T14:06:40.943559-0600]    11.2500 MB /   0.50 sec =  188.6912 Mbps     0 retrans   3090 KB-cwnd
[2024-11-05T14:06:41.443461-0600]    16.6875 MB /   0.50 sec =  279.9995 Mbps     1 retrans   3090 KB-cwnd
[2024-11-05T14:06:41.943610-0600]     1.8125 MB /   0.50 sec =   30.4041 Mbps   120 retrans   4917 KB-cwnd
[2024-11-05T14:06:42.443442-0600]    17.1250 MB /   0.50 sec =  287.3891 Mbps     1 retrans   4917 KB-cwnd
[2024-11-05T14:06:42.943553-0600]    19.3125 MB /   0.50 sec =  323.9899 Mbps     0 retrans   4936 KB-cwnd
[2024-11-05T14:06:43.443456-0600]    18.1875 MB /   0.50 sec =  305.1527 Mbps     0 retrans   4936 KB-cwnd
[2024-11-05T14:06:43.943450-0600]    16.6875 MB /   0.50 sec =  279.9508 Mbps    81 retrans   8754 KB-cwnd
[2024-11-05T14:06:44.443400-0600]    21.6250 MB /   0.50 sec =  362.8095 Mbps     0 retrans   8754 KB-cwnd
[2024-11-05T14:06:44.943499-0600]    19.3750 MB /   0.50 sec =  325.0579 Mbps     2 retrans   8754 KB-cwnd
[2024-11-05T14:06:45.443477-0600]    13.2500 MB /   0.50 sec =  222.2812 Mbps     0 retrans   8754 KB-cwnd
[2024-11-05T14:06:45.943527-0600]    20.8750 MB /   0.50 sec =  350.2188 Mbps    68 retrans   7475 KB-cwnd
[2024-11-05T14:06:46.443801-0600]    14.8125 MB /   0.50 sec =  248.4742 Mbps     0 retrans   8770 KB-cwnd
[2024-11-05T14:06:46.943591-0600]    16.2500 MB /   0.50 sec =  272.6428 Mbps     0 retrans   9096 KB-cwnd
[2024-11-05T14:06:47.443578-0600]    17.4375 MB /   0.50 sec =  292.5603 Mbps     1 retrans   9172 KB-cwnd
[2024-11-05T14:06:47.943403-0600]    15.3750 MB /   0.50 sec =  258.0028 Mbps     0 retrans   9172 KB-cwnd
[2024-11-05T14:06:48.443644-0600]    11.8750 MB /   0.50 sec =  199.2083 Mbps    76 retrans   9055 KB-cwnd
[2024-11-05T14:06:48.943459-0600]    14.2500 MB /   0.50 sec =  239.0949 Mbps     0 retrans   9055 KB-cwnd
[2024-11-05T14:06:49.443468-0600]    19.8125 MB /   0.50 sec =  332.3806 Mbps     0 retrans   4599 KB-cwnd
[2024-11-05T14:06:49.943531-0600]    12.2500 MB /   0.50 sec =  205.5098 Mbps     1 retrans   4599 KB-cwnd
[2024-11-05T14:06:50.443478-0600]    10.5000 MB /   0.50 sec =  176.1643 Mbps     0 retrans   4599 KB-cwnd
[2024-11-05T14:06:50.943370-0600]     0.4375 MB /   0.50 sec =    7.3411 Mbps     0 retrans   4599 KB-cwnd
[2024-11-05T14:06:51.443432-0600]    16.5625 MB /   0.50 sec =  277.8726 Mbps   154 retrans   9907 KB-cwnd
[2024-11-05T14:06:51.943519-0600]     0.0000 MB /   0.50 sec =    0.0000 Mbps     0 retrans   9907 KB-cwnd
[2024-11-05T14:06:52.443496-0600]     9.0625 MB /   0.50 sec =  152.0785 Mbps     0 retrans  10115 KB-cwnd
[2024-11-05T14:06:52.943443-0600]     6.0000 MB /   0.50 sec =  100.6498 Mbps     0 retrans  10231 KB-cwnd
[2024-11-05T14:06:53.443758-0600]     0.0000 MB /   0.50 sec =    0.0000 Mbps     0 retrans  10231 KB-cwnd
[2024-11-05T14:06:53.943533-0600]     0.0000 MB /   0.50 sec =    0.0000 Mbps     0 retrans  10231 KB-cwnd
[2024-11-05T14:06:54.443509-0600]     3.8125 MB /   0.50 sec =   63.9642 Mbps     0 retrans  10324 KB-cwnd
[2024-11-05T14:06:54.943502-0600]     4.9375 MB /   0.50 sec =   82.8388 Mbps     0 retrans  10541 KB-cwnd
[2024-11-05T14:06:55.443471-0600]     0.7500 MB /   0.50 sec =   12.5831 Mbps     0 retrans  10541 KB-cwnd
[2024-11-05T14:06:55.943550-0600]     1.5625 MB /   0.50 sec =   26.2121 Mbps     0 retrans  10541 KB-cwnd
[2024-11-05T14:06:56.443384-0600]     1.7500 MB /   0.50 sec =   29.3683 Mbps     0 retrans  10541 KB-cwnd
[2024-11-05T14:06:56.943519-0600]     1.4375 MB /   0.50 sec =   24.1145 Mbps     0 retrans  10541 KB-cwnd
[2024-11-05T14:06:57.443520-0600]     1.0625 MB /   0.50 sec =   17.8237 Mbps     0 retrans  10541 KB-cwnd
[2024-11-05T14:06:57.943437-0600]     3.0625 MB /   0.50 sec =   51.3880 Mbps     0 retrans  10552 KB-cwnd
[2024-11-05T14:06:58.443528-0600]     5.2500 MB /   0.50 sec =   88.0674 Mbps     0 retrans  10552 KB-cwnd
[2024-11-05T14:06:58.943495-0600]     3.0625 MB /   0.50 sec =   51.3835 Mbps     0 retrans  10552 KB-cwnd
[2024-11-05T14:06:59.443637-0600]     0.0000 MB /   0.50 sec =    0.0000 Mbps     0 retrans  10552 KB-cwnd
[2024-11-05T14:06:59.943468-0600]     5.5000 MB /   0.50 sec =   92.2948 Mbps     0 retrans  10552 KB-cwnd
[2024-11-05T14:07:00.443596-0600]     2.7500 MB /   0.50 sec =   46.1289 Mbps     0 retrans  10552 KB-cwnd
[2024-11-05T14:07:00.943488-0600]     2.6875 MB /   0.50 sec =   45.0960 Mbps     0 retrans  10654 KB-cwnd
[2024-11-05T14:07:01.443638-0600]     2.8750 MB /   0.50 sec =   48.2202 Mbps     0 retrans  10654 KB-cwnd
[2024-11-05T14:07:01.943421-0600]     2.6875 MB /   0.50 sec =   45.1068 Mbps     0 retrans  10654 KB-cwnd
[2024-11-05T14:07:02.443366-0600]     5.6875 MB /   0.50 sec =   95.4185 Mbps    57 retrans   7827 KB-cwnd
[2024-11-05T14:07:02.943453-0600]     5.8750 MB /   0.50 sec =   98.5728 Mbps     0 retrans   7827 KB-cwnd
[2024-11-05T14:07:03.443505-0600]     4.8750 MB /   0.50 sec =   81.7709 Mbps     0 retrans   7827 KB-cwnd
[2024-11-05T14:07:03.943532-0600]     4.0625 MB /   0.50 sec =   68.1561 Mbps     0 retrans   7827 KB-cwnd
[2024-11-05T14:07:04.443538-0600]     8.0000 MB /   0.50 sec =  134.2465 Mbps     0 retrans   7827 KB-cwnd
[2024-11-05T14:07:04.943413-0600]     6.6250 MB /   0.50 sec =  111.1511 Mbps     0 retrans   7827 KB-cwnd
[2024-11-05T14:07:05.443488-0600]     6.7500 MB /   0.50 sec =  113.2272 Mbps     0 retrans   7827 KB-cwnd
[2024-11-05T14:07:05.943490-0600]     5.3125 MB /   0.50 sec =   89.1261 Mbps     0 retrans   7827 KB-cwnd
[2024-11-05T14:07:06.443436-0600]    11.6250 MB /   0.50 sec =  195.0663 Mbps     0 retrans   7827 KB-cwnd
[2024-11-05T14:07:06.943424-0600]     5.5625 MB /   0.50 sec =   93.3152 Mbps     0 retrans   7827 KB-cwnd
[2024-11-05T14:07:07.443504-0600]     6.6250 MB /   0.50 sec =  111.1408 Mbps     0 retrans   7827 KB-cwnd
[2024-11-05T14:07:07.943683-0600]     4.6250 MB /   0.50 sec =   77.5945 Mbps     0 retrans   7827 KB-cwnd
[2024-11-05T14:07:08.443396-0600]     5.0000 MB /   0.50 sec =   83.8958 Mbps    28 retrans   6296 KB-cwnd
[2024-11-05T14:07:08.943428-0600]     3.8750 MB /   0.50 sec =   65.0122 Mbps     0 retrans   6296 KB-cwnd
[2024-11-05T14:07:09.443724-0600]     1.8750 MB /   0.50 sec =   31.4504 Mbps     0 retrans   6296 KB-cwnd
[2024-11-05T14:07:09.943386-0600]     0.8750 MB /   0.50 sec =   14.6834 Mbps     0 retrans   6296 KB-cwnd
[2024-11-05T14:07:10.443562-0600]     2.5000 MB /   0.50 sec =   41.9336 Mbps     0 retrans   6296 KB-cwnd
[2024-11-05T14:07:10.943447-0600]     5.7500 MB /   0.50 sec =   96.4966 Mbps     0 retrans   6296 KB-cwnd
[2024-11-05T14:07:11.443301-0600]     1.4375 MB /   0.50 sec =   24.1190 Mbps     0 retrans   6296 KB-cwnd
[2024-11-05T14:07:11.943534-0600]     2.6875 MB /   0.50 sec =   45.0764 Mbps     0 retrans   6296 KB-cwnd
[2024-11-05T14:07:12.443532-0600]     1.8125 MB /   0.50 sec =   30.4101 Mbps     0 retrans   6296 KB-cwnd
[2024-11-05T14:07:12.943541-0600]     2.7500 MB /   0.50 sec =   46.1320 Mbps     0 retrans   6296 KB-cwnd
[2024-11-05T14:07:13.443711-0600]     5.6250 MB /   0.50 sec =   94.3750 Mbps     0 retrans   6296 KB-cwnd
[2024-11-05T14:07:13.943462-0600]     3.1250 MB /   0.50 sec =   52.4348 Mbps     0 retrans   6296 KB-cwnd
[2024-11-05T14:07:14.443448-0600]     2.3125 MB /   0.50 sec =   38.7971 Mbps     0 retrans   6296 KB-cwnd
[2024-11-05T14:07:14.943402-0600]     4.3750 MB /   0.50 sec =   73.4102 Mbps     0 retrans   6296 KB-cwnd
[2024-11-05T14:07:15.443516-0600]     2.5000 MB /   0.50 sec =   41.9351 Mbps     0 retrans   6296 KB-cwnd
[2024-11-05T14:07:15.943398-0600]     3.5625 MB /   0.50 sec =   59.7743 Mbps     0 retrans   6296 KB-cwnd
[2024-11-05T14:07:16.443457-0600]     0.0000 MB /   0.50 sec =    0.0000 Mbps     0 retrans   6296 KB-cwnd
[2024-11-05T14:07:16.943480-0600]     0.8125 MB /   0.50 sec =   13.6308 Mbps     0 retrans   6296 KB-cwnd
[2024-11-05T14:07:17.443367-0600]     5.1875 MB /   0.50 sec =   87.0370 Mbps     0 retrans   6296 KB-cwnd
[2024-11-05T14:07:17.943443-0600]     1.1875 MB /   0.50 sec =   19.9228 Mbps     0 retrans   6296 KB-cwnd
[2024-11-05T14:07:18.443584-0600]     4.5625 MB /   0.50 sec =   76.5289 Mbps     0 retrans   6296 KB-cwnd
[2024-11-05T14:07:18.943465-0600]     0.9375 MB /   0.50 sec =   15.7314 Mbps     0 retrans   6296 KB-cwnd
[2024-11-05T14:07:19.443488-0600]     2.1875 MB /   0.50 sec =   36.6994 Mbps     0 retrans   6296 KB-cwnd
[2024-11-05T14:07:19.943519-0600]     1.3125 MB /   0.50 sec =   22.0183 Mbps     0 retrans   6296 KB-cwnd
[2024-11-05T14:07:20.443458-0600]     4.2500 MB /   0.50 sec =   71.3110 Mbps     0 retrans   6296 KB-cwnd
[2024-11-05T14:07:20.943557-0600]     0.0000 MB /   0.50 sec =    0.0000 Mbps     0 retrans   6296 KB-cwnd
[2024-11-05T14:07:21.443608-0600]     2.0000 MB /   0.50 sec =   33.5524 Mbps 11222 retrans   2576 KB-cwnd
[2024-11-05T14:07:21.943475-0600]     2.6875 MB /   0.50 sec =   45.0888 Mbps     0 retrans   2576 KB-cwnd
[2024-11-05T14:07:22.443544-0600]     1.6250 MB /   0.50 sec =   27.2601 Mbps     0 retrans   2576 KB-cwnd
[2024-11-05T14:07:22.943393-0600]     3.6875 MB /   0.50 sec =   61.8803 Mbps     0 retrans   2576 KB-cwnd
[2024-11-05T14:07:23.443507-0600]     2.1250 MB /   0.50 sec =   35.6462 Mbps     0 retrans   2576 KB-cwnd
[2024-11-05T14:07:23.943533-0600]     4.2500 MB /   0.50 sec =   71.2999 Mbps     1 retrans   2576 KB-cwnd
[2024-11-05T14:07:24.443649-0600]     4.5625 MB /   0.50 sec =   76.5465 Mbps     0 retrans   2576 KB-cwnd
[2024-11-05T14:07:24.943454-0600]     5.0625 MB /   0.50 sec =   84.9454 Mbps     0 retrans   2576 KB-cwnd
[2024-11-05T14:07:25.443537-0600]     3.9375 MB /   0.50 sec =   66.0487 Mbps     1 retrans   2576 KB-cwnd
[2024-11-05T14:07:25.943490-0600]     9.1250 MB /   0.50 sec =  153.1001 Mbps     0 retrans   2576 KB-cwnd
[2024-11-05T14:07:26.443552-0600]     3.0000 MB /   0.50 sec =   50.3283 Mbps     0 retrans   2576 KB-cwnd
[2024-11-05T14:07:26.943404-0600]     8.1250 MB /   0.50 sec =  136.3460 Mbps     0 retrans   2693 KB-cwnd
[2024-11-05T14:07:27.443688-0600]     6.4375 MB /   0.50 sec =  107.9835 Mbps     0 retrans   2693 KB-cwnd
[2024-11-05T14:07:27.943518-0600]     6.9375 MB /   0.50 sec =  116.3947 Mbps     0 retrans   2693 KB-cwnd
[2024-11-05T14:07:28.443553-0600]     8.0000 MB /   0.50 sec =  134.2097 Mbps     0 retrans   2693 KB-cwnd
[2024-11-05T14:07:28.943430-0600]     6.2500 MB /   0.50 sec =  104.8761 Mbps   104 retrans   3748 KB-cwnd
[2024-11-05T14:07:29.443376-0600]     6.1875 MB /   0.50 sec =  103.8123 Mbps     0 retrans   3748 KB-cwnd
[2024-11-05T14:07:29.943500-0600]     9.0000 MB /   0.50 sec =  150.9792 Mbps     0 retrans   3748 KB-cwnd
[2024-11-05T14:07:30.443477-0600]     8.0625 MB /   0.50 sec =  135.2609 Mbps     0 retrans   3748 KB-cwnd
[2024-11-05T14:07:30.943493-0600]     7.4375 MB /   0.50 sec =  124.7808 Mbps     0 retrans   3748 KB-cwnd
[2024-11-05T14:07:31.443346-0600]    13.6875 MB /   0.50 sec =  229.6735 Mbps     0 retrans   3748 KB-cwnd
[2024-11-05T14:07:31.943519-0600]     5.4375 MB /   0.50 sec =   91.2101 Mbps     0 retrans   3748 KB-cwnd
[2024-11-05T14:07:32.443561-0600]     0.0000 MB /   0.50 sec =    0.0000 Mbps     0 retrans   3748 KB-cwnd
[2024-11-05T14:07:32.943682-0600]    11.1875 MB /   0.50 sec =  187.6996 Mbps     0 retrans   3748 KB-cwnd
[2024-11-05T14:07:33.443420-0600]    11.6875 MB /   0.50 sec =  196.1241 Mbps  2704 retrans      5 KB-cwnd
[2024-11-05T14:07:33.943488-0600]     7.3750 MB /   0.50 sec =  123.7097 Mbps     0 retrans      5 KB-cwnd
[2024-11-05T14:07:34.443428-0600]     3.3125 MB /   0.50 sec =   55.5794 Mbps     0 retrans      5 KB-cwnd
[2024-11-05T14:07:34.943462-0600]     1.1250 MB /   0.50 sec =   18.8737 Mbps     0 retrans      5 KB-cwnd
[2024-11-05T14:07:35.443541-0600]    10.0000 MB /   0.50 sec =  167.7879 Mbps     0 retrans      5 KB-cwnd
[2024-11-05T14:07:35.943479-0600]     5.4375 MB /   0.50 sec =   91.2148 Mbps     0 retrans      5 KB-cwnd
[2024-11-05T14:07:36.443537-0600]     1.0625 MB /   0.50 sec =   17.8256 Mbps     0 retrans      5 KB-cwnd
[2024-11-05T14:07:36.943462-0600]    11.3750 MB /   0.50 sec =  190.8496 Mbps     0 retrans      5 KB-cwnd
[2024-11-05T14:07:37.443595-0600]     6.0000 MB /   0.50 sec =  100.6484 Mbps     0 retrans      5 KB-cwnd
[2024-11-05T14:07:37.943449-0600]     8.6875 MB /   0.50 sec =  145.7815 Mbps     0 retrans      5 KB-cwnd
[2024-11-05T14:07:38.443346-0600]    10.6250 MB /   0.50 sec =  178.2754 Mbps   123 retrans   2156 KB-cwnd
End time: 1730837258999
