Start time: 1730746152293
[2024-11-04T11:49:17.407635-0700] traceroute to 54.176.53.206 (54.176.53.206), 30 hops max, 60 byte packets
[2024-11-04T11:49:17.408527-0700]  1  * * *
[2024-11-04T11:49:17.408583-0700]  2  * * *
[2024-11-04T11:49:17.408615-0700]  3  * * *
[2024-11-04T11:49:17.408643-0700]  4  * * *
[2024-11-04T11:49:17.408669-0700]  5  * * *
[2024-11-04T11:49:22.415536-0700]  6  * * *
[2024-11-04T11:49:22.415837-0700]  7  * * *
[2024-11-04T11:49:22.415898-0700]  8  * * *
[2024-11-04T11:49:22.415941-0700]  9  * * *
[2024-11-04T11:49:22.423003-0700] 10  * * *
[2024-11-04T11:49:27.422936-0700] 11  * * *
[2024-11-04T11:49:27.423360-0700] 12  * * *
[2024-11-04T11:49:27.423484-0700] 13  * * *
[2024-11-04T11:49:27.423596-0700] 14  * * *
[2024-11-04T11:49:27.430155-0700] 15  * * *
[2024-11-04T11:49:32.430623-0700] 16  * * *
[2024-11-04T11:49:32.431014-0700] 17  * * *
[2024-11-04T11:49:32.431069-0700] 18  * * *
[2024-11-04T11:49:32.431101-0700] 19  * * *
[2024-11-04T11:49:32.437068-0700] 20  * * *
[2024-11-04T11:49:32.437171-0700] 21  * * *
[2024-11-04T11:49:37.437364-0700] 22  * * *
[2024-11-04T11:49:37.437536-0700] 23  * * *
[2024-11-04T11:49:37.437568-0700] 24  * * *
[2024-11-04T11:49:37.441174-0700] 25  * * *
[2024-11-04T11:49:37.441286-0700] 26  * * *
[2024-11-04T11:49:42.394726-0700] 27  * *End time: 1730746182455
