Start time: 1730839141335
[2024-11-05T14:39:06.430084-0600] traceroute to 54.197.223.49 (54.197.223.49), 30 hops max, 60 byte packets
[2024-11-05T14:39:06.430748-0600]  1  * * *
[2024-11-05T14:39:06.430796-0600]  2  * * *
[2024-11-05T14:39:06.430832-0600]  3  * * *
[2024-11-05T14:39:06.437038-0600]  4  * * *
[2024-11-05T14:39:06.437091-0600]  5  * * *
[2024-11-05T14:39:11.437048-0600]  6  * * *
[2024-11-05T14:39:11.437534-0600]  7  * * *
[2024-11-05T14:39:11.437653-0600]  8  * * *
[2024-11-05T14:39:11.450154-0600]  9  * * *
[2024-11-05T14:39:11.450351-0600] 10  * * *
[2024-11-05T14:39:16.445397-0600] 11  * * *
[2024-11-05T14:39:16.445616-0600] 12  * * *
[2024-11-05T14:39:16.449761-0600] 13  * * *
[2024-11-05T14:39:16.452241-0600] 14  * * *
[2024-11-05T14:39:16.454228-0600] 15  * * *
[2024-11-05T14:39:21.452497-0600] 16  * * *
[2024-11-05T14:39:21.452938-0600] 17  * * *
[2024-11-05T14:39:21.453033-0600] 18  * * *
[2024-11-05T14:39:21.453271-0600] 19  * * *
[2024-11-05T14:39:21.462832-0600] 20  * * *
[2024-11-05T14:39:21.463085-0600] 21  * * *
[2024-11-05T14:39:26.460669-0600] 22  * * *
[2024-11-05T14:39:26.461151-0600] 23  * * *
[2024-11-05T14:39:26.469093-0600] 24  * * *
[2024-11-05T14:39:26.469369-0600] 25  * * *
[2024-11-05T14:39:26.469457-0600] 26  * * *
[2024-11-05T14:39:31.415410-0600] 27  * *End time: 1730839171480
