Start time: 1745099780506
Connecting to host 34.86.116.81, port 5207
Reverse mode, remote host 34.86.116.81 is sending
[  5] local 192.0.0.2 port 34098 connected to 34.86.116.81 port 5207
[ ID] Interval           Transfer     Bitrate
[  5]   0.00-0.10   sec  77.3 KBytes  6.32 Mbits/sec                  
[  5]   0.10-0.20   sec   378 KBytes  31.0 Mbits/sec                  
[  5]   0.20-0.30   sec  1.36 MBytes   114 Mbits/sec                  
[  5]   0.30-0.40   sec  1.11 MBytes  92.9 Mbits/sec                  
[  5]   0.40-0.50   sec  1.81 MBytes   151 Mbits/sec                  
[  5]   0.50-0.60   sec  1.77 MBytes   149 Mbits/sec                  
[  5]   0.60-0.70   sec  2.52 MBytes   212 Mbits/sec                  
[  5]   0.70-0.80   sec  2.41 MBytes   202 Mbits/sec                  
[  5]   0.80-0.90   sec  3.04 MBytes   255 Mbits/sec                  
[  5]   0.90-1.00   sec  3.35 MBytes   281 Mbits/sec                  
[  5]   1.00-1.10   sec  3.04 MBytes   255 Mbits/sec                  
[  5]   1.10-1.20   sec  3.15 MBytes   264 Mbits/sec                  
[  5]   1.20-1.30   sec  4.34 MBytes   364 Mbits/sec                  
[  5]   1.30-1.40   sec  3.60 MBytes   302 Mbits/sec                  
[  5]   1.40-1.50   sec  2.59 MBytes   217 Mbits/sec                  
[  5]   1.50-1.60   sec  5.10 MBytes   428 Mbits/sec                  
[  5]   1.60-1.70   sec  3.01 MBytes   253 Mbits/sec                  
[  5]   1.70-1.80   sec  5.63 MBytes   472 Mbits/sec                  
[  5]   1.80-1.90   sec  4.44 MBytes   373 Mbits/sec                  
[  5]   1.90-2.00   sec  3.01 MBytes   253 Mbits/sec                  
[  5]   2.00-2.10   sec  1.60 MBytes   134 Mbits/sec                  
[  5]   2.10-2.20   sec  0.00 Bytes  0.00 bits/sec                  
[  5]   2.20-2.30   sec  1.33 KBytes   109 Kbits/sec                  
[  5]   2.30-2.40   sec  5.85 MBytes   491 Mbits/sec                  
[  5]   2.40-2.50   sec  4.20 MBytes   353 Mbits/sec                  
[  5]   2.50-2.60   sec  4.50 MBytes   378 Mbits/sec                  
[  5]   2.60-2.70   sec  5.31 MBytes   445 Mbits/sec                  
[  5]   2.70-2.80   sec  1.69 MBytes   142 Mbits/sec                  
[  5]   2.80-2.90   sec  4.51 MBytes   379 Mbits/sec                  
[  5]   2.90-3.00   sec  6.84 MBytes   574 Mbits/sec                  
[  5]   3.00-3.10   sec  6.96 MBytes   584 Mbits/sec                  
[  5]   3.10-3.20   sec  4.00 MBytes   336 Mbits/sec                  
[  5]   3.20-3.30   sec  5.66 MBytes   475 Mbits/sec                  
[  5]   3.30-3.40   sec  5.32 MBytes   446 Mbits/sec                  
[  5]   3.40-3.50   sec  5.64 MBytes   473 Mbits/sec                  
[  5]   3.50-3.60   sec  4.80 MBytes   403 Mbits/sec                  
[  5]   3.60-3.70   sec  6.32 MBytes   530 Mbits/sec                  
[  5]   3.70-3.80   sec  4.94 MBytes   414 Mbits/sec                  
[  5]   3.80-3.90   sec  6.01 MBytes   504 Mbits/sec                  
[  5]   3.90-4.00   sec  4.59 MBytes   385 Mbits/sec                  
[  5]   4.00-4.10   sec  1.59 MBytes   134 Mbits/sec                  
[  5]   4.10-4.20   sec  0.00 Bytes  0.00 bits/sec                  
[  5]   4.20-4.30   sec  9.18 MBytes   771 Mbits/sec                  
[  5]   4.30-4.40   sec  4.03 MBytes   338 Mbits/sec                  
[  5]   4.40-4.50   sec  4.40 MBytes   369 Mbits/sec                  
[  5]   4.50-4.60   sec  3.14 MBytes   263 Mbits/sec                  
[  5]   4.60-4.70   sec  3.12 MBytes   262 Mbits/sec                  
[  5]   4.70-4.80   sec  8.02 MBytes   673 Mbits/sec                  
[  5]   4.80-4.90   sec  3.61 MBytes   303 Mbits/sec                  
[  5]   4.90-5.00   sec  2.96 MBytes   248 Mbits/sec                  
[  5]   5.00-5.10   sec  2.90 MBytes   244 Mbits/sec                  
[  5]   5.10-5.20   sec  4.83 MBytes   405 Mbits/sec                  
[  5]   5.20-5.30   sec  4.55 MBytes   381 Mbits/sec                  
[  5]   5.30-5.40   sec  5.48 MBytes   460 Mbits/sec                  
[  5]   5.40-5.50   sec  4.91 MBytes   412 Mbits/sec                  
[  5]   5.50-5.60   sec  3.24 MBytes   272 Mbits/sec                  
[  5]   5.60-5.70   sec  2.75 MBytes   230 Mbits/sec                  
[  5]   5.70-5.80   sec  7.75 MBytes   651 Mbits/sec                  
[  5]   5.80-5.90   sec  5.34 MBytes   448 Mbits/sec                  
[  5]   5.90-6.00   sec  7.70 MBytes   646 Mbits/sec                  
[  5]   6.00-6.10   sec  6.72 MBytes   564 Mbits/sec                  
[  5]   6.10-6.20   sec  5.79 MBytes   485 Mbits/sec                  
[  5]   6.20-6.30   sec  5.80 MBytes   486 Mbits/sec                  
[  5]   6.30-6.40   sec  5.05 MBytes   424 Mbits/sec                  
[  5]   6.40-6.50   sec  6.44 MBytes   540 Mbits/sec                  
[  5]   6.50-6.60   sec  4.31 MBytes   362 Mbits/sec                  
[  5]   6.60-6.70   sec  6.58 MBytes   552 Mbits/sec                  
[  5]   6.70-6.80   sec  5.30 MBytes   445 Mbits/sec                  
[  5]   6.80-6.90   sec  5.50 MBytes   461 Mbits/sec                  
[  5]   6.90-7.00   sec  4.71 MBytes   395 Mbits/sec                  
[  5]   7.00-7.10   sec  3.72 MBytes   313 Mbits/sec                  
[  5]   7.10-7.20   sec  3.65 MBytes   306 Mbits/sec                  
[  5]   7.20-7.30   sec  4.94 MBytes   415 Mbits/sec                  
[  5]   7.30-7.40   sec  2.43 MBytes   204 Mbits/sec                  
[  5]   7.40-7.50   sec  7.66 MBytes   642 Mbits/sec                  
[  5]   7.50-7.60   sec  6.67 MBytes   560 Mbits/sec                  
[  5]   7.60-7.70   sec  0.00 Bytes  0.00 bits/sec                  
[  5]   7.70-7.80   sec  0.00 Bytes  0.00 bits/sec                  
[  5]   7.80-7.90   sec  0.00 Bytes  0.00 bits/sec                  
[  5]   7.90-8.00   sec  0.00 Bytes  0.00 bits/sec                  
[  5]   8.00-8.10   sec  9.72 MBytes   816 Mbits/sec                  
[  5]   8.10-8.20   sec  4.35 MBytes   365 Mbits/sec                  
[  5]   8.20-8.30   sec  7.81 MBytes   655 Mbits/sec                  
[  5]   8.30-8.40   sec  4.40 MBytes   369 Mbits/sec                  
[  5]   8.40-8.50   sec  4.09 MBytes   342 Mbits/sec                  
[  5]   8.50-8.60   sec  7.41 MBytes   624 Mbits/sec                  
[  5]   8.60-8.70   sec  4.92 MBytes   413 Mbits/sec                  
[  5]   8.70-8.80   sec  6.37 MBytes   534 Mbits/sec                  
[  5]   8.80-8.90   sec  4.43 MBytes   371 Mbits/sec                  
[  5]   8.90-9.00   sec  6.26 MBytes   526 Mbits/sec                  
[  5]   9.00-9.10   sec  6.09 MBytes   510 Mbits/sec                  
[  5]   9.10-9.20   sec  4.75 MBytes   398 Mbits/sec                  
[  5]   9.20-9.30   sec  4.88 MBytes   410 Mbits/sec                  
[  5]   9.30-9.40   sec  5.48 MBytes   459 Mbits/sec                  
[  5]   9.40-9.50   sec  4.86 MBytes   407 Mbits/sec                  
[  5]   9.50-9.60   sec  4.44 MBytes   373 Mbits/sec                  
[  5]   9.60-9.70   sec  5.31 MBytes   445 Mbits/sec                  
[  5]   9.70-9.80   sec  4.81 MBytes   403 Mbits/sec                  
[  5]   9.80-9.90   sec  6.26 MBytes   525 Mbits/sec                  
[  5]   9.90-10.00  sec  6.51 MBytes   546 Mbits/sec                  
[  5]  10.00-10.10  sec  5.66 MBytes   475 Mbits/sec                  
[  5]  10.10-10.20  sec  1.16 MBytes  97.4 Mbits/sec                  
[  5]  10.20-10.30  sec  14.7 KBytes  1.20 Mbits/sec                  
[  5]  10.30-10.40  sec   170 KBytes  14.0 Mbits/sec                  
[  5]  10.40-10.50  sec  3.54 MBytes   297 Mbits/sec                  
[  5]  10.50-10.60  sec  7.62 MBytes   639 Mbits/sec                  
[  5]  10.60-10.70  sec  4.12 MBytes   346 Mbits/sec                  
[  5]  10.70-10.80  sec  3.31 MBytes   278 Mbits/sec                  
[  5]  10.80-10.90  sec  1.08 MBytes  90.3 Mbits/sec                  
[  5]  10.90-11.00  sec   281 KBytes  23.0 Mbits/sec                  
[  5]  11.00-11.10  sec  8.13 MBytes   683 Mbits/sec                  
[  5]  11.10-11.20  sec  3.97 MBytes   334 Mbits/sec                  
[  5]  11.20-11.30  sec  3.96 MBytes   332 Mbits/sec                  
[  5]  11.30-11.40  sec  1.45 MBytes   122 Mbits/sec                  
[  5]  11.40-11.50  sec  0.00 Bytes  0.00 bits/sec                  
[  5]  11.50-11.60  sec  0.00 Bytes  0.00 bits/sec                  
[  5]  11.60-11.70  sec  0.00 Bytes  0.00 bits/sec                  
[  5]  11.70-11.80  sec  0.00 Bytes  0.00 bits/sec                  
[  5]  11.80-11.90  sec  0.00 Bytes  0.00 bits/sec                  
[  5]  11.90-12.00  sec  9.06 MBytes   762 Mbits/sec                  
[  5]  12.00-12.10  sec  4.23 MBytes   355 Mbits/sec                  
[  5]  12.10-12.20  sec  3.40 MBytes   285 Mbits/sec                  
[  5]  12.20-12.30  sec  3.39 MBytes   285 Mbits/sec                  
[  5]  12.30-12.40  sec  4.34 MBytes   364 Mbits/sec                  
[  5]  12.40-12.50  sec  3.64 MBytes   306 Mbits/sec                  
[  5]  12.50-12.60  sec  3.64 MBytes   306 Mbits/sec                  
[  5]  12.60-12.70  sec  3.95 MBytes   331 Mbits/sec                  
[  5]  12.70-12.80  sec  3.51 MBytes   295 Mbits/sec                  
[  5]  12.80-12.90  sec  4.00 MBytes   336 Mbits/sec                  
[  5]  12.90-13.00  sec  3.87 MBytes   325 Mbits/sec                  
[  5]  13.00-13.10  sec  3.85 MBytes   323 Mbits/sec                  
[  5]  13.10-13.20  sec   578 KBytes  47.3 Mbits/sec                  
[  5]  13.20-13.30  sec  0.00 Bytes  0.00 bits/sec                  
[  5]  13.30-13.40  sec  0.00 Bytes  0.00 bits/sec                  
[  5]  13.40-13.50  sec  0.00 Bytes  0.00 bits/sec                  
[  5]  13.50-13.60  sec  0.00 Bytes  0.00 bits/sec                  
[  5]  13.60-13.70  sec  0.00 Bytes  0.00 bits/sec                  
[  5]  13.70-13.80  sec  10.5 MBytes   881 Mbits/sec                  
[  5]  13.80-13.90  sec  3.66 MBytes   307 Mbits/sec                  
[  5]  13.90-14.00  sec  3.65 MBytes   306 Mbits/sec                  
[  5]  14.00-14.10  sec  4.24 MBytes   356 Mbits/sec                  
[  5]  14.10-14.20  sec  3.84 MBytes   322 Mbits/sec                  
[  5]  14.20-14.30  sec  3.54 MBytes   297 Mbits/sec                  
[  5]  14.30-14.40  sec  4.46 MBytes   374 Mbits/sec                  
[  5]  14.40-14.50  sec  3.46 MBytes   290 Mbits/sec                  
[  5]  14.50-14.60  sec  4.17 MBytes   349 Mbits/sec                  
[  5]  14.60-14.70  sec  4.12 MBytes   345 Mbits/sec                  
[  5]  14.70-14.80  sec  3.73 MBytes   313 Mbits/sec                  
[  5]  14.80-14.90  sec  3.98 MBytes   334 Mbits/sec                  
[  5]  14.90-15.00  sec  4.36 MBytes   366 Mbits/sec                  
[  5]  15.00-15.10  sec  3.50 MBytes   294 Mbits/sec                  
[  5]  15.10-15.20  sec  3.79 MBytes   318 Mbits/sec                  
[  5]  15.20-15.30  sec  2.73 MBytes   229 Mbits/sec                  
[  5]  15.30-15.40  sec  4.96 MBytes   416 Mbits/sec                  
[  5]  15.40-15.50  sec  4.63 MBytes   388 Mbits/sec                  
[  5]  15.50-15.60  sec  3.86 MBytes   323 Mbits/sec                  
[  5]  15.60-15.70  sec  3.41 MBytes   286 Mbits/sec                  
[  5]  15.70-15.80  sec  4.24 MBytes   356 Mbits/sec                  
[  5]  15.80-15.90  sec  3.70 MBytes   310 Mbits/sec                  
[  5]  15.90-16.00  sec  4.45 MBytes   373 Mbits/sec                  
[  5]  16.00-16.10  sec  4.03 MBytes   337 Mbits/sec                  
[  5]  16.10-16.20  sec  3.34 MBytes   281 Mbits/sec                  
[  5]  16.20-16.30  sec  4.66 MBytes   391 Mbits/sec                  
[  5]  16.30-16.40  sec  4.39 MBytes   368 Mbits/sec                  
[  5]  16.40-16.50  sec  3.30 MBytes   277 Mbits/sec                  
[  5]  16.50-16.60  sec  3.42 MBytes   286 Mbits/sec                  
[  5]  16.60-16.70  sec  3.65 MBytes   307 Mbits/sec                  
[  5]  16.70-16.80  sec  3.66 MBytes   307 Mbits/sec                  
[  5]  16.80-16.90  sec  3.38 MBytes   282 Mbits/sec                  
[  5]  16.90-17.00  sec  3.56 MBytes   300 Mbits/sec                  
[  5]  17.00-17.10  sec  3.75 MBytes   314 Mbits/sec                  
[  5]  17.10-17.20  sec  2.93 MBytes   246 Mbits/sec                  
[  5]  17.20-17.30  sec  3.88 MBytes   326 Mbits/sec                  
[  5]  17.30-17.40  sec  3.74 MBytes   314 Mbits/sec                  
[  5]  17.40-17.50  sec  3.91 MBytes   328 Mbits/sec                  
[  5]  17.50-17.60  sec  3.08 MBytes   258 Mbits/sec                  
[  5]  17.60-17.70  sec  3.85 MBytes   323 Mbits/sec                  
[  5]  17.70-17.80  sec  3.62 MBytes   303 Mbits/sec                  
[  5]  17.80-17.90  sec  3.64 MBytes   305 Mbits/sec                  
[  5]  17.90-18.00  sec  3.91 MBytes   328 Mbits/sec                  
[  5]  18.00-18.10  sec  3.83 MBytes   322 Mbits/sec                  
[  5]  18.10-18.20  sec  3.46 MBytes   290 Mbits/sec                  
[  5]  18.20-18.30  sec  3.97 MBytes   333 Mbits/sec                  
[  5]  18.30-18.40  sec  4.01 MBytes   336 Mbits/sec                  
[  5]  18.40-18.50  sec  3.43 MBytes   288 Mbits/sec                  
[  5]  18.50-18.60  sec  3.22 MBytes   270 Mbits/sec                  
[  5]  18.60-18.70  sec  3.70 MBytes   311 Mbits/sec                  
[  5]  18.70-18.80  sec  3.60 MBytes   302 Mbits/sec                  
[  5]  18.80-18.90  sec  3.42 MBytes   287 Mbits/sec                  
[  5]  18.90-19.00  sec  3.86 MBytes   323 Mbits/sec                  
[  5]  19.00-19.10  sec  3.67 MBytes   308 Mbits/sec                  
[  5]  19.10-19.20  sec  3.45 MBytes   289 Mbits/sec                  
[  5]  19.20-19.30  sec  3.24 MBytes   272 Mbits/sec                  
[  5]  19.30-19.40  sec  3.93 MBytes   329 Mbits/sec                  
[  5]  19.40-19.50  sec  3.35 MBytes   281 Mbits/sec                  
[  5]  19.50-19.60  sec  3.41 MBytes   286 Mbits/sec                  
[  5]  19.60-19.70  sec  2.87 MBytes   241 Mbits/sec                  
[  5]  19.70-19.80  sec  4.20 MBytes   353 Mbits/sec                  
[  5]  19.80-19.90  sec  3.52 MBytes   295 Mbits/sec                  
[  5]  19.90-20.00  sec  3.79 MBytes   318 Mbits/sec                  
[  5]  20.00-20.10  sec  3.48 MBytes   292 Mbits/sec                  
[  5]  20.10-20.20  sec  3.45 MBytes   289 Mbits/sec                  
[  5]  20.20-20.30  sec  3.45 MBytes   290 Mbits/sec                  
[  5]  20.30-20.40  sec  3.00 MBytes   252 Mbits/sec                  
[  5]  20.40-20.50  sec  16.0 KBytes  1.31 Mbits/sec                  
[  5]  20.50-20.60  sec  10.7 KBytes   873 Kbits/sec                  
[  5]  20.60-20.70  sec  3.15 MBytes   265 Mbits/sec                  
[  5]  20.70-20.80  sec  3.30 MBytes   275 Mbits/sec                  
[  5]  20.80-20.90  sec  3.71 MBytes   313 Mbits/sec                  
[  5]  20.90-21.00  sec  3.87 MBytes   325 Mbits/sec                  
[  5]  21.00-21.10  sec  3.65 MBytes   306 Mbits/sec                  
[  5]  21.10-21.20  sec  3.87 MBytes   325 Mbits/sec                  
[  5]  21.20-21.30  sec  3.89 MBytes   326 Mbits/sec                  
[  5]  21.30-21.40  sec  3.59 MBytes   301 Mbits/sec                  
[  5]  21.40-21.50  sec  3.65 MBytes   307 Mbits/sec                  
[  5]  21.50-21.60  sec  3.94 MBytes   331 Mbits/sec                  
[  5]  21.60-21.70  sec  3.57 MBytes   300 Mbits/sec                  
[  5]  21.70-21.80  sec  3.79 MBytes   318 Mbits/sec                  
[  5]  21.80-21.90  sec  3.89 MBytes   326 Mbits/sec                  
[  5]  21.90-22.00  sec  4.17 MBytes   350 Mbits/sec                  
[  5]  22.00-22.10  sec  3.69 MBytes   310 Mbits/sec                  
[  5]  22.10-22.20  sec  3.69 MBytes   310 Mbits/sec                  
[  5]  22.20-22.30  sec  4.23 MBytes   355 Mbits/sec                  
[  5]  22.30-22.40  sec  3.42 MBytes   287 Mbits/sec                  
[  5]  22.40-22.50  sec  3.86 MBytes   324 Mbits/sec                  
[  5]  22.50-22.60  sec  4.35 MBytes   364 Mbits/sec                  
[  5]  22.60-22.70  sec  3.10 MBytes   260 Mbits/sec                  
[  5]  22.70-22.80  sec  4.27 MBytes   357 Mbits/sec                  
[  5]  22.80-22.90  sec  4.22 MBytes   355 Mbits/sec                  
[  5]  22.90-23.00  sec  3.55 MBytes   297 Mbits/sec                  
[  5]  23.00-23.10  sec  3.93 MBytes   329 Mbits/sec                  
[  5]  23.10-23.20  sec  4.28 MBytes   359 Mbits/sec                  
[  5]  23.20-23.30  sec  3.50 MBytes   294 Mbits/sec                  
[  5]  23.30-23.40  sec  4.19 MBytes   351 Mbits/sec                  
[  5]  23.40-23.50  sec  3.92 MBytes   329 Mbits/sec                  
[  5]  23.50-23.60  sec  3.70 MBytes   310 Mbits/sec                  
[  5]  23.60-23.70  sec  4.23 MBytes   355 Mbits/sec                  
[  5]  23.70-23.80  sec  4.08 MBytes   342 Mbits/sec                  
[  5]  23.80-23.90  sec  3.95 MBytes   332 Mbits/sec                  
[  5]  23.90-24.00  sec  4.20 MBytes   352 Mbits/sec                  
[  5]  24.00-24.10  sec  3.68 MBytes   308 Mbits/sec                  
[  5]  24.10-24.20  sec  3.55 MBytes   298 Mbits/sec                  
[  5]  24.20-24.30  sec  3.36 MBytes   282 Mbits/sec                  
[  5]  24.30-24.40  sec  3.67 MBytes   308 Mbits/sec                  
[  5]  24.40-24.50  sec  3.62 MBytes   304 Mbits/sec                  
[  5]  24.50-24.60  sec  3.20 MBytes   268 Mbits/sec                  
[  5]  24.60-24.70  sec  4.56 MBytes   383 Mbits/sec                  
[  5]  24.70-24.80  sec  3.29 MBytes   276 Mbits/sec                  
[  5]  24.80-24.90  sec  3.96 MBytes   332 Mbits/sec                  
[  5]  24.90-25.00  sec  3.85 MBytes   323 Mbits/sec                  
[  5]  25.00-25.10  sec  2.76 MBytes   231 Mbits/sec                  
[  5]  25.10-25.20  sec  2.32 MBytes   194 Mbits/sec                  
[  5]  25.20-25.30  sec  5.60 MBytes   470 Mbits/sec                  
[  5]  25.30-25.40  sec  3.65 MBytes   306 Mbits/sec                  
[  5]  25.40-25.50  sec  3.92 MBytes   328 Mbits/sec                  
[  5]  25.50-25.60  sec  3.92 MBytes   329 Mbits/sec                  
[  5]  25.60-25.70  sec  3.34 MBytes   280 Mbits/sec                  
[  5]  25.70-25.80  sec  4.37 MBytes   367 Mbits/sec                  
[  5]  25.80-25.90  sec  3.81 MBytes   320 Mbits/sec                  
[  5]  25.90-26.00  sec  3.49 MBytes   293 Mbits/sec                  
[  5]  26.00-26.10  sec  3.42 MBytes   286 Mbits/sec                  
[  5]  26.10-26.20  sec  4.51 MBytes   379 Mbits/sec                  
[  5]  26.20-26.30  sec  3.73 MBytes   313 Mbits/sec                  
[  5]  26.30-26.40  sec  3.64 MBytes   305 Mbits/sec                  
[  5]  26.40-26.50  sec  4.16 MBytes   349 Mbits/sec                  
[  5]  26.50-26.60  sec  3.66 MBytes   307 Mbits/sec                  
[  5]  26.60-26.70  sec  3.95 MBytes   331 Mbits/sec                  
[  5]  26.70-26.80  sec  1.60 MBytes   134 Mbits/sec                  
[  5]  26.80-26.90  sec   344 KBytes  28.1 Mbits/sec                  
[  5]  26.90-27.00  sec  4.25 MBytes   356 Mbits/sec                  
[  5]  27.00-27.10  sec  1.85 MBytes   155 Mbits/sec                  
[  5]  27.10-27.20  sec  1.33 MBytes   111 Mbits/sec                  
[  5]  27.20-27.30  sec   336 KBytes  27.5 Mbits/sec                  
[  5]  27.30-27.40  sec  4.77 MBytes   401 Mbits/sec                  
[  5]  27.40-27.50  sec  3.93 MBytes   329 Mbits/sec                  
[  5]  27.50-27.60  sec  5.15 MBytes   432 Mbits/sec                  
[  5]  27.60-27.70  sec  5.80 MBytes   486 Mbits/sec                  
[  5]  27.70-27.80  sec  2.53 MBytes   213 Mbits/sec                  
[  5]  27.80-27.90  sec  3.48 MBytes   292 Mbits/sec                  
[  5]  27.90-28.00  sec  5.19 MBytes   435 Mbits/sec                  
[  5]  28.00-28.10  sec  4.35 MBytes   364 Mbits/sec                  
[  5]  28.10-28.20  sec  4.22 MBytes   355 Mbits/sec                  
[  5]  28.20-28.30  sec  3.52 MBytes   296 Mbits/sec                  
[  5]  28.30-28.40  sec  3.23 MBytes   271 Mbits/sec                  
[  5]  28.40-28.50  sec  4.77 MBytes   400 Mbits/sec                  
[  5]  28.50-28.60  sec  3.24 MBytes   272 Mbits/sec                  
[  5]  28.60-28.70  sec  3.40 MBytes   285 Mbits/sec                  
[  5]  28.70-28.80  sec  0.00 Bytes  0.00 bits/sec                  
[  5]  28.80-28.90  sec  0.00 Bytes  0.00 bits/sec                  
[  5]  28.90-29.00  sec  0.00 Bytes  0.00 bits/sec                  
[  5]  29.00-29.10  sec  0.00 Bytes  0.00 bits/sec                  
[  5]  29.10-29.20  sec  0.00 Bytes  0.00 bits/sec                  
[  5]  29.20-29.30  sec  0.00 Bytes  0.00 bits/sec                  
[  5]  29.30-29.40  sec  0.00 Bytes  0.00 bits/sec                  
[  5]  29.40-29.50  sec  0.00 Bytes  0.00 bits/sec                  
[  5]  29.50-29.60  sec  0.00 Bytes  0.00 bits/sec                  
[  5]  29.60-29.70  sec  0.00 Bytes  0.00 bits/sec                  
[  5]  29.70-29.80  sec  0.00 Bytes  0.00 bits/sec                  
[  5]  29.80-29.90  sec  0.00 Bytes  0.00 bits/sec                  
[  5]  29.90-30.00  sec  0.00 Bytes  0.00 bits/sec                  
[  5]  30.00-30.10  sec  0.00 Bytes  0.00 bits/sec                  
[  5]  30.10-30.20  sec  5.97 MBytes   501 Mbits/sec                  
[  5]  30.20-30.30  sec  16.0 KBytes  1.31 Mbits/sec                  
[  5]  30.30-30.40  sec   216 KBytes  17.6 Mbits/sec                  
[  5]  30.40-30.50  sec  21.3 KBytes  1.75 Mbits/sec                  
[  5]  30.50-30.60  sec   908 KBytes  74.4 Mbits/sec                  
[  5]  30.60-30.70  sec   802 KBytes  65.7 Mbits/sec                  
[  5]  30.70-30.80  sec   601 KBytes  49.2 Mbits/sec                  
[  5]  30.80-30.90  sec   665 KBytes  54.4 Mbits/sec                  
[  5]  30.90-31.00  sec   771 KBytes  63.2 Mbits/sec                  
[  5]  31.00-31.10  sec   535 KBytes  43.9 Mbits/sec                  
[  5]  31.10-31.20  sec  1.15 MBytes  96.4 Mbits/sec                  
[  5]  31.20-31.30  sec   886 KBytes  72.6 Mbits/sec                  
[  5]  31.30-31.40  sec  1.33 MBytes   111 Mbits/sec                  
[  5]  31.40-31.50  sec   916 KBytes  75.1 Mbits/sec                  
[  5]  31.50-31.60  sec   831 KBytes  68.1 Mbits/sec                  
[  5]  31.60-31.70  sec  0.00 Bytes  0.00 bits/sec                  
[  5]  31.70-31.80  sec  0.00 Bytes  0.00 bits/sec                  
[  5]  31.80-31.90  sec  0.00 Bytes  0.00 bits/sec                  
[  5]  31.90-32.00  sec  0.00 Bytes  0.00 bits/sec                  
[  5]  32.00-32.10  sec  0.00 Bytes  0.00 bits/sec                  
[  5]  32.10-32.20  sec  0.00 Bytes  0.00 bits/sec                  
[  5]  32.20-32.30  sec  0.00 Bytes  0.00 bits/sec                  
[  5]  32.30-32.40  sec   207 KBytes  16.9 Mbits/sec                  
[  5]  32.40-32.50  sec   128 KBytes  10.4 Mbits/sec                  
[  5]  32.50-32.60  sec  3.86 MBytes   324 Mbits/sec                  
[  5]  32.60-32.70  sec  1.55 MBytes   130 Mbits/sec                  
[  5]  32.70-32.80  sec  2.46 MBytes   206 Mbits/sec                  
[  5]  32.80-32.90  sec  1.81 MBytes   152 Mbits/sec                  
[  5]  32.90-33.00  sec  1.31 MBytes   110 Mbits/sec                  
[  5]  33.00-33.10  sec  1.45 MBytes   121 Mbits/sec                  
[  5]  33.10-33.20  sec   895 KBytes  73.3 Mbits/sec                  
[  5]  33.20-33.30  sec   964 KBytes  79.0 Mbits/sec                  
[  5]  33.30-33.40  sec  79.9 KBytes  6.55 Mbits/sec                  
[  5]  33.40-33.50  sec   480 KBytes  39.3 Mbits/sec                  
[  5]  33.50-33.60  sec   763 KBytes  62.5 Mbits/sec                  
[  5]  33.60-33.70  sec  1.37 MBytes   115 Mbits/sec                  
[  5]  33.70-33.80  sec   388 KBytes  31.7 Mbits/sec                  
[  5]  33.80-33.90  sec   643 KBytes  52.7 Mbits/sec                  
[  5]  33.90-34.00  sec  1.23 MBytes   103 Mbits/sec                  
[  5]  34.00-34.10  sec  1.55 MBytes   130 Mbits/sec                  
[  5]  34.10-34.20  sec   786 KBytes  64.4 Mbits/sec                  
[  5]  34.20-34.30  sec  1.66 MBytes   139 Mbits/sec                  
[  5]  34.30-34.40  sec   730 KBytes  59.8 Mbits/sec                  
[  5]  34.40-34.50  sec   210 KBytes  17.2 Mbits/sec                  
[  5]  34.50-34.60  sec   165 KBytes  13.5 Mbits/sec                  
[  5]  34.60-34.70  sec  1.27 MBytes   106 Mbits/sec                  
[  5]  34.70-34.80  sec   739 KBytes  60.5 Mbits/sec                  
[  5]  34.80-34.90  sec  97.2 KBytes  7.96 Mbits/sec                  
[  5]  34.90-35.00  sec  1.68 MBytes   141 Mbits/sec                  
[  5]  35.00-35.10  sec   864 KBytes  70.8 Mbits/sec                  
[  5]  35.10-35.20  sec  1.29 MBytes   108 Mbits/sec                  
[  5]  35.20-35.30  sec   265 KBytes  21.7 Mbits/sec                  
[  5]  35.30-35.40  sec   525 KBytes  43.0 Mbits/sec                  
[  5]  35.40-35.50  sec  1.40 MBytes   116 Mbits/sec                  
[  5]  35.50-35.60  sec  1.36 MBytes   115 Mbits/sec                  
[  5]  35.60-35.70  sec   348 KBytes  28.5 Mbits/sec                  
[  5]  35.70-35.80  sec  1.71 MBytes   144 Mbits/sec                  
[  5]  35.80-35.90  sec   935 KBytes  76.6 Mbits/sec                  
[  5]  35.90-36.00  sec  1.32 MBytes   110 Mbits/sec                  
[  5]  36.00-36.10  sec  1.29 MBytes   109 Mbits/sec                  
[  5]  36.10-36.20  sec  1.69 MBytes   142 Mbits/sec                  
[  5]  36.20-36.30  sec   515 KBytes  42.2 Mbits/sec                  
[  5]  36.30-36.40  sec   252 KBytes  20.7 Mbits/sec                  
[  5]  36.40-36.50  sec   172 KBytes  14.1 Mbits/sec                  
[  5]  36.50-36.60  sec  2.25 MBytes   188 Mbits/sec                  
[  5]  36.60-36.70  sec   785 KBytes  64.3 Mbits/sec                  
[  5]  36.70-36.80  sec  1.79 MBytes   150 Mbits/sec                  
[  5]  36.80-36.90  sec  1.07 MBytes  89.7 Mbits/sec                  
[  5]  36.90-37.00  sec  1.27 MBytes   107 Mbits/sec                  
[  5]  37.00-37.10  sec  1.49 MBytes   125 Mbits/sec                  
[  5]  37.10-37.20  sec   791 KBytes  64.9 Mbits/sec                  
[  5]  37.20-37.30  sec  1.05 MBytes  88.2 Mbits/sec                  
[  5]  37.30-37.40  sec  1.69 MBytes   142 Mbits/sec                  
[  5]  37.40-37.50  sec  1.20 MBytes   101 Mbits/sec                  
[  5]  37.50-37.60  sec  1.06 MBytes  89.2 Mbits/sec                  
[  5]  37.60-37.70  sec  0.00 Bytes  0.00 bits/sec                  
[  5]  37.70-37.80  sec  0.00 Bytes  0.00 bits/sec                  
[  5]  37.80-37.90  sec  0.00 Bytes  0.00 bits/sec                  
[  5]  37.90-38.00  sec  0.00 Bytes  0.00 bits/sec                  
[  5]  38.00-38.10  sec  0.00 Bytes  0.00 bits/sec                  
[  5]  38.10-38.20  sec  12.0 KBytes   983 Kbits/sec                  
[  5]  38.20-38.30  sec  2.60 MBytes   218 Mbits/sec                  
[  5]  38.30-38.40  sec  1.15 MBytes  96.7 Mbits/sec                  
[  5]  38.40-38.50  sec  1.13 MBytes  95.0 Mbits/sec                  
[  5]  38.50-38.60  sec  1.15 MBytes  96.5 Mbits/sec                  
[  5]  38.60-38.70  sec  1.22 MBytes   102 Mbits/sec                  
[  5]  38.70-38.80  sec  1.05 MBytes  88.4 Mbits/sec                  
[  5]  38.80-38.90  sec  1.23 MBytes   103 Mbits/sec                  
[  5]  38.90-39.00  sec  1.05 MBytes  88.2 Mbits/sec                  
[  5]  39.00-39.10  sec  1.14 MBytes  96.1 Mbits/sec                  
[  5]  39.10-39.20  sec  1.15 MBytes  96.4 Mbits/sec                  
[  5]  39.20-39.30  sec   775 KBytes  63.4 Mbits/sec                  
[  5]  39.30-39.40  sec  0.00 Bytes  0.00 bits/sec                  
[  5]  39.40-39.50  sec  0.00 Bytes  0.00 bits/sec                  
[  5]  39.50-39.60  sec  0.00 Bytes  0.00 bits/sec                  
[  5]  39.60-39.70  sec  2.47 MBytes   208 Mbits/sec                  
[  5]  39.70-39.80  sec  1.14 MBytes  96.0 Mbits/sec                  
[  5]  39.80-39.90  sec  1.08 MBytes  90.5 Mbits/sec                  
[  5]  39.90-40.00  sec   715 KBytes  58.7 Mbits/sec                  
[  5]  40.00-40.10  sec   980 KBytes  80.3 Mbits/sec                  
[  5]  40.10-40.20  sec  1.68 MBytes   141 Mbits/sec                  
[  5]  40.20-40.30  sec   442 KBytes  36.2 Mbits/sec                  
[  5]  40.30-40.40  sec  1.57 MBytes   132 Mbits/sec                  
[  5]  40.40-40.50  sec  1.10 MBytes  92.0 Mbits/sec                  
[  5]  40.50-40.60  sec   842 KBytes  69.0 Mbits/sec                  
[  5]  40.60-40.70  sec  1.69 MBytes   141 Mbits/sec                  
[  5]  40.70-40.80  sec   991 KBytes  81.2 Mbits/sec                  
[  5]  40.80-40.90  sec   898 KBytes  73.1 Mbits/sec                  
[  5]  40.90-41.00  sec  1.56 MBytes   132 Mbits/sec                  
[  5]  41.00-41.10  sec   425 KBytes  34.8 Mbits/sec                  
[  5]  41.10-41.20  sec   521 KBytes  42.6 Mbits/sec                  
[  5]  41.20-41.30  sec  0.00 Bytes  0.00 bits/sec                  
[  5]  41.30-41.40  sec   167 KBytes  13.6 Mbits/sec                  
[  5]  41.40-41.50  sec   131 KBytes  10.7 Mbits/sec                  
[  5]  41.50-41.60  sec  2.20 MBytes   185 Mbits/sec                  
[  5]  41.60-41.70  sec   593 KBytes  48.6 Mbits/sec                  
[  5]  41.70-41.80  sec  0.00 Bytes  0.00 bits/sec                  
[  5]  41.80-41.90  sec  44.0 KBytes  3.60 Mbits/sec                  
[  5]  41.90-42.00  sec  1.33 KBytes   109 Kbits/sec                  
[  5]  42.00-42.10  sec  2.71 MBytes   228 Mbits/sec                  
[  5]  42.10-42.20  sec  1.13 MBytes  94.6 Mbits/sec                  
[  5]  42.20-42.30  sec  9.32 KBytes   764 Kbits/sec                  
[  5]  42.30-42.40  sec   619 KBytes  50.7 Mbits/sec                  
[  5]  42.40-42.50  sec   547 KBytes  44.8 Mbits/sec                  
[  5]  42.50-42.60  sec   987 KBytes  80.9 Mbits/sec                  
[  5]  42.60-42.70  sec  1.47 MBytes   123 Mbits/sec                  
[  5]  42.70-42.80  sec  1.33 MBytes   112 Mbits/sec                  
[  5]  42.80-42.90  sec   553 KBytes  45.3 Mbits/sec                  
[  5]  42.90-43.00  sec  1.83 MBytes   153 Mbits/sec                  
[  5]  43.00-43.10  sec  1.08 MBytes  90.3 Mbits/sec                  
[  5]  43.10-43.20  sec   822 KBytes  67.4 Mbits/sec                  
[  5]  43.20-43.30  sec  1.41 MBytes   118 Mbits/sec                  
[  5]  43.30-43.40  sec   769 KBytes  63.0 Mbits/sec                  
[  5]  43.40-43.50  sec  1.67 MBytes   140 Mbits/sec                  
[  5]  43.50-43.60  sec  1.08 MBytes  90.8 Mbits/sec                  
[  5]  43.60-43.70  sec  1.37 MBytes   115 Mbits/sec                  
[  5]  43.70-43.80  sec   631 KBytes  51.7 Mbits/sec                  
[  5]  43.80-43.90  sec  1.76 MBytes   148 Mbits/sec                  
[  5]  43.90-44.00  sec  1.12 MBytes  93.8 Mbits/sec                  
[  5]  44.00-44.10  sec  1.34 MBytes   112 Mbits/sec                  
[  5]  44.10-44.20  sec   525 KBytes  43.0 Mbits/sec                  
[  5]  44.20-44.30  sec   892 KBytes  73.1 Mbits/sec                  
[  5]  44.30-44.40  sec   133 KBytes  10.9 Mbits/sec                  
[  5]  44.40-44.50  sec   878 KBytes  71.9 Mbits/sec                  
[  5]  44.50-44.60  sec  1.22 MBytes   102 Mbits/sec                  
[  5]  44.60-44.70  sec  1.24 MBytes   104 Mbits/sec                  
[  5]  44.70-44.80  sec   508 KBytes  41.6 Mbits/sec                  
[  5]  44.80-44.90  sec   662 KBytes  54.2 Mbits/sec                  
[  5]  44.90-45.00  sec   265 KBytes  21.7 Mbits/sec                  
[  5]  45.00-45.10  sec   658 KBytes  53.9 Mbits/sec                  
[  5]  45.10-45.20  sec  1.70 MBytes   143 Mbits/sec                  
[  5]  45.20-45.30  sec  1.43 MBytes   120 Mbits/sec                  
[  5]  45.30-45.40  sec   152 KBytes  12.4 Mbits/sec                  
[  5]  45.40-45.50  sec  44.0 KBytes  3.60 Mbits/sec                  
[  5]  45.50-45.60  sec  1.15 MBytes  96.2 Mbits/sec                  
[  5]  45.60-45.70  sec   147 KBytes  12.0 Mbits/sec                  
[  5]  45.70-45.80  sec   140 KBytes  11.5 Mbits/sec                  
[  5]  45.80-45.90  sec  1.59 MBytes   133 Mbits/sec                  
[  5]  45.90-46.00  sec  2.11 MBytes   177 Mbits/sec                  
[  5]  46.00-46.10  sec   916 KBytes  74.9 Mbits/sec                  
[  5]  46.10-46.20  sec  0.00 Bytes  0.00 bits/sec                  
[  5]  46.20-46.30  sec  0.00 Bytes  0.00 bits/sec                  
[  5]  46.30-46.40  sec  0.00 Bytes  0.00 bits/sec                  
[  5]  46.40-46.50  sec  3.26 MBytes   274 Mbits/sec                  
[  5]  46.50-46.60  sec  1.32 MBytes   111 Mbits/sec                  
[  5]  46.60-46.70  sec  1.51 MBytes   127 Mbits/sec                  
[  5]  46.70-46.80  sec  1.40 MBytes   117 Mbits/sec                  
[  5]  46.80-46.90  sec  1.76 MBytes   148 Mbits/sec                  
[  5]  46.90-47.00  sec  1.77 MBytes   149 Mbits/sec                  
[  5]  47.00-47.10  sec  1.44 MBytes   121 Mbits/sec                  
[  5]  47.10-47.20  sec  1.91 MBytes   160 Mbits/sec                  
[  5]  47.20-47.30  sec  1.88 MBytes   158 Mbits/sec                  
[  5]  47.30-47.40  sec  1.75 MBytes   147 Mbits/sec                  
[  5]  47.40-47.50  sec  1.71 MBytes   143 Mbits/sec                  
[  5]  47.50-47.60  sec  1.84 MBytes   154 Mbits/sec                  
[  5]  47.60-47.70  sec  2.29 MBytes   192 Mbits/sec                  
[  5]  47.70-47.80  sec  2.07 MBytes   173 Mbits/sec                  
[  5]  47.80-47.90  sec  2.29 MBytes   192 Mbits/sec                  
[  5]  47.90-48.00  sec  2.34 MBytes   196 Mbits/sec                  
[  5]  48.00-48.10  sec  2.40 MBytes   201 Mbits/sec                  
[  5]  48.10-48.20  sec  2.27 MBytes   191 Mbits/sec                  
[  5]  48.20-48.30  sec  2.37 MBytes   199 Mbits/sec                  
[  5]  48.30-48.40  sec  2.42 MBytes   203 Mbits/sec                  
[  5]  48.40-48.50  sec  2.51 MBytes   211 Mbits/sec                  
[  5]  48.50-48.60  sec  2.44 MBytes   204 Mbits/sec                  
[  5]  48.60-48.70  sec  2.24 MBytes   188 Mbits/sec                  
[  5]  48.70-48.80  sec  1.40 MBytes   118 Mbits/sec                  
[  5]  48.80-48.90  sec  3.65 MBytes   306 Mbits/sec                  
[  5]  48.90-49.00  sec  2.30 MBytes   193 Mbits/sec                  
[  5]  49.00-49.10  sec  2.74 MBytes   230 Mbits/sec                  
[  5]  49.10-49.20  sec  2.44 MBytes   205 Mbits/sec                  
[  5]  49.20-49.30  sec  2.91 MBytes   244 Mbits/sec                  
[  5]  49.30-49.40  sec  2.65 MBytes   222 Mbits/sec                  
[  5]  49.40-49.50  sec  2.79 MBytes   234 Mbits/sec                  
[  5]  49.50-49.60  sec  2.68 MBytes   225 Mbits/sec                  
[  5]  49.60-49.70  sec  2.03 MBytes   170 Mbits/sec                  
[  5]  49.70-49.80  sec  3.46 MBytes   290 Mbits/sec                  
[  5]  49.80-49.90  sec  2.53 MBytes   212 Mbits/sec                  
[  5]  49.90-50.00  sec  2.76 MBytes   231 Mbits/sec                  
[  5]  50.00-50.10  sec  2.01 MBytes   169 Mbits/sec                  
[  5]  50.10-50.20  sec  2.41 MBytes   202 Mbits/sec                  
[  5]  50.20-50.30  sec  2.86 MBytes   240 Mbits/sec                  
[  5]  50.30-50.40  sec  2.47 MBytes   208 Mbits/sec                  
[  5]  50.40-50.50  sec  2.42 MBytes   203 Mbits/sec                  
[  5]  50.50-50.60  sec  3.21 MBytes   264 Mbits/sec                  
[  5]  50.60-50.70  sec  3.75 MBytes   320 Mbits/sec                  
[  5]  50.70-50.80  sec  3.33 MBytes   279 Mbits/sec                  
[  5]  50.80-50.90  sec  2.24 MBytes   188 Mbits/sec                  
[  5]  50.90-51.00  sec  3.43 MBytes   287 Mbits/sec                  
[  5]  51.00-51.10  sec  3.58 MBytes   301 Mbits/sec                  
[  5]  51.10-51.20  sec  3.02 MBytes   253 Mbits/sec                  
[  5]  51.20-51.30  sec  3.59 MBytes   301 Mbits/sec                  
[  5]  51.30-51.40  sec  3.41 MBytes   286 Mbits/sec                  
[  5]  51.40-51.50  sec  3.64 MBytes   306 Mbits/sec                  
[  5]  51.50-51.60  sec  3.66 MBytes   307 Mbits/sec                  
[  5]  51.60-51.70  sec  3.18 MBytes   266 Mbits/sec                  
[  5]  51.70-51.80  sec  3.86 MBytes   324 Mbits/sec                  
[  5]  51.80-51.90  sec  3.34 MBytes   280 Mbits/sec                  
[  5]  51.90-52.00  sec  3.57 MBytes   300 Mbits/sec                  
[  5]  52.00-52.10  sec  3.52 MBytes   295 Mbits/sec                  
[  5]  52.10-52.20  sec  3.00 MBytes   252 Mbits/sec                  
[  5]  52.20-52.30  sec  4.15 MBytes   348 Mbits/sec                  
[  5]  52.30-52.40  sec  3.30 MBytes   277 Mbits/sec                  
[  5]  52.40-52.50  sec  3.69 MBytes   309 Mbits/sec                  
[  5]  52.50-52.60  sec  3.50 MBytes   293 Mbits/sec                  
[  5]  52.60-52.70  sec  2.97 MBytes   249 Mbits/sec                  
[  5]  52.70-52.80  sec  3.79 MBytes   318 Mbits/sec                  
[  5]  52.80-52.90  sec  3.91 MBytes   328 Mbits/sec                  
[  5]  52.90-53.00  sec  3.33 MBytes   279 Mbits/sec                  
[  5]  53.00-53.10  sec  3.83 MBytes   321 Mbits/sec                  
[  5]  53.10-53.20  sec  3.69 MBytes   310 Mbits/sec                  
[  5]  53.20-53.30  sec  3.59 MBytes   301 Mbits/sec                  
[  5]  53.30-53.40  sec  4.16 MBytes   348 Mbits/sec                  
[  5]  53.40-53.50  sec  3.63 MBytes   304 Mbits/sec                  
[  5]  53.50-53.60  sec  4.14 MBytes   347 Mbits/sec                  
[  5]  53.60-53.70  sec  3.66 MBytes   306 Mbits/sec                  
[  5]  53.70-53.80  sec  3.69 MBytes   310 Mbits/sec                  
[  5]  53.80-53.90  sec  3.84 MBytes   322 Mbits/sec                  
[  5]  53.90-54.00  sec  4.28 MBytes   359 Mbits/sec                  
[  5]  54.00-54.10  sec  4.01 MBytes   336 Mbits/sec                  
[  5]  54.10-54.20  sec  4.00 MBytes   336 Mbits/sec                  
[  5]  54.20-54.30  sec  3.79 MBytes   317 Mbits/sec                  
[  5]  54.30-54.40  sec  3.95 MBytes   331 Mbits/sec                  
[  5]  54.40-54.50  sec  4.00 MBytes   335 Mbits/sec                  
[  5]  54.50-54.60  sec  4.18 MBytes   351 Mbits/sec                  
[  5]  54.60-54.70  sec  3.36 MBytes   282 Mbits/sec                  
[  5]  54.70-54.80  sec  4.04 MBytes   339 Mbits/sec                  
[  5]  54.80-54.90  sec  2.21 MBytes   185 Mbits/sec                  
[  5]  54.90-55.00  sec  3.22 MBytes   270 Mbits/sec                  
[  5]  55.00-55.10  sec  3.61 MBytes   303 Mbits/sec                  
[  5]  55.10-55.20  sec  4.57 MBytes   383 Mbits/sec                  
[  5]  55.20-55.30  sec  4.19 MBytes   352 Mbits/sec                  
[  5]  55.30-55.40  sec  3.71 MBytes   311 Mbits/sec                  
[  5]  55.40-55.50  sec  3.06 MBytes   256 Mbits/sec                  
[  5]  55.50-55.60  sec  5.94 MBytes   499 Mbits/sec                  
[  5]  55.60-55.70  sec  3.38 MBytes   283 Mbits/sec                  
[  5]  55.70-55.80  sec  3.53 MBytes   296 Mbits/sec                  
[  5]  55.80-55.90  sec  2.38 MBytes   200 Mbits/sec                  
[  5]  55.90-56.00  sec  3.22 MBytes   270 Mbits/sec                  
[  5]  56.00-56.10  sec  5.69 MBytes   478 Mbits/sec                  
[  5]  56.10-56.20  sec  5.32 MBytes   446 Mbits/sec                  
[  5]  56.20-56.30  sec  3.62 MBytes   304 Mbits/sec                  
[  5]  56.30-56.40  sec  3.67 MBytes   308 Mbits/sec                  
[  5]  56.40-56.50  sec  3.55 MBytes   298 Mbits/sec                  
[  5]  56.50-56.60  sec  3.77 MBytes   317 Mbits/sec                  
[  5]  56.60-56.70  sec  3.70 MBytes   311 Mbits/sec                  
[  5]  56.70-56.80  sec  3.59 MBytes   301 Mbits/sec                  
[  5]  56.80-56.90  sec  4.22 MBytes   354 Mbits/sec                  
[  5]  56.90-57.00  sec  3.96 MBytes   332 Mbits/sec                  
[  5]  57.00-57.10  sec  4.34 MBytes   364 Mbits/sec                  
[  5]  57.10-57.20  sec  3.38 MBytes   283 Mbits/sec                  
[  5]  57.20-57.30  sec   883 KBytes  72.4 Mbits/sec                  
[  5]  57.30-57.40  sec  6.21 MBytes   521 Mbits/sec                  
[  5]  57.40-57.50  sec  3.86 MBytes   323 Mbits/sec                  
[  5]  57.50-57.60  sec  4.24 MBytes   356 Mbits/sec                  
[  5]  57.60-57.70  sec  4.00 MBytes   335 Mbits/sec                  
[  5]  57.70-57.80  sec  3.75 MBytes   315 Mbits/sec                  
[  5]  57.80-57.90  sec  3.97 MBytes   333 Mbits/sec                  
[  5]  57.90-58.00  sec  4.09 MBytes   343 Mbits/sec                  
[  5]  58.00-58.10  sec  3.61 MBytes   302 Mbits/sec                  
[  5]  58.10-58.20  sec  4.32 MBytes   363 Mbits/sec                  
[  5]  58.20-58.30  sec  3.39 MBytes   283 Mbits/sec                  
[  5]  58.30-58.40  sec  3.28 MBytes   277 Mbits/sec                  
[  5]  58.40-58.50  sec  3.64 MBytes   306 Mbits/sec                  
[  5]  58.50-58.60  sec  3.47 MBytes   291 Mbits/sec                  
[  5]  58.60-58.70  sec  3.09 MBytes   259 Mbits/sec                  
[  5]  58.70-58.80  sec  3.43 MBytes   288 Mbits/sec                  
[  5]  58.80-58.90  sec  3.33 MBytes   280 Mbits/sec                  
[  5]  58.90-59.00  sec  3.53 MBytes   296 Mbits/sec                  
[  5]  59.00-59.10  sec   610 KBytes  50.0 Mbits/sec                  
[  5]  59.10-59.20  sec  16.0 KBytes  1.31 Mbits/sec                  
[  5]  59.20-59.30  sec   170 KBytes  14.0 Mbits/sec                  
[  5]  59.30-59.40  sec  51.9 KBytes  4.26 Mbits/sec                  
[  5]  59.40-59.50  sec  2.35 MBytes   197 Mbits/sec                  
[  5]  59.50-59.60  sec  1.20 MBytes   101 Mbits/sec                  
[  5]  59.60-59.70  sec  4.61 MBytes   387 Mbits/sec                  
[  5]  59.70-59.80  sec  4.29 MBytes   360 Mbits/sec                  
[  5]  59.80-59.90  sec  4.02 MBytes   337 Mbits/sec                  
[  5]  59.90-60.00  sec  3.58 MBytes   300 Mbits/sec                  
- - - - - - - - - - - - - - - - - - - - - - - - -
[ ID] Interval           Transfer     Bitrate         Retr
[  5]   0.00-60.03  sec  1.89 GBytes   271 Mbits/sec  636             sender
[  5]   0.00-60.00  sec  1.62 GBytes   232 Mbits/sec                  receiver

iperf Done.
End time: 1745099841117
