Start time: 1730756235596
[2024-11-04T15:37:20.703744-0600] traceroute to 54.176.53.206 (54.176.53.206), 30 hops max, 60 byte packets
[2024-11-04T15:37:20.704763-0600]  1  * * *
[2024-11-04T15:37:20.704823-0600]  2  * * *
[2024-11-04T15:37:20.704859-0600]  3  * * *
[2024-11-04T15:37:20.704890-0600]  4  * * *
[2024-11-04T15:37:20.704970-0600]  5  * * *
[2024-11-04T15:37:25.711930-0600]  6  * * *
[2024-11-04T15:37:25.717845-0600]  7  * * *
[2024-11-04T15:37:25.718007-0600]  8  * * *
[2024-11-04T15:37:25.723973-0600]  9  * * *
[2024-11-04T15:37:25.724450-0600] 10  * * *
[2024-11-04T15:37:30.720155-0600] 11  * * *
[2024-11-04T15:37:30.720689-0600] 12  * * *
[2024-11-04T15:37:30.728754-0600] 13  * * *
[2024-11-04T15:37:30.729233-0600] 14  * * *
[2024-11-04T15:37:30.738078-0600] 15  * * *
[2024-11-04T15:37:35.728765-0600] 16  * * *
[2024-11-04T15:37:35.729280-0600] 17  * * *
[2024-11-04T15:37:35.734683-0600] 18  * * *
[2024-11-04T15:37:35.740111-0600] 19  * * *
[2024-11-04T15:37:35.740484-0600] 20  * * *
[2024-11-04T15:37:35.746739-0600] 21  * * *
[2024-11-04T15:37:40.736485-0600] 22  * * *
[2024-11-04T15:37:40.740724-0600] 23  * * *
[2024-11-04T15:37:40.742102-0600] 24  * * *
[2024-11-04T15:37:40.746330-0600] 25  * * *
[2024-11-04T15:37:40.747424-0600] 26  * * *
[2024-11-04T15:37:45.690033-0600] 27  * *End time: 1730756265752
