Start time: 1730753035818
[2024-11-04T14:44:00.908938-0600] traceroute to 54.176.53.206 (54.176.53.206), 30 hops max, 60 byte packets
[2024-11-04T14:44:00.910034-0600]  1  * * *
[2024-11-04T14:44:00.910101-0600]  2  * * *
[2024-11-04T14:44:00.910146-0600]  3  * * *
[2024-11-04T14:44:00.910188-0600]  4  * * *
[2024-11-04T14:44:00.910233-0600]  5  * * *
[2024-11-04T14:44:05.915941-0600]  6  * * *
[2024-11-04T14:44:05.916151-0600]  7  * * *
[2024-11-04T14:44:05.916210-0600]  8  * * *
[2024-11-04T14:44:05.919688-0600]  9  * * *
[2024-11-04T14:44:05.919748-0600] 10  * * *
[2024-11-04T14:44:10.920412-0600] 11  * * *
[2024-11-04T14:44:10.920934-0600] 12  * * *
[2024-11-04T14:44:10.921078-0600] 13  * * *
[2024-11-04T14:44:10.930992-0600] 14  * * *
[2024-11-04T14:44:10.931403-0600] 15  * * *
[2024-11-04T14:44:15.928786-0600] 16  * * *
[2024-11-04T14:44:15.929421-0600] 17  * * *
[2024-11-04T14:44:15.929572-0600] 18  * * *
[2024-11-04T14:44:15.937083-0600] 19  * * *
[2024-11-04T14:44:15.937244-0600] 20  * * *
[2024-11-04T14:44:15.937559-0600] 21  * * *
[2024-11-04T14:44:20.938201-0600] 22  * * *
[2024-11-04T14:44:20.938667-0600] 23  * * *
[2024-11-04T14:44:20.946208-0600] 24  * * *
[2024-11-04T14:44:20.946662-0600] 25  * * *
[2024-11-04T14:44:20.946821-0600] 26  * * *
[2024-11-04T14:44:25.899566-0600] 27  * *End time: 1730753065961
