Start time: 1731105191142
[2024-11-08T17:33:16.237200-0500] traceroute to 54.197.223.49 (54.197.223.49), 30 hops max, 60 byte packets
[2024-11-08T17:33:16.238064-0500]  1  * * *
[2024-11-08T17:33:16.238124-0500]  2  * * *
[2024-11-08T17:33:16.244026-0500]  3  * * *
[2024-11-08T17:33:16.244129-0500]  4  * * *
[2024-11-08T17:33:16.244167-0500]  5  * * *
[2024-11-08T17:33:21.244916-0500]  6  * * *
[2024-11-08T17:33:21.245136-0500]  7  * * *
[2024-11-08T17:33:21.245183-0500]  8  * * *
[2024-11-08T17:33:21.251969-0500]  9  * * *
[2024-11-08T17:33:21.252059-0500] 10  * * *
[2024-11-08T17:33:26.251625-0500] 11  * * *
[2024-11-08T17:33:26.251794-0500] 12  * * *
[2024-11-08T17:33:26.251834-0500] 13  * * *
[2024-11-08T17:33:26.257767-0500] 14  * * *
[2024-11-08T17:33:26.257872-0500] 15  * * *
[2024-11-08T17:33:31.258754-0500] 16  * * *
[2024-11-08T17:33:31.259002-0500] 17  * * *
[2024-11-08T17:33:31.259048-0500] 18  * * *
[2024-11-08T17:33:31.266820-0500] 19  * * *
[2024-11-08T17:33:31.266943-0500] 20  * * *
[2024-11-08T17:33:31.266991-0500] 21  * * *
[2024-11-08T17:33:36.266402-0500] 22  * * *
[2024-11-08T17:33:36.266734-0500] 23  * * *
[2024-11-08T17:33:36.275237-0500] 24  * * *
[2024-11-08T17:33:36.275510-0500] 25  * * *
[2024-11-08T17:33:36.275605-0500] 26  * * *
[2024-11-08T17:33:41.221523-0500] 27  * *End time: 1731105221272
