Start time: 1747685746396
Connecting to host 34.145.166.89, port 5209
Reverse mode, remote host 34.145.166.89 is sending
[  5] local 192.0.0.2 port 51944 connected to 34.145.166.89 port 5209
[ ID] Interval           Transfer     Bitrate
[  5]   0.00-0.10   sec  98.6 KBytes  8.07 Mbits/sec                  
[  5]   0.10-0.20   sec   376 KBytes  30.8 Mbits/sec                  
[  5]   0.20-0.30   sec   482 KBytes  39.5 Mbits/sec                  
[  5]   0.30-0.40   sec   461 KBytes  37.8 Mbits/sec                  
[  5]   0.40-0.50   sec   746 KBytes  61.1 Mbits/sec                  
[  5]   0.50-0.60   sec   647 KBytes  53.0 Mbits/sec                  
[  5]   0.60-0.70   sec  1011 KBytes  82.8 Mbits/sec                  
[  5]   0.70-0.80   sec  1.07 MBytes  89.6 Mbits/sec                  
[  5]   0.80-0.90   sec  1.24 MBytes   104 Mbits/sec                  
[  5]   0.90-1.00   sec  1.26 MBytes   106 Mbits/sec                  
[  5]   1.00-1.10   sec  1.06 MBytes  88.7 Mbits/sec                  
[  5]   1.10-1.20   sec  1.10 MBytes  92.3 Mbits/sec                  
[  5]   1.20-1.30   sec  1.17 MBytes  98.4 Mbits/sec                  
[  5]   1.30-1.40   sec  1.39 MBytes   116 Mbits/sec                  
[  5]   1.40-1.50   sec  1.31 MBytes   110 Mbits/sec                  
[  5]   1.50-1.60   sec  1.82 MBytes   153 Mbits/sec                  
[  5]   1.60-1.70   sec  1.57 MBytes   132 Mbits/sec                  
[  5]   1.70-1.80   sec  1.50 MBytes   126 Mbits/sec                  
[  5]   1.80-1.90   sec  1.65 MBytes   139 Mbits/sec                  
[  5]   1.90-2.00   sec  2.09 MBytes   175 Mbits/sec                  
[  5]   2.00-2.10   sec  2.53 MBytes   212 Mbits/sec                  
[  5]   2.10-2.20   sec  2.27 MBytes   190 Mbits/sec                  
[  5]   2.20-2.30   sec  3.12 MBytes   262 Mbits/sec                  
[  5]   2.30-2.40   sec  2.35 MBytes   198 Mbits/sec                  
[  5]   2.40-2.50   sec  3.79 MBytes   318 Mbits/sec                  
[  5]   2.50-2.60   sec  3.41 MBytes   286 Mbits/sec                  
[  5]   2.60-2.70   sec  3.61 MBytes   302 Mbits/sec                  
[  5]   2.70-2.80   sec  4.12 MBytes   346 Mbits/sec                  
[  5]   2.80-2.90   sec  4.36 MBytes   366 Mbits/sec                  
[  5]   2.90-3.00   sec  4.24 MBytes   355 Mbits/sec                  
[  5]   3.00-3.10   sec  4.72 MBytes   396 Mbits/sec                  
[  5]   3.10-3.20   sec  4.20 MBytes   353 Mbits/sec                  
[  5]   3.20-3.30   sec  4.19 MBytes   352 Mbits/sec                  
[  5]   3.30-3.40   sec  6.30 MBytes   529 Mbits/sec                  
[  5]   3.40-3.50   sec  4.47 MBytes   375 Mbits/sec                  
[  5]   3.50-3.60   sec  4.85 MBytes   407 Mbits/sec                  
[  5]   3.60-3.70   sec  4.84 MBytes   406 Mbits/sec                  
[  5]   3.70-3.80   sec  5.61 MBytes   471 Mbits/sec                  
[  5]   3.80-3.90   sec  5.16 MBytes   433 Mbits/sec                  
[  5]   3.90-4.00   sec  4.58 MBytes   384 Mbits/sec                  
[  5]   4.00-4.10   sec  4.97 MBytes   417 Mbits/sec                  
[  5]   4.10-4.20   sec  4.07 MBytes   341 Mbits/sec                  
[  5]   4.20-4.30   sec  5.44 MBytes   456 Mbits/sec                  
[  5]   4.30-4.40   sec  4.55 MBytes   382 Mbits/sec                  
[  5]   4.40-4.50   sec  4.88 MBytes   409 Mbits/sec                  
[  5]   4.50-4.60   sec  5.93 MBytes   497 Mbits/sec                  
[  5]   4.60-4.70   sec  5.24 MBytes   440 Mbits/sec                  
[  5]   4.70-4.80   sec  5.74 MBytes   481 Mbits/sec                  
[  5]   4.80-4.90   sec  5.31 MBytes   446 Mbits/sec                  
[  5]   4.90-5.00   sec  5.73 MBytes   481 Mbits/sec                  
- - - - - - - - - - - - - - - - - - - - - - - - -
[ ID] Interval           Transfer     Bitrate         Retr
[  5]   0.00-5.04   sec   160 MBytes   266 Mbits/sec    0             sender
[  5]   0.00-5.00   sec   157 MBytes   263 Mbits/sec                  receiver

iperf Done.
End time: 1747685751938
