Start time: 1745102433023
Connecting to host 34.86.116.81, port 5207
Reverse mode, remote host 34.86.116.81 is sending
[  5] local 192.0.0.2 port 38064 connected to 34.86.116.81 port 5207
[ ID] Interval           Transfer     Bitrate
[  5]   0.00-0.10   sec  48.0 KBytes  3.93 Mbits/sec                  
[  5]   0.10-0.20   sec  66.6 KBytes  5.45 Mbits/sec                  
[  5]   0.20-0.30   sec   253 KBytes  20.7 Mbits/sec                  
[  5]   0.30-0.40   sec  1.01 MBytes  84.7 Mbits/sec                  
[  5]   0.40-0.50   sec  1.81 MBytes   152 Mbits/sec                  
[  5]   0.50-0.60   sec  2.16 MBytes   181 Mbits/sec                  
[  5]   0.60-0.70   sec  2.54 MBytes   213 Mbits/sec                  
[  5]   0.70-0.80   sec  2.18 MBytes   183 Mbits/sec                  
[  5]   0.80-0.90   sec  1.98 MBytes   166 Mbits/sec                  
[  5]   0.90-1.00   sec  2.12 MBytes   178 Mbits/sec                  
[  5]   1.00-1.10   sec  1.59 MBytes   133 Mbits/sec                  
[  5]   1.10-1.20   sec  1.49 MBytes   125 Mbits/sec                  
[  5]   1.20-1.30   sec  1.16 MBytes  97.5 Mbits/sec                  
[  5]   1.30-1.40   sec  1.09 MBytes  91.6 Mbits/sec                  
[  5]   1.40-1.50   sec  1.36 MBytes   114 Mbits/sec                  
[  5]   1.50-1.60   sec  1.15 MBytes  96.5 Mbits/sec                  
[  5]   1.60-1.70   sec  1.58 MBytes   133 Mbits/sec                  
[  5]   1.70-1.80   sec  1.88 MBytes   158 Mbits/sec                  
[  5]   1.80-1.90   sec  1.95 MBytes   164 Mbits/sec                  
[  5]   1.90-2.00   sec  1.19 MBytes  99.8 Mbits/sec                  
[  5]   2.00-2.10   sec  1.63 MBytes   137 Mbits/sec                  
[  5]   2.10-2.20   sec  1.14 MBytes  95.4 Mbits/sec                  
[  5]   2.20-2.30   sec  1.49 MBytes   125 Mbits/sec                  
[  5]   2.30-2.40   sec  1.55 MBytes   129 Mbits/sec                  
[  5]   2.40-2.50   sec   813 KBytes  66.4 Mbits/sec                  
[  5]   2.50-2.60   sec   742 KBytes  61.0 Mbits/sec                  
[  5]   2.60-2.70   sec  1.67 MBytes   140 Mbits/sec                  
[  5]   2.70-2.80   sec  1.52 MBytes   128 Mbits/sec                  
[  5]   2.80-2.90   sec  2.35 MBytes   197 Mbits/sec                  
[  5]   2.90-3.00   sec  2.28 MBytes   191 Mbits/sec                  
[  5]   3.00-3.10   sec  1.92 MBytes   161 Mbits/sec                  
[  5]   3.10-3.20   sec  1.55 MBytes   130 Mbits/sec                  
[  5]   3.20-3.30   sec  1.65 MBytes   138 Mbits/sec                  
[  5]   3.30-3.40   sec  1.45 MBytes   122 Mbits/sec                  
[  5]   3.40-3.50   sec  1.40 MBytes   118 Mbits/sec                  
[  5]   3.50-3.60   sec  1.48 MBytes   124 Mbits/sec                  
[  5]   3.60-3.70   sec  1.97 MBytes   165 Mbits/sec                  
[  5]   3.70-3.80   sec  2.10 MBytes   176 Mbits/sec                  
[  5]   3.80-3.90   sec  1.75 MBytes   147 Mbits/sec                  
[  5]   3.90-4.00   sec  1.89 MBytes   158 Mbits/sec                  
[  5]   4.00-4.10   sec  2.07 MBytes   173 Mbits/sec                  
[  5]   4.10-4.20   sec  1.32 MBytes   111 Mbits/sec                  
[  5]   4.20-4.30   sec  1.60 MBytes   134 Mbits/sec                  
[  5]   4.30-4.40   sec  2.20 MBytes   185 Mbits/sec                  
[  5]   4.40-4.50   sec  1.18 MBytes  99.0 Mbits/sec                  
[  5]   4.50-4.60   sec  1.46 MBytes   122 Mbits/sec                  
[  5]   4.60-4.70   sec  1.69 MBytes   142 Mbits/sec                  
[  5]   4.70-4.80   sec  1.71 MBytes   143 Mbits/sec                  
[  5]   4.80-4.90   sec  2.16 MBytes   181 Mbits/sec                  
[  5]   4.90-5.00   sec  1.72 MBytes   144 Mbits/sec                  
- - - - - - - - - - - - - - - - - - - - - - - - -
[ ID] Interval           Transfer     Bitrate         Retr
[  5]   0.00-5.04   sec   358 MBytes   595 Mbits/sec    0             sender
[  5]   0.00-5.00   sec  78.0 MBytes   131 Mbits/sec                  receiver

iperf Done.
End time: 1745102438740
