Start time: 1745269921078
Connecting to host 34.86.116.81, port 5207
Reverse mode, remote host 34.86.116.81 is sending
[  5] local 192.0.0.2 port 55222 connected to 34.86.116.81 port 5207
[ ID] Interval           Transfer     Bitrate
[  5]   0.00-0.10   sec  50.6 KBytes  4.12 Mbits/sec                  
[  5]   0.10-0.20   sec  74.6 KBytes  6.14 Mbits/sec                  
[  5]   0.20-0.30   sec   128 KBytes  10.5 Mbits/sec                  
[  5]   0.30-0.40   sec   248 KBytes  20.3 Mbits/sec                  
[  5]   0.40-0.50   sec   151 KBytes  12.3 Mbits/sec                  
[  5]   0.50-0.60   sec   123 KBytes  10.0 Mbits/sec                  
[  5]   0.60-0.70   sec   346 KBytes  28.4 Mbits/sec                  
[  5]   0.70-0.80   sec   304 KBytes  24.9 Mbits/sec                  
[  5]   0.80-0.90   sec   329 KBytes  27.0 Mbits/sec                  
[  5]   0.90-1.00   sec   208 KBytes  17.0 Mbits/sec                  
[  5]   1.00-1.10   sec   817 KBytes  66.9 Mbits/sec                  
[  5]   1.10-1.20   sec   421 KBytes  34.5 Mbits/sec                  
[  5]   1.20-1.30   sec   603 KBytes  49.4 Mbits/sec                  
[  5]   1.30-1.40   sec   473 KBytes  38.7 Mbits/sec                  
[  5]   1.40-1.50   sec   626 KBytes  51.3 Mbits/sec                  
[  5]   1.50-1.60   sec   603 KBytes  49.4 Mbits/sec                  
[  5]   1.60-1.70   sec   221 KBytes  18.1 Mbits/sec                  
[  5]   1.70-1.80   sec   687 KBytes  56.3 Mbits/sec                  
[  5]   1.80-1.90   sec   807 KBytes  66.2 Mbits/sec                  
[  5]   1.90-2.00   sec   715 KBytes  58.6 Mbits/sec                  
[  5]   2.00-2.10   sec   686 KBytes  55.8 Mbits/sec                  
[  5]   2.10-2.20   sec   639 KBytes  52.7 Mbits/sec                  
[  5]   2.20-2.30   sec   786 KBytes  64.4 Mbits/sec                  
[  5]   2.30-2.40   sec   726 KBytes  59.5 Mbits/sec                  
[  5]   2.40-2.50   sec   745 KBytes  61.0 Mbits/sec                  
[  5]   2.50-2.60   sec   880 KBytes  72.2 Mbits/sec                  
[  5]   2.60-2.70   sec   545 KBytes  44.6 Mbits/sec                  
[  5]   2.70-2.80   sec  1.13 MBytes  95.0 Mbits/sec                  
[  5]   2.80-2.90   sec   765 KBytes  62.7 Mbits/sec                  
[  5]   2.90-3.00   sec   782 KBytes  64.0 Mbits/sec                  
[  5]   3.00-3.10   sec   854 KBytes  69.9 Mbits/sec                  
[  5]   3.10-3.20   sec   896 KBytes  73.5 Mbits/sec                  
[  5]   3.20-3.30   sec   786 KBytes  64.4 Mbits/sec                  
[  5]   3.30-3.40   sec   862 KBytes  70.6 Mbits/sec                  
[  5]   3.40-3.50   sec   398 KBytes  32.6 Mbits/sec                  
[  5]   3.50-3.60   sec  0.00 Bytes  0.00 bits/sec                  
[  5]   3.60-3.70   sec  0.00 Bytes  0.00 bits/sec                  
[  5]   3.70-3.80   sec   104 KBytes  8.52 Mbits/sec                  
[  5]   3.80-3.90   sec  1.27 MBytes   107 Mbits/sec                  
[  5]   3.90-4.00   sec   980 KBytes  80.3 Mbits/sec                  
[  5]   4.00-4.10   sec   827 KBytes  67.8 Mbits/sec                  
[  5]   4.10-4.20   sec   855 KBytes  70.0 Mbits/sec                  
[  5]   4.20-4.30   sec   779 KBytes  63.9 Mbits/sec                  
[  5]   4.30-4.40   sec   849 KBytes  69.5 Mbits/sec                  
[  5]   4.40-4.50   sec   862 KBytes  70.6 Mbits/sec                  
[  5]   4.50-4.60   sec   872 KBytes  71.4 Mbits/sec                  
[  5]   4.60-4.70   sec   785 KBytes  64.3 Mbits/sec                  
[  5]   4.70-4.80   sec   930 KBytes  76.2 Mbits/sec                  
[  5]   4.80-4.90   sec   862 KBytes  70.6 Mbits/sec                  
[  5]   4.90-5.00   sec   127 KBytes  10.4 Mbits/sec                  
- - - - - - - - - - - - - - - - - - - - - - - - -
[ ID] Interval           Transfer     Bitrate         Retr
[  5]   0.00-5.08   sec   306 MBytes   506 Mbits/sec    0             sender
[  5]   0.00-5.00   sec  28.9 MBytes  48.5 Mbits/sec                  receiver

iperf Done.
End time: 1745269927017
