Start time: 1730682455011
[2024-11-03T18:07:35.839190-0700] nuttcp-r: v8.1.4: socket
[2024-11-03T18:07:35.839895-0700] nuttcp-r: buflen=65536, nstream=1, port=5379 tcp
[2024-11-03T18:07:35.839943-0700] nuttcp-r: interval reporting every 0.50 seconds
[2024-11-03T18:07:35.839973-0700] nuttcp-r: connect to 54.176.53.206 with RTT=53.320 ms af=inet
[2024-11-03T18:07:35.840003-0700] nuttcp-r: send window size = 2097152, receive window size = 6291456
[2024-11-03T18:07:35.840030-0700] nuttcp-r: available send window = 1572864, available receive window = 4718592
[2024-11-03T18:07:35.840063-0700]     0.4375 MB /   0.50 sec =    7.3375 Mbps     0 retrans
[2024-11-03T18:07:36.339305-0700]     3.1875 MB /   0.50 sec =   53.4855 Mbps     0 retrans
[2024-11-03T18:07:36.839072-0700]     4.1250 MB /   0.50 sec =   69.2080 Mbps     0 retrans
[2024-11-03T18:07:37.339216-0700]     2.2500 MB /   0.50 sec =   37.7404 Mbps     0 retrans
[2024-11-03T18:07:37.839139-0700]     1.6875 MB /   0.50 sec =   28.3133 Mbps     0 retrans
[2024-11-03T18:07:38.339203-0700]     0.6250 MB /   0.50 sec =   10.4852 Mbps     0 retrans
[2024-11-03T18:07:38.839068-0700]     0.6875 MB /   0.50 sec =   11.5361 Mbps     0 retrans
[2024-11-03T18:07:39.339138-0700]     0.0000 MB /   0.50 sec =    0.0000 Mbps     0 retrans
[2024-11-03T18:07:39.839193-0700]     0.0000 MB /   0.50 sec =    0.0000 Mbps     0 retrans
[2024-11-03T18:07:40.339132-0700]     0.5000 MB /   0.50 sec =    8.3894 Mbps     0 retrans
[2024-11-03T18:07:40.838940-0700]     5.8750 MB /   0.50 sec =   98.5841 Mbps     0 retrans
[2024-11-03T18:07:41.339214-0700]     3.5000 MB /   0.50 sec =   58.7133 Mbps     0 retrans
[2024-11-03T18:07:41.839018-0700]     3.6250 MB /   0.50 sec =   60.8248 Mbps     0 retrans
[2024-11-03T18:07:42.339005-0700]     2.7500 MB /   0.50 sec =   46.1379 Mbps     0 retrans
[2024-11-03T18:07:42.839098-0700]     2.0625 MB /   0.50 sec =   34.5980 Mbps     0 retrans
[2024-11-03T18:07:43.339074-0700]     2.5000 MB /   0.50 sec =   41.9439 Mbps     0 retrans
[2024-11-03T18:07:43.839200-0700]     3.5625 MB /   0.50 sec =   59.7706 Mbps     0 retrans
[2024-11-03T18:07:44.339026-0700]     4.6250 MB /   0.50 sec =   77.6016 Mbps     0 retrans
[2024-11-03T18:07:44.839026-0700]     3.5625 MB /   0.50 sec =   59.7664 Mbps     0 retrans
[2024-11-03T18:07:45.339028-0700]     3.9375 MB /   0.50 sec =   66.0623 Mbps     0 retrans
[2024-11-03T18:07:45.839153-0700]     2.2500 MB /   0.50 sec =   37.7393 Mbps     0 retrans
[2024-11-03T18:07:46.339254-0700]     2.2500 MB /   0.50 sec =   37.7521 Mbps     0 retrans
[2024-11-03T18:07:46.839116-0700]     4.6250 MB /   0.50 sec =   77.5962 Mbps     0 retrans
[2024-11-03T18:07:47.339048-0700]     3.0625 MB /   0.50 sec =   51.3824 Mbps     0 retrans
[2024-11-03T18:07:47.839083-0700]     2.3125 MB /   0.50 sec =   38.7967 Mbps     0 retrans
[2024-11-03T18:07:48.339107-0700]     1.1875 MB /   0.50 sec =   19.9225 Mbps     0 retrans
[2024-11-03T18:07:48.839110-0700]     1.8750 MB /   0.50 sec =   31.4572 Mbps     0 retrans
[2024-11-03T18:07:49.339127-0700]     0.0000 MB /   0.50 sec =    0.0000 Mbps     0 retrans
[2024-11-03T18:07:49.839206-0700]     0.0000 MB /   0.50 sec =    0.0000 Mbps     0 retrans
[2024-11-03T18:07:50.339003-0700]     1.0000 MB /   0.50 sec =   16.7823 Mbps     0 retrans
[2024-11-03T18:07:50.839107-0700]     0.0000 MB /   0.50 sec =    0.0000 Mbps     0 retrans
[2024-11-03T18:07:51.339241-0700]     0.0000 MB /   0.50 sec =    0.0000 Mbps     0 retrans
[2024-11-03T18:07:51.839016-0700]     0.1875 MB /   0.50 sec =    3.1461 Mbps     0 retrans
[2024-11-03T18:07:52.339108-0700]     0.3750 MB /   0.50 sec =    6.2906 Mbps     0 retrans
[2024-11-03T18:07:52.838993-0700]     0.9375 MB /   0.50 sec =   15.7310 Mbps     0 retrans
[2024-11-03T18:07:53.339085-0700]     0.3125 MB /   0.50 sec =    5.2423 Mbps     0 retrans
[2024-11-03T18:07:53.839062-0700]     0.1875 MB /   0.50 sec =    3.1458 Mbps     0 retrans
[2024-11-03T18:07:54.339131-0700]     0.0000 MB /   0.50 sec =    0.0000 Mbps     0 retrans
[2024-11-03T18:07:54.839105-0700]     0.0000 MB /   0.50 sec =    0.0000 Mbps     0 retrans
[2024-11-03T18:07:55.339212-0700]     0.0000 MB /   0.50 sec =    0.0000 Mbps     0 retrans
[2024-11-03T18:07:55.839175-0700]     0.0000 MB /   0.50 sec =    0.0000 Mbps     0 retrans
[2024-11-03T18:07:56.338959-0700]     0.0000 MB /   0.50 sec =    0.0000 Mbps     0 retrans
[2024-11-03T18:07:56.839066-0700]     0.0000 MB /   0.50 sec =    0.0000 Mbps     0 retrans
[2024-11-03T18:07:57.339201-0700]     0.0000 MB /   0.50 sec =    0.0000 Mbps     0 retrans
[2024-11-03T18:07:57.839062-0700]     1.1250 MB /   0.50 sec =   18.8724 Mbps     0 retrans
[2024-11-03T18:07:58.338960-0700]     2.7500 MB /   0.50 sec =   46.1438 Mbps     0 retrans
[2024-11-03T18:07:58.839048-0700]     2.6875 MB /   0.50 sec =   45.0853 Mbps     0 retrans
[2024-11-03T18:07:59.339023-0700]     3.0000 MB /   0.50 sec =   50.3338 Mbps     0 retrans
[2024-11-03T18:07:59.839088-0700]     2.3750 MB /   0.50 sec =   39.8407 Mbps     0 retrans
[2024-11-03T18:08:00.339040-0700]     3.4375 MB /   0.50 sec =   57.6780 Mbps     0 retrans
[2024-11-03T18:08:00.839168-0700]     4.0000 MB /   0.50 sec =   67.1109 Mbps     0 retrans
[2024-11-03T18:08:01.339062-0700]     3.4375 MB /   0.50 sec =   57.6698 Mbps     0 retrans
[2024-11-03T18:08:01.839059-0700]     5.0000 MB /   0.50 sec =   83.8854 Mbps     0 retrans
[2024-11-03T18:08:02.338970-0700]     3.1875 MB /   0.50 sec =   53.4772 Mbps     0 retrans
[2024-11-03T18:08:02.839046-0700]     4.1250 MB /   0.50 sec =   69.2049 Mbps     0 retrans
[2024-11-03T18:08:03.339031-0700]     4.3750 MB /   0.50 sec =   73.4041 Mbps     0 retrans
[2024-11-03T18:08:03.838982-0700]     3.7500 MB /   0.50 sec =   62.9113 Mbps     0 retrans
[2024-11-03T18:08:04.339071-0700]     3.5625 MB /   0.50 sec =   59.7644 Mbps     0 retrans
[2024-11-03T18:08:04.839035-0700]     3.0625 MB /   0.50 sec =   51.3842 Mbps     0 retrans
[2024-11-03T18:08:05.339233-0700]     2.9375 MB /   0.50 sec =   49.2765 Mbps     0 retrans
[2024-11-03T18:08:05.839014-0700]     7.2500 MB /   0.50 sec =  121.6577 Mbps     0 retrans
[2024-11-03T18:08:06.339121-0700]     5.9375 MB /   0.50 sec =   99.5922 Mbps     0 retrans
[2024-11-03T18:08:06.839071-0700]     7.9375 MB /   0.50 sec =  133.1979 Mbps     0 retrans
[2024-11-03T18:08:07.339055-0700]     8.8125 MB /   0.50 sec =  147.8477 Mbps     0 retrans
[2024-11-03T18:08:07.839131-0700]     8.5000 MB /   0.50 sec =  142.5821 Mbps     0 retrans
[2024-11-03T18:08:08.339025-0700]     9.6875 MB /   0.50 sec =  162.5582 Mbps     0 retrans
[2024-11-03T18:08:08.839017-0700]     9.0000 MB /   0.50 sec =  150.9962 Mbps     0 retrans
[2024-11-03T18:08:09.339061-0700]    10.6250 MB /   0.50 sec =  178.2429 Mbps     0 retrans
[2024-11-03T18:08:09.839338-0700]    12.3125 MB /   0.50 sec =  206.5377 Mbps     0 retrans
[2024-11-03T18:08:10.339016-0700]     4.9375 MB /   0.50 sec =   82.8574 Mbps     0 retrans
[2024-11-03T18:08:10.839149-0700]    14.6250 MB /   0.50 sec =  245.3010 Mbps     0 retrans
[2024-11-03T18:08:11.339031-0700]    11.6250 MB /   0.50 sec =  195.0816 Mbps     0 retrans
[2024-11-03T18:08:11.839107-0700]    13.0000 MB /   0.50 sec =  218.0746 Mbps     0 retrans
[2024-11-03T18:08:12.339043-0700]    12.9375 MB /   0.50 sec =  217.0765 Mbps     0 retrans
[2024-11-03T18:08:12.839016-0700]    12.1875 MB /   0.50 sec =  204.4801 Mbps     0 retrans
[2024-11-03T18:08:13.339012-0700]    13.8125 MB /   0.50 sec =  231.7413 Mbps     0 retrans
[2024-11-03T18:08:13.839096-0700]    14.3750 MB /   0.50 sec =  241.1450 Mbps     0 retrans
[2024-11-03T18:08:14.339039-0700]    14.0000 MB /   0.50 sec =  234.9003 Mbps     0 retrans
[2024-11-03T18:08:14.838965-0700]    13.8750 MB /   0.50 sec =  232.7853 Mbps     0 retrans
[2024-11-03T18:08:15.339069-0700]    16.8125 MB /   0.50 sec =  282.0399 Mbps     0 retrans
[2024-11-03T18:08:15.839047-0700]    14.3125 MB /   0.50 sec =  240.1484 Mbps     0 retrans
[2024-11-03T18:08:16.339039-0700]    18.5625 MB /   0.50 sec =  311.4258 Mbps     0 retrans
[2024-11-03T18:08:16.839143-0700]    19.0000 MB /   0.50 sec =  318.7709 Mbps     0 retrans
[2024-11-03T18:08:17.338996-0700]    18.8750 MB /   0.50 sec =  316.6719 Mbps     0 retrans
[2024-11-03T18:08:17.839014-0700]    19.9375 MB /   0.50 sec =  334.4937 Mbps     0 retrans
[2024-11-03T18:08:18.338998-0700]    19.1250 MB /   0.50 sec =  320.8694 Mbps     0 retrans
[2024-11-03T18:08:18.839120-0700]    21.5625 MB /   0.50 sec =  361.6951 Mbps     0 retrans
[2024-11-03T18:08:19.339061-0700]    21.3125 MB /   0.50 sec =  357.5787 Mbps     0 retrans
[2024-11-03T18:08:19.839019-0700]    25.1875 MB /   0.50 sec =  422.6319 Mbps     0 retrans
[2024-11-03T18:08:20.338964-0700]    21.3125 MB /   0.50 sec =  357.5551 Mbps     0 retrans
[2024-11-03T18:08:20.839062-0700]     6.1875 MB /   0.50 sec =  103.8007 Mbps     0 retrans
[2024-11-03T18:08:21.339043-0700]    16.4375 MB /   0.50 sec =  275.8003 Mbps     0 retrans
[2024-11-03T18:08:21.839007-0700]    16.6875 MB /   0.50 sec =  279.9743 Mbps     0 retrans
[2024-11-03T18:08:22.339062-0700]    17.1250 MB /   0.50 sec =  287.3092 Mbps     0 retrans
[2024-11-03T18:08:22.839050-0700]    16.3125 MB /   0.50 sec =  273.6723 Mbps     0 retrans
[2024-11-03T18:08:23.339336-0700]    18.8750 MB /   0.50 sec =  316.4965 Mbps     0 retrans
[2024-11-03T18:08:23.839182-0700]    18.5000 MB /   0.50 sec =  310.4487 Mbps     0 retrans
[2024-11-03T18:08:24.339002-0700]    15.2500 MB /   0.50 sec =  255.9442 Mbps     0 retrans
[2024-11-03T18:08:24.838931-0700]    21.3125 MB /   0.50 sec =  357.5809 Mbps     0 retrans
[2024-11-03T18:08:25.339002-0700]    18.0625 MB /   0.50 sec =  303.0203 Mbps     0 retrans
[2024-11-03T18:08:25.839007-0700]    19.1875 MB /   0.50 sec =  321.9218 Mbps     0 retrans
[2024-11-03T18:08:26.339096-0700]    19.6250 MB /   0.50 sec =  329.2292 Mbps     0 retrans
[2024-11-03T18:08:26.839005-0700]    14.9375 MB /   0.50 sec =  250.6222 Mbps     0 retrans
[2024-11-03T18:08:27.339012-0700]    19.5625 MB /   0.50 sec =  328.1997 Mbps     0 retrans
[2024-11-03T18:08:27.839010-0700]    19.4375 MB /   0.50 sec =  326.1091 Mbps     0 retrans
[2024-11-03T18:08:28.338971-0700]    17.6250 MB /   0.50 sec =  295.7067 Mbps     0 retrans
[2024-11-03T18:08:28.839135-0700]    19.6250 MB /   0.50 sec =  329.2180 Mbps     0 retrans
[2024-11-03T18:08:29.338996-0700]    19.8750 MB /   0.50 sec =  333.4932 Mbps     0 retrans
[2024-11-03T18:08:29.839131-0700]    18.3125 MB /   0.50 sec =  307.2088 Mbps     0 retrans
[2024-11-03T18:08:30.339000-0700]    19.0625 MB /   0.50 sec =  319.8240 Mbps     0 retrans
[2024-11-03T18:08:30.839001-0700]    21.9375 MB /   0.50 sec =  368.0472 Mbps     0 retrans
[2024-11-03T18:08:31.338920-0700]    22.0000 MB /   0.50 sec =  369.1231 Mbps     0 retrans
[2024-11-03T18:08:31.839076-0700]    23.2500 MB /   0.50 sec =  390.0102 Mbps     0 retrans
[2024-11-03T18:08:32.338917-0700]    21.1250 MB /   0.50 sec =  354.4704 Mbps     0 retrans
[2024-11-03T18:08:32.839044-0700]    25.5000 MB /   0.50 sec =  427.7822 Mbps     0 retrans
[2024-11-03T18:08:33.339089-0700]    24.7500 MB /   0.50 sec =  415.2087 Mbps     0 retrans
[2024-11-03T18:08:33.839070-0700]     1.5000 MB /   0.50 sec =   25.1657 Mbps     0 retrans
[2024-11-03T18:08:34.339118-0700]    15.4375 MB /   0.50 sec =  259.0278 Mbps     0 retrans
[2024-11-03T18:08:34.839017-0700]    21.5000 MB /   0.50 sec =  360.7073 Mbps     0 retrans
[2024-11-03T18:08:35.339042-0700]    20.3750 MB /   0.50 sec =  341.8153 Mbps     0 retrans
[2024-11-03T18:08:35.839012-0700]    20.7500 MB /   0.50 sec =  348.1384 Mbps     0 retrans
[2024-11-03T18:08:36.339021-0700]    21.5625 MB /   0.50 sec =  361.7660 Mbps     0 retrans
[2024-11-03T18:08:36.839019-0700]    23.5000 MB /   0.50 sec =  394.2457 Mbps     0 retrans
[2024-11-03T18:08:37.339031-0700]    24.1250 MB /   0.50 sec =  404.7552 Mbps     0 retrans
[2024-11-03T18:08:37.839073-0700]    24.0625 MB /   0.50 sec =  403.6638 Mbps     0 retrans
[2024-11-03T18:08:38.339106-0700]    20.8750 MB /   0.50 sec =  350.2027 Mbps     0 retrans
[2024-11-03T18:08:38.839007-0700]    21.4375 MB /   0.50 sec =  359.7292 Mbps     0 retrans
[2024-11-03T18:08:39.338998-0700]    21.2500 MB /   0.50 sec =  356.5166 Mbps     0 retrans
[2024-11-03T18:08:39.839096-0700]    17.6875 MB /   0.50 sec =  296.7132 Mbps     0 retrans
[2024-11-03T18:08:40.339069-0700]    17.1250 MB /   0.50 sec =  287.3098 Mbps     0 retrans
[2024-11-03T18:08:40.839012-0700]    17.7500 MB /   0.50 sec =  297.8272 Mbps     0 retrans
[2024-11-03T18:08:41.339003-0700]    16.1250 MB /   0.50 sec =  270.5391 Mbps     0 retrans
[2024-11-03T18:08:41.839019-0700]    19.2500 MB /   0.50 sec =  322.9562 Mbps     0 retrans
[2024-11-03T18:08:42.339087-0700]    21.6875 MB /   0.50 sec =  363.8326 Mbps     0 retrans
[2024-11-03T18:08:42.839111-0700]    22.5625 MB /   0.50 sec =  378.5291 Mbps     0 retrans
[2024-11-03T18:08:43.339015-0700]    23.1875 MB /   0.50 sec =  389.0513 Mbps     0 retrans
[2024-11-03T18:08:43.838937-0700]    19.2500 MB /   0.50 sec =  322.9782 Mbps     0 retrans
[2024-11-03T18:08:44.339165-0700]    14.5625 MB /   0.50 sec =  244.3035 Mbps     0 retrans
[2024-11-03T18:08:44.839018-0700]    24.8750 MB /   0.50 sec =  417.3332 Mbps     0 retrans
[2024-11-03T18:08:45.339027-0700]    24.1875 MB /   0.50 sec =  405.7981 Mbps     0 retrans
[2024-11-03T18:08:45.839021-0700]    28.4375 MB /   0.50 sec =  477.1011 Mbps     0 retrans
[2024-11-03T18:08:46.339163-0700]    20.9375 MB /   0.50 sec =  351.1845 Mbps     0 retrans
[2024-11-03T18:08:46.839099-0700]    28.8750 MB /   0.50 sec =  484.4770 Mbps     0 retrans
[2024-11-03T18:08:47.339010-0700]    31.6875 MB /   0.50 sec =  531.7376 Mbps     0 retrans
[2024-11-03T18:08:47.838938-0700]    29.1875 MB /   0.50 sec =  489.7095 Mbps     0 retrans
[2024-11-03T18:08:48.339190-0700]    26.2500 MB /   0.50 sec =  440.3535 Mbps     0 retrans
[2024-11-03T18:08:48.839119-0700]    31.5000 MB /   0.50 sec =  528.4400 Mbps     0 retrans
[2024-11-03T18:08:49.338997-0700]    31.6250 MB /   0.50 sec =  530.6559 Mbps     0 retrans
[2024-11-03T18:08:49.839021-0700]    28.0625 MB /   0.50 sec =  470.8106 Mbps     0 retrans
[2024-11-03T18:08:50.339000-0700]    29.6250 MB /   0.50 sec =  497.0240 Mbps     0 retrans
[2024-11-03T18:08:50.839017-0700]    25.2500 MB /   0.50 sec =  423.6205 Mbps     0 retrans
[2024-11-03T18:08:51.339091-0700]    24.7500 MB /   0.50 sec =  415.1713 Mbps     0 retrans
[2024-11-03T18:08:51.839077-0700]    17.3750 MB /   0.50 sec =  291.5070 Mbps     0 retrans
[2024-11-03T18:08:52.338991-0700]    12.0625 MB /   0.50 sec =  202.4205 Mbps     0 retrans
[2024-11-03T18:08:52.839081-0700]    10.0000 MB /   0.50 sec =  167.7393 Mbps     0 retrans
[2024-11-03T18:08:53.339079-0700]     0.0000 MB /   0.50 sec =    0.0000 Mbps     0 retrans
[2024-11-03T18:08:53.839029-0700]    12.9375 MB /   0.50 sec =  217.0874 Mbps     0 retrans
[2024-11-03T18:08:54.339015-0700]    17.7500 MB /   0.50 sec =  297.8003 Mbps     0 retrans
[2024-11-03T18:08:54.839010-0700]    17.9375 MB /   0.50 sec =  300.9425 Mbps     0 retrans
[2024-11-03T18:08:55.339071-0700]     9.1875 MB /   0.50 sec =  154.1240 Mbps     0 retrans
[2024-11-03T18:08:55.839007-0700]     8.5625 MB /   0.50 sec =  143.6699 Mbps     0 retrans
[2024-11-03T18:08:56.339008-0700]     7.8125 MB /   0.50 sec =  131.0699 Mbps     0 retrans
[2024-11-03T18:08:56.839028-0700]     6.3125 MB /   0.50 sec =  105.9055 Mbps     0 retrans
[2024-11-03T18:08:57.339054-0700]     1.7500 MB /   0.50 sec =   29.3585 Mbps     0 retrans
[2024-11-03T18:08:57.839261-0700]     0.0000 MB /   0.50 sec =    0.0000 Mbps     0 retrans
[2024-11-03T18:08:58.338998-0700]     8.3750 MB /   0.50 sec =  140.5440 Mbps     0 retrans
[2024-11-03T18:08:58.838997-0700]     9.5625 MB /   0.50 sec =  160.4235 Mbps     0 retrans
[2024-11-03T18:08:59.339051-0700]    10.3125 MB /   0.50 sec =  173.0095 Mbps     0 retrans
[2024-11-03T18:08:59.839071-0700]    11.2500 MB /   0.50 sec =  188.7490 Mbps     0 retrans
[2024-11-03T18:09:00.339015-0700]    10.5625 MB /   0.50 sec =  177.2164 Mbps     0 retrans
[2024-11-03T18:09:00.839017-0700]    14.5625 MB /   0.50 sec =  244.3172 Mbps     0 retrans
[2024-11-03T18:09:01.339106-0700]    10.5000 MB /   0.50 sec =  176.1343 Mbps     0 retrans
[2024-11-03T18:09:01.839018-0700]     9.6875 MB /   0.50 sec =  162.5540 Mbps     0 retrans
[2024-11-03T18:09:02.339062-0700]    15.0000 MB /   0.50 sec =  251.6703 Mbps     0 retrans
[2024-11-03T18:09:02.839064-0700]    12.6875 MB /   0.50 sec =  212.8413 Mbps     0 retrans
[2024-11-03T18:09:03.339187-0700]    18.3125 MB /   0.50 sec =  307.2487 Mbps     0 retrans
[2024-11-03T18:09:03.839007-0700]    20.5000 MB /   0.50 sec =  343.9288 Mbps     0 retrans
[2024-11-03T18:09:04.339084-0700]    21.8125 MB /   0.50 sec =  365.9647 Mbps     0 retrans
[2024-11-03T18:09:04.839044-0700]    26.1875 MB /   0.50 sec =  439.3393 Mbps     0 retrans
[2024-11-03T18:09:05.339013-0700]    30.0000 MB /   0.50 sec =  503.3376 Mbps     0 retrans
[2024-11-03T18:09:05.839151-0700]    28.6250 MB /   0.50 sec =  480.1364 Mbps     0 retrans
[2024-11-03T18:09:06.338982-0700]    26.8750 MB /   0.50 sec =  450.9860 Mbps     0 retrans
[2024-11-03T18:09:06.839043-0700]    20.4375 MB /   0.50 sec =  342.8693 Mbps     0 retrans
[2024-11-03T18:09:07.338992-0700]    21.4375 MB /   0.50 sec =  359.6774 Mbps     0 retrans
[2024-11-03T18:09:07.838943-0700]    21.1875 MB /   0.50 sec =  355.4801 Mbps     0 retrans
[2024-11-03T18:09:08.338990-0700]    16.9375 MB /   0.50 sec =  284.1544 Mbps     0 retrans
[2024-11-03T18:09:08.838931-0700]     8.5000 MB /   0.50 sec =  142.6106 Mbps     0 retrans
[2024-11-03T18:09:09.339134-0700]     3.8750 MB /   0.50 sec =   65.0089 Mbps     0 retrans
[2024-11-03T18:09:09.839017-0700]     2.1250 MB /   0.50 sec =   35.6514 Mbps     0 retrans
[2024-11-03T18:09:10.339003-0700]     8.7500 MB /   0.50 sec =  146.8006 Mbps     0 retrans
[2024-11-03T18:09:10.839004-0700]    10.5000 MB /   0.50 sec =  176.1583 Mbps     0 retrans
[2024-11-03T18:09:11.339004-0700]     4.6875 MB /   0.50 sec =   78.6454 Mbps     0 retrans
[2024-11-03T18:09:11.839016-0700]     9.2500 MB /   0.50 sec =  155.1865 Mbps     0 retrans
[2024-11-03T18:09:12.338997-0700]    10.9375 MB /   0.50 sec =  183.5023 Mbps     0 retrans
[2024-11-03T18:09:12.839050-0700]    11.3750 MB /   0.50 sec =  190.8378 Mbps     0 retrans
[2024-11-03T18:09:13.339023-0700]    10.2500 MB /   0.50 sec =  171.9606 Mbps     0 retrans
[2024-11-03T18:09:13.839038-0700]    12.3750 MB /   0.50 sec =  207.6247 Mbps     0 retrans
[2024-11-03T18:09:14.338951-0700]    12.8750 MB /   0.50 sec =  216.0179 Mbps     0 retrans
[2024-11-03T18:09:14.839016-0700]    11.8125 MB /   0.50 sec =  198.1729 Mbps     0 retrans
[2024-11-03T18:09:15.339059-0700]    15.8750 MB /   0.50 sec =  266.3058 Mbps     0 retrans
[2024-11-03T18:09:15.839027-0700]    19.1250 MB /   0.50 sec =  320.8957 Mbps     0 retrans
[2024-11-03T18:09:16.339011-0700]    23.6875 MB /   0.50 sec =  397.4206 Mbps     0 retrans
[2024-11-03T18:09:16.839143-0700]    29.0000 MB /   0.50 sec =  486.4313 Mbps     0 retrans
[2024-11-03T18:09:17.339117-0700]    29.6250 MB /   0.50 sec =  497.1294 Mbps     0 retrans
[2024-11-03T18:09:17.839020-0700]    28.3750 MB /   0.50 sec =  476.0516 Mbps     0 retrans
[2024-11-03T18:09:18.338998-0700]    26.8750 MB /   0.50 sec =  450.8985 Mbps     0 retrans
[2024-11-03T18:09:18.839094-0700]    22.5000 MB /   0.50 sec =  377.4489 Mbps     0 retrans
[2024-11-03T18:09:19.339018-0700]    31.8750 MB /   0.50 sec =  534.8551 Mbps     0 retrans
[2024-11-03T18:09:19.838943-0700]    28.4375 MB /   0.50 sec =  477.0954 Mbps     0 retrans
[2024-11-03T18:09:20.339001-0700]    23.6875 MB /   0.50 sec =  397.3976 Mbps     0 retrans
[2024-11-03T18:09:20.839010-0700]    27.3125 MB /   0.50 sec =  458.2140 Mbps     0 retrans
[2024-11-03T18:09:21.339054-0700]    28.8750 MB /   0.50 sec =  484.4460 Mbps     0 retrans
[2024-11-03T18:09:21.839003-0700]    26.1875 MB /   0.50 sec =  439.3630 Mbps     0 retrans
[2024-11-03T18:09:22.339025-0700]    21.4375 MB /   0.50 sec =  359.6407 Mbps     0 retrans
[2024-11-03T18:09:22.838998-0700]    21.1250 MB /   0.50 sec =  354.4378 Mbps     0 retrans
[2024-11-03T18:09:23.338963-0700]    24.7500 MB /   0.50 sec =  415.2411 Mbps     0 retrans
[2024-11-03T18:09:23.838989-0700]    20.9375 MB /   0.50 sec =  351.2716 Mbps     0 retrans
[2024-11-03T18:09:24.338996-0700]    16.3750 MB /   0.50 sec =  274.7236 Mbps     0 retrans
[2024-11-03T18:09:24.839051-0700]    18.0625 MB /   0.50 sec =  303.0100 Mbps     0 retrans
[2024-11-03T18:09:25.339022-0700]    21.9375 MB /   0.50 sec =  368.0745 Mbps     0 retrans
[2024-11-03T18:09:25.839002-0700]    20.8125 MB /   0.50 sec =  349.1835 Mbps     0 retrans
[2024-11-03T18:09:26.339111-0700]    12.5000 MB /   0.50 sec =  209.6854 Mbps     0 retrans
[2024-11-03T18:09:26.839169-0700]    11.7500 MB /   0.50 sec =  197.1591 Mbps     0 retrans
[2024-11-03T18:09:27.339024-0700]    13.7500 MB /   0.50 sec =  230.6807 Mbps     0 retrans
[2024-11-03T18:09:27.839132-0700]    15.0625 MB /   0.50 sec =  252.6967 Mbps     0 retrans
[2024-11-03T18:09:28.339030-0700]    14.1875 MB /   0.50 sec =  238.0344 Mbps     0 retrans
[2024-11-03T18:09:28.839093-0700]    14.5625 MB /   0.50 sec =  244.2957 Mbps     0 retrans
[2024-11-03T18:09:29.339007-0700]    15.0000 MB /   0.50 sec =  251.6935 Mbps     0 retrans
[2024-11-03T18:09:29.838949-0700]    15.5625 MB /   0.50 sec =  261.0928 Mbps     0 retrans
[2024-11-03T18:09:30.339035-0700]    14.8750 MB /   0.50 sec =  249.5561 Mbps     0 retrans
[2024-11-03T18:09:30.839015-0700]    13.5000 MB /   0.50 sec =  226.4969 Mbps     0 retrans
[2024-11-03T18:09:31.339026-0700]     8.3125 MB /   0.50 sec =  139.4575 Mbps     0 retrans
[2024-11-03T18:09:31.839006-0700]    13.3125 MB /   0.50 sec =  223.3520 Mbps     0 retrans
[2024-11-03T18:09:32.339211-0700]    16.8125 MB /   0.50 sec =  282.0308 Mbps     0 retrans
[2024-11-03T18:09:32.839030-0700]    16.5000 MB /   0.50 sec =  276.8567 Mbps     0 retrans
[2024-11-03T18:09:33.338931-0700]    11.6875 MB /   0.50 sec =  196.0931 Mbps     0 retrans
[2024-11-03T18:09:33.839254-0700]    10.5000 MB /   0.50 sec =  176.0924 Mbps     0 retrans
[2024-11-03T18:09:34.339012-0700]    11.5000 MB /   0.50 sec =  193.0017 Mbps     0 retrans
[2024-11-03T18:09:34.839014-0700]    19.6250 MB /   0.50 sec =  329.2594 Mbps     0 retrans
[2024-11-03T18:09:35.338998-0700]    17.3125 MB /   0.50 sec =  290.4567 Mbps     0 retrans
[2024-11-03T18:09:35.839055-0700]    18.6875 MB /   0.50 sec =  313.5173 Mbps     0 retrans
End time: 1730682576166
