Start time: 1730682793198
[2024-11-03T18:13:18.301696-0700] traceroute to 54.176.53.206 (54.176.53.206), 30 hops max, 60 byte packets
[2024-11-03T18:13:18.303096-0700]  1  * * *
[2024-11-03T18:13:18.303245-0700]  2  * * *
[2024-11-03T18:13:18.303363-0700]  3  * * *
[2024-11-03T18:13:18.303476-0700]  4  * * *
[2024-11-03T18:13:18.303695-0700]  5  * * *
[2024-11-03T18:13:23.309526-0700]  6  * * *
[2024-11-03T18:13:23.310076-0700]  7  * * *
[2024-11-03T18:13:23.315969-0700]  8  * * *
[2024-11-03T18:13:23.316293-0700]  9  * * *
[2024-11-03T18:13:23.322023-0700] 10  * * *
[2024-11-03T18:13:28.317451-0700] 11  * * *
[2024-11-03T18:13:28.317906-0700] 12  * * *
[2024-11-03T18:13:28.321982-0700] 13  * * *
[2024-11-03T18:13:28.322063-0700] 14  * * *
[2024-11-03T18:13:28.325400-0700] 15  * * *
[2024-11-03T18:13:33.324881-0700] 16  * * *
[2024-11-03T18:13:33.325191-0700] 17  * * *
[2024-11-03T18:13:33.325256-0700] 18  * * *
[2024-11-03T18:13:33.325306-0700] 19  * * *
[2024-11-03T18:13:33.330786-0700] 20  * * *
[2024-11-03T18:13:33.330851-0700] 21  * * *
[2024-11-03T18:13:38.332554-0700] 22  * * *
[2024-11-03T18:13:38.332997-0700] 23  * * *
[2024-11-03T18:13:38.333117-0700] 24  * * *
[2024-11-03T18:13:38.333213-0700] 25  * * *
[2024-11-03T18:13:38.342267-0700] 26  * * *
[2024-11-03T18:13:43.288933-0700] 27  * *End time: 1730682823359
