Start time: 1730520966727
[2024-11-01T21:16:11.820215-0700] traceroute to 54.176.53.206 (54.176.53.206), 30 hops max, 60 byte packets
[2024-11-01T21:16:11.821417-0700]  1  * * *
[2024-11-01T21:16:11.821568-0700]  2  * * *
[2024-11-01T21:16:11.821686-0700]  3  * * *
[2024-11-01T21:16:11.821796-0700]  4  * * *
[2024-11-01T21:16:11.821900-0700]  5  * * *
[2024-11-01T21:16:16.829427-0700]  6  * * *
[2024-11-01T21:16:16.829999-0700]  7  * * *
[2024-11-01T21:16:16.837696-0700]  8  * * *
[2024-11-01T21:16:16.837859-0700]  9  * * *
[2024-11-01T21:16:16.837981-0700] 10  * * *
[2024-11-01T21:16:21.838114-0700] 11  * * *
[2024-11-01T21:16:21.838642-0700] 12  * * *
[2024-11-01T21:16:21.846168-0700] 13  * * *
[2024-11-01T21:16:21.846530-0700] 14  * * *
[2024-11-01T21:16:21.846679-0700] 15  * * *
[2024-11-01T21:16:26.846914-0700] 16  * * *
[2024-11-01T21:16:26.847372-0700] 17  * * *
[2024-11-01T21:16:26.853470-0700] 18  * * *
[2024-11-01T21:16:26.853650-0700] 19  * * *
[2024-11-01T21:16:26.859218-0700] 20  * * *
[2024-11-01T21:16:26.859362-0700] 21  * * *
[2024-11-01T21:16:31.855931-0700] 22  * * *
[2024-11-01T21:16:31.856400-0700] 23  * * *
[2024-11-01T21:16:31.863731-0700] 24  * * *
[2024-11-01T21:16:31.863960-0700] 25  * * *
[2024-11-01T21:16:31.864098-0700] 26  * * *
[2024-11-01T21:16:36.809599-0700] 27  * *End time: 1730520996878
