Start time: 1731092818704
[2024-11-08T14:06:59.731136-0500] nuttcp-r: v8.1.4: socket
[2024-11-08T14:06:59.731683-0500] nuttcp-r: buflen=65536, nstream=1, port=5379 tcp
[2024-11-08T14:06:59.731729-0500] nuttcp-r: interval reporting every 0.50 seconds
[2024-11-08T14:06:59.731767-0500] nuttcp-r: connect to 54.197.223.49 with RTT=61.676 ms af=inet
[2024-11-08T14:06:59.731803-0500] nuttcp-r: send window size = 2097152, receive window size = 6291456
[2024-11-08T14:06:59.731837-0500] nuttcp-r: available send window = 1572864, available receive window = 4718592
[2024-11-08T14:06:59.731870-0500]     0.6250 MB /   0.50 sec =   10.4762 Mbps     0 retrans     13 KB-cwnd
[2024-11-08T14:07:00.230439-0500]     7.1250 MB /   0.50 sec =  119.6398 Mbps     0 retrans     13 KB-cwnd
[2024-11-08T14:07:00.730473-0500]    14.4375 MB /   0.50 sec =  242.2225 Mbps     0 retrans     13 KB-cwnd
[2024-11-08T14:07:01.230638-0500]    19.9375 MB /   0.50 sec =  334.4931 Mbps     0 retrans     13 KB-cwnd
[2024-11-08T14:07:01.730692-0500]    23.1875 MB /   0.50 sec =  389.0022 Mbps     0 retrans     13 KB-cwnd
[2024-11-08T14:07:02.230502-0500]    29.6875 MB /   0.50 sec =  498.0756 Mbps     0 retrans     13 KB-cwnd
[2024-11-08T14:07:02.730858-0500]    34.3750 MB /   0.50 sec =  576.6880 Mbps     0 retrans     13 KB-cwnd
[2024-11-08T14:07:03.230518-0500]    29.8125 MB /   0.50 sec =  500.1968 Mbps     0 retrans     13 KB-cwnd
[2024-11-08T14:07:03.730705-0500]    26.8125 MB /   0.50 sec =  449.7105 Mbps     0 retrans     18 KB-cwnd
[2024-11-08T14:07:04.230516-0500]    26.0625 MB /   0.50 sec =  437.3778 Mbps     0 retrans     26 KB-cwnd
[2024-11-08T14:07:04.730663-0500]    16.9375 MB /   0.50 sec =  284.1595 Mbps     0 retrans     26 KB-cwnd
[2024-11-08T14:07:05.230588-0500]    22.1250 MB /   0.50 sec =  371.1677 Mbps     0 retrans     26 KB-cwnd
[2024-11-08T14:07:05.730575-0500]    23.7500 MB /   0.50 sec =  398.4653 Mbps     0 retrans     31 KB-cwnd
[2024-11-08T14:07:06.230678-0500]    23.8750 MB /   0.50 sec =  400.4391 Mbps     0 retrans     34 KB-cwnd
[2024-11-08T14:07:06.730555-0500]    22.3125 MB /   0.50 sec =  374.4667 Mbps     0 retrans     39 KB-cwnd
[2024-11-08T14:07:07.230670-0500]    16.3750 MB /   0.50 sec =  274.6736 Mbps     0 retrans     46 KB-cwnd
[2024-11-08T14:07:07.730549-0500]    25.1250 MB /   0.50 sec =  421.6152 Mbps     0 retrans     50 KB-cwnd
[2024-11-08T14:07:08.230528-0500]    23.5000 MB /   0.50 sec =  394.2669 Mbps     0 retrans     51 KB-cwnd
[2024-11-08T14:07:08.730576-0500]    24.2500 MB /   0.50 sec =  406.8385 Mbps     0 retrans     58 KB-cwnd
[2024-11-08T14:07:09.230535-0500]    20.6250 MB /   0.50 sec =  346.0377 Mbps     2 retrans  11737 KB-cwnd
[2024-11-08T14:07:09.730528-0500]     6.4375 MB /   0.50 sec =  108.0059 Mbps     0 retrans  11737 KB-cwnd
[2024-11-08T14:07:10.230712-0500]    28.8125 MB /   0.50 sec =  483.3810 Mbps     0 retrans  11737 KB-cwnd
[2024-11-08T14:07:10.730680-0500]    22.3125 MB /   0.50 sec =  374.2690 Mbps     0 retrans  11737 KB-cwnd
[2024-11-08T14:07:11.230511-0500]    17.1875 MB /   0.50 sec =  288.4242 Mbps     0 retrans  11737 KB-cwnd
[2024-11-08T14:07:11.730509-0500]    13.5000 MB /   0.50 sec =  226.4725 Mbps     0 retrans  11737 KB-cwnd
[2024-11-08T14:07:12.230741-0500]    21.6875 MB /   0.50 sec =  363.7227 Mbps     0 retrans  11737 KB-cwnd
[2024-11-08T14:07:12.730657-0500]    30.7500 MB /   0.50 sec =  516.1347 Mbps    11 retrans   4033 KB-cwnd
[2024-11-08T14:07:13.230472-0500]    31.2500 MB /   0.50 sec =  524.2838 Mbps     0 retrans   4033 KB-cwnd
[2024-11-08T14:07:13.731615-0500]    28.4375 MB /   0.50 sec =  476.1469 Mbps     0 retrans   4033 KB-cwnd
[2024-11-08T14:07:14.230545-0500]    30.7500 MB /   0.50 sec =  516.9312 Mbps     2 retrans  11844 KB-cwnd
[2024-11-08T14:07:14.730718-0500]    24.5625 MB /   0.50 sec =  411.9660 Mbps     0 retrans  11844 KB-cwnd
[2024-11-08T14:07:15.230518-0500]    25.4375 MB /   0.50 sec =  426.9062 Mbps     3 retrans  11689 KB-cwnd
[2024-11-08T14:07:15.730560-0500]    19.9375 MB /   0.50 sec =  334.4817 Mbps     0 retrans  11689 KB-cwnd
[2024-11-08T14:07:16.231565-0500]    25.1250 MB /   0.50 sec =  420.7030 Mbps     0 retrans  11689 KB-cwnd
[2024-11-08T14:07:16.730589-0500]    18.9375 MB /   0.50 sec =  318.3138 Mbps     0 retrans  11689 KB-cwnd
[2024-11-08T14:07:17.230952-0500]    28.1250 MB /   0.50 sec =  471.8450 Mbps     1 retrans  11242 KB-cwnd
[2024-11-08T14:07:17.730780-0500]    15.3125 MB /   0.50 sec =  256.9011 Mbps     0 retrans  11242 KB-cwnd
[2024-11-08T14:07:18.230549-0500]    27.8125 MB /   0.50 sec =  466.6723 Mbps     0 retrans  11242 KB-cwnd
[2024-11-08T14:07:18.730714-0500]    18.3125 MB /   0.50 sec =  307.2420 Mbps     2 retrans  11804 KB-cwnd
[2024-11-08T14:07:19.230665-0500]    22.8750 MB /   0.50 sec =  383.7880 Mbps     0 retrans  11804 KB-cwnd
[2024-11-08T14:07:19.730624-0500]    20.6250 MB /   0.50 sec =  345.9657 Mbps     0 retrans  11804 KB-cwnd
[2024-11-08T14:07:20.230746-0500]    15.3125 MB /   0.50 sec =  256.8585 Mbps     0 retrans  11804 KB-cwnd
[2024-11-08T14:07:20.730565-0500]    31.4375 MB /   0.50 sec =  527.5941 Mbps     4 retrans  10784 KB-cwnd
[2024-11-08T14:07:21.230483-0500]    27.9375 MB /   0.50 sec =  468.7097 Mbps     0 retrans  10784 KB-cwnd
[2024-11-08T14:07:21.730555-0500]    27.9375 MB /   0.50 sec =  468.7294 Mbps     5 retrans   9563 KB-cwnd
[2024-11-08T14:07:22.230592-0500]    19.1250 MB /   0.50 sec =  320.8822 Mbps     0 retrans   9326 KB-cwnd
[2024-11-08T14:07:22.730871-0500]    19.7500 MB /   0.50 sec =  331.2314 Mbps     0 retrans   9326 KB-cwnd
[2024-11-08T14:07:23.230552-0500]    23.5000 MB /   0.50 sec =  394.3742 Mbps     0 retrans   9326 KB-cwnd
[2024-11-08T14:07:23.730623-0500]    24.0000 MB /   0.50 sec =  402.6588 Mbps     3 retrans   8748 KB-cwnd
[2024-11-08T14:07:24.230521-0500]    23.9375 MB /   0.50 sec =  401.6046 Mbps     0 retrans   8748 KB-cwnd
[2024-11-08T14:07:24.730740-0500]    20.5625 MB /   0.50 sec =  344.8836 Mbps     0 retrans   8748 KB-cwnd
[2024-11-08T14:07:25.230539-0500]    24.8750 MB /   0.50 sec =  417.4535 Mbps     0 retrans  10179 KB-cwnd
[2024-11-08T14:07:25.730569-0500]    26.1250 MB /   0.50 sec =  438.3039 Mbps     0 retrans  10179 KB-cwnd
[2024-11-08T14:07:26.230623-0500]    18.9375 MB /   0.50 sec =  317.6734 Mbps     0 retrans  10179 KB-cwnd
[2024-11-08T14:07:26.731431-0500]    16.1250 MB /   0.50 sec =  270.3056 Mbps     5 retrans   8409 KB-cwnd
[2024-11-08T14:07:27.231026-0500]    11.5625 MB /   0.50 sec =  194.0032 Mbps     0 retrans   8410 KB-cwnd
[2024-11-08T14:07:27.730523-0500]    25.8125 MB /   0.50 sec =  433.4503 Mbps     0 retrans   8410 KB-cwnd
[2024-11-08T14:07:28.230543-0500]    13.0000 MB /   0.50 sec =  218.0990 Mbps     0 retrans   8410 KB-cwnd
[2024-11-08T14:07:28.731553-0500]     5.0625 MB /   0.50 sec =   84.7709 Mbps     0 retrans   8410 KB-cwnd
[2024-11-08T14:07:29.231494-0500]    16.7500 MB /   0.50 sec =  281.0448 Mbps     1 retrans   8532 KB-cwnd
[2024-11-08T14:07:29.730818-0500]    19.3750 MB /   0.50 sec =  325.6578 Mbps     0 retrans   8567 KB-cwnd
[2024-11-08T14:07:30.230520-0500]    18.3125 MB /   0.50 sec =  307.2426 Mbps     0 retrans   8567 KB-cwnd
[2024-11-08T14:07:30.730836-0500]    21.5625 MB /   0.50 sec =  361.7443 Mbps     0 retrans   8567 KB-cwnd
[2024-11-08T14:07:31.230513-0500]    23.8750 MB /   0.50 sec =  400.5713 Mbps     2 retrans   9691 KB-cwnd
[2024-11-08T14:07:31.730557-0500]    23.3125 MB /   0.50 sec =  391.0993 Mbps     0 retrans   9691 KB-cwnd
[2024-11-08T14:07:32.230808-0500]    19.3750 MB /   0.50 sec =  324.8916 Mbps     0 retrans   9691 KB-cwnd
[2024-11-08T14:07:32.730754-0500]    11.6250 MB /   0.50 sec =  195.0765 Mbps     0 retrans   9691 KB-cwnd
[2024-11-08T14:07:33.230953-0500]     9.2500 MB /   0.50 sec =  155.1216 Mbps     6 retrans   7340 KB-cwnd
[2024-11-08T14:07:33.730687-0500]    11.0625 MB /   0.50 sec =  185.6967 Mbps     0 retrans   7340 KB-cwnd
[2024-11-08T14:07:34.230537-0500]     6.4375 MB /   0.50 sec =  108.0269 Mbps     0 retrans   7924 KB-cwnd
[2024-11-08T14:07:34.730876-0500]     8.8125 MB /   0.50 sec =  147.8084 Mbps     0 retrans   7924 KB-cwnd
[2024-11-08T14:07:35.231467-0500]    10.3125 MB /   0.50 sec =  172.7511 Mbps     0 retrans   7930 KB-cwnd
[2024-11-08T14:07:35.730561-0500]    12.6875 MB /   0.50 sec =  213.2396 Mbps     0 retrans   8018 KB-cwnd
[2024-11-08T14:07:36.231525-0500]     8.0625 MB /   0.50 sec =  135.0133 Mbps     0 retrans   8258 KB-cwnd
[2024-11-08T14:07:36.730528-0500]    14.1250 MB /   0.50 sec =  237.4388 Mbps     3 retrans   8349 KB-cwnd
[2024-11-08T14:07:37.230546-0500]    13.1250 MB /   0.50 sec =  220.1992 Mbps     0 retrans   8394 KB-cwnd
[2024-11-08T14:07:37.730501-0500]    14.6250 MB /   0.50 sec =  245.3722 Mbps     0 retrans   8394 KB-cwnd
[2024-11-08T14:07:38.230656-0500]    17.6875 MB /   0.50 sec =  296.6764 Mbps     0 retrans   8490 KB-cwnd
[2024-11-08T14:07:38.730718-0500]     8.6875 MB /   0.50 sec =  145.7451 Mbps     0 retrans   8490 KB-cwnd
[2024-11-08T14:07:39.230561-0500]    20.5000 MB /   0.50 sec =  344.0093 Mbps     5 retrans   8501 KB-cwnd
[2024-11-08T14:07:39.730457-0500]    23.8125 MB /   0.50 sec =  399.5506 Mbps     0 retrans   8538 KB-cwnd
[2024-11-08T14:07:40.230612-0500]    24.1875 MB /   0.50 sec =  405.7421 Mbps     0 retrans   8538 KB-cwnd
[2024-11-08T14:07:40.731072-0500]    27.9375 MB /   0.50 sec =  468.3903 Mbps    13 retrans   4925 KB-cwnd
[2024-11-08T14:07:41.230513-0500]    28.0000 MB /   0.50 sec =  470.1259 Mbps     0 retrans   4925 KB-cwnd
[2024-11-08T14:07:41.730726-0500]    27.7500 MB /   0.50 sec =  465.5873 Mbps     0 retrans   4925 KB-cwnd
[2024-11-08T14:07:42.230558-0500]    27.6250 MB /   0.50 sec =  463.4298 Mbps     0 retrans   8056 KB-cwnd
[2024-11-08T14:07:42.730526-0500]    21.2500 MB /   0.50 sec =  356.5294 Mbps     0 retrans   8474 KB-cwnd
[2024-11-08T14:07:43.230682-0500]    17.4375 MB /   0.50 sec =  292.4410 Mbps     0 retrans   8479 KB-cwnd
[2024-11-08T14:07:43.730986-0500]    24.5000 MB /   0.50 sec =  410.8199 Mbps     0 retrans  10464 KB-cwnd
[2024-11-08T14:07:44.230614-0500]    22.5000 MB /   0.50 sec =  377.7798 Mbps     0 retrans  10464 KB-cwnd
[2024-11-08T14:07:44.730542-0500]    23.5000 MB /   0.50 sec =  394.3158 Mbps     0 retrans  10475 KB-cwnd
[2024-11-08T14:07:45.230532-0500]    18.0000 MB /   0.50 sec =  301.9983 Mbps     0 retrans  10357 KB-cwnd
[2024-11-08T14:07:45.730699-0500]    23.7500 MB /   0.50 sec =  398.4557 Mbps     0 retrans  10357 KB-cwnd
[2024-11-08T14:07:46.230518-0500]    24.6875 MB /   0.50 sec =  414.1817 Mbps     0 retrans  10357 KB-cwnd
[2024-11-08T14:07:46.731051-0500]    25.4375 MB /   0.50 sec =  426.5341 Mbps     2 retrans  10733 KB-cwnd
[2024-11-08T14:07:47.230827-0500]    29.2500 MB /   0.50 sec =  490.7179 Mbps     0 retrans  10858 KB-cwnd
[2024-11-08T14:07:47.730541-0500]    28.8750 MB /   0.50 sec =  484.7233 Mbps     0 retrans  10858 KB-cwnd
[2024-11-08T14:07:48.230605-0500]    26.6875 MB /   0.50 sec =  447.7518 Mbps     4 retrans  10118 KB-cwnd
[2024-11-08T14:07:48.730555-0500]    19.8125 MB /   0.50 sec =  332.3933 Mbps     0 retrans  10118 KB-cwnd
[2024-11-08T14:07:49.230528-0500]    26.3125 MB /   0.50 sec =  441.4576 Mbps     0 retrans  10118 KB-cwnd
[2024-11-08T14:07:49.730705-0500]    29.3125 MB /   0.50 sec =  491.7812 Mbps     0 retrans  10714 KB-cwnd
[2024-11-08T14:07:50.230969-0500]    27.4375 MB /   0.50 sec =  459.9495 Mbps     0 retrans  10714 KB-cwnd
[2024-11-08T14:07:50.730577-0500]    19.1250 MB /   0.50 sec =  321.1025 Mbps     0 retrans  10714 KB-cwnd
[2024-11-08T14:07:51.230497-0500]    15.5625 MB /   0.50 sec =  261.1174 Mbps     0 retrans  11279 KB-cwnd
[2024-11-08T14:07:51.730513-0500]    26.4375 MB /   0.50 sec =  443.5450 Mbps     0 retrans  11279 KB-cwnd
[2024-11-08T14:07:52.230936-0500]    19.3125 MB /   0.50 sec =  323.8144 Mbps     0 retrans  11279 KB-cwnd
[2024-11-08T14:07:52.730619-0500]    20.5000 MB /   0.50 sec =  344.0623 Mbps     2 retrans  11127 KB-cwnd
[2024-11-08T14:07:53.230563-0500]    14.5000 MB /   0.50 sec =  243.3120 Mbps     0 retrans  11127 KB-cwnd
[2024-11-08T14:07:53.730580-0500]    26.3750 MB /   0.50 sec =  442.4876 Mbps     0 retrans  11127 KB-cwnd
[2024-11-08T14:07:54.230517-0500]    26.1875 MB /   0.50 sec =  439.3806 Mbps     0 retrans  11127 KB-cwnd
[2024-11-08T14:07:54.730586-0500]    25.7500 MB /   0.50 sec =  431.9831 Mbps     4 retrans  10560 KB-cwnd
[2024-11-08T14:07:55.230646-0500]    21.8125 MB /   0.50 sec =  365.9084 Mbps     0 retrans  10754 KB-cwnd
[2024-11-08T14:07:55.730709-0500]    18.5625 MB /   0.50 sec =  311.4034 Mbps     0 retrans  10754 KB-cwnd
[2024-11-08T14:07:56.230626-0500]    32.6875 MB /   0.50 sec =  548.5413 Mbps     4 retrans  10784 KB-cwnd
[2024-11-08T14:07:56.730676-0500]    26.1875 MB /   0.50 sec =  439.3683 Mbps     0 retrans  10784 KB-cwnd
[2024-11-08T14:07:57.230511-0500]    29.4375 MB /   0.50 sec =  493.8803 Mbps     2 retrans   9598 KB-cwnd
[2024-11-08T14:07:57.730595-0500]    26.0625 MB /   0.50 sec =  437.2064 Mbps     0 retrans   9598 KB-cwnd
[2024-11-08T14:07:58.230468-0500]    28.7500 MB /   0.50 sec =  482.4067 Mbps     0 retrans   9638 KB-cwnd
[2024-11-08T14:07:58.730536-0500]    27.3125 MB /   0.50 sec =  458.1810 Mbps     1 retrans   9681 KB-cwnd
[2024-11-08T14:07:59.230464-0500]    17.5625 MB /   0.50 sec =  294.6834 Mbps     0 retrans   9681 KB-cwnd
[2024-11-08T14:07:59.730464-0500]    29.6875 MB /   0.50 sec =  498.0776 Mbps     0 retrans   9857 KB-cwnd
[2024-11-08T14:08:00.230578-0500]    21.5000 MB /   0.50 sec =  360.6806 Mbps     0 retrans  10245 KB-cwnd
[2024-11-08T14:08:00.730492-0500]    25.0625 MB /   0.50 sec =  420.4924 Mbps     0 retrans  10245 KB-cwnd
[2024-11-08T14:08:01.230468-0500]    16.6250 MB /   0.50 sec =  278.9346 Mbps     0 retrans  10245 KB-cwnd
[2024-11-08T14:08:01.730481-0500]    12.2500 MB /   0.50 sec =  205.5205 Mbps     0 retrans  10245 KB-cwnd
[2024-11-08T14:08:02.230479-0500]    19.3125 MB /   0.50 sec =  324.0009 Mbps     0 retrans  11887 KB-cwnd
[2024-11-08T14:08:02.730473-0500]     6.5000 MB /   0.50 sec =  109.0536 Mbps     0 retrans  11887 KB-cwnd
[2024-11-08T14:08:03.230474-0500]    19.8750 MB /   0.50 sec =  333.4378 Mbps     0 retrans  11887 KB-cwnd
[2024-11-08T14:08:03.730495-0500]    12.0625 MB /   0.50 sec =  202.3731 Mbps     0 retrans  11887 KB-cwnd
[2024-11-08T14:08:04.230533-0500]    17.7500 MB /   0.50 sec =  297.8158 Mbps     0 retrans  11887 KB-cwnd
[2024-11-08T14:08:04.730488-0500]    15.6875 MB /   0.50 sec =  263.1794 Mbps     2 retrans  11982 KB-cwnd
[2024-11-08T14:08:05.230464-0500]    17.3125 MB /   0.50 sec =  290.4573 Mbps     0 retrans  11982 KB-cwnd
[2024-11-08T14:08:05.730483-0500]    16.6250 MB /   0.50 sec =  278.9290 Mbps     0 retrans  11982 KB-cwnd
[2024-11-08T14:08:06.230516-0500]    18.8125 MB /   0.50 sec =  315.5949 Mbps     0 retrans  11982 KB-cwnd
[2024-11-08T14:08:06.730476-0500]    10.1875 MB /   0.50 sec =  170.9285 Mbps     7 retrans  11708 KB-cwnd
[2024-11-08T14:08:07.230476-0500]    23.6250 MB /   0.50 sec =  396.3593 Mbps     0 retrans  11708 KB-cwnd
[2024-11-08T14:08:07.730563-0500]    22.0000 MB /   0.50 sec =  369.1120 Mbps     0 retrans  11708 KB-cwnd
[2024-11-08T14:08:08.230481-0500]    14.1875 MB /   0.50 sec =  238.0244 Mbps     0 retrans      5 KB-cwnd
[2024-11-08T14:08:08.730451-0500]    17.3125 MB /   0.50 sec =  290.4648 Mbps     8 retrans   7520 KB-cwnd
[2024-11-08T14:08:09.230504-0500]     7.3125 MB /   0.50 sec =  122.6724 Mbps     0 retrans   7520 KB-cwnd
[2024-11-08T14:08:09.730479-0500]    22.8750 MB /   0.50 sec =  383.7972 Mbps     0 retrans   7520 KB-cwnd
[2024-11-08T14:08:10.230480-0500]    20.0625 MB /   0.50 sec =  336.5855 Mbps     0 retrans   7520 KB-cwnd
[2024-11-08T14:08:10.730508-0500]    18.6250 MB /   0.50 sec =  312.4881 Mbps     3 retrans   8791 KB-cwnd
[2024-11-08T14:08:11.230482-0500]    19.5625 MB /   0.50 sec =  328.2063 Mbps     0 retrans   8791 KB-cwnd
[2024-11-08T14:08:11.730608-0500]    21.5000 MB /   0.50 sec =  360.6416 Mbps     0 retrans   8791 KB-cwnd
[2024-11-08T14:08:12.230473-0500]    10.9375 MB /   0.50 sec =  183.5331 Mbps     0 retrans   8791 KB-cwnd
[2024-11-08T14:08:12.730477-0500]    14.1875 MB /   0.50 sec =  238.0268 Mbps     0 retrans   8791 KB-cwnd
[2024-11-08T14:08:13.230530-0500]     3.1875 MB /   0.50 sec =   53.4727 Mbps     0 retrans   8791 KB-cwnd
[2024-11-08T14:08:13.730578-0500]    10.6875 MB /   0.50 sec =  179.3201 Mbps     3 retrans   7419 KB-cwnd
[2024-11-08T14:08:14.230489-0500]    10.6250 MB /   0.50 sec =  178.2579 Mbps     0 retrans   7419 KB-cwnd
[2024-11-08T14:08:14.730506-0500]    13.2500 MB /   0.50 sec =  222.2888 Mbps     0 retrans   7419 KB-cwnd
[2024-11-08T14:08:15.230440-0500]    15.6250 MB /   0.50 sec =  262.1665 Mbps     0 retrans   7419 KB-cwnd
[2024-11-08T14:08:15.730482-0500]     8.0625 MB /   0.50 sec =  135.2566 Mbps     0 retrans   7419 KB-cwnd
[2024-11-08T14:08:16.230500-0500]    18.1250 MB /   0.50 sec =  304.0749 Mbps     3 retrans   8663 KB-cwnd
[2024-11-08T14:08:16.730492-0500]     5.1875 MB /   0.50 sec =   87.0379 Mbps     0 retrans   8663 KB-cwnd
[2024-11-08T14:08:17.230468-0500]     6.3125 MB /   0.50 sec =  105.9081 Mbps     0 retrans   8663 KB-cwnd
[2024-11-08T14:08:17.730566-0500]     4.2500 MB /   0.50 sec =   71.3017 Mbps     0 retrans   8663 KB-cwnd
[2024-11-08T14:08:18.230482-0500]    15.0625 MB /   0.50 sec =  252.7033 Mbps     0 retrans   8663 KB-cwnd
[2024-11-08T14:08:18.730504-0500]    12.3125 MB /   0.50 sec =  206.5563 Mbps     0 retrans   8703 KB-cwnd
[2024-11-08T14:08:19.230463-0500]    12.8125 MB /   0.50 sec =  214.9779 Mbps     0 retrans   8703 KB-cwnd
[2024-11-08T14:08:19.730462-0500]    11.3125 MB /   0.50 sec =  189.7938 Mbps     0 retrans   8703 KB-cwnd
[2024-11-08T14:08:20.230475-0500]     3.5000 MB /   0.50 sec =   58.7185 Mbps     8 retrans   6870 KB-cwnd
[2024-11-08T14:08:20.730603-0500]     2.8125 MB /   0.50 sec =   47.1854 Mbps     0 retrans   6870 KB-cwnd
[2024-11-08T14:08:21.230563-0500]     8.0000 MB /   0.50 sec =  134.2185 Mbps     0 retrans   6870 KB-cwnd
[2024-11-08T14:08:21.730553-0500]     5.4375 MB /   0.50 sec =   91.2146 Mbps     0 retrans   6870 KB-cwnd
[2024-11-08T14:08:22.230560-0500]     6.3125 MB /   0.50 sec =  105.9110 Mbps     0 retrans   6870 KB-cwnd
[2024-11-08T14:08:22.730508-0500]     8.6875 MB /   0.50 sec =  145.7669 Mbps     0 retrans   6870 KB-cwnd
[2024-11-08T14:08:23.230512-0500]     8.3750 MB /   0.50 sec =  140.5016 Mbps     0 retrans   6870 KB-cwnd
[2024-11-08T14:08:23.730499-0500]     1.8750 MB /   0.50 sec =   31.4574 Mbps     0 retrans   6870 KB-cwnd
[2024-11-08T14:08:24.230490-0500]     6.1250 MB /   0.50 sec =  102.7600 Mbps     0 retrans   6870 KB-cwnd
[2024-11-08T14:08:24.730498-0500]     7.0625 MB /   0.50 sec =  118.4926 Mbps     0 retrans   6870 KB-cwnd
[2024-11-08T14:08:25.230497-0500]     4.4375 MB /   0.50 sec =   74.4474 Mbps     0 retrans   6870 KB-cwnd
[2024-11-08T14:08:25.730568-0500]     3.8125 MB /   0.50 sec =   63.9562 Mbps     0 retrans   6870 KB-cwnd
[2024-11-08T14:08:26.230618-0500]     6.0000 MB /   0.50 sec =  100.6754 Mbps     0 retrans   6870 KB-cwnd
[2024-11-08T14:08:26.730467-0500]     1.9375 MB /   0.50 sec =   32.5059 Mbps     5 retrans   5916 KB-cwnd
[2024-11-08T14:08:27.230483-0500]     6.1875 MB /   0.50 sec =  103.8090 Mbps     0 retrans   5916 KB-cwnd
[2024-11-08T14:08:27.730470-0500]    10.3125 MB /   0.50 sec =  173.0192 Mbps     0 retrans   5916 KB-cwnd
[2024-11-08T14:08:28.230466-0500]     6.3125 MB /   0.50 sec =  105.9079 Mbps     0 retrans   5810 KB-cwnd
[2024-11-08T14:08:28.730513-0500]     2.3750 MB /   0.50 sec =   39.8441 Mbps     0 retrans   5810 KB-cwnd
[2024-11-08T14:08:29.230493-0500]     1.3125 MB /   0.50 sec =   22.0205 Mbps     0 retrans   5810 KB-cwnd
[2024-11-08T14:08:29.730513-0500]     4.7500 MB /   0.50 sec =   79.6905 Mbps     1 retrans   5810 KB-cwnd
[2024-11-08T14:08:30.230771-0500]     3.7500 MB /   0.50 sec =   62.9044 Mbps     0 retrans   5810 KB-cwnd
[2024-11-08T14:08:30.730581-0500]     3.8750 MB /   0.50 sec =   65.0209 Mbps     0 retrans   5810 KB-cwnd
[2024-11-08T14:08:31.230517-0500]     3.2500 MB /   0.50 sec =   54.5258 Mbps     0 retrans   5810 KB-cwnd
[2024-11-08T14:08:31.730506-0500]     2.7500 MB /   0.50 sec =   46.1376 Mbps     0 retrans   5810 KB-cwnd
[2024-11-08T14:08:32.230518-0500]     5.8125 MB /   0.50 sec =   97.5183 Mbps     0 retrans   5810 KB-cwnd
[2024-11-08T14:08:32.730607-0500]     6.7500 MB /   0.50 sec =  113.2458 Mbps     0 retrans   5810 KB-cwnd
[2024-11-08T14:08:33.230634-0500]     6.0625 MB /   0.50 sec =  101.6812 Mbps     0 retrans   5810 KB-cwnd
[2024-11-08T14:08:33.730458-0500]     1.8125 MB /   0.50 sec =   30.4190 Mbps     0 retrans   5810 KB-cwnd
[2024-11-08T14:08:34.230926-0500]     5.8125 MB /   0.50 sec =   97.5168 Mbps   120 retrans   5101 KB-cwnd
[2024-11-08T14:08:34.730489-0500]     6.5625 MB /   0.50 sec =  110.0994 Mbps     0 retrans   5101 KB-cwnd
[2024-11-08T14:08:35.230835-0500]     6.6250 MB /   0.50 sec =  111.1044 Mbps     0 retrans   5101 KB-cwnd
[2024-11-08T14:08:35.730498-0500]     6.7500 MB /   0.50 sec =  113.2920 Mbps     0 retrans   5101 KB-cwnd
[2024-11-08T14:08:36.230501-0500]     6.8750 MB /   0.50 sec =  115.3404 Mbps     0 retrans   5101 KB-cwnd
[2024-11-08T14:08:36.730483-0500]     2.1250 MB /   0.50 sec =   35.6524 Mbps     0 retrans   5101 KB-cwnd
[2024-11-08T14:08:37.230476-0500]     6.1875 MB /   0.50 sec =  103.8099 Mbps     0 retrans   5101 KB-cwnd
[2024-11-08T14:08:37.730469-0500]     9.4375 MB /   0.50 sec =  158.3404 Mbps     0 retrans   5101 KB-cwnd
[2024-11-08T14:08:38.230576-0500]     6.8750 MB /   0.50 sec =  115.3387 Mbps     0 retrans   5101 KB-cwnd
[2024-11-08T14:08:38.730449-0500]     9.2500 MB /   0.50 sec =  155.1958 Mbps     0 retrans   5120 KB-cwnd
[2024-11-08T14:08:39.230490-0500]     2.9375 MB /   0.50 sec =   49.2811 Mbps     0 retrans   5120 KB-cwnd
[2024-11-08T14:08:39.730496-0500]     7.3750 MB /   0.50 sec =  123.7322 Mbps     0 retrans   5120 KB-cwnd
[2024-11-08T14:08:40.230459-0500]    10.3750 MB /   0.50 sec =  174.0661 Mbps    28 retrans   3330 KB-cwnd
[2024-11-08T14:08:40.730491-0500]     8.6250 MB /   0.50 sec =  144.7009 Mbps     0 retrans   3330 KB-cwnd
[2024-11-08T14:08:41.230495-0500]     9.0625 MB /   0.50 sec =  152.0420 Mbps     0 retrans   3330 KB-cwnd
[2024-11-08T14:08:41.730516-0500]     5.3750 MB /   0.50 sec =   90.1763 Mbps     0 retrans   3330 KB-cwnd
[2024-11-08T14:08:42.230470-0500]    11.1250 MB /   0.50 sec =  186.6529 Mbps     0 retrans   3330 KB-cwnd
[2024-11-08T14:08:42.730554-0500]     7.0625 MB /   0.50 sec =  118.4905 Mbps     0 retrans   3330 KB-cwnd
[2024-11-08T14:08:43.230472-0500]     9.7500 MB /   0.50 sec =  163.5752 Mbps     0 retrans   3330 KB-cwnd
[2024-11-08T14:08:43.730564-0500]     6.3750 MB /   0.50 sec =  106.9374 Mbps     0 retrans   3330 KB-cwnd
[2024-11-08T14:08:44.230507-0500]    13.9375 MB /   0.50 sec =  233.8755 Mbps    23 retrans   2815 KB-cwnd
[2024-11-08T14:08:44.730513-0500]    12.9375 MB /   0.50 sec =  217.0448 Mbps     0 retrans   2815 KB-cwnd
[2024-11-08T14:08:45.230457-0500]    13.6875 MB /   0.50 sec =  229.6505 Mbps     0 retrans   2815 KB-cwnd
[2024-11-08T14:08:45.730501-0500]    14.8750 MB /   0.50 sec =  249.5481 Mbps     0 retrans   2815 KB-cwnd
[2024-11-08T14:08:46.230487-0500]    11.0000 MB /   0.50 sec =  184.5520 Mbps     0 retrans   2815 KB-cwnd
[2024-11-08T14:08:46.730478-0500]    17.0625 MB /   0.50 sec =  286.2658 Mbps    13 retrans   3266 KB-cwnd
[2024-11-08T14:08:47.230710-0500]    15.7500 MB /   0.50 sec =  264.2422 Mbps     0 retrans   3279 KB-cwnd
[2024-11-08T14:08:47.730532-0500]    17.0625 MB /   0.50 sec =  286.2389 Mbps     0 retrans   3279 KB-cwnd
[2024-11-08T14:08:48.230492-0500]    17.7500 MB /   0.50 sec =  297.8087 Mbps     0 retrans   3279 KB-cwnd
[2024-11-08T14:08:48.730461-0500]    16.6875 MB /   0.50 sec =  279.9883 Mbps     4 retrans   5096 KB-cwnd
[2024-11-08T14:08:49.230525-0500]    19.5625 MB /   0.50 sec =  328.1649 Mbps     0 retrans   5096 KB-cwnd
[2024-11-08T14:08:49.730747-0500]    21.5625 MB /   0.50 sec =  361.7696 Mbps     0 retrans   5096 KB-cwnd
[2024-11-08T14:08:50.230447-0500]    19.1250 MB /   0.50 sec =  320.8919 Mbps     0 retrans   5096 KB-cwnd
[2024-11-08T14:08:50.730464-0500]    18.3125 MB /   0.50 sec =  307.2291 Mbps     1 retrans   5743 KB-cwnd
[2024-11-08T14:08:51.230540-0500]    16.3125 MB /   0.50 sec =  273.6581 Mbps     0 retrans   5743 KB-cwnd
[2024-11-08T14:08:51.731799-0500]    15.5000 MB /   0.50 sec =  259.8743 Mbps     0 retrans   5934 KB-cwnd
[2024-11-08T14:08:52.230455-0500]    16.8125 MB /   0.50 sec =  282.2770 Mbps     0 retrans   5970 KB-cwnd
[2024-11-08T14:08:52.730502-0500]     8.5000 MB /   0.50 sec =  142.6003 Mbps     0 retrans   5970 KB-cwnd
[2024-11-08T14:08:53.230687-0500]     7.1250 MB /   0.50 sec =  119.5279 Mbps     0 retrans   6942 KB-cwnd
[2024-11-08T14:08:53.730460-0500]    11.5625 MB /   0.50 sec =  194.0067 Mbps     0 retrans   6942 KB-cwnd
[2024-11-08T14:08:54.230456-0500]    15.3750 MB /   0.50 sec =  257.9507 Mbps     0 retrans   6942 KB-cwnd
[2024-11-08T14:08:54.730595-0500]     5.3125 MB /   0.50 sec =   89.1268 Mbps     0 retrans   6969 KB-cwnd
[2024-11-08T14:08:55.230644-0500]    15.7500 MB /   0.50 sec =  264.1704 Mbps     0 retrans   6969 KB-cwnd
[2024-11-08T14:08:55.730482-0500]    15.4375 MB /   0.50 sec =  259.0641 Mbps     0 retrans   6785 KB-cwnd
[2024-11-08T14:08:56.230675-0500]    16.1875 MB /   0.50 sec =  271.4927 Mbps     1 retrans   7936 KB-cwnd
[2024-11-08T14:08:56.730497-0500]    16.2500 MB /   0.50 sec =  272.7187 Mbps     0 retrans   7936 KB-cwnd
[2024-11-08T14:08:57.230561-0500]    16.9375 MB /   0.50 sec =  284.1493 Mbps     0 retrans   7936 KB-cwnd
[2024-11-08T14:08:57.730573-0500]    17.8750 MB /   0.50 sec =  299.9263 Mbps     0 retrans   7936 KB-cwnd
[2024-11-08T14:08:58.230470-0500]    18.0625 MB /   0.50 sec =  303.0312 Mbps     5 retrans   5389 KB-cwnd
[2024-11-08T14:08:58.730790-0500]    11.2500 MB /   0.50 sec =  188.6512 Mbps     0 retrans   5389 KB-cwnd
[2024-11-08T14:08:59.230501-0500]    20.5000 MB /   0.50 sec =  344.0926 Mbps     0 retrans   5389 KB-cwnd
[2024-11-08T14:08:59.730613-0500]     9.1875 MB /   0.50 sec =  154.1265 Mbps     0 retrans   5389 KB-cwnd
End time: 1731092939801
