Start time: 1731093156366
[2024-11-08T14:12:41.430929-0500] traceroute to 54.197.223.49 (54.197.223.49), 30 hops max, 60 byte packets
[2024-11-08T14:12:41.431587-0500]  1  * * *
[2024-11-08T14:12:41.431631-0500]  2  * * *
[2024-11-08T14:12:41.431664-0500]  3  * * *
[2024-11-08T14:12:41.437837-0500]  4  * * *
[2024-11-08T14:12:41.437894-0500]  5  * * *
[2024-11-08T14:12:46.438105-0500]  6  * * *
[2024-11-08T14:12:46.438312-0500]  7  * * *
[2024-11-08T14:12:46.438391-0500]  8  * * *
[2024-11-08T14:12:46.438460-0500]  9  * * *
[2024-11-08T14:12:46.451325-0500] 10  * * *
[2024-11-08T14:12:51.447026-0500] 11  * * *
[2024-11-08T14:12:51.447479-0500] 12  * * *
[2024-11-08T14:12:51.462076-0500] 13  * * *
[2024-11-08T14:12:51.462440-0500] 14  * * *
[2024-11-08T14:12:51.462554-0500] 15  * * *
[2024-11-08T14:12:56.456058-0500] 16  * * *
[2024-11-08T14:12:56.457873-0500] 17  * * *
[2024-11-08T14:12:56.462449-0500] 18  * * *
[2024-11-08T14:12:56.468204-0500] 19  * * *
[2024-11-08T14:12:56.472941-0500] 20  * * *
[2024-11-08T14:12:56.475619-0500] 21  * * *
[2024-11-08T14:13:01.463909-0500] 22  * * *
[2024-11-08T14:13:01.464274-0500] 23  * * *
[2024-11-08T14:13:01.469320-0500] 24  * * *
[2024-11-08T14:13:01.472853-0500] 25  * * *
[2024-11-08T14:13:01.476049-0500] 26  * * *
[2024-11-08T14:13:06.423226-0500] 27  * *End time: 1731093186508
