Start time: 1730753635169
[2024-11-04T14:54:00.254666-0600] traceroute to 54.176.53.206 (54.176.53.206), 30 hops max, 60 byte packets
[2024-11-04T14:54:00.255626-0600]  1  * * *
[2024-11-04T14:54:00.255692-0600]  2  * * *
[2024-11-04T14:54:00.255743-0600]  3  * * *
[2024-11-04T14:54:00.255789-0600]  4  * * *
[2024-11-04T14:54:00.255834-0600]  5  * * *
[2024-11-04T14:54:05.263950-0600]  6  * * *
[2024-11-04T14:54:05.264543-0600]  7  * * *
[2024-11-04T14:54:05.264691-0600]  8  * * *
[2024-11-04T14:54:05.264806-0600]  9  * * *
[2024-11-04T14:54:05.280744-0600] 10  * * *
[2024-11-04T14:54:10.272928-0600] 11  * * *
[2024-11-04T14:54:10.273366-0600] 12  * * *
[2024-11-04T14:54:10.278802-0600] 13  * * *
[2024-11-04T14:54:10.278990-0600] 14  * * *
[2024-11-04T14:54:10.283709-0600] 15  * * *
[2024-11-04T14:54:15.281659-0600] 16  * * *
[2024-11-04T14:54:15.282217-0600] 17  * * *
[2024-11-04T14:54:15.282367-0600] 18  * * *
[2024-11-04T14:54:15.290986-0600] 19  * * *
[2024-11-04T14:54:15.291162-0600] 20  * * *
[2024-11-04T14:54:15.291275-0600] 21  * * *
[2024-11-04T14:54:20.289247-0600] 22  * * *
[2024-11-04T14:54:20.289499-0600] 23  * * *
[2024-11-04T14:54:20.293285-0600] 24  * * *
[2024-11-04T14:54:20.296416-0600] 25  * * *
[2024-11-04T14:54:20.299650-0600] 26  * * *
[2024-11-04T14:54:25.244951-0600] 27  * *End time: 1730753665294
