Start time: 1747691369441
Connecting to host 34.145.166.89, port 5207
Reverse mode, remote host 34.145.166.89 is sending
[  5] local 192.0.0.2 port 37328 connected to 34.145.166.89 port 5207
[ ID] Interval           Transfer     Bitrate
[  5]   0.00-0.10   sec   216 KBytes  17.7 Mbits/sec                  
[  5]   0.10-0.20   sec   354 KBytes  29.0 Mbits/sec                  
[  5]   0.20-0.30   sec   484 KBytes  39.6 Mbits/sec                  
[  5]   0.30-0.40   sec   481 KBytes  39.4 Mbits/sec                  
[  5]   0.40-0.50   sec   597 KBytes  48.9 Mbits/sec                  
[  5]   0.50-0.60   sec   699 KBytes  57.2 Mbits/sec                  
[  5]   0.60-0.70   sec   854 KBytes  70.0 Mbits/sec                  
[  5]   0.70-0.80   sec  1.03 MBytes  86.0 Mbits/sec                  
[  5]   0.80-0.90   sec  1.24 MBytes   104 Mbits/sec                  
[  5]   0.90-1.00   sec  1.39 MBytes   116 Mbits/sec                  
[  5]   1.00-1.10   sec  1.35 MBytes   114 Mbits/sec                  
[  5]   1.10-1.20   sec  1.67 MBytes   140 Mbits/sec                  
[  5]   1.20-1.30   sec  1.89 MBytes   158 Mbits/sec                  
[  5]   1.30-1.40   sec  2.39 MBytes   200 Mbits/sec                  
[  5]   1.40-1.50   sec  2.31 MBytes   194 Mbits/sec                  
[  5]   1.50-1.60   sec  3.21 MBytes   269 Mbits/sec                  
[  5]   1.60-1.70   sec  2.99 MBytes   251 Mbits/sec                  
[  5]   1.70-1.80   sec  2.93 MBytes   246 Mbits/sec                  
[  5]   1.80-1.90   sec  3.76 MBytes   315 Mbits/sec                  
[  5]   1.90-2.00   sec  3.92 MBytes   329 Mbits/sec                  
[  5]   2.00-2.10   sec  4.13 MBytes   346 Mbits/sec                  
[  5]   2.10-2.20   sec  4.93 MBytes   414 Mbits/sec                  
[  5]   2.20-2.30   sec  5.29 MBytes   444 Mbits/sec                  
[  5]   2.30-2.40   sec  6.11 MBytes   512 Mbits/sec                  
[  5]   2.40-2.50   sec  7.70 MBytes   646 Mbits/sec                  
[  5]   2.50-2.60   sec  7.50 MBytes   629 Mbits/sec                  
[  5]   2.60-2.70   sec  8.06 MBytes   676 Mbits/sec                  
[  5]   2.70-2.80   sec  6.84 MBytes   574 Mbits/sec                  
[  5]   2.80-2.90   sec  7.19 MBytes   602 Mbits/sec                  
[  5]   2.90-3.00   sec  8.38 MBytes   704 Mbits/sec                  
[  5]   3.00-3.10   sec  8.27 MBytes   694 Mbits/sec                  
[  5]   3.10-3.20   sec  8.73 MBytes   733 Mbits/sec                  
[  5]   3.20-3.30   sec  7.90 MBytes   663 Mbits/sec                  
[  5]   3.30-3.40   sec  7.25 MBytes   608 Mbits/sec                  
[  5]   3.40-3.50   sec  7.70 MBytes   646 Mbits/sec                  
[  5]   3.50-3.60   sec  7.58 MBytes   636 Mbits/sec                  
[  5]   3.60-3.70   sec  8.38 MBytes   703 Mbits/sec                  
[  5]   3.70-3.80   sec  6.78 MBytes   568 Mbits/sec                  
[  5]   3.80-3.90   sec  9.10 MBytes   764 Mbits/sec                  
[  5]   3.90-4.00   sec  8.28 MBytes   694 Mbits/sec                  
[  5]   4.00-4.10   sec  4.28 MBytes   359 Mbits/sec                  
[  5]   4.10-4.20   sec  4.80 MBytes   403 Mbits/sec                  
[  5]   4.20-4.30   sec  6.77 MBytes   569 Mbits/sec                  
[  5]   4.30-4.40   sec  6.77 MBytes   567 Mbits/sec                  
[  5]   4.40-4.50   sec  6.53 MBytes   548 Mbits/sec                  
[  5]   4.50-4.60   sec  8.65 MBytes   726 Mbits/sec                  
[  5]   4.60-4.70   sec  7.55 MBytes   633 Mbits/sec                  
[  5]   4.70-4.80   sec  8.24 MBytes   691 Mbits/sec                  
[  5]   4.80-4.90   sec  8.02 MBytes   673 Mbits/sec                  
[  5]   4.90-5.00   sec  9.24 MBytes   774 Mbits/sec                  
- - - - - - - - - - - - - - - - - - - - - - - - -
[ ID] Interval           Transfer     Bitrate         Retr
[  5]   0.00-5.04   sec   254 MBytes   422 Mbits/sec    0             sender
[  5]   0.00-5.00   sec   251 MBytes   420 Mbits/sec                  receiver

iperf Done.
End time: 1747691374911
