Start time: 1730593130503
[2024-11-02T18:18:51.381640-0600] nuttcp-r: v8.1.4: socket
[2024-11-02T18:18:51.382256-0600] nuttcp-r: buflen=65536, nstream=1, port=5379 tcp
[2024-11-02T18:18:51.382302-0600] nuttcp-r: interval reporting every 0.50 seconds
[2024-11-02T18:18:51.382334-0600] nuttcp-r: connect to 54.176.53.206 with RTT=60.884 ms af=inet
[2024-11-02T18:18:51.382363-0600] nuttcp-r: send window size = 2097152, receive window size = 6291456
[2024-11-02T18:18:51.382391-0600] nuttcp-r: available send window = 1572864, available receive window = 4718592
[2024-11-02T18:18:51.382419-0600]     0.6250 MB /   0.50 sec =   10.4846 Mbps     0 retrans
[2024-11-02T18:18:51.881713-0600]    11.1250 MB /   0.50 sec =  186.6435 Mbps     0 retrans
[2024-11-02T18:18:52.381681-0600]    16.8750 MB /   0.50 sec =  283.0963 Mbps     0 retrans
[2024-11-02T18:18:52.882182-0600]    27.5625 MB /   0.50 sec =  462.1854 Mbps     0 retrans
[2024-11-02T18:18:53.382500-0600]    22.1875 MB /   0.50 sec =  372.1440 Mbps     0 retrans
[2024-11-02T18:18:53.881778-0600]    18.2500 MB /   0.50 sec =  306.4434 Mbps     0 retrans
[2024-11-02T18:18:54.381557-0600]    22.0000 MB /   0.50 sec =  369.1120 Mbps     0 retrans
[2024-11-02T18:18:54.882374-0600]    20.6875 MB /   0.50 sec =  346.7680 Mbps     0 retrans
[2024-11-02T18:18:55.383049-0600]    11.9375 MB /   0.50 sec =  199.8954 Mbps     0 retrans
[2024-11-02T18:18:55.881594-0600]    26.0000 MB /   0.50 sec =  437.4237 Mbps     0 retrans
[2024-11-02T18:18:56.381584-0600]    19.5625 MB /   0.50 sec =  328.2154 Mbps     0 retrans
[2024-11-02T18:18:56.881829-0600]    14.0625 MB /   0.50 sec =  235.8433 Mbps     0 retrans
[2024-11-02T18:18:57.381770-0600]    10.6875 MB /   0.50 sec =  179.3097 Mbps     0 retrans
[2024-11-02T18:18:57.881773-0600]    26.7500 MB /   0.50 sec =  448.8354 Mbps     0 retrans
[2024-11-02T18:18:58.381719-0600]    23.5625 MB /   0.50 sec =  395.4088 Mbps     0 retrans
[2024-11-02T18:18:58.882718-0600]    14.5000 MB /   0.50 sec =  242.7327 Mbps     0 retrans
[2024-11-02T18:18:59.381727-0600]     3.8125 MB /   0.50 sec =   64.0884 Mbps     0 retrans
[2024-11-02T18:18:59.881803-0600]     0.0000 MB /   0.50 sec =    0.0000 Mbps     0 retrans
[2024-11-02T18:19:00.381799-0600]     0.0000 MB /   0.50 sec =    0.0000 Mbps     0 retrans
[2024-11-02T18:19:00.882757-0600]     7.0000 MB /   0.50 sec =  117.2201 Mbps     0 retrans
[2024-11-02T18:19:01.382602-0600]     2.7500 MB /   0.50 sec =   46.1483 Mbps     0 retrans
[2024-11-02T18:19:01.882830-0600]     0.0000 MB /   0.50 sec =    0.0000 Mbps     0 retrans
[2024-11-02T18:19:02.382605-0600]     3.8750 MB /   0.50 sec =   65.0362 Mbps     0 retrans
[2024-11-02T18:19:02.881930-0600]     0.0000 MB /   0.50 sec =    0.0000 Mbps     0 retrans
[2024-11-02T18:19:03.382629-0600]     0.0000 MB /   0.50 sec =    0.0000 Mbps     0 retrans
[2024-11-02T18:19:03.881674-0600]     5.4375 MB /   0.50 sec =   91.3965 Mbps     0 retrans
[2024-11-02T18:19:04.381631-0600]     4.1250 MB /   0.50 sec =   69.2088 Mbps     0 retrans
[2024-11-02T18:19:04.881811-0600]     2.0625 MB /   0.50 sec =   34.6066 Mbps     0 retrans
[2024-11-02T18:19:05.382107-0600]     2.1875 MB /   0.50 sec =   36.6658 Mbps     0 retrans
[2024-11-02T18:19:05.881638-0600]     1.9375 MB /   0.50 sec =   32.5327 Mbps     0 retrans
[2024-11-02T18:19:06.381651-0600]     2.3750 MB /   0.50 sec =   39.8446 Mbps     0 retrans
[2024-11-02T18:19:06.881810-0600]     1.4375 MB /   0.50 sec =   24.1123 Mbps     0 retrans
[2024-11-02T18:19:07.382568-0600]     1.6250 MB /   0.50 sec =   27.2199 Mbps     0 retrans
[2024-11-02T18:19:07.881675-0600]     3.7500 MB /   0.50 sec =   63.0276 Mbps     0 retrans
[2024-11-02T18:19:08.381608-0600]     2.5625 MB /   0.50 sec =   42.9965 Mbps     0 retrans
[2024-11-02T18:19:08.882187-0600]     2.8750 MB /   0.50 sec =   48.1808 Mbps     0 retrans
[2024-11-02T18:19:09.381731-0600]     3.8125 MB /   0.50 sec =   64.0372 Mbps     0 retrans
[2024-11-02T18:19:09.881658-0600]     3.7500 MB /   0.50 sec =   62.9047 Mbps     0 retrans
[2024-11-02T18:19:10.381908-0600]     2.6875 MB /   0.50 sec =   45.0759 Mbps     0 retrans
[2024-11-02T18:19:10.881649-0600]     3.2500 MB /   0.50 sec =   54.5421 Mbps     0 retrans
[2024-11-02T18:19:11.381597-0600]     5.3125 MB /   0.50 sec =   89.1398 Mbps     0 retrans
[2024-11-02T18:19:11.881735-0600]     3.7500 MB /   0.50 sec =   62.8987 Mbps     0 retrans
[2024-11-02T18:19:12.381707-0600]     5.8750 MB /   0.50 sec =   98.5780 Mbps     0 retrans
[2024-11-02T18:19:12.881613-0600]     6.8750 MB /   0.50 sec =  115.3600 Mbps     0 retrans
[2024-11-02T18:19:13.381559-0600]     7.7500 MB /   0.50 sec =  130.0252 Mbps     0 retrans
[2024-11-02T18:19:13.881612-0600]     7.9375 MB /   0.50 sec =  133.1668 Mbps     0 retrans
[2024-11-02T18:19:14.381667-0600]     9.2500 MB /   0.50 sec =  155.1675 Mbps     0 retrans
[2024-11-02T18:19:14.881566-0600]     9.0625 MB /   0.50 sec =  152.0666 Mbps     0 retrans
[2024-11-02T18:19:15.381600-0600]    11.6250 MB /   0.50 sec =  195.0308 Mbps     0 retrans
[2024-11-02T18:19:15.881657-0600]    12.3125 MB /   0.50 sec =  206.5798 Mbps     0 retrans
[2024-11-02T18:19:16.382890-0600]    13.2500 MB /   0.50 sec =  221.7787 Mbps     0 retrans
[2024-11-02T18:19:16.881624-0600]    15.0625 MB /   0.50 sec =  253.2848 Mbps     0 retrans
[2024-11-02T18:19:17.381566-0600]    16.5625 MB /   0.50 sec =  277.8804 Mbps     0 retrans
[2024-11-02T18:19:17.881574-0600]    19.7500 MB /   0.50 sec =  331.3513 Mbps     0 retrans
[2024-11-02T18:19:18.381716-0600]    20.8125 MB /   0.50 sec =  349.0906 Mbps     0 retrans
[2024-11-02T18:19:18.881612-0600]    19.4375 MB /   0.50 sec =  326.1665 Mbps     0 retrans
[2024-11-02T18:19:19.381563-0600]    19.1875 MB /   0.50 sec =  321.9315 Mbps     0 retrans
[2024-11-02T18:19:19.881613-0600]    18.1250 MB /   0.50 sec =  304.0804 Mbps     0 retrans
[2024-11-02T18:19:20.381628-0600]    20.5000 MB /   0.50 sec =  343.9178 Mbps     0 retrans
[2024-11-02T18:19:20.881558-0600]    20.6875 MB /   0.50 sec =  347.1009 Mbps     0 retrans
[2024-11-02T18:19:21.381774-0600]    14.8750 MB /   0.50 sec =  249.5671 Mbps     0 retrans
[2024-11-02T18:19:21.881628-0600]    21.8750 MB /   0.50 sec =  366.9752 Mbps     0 retrans
[2024-11-02T18:19:22.381581-0600]    20.0625 MB /   0.50 sec =  336.6084 Mbps     0 retrans
[2024-11-02T18:19:22.882788-0600]     7.3750 MB /   0.50 sec =  123.4931 Mbps     0 retrans
[2024-11-02T18:19:23.381964-0600]    13.5625 MB /   0.50 sec =  227.8983 Mbps     0 retrans
[2024-11-02T18:19:23.881594-0600]    17.2500 MB /   0.50 sec =  289.5112 Mbps     0 retrans
[2024-11-02T18:19:24.381601-0600]    15.5000 MB /   0.50 sec =  260.0276 Mbps     0 retrans
[2024-11-02T18:19:24.881618-0600]    15.9375 MB /   0.50 sec =  267.4019 Mbps     0 retrans
[2024-11-02T18:19:25.381603-0600]    10.0625 MB /   0.50 sec =  168.8153 Mbps     0 retrans
[2024-11-02T18:19:25.882332-0600]    12.7500 MB /   0.50 sec =  213.7842 Mbps     0 retrans
[2024-11-02T18:19:26.381910-0600]    16.1875 MB /   0.50 sec =  271.5643 Mbps     0 retrans
[2024-11-02T18:19:26.881645-0600]    14.1250 MB /   0.50 sec =  237.1385 Mbps     0 retrans
[2024-11-02T18:19:27.382610-0600]    13.8125 MB /   0.50 sec =  231.3018 Mbps     0 retrans
[2024-11-02T18:19:27.881585-0600]    14.9375 MB /   0.50 sec =  251.0857 Mbps     0 retrans
[2024-11-02T18:19:28.381694-0600]    16.5000 MB /   0.50 sec =  276.7693 Mbps     0 retrans
[2024-11-02T18:19:28.881669-0600]    17.6875 MB /   0.50 sec =  296.7583 Mbps     0 retrans
[2024-11-02T18:19:29.381667-0600]    15.1250 MB /   0.50 sec =  253.7574 Mbps     0 retrans
[2024-11-02T18:19:29.881802-0600]    19.8125 MB /   0.50 sec =  332.4438 Mbps     0 retrans
[2024-11-02T18:19:30.381563-0600]    21.6250 MB /   0.50 sec =  362.8160 Mbps     0 retrans
[2024-11-02T18:19:30.881649-0600]    19.7500 MB /   0.50 sec =  331.3056 Mbps     0 retrans
[2024-11-02T18:19:31.381707-0600]    14.8125 MB /   0.50 sec =  248.5394 Mbps     0 retrans
[2024-11-02T18:19:31.881718-0600]    10.6875 MB /   0.50 sec =  179.2692 Mbps     0 retrans
[2024-11-02T18:19:32.382645-0600]    12.8750 MB /   0.50 sec =  215.6142 Mbps     0 retrans
[2024-11-02T18:19:32.881650-0600]    23.3750 MB /   0.50 sec =  392.9596 Mbps     0 retrans
[2024-11-02T18:19:33.382558-0600]    13.7500 MB /   0.50 sec =  230.2525 Mbps     0 retrans
[2024-11-02T18:19:33.881634-0600]    22.6250 MB /   0.50 sec =  380.2995 Mbps     0 retrans
[2024-11-02T18:19:34.382602-0600]    16.5625 MB /   0.50 sec =  277.3307 Mbps     0 retrans
[2024-11-02T18:19:34.881588-0600]    21.6875 MB /   0.50 sec =  364.5807 Mbps     0 retrans
[2024-11-02T18:19:35.382555-0600]    13.8750 MB /   0.50 sec =  232.3424 Mbps     0 retrans
[2024-11-02T18:19:35.881596-0600]     9.0625 MB /   0.50 sec =  152.3345 Mbps     0 retrans
[2024-11-02T18:19:36.382552-0600]    14.1250 MB /   0.50 sec =  236.5207 Mbps     0 retrans
[2024-11-02T18:19:36.881778-0600]    18.3125 MB /   0.50 sec =  307.8330 Mbps     0 retrans
[2024-11-02T18:19:37.382981-0600]    10.8125 MB /   0.50 sec =  180.9137 Mbps     0 retrans
[2024-11-02T18:19:37.881580-0600]    18.1875 MB /   0.50 sec =  305.9543 Mbps     0 retrans
[2024-11-02T18:19:38.381582-0600]    15.6875 MB /   0.50 sec =  263.1931 Mbps     0 retrans
[2024-11-02T18:19:38.882757-0600]    17.1250 MB /   0.50 sec =  286.6797 Mbps     0 retrans
[2024-11-02T18:19:39.381582-0600]    17.3125 MB /   0.50 sec =  291.0954 Mbps     0 retrans
[2024-11-02T18:19:39.881636-0600]    17.3750 MB /   0.50 sec =  291.4861 Mbps     0 retrans
[2024-11-02T18:19:40.381683-0600]    20.1875 MB /   0.50 sec =  338.7117 Mbps     0 retrans
[2024-11-02T18:19:40.881616-0600]    19.0000 MB /   0.50 sec =  318.7671 Mbps     0 retrans
[2024-11-02T18:19:41.381789-0600]    21.0000 MB /   0.50 sec =  352.3293 Mbps     0 retrans
[2024-11-02T18:19:41.881608-0600]    18.9375 MB /   0.50 sec =  317.6950 Mbps     0 retrans
[2024-11-02T18:19:42.381666-0600]    18.8125 MB /   0.50 sec =  315.6012 Mbps     0 retrans
[2024-11-02T18:19:42.881625-0600]    19.2500 MB /   0.50 sec =  322.9963 Mbps     0 retrans
[2024-11-02T18:19:43.381582-0600]    20.7500 MB /   0.50 sec =  348.1279 Mbps     0 retrans
[2024-11-02T18:19:43.881602-0600]    21.1250 MB /   0.50 sec =  354.4201 Mbps     0 retrans
[2024-11-02T18:19:44.381596-0600]    21.5625 MB /   0.50 sec =  361.7573 Mbps     0 retrans
[2024-11-02T18:19:44.881732-0600]    13.8125 MB /   0.50 sec =  231.6737 Mbps     0 retrans
[2024-11-02T18:19:45.381579-0600]    25.1250 MB /   0.50 sec =  421.6448 Mbps     0 retrans
[2024-11-02T18:19:45.881887-0600]     8.8750 MB /   0.50 sec =  148.7978 Mbps     0 retrans
[2024-11-02T18:19:46.381669-0600]     8.0000 MB /   0.50 sec =  134.2881 Mbps     0 retrans
[2024-11-02T18:19:46.882951-0600]     0.0625 MB /   0.50 sec =    1.0464 Mbps     0 retrans
[2024-11-02T18:19:47.381741-0600]     0.0000 MB /   0.50 sec =    0.0000 Mbps     0 retrans
[2024-11-02T18:19:47.881854-0600]     0.0000 MB /   0.50 sec =    0.0000 Mbps     0 retrans
[2024-11-02T18:19:48.381563-0600]     0.3125 MB /   0.50 sec =    5.2454 Mbps     0 retrans
[2024-11-02T18:19:48.881745-0600]     0.3750 MB /   0.50 sec =    6.2914 Mbps     0 retrans
[2024-11-02T18:19:49.381840-0600]     0.3750 MB /   0.50 sec =    6.2880 Mbps     0 retrans
[2024-11-02T18:19:49.882700-0600]     0.6250 MB /   0.50 sec =   10.4693 Mbps     0 retrans
[2024-11-02T18:19:50.381694-0600]     0.6875 MB /   0.50 sec =   11.5590 Mbps     0 retrans
[2024-11-02T18:19:50.881600-0600]     0.7500 MB /   0.50 sec =   12.5829 Mbps     0 retrans
[2024-11-02T18:19:51.381570-0600]     0.9375 MB /   0.50 sec =   15.7284 Mbps     0 retrans
[2024-11-02T18:19:51.881606-0600]     1.1250 MB /   0.50 sec =   18.8740 Mbps     0 retrans
[2024-11-02T18:19:52.381606-0600]     1.3125 MB /   0.50 sec =   22.0204 Mbps     0 retrans
[2024-11-02T18:19:52.881581-0600]     1.6250 MB /   0.50 sec =   27.2626 Mbps     0 retrans
[2024-11-02T18:19:53.381649-0600]     1.9375 MB /   0.50 sec =   32.5020 Mbps     0 retrans
[2024-11-02T18:19:53.881500-0600]     1.6875 MB /   0.50 sec =   28.3163 Mbps     0 retrans
[2024-11-02T18:19:54.381893-0600]     0.0000 MB /   0.50 sec =    0.0000 Mbps     0 retrans
[2024-11-02T18:19:54.881956-0600]     0.0000 MB /   0.50 sec =    0.0000 Mbps     0 retrans
[2024-11-02T18:19:55.383087-0600]     0.0000 MB /   0.50 sec =    0.0000 Mbps     0 retrans
[2024-11-02T18:19:55.883257-0600]     0.0000 MB /   0.50 sec =    0.0000 Mbps     0 retrans
[2024-11-02T18:19:56.381712-0600]     0.0000 MB /   0.50 sec =    0.0000 Mbps     0 retrans
[2024-11-02T18:19:56.882839-0600]     0.0000 MB /   0.50 sec =    0.0000 Mbps     0 retrans
[2024-11-02T18:19:57.381779-0600]     0.0000 MB /   0.50 sec =    0.0000 Mbps     0 retrans
[2024-11-02T18:19:57.881776-0600]    13.8125 MB /   0.50 sec =  231.8123 Mbps     0 retrans
[2024-11-02T18:19:58.381615-0600]     3.1250 MB /   0.50 sec =   52.4255 Mbps     0 retrans
[2024-11-02T18:19:58.881591-0600]     4.9375 MB /   0.50 sec =   82.8423 Mbps     0 retrans
[2024-11-02T18:19:59.382750-0600]     6.3750 MB /   0.50 sec =  106.7178 Mbps     0 retrans
[2024-11-02T18:19:59.881665-0600]     5.8125 MB /   0.50 sec =   97.7318 Mbps     0 retrans
[2024-11-02T18:20:00.381582-0600]     6.6875 MB /   0.50 sec =  112.2008 Mbps     0 retrans
[2024-11-02T18:20:00.882702-0600]     3.0000 MB /   0.50 sec =   50.2232 Mbps     0 retrans
[2024-11-02T18:20:01.382710-0600]     1.5625 MB /   0.50 sec =   26.2148 Mbps     0 retrans
[2024-11-02T18:20:01.881677-0600]     1.8750 MB /   0.50 sec =   31.5193 Mbps     0 retrans
[2024-11-02T18:20:02.381883-0600]     0.0000 MB /   0.50 sec =    0.0000 Mbps     0 retrans
[2024-11-02T18:20:02.882753-0600]     2.0625 MB /   0.50 sec =   34.5447 Mbps     0 retrans
[2024-11-02T18:20:03.381979-0600]     0.7500 MB /   0.50 sec =   12.6074 Mbps     0 retrans
[2024-11-02T18:20:03.883096-0600]     6.1250 MB /   0.50 sec =  102.4737 Mbps     0 retrans
[2024-11-02T18:20:04.381563-0600]     8.0625 MB /   0.50 sec =  135.6573 Mbps     0 retrans
[2024-11-02T18:20:04.881802-0600]     5.1875 MB /   0.50 sec =   87.0149 Mbps     0 retrans
[2024-11-02T18:20:05.381596-0600]     9.8125 MB /   0.50 sec =  164.6541 Mbps     0 retrans
[2024-11-02T18:20:05.881696-0600]     4.4375 MB /   0.50 sec =   74.4327 Mbps     0 retrans
[2024-11-02T18:20:06.382664-0600]     1.2500 MB /   0.50 sec =   20.9343 Mbps     0 retrans
[2024-11-02T18:20:06.881664-0600]     3.1875 MB /   0.50 sec =   53.5879 Mbps     0 retrans
[2024-11-02T18:20:07.382182-0600]     3.0625 MB /   0.50 sec =   51.3223 Mbps     0 retrans
[2024-11-02T18:20:07.881737-0600]     4.3750 MB /   0.50 sec =   73.4585 Mbps     0 retrans
[2024-11-02T18:20:08.381809-0600]     1.2500 MB /   0.50 sec =   20.9701 Mbps     0 retrans
[2024-11-02T18:20:08.881707-0600]     1.1875 MB /   0.50 sec =   19.9288 Mbps     0 retrans
[2024-11-02T18:20:09.381657-0600]     0.0000 MB /   0.50 sec =    0.0000 Mbps     0 retrans
[2024-11-02T18:20:09.883554-0600]     0.0000 MB /   0.50 sec =    0.0000 Mbps     0 retrans
[2024-11-02T18:20:10.382773-0600]     0.0000 MB /   0.50 sec =    0.0000 Mbps     0 retrans
[2024-11-02T18:20:10.882771-0600]     0.0000 MB /   0.50 sec =    0.0000 Mbps     0 retrans
[2024-11-02T18:20:11.381961-0600]     4.8750 MB /   0.50 sec =   81.9673 Mbps     0 retrans
[2024-11-02T18:20:11.881654-0600]     8.5000 MB /   0.50 sec =  142.6098 Mbps     0 retrans
[2024-11-02T18:20:12.382613-0600]     4.9375 MB /   0.50 sec =   82.6961 Mbps     0 retrans
[2024-11-02T18:20:12.882807-0600]     0.0000 MB /   0.50 sec =    0.0000 Mbps     0 retrans
[2024-11-02T18:20:13.382696-0600]     0.0000 MB /   0.50 sec =    0.0000 Mbps     0 retrans
[2024-11-02T18:20:13.882568-0600]     1.8750 MB /   0.50 sec =   31.4575 Mbps     0 retrans
[2024-11-02T18:20:14.382273-0600]     0.1875 MB /   0.50 sec =    3.1491 Mbps     0 retrans
[2024-11-02T18:20:14.881614-0600]    10.8125 MB /   0.50 sec =  181.5420 Mbps     0 retrans
[2024-11-02T18:20:15.381715-0600]    10.9375 MB /   0.50 sec =  183.4825 Mbps     0 retrans
[2024-11-02T18:20:15.881910-0600]     9.5625 MB /   0.50 sec =  160.4514 Mbps     0 retrans
[2024-11-02T18:20:16.381686-0600]    10.2500 MB /   0.50 sec =  171.9482 Mbps     0 retrans
[2024-11-02T18:20:16.881518-0600]    15.5000 MB /   0.50 sec =  260.0978 Mbps     0 retrans
[2024-11-02T18:20:17.381665-0600]    14.1250 MB /   0.50 sec =  236.9142 Mbps     0 retrans
[2024-11-02T18:20:17.881668-0600]    13.5000 MB /   0.50 sec =  226.5146 Mbps     0 retrans
[2024-11-02T18:20:18.381532-0600]    15.0000 MB /   0.50 sec =  251.7000 Mbps     0 retrans
[2024-11-02T18:20:18.881675-0600]    13.1875 MB /   0.50 sec =  221.2115 Mbps     0 retrans
[2024-11-02T18:20:19.381665-0600]    11.9375 MB /   0.50 sec =  200.2732 Mbps     0 retrans
[2024-11-02T18:20:19.881732-0600]     5.0625 MB /   0.50 sec =   84.9374 Mbps     0 retrans
[2024-11-02T18:20:20.381486-0600]     4.6250 MB /   0.50 sec =   77.6097 Mbps     0 retrans
[2024-11-02T18:20:20.881880-0600]    10.5625 MB /   0.50 sec =  177.1728 Mbps     0 retrans
[2024-11-02T18:20:21.381861-0600]    18.4375 MB /   0.50 sec =  309.2137 Mbps     0 retrans
[2024-11-02T18:20:21.881668-0600]    16.9375 MB /   0.50 sec =  284.2778 Mbps     0 retrans
[2024-11-02T18:20:22.381627-0600]     9.8125 MB /   0.50 sec =  164.6406 Mbps     0 retrans
[2024-11-02T18:20:22.881592-0600]    14.6875 MB /   0.50 sec =  246.4257 Mbps     0 retrans
[2024-11-02T18:20:23.381616-0600]    20.8125 MB /   0.50 sec =  349.1688 Mbps     0 retrans
[2024-11-02T18:20:23.881671-0600]    22.6250 MB /   0.50 sec =  379.5473 Mbps     0 retrans
[2024-11-02T18:20:24.381622-0600]    23.7500 MB /   0.50 sec =  398.4947 Mbps     0 retrans
[2024-11-02T18:20:24.881758-0600]    11.7500 MB /   0.50 sec =  197.0984 Mbps     0 retrans
[2024-11-02T18:20:25.381715-0600]    13.3750 MB /   0.50 sec =  224.4060 Mbps     0 retrans
[2024-11-02T18:20:25.881750-0600]    24.1250 MB /   0.50 sec =  404.7236 Mbps     0 retrans
[2024-11-02T18:20:26.381595-0600]    24.5625 MB /   0.50 sec =  412.1810 Mbps     0 retrans
[2024-11-02T18:20:26.881735-0600]    15.1250 MB /   0.50 sec =  253.7402 Mbps     0 retrans
[2024-11-02T18:20:27.381643-0600]    15.7500 MB /   0.50 sec =  264.2343 Mbps     0 retrans
[2024-11-02T18:20:27.881863-0600]    17.3125 MB /   0.50 sec =  290.4381 Mbps     0 retrans
[2024-11-02T18:20:28.381714-0600]     5.7500 MB /   0.50 sec =   96.4725 Mbps     0 retrans
[2024-11-02T18:20:28.881649-0600]    24.6250 MB /   0.50 sec =  413.1753 Mbps     0 retrans
[2024-11-02T18:20:29.381645-0600]    19.7500 MB /   0.50 sec =  331.3321 Mbps     0 retrans
[2024-11-02T18:20:29.881707-0600]    22.0000 MB /   0.50 sec =  369.0685 Mbps     0 retrans
[2024-11-02T18:20:30.381657-0600]    20.3750 MB /   0.50 sec =  341.8529 Mbps     0 retrans
[2024-11-02T18:20:30.881632-0600]    29.2500 MB /   0.50 sec =  490.7738 Mbps     0 retrans
[2024-11-02T18:20:31.381626-0600]    26.5625 MB /   0.50 sec =  445.6198 Mbps     0 retrans
[2024-11-02T18:20:31.881695-0600]    27.4375 MB /   0.50 sec =  460.3009 Mbps     0 retrans
[2024-11-02T18:20:32.381513-0600]    22.1250 MB /   0.50 sec =  371.2538 Mbps     0 retrans
[2024-11-02T18:20:32.881684-0600]    22.0625 MB /   0.50 sec =  370.0785 Mbps     0 retrans
[2024-11-02T18:20:33.381646-0600]     9.2500 MB /   0.50 sec =  155.1982 Mbps     0 retrans
[2024-11-02T18:20:33.881842-0600]    22.3125 MB /   0.50 sec =  374.3723 Mbps     0 retrans
[2024-11-02T18:20:34.381546-0600]    24.8750 MB /   0.50 sec =  417.3558 Mbps     0 retrans
[2024-11-02T18:20:34.881565-0600]    25.7500 MB /   0.50 sec =  432.0038 Mbps     0 retrans
[2024-11-02T18:20:35.381599-0600]    23.7500 MB /   0.50 sec =  398.4413 Mbps     0 retrans
[2024-11-02T18:20:35.881600-0600]    21.6875 MB /   0.50 sec =  363.8712 Mbps     0 retrans
[2024-11-02T18:20:36.381644-0600]    20.3750 MB /   0.50 sec =  341.8358 Mbps     0 retrans
[2024-11-02T18:20:36.881617-0600]    20.4375 MB /   0.50 sec =  342.8796 Mbps     0 retrans
[2024-11-02T18:20:37.381481-0600]    24.2500 MB /   0.50 sec =  406.8817 Mbps     0 retrans
[2024-11-02T18:20:37.881724-0600]    23.6875 MB /   0.50 sec =  397.3046 Mbps     0 retrans
[2024-11-02T18:20:38.381613-0600]    23.6250 MB /   0.50 sec =  396.4267 Mbps     0 retrans
[2024-11-02T18:20:38.881611-0600]    21.6875 MB /   0.50 sec =  363.8566 Mbps     0 retrans
[2024-11-02T18:20:39.381492-0600]    21.8125 MB /   0.50 sec =  365.9867 Mbps     0 retrans
[2024-11-02T18:20:39.881615-0600]    21.5000 MB /   0.50 sec =  360.6835 Mbps     0 retrans
[2024-11-02T18:20:40.381573-0600]    24.3125 MB /   0.50 sec =  407.8985 Mbps     0 retrans
[2024-11-02T18:20:40.881670-0600]    22.2500 MB /   0.50 sec =  373.2356 Mbps     0 retrans
[2024-11-02T18:20:41.381624-0600]    22.5625 MB /   0.50 sec =  378.5761 Mbps     0 retrans
[2024-11-02T18:20:41.881698-0600]    19.8750 MB /   0.50 sec =  333.4065 Mbps     0 retrans
[2024-11-02T18:20:42.381645-0600]    23.6875 MB /   0.50 sec =  397.4596 Mbps     0 retrans
[2024-11-02T18:20:42.881580-0600]    23.0000 MB /   0.50 sec =  385.8984 Mbps     0 retrans
[2024-11-02T18:20:43.381954-0600]    15.0625 MB /   0.50 sec =  252.6290 Mbps     0 retrans
[2024-11-02T18:20:43.881611-0600]    20.0625 MB /   0.50 sec =  336.6905 Mbps     0 retrans
[2024-11-02T18:20:44.381572-0600]    20.1250 MB /   0.50 sec =  337.6475 Mbps     0 retrans
[2024-11-02T18:20:44.881631-0600]    18.8750 MB /   0.50 sec =  316.6611 Mbps     0 retrans
[2024-11-02T18:20:45.381665-0600]    15.6250 MB /   0.50 sec =  262.1183 Mbps     0 retrans
[2024-11-02T18:20:45.881682-0600]    19.6250 MB /   0.50 sec =  329.2812 Mbps     0 retrans
[2024-11-02T18:20:46.381632-0600]    22.6875 MB /   0.50 sec =  380.6080 Mbps     0 retrans
[2024-11-02T18:20:46.881646-0600]    22.6250 MB /   0.50 sec =  379.6096 Mbps     0 retrans
[2024-11-02T18:20:47.381586-0600]    22.0625 MB /   0.50 sec =  370.1570 Mbps     0 retrans
[2024-11-02T18:20:47.881630-0600]    22.1250 MB /   0.50 sec =  371.1907 Mbps     0 retrans
[2024-11-02T18:20:48.381624-0600]    23.3750 MB /   0.50 sec =  392.1400 Mbps     0 retrans
[2024-11-02T18:20:48.881751-0600]    19.8125 MB /   0.50 sec =  332.3514 Mbps     0 retrans
[2024-11-02T18:20:49.381615-0600]    20.0000 MB /   0.50 sec =  335.6188 Mbps     0 retrans
[2024-11-02T18:20:49.881501-0600]    22.6875 MB /   0.50 sec =  380.6613 Mbps     0 retrans
[2024-11-02T18:20:50.381606-0600]    19.5000 MB /   0.50 sec =  327.1315 Mbps     0 retrans
[2024-11-02T18:20:50.881620-0600]    16.3125 MB /   0.50 sec =  273.6767 Mbps     0 retrans
[2024-11-02T18:20:51.381608-0600]    19.8125 MB /   0.50 sec =  332.3973 Mbps     0 retrans
End time: 1730593251604
