Start time: 1730515166863
[2024-11-01T19:39:27.920886-0700] nuttcp-r: v8.1.4: socket
[2024-11-01T19:39:27.922242-0700] nuttcp-r: buflen=65536, nstream=1, port=5110 tcp
[2024-11-01T19:39:27.922479-0700] nuttcp-r: interval reporting every 0.50 seconds
[2024-11-01T19:39:27.922612-0700] nuttcp-r: connect to 54.176.53.206 with RTT=64.847 ms af=inet
[2024-11-01T19:39:27.922724-0700] nuttcp-r: send window size = 2097152, receive window size = 6291456
[2024-11-01T19:39:27.922829-0700] nuttcp-r: available send window = 1572864, available receive window = 4718592
[2024-11-01T19:39:27.922933-0700]     0.2500 MB /   0.50 sec =    4.1940 Mbps     0 retrans
[2024-11-01T19:39:28.420319-0700]     2.0000 MB /   0.50 sec =   33.5544 Mbps     0 retrans
[2024-11-01T19:39:28.920765-0700]     3.4375 MB /   0.50 sec =   57.6694 Mbps     0 retrans
[2024-11-01T19:39:29.420862-0700]     0.3750 MB /   0.50 sec =    6.2867 Mbps     0 retrans
[2024-11-01T19:39:29.921024-0700]     1.7500 MB /   0.50 sec =   29.3576 Mbps     0 retrans
[2024-11-01T19:39:30.420312-0700]     3.8125 MB /   0.50 sec =   64.0209 Mbps     0 retrans
[2024-11-01T19:39:30.920578-0700]     3.1875 MB /   0.50 sec =   53.4640 Mbps     0 retrans
[2024-11-01T19:39:31.420333-0700]     3.8125 MB /   0.50 sec =   63.9785 Mbps     0 retrans
[2024-11-01T19:39:31.920330-0700]     4.1250 MB /   0.50 sec =   69.2062 Mbps     0 retrans
[2024-11-01T19:39:32.420359-0700]     4.2500 MB /   0.50 sec =   71.3020 Mbps     0 retrans
[2024-11-01T19:39:32.920612-0700]     3.6875 MB /   0.50 sec =   61.8552 Mbps     0 retrans
[2024-11-01T19:39:33.420313-0700]     4.3750 MB /   0.50 sec =   73.4153 Mbps     0 retrans
[2024-11-01T19:39:33.920308-0700]     4.3125 MB /   0.50 sec =   72.3510 Mbps     0 retrans
[2024-11-01T19:39:34.420338-0700]     4.0625 MB /   0.50 sec =   68.1577 Mbps     0 retrans
[2024-11-01T19:39:34.920398-0700]     4.8750 MB /   0.50 sec =   81.7760 Mbps     0 retrans
[2024-11-01T19:39:35.420451-0700]     4.8125 MB /   0.50 sec =   80.7381 Mbps     0 retrans
[2024-11-01T19:39:35.920348-0700]     3.9375 MB /   0.50 sec =   66.0710 Mbps     0 retrans
[2024-11-01T19:39:36.420407-0700]     3.3125 MB /   0.50 sec =   55.5663 Mbps     0 retrans
[2024-11-01T19:39:36.920637-0700]     3.8750 MB /   0.50 sec =   65.0133 Mbps     0 retrans
[2024-11-01T19:39:37.420351-0700]     4.9375 MB /   0.50 sec =   82.8481 Mbps     0 retrans
[2024-11-01T19:39:37.920351-0700]     2.3750 MB /   0.50 sec =   39.8442 Mbps     0 retrans
[2024-11-01T19:39:38.420346-0700]     4.5625 MB /   0.50 sec =   76.5497 Mbps     0 retrans
[2024-11-01T19:39:38.920406-0700]     4.7500 MB /   0.50 sec =   79.6811 Mbps     0 retrans
[2024-11-01T19:39:39.420289-0700]     4.0625 MB /   0.50 sec =   68.1675 Mbps     0 retrans
[2024-11-01T19:39:39.920357-0700]     3.6875 MB /   0.50 sec =   61.8644 Mbps     0 retrans
[2024-11-01T19:39:40.420226-0700]     4.5000 MB /   0.50 sec =   75.5032 Mbps     0 retrans
[2024-11-01T19:39:40.920612-0700]     5.1875 MB /   0.50 sec =   87.0094 Mbps     0 retrans
[2024-11-01T19:39:41.420363-0700]     5.0625 MB /   0.50 sec =   84.9493 Mbps     0 retrans
[2024-11-01T19:39:41.920363-0700]     5.0000 MB /   0.50 sec =   83.8871 Mbps     0 retrans
[2024-11-01T19:39:42.420297-0700]     4.7500 MB /   0.50 sec =   79.6940 Mbps     0 retrans
[2024-11-01T19:39:42.920433-0700]     5.3125 MB /   0.50 sec =   89.1126 Mbps     0 retrans
[2024-11-01T19:39:43.420292-0700]     4.5625 MB /   0.50 sec =   76.5607 Mbps     0 retrans
[2024-11-01T19:39:43.920311-0700]     4.3125 MB /   0.50 sec =   72.3504 Mbps     0 retrans
[2024-11-01T19:39:44.420310-0700]     4.0000 MB /   0.50 sec =   67.1097 Mbps     0 retrans
[2024-11-01T19:39:44.920538-0700]     3.0625 MB /   0.50 sec =   51.3758 Mbps     0 retrans
[2024-11-01T19:39:45.420343-0700]     3.5000 MB /   0.50 sec =   58.7241 Mbps     0 retrans
[2024-11-01T19:39:45.920339-0700]     3.5000 MB /   0.50 sec =   58.7208 Mbps     0 retrans
[2024-11-01T19:39:46.420343-0700]     2.6875 MB /   0.50 sec =   45.0885 Mbps     0 retrans
[2024-11-01T19:39:46.920382-0700]     3.0000 MB /   0.50 sec =   50.3270 Mbps     0 retrans
[2024-11-01T19:39:47.420377-0700]     3.4375 MB /   0.50 sec =   57.6751 Mbps     0 retrans
[2024-11-01T19:39:47.920368-0700]     3.4375 MB /   0.50 sec =   57.6724 Mbps     0 retrans
[2024-11-01T19:39:48.420561-0700]     1.5625 MB /   0.50 sec =   26.2045 Mbps     0 retrans
[2024-11-01T19:39:48.920422-0700]     1.3750 MB /   0.50 sec =   23.0738 Mbps     0 retrans
[2024-11-01T19:39:49.420485-0700]     4.0000 MB /   0.50 sec =   67.1120 Mbps     0 retrans
[2024-11-01T19:39:49.920310-0700]     4.3125 MB /   0.50 sec =   72.3614 Mbps     0 retrans
[2024-11-01T19:39:50.420365-0700]     5.0625 MB /   0.50 sec =   84.9319 Mbps     0 retrans
[2024-11-01T19:39:50.920434-0700]     5.0000 MB /   0.50 sec =   83.8742 Mbps     0 retrans
[2024-11-01T19:39:51.420305-0700]     5.3750 MB /   0.50 sec =   90.1943 Mbps     0 retrans
[2024-11-01T19:39:51.920363-0700]     5.6250 MB /   0.50 sec =   94.3690 Mbps     0 retrans
[2024-11-01T19:39:52.420360-0700]     4.1875 MB /   0.50 sec =   70.2537 Mbps     0 retrans
[2024-11-01T19:39:52.920416-0700]     5.1250 MB /   0.50 sec =   85.9714 Mbps     0 retrans
[2024-11-01T19:39:53.420338-0700]     5.3125 MB /   0.50 sec =   89.1443 Mbps     0 retrans
[2024-11-01T19:39:53.920335-0700]     5.0000 MB /   0.50 sec =   83.8846 Mbps     0 retrans
[2024-11-01T19:39:54.420329-0700]     4.9375 MB /   0.50 sec =   82.8372 Mbps     0 retrans
[2024-11-01T19:39:54.920542-0700]     5.9375 MB /   0.50 sec =   99.6163 Mbps     0 retrans
[2024-11-01T19:39:55.420785-0700]     6.3125 MB /   0.50 sec =  105.8188 Mbps     0 retrans
[2024-11-01T19:39:55.920352-0700]     7.1250 MB /   0.50 sec =  119.6286 Mbps     0 retrans
[2024-11-01T19:39:56.420364-0700]     6.0000 MB /   0.50 sec =  100.6669 Mbps     0 retrans
[2024-11-01T19:39:56.920479-0700]     6.6875 MB /   0.50 sec =  112.1745 Mbps     0 retrans
[2024-11-01T19:39:57.420347-0700]     6.8125 MB /   0.50 sec =  114.3202 Mbps     0 retrans
[2024-11-01T19:39:57.920418-0700]     6.3750 MB /   0.50 sec =  106.9394 Mbps     0 retrans
[2024-11-01T19:39:58.420343-0700]     7.2500 MB /   0.50 sec =  121.6538 Mbps     0 retrans
[2024-11-01T19:39:58.921791-0700]     6.6250 MB /   0.50 sec =  110.8792 Mbps     0 retrans
[2024-11-01T19:39:59.420335-0700]     3.3750 MB /   0.50 sec =   56.7616 Mbps     0 retrans
[2024-11-01T19:39:59.920474-0700]     5.6875 MB /   0.50 sec =   95.4193 Mbps     0 retrans
[2024-11-01T19:40:00.420535-0700]     5.0625 MB /   0.50 sec =   84.9364 Mbps     0 retrans
[2024-11-01T19:40:00.920783-0700]     5.2500 MB /   0.50 sec =   88.0008 Mbps     0 retrans
[2024-11-01T19:40:01.420354-0700]     4.3750 MB /   0.50 sec =   73.4645 Mbps     0 retrans
[2024-11-01T19:40:01.920381-0700]     5.1250 MB /   0.50 sec =   85.9831 Mbps     0 retrans
[2024-11-01T19:40:02.420362-0700]     4.4375 MB /   0.50 sec =   74.4486 Mbps     0 retrans
[2024-11-01T19:40:02.920412-0700]     5.3750 MB /   0.50 sec =   90.1651 Mbps     0 retrans
[2024-11-01T19:40:03.420367-0700]     5.8125 MB /   0.50 sec =   97.5215 Mbps     0 retrans
[2024-11-01T19:40:03.920345-0700]     6.0000 MB /   0.50 sec =  100.6742 Mbps     0 retrans
[2024-11-01T19:40:04.420359-0700]     6.5625 MB /   0.50 sec =  110.0996 Mbps     0 retrans
[2024-11-01T19:40:04.920594-0700]     6.4375 MB /   0.50 sec =  107.9837 Mbps     0 retrans
[2024-11-01T19:40:05.420563-0700]     6.6875 MB /   0.50 sec =  112.2192 Mbps     0 retrans
[2024-11-01T19:40:05.920506-0700]     6.1875 MB /   0.50 sec =  103.8165 Mbps     0 retrans
[2024-11-01T19:40:06.420365-0700]     6.5625 MB /   0.50 sec =  110.0930 Mbps     0 retrans
[2024-11-01T19:40:06.920445-0700]     6.5625 MB /   0.50 sec =  110.0859 Mbps     0 retrans
[2024-11-01T19:40:07.420333-0700]     6.9375 MB /   0.50 sec =  116.4071 Mbps     0 retrans
[2024-11-01T19:40:07.920338-0700]     5.8750 MB /   0.50 sec =   98.5659 Mbps     0 retrans
[2024-11-01T19:40:08.420528-0700]     3.5625 MB /   0.50 sec =   59.7676 Mbps     0 retrans
[2024-11-01T19:40:08.920408-0700]     4.9375 MB /   0.50 sec =   82.8272 Mbps     0 retrans
[2024-11-01T19:40:09.420374-0700]     5.3125 MB /   0.50 sec =   89.1405 Mbps     0 retrans
[2024-11-01T19:40:09.920395-0700]     2.9375 MB /   0.50 sec =   49.2814 Mbps     0 retrans
[2024-11-01T19:40:10.420389-0700]     6.5000 MB /   0.50 sec =  109.0436 Mbps     0 retrans
[2024-11-01T19:40:10.920419-0700]     6.6250 MB /   0.50 sec =  111.1468 Mbps     0 retrans
[2024-11-01T19:40:11.420215-0700]     7.2500 MB /   0.50 sec =  121.6621 Mbps     0 retrans
[2024-11-01T19:40:11.920334-0700]     7.6250 MB /   0.50 sec =  127.9171 Mbps     0 retrans
[2024-11-01T19:40:12.420317-0700]     7.5625 MB /   0.50 sec =  126.8787 Mbps     0 retrans
[2024-11-01T19:40:12.920499-0700]     7.6875 MB /   0.50 sec =  128.9372 Mbps     0 retrans
[2024-11-01T19:40:13.420328-0700]     7.9375 MB /   0.50 sec =  133.2070 Mbps     0 retrans
[2024-11-01T19:40:13.920338-0700]     6.8750 MB /   0.50 sec =  115.3427 Mbps     0 retrans
[2024-11-01T19:40:14.420550-0700]     6.8750 MB /   0.50 sec =  115.3417 Mbps     0 retrans
[2024-11-01T19:40:14.920463-0700]     6.7500 MB /   0.50 sec =  113.2211 Mbps     0 retrans
[2024-11-01T19:40:15.420359-0700]     6.7500 MB /   0.50 sec =  113.2714 Mbps     0 retrans
[2024-11-01T19:40:15.920335-0700]     5.2500 MB /   0.50 sec =   88.0818 Mbps     0 retrans
[2024-11-01T19:40:16.420330-0700]     4.6875 MB /   0.50 sec =   78.6434 Mbps     0 retrans
[2024-11-01T19:40:16.920479-0700]     5.0625 MB /   0.50 sec =   84.9352 Mbps     0 retrans
[2024-11-01T19:40:17.420721-0700]     6.0000 MB /   0.50 sec =  100.5871 Mbps     0 retrans
[2024-11-01T19:40:17.920369-0700]     5.5000 MB /   0.50 sec =   92.3354 Mbps     0 retrans
[2024-11-01T19:40:18.420365-0700]     5.9375 MB /   0.50 sec =   99.6213 Mbps     0 retrans
[2024-11-01T19:40:18.920438-0700]     4.6250 MB /   0.50 sec =   77.5845 Mbps     0 retrans
[2024-11-01T19:40:19.420449-0700]     5.6875 MB /   0.50 sec =   95.4370 Mbps     0 retrans
[2024-11-01T19:40:19.920349-0700]     6.3750 MB /   0.50 sec =  106.9509 Mbps     0 retrans
[2024-11-01T19:40:20.420326-0700]     6.8125 MB /   0.50 sec =  114.2968 Mbps     0 retrans
[2024-11-01T19:40:20.920333-0700]     6.9375 MB /   0.50 sec =  116.3917 Mbps     0 retrans
[2024-11-01T19:40:21.420567-0700]     3.0625 MB /   0.50 sec =   51.3600 Mbps     0 retrans
[2024-11-01T19:40:21.920352-0700]     6.5625 MB /   0.50 sec =  110.1412 Mbps     0 retrans
[2024-11-01T19:40:22.420593-0700]     6.1250 MB /   0.50 sec =  102.7617 Mbps     0 retrans
[2024-11-01T19:40:22.920911-0700]     6.0625 MB /   0.50 sec =  101.6034 Mbps     0 retrans
[2024-11-01T19:40:23.420331-0700]     6.3125 MB /   0.50 sec =  106.0213 Mbps     0 retrans
[2024-11-01T19:40:23.920382-0700]     5.3125 MB /   0.50 sec =   89.1190 Mbps     0 retrans
[2024-11-01T19:40:24.420335-0700]     3.9375 MB /   0.50 sec =   66.0681 Mbps     0 retrans
[2024-11-01T19:40:24.920445-0700]     5.5625 MB /   0.50 sec =   93.3037 Mbps     0 retrans
[2024-11-01T19:40:25.420399-0700]     5.8125 MB /   0.50 sec =   97.5388 Mbps     0 retrans
[2024-11-01T19:40:25.920352-0700]     5.3750 MB /   0.50 sec =   90.1680 Mbps     0 retrans
[2024-11-01T19:40:26.420455-0700]     6.9375 MB /   0.50 sec =  116.3791 Mbps     0 retrans
[2024-11-01T19:40:26.920376-0700]     6.7500 MB /   0.50 sec =  113.2598 Mbps     0 retrans
[2024-11-01T19:40:27.420363-0700]     6.7500 MB /   0.50 sec =  113.2535 Mbps     0 retrans
[2024-11-01T19:40:27.920682-0700]     7.0000 MB /   0.50 sec =  117.4194 Mbps     0 retrans
[2024-11-01T19:40:28.420783-0700]     6.6250 MB /   0.50 sec =  111.0662 Mbps     0 retrans
[2024-11-01T19:40:28.920401-0700]     6.1875 MB /   0.50 sec =  103.8963 Mbps     0 retrans
[2024-11-01T19:40:29.420360-0700]     6.3125 MB /   0.50 sec =  105.9174 Mbps     0 retrans
[2024-11-01T19:40:29.920481-0700]     5.6250 MB /   0.50 sec =   94.3722 Mbps     0 retrans
[2024-11-01T19:40:30.420370-0700]     5.6875 MB /   0.50 sec =   95.4172 Mbps     0 retrans
[2024-11-01T19:40:30.920458-0700]     5.2500 MB /   0.50 sec =   88.0670 Mbps     0 retrans
[2024-11-01T19:40:31.420323-0700]     4.0000 MB /   0.50 sec =   67.1204 Mbps     0 retrans
[2024-11-01T19:40:31.921444-0700]     1.4375 MB /   0.50 sec =   24.0660 Mbps     0 retrans
[2024-11-01T19:40:32.420373-0700]     4.0625 MB /   0.50 sec =   68.3006 Mbps     0 retrans
[2024-11-01T19:40:32.920408-0700]     5.0625 MB /   0.50 sec =   84.9253 Mbps     0 retrans
[2024-11-01T19:40:33.420232-0700]     5.0000 MB /   0.50 sec =   83.9037 Mbps     0 retrans
[2024-11-01T19:40:33.920321-0700]     4.7500 MB /   0.50 sec =   79.6867 Mbps     0 retrans
[2024-11-01T19:40:34.420329-0700]     4.6250 MB /   0.50 sec =   77.5952 Mbps     0 retrans
[2024-11-01T19:40:34.920440-0700]     5.4375 MB /   0.50 sec =   91.2108 Mbps     0 retrans
[2024-11-01T19:40:35.420391-0700]     5.5000 MB /   0.50 sec =   92.2817 Mbps     0 retrans
[2024-11-01T19:40:35.920325-0700]     5.4375 MB /   0.50 sec =   91.2330 Mbps     0 retrans
[2024-11-01T19:40:36.420356-0700]     5.5625 MB /   0.50 sec =   93.3220 Mbps     0 retrans
[2024-11-01T19:40:36.920448-0700]     5.5625 MB /   0.50 sec =   93.3065 Mbps     0 retrans
[2024-11-01T19:40:37.420310-0700]     5.3125 MB /   0.50 sec =   89.1484 Mbps     0 retrans
[2024-11-01T19:40:37.920538-0700]     6.5625 MB /   0.50 sec =  110.1053 Mbps     0 retrans
[2024-11-01T19:40:38.420368-0700]     6.0000 MB /   0.50 sec =  100.6554 Mbps     0 retrans
[2024-11-01T19:40:38.920503-0700]     5.6250 MB /   0.50 sec =   94.3435 Mbps     0 retrans
[2024-11-01T19:40:39.420359-0700]     7.1875 MB /   0.50 sec =  120.6244 Mbps     0 retrans
[2024-11-01T19:40:39.920375-0700]     6.7500 MB /   0.50 sec =  113.2439 Mbps     0 retrans
[2024-11-01T19:40:40.420318-0700]     6.1875 MB /   0.50 sec =  103.8123 Mbps     0 retrans
[2024-11-01T19:40:40.920464-0700]     6.1875 MB /   0.50 sec =  103.7883 Mbps     0 retrans
[2024-11-01T19:40:41.420342-0700]     6.8125 MB /   0.50 sec =  114.3167 Mbps     0 retrans
[2024-11-01T19:40:41.920318-0700]     5.6250 MB /   0.50 sec =   94.3732 Mbps     0 retrans
[2024-11-01T19:40:42.421403-0700]     4.3125 MB /   0.50 sec =   72.2021 Mbps     0 retrans
[2024-11-01T19:40:42.920474-0700]     2.9375 MB /   0.50 sec =   49.3739 Mbps     0 retrans
[2024-11-01T19:40:43.420312-0700]     5.6250 MB /   0.50 sec =   94.3983 Mbps     0 retrans
[2024-11-01T19:40:43.920817-0700]     5.4375 MB /   0.50 sec =   91.1375 Mbps     0 retrans
[2024-11-01T19:40:44.420360-0700]     4.5000 MB /   0.50 sec =   75.5659 Mbps     0 retrans
[2024-11-01T19:40:44.920385-0700]     5.2500 MB /   0.50 sec =   88.0700 Mbps     0 retrans
[2024-11-01T19:40:45.420344-0700]     5.1875 MB /   0.50 sec =   87.0428 Mbps     0 retrans
[2024-11-01T19:40:45.920382-0700]     5.5000 MB /   0.50 sec =   92.2651 Mbps     0 retrans
[2024-11-01T19:40:46.420374-0700]     4.9375 MB /   0.50 sec =   82.8377 Mbps     0 retrans
[2024-11-01T19:40:46.920426-0700]     5.0000 MB /   0.50 sec =   83.8800 Mbps     0 retrans
[2024-11-01T19:40:47.420365-0700]     5.5000 MB /   0.50 sec =   92.2889 Mbps     0 retrans
[2024-11-01T19:40:47.920318-0700]     5.3125 MB /   0.50 sec =   89.1306 Mbps     0 retrans
[2024-11-01T19:40:48.420348-0700]     5.5000 MB /   0.50 sec =   92.2747 Mbps     0 retrans
[2024-11-01T19:40:48.920478-0700]     5.4375 MB /   0.50 sec =   91.2190 Mbps     0 retrans
[2024-11-01T19:40:49.420971-0700]     5.5625 MB /   0.50 sec =   93.2151 Mbps     0 retrans
[2024-11-01T19:40:49.920327-0700]     5.3750 MB /   0.50 sec =   90.2906 Mbps     0 retrans
[2024-11-01T19:40:50.420321-0700]     5.9375 MB /   0.50 sec =   99.6133 Mbps     0 retrans
[2024-11-01T19:40:50.920471-0700]     6.0625 MB /   0.50 sec =  101.6893 Mbps     0 retrans
[2024-11-01T19:40:51.420428-0700]     6.4375 MB /   0.50 sec =  108.0111 Mbps     0 retrans
[2024-11-01T19:40:51.920320-0700]     5.6875 MB /   0.50 sec =   95.4351 Mbps     0 retrans
[2024-11-01T19:40:52.420254-0700]     5.2500 MB /   0.50 sec =   88.0837 Mbps     0 retrans
[2024-11-01T19:40:52.921002-0700]     5.3750 MB /   0.50 sec =   90.0677 Mbps     0 retrans
[2024-11-01T19:40:53.420365-0700]     3.7500 MB /   0.50 sec =   62.9874 Mbps     0 retrans
[2024-11-01T19:40:53.920497-0700]     7.0000 MB /   0.50 sec =  117.4422 Mbps     0 retrans
[2024-11-01T19:40:54.420589-0700]     6.6875 MB /   0.50 sec =  112.1922 Mbps     0 retrans
[2024-11-01T19:40:54.920730-0700]     8.1250 MB /   0.50 sec =  136.2154 Mbps     0 retrans
[2024-11-01T19:40:55.420316-0700]     7.6875 MB /   0.50 sec =  129.0779 Mbps     0 retrans
[2024-11-01T19:40:55.920332-0700]     6.4375 MB /   0.50 sec =  108.0022 Mbps     0 retrans
[2024-11-01T19:40:56.420323-0700]     6.0625 MB /   0.50 sec =  101.7121 Mbps     0 retrans
[2024-11-01T19:40:56.920407-0700]     6.2500 MB /   0.50 sec =  104.8400 Mbps     0 retrans
[2024-11-01T19:40:57.420362-0700]     6.1875 MB /   0.50 sec =  103.8248 Mbps     0 retrans
[2024-11-01T19:40:57.920319-0700]     5.8125 MB /   0.50 sec =   97.5205 Mbps     0 retrans
[2024-11-01T19:40:58.420373-0700]     7.1875 MB /   0.50 sec =  120.5718 Mbps     0 retrans
[2024-11-01T19:40:58.920392-0700]     6.7500 MB /   0.50 sec =  113.2458 Mbps     0 retrans
[2024-11-01T19:40:59.420528-0700]     7.6250 MB /   0.50 sec =  127.9388 Mbps     0 retrans
[2024-11-01T19:40:59.920546-0700]     7.5625 MB /   0.50 sec =  126.8863 Mbps     0 retrans
[2024-11-01T19:41:00.420365-0700]     6.7500 MB /   0.50 sec =  113.2385 Mbps     0 retrans
[2024-11-01T19:41:00.920438-0700]     7.0000 MB /   0.50 sec =  117.4297 Mbps     0 retrans
[2024-11-01T19:41:01.420314-0700]     6.5625 MB /   0.50 sec =  110.1124 Mbps     0 retrans
[2024-11-01T19:41:01.920331-0700]     6.1875 MB /   0.50 sec =  103.8099 Mbps     0 retrans
[2024-11-01T19:41:02.420351-0700]     5.6875 MB /   0.50 sec =   95.4177 Mbps     0 retrans
[2024-11-01T19:41:02.920435-0700]     4.5625 MB /   0.50 sec =   76.5336 Mbps     0 retrans
[2024-11-01T19:41:03.421528-0700]     4.1250 MB /   0.50 sec =   69.0589 Mbps     0 retrans
[2024-11-01T19:41:03.920330-0700]     2.6250 MB /   0.50 sec =   44.1419 Mbps     0 retrans
[2024-11-01T19:41:04.420318-0700]     3.6250 MB /   0.50 sec =   60.8178 Mbps     0 retrans
[2024-11-01T19:41:04.920370-0700]     3.4375 MB /   0.50 sec =   57.6675 Mbps     0 retrans
[2024-11-01T19:41:05.420782-0700]     3.0000 MB /   0.50 sec =   50.3308 Mbps     0 retrans
[2024-11-01T19:41:05.920727-0700]     3.6875 MB /   0.50 sec =   61.8257 Mbps     0 retrans
[2024-11-01T19:41:06.420358-0700]     3.6250 MB /   0.50 sec =   60.8613 Mbps     0 retrans
[2024-11-01T19:41:06.920422-0700]     4.0000 MB /   0.50 sec =   67.0991 Mbps     0 retrans
[2024-11-01T19:41:07.420380-0700]     4.3750 MB /   0.50 sec =   73.4031 Mbps     0 retrans
[2024-11-01T19:41:07.920330-0700]     4.5625 MB /   0.50 sec =   76.5558 Mbps     0 retrans
[2024-11-01T19:41:08.420361-0700]     5.4375 MB /   0.50 sec =   91.2243 Mbps     0 retrans
[2024-11-01T19:41:08.920412-0700]     5.0625 MB /   0.50 sec =   84.9251 Mbps     0 retrans
[2024-11-01T19:41:09.420396-0700]     5.8750 MB /   0.50 sec =   98.5699 Mbps     0 retrans
[2024-11-01T19:41:09.920233-0700]     6.0000 MB /   0.50 sec =  100.6750 Mbps     0 retrans
[2024-11-01T19:41:10.421010-0700]     5.1875 MB /   0.50 sec =   86.9501 Mbps     0 retrans
[2024-11-01T19:41:10.920404-0700]     4.7500 MB /   0.50 sec =   79.7553 Mbps     0 retrans
[2024-11-01T19:41:11.420302-0700]     5.3750 MB /   0.50 sec =   90.1900 Mbps     0 retrans
[2024-11-01T19:41:11.920838-0700]     4.8750 MB /   0.50 sec =   81.7512 Mbps     0 retrans
[2024-11-01T19:41:12.420615-0700]     4.0625 MB /   0.50 sec =   68.1735 Mbps     0 retrans
[2024-11-01T19:41:12.920440-0700]     4.5000 MB /   0.50 sec =   75.5020 Mbps     0 retrans
[2024-11-01T19:41:13.420530-0700]     3.8750 MB /   0.50 sec =   65.0204 Mbps     0 retrans
[2024-11-01T19:41:13.920330-0700]     3.6250 MB /   0.50 sec =   60.8186 Mbps     0 retrans
[2024-11-01T19:41:14.420310-0700]     3.8750 MB /   0.50 sec =   65.0115 Mbps     0 retrans
[2024-11-01T19:41:14.920434-0700]     5.5000 MB /   0.50 sec =   92.2585 Mbps     0 retrans
[2024-11-01T19:41:15.420564-0700]     5.5000 MB /   0.50 sec =   92.2893 Mbps     0 retrans
[2024-11-01T19:41:15.920760-0700]     5.8125 MB /   0.50 sec =   97.4353 Mbps     0 retrans
[2024-11-01T19:41:16.420556-0700]     5.5625 MB /   0.50 sec =   93.4025 Mbps     0 retrans
[2024-11-01T19:41:16.920501-0700]     6.5625 MB /   0.50 sec =  110.0769 Mbps     0 retrans
[2024-11-01T19:41:17.420315-0700]     6.1875 MB /   0.50 sec =  103.8317 Mbps     0 retrans
[2024-11-01T19:41:17.920327-0700]     7.0000 MB /   0.50 sec =  117.4424 Mbps     0 retrans
[2024-11-01T19:41:18.420337-0700]     6.5000 MB /   0.50 sec =  109.0515 Mbps     0 retrans
[2024-11-01T19:41:18.920556-0700]     5.6875 MB /   0.50 sec =   95.4017 Mbps     0 retrans
[2024-11-01T19:41:19.420462-0700]     6.4375 MB /   0.50 sec =  108.0040 Mbps     0 retrans
[2024-11-01T19:41:19.920527-0700]     5.5625 MB /   0.50 sec =   93.2936 Mbps     0 retrans
[2024-11-01T19:41:20.420691-0700]     3.1250 MB /   0.50 sec =   52.4175 Mbps     0 retrans
[2024-11-01T19:41:20.920470-0700]     5.2500 MB /   0.50 sec =   88.1197 Mbps     0 retrans
[2024-11-01T19:41:21.420353-0700]     3.8125 MB /   0.50 sec =   63.9791 Mbps     0 retrans
[2024-11-01T19:41:21.920313-0700]     4.0000 MB /   0.50 sec =   67.1107 Mbps     0 retrans
[2024-11-01T19:41:22.420365-0700]     4.8125 MB /   0.50 sec =   80.7370 Mbps     0 retrans
[2024-11-01T19:41:22.920404-0700]     5.6875 MB /   0.50 sec =   95.4114 Mbps     0 retrans
[2024-11-01T19:41:23.420491-0700]     6.0000 MB /   0.50 sec =  100.6748 Mbps     0 retrans
[2024-11-01T19:41:23.920389-0700]     5.4375 MB /   0.50 sec =   91.2170 Mbps     0 retrans
[2024-11-01T19:41:24.420340-0700]     6.5000 MB /   0.50 sec =  109.0646 Mbps     0 retrans
[2024-11-01T19:41:24.920503-0700]     5.0000 MB /   0.50 sec =   83.8581 Mbps     0 retrans
[2024-11-01T19:41:25.420407-0700]     6.9375 MB /   0.50 sec =  116.4110 Mbps     0 retrans
[2024-11-01T19:41:25.921584-0700]     3.5000 MB /   0.50 sec =   58.6049 Mbps     0 retrans
[2024-11-01T19:41:26.420488-0700]     6.5000 MB /   0.50 sec =  109.2564 Mbps     0 retrans
[2024-11-01T19:41:26.920319-0700]     6.9375 MB /   0.50 sec =  116.4234 Mbps     0 retrans
[2024-11-01T19:41:27.420382-0700]     7.3750 MB /   0.50 sec =  123.7208 Mbps     0 retrans
[2024-11-01T19:41:27.920397-0700]     7.8750 MB /   0.50 sec =  132.1153 Mbps     0 retrans
End time: 1730515288002
