Start time: 1745263589771
Connecting to host 34.86.116.81, port 5207
Reverse mode, remote host 34.86.116.81 is sending
[  5] local 192.0.0.2 port 52842 connected to 34.86.116.81 port 5207
[ ID] Interval           Transfer     Bitrate
[  5]   0.00-0.10   sec  42.6 KBytes  3.49 Mbits/sec                  
[  5]   0.10-0.20   sec   160 KBytes  13.1 Mbits/sec                  
[  5]   0.20-0.30   sec   278 KBytes  22.8 Mbits/sec                  
[  5]   0.30-0.40   sec   294 KBytes  24.1 Mbits/sec                  
[  5]   0.40-0.50   sec   350 KBytes  28.7 Mbits/sec                  
[  5]   0.50-0.60   sec   705 KBytes  57.8 Mbits/sec                  
[  5]   0.60-0.70   sec   864 KBytes  70.8 Mbits/sec                  
[  5]   0.70-0.80   sec  1.18 MBytes  98.9 Mbits/sec                  
[  5]   0.80-0.90   sec   781 KBytes  63.9 Mbits/sec                  
[  5]   0.90-1.00   sec  2.43 MBytes   204 Mbits/sec                  
[  5]   1.00-1.10   sec  3.02 MBytes   253 Mbits/sec                  
[  5]   1.10-1.20   sec  2.89 MBytes   242 Mbits/sec                  
[  5]   1.20-1.30   sec  3.50 MBytes   294 Mbits/sec                  
[  5]   1.30-1.40   sec  3.35 MBytes   281 Mbits/sec                  
[  5]   1.40-1.50   sec   218 KBytes  17.9 Mbits/sec                  
[  5]   1.50-1.60   sec  4.27 MBytes   358 Mbits/sec                  
[  5]   1.60-1.70   sec  1.83 MBytes   154 Mbits/sec                  
[  5]   1.70-1.80   sec  2.80 MBytes   235 Mbits/sec                  
[  5]   1.80-1.90   sec  1.15 MBytes  96.4 Mbits/sec                  
[  5]   1.90-2.00   sec  3.33 MBytes   279 Mbits/sec                  
[  5]   2.00-2.10   sec   871 KBytes  71.4 Mbits/sec                  
[  5]   2.10-2.20   sec  2.86 MBytes   238 Mbits/sec                  
[  5]   2.20-2.30   sec  2.00 MBytes   169 Mbits/sec                  
[  5]   2.30-2.40   sec  1.90 MBytes   160 Mbits/sec                  
[  5]   2.40-2.50   sec  2.57 MBytes   215 Mbits/sec                  
[  5]   2.50-2.60   sec  2.44 MBytes   205 Mbits/sec                  
[  5]   2.60-2.70   sec  3.19 MBytes   267 Mbits/sec                  
[  5]   2.70-2.80   sec  3.43 MBytes   287 Mbits/sec                  
[  5]   2.80-2.90   sec  3.10 MBytes   260 Mbits/sec                  
[  5]   2.90-3.00   sec  1.70 MBytes   143 Mbits/sec                  
[  5]   3.00-3.10   sec  2.86 MBytes   240 Mbits/sec                  
[  5]   3.10-3.20   sec  2.83 MBytes   237 Mbits/sec                  
[  5]   3.20-3.30   sec  2.42 MBytes   203 Mbits/sec                  
[  5]   3.30-3.40   sec  2.44 MBytes   205 Mbits/sec                  
[  5]   3.40-3.50   sec  3.00 MBytes   251 Mbits/sec                  
[  5]   3.50-3.60   sec  2.33 MBytes   196 Mbits/sec                  
[  5]   3.60-3.70   sec  1.33 MBytes   111 Mbits/sec                  
[  5]   3.70-3.80   sec  2.80 MBytes   235 Mbits/sec                  
[  5]   3.80-3.90   sec  2.18 MBytes   183 Mbits/sec                  
[  5]   3.90-4.00   sec  2.14 MBytes   180 Mbits/sec                  
[  5]   4.00-4.10   sec  2.11 MBytes   177 Mbits/sec                  
[  5]   4.10-4.20   sec  2.32 MBytes   195 Mbits/sec                  
[  5]   4.20-4.30   sec  2.15 MBytes   180 Mbits/sec                  
[  5]   4.30-4.40   sec  3.53 MBytes   296 Mbits/sec                  
[  5]   4.40-4.50   sec  2.11 MBytes   177 Mbits/sec                  
[  5]   4.50-4.60   sec  1.59 MBytes   134 Mbits/sec                  
[  5]   4.60-4.70   sec  1.59 MBytes   133 Mbits/sec                  
[  5]   4.70-4.80   sec  1.18 MBytes  98.7 Mbits/sec                  
[  5]   4.80-4.90   sec  2.24 MBytes   188 Mbits/sec                  
[  5]   4.90-5.00   sec  1.75 MBytes   147 Mbits/sec                  
- - - - - - - - - - - - - - - - - - - - - - - - -
[ ID] Interval           Transfer     Bitrate         Retr
[  5]   0.00-5.05   sec   381 MBytes   633 Mbits/sec    0             sender
[  5]   0.00-5.00   sec   102 MBytes   172 Mbits/sec                  receiver

iperf Done.
End time: 1745263595557
