Start time: 1730765741639
[2024-11-04T18:15:42.549001-0600] nuttcp-r: v8.1.4: socket
[2024-11-04T18:15:42.549839-0600] nuttcp-r: buflen=65536, nstream=1, port=5379 tcp
[2024-11-04T18:15:42.549937-0600] nuttcp-r: interval reporting every 0.50 seconds
[2024-11-04T18:15:42.550016-0600] nuttcp-r: connect to 54.176.53.206 with RTT=63.161 ms af=inet
[2024-11-04T18:15:42.550090-0600] nuttcp-r: send window size = 2097152, receive window size = 6291456
[2024-11-04T18:15:42.550161-0600] nuttcp-r: available send window = 1572864, available receive window = 4718592
[2024-11-04T18:15:42.550235-0600]     0.6250 MB /   0.50 sec =   10.4846 Mbps     0 retrans
[2024-11-04T18:15:43.049126-0600]     6.5000 MB /   0.50 sec =  109.0299 Mbps     0 retrans
[2024-11-04T18:15:43.548900-0600]    24.0000 MB /   0.50 sec =  402.7394 Mbps     0 retrans
[2024-11-04T18:15:44.048984-0600]    16.3750 MB /   0.50 sec =  274.7121 Mbps     0 retrans
[2024-11-04T18:15:44.549380-0600]    11.3750 MB /   0.50 sec =  190.8527 Mbps     0 retrans
[2024-11-04T18:15:45.049016-0600]    11.7500 MB /   0.50 sec =  197.1004 Mbps     0 retrans
[2024-11-04T18:15:45.548922-0600]     6.6875 MB /   0.50 sec =  112.2216 Mbps     0 retrans
[2024-11-04T18:15:46.049603-0600]    15.5000 MB /   0.50 sec =  259.7798 Mbps     0 retrans
[2024-11-04T18:15:46.548945-0600]    20.1875 MB /   0.50 sec =  339.0223 Mbps     0 retrans
[2024-11-04T18:15:47.049057-0600]    21.4375 MB /   0.50 sec =  359.5983 Mbps     0 retrans
[2024-11-04T18:15:47.548989-0600]    24.7500 MB /   0.50 sec =  415.2934 Mbps     0 retrans
[2024-11-04T18:15:48.048930-0600]    29.6250 MB /   0.50 sec =  497.0360 Mbps     0 retrans
[2024-11-04T18:15:48.548978-0600]    30.6250 MB /   0.50 sec =  513.7858 Mbps     0 retrans
[2024-11-04T18:15:49.049123-0600]    24.1250 MB /   0.50 sec =  404.6726 Mbps     0 retrans
[2024-11-04T18:15:49.549269-0600]     0.0000 MB /   0.50 sec =    0.0000 Mbps     0 retrans
[2024-11-04T18:15:50.049393-0600]     0.0000 MB /   0.50 sec =    0.0000 Mbps     0 retrans
[2024-11-04T18:15:50.549113-0600]     0.0000 MB /   0.50 sec =    0.0000 Mbps     0 retrans
[2024-11-04T18:15:51.049036-0600]     0.0000 MB /   0.50 sec =    0.0000 Mbps     0 retrans
[2024-11-04T18:15:51.548966-0600]     0.0000 MB /   0.50 sec =    0.0000 Mbps     0 retrans
[2024-11-04T18:15:52.049451-0600]     0.0000 MB /   0.50 sec =    0.0000 Mbps     0 retrans
[2024-11-04T18:15:52.549140-0600]     0.0000 MB /   0.50 sec =    0.0000 Mbps     0 retrans
[2024-11-04T18:15:53.049140-0600]     0.0000 MB /   0.50 sec =    0.0000 Mbps     0 retrans
[2024-11-04T18:15:53.549100-0600]     0.0000 MB /   0.50 sec =    0.0000 Mbps     0 retrans
[2024-11-04T18:15:54.049130-0600]     0.0000 MB /   0.50 sec =    0.0000 Mbps     0 retrans
[2024-11-04T18:15:54.549057-0600]     0.3750 MB /   0.50 sec =    6.2921 Mbps     0 retrans
[2024-11-04T18:15:55.049075-0600]     5.3750 MB /   0.50 sec =   90.1831 Mbps     0 retrans
[2024-11-04T18:15:55.549030-0600]    11.8125 MB /   0.50 sec =  198.1920 Mbps     0 retrans
[2024-11-04T18:15:56.049113-0600]    11.1875 MB /   0.50 sec =  187.6587 Mbps     0 retrans
[2024-11-04T18:15:56.549019-0600]     0.1875 MB /   0.50 sec =    3.1461 Mbps     0 retrans
[2024-11-04T18:15:57.048901-0600]    16.6250 MB /   0.50 sec =  278.9809 Mbps     0 retrans
[2024-11-04T18:15:57.548935-0600]    14.8750 MB /   0.50 sec =  249.5456 Mbps     0 retrans
[2024-11-04T18:15:58.048938-0600]    15.6250 MB /   0.50 sec =  262.1430 Mbps     0 retrans
[2024-11-04T18:15:58.548943-0600]    14.6250 MB /   0.50 sec =  245.3643 Mbps     0 retrans
[2024-11-04T18:15:59.048929-0600]    14.6875 MB /   0.50 sec =  246.4198 Mbps     0 retrans
[2024-11-04T18:15:59.549006-0600]    14.9375 MB /   0.50 sec =  250.5711 Mbps     0 retrans
[2024-11-04T18:16:00.048980-0600]    22.5000 MB /   0.50 sec =  377.5304 Mbps     0 retrans
[2024-11-04T18:16:00.549031-0600]    23.4375 MB /   0.50 sec =  393.1712 Mbps     0 retrans
[2024-11-04T18:16:01.049188-0600]    29.5625 MB /   0.50 sec =  495.9566 Mbps     0 retrans
[2024-11-04T18:16:01.548908-0600]    32.0000 MB /   0.50 sec =  536.9880 Mbps     0 retrans
[2024-11-04T18:16:02.049013-0600]    30.1875 MB /   0.50 sec =  506.4227 Mbps     0 retrans
[2024-11-04T18:16:02.549047-0600]    28.3125 MB /   0.50 sec =  474.9422 Mbps     0 retrans
[2024-11-04T18:16:03.048954-0600]    23.0000 MB /   0.50 sec =  385.9408 Mbps     0 retrans
[2024-11-04T18:16:03.548940-0600]    32.9375 MB /   0.50 sec =  552.6073 Mbps     0 retrans
[2024-11-04T18:16:04.048986-0600]    29.0625 MB /   0.50 sec =  487.5420 Mbps     0 retrans
[2024-11-04T18:16:04.548930-0600]    30.5000 MB /   0.50 sec =  511.7501 Mbps     0 retrans
[2024-11-04T18:16:05.048938-0600]    32.1250 MB /   0.50 sec =  538.9691 Mbps     0 retrans
[2024-11-04T18:16:05.548929-0600]    28.6250 MB /   0.50 sec =  480.2517 Mbps     0 retrans
[2024-11-04T18:16:06.049051-0600]    26.6875 MB /   0.50 sec =  447.6614 Mbps     0 retrans
[2024-11-04T18:16:06.548924-0600]    20.5000 MB /   0.50 sec =  343.9783 Mbps     0 retrans
[2024-11-04T18:16:07.048942-0600]    12.4375 MB /   0.50 sec =  208.6750 Mbps     0 retrans
[2024-11-04T18:16:07.548945-0600]    24.7500 MB /   0.50 sec =  415.2328 Mbps     0 retrans
[2024-11-04T18:16:08.049009-0600]    23.0625 MB /   0.50 sec =  386.8688 Mbps     0 retrans
[2024-11-04T18:16:08.548934-0600]    26.0000 MB /   0.50 sec =  436.2783 Mbps     0 retrans
[2024-11-04T18:16:09.049029-0600]    19.6875 MB /   0.50 sec =  330.2479 Mbps     0 retrans
[2024-11-04T18:16:09.549056-0600]    32.9375 MB /   0.50 sec =  552.6813 Mbps     0 retrans
[2024-11-04T18:16:10.049176-0600]    34.4375 MB /   0.50 sec =  577.6579 Mbps     0 retrans
[2024-11-04T18:16:10.549062-0600]    31.6875 MB /   0.50 sec =  531.6333 Mbps     0 retrans
[2024-11-04T18:16:11.048959-0600]    25.8750 MB /   0.50 sec =  434.1808 Mbps     0 retrans
[2024-11-04T18:16:11.548848-0600]    33.4375 MB /   0.50 sec =  561.0375 Mbps     0 retrans
[2024-11-04T18:16:12.048957-0600]    28.1875 MB /   0.50 sec =  472.8586 Mbps     0 retrans
[2024-11-04T18:16:12.548866-0600]    25.1250 MB /   0.50 sec =  421.5638 Mbps     0 retrans
[2024-11-04T18:16:13.048969-0600]    32.1875 MB /   0.50 sec =  539.9713 Mbps     0 retrans
[2024-11-04T18:16:13.548994-0600]    29.6875 MB /   0.50 sec =  498.0427 Mbps     0 retrans
[2024-11-04T18:16:14.048984-0600]    29.1875 MB /   0.50 sec =  489.6997 Mbps     0 retrans
[2024-11-04T18:16:14.548946-0600]    29.9375 MB /   0.50 sec =  502.3011 Mbps     0 retrans
[2024-11-04T18:16:15.049063-0600]    30.5625 MB /   0.50 sec =  512.7567 Mbps     0 retrans
[2024-11-04T18:16:15.548934-0600]    21.2500 MB /   0.50 sec =  356.5130 Mbps     0 retrans
[2024-11-04T18:16:16.048942-0600]    16.3750 MB /   0.50 sec =  274.7236 Mbps     0 retrans
[2024-11-04T18:16:16.548954-0600]    24.3750 MB /   0.50 sec =  408.9430 Mbps     0 retrans
[2024-11-04T18:16:17.048935-0600]    26.7500 MB /   0.50 sec =  448.8121 Mbps     0 retrans
[2024-11-04T18:16:17.548951-0600]    23.6875 MB /   0.50 sec =  397.3881 Mbps     0 retrans
[2024-11-04T18:16:18.048946-0600]    25.7500 MB /   0.50 sec =  432.0487 Mbps     0 retrans
[2024-11-04T18:16:18.548951-0600]    23.3125 MB /   0.50 sec =  391.0915 Mbps     0 retrans
[2024-11-04T18:16:19.048942-0600]    25.1250 MB /   0.50 sec =  421.5326 Mbps     0 retrans
[2024-11-04T18:16:19.548937-0600]    26.5625 MB /   0.50 sec =  445.6430 Mbps     0 retrans
[2024-11-04T18:16:20.049152-0600]     8.6250 MB /   0.50 sec =  144.6746 Mbps     0 retrans
[2024-11-04T18:16:20.548929-0600]    24.7500 MB /   0.50 sec =  415.3241 Mbps     0 retrans
[2024-11-04T18:16:21.049047-0600]    25.3750 MB /   0.50 sec =  425.7014 Mbps     0 retrans
[2024-11-04T18:16:21.548937-0600]    25.8750 MB /   0.50 sec =  434.1287 Mbps     0 retrans
[2024-11-04T18:16:22.049056-0600]    14.9375 MB /   0.50 sec =  250.5435 Mbps     0 retrans
[2024-11-04T18:16:22.549143-0600]    33.7500 MB /   0.50 sec =  566.3511 Mbps     0 retrans
[2024-11-04T18:16:23.049046-0600]    31.2500 MB /   0.50 sec =  524.2209 Mbps     0 retrans
[2024-11-04T18:16:23.548895-0600]    35.5000 MB /   0.50 sec =  595.6948 Mbps     0 retrans
[2024-11-04T18:16:24.049017-0600]    37.0000 MB /   0.50 sec =  620.7036 Mbps     0 retrans
[2024-11-04T18:16:24.548947-0600]    41.0625 MB /   0.50 sec =  688.9764 Mbps     0 retrans
[2024-11-04T18:16:25.048939-0600]    36.2500 MB /   0.50 sec =  608.1765 Mbps     0 retrans
[2024-11-04T18:16:25.548912-0600]    31.0625 MB /   0.50 sec =  521.1120 Mbps     0 retrans
[2024-11-04T18:16:26.049008-0600]    27.6875 MB /   0.50 sec =  464.4848 Mbps     0 retrans
[2024-11-04T18:16:26.548898-0600]    28.0625 MB /   0.50 sec =  470.8926 Mbps     0 retrans
[2024-11-04T18:16:27.048999-0600]    29.6250 MB /   0.50 sec =  496.9892 Mbps     0 retrans
[2024-11-04T18:16:27.548937-0600]    17.3750 MB /   0.50 sec =  291.5076 Mbps     0 retrans
[2024-11-04T18:16:28.049038-0600]    19.7500 MB /   0.50 sec =  331.2983 Mbps     0 retrans
[2024-11-04T18:16:28.548905-0600]    19.2500 MB /   0.50 sec =  323.0273 Mbps     0 retrans
[2024-11-04T18:16:29.048957-0600]    15.5000 MB /   0.50 sec =  260.0380 Mbps     0 retrans
[2024-11-04T18:16:29.548870-0600]    24.9375 MB /   0.50 sec =  418.4011 Mbps     0 retrans
[2024-11-04T18:16:30.049073-0600]    28.0000 MB /   0.50 sec =  469.6362 Mbps     0 retrans
[2024-11-04T18:16:30.548878-0600]    28.1875 MB /   0.50 sec =  473.0393 Mbps     0 retrans
[2024-11-04T18:16:31.049012-0600]    35.1875 MB /   0.50 sec =  590.2893 Mbps     0 retrans
[2024-11-04T18:16:31.548989-0600]    36.5625 MB /   0.50 sec =  613.4182 Mbps     0 retrans
[2024-11-04T18:16:32.049040-0600]    24.3125 MB /   0.50 sec =  407.8447 Mbps     0 retrans
[2024-11-04T18:16:32.549047-0600]    30.7500 MB /   0.50 sec =  515.9076 Mbps     0 retrans
[2024-11-04T18:16:33.048948-0600]    34.1250 MB /   0.50 sec =  572.6084 Mbps     0 retrans
[2024-11-04T18:16:33.548957-0600]    26.4375 MB /   0.50 sec =  443.5432 Mbps     0 retrans
[2024-11-04T18:16:34.048963-0600]    39.1250 MB /   0.50 sec =  656.4033 Mbps     0 retrans
[2024-11-04T18:16:34.549000-0600]    45.0000 MB /   0.50 sec =  754.9143 Mbps     0 retrans
[2024-11-04T18:16:35.048947-0600]    36.5000 MB /   0.50 sec =  612.4296 Mbps     0 retrans
[2024-11-04T18:16:35.548981-0600]    40.1875 MB /   0.50 sec =  674.1845 Mbps     0 retrans
[2024-11-04T18:16:36.048970-0600]    33.5000 MB /   0.50 sec =  562.0581 Mbps     0 retrans
[2024-11-04T18:16:36.548987-0600]    27.7500 MB /   0.50 sec =  465.5547 Mbps     0 retrans
[2024-11-04T18:16:37.049064-0600]    30.0625 MB /   0.50 sec =  504.3076 Mbps     0 retrans
[2024-11-04T18:16:37.548974-0600]    18.9375 MB /   0.50 sec =  317.7287 Mbps     0 retrans
[2024-11-04T18:16:38.048998-0600]    22.3750 MB /   0.50 sec =  375.4232 Mbps     0 retrans
[2024-11-04T18:16:38.548948-0600]    38.3125 MB /   0.50 sec =  642.8092 Mbps     0 retrans
[2024-11-04T18:16:39.048973-0600]    22.0625 MB /   0.50 sec =  370.1451 Mbps     0 retrans
[2024-11-04T18:16:39.548944-0600]    32.6250 MB /   0.50 sec =  547.3643 Mbps     0 retrans
[2024-11-04T18:16:40.049212-0600]    29.4375 MB /   0.50 sec =  493.7647 Mbps     0 retrans
[2024-11-04T18:16:40.549048-0600]    31.8125 MB /   0.50 sec =  533.7764 Mbps     0 retrans
[2024-11-04T18:16:41.048950-0600]    30.1875 MB /   0.50 sec =  506.5291 Mbps     0 retrans
[2024-11-04T18:16:41.548935-0600]    31.0000 MB /   0.50 sec =  520.1010 Mbps     0 retrans
[2024-11-04T18:16:42.048990-0600]    31.2500 MB /   0.50 sec =  524.2366 Mbps     0 retrans
[2024-11-04T18:16:42.548863-0600]    31.4375 MB /   0.50 sec =  527.5065 Mbps     0 retrans
[2024-11-04T18:16:43.048931-0600]    26.6250 MB /   0.50 sec =  446.6701 Mbps     0 retrans
[2024-11-04T18:16:43.548971-0600]    22.0625 MB /   0.50 sec =  370.1340 Mbps     0 retrans
[2024-11-04T18:16:44.048989-0600]    21.2500 MB /   0.50 sec =  356.4887 Mbps     0 retrans
[2024-11-04T18:16:44.548944-0600]    34.9375 MB /   0.50 sec =  586.2255 Mbps     0 retrans
[2024-11-04T18:16:45.048999-0600]    34.5000 MB /   0.50 sec =  578.7561 Mbps     0 retrans
[2024-11-04T18:16:45.549027-0600]    29.3750 MB /   0.50 sec =  492.8652 Mbps     0 retrans
[2024-11-04T18:16:46.049011-0600]    33.3125 MB /   0.50 sec =  558.8239 Mbps     0 retrans
[2024-11-04T18:16:46.549033-0600]    32.5000 MB /   0.50 sec =  545.3162 Mbps     0 retrans
[2024-11-04T18:16:47.048952-0600]    35.6875 MB /   0.50 sec =  598.7608 Mbps     0 retrans
[2024-11-04T18:16:47.549016-0600]    32.3750 MB /   0.50 sec =  543.1330 Mbps     0 retrans
[2024-11-04T18:16:48.049139-0600]    31.3750 MB /   0.50 sec =  526.3409 Mbps     0 retrans
[2024-11-04T18:16:48.548940-0600]    28.7500 MB /   0.50 sec =  482.4125 Mbps     0 retrans
[2024-11-04T18:16:49.049024-0600]    28.8125 MB /   0.50 sec =  483.3829 Mbps     0 retrans
[2024-11-04T18:16:49.548964-0600]    23.8750 MB /   0.50 sec =  400.5616 Mbps     0 retrans
[2024-11-04T18:16:50.049118-0600]    19.7500 MB /   0.50 sec =  331.2573 Mbps     0 retrans
[2024-11-04T18:16:50.549020-0600]    15.7500 MB /   0.50 sec =  264.2755 Mbps     0 retrans
[2024-11-04T18:16:51.049025-0600]     9.0625 MB /   0.50 sec =  152.0624 Mbps     0 retrans
[2024-11-04T18:16:51.548946-0600]    18.5625 MB /   0.50 sec =  311.4370 Mbps     0 retrans
[2024-11-04T18:16:52.049116-0600]    22.8750 MB /   0.50 sec =  383.7289 Mbps     0 retrans
[2024-11-04T18:16:52.549092-0600]    16.7500 MB /   0.50 sec =  280.9942 Mbps     0 retrans
[2024-11-04T18:16:53.049155-0600]    26.4375 MB /   0.50 sec =  443.6293 Mbps     0 retrans
[2024-11-04T18:16:53.548995-0600]    24.4375 MB /   0.50 sec =  409.9940 Mbps     0 retrans
[2024-11-04T18:16:54.048905-0600]    26.1875 MB /   0.50 sec =  439.3639 Mbps     0 retrans
[2024-11-04T18:16:54.549006-0600]    30.0625 MB /   0.50 sec =  504.3449 Mbps     0 retrans
[2024-11-04T18:16:55.048898-0600]    36.1250 MB /   0.50 sec =  606.1315 Mbps     0 retrans
[2024-11-04T18:16:55.548999-0600]    40.0000 MB /   0.50 sec =  671.0444 Mbps     0 retrans
[2024-11-04T18:16:56.048872-0600]    46.1875 MB /   0.50 sec =  774.9581 Mbps     0 retrans
[2024-11-04T18:16:56.548998-0600]    44.0000 MB /   0.50 sec =  738.0706 Mbps     0 retrans
[2024-11-04T18:16:57.049036-0600]    34.5625 MB /   0.50 sec =  579.9101 Mbps     0 retrans
[2024-11-04T18:16:57.548871-0600]    43.9375 MB /   0.50 sec =  737.2123 Mbps     0 retrans
[2024-11-04T18:16:58.049340-0600]    29.1875 MB /   0.50 sec =  489.5107 Mbps     0 retrans
[2024-11-04T18:16:58.549060-0600]    48.1875 MB /   0.50 sec =  808.6834 Mbps     0 retrans
[2024-11-04T18:16:59.049033-0600]    45.0000 MB /   0.50 sec =  754.9687 Mbps     0 retrans
[2024-11-04T18:16:59.548872-0600]    26.6250 MB /   0.50 sec =  446.7327 Mbps     0 retrans
[2024-11-04T18:17:00.049086-0600]    35.1250 MB /   0.50 sec =  589.2231 Mbps     0 retrans
[2024-11-04T18:17:00.548869-0600]    31.8125 MB /   0.50 sec =  533.7914 Mbps     0 retrans
[2024-11-04T18:17:01.048974-0600]    27.1250 MB /   0.50 sec =  455.0101 Mbps     0 retrans
[2024-11-04T18:17:01.548974-0600]    15.0000 MB /   0.50 sec =  251.6814 Mbps     0 retrans
[2024-11-04T18:17:02.049110-0600]    14.1250 MB /   0.50 sec =  236.9635 Mbps     0 retrans
[2024-11-04T18:17:02.549043-0600]    43.3125 MB /   0.50 sec =  726.6326 Mbps     0 retrans
[2024-11-04T18:17:03.048987-0600]    51.0625 MB /   0.50 sec =  856.7500 Mbps     0 retrans
[2024-11-04T18:17:03.549005-0600]    55.8750 MB /   0.50 sec =  937.4194 Mbps     0 retrans
[2024-11-04T18:17:04.049090-0600]    15.6875 MB /   0.50 sec =  263.1405 Mbps     0 retrans
[2024-11-04T18:17:04.549065-0600]     0.0000 MB /   0.50 sec =    0.0000 Mbps     0 retrans
[2024-11-04T18:17:05.049096-0600]     0.0000 MB /   0.50 sec =    0.0000 Mbps     0 retrans
[2024-11-04T18:17:05.549029-0600]     0.0000 MB /   0.50 sec =    0.0000 Mbps     0 retrans
[2024-11-04T18:17:06.049041-0600]     0.0000 MB /   0.50 sec =    0.0000 Mbps     0 retrans
[2024-11-04T18:17:06.549057-0600]     0.0000 MB /   0.50 sec =    0.0000 Mbps     0 retrans
[2024-11-04T18:17:07.049073-0600]     0.0000 MB /   0.50 sec =    0.0000 Mbps     0 retrans
[2024-11-04T18:17:07.549431-0600]     0.0000 MB /   0.50 sec =    0.0000 Mbps     0 retrans
[2024-11-04T18:17:08.049466-0600]     0.0000 MB /   0.50 sec =    0.0000 Mbps     0 retrans
[2024-11-04T18:17:08.549290-0600]     0.0000 MB /   0.50 sec =    0.0000 Mbps     0 retrans
[2024-11-04T18:17:09.048971-0600]     0.1250 MB /   0.50 sec =    2.0978 Mbps     0 retrans
[2024-11-04T18:17:09.548987-0600]     3.2500 MB /   0.50 sec =   54.5251 Mbps     0 retrans
[2024-11-04T18:17:10.048892-0600]     6.5000 MB /   0.50 sec =  109.0598 Mbps     0 retrans
[2024-11-04T18:17:10.549042-0600]    12.1875 MB /   0.50 sec =  204.4547 Mbps     0 retrans
[2024-11-04T18:17:11.048909-0600]    12.2500 MB /   0.50 sec =  205.5258 Mbps     0 retrans
[2024-11-04T18:17:11.548975-0600]    10.7500 MB /   0.50 sec =  180.3518 Mbps     0 retrans
[2024-11-04T18:17:12.049011-0600]    11.4375 MB /   0.50 sec =  191.8963 Mbps     0 retrans
[2024-11-04T18:17:12.548983-0600]    13.1875 MB /   0.50 sec =  221.2451 Mbps     0 retrans
[2024-11-04T18:17:13.049115-0600]    13.2500 MB /   0.50 sec =  222.2572 Mbps     0 retrans
[2024-11-04T18:17:13.548905-0600]    14.2500 MB /   0.50 sec =  239.1150 Mbps     0 retrans
[2024-11-04T18:17:14.049014-0600]    12.8125 MB /   0.50 sec =  214.9546 Mbps     0 retrans
[2024-11-04T18:17:14.548975-0600]    10.9375 MB /   0.50 sec =  183.4993 Mbps     0 retrans
[2024-11-04T18:17:15.049013-0600]    11.0000 MB /   0.50 sec =  184.5560 Mbps     0 retrans
[2024-11-04T18:17:15.548983-0600]    11.9375 MB /   0.50 sec =  200.2904 Mbps     0 retrans
[2024-11-04T18:17:16.048933-0600]    10.3750 MB /   0.50 sec =  174.0514 Mbps     0 retrans
[2024-11-04T18:17:16.549086-0600]    12.0625 MB /   0.50 sec =  202.3464 Mbps     0 retrans
[2024-11-04T18:17:17.048890-0600]    12.2500 MB /   0.50 sec =  205.5563 Mbps     0 retrans
[2024-11-04T18:17:17.548997-0600]    13.5000 MB /   0.50 sec =  226.4811 Mbps     0 retrans
[2024-11-04T18:17:18.049112-0600]    13.4375 MB /   0.50 sec =  225.4533 Mbps     0 retrans
[2024-11-04T18:17:18.549072-0600]    12.7500 MB /   0.50 sec =  213.8714 Mbps     0 retrans
[2024-11-04T18:17:19.048969-0600]    12.1250 MB /   0.50 sec =  203.4539 Mbps     0 retrans
[2024-11-04T18:17:19.548985-0600]    10.3125 MB /   0.50 sec =  173.0164 Mbps     0 retrans
[2024-11-04T18:17:20.049077-0600]    12.4375 MB /   0.50 sec =  208.6312 Mbps     0 retrans
[2024-11-04T18:17:20.548948-0600]     8.0625 MB /   0.50 sec =  135.2928 Mbps     0 retrans
[2024-11-04T18:17:21.048975-0600]     9.5625 MB /   0.50 sec =  160.4379 Mbps     0 retrans
[2024-11-04T18:17:21.549003-0600]    14.1250 MB /   0.50 sec =  236.9602 Mbps     0 retrans
[2024-11-04T18:17:22.049028-0600]    12.4375 MB /   0.50 sec =  208.6474 Mbps     0 retrans
[2024-11-04T18:17:22.548936-0600]    11.5000 MB /   0.50 sec =  192.9623 Mbps     0 retrans
[2024-11-04T18:17:23.048979-0600]    10.0625 MB /   0.50 sec =  168.8167 Mbps     0 retrans
[2024-11-04T18:17:23.548967-0600]     9.9375 MB /   0.50 sec =  166.7286 Mbps     0 retrans
[2024-11-04T18:17:24.049101-0600]    11.0000 MB /   0.50 sec =  184.5080 Mbps     0 retrans
[2024-11-04T18:17:24.549008-0600]    10.5000 MB /   0.50 sec =  176.1756 Mbps     0 retrans
[2024-11-04T18:17:25.048957-0600]    11.4375 MB /   0.50 sec =  191.9101 Mbps     0 retrans
[2024-11-04T18:17:25.549083-0600]    10.8750 MB /   0.50 sec =  182.4238 Mbps     0 retrans
[2024-11-04T18:17:26.048982-0600]    10.5625 MB /   0.50 sec =  177.2352 Mbps     0 retrans
[2024-11-04T18:17:26.548997-0600]     9.1250 MB /   0.50 sec =  153.0949 Mbps     0 retrans
[2024-11-04T18:17:27.049031-0600]    10.7500 MB /   0.50 sec =  180.3298 Mbps     0 retrans
[2024-11-04T18:17:27.548986-0600]     9.1875 MB /   0.50 sec =  154.1616 Mbps     0 retrans
[2024-11-04T18:17:28.048941-0600]    11.5625 MB /   0.50 sec =  193.9920 Mbps     0 retrans
[2024-11-04T18:17:28.549098-0600]    10.6250 MB /   0.50 sec =  178.2583 Mbps     0 retrans
[2024-11-04T18:17:29.049047-0600]    10.4375 MB /   0.50 sec =  175.0845 Mbps     0 retrans
[2024-11-04T18:17:29.548902-0600]    12.0000 MB /   0.50 sec =  201.3636 Mbps     0 retrans
[2024-11-04T18:17:30.048997-0600]    12.0000 MB /   0.50 sec =  201.3121 Mbps     0 retrans
[2024-11-04T18:17:30.548967-0600]    11.5625 MB /   0.50 sec =  193.9963 Mbps     0 retrans
[2024-11-04T18:17:31.048998-0600]     7.6875 MB /   0.50 sec =  128.9674 Mbps     0 retrans
[2024-11-04T18:17:31.548945-0600]     8.6250 MB /   0.50 sec =  144.7110 Mbps     0 retrans
[2024-11-04T18:17:32.049126-0600]    11.1250 MB /   0.50 sec =  186.6167 Mbps     0 retrans
[2024-11-04T18:17:32.548949-0600]    11.3750 MB /   0.50 sec =  190.8687 Mbps     0 retrans
[2024-11-04T18:17:33.048914-0600]    11.0625 MB /   0.50 sec =  185.5935 Mbps     0 retrans
[2024-11-04T18:17:33.548999-0600]    11.6250 MB /   0.50 sec =  195.0375 Mbps     0 retrans
[2024-11-04T18:17:34.048942-0600]    10.1875 MB /   0.50 sec =  170.9203 Mbps     0 retrans
[2024-11-04T18:17:34.548988-0600]     9.8750 MB /   0.50 sec =  165.6720 Mbps     0 retrans
[2024-11-04T18:17:35.048942-0600]     9.6875 MB /   0.50 sec =  162.5351 Mbps     0 retrans
[2024-11-04T18:17:35.548986-0600]     8.2500 MB /   0.50 sec =  138.4084 Mbps     0 retrans
[2024-11-04T18:17:36.049004-0600]     5.8750 MB /   0.50 sec =   98.5555 Mbps     0 retrans
[2024-11-04T18:17:36.548944-0600]     3.6250 MB /   0.50 sec =   60.8250 Mbps     0 retrans
[2024-11-04T18:17:37.049046-0600]     0.0625 MB /   0.50 sec =    1.0485 Mbps     0 retrans
[2024-11-04T18:17:37.549267-0600]     0.0000 MB /   0.50 sec =    0.0000 Mbps     0 retrans
[2024-11-04T18:17:38.049444-0600]     0.0000 MB /   0.50 sec =    0.0000 Mbps     0 retrans
[2024-11-04T18:17:38.548943-0600]     1.5625 MB /   0.50 sec =   26.2281 Mbps     0 retrans
[2024-11-04T18:17:39.049024-0600]    14.5000 MB /   0.50 sec =  243.2764 Mbps     0 retrans
[2024-11-04T18:17:39.548976-0600]    11.4375 MB /   0.50 sec =  191.8867 Mbps     0 retrans
[2024-11-04T18:17:40.049272-0600]    10.5625 MB /   0.50 sec =  177.1867 Mbps     0 retrans
[2024-11-04T18:17:40.549002-0600]    11.1875 MB /   0.50 sec =  187.7109 Mbps     0 retrans
[2024-11-04T18:17:41.048905-0600]    12.1875 MB /   0.50 sec =  204.5010 Mbps     0 retrans
[2024-11-04T18:17:41.549083-0600]    10.7500 MB /   0.50 sec =  180.3150 Mbps     0 retrans
[2024-11-04T18:17:42.048929-0600]    14.3750 MB /   0.50 sec =  241.2236 Mbps     0 retrans
[2024-11-04T18:17:42.548971-0600]    14.2500 MB /   0.50 sec =  239.0686 Mbps     0 retrans
End time: 1730765862770
