Start time: 1730766079503
[2024-11-04T18:21:24.579920-0600] traceroute to 54.176.53.206 (54.176.53.206), 30 hops max, 60 byte packets
[2024-11-04T18:21:24.580930-0600]  1  * * *
[2024-11-04T18:21:24.580994-0600]  2  * * *
[2024-11-04T18:21:24.581033-0600]  3  * * *
[2024-11-04T18:21:24.581069-0600]  4  * * *
[2024-11-04T18:21:24.581103-0600]  5  * * *
[2024-11-04T18:21:29.586964-0600]  6  * * *
[2024-11-04T18:21:29.587256-0600]  7  * * *
[2024-11-04T18:21:29.587328-0600]  8  * * *
[2024-11-04T18:21:29.594422-0600]  9  * * *
[2024-11-04T18:21:29.594503-0600] 10  * * *
[2024-11-04T18:21:34.594883-0600] 11  * * *
[2024-11-04T18:21:34.595106-0600] 12  * * *
[2024-11-04T18:21:34.595203-0600] 13  * * *
[2024-11-04T18:21:34.600750-0600] 14  * * *
[2024-11-04T18:21:34.600807-0600] 15  * * *
[2024-11-04T18:21:39.602297-0600] 16  * * *
[2024-11-04T18:21:39.602752-0600] 17  * * *
[2024-11-04T18:21:39.602857-0600] 18  * * *
[2024-11-04T18:21:39.602937-0600] 19  * * *
[2024-11-04T18:21:39.614707-0600] 20  * * *
[2024-11-04T18:21:39.614966-0600] 21  * * *
[2024-11-04T18:21:44.610461-0600] 22  * * *
[2024-11-04T18:21:44.611095-0600] 23  * * *
[2024-11-04T18:21:44.620218-0600] 24  * * *
[2024-11-04T18:21:44.620443-0600] 25  * * *
[2024-11-04T18:21:44.620575-0600] 26  * * *
[2024-11-04T18:21:49.570951-0600] 27  * *End time: 1730766109615
