Start time: 1745264289661
Connecting to host 34.86.116.81, port 5209
Reverse mode, remote host 34.86.116.81 is sending
[  5] local 192.0.0.2 port 39730 connected to 34.86.116.81 port 5209
[ ID] Interval           Transfer     Bitrate
[  5]   0.00-0.12   sec  18.6 KBytes  1.24 Mbits/sec                  
[  5]   0.12-0.20   sec  24.0 KBytes  2.55 Mbits/sec                  
[  5]   0.20-0.30   sec  59.9 KBytes  4.90 Mbits/sec                  
[  5]   0.30-0.40   sec   128 KBytes  10.5 Mbits/sec                  
[  5]   0.40-0.50   sec   394 KBytes  32.3 Mbits/sec                  
[  5]   0.50-0.60   sec   626 KBytes  51.3 Mbits/sec                  
[  5]   0.60-0.70   sec   643 KBytes  52.7 Mbits/sec                  
[  5]   0.70-0.80   sec  1.38 MBytes   116 Mbits/sec                  
[  5]   0.80-0.90   sec  1.48 MBytes   124 Mbits/sec                  
[  5]   0.90-1.00   sec  2.86 MBytes   240 Mbits/sec                  
[  5]   1.00-1.10   sec  1.23 MBytes   103 Mbits/sec                  
[  5]   1.10-1.20   sec  5.43 MBytes   456 Mbits/sec                  
[  5]   1.20-1.30   sec  5.45 MBytes   458 Mbits/sec                  
[  5]   1.30-1.40   sec  5.47 MBytes   459 Mbits/sec                  
[  5]   1.40-1.50   sec  5.87 MBytes   492 Mbits/sec                  
[  5]   1.50-1.60   sec  4.08 MBytes   342 Mbits/sec                  
[  5]   1.60-1.70   sec  6.22 MBytes   519 Mbits/sec                  
[  5]   1.70-1.80   sec  6.70 MBytes   564 Mbits/sec                  
[  5]   1.80-1.90   sec  5.66 MBytes   475 Mbits/sec                  
[  5]   1.90-2.00   sec   111 KBytes  9.05 Mbits/sec                  
[  5]   2.00-2.10   sec  0.00 Bytes  0.00 bits/sec                  
[  5]   2.10-2.20   sec  0.00 Bytes  0.00 bits/sec                  
[  5]   2.20-2.30   sec   737 KBytes  60.5 Mbits/sec                  
[  5]   2.30-2.40   sec  8.77 MBytes   735 Mbits/sec                  
[  5]   2.40-2.50   sec  2.20 MBytes   185 Mbits/sec                  
[  5]   2.50-2.60   sec  2.19 MBytes   184 Mbits/sec                  
[  5]   2.60-2.70   sec  1.03 MBytes  86.6 Mbits/sec                  
[  5]   2.70-2.80   sec  1.35 MBytes   113 Mbits/sec                  
[  5]   2.80-2.90   sec  2.66 MBytes   223 Mbits/sec                  
[  5]   2.90-3.00   sec  2.26 MBytes   190 Mbits/sec                  
[  5]   3.00-3.10   sec  2.55 MBytes   213 Mbits/sec                  
[  5]   3.10-3.20   sec  2.71 MBytes   227 Mbits/sec                  
[  5]   3.20-3.30   sec  2.53 MBytes   213 Mbits/sec                  
[  5]   3.30-3.40   sec  2.22 MBytes   187 Mbits/sec                  
[  5]   3.40-3.50   sec  2.19 MBytes   183 Mbits/sec                  
[  5]   3.50-3.60   sec  2.33 MBytes   196 Mbits/sec                  
[  5]   3.60-3.70   sec  2.94 MBytes   247 Mbits/sec                  
[  5]   3.70-3.80   sec  2.31 MBytes   193 Mbits/sec                  
[  5]   3.80-3.90   sec  1.51 MBytes   127 Mbits/sec                  
[  5]   3.90-4.00   sec  2.12 MBytes   178 Mbits/sec                  
[  5]   4.00-4.10   sec  2.83 MBytes   238 Mbits/sec                  
[  5]   4.10-4.20   sec  2.20 MBytes   184 Mbits/sec                  
[  5]   4.20-4.30   sec  3.65 MBytes   307 Mbits/sec                  
[  5]   4.30-4.40   sec  2.90 MBytes   243 Mbits/sec                  
[  5]   4.40-4.50   sec  2.56 MBytes   215 Mbits/sec                  
[  5]   4.50-4.60   sec  2.90 MBytes   242 Mbits/sec                  
[  5]   4.60-4.70   sec  2.50 MBytes   210 Mbits/sec                  
[  5]   4.70-4.80   sec  2.47 MBytes   207 Mbits/sec                  
[  5]   4.80-4.90   sec  1.64 MBytes   138 Mbits/sec                  
[  5]   4.90-5.00   sec  1.81 MBytes   152 Mbits/sec                  
- - - - - - - - - - - - - - - - - - - - - - - - -
[ ID] Interval           Transfer     Bitrate         Retr
[  5]   0.00-5.09   sec   404 MBytes   665 Mbits/sec  387             sender
[  5]   0.00-5.00   sec   124 MBytes   208 Mbits/sec                  receiver

iperf Done.
End time: 1745264295970
