Start time: 1731019987837
[2024-11-07T17:53:08.780027-0500] nuttcp-r: v8.1.4: socket
[2024-11-07T17:53:08.780730-0500] nuttcp-r: buflen=65536, nstream=1, port=5379 tcp
[2024-11-07T17:53:08.780961-0500] nuttcp-r: interval reporting every 0.50 seconds
[2024-11-07T17:53:08.781150-0500] nuttcp-r: connect to 54.197.223.49 with RTT=73.659 ms af=inet
[2024-11-07T17:53:08.781313-0500] nuttcp-r: send window size = 2097152, receive window size = 6291456
[2024-11-07T17:53:08.781419-0500] nuttcp-r: available send window = 1572864, available receive window = 4718592
[2024-11-07T17:53:08.781527-0500]     0.5000 MB /   0.50 sec =    8.3878 Mbps     0 retrans     13 KB-cwnd
[2024-11-07T17:53:09.280266-0500]     6.9375 MB /   0.50 sec =  116.3933 Mbps     0 retrans     13 KB-cwnd
[2024-11-07T17:53:09.780515-0500]     8.8125 MB /   0.50 sec =  147.8448 Mbps     0 retrans     13 KB-cwnd
[2024-11-07T17:53:10.279877-0500]    10.1875 MB /   0.50 sec =  170.9237 Mbps     0 retrans     13 KB-cwnd
[2024-11-07T17:53:10.781007-0500]     6.8750 MB /   0.50 sec =  115.1209 Mbps     0 retrans     13 KB-cwnd
[2024-11-07T17:53:11.279960-0500]     9.0000 MB /   0.50 sec =  151.2809 Mbps     0 retrans     13 KB-cwnd
[2024-11-07T17:53:11.780023-0500]    14.6250 MB /   0.50 sec =  245.3530 Mbps     0 retrans     13 KB-cwnd
[2024-11-07T17:53:12.281059-0500]     3.2500 MB /   0.50 sec =   54.4161 Mbps     0 retrans     13 KB-cwnd
[2024-11-07T17:53:12.780371-0500]    14.6875 MB /   0.50 sec =  246.9379 Mbps     0 retrans     13 KB-cwnd
[2024-11-07T17:53:13.280066-0500]    14.1875 MB /   0.50 sec =  238.0287 Mbps     0 retrans     13 KB-cwnd
[2024-11-07T17:53:13.780136-0500]    10.8125 MB /   0.50 sec =  181.4102 Mbps     0 retrans     13 KB-cwnd
[2024-11-07T17:53:14.279979-0500]    10.9375 MB /   0.50 sec =  183.4850 Mbps     0 retrans     13 KB-cwnd
[2024-11-07T17:53:14.779934-0500]    11.1875 MB /   0.50 sec =  187.7041 Mbps     0 retrans     15 KB-cwnd
[2024-11-07T17:53:15.279942-0500]    11.1875 MB /   0.50 sec =  187.6906 Mbps     0 retrans     15 KB-cwnd
[2024-11-07T17:53:15.780047-0500]    10.6250 MB /   0.50 sec =  178.2205 Mbps     0 retrans     26 KB-cwnd
[2024-11-07T17:53:16.279938-0500]    11.3750 MB /   0.50 sec =  190.8851 Mbps     0 retrans     26 KB-cwnd
[2024-11-07T17:53:16.781073-0500]     3.6875 MB /   0.50 sec =   61.7307 Mbps     0 retrans     26 KB-cwnd
[2024-11-07T17:53:17.279942-0500]    15.2500 MB /   0.50 sec =  256.4054 Mbps     0 retrans     26 KB-cwnd
[2024-11-07T17:53:17.781209-0500]    10.6250 MB /   0.50 sec =  177.8372 Mbps     0 retrans     26 KB-cwnd
[2024-11-07T17:53:18.280240-0500]    11.5625 MB /   0.50 sec =  194.3905 Mbps     0 retrans     26 KB-cwnd
[2024-11-07T17:53:18.780995-0500]     9.7500 MB /   0.50 sec =  163.2911 Mbps     0 retrans     26 KB-cwnd
[2024-11-07T17:53:19.280099-0500]    12.6875 MB /   0.50 sec =  213.3080 Mbps     0 retrans     26 KB-cwnd
[2024-11-07T17:53:19.781037-0500]     7.6250 MB /   0.50 sec =  127.6533 Mbps     0 retrans     26 KB-cwnd
[2024-11-07T17:53:20.279960-0500]    14.3125 MB /   0.50 sec =  240.6466 Mbps     0 retrans     26 KB-cwnd
[2024-11-07T17:53:20.781210-0500]     7.8750 MB /   0.50 sec =  131.8014 Mbps     0 retrans     26 KB-cwnd
[2024-11-07T17:53:21.280023-0500]    14.1875 MB /   0.50 sec =  238.5587 Mbps     0 retrans     26 KB-cwnd
[2024-11-07T17:53:21.780007-0500]    11.3125 MB /   0.50 sec =  189.7934 Mbps     0 retrans     26 KB-cwnd
[2024-11-07T17:53:22.279963-0500]     4.8125 MB /   0.50 sec =   80.7504 Mbps     0 retrans     26 KB-cwnd
[2024-11-07T17:53:22.779974-0500]     6.8750 MB /   0.50 sec =  115.3399 Mbps     0 retrans     26 KB-cwnd
[2024-11-07T17:53:23.279927-0500]    12.1250 MB /   0.50 sec =  203.4331 Mbps     0 retrans     26 KB-cwnd
[2024-11-07T17:53:23.779973-0500]    14.3125 MB /   0.50 sec =  240.1177 Mbps     0 retrans     29 KB-cwnd
[2024-11-07T17:53:24.280071-0500]    11.2500 MB /   0.50 sec =  188.7482 Mbps     0 retrans     29 KB-cwnd
[2024-11-07T17:53:24.779872-0500]     7.6875 MB /   0.50 sec =  128.9754 Mbps     0 retrans     29 KB-cwnd
[2024-11-07T17:53:25.280000-0500]    12.2500 MB /   0.50 sec =  205.4962 Mbps     0 retrans     33 KB-cwnd
[2024-11-07T17:53:25.781213-0500]     7.2500 MB /   0.50 sec =  121.3513 Mbps     0 retrans     33 KB-cwnd
[2024-11-07T17:53:26.280203-0500]     8.8750 MB /   0.50 sec =  149.1989 Mbps     0 retrans     37 KB-cwnd
[2024-11-07T17:53:26.780192-0500]     8.6250 MB /   0.50 sec =  144.7067 Mbps     0 retrans     37 KB-cwnd
[2024-11-07T17:53:27.280064-0500]     2.6875 MB /   0.50 sec =   45.0965 Mbps     0 retrans     37 KB-cwnd
[2024-11-07T17:53:27.779952-0500]    17.3125 MB /   0.50 sec =  290.5241 Mbps     0 retrans     37 KB-cwnd
[2024-11-07T17:53:28.279854-0500]    10.0000 MB /   0.50 sec =  167.7839 Mbps     0 retrans     45 KB-cwnd
[2024-11-07T17:53:28.779939-0500]     8.9375 MB /   0.50 sec =  149.9362 Mbps     0 retrans     45 KB-cwnd
[2024-11-07T17:53:29.280169-0500]     6.5625 MB /   0.50 sec =  110.0879 Mbps     0 retrans     45 KB-cwnd
[2024-11-07T17:53:29.780222-0500]     6.1875 MB /   0.50 sec =  103.7775 Mbps  7673 retrans   4291 KB-cwnd
[2024-11-07T17:53:30.280442-0500]     8.2500 MB /   0.50 sec =  138.3755 Mbps     0 retrans   4291 KB-cwnd
[2024-11-07T17:53:30.780649-0500]     6.5000 MB /   0.50 sec =  108.9915 Mbps     0 retrans   4291 KB-cwnd
[2024-11-07T17:53:31.280880-0500]     7.8125 MB /   0.50 sec =  130.9913 Mbps     0 retrans   4291 KB-cwnd
[2024-11-07T17:53:31.781046-0500]     4.6875 MB /   0.50 sec =   78.6182 Mbps     0 retrans   4291 KB-cwnd
[2024-11-07T17:53:32.280181-0500]     7.5625 MB /   0.50 sec =  127.1060 Mbps     0 retrans   4291 KB-cwnd
[2024-11-07T17:53:32.780032-0500]     3.3750 MB /   0.50 sec =   56.6366 Mbps     0 retrans   4291 KB-cwnd
[2024-11-07T17:53:33.279844-0500]     6.2500 MB /   0.50 sec =  104.8800 Mbps     0 retrans   4291 KB-cwnd
[2024-11-07T17:53:33.779971-0500]     5.7500 MB /   0.50 sec =   96.4601 Mbps     0 retrans   4291 KB-cwnd
[2024-11-07T17:53:34.280033-0500]     6.9375 MB /   0.50 sec =  116.3994 Mbps     0 retrans   4291 KB-cwnd
[2024-11-07T17:53:34.780264-0500]     6.2500 MB /   0.50 sec =  104.7805 Mbps     0 retrans   4291 KB-cwnd
[2024-11-07T17:53:35.280260-0500]     5.8750 MB /   0.50 sec =   98.6058 Mbps     0 retrans   4291 KB-cwnd
[2024-11-07T17:53:35.781205-0500]     4.6875 MB /   0.50 sec =   78.4748 Mbps     0 retrans   4291 KB-cwnd
[2024-11-07T17:53:36.279984-0500]     7.0000 MB /   0.50 sec =  117.7214 Mbps     0 retrans   4291 KB-cwnd
[2024-11-07T17:53:36.779976-0500]     6.6250 MB /   0.50 sec =  111.1506 Mbps     0 retrans   4291 KB-cwnd
[2024-11-07T17:53:37.279958-0500]     5.3750 MB /   0.50 sec =   90.1759 Mbps     0 retrans   4291 KB-cwnd
[2024-11-07T17:53:37.780155-0500]     3.6250 MB /   0.50 sec =   60.7973 Mbps     0 retrans   4291 KB-cwnd
[2024-11-07T17:53:38.280175-0500]     7.5000 MB /   0.50 sec =  125.8266 Mbps     0 retrans   4291 KB-cwnd
[2024-11-07T17:53:38.780237-0500]     4.8125 MB /   0.50 sec =   80.7631 Mbps     0 retrans   4291 KB-cwnd
[2024-11-07T17:53:39.279907-0500]     8.6250 MB /   0.50 sec =  144.7220 Mbps  4519 retrans   3921 KB-cwnd
[2024-11-07T17:53:39.779963-0500]     7.2500 MB /   0.50 sec =  121.6348 Mbps     0 retrans   3921 KB-cwnd
[2024-11-07T17:53:40.280095-0500]     6.6875 MB /   0.50 sec =  112.1981 Mbps     0 retrans   3985 KB-cwnd
[2024-11-07T17:53:40.779955-0500]     7.8750 MB /   0.50 sec =  132.1134 Mbps     0 retrans   3985 KB-cwnd
[2024-11-07T17:53:41.280475-0500]     7.7500 MB /   0.50 sec =  130.0213 Mbps     0 retrans   3985 KB-cwnd
[2024-11-07T17:53:41.780196-0500]     7.9375 MB /   0.50 sec =  133.1697 Mbps     0 retrans   3985 KB-cwnd
[2024-11-07T17:53:42.279941-0500]     8.4375 MB /   0.50 sec =  141.5626 Mbps     0 retrans   3985 KB-cwnd
[2024-11-07T17:53:42.781064-0500]     5.6250 MB /   0.50 sec =   94.1720 Mbps     0 retrans   3985 KB-cwnd
[2024-11-07T17:53:43.280043-0500]     5.5000 MB /   0.50 sec =   92.4802 Mbps     0 retrans   3985 KB-cwnd
[2024-11-07T17:53:43.779918-0500]     7.2500 MB /   0.50 sec =  121.6280 Mbps    17 retrans   2051 KB-cwnd
[2024-11-07T17:53:44.279952-0500]    10.6875 MB /   0.50 sec =  179.3043 Mbps     0 retrans   2051 KB-cwnd
[2024-11-07T17:53:44.780025-0500]     6.6250 MB /   0.50 sec =  111.1271 Mbps     0 retrans   2051 KB-cwnd
[2024-11-07T17:53:45.279930-0500]    13.6250 MB /   0.50 sec =  228.6321 Mbps     0 retrans   2051 KB-cwnd
[2024-11-07T17:53:45.779975-0500]     4.6875 MB /   0.50 sec =   78.6388 Mbps     0 retrans   2051 KB-cwnd
[2024-11-07T17:53:46.280031-0500]    13.8125 MB /   0.50 sec =  231.7140 Mbps     0 retrans   2051 KB-cwnd
[2024-11-07T17:53:46.779946-0500]     9.3750 MB /   0.50 sec =  157.3056 Mbps     0 retrans   2051 KB-cwnd
[2024-11-07T17:53:47.280238-0500]     6.6250 MB /   0.50 sec =  111.1019 Mbps    16 retrans   2592 KB-cwnd
[2024-11-07T17:53:47.779943-0500]    13.1875 MB /   0.50 sec =  221.3465 Mbps     0 retrans   2592 KB-cwnd
[2024-11-07T17:53:48.280092-0500]    11.0625 MB /   0.50 sec =  185.5935 Mbps     0 retrans   2592 KB-cwnd
[2024-11-07T17:53:48.779961-0500]     8.5625 MB /   0.50 sec =  143.6566 Mbps     0 retrans   2592 KB-cwnd
[2024-11-07T17:53:49.280041-0500]    13.0000 MB /   0.50 sec =  218.0593 Mbps     0 retrans   2592 KB-cwnd
[2024-11-07T17:53:49.780162-0500]    10.5625 MB /   0.50 sec =  177.1806 Mbps     0 retrans   2592 KB-cwnd
[2024-11-07T17:53:50.279942-0500]    11.8750 MB /   0.50 sec =  199.3032 Mbps     2 retrans   3164 KB-cwnd
[2024-11-07T17:53:50.779968-0500]    10.3125 MB /   0.50 sec =  173.0161 Mbps     0 retrans   3188 KB-cwnd
[2024-11-07T17:53:51.280087-0500]     6.9375 MB /   0.50 sec =  116.3633 Mbps     0 retrans   3188 KB-cwnd
[2024-11-07T17:53:51.780194-0500]     9.3750 MB /   0.50 sec =  157.3260 Mbps     0 retrans   3188 KB-cwnd
[2024-11-07T17:53:52.280266-0500]     9.9375 MB /   0.50 sec =  166.6493 Mbps     0 retrans   3188 KB-cwnd
[2024-11-07T17:53:52.780416-0500]    10.8125 MB /   0.50 sec =  181.3286 Mbps     0 retrans   3188 KB-cwnd
[2024-11-07T17:53:53.280126-0500]     7.1875 MB /   0.50 sec =  120.6514 Mbps     0 retrans   3188 KB-cwnd
[2024-11-07T17:53:53.781252-0500]     9.3750 MB /   0.50 sec =  156.9449 Mbps   205 retrans   4163 KB-cwnd
[2024-11-07T17:53:54.280049-0500]     6.6875 MB /   0.50 sec =  112.4547 Mbps     0 retrans   4163 KB-cwnd
[2024-11-07T17:53:54.780193-0500]     5.6250 MB /   0.50 sec =   94.3919 Mbps     0 retrans   4163 KB-cwnd
[2024-11-07T17:53:55.281538-0500]     4.1875 MB /   0.50 sec =   70.0460 Mbps     0 retrans   4163 KB-cwnd
[2024-11-07T17:53:55.780157-0500]     1.4375 MB /   0.50 sec =   24.1802 Mbps     0 retrans   4163 KB-cwnd
[2024-11-07T17:53:56.280983-0500]     5.1875 MB /   0.50 sec =   86.8888 Mbps     0 retrans   4163 KB-cwnd
[2024-11-07T17:53:56.781114-0500]     5.3125 MB /   0.50 sec =   89.1095 Mbps     0 retrans   4163 KB-cwnd
[2024-11-07T17:53:57.280067-0500]     4.1250 MB /   0.50 sec =   69.3453 Mbps     0 retrans   4126 KB-cwnd
[2024-11-07T17:53:57.781144-0500]     3.2500 MB /   0.50 sec =   54.4149 Mbps     0 retrans   4126 KB-cwnd
[2024-11-07T17:53:58.280173-0500]     3.0625 MB /   0.50 sec =   51.4770 Mbps     0 retrans   4126 KB-cwnd
[2024-11-07T17:53:58.780182-0500]     3.0000 MB /   0.50 sec =   50.3311 Mbps     0 retrans   4126 KB-cwnd
[2024-11-07T17:53:59.280229-0500]     3.5000 MB /   0.50 sec =   58.7253 Mbps     0 retrans   4126 KB-cwnd
[2024-11-07T17:53:59.781066-0500]     0.1250 MB /   0.50 sec =    2.0932 Mbps     0 retrans   4126 KB-cwnd
[2024-11-07T17:54:00.280846-0500]     6.2500 MB /   0.50 sec =  104.9853 Mbps     0 retrans   4126 KB-cwnd
[2024-11-07T17:54:00.781564-0500]     4.1875 MB /   0.50 sec =   70.1071 Mbps     0 retrans   4126 KB-cwnd
[2024-11-07T17:54:01.280917-0500]     2.3750 MB /   0.50 sec =   39.8920 Mbps   701 retrans   4492 KB-cwnd
[2024-11-07T17:54:01.779941-0500]     4.0000 MB /   0.50 sec =   67.2389 Mbps     0 retrans   4492 KB-cwnd
[2024-11-07T17:54:02.279974-0500]     3.5000 MB /   0.50 sec =   58.7244 Mbps     0 retrans   4492 KB-cwnd
[2024-11-07T17:54:02.780246-0500]     0.6875 MB /   0.50 sec =   11.5284 Mbps     0 retrans   4492 KB-cwnd
[2024-11-07T17:54:03.280077-0500]     2.1250 MB /   0.50 sec =   35.6572 Mbps     0 retrans   4496 KB-cwnd
[2024-11-07T17:54:03.780252-0500]     1.5000 MB /   0.50 sec =   25.1610 Mbps     0 retrans   4496 KB-cwnd
[2024-11-07T17:54:04.280194-0500]     2.8125 MB /   0.50 sec =   47.1882 Mbps     0 retrans   4496 KB-cwnd
[2024-11-07T17:54:04.781005-0500]     2.3750 MB /   0.50 sec =   39.7788 Mbps     0 retrans   4496 KB-cwnd
[2024-11-07T17:54:05.279917-0500]     2.0000 MB /   0.50 sec =   33.6257 Mbps     0 retrans   4496 KB-cwnd
[2024-11-07T17:54:05.781149-0500]     1.4375 MB /   0.50 sec =   24.0619 Mbps     0 retrans   4496 KB-cwnd
[2024-11-07T17:54:06.280999-0500]     2.5000 MB /   0.50 sec =   41.9518 Mbps     0 retrans   4496 KB-cwnd
[2024-11-07T17:54:06.781002-0500]     2.3750 MB /   0.50 sec =   39.8469 Mbps     0 retrans   4496 KB-cwnd
[2024-11-07T17:54:07.280522-0500]     1.9375 MB /   0.50 sec =   32.5528 Mbps     0 retrans   4496 KB-cwnd
[2024-11-07T17:54:07.781232-0500]     2.4375 MB /   0.50 sec =   40.8219 Mbps     0 retrans   4496 KB-cwnd
[2024-11-07T17:54:08.279965-0500]     3.0000 MB /   0.50 sec =   50.4494 Mbps     0 retrans   4496 KB-cwnd
[2024-11-07T17:54:08.779919-0500]     3.7500 MB /   0.50 sec =   62.9201 Mbps     0 retrans   4496 KB-cwnd
[2024-11-07T17:54:09.279946-0500]     3.0000 MB /   0.50 sec =   50.3300 Mbps     0 retrans   4496 KB-cwnd
[2024-11-07T17:54:09.780078-0500]     2.4375 MB /   0.50 sec =   40.8862 Mbps     0 retrans   4496 KB-cwnd
[2024-11-07T17:54:10.280082-0500]     1.9375 MB /   0.50 sec =   32.5109 Mbps     0 retrans   4496 KB-cwnd
[2024-11-07T17:54:10.780235-0500]     0.7500 MB /   0.50 sec =   12.5784 Mbps     0 retrans   4496 KB-cwnd
[2024-11-07T17:54:11.281108-0500]     1.7500 MB /   0.50 sec =   29.3119 Mbps     0 retrans   4496 KB-cwnd
[2024-11-07T17:54:11.779964-0500]     3.5625 MB /   0.50 sec =   59.8890 Mbps     0 retrans   4496 KB-cwnd
[2024-11-07T17:54:12.281048-0500]     3.1250 MB /   0.50 sec =   52.3197 Mbps     0 retrans   4496 KB-cwnd
[2024-11-07T17:54:12.779957-0500]     3.6250 MB /   0.50 sec =   60.9469 Mbps     0 retrans   4496 KB-cwnd
[2024-11-07T17:54:13.280107-0500]     1.1250 MB /   0.50 sec =   18.8688 Mbps     0 retrans   4496 KB-cwnd
[2024-11-07T17:54:13.779941-0500]     2.6250 MB /   0.50 sec =   44.0527 Mbps     0 retrans   4496 KB-cwnd
[2024-11-07T17:54:14.280899-0500]     1.8750 MB /   0.50 sec =   31.3993 Mbps     0 retrans   4496 KB-cwnd
[2024-11-07T17:54:14.780056-0500]     1.6875 MB /   0.50 sec =   28.3594 Mbps     0 retrans   4496 KB-cwnd
[2024-11-07T17:54:15.280220-0500]     3.6875 MB /   0.50 sec =   61.8540 Mbps   281 retrans   3788 KB-cwnd
[2024-11-07T17:54:15.780238-0500]     4.5000 MB /   0.50 sec =   75.5244 Mbps     0 retrans   3788 KB-cwnd
[2024-11-07T17:54:16.280138-0500]     3.0625 MB /   0.50 sec =   51.3650 Mbps     0 retrans   3788 KB-cwnd
[2024-11-07T17:54:16.780219-0500]     4.0625 MB /   0.50 sec =   68.1598 Mbps     0 retrans   3788 KB-cwnd
[2024-11-07T17:54:17.281569-0500]     1.1250 MB /   0.50 sec =   18.8244 Mbps     0 retrans   3788 KB-cwnd
[2024-11-07T17:54:17.780166-0500]     2.2500 MB /   0.50 sec =   37.8457 Mbps     0 retrans   3788 KB-cwnd
[2024-11-07T17:54:18.280124-0500]     3.0000 MB /   0.50 sec =   50.3358 Mbps     0 retrans   3788 KB-cwnd
[2024-11-07T17:54:18.780179-0500]     1.7500 MB /   0.50 sec =   29.3586 Mbps     0 retrans   3788 KB-cwnd
[2024-11-07T17:54:19.280027-0500]     3.0000 MB /   0.50 sec =   50.3394 Mbps     0 retrans   3788 KB-cwnd
[2024-11-07T17:54:19.780231-0500]     2.3125 MB /   0.50 sec =   38.7878 Mbps     0 retrans   3788 KB-cwnd
[2024-11-07T17:54:20.280068-0500]     3.3125 MB /   0.50 sec =   55.5848 Mbps     0 retrans   3788 KB-cwnd
[2024-11-07T17:54:20.780040-0500]     1.3750 MB /   0.50 sec =   23.0703 Mbps     0 retrans   3788 KB-cwnd
[2024-11-07T17:54:21.279968-0500]     1.6875 MB /   0.50 sec =   28.3143 Mbps     0 retrans   3788 KB-cwnd
[2024-11-07T17:54:21.780045-0500]     2.5625 MB /   0.50 sec =   42.9914 Mbps     0 retrans   3788 KB-cwnd
[2024-11-07T17:54:22.280093-0500]     2.8750 MB /   0.50 sec =   48.2367 Mbps     0 retrans   3788 KB-cwnd
[2024-11-07T17:54:22.779991-0500]     3.5625 MB /   0.50 sec =   59.7701 Mbps     0 retrans   3788 KB-cwnd
[2024-11-07T17:54:23.279970-0500]     2.2500 MB /   0.50 sec =   37.7483 Mbps     0 retrans   3788 KB-cwnd
[2024-11-07T17:54:23.779998-0500]     0.7500 MB /   0.50 sec =   12.5825 Mbps     0 retrans   3788 KB-cwnd
[2024-11-07T17:54:24.279974-0500]     2.1250 MB /   0.50 sec =   35.6519 Mbps     0 retrans   3788 KB-cwnd
[2024-11-07T17:54:24.780047-0500]     3.2500 MB /   0.50 sec =   54.5238 Mbps     0 retrans   3788 KB-cwnd
[2024-11-07T17:54:25.279965-0500]     4.2500 MB /   0.50 sec =   71.3069 Mbps     0 retrans   3788 KB-cwnd
[2024-11-07T17:54:25.779911-0500]     3.2500 MB /   0.50 sec =   54.5285 Mbps     0 retrans   3788 KB-cwnd
[2024-11-07T17:54:26.281300-0500]     2.8125 MB /   0.50 sec =   47.0609 Mbps     0 retrans   3788 KB-cwnd
[2024-11-07T17:54:26.780111-0500]     2.5625 MB /   0.50 sec =   43.0937 Mbps     0 retrans   3788 KB-cwnd
[2024-11-07T17:54:27.279969-0500]     4.9375 MB /   0.50 sec =   82.8527 Mbps   737 retrans   1268 KB-cwnd
[2024-11-07T17:54:27.781085-0500]     2.3750 MB /   0.50 sec =   39.7628 Mbps     0 retrans   1268 KB-cwnd
[2024-11-07T17:54:28.281103-0500]     2.3750 MB /   0.50 sec =   39.8510 Mbps     0 retrans   1268 KB-cwnd
[2024-11-07T17:54:28.779989-0500]     1.5000 MB /   0.50 sec =   25.2167 Mbps     0 retrans   1268 KB-cwnd
[2024-11-07T17:54:29.280083-0500]     2.1250 MB /   0.50 sec =   35.6436 Mbps     0 retrans   1268 KB-cwnd
[2024-11-07T17:54:29.781128-0500]     2.0625 MB /   0.50 sec =   34.5319 Mbps     0 retrans   1268 KB-cwnd
[2024-11-07T17:54:30.279956-0500]     3.3750 MB /   0.50 sec =   56.7536 Mbps     0 retrans   1268 KB-cwnd
[2024-11-07T17:54:30.779965-0500]     4.8750 MB /   0.50 sec =   81.7901 Mbps     0 retrans   1268 KB-cwnd
[2024-11-07T17:54:31.280010-0500]     3.5000 MB /   0.50 sec =   58.7157 Mbps     0 retrans   1268 KB-cwnd
[2024-11-07T17:54:31.780049-0500]     4.5000 MB /   0.50 sec =   75.4926 Mbps     0 retrans   1268 KB-cwnd
[2024-11-07T17:54:32.281024-0500]     2.5000 MB /   0.50 sec =   41.8686 Mbps     0 retrans   1268 KB-cwnd
[2024-11-07T17:54:32.779910-0500]     6.7500 MB /   0.50 sec =  113.4666 Mbps     0 retrans   1268 KB-cwnd
[2024-11-07T17:54:33.279945-0500]     4.3750 MB /   0.50 sec =   73.3986 Mbps     0 retrans   1268 KB-cwnd
[2024-11-07T17:54:33.780058-0500]     4.1250 MB /   0.50 sec =   69.1934 Mbps     0 retrans   1268 KB-cwnd
[2024-11-07T17:54:34.280147-0500]     3.8750 MB /   0.50 sec =   65.0016 Mbps     0 retrans   1268 KB-cwnd
[2024-11-07T17:54:34.780449-0500]     5.1875 MB /   0.50 sec =   87.0583 Mbps     0 retrans   1268 KB-cwnd
[2024-11-07T17:54:35.280107-0500]     3.3125 MB /   0.50 sec =   55.5609 Mbps     0 retrans   1268 KB-cwnd
[2024-11-07T17:54:35.780028-0500]     4.6875 MB /   0.50 sec =   78.6528 Mbps    46 retrans   1606 KB-cwnd
[2024-11-07T17:54:36.280122-0500]     4.1250 MB /   0.50 sec =   69.2120 Mbps     0 retrans   1606 KB-cwnd
[2024-11-07T17:54:36.779992-0500]     2.5000 MB /   0.50 sec =   41.9400 Mbps     0 retrans   1606 KB-cwnd
[2024-11-07T17:54:37.280953-0500]     3.1250 MB /   0.50 sec =   52.3315 Mbps     0 retrans   1606 KB-cwnd
[2024-11-07T17:54:37.780259-0500]     2.1875 MB /   0.50 sec =   36.7559 Mbps     0 retrans   1606 KB-cwnd
[2024-11-07T17:54:38.280188-0500]     1.9375 MB /   0.50 sec =   32.5089 Mbps     0 retrans   1606 KB-cwnd
[2024-11-07T17:54:38.780142-0500]     2.2500 MB /   0.50 sec =   37.7506 Mbps     0 retrans   1606 KB-cwnd
[2024-11-07T17:54:39.279952-0500]     2.9375 MB /   0.50 sec =   49.3008 Mbps     0 retrans   1606 KB-cwnd
[2024-11-07T17:54:39.779970-0500]     2.5000 MB /   0.50 sec =   41.9428 Mbps     0 retrans   1606 KB-cwnd
[2024-11-07T17:54:40.279997-0500]     2.1875 MB /   0.50 sec =   36.7029 Mbps     0 retrans   1606 KB-cwnd
[2024-11-07T17:54:40.780154-0500]     2.5625 MB /   0.50 sec =   42.9883 Mbps     0 retrans   1606 KB-cwnd
[2024-11-07T17:54:41.279935-0500]     2.5000 MB /   0.50 sec =   41.9435 Mbps     0 retrans   1606 KB-cwnd
[2024-11-07T17:54:41.779938-0500]     3.1875 MB /   0.50 sec =   53.4769 Mbps     0 retrans   1606 KB-cwnd
[2024-11-07T17:54:42.280217-0500]     3.6875 MB /   0.50 sec =   61.8660 Mbps     0 retrans   1606 KB-cwnd
[2024-11-07T17:54:42.780509-0500]     4.6875 MB /   0.50 sec =   78.5668 Mbps     0 retrans   1606 KB-cwnd
[2024-11-07T17:54:43.280054-0500]     3.9375 MB /   0.50 sec =   66.1130 Mbps     0 retrans   1606 KB-cwnd
[2024-11-07T17:54:43.780240-0500]     1.6250 MB /   0.50 sec =   27.2550 Mbps     0 retrans   1606 KB-cwnd
[2024-11-07T17:54:44.281228-0500]     2.6250 MB /   0.50 sec =   43.9573 Mbps     0 retrans   1606 KB-cwnd
[2024-11-07T17:54:44.780243-0500]     0.6875 MB /   0.50 sec =   11.5584 Mbps     0 retrans   1606 KB-cwnd
[2024-11-07T17:54:45.279960-0500]     5.5625 MB /   0.50 sec =   93.3485 Mbps     0 retrans   1606 KB-cwnd
[2024-11-07T17:54:45.779957-0500]     6.1250 MB /   0.50 sec =  102.7600 Mbps     0 retrans   1606 KB-cwnd
[2024-11-07T17:54:46.279981-0500]     6.3750 MB /   0.50 sec =  106.9402 Mbps    39 retrans   1561 KB-cwnd
[2024-11-07T17:54:46.779941-0500]     7.3125 MB /   0.50 sec =  122.6998 Mbps     0 retrans   1561 KB-cwnd
[2024-11-07T17:54:47.279937-0500]     7.5625 MB /   0.50 sec =  126.8747 Mbps     0 retrans   1561 KB-cwnd
[2024-11-07T17:54:47.780664-0500]     3.9375 MB /   0.50 sec =   66.0167 Mbps     0 retrans   1561 KB-cwnd
[2024-11-07T17:54:48.280027-0500]     6.0000 MB /   0.50 sec =  100.7143 Mbps     0 retrans   1561 KB-cwnd
[2024-11-07T17:54:48.780222-0500]     3.6250 MB /   0.50 sec =   60.7987 Mbps     0 retrans   1561 KB-cwnd
[2024-11-07T17:54:49.280051-0500]     2.8125 MB /   0.50 sec =   47.1980 Mbps     0 retrans   1561 KB-cwnd
[2024-11-07T17:54:49.780120-0500]     5.5625 MB /   0.50 sec =   93.3208 Mbps     0 retrans   1561 KB-cwnd
[2024-11-07T17:54:50.280083-0500]     5.5000 MB /   0.50 sec =   92.2743 Mbps     0 retrans   1561 KB-cwnd
[2024-11-07T17:54:50.779929-0500]     6.3750 MB /   0.50 sec =  106.9836 Mbps     0 retrans   1561 KB-cwnd
[2024-11-07T17:54:51.281070-0500]     2.5625 MB /   0.50 sec =   42.9065 Mbps     0 retrans   1561 KB-cwnd
[2024-11-07T17:54:51.780009-0500]     4.8750 MB /   0.50 sec =   81.9394 Mbps     0 retrans   1561 KB-cwnd
[2024-11-07T17:54:52.280222-0500]     3.7500 MB /   0.50 sec =   62.8995 Mbps     0 retrans   1561 KB-cwnd
[2024-11-07T17:54:52.780471-0500]     1.0625 MB /   0.50 sec =   17.8170 Mbps     0 retrans   1561 KB-cwnd
[2024-11-07T17:54:53.280125-0500]     0.5625 MB /   0.50 sec =    9.4418 Mbps     0 retrans   1561 KB-cwnd
[2024-11-07T17:54:53.780151-0500]     1.8125 MB /   0.50 sec =   30.4110 Mbps    41 retrans   1332 KB-cwnd
[2024-11-07T17:54:54.280108-0500]     1.2500 MB /   0.50 sec =   20.9714 Mbps     0 retrans   1332 KB-cwnd
[2024-11-07T17:54:54.780141-0500]     0.1250 MB /   0.50 sec =    2.0971 Mbps     0 retrans   1332 KB-cwnd
[2024-11-07T17:54:55.280911-0500]     2.3750 MB /   0.50 sec =   39.7833 Mbps     0 retrans   1332 KB-cwnd
[2024-11-07T17:54:55.781090-0500]     0.0000 MB /   0.50 sec =    0.0000 Mbps     0 retrans   1332 KB-cwnd
[2024-11-07T17:54:56.280079-0500]     0.2500 MB /   0.50 sec =    4.2024 Mbps     0 retrans   1332 KB-cwnd
[2024-11-07T17:54:56.781122-0500]     5.2500 MB /   0.50 sec =   87.9084 Mbps     0 retrans   1332 KB-cwnd
[2024-11-07T17:54:57.280296-0500]     1.2500 MB /   0.50 sec =   21.0107 Mbps     0 retrans   1332 KB-cwnd
[2024-11-07T17:54:57.780395-0500]     2.1875 MB /   0.50 sec =   36.6903 Mbps     0 retrans   1332 KB-cwnd
[2024-11-07T17:54:58.281319-0500]     2.6250 MB /   0.50 sec =   43.9503 Mbps     0 retrans   1332 KB-cwnd
[2024-11-07T17:54:58.781041-0500]     3.1250 MB /   0.50 sec =   52.4579 Mbps     0 retrans   1332 KB-cwnd
[2024-11-07T17:54:59.280586-0500]     3.2500 MB /   0.50 sec =   54.5731 Mbps     0 retrans   1332 KB-cwnd
[2024-11-07T17:54:59.780455-0500]     2.8125 MB /   0.50 sec =   47.2050 Mbps     0 retrans   1332 KB-cwnd
[2024-11-07T17:55:00.279936-0500]     1.8750 MB /   0.50 sec =   31.4839 Mbps     0 retrans   1332 KB-cwnd
[2024-11-07T17:55:00.780171-0500]     2.2500 MB /   0.50 sec =   37.7345 Mbps     0 retrans   1332 KB-cwnd
[2024-11-07T17:55:01.280996-0500]     3.5000 MB /   0.50 sec =   58.6213 Mbps     0 retrans   1332 KB-cwnd
[2024-11-07T17:55:01.780186-0500]     2.0000 MB /   0.50 sec =   33.6116 Mbps     0 retrans   1332 KB-cwnd
[2024-11-07T17:55:02.280064-0500]     3.5000 MB /   0.50 sec =   58.7275 Mbps     0 retrans   1332 KB-cwnd
[2024-11-07T17:55:02.780104-0500]     2.1250 MB /   0.50 sec =   35.6499 Mbps     0 retrans   1332 KB-cwnd
[2024-11-07T17:55:03.280453-0500]     3.8125 MB /   0.50 sec =   63.9473 Mbps     0 retrans   1332 KB-cwnd
[2024-11-07T17:55:03.780309-0500]     3.0000 MB /   0.50 sec =   50.3224 Mbps     0 retrans   1332 KB-cwnd
[2024-11-07T17:55:04.279961-0500]     3.5000 MB /   0.50 sec =   58.7586 Mbps     0 retrans   1332 KB-cwnd
[2024-11-07T17:55:04.780166-0500]     3.8125 MB /   0.50 sec =   63.9668 Mbps     0 retrans   1332 KB-cwnd
[2024-11-07T17:55:05.279908-0500]     4.3750 MB /   0.50 sec =   73.4031 Mbps     0 retrans   1332 KB-cwnd
[2024-11-07T17:55:05.779956-0500]     4.2500 MB /   0.50 sec =   71.3012 Mbps     0 retrans   1332 KB-cwnd
[2024-11-07T17:55:06.279903-0500]     4.0000 MB /   0.50 sec =   67.1109 Mbps    22 retrans   2552 KB-cwnd
[2024-11-07T17:55:06.780005-0500]     3.8125 MB /   0.50 sec =   63.9526 Mbps     0 retrans   2552 KB-cwnd
[2024-11-07T17:55:07.279917-0500]     3.9375 MB /   0.50 sec =   66.0702 Mbps     0 retrans   2552 KB-cwnd
[2024-11-07T17:55:07.780167-0500]     3.3750 MB /   0.50 sec =   56.6022 Mbps     0 retrans   2552 KB-cwnd
[2024-11-07T17:55:08.279900-0500]     4.2500 MB /   0.50 sec =   71.3310 Mbps     0 retrans   2552 KB-cwnd
[2024-11-07T17:55:08.779958-0500]     4.3750 MB /   0.50 sec =   73.3987 Mbps     0 retrans   2552 KB-cwnd
End time: 1731020108982
