Start time: 1731020325629
[2024-11-07T17:58:50.702939-0500] traceroute to 54.197.223.49 (54.197.223.49), 30 hops max, 60 byte packets
[2024-11-07T17:58:50.703616-0500]  1  * * *
[2024-11-07T17:58:50.703655-0500]  2  * * *
[2024-11-07T17:58:50.703686-0500]  3  * * *
[2024-11-07T17:58:50.703714-0500]  4  * * *
[2024-11-07T17:58:50.703741-0500]  5  * * *
[2024-11-07T17:58:55.709796-0500]  6  * * *
[2024-11-07T17:58:55.710033-0500]  7  * * *
[2024-11-07T17:58:55.710084-0500]  8  * * *
[2024-11-07T17:58:55.714044-0500]  9  * * *
[2024-11-07T17:58:55.714099-0500] 10  * * *
[2024-11-07T17:59:00.717406-0500] 11  * * *
[2024-11-07T17:59:00.717769-0500] 12  * * *
[2024-11-07T17:59:00.717902-0500] 13  * * *
[2024-11-07T17:59:00.718013-0500] 14  * * *
[2024-11-07T17:59:00.718117-0500] 15  * * *
[2024-11-07T17:59:05.724203-0500] 16  * * *
[2024-11-07T17:59:05.724361-0500] 17  * * *
[2024-11-07T17:59:05.726122-0500] 18  * * *
[2024-11-07T17:59:05.729470-0500] 19  * * *
[2024-11-07T17:59:05.732486-0500] 20  * * *
[2024-11-07T17:59:05.733482-0500] 21  * * *
[2024-11-07T17:59:10.732836-0500] 22  * * *
[2024-11-07T17:59:10.733365-0500] 23  * * *
[2024-11-07T17:59:10.733510-0500] 24  * * *
[2024-11-07T17:59:10.733627-0500] 25  * * *
[2024-11-07T17:59:10.746324-0500] 26  * * *
[2024-11-07T17:59:15.692462-0500] 27  * *End time: 1731020355755
