Start time: 1730569293349
[2024-11-02T10:41:34.219185-0700] nuttcp-r: v8.1.4: socket
[2024-11-02T10:41:34.219749-0700] nuttcp-r: buflen=65536, nstream=1, port=5110 tcp
[2024-11-02T10:41:34.219793-0700] nuttcp-r: interval reporting every 0.50 seconds
[2024-11-02T10:41:34.219827-0700] nuttcp-r: connect to 54.176.53.206 with RTT=65.199 ms af=inet
[2024-11-02T10:41:34.219859-0700] nuttcp-r: send window size = 2097152, receive window size = 6291456
[2024-11-02T10:41:34.219944-0700] nuttcp-r: available send window = 1572864, available receive window = 4718592
[2024-11-02T10:41:34.219980-0700]     0.6875 MB /   0.50 sec =   11.5331 Mbps     0 retrans
[2024-11-02T10:41:34.719108-0700]     3.2500 MB /   0.50 sec =   54.5268 Mbps     0 retrans
[2024-11-02T10:41:35.219271-0700]     4.3750 MB /   0.50 sec =   73.3859 Mbps     0 retrans
[2024-11-02T10:41:35.719321-0700]     3.1250 MB /   0.50 sec =   52.4365 Mbps     0 retrans
[2024-11-02T10:41:36.220762-0700]     3.8750 MB /   0.50 sec =   64.8179 Mbps     0 retrans
[2024-11-02T10:41:36.719410-0700]     3.3125 MB /   0.50 sec =   55.7197 Mbps     0 retrans
[2024-11-02T10:41:37.220964-0700]     3.4375 MB /   0.50 sec =   57.5156 Mbps     0 retrans
[2024-11-02T10:41:37.719215-0700]     6.5000 MB /   0.50 sec =  109.3792 Mbps     0 retrans
[2024-11-02T10:41:38.219314-0700]     1.0625 MB /   0.50 sec =   17.8224 Mbps     0 retrans
[2024-11-02T10:41:38.720239-0700]     2.6875 MB /   0.50 sec =   45.0074 Mbps     0 retrans
[2024-11-02T10:41:39.219385-0700]     1.8125 MB /   0.50 sec =   30.4610 Mbps     0 retrans
[2024-11-02T10:41:39.719388-0700]     0.0000 MB /   0.50 sec =    0.0000 Mbps     0 retrans
[2024-11-02T10:41:40.219160-0700]     0.0000 MB /   0.50 sec =    0.0000 Mbps     0 retrans
[2024-11-02T10:41:40.720815-0700]     0.5000 MB /   0.50 sec =    8.3625 Mbps     0 retrans
[2024-11-02T10:41:41.219375-0700]     0.0000 MB /   0.50 sec =    0.0000 Mbps     0 retrans
[2024-11-02T10:41:41.720406-0700]     0.0000 MB /   0.50 sec =    0.0000 Mbps     0 retrans
[2024-11-02T10:41:42.220362-0700]     0.0000 MB /   0.50 sec =    0.0000 Mbps     0 retrans
[2024-11-02T10:41:42.720137-0700]     0.0000 MB /   0.50 sec =    0.0000 Mbps     0 retrans
[2024-11-02T10:41:43.220490-0700]     0.0000 MB /   0.50 sec =    0.0000 Mbps     0 retrans
[2024-11-02T10:41:43.720273-0700]     0.0000 MB /   0.50 sec =    0.0000 Mbps     0 retrans
[2024-11-02T10:41:44.219225-0700]     1.0625 MB /   0.50 sec =   17.8621 Mbps     0 retrans
[2024-11-02T10:41:44.720359-0700]     0.8125 MB /   0.50 sec =   13.6017 Mbps     0 retrans
[2024-11-02T10:41:45.220457-0700]     0.0000 MB /   0.50 sec =    0.0000 Mbps     0 retrans
[2024-11-02T10:41:45.719354-0700]     0.0000 MB /   0.50 sec =    0.0000 Mbps     0 retrans
[2024-11-02T10:41:46.220253-0700]     0.0000 MB /   0.50 sec =    0.0000 Mbps     0 retrans
[2024-11-02T10:41:46.719119-0700]     0.8125 MB /   0.50 sec =   13.6585 Mbps     0 retrans
[2024-11-02T10:41:47.219138-0700]     0.7500 MB /   0.50 sec =   12.5822 Mbps     0 retrans
[2024-11-02T10:41:47.719055-0700]     0.5625 MB /   0.50 sec =    9.4376 Mbps     0 retrans
[2024-11-02T10:41:48.219146-0700]     0.8125 MB /   0.50 sec =   13.6319 Mbps     0 retrans
[2024-11-02T10:41:48.719509-0700]     0.3750 MB /   0.50 sec =    6.2863 Mbps     0 retrans
[2024-11-02T10:41:49.220139-0700]     0.0000 MB /   0.50 sec =    0.0000 Mbps     0 retrans
[2024-11-02T10:41:49.719231-0700]     1.8125 MB /   0.50 sec =   30.4541 Mbps     0 retrans
[2024-11-02T10:41:50.219257-0700]     0.6875 MB /   0.50 sec =   11.5351 Mbps     0 retrans
[2024-11-02T10:41:50.719494-0700]     0.5000 MB /   0.50 sec =    8.3854 Mbps     0 retrans
[2024-11-02T10:41:51.219057-0700]     0.0625 MB /   0.50 sec =    1.0490 Mbps     0 retrans
[2024-11-02T10:41:51.719422-0700]     0.0000 MB /   0.50 sec =    0.0000 Mbps     0 retrans
[2024-11-02T10:41:52.219051-0700]     0.3750 MB /   0.50 sec =    6.2940 Mbps     0 retrans
[2024-11-02T10:41:52.719632-0700]     0.0000 MB /   0.50 sec =    0.0000 Mbps     0 retrans
[2024-11-02T10:41:53.219310-0700]     0.1250 MB /   0.50 sec =    2.0986 Mbps     0 retrans
[2024-11-02T10:41:53.719165-0700]     0.0000 MB /   0.50 sec =    0.0000 Mbps     0 retrans
[2024-11-02T10:41:54.219393-0700]     0.1875 MB /   0.50 sec =    3.1452 Mbps     0 retrans
[2024-11-02T10:41:54.719048-0700]     0.0625 MB /   0.50 sec =    1.0487 Mbps     0 retrans
[2024-11-02T10:41:55.219167-0700]     0.0000 MB /   0.50 sec =    0.0000 Mbps     0 retrans
[2024-11-02T10:41:55.719164-0700]     0.1875 MB /   0.50 sec =    3.1459 Mbps     0 retrans
[2024-11-02T10:41:56.219194-0700]     0.3125 MB /   0.50 sec =    5.2431 Mbps     0 retrans
[2024-11-02T10:41:56.719030-0700]     0.3125 MB /   0.50 sec =    5.2431 Mbps     0 retrans
[2024-11-02T10:41:57.219090-0700]     0.3750 MB /   0.50 sec =    6.2912 Mbps     0 retrans
[2024-11-02T10:41:57.719259-0700]     0.2500 MB /   0.50 sec =    4.1930 Mbps     0 retrans
[2024-11-02T10:41:58.219515-0700]     0.3125 MB /   0.50 sec =    5.2410 Mbps     0 retrans
[2024-11-02T10:41:58.719102-0700]     0.0625 MB /   0.50 sec =    1.0493 Mbps     0 retrans
[2024-11-02T10:41:59.219181-0700]     0.3125 MB /   0.50 sec =    5.2425 Mbps     0 retrans
[2024-11-02T10:41:59.719118-0700]     0.3125 MB /   0.50 sec =    5.2432 Mbps     0 retrans
[2024-11-02T10:42:00.219046-0700]     0.0000 MB /   0.50 sec =    0.0000 Mbps     0 retrans
[2024-11-02T10:42:00.719113-0700]     0.3125 MB /   0.50 sec =    5.2431 Mbps     0 retrans
[2024-11-02T10:42:01.219146-0700]     0.2500 MB /   0.50 sec =    4.1933 Mbps     0 retrans
[2024-11-02T10:42:01.719161-0700]     0.3750 MB /   0.50 sec =    6.2927 Mbps     0 retrans
[2024-11-02T10:42:02.219156-0700]     0.5000 MB /   0.50 sec =    8.3882 Mbps     0 retrans
[2024-11-02T10:42:02.719210-0700]     0.5625 MB /   0.50 sec =    9.4362 Mbps     0 retrans
[2024-11-02T10:42:03.219146-0700]     0.6875 MB /   0.50 sec =   11.5349 Mbps     0 retrans
[2024-11-02T10:42:03.719220-0700]     0.8750 MB /   0.50 sec =   14.6795 Mbps     0 retrans
[2024-11-02T10:42:04.219219-0700]     1.0000 MB /   0.50 sec =   16.7798 Mbps     0 retrans
[2024-11-02T10:42:04.720002-0700]     1.1875 MB /   0.50 sec =   19.9044 Mbps     0 retrans
[2024-11-02T10:42:05.219150-0700]     1.5625 MB /   0.50 sec =   26.2383 Mbps     0 retrans
[2024-11-02T10:42:05.719139-0700]     1.9375 MB /   0.50 sec =   32.5047 Mbps     0 retrans
[2024-11-02T10:42:06.219264-0700]     0.8125 MB /   0.50 sec =   13.6262 Mbps     0 retrans
[2024-11-02T10:42:06.720825-0700]     0.0000 MB /   0.50 sec =    0.0000 Mbps     0 retrans
[2024-11-02T10:42:07.220347-0700]     0.0000 MB /   0.50 sec =    0.0000 Mbps     0 retrans
[2024-11-02T10:42:07.720121-0700]     0.0000 MB /   0.50 sec =    0.0000 Mbps     0 retrans
[2024-11-02T10:42:08.220613-0700]     0.4375 MB /   0.50 sec =    7.3371 Mbps     0 retrans
[2024-11-02T10:42:08.719344-0700]     0.0000 MB /   0.50 sec =    0.0000 Mbps     0 retrans
[2024-11-02T10:42:09.220323-0700]     0.2500 MB /   0.50 sec =    4.1863 Mbps     0 retrans
[2024-11-02T10:42:09.719347-0700]     0.0000 MB /   0.50 sec =    0.0000 Mbps     0 retrans
[2024-11-02T10:42:10.220176-0700]     0.0000 MB /   0.50 sec =    0.0000 Mbps     0 retrans
[2024-11-02T10:42:10.720240-0700]     0.1875 MB /   0.50 sec =    3.1456 Mbps     0 retrans
[2024-11-02T10:42:11.219349-0700]     0.0000 MB /   0.50 sec =    0.0000 Mbps     0 retrans
[2024-11-02T10:42:11.719342-0700]     0.0000 MB /   0.50 sec =    0.0000 Mbps     0 retrans
[2024-11-02T10:42:12.219119-0700]     1.5000 MB /   0.50 sec =   25.1754 Mbps     0 retrans
[2024-11-02T10:42:12.720236-0700]     0.5625 MB /   0.50 sec =    9.4185 Mbps     0 retrans
[2024-11-02T10:42:13.219102-0700]     0.0625 MB /   0.50 sec =    1.0507 Mbps     0 retrans
[2024-11-02T10:42:13.719219-0700]     2.0000 MB /   0.50 sec =   33.5484 Mbps     0 retrans
[2024-11-02T10:42:14.219144-0700]     2.3750 MB /   0.50 sec =   39.8522 Mbps     0 retrans
[2024-11-02T10:42:14.719161-0700]     2.8125 MB /   0.50 sec =   47.1809 Mbps     0 retrans
[2024-11-02T10:42:15.219337-0700]     3.6250 MB /   0.50 sec =   60.8179 Mbps     0 retrans
[2024-11-02T10:42:15.719165-0700]     4.6250 MB /   0.50 sec =   77.6015 Mbps     0 retrans
[2024-11-02T10:42:16.219104-0700]     5.6250 MB /   0.50 sec =   94.3739 Mbps     0 retrans
[2024-11-02T10:42:16.719136-0700]     6.2500 MB /   0.50 sec =  104.8559 Mbps     0 retrans
[2024-11-02T10:42:17.219122-0700]     8.0000 MB /   0.50 sec =  134.2183 Mbps     0 retrans
[2024-11-02T10:42:17.719186-0700]     8.6250 MB /   0.50 sec =  144.6847 Mbps     0 retrans
[2024-11-02T10:42:18.219143-0700]     9.3750 MB /   0.50 sec =  157.3072 Mbps     0 retrans
[2024-11-02T10:42:18.719224-0700]     9.1250 MB /   0.50 sec =  153.0655 Mbps     0 retrans
[2024-11-02T10:42:19.219018-0700]     9.8750 MB /   0.50 sec =  165.7131 Mbps     0 retrans
[2024-11-02T10:42:19.719327-0700]    11.3750 MB /   0.50 sec =  190.8271 Mbps     0 retrans
[2024-11-02T10:42:20.219170-0700]    13.8125 MB /   0.50 sec =  231.7140 Mbps     0 retrans
[2024-11-02T10:42:20.719361-0700]    16.5000 MB /   0.50 sec =  276.8589 Mbps     0 retrans
[2024-11-02T10:42:21.219152-0700]    18.0000 MB /   0.50 sec =  301.9688 Mbps     0 retrans
[2024-11-02T10:42:21.719320-0700]    22.5625 MB /   0.50 sec =  378.5458 Mbps     0 retrans
[2024-11-02T10:42:22.219160-0700]    25.4375 MB /   0.50 sec =  426.7730 Mbps     0 retrans
[2024-11-02T10:42:22.719165-0700]    28.2500 MB /   0.50 sec =  473.9592 Mbps     0 retrans
[2024-11-02T10:42:23.219115-0700]    31.7500 MB /   0.50 sec =  532.6894 Mbps     0 retrans
[2024-11-02T10:42:23.719136-0700]    32.1250 MB /   0.50 sec =  538.9530 Mbps     0 retrans
[2024-11-02T10:42:24.220363-0700]    18.2500 MB /   0.50 sec =  305.4798 Mbps     0 retrans
[2024-11-02T10:42:24.719367-0700]    20.6875 MB /   0.50 sec =  347.7707 Mbps     0 retrans
[2024-11-02T10:42:25.219801-0700]    23.7500 MB /   0.50 sec =  398.1714 Mbps     0 retrans
[2024-11-02T10:42:25.719123-0700]    29.8750 MB /   0.50 sec =  501.7411 Mbps     0 retrans
[2024-11-02T10:42:26.220159-0700]    38.1250 MB /   0.50 sec =  638.8992 Mbps     0 retrans
[2024-11-02T10:42:26.719576-0700]    35.8750 MB /   0.50 sec =  602.0693 Mbps     0 retrans
[2024-11-02T10:42:27.219164-0700]    33.7500 MB /   0.50 sec =  566.7093 Mbps     0 retrans
[2024-11-02T10:42:27.719161-0700]    38.7500 MB /   0.50 sec =  650.0898 Mbps     0 retrans
[2024-11-02T10:42:28.219216-0700]    38.6250 MB /   0.50 sec =  647.9785 Mbps     0 retrans
[2024-11-02T10:42:28.719114-0700]    40.0625 MB /   0.50 sec =  672.2179 Mbps     0 retrans
[2024-11-02T10:42:29.219125-0700]    41.9375 MB /   0.50 sec =  703.5987 Mbps     0 retrans
[2024-11-02T10:42:29.719172-0700]    36.7500 MB /   0.50 sec =  616.5380 Mbps     0 retrans
[2024-11-02T10:42:30.219291-0700]    36.2500 MB /   0.50 sec =  608.1875 Mbps     0 retrans
[2024-11-02T10:42:30.719374-0700]    14.6250 MB /   0.50 sec =  245.3354 Mbps     0 retrans
[2024-11-02T10:42:31.220746-0700]    33.1875 MB /   0.50 sec =  555.1595 Mbps     0 retrans
[2024-11-02T10:42:31.719167-0700]    25.5000 MB /   0.50 sec =  429.0969 Mbps     0 retrans
[2024-11-02T10:42:32.219160-0700]    30.1875 MB /   0.50 sec =  506.5098 Mbps     0 retrans
[2024-11-02T10:42:32.719082-0700]    31.7500 MB /   0.50 sec =  532.6596 Mbps     0 retrans
[2024-11-02T10:42:33.219287-0700]    36.3125 MB /   0.50 sec =  609.2531 Mbps     0 retrans
[2024-11-02T10:42:33.719145-0700]    33.3750 MB /   0.50 sec =  559.9273 Mbps     0 retrans
[2024-11-02T10:42:34.219108-0700]    33.6250 MB /   0.50 sec =  564.1486 Mbps     0 retrans
[2024-11-02T10:42:34.719179-0700]    19.5625 MB /   0.50 sec =  328.1846 Mbps     0 retrans
[2024-11-02T10:42:35.219109-0700]    21.3750 MB /   0.50 sec =  358.6309 Mbps     0 retrans
[2024-11-02T10:42:35.719154-0700]    35.0625 MB /   0.50 sec =  588.2170 Mbps     0 retrans
[2024-11-02T10:42:36.219062-0700]    34.1250 MB /   0.50 sec =  572.5694 Mbps     0 retrans
[2024-11-02T10:42:36.719275-0700]    36.9375 MB /   0.50 sec =  619.7245 Mbps     0 retrans
[2024-11-02T10:42:37.219129-0700]    37.0625 MB /   0.50 sec =  621.7819 Mbps     0 retrans
[2024-11-02T10:42:37.719168-0700]    39.2500 MB /   0.50 sec =  658.4596 Mbps     0 retrans
[2024-11-02T10:42:38.219252-0700]    26.8750 MB /   0.50 sec =  450.8913 Mbps     0 retrans
[2024-11-02T10:42:38.719121-0700]    31.8750 MB /   0.50 sec =  534.8026 Mbps     0 retrans
[2024-11-02T10:42:39.219207-0700]    37.1250 MB /   0.50 sec =  622.7919 Mbps     0 retrans
[2024-11-02T10:42:39.719101-0700]    30.5625 MB /   0.50 sec =  512.8039 Mbps     0 retrans
[2024-11-02T10:42:40.219127-0700]    37.2500 MB /   0.50 sec =  624.9425 Mbps     0 retrans
[2024-11-02T10:42:40.719153-0700]    33.0625 MB /   0.50 sec =  554.6878 Mbps     0 retrans
[2024-11-02T10:42:41.219151-0700]    33.2500 MB /   0.50 sec =  557.8525 Mbps     0 retrans
[2024-11-02T10:42:41.719117-0700]    36.6875 MB /   0.50 sec =  615.5264 Mbps     0 retrans
[2024-11-02T10:42:42.219389-0700]    26.1250 MB /   0.50 sec =  438.2110 Mbps     0 retrans
[2024-11-02T10:42:42.719091-0700]    27.3125 MB /   0.50 sec =  458.3276 Mbps     0 retrans
[2024-11-02T10:42:43.219113-0700]    32.3750 MB /   0.50 sec =  543.1559 Mbps     0 retrans
[2024-11-02T10:42:43.719099-0700]    33.2500 MB /   0.50 sec =  557.8480 Mbps     0 retrans
[2024-11-02T10:42:44.219121-0700]    35.1250 MB /   0.50 sec =  589.2950 Mbps     0 retrans
[2024-11-02T10:42:44.719494-0700]    37.1250 MB /   0.50 sec =  622.8716 Mbps     0 retrans
[2024-11-02T10:42:45.219155-0700]    23.7500 MB /   0.50 sec =  398.4509 Mbps     0 retrans
[2024-11-02T10:42:45.719354-0700]    36.3125 MB /   0.50 sec =  609.1861 Mbps     0 retrans
[2024-11-02T10:42:46.219138-0700]    37.8125 MB /   0.50 sec =  634.4126 Mbps     0 retrans
[2024-11-02T10:42:46.719129-0700]    44.6250 MB /   0.50 sec =  748.6908 Mbps     0 retrans
[2024-11-02T10:42:47.219128-0700]    40.7500 MB /   0.50 sec =  683.6264 Mbps     0 retrans
[2024-11-02T10:42:47.719117-0700]    42.3125 MB /   0.50 sec =  709.9328 Mbps     0 retrans
[2024-11-02T10:42:48.219554-0700]    34.0625 MB /   0.50 sec =  571.1986 Mbps     0 retrans
[2024-11-02T10:42:48.719206-0700]    36.6250 MB /   0.50 sec =  614.7754 Mbps     0 retrans
[2024-11-02T10:42:49.219122-0700]    35.8750 MB /   0.50 sec =  601.8694 Mbps     0 retrans
[2024-11-02T10:42:49.719211-0700]    34.9375 MB /   0.50 sec =  586.1282 Mbps     0 retrans
[2024-11-02T10:42:50.219112-0700]    37.2500 MB /   0.50 sec =  624.9813 Mbps     0 retrans
[2024-11-02T10:42:50.719296-0700]    33.8125 MB /   0.50 sec =  567.3068 Mbps     0 retrans
[2024-11-02T10:42:51.219435-0700]    34.9375 MB /   0.50 sec =  585.7440 Mbps     0 retrans
[2024-11-02T10:42:51.719104-0700]    26.3750 MB /   0.50 sec =  442.7993 Mbps     0 retrans
[2024-11-02T10:42:52.219102-0700]    29.3750 MB /   0.50 sec =  492.8199 Mbps     0 retrans
[2024-11-02T10:42:52.719138-0700]    25.5625 MB /   0.50 sec =  428.8341 Mbps     0 retrans
[2024-11-02T10:42:53.219299-0700]    13.0000 MB /   0.50 sec =  218.1269 Mbps     0 retrans
[2024-11-02T10:42:53.719606-0700]    30.3125 MB /   0.50 sec =  508.0716 Mbps     0 retrans
[2024-11-02T10:42:54.219404-0700]    17.2500 MB /   0.50 sec =  289.5500 Mbps     0 retrans
[2024-11-02T10:42:54.719273-0700]    29.0625 MB /   0.50 sec =  487.7927 Mbps     0 retrans
[2024-11-02T10:42:55.219144-0700]    28.8750 MB /   0.50 sec =  484.4402 Mbps     0 retrans
[2024-11-02T10:42:55.719117-0700]    30.3750 MB /   0.50 sec =  509.6079 Mbps     0 retrans
[2024-11-02T10:42:56.219199-0700]    31.8125 MB /   0.50 sec =  533.7647 Mbps     0 retrans
[2024-11-02T10:42:56.719200-0700]    28.7500 MB /   0.50 sec =  482.3218 Mbps     0 retrans
[2024-11-02T10:42:57.219365-0700]    24.8125 MB /   0.50 sec =  416.2589 Mbps     0 retrans
[2024-11-02T10:42:57.719160-0700]    31.7500 MB /   0.50 sec =  532.7096 Mbps     0 retrans
[2024-11-02T10:42:58.219272-0700]    34.8750 MB /   0.50 sec =  585.0960 Mbps     0 retrans
[2024-11-02T10:42:58.719121-0700]    36.0000 MB /   0.50 sec =  603.9834 Mbps     0 retrans
[2024-11-02T10:42:59.219106-0700]    32.3125 MB /   0.50 sec =  542.1160 Mbps     0 retrans
[2024-11-02T10:42:59.719112-0700]    32.1250 MB /   0.50 sec =  538.9627 Mbps     0 retrans
[2024-11-02T10:43:00.219124-0700]    36.6250 MB /   0.50 sec =  614.4741 Mbps     0 retrans
[2024-11-02T10:43:00.719034-0700]    35.6250 MB /   0.50 sec =  597.7110 Mbps     0 retrans
[2024-11-02T10:43:01.219295-0700]    38.5625 MB /   0.50 sec =  646.9132 Mbps     0 retrans
[2024-11-02T10:43:01.719132-0700]    41.5000 MB /   0.50 sec =  696.2781 Mbps     0 retrans
[2024-11-02T10:43:02.219117-0700]    40.3750 MB /   0.50 sec =  677.3896 Mbps     0 retrans
[2024-11-02T10:43:02.719147-0700]    40.5625 MB /   0.50 sec =  680.5231 Mbps     0 retrans
[2024-11-02T10:43:03.219152-0700]    34.5625 MB /   0.50 sec =  579.8556 Mbps     0 retrans
[2024-11-02T10:43:03.719229-0700]    19.8125 MB /   0.50 sec =  332.3321 Mbps     0 retrans
[2024-11-02T10:43:04.219148-0700]    23.2500 MB /   0.50 sec =  390.1467 Mbps     0 retrans
[2024-11-02T10:43:04.719104-0700]    33.8125 MB /   0.50 sec =  567.3000 Mbps     0 retrans
[2024-11-02T10:43:05.219530-0700]    25.1875 MB /   0.50 sec =  422.5643 Mbps     0 retrans
[2024-11-02T10:43:05.719462-0700]    31.5000 MB /   0.50 sec =  528.1918 Mbps     0 retrans
[2024-11-02T10:43:06.219478-0700]    28.4375 MB /   0.50 sec =  477.2920 Mbps     0 retrans
[2024-11-02T10:43:06.719274-0700]    34.8125 MB /   0.50 sec =  584.1538 Mbps     0 retrans
[2024-11-02T10:43:07.219122-0700]    32.8125 MB /   0.50 sec =  550.5057 Mbps     0 retrans
[2024-11-02T10:43:07.719162-0700]    35.8750 MB /   0.50 sec =  601.8236 Mbps     0 retrans
[2024-11-02T10:43:08.219153-0700]    39.9375 MB /   0.50 sec =  670.0964 Mbps     0 retrans
[2024-11-02T10:43:08.719188-0700]    40.5625 MB /   0.50 sec =  680.4891 Mbps     0 retrans
[2024-11-02T10:43:09.219333-0700]    39.0625 MB /   0.50 sec =  655.4334 Mbps     0 retrans
[2024-11-02T10:43:09.719302-0700]    36.8125 MB /   0.50 sec =  617.5841 Mbps     0 retrans
[2024-11-02T10:43:10.219213-0700]    35.3750 MB /   0.50 sec =  593.4014 Mbps     0 retrans
[2024-11-02T10:43:10.719138-0700]    42.8750 MB /   0.50 sec =  719.4051 Mbps     0 retrans
[2024-11-02T10:43:11.219144-0700]    39.1250 MB /   0.50 sec =  656.4138 Mbps     0 retrans
[2024-11-02T10:43:11.719093-0700]    33.0625 MB /   0.50 sec =  554.7111 Mbps     0 retrans
[2024-11-02T10:43:12.219435-0700]    25.0000 MB /   0.50 sec =  419.4136 Mbps     0 retrans
[2024-11-02T10:43:12.719189-0700]    39.3750 MB /   0.50 sec =  660.5619 Mbps     0 retrans
[2024-11-02T10:43:13.219115-0700]    41.4375 MB /   0.50 sec =  695.2782 Mbps     0 retrans
[2024-11-02T10:43:13.719113-0700]    45.8125 MB /   0.50 sec =  768.5647 Mbps     0 retrans
[2024-11-02T10:43:14.219249-0700]    42.3750 MB /   0.50 sec =  710.8123 Mbps     0 retrans
[2024-11-02T10:43:14.719183-0700]    33.3750 MB /   0.50 sec =  560.0292 Mbps     0 retrans
[2024-11-02T10:43:15.219117-0700]    40.3125 MB /   0.50 sec =  676.3748 Mbps     0 retrans
[2024-11-02T10:43:15.719157-0700]    41.8750 MB /   0.50 sec =  702.4686 Mbps     0 retrans
[2024-11-02T10:43:16.219159-0700]    48.3125 MB /   0.50 sec =  810.6092 Mbps     0 retrans
[2024-11-02T10:43:16.719238-0700]    50.2500 MB /   0.50 sec =  842.8815 Mbps     0 retrans
[2024-11-02T10:43:17.219143-0700]    45.4375 MB /   0.50 sec =  762.4230 Mbps     0 retrans
[2024-11-02T10:43:17.719201-0700]    47.4375 MB /   0.50 sec =  795.8565 Mbps     0 retrans
[2024-11-02T10:43:18.219152-0700]    52.5625 MB /   0.50 sec =  881.9388 Mbps     0 retrans
[2024-11-02T10:43:18.719028-0700]    52.5625 MB /   0.50 sec =  881.9036 Mbps     0 retrans
[2024-11-02T10:43:19.219152-0700]    47.6250 MB /   0.50 sec =  798.9846 Mbps     0 retrans
[2024-11-02T10:43:19.719312-0700]    46.5625 MB /   0.50 sec =  781.1516 Mbps     0 retrans
[2024-11-02T10:43:20.219166-0700]    56.5625 MB /   0.50 sec =  948.9765 Mbps     0 retrans
[2024-11-02T10:43:20.719127-0700]    42.7500 MB /   0.50 sec =  717.2360 Mbps     0 retrans
[2024-11-02T10:43:21.219122-0700]    50.3750 MB /   0.50 sec =  845.1641 Mbps     0 retrans
[2024-11-02T10:43:21.719398-0700]    47.4375 MB /   0.50 sec =  795.6814 Mbps     0 retrans
[2024-11-02T10:43:22.219108-0700]    38.8750 MB /   0.50 sec =  652.3735 Mbps     0 retrans
[2024-11-02T10:43:22.719143-0700]    44.5625 MB /   0.50 sec =  747.6018 Mbps     0 retrans
[2024-11-02T10:43:23.219436-0700]    38.0000 MB /   0.50 sec =  637.5406 Mbps     0 retrans
[2024-11-02T10:43:23.719101-0700]    36.5625 MB /   0.50 sec =  613.4378 Mbps     0 retrans
[2024-11-02T10:43:24.219139-0700]    31.8750 MB /   0.50 sec =  534.7609 Mbps     0 retrans
[2024-11-02T10:43:24.719232-0700]    35.9375 MB /   0.50 sec =  602.9360 Mbps     0 retrans
[2024-11-02T10:43:25.219282-0700]    16.5625 MB /   0.50 sec =  277.7904 Mbps     0 retrans
[2024-11-02T10:43:25.719169-0700]    33.1250 MB /   0.50 sec =  555.8998 Mbps     0 retrans
[2024-11-02T10:43:26.219285-0700]    39.5625 MB /   0.50 sec =  663.8017 Mbps     0 retrans
[2024-11-02T10:43:26.719118-0700]    40.0625 MB /   0.50 sec =  672.0982 Mbps     0 retrans
[2024-11-02T10:43:27.219151-0700]    36.5000 MB /   0.50 sec =  612.3672 Mbps     0 retrans
[2024-11-02T10:43:27.719094-0700]    38.0000 MB /   0.50 sec =  637.5419 Mbps     0 retrans
[2024-11-02T10:43:28.219269-0700]    37.6250 MB /   0.50 sec =  631.2390 Mbps     0 retrans
[2024-11-02T10:43:28.719125-0700]    36.3125 MB /   0.50 sec =  609.2227 Mbps     0 retrans
[2024-11-02T10:43:29.219116-0700]    31.9375 MB /   0.50 sec =  535.8191 Mbps     0 retrans
[2024-11-02T10:43:29.719059-0700]    38.1250 MB /   0.50 sec =  639.6633 Mbps     0 retrans
[2024-11-02T10:43:30.219273-0700]    25.5625 MB /   0.50 sec =  428.7604 Mbps     0 retrans
[2024-11-02T10:43:30.719181-0700]    39.6250 MB /   0.50 sec =  664.8810 Mbps     0 retrans
[2024-11-02T10:43:31.219159-0700]    30.6875 MB /   0.50 sec =  514.8941 Mbps     0 retrans
[2024-11-02T10:43:31.719205-0700]    32.6875 MB /   0.50 sec =  548.3932 Mbps     0 retrans
[2024-11-02T10:43:32.219206-0700]    34.5000 MB /   0.50 sec =  578.8325 Mbps     0 retrans
[2024-11-02T10:43:32.719181-0700]    25.3750 MB /   0.50 sec =  425.6495 Mbps     0 retrans
[2024-11-02T10:43:33.219111-0700]    34.9375 MB /   0.50 sec =  586.2443 Mbps     0 retrans
[2024-11-02T10:43:33.719279-0700]    29.1875 MB /   0.50 sec =  489.4794 Mbps     0 retrans
[2024-11-02T10:43:34.219573-0700]    32.8750 MB /   0.50 sec =  551.3106 Mbps     0 retrans
End time: 1730569414475
