Start time: 1730569631055
[2024-11-02T10:47:16.127585-0700] traceroute to 54.176.53.206 (54.176.53.206), 30 hops max, 60 byte packets
[2024-11-02T10:47:16.128485-0700]  1  * * *
[2024-11-02T10:47:16.128530-0700]  2  * * *
[2024-11-02T10:47:16.132951-0700]  3  * * *
[2024-11-02T10:47:16.133116-0700]  4  * * *
[2024-11-02T10:47:16.133215-0700]  5  * * *
[2024-11-02T10:47:21.134401-0700]  6  * * *
[2024-11-02T10:47:21.134726-0700]  7  * * *
[2024-11-02T10:47:21.134837-0700]  8  * * *
[2024-11-02T10:47:21.147752-0700]  9  * * *
[2024-11-02T10:47:21.148076-0700] 10  * * *
[2024-11-02T10:47:26.141828-0700] 11  * * *
[2024-11-02T10:47:26.142084-0700] 12  * * *
[2024-11-02T10:47:26.151487-0700] 13  * * *
[2024-11-02T10:47:26.151639-0700] 14  * * *
[2024-11-02T10:47:26.162046-0700] 15  * * *
[2024-11-02T10:47:31.151507-0700] 16  * * *
[2024-11-02T10:47:31.151817-0700] 17  * * *
[2024-11-02T10:47:31.156092-0700] 18  * * *
[2024-11-02T10:47:31.162139-0700] 19  * * *
[2024-11-02T10:47:31.162286-0700] 20  * * *
[2024-11-02T10:47:31.169131-0700] 21  * * *
[2024-11-02T10:47:36.158588-0700] 22  * * *
[2024-11-02T10:47:36.158892-0700] 23  * * *
[2024-11-02T10:47:36.166615-0700] 24  * * *
[2024-11-02T10:47:36.172612-0700] 25  * * *
[2024-11-02T10:47:36.172847-0700] 26  * * *
[2024-11-02T10:47:41.114791-0700] 27  * *End time: 1730569661181
