Start time: 1730592544990
[2024-11-02T18:09:10.083345-0600] traceroute to 54.176.53.206 (54.176.53.206), 30 hops max, 60 byte packets
[2024-11-02T18:09:10.083981-0600]  1  * * *
[2024-11-02T18:09:10.084030-0600]  2  * * *
[2024-11-02T18:09:10.084069-0600]  3  * * *
[2024-11-02T18:09:10.084104-0600]  4  * * *
[2024-11-02T18:09:10.084138-0600]  5  * * *
[2024-11-02T18:09:15.091751-0600]  6  * * *
[2024-11-02T18:09:15.092073-0600]  7  * * *
[2024-11-02T18:09:15.092132-0600]  8  * * *
[2024-11-02T18:09:15.092177-0600]  9  * * *
[2024-11-02T18:09:15.092221-0600] 10  * * *
[2024-11-02T18:09:20.100332-0600] 11  * * *
[2024-11-02T18:09:20.100885-0600] 12  * * *
[2024-11-02T18:09:20.108147-0600] 13  * * *
[2024-11-02T18:09:20.108283-0600] 14  * * *
[2024-11-02T18:09:20.116068-0600] 15  * * *
[2024-11-02T18:09:25.109257-0600] 16  * * *
[2024-11-02T18:09:25.109721-0600] 17  * * *
[2024-11-02T18:09:25.117202-0600] 18  * * *
[2024-11-02T18:09:25.117369-0600] 19  * * *
[2024-11-02T18:09:25.117481-0600] 20  * * *
[2024-11-02T18:09:25.125612-0600] 21  * * *
[2024-11-02T18:09:30.118009-0600] 22  * * *
[2024-11-02T18:09:30.118370-0600] 23  * * *
[2024-11-02T18:09:30.123624-0600] 24  * * *
[2024-11-02T18:09:30.127014-0600] 25  * * *
[2024-11-02T18:09:30.127105-0600] 26  * * *
[2024-11-02T18:09:35.071642-0600] 27  * *End time: 1730592575133
