Start time: 1730823771900
[2024-11-05T10:22:52.871908-0600] nuttcp-r: v8.1.4: socket
[2024-11-05T10:22:52.872540-0600] nuttcp-r: buflen=65536, nstream=1, port=5379 tcp
[2024-11-05T10:22:52.872593-0600] nuttcp-r: interval reporting every 0.50 seconds
[2024-11-05T10:22:52.872634-0600] nuttcp-r: connect to 54.197.223.49 with RTT=89.842 ms af=inet
[2024-11-05T10:22:52.872674-0600] nuttcp-r: send window size = 2097152, receive window size = 6291456
[2024-11-05T10:22:52.872715-0600] nuttcp-r: available send window = 1572864, available receive window = 4718592
[2024-11-05T10:22:52.872753-0600]     0.2500 MB /   0.50 sec =    4.1937 Mbps     0 retrans     13 KB-cwnd
[2024-11-05T10:22:53.371860-0600]     4.9375 MB /   0.50 sec =   82.8390 Mbps     0 retrans     13 KB-cwnd
[2024-11-05T10:22:53.871735-0600]    37.5625 MB /   0.50 sec =  630.2358 Mbps     0 retrans     13 KB-cwnd
[2024-11-05T10:22:54.371855-0600]    44.1875 MB /   0.50 sec =  741.2884 Mbps     0 retrans     13 KB-cwnd
[2024-11-05T10:22:54.871908-0600]    44.2500 MB /   0.50 sec =  742.3666 Mbps     0 retrans     26 KB-cwnd
[2024-11-05T10:22:55.372103-0600]    16.3125 MB /   0.50 sec =  273.6165 Mbps     0 retrans     26 KB-cwnd
[2024-11-05T10:22:55.871825-0600]    40.3125 MB /   0.50 sec =  676.5250 Mbps     0 retrans     26 KB-cwnd
[2024-11-05T10:22:56.371838-0600]    44.6875 MB /   0.50 sec =  749.7273 Mbps     0 retrans     26 KB-cwnd
[2024-11-05T10:22:56.871836-0600]    45.5625 MB /   0.50 sec =  764.3920 Mbps     0 retrans     26 KB-cwnd
[2024-11-05T10:22:57.371758-0600]    46.4375 MB /   0.50 sec =  779.1621 Mbps     0 retrans     26 KB-cwnd
[2024-11-05T10:22:57.871973-0600]    45.8125 MB /   0.50 sec =  768.3772 Mbps     0 retrans     34 KB-cwnd
[2024-11-05T10:22:58.371877-0600]    46.5625 MB /   0.50 sec =  781.3298 Mbps     9 retrans  16956 KB-cwnd
[2024-11-05T10:22:58.871890-0600]    45.6875 MB /   0.50 sec =  766.5229 Mbps     0 retrans  16956 KB-cwnd
[2024-11-05T10:22:59.371704-0600]    46.0000 MB /   0.50 sec =  771.8260 Mbps     0 retrans  16956 KB-cwnd
[2024-11-05T10:22:59.871883-0600]    43.4375 MB /   0.50 sec =  728.6379 Mbps     0 retrans  16956 KB-cwnd
[2024-11-05T10:23:00.371944-0600]    38.7500 MB /   0.50 sec =  650.0989 Mbps     0 retrans  17729 KB-cwnd
[2024-11-05T10:23:00.871831-0600]    47.0625 MB /   0.50 sec =  789.6946 Mbps     0 retrans  17729 KB-cwnd
[2024-11-05T10:23:01.372015-0600]    42.6875 MB /   0.50 sec =  716.1860 Mbps     0 retrans  17777 KB-cwnd
[2024-11-05T10:23:01.871724-0600]    44.6875 MB /   0.50 sec =  749.7618 Mbps     0 retrans  19221 KB-cwnd
[2024-11-05T10:23:02.371871-0600]    45.7500 MB /   0.50 sec =  767.5054 Mbps     0 retrans  19221 KB-cwnd
[2024-11-05T10:23:02.871829-0600]    40.5000 MB /   0.50 sec =  679.4922 Mbps     0 retrans  18382 KB-cwnd
[2024-11-05T10:23:03.371855-0600]    46.2500 MB /   0.50 sec =  775.9323 Mbps     0 retrans  18382 KB-cwnd
[2024-11-05T10:23:03.871868-0600]    45.8125 MB /   0.50 sec =  768.5847 Mbps     0 retrans  17830 KB-cwnd
[2024-11-05T10:23:04.371910-0600]    46.5000 MB /   0.50 sec =  780.0485 Mbps     0 retrans  18238 KB-cwnd
[2024-11-05T10:23:04.871840-0600]    43.4375 MB /   0.50 sec =  728.8507 Mbps     0 retrans  18238 KB-cwnd
[2024-11-05T10:23:05.371871-0600]    45.0000 MB /   0.50 sec =  754.9717 Mbps     0 retrans  17830 KB-cwnd
[2024-11-05T10:23:05.871836-0600]    45.8750 MB /   0.50 sec =  769.6763 Mbps     0 retrans  17830 KB-cwnd
[2024-11-05T10:23:06.371870-0600]    45.3750 MB /   0.50 sec =  761.2510 Mbps     0 retrans  17572 KB-cwnd
[2024-11-05T10:23:06.871821-0600]    46.3750 MB /   0.50 sec =  778.0698 Mbps     0 retrans  17292 KB-cwnd
[2024-11-05T10:23:07.371877-0600]    45.5000 MB /   0.50 sec =  763.3114 Mbps     0 retrans  17295 KB-cwnd
[2024-11-05T10:23:07.871844-0600]    45.8750 MB /   0.50 sec =  769.6994 Mbps     0 retrans  18565 KB-cwnd
[2024-11-05T10:23:08.372024-0600]    44.8750 MB /   0.50 sec =  752.7978 Mbps     0 retrans  18565 KB-cwnd
[2024-11-05T10:23:08.871957-0600]    43.9375 MB /   0.50 sec =  737.0620 Mbps     0 retrans  17244 KB-cwnd
[2024-11-05T10:23:09.371934-0600]    47.8750 MB /   0.50 sec =  803.3056 Mbps     0 retrans  19125 KB-cwnd
[2024-11-05T10:23:09.871866-0600]    43.5000 MB /   0.50 sec =  729.8673 Mbps     0 retrans  19125 KB-cwnd
[2024-11-05T10:23:10.371839-0600]    45.0625 MB /   0.50 sec =  756.0460 Mbps     0 retrans  19660 KB-cwnd
[2024-11-05T10:23:10.871823-0600]    44.5000 MB /   0.50 sec =  746.5846 Mbps     0 retrans  20012 KB-cwnd
[2024-11-05T10:23:11.371895-0600]    42.1875 MB /   0.50 sec =  707.7364 Mbps     0 retrans  20012 KB-cwnd
[2024-11-05T10:23:11.871852-0600]    45.1875 MB /   0.50 sec =  758.1872 Mbps     0 retrans  17329 KB-cwnd
[2024-11-05T10:23:12.371828-0600]    44.5000 MB /   0.50 sec =  746.5891 Mbps     0 retrans  17329 KB-cwnd
[2024-11-05T10:23:12.872051-0600]    18.1875 MB /   0.50 sec =  305.0606 Mbps     0 retrans  21008 KB-cwnd
[2024-11-05T10:23:13.371869-0600]    33.4375 MB /   0.50 sec =  561.0690 Mbps     0 retrans  21008 KB-cwnd
[2024-11-05T10:23:13.871895-0600]    41.9375 MB /   0.50 sec =  703.5467 Mbps     0 retrans  19567 KB-cwnd
[2024-11-05T10:23:14.372023-0600]    39.5000 MB /   0.50 sec =  662.7862 Mbps     0 retrans  19570 KB-cwnd
[2024-11-05T10:23:14.871834-0600]    37.5000 MB /   0.50 sec =  629.1481 Mbps     0 retrans  19924 KB-cwnd
[2024-11-05T10:23:15.371854-0600]    46.5625 MB /   0.50 sec =  781.1766 Mbps     0 retrans  17175 KB-cwnd
[2024-11-05T10:23:15.871756-0600]    43.7500 MB /   0.50 sec =  734.0546 Mbps     0 retrans  18331 KB-cwnd
[2024-11-05T10:23:16.371818-0600]    43.7500 MB /   0.50 sec =  733.9900 Mbps     0 retrans  18331 KB-cwnd
[2024-11-05T10:23:16.871854-0600]    45.3750 MB /   0.50 sec =  761.2464 Mbps     0 retrans  19458 KB-cwnd
[2024-11-05T10:23:17.371866-0600]    46.3750 MB /   0.50 sec =  778.0449 Mbps     0 retrans  19903 KB-cwnd
[2024-11-05T10:23:17.871813-0600]    46.5000 MB /   0.50 sec =  780.1499 Mbps     0 retrans  19903 KB-cwnd
[2024-11-05T10:23:18.371906-0600]    43.9375 MB /   0.50 sec =  737.0266 Mbps     0 retrans  18573 KB-cwnd
[2024-11-05T10:23:18.871874-0600]    46.5000 MB /   0.50 sec =  780.2482 Mbps     0 retrans  18573 KB-cwnd
[2024-11-05T10:23:19.372249-0600]    16.3750 MB /   0.50 sec =  274.6615 Mbps     0 retrans  18573 KB-cwnd
[2024-11-05T10:23:19.872008-0600]     0.0000 MB /   0.50 sec =    0.0000 Mbps     0 retrans  18573 KB-cwnd
[2024-11-05T10:23:20.372020-0600]    43.3125 MB /   0.50 sec =  726.8143 Mbps     0 retrans  18573 KB-cwnd
[2024-11-05T10:23:20.871802-0600]    43.1875 MB /   0.50 sec =  724.5805 Mbps     0 retrans  18033 KB-cwnd
[2024-11-05T10:23:21.371815-0600]    41.0625 MB /   0.50 sec =  688.9461 Mbps     0 retrans  18033 KB-cwnd
[2024-11-05T10:23:21.871862-0600]    45.1250 MB /   0.50 sec =  757.0204 Mbps     0 retrans  19399 KB-cwnd
[2024-11-05T10:23:22.371874-0600]    46.0625 MB /   0.50 sec =  772.7912 Mbps   190 retrans  18778 KB-cwnd
[2024-11-05T10:23:22.872030-0600]    45.5000 MB /   0.50 sec =  763.3969 Mbps     0 retrans  18778 KB-cwnd
[2024-11-05T10:23:23.371759-0600]    36.7500 MB /   0.50 sec =  616.5886 Mbps     0 retrans  17217 KB-cwnd
[2024-11-05T10:23:23.871775-0600]    19.3125 MB /   0.50 sec =  324.0074 Mbps     0 retrans  17217 KB-cwnd
[2024-11-05T10:23:24.371834-0600]    48.8125 MB /   0.50 sec =  818.9084 Mbps     0 retrans  17686 KB-cwnd
[2024-11-05T10:23:24.871727-0600]    45.7500 MB /   0.50 sec =  767.6129 Mbps     0 retrans  17686 KB-cwnd
[2024-11-05T10:23:25.371716-0600]    45.7500 MB /   0.50 sec =  767.5622 Mbps     0 retrans  18728 KB-cwnd
[2024-11-05T10:23:25.871824-0600]    35.5000 MB /   0.50 sec =  595.5590 Mbps     0 retrans  18728 KB-cwnd
[2024-11-05T10:23:26.372027-0600]    31.1250 MB /   0.50 sec =  522.0081 Mbps   132 retrans  20702 KB-cwnd
[2024-11-05T10:23:26.871799-0600]    30.9375 MB /   0.50 sec =  519.2372 Mbps     0 retrans  20702 KB-cwnd
[2024-11-05T10:23:27.371910-0600]    45.8125 MB /   0.50 sec =  768.5739 Mbps     0 retrans  21869 KB-cwnd
[2024-11-05T10:23:27.871835-0600]    44.9375 MB /   0.50 sec =  753.9322 Mbps     0 retrans  21869 KB-cwnd
[2024-11-05T10:23:28.371946-0600]    45.7500 MB /   0.50 sec =  767.5423 Mbps     1 retrans  20963 KB-cwnd
[2024-11-05T10:23:28.871971-0600]    45.4375 MB /   0.50 sec =  762.3346 Mbps     0 retrans  19527 KB-cwnd
[2024-11-05T10:23:29.371853-0600]    44.8750 MB /   0.50 sec =  752.8580 Mbps     0 retrans  19527 KB-cwnd
[2024-11-05T10:23:29.871860-0600]    46.1875 MB /   0.50 sec =  774.9070 Mbps     0 retrans  17694 KB-cwnd
[2024-11-05T10:23:30.371716-0600]    44.5000 MB /   0.50 sec =  746.6399 Mbps     0 retrans  17841 KB-cwnd
[2024-11-05T10:23:30.871845-0600]    46.0625 MB /   0.50 sec =  772.7217 Mbps     0 retrans  17841 KB-cwnd
[2024-11-05T10:23:31.371794-0600]    43.1875 MB /   0.50 sec =  724.5849 Mbps     0 retrans  19303 KB-cwnd
[2024-11-05T10:23:31.871887-0600]    46.0625 MB /   0.50 sec =  772.7851 Mbps     0 retrans  19303 KB-cwnd
[2024-11-05T10:23:32.371879-0600]    45.2500 MB /   0.50 sec =  759.1645 Mbps     0 retrans  19554 KB-cwnd
[2024-11-05T10:23:32.871861-0600]    44.6875 MB /   0.50 sec =  749.7498 Mbps     0 retrans  19583 KB-cwnd
[2024-11-05T10:23:33.371832-0600]    44.6250 MB /   0.50 sec =  748.6668 Mbps     0 retrans  19583 KB-cwnd
[2024-11-05T10:23:33.871866-0600]    45.5625 MB /   0.50 sec =  764.4211 Mbps     0 retrans  18829 KB-cwnd
[2024-11-05T10:23:34.371872-0600]    45.3750 MB /   0.50 sec =  761.2647 Mbps     0 retrans  18829 KB-cwnd
[2024-11-05T10:23:34.871984-0600]    42.8750 MB /   0.50 sec =  719.3447 Mbps     0 retrans  21493 KB-cwnd
[2024-11-05T10:23:35.371768-0600]    36.5625 MB /   0.50 sec =  613.3924 Mbps     0 retrans  21493 KB-cwnd
[2024-11-05T10:23:35.871892-0600]    44.6250 MB /   0.50 sec =  748.6638 Mbps     0 retrans  21592 KB-cwnd
[2024-11-05T10:23:36.371852-0600]    37.3125 MB /   0.50 sec =  626.0337 Mbps     0 retrans  18829 KB-cwnd
[2024-11-05T10:23:36.871769-0600]    38.1250 MB /   0.50 sec =  639.6518 Mbps     0 retrans  18829 KB-cwnd
[2024-11-05T10:23:37.371816-0600]    34.3750 MB /   0.50 sec =  576.7087 Mbps     0 retrans  22274 KB-cwnd
[2024-11-05T10:23:37.871867-0600]    39.8125 MB /   0.50 sec =  667.9042 Mbps     0 retrans  23955 KB-cwnd
[2024-11-05T10:23:38.371882-0600]    45.1875 MB /   0.50 sec =  758.0568 Mbps     0 retrans  22958 KB-cwnd
[2024-11-05T10:23:38.871792-0600]    34.0625 MB /   0.50 sec =  571.5391 Mbps     0 retrans  22426 KB-cwnd
[2024-11-05T10:23:39.371833-0600]    16.3125 MB /   0.50 sec =  273.6816 Mbps     0 retrans  22426 KB-cwnd
[2024-11-05T10:23:39.871986-0600]    45.9375 MB /   0.50 sec =  770.6987 Mbps     0 retrans  19314 KB-cwnd
[2024-11-05T10:23:40.371813-0600]    42.6875 MB /   0.50 sec =  716.1874 Mbps     0 retrans  19889 KB-cwnd
[2024-11-05T10:23:40.871971-0600]    36.1250 MB /   0.50 sec =  606.0709 Mbps     0 retrans  19889 KB-cwnd
[2024-11-05T10:23:41.371827-0600]    33.5625 MB /   0.50 sec =  563.0921 Mbps   281 retrans  19716 KB-cwnd
[2024-11-05T10:23:41.871854-0600]    42.4375 MB /   0.50 sec =  711.9774 Mbps     0 retrans  19799 KB-cwnd
[2024-11-05T10:23:42.372089-0600]    45.0000 MB /   0.50 sec =  754.9657 Mbps     0 retrans  20497 KB-cwnd
[2024-11-05T10:23:42.871800-0600]    41.4375 MB /   0.50 sec =  695.2240 Mbps     0 retrans  20497 KB-cwnd
[2024-11-05T10:23:43.371759-0600]    40.4375 MB /   0.50 sec =  678.4409 Mbps   116 retrans  17121 KB-cwnd
[2024-11-05T10:23:43.871842-0600]    42.7500 MB /   0.50 sec =  717.1901 Mbps     0 retrans  17121 KB-cwnd
[2024-11-05T10:23:44.371763-0600]    48.0000 MB /   0.50 sec =  805.2838 Mbps     0 retrans  19484 KB-cwnd
[2024-11-05T10:23:44.871856-0600]    44.1250 MB /   0.50 sec =  740.3257 Mbps     0 retrans  19309 KB-cwnd
[2024-11-05T10:23:45.371916-0600]    45.1875 MB /   0.50 sec =  758.0644 Mbps     0 retrans  19309 KB-cwnd
[2024-11-05T10:23:45.871865-0600]    45.5625 MB /   0.50 sec =  764.4532 Mbps     0 retrans  21323 KB-cwnd
[2024-11-05T10:23:46.371854-0600]    43.5625 MB /   0.50 sec =  730.8677 Mbps     0 retrans  21323 KB-cwnd
[2024-11-05T10:23:46.871987-0600]    43.1250 MB /   0.50 sec =  723.5261 Mbps     0 retrans  19628 KB-cwnd
[2024-11-05T10:23:47.371853-0600]    38.8125 MB /   0.50 sec =  651.1566 Mbps     0 retrans  17159 KB-cwnd
[2024-11-05T10:23:47.871883-0600]    41.8125 MB /   0.50 sec =  701.4693 Mbps     0 retrans  17223 KB-cwnd
[2024-11-05T10:23:48.371929-0600]    44.4375 MB /   0.50 sec =  745.4809 Mbps     0 retrans  17225 KB-cwnd
[2024-11-05T10:23:48.871747-0600]    43.1875 MB /   0.50 sec =  724.6907 Mbps     0 retrans  17223 KB-cwnd
[2024-11-05T10:23:49.371837-0600]    44.3750 MB /   0.50 sec =  744.4607 Mbps     0 retrans  17199 KB-cwnd
[2024-11-05T10:23:49.871710-0600]    15.8750 MB /   0.50 sec =  266.3569 Mbps     0 retrans  17199 KB-cwnd
[2024-11-05T10:23:50.371874-0600]    44.1875 MB /   0.50 sec =  741.2750 Mbps     0 retrans  17604 KB-cwnd
[2024-11-05T10:23:50.871806-0600]    43.1250 MB /   0.50 sec =  723.5348 Mbps     0 retrans  17604 KB-cwnd
[2024-11-05T10:23:51.371854-0600]    43.1250 MB /   0.50 sec =  723.5160 Mbps     0 retrans  17031 KB-cwnd
[2024-11-05T10:23:51.871862-0600]    43.0000 MB /   0.50 sec =  721.4116 Mbps     0 retrans      5 KB-cwnd
[2024-11-05T10:23:52.371713-0600]    41.7500 MB /   0.50 sec =  700.5076 Mbps     0 retrans  18203 KB-cwnd
[2024-11-05T10:23:52.871826-0600]    41.0625 MB /   0.50 sec =  688.8676 Mbps     0 retrans  18203 KB-cwnd
[2024-11-05T10:23:53.372012-0600]    44.2500 MB /   0.50 sec =  742.3710 Mbps     0 retrans  17388 KB-cwnd
[2024-11-05T10:23:53.871843-0600]    43.0625 MB /   0.50 sec =  722.4746 Mbps     0 retrans  17247 KB-cwnd
[2024-11-05T10:23:54.371709-0600]    44.8125 MB /   0.50 sec =  751.8982 Mbps     0 retrans  17385 KB-cwnd
[2024-11-05T10:23:54.871822-0600]    43.6875 MB /   0.50 sec =  732.9106 Mbps     0 retrans  16999 KB-cwnd
[2024-11-05T10:23:55.371907-0600]    42.0000 MB /   0.50 sec =  704.6346 Mbps     0 retrans  16999 KB-cwnd
[2024-11-05T10:23:55.872045-0600]    44.3125 MB /   0.50 sec =  743.3958 Mbps     0 retrans  18925 KB-cwnd
[2024-11-05T10:23:56.371821-0600]    41.6250 MB /   0.50 sec =  698.3921 Mbps     0 retrans  20393 KB-cwnd
[2024-11-05T10:23:56.871859-0600]    45.4375 MB /   0.50 sec =  762.2751 Mbps     0 retrans  20393 KB-cwnd
[2024-11-05T10:23:57.371820-0600]    39.1875 MB /   0.50 sec =  657.4900 Mbps     0 retrans  18600 KB-cwnd
[2024-11-05T10:23:57.871916-0600]    43.5000 MB /   0.50 sec =  729.5652 Mbps     0 retrans  18600 KB-cwnd
[2024-11-05T10:23:58.372925-0600]    43.7500 MB /   0.50 sec =  733.1425 Mbps     0 retrans  18890 KB-cwnd
[2024-11-05T10:23:58.871806-0600]    43.8750 MB /   0.50 sec =  737.1456 Mbps     0 retrans  18890 KB-cwnd
[2024-11-05T10:23:59.372479-0600]    43.2500 MB /   0.50 sec =  725.3143 Mbps     0 retrans  19117 KB-cwnd
[2024-11-05T10:23:59.871755-0600]    45.1250 MB /   0.50 sec =  757.4627 Mbps     0 retrans  20947 KB-cwnd
[2024-11-05T10:24:00.371768-0600]    43.4375 MB /   0.50 sec =  728.7574 Mbps     0 retrans  20947 KB-cwnd
[2024-11-05T10:24:00.871778-0600]    43.0000 MB /   0.50 sec =  721.4203 Mbps     0 retrans  17937 KB-cwnd
[2024-11-05T10:24:01.372794-0600]    44.5625 MB /   0.50 sec =  747.5913 Mbps     0 retrans  17937 KB-cwnd
[2024-11-05T10:24:01.871743-0600]    45.5625 MB /   0.50 sec =  764.4822 Mbps     0 retrans  20856 KB-cwnd
[2024-11-05T10:24:02.371904-0600]    45.7500 MB /   0.50 sec =  767.5223 Mbps     0 retrans  21371 KB-cwnd
[2024-11-05T10:24:02.871889-0600]    43.8125 MB /   0.50 sec =  735.0400 Mbps     0 retrans  21371 KB-cwnd
[2024-11-05T10:24:03.371886-0600]    43.9375 MB /   0.50 sec =  737.0959 Mbps     0 retrans  17161 KB-cwnd
[2024-11-05T10:24:03.871724-0600]    44.0625 MB /   0.50 sec =  739.3614 Mbps     0 retrans  17161 KB-cwnd
[2024-11-05T10:24:04.371815-0600]    45.3750 MB /   0.50 sec =  761.2205 Mbps     0 retrans  18033 KB-cwnd
[2024-11-05T10:24:04.872023-0600]    42.3125 MB /   0.50 sec =  709.8774 Mbps     0 retrans  20382 KB-cwnd
[2024-11-05T10:24:05.371813-0600]    44.3750 MB /   0.50 sec =  744.4458 Mbps     0 retrans  20382 KB-cwnd
[2024-11-05T10:24:05.871817-0600]    45.0000 MB /   0.50 sec =  755.0291 Mbps     0 retrans  20172 KB-cwnd
[2024-11-05T10:24:06.371845-0600]    44.1875 MB /   0.50 sec =  741.3284 Mbps     0 retrans  20246 KB-cwnd
[2024-11-05T10:24:06.871859-0600]    45.6875 MB /   0.50 sec =  766.4830 Mbps     0 retrans  18214 KB-cwnd
[2024-11-05T10:24:07.371887-0600]    43.1875 MB /   0.50 sec =  724.5993 Mbps     0 retrans  21067 KB-cwnd
[2024-11-05T10:24:07.871902-0600]    44.8125 MB /   0.50 sec =  751.7598 Mbps     0 retrans  21067 KB-cwnd
[2024-11-05T10:24:08.371857-0600]    45.3125 MB /   0.50 sec =  760.2678 Mbps     0 retrans  21525 KB-cwnd
[2024-11-05T10:24:08.871862-0600]    44.3750 MB /   0.50 sec =  744.4919 Mbps     0 retrans  21525 KB-cwnd
[2024-11-05T10:24:09.371824-0600]    46.4375 MB /   0.50 sec =  779.1029 Mbps     0 retrans  20992 KB-cwnd
[2024-11-05T10:24:09.871973-0600]    45.5000 MB /   0.50 sec =  763.3725 Mbps     0 retrans  18605 KB-cwnd
[2024-11-05T10:24:10.371942-0600]    44.1875 MB /   0.50 sec =  741.1980 Mbps     0 retrans  18605 KB-cwnd
[2024-11-05T10:24:10.871924-0600]    44.8125 MB /   0.50 sec =  751.9388 Mbps     0 retrans  17502 KB-cwnd
[2024-11-05T10:24:11.371847-0600]    43.4375 MB /   0.50 sec =  728.7895 Mbps     0 retrans  17564 KB-cwnd
[2024-11-05T10:24:11.871864-0600]    41.2500 MB /   0.50 sec =  692.0339 Mbps     0 retrans  17572 KB-cwnd
[2024-11-05T10:24:12.371923-0600]    39.0000 MB /   0.50 sec =  654.2552 Mbps     0 retrans  17572 KB-cwnd
[2024-11-05T10:24:12.871895-0600]    43.8750 MB /   0.50 sec =  736.2049 Mbps     0 retrans  19471 KB-cwnd
[2024-11-05T10:24:13.371903-0600]    44.2500 MB /   0.50 sec =  742.3458 Mbps     0 retrans  17771 KB-cwnd
[2024-11-05T10:24:13.872062-0600]    45.1250 MB /   0.50 sec =  757.0946 Mbps     0 retrans  17771 KB-cwnd
[2024-11-05T10:24:14.371857-0600]    45.1875 MB /   0.50 sec =  758.1250 Mbps     0 retrans  17985 KB-cwnd
[2024-11-05T10:24:14.871878-0600]    44.2500 MB /   0.50 sec =  742.4052 Mbps     0 retrans  17985 KB-cwnd
[2024-11-05T10:24:15.371925-0600]    43.7500 MB /   0.50 sec =  733.9915 Mbps     0 retrans  18973 KB-cwnd
[2024-11-05T10:24:15.871842-0600]    44.6875 MB /   0.50 sec =  749.7108 Mbps     0 retrans  18355 KB-cwnd
[2024-11-05T10:24:16.371857-0600]    43.7500 MB /   0.50 sec =  734.0193 Mbps     0 retrans  18355 KB-cwnd
[2024-11-05T10:24:16.871835-0600]    43.9375 MB /   0.50 sec =  737.1534 Mbps     0 retrans  17894 KB-cwnd
[2024-11-05T10:24:17.371727-0600]    45.8125 MB /   0.50 sec =  768.6662 Mbps     0 retrans  17894 KB-cwnd
[2024-11-05T10:24:17.871893-0600]    44.6875 MB /   0.50 sec =  749.6644 Mbps     0 retrans  17015 KB-cwnd
[2024-11-05T10:24:18.371739-0600]    44.9375 MB /   0.50 sec =  753.9895 Mbps     0 retrans  19074 KB-cwnd
[2024-11-05T10:24:18.871895-0600]    45.4375 MB /   0.50 sec =  762.2340 Mbps     0 retrans  19074 KB-cwnd
[2024-11-05T10:24:19.372038-0600]    45.1250 MB /   0.50 sec =  757.1067 Mbps     0 retrans  17636 KB-cwnd
[2024-11-05T10:24:19.871843-0600]    44.7500 MB /   0.50 sec =  750.7579 Mbps     0 retrans  17636 KB-cwnd
[2024-11-05T10:24:20.371870-0600]    43.8750 MB /   0.50 sec =  736.0974 Mbps     0 retrans  17369 KB-cwnd
[2024-11-05T10:24:20.871865-0600]    45.1250 MB /   0.50 sec =  757.0764 Mbps     0 retrans  17127 KB-cwnd
[2024-11-05T10:24:21.371710-0600]    45.0625 MB /   0.50 sec =  756.0944 Mbps     0 retrans  17172 KB-cwnd
[2024-11-05T10:24:21.871859-0600]    44.7500 MB /   0.50 sec =  750.7294 Mbps     0 retrans  17116 KB-cwnd
[2024-11-05T10:24:22.371825-0600]    44.0000 MB /   0.50 sec =  738.1975 Mbps     0 retrans  17023 KB-cwnd
[2024-11-05T10:24:22.871947-0600]    42.1875 MB /   0.50 sec =  707.7194 Mbps     0 retrans  16980 KB-cwnd
[2024-11-05T10:24:23.371859-0600]    23.1250 MB /   0.50 sec =  388.0018 Mbps     0 retrans  16980 KB-cwnd
[2024-11-05T10:24:23.871849-0600]    36.9375 MB /   0.50 sec =  619.7047 Mbps     0 retrans  16983 KB-cwnd
[2024-11-05T10:24:24.371823-0600]    45.3125 MB /   0.50 sec =  760.2374 Mbps     0 retrans  17010 KB-cwnd
[2024-11-05T10:24:24.871861-0600]    43.1250 MB /   0.50 sec =  723.5073 Mbps     0 retrans  16807 KB-cwnd
[2024-11-05T10:24:25.371802-0600]    43.3125 MB /   0.50 sec =  726.6864 Mbps     0 retrans  16807 KB-cwnd
[2024-11-05T10:24:25.871860-0600]    44.7500 MB /   0.50 sec =  750.7504 Mbps     0 retrans  18115 KB-cwnd
[2024-11-05T10:24:26.371834-0600]    44.3750 MB /   0.50 sec =  744.5113 Mbps     0 retrans  18070 KB-cwnd
[2024-11-05T10:24:26.871821-0600]    42.7500 MB /   0.50 sec =  717.2202 Mbps     0 retrans  18070 KB-cwnd
[2024-11-05T10:24:27.371854-0600]    44.3750 MB /   0.50 sec =  744.4830 Mbps     0 retrans  18421 KB-cwnd
[2024-11-05T10:24:27.871872-0600]    43.5000 MB /   0.50 sec =  729.7812 Mbps     0 retrans  18421 KB-cwnd
[2024-11-05T10:24:28.371723-0600]    43.1875 MB /   0.50 sec =  724.6501 Mbps     0 retrans  18019 KB-cwnd
[2024-11-05T10:24:28.871855-0600]    42.8125 MB /   0.50 sec =  718.2200 Mbps     0 retrans  17385 KB-cwnd
[2024-11-05T10:24:29.371915-0600]    43.4375 MB /   0.50 sec =  728.7545 Mbps     0 retrans  17385 KB-cwnd
[2024-11-05T10:24:29.871908-0600]    42.2500 MB /   0.50 sec =  708.8601 Mbps     0 retrans  17167 KB-cwnd
[2024-11-05T10:24:30.371856-0600]    43.1875 MB /   0.50 sec =  724.5689 Mbps     0 retrans  17167 KB-cwnd
[2024-11-05T10:24:30.871838-0600]    44.6250 MB /   0.50 sec =  748.6653 Mbps     0 retrans  18120 KB-cwnd
[2024-11-05T10:24:31.371865-0600]    45.9375 MB /   0.50 sec =  770.6849 Mbps     0 retrans  17478 KB-cwnd
[2024-11-05T10:24:31.871812-0600]    43.5000 MB /   0.50 sec =  729.8264 Mbps     0 retrans  17478 KB-cwnd
[2024-11-05T10:24:32.371820-0600]    45.2500 MB /   0.50 sec =  759.1781 Mbps     0 retrans  17343 KB-cwnd
[2024-11-05T10:24:32.871880-0600]    45.1250 MB /   0.50 sec =  757.0492 Mbps     0 retrans  17343 KB-cwnd
[2024-11-05T10:24:33.371850-0600]    45.0000 MB /   0.50 sec =  754.9868 Mbps     0 retrans  17771 KB-cwnd
[2024-11-05T10:24:33.871722-0600]    16.3125 MB /   0.50 sec =  273.6909 Mbps     0 retrans  17771 KB-cwnd
[2024-11-05T10:24:34.371843-0600]    43.1250 MB /   0.50 sec =  723.4769 Mbps     0 retrans  17878 KB-cwnd
[2024-11-05T10:24:34.871853-0600]    44.0000 MB /   0.50 sec =  738.2019 Mbps     0 retrans  17878 KB-cwnd
[2024-11-05T10:24:35.372027-0600]    44.5000 MB /   0.50 sec =  746.5548 Mbps     0 retrans  18144 KB-cwnd
[2024-11-05T10:24:35.872036-0600]    44.5625 MB /   0.50 sec =  747.6586 Mbps     0 retrans  18635 KB-cwnd
[2024-11-05T10:24:36.371819-0600]    44.3125 MB /   0.50 sec =  743.4716 Mbps     0 retrans  18635 KB-cwnd
[2024-11-05T10:24:36.871834-0600]    43.1250 MB /   0.50 sec =  723.5102 Mbps     0 retrans  18579 KB-cwnd
[2024-11-05T10:24:37.371853-0600]    47.2500 MB /   0.50 sec =  792.7203 Mbps     0 retrans  18579 KB-cwnd
[2024-11-05T10:24:37.871822-0600]    44.5000 MB /   0.50 sec =  746.5831 Mbps     0 retrans  18872 KB-cwnd
[2024-11-05T10:24:38.371928-0600]    44.1875 MB /   0.50 sec =  741.1831 Mbps     0 retrans  18214 KB-cwnd
[2024-11-05T10:24:38.871921-0600]    45.7500 MB /   0.50 sec =  767.6252 Mbps     0 retrans  18214 KB-cwnd
[2024-11-05T10:24:39.371820-0600]    44.3750 MB /   0.50 sec =  744.6111 Mbps     0 retrans  19522 KB-cwnd
[2024-11-05T10:24:39.871873-0600]    43.5625 MB /   0.50 sec =  730.8209 Mbps     0 retrans  18541 KB-cwnd
[2024-11-05T10:24:40.372189-0600]    44.1875 MB /   0.50 sec =  741.3329 Mbps     0 retrans  18541 KB-cwnd
[2024-11-05T10:24:40.871946-0600]    45.2500 MB /   0.50 sec =  759.0643 Mbps     0 retrans  19026 KB-cwnd
[2024-11-05T10:24:41.372095-0600]    45.4375 MB /   0.50 sec =  762.3681 Mbps     0 retrans  19026 KB-cwnd
[2024-11-05T10:24:41.871839-0600]    44.5000 MB /   0.50 sec =  746.6429 Mbps     0 retrans  18315 KB-cwnd
[2024-11-05T10:24:42.371943-0600]    46.3125 MB /   0.50 sec =  776.9435 Mbps     0 retrans  18568 KB-cwnd
[2024-11-05T10:24:42.871963-0600]    42.7500 MB /   0.50 sec =  717.2590 Mbps     0 retrans  18568 KB-cwnd
[2024-11-05T10:24:43.371915-0600]    43.3125 MB /   0.50 sec =  726.5353 Mbps     0 retrans  18850 KB-cwnd
[2024-11-05T10:24:43.871949-0600]    45.1250 MB /   0.50 sec =  757.0991 Mbps     0 retrans  19362 KB-cwnd
[2024-11-05T10:24:44.371725-0600]    14.3750 MB /   0.50 sec =  241.2313 Mbps     0 retrans  20313 KB-cwnd
[2024-11-05T10:24:44.871920-0600]    44.5625 MB /   0.50 sec =  747.5913 Mbps     0 retrans  20313 KB-cwnd
[2024-11-05T10:24:45.372177-0600]    44.3750 MB /   0.50 sec =  744.3267 Mbps     0 retrans  18635 KB-cwnd
[2024-11-05T10:24:45.871880-0600]    45.2500 MB /   0.50 sec =  759.2875 Mbps     0 retrans  18635 KB-cwnd
[2024-11-05T10:24:46.371831-0600]    45.6250 MB /   0.50 sec =  765.5095 Mbps     0 retrans  20119 KB-cwnd
[2024-11-05T10:24:46.872083-0600]    45.0625 MB /   0.50 sec =  755.9794 Mbps     0 retrans  17918 KB-cwnd
[2024-11-05T10:24:47.371829-0600]    44.0625 MB /   0.50 sec =  739.2830 Mbps     0 retrans  17918 KB-cwnd
[2024-11-05T10:24:47.871940-0600]    45.2500 MB /   0.50 sec =  759.0521 Mbps     0 retrans  18025 KB-cwnd
[2024-11-05T10:24:48.371888-0600]    44.8125 MB /   0.50 sec =  751.9237 Mbps     0 retrans  18025 KB-cwnd
[2024-11-05T10:24:48.871829-0600]    37.5625 MB /   0.50 sec =  630.2131 Mbps     0 retrans  19101 KB-cwnd
[2024-11-05T10:24:49.371855-0600]    45.6875 MB /   0.50 sec =  766.5029 Mbps     0 retrans  19103 KB-cwnd
[2024-11-05T10:24:49.871959-0600]    43.6875 MB /   0.50 sec =  732.8315 Mbps     0 retrans  18821 KB-cwnd
[2024-11-05T10:24:50.371820-0600]    45.3750 MB /   0.50 sec =  761.4032 Mbps     0 retrans  18443 KB-cwnd
[2024-11-05T10:24:50.871876-0600]    44.8125 MB /   0.50 sec =  751.8019 Mbps     0 retrans  18443 KB-cwnd
[2024-11-05T10:24:51.371861-0600]    44.8125 MB /   0.50 sec =  751.8485 Mbps     0 retrans  17929 KB-cwnd
[2024-11-05T10:24:51.871825-0600]    43.8125 MB /   0.50 sec =  735.0591 Mbps     0 retrans  18065 KB-cwnd
[2024-11-05T10:24:52.371956-0600]    42.0625 MB /   0.50 sec =  705.4814 Mbps     0 retrans  18065 KB-cwnd
[2024-11-05T10:24:52.872023-0600]    20.8125 MB /   0.50 sec =  349.1856 Mbps     0 retrans  18065 KB-cwnd
End time: 1730823893036
