Start time: 1730824109827
[2024-11-05T10:28:34.889332-0600] traceroute to 54.197.223.49 (54.197.223.49), 30 hops max, 60 byte packets
[2024-11-05T10:28:34.890382-0600]  1  * * *
[2024-11-05T10:28:34.890440-0600]  2  * * *
[2024-11-05T10:28:34.895956-0600]  3  * * *
[2024-11-05T10:28:34.896143-0600]  4  * * *
[2024-11-05T10:28:34.896194-0600]  5  * * *
[2024-11-05T10:28:39.894538-0600]  6  * * *
[2024-11-05T10:28:39.894802-0600]  7  * * *
[2024-11-05T10:28:39.903081-0600]  8  * * *
[2024-11-05T10:28:39.903195-0600]  9  * * *
[2024-11-05T10:28:39.903286-0600] 10  * * *
[2024-11-05T10:28:44.902070-0600] 11  * * *
[2024-11-05T10:28:44.902392-0600] 12  * * *
[2024-11-05T10:28:44.906150-0600] 13  * * *
[2024-11-05T10:28:44.909514-0600] 14  * * *
[2024-11-05T10:28:44.912775-0600] 15  * * *
[2024-11-05T10:28:49.906056-0600] 16  * * *
[2024-11-05T10:28:49.906286-0600] 17  * * *
[2024-11-05T10:28:49.908854-0600] 18  * * *
[2024-11-05T10:28:49.911449-0600] 19  * * *
[2024-11-05T10:28:49.913136-0600] 20  * * *
[2024-11-05T10:28:49.916833-0600] 21  * * *
[2024-11-05T10:28:54.912805-0600] 22  * * *
[2024-11-05T10:28:54.913182-0600] 23  * * *
[2024-11-05T10:28:54.913286-0600] 24  * * *
[2024-11-05T10:28:54.930149-0600] 25  * * *
[2024-11-05T10:28:54.930418-0600] 26  * * *
[2024-11-05T10:28:59.876416-0600] 27  * *End time: 1730824139933
