Start time: 1730851443123
[2024-11-05T18:04:08.184734-0600] traceroute to 54.197.223.49 (54.197.223.49), 30 hops max, 60 byte packets
[2024-11-05T18:04:08.185325-0600]  1  * * *
[2024-11-05T18:04:08.185362-0600]  2  * * *
[2024-11-05T18:04:08.185391-0600]  3  * * *
[2024-11-05T18:04:08.185418-0600]  4  * * *
[2024-11-05T18:04:08.185444-0600]  5  * * *
[2024-11-05T18:04:13.192596-0600]  6  * * *
[2024-11-05T18:04:13.192933-0600]  7  * * *
[2024-11-05T18:04:13.193024-0600]  8  * * *
[2024-11-05T18:04:13.193090-0600]  9  * * *
[2024-11-05T18:04:13.193153-0600] 10  * * *
[2024-11-05T18:04:18.201511-0600] 11  * * *
[2024-11-05T18:04:18.201941-0600] 12  * * *
[2024-11-05T18:04:18.202196-0600] 13  * * *
[2024-11-05T18:04:18.207641-0600] 14  * * *
[2024-11-05T18:04:18.207816-0600] 15  * * *
[2024-11-05T18:04:23.209119-0600] 16  * * *
[2024-11-05T18:04:23.209335-0600] 17  * * *
[2024-11-05T18:04:23.209372-0600] 18  * * *
[2024-11-05T18:04:23.209401-0600] 19  * * *
[2024-11-05T18:04:23.224791-0600] 20  * * *
[2024-11-05T18:04:23.225023-0600] 21  * * *
[2024-11-05T18:04:28.217007-0600] 22  * * *
[2024-11-05T18:04:28.223095-0600] 23  * * *
[2024-11-05T18:04:28.223307-0600] 24  * * *
[2024-11-05T18:04:28.230077-0600] 25  * * *
[2024-11-05T18:04:28.230279-0600] 26  * * *
[2024-11-05T18:04:33.178040-0600] 27  * *End time: 1730851473236
