Start time: 1730434284082
[2024-11-01T00:11:24.888005-0400] nuttcp-r: v8.1.4: socket
[2024-11-01T00:11:24.888696-0400] nuttcp-r: buflen=65536, nstream=1, port=5110 tcp
[2024-11-01T00:11:24.888754-0400] nuttcp-r: interval reporting every 0.50 seconds
[2024-11-01T00:11:24.888790-0400] nuttcp-r: connect to 54.197.223.49 with RTT=28.559 ms af=inet
[2024-11-01T00:11:24.888824-0400] nuttcp-r: send window size = 2097152, receive window size = 6291456
[2024-11-01T00:11:24.888854-0400] nuttcp-r: available send window = 1572864, available receive window = 4718592
[2024-11-01T00:11:24.888884-0400]     5.2500 MB /   0.50 sec =   88.0600 Mbps     0 retrans
[2024-11-01T00:11:25.388572-0400]    18.0625 MB /   0.50 sec =  303.0251 Mbps     0 retrans
[2024-11-01T00:11:25.887884-0400]    20.8750 MB /   0.50 sec =  350.2727 Mbps     0 retrans
[2024-11-01T00:11:26.387844-0400]    20.1250 MB /   0.50 sec =  337.6509 Mbps     0 retrans
[2024-11-01T00:11:26.887876-0400]    19.0000 MB /   0.50 sec =  318.7792 Mbps     0 retrans
[2024-11-01T00:11:27.388271-0400]    17.1250 MB /   0.50 sec =  287.0429 Mbps     0 retrans
[2024-11-01T00:11:27.887773-0400]    16.8750 MB /   0.50 sec =  283.3672 Mbps     0 retrans
[2024-11-01T00:11:28.387772-0400]    16.9375 MB /   0.50 sec =  284.1630 Mbps     0 retrans
[2024-11-01T00:11:28.887785-0400]    18.2500 MB /   0.50 sec =  306.1866 Mbps     0 retrans
[2024-11-01T00:11:29.387788-0400]    18.5625 MB /   0.50 sec =  311.4227 Mbps     0 retrans
[2024-11-01T00:11:29.887768-0400]    17.8125 MB /   0.50 sec =  298.8477 Mbps     0 retrans
[2024-11-01T00:11:30.387732-0400]    17.9375 MB /   0.50 sec =  300.9455 Mbps     0 retrans
[2024-11-01T00:11:30.887798-0400]    15.9375 MB /   0.50 sec =  267.3821 Mbps     0 retrans
[2024-11-01T00:11:31.387774-0400]    15.8750 MB /   0.50 sec =  266.3399 Mbps     0 retrans
[2024-11-01T00:11:31.887799-0400]    18.0000 MB /   0.50 sec =  301.9857 Mbps     0 retrans
[2024-11-01T00:11:32.387823-0400]    19.5000 MB /   0.50 sec =  327.1302 Mbps     0 retrans
[2024-11-01T00:11:32.887794-0400]    18.8750 MB /   0.50 sec =  316.6915 Mbps     0 retrans
[2024-11-01T00:11:33.387773-0400]    20.3125 MB /   0.50 sec =  340.7940 Mbps     0 retrans
[2024-11-01T00:11:33.888898-0400]    12.7500 MB /   0.50 sec =  213.4455 Mbps     0 retrans
[2024-11-01T00:11:34.387763-0400]    19.6250 MB /   0.50 sec =  329.9828 Mbps     0 retrans
[2024-11-01T00:11:34.887813-0400]    15.6875 MB /   0.50 sec =  263.1820 Mbps     0 retrans
[2024-11-01T00:11:35.387845-0400]    14.3125 MB /   0.50 sec =  240.0836 Mbps     0 retrans
[2024-11-01T00:11:35.887849-0400]     9.1875 MB /   0.50 sec =  154.1524 Mbps     0 retrans
[2024-11-01T00:11:36.387774-0400]    13.7500 MB /   0.50 sec =  230.7089 Mbps     0 retrans
[2024-11-01T00:11:36.887820-0400]    16.1250 MB /   0.50 sec =  270.5164 Mbps     0 retrans
[2024-11-01T00:11:37.387776-0400]    18.6875 MB /   0.50 sec =  313.5443 Mbps     0 retrans
[2024-11-01T00:11:37.887816-0400]    20.3125 MB /   0.50 sec =  340.7620 Mbps     0 retrans
[2024-11-01T00:11:38.387794-0400]    19.6250 MB /   0.50 sec =  329.2746 Mbps     0 retrans
[2024-11-01T00:11:38.887839-0400]    20.2500 MB /   0.50 sec =  339.6938 Mbps     0 retrans
[2024-11-01T00:11:39.387783-0400]    19.1875 MB /   0.50 sec =  321.9695 Mbps     0 retrans
[2024-11-01T00:11:39.887889-0400]    18.2500 MB /   0.50 sec =  306.1150 Mbps     0 retrans
[2024-11-01T00:11:40.387809-0400]    19.5625 MB /   0.50 sec =  328.2568 Mbps     0 retrans
[2024-11-01T00:11:40.887797-0400]    19.4375 MB /   0.50 sec =  326.1110 Mbps     0 retrans
[2024-11-01T00:11:41.387770-0400]    20.1875 MB /   0.50 sec =  338.6948 Mbps     0 retrans
[2024-11-01T00:11:41.887780-0400]    17.8125 MB /   0.50 sec =  298.8430 Mbps     0 retrans
[2024-11-01T00:11:42.387776-0400]    17.7500 MB /   0.50 sec =  297.8003 Mbps     0 retrans
[2024-11-01T00:11:42.887859-0400]    19.4375 MB /   0.50 sec =  326.0498 Mbps     0 retrans
[2024-11-01T00:11:43.388077-0400]    14.4375 MB /   0.50 sec =  242.2724 Mbps     0 retrans
[2024-11-01T00:11:43.887863-0400]    16.6875 MB /   0.50 sec =  279.9306 Mbps     0 retrans
[2024-11-01T00:11:44.387779-0400]    18.8750 MB /   0.50 sec =  316.6985 Mbps     0 retrans
[2024-11-01T00:11:44.887798-0400]    20.1250 MB /   0.50 sec =  337.6435 Mbps     0 retrans
[2024-11-01T00:11:45.388928-0400]    14.8125 MB /   0.50 sec =  247.9586 Mbps     0 retrans
[2024-11-01T00:11:45.887781-0400]    19.8125 MB /   0.50 sec =  333.1422 Mbps     0 retrans
[2024-11-01T00:11:46.387779-0400]    17.5625 MB /   0.50 sec =  294.6487 Mbps     0 retrans
[2024-11-01T00:11:46.887801-0400]     8.6250 MB /   0.50 sec =  144.7023 Mbps     0 retrans
[2024-11-01T00:11:47.387763-0400]    18.1875 MB /   0.50 sec =  305.1411 Mbps     0 retrans
[2024-11-01T00:11:47.887796-0400]    21.7500 MB /   0.50 sec =  364.8920 Mbps     0 retrans
[2024-11-01T00:11:48.387779-0400]    22.3750 MB /   0.50 sec =  375.4030 Mbps     0 retrans
[2024-11-01T00:11:48.887807-0400]    21.0625 MB /   0.50 sec =  353.3652 Mbps     0 retrans
[2024-11-01T00:11:49.387952-0400]    20.5625 MB /   0.50 sec =  344.9843 Mbps     0 retrans
[2024-11-01T00:11:49.887882-0400]    19.5000 MB /   0.50 sec =  327.0942 Mbps     0 retrans
[2024-11-01T00:11:50.387826-0400]    19.8125 MB /   0.50 sec =  332.4378 Mbps     0 retrans
[2024-11-01T00:11:50.887796-0400]    20.5625 MB /   0.50 sec =  345.0015 Mbps     0 retrans
[2024-11-01T00:11:51.387757-0400]    18.5625 MB /   0.50 sec =  311.4339 Mbps     0 retrans
[2024-11-01T00:11:51.887815-0400]    16.1875 MB /   0.50 sec =  271.5725 Mbps     0 retrans
[2024-11-01T00:11:52.387759-0400]    17.6250 MB /   0.50 sec =  295.7174 Mbps     0 retrans
[2024-11-01T00:11:52.887789-0400]    15.9375 MB /   0.50 sec =  267.3698 Mbps     0 retrans
[2024-11-01T00:11:53.387785-0400]    20.0000 MB /   0.50 sec =  335.5450 Mbps     0 retrans
[2024-11-01T00:11:53.887856-0400]    21.0000 MB /   0.50 sec =  352.2877 Mbps     0 retrans
[2024-11-01T00:11:54.387897-0400]    19.7500 MB /   0.50 sec =  331.3268 Mbps     0 retrans
[2024-11-01T00:11:54.887822-0400]    20.8750 MB /   0.50 sec =  350.2482 Mbps     0 retrans
[2024-11-01T00:11:55.387757-0400]    24.1875 MB /   0.50 sec =  405.8346 Mbps     0 retrans
[2024-11-01T00:11:55.887830-0400]    25.7500 MB /   0.50 sec =  432.0038 Mbps     0 retrans
[2024-11-01T00:11:56.387796-0400]    21.1875 MB /   0.50 sec =  355.4744 Mbps     0 retrans
[2024-11-01T00:11:56.887876-0400]    22.5625 MB /   0.50 sec =  378.5662 Mbps     0 retrans
[2024-11-01T00:11:57.388115-0400]    20.8750 MB /   0.50 sec =  349.9591 Mbps     0 retrans
[2024-11-01T00:11:57.887844-0400]    20.8125 MB /   0.50 sec =  349.3812 Mbps     0 retrans
[2024-11-01T00:11:58.387856-0400]     6.1250 MB /   0.50 sec =  102.7574 Mbps     0 retrans
[2024-11-01T00:11:58.887810-0400]    20.1875 MB /   0.50 sec =  338.7246 Mbps     0 retrans
[2024-11-01T00:11:59.387771-0400]    21.8125 MB /   0.50 sec =  365.9669 Mbps     0 retrans
[2024-11-01T00:11:59.887784-0400]    22.1875 MB /   0.50 sec =  372.2437 Mbps     0 retrans
[2024-11-01T00:12:00.387826-0400]    21.3750 MB /   0.50 sec =  358.5965 Mbps     0 retrans
[2024-11-01T00:12:00.887876-0400]    20.2500 MB /   0.50 sec =  339.6965 Mbps     0 retrans
[2024-11-01T00:12:01.387924-0400]    23.0000 MB /   0.50 sec =  385.8559 Mbps     0 retrans
[2024-11-01T00:12:01.887823-0400]    20.8125 MB /   0.50 sec =  349.2457 Mbps     0 retrans
[2024-11-01T00:12:02.387856-0400]    17.6875 MB /   0.50 sec =  296.7061 Mbps     0 retrans
[2024-11-01T00:12:02.887787-0400]    18.8750 MB /   0.50 sec =  316.7206 Mbps     0 retrans
[2024-11-01T00:12:03.387807-0400]    16.1250 MB /   0.50 sec =  270.5083 Mbps     0 retrans
[2024-11-01T00:12:03.887846-0400]    19.5625 MB /   0.50 sec =  328.2010 Mbps     0 retrans
[2024-11-01T00:12:04.387757-0400]    19.9375 MB /   0.50 sec =  334.5379 Mbps     0 retrans
[2024-11-01T00:12:04.887772-0400]    20.0000 MB /   0.50 sec =  335.5517 Mbps     0 retrans
[2024-11-01T00:12:05.387795-0400]    20.6875 MB /   0.50 sec =  347.0592 Mbps     0 retrans
[2024-11-01T00:12:05.887831-0400]    20.8125 MB /   0.50 sec =  349.1528 Mbps     0 retrans
[2024-11-01T00:12:06.387770-0400]    22.5000 MB /   0.50 sec =  377.5183 Mbps     0 retrans
[2024-11-01T00:12:06.887764-0400]    21.6250 MB /   0.50 sec =  362.8218 Mbps     0 retrans
[2024-11-01T00:12:07.387830-0400]    21.0625 MB /   0.50 sec =  353.3694 Mbps     0 retrans
[2024-11-01T00:12:07.887772-0400]    23.0000 MB /   0.50 sec =  385.8667 Mbps     0 retrans
[2024-11-01T00:12:08.389172-0400]    16.4375 MB /   0.50 sec =  275.0537 Mbps     0 retrans
[2024-11-01T00:12:08.887769-0400]    15.7500 MB /   0.50 sec =  264.9353 Mbps     0 retrans
[2024-11-01T00:12:09.387750-0400]    21.8750 MB /   0.50 sec =  367.0067 Mbps     0 retrans
[2024-11-01T00:12:09.887781-0400]    24.2500 MB /   0.50 sec =  406.8247 Mbps     0 retrans
[2024-11-01T00:12:10.387771-0400]    22.0625 MB /   0.50 sec =  370.1599 Mbps     0 retrans
[2024-11-01T00:12:10.887794-0400]    24.4375 MB /   0.50 sec =  409.9924 Mbps     0 retrans
[2024-11-01T00:12:11.388242-0400]    24.4375 MB /   0.50 sec =  409.9940 Mbps     0 retrans
[2024-11-01T00:12:11.887807-0400]    20.6250 MB /   0.50 sec =  346.0128 Mbps     0 retrans
[2024-11-01T00:12:12.387852-0400]    22.3750 MB /   0.50 sec =  375.3639 Mbps     0 retrans
[2024-11-01T00:12:12.887777-0400]    24.3750 MB /   0.50 sec =  408.9945 Mbps     0 retrans
[2024-11-01T00:12:13.387761-0400]    21.6250 MB /   0.50 sec =  362.8124 Mbps     0 retrans
[2024-11-01T00:12:13.887830-0400]    20.0000 MB /   0.50 sec =  335.5054 Mbps     0 retrans
[2024-11-01T00:12:14.387783-0400]    20.8125 MB /   0.50 sec =  349.1835 Mbps     0 retrans
[2024-11-01T00:12:14.887789-0400]    21.7500 MB /   0.50 sec =  364.9242 Mbps     0 retrans
[2024-11-01T00:12:15.387766-0400]    23.1250 MB /   0.50 sec =  387.9871 Mbps     0 retrans
[2024-11-01T00:12:15.887889-0400]    26.3125 MB /   0.50 sec =  441.3684 Mbps     0 retrans
[2024-11-01T00:12:16.387783-0400]    25.6875 MB /   0.50 sec =  431.0406 Mbps     0 retrans
[2024-11-01T00:12:16.887797-0400]    23.5000 MB /   0.50 sec =  394.2567 Mbps     0 retrans
[2024-11-01T00:12:17.387775-0400]    23.5625 MB /   0.50 sec =  395.3187 Mbps     0 retrans
[2024-11-01T00:12:17.887806-0400]    24.4375 MB /   0.50 sec =  409.9809 Mbps     0 retrans
[2024-11-01T00:12:18.387772-0400]    24.6875 MB /   0.50 sec =  414.2024 Mbps     0 retrans
[2024-11-01T00:12:18.887788-0400]    21.9375 MB /   0.50 sec =  368.0465 Mbps     0 retrans
[2024-11-01T00:12:19.387794-0400]     9.2500 MB /   0.50 sec =  155.1902 Mbps     0 retrans
[2024-11-01T00:12:19.887793-0400]    21.0000 MB /   0.50 sec =  352.3208 Mbps     0 retrans
[2024-11-01T00:12:20.387916-0400]    21.0000 MB /   0.50 sec =  352.2419 Mbps     0 retrans
[2024-11-01T00:12:20.887802-0400]    25.7500 MB /   0.50 sec =  432.1032 Mbps     0 retrans
[2024-11-01T00:12:21.387791-0400]    25.1875 MB /   0.50 sec =  422.5694 Mbps     0 retrans
[2024-11-01T00:12:21.887773-0400]    25.6875 MB /   0.50 sec =  430.9811 Mbps     0 retrans
[2024-11-01T00:12:22.387765-0400]    23.6875 MB /   0.50 sec =  397.4135 Mbps     0 retrans
[2024-11-01T00:12:22.887772-0400]    19.8125 MB /   0.50 sec =  332.3939 Mbps     0 retrans
[2024-11-01T00:12:23.387867-0400]    16.8750 MB /   0.50 sec =  283.0719 Mbps     0 retrans
[2024-11-01T00:12:23.887850-0400]    18.4375 MB /   0.50 sec =  309.3262 Mbps     0 retrans
[2024-11-01T00:12:24.387773-0400]    20.8750 MB /   0.50 sec =  350.2818 Mbps     0 retrans
[2024-11-01T00:12:24.887773-0400]    18.4375 MB /   0.50 sec =  309.3299 Mbps     0 retrans
[2024-11-01T00:12:25.387772-0400]    18.2500 MB /   0.50 sec =  306.1909 Mbps     0 retrans
[2024-11-01T00:12:25.887813-0400]    19.6875 MB /   0.50 sec =  330.2810 Mbps     0 retrans
[2024-11-01T00:12:26.387762-0400]    19.8125 MB /   0.50 sec =  332.4172 Mbps     0 retrans
[2024-11-01T00:12:26.887790-0400]    21.3125 MB /   0.50 sec =  357.5501 Mbps     0 retrans
[2024-11-01T00:12:27.387775-0400]    24.6250 MB /   0.50 sec =  413.1497 Mbps     0 retrans
[2024-11-01T00:12:27.887788-0400]    25.3750 MB /   0.50 sec =  425.7125 Mbps     0 retrans
[2024-11-01T00:12:28.387780-0400]    20.4375 MB /   0.50 sec =  342.8844 Mbps     0 retrans
[2024-11-01T00:12:28.887826-0400]    17.5625 MB /   0.50 sec =  294.6522 Mbps     0 retrans
[2024-11-01T00:12:29.387968-0400]    12.4375 MB /   0.50 sec =  208.5999 Mbps     0 retrans
[2024-11-01T00:12:29.887855-0400]    12.6875 MB /   0.50 sec =  212.9005 Mbps     0 retrans
[2024-11-01T00:12:30.387838-0400]    16.8750 MB /   0.50 sec =  283.1184 Mbps     0 retrans
[2024-11-01T00:12:30.887827-0400]    17.5625 MB /   0.50 sec =  294.6770 Mbps     0 retrans
[2024-11-01T00:12:31.387774-0400]    21.8750 MB /   0.50 sec =  367.0163 Mbps     0 retrans
[2024-11-01T00:12:31.887815-0400]    20.5000 MB /   0.50 sec =  343.9274 Mbps     0 retrans
[2024-11-01T00:12:32.387759-0400]    20.1875 MB /   0.50 sec =  338.7022 Mbps     0 retrans
[2024-11-01T00:12:32.887766-0400]    21.6875 MB /   0.50 sec =  363.8551 Mbps     0 retrans
[2024-11-01T00:12:33.387760-0400]    20.3125 MB /   0.50 sec =  340.7913 Mbps     0 retrans
[2024-11-01T00:12:33.887859-0400]    20.3125 MB /   0.50 sec =  340.7361 Mbps     0 retrans
[2024-11-01T00:12:34.387897-0400]    20.1250 MB /   0.50 sec =  337.6813 Mbps     0 retrans
[2024-11-01T00:12:34.887779-0400]    19.1875 MB /   0.50 sec =  321.9161 Mbps     0 retrans
[2024-11-01T00:12:35.387807-0400]    20.5000 MB /   0.50 sec =  343.9095 Mbps     0 retrans
[2024-11-01T00:12:35.887800-0400]    21.8125 MB /   0.50 sec =  365.9662 Mbps     0 retrans
[2024-11-01T00:12:36.387765-0400]    20.3125 MB /   0.50 sec =  340.8022 Mbps     0 retrans
[2024-11-01T00:12:36.887783-0400]    20.2500 MB /   0.50 sec =  339.7318 Mbps     0 retrans
[2024-11-01T00:12:37.387820-0400]    19.9375 MB /   0.50 sec =  334.4971 Mbps     0 retrans
[2024-11-01T00:12:37.887788-0400]    22.3125 MB /   0.50 sec =  374.3289 Mbps     0 retrans
[2024-11-01T00:12:38.387800-0400]    22.2500 MB /   0.50 sec =  373.3050 Mbps     0 retrans
[2024-11-01T00:12:38.887798-0400]    22.3125 MB /   0.50 sec =  374.3431 Mbps     0 retrans
[2024-11-01T00:12:39.387766-0400]    20.6250 MB /   0.50 sec =  346.0335 Mbps     0 retrans
[2024-11-01T00:12:39.887783-0400]     8.3125 MB /   0.50 sec =  139.4598 Mbps     0 retrans
[2024-11-01T00:12:40.387823-0400]    14.0625 MB /   0.50 sec =  235.9296 Mbps     0 retrans
[2024-11-01T00:12:40.887796-0400]    18.0625 MB /   0.50 sec =  303.0318 Mbps     0 retrans
[2024-11-01T00:12:41.387776-0400]    20.5625 MB /   0.50 sec =  344.9856 Mbps     0 retrans
[2024-11-01T00:12:41.887784-0400]    17.1250 MB /   0.50 sec =  287.3018 Mbps     0 retrans
[2024-11-01T00:12:42.387900-0400]    20.5000 MB /   0.50 sec =  343.9501 Mbps     0 retrans
[2024-11-01T00:12:42.887911-0400]    21.0625 MB /   0.50 sec =  353.2761 Mbps     0 retrans
[2024-11-01T00:12:43.387767-0400]    21.3125 MB /   0.50 sec =  357.6553 Mbps     0 retrans
[2024-11-01T00:12:43.887797-0400]    22.3125 MB /   0.50 sec =  374.3349 Mbps     0 retrans
[2024-11-01T00:12:44.387777-0400]    21.9375 MB /   0.50 sec =  368.0605 Mbps     0 retrans
[2024-11-01T00:12:44.887799-0400]    20.7500 MB /   0.50 sec =  348.1182 Mbps     0 retrans
[2024-11-01T00:12:45.387776-0400]    23.9375 MB /   0.50 sec =  401.6086 Mbps     0 retrans
[2024-11-01T00:12:45.887810-0400]    22.5625 MB /   0.50 sec =  378.5322 Mbps     0 retrans
[2024-11-01T00:12:46.387794-0400]    21.6250 MB /   0.50 sec =  362.8109 Mbps     0 retrans
[2024-11-01T00:12:46.887812-0400]    21.1250 MB /   0.50 sec =  354.4123 Mbps     0 retrans
[2024-11-01T00:12:47.387775-0400]    21.6250 MB /   0.50 sec =  362.8124 Mbps     0 retrans
[2024-11-01T00:12:47.887777-0400]    22.6250 MB /   0.50 sec =  379.5830 Mbps     0 retrans
[2024-11-01T00:12:48.387919-0400]    19.1875 MB /   0.50 sec =  321.8195 Mbps     0 retrans
[2024-11-01T00:12:48.887796-0400]    18.8125 MB /   0.50 sec =  315.7123 Mbps     0 retrans
[2024-11-01T00:12:49.387819-0400]    22.8125 MB /   0.50 sec =  382.7333 Mbps     0 retrans
[2024-11-01T00:12:49.887763-0400]    23.8125 MB /   0.50 sec =  399.5170 Mbps     0 retrans
[2024-11-01T00:12:50.387770-0400]    24.4375 MB /   0.50 sec =  409.9908 Mbps     0 retrans
[2024-11-01T00:12:50.887799-0400]     8.5000 MB /   0.50 sec =  142.6018 Mbps     0 retrans
[2024-11-01T00:12:51.387787-0400]    21.4375 MB /   0.50 sec =  359.6673 Mbps     0 retrans
[2024-11-01T00:12:51.887794-0400]    24.5000 MB /   0.50 sec =  411.0500 Mbps     0 retrans
[2024-11-01T00:12:52.387793-0400]    22.6875 MB /   0.50 sec =  380.6224 Mbps     0 retrans
[2024-11-01T00:12:52.887792-0400]    22.0625 MB /   0.50 sec =  370.1473 Mbps     0 retrans
[2024-11-01T00:12:53.387786-0400]    23.1875 MB /   0.50 sec =  389.0295 Mbps     0 retrans
[2024-11-01T00:12:53.887778-0400]    24.4375 MB /   0.50 sec =  409.9858 Mbps     0 retrans
[2024-11-01T00:12:54.387774-0400]    23.3750 MB /   0.50 sec =  392.1745 Mbps     0 retrans
[2024-11-01T00:12:54.887766-0400]    21.0000 MB /   0.50 sec =  352.3208 Mbps     0 retrans
[2024-11-01T00:12:55.387773-0400]    24.1250 MB /   0.50 sec =  404.7528 Mbps     0 retrans
[2024-11-01T00:12:55.887885-0400]    24.6875 MB /   0.50 sec =  414.1718 Mbps     0 retrans
[2024-11-01T00:12:56.387850-0400]    22.2500 MB /   0.50 sec =  373.2908 Mbps     0 retrans
[2024-11-01T00:12:56.887861-0400]    21.3125 MB /   0.50 sec =  357.5208 Mbps     0 retrans
[2024-11-01T00:12:57.387769-0400]    22.1875 MB /   0.50 sec =  372.3093 Mbps     0 retrans
[2024-11-01T00:12:57.887796-0400]    21.6875 MB /   0.50 sec =  363.8428 Mbps     0 retrans
[2024-11-01T00:12:58.387793-0400]    20.6250 MB /   0.50 sec =  346.0335 Mbps     0 retrans
[2024-11-01T00:12:58.887898-0400]    15.1250 MB /   0.50 sec =  253.7107 Mbps     0 retrans
[2024-11-01T00:12:59.387775-0400]    26.8125 MB /   0.50 sec =  449.9282 Mbps     0 retrans
[2024-11-01T00:12:59.887934-0400]    23.7500 MB /   0.50 sec =  398.3577 Mbps     0 retrans
[2024-11-01T00:13:00.387782-0400]    23.3125 MB /   0.50 sec =  391.2143 Mbps     0 retrans
[2024-11-01T00:13:00.887802-0400]    24.7500 MB /   0.50 sec =  415.2220 Mbps     0 retrans
[2024-11-01T00:13:01.387868-0400]    25.1875 MB /   0.50 sec =  422.5144 Mbps     0 retrans
[2024-11-01T00:13:01.887811-0400]    24.5625 MB /   0.50 sec =  412.1522 Mbps     0 retrans
[2024-11-01T00:13:02.387821-0400]    25.0000 MB /   0.50 sec =  419.4036 Mbps     0 retrans
[2024-11-01T00:13:02.887799-0400]    22.8125 MB /   0.50 sec =  382.7570 Mbps     0 retrans
[2024-11-01T00:13:03.387761-0400]    22.4375 MB /   0.50 sec =  376.4463 Mbps     0 retrans
[2024-11-01T00:13:03.887780-0400]    22.9375 MB /   0.50 sec =  384.8274 Mbps     0 retrans
[2024-11-01T00:13:04.387774-0400]    18.6250 MB /   0.50 sec =  312.4763 Mbps     0 retrans
[2024-11-01T00:13:04.887798-0400]    18.4375 MB /   0.50 sec =  309.3231 Mbps     0 retrans
[2024-11-01T00:13:05.387775-0400]    22.8125 MB /   0.50 sec =  382.7433 Mbps     0 retrans
[2024-11-01T00:13:05.887867-0400]    22.7500 MB /   0.50 sec =  381.6214 Mbps     0 retrans
[2024-11-01T00:13:06.387789-0400]    19.7500 MB /   0.50 sec =  331.3951 Mbps     0 retrans
[2024-11-01T00:13:06.887823-0400]    21.0625 MB /   0.50 sec =  353.3560 Mbps     0 retrans
[2024-11-01T00:13:07.387801-0400]    22.1875 MB /   0.50 sec =  372.2549 Mbps     0 retrans
[2024-11-01T00:13:07.887765-0400]    22.6250 MB /   0.50 sec =  379.5875 Mbps     0 retrans
[2024-11-01T00:13:08.387823-0400]    22.6875 MB /   0.50 sec =  380.6285 Mbps     0 retrans
[2024-11-01T00:13:08.887850-0400]     7.1875 MB /   0.50 sec =  120.5715 Mbps     0 retrans
[2024-11-01T00:13:09.387765-0400]    19.8125 MB /   0.50 sec =  332.4478 Mbps     0 retrans
[2024-11-01T00:13:09.887774-0400]    19.7500 MB /   0.50 sec =  331.3474 Mbps     0 retrans
[2024-11-01T00:13:10.387845-0400]    22.4375 MB /   0.50 sec =  376.3936 Mbps     0 retrans
[2024-11-01T00:13:10.887739-0400]    21.1875 MB /   0.50 sec =  355.5348 Mbps     0 retrans
[2024-11-01T00:13:11.388126-0400]    22.1875 MB /   0.50 sec =  371.9514 Mbps     0 retrans
[2024-11-01T00:13:11.887829-0400]    20.6875 MB /   0.50 sec =  347.2947 Mbps     0 retrans
[2024-11-01T00:13:12.387869-0400]    19.8125 MB /   0.50 sec =  332.4385 Mbps     0 retrans
[2024-11-01T00:13:12.887859-0400]    18.9375 MB /   0.50 sec =  317.6601 Mbps     0 retrans
[2024-11-01T00:13:13.387761-0400]    17.1875 MB /   0.50 sec =  288.4115 Mbps     0 retrans
[2024-11-01T00:13:13.887853-0400]    18.1250 MB /   0.50 sec =  304.0451 Mbps     0 retrans
[2024-11-01T00:13:14.387810-0400]    17.5625 MB /   0.50 sec =  294.6805 Mbps     0 retrans
[2024-11-01T00:13:14.887811-0400]    18.8750 MB /   0.50 sec =  316.6668 Mbps     0 retrans
[2024-11-01T00:13:15.387856-0400]    20.0625 MB /   0.50 sec =  336.6131 Mbps     0 retrans
[2024-11-01T00:13:15.887795-0400]    18.8125 MB /   0.50 sec =  315.6062 Mbps     0 retrans
[2024-11-01T00:13:16.387874-0400]    18.0625 MB /   0.50 sec =  302.9954 Mbps     0 retrans
[2024-11-01T00:13:16.887786-0400]    19.8750 MB /   0.50 sec =  333.4992 Mbps     0 retrans
[2024-11-01T00:13:17.387797-0400]    20.1250 MB /   0.50 sec =  337.6401 Mbps     0 retrans
[2024-11-01T00:13:17.887821-0400]    20.1875 MB /   0.50 sec =  338.6819 Mbps     0 retrans
[2024-11-01T00:13:18.387816-0400]    21.1875 MB /   0.50 sec =  355.4445 Mbps     0 retrans
[2024-11-01T00:13:18.888156-0400]    15.5625 MB /   0.50 sec =  260.9540 Mbps     0 retrans
[2024-11-01T00:13:19.387858-0400]    14.3750 MB /   0.50 sec =  241.3231 Mbps     0 retrans
[2024-11-01T00:13:19.887779-0400]    18.9375 MB /   0.50 sec =  317.7223 Mbps     0 retrans
[2024-11-01T00:13:20.387778-0400]    18.3750 MB /   0.50 sec =  308.2807 Mbps     0 retrans
[2024-11-01T00:13:20.887772-0400]    20.2500 MB /   0.50 sec =  339.7400 Mbps     0 retrans
[2024-11-01T00:13:21.387778-0400]    21.6250 MB /   0.50 sec =  362.8189 Mbps     0 retrans
[2024-11-01T00:13:21.887767-0400]    20.8750 MB /   0.50 sec =  350.2118 Mbps     0 retrans
[2024-11-01T00:13:22.387856-0400]    20.0000 MB /   0.50 sec =  335.5530 Mbps     0 retrans
[2024-11-01T00:13:22.887783-0400]    21.3125 MB /   0.50 sec =  357.5508 Mbps     0 retrans
[2024-11-01T00:13:23.387767-0400]    22.8125 MB /   0.50 sec =  382.7379 Mbps     0 retrans
[2024-11-01T00:13:23.887799-0400]    21.4375 MB /   0.50 sec =  359.6371 Mbps     0 retrans
[2024-11-01T00:13:24.387779-0400]    22.8125 MB /   0.50 sec =  382.7486 Mbps     0 retrans
[2024-11-01T00:13:24.887769-0400]    16.1250 MB /   0.50 sec =  270.5304 Mbps     0 retrans
End time: 1730434405213
