Start time: 1730751416593
[2024-11-04T13:17:01.659088-0700] traceroute to 54.176.53.206 (54.176.53.206), 30 hops max, 60 byte packets
[2024-11-04T13:17:01.660049-0700]  1  * * *
[2024-11-04T13:17:01.660114-0700]  2  * * *
[2024-11-04T13:17:01.660161-0700]  3  * * *
[2024-11-04T13:17:01.660207-0700]  4  * * *
[2024-11-04T13:17:01.660251-0700]  5  * * *
[2024-11-04T13:17:06.666207-0700]  6  * * *
[2024-11-04T13:17:06.666515-0700]  7  * * *
[2024-11-04T13:17:06.671907-0700]  8  * * *
[2024-11-04T13:17:06.676903-0700]  9  * * *
[2024-11-04T13:17:06.677026-0700] 10  * * *
[2024-11-04T13:17:11.675141-0700] 11  * * *
[2024-11-04T13:17:11.675686-0700] 12  * * *
[2024-11-04T13:17:11.675772-0700] 13  * * *
[2024-11-04T13:17:11.686205-0700] 14  * * *
[2024-11-04T13:17:11.686529-0700] 15  * * *
[2024-11-04T13:17:16.683945-0700] 16  * * *
[2024-11-04T13:17:16.684361-0700] 17  * * *
[2024-11-04T13:17:16.692338-0700] 18  * * *
[2024-11-04T13:17:16.692473-0700] 19  * * *
[2024-11-04T13:17:16.692571-0700] 20  * * *
[2024-11-04T13:17:16.701291-0700] 21  * * *
[2024-11-04T13:17:21.692645-0700] 22  * * *
[2024-11-04T13:17:21.698889-0700] 23  * * *
[2024-11-04T13:17:21.699217-0700] 24  * * *
[2024-11-04T13:17:21.703595-0700] 25  * * *
[2024-11-04T13:17:21.703712-0700] 26  * * *
[2024-11-04T13:17:26.646982-0700] 27  * *End time: 1730751446711
