Start time: 1745265415952
Connecting to host 34.86.116.81, port 5209
Reverse mode, remote host 34.86.116.81 is sending
[  5] local 192.0.0.2 port 50372 connected to 34.86.116.81 port 5209
[ ID] Interval           Transfer     Bitrate
[  5]   0.00-0.10   sec  29.3 KBytes  2.39 Mbits/sec                  
[  5]   0.10-0.20   sec  69.3 KBytes  5.70 Mbits/sec                  
[  5]   0.20-0.30   sec   170 KBytes  14.0 Mbits/sec                  
[  5]   0.30-0.40   sec   408 KBytes  33.4 Mbits/sec                  
[  5]   0.40-0.50   sec   429 KBytes  33.8 Mbits/sec                  
[  5]   0.50-0.60   sec  62.6 KBytes  5.34 Mbits/sec                  
[  5]   0.60-0.70   sec   741 KBytes  60.7 Mbits/sec                  
[  5]   0.70-0.80   sec   373 KBytes  30.5 Mbits/sec                  
[  5]   0.80-0.90   sec   729 KBytes  59.7 Mbits/sec                  
[  5]   0.90-1.00   sec  1020 KBytes  83.6 Mbits/sec                  
[  5]   1.00-1.10   sec   686 KBytes  56.2 Mbits/sec                  
[  5]   1.10-1.20   sec   515 KBytes  42.2 Mbits/sec                  
[  5]   1.20-1.30   sec   879 KBytes  72.0 Mbits/sec                  
[  5]   1.30-1.40   sec  1.19 MBytes  99.9 Mbits/sec                  
[  5]   1.40-1.52   sec  1.48 MBytes   107 Mbits/sec                  
[  5]   1.52-1.60   sec   728 KBytes  70.9 Mbits/sec                  
[  5]   1.60-1.70   sec  1.12 MBytes  94.1 Mbits/sec                  
[  5]   1.70-1.80   sec   958 KBytes  78.4 Mbits/sec                  
[  5]   1.80-1.90   sec  1.23 MBytes   103 Mbits/sec                  
[  5]   1.90-2.00   sec  1.52 MBytes   128 Mbits/sec                  
[  5]   2.00-2.10   sec   819 KBytes  67.1 Mbits/sec                  
[  5]   2.10-2.20   sec  1.20 MBytes   101 Mbits/sec                  
[  5]   2.20-2.30   sec   722 KBytes  59.1 Mbits/sec                  
[  5]   2.30-2.40   sec  1.43 MBytes   120 Mbits/sec                  
[  5]   2.40-2.50   sec   539 KBytes  44.2 Mbits/sec                  
[  5]   2.50-2.60   sec  1.13 MBytes  95.1 Mbits/sec                  
[  5]   2.60-2.70   sec  1012 KBytes  82.9 Mbits/sec                  
[  5]   2.70-2.80   sec   638 KBytes  52.3 Mbits/sec                  
[  5]   2.80-2.90   sec   336 KBytes  27.5 Mbits/sec                  
[  5]   2.90-3.00   sec  0.00 Bytes  0.00 bits/sec                  
[  5]   3.00-3.10   sec  0.00 Bytes  0.00 bits/sec                  
[  5]   3.10-3.20   sec  0.00 Bytes  0.00 bits/sec                  
[  5]   3.20-3.30   sec  0.00 Bytes  0.00 bits/sec                  
[  5]   3.30-3.40   sec  0.00 Bytes  0.00 bits/sec                  
[  5]   3.40-3.50   sec  0.00 Bytes  0.00 bits/sec                  
[  5]   3.50-3.60   sec  2.64 MBytes   221 Mbits/sec                  
[  5]   3.60-3.70   sec   898 KBytes  73.5 Mbits/sec                  
[  5]   3.70-3.80   sec   898 KBytes  73.5 Mbits/sec                  
[  5]   3.80-3.90   sec   722 KBytes  59.2 Mbits/sec                  
[  5]   3.90-4.00   sec  1023 KBytes  83.8 Mbits/sec                  
[  5]   4.00-4.10   sec  1.24 MBytes   104 Mbits/sec                  
[  5]   4.10-4.20   sec  1.65 MBytes   139 Mbits/sec                  
[  5]   4.20-4.30   sec  0.00 Bytes  0.00 bits/sec                  
[  5]   4.30-4.40   sec  0.00 Bytes  0.00 bits/sec                  
[  5]   4.40-4.50   sec  3.59 MBytes   302 Mbits/sec                  
[  5]   4.50-4.60   sec  1.37 MBytes   115 Mbits/sec                  
[  5]   4.60-4.70   sec   224 KBytes  18.3 Mbits/sec                  
[  5]   4.70-4.80   sec  1.41 MBytes   118 Mbits/sec                  
[  5]   4.80-4.90   sec  2.24 MBytes   188 Mbits/sec                  
[  5]   4.90-5.00   sec  1.07 MBytes  89.9 Mbits/sec                  
- - - - - - - - - - - - - - - - - - - - - - - - -
[ ID] Interval           Transfer     Bitrate         Retr
[  5]   0.00-5.07   sec   319 MBytes   528 Mbits/sec   21             sender
[  5]   0.00-5.00   sec  40.8 MBytes  68.4 Mbits/sec                  receiver

iperf Done.
End time: 1745265421698
