Start time: 1730822428143
[2024-11-05T10:00:29.065590-0600] nuttcp-r: v8.1.4: socket
[2024-11-05T10:00:29.066655-0600] nuttcp-r: buflen=65536, nstream=1, port=5379 tcp
[2024-11-05T10:00:29.066750-0600] nuttcp-r: interval reporting every 0.50 seconds
[2024-11-05T10:00:29.066821-0600] nuttcp-r: connect to 54.197.223.49 with RTT=60.213 ms af=inet
[2024-11-05T10:00:29.066884-0600] nuttcp-r: send window size = 2097152, receive window size = 6291456
[2024-11-05T10:00:29.066946-0600] nuttcp-r: available send window = 1572864, available receive window = 4718592
[2024-11-05T10:00:29.067007-0600]     0.5625 MB /   0.50 sec =    9.4345 Mbps     0 retrans     13 KB-cwnd
[2024-11-05T10:00:29.565543-0600]     4.6875 MB /   0.50 sec =   78.6476 Mbps     0 retrans     13 KB-cwnd
[2024-11-05T10:00:30.065519-0600]     9.8125 MB /   0.50 sec =  164.6284 Mbps     0 retrans     13 KB-cwnd
[2024-11-05T10:00:30.565652-0600]    10.5000 MB /   0.50 sec =  176.1604 Mbps     0 retrans     13 KB-cwnd
[2024-11-05T10:00:31.066005-0600]    15.2500 MB /   0.50 sec =  255.6235 Mbps     0 retrans     13 KB-cwnd
[2024-11-05T10:00:31.565746-0600]    13.7500 MB /   0.50 sec =  230.9070 Mbps     0 retrans     13 KB-cwnd
[2024-11-05T10:00:32.065846-0600]    15.6875 MB /   0.50 sec =  263.2036 Mbps     0 retrans     13 KB-cwnd
[2024-11-05T10:00:32.565431-0600]    18.8750 MB /   0.50 sec =  316.6731 Mbps     0 retrans     13 KB-cwnd
[2024-11-05T10:00:33.065470-0600]    13.1875 MB /   0.50 sec =  221.2478 Mbps     0 retrans     13 KB-cwnd
[2024-11-05T10:00:33.565476-0600]     8.9375 MB /   0.50 sec =  149.9359 Mbps     0 retrans     13 KB-cwnd
[2024-11-05T10:00:34.065504-0600]    11.2500 MB /   0.50 sec =  188.7561 Mbps     0 retrans     13 KB-cwnd
[2024-11-05T10:00:34.565495-0600]    12.3125 MB /   0.50 sec =  206.5468 Mbps     0 retrans     13 KB-cwnd
[2024-11-05T10:00:35.065532-0600]    19.8750 MB /   0.50 sec =  333.4318 Mbps     0 retrans     13 KB-cwnd
[2024-11-05T10:00:35.565468-0600]    25.6875 MB /   0.50 sec =  431.0346 Mbps     0 retrans     13 KB-cwnd
[2024-11-05T10:00:36.065459-0600]    27.5000 MB /   0.50 sec =  461.3670 Mbps     0 retrans     14 KB-cwnd
[2024-11-05T10:00:36.565438-0600]    29.1250 MB /   0.50 sec =  488.6745 Mbps     0 retrans     14 KB-cwnd
[2024-11-05T10:00:37.065422-0600]    31.3125 MB /   0.50 sec =  525.3061 Mbps     0 retrans     17 KB-cwnd
[2024-11-05T10:00:37.565850-0600]    16.3750 MB /   0.50 sec =  274.5271 Mbps     0 retrans     18 KB-cwnd
[2024-11-05T10:00:38.065423-0600]    25.8125 MB /   0.50 sec =  433.3826 Mbps     0 retrans     26 KB-cwnd
[2024-11-05T10:00:38.565488-0600]    28.8750 MB /   0.50 sec =  484.4198 Mbps     0 retrans     26 KB-cwnd
[2024-11-05T10:00:39.065650-0600]    18.1875 MB /   0.50 sec =  305.0374 Mbps     0 retrans     29 KB-cwnd
[2024-11-05T10:00:39.566917-0600]     0.0000 MB /   0.50 sec =    0.0000 Mbps     0 retrans     29 KB-cwnd
[2024-11-05T10:00:40.065489-0600]     6.0625 MB /   0.50 sec =  101.9312 Mbps     0 retrans     29 KB-cwnd
[2024-11-05T10:00:40.565515-0600]    10.7500 MB /   0.50 sec =  180.3439 Mbps     0 retrans     29 KB-cwnd
[2024-11-05T10:00:41.065530-0600]     4.1250 MB /   0.50 sec =   69.2009 Mbps     0 retrans     29 KB-cwnd
[2024-11-05T10:00:41.565456-0600]     0.0000 MB /   0.50 sec =    0.0000 Mbps     0 retrans     29 KB-cwnd
[2024-11-05T10:00:42.065511-0600]     0.0000 MB /   0.50 sec =    0.0000 Mbps     0 retrans     29 KB-cwnd
[2024-11-05T10:00:42.565389-0600]     0.0000 MB /   0.50 sec =    0.0000 Mbps     0 retrans     29 KB-cwnd
[2024-11-05T10:00:43.065473-0600]     5.1250 MB /   0.50 sec =   85.9862 Mbps     0 retrans     29 KB-cwnd
[2024-11-05T10:00:43.565485-0600]     8.6875 MB /   0.50 sec =  145.7436 Mbps     0 retrans     29 KB-cwnd
[2024-11-05T10:00:44.065371-0600]     4.4375 MB /   0.50 sec =   74.4537 Mbps     0 retrans     29 KB-cwnd
[2024-11-05T10:00:44.565544-0600]     3.5000 MB /   0.50 sec =   58.7169 Mbps     0 retrans     29 KB-cwnd
[2024-11-05T10:00:45.065590-0600]     0.0000 MB /   0.50 sec =    0.0000 Mbps     0 retrans     29 KB-cwnd
[2024-11-05T10:00:45.565826-0600]     0.0000 MB /   0.50 sec =    0.0000 Mbps     0 retrans     29 KB-cwnd
[2024-11-05T10:00:46.065757-0600]     0.0000 MB /   0.50 sec =    0.0000 Mbps     0 retrans     29 KB-cwnd
[2024-11-05T10:00:46.565862-0600]     0.4375 MB /   0.50 sec =    7.3365 Mbps     0 retrans     29 KB-cwnd
[2024-11-05T10:00:47.065550-0600]     8.6250 MB /   0.50 sec =  144.7796 Mbps     0 retrans     29 KB-cwnd
[2024-11-05T10:00:47.565996-0600]     1.1250 MB /   0.50 sec =   18.8558 Mbps     0 retrans     29 KB-cwnd
[2024-11-05T10:00:48.065399-0600]     0.0000 MB /   0.50 sec =    0.0000 Mbps     0 retrans     29 KB-cwnd
[2024-11-05T10:00:48.565484-0600]    12.6250 MB /   0.50 sec =  211.7916 Mbps     0 retrans   5314 KB-cwnd
[2024-11-05T10:00:49.065525-0600]     6.5000 MB /   0.50 sec =  109.0554 Mbps     0 retrans   5314 KB-cwnd
[2024-11-05T10:00:49.565435-0600]     8.3750 MB /   0.50 sec =  140.5089 Mbps     0 retrans   5314 KB-cwnd
[2024-11-05T10:00:50.065506-0600]     9.5625 MB /   0.50 sec =  160.4283 Mbps     0 retrans   5706 KB-cwnd
[2024-11-05T10:00:50.565383-0600]     7.7500 MB /   0.50 sec =  130.0286 Mbps     0 retrans   5706 KB-cwnd
[2024-11-05T10:00:51.065442-0600]     5.1875 MB /   0.50 sec =   87.0315 Mbps     0 retrans   5706 KB-cwnd
[2024-11-05T10:00:51.565465-0600]     8.5625 MB /   0.50 sec =  143.6515 Mbps     0 retrans   5706 KB-cwnd
[2024-11-05T10:00:52.065508-0600]    11.7500 MB /   0.50 sec =  197.1323 Mbps     0 retrans   5706 KB-cwnd
[2024-11-05T10:00:52.565571-0600]     7.8750 MB /   0.50 sec =  132.1008 Mbps     0 retrans   5887 KB-cwnd
[2024-11-05T10:00:53.065969-0600]     6.5625 MB /   0.50 sec =  110.0367 Mbps     0 retrans   5887 KB-cwnd
[2024-11-05T10:00:53.565497-0600]     6.8125 MB /   0.50 sec =  114.3705 Mbps     0 retrans   5887 KB-cwnd
[2024-11-05T10:00:54.065370-0600]     8.1875 MB /   0.50 sec =  137.3794 Mbps     0 retrans   6151 KB-cwnd
[2024-11-05T10:00:54.565459-0600]     6.8750 MB /   0.50 sec =  115.3371 Mbps     0 retrans   6151 KB-cwnd
[2024-11-05T10:00:55.065740-0600]    10.3125 MB /   0.50 sec =  173.0126 Mbps     0 retrans   6335 KB-cwnd
[2024-11-05T10:00:55.565562-0600]    13.0625 MB /   0.50 sec =  219.1103 Mbps     0 retrans   6335 KB-cwnd
[2024-11-05T10:00:56.065445-0600]     9.4375 MB /   0.50 sec =  158.3692 Mbps     0 retrans   6335 KB-cwnd
[2024-11-05T10:00:56.565532-0600]     4.9375 MB /   0.50 sec =   82.8286 Mbps     0 retrans   6479 KB-cwnd
[2024-11-05T10:00:57.065464-0600]    15.4375 MB /   0.50 sec =  259.0335 Mbps     0 retrans   9928 KB-cwnd
[2024-11-05T10:00:57.565391-0600]    15.7500 MB /   0.50 sec =  264.2385 Mbps     0 retrans   9928 KB-cwnd
[2024-11-05T10:00:58.065407-0600]    17.1250 MB /   0.50 sec =  287.3230 Mbps     0 retrans   9928 KB-cwnd
[2024-11-05T10:00:58.566041-0600]    14.8125 MB /   0.50 sec =  248.3491 Mbps     0 retrans   9928 KB-cwnd
[2024-11-05T10:00:59.065602-0600]    13.8750 MB /   0.50 sec =  232.9288 Mbps     0 retrans   9928 KB-cwnd
[2024-11-05T10:00:59.565436-0600]    17.0000 MB /   0.50 sec =  285.2047 Mbps     0 retrans   9928 KB-cwnd
[2024-11-05T10:01:00.065454-0600]    12.4375 MB /   0.50 sec =  208.6662 Mbps     0 retrans   9928 KB-cwnd
[2024-11-05T10:01:00.565424-0600]     9.3750 MB /   0.50 sec =  157.2905 Mbps     0 retrans   9928 KB-cwnd
[2024-11-05T10:01:01.065371-0600]    15.2500 MB /   0.50 sec =  255.8485 Mbps     0 retrans   9928 KB-cwnd
[2024-11-05T10:01:01.565936-0600]    17.6875 MB /   0.50 sec =  296.4559 Mbps  7907 retrans   5019 KB-cwnd
[2024-11-05T10:01:02.065428-0600]    16.2500 MB /   0.50 sec =  272.9032 Mbps     0 retrans   5019 KB-cwnd
[2024-11-05T10:01:02.565482-0600]    13.4375 MB /   0.50 sec =  225.4416 Mbps     0 retrans   5019 KB-cwnd
[2024-11-05T10:01:03.065488-0600]    14.4375 MB /   0.50 sec =  242.2075 Mbps     0 retrans   5019 KB-cwnd
[2024-11-05T10:01:03.565432-0600]    14.2500 MB /   0.50 sec =  239.0868 Mbps     0 retrans   5019 KB-cwnd
[2024-11-05T10:01:04.065436-0600]    15.6250 MB /   0.50 sec =  262.1492 Mbps     9 retrans   5597 KB-cwnd
[2024-11-05T10:01:04.565355-0600]    15.6875 MB /   0.50 sec =  263.1989 Mbps     0 retrans   5597 KB-cwnd
[2024-11-05T10:01:05.065618-0600]    17.5000 MB /   0.50 sec =  293.5790 Mbps     0 retrans   5597 KB-cwnd
[2024-11-05T10:01:05.565448-0600]    18.6250 MB /   0.50 sec =  312.4894 Mbps     0 retrans   5597 KB-cwnd
[2024-11-05T10:01:06.065452-0600]     5.1875 MB /   0.50 sec =   87.0311 Mbps     0 retrans   5597 KB-cwnd
[2024-11-05T10:01:06.565798-0600]    15.6250 MB /   0.50 sec =  262.1419 Mbps     0 retrans   6953 KB-cwnd
[2024-11-05T10:01:07.065350-0600]    17.1875 MB /   0.50 sec =  288.3809 Mbps     0 retrans   6953 KB-cwnd
[2024-11-05T10:01:07.565486-0600]     7.2500 MB /   0.50 sec =  121.6190 Mbps     0 retrans   6897 KB-cwnd
[2024-11-05T10:01:08.065478-0600]     7.5000 MB /   0.50 sec =  125.8271 Mbps     0 retrans   6897 KB-cwnd
[2024-11-05T10:01:08.565528-0600]     7.4375 MB /   0.50 sec =  124.7703 Mbps     0 retrans   6897 KB-cwnd
[2024-11-05T10:01:09.065938-0600]     6.3750 MB /   0.50 sec =  106.9642 Mbps     0 retrans   6897 KB-cwnd
[2024-11-05T10:01:09.565549-0600]     6.6250 MB /   0.50 sec =  111.1519 Mbps     0 retrans   6897 KB-cwnd
[2024-11-05T10:01:10.065491-0600]     4.1250 MB /   0.50 sec =   69.2042 Mbps     0 retrans   7137 KB-cwnd
[2024-11-05T10:01:10.565661-0600]     0.0000 MB /   0.50 sec =    0.0000 Mbps     0 retrans   7137 KB-cwnd
[2024-11-05T10:01:11.065858-0600]     9.1250 MB /   0.50 sec =  152.9890 Mbps     0 retrans   4686 KB-cwnd
[2024-11-05T10:01:11.565459-0600]     7.2500 MB /   0.50 sec =  121.7137 Mbps     0 retrans   4686 KB-cwnd
[2024-11-05T10:01:12.066294-0600]     8.3125 MB /   0.50 sec =  139.2312 Mbps     0 retrans   4686 KB-cwnd
[2024-11-05T10:01:12.565642-0600]     9.8125 MB /   0.50 sec =  164.8391 Mbps     0 retrans   4686 KB-cwnd
[2024-11-05T10:01:13.065517-0600]    10.8125 MB /   0.50 sec =  181.4555 Mbps     0 retrans   4686 KB-cwnd
[2024-11-05T10:01:13.565500-0600]    12.5625 MB /   0.50 sec =  210.7650 Mbps     0 retrans   4686 KB-cwnd
[2024-11-05T10:01:14.065851-0600]     9.3125 MB /   0.50 sec =  156.1354 Mbps     0 retrans   4686 KB-cwnd
[2024-11-05T10:01:14.565560-0600]    12.6875 MB /   0.50 sec =  212.9730 Mbps     3 retrans   5650 KB-cwnd
[2024-11-05T10:01:15.065432-0600]    12.1875 MB /   0.50 sec =  204.5108 Mbps     0 retrans   5650 KB-cwnd
[2024-11-05T10:01:15.565552-0600]    10.5000 MB /   0.50 sec =  176.1248 Mbps     0 retrans   5650 KB-cwnd
[2024-11-05T10:01:16.065602-0600]    11.9375 MB /   0.50 sec =  200.2584 Mbps     0 retrans   5682 KB-cwnd
[2024-11-05T10:01:16.565405-0600]    13.8750 MB /   0.50 sec =  232.8630 Mbps     0 retrans   5682 KB-cwnd
[2024-11-05T10:01:17.066104-0600]    12.0000 MB /   0.50 sec =  201.1311 Mbps     0 retrans   5682 KB-cwnd
[2024-11-05T10:01:17.565493-0600]    13.9375 MB /   0.50 sec =  234.0450 Mbps   108 retrans   2847 KB-cwnd
[2024-11-05T10:01:18.065463-0600]    15.0000 MB /   0.50 sec =  251.6597 Mbps     0 retrans   2847 KB-cwnd
[2024-11-05T10:01:18.565415-0600]    15.0625 MB /   0.50 sec =  252.7200 Mbps     0 retrans   2847 KB-cwnd
[2024-11-05T10:01:19.065442-0600]    19.3125 MB /   0.50 sec =  323.9996 Mbps     0 retrans   2847 KB-cwnd
[2024-11-05T10:01:19.565577-0600]    13.4375 MB /   0.50 sec =  225.3952 Mbps     0 retrans   2847 KB-cwnd
[2024-11-05T10:01:20.065378-0600]    14.2500 MB /   0.50 sec =  239.1322 Mbps     0 retrans   4222 KB-cwnd
[2024-11-05T10:01:20.565470-0600]     9.0000 MB /   0.50 sec =  150.9856 Mbps     0 retrans   4222 KB-cwnd
[2024-11-05T10:01:21.065477-0600]    16.2500 MB /   0.50 sec =  272.6309 Mbps     0 retrans   4222 KB-cwnd
[2024-11-05T10:01:21.565558-0600]    16.6875 MB /   0.50 sec =  279.9776 Mbps     0 retrans   4222 KB-cwnd
[2024-11-05T10:01:22.065480-0600]    15.7500 MB /   0.50 sec =  264.2412 Mbps     0 retrans   4222 KB-cwnd
[2024-11-05T10:01:22.565419-0600]    13.5625 MB /   0.50 sec =  227.5487 Mbps     0 retrans   5154 KB-cwnd
[2024-11-05T10:01:23.065487-0600]    13.6250 MB /   0.50 sec =  228.5759 Mbps     0 retrans   5272 KB-cwnd
[2024-11-05T10:01:23.565336-0600]     3.3125 MB /   0.50 sec =   55.5804 Mbps     0 retrans   5272 KB-cwnd
[2024-11-05T10:01:24.065537-0600]    14.6875 MB /   0.50 sec =  246.3705 Mbps     0 retrans   5272 KB-cwnd
[2024-11-05T10:01:24.565481-0600]    17.2500 MB /   0.50 sec =  289.4296 Mbps     0 retrans   5272 KB-cwnd
[2024-11-05T10:01:25.065541-0600]    19.6875 MB /   0.50 sec =  330.2512 Mbps     0 retrans   5850 KB-cwnd
[2024-11-05T10:01:25.565449-0600]    13.7500 MB /   0.50 sec =  230.7296 Mbps     0 retrans   5850 KB-cwnd
[2024-11-05T10:01:26.065469-0600]    14.8750 MB /   0.50 sec =  249.5496 Mbps     0 retrans   5786 KB-cwnd
[2024-11-05T10:01:26.565460-0600]    13.8750 MB /   0.50 sec =  232.7927 Mbps     0 retrans   5786 KB-cwnd
[2024-11-05T10:01:27.065504-0600]    24.7500 MB /   0.50 sec =  415.2220 Mbps     0 retrans   5162 KB-cwnd
[2024-11-05T10:01:27.565446-0600]    21.0000 MB /   0.50 sec =  352.3497 Mbps     0 retrans   5162 KB-cwnd
[2024-11-05T10:01:28.065378-0600]    25.4375 MB /   0.50 sec =  426.7636 Mbps     0 retrans   5162 KB-cwnd
[2024-11-05T10:01:28.566001-0600]    23.9375 MB /   0.50 sec =  401.3453 Mbps     0 retrans   6393 KB-cwnd
[2024-11-05T10:01:29.065511-0600]    23.3750 MB /   0.50 sec =  392.4146 Mbps     0 retrans   6393 KB-cwnd
[2024-11-05T10:01:29.565362-0600]    24.5625 MB /   0.50 sec =  412.1069 Mbps     0 retrans   6393 KB-cwnd
[2024-11-05T10:01:30.065425-0600]    26.8125 MB /   0.50 sec =  449.8319 Mbps     0 retrans   7206 KB-cwnd
[2024-11-05T10:01:30.565440-0600]    27.4375 MB /   0.50 sec =  460.3074 Mbps     0 retrans   7206 KB-cwnd
[2024-11-05T10:01:31.065355-0600]    30.8750 MB /   0.50 sec =  518.0442 Mbps     0 retrans   7206 KB-cwnd
[2024-11-05T10:01:31.565464-0600]    30.6250 MB /   0.50 sec =  513.7714 Mbps     0 retrans   6966 KB-cwnd
[2024-11-05T10:01:32.065511-0600]    30.3750 MB /   0.50 sec =  509.5702 Mbps     0 retrans   6966 KB-cwnd
[2024-11-05T10:01:32.565434-0600]    30.8750 MB /   0.50 sec =  518.0380 Mbps     0 retrans   8644 KB-cwnd
[2024-11-05T10:01:33.065358-0600]    36.1250 MB /   0.50 sec =  606.0975 Mbps     0 retrans   8644 KB-cwnd
[2024-11-05T10:01:33.565423-0600]    34.8750 MB /   0.50 sec =  585.0914 Mbps     0 retrans   9068 KB-cwnd
[2024-11-05T10:01:34.065455-0600]    31.6250 MB /   0.50 sec =  530.5529 Mbps     0 retrans   9068 KB-cwnd
[2024-11-05T10:01:34.565469-0600]    29.0000 MB /   0.50 sec =  486.5704 Mbps     0 retrans   9068 KB-cwnd
[2024-11-05T10:01:35.065437-0600]    31.6250 MB /   0.50 sec =  530.5688 Mbps     0 retrans  10182 KB-cwnd
[2024-11-05T10:01:35.565453-0600]    36.2500 MB /   0.50 sec =  608.1522 Mbps     0 retrans  10182 KB-cwnd
[2024-11-05T10:01:36.065420-0600]    32.5625 MB /   0.50 sec =  546.3310 Mbps     0 retrans  12832 KB-cwnd
[2024-11-05T10:01:36.565322-0600]    32.1250 MB /   0.50 sec =  538.9961 Mbps     0 retrans  12832 KB-cwnd
[2024-11-05T10:01:37.065447-0600]    34.8125 MB /   0.50 sec =  584.0124 Mbps     0 retrans  11412 KB-cwnd
[2024-11-05T10:01:37.565411-0600]    28.4375 MB /   0.50 sec =  477.1154 Mbps     0 retrans  11412 KB-cwnd
[2024-11-05T10:01:38.065612-0600]    29.3125 MB /   0.50 sec =  491.7802 Mbps     0 retrans  11103 KB-cwnd
[2024-11-05T10:01:38.565546-0600]    30.6875 MB /   0.50 sec =  514.8086 Mbps     0 retrans  11103 KB-cwnd
[2024-11-05T10:01:39.065517-0600]    37.3750 MB /   0.50 sec =  627.0472 Mbps     0 retrans  10080 KB-cwnd
[2024-11-05T10:01:39.565756-0600]    35.6875 MB /   0.50 sec =  598.4018 Mbps     0 retrans  10080 KB-cwnd
[2024-11-05T10:01:40.065374-0600]    30.1875 MB /   0.50 sec =  506.7744 Mbps     0 retrans  10080 KB-cwnd
[2024-11-05T10:01:40.565330-0600]    19.0000 MB /   0.50 sec =  318.7913 Mbps     0 retrans   9995 KB-cwnd
[2024-11-05T10:01:41.065397-0600]    37.6875 MB /   0.50 sec =  632.2698 Mbps     0 retrans   9995 KB-cwnd
[2024-11-05T10:01:41.565540-0600]    41.6250 MB /   0.50 sec =  698.2692 Mbps     0 retrans  10762 KB-cwnd
[2024-11-05T10:01:42.065443-0600]    40.6250 MB /   0.50 sec =  681.6139 Mbps     0 retrans  10762 KB-cwnd
[2024-11-05T10:01:42.565363-0600]    37.5625 MB /   0.50 sec =  630.2257 Mbps     0 retrans   9148 KB-cwnd
[2024-11-05T10:01:43.065434-0600]    40.6250 MB /   0.50 sec =  681.5717 Mbps     0 retrans   9489 KB-cwnd
[2024-11-05T10:01:43.565543-0600]    40.8750 MB /   0.50 sec =  685.6563 Mbps     0 retrans  11420 KB-cwnd
[2024-11-05T10:01:44.065492-0600]    40.5000 MB /   0.50 sec =  679.5248 Mbps     0 retrans  11839 KB-cwnd
[2024-11-05T10:01:44.565405-0600]    41.1250 MB /   0.50 sec =  690.0458 Mbps     0 retrans  11839 KB-cwnd
[2024-11-05T10:01:45.065760-0600]    49.4375 MB /   0.50 sec =  829.3921 Mbps     0 retrans  11226 KB-cwnd
[2024-11-05T10:01:45.565475-0600]    31.5000 MB /   0.50 sec =  528.4717 Mbps     0 retrans  11226 KB-cwnd
[2024-11-05T10:01:46.065384-0600]    22.5000 MB /   0.50 sec =  377.4911 Mbps     0 retrans  11226 KB-cwnd
[2024-11-05T10:01:46.565494-0600]    21.6250 MB /   0.50 sec =  362.7942 Mbps     0 retrans  13237 KB-cwnd
[2024-11-05T10:01:47.065418-0600]    14.6875 MB /   0.50 sec =  246.4149 Mbps     0 retrans  13237 KB-cwnd
[2024-11-05T10:01:47.565399-0600]    13.7500 MB /   0.50 sec =  230.6950 Mbps     0 retrans  13237 KB-cwnd
[2024-11-05T10:01:48.065430-0600]    18.6250 MB /   0.50 sec =  312.4706 Mbps     0 retrans  13237 KB-cwnd
[2024-11-05T10:01:48.565443-0600]    20.8750 MB /   0.50 sec =  350.2160 Mbps     0 retrans  14836 KB-cwnd
[2024-11-05T10:01:49.065607-0600]    23.2500 MB /   0.50 sec =  390.0711 Mbps     0 retrans  14841 KB-cwnd
[2024-11-05T10:01:49.565370-0600]    24.6875 MB /   0.50 sec =  414.2099 Mbps     0 retrans  14985 KB-cwnd
[2024-11-05T10:01:50.065663-0600]    23.6250 MB /   0.50 sec =  396.3324 Mbps     0 retrans  13810 KB-cwnd
[2024-11-05T10:01:50.565539-0600]    18.1250 MB /   0.50 sec =  304.0810 Mbps     0 retrans  13810 KB-cwnd
[2024-11-05T10:01:51.065496-0600]     8.0000 MB /   0.50 sec =  134.2188 Mbps     0 retrans  13810 KB-cwnd
[2024-11-05T10:01:51.565455-0600]    17.8750 MB /   0.50 sec =  299.9161 Mbps     0 retrans  13810 KB-cwnd
[2024-11-05T10:01:52.065446-0600]    27.5625 MB /   0.50 sec =  462.4054 Mbps     0 retrans   6998 KB-cwnd
[2024-11-05T10:01:52.565449-0600]    29.3750 MB /   0.50 sec =  492.8485 Mbps     0 retrans   6998 KB-cwnd
[2024-11-05T10:01:53.065348-0600]    35.7500 MB /   0.50 sec =  599.8011 Mbps     0 retrans   7254 KB-cwnd
[2024-11-05T10:01:53.565462-0600]    35.2500 MB /   0.50 sec =  591.3578 Mbps     0 retrans   7254 KB-cwnd
[2024-11-05T10:01:54.065378-0600]    32.2500 MB /   0.50 sec =  541.1085 Mbps     0 retrans   7254 KB-cwnd
[2024-11-05T10:01:54.565469-0600]    29.8750 MB /   0.50 sec =  501.1822 Mbps     0 retrans   8104 KB-cwnd
[2024-11-05T10:01:55.065412-0600]    26.9375 MB /   0.50 sec =  451.9625 Mbps     0 retrans   8104 KB-cwnd
[2024-11-05T10:01:55.565629-0600]    25.3750 MB /   0.50 sec =  425.6989 Mbps     0 retrans  10424 KB-cwnd
[2024-11-05T10:01:56.065469-0600]    39.1875 MB /   0.50 sec =  657.4466 Mbps     0 retrans  10427 KB-cwnd
[2024-11-05T10:01:56.565388-0600]    38.0625 MB /   0.50 sec =  638.6262 Mbps     0 retrans  11229 KB-cwnd
[2024-11-05T10:01:57.065800-0600]    43.6250 MB /   0.50 sec =  731.8724 Mbps     0 retrans  11229 KB-cwnd
[2024-11-05T10:01:57.565484-0600]    40.2500 MB /   0.50 sec =  675.2114 Mbps     0 retrans   9625 KB-cwnd
[2024-11-05T10:01:58.065809-0600]    17.3125 MB /   0.50 sec =  290.4672 Mbps     0 retrans   9625 KB-cwnd
[2024-11-05T10:01:58.565457-0600]     1.5000 MB /   0.50 sec =   25.1669 Mbps     0 retrans   9625 KB-cwnd
[2024-11-05T10:01:59.065421-0600]     6.2500 MB /   0.50 sec =  104.8641 Mbps     0 retrans   9625 KB-cwnd
[2024-11-05T10:01:59.565508-0600]    17.6250 MB /   0.50 sec =  295.6446 Mbps     0 retrans   9625 KB-cwnd
[2024-11-05T10:02:00.065940-0600]    43.6875 MB /   0.50 sec =  733.0499 Mbps     0 retrans  12646 KB-cwnd
[2024-11-05T10:02:00.566014-0600]    44.0000 MB /   0.50 sec =  737.5499 Mbps     0 retrans  12715 KB-cwnd
[2024-11-05T10:02:01.065384-0600]    17.6875 MB /   0.50 sec =  297.0161 Mbps     0 retrans  12715 KB-cwnd
[2024-11-05T10:02:01.565520-0600]    33.3125 MB /   0.50 sec =  558.8631 Mbps     0 retrans  12715 KB-cwnd
[2024-11-05T10:02:02.065451-0600]    38.4375 MB /   0.50 sec =  644.8833 Mbps     0 retrans  13933 KB-cwnd
[2024-11-05T10:02:02.565378-0600]    29.9375 MB /   0.50 sec =  502.3051 Mbps     0 retrans  13933 KB-cwnd
[2024-11-05T10:02:03.065506-0600]    22.1875 MB /   0.50 sec =  372.2095 Mbps     0 retrans  14678 KB-cwnd
[2024-11-05T10:02:03.565490-0600]    22.5000 MB /   0.50 sec =  377.4911 Mbps     0 retrans  14678 KB-cwnd
[2024-11-05T10:02:04.065806-0600]    17.9375 MB /   0.50 sec =  300.7831 Mbps     0 retrans  14678 KB-cwnd
[2024-11-05T10:02:04.565368-0600]    11.9375 MB /   0.50 sec =  200.3954 Mbps     0 retrans  14678 KB-cwnd
[2024-11-05T10:02:05.066069-0600]    10.7500 MB /   0.50 sec =  180.2610 Mbps     0 retrans  14678 KB-cwnd
[2024-11-05T10:02:05.565838-0600]    23.5625 MB /   0.50 sec =  395.4911 Mbps     0 retrans  10967 KB-cwnd
[2024-11-05T10:02:06.065355-0600]    26.6875 MB /   0.50 sec =  447.7778 Mbps     0 retrans  10967 KB-cwnd
[2024-11-05T10:02:06.565617-0600]    27.3125 MB /   0.50 sec =  458.1361 Mbps     0 retrans  10967 KB-cwnd
[2024-11-05T10:02:07.065346-0600]    21.0625 MB /   0.50 sec =  353.4571 Mbps     0 retrans  12856 KB-cwnd
[2024-11-05T10:02:07.565424-0600]    13.0625 MB /   0.50 sec =  219.1467 Mbps     0 retrans  12856 KB-cwnd
[2024-11-05T10:02:08.065489-0600]     1.6875 MB /   0.50 sec =   28.3100 Mbps     0 retrans  12856 KB-cwnd
[2024-11-05T10:02:08.565452-0600]    16.3750 MB /   0.50 sec =  274.7313 Mbps     0 retrans  12856 KB-cwnd
[2024-11-05T10:02:09.065602-0600]    17.3125 MB /   0.50 sec =  290.4503 Mbps     0 retrans  12856 KB-cwnd
[2024-11-05T10:02:09.565355-0600]    17.2500 MB /   0.50 sec =  289.4267 Mbps   605 retrans   9353 KB-cwnd
[2024-11-05T10:02:10.065458-0600]    17.3125 MB /   0.50 sec =  290.4294 Mbps     0 retrans   9353 KB-cwnd
[2024-11-05T10:02:10.565507-0600]    13.8125 MB /   0.50 sec =  231.7223 Mbps     0 retrans   9353 KB-cwnd
[2024-11-05T10:02:11.065455-0600]    18.0000 MB /   0.50 sec =  302.0171 Mbps     0 retrans   9353 KB-cwnd
[2024-11-05T10:02:11.565522-0600]     5.3125 MB /   0.50 sec =   89.1227 Mbps     0 retrans   9353 KB-cwnd
[2024-11-05T10:02:12.065396-0600]     2.1875 MB /   0.50 sec =   36.7016 Mbps     0 retrans   9353 KB-cwnd
[2024-11-05T10:02:12.565518-0600]     0.0000 MB /   0.50 sec =    0.0000 Mbps     0 retrans   9353 KB-cwnd
[2024-11-05T10:02:13.065554-0600]     0.0000 MB /   0.50 sec =    0.0000 Mbps     0 retrans   9353 KB-cwnd
[2024-11-05T10:02:13.565474-0600]     6.3750 MB /   0.50 sec =  106.9646 Mbps     0 retrans  10594 KB-cwnd
[2024-11-05T10:02:14.065743-0600]     7.8125 MB /   0.50 sec =  131.0730 Mbps     0 retrans  10594 KB-cwnd
[2024-11-05T10:02:14.565398-0600]     5.9375 MB /   0.50 sec =   99.6167 Mbps     0 retrans  10594 KB-cwnd
[2024-11-05T10:02:15.066508-0600]     0.0000 MB /   0.50 sec =    0.0000 Mbps     0 retrans  10594 KB-cwnd
[2024-11-05T10:02:15.565379-0600]     7.1875 MB /   0.50 sec =  120.7040 Mbps     0 retrans  10594 KB-cwnd
[2024-11-05T10:02:16.065526-0600]     9.7500 MB /   0.50 sec =  163.5589 Mbps     0 retrans  10594 KB-cwnd
[2024-11-05T10:02:16.565461-0600]    10.6875 MB /   0.50 sec =  179.3162 Mbps     0 retrans  10594 KB-cwnd
[2024-11-05T10:02:17.065469-0600]    13.9375 MB /   0.50 sec =  233.8320 Mbps     0 retrans  10594 KB-cwnd
[2024-11-05T10:02:17.565566-0600]    16.0000 MB /   0.50 sec =  268.3925 Mbps  4723 retrans   9481 KB-cwnd
[2024-11-05T10:02:18.065772-0600]    13.6875 MB /   0.50 sec =  229.6331 Mbps     0 retrans   9481 KB-cwnd
[2024-11-05T10:02:18.565471-0600]    12.0625 MB /   0.50 sec =  202.4108 Mbps     0 retrans   9481 KB-cwnd
[2024-11-05T10:02:19.065346-0600]     2.7500 MB /   0.50 sec =   46.1409 Mbps     0 retrans   9500 KB-cwnd
[2024-11-05T10:02:19.565555-0600]    19.1875 MB /   0.50 sec =  321.9090 Mbps     0 retrans   9500 KB-cwnd
[2024-11-05T10:02:20.065636-0600]    20.5000 MB /   0.50 sec =  343.9295 Mbps     0 retrans   9500 KB-cwnd
[2024-11-05T10:02:20.566204-0600]    19.6875 MB /   0.50 sec =  330.0724 Mbps  4585 retrans   2861 KB-cwnd
[2024-11-05T10:02:21.065419-0600]    23.2500 MB /   0.50 sec =  390.3412 Mbps     0 retrans   2861 KB-cwnd
[2024-11-05T10:02:21.565467-0600]    15.8125 MB /   0.50 sec =  265.2749 Mbps     0 retrans   2861 KB-cwnd
[2024-11-05T10:02:22.065487-0600]    12.7500 MB /   0.50 sec =  213.8984 Mbps     0 retrans   2861 KB-cwnd
[2024-11-05T10:02:22.565398-0600]    14.8750 MB /   0.50 sec =  249.5796 Mbps  1529 retrans   5815 KB-cwnd
[2024-11-05T10:02:23.065857-0600]    14.6250 MB /   0.50 sec =  245.2010 Mbps     0 retrans   5815 KB-cwnd
[2024-11-05T10:02:23.565466-0600]     8.5625 MB /   0.50 sec =  143.7550 Mbps     0 retrans   5844 KB-cwnd
[2024-11-05T10:02:24.065531-0600]     0.0000 MB /   0.50 sec =    0.0000 Mbps     0 retrans   5844 KB-cwnd
[2024-11-05T10:02:24.565475-0600]     0.0000 MB /   0.50 sec =    0.0000 Mbps     0 retrans   5844 KB-cwnd
[2024-11-05T10:02:25.065496-0600]     0.0000 MB /   0.50 sec =    0.0000 Mbps     0 retrans   5844 KB-cwnd
[2024-11-05T10:02:25.565649-0600]    13.5625 MB /   0.50 sec =  227.5387 Mbps     0 retrans   5844 KB-cwnd
[2024-11-05T10:02:26.065369-0600]    15.5000 MB /   0.50 sec =  260.0635 Mbps     0 retrans   5844 KB-cwnd
[2024-11-05T10:02:26.565533-0600]     3.1875 MB /   0.50 sec =   53.4709 Mbps     0 retrans   5844 KB-cwnd
[2024-11-05T10:02:27.065495-0600]    18.5625 MB /   0.50 sec =  311.4264 Mbps   625 retrans   7637 KB-cwnd
[2024-11-05T10:02:27.565435-0600]     5.4375 MB /   0.50 sec =   91.2361 Mbps     0 retrans   7637 KB-cwnd
[2024-11-05T10:02:28.065445-0600]    22.2500 MB /   0.50 sec =  373.2729 Mbps     0 retrans   6939 KB-cwnd
[2024-11-05T10:02:28.565475-0600]    21.7500 MB /   0.50 sec =  364.9176 Mbps     0 retrans   7264 KB-cwnd
[2024-11-05T10:02:29.065508-0600]    21.1875 MB /   0.50 sec =  355.4637 Mbps     0 retrans   6369 KB-cwnd
End time: 1730822549274
