Start time: 1730822765453
[2024-11-05T10:06:10.518584-0600] traceroute to 54.197.223.49 (54.197.223.49), 30 hops max, 60 byte packets
[2024-11-05T10:06:10.519291-0600]  1  * * *
[2024-11-05T10:06:10.519331-0600]  2  * * *
[2024-11-05T10:06:10.522097-0600]  3  * * *
[2024-11-05T10:06:10.522145-0600]  4  * * *
[2024-11-05T10:06:10.522172-0600]  5  * * *
[2024-11-05T10:06:15.521940-0600]  6  * * *
[2024-11-05T10:06:15.522089-0600]  7  * * *
[2024-11-05T10:06:15.524506-0600]  8  * * *
[2024-11-05T10:06:15.524543-0600]  9  * * *
[2024-11-05T10:06:15.527126-0600] 10  * * *
[2024-11-05T10:06:20.530605-0600] 11  * * *
[2024-11-05T10:06:20.531062-0600] 12  * * *
[2024-11-05T10:06:20.531212-0600] 13  * * *
[2024-11-05T10:06:20.531332-0600] 14  * * *
[2024-11-05T10:06:20.531439-0600] 15  * * *
[2024-11-05T10:06:25.540825-0600] 16  * * *
[2024-11-05T10:06:25.541304-0600] 17  * * *
[2024-11-05T10:06:25.549472-0600] 18  * * *
[2024-11-05T10:06:25.549648-0600] 19  * * *
[2024-11-05T10:06:25.549866-0600] 20  * * *
[2024-11-05T10:06:25.559064-0600] 21  * * *
[2024-11-05T10:06:30.549821-0600] 22  * * *
[2024-11-05T10:06:30.556401-0600] 23  * * *
[2024-11-05T10:06:30.556648-0600] 24  * * *
[2024-11-05T10:06:30.564750-0600] 25  * * *
[2024-11-05T10:06:30.565000-0600] 26  * * *
[2024-11-05T10:06:35.513080-0600] 27  * *End time: 1730822795579
