Start time: 1730760254953
[2024-11-04T16:44:15.859987-0600] nuttcp-r: v8.1.4: socket
[2024-11-04T16:44:15.861034-0600] nuttcp-r: buflen=65536, nstream=1, port=5379 tcp
[2024-11-04T16:44:15.861140-0600] nuttcp-r: interval reporting every 0.50 seconds
[2024-11-04T16:44:15.861224-0600] nuttcp-r: connect to 54.176.53.206 with RTT=75.666 ms af=inet
[2024-11-04T16:44:15.861305-0600] nuttcp-r: send window size = 2097152, receive window size = 6291456
[2024-11-04T16:44:15.861490-0600] nuttcp-r: available send window = 1572864, available receive window = 4718592
[2024-11-04T16:44:15.861570-0600]     0.0625 MB /   0.50 sec =    1.0484 Mbps     0 retrans
[2024-11-04T16:44:16.359779-0600]     5.5000 MB /   0.50 sec =   92.2760 Mbps     0 retrans
[2024-11-04T16:44:16.859718-0600]    23.8125 MB /   0.50 sec =  399.5003 Mbps     0 retrans
[2024-11-04T16:44:17.359691-0600]    23.3125 MB /   0.50 sec =  391.1337 Mbps     0 retrans
[2024-11-04T16:44:17.859806-0600]    23.1875 MB /   0.50 sec =  389.0069 Mbps     0 retrans
[2024-11-04T16:44:18.359785-0600]    10.1875 MB /   0.50 sec =  170.8964 Mbps     0 retrans
[2024-11-04T16:44:18.859728-0600]    27.9375 MB /   0.50 sec =  468.7800 Mbps     0 retrans
[2024-11-04T16:44:19.359779-0600]    14.7500 MB /   0.50 sec =  247.4382 Mbps     0 retrans
[2024-11-04T16:44:19.859733-0600]    24.6250 MB /   0.50 sec =  413.1885 Mbps     0 retrans
[2024-11-04T16:44:20.359654-0600]    23.8125 MB /   0.50 sec =  399.5330 Mbps     0 retrans
[2024-11-04T16:44:20.859801-0600]    27.3125 MB /   0.50 sec =  458.1736 Mbps     0 retrans
[2024-11-04T16:44:21.359642-0600]    29.4375 MB /   0.50 sec =  493.9425 Mbps     0 retrans
[2024-11-04T16:44:21.859685-0600]    25.5000 MB /   0.50 sec =  427.8079 Mbps     0 retrans
[2024-11-04T16:44:22.359675-0600]    32.0625 MB /   0.50 sec =  537.9313 Mbps     0 retrans
[2024-11-04T16:44:22.859707-0600]    19.2500 MB /   0.50 sec =  322.9246 Mbps     0 retrans
[2024-11-04T16:44:23.359699-0600]    18.6875 MB /   0.50 sec =  313.5468 Mbps     0 retrans
[2024-11-04T16:44:23.859677-0600]    24.4375 MB /   0.50 sec =  409.9981 Mbps     0 retrans
[2024-11-04T16:44:24.359702-0600]    21.3125 MB /   0.50 sec =  357.5523 Mbps     0 retrans
[2024-11-04T16:44:24.859938-0600]    27.9375 MB /   0.50 sec =  468.6197 Mbps     0 retrans
[2024-11-04T16:44:25.359774-0600]    19.6250 MB /   0.50 sec =  329.2983 Mbps     0 retrans
[2024-11-04T16:44:25.859657-0600]    25.2500 MB /   0.50 sec =  423.6772 Mbps     0 retrans
[2024-11-04T16:44:26.359819-0600]     5.0625 MB /   0.50 sec =   84.9146 Mbps     0 retrans
[2024-11-04T16:44:26.859764-0600]     6.5625 MB /   0.50 sec =  110.1181 Mbps     0 retrans
[2024-11-04T16:44:27.359682-0600]    30.3125 MB /   0.50 sec =  508.5939 Mbps     0 retrans
[2024-11-04T16:44:27.859759-0600]    22.8125 MB /   0.50 sec =  382.6897 Mbps     0 retrans
[2024-11-04T16:44:28.359791-0600]    19.3750 MB /   0.50 sec =  325.0612 Mbps     0 retrans
[2024-11-04T16:44:28.859777-0600]    25.5000 MB /   0.50 sec =  427.7976 Mbps     0 retrans
[2024-11-04T16:44:29.359820-0600]    24.1875 MB /   0.50 sec =  405.8533 Mbps     0 retrans
[2024-11-04T16:44:29.859779-0600]    16.1250 MB /   0.50 sec =  270.4877 Mbps     0 retrans
[2024-11-04T16:44:30.359751-0600]     8.5625 MB /   0.50 sec =  143.6681 Mbps     0 retrans
[2024-11-04T16:44:30.859732-0600]    11.9375 MB /   0.50 sec =  200.2792 Mbps     0 retrans
[2024-11-04T16:44:31.359818-0600]     0.0000 MB /   0.50 sec =    0.0000 Mbps     0 retrans
[2024-11-04T16:44:31.859725-0600]     0.0000 MB /   0.50 sec =    0.0000 Mbps     0 retrans
[2024-11-04T16:44:32.359965-0600]    15.1875 MB /   0.50 sec =  254.7729 Mbps     0 retrans
[2024-11-04T16:44:32.859958-0600]     0.0000 MB /   0.50 sec =    0.0000 Mbps     0 retrans
[2024-11-04T16:44:33.359756-0600]    11.5000 MB /   0.50 sec =  192.9654 Mbps     0 retrans
[2024-11-04T16:44:33.859787-0600]     3.4375 MB /   0.50 sec =   57.6650 Mbps     0 retrans
[2024-11-04T16:44:34.359866-0600]     0.0000 MB /   0.50 sec =    0.0000 Mbps     0 retrans
[2024-11-04T16:44:34.859814-0600]     5.5000 MB /   0.50 sec =   92.2824 Mbps     0 retrans
[2024-11-04T16:44:35.359906-0600]     8.1250 MB /   0.50 sec =  136.2931 Mbps     0 retrans
[2024-11-04T16:44:35.859789-0600]     2.7500 MB /   0.50 sec =   46.1457 Mbps     0 retrans
[2024-11-04T16:44:36.359753-0600]     5.4375 MB /   0.50 sec =   91.2352 Mbps     0 retrans
[2024-11-04T16:44:36.859819-0600]     2.6250 MB /   0.50 sec =   44.0346 Mbps     0 retrans
[2024-11-04T16:44:37.359872-0600]     7.6250 MB /   0.50 sec =  127.9342 Mbps     0 retrans
[2024-11-04T16:44:37.859775-0600]     7.1875 MB /   0.50 sec =  120.5901 Mbps     0 retrans
[2024-11-04T16:44:38.359697-0600]     8.4375 MB /   0.50 sec =  141.5682 Mbps     0 retrans
[2024-11-04T16:44:38.859907-0600]     9.5625 MB /   0.50 sec =  160.3882 Mbps     0 retrans
[2024-11-04T16:44:39.359723-0600]     9.4375 MB /   0.50 sec =  158.3774 Mbps     0 retrans
[2024-11-04T16:44:39.859843-0600]     1.9375 MB /   0.50 sec =   32.5000 Mbps     0 retrans
[2024-11-04T16:44:40.359621-0600]     9.7500 MB /   0.50 sec =  163.6161 Mbps     0 retrans
[2024-11-04T16:44:40.859748-0600]     6.0000 MB /   0.50 sec =  100.6542 Mbps     0 retrans
[2024-11-04T16:44:41.359795-0600]     0.1250 MB /   0.50 sec =    2.0968 Mbps     0 retrans
[2024-11-04T16:44:41.859863-0600]     7.8750 MB /   0.50 sec =  132.1177 Mbps     0 retrans
[2024-11-04T16:44:42.359803-0600]     7.3125 MB /   0.50 sec =  122.6932 Mbps     0 retrans
[2024-11-04T16:44:42.859731-0600]     6.6875 MB /   0.50 sec =  112.2026 Mbps     0 retrans
[2024-11-04T16:44:43.359816-0600]     3.9375 MB /   0.50 sec =   66.0588 Mbps     0 retrans
[2024-11-04T16:44:43.859823-0600]     4.8125 MB /   0.50 sec =   80.7362 Mbps     0 retrans
[2024-11-04T16:44:44.359888-0600]     6.9375 MB /   0.50 sec =  116.4110 Mbps     0 retrans
[2024-11-04T16:44:44.859790-0600]     4.3125 MB /   0.50 sec =   72.3441 Mbps     0 retrans
[2024-11-04T16:44:45.359764-0600]     2.7500 MB /   0.50 sec =   46.1372 Mbps     0 retrans
[2024-11-04T16:44:45.859801-0600]     4.7500 MB /   0.50 sec =   79.6903 Mbps     0 retrans
[2024-11-04T16:44:46.359792-0600]     4.1250 MB /   0.50 sec =   69.2056 Mbps     0 retrans
[2024-11-04T16:44:46.859779-0600]     4.5625 MB /   0.50 sec =   76.5477 Mbps     0 retrans
[2024-11-04T16:44:47.359616-0600]     4.7500 MB /   0.50 sec =   79.7056 Mbps     0 retrans
[2024-11-04T16:44:47.859817-0600]     4.9375 MB /   0.50 sec =   82.8238 Mbps     0 retrans
[2024-11-04T16:44:48.359897-0600]     0.0000 MB /   0.50 sec =    0.0000 Mbps     0 retrans
[2024-11-04T16:44:48.859844-0600]     0.0000 MB /   0.50 sec =    0.0000 Mbps     0 retrans
[2024-11-04T16:44:49.359901-0600]     0.0000 MB /   0.50 sec =    0.0000 Mbps     0 retrans
[2024-11-04T16:44:49.859814-0600]     0.0000 MB /   0.50 sec =    0.0000 Mbps     0 retrans
[2024-11-04T16:44:50.360044-0600]     0.0000 MB /   0.50 sec =    0.0000 Mbps     0 retrans
[2024-11-04T16:44:50.859629-0600]     0.6250 MB /   0.50 sec =   10.4891 Mbps     0 retrans
[2024-11-04T16:44:51.359719-0600]     9.4375 MB /   0.50 sec =  158.3318 Mbps     0 retrans
[2024-11-04T16:44:51.859716-0600]     8.3125 MB /   0.50 sec =  139.4609 Mbps     0 retrans
[2024-11-04T16:44:52.359736-0600]     9.8125 MB /   0.50 sec =  164.6248 Mbps     0 retrans
[2024-11-04T16:44:52.859793-0600]    12.0625 MB /   0.50 sec =  202.3711 Mbps     0 retrans
[2024-11-04T16:44:53.359734-0600]    13.6875 MB /   0.50 sec =  229.6345 Mbps     0 retrans
[2024-11-04T16:44:53.859811-0600]    14.8750 MB /   0.50 sec =  249.5436 Mbps     0 retrans
[2024-11-04T16:44:54.359832-0600]     7.1250 MB /   0.50 sec =  119.5336 Mbps     0 retrans
[2024-11-04T16:44:54.859652-0600]    19.4375 MB /   0.50 sec =  326.1567 Mbps     0 retrans
[2024-11-04T16:44:55.359754-0600]    19.1250 MB /   0.50 sec =  320.8533 Mbps     0 retrans
[2024-11-04T16:44:55.859728-0600]     4.5625 MB /   0.50 sec =   76.5430 Mbps     0 retrans
[2024-11-04T16:44:56.359761-0600]    28.5625 MB /   0.50 sec =  479.2136 Mbps     0 retrans
[2024-11-04T16:44:56.859698-0600]    17.4375 MB /   0.50 sec =  292.5603 Mbps     0 retrans
[2024-11-04T16:44:57.359730-0600]    17.7500 MB /   0.50 sec =  297.7878 Mbps     0 retrans
[2024-11-04T16:44:57.859739-0600]    18.6875 MB /   0.50 sec =  313.5305 Mbps     0 retrans
[2024-11-04T16:44:58.359653-0600]    21.3125 MB /   0.50 sec =  357.5880 Mbps     0 retrans
[2024-11-04T16:44:58.859718-0600]    23.5625 MB /   0.50 sec =  395.2886 Mbps     0 retrans
[2024-11-04T16:44:59.359745-0600]    25.6250 MB /   0.50 sec =  429.9136 Mbps     0 retrans
[2024-11-04T16:44:59.859743-0600]    19.6250 MB /   0.50 sec =  329.2502 Mbps     0 retrans
[2024-11-04T16:45:00.359734-0600]    11.1250 MB /   0.50 sec =  186.6350 Mbps     0 retrans
[2024-11-04T16:45:00.859685-0600]    20.1875 MB /   0.50 sec =  338.7077 Mbps     0 retrans
[2024-11-04T16:45:01.359971-0600]    27.3750 MB /   0.50 sec =  459.2873 Mbps     0 retrans
[2024-11-04T16:45:01.859750-0600]    25.1875 MB /   0.50 sec =  422.5677 Mbps     0 retrans
[2024-11-04T16:45:02.359841-0600]     9.7500 MB /   0.50 sec =  163.5517 Mbps     0 retrans
[2024-11-04T16:45:02.859844-0600]     0.0000 MB /   0.50 sec =    0.0000 Mbps     0 retrans
[2024-11-04T16:45:03.360032-0600]     0.5625 MB /   0.50 sec =    9.4367 Mbps     0 retrans
[2024-11-04T16:45:03.859701-0600]    16.1875 MB /   0.50 sec =  271.6453 Mbps     0 retrans
[2024-11-04T16:45:04.359797-0600]    23.0000 MB /   0.50 sec =  385.8304 Mbps     0 retrans
[2024-11-04T16:45:04.859648-0600]    16.1875 MB /   0.50 sec =  271.6312 Mbps     0 retrans
[2024-11-04T16:45:05.359930-0600]     0.4375 MB /   0.50 sec =    7.3373 Mbps     0 retrans
[2024-11-04T16:45:05.859693-0600]     0.0000 MB /   0.50 sec =    0.0000 Mbps     0 retrans
[2024-11-04T16:45:06.359905-0600]     6.5625 MB /   0.50 sec =  110.0679 Mbps     0 retrans
[2024-11-04T16:45:06.859713-0600]    12.7500 MB /   0.50 sec =  213.9728 Mbps     0 retrans
[2024-11-04T16:45:07.359724-0600]    19.5625 MB /   0.50 sec =  328.2036 Mbps     0 retrans
[2024-11-04T16:45:07.859814-0600]    19.0000 MB /   0.50 sec =  318.7148 Mbps     0 retrans
[2024-11-04T16:45:08.359747-0600]    20.3750 MB /   0.50 sec =  341.8747 Mbps     0 retrans
[2024-11-04T16:45:08.859770-0600]    14.3125 MB /   0.50 sec =  240.1109 Mbps     0 retrans
[2024-11-04T16:45:09.359686-0600]     8.5000 MB /   0.50 sec =  142.6138 Mbps     0 retrans
[2024-11-04T16:45:09.859924-0600]     7.5000 MB /   0.50 sec =  125.8296 Mbps     0 retrans
[2024-11-04T16:45:10.359770-0600]    11.6875 MB /   0.50 sec =  196.0802 Mbps     0 retrans
[2024-11-04T16:45:10.859782-0600]     4.8750 MB /   0.50 sec =   81.7861 Mbps     0 retrans
[2024-11-04T16:45:11.359814-0600]    17.0000 MB /   0.50 sec =  285.2150 Mbps     0 retrans
[2024-11-04T16:45:11.859732-0600]     6.4375 MB /   0.50 sec =  108.0018 Mbps     0 retrans
[2024-11-04T16:45:12.359831-0600]    15.5000 MB /   0.50 sec =  260.0312 Mbps     0 retrans
[2024-11-04T16:45:12.859657-0600]    23.2500 MB /   0.50 sec =  390.1514 Mbps     0 retrans
[2024-11-04T16:45:13.359731-0600]    20.3125 MB /   0.50 sec =  340.7681 Mbps     0 retrans
[2024-11-04T16:45:13.859680-0600]    21.9375 MB /   0.50 sec =  368.0568 Mbps     0 retrans
[2024-11-04T16:45:14.359817-0600]    25.4375 MB /   0.50 sec =  426.6987 Mbps     0 retrans
[2024-11-04T16:45:14.859663-0600]    27.9375 MB /   0.50 sec =  468.8082 Mbps     0 retrans
[2024-11-04T16:45:15.359916-0600]    32.1250 MB /   0.50 sec =  538.9336 Mbps     0 retrans
[2024-11-04T16:45:15.859710-0600]    32.1250 MB /   0.50 sec =  538.9778 Mbps     0 retrans
[2024-11-04T16:45:16.359677-0600]     9.3125 MB /   0.50 sec =  156.2459 Mbps     0 retrans
[2024-11-04T16:45:16.859731-0600]    31.8125 MB /   0.50 sec =  533.7028 Mbps     0 retrans
[2024-11-04T16:45:17.359719-0600]    32.6250 MB /   0.50 sec =  547.3567 Mbps     0 retrans
[2024-11-04T16:45:17.859758-0600]    31.8750 MB /   0.50 sec =  534.7492 Mbps     0 retrans
[2024-11-04T16:45:18.359703-0600]    18.5000 MB /   0.50 sec =  310.3890 Mbps     0 retrans
[2024-11-04T16:45:18.859715-0600]     2.8125 MB /   0.50 sec =   47.1818 Mbps     0 retrans
[2024-11-04T16:45:19.359742-0600]    25.5000 MB /   0.50 sec =  427.8524 Mbps     0 retrans
[2024-11-04T16:45:19.859711-0600]    28.4375 MB /   0.50 sec =  477.1049 Mbps     0 retrans
[2024-11-04T16:45:20.359722-0600]    27.1250 MB /   0.50 sec =  455.0683 Mbps     0 retrans
[2024-11-04T16:45:20.859751-0600]    22.2500 MB /   0.50 sec =  373.2953 Mbps     0 retrans
[2024-11-04T16:45:21.359798-0600]    23.2500 MB /   0.50 sec =  390.1015 Mbps     0 retrans
[2024-11-04T16:45:21.859736-0600]    25.5625 MB /   0.50 sec =  428.8461 Mbps     0 retrans
[2024-11-04T16:45:22.359728-0600]    24.1250 MB /   0.50 sec =  404.7552 Mbps     0 retrans
[2024-11-04T16:45:22.859729-0600]    19.8750 MB /   0.50 sec =  333.4432 Mbps     0 retrans
[2024-11-04T16:45:23.359724-0600]    19.8125 MB /   0.50 sec =  332.4026 Mbps     0 retrans
[2024-11-04T16:45:23.859675-0600]    18.1250 MB /   0.50 sec =  304.0889 Mbps     0 retrans
[2024-11-04T16:45:24.359873-0600]     1.6875 MB /   0.50 sec =   28.3040 Mbps     0 retrans
[2024-11-04T16:45:24.859716-0600]    17.3750 MB /   0.50 sec =  291.5689 Mbps     0 retrans
[2024-11-04T16:45:25.359898-0600]     0.0000 MB /   0.50 sec =    0.0000 Mbps     0 retrans
[2024-11-04T16:45:25.859738-0600]    12.8125 MB /   0.50 sec =  215.0118 Mbps     0 retrans
[2024-11-04T16:45:26.359707-0600]    11.6875 MB /   0.50 sec =  196.0908 Mbps     0 retrans
[2024-11-04T16:45:26.859731-0600]     6.3125 MB /   0.50 sec =  105.9036 Mbps     0 retrans
[2024-11-04T16:45:27.359862-0600]    19.7500 MB /   0.50 sec =  331.3520 Mbps     0 retrans
[2024-11-04T16:45:27.859675-0600]    22.5625 MB /   0.50 sec =  378.5390 Mbps     0 retrans
[2024-11-04T16:45:28.359639-0600]    20.4375 MB /   0.50 sec =  342.8912 Mbps     0 retrans
[2024-11-04T16:45:28.859872-0600]     9.2500 MB /   0.50 sec =  155.1449 Mbps     0 retrans
[2024-11-04T16:45:29.359632-0600]    11.2500 MB /   0.50 sec =  188.8022 Mbps     0 retrans
[2024-11-04T16:45:29.859800-0600]     5.4375 MB /   0.50 sec =   91.2121 Mbps     0 retrans
[2024-11-04T16:45:30.359897-0600]     0.0000 MB /   0.50 sec =    0.0000 Mbps     0 retrans
[2024-11-04T16:45:30.859823-0600]     0.2500 MB /   0.50 sec =    4.1950 Mbps     0 retrans
[2024-11-04T16:45:31.359842-0600]     8.9375 MB /   0.50 sec =  149.9374 Mbps     0 retrans
[2024-11-04T16:45:31.859810-0600]     9.1250 MB /   0.50 sec =  153.0998 Mbps     0 retrans
[2024-11-04T16:45:32.359881-0600]     9.9375 MB /   0.50 sec =  166.7069 Mbps     0 retrans
[2024-11-04T16:45:32.859735-0600]    18.4375 MB /   0.50 sec =  309.3992 Mbps     0 retrans
[2024-11-04T16:45:33.359960-0600]    14.8750 MB /   0.50 sec =  249.5386 Mbps     0 retrans
[2024-11-04T16:45:33.859770-0600]    16.0625 MB /   0.50 sec =  269.4991 Mbps     0 retrans
[2024-11-04T16:45:34.359741-0600]    11.6875 MB /   0.50 sec =  196.0821 Mbps     0 retrans
[2024-11-04T16:45:34.859705-0600]     0.0625 MB /   0.50 sec =    1.0486 Mbps     0 retrans
[2024-11-04T16:45:35.359916-0600]     6.5625 MB /   0.50 sec =  110.0752 Mbps     0 retrans
[2024-11-04T16:45:35.859777-0600]     0.0000 MB /   0.50 sec =    0.0000 Mbps     0 retrans
[2024-11-04T16:45:36.359884-0600]     0.0000 MB /   0.50 sec =    0.0000 Mbps     0 retrans
[2024-11-04T16:45:36.859752-0600]     0.1250 MB /   0.50 sec =    2.0975 Mbps     0 retrans
[2024-11-04T16:45:37.359871-0600]     1.8125 MB /   0.50 sec =   30.4041 Mbps     0 retrans
[2024-11-04T16:45:37.859914-0600]     0.0000 MB /   0.50 sec =    0.0000 Mbps     0 retrans
[2024-11-04T16:45:38.359806-0600]     0.0000 MB /   0.50 sec =    0.0000 Mbps     0 retrans
[2024-11-04T16:45:38.859774-0600]     0.9375 MB /   0.50 sec =   15.7308 Mbps     0 retrans
[2024-11-04T16:45:39.359891-0600]     0.8750 MB /   0.50 sec =   14.6772 Mbps     0 retrans
[2024-11-04T16:45:39.859765-0600]     0.0000 MB /   0.50 sec =    0.0000 Mbps     0 retrans
[2024-11-04T16:45:40.359898-0600]     0.0000 MB /   0.50 sec =    0.0000 Mbps     0 retrans
[2024-11-04T16:45:40.859837-0600]     4.3125 MB /   0.50 sec =   72.3606 Mbps     0 retrans
[2024-11-04T16:45:41.359828-0600]     0.0000 MB /   0.50 sec =    0.0000 Mbps     0 retrans
[2024-11-04T16:45:41.859802-0600]     0.0000 MB /   0.50 sec =    0.0000 Mbps     0 retrans
[2024-11-04T16:45:42.359836-0600]     0.0625 MB /   0.50 sec =    1.0485 Mbps     0 retrans
[2024-11-04T16:45:42.860011-0600]     0.0000 MB /   0.50 sec =    0.0000 Mbps     0 retrans
[2024-11-04T16:45:43.359841-0600]     4.0625 MB /   0.50 sec =   68.1543 Mbps     0 retrans
[2024-11-04T16:45:43.860017-0600]     0.0000 MB /   0.50 sec =    0.0000 Mbps     0 retrans
[2024-11-04T16:45:44.359751-0600]     3.6250 MB /   0.50 sec =   60.8208 Mbps     0 retrans
[2024-11-04T16:45:44.859865-0600]     2.0625 MB /   0.50 sec =   34.5982 Mbps     0 retrans
[2024-11-04T16:45:45.359822-0600]     0.0000 MB /   0.50 sec =    0.0000 Mbps     0 retrans
[2024-11-04T16:45:45.859684-0600]     0.0000 MB /   0.50 sec =    0.0000 Mbps     0 retrans
[2024-11-04T16:45:46.359864-0600]     0.0000 MB /   0.50 sec =    0.0000 Mbps     0 retrans
[2024-11-04T16:45:46.859794-0600]     0.0000 MB /   0.50 sec =    0.0000 Mbps     0 retrans
[2024-11-04T16:45:47.359901-0600]     0.0000 MB /   0.50 sec =    0.0000 Mbps     0 retrans
[2024-11-04T16:45:47.859733-0600]     1.1875 MB /   0.50 sec =   19.9244 Mbps     0 retrans
[2024-11-04T16:45:48.359659-0600]     5.6875 MB /   0.50 sec =   95.4275 Mbps     0 retrans
[2024-11-04T16:45:48.859742-0600]     1.8125 MB /   0.50 sec =   30.4067 Mbps     0 retrans
[2024-11-04T16:45:49.359726-0600]     2.0625 MB /   0.50 sec =   34.6033 Mbps     0 retrans
[2024-11-04T16:45:49.859721-0600]     2.2500 MB /   0.50 sec =   37.7493 Mbps     0 retrans
[2024-11-04T16:45:50.359733-0600]     2.5625 MB /   0.50 sec =   42.9909 Mbps     0 retrans
[2024-11-04T16:45:50.859717-0600]     2.6875 MB /   0.50 sec =   45.0889 Mbps     0 retrans
[2024-11-04T16:45:51.359702-0600]     3.0000 MB /   0.50 sec =   50.3335 Mbps     0 retrans
[2024-11-04T16:45:51.859769-0600]     3.1250 MB /   0.50 sec =   52.4243 Mbps     0 retrans
[2024-11-04T16:45:52.359814-0600]     2.8125 MB /   0.50 sec =   47.1821 Mbps     0 retrans
[2024-11-04T16:45:52.859772-0600]     1.4375 MB /   0.50 sec =   24.1191 Mbps     0 retrans
[2024-11-04T16:45:53.359805-0600]     1.9375 MB /   0.50 sec =   32.5048 Mbps     0 retrans
[2024-11-04T16:45:53.859729-0600]     1.8750 MB /   0.50 sec =   31.4601 Mbps     0 retrans
[2024-11-04T16:45:54.359741-0600]     2.2500 MB /   0.50 sec =   37.7480 Mbps     0 retrans
[2024-11-04T16:45:54.859781-0600]     1.6875 MB /   0.50 sec =   28.3092 Mbps     0 retrans
[2024-11-04T16:45:55.359752-0600]     1.1875 MB /   0.50 sec =   19.9243 Mbps     0 retrans
[2024-11-04T16:45:55.859787-0600]     2.3125 MB /   0.50 sec =   38.7944 Mbps     0 retrans
[2024-11-04T16:45:56.359779-0600]     2.6250 MB /   0.50 sec =   44.0430 Mbps     0 retrans
[2024-11-04T16:45:56.859861-0600]     2.7500 MB /   0.50 sec =   46.1361 Mbps     0 retrans
[2024-11-04T16:45:57.359635-0600]     2.7500 MB /   0.50 sec =   46.1427 Mbps     0 retrans
[2024-11-04T16:45:57.859850-0600]     2.2500 MB /   0.50 sec =   37.7402 Mbps     0 retrans
[2024-11-04T16:45:58.359789-0600]     1.8125 MB /   0.50 sec =   30.4120 Mbps     0 retrans
[2024-11-04T16:45:58.859696-0600]     2.1250 MB /   0.50 sec =   35.6542 Mbps     0 retrans
[2024-11-04T16:45:59.359859-0600]     0.1250 MB /   0.50 sec =    2.0967 Mbps     0 retrans
[2024-11-04T16:45:59.859766-0600]     1.3125 MB /   0.50 sec =   22.0234 Mbps     0 retrans
[2024-11-04T16:46:00.359785-0600]     0.5625 MB /   0.50 sec =    9.4367 Mbps     0 retrans
[2024-11-04T16:46:00.859801-0600]     0.0625 MB /   0.50 sec =    1.0485 Mbps     0 retrans
[2024-11-04T16:46:01.359864-0600]     0.0000 MB /   0.50 sec =    0.0000 Mbps     0 retrans
[2024-11-04T16:46:01.859776-0600]     0.0000 MB /   0.50 sec =    0.0000 Mbps     0 retrans
[2024-11-04T16:46:02.359831-0600]     0.0625 MB /   0.50 sec =    1.0486 Mbps     0 retrans
[2024-11-04T16:46:02.859826-0600]     1.3125 MB /   0.50 sec =   22.0180 Mbps     0 retrans
[2024-11-04T16:46:03.360036-0600]     0.0000 MB /   0.50 sec =    0.0000 Mbps     0 retrans
[2024-11-04T16:46:03.859792-0600]     0.0000 MB /   0.50 sec =    0.0000 Mbps     0 retrans
[2024-11-04T16:46:04.359857-0600]     0.0000 MB /   0.50 sec =    0.0000 Mbps     0 retrans
[2024-11-04T16:46:04.859791-0600]     0.0000 MB /   0.50 sec =    0.0000 Mbps     0 retrans
[2024-11-04T16:46:05.359850-0600]     0.0000 MB /   0.50 sec =    0.0000 Mbps     0 retrans
[2024-11-04T16:46:05.859820-0600]     0.0000 MB /   0.50 sec =    0.0000 Mbps     0 retrans
[2024-11-04T16:46:06.359791-0600]     0.0000 MB /   0.50 sec =    0.0000 Mbps     0 retrans
[2024-11-04T16:46:06.859673-0600]     0.0000 MB /   0.50 sec =    0.0000 Mbps     0 retrans
[2024-11-04T16:46:07.359862-0600]     0.0000 MB /   0.50 sec =    0.0000 Mbps     0 retrans
[2024-11-04T16:46:07.859774-0600]     0.0000 MB /   0.50 sec =    0.0000 Mbps     0 retrans
[2024-11-04T16:46:08.359837-0600]     0.0000 MB /   0.50 sec =    0.0000 Mbps     0 retrans
[2024-11-04T16:46:08.859802-0600]     0.0000 MB /   0.50 sec =    0.0000 Mbps     0 retrans
[2024-11-04T16:46:09.359864-0600]     0.0000 MB /   0.50 sec =    0.0000 Mbps     0 retrans
[2024-11-04T16:46:09.859801-0600]     0.0000 MB /   0.50 sec =    0.0000 Mbps     0 retrans
[2024-11-04T16:46:10.359997-0600]     0.0000 MB /   0.50 sec =    0.0000 Mbps     0 retrans
[2024-11-04T16:46:10.859763-0600]     0.0000 MB /   0.50 sec =    0.0000 Mbps     0 retrans
[2024-11-04T16:46:11.359868-0600]     0.0000 MB /   0.50 sec =    0.0000 Mbps     0 retrans
[2024-11-04T16:46:11.859769-0600]     0.0000 MB /   0.50 sec =    0.0000 Mbps     0 retrans
[2024-11-04T16:46:12.359832-0600]     0.0000 MB /   0.50 sec =    0.0000 Mbps     0 retrans
[2024-11-04T16:46:12.859849-0600]     0.0000 MB /   0.50 sec =    0.0000 Mbps     0 retrans
[2024-11-04T16:46:13.359696-0600]     0.0000 MB /   0.50 sec =    0.0000 Mbps     0 retrans
[2024-11-04T16:46:13.859854-0600]     0.0000 MB /   0.50 sec =    0.0000 Mbps     0 retrans
[2024-11-04T16:46:14.359805-0600]     0.0000 MB /   0.50 sec =    0.0000 Mbps     0 retrans
[2024-11-04T16:46:14.859798-0600]     0.0000 MB /   0.50 sec =    0.0000 Mbps     0 retrans
[2024-11-04T16:46:15.359867-0600]     0.0000 MB /   0.50 sec =    0.0000 Mbps     0 retrans
[2024-11-04T16:46:15.859861-0600]     0.0000 MB /   0.50 sec =    0.0000 Mbps     0 retrans
End time: 1730760376077
