Start time: 1730847859533
[2024-11-05T17:04:21.851348-0600] nuttcp-r: v8.1.4: socket
[2024-11-05T17:04:21.851869-0600] nuttcp-r: buflen=65536, nstream=1, port=5379 tcp
[2024-11-05T17:04:21.851916-0600] nuttcp-r: interval reporting every 0.50 seconds
[2024-11-05T17:04:21.851953-0600] nuttcp-r: connect to 54.197.223.49 with RTT=72.439 ms af=inet
[2024-11-05T17:04:21.851989-0600] nuttcp-r: send window size = 2097152, receive window size = 6291456
[2024-11-05T17:04:21.852025-0600] nuttcp-r: available send window = 1572864, available receive window = 4718592
[2024-11-05T17:04:21.852058-0600]     0.7500 MB /   0.50 sec =   12.5815 Mbps     0 retrans     13 KB-cwnd
[2024-11-05T17:04:22.351394-0600]     1.1875 MB /   0.50 sec =   19.9207 Mbps     0 retrans     13 KB-cwnd
[2024-11-05T17:04:22.851310-0600]    10.1250 MB /   0.50 sec =  169.8914 Mbps     0 retrans     13 KB-cwnd
[2024-11-05T17:04:23.351363-0600]    16.3750 MB /   0.50 sec =  274.6934 Mbps     0 retrans     13 KB-cwnd
[2024-11-05T17:04:23.851342-0600]     7.8125 MB /   0.50 sec =  131.0788 Mbps     0 retrans     13 KB-cwnd
[2024-11-05T17:04:24.351229-0600]    13.5000 MB /   0.50 sec =  226.5173 Mbps     0 retrans     13 KB-cwnd
[2024-11-05T17:04:24.851683-0600]    16.0000 MB /   0.50 sec =  268.2766 Mbps     0 retrans     13 KB-cwnd
[2024-11-05T17:04:25.351488-0600]    11.6250 MB /   0.50 sec =  195.1386 Mbps     0 retrans     13 KB-cwnd
[2024-11-05T17:04:25.851413-0600]    10.5625 MB /   0.50 sec =  177.1860 Mbps     0 retrans     13 KB-cwnd
[2024-11-05T17:04:26.351353-0600]    15.5000 MB /   0.50 sec =  260.0718 Mbps     0 retrans     13 KB-cwnd
[2024-11-05T17:04:26.851287-0600]    21.2500 MB /   0.50 sec =  356.5387 Mbps     0 retrans     13 KB-cwnd
[2024-11-05T17:04:27.351327-0600]     7.5625 MB /   0.50 sec =  126.8622 Mbps     0 retrans     26 KB-cwnd
[2024-11-05T17:04:27.851481-0600]    21.3125 MB /   0.50 sec =  357.4965 Mbps     0 retrans     26 KB-cwnd
[2024-11-05T17:04:28.351215-0600]    24.5000 MB /   0.50 sec =  411.1849 Mbps     0 retrans     26 KB-cwnd
[2024-11-05T17:04:28.851422-0600]    16.9375 MB /   0.50 sec =  284.0891 Mbps     0 retrans     26 KB-cwnd
[2024-11-05T17:04:29.351309-0600]    31.0625 MB /   0.50 sec =  521.2538 Mbps     0 retrans     26 KB-cwnd
[2024-11-05T17:04:29.851357-0600]    27.9375 MB /   0.50 sec =  468.7407 Mbps     0 retrans     31 KB-cwnd
[2024-11-05T17:04:30.351363-0600]    30.1875 MB /   0.50 sec =  506.3883 Mbps     0 retrans     39 KB-cwnd
[2024-11-05T17:04:30.851299-0600]    32.3750 MB /   0.50 sec =  543.2091 Mbps     0 retrans     45 KB-cwnd
[2024-11-05T17:04:31.351344-0600]    32.2500 MB /   0.50 sec =  541.0360 Mbps     0 retrans     50 KB-cwnd
[2024-11-05T17:04:31.851435-0600]    18.1250 MB /   0.50 sec =  304.0384 Mbps     0 retrans     50 KB-cwnd
[2024-11-05T17:04:32.351249-0600]    12.0000 MB /   0.50 sec =  201.3709 Mbps     0 retrans     53 KB-cwnd
[2024-11-05T17:04:32.851286-0600]    11.5625 MB /   0.50 sec =  193.9679 Mbps     0 retrans     58 KB-cwnd
[2024-11-05T17:04:33.351372-0600]    23.1250 MB /   0.50 sec =  387.9817 Mbps     0 retrans     63 KB-cwnd
[2024-11-05T17:04:33.851383-0600]    11.5000 MB /   0.50 sec =  192.9283 Mbps   181 retrans  11857 KB-cwnd
[2024-11-05T17:04:34.351331-0600]    17.5625 MB /   0.50 sec =  294.6781 Mbps     0 retrans  11857 KB-cwnd
[2024-11-05T17:04:34.851309-0600]    13.0000 MB /   0.50 sec =  218.1034 Mbps     0 retrans  11857 KB-cwnd
[2024-11-05T17:04:35.351610-0600]     0.0000 MB /   0.50 sec =    0.0000 Mbps     0 retrans  11857 KB-cwnd
[2024-11-05T17:04:35.851289-0600]    13.8750 MB /   0.50 sec =  232.8374 Mbps     0 retrans  11857 KB-cwnd
[2024-11-05T17:04:36.351282-0600]     7.5000 MB /   0.50 sec =  125.8291 Mbps     0 retrans  11857 KB-cwnd
[2024-11-05T17:04:36.851305-0600]    13.2500 MB /   0.50 sec =  222.2963 Mbps     0 retrans  17177 KB-cwnd
[2024-11-05T17:04:37.351286-0600]    11.9375 MB /   0.50 sec =  200.2788 Mbps     0 retrans  17177 KB-cwnd
[2024-11-05T17:04:37.851500-0600]    12.3125 MB /   0.50 sec =  206.5682 Mbps     0 retrans  17177 KB-cwnd
[2024-11-05T17:04:38.351235-0600]    10.1250 MB /   0.50 sec =  169.8775 Mbps     0 retrans  17177 KB-cwnd
[2024-11-05T17:04:38.851280-0600]     6.7500 MB /   0.50 sec =  113.2428 Mbps     0 retrans  17180 KB-cwnd
[2024-11-05T17:04:39.351331-0600]     3.1250 MB /   0.50 sec =   52.4258 Mbps     0 retrans  17180 KB-cwnd
[2024-11-05T17:04:39.851316-0600]     4.5000 MB /   0.50 sec =   75.4987 Mbps     0 retrans  17180 KB-cwnd
[2024-11-05T17:04:40.351299-0600]     6.1250 MB /   0.50 sec =  102.7695 Mbps     0 retrans  17180 KB-cwnd
[2024-11-05T17:04:40.851400-0600]     4.2500 MB /   0.50 sec =   71.2875 Mbps     0 retrans  17180 KB-cwnd
[2024-11-05T17:04:41.351404-0600]     5.3125 MB /   0.50 sec =   89.1265 Mbps     0 retrans  17180 KB-cwnd
[2024-11-05T17:04:41.851232-0600]     3.5000 MB /   0.50 sec =   58.7341 Mbps     0 retrans  17180 KB-cwnd
[2024-11-05T17:04:42.351328-0600]     9.7500 MB /   0.50 sec =  163.5687 Mbps     2 retrans  17103 KB-cwnd
[2024-11-05T17:04:42.851332-0600]     7.8750 MB /   0.50 sec =  132.1198 Mbps     0 retrans  17103 KB-cwnd
[2024-11-05T17:04:43.351291-0600]     8.6875 MB /   0.50 sec =  145.7544 Mbps     0 retrans  17103 KB-cwnd
[2024-11-05T17:04:43.851362-0600]     3.0000 MB /   0.50 sec =   50.3271 Mbps     0 retrans  17103 KB-cwnd
[2024-11-05T17:04:44.351379-0600]     4.5625 MB /   0.50 sec =   76.5424 Mbps     0 retrans  17103 KB-cwnd
[2024-11-05T17:04:44.851410-0600]     0.0000 MB /   0.50 sec =    0.0000 Mbps     0 retrans  17103 KB-cwnd
[2024-11-05T17:04:45.351435-0600]     6.1875 MB /   0.50 sec =  103.8030 Mbps     0 retrans  17103 KB-cwnd
[2024-11-05T17:04:45.851208-0600]     5.7500 MB /   0.50 sec =   96.4950 Mbps     0 retrans  17103 KB-cwnd
[2024-11-05T17:04:46.351317-0600]     5.8125 MB /   0.50 sec =   97.5096 Mbps     0 retrans  17103 KB-cwnd
[2024-11-05T17:04:46.851352-0600]     9.8125 MB /   0.50 sec =  164.6133 Mbps     0 retrans  17103 KB-cwnd
[2024-11-05T17:04:47.351273-0600]    10.3125 MB /   0.50 sec =  173.0382 Mbps     0 retrans  17103 KB-cwnd
[2024-11-05T17:04:47.851299-0600]     7.3750 MB /   0.50 sec =  123.7339 Mbps    11 retrans   7747 KB-cwnd
[2024-11-05T17:04:48.351341-0600]     9.1875 MB /   0.50 sec =  154.1305 Mbps     0 retrans   7747 KB-cwnd
[2024-11-05T17:04:48.851282-0600]     9.3750 MB /   0.50 sec =  157.2940 Mbps     0 retrans   7747 KB-cwnd
[2024-11-05T17:04:49.351413-0600]     7.0625 MB /   0.50 sec =  118.4689 Mbps     0 retrans   7747 KB-cwnd
[2024-11-05T17:04:49.851271-0600]     5.5625 MB /   0.50 sec =   93.3399 Mbps     0 retrans   7747 KB-cwnd
[2024-11-05T17:04:50.351454-0600]     2.6250 MB /   0.50 sec =   44.0324 Mbps     0 retrans   7747 KB-cwnd
[2024-11-05T17:04:50.851458-0600]     4.5625 MB /   0.50 sec =   76.5346 Mbps     0 retrans   7747 KB-cwnd
[2024-11-05T17:04:51.351217-0600]    11.8125 MB /   0.50 sec =  198.2522 Mbps     0 retrans   7747 KB-cwnd
[2024-11-05T17:04:51.851230-0600]    10.0625 MB /   0.50 sec =  168.8184 Mbps     0 retrans   7747 KB-cwnd
[2024-11-05T17:04:52.351442-0600]    10.8125 MB /   0.50 sec =  181.3906 Mbps     0 retrans   3761 KB-cwnd
[2024-11-05T17:04:52.851268-0600]     8.0625 MB /   0.50 sec =  135.2723 Mbps     0 retrans   3761 KB-cwnd
[2024-11-05T17:04:53.351291-0600]     9.5000 MB /   0.50 sec =  159.3820 Mbps     0 retrans   3761 KB-cwnd
[2024-11-05T17:04:53.851297-0600]     2.9375 MB /   0.50 sec =   49.2832 Mbps     0 retrans   3761 KB-cwnd
[2024-11-05T17:04:54.351276-0600]     5.3125 MB /   0.50 sec =   89.1297 Mbps     0 retrans   3761 KB-cwnd
[2024-11-05T17:04:54.851294-0600]     8.9375 MB /   0.50 sec =  149.9443 Mbps     0 retrans   3761 KB-cwnd
[2024-11-05T17:04:55.351359-0600]     9.3125 MB /   0.50 sec =  156.2200 Mbps     0 retrans   3761 KB-cwnd
[2024-11-05T17:04:55.851266-0600]     7.8125 MB /   0.50 sec =  131.0896 Mbps     0 retrans   3761 KB-cwnd
[2024-11-05T17:04:56.351247-0600]    12.4375 MB /   0.50 sec =  208.6587 Mbps     0 retrans   3761 KB-cwnd
[2024-11-05T17:04:56.851243-0600]    12.6250 MB /   0.50 sec =  211.8179 Mbps  1063 retrans   4686 KB-cwnd
[2024-11-05T17:04:57.351386-0600]    15.1875 MB /   0.50 sec =  254.7652 Mbps     0 retrans   4686 KB-cwnd
[2024-11-05T17:04:57.851341-0600]    15.8125 MB /   0.50 sec =  265.3003 Mbps     0 retrans   4686 KB-cwnd
[2024-11-05T17:04:58.351215-0600]    19.8750 MB /   0.50 sec =  333.5025 Mbps     0 retrans   4686 KB-cwnd
[2024-11-05T17:04:58.851304-0600]    17.8750 MB /   0.50 sec =  299.8645 Mbps     0 retrans   4123 KB-cwnd
[2024-11-05T17:04:59.351399-0600]    22.1250 MB /   0.50 sec =  371.2145 Mbps     0 retrans   4123 KB-cwnd
[2024-11-05T17:04:59.851276-0600]    22.5000 MB /   0.50 sec =  377.4843 Mbps     0 retrans   4123 KB-cwnd
[2024-11-05T17:05:00.351297-0600]    18.6875 MB /   0.50 sec =  313.5211 Mbps     0 retrans   4123 KB-cwnd
[2024-11-05T17:05:00.851266-0600]    22.7500 MB /   0.50 sec =  381.6885 Mbps     0 retrans   6156 KB-cwnd
[2024-11-05T17:05:01.351250-0600]    23.0000 MB /   0.50 sec =  385.8791 Mbps     0 retrans   6156 KB-cwnd
[2024-11-05T17:05:01.851302-0600]    25.5625 MB /   0.50 sec =  428.8581 Mbps     0 retrans   6156 KB-cwnd
[2024-11-05T17:05:02.351212-0600]    23.6875 MB /   0.50 sec =  397.4349 Mbps     0 retrans   9912 KB-cwnd
[2024-11-05T17:05:02.851490-0600]    24.2500 MB /   0.50 sec =  406.7751 Mbps     0 retrans  10059 KB-cwnd
[2024-11-05T17:05:03.351294-0600]    25.6250 MB /   0.50 sec =  429.9695 Mbps     0 retrans   8695 KB-cwnd
[2024-11-05T17:05:03.851271-0600]    19.3750 MB /   0.50 sec =  325.0579 Mbps     0 retrans   8695 KB-cwnd
[2024-11-05T17:05:04.351301-0600]    27.0000 MB /   0.50 sec =  452.9830 Mbps     0 retrans   8695 KB-cwnd
[2024-11-05T17:05:04.851272-0600]    21.0000 MB /   0.50 sec =  352.3236 Mbps     0 retrans   8695 KB-cwnd
[2024-11-05T17:05:05.351229-0600]    18.7500 MB /   0.50 sec =  314.5728 Mbps     0 retrans  11245 KB-cwnd
[2024-11-05T17:05:05.851312-0600]    25.1875 MB /   0.50 sec =  422.5609 Mbps     0 retrans  11245 KB-cwnd
[2024-11-05T17:05:06.351411-0600]    23.8750 MB /   0.50 sec =  400.5320 Mbps     0 retrans  10368 KB-cwnd
[2024-11-05T17:05:06.851238-0600]    19.7500 MB /   0.50 sec =  331.3719 Mbps     0 retrans  10432 KB-cwnd
[2024-11-05T17:05:07.351430-0600]     0.8750 MB /   0.50 sec =   14.6774 Mbps     0 retrans  10432 KB-cwnd
[2024-11-05T17:05:07.851303-0600]    19.9375 MB /   0.50 sec =  334.5687 Mbps     0 retrans  10432 KB-cwnd
[2024-11-05T17:05:08.351415-0600]    20.8125 MB /   0.50 sec =  349.1060 Mbps     0 retrans  10432 KB-cwnd
[2024-11-05T17:05:08.851274-0600]    19.4375 MB /   0.50 sec =  326.1717 Mbps     0 retrans  10432 KB-cwnd
[2024-11-05T17:05:09.351279-0600]    21.6875 MB /   0.50 sec =  363.8551 Mbps     0 retrans  11562 KB-cwnd
[2024-11-05T17:05:09.851278-0600]    22.7500 MB /   0.50 sec =  381.6840 Mbps     0 retrans  11562 KB-cwnd
[2024-11-05T17:05:10.351279-0600]    18.3125 MB /   0.50 sec =  307.2328 Mbps     0 retrans  11562 KB-cwnd
[2024-11-05T17:05:10.851297-0600]    24.6875 MB /   0.50 sec =  414.1801 Mbps     0 retrans      5 KB-cwnd
[2024-11-05T17:05:11.351203-0600]    28.1875 MB /   0.50 sec =  472.9371 Mbps     0 retrans      5 KB-cwnd
[2024-11-05T17:05:11.851445-0600]    24.1250 MB /   0.50 sec =  404.7018 Mbps     0 retrans      5 KB-cwnd
[2024-11-05T17:05:12.351205-0600]    27.2500 MB /   0.50 sec =  457.2367 Mbps     0 retrans  12795 KB-cwnd
[2024-11-05T17:05:12.851292-0600]    25.9375 MB /   0.50 sec =  435.1312 Mbps     0 retrans  12795 KB-cwnd
[2024-11-05T17:05:13.351304-0600]    19.9375 MB /   0.50 sec =  334.4937 Mbps     0 retrans  12795 KB-cwnd
[2024-11-05T17:05:13.851254-0600]    26.1875 MB /   0.50 sec =  439.3648 Mbps     0 retrans  12417 KB-cwnd
[2024-11-05T17:05:14.351280-0600]    23.0000 MB /   0.50 sec =  385.8737 Mbps     0 retrans  12417 KB-cwnd
[2024-11-05T17:05:14.851400-0600]    15.3125 MB /   0.50 sec =  256.8400 Mbps     0 retrans  12417 KB-cwnd
[2024-11-05T17:05:15.351272-0600]    20.1875 MB /   0.50 sec =  338.7693 Mbps     0 retrans  14524 KB-cwnd
[2024-11-05T17:05:15.851282-0600]    16.6875 MB /   0.50 sec =  279.9653 Mbps     0 retrans  14665 KB-cwnd
[2024-11-05T17:05:16.351244-0600]    17.8125 MB /   0.50 sec =  298.8543 Mbps     0 retrans  14665 KB-cwnd
[2024-11-05T17:05:16.851398-0600]    16.0000 MB /   0.50 sec =  268.4253 Mbps     0 retrans  14665 KB-cwnd
[2024-11-05T17:05:17.351275-0600]    12.6875 MB /   0.50 sec =  212.8656 Mbps     0 retrans  13458 KB-cwnd
[2024-11-05T17:05:17.851329-0600]     8.5000 MB /   0.50 sec =  142.5935 Mbps     0 retrans  13458 KB-cwnd
[2024-11-05T17:05:18.351435-0600]     0.0000 MB /   0.50 sec =    0.0000 Mbps     0 retrans  13458 KB-cwnd
[2024-11-05T17:05:18.851315-0600]     4.0000 MB /   0.50 sec =   67.1153 Mbps     0 retrans  13458 KB-cwnd
[2024-11-05T17:05:19.351276-0600]    14.1250 MB /   0.50 sec =  236.9763 Mbps     0 retrans  13477 KB-cwnd
[2024-11-05T17:05:19.851248-0600]    15.6250 MB /   0.50 sec =  262.1346 Mbps     0 retrans  13477 KB-cwnd
[2024-11-05T17:05:20.351353-0600]    17.4375 MB /   0.50 sec =  292.5650 Mbps     0 retrans  13477 KB-cwnd
[2024-11-05T17:05:20.851267-0600]    17.0625 MB /   0.50 sec =  286.2710 Mbps     0 retrans  12374 KB-cwnd
[2024-11-05T17:05:21.351282-0600]    15.0000 MB /   0.50 sec =  251.6537 Mbps     0 retrans  12374 KB-cwnd
[2024-11-05T17:05:21.851383-0600]    23.7500 MB /   0.50 sec =  398.4653 Mbps     0 retrans  12374 KB-cwnd
[2024-11-05T17:05:22.351237-0600]    20.6250 MB /   0.50 sec =  346.0418 Mbps     0 retrans  12374 KB-cwnd
[2024-11-05T17:05:22.851287-0600]    15.7500 MB /   0.50 sec =  264.2285 Mbps     0 retrans      5 KB-cwnd
[2024-11-05T17:05:23.351190-0600]    14.3750 MB /   0.50 sec =  241.1879 Mbps     0 retrans      5 KB-cwnd
[2024-11-05T17:05:23.851377-0600]    12.5625 MB /   0.50 sec =  210.7490 Mbps     0 retrans      5 KB-cwnd
[2024-11-05T17:05:24.351340-0600]    13.0625 MB /   0.50 sec =  219.1318 Mbps     0 retrans      5 KB-cwnd
[2024-11-05T17:05:24.851297-0600]    14.5625 MB /   0.50 sec =  244.3387 Mbps     0 retrans      5 KB-cwnd
[2024-11-05T17:05:25.351520-0600]    19.3125 MB /   0.50 sec =  324.0093 Mbps     0 retrans   9385 KB-cwnd
[2024-11-05T17:05:25.851372-0600]    16.4375 MB /   0.50 sec =  275.7341 Mbps     0 retrans   9385 KB-cwnd
[2024-11-05T17:05:26.351318-0600]    11.6250 MB /   0.50 sec =  195.0597 Mbps     0 retrans   9385 KB-cwnd
[2024-11-05T17:05:26.851293-0600]    14.9375 MB /   0.50 sec =  250.6227 Mbps     0 retrans   9385 KB-cwnd
[2024-11-05T17:05:27.351195-0600]    15.3125 MB /   0.50 sec =  256.9160 Mbps     0 retrans   9385 KB-cwnd
[2024-11-05T17:05:27.851267-0600]    13.1875 MB /   0.50 sec =  221.2380 Mbps     0 retrans  10365 KB-cwnd
[2024-11-05T17:05:28.351416-0600]    13.0625 MB /   0.50 sec =  219.1020 Mbps     0 retrans  10365 KB-cwnd
[2024-11-05T17:05:28.851264-0600]    12.5000 MB /   0.50 sec =  209.7626 Mbps     0 retrans  10365 KB-cwnd
[2024-11-05T17:05:29.351404-0600]    11.5625 MB /   0.50 sec =  193.9862 Mbps     0 retrans  10365 KB-cwnd
[2024-11-05T17:05:29.851288-0600]     8.2500 MB /   0.50 sec =  138.4120 Mbps     0 retrans  10365 KB-cwnd
[2024-11-05T17:05:30.351322-0600]    14.1875 MB /   0.50 sec =  238.0153 Mbps     0 retrans  10365 KB-cwnd
[2024-11-05T17:05:30.851456-0600]     6.7500 MB /   0.50 sec =  113.2172 Mbps     0 retrans   8935 KB-cwnd
[2024-11-05T17:05:31.351361-0600]     0.0000 MB /   0.50 sec =    0.0000 Mbps     0 retrans   8935 KB-cwnd
[2024-11-05T17:05:31.851343-0600]     6.6250 MB /   0.50 sec =  111.1442 Mbps     0 retrans   8935 KB-cwnd
[2024-11-05T17:05:32.351438-0600]     5.8750 MB /   0.50 sec =   98.5585 Mbps     0 retrans   8935 KB-cwnd
[2024-11-05T17:05:32.851455-0600]     0.0000 MB /   0.50 sec =    0.0000 Mbps     0 retrans   8935 KB-cwnd
[2024-11-05T17:05:33.351219-0600]     8.8750 MB /   0.50 sec =  148.9252 Mbps     0 retrans   8935 KB-cwnd
[2024-11-05T17:05:33.851307-0600]    10.6875 MB /   0.50 sec =  179.2993 Mbps     0 retrans   8935 KB-cwnd
[2024-11-05T17:05:34.351279-0600]    13.6875 MB /   0.50 sec =  229.6414 Mbps     0 retrans   8935 KB-cwnd
[2024-11-05T17:05:34.851312-0600]    16.6250 MB /   0.50 sec =  278.9162 Mbps     0 retrans   8935 KB-cwnd
[2024-11-05T17:05:35.351298-0600]    19.8125 MB /   0.50 sec =  332.3986 Mbps     0 retrans   7462 KB-cwnd
[2024-11-05T17:05:35.851371-0600]    20.1250 MB /   0.50 sec =  337.5902 Mbps     0 retrans   7462 KB-cwnd
[2024-11-05T17:05:36.351531-0600]    25.7500 MB /   0.50 sec =  432.0712 Mbps     0 retrans   7462 KB-cwnd
[2024-11-05T17:05:36.851289-0600]    17.8125 MB /   0.50 sec =  298.8513 Mbps     0 retrans      5 KB-cwnd
[2024-11-05T17:05:37.351327-0600]    28.0625 MB /   0.50 sec =  470.8069 Mbps     0 retrans      5 KB-cwnd
[2024-11-05T17:05:37.851189-0600]    19.4375 MB /   0.50 sec =  326.1300 Mbps     0 retrans      5 KB-cwnd
[2024-11-05T17:05:38.351341-0600]     8.5000 MB /   0.50 sec =  142.5926 Mbps     0 retrans      5 KB-cwnd
[2024-11-05T17:05:38.851328-0600]    12.0000 MB /   0.50 sec =  201.3242 Mbps    73 retrans   7541 KB-cwnd
[2024-11-05T17:05:39.351286-0600]    20.2500 MB /   0.50 sec =  339.7563 Mbps     0 retrans   7541 KB-cwnd
[2024-11-05T17:05:39.851309-0600]    25.8750 MB /   0.50 sec =  434.1027 Mbps     0 retrans   7541 KB-cwnd
[2024-11-05T17:05:40.351304-0600]    10.0000 MB /   0.50 sec =  167.7735 Mbps     0 retrans   7541 KB-cwnd
[2024-11-05T17:05:40.851275-0600]    19.0000 MB /   0.50 sec =  318.7665 Mbps     0 retrans  10280 KB-cwnd
[2024-11-05T17:05:41.351381-0600]    13.7500 MB /   0.50 sec =  230.6498 Mbps     0 retrans  11892 KB-cwnd
[2024-11-05T17:05:41.851269-0600]    13.2500 MB /   0.50 sec =  222.3377 Mbps     0 retrans  12355 KB-cwnd
[2024-11-05T17:05:42.351221-0600]    14.0000 MB /   0.50 sec =  234.8810 Mbps     0 retrans  12355 KB-cwnd
[2024-11-05T17:05:42.851300-0600]    13.0000 MB /   0.50 sec =  218.0968 Mbps     0 retrans  12355 KB-cwnd
[2024-11-05T17:05:43.351309-0600]    16.3125 MB /   0.50 sec =  273.6811 Mbps     0 retrans  11791 KB-cwnd
[2024-11-05T17:05:43.851293-0600]    15.5000 MB /   0.50 sec =  260.0427 Mbps     0 retrans  11791 KB-cwnd
[2024-11-05T17:05:44.351265-0600]    14.6250 MB /   0.50 sec =  245.3771 Mbps     0 retrans  11791 KB-cwnd
[2024-11-05T17:05:44.851547-0600]     1.2500 MB /   0.50 sec =   20.9655 Mbps     0 retrans  11791 KB-cwnd
[2024-11-05T17:05:45.351363-0600]     5.8750 MB /   0.50 sec =   98.5786 Mbps     0 retrans  11791 KB-cwnd
[2024-11-05T17:05:45.851308-0600]    11.1875 MB /   0.50 sec =  187.7184 Mbps     0 retrans  11791 KB-cwnd
[2024-11-05T17:05:46.351221-0600]     9.8125 MB /   0.50 sec =  164.6370 Mbps     0 retrans  11791 KB-cwnd
[2024-11-05T17:05:46.851195-0600]     9.1875 MB /   0.50 sec =  154.1425 Mbps     0 retrans  10773 KB-cwnd
[2024-11-05T17:05:47.351222-0600]    10.3125 MB /   0.50 sec =  173.0147 Mbps     0 retrans  10773 KB-cwnd
[2024-11-05T17:05:47.851288-0600]    10.5000 MB /   0.50 sec =  176.1502 Mbps     0 retrans  10773 KB-cwnd
[2024-11-05T17:05:48.351344-0600]    10.3125 MB /   0.50 sec =  172.9984 Mbps     0 retrans  10773 KB-cwnd
[2024-11-05T17:05:48.851333-0600]    12.8750 MB /   0.50 sec =  216.0399 Mbps     0 retrans  10773 KB-cwnd
[2024-11-05T17:05:49.351262-0600]    10.6875 MB /   0.50 sec =  179.2879 Mbps     0 retrans  10773 KB-cwnd
[2024-11-05T17:05:49.851311-0600]    15.5625 MB /   0.50 sec =  261.1012 Mbps     0 retrans  10773 KB-cwnd
[2024-11-05T17:05:50.351289-0600]    15.4375 MB /   0.50 sec =  259.0045 Mbps     0 retrans   6566 KB-cwnd
[2024-11-05T17:05:50.851297-0600]    12.5625 MB /   0.50 sec =  210.7638 Mbps     0 retrans   6566 KB-cwnd
[2024-11-05T17:05:51.351205-0600]    10.6250 MB /   0.50 sec =  178.2697 Mbps     0 retrans   6566 KB-cwnd
[2024-11-05T17:05:51.851279-0600]     9.8750 MB /   0.50 sec =  165.6671 Mbps     0 retrans   6566 KB-cwnd
[2024-11-05T17:05:52.351292-0600]    13.4375 MB /   0.50 sec =  225.4393 Mbps     0 retrans   6566 KB-cwnd
[2024-11-05T17:05:52.851277-0600]     9.1875 MB /   0.50 sec =  154.1425 Mbps     0 retrans   6566 KB-cwnd
[2024-11-05T17:05:53.351291-0600]    10.6875 MB /   0.50 sec =  179.3011 Mbps     0 retrans   6039 KB-cwnd
[2024-11-05T17:05:53.851298-0600]    10.7500 MB /   0.50 sec =  180.3580 Mbps     0 retrans   6039 KB-cwnd
[2024-11-05T17:05:54.351197-0600]    12.2500 MB /   0.50 sec =  205.5349 Mbps     0 retrans   6039 KB-cwnd
[2024-11-05T17:05:54.851416-0600]     9.9375 MB /   0.50 sec =  166.7142 Mbps     0 retrans   6039 KB-cwnd
[2024-11-05T17:05:55.351275-0600]     3.3750 MB /   0.50 sec =   56.6233 Mbps     0 retrans   6039 KB-cwnd
[2024-11-05T17:05:55.851305-0600]    14.3125 MB /   0.50 sec =  240.1177 Mbps     0 retrans   6039 KB-cwnd
[2024-11-05T17:05:56.351197-0600]    12.8125 MB /   0.50 sec =  214.9761 Mbps     0 retrans   7270 KB-cwnd
[2024-11-05T17:05:56.851386-0600]    14.8750 MB /   0.50 sec =  249.5027 Mbps     0 retrans   7270 KB-cwnd
[2024-11-05T17:05:57.351343-0600]     6.0000 MB /   0.50 sec =  100.6649 Mbps     0 retrans   7270 KB-cwnd
[2024-11-05T17:05:57.851280-0600]    10.1875 MB /   0.50 sec =  170.9446 Mbps     0 retrans   7392 KB-cwnd
[2024-11-05T17:05:58.351259-0600]    10.4375 MB /   0.50 sec =  175.1132 Mbps     0 retrans   7392 KB-cwnd
[2024-11-05T17:05:58.851234-0600]    16.8750 MB /   0.50 sec =  283.1144 Mbps     0 retrans   7392 KB-cwnd
[2024-11-05T17:05:59.351352-0600]     8.0625 MB /   0.50 sec =  135.2506 Mbps     0 retrans   7392 KB-cwnd
[2024-11-05T17:05:59.851291-0600]    13.5625 MB /   0.50 sec =  227.5656 Mbps     0 retrans   5959 KB-cwnd
[2024-11-05T17:06:00.351304-0600]    20.6875 MB /   0.50 sec =  347.0696 Mbps     0 retrans   5959 KB-cwnd
[2024-11-05T17:06:00.851204-0600]    19.1875 MB /   0.50 sec =  321.9405 Mbps     0 retrans   5959 KB-cwnd
[2024-11-05T17:06:01.351194-0600]    23.7500 MB /   0.50 sec =  398.4613 Mbps     0 retrans   7041 KB-cwnd
[2024-11-05T17:06:01.851300-0600]    30.0625 MB /   0.50 sec =  504.3338 Mbps     0 retrans   7067 KB-cwnd
[2024-11-05T17:06:02.351250-0600]    37.1250 MB /   0.50 sec =  622.8703 Mbps     0 retrans   7067 KB-cwnd
[2024-11-05T17:06:02.851380-0600]    37.4375 MB /   0.50 sec =  627.9915 Mbps     0 retrans   7536 KB-cwnd
[2024-11-05T17:06:03.351327-0600]    24.2500 MB /   0.50 sec =  406.8979 Mbps     0 retrans   7563 KB-cwnd
[2024-11-05T17:06:03.851310-0600]    37.8750 MB /   0.50 sec =  635.4231 Mbps     0 retrans  11130 KB-cwnd
[2024-11-05T17:06:04.351198-0600]    28.8750 MB /   0.50 sec =  484.4896 Mbps     0 retrans  11130 KB-cwnd
[2024-11-05T17:06:04.851279-0600]    21.6875 MB /   0.50 sec =  363.8406 Mbps     0 retrans  11543 KB-cwnd
[2024-11-05T17:06:05.351207-0600]    34.8750 MB /   0.50 sec =  585.1206 Mbps     0 retrans  11543 KB-cwnd
[2024-11-05T17:06:05.851291-0600]    22.0000 MB /   0.50 sec =  369.0833 Mbps     0 retrans  11543 KB-cwnd
[2024-11-05T17:06:06.351290-0600]    36.6250 MB /   0.50 sec =  614.4594 Mbps     0 retrans  16653 KB-cwnd
[2024-11-05T17:06:06.851291-0600]    29.5000 MB /   0.50 sec =  494.9239 Mbps     0 retrans  16650 KB-cwnd
[2024-11-05T17:06:07.351225-0600]    25.2500 MB /   0.50 sec =  423.6493 Mbps     0 retrans  17004 KB-cwnd
[2024-11-05T17:06:07.851405-0600]    25.7500 MB /   0.50 sec =  431.9891 Mbps     0 retrans  17004 KB-cwnd
[2024-11-05T17:06:08.351304-0600]    17.7500 MB /   0.50 sec =  297.7992 Mbps     0 retrans  17004 KB-cwnd
[2024-11-05T17:06:08.851386-0600]    13.6250 MB /   0.50 sec =  228.5503 Mbps     0 retrans  17004 KB-cwnd
[2024-11-05T17:06:09.351291-0600]    30.6875 MB /   0.50 sec =  514.9260 Mbps     0 retrans  12446 KB-cwnd
[2024-11-05T17:06:09.851230-0600]    39.7500 MB /   0.50 sec =  666.9344 Mbps     0 retrans  12446 KB-cwnd
[2024-11-05T17:06:10.351281-0600]    33.5625 MB /   0.50 sec =  563.0166 Mbps     0 retrans  15193 KB-cwnd
[2024-11-05T17:06:10.851316-0600]    36.2500 MB /   0.50 sec =  608.2191 Mbps     0 retrans  15193 KB-cwnd
[2024-11-05T17:06:11.351308-0600]    42.8125 MB /   0.50 sec =  718.2947 Mbps     0 retrans  14098 KB-cwnd
[2024-11-05T17:06:11.851312-0600]    21.1875 MB /   0.50 sec =  355.4616 Mbps     0 retrans  14098 KB-cwnd
[2024-11-05T17:06:12.351339-0600]    43.0000 MB /   0.50 sec =  721.3885 Mbps     0 retrans  15928 KB-cwnd
[2024-11-05T17:06:12.851459-0600]    35.0625 MB /   0.50 sec =  588.1394 Mbps     0 retrans  15928 KB-cwnd
[2024-11-05T17:06:13.351277-0600]    29.5000 MB /   0.50 sec =  495.0506 Mbps     0 retrans  18075 KB-cwnd
[2024-11-05T17:06:13.851307-0600]    36.5625 MB /   0.50 sec =  613.4059 Mbps     0 retrans  18075 KB-cwnd
[2024-11-05T17:06:14.351388-0600]    43.8750 MB /   0.50 sec =  735.9870 Mbps     0 retrans  13826 KB-cwnd
[2024-11-05T17:06:14.851294-0600]    34.1875 MB /   0.50 sec =  573.6870 Mbps     0 retrans  13826 KB-cwnd
[2024-11-05T17:06:15.351235-0600]    39.3125 MB /   0.50 sec =  659.5292 Mbps     0 retrans  21165 KB-cwnd
[2024-11-05T17:06:15.851400-0600]    19.0000 MB /   0.50 sec =  318.7085 Mbps     0 retrans  21165 KB-cwnd
[2024-11-05T17:06:16.351307-0600]    21.9375 MB /   0.50 sec =  368.1098 Mbps     0 retrans  21165 KB-cwnd
[2024-11-05T17:06:16.851282-0600]    41.6250 MB /   0.50 sec =  698.3670 Mbps     0 retrans  18600 KB-cwnd
[2024-11-05T17:06:17.351279-0600]    40.8125 MB /   0.50 sec =  684.6996 Mbps     0 retrans  18600 KB-cwnd
[2024-11-05T17:06:17.851335-0600]    36.3750 MB /   0.50 sec =  610.2615 Mbps     0 retrans  18768 KB-cwnd
[2024-11-05T17:06:18.351294-0600]    39.4375 MB /   0.50 sec =  661.6753 Mbps     0 retrans  18768 KB-cwnd
[2024-11-05T17:06:18.851343-0600]    21.1875 MB /   0.50 sec =  355.4310 Mbps     0 retrans  15733 KB-cwnd
[2024-11-05T17:06:19.351324-0600]    28.1875 MB /   0.50 sec =  472.9617 Mbps     0 retrans  15733 KB-cwnd
[2024-11-05T17:06:19.851231-0600]    44.5625 MB /   0.50 sec =  747.6362 Mbps     0 retrans  15017 KB-cwnd
[2024-11-05T17:06:20.351288-0600]    35.1250 MB /   0.50 sec =  589.3032 Mbps     0 retrans  15014 KB-cwnd
End time: 1730847980662
