Start time: 1745180664898
Connecting to host 34.86.116.81, port 5207
Reverse mode, remote host 34.86.116.81 is sending
[  5] local 192.0.0.2 port 47926 connected to 34.86.116.81 port 5207
[ ID] Interval           Transfer     Bitrate
[  5]   0.00-0.10   sec  45.3 KBytes  3.71 Mbits/sec                  
[  5]   0.10-0.20   sec   136 KBytes  11.1 Mbits/sec                  
[  5]   0.20-0.30   sec   354 KBytes  29.0 Mbits/sec                  
[  5]   0.30-0.40   sec   896 KBytes  73.5 Mbits/sec                  
[  5]   0.40-0.50   sec  1.71 MBytes   144 Mbits/sec                  
[  5]   0.50-0.60   sec   898 KBytes  73.5 Mbits/sec                  
[  5]   0.60-0.70   sec  0.00 Bytes  0.00 bits/sec                  
[  5]   0.70-0.80   sec  95.9 KBytes  7.86 Mbits/sec                  
[  5]   0.80-0.90   sec   428 KBytes  35.0 Mbits/sec                  
[  5]   0.90-1.00   sec  2.66 KBytes   218 Kbits/sec                  
[  5]   1.00-1.10   sec  2.73 MBytes   229 Mbits/sec                  
[  5]   1.10-1.20   sec  0.00 Bytes  0.00 bits/sec                  
[  5]   1.20-1.30   sec  0.00 Bytes  0.00 bits/sec                  
[  5]   1.30-1.40   sec  0.00 Bytes  0.00 bits/sec                  
[  5]   1.40-1.50   sec  3.47 MBytes   291 Mbits/sec                  
[  5]   1.50-1.60   sec  2.51 MBytes   211 Mbits/sec                  
[  5]   1.60-1.70   sec  2.80 MBytes   235 Mbits/sec                  
[  5]   1.70-1.80   sec  2.09 MBytes   175 Mbits/sec                  
[  5]   1.80-1.90   sec  2.55 MBytes   213 Mbits/sec                  
[  5]   1.90-2.00   sec  2.83 MBytes   237 Mbits/sec                  
[  5]   2.00-2.10   sec  2.53 MBytes   213 Mbits/sec                  
[  5]   2.10-2.20   sec  2.04 MBytes   171 Mbits/sec                  
[  5]   2.20-2.30   sec  1.89 MBytes   159 Mbits/sec                  
[  5]   2.30-2.40   sec  1.86 MBytes   156 Mbits/sec                  
[  5]   2.40-2.50   sec  2.24 MBytes   188 Mbits/sec                  
[  5]   2.50-2.60   sec  2.59 MBytes   218 Mbits/sec                  
[  5]   2.60-2.70   sec  1.96 MBytes   165 Mbits/sec                  
[  5]   2.70-2.80   sec   995 KBytes  81.2 Mbits/sec                  
[  5]   2.80-2.90   sec  3.57 MBytes   301 Mbits/sec                  
[  5]   2.90-3.00   sec  3.73 MBytes   313 Mbits/sec                  
[  5]   3.00-3.10   sec  1.82 MBytes   152 Mbits/sec                  
[  5]   3.10-3.20   sec  4.42 MBytes   370 Mbits/sec                  
[  5]   3.20-3.30   sec  3.34 MBytes   280 Mbits/sec                  
[  5]   3.30-3.40   sec  1.28 MBytes   108 Mbits/sec                  
[  5]   3.40-3.50   sec  3.85 MBytes   323 Mbits/sec                  
[  5]   3.50-3.60   sec  4.50 MBytes   378 Mbits/sec                  
[  5]   3.60-3.70   sec  2.24 MBytes   188 Mbits/sec                  
[  5]   3.70-3.80   sec  4.37 MBytes   366 Mbits/sec                  
[  5]   3.80-3.90   sec  2.43 MBytes   204 Mbits/sec                  
[  5]   3.90-4.00   sec  4.38 MBytes   367 Mbits/sec                  
[  5]   4.00-4.10   sec  3.89 MBytes   326 Mbits/sec                  
[  5]   4.10-4.20   sec  3.18 MBytes   267 Mbits/sec                  
[  5]   4.20-4.30   sec  3.96 MBytes   332 Mbits/sec                  
[  5]   4.30-4.40   sec  1.21 MBytes   102 Mbits/sec                  
[  5]   4.40-4.50   sec   264 KBytes  21.6 Mbits/sec                  
[  5]   4.50-4.60   sec  20.0 KBytes  1.64 Mbits/sec                  
[  5]   4.60-4.70   sec  7.85 MBytes   658 Mbits/sec                  
[  5]   4.70-4.80   sec  4.63 MBytes   388 Mbits/sec                  
[  5]   4.80-4.90   sec  2.60 MBytes   219 Mbits/sec                  
[  5]   4.90-5.00   sec  4.37 MBytes   367 Mbits/sec                  
- - - - - - - - - - - - - - - - - - - - - - - - -
[ ID] Interval           Transfer     Bitrate         Retr
[  5]   0.00-5.06   sec   391 MBytes   649 Mbits/sec    4             sender
[  5]   0.00-5.00   sec   111 MBytes   187 Mbits/sec                  receiver

iperf Done.
End time: 1745180670967
