Start time: 1730847350067
[2024-11-05T16:55:55.139154-0600] traceroute to 54.197.223.49 (54.197.223.49), 30 hops max, 60 byte packets
[2024-11-05T16:55:55.139850-0600]  1  * * *
[2024-11-05T16:55:55.139908-0600]  2  * * *
[2024-11-05T16:55:55.139950-0600]  3  * * *
[2024-11-05T16:55:55.139989-0600]  4  * * *
[2024-11-05T16:55:55.140026-0600]  5  * * *
[2024-11-05T16:56:00.146445-0600]  6  * * *
[2024-11-05T16:56:00.146752-0600]  7  * * *
[2024-11-05T16:56:00.146890-0600]  8  * * *
[2024-11-05T16:56:00.157031-0600]  9  * * *
[2024-11-05T16:56:00.157190-0600] 10  * * *
[2024-11-05T16:56:05.154509-0600] 11  * * *
[2024-11-05T16:56:05.154778-0600] 12  * * *
[2024-11-05T16:56:05.159723-0600] 13  * * *
[2024-11-05T16:56:05.159953-0600] 14  * * *
[2024-11-05T16:56:05.167305-0600] 15  * * *
[2024-11-05T16:56:10.158171-0600] 16  * * *
[2024-11-05T16:56:10.162268-0600] 17  * * *
[2024-11-05T16:56:10.162462-0600] 18  * * *
[2024-11-05T16:56:10.167584-0600] 19  * * *
[2024-11-05T16:56:10.171960-0600] 20  * * *
[2024-11-05T16:56:10.172211-0600] 21  * * *
[2024-11-05T16:56:15.166017-0600] 22  * * *
[2024-11-05T16:56:15.166438-0600] 23  * * *
[2024-11-05T16:56:15.177404-0600] 24  * * *
[2024-11-05T16:56:15.177623-0600] 25  * * *
[2024-11-05T16:56:15.177794-0600] 26  * * *
[2024-11-05T16:56:20.126387-0600] 27  * *End time: 1730847380188
