Start time: 1730739971711
[2024-11-04T10:06:12.535542-0700] nuttcp-r: v8.1.4: socket
[2024-11-04T10:06:12.536585-0700] nuttcp-r: buflen=65536, nstream=1, port=5379 tcp
[2024-11-04T10:06:12.536720-0700] nuttcp-r: interval reporting every 0.50 seconds
[2024-11-04T10:06:12.536829-0700] nuttcp-r: connect to 54.176.53.206 with RTT=43.855 ms af=inet
[2024-11-04T10:06:12.536933-0700] nuttcp-r: send window size = 2097152, receive window size = 6291456
[2024-11-04T10:06:12.537034-0700] nuttcp-r: available send window = 1572864, available receive window = 4718592
[2024-11-04T10:06:12.537133-0700]     2.8125 MB /   0.50 sec =   47.1730 Mbps     0 retrans
[2024-11-04T10:06:13.035496-0700]    22.6250 MB /   0.50 sec =  379.6149 Mbps     0 retrans
[2024-11-04T10:06:13.535362-0700]    47.6250 MB /   0.50 sec =  799.0788 Mbps     0 retrans
[2024-11-04T10:06:14.035482-0700]    45.0625 MB /   0.50 sec =  755.9779 Mbps     0 retrans
[2024-11-04T10:06:14.535688-0700]    40.0000 MB /   0.50 sec =  671.0175 Mbps     0 retrans
[2024-11-04T10:06:15.035457-0700]    34.3750 MB /   0.50 sec =  576.7952 Mbps     0 retrans
[2024-11-04T10:06:15.535515-0700]    38.0625 MB /   0.50 sec =  638.5521 Mbps     0 retrans
[2024-11-04T10:06:16.035480-0700]    40.8750 MB /   0.50 sec =  685.7797 Mbps     0 retrans
[2024-11-04T10:06:16.535410-0700]    31.0000 MB /   0.50 sec =  520.1280 Mbps     0 retrans
[2024-11-04T10:06:17.035429-0700]    25.9375 MB /   0.50 sec =  435.1512 Mbps     0 retrans
[2024-11-04T10:06:17.535528-0700]    45.6250 MB /   0.50 sec =  765.4253 Mbps     0 retrans
[2024-11-04T10:06:18.035622-0700]    48.0625 MB /   0.50 sec =  806.1711 Mbps     0 retrans
[2024-11-04T10:06:18.535493-0700]    53.1875 MB /   0.50 sec =  892.5345 Mbps     0 retrans
[2024-11-04T10:06:19.035541-0700]    51.5000 MB /   0.50 sec =  864.0508 Mbps     0 retrans
[2024-11-04T10:06:19.535494-0700]    48.6875 MB /   0.50 sec =  816.6643 Mbps     0 retrans
[2024-11-04T10:06:20.035441-0700]    50.1250 MB /   0.50 sec =  841.1481 Mbps     0 retrans
[2024-11-04T10:06:20.535446-0700]    41.7500 MB /   0.50 sec =  700.4320 Mbps     0 retrans
[2024-11-04T10:06:21.035553-0700]    29.6875 MB /   0.50 sec =  498.0357 Mbps     0 retrans
[2024-11-04T10:06:21.535480-0700]    52.6250 MB /   0.50 sec =  882.9769 Mbps     0 retrans
[2024-11-04T10:06:22.035566-0700]    43.0000 MB /   0.50 sec =  721.3121 Mbps     0 retrans
[2024-11-04T10:06:22.535484-0700]    26.5625 MB /   0.50 sec =  445.7090 Mbps     0 retrans
[2024-11-04T10:06:23.035516-0700]    17.4375 MB /   0.50 sec =  292.5275 Mbps     0 retrans
[2024-11-04T10:06:23.535507-0700]    16.0000 MB /   0.50 sec =  268.4559 Mbps     0 retrans
[2024-11-04T10:06:24.035515-0700]    33.6250 MB /   0.50 sec =  564.1192 Mbps     0 retrans
[2024-11-04T10:06:24.535429-0700]    36.3125 MB /   0.50 sec =  609.2848 Mbps     0 retrans
[2024-11-04T10:06:25.035575-0700]    39.1250 MB /   0.50 sec =  656.2498 Mbps     0 retrans
[2024-11-04T10:06:25.535449-0700]    41.5625 MB /   0.50 sec =  697.4565 Mbps     0 retrans
[2024-11-04T10:06:26.035429-0700]    36.3750 MB /   0.50 sec =  610.2749 Mbps     0 retrans
[2024-11-04T10:06:26.535455-0700]    49.4375 MB /   0.50 sec =  829.4253 Mbps     0 retrans
[2024-11-04T10:06:27.035435-0700]    49.0625 MB /   0.50 sec =  823.1157 Mbps     0 retrans
[2024-11-04T10:06:27.535489-0700]    48.3750 MB /   0.50 sec =  811.5459 Mbps     0 retrans
[2024-11-04T10:06:28.035443-0700]    57.6875 MB /   0.50 sec =  967.9034 Mbps     0 retrans
[2024-11-04T10:06:28.535618-0700]    52.6250 MB /   0.50 sec =  882.9098 Mbps     0 retrans
[2024-11-04T10:06:29.035456-0700]    57.6875 MB /   0.50 sec =  967.8356 Mbps     0 retrans
[2024-11-04T10:06:29.535457-0700]    60.6250 MB /   0.50 sec = 1017.0923 Mbps     0 retrans
[2024-11-04T10:06:30.035317-0700]    57.0625 MB /   0.50 sec =  957.4456 Mbps     0 retrans
[2024-11-04T10:06:30.535662-0700]    43.5625 MB /   0.50 sec =  730.3900 Mbps     0 retrans
[2024-11-04T10:06:31.035475-0700]    48.4375 MB /   0.50 sec =  813.1229 Mbps     0 retrans
[2024-11-04T10:06:31.535429-0700]    56.5000 MB /   0.50 sec =  947.9051 Mbps     0 retrans
[2024-11-04T10:06:32.035428-0700]    58.3750 MB /   0.50 sec =  979.3563 Mbps     0 retrans
[2024-11-04T10:06:32.535429-0700]    59.0625 MB /   0.50 sec =  990.9400 Mbps     0 retrans
[2024-11-04T10:06:33.035503-0700]    63.6875 MB /   0.50 sec = 1068.4840 Mbps     0 retrans
[2024-11-04T10:06:33.535596-0700]    28.3125 MB /   0.50 sec =  475.0011 Mbps     0 retrans
[2024-11-04T10:06:34.035477-0700]    61.6875 MB /   0.50 sec = 1034.8245 Mbps     0 retrans
[2024-11-04T10:06:34.535481-0700]    58.2500 MB /   0.50 sec =  977.3627 Mbps     0 retrans
[2024-11-04T10:06:35.035422-0700]    48.1250 MB /   0.50 sec =  807.4035 Mbps     0 retrans
[2024-11-04T10:06:35.535478-0700]    41.3125 MB /   0.50 sec =  693.0311 Mbps     0 retrans
[2024-11-04T10:06:36.035445-0700]    35.5625 MB /   0.50 sec =  596.7006 Mbps     0 retrans
[2024-11-04T10:06:36.535465-0700]    44.5000 MB /   0.50 sec =  746.5861 Mbps     0 retrans
[2024-11-04T10:06:37.035423-0700]    42.6875 MB /   0.50 sec =  716.1975 Mbps     0 retrans
[2024-11-04T10:06:37.535349-0700]    48.0625 MB /   0.50 sec =  806.3969 Mbps     0 retrans
[2024-11-04T10:06:38.035436-0700]    46.6875 MB /   0.50 sec =  783.2299 Mbps     0 retrans
[2024-11-04T10:06:38.535468-0700]    55.4375 MB /   0.50 sec =  930.0962 Mbps     0 retrans
[2024-11-04T10:06:39.035452-0700]    48.8750 MB /   0.50 sec =  819.9569 Mbps     0 retrans
[2024-11-04T10:06:39.535451-0700]    50.8750 MB /   0.50 sec =  853.5699 Mbps     0 retrans
[2024-11-04T10:06:40.035406-0700]    48.3750 MB /   0.50 sec =  811.6124 Mbps     0 retrans
[2024-11-04T10:06:40.535453-0700]    54.7500 MB /   0.50 sec =  918.5269 Mbps     0 retrans
[2024-11-04T10:06:41.035356-0700]    57.0000 MB /   0.50 sec =  956.3032 Mbps     0 retrans
[2024-11-04T10:06:41.535425-0700]    55.3750 MB /   0.50 sec =  929.0309 Mbps     0 retrans
[2024-11-04T10:06:42.035421-0700]    51.0000 MB /   0.50 sec =  855.6637 Mbps     0 retrans
[2024-11-04T10:06:42.535565-0700]    53.4375 MB /   0.50 sec =  896.5163 Mbps     0 retrans
[2024-11-04T10:06:43.035421-0700]    51.6875 MB /   0.50 sec =  867.1845 Mbps     0 retrans
[2024-11-04T10:06:43.535450-0700]    35.4375 MB /   0.50 sec =  594.5295 Mbps     0 retrans
[2024-11-04T10:06:44.035385-0700]    20.5625 MB /   0.50 sec =  344.9925 Mbps     0 retrans
[2024-11-04T10:06:44.535452-0700]    38.5625 MB /   0.50 sec =  646.9585 Mbps     0 retrans
[2024-11-04T10:06:45.035420-0700]    40.2500 MB /   0.50 sec =  675.2897 Mbps     0 retrans
[2024-11-04T10:06:45.535468-0700]    49.8125 MB /   0.50 sec =  835.6950 Mbps     0 retrans
[2024-11-04T10:06:46.035450-0700]    56.8125 MB /   0.50 sec =  953.1766 Mbps     0 retrans
[2024-11-04T10:06:46.535305-0700]    55.0625 MB /   0.50 sec =  923.8601 Mbps     0 retrans
[2024-11-04T10:06:47.035404-0700]    55.5000 MB /   0.50 sec =  931.0833 Mbps     0 retrans
[2024-11-04T10:06:47.535481-0700]    50.5000 MB /   0.50 sec =  847.1918 Mbps     0 retrans
[2024-11-04T10:06:48.035395-0700]    48.8750 MB /   0.50 sec =  820.0373 Mbps     0 retrans
[2024-11-04T10:06:48.535496-0700]    54.1250 MB /   0.50 sec =  908.0759 Mbps     0 retrans
[2024-11-04T10:06:49.035428-0700]    50.3750 MB /   0.50 sec =  845.1370 Mbps     0 retrans
[2024-11-04T10:06:49.535443-0700]    43.9375 MB /   0.50 sec =  737.1416 Mbps     0 retrans
[2024-11-04T10:06:50.035406-0700]    45.0000 MB /   0.50 sec =  754.9913 Mbps     0 retrans
[2024-11-04T10:06:50.535439-0700]    46.0625 MB /   0.50 sec =  772.7650 Mbps     0 retrans
[2024-11-04T10:06:51.035418-0700]    45.9375 MB /   0.50 sec =  770.7326 Mbps     0 retrans
[2024-11-04T10:06:51.535390-0700]    42.8750 MB /   0.50 sec =  719.3677 Mbps     0 retrans
[2024-11-04T10:06:52.035338-0700]    42.4375 MB /   0.50 sec =  711.9774 Mbps     0 retrans
[2024-11-04T10:06:52.535459-0700]    34.5625 MB /   0.50 sec =  579.8231 Mbps     0 retrans
[2024-11-04T10:06:53.035394-0700]    45.5625 MB /   0.50 sec =  764.3966 Mbps     0 retrans
[2024-11-04T10:06:53.535492-0700]    50.5625 MB /   0.50 sec =  848.2946 Mbps     0 retrans
[2024-11-04T10:06:54.035505-0700]    40.5625 MB /   0.50 sec =  680.4755 Mbps     0 retrans
[2024-11-04T10:06:54.535417-0700]    26.9375 MB /   0.50 sec =  451.9896 Mbps     0 retrans
[2024-11-04T10:06:55.035600-0700]    47.6250 MB /   0.50 sec =  798.9718 Mbps     0 retrans
[2024-11-04T10:06:55.535519-0700]    44.5000 MB /   0.50 sec =  746.5831 Mbps     0 retrans
[2024-11-04T10:06:56.035444-0700]    36.9375 MB /   0.50 sec =  619.7183 Mbps     0 retrans
[2024-11-04T10:06:56.535378-0700]    33.2500 MB /   0.50 sec =  557.8435 Mbps     0 retrans
[2024-11-04T10:06:57.035409-0700]    36.2500 MB /   0.50 sec =  608.1960 Mbps     0 retrans
[2024-11-04T10:06:57.535491-0700]    44.2500 MB /   0.50 sec =  742.3755 Mbps     0 retrans
[2024-11-04T10:06:58.035433-0700]    41.1250 MB /   0.50 sec =  689.9768 Mbps     0 retrans
[2024-11-04T10:06:58.535334-0700]    44.8125 MB /   0.50 sec =  751.8515 Mbps     0 retrans
[2024-11-04T10:06:59.035455-0700]    44.2500 MB /   0.50 sec =  742.3220 Mbps     0 retrans
[2024-11-04T10:06:59.535430-0700]    26.6875 MB /   0.50 sec =  447.7581 Mbps     0 retrans
[2024-11-04T10:07:00.035413-0700]    24.1250 MB /   0.50 sec =  404.7649 Mbps     0 retrans
[2024-11-04T10:07:00.535455-0700]     8.1875 MB /   0.50 sec =  137.3596 Mbps     0 retrans
[2024-11-04T10:07:01.035494-0700]    12.3750 MB /   0.50 sec =  207.5890 Mbps     0 retrans
[2024-11-04T10:07:01.535614-0700]     0.0000 MB /   0.50 sec =    0.0000 Mbps     0 retrans
[2024-11-04T10:07:02.035422-0700]    38.6875 MB /   0.50 sec =  649.2672 Mbps     0 retrans
[2024-11-04T10:07:02.535796-0700]    40.6250 MB /   0.50 sec =  681.5062 Mbps     0 retrans
[2024-11-04T10:07:03.035413-0700]    43.1875 MB /   0.50 sec =  724.6428 Mbps     0 retrans
[2024-11-04T10:07:03.535441-0700]    39.4375 MB /   0.50 sec =  661.6065 Mbps     0 retrans
[2024-11-04T10:07:04.035432-0700]    34.5625 MB /   0.50 sec =  579.8892 Mbps     0 retrans
[2024-11-04T10:07:04.535452-0700]    16.3125 MB /   0.50 sec =  273.6778 Mbps     0 retrans
[2024-11-04T10:07:05.035403-0700]    28.8750 MB /   0.50 sec =  484.4489 Mbps     0 retrans
[2024-11-04T10:07:05.535482-0700]    17.0625 MB /   0.50 sec =  286.2464 Mbps     0 retrans
[2024-11-04T10:07:06.035399-0700]    26.3125 MB /   0.50 sec =  441.4849 Mbps     0 retrans
[2024-11-04T10:07:06.535476-0700]    30.5625 MB /   0.50 sec =  512.7157 Mbps     0 retrans
[2024-11-04T10:07:07.035455-0700]    33.2500 MB /   0.50 sec =  557.8369 Mbps     0 retrans
[2024-11-04T10:07:07.535393-0700]    42.1250 MB /   0.50 sec =  706.7925 Mbps     0 retrans
[2024-11-04T10:07:08.035466-0700]    45.7500 MB /   0.50 sec =  767.4962 Mbps     0 retrans
[2024-11-04T10:07:08.535429-0700]    51.5625 MB /   0.50 sec =  865.1150 Mbps     0 retrans
[2024-11-04T10:07:09.035468-0700]    52.3750 MB /   0.50 sec =  878.6329 Mbps     0 retrans
[2024-11-04T10:07:09.535471-0700]    57.1875 MB /   0.50 sec =  959.5065 Mbps     0 retrans
[2024-11-04T10:07:10.035415-0700]    51.3125 MB /   0.50 sec =  860.8585 Mbps     0 retrans
[2024-11-04T10:07:10.535552-0700]    50.5625 MB /   0.50 sec =  848.2166 Mbps     0 retrans
[2024-11-04T10:07:11.035431-0700]    49.5000 MB /   0.50 sec =  830.5652 Mbps     0 retrans
[2024-11-04T10:07:11.535423-0700]    43.3750 MB /   0.50 sec =  727.7394 Mbps     0 retrans
[2024-11-04T10:07:12.035434-0700]    44.0000 MB /   0.50 sec =  738.1901 Mbps     0 retrans
[2024-11-04T10:07:12.535450-0700]    56.3125 MB /   0.50 sec =  944.7537 Mbps     0 retrans
[2024-11-04T10:07:13.035437-0700]    47.6875 MB /   0.50 sec =  800.0779 Mbps     0 retrans
[2024-11-04T10:07:13.535525-0700]    45.7500 MB /   0.50 sec =  767.4502 Mbps     0 retrans
[2024-11-04T10:07:14.035589-0700]    53.7500 MB /   0.50 sec =  901.9197 Mbps     0 retrans
[2024-11-04T10:07:14.535452-0700]    37.5625 MB /   0.50 sec =  630.1690 Mbps     0 retrans
[2024-11-04T10:07:15.035418-0700]    11.0625 MB /   0.50 sec =  185.6054 Mbps     0 retrans
[2024-11-04T10:07:15.535583-0700]    29.3750 MB /   0.50 sec =  492.8228 Mbps     0 retrans
[2024-11-04T10:07:16.035453-0700]    33.8125 MB /   0.50 sec =  567.2365 Mbps     0 retrans
[2024-11-04T10:07:16.535459-0700]    38.1875 MB /   0.50 sec =  640.7017 Mbps     0 retrans
[2024-11-04T10:07:17.035448-0700]    42.6875 MB /   0.50 sec =  716.1803 Mbps     0 retrans
[2024-11-04T10:07:17.535469-0700]    53.2500 MB /   0.50 sec =  893.4064 Mbps     0 retrans
[2024-11-04T10:07:18.035428-0700]    54.9375 MB /   0.50 sec =  921.6799 Mbps     0 retrans
[2024-11-04T10:07:18.535475-0700]    52.9375 MB /   0.50 sec =  888.1652 Mbps     0 retrans
[2024-11-04T10:07:19.035428-0700]    48.9375 MB /   0.50 sec =  821.0465 Mbps     0 retrans
[2024-11-04T10:07:19.535645-0700]    42.6875 MB /   0.50 sec =  716.1531 Mbps     0 retrans
[2024-11-04T10:07:20.035442-0700]    34.6875 MB /   0.50 sec =  581.9748 Mbps     0 retrans
[2024-11-04T10:07:20.535418-0700]    41.7500 MB /   0.50 sec =  700.4502 Mbps     0 retrans
[2024-11-04T10:07:21.035461-0700]    41.5625 MB /   0.50 sec =  697.3016 Mbps     0 retrans
[2024-11-04T10:07:21.535346-0700]    39.0625 MB /   0.50 sec =  655.4111 Mbps     0 retrans
[2024-11-04T10:07:22.035437-0700]    39.3750 MB /   0.50 sec =  660.5381 Mbps     0 retrans
[2024-11-04T10:07:22.535469-0700]    42.2500 MB /   0.50 sec =  708.8345 Mbps     0 retrans
[2024-11-04T10:07:23.035405-0700]    44.8125 MB /   0.50 sec =  751.8576 Mbps     0 retrans
[2024-11-04T10:07:23.535476-0700]    45.5000 MB /   0.50 sec =  763.3297 Mbps     0 retrans
[2024-11-04T10:07:24.035427-0700]    46.5625 MB /   0.50 sec =  781.2172 Mbps     0 retrans
[2024-11-04T10:07:24.535452-0700]    46.6875 MB /   0.50 sec =  783.2581 Mbps     0 retrans
[2024-11-04T10:07:25.035431-0700]    47.0625 MB /   0.50 sec =  789.6046 Mbps     0 retrans
[2024-11-04T10:07:25.535439-0700]    12.8125 MB /   0.50 sec =  214.9572 Mbps     0 retrans
[2024-11-04T10:07:26.035557-0700]    44.4375 MB /   0.50 sec =  745.3646 Mbps     0 retrans
[2024-11-04T10:07:26.535462-0700]    44.6250 MB /   0.50 sec =  748.8510 Mbps     0 retrans
[2024-11-04T10:07:27.035437-0700]    41.6875 MB /   0.50 sec =  699.3708 Mbps     0 retrans
[2024-11-04T10:07:27.535475-0700]    41.5625 MB /   0.50 sec =  697.3407 Mbps     0 retrans
[2024-11-04T10:07:28.035435-0700]    41.1875 MB /   0.50 sec =  691.0185 Mbps     0 retrans
[2024-11-04T10:07:28.535460-0700]    33.3125 MB /   0.50 sec =  558.8776 Mbps     0 retrans
[2024-11-04T10:07:29.035448-0700]    37.0000 MB /   0.50 sec =  620.7558 Mbps     0 retrans
[2024-11-04T10:07:29.535409-0700]    44.2500 MB /   0.50 sec =  742.4111 Mbps     0 retrans
[2024-11-04T10:07:30.035625-0700]    39.0625 MB /   0.50 sec =  655.3534 Mbps     0 retrans
[2024-11-04T10:07:30.535473-0700]    40.6250 MB /   0.50 sec =  681.5458 Mbps     0 retrans
[2024-11-04T10:07:31.035551-0700]    40.9375 MB /   0.50 sec =  686.6676 Mbps     0 retrans
[2024-11-04T10:07:31.535465-0700]    32.7500 MB /   0.50 sec =  549.5989 Mbps     0 retrans
[2024-11-04T10:07:32.035500-0700]    32.7500 MB /   0.50 sec =  549.4253 Mbps     0 retrans
[2024-11-04T10:07:32.535391-0700]    33.6875 MB /   0.50 sec =  565.2232 Mbps     0 retrans
[2024-11-04T10:07:33.035445-0700]    42.6875 MB /   0.50 sec =  716.1488 Mbps     0 retrans
[2024-11-04T10:07:33.535451-0700]    35.6250 MB /   0.50 sec =  597.6871 Mbps     0 retrans
[2024-11-04T10:07:34.035428-0700]    26.1875 MB /   0.50 sec =  439.3630 Mbps     0 retrans
[2024-11-04T10:07:34.535442-0700]    29.1250 MB /   0.50 sec =  488.6237 Mbps     0 retrans
[2024-11-04T10:07:35.035565-0700]    32.4375 MB /   0.50 sec =  544.2327 Mbps     0 retrans
[2024-11-04T10:07:35.535416-0700]    27.0000 MB /   0.50 sec =  452.9694 Mbps     0 retrans
[2024-11-04T10:07:36.035408-0700]    23.3125 MB /   0.50 sec =  391.1259 Mbps     0 retrans
[2024-11-04T10:07:36.535444-0700]    34.2500 MB /   0.50 sec =  574.6162 Mbps     0 retrans
[2024-11-04T10:07:37.035318-0700]    27.3750 MB /   0.50 sec =  459.3121 Mbps     0 retrans
[2024-11-04T10:07:37.535452-0700]    29.8125 MB /   0.50 sec =  500.1287 Mbps     0 retrans
[2024-11-04T10:07:38.035335-0700]    30.2500 MB /   0.50 sec =  507.5524 Mbps     0 retrans
[2024-11-04T10:07:38.535419-0700]    33.0625 MB /   0.50 sec =  554.6612 Mbps     0 retrans
[2024-11-04T10:07:39.035417-0700]    30.4375 MB /   0.50 sec =  510.6596 Mbps     0 retrans
[2024-11-04T10:07:39.535474-0700]    33.9375 MB /   0.50 sec =  569.3517 Mbps     0 retrans
[2024-11-04T10:07:40.035411-0700]    28.6875 MB /   0.50 sec =  481.3185 Mbps     0 retrans
[2024-11-04T10:07:40.535429-0700]    35.1250 MB /   0.50 sec =  589.2950 Mbps     0 retrans
[2024-11-04T10:07:41.035418-0700]    30.8125 MB /   0.50 sec =  516.9387 Mbps     0 retrans
[2024-11-04T10:07:41.535460-0700]    30.6250 MB /   0.50 sec =  513.7961 Mbps     0 retrans
[2024-11-04T10:07:42.035333-0700]    32.1250 MB /   0.50 sec =  539.0112 Mbps     0 retrans
[2024-11-04T10:07:42.535312-0700]    35.3750 MB /   0.50 sec =  593.5094 Mbps     0 retrans
[2024-11-04T10:07:43.035439-0700]    24.6875 MB /   0.50 sec =  414.1469 Mbps     0 retrans
[2024-11-04T10:07:43.535405-0700]    15.5000 MB /   0.50 sec =  260.0562 Mbps     0 retrans
[2024-11-04T10:07:44.035420-0700]    20.8750 MB /   0.50 sec =  350.2188 Mbps     0 retrans
[2024-11-04T10:07:44.535634-0700]    21.1250 MB /   0.50 sec =  354.4151 Mbps     0 retrans
[2024-11-04T10:07:45.035408-0700]    26.1250 MB /   0.50 sec =  438.3100 Mbps     0 retrans
[2024-11-04T10:07:45.535473-0700]    30.3125 MB /   0.50 sec =  508.5350 Mbps     0 retrans
[2024-11-04T10:07:46.035458-0700]     9.4375 MB /   0.50 sec =  158.3309 Mbps     0 retrans
[2024-11-04T10:07:46.535417-0700]    29.6250 MB /   0.50 sec =  497.0618 Mbps     0 retrans
[2024-11-04T10:07:47.035479-0700]    31.1250 MB /   0.50 sec =  522.1459 Mbps     0 retrans
[2024-11-04T10:07:47.535549-0700]    31.0000 MB /   0.50 sec =  520.0323 Mbps     0 retrans
[2024-11-04T10:07:48.035347-0700]    26.0000 MB /   0.50 sec =  436.2949 Mbps     0 retrans
[2024-11-04T10:07:48.535468-0700]    32.6250 MB /   0.50 sec =  547.3413 Mbps     0 retrans
[2024-11-04T10:07:49.035320-0700]    23.4375 MB /   0.50 sec =  393.2545 Mbps     0 retrans
[2024-11-04T10:07:49.535484-0700]    24.1875 MB /   0.50 sec =  405.7437 Mbps     0 retrans
[2024-11-04T10:07:50.035644-0700]    22.8125 MB /   0.50 sec =  382.7402 Mbps     0 retrans
[2024-11-04T10:07:50.535435-0700]    21.9375 MB /   0.50 sec =  368.0590 Mbps     0 retrans
[2024-11-04T10:07:51.035485-0700]    25.3125 MB /   0.50 sec =  424.6665 Mbps     0 retrans
[2024-11-04T10:07:51.535606-0700]    21.8750 MB /   0.50 sec =  367.0001 Mbps     0 retrans
[2024-11-04T10:07:52.035430-0700]    18.0625 MB /   0.50 sec =  303.0500 Mbps     0 retrans
[2024-11-04T10:07:52.535412-0700]    20.3750 MB /   0.50 sec =  341.8166 Mbps     0 retrans
[2024-11-04T10:07:53.035457-0700]    18.5625 MB /   0.50 sec =  311.4402 Mbps     0 retrans
[2024-11-04T10:07:53.535497-0700]    19.8125 MB /   0.50 sec =  332.3547 Mbps     0 retrans
[2024-11-04T10:07:54.035437-0700]    20.7500 MB /   0.50 sec =  348.1753 Mbps     0 retrans
[2024-11-04T10:07:54.535330-0700]    22.6875 MB /   0.50 sec =  380.6559 Mbps     0 retrans
[2024-11-04T10:07:55.035614-0700]    24.1875 MB /   0.50 sec =  405.7591 Mbps     0 retrans
[2024-11-04T10:07:55.535467-0700]    21.1875 MB /   0.50 sec =  355.4730 Mbps     0 retrans
[2024-11-04T10:07:56.035397-0700]    20.6875 MB /   0.50 sec =  347.0905 Mbps     0 retrans
[2024-11-04T10:07:56.535464-0700]     9.0625 MB /   0.50 sec =  152.0380 Mbps     0 retrans
[2024-11-04T10:07:57.035416-0700]    20.3125 MB /   0.50 sec =  340.7988 Mbps     0 retrans
[2024-11-04T10:07:57.535425-0700]    14.4375 MB /   0.50 sec =  242.2167 Mbps     0 retrans
[2024-11-04T10:07:58.035311-0700]    18.0000 MB /   0.50 sec =  302.0171 Mbps     0 retrans
[2024-11-04T10:07:58.535471-0700]    16.3750 MB /   0.50 sec =  274.6994 Mbps     0 retrans
[2024-11-04T10:07:59.035386-0700]    18.0625 MB /   0.50 sec =  303.0506 Mbps     0 retrans
[2024-11-04T10:07:59.535501-0700]    18.6875 MB /   0.50 sec =  313.5054 Mbps     0 retrans
[2024-11-04T10:08:00.035337-0700]    18.8125 MB /   0.50 sec =  315.6510 Mbps     0 retrans
[2024-11-04T10:08:00.535490-0700]    11.1875 MB /   0.50 sec =  187.6767 Mbps     0 retrans
[2024-11-04T10:08:01.035431-0700]    12.1250 MB /   0.50 sec =  203.4303 Mbps     0 retrans
[2024-11-04T10:08:01.535595-0700]    17.8125 MB /   0.50 sec =  298.8483 Mbps     0 retrans
[2024-11-04T10:08:02.035446-0700]    13.6875 MB /   0.50 sec =  229.6354 Mbps     0 retrans
[2024-11-04T10:08:02.535524-0700]    13.5000 MB /   0.50 sec =  226.4603 Mbps     0 retrans
[2024-11-04T10:08:03.035467-0700]    11.3125 MB /   0.50 sec =  189.7957 Mbps     0 retrans
[2024-11-04T10:08:03.535397-0700]     0.0000 MB /   0.50 sec =    0.0000 Mbps     0 retrans
[2024-11-04T10:08:04.035464-0700]    11.8125 MB /   0.50 sec =  198.1725 Mbps     0 retrans
[2024-11-04T10:08:04.535425-0700]    10.5000 MB /   0.50 sec =  176.1657 Mbps     0 retrans
[2024-11-04T10:08:05.035437-0700]     9.7500 MB /   0.50 sec =  163.5775 Mbps     0 retrans
[2024-11-04T10:08:05.535316-0700]    13.0625 MB /   0.50 sec =  219.1673 Mbps     0 retrans
[2024-11-04T10:08:06.035447-0700]    14.6250 MB /   0.50 sec =  245.3413 Mbps     0 retrans
[2024-11-04T10:08:06.535566-0700]    12.1875 MB /   0.50 sec =  204.4429 Mbps     0 retrans
[2024-11-04T10:08:07.035426-0700]    13.6875 MB /   0.50 sec =  229.6795 Mbps     0 retrans
[2024-11-04T10:08:07.535435-0700]    17.7500 MB /   0.50 sec =  297.7914 Mbps     0 retrans
[2024-11-04T10:08:08.035590-0700]    12.2500 MB /   0.50 sec =  205.5225 Mbps     0 retrans
[2024-11-04T10:08:08.535319-0700]    13.5000 MB /   0.50 sec =  226.5096 Mbps     0 retrans
[2024-11-04T10:08:09.035449-0700]    16.1875 MB /   0.50 sec =  271.5622 Mbps     0 retrans
[2024-11-04T10:08:09.535458-0700]    19.6250 MB /   0.50 sec =  329.2463 Mbps     0 retrans
[2024-11-04T10:08:10.035458-0700]    19.8750 MB /   0.50 sec =  333.4478 Mbps     0 retrans
[2024-11-04T10:08:10.535465-0700]    20.1875 MB /   0.50 sec =  338.6521 Mbps     0 retrans
[2024-11-04T10:08:11.035532-0700]    20.6250 MB /   0.50 sec =  346.0266 Mbps     0 retrans
[2024-11-04T10:08:11.535453-0700]    17.6875 MB /   0.50 sec =  296.7773 Mbps     0 retrans
[2024-11-04T10:08:12.035608-0700]    20.1875 MB /   0.50 sec =  338.7009 Mbps     0 retrans
[2024-11-04T10:08:12.535432-0700]    19.2500 MB /   0.50 sec =  322.9621 Mbps     0 retrans
End time: 1730740092867
