Start time: 1731009909336
[2024-11-07T15:05:14.405172-0500] traceroute to 54.197.223.49 (54.197.223.49), 30 hops max, 60 byte packets
[2024-11-07T15:05:14.405706-0500]  1  * * *
[2024-11-07T15:05:14.405741-0500]  2  * * *
[2024-11-07T15:05:14.405770-0500]  3  * * *
[2024-11-07T15:05:14.405795-0500]  4  * * *
[2024-11-07T15:05:14.405820-0500]  5  * * *
[2024-11-07T15:05:19.412019-0500]  6  * * *
[2024-11-07T15:05:19.412579-0500]  7  * * *
[2024-11-07T15:05:19.412712-0500]  8  * * *
[2024-11-07T15:05:19.412848-0500]  9  * * *
[2024-11-07T15:05:19.430628-0500] 10  * * *
[2024-11-07T15:05:24.420854-0500] 11  * * *
[2024-11-07T15:05:24.428633-0500] 12  * * *
[2024-11-07T15:05:24.428787-0500] 13  * * *
[2024-11-07T15:05:24.437181-0500] 14  * * *
[2024-11-07T15:05:24.437371-0500] 15  * * *
[2024-11-07T15:05:29.429548-0500] 16  * * *
[2024-11-07T15:05:29.429985-0500] 17  * * *
[2024-11-07T15:05:29.437164-0500] 18  * * *
[2024-11-07T15:05:29.442806-0500] 19  * * *
[2024-11-07T15:05:29.443006-0500] 20  * * *
[2024-11-07T15:05:29.443103-0500] 21  * * *
[2024-11-07T15:05:34.438006-0500] 22  * * *
[2024-11-07T15:05:34.441471-0500] 23  * * *
[2024-11-07T15:05:34.445438-0500] 24  * * *
[2024-11-07T15:05:34.446810-0500] 25  * * *
[2024-11-07T15:05:34.449230-0500] 26  * * *
[2024-11-07T15:05:39.393729-0500] 27  * *End time: 1731009939451
