Start time: 1730763178587
[2024-11-04T17:32:59.477287-0600] nuttcp-r: v8.1.4: socket
[2024-11-04T17:32:59.478146-0600] nuttcp-r: buflen=65536, nstream=1, port=5379 tcp
[2024-11-04T17:32:59.478215-0600] nuttcp-r: interval reporting every 0.50 seconds
[2024-11-04T17:32:59.478266-0600] nuttcp-r: connect to 54.176.53.206 with RTT=59.547 ms af=inet
[2024-11-04T17:32:59.478315-0600] nuttcp-r: send window size = 2097152, receive window size = 6291456
[2024-11-04T17:32:59.478363-0600] nuttcp-r: available send window = 1572864, available receive window = 4718592
[2024-11-04T17:32:59.478413-0600]     0.9375 MB /   0.50 sec =   15.7268 Mbps     0 retrans
[2024-11-04T17:32:59.977320-0600]    15.1875 MB /   0.50 sec =  254.8009 Mbps     0 retrans
[2024-11-04T17:33:00.477253-0600]    29.3125 MB /   0.50 sec =  491.7880 Mbps     0 retrans
[2024-11-04T17:33:00.977642-0600]    23.3750 MB /   0.50 sec =  392.1698 Mbps     0 retrans
[2024-11-04T17:33:01.477333-0600]    17.8125 MB /   0.50 sec =  298.8029 Mbps     0 retrans
[2024-11-04T17:33:01.977225-0600]     8.5000 MB /   0.50 sec =  142.6309 Mbps     0 retrans
[2024-11-04T17:33:02.478211-0600]    24.8125 MB /   0.50 sec =  416.2697 Mbps     0 retrans
[2024-11-04T17:33:02.977200-0600]    21.4375 MB /   0.50 sec =  359.6824 Mbps     0 retrans
[2024-11-04T17:33:03.477166-0600]    28.0000 MB /   0.50 sec =  469.7357 Mbps     0 retrans
[2024-11-04T17:33:03.977267-0600]    22.5000 MB /   0.50 sec =  377.4859 Mbps     0 retrans
[2024-11-04T17:33:04.477402-0600]    18.3125 MB /   0.50 sec =  307.1719 Mbps     0 retrans
[2024-11-04T17:33:04.977237-0600]     9.3750 MB /   0.50 sec =  157.3166 Mbps     0 retrans
[2024-11-04T17:33:05.477256-0600]     8.0000 MB /   0.50 sec =  134.2196 Mbps     0 retrans
[2024-11-04T17:33:05.977646-0600]    12.1875 MB /   0.50 sec =  204.4294 Mbps     0 retrans
[2024-11-04T17:33:06.477160-0600]    11.8125 MB /   0.50 sec =  198.2237 Mbps     0 retrans
[2024-11-04T17:33:06.977370-0600]    12.7500 MB /   0.50 sec =  213.8629 Mbps     0 retrans
[2024-11-04T17:33:07.477330-0600]    15.6250 MB /   0.50 sec =  262.1534 Mbps     0 retrans
[2024-11-04T17:33:07.977392-0600]     3.7500 MB /   0.50 sec =   62.9129 Mbps     0 retrans
[2024-11-04T17:33:08.477287-0600]    12.0000 MB /   0.50 sec =  201.3491 Mbps     0 retrans
[2024-11-04T17:33:08.977674-0600]    11.2500 MB /   0.50 sec =  188.6109 Mbps     0 retrans
[2024-11-04T17:33:09.477392-0600]     4.6875 MB /   0.50 sec =   78.7051 Mbps     0 retrans
[2024-11-04T17:33:09.977181-0600]     9.1875 MB /   0.50 sec =  154.1354 Mbps     0 retrans
[2024-11-04T17:33:10.477291-0600]    11.9375 MB /   0.50 sec =  200.2628 Mbps     0 retrans
[2024-11-04T17:33:10.977137-0600]    12.3750 MB /   0.50 sec =  207.6492 Mbps     0 retrans
[2024-11-04T17:33:11.477242-0600]    12.8125 MB /   0.50 sec =  214.9448 Mbps     0 retrans
[2024-11-04T17:33:11.977164-0600]    14.8125 MB /   0.50 sec =  248.5220 Mbps     0 retrans
[2024-11-04T17:33:12.477288-0600]    15.0625 MB /   0.50 sec =  252.6376 Mbps     0 retrans
[2024-11-04T17:33:12.977461-0600]    16.1875 MB /   0.50 sec =  271.5758 Mbps     0 retrans
[2024-11-04T17:33:13.477411-0600]    20.5625 MB /   0.50 sec =  345.0553 Mbps     0 retrans
[2024-11-04T17:33:13.977306-0600]    24.6875 MB /   0.50 sec =  414.1444 Mbps     0 retrans
[2024-11-04T17:33:14.477266-0600]    28.1875 MB /   0.50 sec =  472.9730 Mbps     0 retrans
[2024-11-04T17:33:14.977289-0600]    29.1875 MB /   0.50 sec =  489.6997 Mbps     0 retrans
[2024-11-04T17:33:15.477201-0600]    29.2500 MB /   0.50 sec =  490.7336 Mbps     0 retrans
[2024-11-04T17:33:15.977335-0600]    29.8750 MB /   0.50 sec =  501.2053 Mbps     0 retrans
[2024-11-04T17:33:16.477266-0600]    30.5000 MB /   0.50 sec =  511.6979 Mbps     0 retrans
[2024-11-04T17:33:16.977749-0600]    38.2500 MB /   0.50 sec =  641.3822 Mbps     0 retrans
[2024-11-04T17:33:17.477266-0600]    37.8750 MB /   0.50 sec =  635.8567 Mbps     0 retrans
[2024-11-04T17:33:17.977196-0600]    39.8125 MB /   0.50 sec =  667.9068 Mbps     0 retrans
[2024-11-04T17:33:18.477234-0600]    34.4375 MB /   0.50 sec =  577.7492 Mbps     0 retrans
[2024-11-04T17:33:18.977274-0600]    29.8125 MB /   0.50 sec =  500.1347 Mbps     0 retrans
[2024-11-04T17:33:19.477413-0600]    31.0000 MB /   0.50 sec =  520.1728 Mbps     0 retrans
[2024-11-04T17:33:19.977873-0600]    33.6875 MB /   0.50 sec =  564.9373 Mbps     0 retrans
[2024-11-04T17:33:20.477215-0600]    34.0000 MB /   0.50 sec =  570.6410 Mbps     0 retrans
[2024-11-04T17:33:20.977227-0600]    31.4375 MB /   0.50 sec =  527.4221 Mbps     0 retrans
[2024-11-04T17:33:21.477217-0600]    32.8750 MB /   0.50 sec =  551.5532 Mbps     0 retrans
[2024-11-04T17:33:21.977224-0600]    35.5625 MB /   0.50 sec =  596.6278 Mbps     0 retrans
[2024-11-04T17:33:22.477210-0600]    32.4375 MB /   0.50 sec =  544.2578 Mbps     0 retrans
[2024-11-04T17:33:22.977232-0600]    34.0625 MB /   0.50 sec =  571.4419 Mbps     0 retrans
[2024-11-04T17:33:23.477211-0600]    36.0000 MB /   0.50 sec =  603.9834 Mbps     0 retrans
[2024-11-04T17:33:23.977344-0600]    15.6250 MB /   0.50 sec =  262.1477 Mbps     0 retrans
[2024-11-04T17:33:24.477239-0600]    28.4375 MB /   0.50 sec =  477.0906 Mbps     0 retrans
[2024-11-04T17:33:24.977221-0600]    38.1250 MB /   0.50 sec =  639.6301 Mbps     0 retrans
[2024-11-04T17:33:25.477216-0600]    34.8750 MB /   0.50 sec =  585.1066 Mbps     0 retrans
[2024-11-04T17:33:25.977243-0600]    35.6875 MB /   0.50 sec =  598.7417 Mbps     0 retrans
[2024-11-04T17:33:26.477246-0600]    39.4375 MB /   0.50 sec =  661.6409 Mbps     0 retrans
[2024-11-04T17:33:26.977244-0600]    34.6250 MB /   0.50 sec =  580.9192 Mbps     0 retrans
[2024-11-04T17:33:27.477212-0600]    38.2500 MB /   0.50 sec =  641.7285 Mbps     0 retrans
[2024-11-04T17:33:27.977257-0600]    42.8125 MB /   0.50 sec =  718.2530 Mbps     0 retrans
[2024-11-04T17:33:28.477235-0600]    35.8750 MB /   0.50 sec =  601.8814 Mbps     0 retrans
[2024-11-04T17:33:28.977227-0600]    38.0000 MB /   0.50 sec =  637.5572 Mbps     0 retrans
[2024-11-04T17:33:29.477454-0600]    34.7500 MB /   0.50 sec =  582.6866 Mbps     0 retrans
[2024-11-04T17:33:29.977771-0600]    39.6875 MB /   0.50 sec =  665.6674 Mbps     0 retrans
[2024-11-04T17:33:30.477231-0600]    38.5625 MB /   0.50 sec =  647.4894 Mbps     0 retrans
[2024-11-04T17:33:30.977218-0600]    40.1875 MB /   0.50 sec =  674.2519 Mbps     0 retrans
[2024-11-04T17:33:31.477216-0600]    29.5000 MB /   0.50 sec =  494.9200 Mbps     0 retrans
[2024-11-04T17:33:31.977300-0600]    38.0000 MB /   0.50 sec =  637.5023 Mbps     0 retrans
[2024-11-04T17:33:32.477222-0600]    27.0625 MB /   0.50 sec =  454.0597 Mbps     0 retrans
[2024-11-04T17:33:32.977700-0600]    38.8750 MB /   0.50 sec =  652.1960 Mbps     0 retrans
[2024-11-04T17:33:33.477356-0600]    39.0000 MB /   0.50 sec =  654.2028 Mbps     0 retrans
[2024-11-04T17:33:33.977830-0600]    41.3125 MB /   0.50 sec =  693.2113 Mbps     0 retrans
[2024-11-04T17:33:34.477239-0600]    14.6250 MB /   0.50 sec =  245.3746 Mbps     0 retrans
[2024-11-04T17:33:34.977393-0600]    33.9375 MB /   0.50 sec =  569.1059 Mbps     0 retrans
[2024-11-04T17:33:35.477886-0600]    29.8750 MB /   0.50 sec =  500.9979 Mbps     0 retrans
[2024-11-04T17:33:35.977225-0600]    29.0000 MB /   0.50 sec =  486.9863 Mbps     0 retrans
[2024-11-04T17:33:36.477265-0600]    28.0625 MB /   0.50 sec =  470.7617 Mbps     0 retrans
[2024-11-04T17:33:36.977206-0600]    35.4375 MB /   0.50 sec =  594.6080 Mbps     0 retrans
[2024-11-04T17:33:37.477210-0600]    33.8125 MB /   0.50 sec =  567.2785 Mbps     0 retrans
[2024-11-04T17:33:37.977639-0600]    25.8125 MB /   0.50 sec =  433.0567 Mbps     0 retrans
[2024-11-04T17:33:38.477266-0600]    30.2500 MB /   0.50 sec =  507.4956 Mbps     0 retrans
[2024-11-04T17:33:38.977227-0600]    30.3750 MB /   0.50 sec =  509.6232 Mbps     0 retrans
[2024-11-04T17:33:39.477181-0600]    31.4375 MB /   0.50 sec =  527.4643 Mbps     0 retrans
[2024-11-04T17:33:39.977699-0600]    34.7500 MB /   0.50 sec =  582.4712 Mbps     0 retrans
[2024-11-04T17:33:40.477248-0600]    35.5000 MB /   0.50 sec =  596.1062 Mbps     0 retrans
[2024-11-04T17:33:40.977197-0600]    39.0000 MB /   0.50 sec =  654.3206 Mbps     0 retrans
[2024-11-04T17:33:41.477260-0600]    44.6250 MB /   0.50 sec =  748.6009 Mbps     0 retrans
[2024-11-04T17:33:41.977235-0600]    50.1875 MB /   0.50 sec =  842.1008 Mbps     0 retrans
[2024-11-04T17:33:42.477222-0600]    50.7500 MB /   0.50 sec =  851.4437 Mbps     0 retrans
[2024-11-04T17:33:42.977261-0600]    52.8750 MB /   0.50 sec =  887.0705 Mbps     0 retrans
[2024-11-04T17:33:43.477500-0600]    53.4375 MB /   0.50 sec =  896.4285 Mbps     0 retrans
[2024-11-04T17:33:43.977266-0600]    47.6250 MB /   0.50 sec =  799.0996 Mbps     0 retrans
[2024-11-04T17:33:44.477204-0600]    44.1250 MB /   0.50 sec =  740.3317 Mbps     0 retrans
[2024-11-04T17:33:44.977829-0600]    18.0625 MB /   0.50 sec =  302.6873 Mbps     0 retrans
[2024-11-04T17:33:45.477275-0600]    47.1875 MB /   0.50 sec =  792.5086 Mbps     0 retrans
[2024-11-04T17:33:45.977205-0600]    46.5000 MB /   0.50 sec =  780.2279 Mbps     0 retrans
[2024-11-04T17:33:46.477213-0600]    36.6250 MB /   0.50 sec =  614.4532 Mbps     0 retrans
[2024-11-04T17:33:46.977289-0600]    36.6250 MB /   0.50 sec =  614.4004 Mbps     0 retrans
[2024-11-04T17:33:47.477272-0600]    34.6875 MB /   0.50 sec =  581.9876 Mbps     0 retrans
[2024-11-04T17:33:47.977254-0600]    45.1875 MB /   0.50 sec =  758.1508 Mbps     0 retrans
[2024-11-04T17:33:48.477222-0600]    39.6250 MB /   0.50 sec =  664.8118 Mbps     0 retrans
[2024-11-04T17:33:48.977198-0600]    40.8750 MB /   0.50 sec =  685.7687 Mbps     0 retrans
[2024-11-04T17:33:49.477293-0600]    41.5000 MB /   0.50 sec =  696.3004 Mbps     0 retrans
[2024-11-04T17:33:49.977294-0600]    45.5000 MB /   0.50 sec =  763.2733 Mbps     0 retrans
[2024-11-04T17:33:50.477488-0600]    40.6250 MB /   0.50 sec =  681.3577 Mbps     0 retrans
[2024-11-04T17:33:50.977631-0600]    40.3750 MB /   0.50 sec =  677.0984 Mbps     0 retrans
[2024-11-04T17:33:51.477234-0600]    38.5000 MB /   0.50 sec =  646.4270 Mbps     0 retrans
[2024-11-04T17:33:51.977220-0600]    38.6875 MB /   0.50 sec =  649.0750 Mbps     0 retrans
[2024-11-04T17:33:52.477269-0600]    40.8125 MB /   0.50 sec =  684.6982 Mbps     0 retrans
[2024-11-04T17:33:52.977526-0600]    41.8125 MB /   0.50 sec =  701.4945 Mbps     0 retrans
[2024-11-04T17:33:53.477230-0600]    44.9375 MB /   0.50 sec =  753.9503 Mbps     0 retrans
[2024-11-04T17:33:53.977325-0600]    44.5000 MB /   0.50 sec =  746.6249 Mbps     0 retrans
[2024-11-04T17:33:54.477222-0600]    44.8125 MB /   0.50 sec =  751.7884 Mbps     0 retrans
[2024-11-04T17:33:54.977278-0600]    36.1250 MB /   0.50 sec =  606.0357 Mbps     0 retrans
[2024-11-04T17:33:55.477257-0600]    23.6250 MB /   0.50 sec =  396.3800 Mbps     0 retrans
[2024-11-04T17:33:55.977666-0600]    48.0000 MB /   0.50 sec =  804.8733 Mbps     0 retrans
[2024-11-04T17:33:56.477738-0600]    50.0625 MB /   0.50 sec =  839.8943 Mbps     0 retrans
[2024-11-04T17:33:56.977256-0600]    49.3125 MB /   0.50 sec =  827.8000 Mbps     0 retrans
[2024-11-04T17:33:57.477500-0600]    44.8125 MB /   0.50 sec =  751.4593 Mbps     0 retrans
[2024-11-04T17:33:57.977248-0600]    43.5625 MB /   0.50 sec =  731.1850 Mbps     0 retrans
[2024-11-04T17:33:58.477236-0600]    50.1875 MB /   0.50 sec =  842.0251 Mbps     0 retrans
[2024-11-04T17:33:58.977391-0600]    53.1250 MB /   0.50 sec =  891.1773 Mbps     0 retrans
[2024-11-04T17:33:59.477215-0600]    46.7500 MB /   0.50 sec =  784.4557 Mbps     0 retrans
[2024-11-04T17:33:59.977207-0600]    45.7500 MB /   0.50 sec =  767.5576 Mbps     0 retrans
[2024-11-04T17:34:00.477265-0600]    45.0625 MB /   0.50 sec =  755.9976 Mbps     0 retrans
[2024-11-04T17:34:00.977326-0600]    30.1250 MB /   0.50 sec =  505.3318 Mbps     0 retrans
[2024-11-04T17:34:01.477353-0600]    38.8125 MB /   0.50 sec =  651.2894 Mbps     0 retrans
[2024-11-04T17:34:01.977665-0600]    38.1875 MB /   0.50 sec =  640.1461 Mbps     0 retrans
[2024-11-04T17:34:02.477196-0600]    32.7500 MB /   0.50 sec =  549.9235 Mbps     0 retrans
[2024-11-04T17:34:02.977430-0600]    46.8750 MB /   0.50 sec =  786.3911 Mbps     0 retrans
[2024-11-04T17:34:03.477277-0600]    48.7500 MB /   0.50 sec =  817.9089 Mbps     0 retrans
[2024-11-04T17:34:03.977457-0600]    53.8125 MB /   0.50 sec =  902.7499 Mbps     0 retrans
[2024-11-04T17:34:04.477398-0600]    54.1875 MB /   0.50 sec =  908.8754 Mbps     0 retrans
[2024-11-04T17:34:04.977214-0600]    55.8750 MB /   0.50 sec =  937.7627 Mbps     0 retrans
[2024-11-04T17:34:05.477700-0600]    24.3125 MB /   0.50 sec =  407.5488 Mbps     0 retrans
[2024-11-04T17:34:05.977408-0600]    54.8750 MB /   0.50 sec =  921.4532 Mbps     0 retrans
[2024-11-04T17:34:06.477368-0600]    56.0000 MB /   0.50 sec =  939.2442 Mbps     0 retrans
[2024-11-04T17:34:06.977450-0600]    59.2500 MB /   0.50 sec =  993.9010 Mbps     0 retrans
[2024-11-04T17:34:07.477275-0600]    64.3125 MB /   0.50 sec = 1079.4143 Mbps     0 retrans
[2024-11-04T17:34:07.977297-0600]    55.5000 MB /   0.50 sec =  931.0815 Mbps     0 retrans
[2024-11-04T17:34:08.477273-0600]    48.1250 MB /   0.50 sec =  807.4568 Mbps     0 retrans
[2024-11-04T17:34:08.977222-0600]    54.1875 MB /   0.50 sec =  909.1245 Mbps     0 retrans
[2024-11-04T17:34:09.477270-0600]    56.3125 MB /   0.50 sec =  944.7386 Mbps     0 retrans
[2024-11-04T17:34:09.977224-0600]    54.1875 MB /   0.50 sec =  909.1536 Mbps     0 retrans
[2024-11-04T17:34:10.477321-0600]    54.3125 MB /   0.50 sec =  911.2289 Mbps     0 retrans
[2024-11-04T17:34:10.977293-0600]    59.9375 MB /   0.50 sec = 1005.5562 Mbps     0 retrans
[2024-11-04T17:34:11.477492-0600]    59.3125 MB /   0.50 sec =  995.1285 Mbps     0 retrans
[2024-11-04T17:34:11.977229-0600]    57.1875 MB /   0.50 sec =  959.4432 Mbps     0 retrans
[2024-11-04T17:34:12.477258-0600]    59.1250 MB /   0.50 sec =  991.9311 Mbps     0 retrans
[2024-11-04T17:34:12.977852-0600]    53.3750 MB /   0.50 sec =  894.4731 Mbps     0 retrans
[2024-11-04T17:34:13.477681-0600]    56.8125 MB /   0.50 sec =  953.4302 Mbps     0 retrans
[2024-11-04T17:34:13.977255-0600]    56.3750 MB /   0.50 sec =  946.6031 Mbps     0 retrans
[2024-11-04T17:34:14.477200-0600]    58.8125 MB /   0.50 sec =  986.7416 Mbps     0 retrans
[2024-11-04T17:34:14.977256-0600]    48.1875 MB /   0.50 sec =  808.4068 Mbps     0 retrans
[2024-11-04T17:34:15.477229-0600]    57.8750 MB /   0.50 sec =  971.0222 Mbps     0 retrans
[2024-11-04T17:34:15.977210-0600]    55.1250 MB /   0.50 sec =  924.8422 Mbps     0 retrans
[2024-11-04T17:34:16.477276-0600]    32.5625 MB /   0.50 sec =  546.2753 Mbps     0 retrans
[2024-11-04T17:34:16.977592-0600]    30.8750 MB /   0.50 sec =  518.0338 Mbps     0 retrans
[2024-11-04T17:34:17.477275-0600]    46.4375 MB /   0.50 sec =  779.0624 Mbps     0 retrans
[2024-11-04T17:34:17.977470-0600]    47.5625 MB /   0.50 sec =  797.5978 Mbps     0 retrans
[2024-11-04T17:34:18.477479-0600]    53.8750 MB /   0.50 sec =  903.8635 Mbps     0 retrans
[2024-11-04T17:34:18.977506-0600]    59.1250 MB /   0.50 sec =  991.9370 Mbps     0 retrans
[2024-11-04T17:34:19.477255-0600]    57.2500 MB /   0.50 sec =  960.9915 Mbps     0 retrans
[2024-11-04T17:34:19.977211-0600]    55.5000 MB /   0.50 sec =  931.1411 Mbps     0 retrans
[2024-11-04T17:34:20.477642-0600]    54.2500 MB /   0.50 sec =  909.4600 Mbps     0 retrans
[2024-11-04T17:34:20.977312-0600]    58.5625 MB /   0.50 sec =  983.1449 Mbps     0 retrans
[2024-11-04T17:34:21.477213-0600]    57.7500 MB /   0.50 sec =  969.0141 Mbps     0 retrans
[2024-11-04T17:34:21.977206-0600]    59.1875 MB /   0.50 sec =  993.0054 Mbps     0 retrans
[2024-11-04T17:34:22.477227-0600]    61.0000 MB /   0.50 sec = 1023.3918 Mbps     0 retrans
[2024-11-04T17:34:22.977368-0600]    58.1250 MB /   0.50 sec =  974.9924 Mbps     0 retrans
[2024-11-04T17:34:23.477423-0600]    66.6250 MB /   0.50 sec = 1118.0705 Mbps     0 retrans
[2024-11-04T17:34:23.977221-0600]    64.3125 MB /   0.50 sec = 1078.9135 Mbps     0 retrans
[2024-11-04T17:34:24.477708-0600]    63.4375 MB /   0.50 sec = 1063.4071 Mbps     0 retrans
[2024-11-04T17:34:24.977793-0600]    66.3125 MB /   0.50 sec = 1112.5035 Mbps     0 retrans
[2024-11-04T17:34:25.477255-0600]    60.0000 MB /   0.50 sec = 1007.4913 Mbps     0 retrans
[2024-11-04T17:34:25.977474-0600]    63.9375 MB /   0.50 sec = 1072.7726 Mbps     0 retrans
[2024-11-04T17:34:26.477218-0600]    62.0000 MB /   0.50 sec = 1040.1458 Mbps     0 retrans
[2024-11-04T17:34:26.977312-0600]    24.6250 MB /   0.50 sec =  413.0985 Mbps     0 retrans
[2024-11-04T17:34:27.477243-0600]    55.2500 MB /   0.50 sec =  927.0042 Mbps     0 retrans
[2024-11-04T17:34:27.981075-0600]    54.3750 MB /   0.50 sec =  906.0312 Mbps     0 retrans
[2024-11-04T17:34:28.477256-0600]    57.6250 MB /   0.50 sec =  973.4944 Mbps     0 retrans
[2024-11-04T17:34:28.977235-0600]    55.3750 MB /   0.50 sec =  929.0439 Mbps     0 retrans
[2024-11-04T17:34:29.478069-0600]    59.8125 MB /   0.50 sec = 1002.5709 Mbps     0 retrans
[2024-11-04T17:34:29.977632-0600]    54.0000 MB /   0.50 sec =  906.1255 Mbps     0 retrans
[2024-11-04T17:34:30.477385-0600]    55.5000 MB /   0.50 sec =  931.8232 Mbps     0 retrans
[2024-11-04T17:34:30.977286-0600]    59.5000 MB /   0.50 sec =  998.2044 Mbps     0 retrans
[2024-11-04T17:34:31.477293-0600]    61.9375 MB /   0.50 sec = 1039.1596 Mbps     0 retrans
[2024-11-04T17:34:31.977272-0600]    67.1250 MB /   0.50 sec = 1126.1166 Mbps     0 retrans
[2024-11-04T17:34:32.477250-0600]    57.6250 MB /   0.50 sec =  966.9340 Mbps     0 retrans
[2024-11-04T17:34:32.977233-0600]    63.0000 MB /   0.50 sec = 1056.8843 Mbps     0 retrans
[2024-11-04T17:34:33.477393-0600]    63.8125 MB /   0.50 sec = 1070.6710 Mbps     0 retrans
[2024-11-04T17:34:33.977244-0600]    66.1250 MB /   0.50 sec = 1109.3002 Mbps     0 retrans
[2024-11-04T17:34:34.477236-0600]    66.1250 MB /   0.50 sec = 1109.4045 Mbps     0 retrans
[2024-11-04T17:34:34.977221-0600]    68.0000 MB /   0.50 sec = 1140.8621 Mbps     0 retrans
[2024-11-04T17:34:35.477255-0600]    62.5000 MB /   0.50 sec = 1048.5676 Mbps     0 retrans
[2024-11-04T17:34:35.977369-0600]    65.3125 MB /   0.50 sec = 1095.7575 Mbps     0 retrans
[2024-11-04T17:34:36.477270-0600]    68.3750 MB /   0.50 sec = 1147.0871 Mbps     0 retrans
[2024-11-04T17:34:36.977239-0600]    67.8750 MB /   0.50 sec = 1138.8059 Mbps     0 retrans
[2024-11-04T17:34:37.477219-0600]    23.8125 MB /   0.50 sec =  399.5067 Mbps     0 retrans
[2024-11-04T17:34:37.977231-0600]    62.7500 MB /   0.50 sec = 1052.7787 Mbps     0 retrans
[2024-11-04T17:34:38.477375-0600]    59.5000 MB /   0.50 sec =  998.2503 Mbps     0 retrans
[2024-11-04T17:34:38.977115-0600]    65.1875 MB /   0.50 sec = 1093.7260 Mbps     0 retrans
[2024-11-04T17:34:39.477184-0600]    49.2500 MB /   0.50 sec =  826.2465 Mbps     0 retrans
[2024-11-04T17:34:39.977261-0600]    62.2500 MB /   0.50 sec = 1044.3149 Mbps     0 retrans
[2024-11-04T17:34:40.477356-0600]    69.6875 MB /   0.50 sec = 1169.2230 Mbps     0 retrans
[2024-11-04T17:34:40.977305-0600]    59.6875 MB /   0.50 sec = 1001.2519 Mbps     0 retrans
[2024-11-04T17:34:41.477228-0600]    61.4375 MB /   0.50 sec = 1030.8677 Mbps     0 retrans
[2024-11-04T17:34:41.977203-0600]    61.0625 MB /   0.50 sec = 1024.4874 Mbps     0 retrans
[2024-11-04T17:34:42.477229-0600]    68.8125 MB /   0.50 sec = 1154.4637 Mbps     0 retrans
[2024-11-04T17:34:42.977300-0600]    60.0000 MB /   0.50 sec = 1006.4941 Mbps     0 retrans
[2024-11-04T17:34:43.477637-0600]    14.5625 MB /   0.50 sec =  244.2459 Mbps     0 retrans
[2024-11-04T17:34:43.978528-0600]     0.0000 MB /   0.50 sec =    0.0000 Mbps     0 retrans
[2024-11-04T17:34:44.477279-0600]     0.0000 MB /   0.50 sec =    0.0000 Mbps     0 retrans
[2024-11-04T17:34:44.978583-0600]     0.0000 MB /   0.50 sec =    0.0000 Mbps     0 retrans
[2024-11-04T17:34:45.477509-0600]     0.0000 MB /   0.50 sec =    0.0000 Mbps     0 retrans
[2024-11-04T17:34:45.978417-0600]     0.0000 MB /   0.50 sec =    0.0000 Mbps     0 retrans
[2024-11-04T17:34:46.478475-0600]     0.0000 MB /   0.50 sec =    0.0000 Mbps     0 retrans
[2024-11-04T17:34:46.978356-0600]     0.0000 MB /   0.50 sec =    0.0000 Mbps     0 retrans
[2024-11-04T17:34:47.478341-0600]     0.0000 MB /   0.50 sec =    0.0000 Mbps     0 retrans
[2024-11-04T17:34:47.978425-0600]     0.0000 MB /   0.50 sec =    0.0000 Mbps     0 retrans
[2024-11-04T17:34:48.477420-0600]     0.0000 MB /   0.50 sec =    0.0000 Mbps     0 retrans
[2024-11-04T17:34:48.978268-0600]     0.0000 MB /   0.50 sec =    0.0000 Mbps     0 retrans
[2024-11-04T17:34:49.477872-0600]     0.0000 MB /   0.50 sec =    0.0000 Mbps     0 retrans
[2024-11-04T17:34:49.977592-0600]     0.0000 MB /   0.50 sec =    0.0000 Mbps     0 retrans
[2024-11-04T17:34:50.477333-0600]     0.0000 MB /   0.50 sec =    0.0000 Mbps     0 retrans
[2024-11-04T17:34:50.978035-0600]     0.0000 MB /   0.50 sec =    0.0000 Mbps     0 retrans
[2024-11-04T17:34:51.477559-0600]     0.0000 MB /   0.50 sec =    0.0000 Mbps     0 retrans
[2024-11-04T17:34:51.978338-0600]     7.6250 MB /   0.50 sec =  127.7161 Mbps     0 retrans
[2024-11-04T17:34:52.477711-0600]    10.7500 MB /   0.50 sec =  180.5656 Mbps     0 retrans
[2024-11-04T17:34:52.977516-0600]    12.0000 MB /   0.50 sec =  201.3951 Mbps     0 retrans
[2024-11-04T17:34:53.477235-0600]    25.4375 MB /   0.50 sec =  427.0309 Mbps     0 retrans
[2024-11-04T17:34:53.977288-0600]    31.4375 MB /   0.50 sec =  527.4042 Mbps     0 retrans
[2024-11-04T17:34:54.477283-0600]    38.1250 MB /   0.50 sec =  639.6813 Mbps     0 retrans
[2024-11-04T17:34:54.977739-0600]    46.1875 MB /   0.50 sec =  774.1467 Mbps     0 retrans
[2024-11-04T17:34:55.477254-0600]    53.6875 MB /   0.50 sec =  901.5707 Mbps     0 retrans
[2024-11-04T17:34:55.977440-0600]    59.6875 MB /   0.50 sec = 1001.3120 Mbps     0 retrans
[2024-11-04T17:34:56.477305-0600]    60.1250 MB /   0.50 sec = 1008.7281 Mbps     0 retrans
[2024-11-04T17:34:56.978232-0600]    64.8125 MB /   0.50 sec = 1086.5714 Mbps     0 retrans
[2024-11-04T17:34:57.477823-0600]    52.9375 MB /   0.50 sec =  888.2060 Mbps     0 retrans
[2024-11-04T17:34:57.978112-0600]    55.9375 MB /   0.50 sec =  937.7497 Mbps     0 retrans
[2024-11-04T17:34:58.477344-0600]    62.1250 MB /   0.50 sec = 1043.6998 Mbps     0 retrans
[2024-11-04T17:34:58.977435-0600]    55.1875 MB /   0.50 sec =  925.7982 Mbps     0 retrans
[2024-11-04T17:34:59.477309-0600]    58.0625 MB /   0.50 sec =  974.3064 Mbps     0 retrans
End time: 1730763299708
