Start time: 1730678357227
[2024-11-03T16:59:22.327897-0700] traceroute to 54.176.53.206 (54.176.53.206), 30 hops max, 60 byte packets
[2024-11-03T16:59:22.328712-0700]  1  * * *
[2024-11-03T16:59:22.328765-0700]  2  * * *
[2024-11-03T16:59:22.328804-0700]  3  * * *
[2024-11-03T16:59:22.328840-0700]  4  * * *
[2024-11-03T16:59:22.328877-0700]  5  * * *
[2024-11-03T16:59:27.334381-0700]  6  * * *
[2024-11-03T16:59:27.334535-0700]  7  * * *
[2024-11-03T16:59:27.334569-0700]  8  * * *
[2024-11-03T16:59:27.334593-0700]  9  * * *
[2024-11-03T16:59:27.337516-0700] 10  * * *
[2024-11-03T16:59:32.340739-0700] 11  * * *
[2024-11-03T16:59:32.341028-0700] 12  * * *
[2024-11-03T16:59:32.341089-0700] 13  * * *
[2024-11-03T16:59:32.341139-0700] 14  * * *
[2024-11-03T16:59:32.341183-0700] 15  * * *
[2024-11-03T16:59:37.347759-0700] 16  * * *
[2024-11-03T16:59:37.348149-0700] 17  * * *
[2024-11-03T16:59:37.348284-0700] 18  * * *
[2024-11-03T16:59:37.348395-0700] 19  * * *
[2024-11-03T16:59:37.348502-0700] 20  * * *
[2024-11-03T16:59:37.348640-0700] 21  * * *
[2024-11-03T16:59:42.351832-0700] 22  * * *
[2024-11-03T16:59:42.353622-0700] 23  * * *
[2024-11-03T16:59:42.353663-0700] 24  * * *
[2024-11-03T16:59:42.354934-0700] 25  * * *
[2024-11-03T16:59:42.357107-0700] 26  * * *
[2024-11-03T16:59:47.316028-0700] 27  * *End time: 1730678387372
