Start time: 1730511177231
[2024-11-01T18:33:02.324502-0700] traceroute to 54.176.53.206 (54.176.53.206), 30 hops max, 60 byte packets
[2024-11-01T18:33:02.325388-0700]  1  * * *
[2024-11-01T18:33:02.325445-0700]  2  * * *
[2024-11-01T18:33:02.325479-0700]  3  * * *
[2024-11-01T18:33:02.325512-0700]  4  * * *
[2024-11-01T18:33:02.337373-0700]  5  * * *
[2024-11-01T18:33:07.332992-0700]  6  * * *
[2024-11-01T18:33:07.333387-0700]  7  * * *
[2024-11-01T18:33:07.341211-0700]  8  * * *
[2024-11-01T18:33:07.341331-0700]  9  * * *
[2024-11-01T18:33:07.341397-0700] 10  * * *
[2024-11-01T18:33:12.341246-0700] 11  * * *
[2024-11-01T18:33:12.341700-0700] 12  * * *
[2024-11-01T18:33:12.351454-0700] 13  * * *
[2024-11-01T18:33:12.351697-0700] 14  * * *
[2024-11-01T18:33:12.351784-0700] 15  * * *
[2024-11-01T18:33:17.349283-0700] 16  * * *
[2024-11-01T18:33:17.349611-0700] 17  * * *
[2024-11-01T18:33:17.352761-0700] 18  * * *
[2024-11-01T18:33:17.355120-0700] 19  * * *
[2024-11-01T18:33:17.357415-0700] 20  * * *
[2024-11-01T18:33:17.360160-0700] 21  * * *
[2024-11-01T18:33:22.357839-0700] 22  * * *
[2024-11-01T18:33:22.358195-0700] 23  * * *
[2024-11-01T18:33:22.358260-0700] 24  * * *
[2024-11-01T18:33:22.372208-0700] 25  * * *
[2024-11-01T18:33:22.372455-0700] 26  * * *
[2024-11-01T18:33:27.310358-0700] 27  * *End time: 1730511207353
