Start time: 1730740766195
[2024-11-04T10:19:31.311214-0700] traceroute to 54.176.53.206 (54.176.53.206), 30 hops max, 60 byte packets
[2024-11-04T10:19:31.312090-0700]  1  * * *
[2024-11-04T10:19:31.312165-0700]  2  * * *
[2024-11-04T10:19:31.312225-0700]  3  * * *
[2024-11-04T10:19:31.312352-0700]  4  * * *
[2024-11-04T10:19:31.312422-0700]  5  * * *
[2024-11-04T10:19:36.320631-0700]  6  * * *
[2024-11-04T10:19:36.321110-0700]  7  * * *
[2024-11-04T10:19:36.321257-0700]  8  * * *
[2024-11-04T10:19:36.335296-0700]  9  * * *
[2024-11-04T10:19:36.335659-0700] 10  * * *
[2024-11-04T10:19:41.328612-0700] 11  * * *
[2024-11-04T10:19:41.334227-0700] 12  * * *
[2024-11-04T10:19:41.334479-0700] 13  * * *
[2024-11-04T10:19:41.337138-0700] 14  * * *
[2024-11-04T10:19:41.339391-0700] 15  * * *
[2024-11-04T10:19:46.337475-0700] 16  * * *
[2024-11-04T10:19:46.337831-0700] 17  * * *
[2024-11-04T10:19:46.337957-0700] 18  * * *
[2024-11-04T10:19:46.343318-0700] 19  * * *
[2024-11-04T10:19:46.343413-0700] 20  * * *
[2024-11-04T10:19:46.343478-0700] 21  * * *
[2024-11-04T10:19:51.344701-0700] 22  * * *
[2024-11-04T10:19:51.344952-0700] 23  * * *
[2024-11-04T10:19:51.344996-0700] 24  * * *
[2024-11-04T10:19:51.349088-0700] 25  * * *
[2024-11-04T10:19:51.349165-0700] 26  * * *
[2024-11-04T10:19:56.297138-0700] 27  * *End time: 1730740796365
