Start time: 1730823230439
[2024-11-05T10:13:55.509433-0600] traceroute to 54.197.223.49 (54.197.223.49), 30 hops max, 60 byte packets
[2024-11-05T10:13:55.509905-0600]  1  * * *
[2024-11-05T10:13:55.509939-0600]  2  * * *
[2024-11-05T10:13:55.509964-0600]  3  * * *
[2024-11-05T10:13:55.509988-0600]  4  * * *
[2024-11-05T10:13:55.510010-0600]  5  * * *
[2024-11-05T10:14:00.514630-0600]  6  * * *
[2024-11-05T10:14:00.514763-0600]  7  * * *
[2024-11-05T10:14:00.514792-0600]  8  * * *
[2024-11-05T10:14:00.518463-0600]  9  * * *
[2024-11-05T10:14:00.518503-0600] 10  * * *
[2024-11-05T10:14:05.521826-0600] 11  * * *
[2024-11-05T10:14:05.522033-0600] 12  * * *
[2024-11-05T10:14:05.522068-0600] 13  * * *
[2024-11-05T10:14:05.522096-0600] 14  * * *
[2024-11-05T10:14:05.522122-0600] 15  * * *
[2024-11-05T10:14:10.526025-0600] 16  * * *
[2024-11-05T10:14:10.526234-0600] 17  * * *
[2024-11-05T10:14:10.526266-0600] 18  * * *
[2024-11-05T10:14:10.529898-0600] 19  * * *
[2024-11-05T10:14:10.529962-0600] 20  * * *
[2024-11-05T10:14:10.529990-0600] 21  * * *
[2024-11-05T10:14:15.532873-0600] 22  * * *
[2024-11-05T10:14:15.533113-0600] 23  * * *
[2024-11-05T10:14:15.533165-0600] 24  * * *
[2024-11-05T10:14:15.533208-0600] 25  * * *
[2024-11-05T10:14:15.533248-0600] 26  * * *
[2024-11-05T10:14:20.499531-0600] 27  * *End time: 1730823260534
