Start time: 1730672274685
[2024-11-03T15:17:55.526902-0700] nuttcp-r: v8.1.4: socket
[2024-11-03T15:17:55.528217-0700] nuttcp-r: buflen=65536, nstream=1, port=5379 tcp
[2024-11-03T15:17:55.528309-0700] nuttcp-r: interval reporting every 0.50 seconds
[2024-11-03T15:17:55.528463-0700] nuttcp-r: connect to 54.176.53.206 with RTT=54.626 ms af=inet
[2024-11-03T15:17:55.528583-0700] nuttcp-r: send window size = 2097152, receive window size = 6291456
[2024-11-03T15:17:55.528640-0700] nuttcp-r: available send window = 1572864, available receive window = 4718592
[2024-11-03T15:17:55.528697-0700]     1.1250 MB /   0.50 sec =   18.8675 Mbps     0 retrans
[2024-11-03T15:17:56.026758-0700]     4.0625 MB /   0.50 sec =   68.1615 Mbps     0 retrans
[2024-11-03T15:17:56.526806-0700]     3.3125 MB /   0.50 sec =   55.5716 Mbps     0 retrans
[2024-11-03T15:17:57.026764-0700]     8.1875 MB /   0.50 sec =  137.3700 Mbps     0 retrans
[2024-11-03T15:17:57.526641-0700]     6.0625 MB /   0.50 sec =  101.7310 Mbps     0 retrans
[2024-11-03T15:17:58.026697-0700]     8.2500 MB /   0.50 sec =  138.4079 Mbps     0 retrans
[2024-11-03T15:17:58.526785-0700]     8.8750 MB /   0.50 sec =  148.8981 Mbps     0 retrans
[2024-11-03T15:17:59.026525-0700]     9.1250 MB /   0.50 sec =  153.1092 Mbps     0 retrans
[2024-11-03T15:17:59.526679-0700]     8.3125 MB /   0.50 sec =  139.4397 Mbps     0 retrans
[2024-11-03T15:18:00.026652-0700]     9.8750 MB /   0.50 sec =  165.6790 Mbps     0 retrans
[2024-11-03T15:18:00.526685-0700]     9.8125 MB /   0.50 sec =  164.6251 Mbps     0 retrans
[2024-11-03T15:18:01.026695-0700]    10.5625 MB /   0.50 sec =  177.2033 Mbps     0 retrans
[2024-11-03T15:18:01.526713-0700]     9.0000 MB /   0.50 sec =  150.9841 Mbps     0 retrans
[2024-11-03T15:18:02.026560-0700]    12.8125 MB /   0.50 sec =  214.9972 Mbps     0 retrans
[2024-11-03T15:18:02.526679-0700]    10.5625 MB /   0.50 sec =  177.1845 Mbps     0 retrans
[2024-11-03T15:18:03.026639-0700]     9.6250 MB /   0.50 sec =  161.4933 Mbps     0 retrans
[2024-11-03T15:18:03.526679-0700]    12.3125 MB /   0.50 sec =  206.5546 Mbps     0 retrans
[2024-11-03T15:18:04.026769-0700]    13.2500 MB /   0.50 sec =  222.3243 Mbps     0 retrans
[2024-11-03T15:18:04.526635-0700]    15.6250 MB /   0.50 sec =  262.1382 Mbps     0 retrans
[2024-11-03T15:18:05.026615-0700]    12.7500 MB /   0.50 sec =  213.9146 Mbps     0 retrans
[2024-11-03T15:18:05.526615-0700]    12.7500 MB /   0.50 sec =  213.9121 Mbps     0 retrans
[2024-11-03T15:18:06.026663-0700]    12.6875 MB /   0.50 sec =  212.8401 Mbps     0 retrans
[2024-11-03T15:18:06.526626-0700]    13.4375 MB /   0.50 sec =  225.4655 Mbps     0 retrans
[2024-11-03T15:18:07.026619-0700]    12.6875 MB /   0.50 sec =  212.8601 Mbps     0 retrans
[2024-11-03T15:18:07.526676-0700]    10.4375 MB /   0.50 sec =  175.0999 Mbps     0 retrans
[2024-11-03T15:18:08.026625-0700]     6.5625 MB /   0.50 sec =  110.1033 Mbps     0 retrans
[2024-11-03T15:18:08.526638-0700]    10.3125 MB /   0.50 sec =  173.0199 Mbps     0 retrans
[2024-11-03T15:18:09.026621-0700]    15.3750 MB /   0.50 sec =  257.9528 Mbps     0 retrans
[2024-11-03T15:18:09.526659-0700]    13.7500 MB /   0.50 sec =  230.6761 Mbps     0 retrans
[2024-11-03T15:18:10.026608-0700]    14.6875 MB /   0.50 sec =  246.4272 Mbps     0 retrans
[2024-11-03T15:18:10.526709-0700]    11.5625 MB /   0.50 sec =  193.9679 Mbps     0 retrans
[2024-11-03T15:18:11.026631-0700]    16.6875 MB /   0.50 sec =  279.9905 Mbps     0 retrans
[2024-11-03T15:18:11.526783-0700]     7.6250 MB /   0.50 sec =  127.8943 Mbps     0 retrans
[2024-11-03T15:18:12.026732-0700]    10.6250 MB /   0.50 sec =  178.2704 Mbps     0 retrans
[2024-11-03T15:18:12.526587-0700]    17.1250 MB /   0.50 sec =  287.3742 Mbps     0 retrans
[2024-11-03T15:18:13.026622-0700]    14.5000 MB /   0.50 sec =  243.2633 Mbps     0 retrans
[2024-11-03T15:18:13.526522-0700]    13.4375 MB /   0.50 sec =  225.4587 Mbps     0 retrans
[2024-11-03T15:18:14.026748-0700]    13.6875 MB /   0.50 sec =  229.6248 Mbps     0 retrans
[2024-11-03T15:18:14.526652-0700]    14.7500 MB /   0.50 sec =  247.4585 Mbps     0 retrans
[2024-11-03T15:18:15.026613-0700]    14.9375 MB /   0.50 sec =  250.6072 Mbps     0 retrans
[2024-11-03T15:18:15.526655-0700]    14.2500 MB /   0.50 sec =  239.0705 Mbps     0 retrans
[2024-11-03T15:18:16.026697-0700]    17.6250 MB /   0.50 sec =  295.6695 Mbps     0 retrans
[2024-11-03T15:18:16.526647-0700]    17.7500 MB /   0.50 sec =  297.8349 Mbps     0 retrans
[2024-11-03T15:18:17.026613-0700]    18.8750 MB /   0.50 sec =  316.6725 Mbps     0 retrans
[2024-11-03T15:18:17.526637-0700]    17.5000 MB /   0.50 sec =  293.5978 Mbps     0 retrans
[2024-11-03T15:18:18.026531-0700]    19.1250 MB /   0.50 sec =  320.8931 Mbps     0 retrans
[2024-11-03T15:18:18.526742-0700]    20.5000 MB /   0.50 sec =  343.8422 Mbps     0 retrans
[2024-11-03T15:18:19.026601-0700]    22.3750 MB /   0.50 sec =  375.4893 Mbps     0 retrans
[2024-11-03T15:18:19.526638-0700]    22.0000 MB /   0.50 sec =  369.0596 Mbps     0 retrans
[2024-11-03T15:18:20.026607-0700]    23.1250 MB /   0.50 sec =  387.9902 Mbps     0 retrans
[2024-11-03T15:18:20.526745-0700]    23.8125 MB /   0.50 sec =  399.4300 Mbps     0 retrans
[2024-11-03T15:18:21.026615-0700]    22.5000 MB /   0.50 sec =  377.5523 Mbps     0 retrans
[2024-11-03T15:18:21.526774-0700]    20.1250 MB /   0.50 sec =  337.6421 Mbps     0 retrans
[2024-11-03T15:18:22.026615-0700]    22.2500 MB /   0.50 sec =  373.2975 Mbps     0 retrans
[2024-11-03T15:18:22.526525-0700]    22.8125 MB /   0.50 sec =  382.7547 Mbps     0 retrans
[2024-11-03T15:18:23.026646-0700]    22.8750 MB /   0.50 sec =  383.7389 Mbps     0 retrans
[2024-11-03T15:18:23.526637-0700]    23.0625 MB /   0.50 sec =  386.9323 Mbps     0 retrans
[2024-11-03T15:18:24.026607-0700]    22.8125 MB /   0.50 sec =  382.7364 Mbps     0 retrans
[2024-11-03T15:18:24.526670-0700]    23.1875 MB /   0.50 sec =  388.9882 Mbps     0 retrans
[2024-11-03T15:18:25.026608-0700]    23.1250 MB /   0.50 sec =  388.0119 Mbps     0 retrans
[2024-11-03T15:18:25.526651-0700]    22.5625 MB /   0.50 sec =  378.5208 Mbps     0 retrans
[2024-11-03T15:18:26.026601-0700]    16.2500 MB /   0.50 sec =  272.6178 Mbps     0 retrans
[2024-11-03T15:18:26.526647-0700]    15.8750 MB /   0.50 sec =  266.3474 Mbps     0 retrans
[2024-11-03T15:18:27.026726-0700]    20.0000 MB /   0.50 sec =  335.5645 Mbps     0 retrans
[2024-11-03T15:18:27.526633-0700]    21.4375 MB /   0.50 sec =  359.6515 Mbps     0 retrans
[2024-11-03T15:18:28.026571-0700]    22.3125 MB /   0.50 sec =  374.3521 Mbps     0 retrans
[2024-11-03T15:18:28.526585-0700]    24.0625 MB /   0.50 sec =  403.6832 Mbps     0 retrans
[2024-11-03T15:18:29.026634-0700]    22.0000 MB /   0.50 sec =  369.0988 Mbps     0 retrans
[2024-11-03T15:18:29.526690-0700]    22.9375 MB /   0.50 sec =  384.7774 Mbps     0 retrans
[2024-11-03T15:18:30.026613-0700]    21.5000 MB /   0.50 sec =  360.7700 Mbps     0 retrans
[2024-11-03T15:18:30.526532-0700]    23.1250 MB /   0.50 sec =  387.9956 Mbps     0 retrans
[2024-11-03T15:18:31.026691-0700]    24.4375 MB /   0.50 sec =  409.9006 Mbps     0 retrans
[2024-11-03T15:18:31.526628-0700]    19.6875 MB /   0.50 sec =  330.3503 Mbps     0 retrans
[2024-11-03T15:18:32.026624-0700]    24.5625 MB /   0.50 sec =  412.0887 Mbps     0 retrans
[2024-11-03T15:18:32.526638-0700]    22.8125 MB /   0.50 sec =  382.7256 Mbps     0 retrans
[2024-11-03T15:18:33.026717-0700]    21.3750 MB /   0.50 sec =  358.5879 Mbps     0 retrans
[2024-11-03T15:18:33.526621-0700]    20.0625 MB /   0.50 sec =  336.6151 Mbps     0 retrans
[2024-11-03T15:18:34.026616-0700]    20.0625 MB /   0.50 sec =  336.5821 Mbps     0 retrans
[2024-11-03T15:18:34.526747-0700]    17.3125 MB /   0.50 sec =  290.4195 Mbps     0 retrans
[2024-11-03T15:18:35.026817-0700]    19.4375 MB /   0.50 sec =  326.1215 Mbps     0 retrans
[2024-11-03T15:18:35.526642-0700]    19.1250 MB /   0.50 sec =  320.8957 Mbps     0 retrans
[2024-11-03T15:18:36.026634-0700]    18.6875 MB /   0.50 sec =  313.5311 Mbps     0 retrans
[2024-11-03T15:18:36.526682-0700]     8.4375 MB /   0.50 sec =  141.5450 Mbps     0 retrans
[2024-11-03T15:18:37.026619-0700]    19.5625 MB /   0.50 sec =  328.2378 Mbps     0 retrans
[2024-11-03T15:18:37.526645-0700]    19.7500 MB /   0.50 sec =  331.3427 Mbps     0 retrans
[2024-11-03T15:18:38.026615-0700]    21.6250 MB /   0.50 sec =  362.8160 Mbps     0 retrans
[2024-11-03T15:18:38.526650-0700]    20.7500 MB /   0.50 sec =  348.1231 Mbps     0 retrans
[2024-11-03T15:18:39.026532-0700]    21.0000 MB /   0.50 sec =  352.3497 Mbps     0 retrans
[2024-11-03T15:18:39.526633-0700]    22.5000 MB /   0.50 sec =  377.4640 Mbps     0 retrans
[2024-11-03T15:18:40.026838-0700]    21.2500 MB /   0.50 sec =  356.3683 Mbps     0 retrans
[2024-11-03T15:18:40.526830-0700]    13.1250 MB /   0.50 sec =  220.2560 Mbps     0 retrans
[2024-11-03T15:18:41.026606-0700]    21.2500 MB /   0.50 sec =  356.5743 Mbps     0 retrans
[2024-11-03T15:18:41.526724-0700]     5.6875 MB /   0.50 sec =   95.4048 Mbps     0 retrans
[2024-11-03T15:18:42.026621-0700]    28.8125 MB /   0.50 sec =  483.4583 Mbps     0 retrans
[2024-11-03T15:18:42.526644-0700]    19.8125 MB /   0.50 sec =  332.3973 Mbps     0 retrans
[2024-11-03T15:18:43.026618-0700]    24.0000 MB /   0.50 sec =  402.6669 Mbps     0 retrans
[2024-11-03T15:18:43.526694-0700]    21.7500 MB /   0.50 sec =  364.8497 Mbps     0 retrans
[2024-11-03T15:18:44.026671-0700]    23.9375 MB /   0.50 sec =  401.6167 Mbps     0 retrans
[2024-11-03T15:18:44.526543-0700]    21.6250 MB /   0.50 sec =  362.8690 Mbps     0 retrans
[2024-11-03T15:18:45.026648-0700]    22.2500 MB /   0.50 sec =  373.2647 Mbps     0 retrans
[2024-11-03T15:18:45.526617-0700]    23.4375 MB /   0.50 sec =  393.2262 Mbps     0 retrans
[2024-11-03T15:18:46.026625-0700]    22.9375 MB /   0.50 sec =  384.8197 Mbps     0 retrans
[2024-11-03T15:18:46.526619-0700]    23.2500 MB /   0.50 sec =  390.0789 Mbps     0 retrans
[2024-11-03T15:18:47.026626-0700]     7.3125 MB /   0.50 sec =  122.6822 Mbps     0 retrans
[2024-11-03T15:18:47.526645-0700]    20.5000 MB /   0.50 sec =  343.9226 Mbps     0 retrans
[2024-11-03T15:18:48.026539-0700]    18.6250 MB /   0.50 sec =  312.5056 Mbps     0 retrans
[2024-11-03T15:18:48.526714-0700]    19.6250 MB /   0.50 sec =  329.1818 Mbps     0 retrans
[2024-11-03T15:18:49.026568-0700]    18.5625 MB /   0.50 sec =  311.4713 Mbps     0 retrans
[2024-11-03T15:18:49.526652-0700]    18.5625 MB /   0.50 sec =  311.4177 Mbps     0 retrans
[2024-11-03T15:18:50.026709-0700]    18.5625 MB /   0.50 sec =  311.3934 Mbps     0 retrans
[2024-11-03T15:18:50.526622-0700]    19.0625 MB /   0.50 sec =  319.8624 Mbps     0 retrans
[2024-11-03T15:18:51.026609-0700]    16.4375 MB /   0.50 sec =  275.7805 Mbps     0 retrans
[2024-11-03T15:18:51.526670-0700]    16.3125 MB /   0.50 sec =  273.6614 Mbps     0 retrans
[2024-11-03T15:18:52.026622-0700]    16.5625 MB /   0.50 sec =  277.8799 Mbps     0 retrans
[2024-11-03T15:18:52.526620-0700]    16.6250 MB /   0.50 sec =  278.9218 Mbps     0 retrans
[2024-11-03T15:18:53.026693-0700]    17.5000 MB /   0.50 sec =  293.5643 Mbps     0 retrans
[2024-11-03T15:18:53.526766-0700]    17.0625 MB /   0.50 sec =  286.2985 Mbps     0 retrans
[2024-11-03T15:18:54.026579-0700]    14.6875 MB /   0.50 sec =  246.4282 Mbps     0 retrans
[2024-11-03T15:18:54.526692-0700]    17.0625 MB /   0.50 sec =  286.2143 Mbps     0 retrans
[2024-11-03T15:18:55.026610-0700]    17.3125 MB /   0.50 sec =  290.4707 Mbps     0 retrans
[2024-11-03T15:18:55.526714-0700]    17.7500 MB /   0.50 sec =  297.7938 Mbps     0 retrans
[2024-11-03T15:18:56.026588-0700]    16.4375 MB /   0.50 sec =  275.7981 Mbps     0 retrans
[2024-11-03T15:18:56.526673-0700]    17.4375 MB /   0.50 sec =  292.5387 Mbps     0 retrans
[2024-11-03T15:18:57.026710-0700]    17.5000 MB /   0.50 sec =  293.5672 Mbps     0 retrans
[2024-11-03T15:18:57.526660-0700]     6.9375 MB /   0.50 sec =  116.4085 Mbps     0 retrans
[2024-11-03T15:18:58.026615-0700]    17.5000 MB /   0.50 sec =  293.6083 Mbps     0 retrans
[2024-11-03T15:18:58.526630-0700]    18.4375 MB /   0.50 sec =  309.3244 Mbps     0 retrans
[2024-11-03T15:18:59.026616-0700]    21.2500 MB /   0.50 sec =  356.5166 Mbps     0 retrans
[2024-11-03T15:18:59.526824-0700]    20.3750 MB /   0.50 sec =  341.8030 Mbps     0 retrans
[2024-11-03T15:19:00.026645-0700]    22.0625 MB /   0.50 sec =  370.1777 Mbps     0 retrans
[2024-11-03T15:19:00.526532-0700]    19.6250 MB /   0.50 sec =  329.2812 Mbps     0 retrans
[2024-11-03T15:19:01.026759-0700]    13.0000 MB /   0.50 sec =  218.0406 Mbps     0 retrans
[2024-11-03T15:19:01.526633-0700]    20.5625 MB /   0.50 sec =  345.0588 Mbps     0 retrans
[2024-11-03T15:19:02.026633-0700]    11.3750 MB /   0.50 sec =  190.8221 Mbps     0 retrans
[2024-11-03T15:19:02.526779-0700]    10.2500 MB /   0.50 sec =  171.9390 Mbps     0 retrans
[2024-11-03T15:19:03.026630-0700]    14.5625 MB /   0.50 sec =  244.3729 Mbps     0 retrans
[2024-11-03T15:19:03.526605-0700]    14.0625 MB /   0.50 sec =  235.9419 Mbps     0 retrans
[2024-11-03T15:19:04.026625-0700]    12.6875 MB /   0.50 sec =  212.8558 Mbps     0 retrans
[2024-11-03T15:19:04.526677-0700]    12.3125 MB /   0.50 sec =  206.5521 Mbps     0 retrans
[2024-11-03T15:19:05.026554-0700]    12.3750 MB /   0.50 sec =  207.6471 Mbps     0 retrans
[2024-11-03T15:19:05.526652-0700]    13.5000 MB /   0.50 sec =  226.4702 Mbps     0 retrans
[2024-11-03T15:19:06.026618-0700]    13.5625 MB /   0.50 sec =  227.5505 Mbps     0 retrans
[2024-11-03T15:19:06.526812-0700]    12.3125 MB /   0.50 sec =  206.5496 Mbps     0 retrans
[2024-11-03T15:19:07.026614-0700]    14.0625 MB /   0.50 sec =  235.9499 Mbps     0 retrans
[2024-11-03T15:19:07.526688-0700]     9.3125 MB /   0.50 sec =  156.2163 Mbps     0 retrans
[2024-11-03T15:19:08.026640-0700]     6.0000 MB /   0.50 sec =  100.6762 Mbps     0 retrans
[2024-11-03T15:19:08.526699-0700]    11.5625 MB /   0.50 sec =  193.9664 Mbps     0 retrans
[2024-11-03T15:19:09.026599-0700]    10.4375 MB /   0.50 sec =  175.1378 Mbps     0 retrans
[2024-11-03T15:19:09.526624-0700]     9.8125 MB /   0.50 sec =  164.6258 Mbps     0 retrans
[2024-11-03T15:19:10.026629-0700]    12.6875 MB /   0.50 sec =  212.8614 Mbps     0 retrans
[2024-11-03T15:19:10.526632-0700]     9.8750 MB /   0.50 sec =  165.6720 Mbps     0 retrans
[2024-11-03T15:19:11.026635-0700]     8.1875 MB /   0.50 sec =  137.3555 Mbps     0 retrans
[2024-11-03T15:19:11.526677-0700]     6.2500 MB /   0.50 sec =  104.8631 Mbps     0 retrans
[2024-11-03T15:19:12.026668-0700]     9.5625 MB /   0.50 sec =  160.4151 Mbps     0 retrans
[2024-11-03T15:19:12.526653-0700]    10.0625 MB /   0.50 sec =  168.8369 Mbps     0 retrans
[2024-11-03T15:19:13.026646-0700]    13.1250 MB /   0.50 sec =  220.1957 Mbps     0 retrans
[2024-11-03T15:19:13.526837-0700]     8.6250 MB /   0.50 sec =  144.6939 Mbps     0 retrans
[2024-11-03T15:19:14.026617-0700]     6.1875 MB /   0.50 sec =  103.8211 Mbps     0 retrans
[2024-11-03T15:19:14.526611-0700]     7.5625 MB /   0.50 sec =  126.8790 Mbps     0 retrans
[2024-11-03T15:19:15.026722-0700]     7.3125 MB /   0.50 sec =  122.6596 Mbps     0 retrans
[2024-11-03T15:19:15.526628-0700]    13.0625 MB /   0.50 sec =  219.1936 Mbps     0 retrans
[2024-11-03T15:19:16.026744-0700]     8.6250 MB /   0.50 sec =  144.6699 Mbps     0 retrans
[2024-11-03T15:19:16.526658-0700]    15.3125 MB /   0.50 sec =  256.9520 Mbps     0 retrans
[2024-11-03T15:19:17.026577-0700]    13.9375 MB /   0.50 sec =  233.8441 Mbps     0 retrans
[2024-11-03T15:19:17.526679-0700]    15.5625 MB /   0.50 sec =  261.0719 Mbps     0 retrans
[2024-11-03T15:19:18.026633-0700]    16.7500 MB /   0.50 sec =  281.0369 Mbps     0 retrans
[2024-11-03T15:19:18.526665-0700]    19.0625 MB /   0.50 sec =  319.8118 Mbps     0 retrans
[2024-11-03T15:19:19.026762-0700]    21.8125 MB /   0.50 sec =  365.9574 Mbps     0 retrans
[2024-11-03T15:19:19.526692-0700]    21.9375 MB /   0.50 sec =  368.0045 Mbps     0 retrans
[2024-11-03T15:19:20.026619-0700]    24.1250 MB /   0.50 sec =  404.7989 Mbps     0 retrans
[2024-11-03T15:19:20.526581-0700]    23.1250 MB /   0.50 sec =  387.9754 Mbps     0 retrans
[2024-11-03T15:19:21.026801-0700]    22.6875 MB /   0.50 sec =  380.6209 Mbps     0 retrans
[2024-11-03T15:19:21.526649-0700]    24.3750 MB /   0.50 sec =  408.9487 Mbps     0 retrans
[2024-11-03T15:19:22.026638-0700]    26.3750 MB /   0.50 sec =  442.5035 Mbps     0 retrans
[2024-11-03T15:19:22.526608-0700]    25.7500 MB /   0.50 sec =  432.0185 Mbps     0 retrans
[2024-11-03T15:19:23.026581-0700]    24.8125 MB /   0.50 sec =  416.2888 Mbps     0 retrans
[2024-11-03T15:19:23.526631-0700]    24.3125 MB /   0.50 sec =  407.8904 Mbps     0 retrans
[2024-11-03T15:19:24.026597-0700]    25.6250 MB /   0.50 sec =  429.9282 Mbps     0 retrans
[2024-11-03T15:19:24.526609-0700]    25.1875 MB /   0.50 sec =  422.5651 Mbps     0 retrans
[2024-11-03T15:19:25.026677-0700]    22.6875 MB /   0.50 sec =  380.6064 Mbps     0 retrans
[2024-11-03T15:19:25.526810-0700]    25.7500 MB /   0.50 sec =  432.0306 Mbps     0 retrans
[2024-11-03T15:19:26.026549-0700]    24.3125 MB /   0.50 sec =  407.9279 Mbps     0 retrans
[2024-11-03T15:19:26.526636-0700]    25.8750 MB /   0.50 sec =  434.0783 Mbps     0 retrans
[2024-11-03T15:19:27.026623-0700]    22.8750 MB /   0.50 sec =  383.7865 Mbps     0 retrans
[2024-11-03T15:19:27.526614-0700]    22.6250 MB /   0.50 sec =  379.5913 Mbps     0 retrans
[2024-11-03T15:19:28.026632-0700]    23.1250 MB /   0.50 sec =  387.9638 Mbps     0 retrans
[2024-11-03T15:19:28.526604-0700]    20.9375 MB /   0.50 sec =  351.2842 Mbps     0 retrans
[2024-11-03T15:19:29.026605-0700]     5.5000 MB /   0.50 sec =   92.2739 Mbps     0 retrans
[2024-11-03T15:19:29.526626-0700]    18.5625 MB /   0.50 sec =  311.4246 Mbps     0 retrans
[2024-11-03T15:19:30.026608-0700]    17.6250 MB /   0.50 sec =  295.7026 Mbps     0 retrans
[2024-11-03T15:19:30.526627-0700]    16.0625 MB /   0.50 sec =  269.4808 Mbps     0 retrans
[2024-11-03T15:19:31.026545-0700]    19.1250 MB /   0.50 sec =  320.8848 Mbps     0 retrans
[2024-11-03T15:19:31.526795-0700]    11.2500 MB /   0.50 sec =  188.7225 Mbps     0 retrans
[2024-11-03T15:19:32.026684-0700]    19.8750 MB /   0.50 sec =  333.4205 Mbps     0 retrans
[2024-11-03T15:19:32.526580-0700]    13.0625 MB /   0.50 sec =  219.1791 Mbps     0 retrans
[2024-11-03T15:19:33.026610-0700]    16.8750 MB /   0.50 sec =  283.1195 Mbps     0 retrans
[2024-11-03T15:19:33.526625-0700]    18.5625 MB /   0.50 sec =  311.4233 Mbps     0 retrans
[2024-11-03T15:19:34.026556-0700]    17.1875 MB /   0.50 sec =  288.3717 Mbps     0 retrans
[2024-11-03T15:19:34.526667-0700]    21.8750 MB /   0.50 sec =  366.9671 Mbps     0 retrans
[2024-11-03T15:19:35.026714-0700]    21.6875 MB /   0.50 sec =  363.8122 Mbps     0 retrans
[2024-11-03T15:19:35.526707-0700]    22.3750 MB /   0.50 sec =  375.4480 Mbps     0 retrans
[2024-11-03T15:19:36.026622-0700]    15.0000 MB /   0.50 sec =  251.6557 Mbps     0 retrans
[2024-11-03T15:19:36.526611-0700]    21.0625 MB /   0.50 sec =  353.3835 Mbps     0 retrans
[2024-11-03T15:19:37.026611-0700]    16.7500 MB /   0.50 sec =  281.0212 Mbps     0 retrans
[2024-11-03T15:19:37.526631-0700]    15.6250 MB /   0.50 sec =  262.1393 Mbps     0 retrans
[2024-11-03T15:19:38.026571-0700]    15.5625 MB /   0.50 sec =  261.1090 Mbps     0 retrans
[2024-11-03T15:19:38.526614-0700]    14.6250 MB /   0.50 sec =  245.3570 Mbps     0 retrans
[2024-11-03T15:19:39.026682-0700]    12.8750 MB /   0.50 sec =  216.0002 Mbps     0 retrans
[2024-11-03T15:19:39.526691-0700]    12.2500 MB /   0.50 sec =  205.5114 Mbps     0 retrans
[2024-11-03T15:19:40.026622-0700]    11.8125 MB /   0.50 sec =  198.1884 Mbps     0 retrans
[2024-11-03T15:19:40.526637-0700]    11.3125 MB /   0.50 sec =  189.7892 Mbps     0 retrans
[2024-11-03T15:19:41.026611-0700]    11.7500 MB /   0.50 sec =  197.1429 Mbps     0 retrans
[2024-11-03T15:19:41.526663-0700]     8.5625 MB /   0.50 sec =  143.6377 Mbps     0 retrans
[2024-11-03T15:19:42.026621-0700]     9.7500 MB /   0.50 sec =  163.5949 Mbps     0 retrans
[2024-11-03T15:19:42.526638-0700]    10.7500 MB /   0.50 sec =  180.3497 Mbps     0 retrans
[2024-11-03T15:19:43.026578-0700]    11.8750 MB /   0.50 sec =  199.2398 Mbps     0 retrans
[2024-11-03T15:19:43.526571-0700]    11.6250 MB /   0.50 sec =  195.0390 Mbps     0 retrans
[2024-11-03T15:19:44.026559-0700]    10.0625 MB /   0.50 sec =  168.8231 Mbps     0 retrans
[2024-11-03T15:19:44.526754-0700]     9.9375 MB /   0.50 sec =  166.7159 Mbps     0 retrans
[2024-11-03T15:19:45.026698-0700]     6.8750 MB /   0.50 sec =  115.3309 Mbps     0 retrans
[2024-11-03T15:19:45.526645-0700]     9.3125 MB /   0.50 sec =  156.2506 Mbps     0 retrans
[2024-11-03T15:19:46.026675-0700]     8.1875 MB /   0.50 sec =  137.3492 Mbps     0 retrans
[2024-11-03T15:19:46.526600-0700]     3.7500 MB /   0.50 sec =   62.9236 Mbps     0 retrans
[2024-11-03T15:19:47.026670-0700]     9.3125 MB /   0.50 sec =  156.2178 Mbps     0 retrans
[2024-11-03T15:19:47.526606-0700]    10.2500 MB /   0.50 sec =  171.9868 Mbps     0 retrans
[2024-11-03T15:19:48.026606-0700]     9.5000 MB /   0.50 sec =  159.3842 Mbps     0 retrans
[2024-11-03T15:19:48.526605-0700]    10.1875 MB /   0.50 sec =  170.9155 Mbps     0 retrans
[2024-11-03T15:19:49.026551-0700]    10.8750 MB /   0.50 sec =  182.4628 Mbps     0 retrans
[2024-11-03T15:19:49.526675-0700]    10.3750 MB /   0.50 sec =  174.0455 Mbps     0 retrans
[2024-11-03T15:19:50.026548-0700]    10.2500 MB /   0.50 sec =  171.9823 Mbps     0 retrans
[2024-11-03T15:19:50.526626-0700]     9.4375 MB /   0.50 sec =  158.3271 Mbps     0 retrans
[2024-11-03T15:19:51.026645-0700]     8.8125 MB /   0.50 sec =  147.8442 Mbps     0 retrans
[2024-11-03T15:19:51.526638-0700]     9.5625 MB /   0.50 sec =  160.4331 Mbps     0 retrans
[2024-11-03T15:19:52.026617-0700]    11.2500 MB /   0.50 sec =  188.7497 Mbps     0 retrans
[2024-11-03T15:19:52.526591-0700]    12.3750 MB /   0.50 sec =  207.6239 Mbps     0 retrans
[2024-11-03T15:19:53.026762-0700]    12.0000 MB /   0.50 sec =  201.3214 Mbps     0 retrans
[2024-11-03T15:19:53.526620-0700]    10.3125 MB /   0.50 sec =  173.0116 Mbps     0 retrans
[2024-11-03T15:19:54.026555-0700]     8.8750 MB /   0.50 sec =  148.9055 Mbps     0 retrans
[2024-11-03T15:19:54.526630-0700]    10.5625 MB /   0.50 sec =  177.1980 Mbps     0 retrans
[2024-11-03T15:19:55.026573-0700]     9.5625 MB /   0.50 sec =  160.4385 Mbps     0 retrans
[2024-11-03T15:19:55.526659-0700]    10.2500 MB /   0.50 sec =  171.9568 Mbps     0 retrans
End time: 1730672395833
