Start time: 1730527082900
[2024-11-01T22:58:03.689875-0700] nuttcp-r: v8.1.4: socket
[2024-11-01T22:58:03.690465-0700] nuttcp-r: buflen=65536, nstream=1, port=5110 tcp
[2024-11-01T22:58:03.690507-0700] nuttcp-r: interval reporting every 0.50 seconds
[2024-11-01T22:58:03.690536-0700] nuttcp-r: connect to 54.176.53.206 with RTT=44.068 ms af=inet
[2024-11-01T22:58:03.690564-0700] nuttcp-r: send window size = 2097152, receive window size = 6291456
[2024-11-01T22:58:03.690588-0700] nuttcp-r: available send window = 1572864, available receive window = 4718592
[2024-11-01T22:58:03.690616-0700]     0.6875 MB /   0.50 sec =   11.5198 Mbps     0 retrans
[2024-11-01T22:58:04.189379-0700]     4.9375 MB /   0.50 sec =   82.9227 Mbps     0 retrans
[2024-11-01T22:58:04.689272-0700]    16.0000 MB /   0.50 sec =  268.4349 Mbps     0 retrans
[2024-11-01T22:58:05.189210-0700]    13.6250 MB /   0.50 sec =  228.6202 Mbps     0 retrans
[2024-11-01T22:58:05.689522-0700]    14.8125 MB /   0.50 sec =  248.5115 Mbps     0 retrans
[2024-11-01T22:58:06.189319-0700]    11.2500 MB /   0.50 sec =  188.7048 Mbps     0 retrans
[2024-11-01T22:58:06.690163-0700]    15.0625 MB /   0.50 sec =  252.2603 Mbps     0 retrans
[2024-11-01T22:58:07.189161-0700]    15.0000 MB /   0.50 sec =  252.1565 Mbps     0 retrans
[2024-11-01T22:58:07.689182-0700]    14.5625 MB /   0.50 sec =  244.3153 Mbps     0 retrans
[2024-11-01T22:58:08.189341-0700]    14.3125 MB /   0.50 sec =  240.1119 Mbps     0 retrans
[2024-11-01T22:58:08.690239-0700]    11.8750 MB /   0.50 sec =  198.8338 Mbps     0 retrans
[2024-11-01T22:58:09.189210-0700]    14.8750 MB /   0.50 sec =  250.0552 Mbps     0 retrans
[2024-11-01T22:58:09.690198-0700]    13.7500 MB /   0.50 sec =  230.2460 Mbps     0 retrans
[2024-11-01T22:58:10.189667-0700]    11.6875 MB /   0.50 sec =  196.4404 Mbps     0 retrans
[2024-11-01T22:58:10.689227-0700]    14.5625 MB /   0.50 sec =  244.3593 Mbps     0 retrans
[2024-11-01T22:58:11.189228-0700]    13.6250 MB /   0.50 sec =  228.5599 Mbps     0 retrans
[2024-11-01T22:58:11.689238-0700]    15.1875 MB /   0.50 sec =  254.8029 Mbps     0 retrans
[2024-11-01T22:58:12.189259-0700]    12.8125 MB /   0.50 sec =  214.9499 Mbps     0 retrans
[2024-11-01T22:58:12.689502-0700]    14.5000 MB /   0.50 sec =  243.3159 Mbps     0 retrans
[2024-11-01T22:58:13.189758-0700]    10.3750 MB /   0.50 sec =  173.9123 Mbps     0 retrans
[2024-11-01T22:58:13.689361-0700]     6.1875 MB /   0.50 sec =  103.8639 Mbps     0 retrans
[2024-11-01T22:58:14.189185-0700]     3.5625 MB /   0.50 sec =   59.7853 Mbps     0 retrans
[2024-11-01T22:58:14.689192-0700]    13.0625 MB /   0.50 sec =  219.1625 Mbps     0 retrans
[2024-11-01T22:58:15.189153-0700]    11.1250 MB /   0.50 sec =  186.6454 Mbps     0 retrans
[2024-11-01T22:58:15.690107-0700]    12.3750 MB /   0.50 sec =  207.2512 Mbps     0 retrans
[2024-11-01T22:58:16.189178-0700]    14.4375 MB /   0.50 sec =  242.6544 Mbps     0 retrans
[2024-11-01T22:58:16.689236-0700]    13.3125 MB /   0.50 sec =  223.3252 Mbps     0 retrans
[2024-11-01T22:58:17.189175-0700]    14.3750 MB /   0.50 sec =  241.1990 Mbps     0 retrans
[2024-11-01T22:58:17.689228-0700]    12.8750 MB /   0.50 sec =  215.9781 Mbps     0 retrans
[2024-11-01T22:58:18.189173-0700]    14.0000 MB /   0.50 sec =  234.8961 Mbps     0 retrans
[2024-11-01T22:58:18.689198-0700]    15.6250 MB /   0.50 sec =  262.1419 Mbps     0 retrans
[2024-11-01T22:58:19.189376-0700]    12.4375 MB /   0.50 sec =  208.6462 Mbps     0 retrans
[2024-11-01T22:58:19.689174-0700]    17.1875 MB /   0.50 sec =  288.3999 Mbps     0 retrans
[2024-11-01T22:58:20.189247-0700]    12.2500 MB /   0.50 sec =  205.4917 Mbps     0 retrans
[2024-11-01T22:58:20.689159-0700]    15.0625 MB /   0.50 sec =  252.7447 Mbps     0 retrans
[2024-11-01T22:58:21.189173-0700]    10.8125 MB /   0.50 sec =  181.4055 Mbps     0 retrans
[2024-11-01T22:58:21.689156-0700]     8.6875 MB /   0.50 sec =  145.7524 Mbps     0 retrans
[2024-11-01T22:58:22.189391-0700]     8.1250 MB /   0.50 sec =  136.2713 Mbps     0 retrans
[2024-11-01T22:58:22.689274-0700]     7.9375 MB /   0.50 sec =  133.1937 Mbps     0 retrans
[2024-11-01T22:58:23.189247-0700]     6.5625 MB /   0.50 sec =  110.0956 Mbps     0 retrans
[2024-11-01T22:58:23.689169-0700]     7.5000 MB /   0.50 sec =  125.8482 Mbps     0 retrans
[2024-11-01T22:58:24.189345-0700]     1.6875 MB /   0.50 sec =   28.3041 Mbps     0 retrans
[2024-11-01T22:58:24.689158-0700]     1.1875 MB /   0.50 sec =   19.9286 Mbps     0 retrans
[2024-11-01T22:58:25.189172-0700]     5.4375 MB /   0.50 sec =   91.2254 Mbps     0 retrans
[2024-11-01T22:58:25.689221-0700]     4.5000 MB /   0.50 sec =   75.4884 Mbps     0 retrans
[2024-11-01T22:58:26.189159-0700]     6.1875 MB /   0.50 sec =  103.8221 Mbps     0 retrans
[2024-11-01T22:58:26.689195-0700]     6.9375 MB /   0.50 sec =  116.3901 Mbps     0 retrans
[2024-11-01T22:58:27.189165-0700]     8.0000 MB /   0.50 sec =  134.2193 Mbps     0 retrans
[2024-11-01T22:58:27.689290-0700]     9.6875 MB /   0.50 sec =  162.5254 Mbps     0 retrans
[2024-11-01T22:58:28.189224-0700]    10.5625 MB /   0.50 sec =  177.2044 Mbps     0 retrans
[2024-11-01T22:58:28.689170-0700]    12.1250 MB /   0.50 sec =  203.4376 Mbps     0 retrans
[2024-11-01T22:58:29.189302-0700]     9.7500 MB /   0.50 sec =  163.5360 Mbps     0 retrans
[2024-11-01T22:58:29.689159-0700]    13.7500 MB /   0.50 sec =  230.7449 Mbps     0 retrans
[2024-11-01T22:58:30.189232-0700]     8.2500 MB /   0.50 sec =  138.3927 Mbps     0 retrans
[2024-11-01T22:58:30.689159-0700]    13.3750 MB /   0.50 sec =  224.4267 Mbps     0 retrans
[2024-11-01T22:58:31.189233-0700]     7.8125 MB /   0.50 sec =  131.0552 Mbps     0 retrans
[2024-11-01T22:58:31.689294-0700]    10.9375 MB /   0.50 sec =  183.5214 Mbps     0 retrans
[2024-11-01T22:58:32.189172-0700]    10.7500 MB /   0.50 sec =  180.3576 Mbps     0 retrans
[2024-11-01T22:58:32.689185-0700]    10.9375 MB /   0.50 sec =  183.4997 Mbps     0 retrans
[2024-11-01T22:58:33.189203-0700]    11.8750 MB /   0.50 sec =  199.2239 Mbps     0 retrans
[2024-11-01T22:58:33.689154-0700]    11.6875 MB /   0.50 sec =  196.0919 Mbps     0 retrans
[2024-11-01T22:58:34.189228-0700]    11.2500 MB /   0.50 sec =  188.7165 Mbps     0 retrans
[2024-11-01T22:58:34.689079-0700]    11.8125 MB /   0.50 sec =  198.2209 Mbps     0 retrans
[2024-11-01T22:58:35.189189-0700]     4.0000 MB /   0.50 sec =   67.1031 Mbps     0 retrans
[2024-11-01T22:58:35.689245-0700]    14.6875 MB /   0.50 sec =  246.3819 Mbps     0 retrans
[2024-11-01T22:58:36.189155-0700]    13.7500 MB /   0.50 sec =  230.7223 Mbps     0 retrans
[2024-11-01T22:58:36.689180-0700]    13.1875 MB /   0.50 sec =  221.2487 Mbps     0 retrans
[2024-11-01T22:58:37.189190-0700]    13.9375 MB /   0.50 sec =  233.8423 Mbps     0 retrans
[2024-11-01T22:58:37.689254-0700]    14.1875 MB /   0.50 sec =  237.9758 Mbps     0 retrans
[2024-11-01T22:58:38.189084-0700]    12.2500 MB /   0.50 sec =  205.5690 Mbps     0 retrans
[2024-11-01T22:58:38.689192-0700]     8.8125 MB /   0.50 sec =  147.8400 Mbps     0 retrans
[2024-11-01T22:58:39.189183-0700]     1.0000 MB /   0.50 sec =   16.7769 Mbps     0 retrans
[2024-11-01T22:58:39.689307-0700]     6.7500 MB /   0.50 sec =  113.2211 Mbps     0 retrans
[2024-11-01T22:58:40.189269-0700]     0.0000 MB /   0.50 sec =    0.0000 Mbps     0 retrans
[2024-11-01T22:58:40.689188-0700]     9.6250 MB /   0.50 sec =  161.5023 Mbps     0 retrans
[2024-11-01T22:58:41.189241-0700]     1.8125 MB /   0.50 sec =   30.4065 Mbps     0 retrans
[2024-11-01T22:58:41.689229-0700]     4.1875 MB /   0.50 sec =   70.2494 Mbps     0 retrans
[2024-11-01T22:58:42.189234-0700]    11.9375 MB /   0.50 sec =  200.2944 Mbps     0 retrans
[2024-11-01T22:58:42.689149-0700]     4.3125 MB /   0.50 sec =   72.3545 Mbps     0 retrans
[2024-11-01T22:58:43.189266-0700]     3.8125 MB /   0.50 sec =   63.9547 Mbps     0 retrans
[2024-11-01T22:58:43.689277-0700]     6.0625 MB /   0.50 sec =  101.7102 Mbps     0 retrans
[2024-11-01T22:58:44.189239-0700]     7.1875 MB /   0.50 sec =  120.5901 Mbps     0 retrans
[2024-11-01T22:58:44.689193-0700]     8.5625 MB /   0.50 sec =  143.6716 Mbps     0 retrans
[2024-11-01T22:58:45.189423-0700]     8.8750 MB /   0.50 sec =  148.8752 Mbps     0 retrans
[2024-11-01T22:58:45.689320-0700]     4.4375 MB /   0.50 sec =   74.4447 Mbps     0 retrans
[2024-11-01T22:58:46.189288-0700]     0.3125 MB /   0.50 sec =    5.2431 Mbps     0 retrans
[2024-11-01T22:58:46.689295-0700]     6.0000 MB /   0.50 sec =  100.6657 Mbps     0 retrans
[2024-11-01T22:58:47.189228-0700]     9.6250 MB /   0.50 sec =  161.4920 Mbps     0 retrans
[2024-11-01T22:58:47.689279-0700]     0.3750 MB /   0.50 sec =    6.2913 Mbps     0 retrans
[2024-11-01T22:58:48.189336-0700]     3.7500 MB /   0.50 sec =   62.9085 Mbps     0 retrans
[2024-11-01T22:58:48.689267-0700]     0.0000 MB /   0.50 sec =    0.0000 Mbps     0 retrans
[2024-11-01T22:58:49.189279-0700]     0.0000 MB /   0.50 sec =    0.0000 Mbps     0 retrans
[2024-11-01T22:58:49.689370-0700]     0.0000 MB /   0.50 sec =    0.0000 Mbps     0 retrans
[2024-11-01T22:58:50.189187-0700]     9.2500 MB /   0.50 sec =  155.2175 Mbps     0 retrans
[2024-11-01T22:58:50.689272-0700]     0.3750 MB /   0.50 sec =    6.2918 Mbps     0 retrans
[2024-11-01T22:58:51.189292-0700]     6.8125 MB /   0.50 sec =  114.2847 Mbps     0 retrans
[2024-11-01T22:58:51.689357-0700]     0.0000 MB /   0.50 sec =    0.0000 Mbps     0 retrans
[2024-11-01T22:58:52.189281-0700]     0.0000 MB /   0.50 sec =    0.0000 Mbps     0 retrans
[2024-11-01T22:58:52.689271-0700]     0.0000 MB /   0.50 sec =    0.0000 Mbps     0 retrans
[2024-11-01T22:58:53.189384-0700]     0.0000 MB /   0.50 sec =    0.0000 Mbps     0 retrans
[2024-11-01T22:58:53.689171-0700]     0.0000 MB /   0.50 sec =    0.0000 Mbps     0 retrans
[2024-11-01T22:58:54.189356-0700]     0.0000 MB /   0.50 sec =    0.0000 Mbps     0 retrans
[2024-11-01T22:58:54.689250-0700]     0.0000 MB /   0.50 sec =    0.0000 Mbps     0 retrans
[2024-11-01T22:58:55.189256-0700]     0.0000 MB /   0.50 sec =    0.0000 Mbps     0 retrans
[2024-11-01T22:58:55.689236-0700]    11.1875 MB /   0.50 sec =  187.6985 Mbps     0 retrans
[2024-11-01T22:58:56.189268-0700]     0.0000 MB /   0.50 sec =    0.0000 Mbps     0 retrans
[2024-11-01T22:58:56.689274-0700]     0.0000 MB /   0.50 sec =    0.0000 Mbps     0 retrans
[2024-11-01T22:58:57.189287-0700]     0.0000 MB /   0.50 sec =    0.0000 Mbps     0 retrans
[2024-11-01T22:58:57.689229-0700]     0.0625 MB /   0.50 sec =    1.0486 Mbps     0 retrans
[2024-11-01T22:58:58.189262-0700]     3.9375 MB /   0.50 sec =   66.0637 Mbps     0 retrans
[2024-11-01T22:58:58.689180-0700]     6.4375 MB /   0.50 sec =  108.0118 Mbps     0 retrans
[2024-11-01T22:58:59.189098-0700]     4.8750 MB /   0.50 sec =   81.7943 Mbps     0 retrans
[2024-11-01T22:58:59.689376-0700]     3.1250 MB /   0.50 sec =   52.4105 Mbps     0 retrans
[2024-11-01T22:59:00.189491-0700]     0.0000 MB /   0.50 sec =    0.0000 Mbps     0 retrans
[2024-11-01T22:59:00.689272-0700]     4.9375 MB /   0.50 sec =   82.8504 Mbps     0 retrans
[2024-11-01T22:59:01.189173-0700]     6.6250 MB /   0.50 sec =  111.1688 Mbps     0 retrans
[2024-11-01T22:59:01.689149-0700]     7.2500 MB /   0.50 sec =  121.6360 Mbps     0 retrans
[2024-11-01T22:59:02.189172-0700]     8.2500 MB /   0.50 sec =  138.4104 Mbps     0 retrans
[2024-11-01T22:59:02.689212-0700]     9.8125 MB /   0.50 sec =  164.6166 Mbps     0 retrans
[2024-11-01T22:59:03.189160-0700]    12.1875 MB /   0.50 sec =  204.4793 Mbps     0 retrans
[2024-11-01T22:59:03.689150-0700]    14.0625 MB /   0.50 sec =  235.9390 Mbps     0 retrans
[2024-11-01T22:59:04.189111-0700]    16.8125 MB /   0.50 sec =  282.0743 Mbps     0 retrans
[2024-11-01T22:59:04.689158-0700]    14.5000 MB /   0.50 sec =  243.2628 Mbps     0 retrans
[2024-11-01T22:59:05.189235-0700]     7.8750 MB /   0.50 sec =  132.1074 Mbps     0 retrans
[2024-11-01T22:59:05.689284-0700]     9.6250 MB /   0.50 sec =  161.4839 Mbps     0 retrans
[2024-11-01T22:59:06.189280-0700]     0.0000 MB /   0.50 sec =    0.0000 Mbps     0 retrans
[2024-11-01T22:59:06.689259-0700]    14.7500 MB /   0.50 sec =  247.4753 Mbps     0 retrans
[2024-11-01T22:59:07.189275-0700]     4.1875 MB /   0.50 sec =   70.2526 Mbps     0 retrans
[2024-11-01T22:59:07.689344-0700]    12.2500 MB /   0.50 sec =  205.5020 Mbps     0 retrans
[2024-11-01T22:59:08.189195-0700]     7.1875 MB /   0.50 sec =  120.6198 Mbps     0 retrans
[2024-11-01T22:59:08.689265-0700]     4.5000 MB /   0.50 sec =   75.4866 Mbps     0 retrans
[2024-11-01T22:59:09.189366-0700]     5.4375 MB /   0.50 sec =   91.2108 Mbps     0 retrans
[2024-11-01T22:59:09.689258-0700]     1.9375 MB /   0.50 sec =   32.5116 Mbps     0 retrans
[2024-11-01T22:59:10.189230-0700]    10.0625 MB /   0.50 sec =  168.8272 Mbps     0 retrans
[2024-11-01T22:59:10.689346-0700]     5.8750 MB /   0.50 sec =   98.5677 Mbps     0 retrans
[2024-11-01T22:59:11.189159-0700]     2.1875 MB /   0.50 sec =   36.7003 Mbps     0 retrans
[2024-11-01T22:59:11.689402-0700]     0.0000 MB /   0.50 sec =    0.0000 Mbps     0 retrans
[2024-11-01T22:59:12.189307-0700]     0.0000 MB /   0.50 sec =    0.0000 Mbps     0 retrans
[2024-11-01T22:59:12.689275-0700]     0.0000 MB /   0.50 sec =    0.0000 Mbps     0 retrans
[2024-11-01T22:59:13.189230-0700]     3.6875 MB /   0.50 sec =   61.8724 Mbps     0 retrans
[2024-11-01T22:59:13.689217-0700]     3.3750 MB /   0.50 sec =   56.6210 Mbps     0 retrans
[2024-11-01T22:59:14.189161-0700]     6.6875 MB /   0.50 sec =  112.2071 Mbps     0 retrans
[2024-11-01T22:59:14.689261-0700]     5.3125 MB /   0.50 sec =   89.1186 Mbps     0 retrans
[2024-11-01T22:59:15.189266-0700]     6.4375 MB /   0.50 sec =  107.9981 Mbps     0 retrans
[2024-11-01T22:59:15.689283-0700]     8.2500 MB /   0.50 sec =  138.4123 Mbps     0 retrans
[2024-11-01T22:59:16.189154-0700]     5.8750 MB /   0.50 sec =   98.5841 Mbps     0 retrans
[2024-11-01T22:59:16.689278-0700]     7.8750 MB /   0.50 sec =  132.0968 Mbps     0 retrans
[2024-11-01T22:59:17.189147-0700]    14.6875 MB /   0.50 sec =  246.4597 Mbps     0 retrans
[2024-11-01T22:59:17.689226-0700]    12.0000 MB /   0.50 sec =  201.2948 Mbps     0 retrans
[2024-11-01T22:59:18.189255-0700]    12.3750 MB /   0.50 sec =  207.6114 Mbps     0 retrans
[2024-11-01T22:59:18.689172-0700]     3.7500 MB /   0.50 sec =   62.9253 Mbps     0 retrans
[2024-11-01T22:59:19.189425-0700]     9.8750 MB /   0.50 sec =  165.6406 Mbps     0 retrans
[2024-11-01T22:59:19.689249-0700]    10.8125 MB /   0.50 sec =  181.4189 Mbps     0 retrans
[2024-11-01T22:59:20.189238-0700]    15.8750 MB /   0.50 sec =  266.3372 Mbps     0 retrans
[2024-11-01T22:59:20.689264-0700]     9.9375 MB /   0.50 sec =  166.7186 Mbps     0 retrans
[2024-11-01T22:59:21.189300-0700]    16.3125 MB /   0.50 sec =  273.6964 Mbps     0 retrans
[2024-11-01T22:59:21.689167-0700]    15.0000 MB /   0.50 sec =  251.6824 Mbps     0 retrans
[2024-11-01T22:59:22.189294-0700]    16.9375 MB /   0.50 sec =  284.1016 Mbps     0 retrans
[2024-11-01T22:59:22.689192-0700]    14.9375 MB /   0.50 sec =  250.6608 Mbps     0 retrans
[2024-11-01T22:59:23.189085-0700]    13.1250 MB /   0.50 sec =  220.2186 Mbps     0 retrans
[2024-11-01T22:59:23.689192-0700]    15.0000 MB /   0.50 sec =  251.6311 Mbps     0 retrans
[2024-11-01T22:59:24.189185-0700]    12.8750 MB /   0.50 sec =  215.9984 Mbps     0 retrans
[2024-11-01T22:59:24.689248-0700]    15.3125 MB /   0.50 sec =  256.8883 Mbps     0 retrans
[2024-11-01T22:59:25.189103-0700]    13.6875 MB /   0.50 sec =  229.6763 Mbps     0 retrans
[2024-11-01T22:59:25.689422-0700]    15.8750 MB /   0.50 sec =  266.2861 Mbps     0 retrans
[2024-11-01T22:59:26.189162-0700]    11.4375 MB /   0.50 sec =  191.9201 Mbps     0 retrans
[2024-11-01T22:59:26.689167-0700]    14.1875 MB /   0.50 sec =  238.0263 Mbps     0 retrans
[2024-11-01T22:59:27.189168-0700]    14.1250 MB /   0.50 sec =  236.9753 Mbps     0 retrans
[2024-11-01T22:59:27.689089-0700]    12.8750 MB /   0.50 sec =  216.0179 Mbps     0 retrans
[2024-11-01T22:59:28.189399-0700]    15.5625 MB /   0.50 sec =  261.0302 Mbps     0 retrans
[2024-11-01T22:59:28.689198-0700]    13.4375 MB /   0.50 sec =  225.4677 Mbps     0 retrans
[2024-11-01T22:59:29.189259-0700]     5.2500 MB /   0.50 sec =   88.0733 Mbps     0 retrans
[2024-11-01T22:59:29.689169-0700]    14.3125 MB /   0.50 sec =  240.1667 Mbps     0 retrans
[2024-11-01T22:59:30.189222-0700]    14.5625 MB /   0.50 sec =  244.2904 Mbps     0 retrans
[2024-11-01T22:59:30.689298-0700]    10.6875 MB /   0.50 sec =  179.2882 Mbps     0 retrans
[2024-11-01T22:59:31.189146-0700]    17.6250 MB /   0.50 sec =  295.7712 Mbps     0 retrans
[2024-11-01T22:59:31.689232-0700]    12.3125 MB /   0.50 sec =  206.5385 Mbps     0 retrans
[2024-11-01T22:59:32.189147-0700]    17.1875 MB /   0.50 sec =  288.3988 Mbps     0 retrans
[2024-11-01T22:59:32.689194-0700]    15.0625 MB /   0.50 sec =  252.7013 Mbps     0 retrans
[2024-11-01T22:59:33.189078-0700]    12.7500 MB /   0.50 sec =  213.9245 Mbps     0 retrans
[2024-11-01T22:59:33.689261-0700]    15.3125 MB /   0.50 sec =  256.8420 Mbps     0 retrans
[2024-11-01T22:59:34.189280-0700]    14.2500 MB /   0.50 sec =  239.0672 Mbps     0 retrans
[2024-11-01T22:59:34.689182-0700]    15.4375 MB /   0.50 sec =  259.0527 Mbps     0 retrans
[2024-11-01T22:59:35.189155-0700]    14.0000 MB /   0.50 sec =  234.8824 Mbps     0 retrans
[2024-11-01T22:59:35.689175-0700]    12.5000 MB /   0.50 sec =  209.7102 Mbps     0 retrans
[2024-11-01T22:59:36.189206-0700]    14.9375 MB /   0.50 sec =  250.5901 Mbps     0 retrans
[2024-11-01T22:59:36.689232-0700]    15.2500 MB /   0.50 sec =  255.8413 Mbps     0 retrans
[2024-11-01T22:59:37.189239-0700]    14.5625 MB /   0.50 sec =  244.3182 Mbps     0 retrans
[2024-11-01T22:59:37.689228-0700]    14.9375 MB /   0.50 sec =  250.6232 Mbps     0 retrans
[2024-11-01T22:59:38.189126-0700]    17.7500 MB /   0.50 sec =  297.8230 Mbps     0 retrans
[2024-11-01T22:59:38.689242-0700]    14.5000 MB /   0.50 sec =  243.2380 Mbps     0 retrans
[2024-11-01T22:59:39.189272-0700]     7.2500 MB /   0.50 sec =  121.6506 Mbps     0 retrans
[2024-11-01T22:59:39.689251-0700]    12.0000 MB /   0.50 sec =  201.2908 Mbps     0 retrans
[2024-11-01T22:59:40.189236-0700]    11.4375 MB /   0.50 sec =  191.9082 Mbps     0 retrans
[2024-11-01T22:59:40.689158-0700]    18.0625 MB /   0.50 sec =  303.0609 Mbps     0 retrans
[2024-11-01T22:59:41.189239-0700]    14.1250 MB /   0.50 sec =  236.9455 Mbps     0 retrans
[2024-11-01T22:59:41.689307-0700]    10.1875 MB /   0.50 sec =  170.9025 Mbps     0 retrans
[2024-11-01T22:59:42.189237-0700]    17.8750 MB /   0.50 sec =  299.9131 Mbps     0 retrans
[2024-11-01T22:59:42.689247-0700]    15.6875 MB /   0.50 sec =  263.1936 Mbps     0 retrans
[2024-11-01T22:59:43.189401-0700]    11.5625 MB /   0.50 sec =  193.9928 Mbps     0 retrans
[2024-11-01T22:59:43.689193-0700]    17.3750 MB /   0.50 sec =  291.5210 Mbps     0 retrans
[2024-11-01T22:59:44.189163-0700]    15.3125 MB /   0.50 sec =  256.9206 Mbps     0 retrans
[2024-11-01T22:59:44.689252-0700]    11.6875 MB /   0.50 sec =  196.0610 Mbps     0 retrans
[2024-11-01T22:59:45.189203-0700]    13.3125 MB /   0.50 sec =  223.3516 Mbps     0 retrans
[2024-11-01T22:59:45.689180-0700]    16.0625 MB /   0.50 sec =  269.4991 Mbps     0 retrans
[2024-11-01T22:59:46.189223-0700]    16.3750 MB /   0.50 sec =  274.7005 Mbps     0 retrans
[2024-11-01T22:59:46.689241-0700]     7.5625 MB /   0.50 sec =  126.8785 Mbps     0 retrans
[2024-11-01T22:59:47.189186-0700]    16.1875 MB /   0.50 sec =  271.5866 Mbps     0 retrans
[2024-11-01T22:59:47.689197-0700]    13.0625 MB /   0.50 sec =  219.1620 Mbps     0 retrans
[2024-11-01T22:59:48.189155-0700]    12.6250 MB /   0.50 sec =  211.8259 Mbps     0 retrans
[2024-11-01T22:59:48.689384-0700]    10.7500 MB /   0.50 sec =  180.3259 Mbps     0 retrans
[2024-11-01T22:59:49.189220-0700]    15.6875 MB /   0.50 sec =  263.1957 Mbps     0 retrans
[2024-11-01T22:59:49.689228-0700]     4.3750 MB /   0.50 sec =   73.4008 Mbps     0 retrans
[2024-11-01T22:59:50.189310-0700]     0.0000 MB /   0.50 sec =    0.0000 Mbps     0 retrans
[2024-11-01T22:59:50.689138-0700]     5.7500 MB /   0.50 sec =   96.4852 Mbps     0 retrans
[2024-11-01T22:59:51.189244-0700]     0.8750 MB /   0.50 sec =   14.6794 Mbps     0 retrans
[2024-11-01T22:59:51.689182-0700]     8.8125 MB /   0.50 sec =  147.8622 Mbps     0 retrans
[2024-11-01T22:59:52.189337-0700]     3.1250 MB /   0.50 sec =   52.4160 Mbps     0 retrans
[2024-11-01T22:59:52.689283-0700]     0.0000 MB /   0.50 sec =    0.0000 Mbps     0 retrans
[2024-11-01T22:59:53.189389-0700]     0.2500 MB /   0.50 sec =    4.1950 Mbps     0 retrans
[2024-11-01T22:59:53.689212-0700]     8.5625 MB /   0.50 sec =  143.6440 Mbps     0 retrans
[2024-11-01T22:59:54.189242-0700]     0.0000 MB /   0.50 sec =    0.0000 Mbps     0 retrans
[2024-11-01T22:59:54.689261-0700]     0.0000 MB /   0.50 sec =    0.0000 Mbps     0 retrans
[2024-11-01T22:59:55.189105-0700]     6.8125 MB /   0.50 sec =  114.3124 Mbps     0 retrans
[2024-11-01T22:59:55.689169-0700]     7.3750 MB /   0.50 sec =  123.7302 Mbps     0 retrans
[2024-11-01T22:59:56.189169-0700]    10.0625 MB /   0.50 sec =  168.8153 Mbps     0 retrans
[2024-11-01T22:59:56.689169-0700]    13.4375 MB /   0.50 sec =  225.4479 Mbps     0 retrans
[2024-11-01T22:59:57.189268-0700]     5.7500 MB /   0.50 sec =   96.4609 Mbps     0 retrans
[2024-11-01T22:59:57.689301-0700]     1.2500 MB /   0.50 sec =   20.9705 Mbps     0 retrans
[2024-11-01T22:59:58.189224-0700]     5.5625 MB /   0.50 sec =   93.3296 Mbps     0 retrans
[2024-11-01T22:59:58.689156-0700]    14.7500 MB /   0.50 sec =  247.4832 Mbps     0 retrans
[2024-11-01T22:59:59.189222-0700]     0.6875 MB /   0.50 sec =   11.5338 Mbps     0 retrans
[2024-11-01T22:59:59.689288-0700]     5.0625 MB /   0.50 sec =   84.9265 Mbps     0 retrans
[2024-11-01T23:00:00.189153-0700]     7.9375 MB /   0.50 sec =  133.1883 Mbps     0 retrans
[2024-11-01T23:00:00.689241-0700]     3.9375 MB /   0.50 sec =   66.0513 Mbps     0 retrans
[2024-11-01T23:00:01.189216-0700]     5.8750 MB /   0.50 sec =   98.5723 Mbps     0 retrans
[2024-11-01T23:00:01.689116-0700]    11.3750 MB /   0.50 sec =  190.8557 Mbps     0 retrans
[2024-11-01T23:00:02.189158-0700]     8.8750 MB /   0.50 sec =  148.8963 Mbps     0 retrans
[2024-11-01T23:00:02.689149-0700]    11.0625 MB /   0.50 sec =  185.5987 Mbps     0 retrans
[2024-11-01T23:00:03.189279-0700]    10.0625 MB /   0.50 sec =  168.7900 Mbps     0 retrans
[2024-11-01T23:00:03.689289-0700]     7.8125 MB /   0.50 sec =  131.0683 Mbps     0 retrans
End time: 1730527203988
