Start time: 1745263257539
Connecting to host 34.86.116.81, port 5207
Reverse mode, remote host 34.86.116.81 is sending
[  5] local 192.0.0.2 port 34860 connected to 34.86.116.81 port 5207
[ ID] Interval           Transfer     Bitrate
[  5]   0.00-0.10   sec  34.6 KBytes  2.83 Mbits/sec                  
[  5]   0.10-0.20   sec  45.3 KBytes  3.71 Mbits/sec                  
[  5]   0.20-0.30   sec  89.2 KBytes  7.31 Mbits/sec                  
[  5]   0.30-0.40   sec   198 KBytes  16.3 Mbits/sec                  
[  5]   0.40-0.50   sec   178 KBytes  14.6 Mbits/sec                  
[  5]   0.50-0.60   sec   466 KBytes  38.2 Mbits/sec                  
[  5]   0.60-0.70   sec   585 KBytes  47.9 Mbits/sec                  
[  5]   0.70-0.80   sec   633 KBytes  51.8 Mbits/sec                  
[  5]   0.80-0.90   sec   607 KBytes  49.8 Mbits/sec                  
[  5]   0.90-1.00   sec   734 KBytes  60.1 Mbits/sec                  
[  5]   1.00-1.10   sec   526 KBytes  43.1 Mbits/sec                  
[  5]   1.10-1.20   sec   781 KBytes  63.9 Mbits/sec                  
[  5]   1.20-1.30   sec   570 KBytes  46.7 Mbits/sec                  
[  5]   1.30-1.40   sec   946 KBytes  77.5 Mbits/sec                  
[  5]   1.40-1.50   sec  1.20 MBytes   101 Mbits/sec                  
[  5]   1.50-1.60   sec   598 KBytes  49.0 Mbits/sec                  
[  5]   1.60-1.70   sec   377 KBytes  30.9 Mbits/sec                  
[  5]   1.70-1.80   sec  1.17 MBytes  98.2 Mbits/sec                  
[  5]   1.80-1.90   sec   687 KBytes  56.3 Mbits/sec                  
[  5]   1.90-2.00   sec   930 KBytes  76.1 Mbits/sec                  
[  5]   2.00-2.10   sec   842 KBytes  69.0 Mbits/sec                  
[  5]   2.10-2.20   sec   841 KBytes  68.8 Mbits/sec                  
[  5]   2.20-2.30   sec   823 KBytes  67.4 Mbits/sec                  
[  5]   2.30-2.40   sec   976 KBytes  80.0 Mbits/sec                  
[  5]   2.40-2.50   sec   559 KBytes  45.8 Mbits/sec                  
[  5]   2.50-2.60   sec  1.11 MBytes  93.0 Mbits/sec                  
[  5]   2.60-2.70   sec   866 KBytes  70.9 Mbits/sec                  
[  5]   2.70-2.80   sec   862 KBytes  70.6 Mbits/sec                  
[  5]   2.80-2.90   sec  1.11 MBytes  93.2 Mbits/sec                  
[  5]   2.90-3.00   sec   825 KBytes  67.7 Mbits/sec                  
[  5]   3.00-3.10   sec   761 KBytes  62.3 Mbits/sec                  
[  5]   3.10-3.20   sec   979 KBytes  80.0 Mbits/sec                  
[  5]   3.20-3.30   sec   693 KBytes  56.9 Mbits/sec                  
[  5]   3.30-3.40   sec   759 KBytes  62.2 Mbits/sec                  
[  5]   3.40-3.50   sec  1.19 MBytes   100 Mbits/sec                  
[  5]   3.50-3.60   sec   872 KBytes  71.4 Mbits/sec                  
[  5]   3.60-3.70   sec   984 KBytes  80.7 Mbits/sec                  
[  5]   3.70-3.80   sec   673 KBytes  55.1 Mbits/sec                  
[  5]   3.80-3.90   sec   892 KBytes  73.1 Mbits/sec                  
[  5]   3.90-4.00   sec   553 KBytes  45.3 Mbits/sec                  
[  5]   4.00-4.10   sec  1.07 MBytes  89.9 Mbits/sec                  
[  5]   4.10-4.20   sec   731 KBytes  59.9 Mbits/sec                  
[  5]   4.20-4.30   sec  1.31 MBytes   110 Mbits/sec                  
[  5]   4.30-4.40   sec   900 KBytes  73.7 Mbits/sec                  
[  5]   4.40-4.50   sec   878 KBytes  71.9 Mbits/sec                  
[  5]   4.50-4.60   sec   956 KBytes  78.3 Mbits/sec                  
[  5]   4.60-4.70   sec   942 KBytes  77.2 Mbits/sec                  
[  5]   4.70-4.80   sec  1.09 MBytes  91.4 Mbits/sec                  
[  5]   4.80-4.90   sec  1.19 MBytes   100 Mbits/sec                  
[  5]   4.90-5.00   sec  1.02 MBytes  85.3 Mbits/sec                  
- - - - - - - - - - - - - - - - - - - - - - - - -
[ ID] Interval           Transfer     Bitrate         Retr
[  5]   0.00-5.07   sec   315 MBytes   521 Mbits/sec    0             sender
[  5]   0.00-5.00   sec  38.0 MBytes  63.7 Mbits/sec                  receiver

iperf Done.
End time: 1745263263343
