Start time: 1731085788675
[2024-11-08T12:09:49.748484-0500] nuttcp-r: v8.1.4: socket
[2024-11-08T12:09:49.749412-0500] nuttcp-r: buflen=65536, nstream=1, port=5379 tcp
[2024-11-08T12:09:49.749504-0500] nuttcp-r: interval reporting every 0.50 seconds
[2024-11-08T12:09:49.749578-0500] nuttcp-r: connect to 54.197.223.49 with RTT=72.202 ms af=inet
[2024-11-08T12:09:49.749648-0500] nuttcp-r: send window size = 2097152, receive window size = 6291456
[2024-11-08T12:09:49.749717-0500] nuttcp-r: available send window = 1572864, available receive window = 4718592
[2024-11-08T12:09:49.749785-0500]     0.6250 MB /   0.50 sec =   10.4831 Mbps     0 retrans     13 KB-cwnd
[2024-11-08T12:09:50.248302-0500]    25.1875 MB /   0.50 sec =  422.6404 Mbps     0 retrans     13 KB-cwnd
[2024-11-08T12:09:50.748493-0500]    44.8750 MB /   0.50 sec =  752.7105 Mbps     0 retrans     13 KB-cwnd
[2024-11-08T12:09:51.248442-0500]    42.6875 MB /   0.50 sec =  716.3680 Mbps     0 retrans     13 KB-cwnd
[2024-11-08T12:09:51.748370-0500]    44.6875 MB /   0.50 sec =  749.6809 Mbps     0 retrans     13 KB-cwnd
[2024-11-08T12:09:52.248360-0500]    45.1875 MB /   0.50 sec =  758.0992 Mbps     0 retrans     23 KB-cwnd
[2024-11-08T12:09:52.748389-0500]    42.9375 MB /   0.50 sec =  720.3732 Mbps     0 retrans     26 KB-cwnd
[2024-11-08T12:09:53.248274-0500]    44.1250 MB /   0.50 sec =  740.3657 Mbps     0 retrans     26 KB-cwnd
[2024-11-08T12:09:53.748334-0500]    43.5000 MB /   0.50 sec =  729.7812 Mbps     0 retrans     26 KB-cwnd
[2024-11-08T12:09:54.248771-0500]    45.3750 MB /   0.50 sec =  760.9770 Mbps     0 retrans     26 KB-cwnd
[2024-11-08T12:09:54.748336-0500]    42.9375 MB /   0.50 sec =  720.6456 Mbps     0 retrans  15590 KB-cwnd
[2024-11-08T12:09:55.248308-0500]    44.6875 MB /   0.50 sec =  749.7348 Mbps     0 retrans  15590 KB-cwnd
[2024-11-08T12:09:55.748344-0500]    42.1875 MB /   0.50 sec =  707.7676 Mbps     0 retrans  15592 KB-cwnd
[2024-11-08T12:09:56.248285-0500]    41.8125 MB /   0.50 sec =  701.5296 Mbps     0 retrans  15592 KB-cwnd
[2024-11-08T12:09:56.748479-0500]    43.8125 MB /   0.50 sec =  735.0650 Mbps     0 retrans  17505 KB-cwnd
[2024-11-08T12:09:57.248795-0500]    47.2500 MB /   0.50 sec =  792.0043 Mbps     0 retrans  17505 KB-cwnd
[2024-11-08T12:09:57.748313-0500]    40.8750 MB /   0.50 sec =  686.3590 Mbps     0 retrans  17505 KB-cwnd
[2024-11-08T12:09:58.248315-0500]    47.7500 MB /   0.50 sec =  801.1201 Mbps     0 retrans  16152 KB-cwnd
[2024-11-08T12:09:58.748803-0500]    41.8125 MB /   0.50 sec =  701.1846 Mbps     0 retrans  16308 KB-cwnd
[2024-11-08T12:09:59.248353-0500]    43.3125 MB /   0.50 sec =  726.9438 Mbps     0 retrans  16320 KB-cwnd
[2024-11-08T12:09:59.748329-0500]    42.1250 MB /   0.50 sec =  706.7756 Mbps     0 retrans  16320 KB-cwnd
[2024-11-08T12:10:00.248322-0500]    44.3125 MB /   0.50 sec =  743.4448 Mbps     0 retrans  17337 KB-cwnd
[2024-11-08T12:10:00.748334-0500]    40.0000 MB /   0.50 sec =  671.0900 Mbps     0 retrans  17297 KB-cwnd
[2024-11-08T12:10:01.248381-0500]    14.8750 MB /   0.50 sec =  249.5381 Mbps     0 retrans  17297 KB-cwnd
[2024-11-08T12:10:01.748415-0500]    44.3750 MB /   0.50 sec =  744.4562 Mbps     0 retrans  17295 KB-cwnd
[2024-11-08T12:10:02.248264-0500]    42.8750 MB /   0.50 sec =  719.4570 Mbps     0 retrans  15454 KB-cwnd
[2024-11-08T12:10:02.748316-0500]    43.0000 MB /   0.50 sec =  721.3813 Mbps     0 retrans  17345 KB-cwnd
[2024-11-08T12:10:03.248423-0500]    42.5000 MB /   0.50 sec =  713.0759 Mbps     0 retrans      5 KB-cwnd
[2024-11-08T12:10:03.748291-0500]    43.2500 MB /   0.50 sec =  725.5870 Mbps     0 retrans  16935 KB-cwnd
[2024-11-08T12:10:04.248457-0500]    43.7500 MB /   0.50 sec =  733.9826 Mbps     0 retrans  16935 KB-cwnd
[2024-11-08T12:10:04.748319-0500]    43.5000 MB /   0.50 sec =  729.8001 Mbps     0 retrans  20241 KB-cwnd
[2024-11-08T12:10:05.248310-0500]    41.1875 MB /   0.50 sec =  691.0296 Mbps     0 retrans  20241 KB-cwnd
[2024-11-08T12:10:05.748327-0500]    46.1250 MB /   0.50 sec =  773.8475 Mbps     0 retrans  18286 KB-cwnd
[2024-11-08T12:10:06.248307-0500]    42.2500 MB /   0.50 sec =  708.8445 Mbps     0 retrans  18981 KB-cwnd
[2024-11-08T12:10:06.748265-0500]    45.6875 MB /   0.50 sec =  766.5413 Mbps     0 retrans  18984 KB-cwnd
[2024-11-08T12:10:07.248265-0500]    41.6250 MB /   0.50 sec =  698.3544 Mbps     0 retrans  18222 KB-cwnd
[2024-11-08T12:10:07.748507-0500]    44.1250 MB /   0.50 sec =  740.2799 Mbps     0 retrans  18222 KB-cwnd
[2024-11-08T12:10:08.248317-0500]    43.8125 MB /   0.50 sec =  735.0268 Mbps     0 retrans  18384 KB-cwnd
[2024-11-08T12:10:08.748616-0500]    44.1875 MB /   0.50 sec =  741.3833 Mbps     0 retrans  18821 KB-cwnd
[2024-11-08T12:10:09.248331-0500]    40.3750 MB /   0.50 sec =  677.3367 Mbps     0 retrans  18821 KB-cwnd
[2024-11-08T12:10:09.748242-0500]    43.0625 MB /   0.50 sec =  722.5137 Mbps     0 retrans  17414 KB-cwnd
[2024-11-08T12:10:10.248328-0500]    44.0625 MB /   0.50 sec =  739.2076 Mbps     0 retrans  17414 KB-cwnd
[2024-11-08T12:10:10.748337-0500]    42.3125 MB /   0.50 sec =  709.8547 Mbps     0 retrans  17870 KB-cwnd
[2024-11-08T12:10:11.248298-0500]    43.0625 MB /   0.50 sec =  722.5093 Mbps     0 retrans  17409 KB-cwnd
[2024-11-08T12:10:11.748337-0500]    16.7500 MB /   0.50 sec =  280.9987 Mbps     0 retrans  17409 KB-cwnd
[2024-11-08T12:10:12.248361-0500]    44.1875 MB /   0.50 sec =  741.3403 Mbps     0 retrans  17409 KB-cwnd
[2024-11-08T12:10:12.748330-0500]    44.3125 MB /   0.50 sec =  743.4731 Mbps     0 retrans  18616 KB-cwnd
[2024-11-08T12:10:13.248422-0500]    43.7500 MB /   0.50 sec =  734.0149 Mbps     0 retrans  15259 KB-cwnd
[2024-11-08T12:10:13.748287-0500]    39.0000 MB /   0.50 sec =  654.3271 Mbps     0 retrans  15259 KB-cwnd
[2024-11-08T12:10:14.248303-0500]    43.5625 MB /   0.50 sec =  730.8429 Mbps     0 retrans  18080 KB-cwnd
[2024-11-08T12:10:14.748522-0500]    42.5625 MB /   0.50 sec =  714.0474 Mbps     0 retrans  18080 KB-cwnd
[2024-11-08T12:10:15.248260-0500]    43.8750 MB /   0.50 sec =  736.1696 Mbps     0 retrans  17598 KB-cwnd
[2024-11-08T12:10:15.748346-0500]    42.0625 MB /   0.50 sec =  705.6352 Mbps     0 retrans  17598 KB-cwnd
[2024-11-08T12:10:16.248380-0500]    44.0625 MB /   0.50 sec =  739.2091 Mbps     0 retrans  19269 KB-cwnd
[2024-11-08T12:10:16.748334-0500]    41.7500 MB /   0.50 sec =  700.5006 Mbps     0 retrans  17987 KB-cwnd
[2024-11-08T12:10:17.248348-0500]    39.6875 MB /   0.50 sec =  665.8205 Mbps     0 retrans  17987 KB-cwnd
[2024-11-08T12:10:17.748351-0500]    41.1875 MB /   0.50 sec =  691.0061 Mbps     0 retrans  15153 KB-cwnd
[2024-11-08T12:10:18.248459-0500]    38.3125 MB /   0.50 sec =  642.6460 Mbps     0 retrans  15153 KB-cwnd
[2024-11-08T12:10:18.748342-0500]    44.2500 MB /   0.50 sec =  742.5715 Mbps     0 retrans  16112 KB-cwnd
[2024-11-08T12:10:19.248472-0500]    43.1875 MB /   0.50 sec =  724.5559 Mbps     0 retrans  16112 KB-cwnd
[2024-11-08T12:10:19.748769-0500]    44.0625 MB /   0.50 sec =  738.9091 Mbps     0 retrans  14966 KB-cwnd
[2024-11-08T12:10:20.248785-0500]    42.0000 MB /   0.50 sec =  704.4726 Mbps     0 retrans  17436 KB-cwnd
[2024-11-08T12:10:20.748333-0500]    39.8125 MB /   0.50 sec =  668.4175 Mbps     0 retrans  17436 KB-cwnd
[2024-11-08T12:10:21.248719-0500]    40.6250 MB /   0.50 sec =  681.5022 Mbps     0 retrans  17145 KB-cwnd
[2024-11-08T12:10:21.748495-0500]    34.6875 MB /   0.50 sec =  582.0284 Mbps     0 retrans  17145 KB-cwnd
[2024-11-08T12:10:22.248378-0500]    17.2500 MB /   0.50 sec =  289.3682 Mbps     0 retrans  17145 KB-cwnd
[2024-11-08T12:10:22.748356-0500]    46.0625 MB /   0.50 sec =  772.8840 Mbps     0 retrans  17814 KB-cwnd
[2024-11-08T12:10:23.248318-0500]    44.5625 MB /   0.50 sec =  747.6437 Mbps     0 retrans  17175 KB-cwnd
[2024-11-08T12:10:23.748363-0500]    43.0000 MB /   0.50 sec =  721.4131 Mbps     0 retrans  17175 KB-cwnd
[2024-11-08T12:10:24.248289-0500]    43.1875 MB /   0.50 sec =  724.5950 Mbps     0 retrans  18086 KB-cwnd
[2024-11-08T12:10:24.748918-0500]    43.3750 MB /   0.50 sec =  727.1983 Mbps     0 retrans  18086 KB-cwnd
[2024-11-08T12:10:25.248343-0500]    37.8750 MB /   0.50 sec =  635.8160 Mbps     0 retrans  17143 KB-cwnd
[2024-11-08T12:10:25.748485-0500]    46.3750 MB /   0.50 sec =  778.0994 Mbps     0 retrans  17143 KB-cwnd
[2024-11-08T12:10:26.248246-0500]    43.2500 MB /   0.50 sec =  725.6697 Mbps     0 retrans  15840 KB-cwnd
[2024-11-08T12:10:26.748349-0500]    42.8750 MB /   0.50 sec =  719.2915 Mbps     0 retrans  18637 KB-cwnd
[2024-11-08T12:10:27.248305-0500]    43.0000 MB /   0.50 sec =  721.4246 Mbps     0 retrans  18568 KB-cwnd
[2024-11-08T12:10:27.748444-0500]    44.0625 MB /   0.50 sec =  739.2786 Mbps     0 retrans  18504 KB-cwnd
[2024-11-08T12:10:28.248362-0500]    42.4375 MB /   0.50 sec =  711.9247 Mbps     0 retrans  18507 KB-cwnd
[2024-11-08T12:10:28.748373-0500]    43.5625 MB /   0.50 sec =  730.8326 Mbps     0 retrans  16972 KB-cwnd
[2024-11-08T12:10:29.248272-0500]    41.5000 MB /   0.50 sec =  696.3227 Mbps     0 retrans  14575 KB-cwnd
[2024-11-08T12:10:29.748265-0500]    40.8125 MB /   0.50 sec =  684.7242 Mbps     0 retrans  14423 KB-cwnd
[2024-11-08T12:10:30.248325-0500]    39.2500 MB /   0.50 sec =  658.4689 Mbps     0 retrans  17849 KB-cwnd
[2024-11-08T12:10:30.748342-0500]    40.8750 MB /   0.50 sec =  685.7591 Mbps     0 retrans  17849 KB-cwnd
[2024-11-08T12:10:31.248361-0500]    39.1250 MB /   0.50 sec =  656.3613 Mbps     0 retrans  16535 KB-cwnd
[2024-11-08T12:10:31.748537-0500]    43.8125 MB /   0.50 sec =  735.1488 Mbps     0 retrans  16535 KB-cwnd
[2024-11-08T12:10:32.248460-0500]    44.1250 MB /   0.50 sec =  740.2665 Mbps     0 retrans  15435 KB-cwnd
[2024-11-08T12:10:32.748357-0500]    42.1250 MB /   0.50 sec =  706.7091 Mbps     0 retrans  15435 KB-cwnd
[2024-11-08T12:10:33.248341-0500]    39.1250 MB /   0.50 sec =  656.4112 Mbps     0 retrans  16218 KB-cwnd
[2024-11-08T12:10:33.748332-0500]    47.2500 MB /   0.50 sec =  792.7504 Mbps     0 retrans  14873 KB-cwnd
[2024-11-08T12:10:34.248365-0500]    40.0000 MB /   0.50 sec =  671.0524 Mbps     0 retrans  14873 KB-cwnd
[2024-11-08T12:10:34.748292-0500]    45.9375 MB /   0.50 sec =  770.7496 Mbps     0 retrans  15094 KB-cwnd
[2024-11-08T12:10:35.248526-0500]    33.0000 MB /   0.50 sec =  553.6492 Mbps     0 retrans  15094 KB-cwnd
[2024-11-08T12:10:35.748368-0500]    17.3125 MB /   0.50 sec =  290.4503 Mbps     0 retrans  15091 KB-cwnd
[2024-11-08T12:10:36.248345-0500]    43.5625 MB /   0.50 sec =  730.8502 Mbps     0 retrans  17945 KB-cwnd
[2024-11-08T12:10:36.748356-0500]    43.2500 MB /   0.50 sec =  725.6044 Mbps     0 retrans  17953 KB-cwnd
[2024-11-08T12:10:37.248368-0500]    45.3750 MB /   0.50 sec =  761.2175 Mbps     0 retrans  17953 KB-cwnd
[2024-11-08T12:10:37.748406-0500]    41.8750 MB /   0.50 sec =  702.6246 Mbps     0 retrans  20342 KB-cwnd
[2024-11-08T12:10:38.248302-0500]    43.8125 MB /   0.50 sec =  735.0503 Mbps     0 retrans  20342 KB-cwnd
[2024-11-08T12:10:38.748325-0500]    44.1875 MB /   0.50 sec =  741.3417 Mbps     0 retrans  19367 KB-cwnd
[2024-11-08T12:10:39.248301-0500]    40.2500 MB /   0.50 sec =  675.2897 Mbps     0 retrans  17327 KB-cwnd
[2024-11-08T12:10:39.748331-0500]    48.1875 MB /   0.50 sec =  808.4359 Mbps     0 retrans  17327 KB-cwnd
[2024-11-08T12:10:40.248454-0500]    44.6250 MB /   0.50 sec =  748.6818 Mbps     0 retrans  17406 KB-cwnd
[2024-11-08T12:10:40.748444-0500]    44.3125 MB /   0.50 sec =  743.4434 Mbps     0 retrans  17406 KB-cwnd
[2024-11-08T12:10:41.248346-0500]    42.5000 MB /   0.50 sec =  712.9975 Mbps     0 retrans  16796 KB-cwnd
[2024-11-08T12:10:41.748504-0500]    46.8750 MB /   0.50 sec =  786.4713 Mbps     0 retrans  16906 KB-cwnd
[2024-11-08T12:10:42.248399-0500]    44.6250 MB /   0.50 sec =  748.5740 Mbps     0 retrans  16903 KB-cwnd
[2024-11-08T12:10:42.748963-0500]    46.0625 MB /   0.50 sec =  772.2152 Mbps     0 retrans  18110 KB-cwnd
[2024-11-08T12:10:43.248464-0500]    42.8125 MB /   0.50 sec =  718.9230 Mbps     0 retrans  18110 KB-cwnd
[2024-11-08T12:10:43.748419-0500]    44.3125 MB /   0.50 sec =  743.3363 Mbps     0 retrans  17548 KB-cwnd
[2024-11-08T12:10:44.248319-0500]    43.5625 MB /   0.50 sec =  730.9583 Mbps     0 retrans  17548 KB-cwnd
[2024-11-08T12:10:44.748331-0500]    43.5000 MB /   0.50 sec =  729.8074 Mbps     0 retrans  18541 KB-cwnd
[2024-11-08T12:10:45.248319-0500]    40.9375 MB /   0.50 sec =  686.8530 Mbps     0 retrans  18232 KB-cwnd
[2024-11-08T12:10:45.748396-0500]    26.5000 MB /   0.50 sec =  444.5322 Mbps     0 retrans  18232 KB-cwnd
[2024-11-08T12:10:46.248357-0500]    22.8750 MB /   0.50 sec =  383.8441 Mbps     0 retrans  18232 KB-cwnd
[2024-11-08T12:10:46.748514-0500]    20.5000 MB /   0.50 sec =  343.8147 Mbps     0 retrans  16722 KB-cwnd
[2024-11-08T12:10:47.248440-0500]    35.6875 MB /   0.50 sec =  598.9226 Mbps     0 retrans  16722 KB-cwnd
[2024-11-08T12:10:47.748649-0500]    36.0625 MB /   0.50 sec =  605.0199 Mbps     0 retrans  16724 KB-cwnd
[2024-11-08T12:10:48.248425-0500]    25.7500 MB /   0.50 sec =  431.8725 Mbps     0 retrans  16655 KB-cwnd
[2024-11-08T12:10:48.748357-0500]    26.4375 MB /   0.50 sec =  443.6612 Mbps     0 retrans  16655 KB-cwnd
[2024-11-08T12:10:49.248268-0500]    27.0000 MB /   0.50 sec =  453.0174 Mbps     1 retrans  15805 KB-cwnd
[2024-11-08T12:10:49.748568-0500]    22.4375 MB /   0.50 sec =  376.3778 Mbps     0 retrans  15805 KB-cwnd
[2024-11-08T12:10:50.248436-0500]    18.5625 MB /   0.50 sec =  311.4065 Mbps     0 retrans  15805 KB-cwnd
[2024-11-08T12:10:50.748293-0500]    25.1875 MB /   0.50 sec =  422.6666 Mbps     0 retrans  15805 KB-cwnd
[2024-11-08T12:10:51.248421-0500]    28.2500 MB /   0.50 sec =  473.9772 Mbps     0 retrans  14231 KB-cwnd
[2024-11-08T12:10:51.748381-0500]    16.0000 MB /   0.50 sec =  268.3775 Mbps     0 retrans  14231 KB-cwnd
[2024-11-08T12:10:52.248398-0500]    31.4375 MB /   0.50 sec =  527.5519 Mbps     0 retrans  14231 KB-cwnd
[2024-11-08T12:10:52.748320-0500]    30.8125 MB /   0.50 sec =  516.9035 Mbps     2 retrans  11711 KB-cwnd
[2024-11-08T12:10:53.248374-0500]    31.8750 MB /   0.50 sec =  534.7278 Mbps     0 retrans  11711 KB-cwnd
[2024-11-08T12:10:53.748528-0500]    31.5000 MB /   0.50 sec =  528.5626 Mbps     3 retrans  11631 KB-cwnd
[2024-11-08T12:10:54.248498-0500]    19.8750 MB /   0.50 sec =  333.3312 Mbps     0 retrans  11631 KB-cwnd
[2024-11-08T12:10:54.748630-0500]    28.8125 MB /   0.50 sec =  483.5270 Mbps     0 retrans  11631 KB-cwnd
[2024-11-08T12:10:55.248487-0500]    22.2500 MB /   0.50 sec =  373.2938 Mbps     2 retrans  11897 KB-cwnd
[2024-11-08T12:10:55.748476-0500]    24.8750 MB /   0.50 sec =  417.3157 Mbps     0 retrans  12310 KB-cwnd
[2024-11-08T12:10:56.248284-0500]    30.7500 MB /   0.50 sec =  515.9273 Mbps     0 retrans  12310 KB-cwnd
[2024-11-08T12:10:56.749801-0500]    15.4375 MB /   0.50 sec =  258.2566 Mbps     0 retrans  12632 KB-cwnd
[2024-11-08T12:10:57.248233-0500]    35.4375 MB /   0.50 sec =  596.2945 Mbps     0 retrans  12632 KB-cwnd
[2024-11-08T12:10:57.748461-0500]    30.0625 MB /   0.50 sec =  504.2380 Mbps     2 retrans  11130 KB-cwnd
[2024-11-08T12:10:58.248364-0500]    34.5625 MB /   0.50 sec =  579.9159 Mbps     1 retrans  10155 KB-cwnd
[2024-11-08T12:10:58.748402-0500]    31.6875 MB /   0.50 sec =  531.6248 Mbps     0 retrans  12030 KB-cwnd
[2024-11-08T12:10:59.248308-0500]    36.0625 MB /   0.50 sec =  605.0949 Mbps     0 retrans  12030 KB-cwnd
[2024-11-08T12:10:59.748336-0500]    31.8750 MB /   0.50 sec =  534.7695 Mbps     1 retrans  12640 KB-cwnd
[2024-11-08T12:11:00.248550-0500]    38.0625 MB /   0.50 sec =  638.6249 Mbps     0 retrans  12640 KB-cwnd
[2024-11-08T12:11:00.748463-0500]    40.8125 MB /   0.50 sec =  684.5189 Mbps     0 retrans  13810 KB-cwnd
[2024-11-08T12:11:01.248300-0500]    41.5000 MB /   0.50 sec =  696.4300 Mbps     0 retrans  13810 KB-cwnd
[2024-11-08T12:11:01.748320-0500]    41.7500 MB /   0.50 sec =  700.4502 Mbps     0 retrans  13306 KB-cwnd
[2024-11-08T12:11:02.248484-0500]    36.4375 MB /   0.50 sec =  611.3076 Mbps     0 retrans  13306 KB-cwnd
[2024-11-08T12:11:02.748346-0500]    41.9375 MB /   0.50 sec =  703.5917 Mbps     0 retrans  15912 KB-cwnd
[2024-11-08T12:11:03.248270-0500]    42.1250 MB /   0.50 sec =  706.7657 Mbps     0 retrans  15912 KB-cwnd
[2024-11-08T12:11:03.748735-0500]    39.1250 MB /   0.50 sec =  656.3009 Mbps     0 retrans  16671 KB-cwnd
[2024-11-08T12:11:04.248742-0500]    40.3750 MB /   0.50 sec =  677.0673 Mbps     0 retrans  16671 KB-cwnd
[2024-11-08T12:11:04.748323-0500]    38.5000 MB /   0.50 sec =  646.3158 Mbps     0 retrans  16541 KB-cwnd
[2024-11-08T12:11:05.248387-0500]    39.4375 MB /   0.50 sec =  661.6462 Mbps     0 retrans  16541 KB-cwnd
[2024-11-08T12:11:05.748433-0500]    41.8125 MB /   0.50 sec =  701.4412 Mbps     0 retrans  16988 KB-cwnd
[2024-11-08T12:11:06.248287-0500]    39.9375 MB /   0.50 sec =  670.1017 Mbps     0 retrans  16988 KB-cwnd
[2024-11-08T12:11:06.748331-0500]    38.9375 MB /   0.50 sec =  653.2537 Mbps     0 retrans  16066 KB-cwnd
[2024-11-08T12:11:07.248286-0500]    19.5000 MB /   0.50 sec =  327.1642 Mbps     0 retrans  16141 KB-cwnd
[2024-11-08T12:11:07.748351-0500]    37.1250 MB /   0.50 sec =  622.8168 Mbps     0 retrans  15840 KB-cwnd
[2024-11-08T12:11:08.248424-0500]    43.0625 MB /   0.50 sec =  722.5296 Mbps     0 retrans  15843 KB-cwnd
[2024-11-08T12:11:08.748332-0500]    40.1875 MB /   0.50 sec =  674.2047 Mbps     0 retrans  15075 KB-cwnd
[2024-11-08T12:11:09.248300-0500]    39.3125 MB /   0.50 sec =  659.5411 Mbps     0 retrans  15075 KB-cwnd
[2024-11-08T12:11:09.748429-0500]    38.6875 MB /   0.50 sec =  648.9310 Mbps     0 retrans  16122 KB-cwnd
[2024-11-08T12:11:10.248346-0500]    34.8750 MB /   0.50 sec =  585.2154 Mbps     0 retrans  16122 KB-cwnd
[2024-11-08T12:11:10.748487-0500]    41.5000 MB /   0.50 sec =  696.2809 Mbps     0 retrans  16242 KB-cwnd
[2024-11-08T12:11:11.248291-0500]    31.0625 MB /   0.50 sec =  521.1381 Mbps     0 retrans  16242 KB-cwnd
[2024-11-08T12:11:11.748493-0500]    36.5625 MB /   0.50 sec =  613.4059 Mbps     0 retrans  16485 KB-cwnd
[2024-11-08T12:11:12.248288-0500]    35.1875 MB /   0.50 sec =  590.3908 Mbps     0 retrans  16485 KB-cwnd
[2024-11-08T12:11:12.748356-0500]    35.9375 MB /   0.50 sec =  602.8950 Mbps     0 retrans  14841 KB-cwnd
[2024-11-08T12:11:13.248332-0500]    37.4375 MB /   0.50 sec =  628.0995 Mbps     0 retrans  14838 KB-cwnd
[2024-11-08T12:11:13.748404-0500]    39.3125 MB /   0.50 sec =  659.6058 Mbps     0 retrans  14782 KB-cwnd
[2024-11-08T12:11:14.248262-0500]    39.0625 MB /   0.50 sec =  655.3495 Mbps     0 retrans  14782 KB-cwnd
[2024-11-08T12:11:14.748290-0500]    37.9375 MB /   0.50 sec =  636.4538 Mbps     0 retrans  14401 KB-cwnd
[2024-11-08T12:11:15.248331-0500]    34.0000 MB /   0.50 sec =  570.4231 Mbps     0 retrans  14401 KB-cwnd
[2024-11-08T12:11:15.748326-0500]    36.1250 MB /   0.50 sec =  606.0842 Mbps     0 retrans  16104 KB-cwnd
[2024-11-08T12:11:16.248471-0500]    34.8125 MB /   0.50 sec =  584.0393 Mbps     0 retrans  16104 KB-cwnd
[2024-11-08T12:11:16.748445-0500]    35.6250 MB /   0.50 sec =  597.5760 Mbps     0 retrans  14028 KB-cwnd
[2024-11-08T12:11:17.248370-0500]    33.6250 MB /   0.50 sec =  564.2038 Mbps     0 retrans  14028 KB-cwnd
[2024-11-08T12:11:17.748360-0500]    15.4375 MB /   0.50 sec =  258.9941 Mbps     0 retrans  14401 KB-cwnd
[2024-11-08T12:11:18.248467-0500]    33.8750 MB /   0.50 sec =  568.4191 Mbps     0 retrans  14401 KB-cwnd
[2024-11-08T12:11:18.748449-0500]    16.0000 MB /   0.50 sec =  268.3716 Mbps     0 retrans  14031 KB-cwnd
[2024-11-08T12:11:19.248540-0500]    19.3125 MB /   0.50 sec =  324.0223 Mbps     0 retrans  13975 KB-cwnd
[2024-11-08T12:11:19.748843-0500]    24.1875 MB /   0.50 sec =  405.4883 Mbps     0 retrans  13975 KB-cwnd
[2024-11-08T12:11:20.248328-0500]    20.6875 MB /   0.50 sec =  347.3927 Mbps     0 retrans  13975 KB-cwnd
[2024-11-08T12:11:20.748277-0500]    21.3750 MB /   0.50 sec =  358.6259 Mbps     0 retrans  13975 KB-cwnd
[2024-11-08T12:11:21.248377-0500]    23.6250 MB /   0.50 sec =  396.3205 Mbps     0 retrans  12907 KB-cwnd
[2024-11-08T12:11:21.748325-0500]    20.0625 MB /   0.50 sec =  336.6178 Mbps     0 retrans  12907 KB-cwnd
[2024-11-08T12:11:22.248336-0500]    21.1875 MB /   0.50 sec =  355.4623 Mbps     0 retrans  12907 KB-cwnd
[2024-11-08T12:11:22.748347-0500]    21.3750 MB /   0.50 sec =  358.6123 Mbps     4 retrans  12101 KB-cwnd
[2024-11-08T12:11:23.248311-0500]    21.5625 MB /   0.50 sec =  361.7602 Mbps     0 retrans  12101 KB-cwnd
[2024-11-08T12:11:23.748678-0500]    15.5625 MB /   0.50 sec =  261.0401 Mbps     0 retrans  12101 KB-cwnd
[2024-11-08T12:11:24.248312-0500]    25.9375 MB /   0.50 sec =  435.2583 Mbps     0 retrans  12101 KB-cwnd
[2024-11-08T12:11:24.748495-0500]    23.6250 MB /   0.50 sec =  396.3593 Mbps     2 retrans   9553 KB-cwnd
[2024-11-08T12:11:25.248333-0500]    26.9375 MB /   0.50 sec =  451.9326 Mbps     0 retrans   9553 KB-cwnd
[2024-11-08T12:11:25.748338-0500]    23.7500 MB /   0.50 sec =  398.4605 Mbps     0 retrans   9553 KB-cwnd
[2024-11-08T12:11:26.248361-0500]    25.8125 MB /   0.50 sec =  433.0446 Mbps     3 retrans   9587 KB-cwnd
[2024-11-08T12:11:26.748354-0500]    28.0625 MB /   0.50 sec =  470.8144 Mbps     0 retrans   9587 KB-cwnd
[2024-11-08T12:11:27.248394-0500]    24.0625 MB /   0.50 sec =  403.7171 Mbps     0 retrans   9587 KB-cwnd
[2024-11-08T12:11:27.748337-0500]    30.6875 MB /   0.50 sec =  514.8415 Mbps     2 retrans   8900 KB-cwnd
[2024-11-08T12:11:28.248290-0500]    29.2500 MB /   0.50 sec =  490.7522 Mbps     0 retrans   8900 KB-cwnd
[2024-11-08T12:11:28.748285-0500]    26.6250 MB /   0.50 sec =  446.6943 Mbps     0 retrans   9492 KB-cwnd
[2024-11-08T12:11:29.248708-0500]    28.0000 MB /   0.50 sec =  469.6597 Mbps     0 retrans   9492 KB-cwnd
[2024-11-08T12:11:29.748544-0500]    25.6875 MB /   0.50 sec =  430.8975 Mbps     0 retrans   9492 KB-cwnd
[2024-11-08T12:11:30.248378-0500]    24.8750 MB /   0.50 sec =  417.4268 Mbps     0 retrans  12433 KB-cwnd
[2024-11-08T12:11:30.748374-0500]    29.2500 MB /   0.50 sec =  490.7532 Mbps     0 retrans  12595 KB-cwnd
[2024-11-08T12:11:31.248330-0500]    30.0000 MB /   0.50 sec =  503.3638 Mbps     0 retrans  12457 KB-cwnd
[2024-11-08T12:11:31.748448-0500]    23.0625 MB /   0.50 sec =  386.8495 Mbps     0 retrans  12457 KB-cwnd
[2024-11-08T12:11:32.248316-0500]    33.1250 MB /   0.50 sec =  555.8509 Mbps     0 retrans  12595 KB-cwnd
[2024-11-08T12:11:32.748321-0500]    30.9375 MB /   0.50 sec =  519.0254 Mbps     1 retrans  11213 KB-cwnd
[2024-11-08T12:11:33.248953-0500]    21.6875 MB /   0.50 sec =  363.5498 Mbps     0 retrans  11213 KB-cwnd
[2024-11-08T12:11:33.748347-0500]    27.1250 MB /   0.50 sec =  455.4764 Mbps     0 retrans  11213 KB-cwnd
[2024-11-08T12:11:34.248308-0500]    21.0000 MB /   0.50 sec =  352.3272 Mbps     1 retrans  12273 KB-cwnd
[2024-11-08T12:11:34.748512-0500]    23.3750 MB /   0.50 sec =  392.1894 Mbps     0 retrans  12273 KB-cwnd
[2024-11-08T12:11:35.248325-0500]    25.6250 MB /   0.50 sec =  429.9179 Mbps     0 retrans  12273 KB-cwnd
[2024-11-08T12:11:35.748471-0500]    19.0625 MB /   0.50 sec =  319.7281 Mbps     1 retrans  12302 KB-cwnd
[2024-11-08T12:11:36.248328-0500]    25.1250 MB /   0.50 sec =  421.6119 Mbps     0 retrans  12302 KB-cwnd
[2024-11-08T12:11:36.748390-0500]    26.8125 MB /   0.50 sec =  449.7914 Mbps     0 retrans  12302 KB-cwnd
[2024-11-08T12:11:37.248373-0500]     6.0000 MB /   0.50 sec =  100.6643 Mbps     0 retrans  12302 KB-cwnd
[2024-11-08T12:11:37.748453-0500]    19.0000 MB /   0.50 sec =  318.7442 Mbps     3 retrans  12279 KB-cwnd
[2024-11-08T12:11:38.248361-0500]    23.8125 MB /   0.50 sec =  399.5946 Mbps     0 retrans  12279 KB-cwnd
[2024-11-08T12:11:38.748457-0500]    17.2500 MB /   0.50 sec =  289.3503 Mbps     0 retrans  12350 KB-cwnd
[2024-11-08T12:11:39.248290-0500]    23.4375 MB /   0.50 sec =  393.2907 Mbps     2 retrans  11090 KB-cwnd
[2024-11-08T12:11:39.748427-0500]    17.2500 MB /   0.50 sec =  289.3659 Mbps     0 retrans  11090 KB-cwnd
[2024-11-08T12:11:40.248280-0500]    20.8750 MB /   0.50 sec =  350.2713 Mbps     0 retrans  11090 KB-cwnd
[2024-11-08T12:11:40.748341-0500]    17.7500 MB /   0.50 sec =  297.7741 Mbps     0 retrans  11133 KB-cwnd
[2024-11-08T12:11:41.248317-0500]    17.2500 MB /   0.50 sec =  289.4197 Mbps     2 retrans  11426 KB-cwnd
[2024-11-08T12:11:41.748926-0500]    12.3750 MB /   0.50 sec =  207.5666 Mbps     0 retrans  11426 KB-cwnd
[2024-11-08T12:11:42.248429-0500]    23.3125 MB /   0.50 sec =  391.1744 Mbps     0 retrans  11426 KB-cwnd
[2024-11-08T12:11:42.748706-0500]    19.4375 MB /   0.50 sec =  325.9318 Mbps     0 retrans  11316 KB-cwnd
[2024-11-08T12:11:43.248322-0500]    20.3125 MB /   0.50 sec =  341.0034 Mbps     4 retrans   8319 KB-cwnd
[2024-11-08T12:11:43.748296-0500]     9.7500 MB /   0.50 sec =  163.5811 Mbps     0 retrans   8319 KB-cwnd
[2024-11-08T12:11:44.248381-0500]    27.3750 MB /   0.50 sec =  459.2579 Mbps     0 retrans   8319 KB-cwnd
[2024-11-08T12:11:44.748337-0500]    19.8125 MB /   0.50 sec =  332.4072 Mbps     0 retrans   8319 KB-cwnd
[2024-11-08T12:11:45.248360-0500]    22.0000 MB /   0.50 sec =  369.0678 Mbps     4 retrans   7707 KB-cwnd
[2024-11-08T12:11:45.748338-0500]    25.3125 MB /   0.50 sec =  424.6996 Mbps     0 retrans   7707 KB-cwnd
[2024-11-08T12:11:46.248292-0500]    25.2500 MB /   0.50 sec =  423.6416 Mbps     0 retrans   7707 KB-cwnd
[2024-11-08T12:11:46.748526-0500]    16.5000 MB /   0.50 sec =  276.8163 Mbps     2 retrans   8740 KB-cwnd
[2024-11-08T12:11:47.248366-0500]    10.6875 MB /   0.50 sec =  179.3018 Mbps     0 retrans   8740 KB-cwnd
[2024-11-08T12:11:47.748403-0500]    18.3125 MB /   0.50 sec =  307.2113 Mbps     0 retrans   8740 KB-cwnd
[2024-11-08T12:11:48.248328-0500]    12.0625 MB /   0.50 sec =  202.3950 Mbps     0 retrans   8740 KB-cwnd
[2024-11-08T12:11:48.748312-0500]     6.6875 MB /   0.50 sec =  112.1992 Mbps     0 retrans   8778 KB-cwnd
[2024-11-08T12:11:49.248328-0500]    16.1250 MB /   0.50 sec =  270.5304 Mbps     3 retrans   8892 KB-cwnd
End time: 1731085909811
