Start time: 1730919627340
[2024-11-06T14:00:28.185466-0500] nuttcp-r: v8.1.4: socket
[2024-11-06T14:00:28.186468-0500] nuttcp-r: buflen=65536, nstream=1, port=5379 tcp
[2024-11-06T14:00:28.186588-0500] nuttcp-r: interval reporting every 0.50 seconds
[2024-11-06T14:00:28.186682-0500] nuttcp-r: connect to 54.197.223.49 with RTT=56.104 ms af=inet
[2024-11-06T14:00:28.186772-0500] nuttcp-r: send window size = 2097152, receive window size = 6291456
[2024-11-06T14:00:28.186858-0500] nuttcp-r: available send window = 1572864, available receive window = 4718592
[2024-11-06T14:00:28.186944-0500]     0.6875 MB /   0.50 sec =   11.5312 Mbps     0 retrans     13 KB-cwnd
[2024-11-06T14:00:28.685721-0500]     1.7500 MB /   0.50 sec =   29.3615 Mbps     0 retrans     13 KB-cwnd
[2024-11-06T14:00:29.185207-0500]    10.2500 MB /   0.50 sec =  171.9833 Mbps     0 retrans     13 KB-cwnd
[2024-11-06T14:00:29.685136-0500]     8.3125 MB /   0.50 sec =  139.4706 Mbps     0 retrans     13 KB-cwnd
[2024-11-06T14:00:30.185636-0500]    11.3125 MB /   0.50 sec =  189.7714 Mbps     0 retrans     13 KB-cwnd
[2024-11-06T14:00:30.685813-0500]     6.5625 MB /   0.50 sec =  110.0582 Mbps     0 retrans     13 KB-cwnd
[2024-11-06T14:00:31.185307-0500]    11.7500 MB /   0.50 sec =  197.2151 Mbps     0 retrans     13 KB-cwnd
[2024-11-06T14:00:31.685432-0500]     8.9375 MB /   0.50 sec =  149.8945 Mbps     0 retrans     13 KB-cwnd
[2024-11-06T14:00:32.185192-0500]     8.8750 MB /   0.50 sec =  148.9583 Mbps     0 retrans     13 KB-cwnd
[2024-11-06T14:00:32.686633-0500]    10.9375 MB /   0.50 sec =  182.9943 Mbps     0 retrans     13 KB-cwnd
[2024-11-06T14:00:33.185327-0500]     9.2500 MB /   0.50 sec =  155.6072 Mbps     0 retrans     13 KB-cwnd
[2024-11-06T14:00:33.685192-0500]    10.0625 MB /   0.50 sec =  168.8224 Mbps     0 retrans     13 KB-cwnd
[2024-11-06T14:00:34.185309-0500]    10.3125 MB /   0.50 sec =  173.0147 Mbps     0 retrans     13 KB-cwnd
[2024-11-06T14:00:34.685462-0500]     7.8125 MB /   0.50 sec =  131.0301 Mbps     0 retrans     13 KB-cwnd
[2024-11-06T14:00:35.185149-0500]     9.0625 MB /   0.50 sec =  152.1044 Mbps     0 retrans     13 KB-cwnd
[2024-11-06T14:00:35.685755-0500]     9.9375 MB /   0.50 sec =  166.5494 Mbps     0 retrans     13 KB-cwnd
[2024-11-06T14:00:36.185619-0500]     8.8750 MB /   0.50 sec =  149.0104 Mbps     0 retrans     13 KB-cwnd
[2024-11-06T14:00:36.685477-0500]     8.8125 MB /   0.50 sec =  147.8492 Mbps     0 retrans     15 KB-cwnd
[2024-11-06T14:00:37.185311-0500]     5.8750 MB /   0.50 sec =   98.5971 Mbps     0 retrans     15 KB-cwnd
[2024-11-06T14:00:37.685160-0500]     9.4375 MB /   0.50 sec =  158.3293 Mbps     0 retrans     26 KB-cwnd
[2024-11-06T14:00:38.186677-0500]     4.0625 MB /   0.50 sec =   67.9659 Mbps     0 retrans     26 KB-cwnd
[2024-11-06T14:00:38.685366-0500]     6.1250 MB /   0.50 sec =  103.0374 Mbps     0 retrans     26 KB-cwnd
[2024-11-06T14:00:39.185412-0500]     9.8750 MB /   0.50 sec =  165.6975 Mbps     0 retrans     26 KB-cwnd
[2024-11-06T14:00:39.685648-0500]     8.9375 MB /   0.50 sec =  149.8340 Mbps     0 retrans     26 KB-cwnd
[2024-11-06T14:00:40.186712-0500]     9.5000 MB /   0.50 sec =  159.0473 Mbps     0 retrans     26 KB-cwnd
[2024-11-06T14:00:40.685495-0500]     5.5000 MB /   0.50 sec =   92.5336 Mbps     0 retrans     26 KB-cwnd
[2024-11-06T14:00:41.185218-0500]     6.2500 MB /   0.50 sec =  104.8603 Mbps     0 retrans     26 KB-cwnd
[2024-11-06T14:00:41.685216-0500]     4.8750 MB /   0.50 sec =   81.7884 Mbps     0 retrans     26 KB-cwnd
[2024-11-06T14:00:42.185179-0500]     7.0625 MB /   0.50 sec =  118.4905 Mbps     0 retrans     26 KB-cwnd
[2024-11-06T14:00:42.685201-0500]     5.8750 MB /   0.50 sec =   98.5659 Mbps     0 retrans     26 KB-cwnd
[2024-11-06T14:00:43.185375-0500]     9.1875 MB /   0.50 sec =  154.1160 Mbps     0 retrans     26 KB-cwnd
[2024-11-06T14:00:43.685309-0500]    11.0000 MB /   0.50 sec =  184.5767 Mbps     0 retrans     26 KB-cwnd
[2024-11-06T14:00:44.185466-0500]     9.3125 MB /   0.50 sec =  156.2366 Mbps     0 retrans     26 KB-cwnd
[2024-11-06T14:00:44.685460-0500]     7.3125 MB /   0.50 sec =  122.6319 Mbps     0 retrans     26 KB-cwnd
[2024-11-06T14:00:45.185310-0500]     7.8750 MB /   0.50 sec =  132.1713 Mbps     0 retrans     26 KB-cwnd
[2024-11-06T14:00:45.685319-0500]    12.1250 MB /   0.50 sec =  203.4294 Mbps     0 retrans     26 KB-cwnd
[2024-11-06T14:00:46.185799-0500]     8.1875 MB /   0.50 sec =  137.2567 Mbps     0 retrans     29 KB-cwnd
[2024-11-06T14:00:46.686923-0500]     7.1875 MB /   0.50 sec =  120.3266 Mbps     0 retrans     29 KB-cwnd
[2024-11-06T14:00:47.185268-0500]     9.0625 MB /   0.50 sec =  152.4762 Mbps     0 retrans     34 KB-cwnd
[2024-11-06T14:00:47.686428-0500]    10.8750 MB /   0.50 sec =  182.0586 Mbps     0 retrans     34 KB-cwnd
[2024-11-06T14:00:48.185474-0500]    11.5000 MB /   0.50 sec =  193.2956 Mbps     0 retrans     37 KB-cwnd
[2024-11-06T14:00:48.685340-0500]     8.1875 MB /   0.50 sec =  137.4011 Mbps     0 retrans     41 KB-cwnd
[2024-11-06T14:00:49.186194-0500]     8.8125 MB /   0.50 sec =  147.5942 Mbps     0 retrans     41 KB-cwnd
[2024-11-06T14:00:49.687200-0500]     8.3750 MB /   0.50 sec =  140.3618 Mbps     0 retrans     42 KB-cwnd
[2024-11-06T14:00:50.185475-0500]    13.1875 MB /   0.50 sec =  221.8752 Mbps     0 retrans     42 KB-cwnd
[2024-11-06T14:00:50.685542-0500]     5.5000 MB /   0.50 sec =   92.2393 Mbps     0 retrans     43 KB-cwnd
[2024-11-06T14:00:51.185361-0500]    12.5625 MB /   0.50 sec =  210.8591 Mbps     0 retrans     47 KB-cwnd
[2024-11-06T14:00:51.685479-0500]     5.0000 MB /   0.50 sec =   83.8520 Mbps     0 retrans     47 KB-cwnd
[2024-11-06T14:00:52.186905-0500]    10.5625 MB /   0.50 sec =  176.8874 Mbps     0 retrans     47 KB-cwnd
[2024-11-06T14:00:52.685455-0500]    12.0000 MB /   0.50 sec =  201.7123 Mbps  3931 retrans   3612 KB-cwnd
[2024-11-06T14:00:53.185568-0500]     6.0000 MB /   0.50 sec =  100.6814 Mbps     0 retrans   3612 KB-cwnd
[2024-11-06T14:00:53.685482-0500]     8.5625 MB /   0.50 sec =  143.6181 Mbps     0 retrans   3612 KB-cwnd
[2024-11-06T14:00:54.185484-0500]     0.3750 MB /   0.50 sec =    6.2938 Mbps     0 retrans   3612 KB-cwnd
[2024-11-06T14:00:54.685304-0500]     1.3750 MB /   0.50 sec =   23.0694 Mbps     0 retrans   3612 KB-cwnd
[2024-11-06T14:00:55.185352-0500]     3.6250 MB /   0.50 sec =   60.8102 Mbps     0 retrans   3612 KB-cwnd
[2024-11-06T14:00:55.685515-0500]     0.0000 MB /   0.50 sec =    0.0000 Mbps     0 retrans   3612 KB-cwnd
[2024-11-06T14:00:56.185607-0500]     0.0000 MB /   0.50 sec =    0.0000 Mbps     0 retrans   3612 KB-cwnd
[2024-11-06T14:00:56.686529-0500]     0.0000 MB /   0.50 sec =    0.0000 Mbps     0 retrans   3612 KB-cwnd
[2024-11-06T14:00:57.185205-0500]    14.6875 MB /   0.50 sec =  246.9498 Mbps     0 retrans   3612 KB-cwnd
[2024-11-06T14:00:57.685309-0500]    11.3125 MB /   0.50 sec =  189.7896 Mbps     0 retrans   3612 KB-cwnd
[2024-11-06T14:00:58.185226-0500]    17.0000 MB /   0.50 sec =  285.2127 Mbps     0 retrans   3612 KB-cwnd
[2024-11-06T14:00:58.685436-0500]    21.8125 MB /   0.50 sec =  365.7928 Mbps     0 retrans   3612 KB-cwnd
[2024-11-06T14:00:59.186244-0500]    10.8750 MB /   0.50 sec =  182.1862 Mbps     0 retrans   3612 KB-cwnd
[2024-11-06T14:00:59.685384-0500]     7.9375 MB /   0.50 sec =  133.4237 Mbps     0 retrans   3612 KB-cwnd
[2024-11-06T14:01:00.185290-0500]     9.7500 MB /   0.50 sec =  163.5720 Mbps     0 retrans   3612 KB-cwnd
[2024-11-06T14:01:00.685226-0500]    14.6875 MB /   0.50 sec =  246.4188 Mbps     0 retrans   3612 KB-cwnd
[2024-11-06T14:01:01.185207-0500]    21.1875 MB /   0.50 sec =  355.4730 Mbps  8212 retrans   3154 KB-cwnd
[2024-11-06T14:01:01.685225-0500]    13.3125 MB /   0.50 sec =  223.3462 Mbps     0 retrans   3154 KB-cwnd
[2024-11-06T14:01:02.185212-0500]    19.1250 MB /   0.50 sec =  320.8662 Mbps     0 retrans   3154 KB-cwnd
[2024-11-06T14:01:02.685271-0500]    14.0000 MB /   0.50 sec =  234.8782 Mbps     0 retrans   3154 KB-cwnd
[2024-11-06T14:01:03.185194-0500]    20.1875 MB /   0.50 sec =  338.6975 Mbps  1561 retrans   5122 KB-cwnd
[2024-11-06T14:01:03.685422-0500]    16.4375 MB /   0.50 sec =  275.7871 Mbps     0 retrans   5122 KB-cwnd
[2024-11-06T14:01:04.185317-0500]     8.1875 MB /   0.50 sec =  137.3635 Mbps     0 retrans   5122 KB-cwnd
[2024-11-06T14:01:04.685323-0500]     9.5625 MB /   0.50 sec =  160.4187 Mbps     0 retrans   5122 KB-cwnd
[2024-11-06T14:01:05.185207-0500]    22.0625 MB /   0.50 sec =  370.1577 Mbps     0 retrans   5165 KB-cwnd
[2024-11-06T14:01:05.685322-0500]    25.2500 MB /   0.50 sec =  423.6239 Mbps   238 retrans   7499 KB-cwnd
[2024-11-06T14:01:06.185196-0500]    25.6250 MB /   0.50 sec =  429.9248 Mbps     0 retrans   7499 KB-cwnd
[2024-11-06T14:01:06.685216-0500]    18.2500 MB /   0.50 sec =  306.1817 Mbps     0 retrans   7499 KB-cwnd
[2024-11-06T14:01:07.185382-0500]    17.0625 MB /   0.50 sec =  286.2515 Mbps     0 retrans   6449 KB-cwnd
[2024-11-06T14:01:07.685225-0500]    16.6875 MB /   0.50 sec =  279.9760 Mbps     0 retrans   6449 KB-cwnd
[2024-11-06T14:01:08.185372-0500]    14.9375 MB /   0.50 sec =  250.6237 Mbps     0 retrans   6449 KB-cwnd
[2024-11-06T14:01:08.685290-0500]     4.8750 MB /   0.50 sec =   81.7708 Mbps     0 retrans   6449 KB-cwnd
[2024-11-06T14:01:09.185228-0500]    17.8750 MB /   0.50 sec =  299.9431 Mbps     0 retrans   6449 KB-cwnd
[2024-11-06T14:01:09.685332-0500]    18.6875 MB /   0.50 sec =  313.5255 Mbps     0 retrans   8210 KB-cwnd
[2024-11-06T14:01:10.185207-0500]    10.8750 MB /   0.50 sec =  182.4402 Mbps     0 retrans   8210 KB-cwnd
[2024-11-06T14:01:10.685780-0500]    22.8125 MB /   0.50 sec =  382.3891 Mbps     0 retrans   8210 KB-cwnd
[2024-11-06T14:01:11.185326-0500]    28.4375 MB /   0.50 sec =  477.5567 Mbps     0 retrans   8210 KB-cwnd
[2024-11-06T14:01:11.685300-0500]    24.5625 MB /   0.50 sec =  412.0920 Mbps     0 retrans   8445 KB-cwnd
[2024-11-06T14:01:12.185418-0500]    19.9375 MB /   0.50 sec =  334.3740 Mbps     0 retrans   8455 KB-cwnd
[2024-11-06T14:01:12.685454-0500]    27.8750 MB /   0.50 sec =  467.8258 Mbps     0 retrans   8455 KB-cwnd
[2024-11-06T14:01:13.185328-0500]    29.8125 MB /   0.50 sec =  500.1387 Mbps     0 retrans   6175 KB-cwnd
[2024-11-06T14:01:13.685220-0500]    24.1875 MB /   0.50 sec =  405.8289 Mbps     0 retrans   6175 KB-cwnd
[2024-11-06T14:01:14.185165-0500]    22.2500 MB /   0.50 sec =  373.2998 Mbps     0 retrans   8263 KB-cwnd
[2024-11-06T14:01:14.685593-0500]    29.6875 MB /   0.50 sec =  497.7431 Mbps     0 retrans   8263 KB-cwnd
[2024-11-06T14:01:15.185407-0500]    30.6250 MB /   0.50 sec =  514.1766 Mbps     0 retrans   8263 KB-cwnd
[2024-11-06T14:01:15.685301-0500]    27.5625 MB /   0.50 sec =  462.3823 Mbps     0 retrans   8309 KB-cwnd
[2024-11-06T14:01:16.185213-0500]    18.0000 MB /   0.50 sec =  301.9923 Mbps     0 retrans   8309 KB-cwnd
[2024-11-06T14:01:16.685362-0500]     3.8750 MB /   0.50 sec =   65.0040 Mbps     0 retrans   8309 KB-cwnd
[2024-11-06T14:01:17.185198-0500]    15.4375 MB /   0.50 sec =  259.0294 Mbps     0 retrans   8309 KB-cwnd
[2024-11-06T14:01:17.685428-0500]     0.4375 MB /   0.50 sec =    7.3397 Mbps     0 retrans   8309 KB-cwnd
[2024-11-06T14:01:18.185272-0500]    12.6250 MB /   0.50 sec =  211.8200 Mbps     0 retrans   8309 KB-cwnd
[2024-11-06T14:01:18.685225-0500]    12.7500 MB /   0.50 sec =  213.9095 Mbps     0 retrans   6553 KB-cwnd
[2024-11-06T14:01:19.186247-0500]     7.6250 MB /   0.50 sec =  127.6562 Mbps     0 retrans   6553 KB-cwnd
[2024-11-06T14:01:19.685520-0500]    11.1875 MB /   0.50 sec =  188.0878 Mbps     0 retrans   6553 KB-cwnd
[2024-11-06T14:01:20.185325-0500]     7.5625 MB /   0.50 sec =  126.8787 Mbps     0 retrans   6553 KB-cwnd
[2024-11-06T14:01:20.685324-0500]     6.1250 MB /   0.50 sec =  102.7510 Mbps     0 retrans   6553 KB-cwnd
[2024-11-06T14:01:21.185224-0500]     9.2500 MB /   0.50 sec =  155.2057 Mbps     0 retrans   6553 KB-cwnd
[2024-11-06T14:01:21.685317-0500]     6.8750 MB /   0.50 sec =  115.3399 Mbps     0 retrans   6553 KB-cwnd
[2024-11-06T14:01:22.185405-0500]     9.5625 MB /   0.50 sec =  160.4382 Mbps     0 retrans   6553 KB-cwnd
[2024-11-06T14:01:22.685590-0500]     7.9375 MB /   0.50 sec =  133.1114 Mbps     0 retrans   9172 KB-cwnd
[2024-11-06T14:01:23.185212-0500]     6.8125 MB /   0.50 sec =  114.3451 Mbps     0 retrans   9172 KB-cwnd
[2024-11-06T14:01:23.685358-0500]    10.5000 MB /   0.50 sec =  176.1481 Mbps     0 retrans   9172 KB-cwnd
[2024-11-06T14:01:24.185300-0500]    12.8750 MB /   0.50 sec =  216.0036 Mbps     0 retrans   9172 KB-cwnd
[2024-11-06T14:01:24.686522-0500]    14.7500 MB /   0.50 sec =  246.8655 Mbps     0 retrans   9172 KB-cwnd
[2024-11-06T14:01:25.185222-0500]     9.3750 MB /   0.50 sec =  157.6812 Mbps     0 retrans   9172 KB-cwnd
[2024-11-06T14:01:25.685482-0500]    19.3125 MB /   0.50 sec =  324.0061 Mbps   770 retrans   9220 KB-cwnd
[2024-11-06T14:01:26.185357-0500]    14.0625 MB /   0.50 sec =  235.9405 Mbps     0 retrans   9220 KB-cwnd
[2024-11-06T14:01:26.685623-0500]    11.3750 MB /   0.50 sec =  190.6921 Mbps     0 retrans   9220 KB-cwnd
[2024-11-06T14:01:27.185222-0500]    12.6875 MB /   0.50 sec =  213.0194 Mbps     0 retrans   9220 KB-cwnd
[2024-11-06T14:01:27.685220-0500]     5.3750 MB /   0.50 sec =   90.1774 Mbps     0 retrans   9220 KB-cwnd
[2024-11-06T14:01:28.185221-0500]    11.3750 MB /   0.50 sec =  190.8424 Mbps     0 retrans   9220 KB-cwnd
[2024-11-06T14:01:28.685220-0500]    12.1875 MB /   0.50 sec =  204.4719 Mbps     0 retrans   9220 KB-cwnd
[2024-11-06T14:01:29.185415-0500]    11.7500 MB /   0.50 sec =  197.1268 Mbps    55 retrans   3784 KB-cwnd
[2024-11-06T14:01:29.685298-0500]     5.7500 MB /   0.50 sec =   96.4711 Mbps     0 retrans   3828 KB-cwnd
[2024-11-06T14:01:30.185290-0500]    13.3125 MB /   0.50 sec =  223.3306 Mbps     0 retrans   3828 KB-cwnd
[2024-11-06T14:01:30.685199-0500]     8.7500 MB /   0.50 sec =  146.8039 Mbps     0 retrans   3828 KB-cwnd
[2024-11-06T14:01:31.185339-0500]     8.2500 MB /   0.50 sec =  138.3996 Mbps     0 retrans   3828 KB-cwnd
[2024-11-06T14:01:31.685280-0500]    14.3750 MB /   0.50 sec =  241.2053 Mbps     0 retrans   3828 KB-cwnd
[2024-11-06T14:01:32.185441-0500]    12.4375 MB /   0.50 sec =  208.6466 Mbps     0 retrans   5581 KB-cwnd
[2024-11-06T14:01:32.685611-0500]    14.9375 MB /   0.50 sec =  250.5861 Mbps     0 retrans   5581 KB-cwnd
[2024-11-06T14:01:33.185344-0500]     9.6875 MB /   0.50 sec =  162.5429 Mbps     0 retrans   5581 KB-cwnd
[2024-11-06T14:01:33.685354-0500]    15.6875 MB /   0.50 sec =  263.2157 Mbps     0 retrans   5693 KB-cwnd
[2024-11-06T14:01:34.185277-0500]    15.8125 MB /   0.50 sec =  265.2950 Mbps     0 retrans   5693 KB-cwnd
[2024-11-06T14:01:34.685222-0500]    10.6250 MB /   0.50 sec =  178.2597 Mbps     0 retrans   5693 KB-cwnd
[2024-11-06T14:01:35.185289-0500]     9.8750 MB /   0.50 sec =  165.6727 Mbps     0 retrans   3812 KB-cwnd
[2024-11-06T14:01:35.685348-0500]     6.6875 MB /   0.50 sec =  112.1839 Mbps     0 retrans   3812 KB-cwnd
[2024-11-06T14:01:36.185214-0500]     7.1250 MB /   0.50 sec =  119.5546 Mbps     0 retrans   3812 KB-cwnd
[2024-11-06T14:01:36.685354-0500]    10.7500 MB /   0.50 sec =  180.3525 Mbps     0 retrans   3812 KB-cwnd
[2024-11-06T14:01:37.185210-0500]    11.6875 MB /   0.50 sec =  196.0865 Mbps     0 retrans   3812 KB-cwnd
[2024-11-06T14:01:37.685449-0500]    12.3750 MB /   0.50 sec =  207.6122 Mbps     0 retrans   3812 KB-cwnd
[2024-11-06T14:01:38.185210-0500]    12.0000 MB /   0.50 sec =  201.3330 Mbps     0 retrans   3769 KB-cwnd
[2024-11-06T14:01:38.685369-0500]     7.0625 MB /   0.50 sec =  118.4846 Mbps     0 retrans   5296 KB-cwnd
[2024-11-06T14:01:39.185319-0500]    10.2500 MB /   0.50 sec =  171.9517 Mbps     0 retrans   5296 KB-cwnd
[2024-11-06T14:01:39.685224-0500]     8.6250 MB /   0.50 sec =  144.7185 Mbps     0 retrans   5296 KB-cwnd
[2024-11-06T14:01:40.185386-0500]     1.3750 MB /   0.50 sec =   23.0660 Mbps     0 retrans   5296 KB-cwnd
[2024-11-06T14:01:40.685418-0500]     5.5625 MB /   0.50 sec =   93.3328 Mbps     0 retrans   5296 KB-cwnd
[2024-11-06T14:01:41.185221-0500]     3.0625 MB /   0.50 sec =   51.3813 Mbps     0 retrans   5296 KB-cwnd
[2024-11-06T14:01:41.685163-0500]     2.5000 MB /   0.50 sec =   41.9456 Mbps     0 retrans   5296 KB-cwnd
[2024-11-06T14:01:42.185438-0500]     3.8750 MB /   0.50 sec =   65.0007 Mbps     0 retrans   5296 KB-cwnd
[2024-11-06T14:01:42.685329-0500]     1.9375 MB /   0.50 sec =   32.5064 Mbps     0 retrans   5245 KB-cwnd
[2024-11-06T14:01:43.185224-0500]     3.3750 MB /   0.50 sec =   56.6285 Mbps     0 retrans   5245 KB-cwnd
[2024-11-06T14:01:43.685321-0500]     4.7500 MB /   0.50 sec =   79.6884 Mbps     0 retrans   5245 KB-cwnd
[2024-11-06T14:01:44.185210-0500]     6.8125 MB /   0.50 sec =  114.3007 Mbps     0 retrans   5245 KB-cwnd
[2024-11-06T14:01:44.685407-0500]     8.2500 MB /   0.50 sec =  138.3849 Mbps     0 retrans   5245 KB-cwnd
[2024-11-06T14:01:45.185289-0500]     9.8750 MB /   0.50 sec =  165.7062 Mbps     0 retrans   6745 KB-cwnd
[2024-11-06T14:01:45.685332-0500]    10.0000 MB /   0.50 sec =  167.7483 Mbps     0 retrans   6745 KB-cwnd
[2024-11-06T14:01:46.185307-0500]     6.9375 MB /   0.50 sec =  116.4075 Mbps     0 retrans   6745 KB-cwnd
[2024-11-06T14:01:46.685336-0500]     7.3125 MB /   0.50 sec =  122.6751 Mbps     0 retrans   6745 KB-cwnd
[2024-11-06T14:01:47.185290-0500]     9.8125 MB /   0.50 sec =  164.6363 Mbps     0 retrans   6745 KB-cwnd
[2024-11-06T14:01:47.685342-0500]    10.6875 MB /   0.50 sec =  179.2896 Mbps     0 retrans   6745 KB-cwnd
[2024-11-06T14:01:48.185278-0500]    14.5625 MB /   0.50 sec =  244.3431 Mbps     0 retrans   6745 KB-cwnd
[2024-11-06T14:01:48.685308-0500]    14.7500 MB /   0.50 sec =  247.4634 Mbps     0 retrans   5109 KB-cwnd
[2024-11-06T14:01:49.185220-0500]    11.2500 MB /   0.50 sec =  188.7459 Mbps     0 retrans   5109 KB-cwnd
[2024-11-06T14:01:49.685432-0500]    14.1250 MB /   0.50 sec =  236.9768 Mbps     0 retrans   5109 KB-cwnd
[2024-11-06T14:01:50.185196-0500]    15.1250 MB /   0.50 sec =  253.7493 Mbps     0 retrans   5109 KB-cwnd
[2024-11-06T14:01:50.685382-0500]     0.1875 MB /   0.50 sec =    3.1451 Mbps     0 retrans   5109 KB-cwnd
[2024-11-06T14:01:51.185287-0500]    19.8125 MB /   0.50 sec =  332.4564 Mbps     0 retrans   5109 KB-cwnd
[2024-11-06T14:01:51.685359-0500]     8.4375 MB /   0.50 sec =  141.5563 Mbps     0 retrans   4123 KB-cwnd
[2024-11-06T14:01:52.185316-0500]    17.0000 MB /   0.50 sec =  285.1990 Mbps     0 retrans   4123 KB-cwnd
[2024-11-06T14:01:52.685228-0500]     9.6250 MB /   0.50 sec =  161.4965 Mbps     0 retrans   4123 KB-cwnd
[2024-11-06T14:01:53.185420-0500]     9.9375 MB /   0.50 sec =  166.7243 Mbps     0 retrans   4123 KB-cwnd
[2024-11-06T14:01:53.685300-0500]     9.7500 MB /   0.50 sec =  163.5729 Mbps     0 retrans   4123 KB-cwnd
[2024-11-06T14:01:54.185372-0500]    12.9375 MB /   0.50 sec =  217.0496 Mbps     0 retrans   4123 KB-cwnd
[2024-11-06T14:01:54.685297-0500]     9.0625 MB /   0.50 sec =  152.0490 Mbps     0 retrans   4294 KB-cwnd
[2024-11-06T14:01:55.185339-0500]     6.3125 MB /   0.50 sec =  105.8905 Mbps     0 retrans   4294 KB-cwnd
[2024-11-06T14:01:55.685329-0500]     5.5000 MB /   0.50 sec =   92.2784 Mbps     0 retrans   4294 KB-cwnd
[2024-11-06T14:01:56.185217-0500]     4.8125 MB /   0.50 sec =   80.7507 Mbps     0 retrans   4294 KB-cwnd
[2024-11-06T14:01:56.685278-0500]     8.1250 MB /   0.50 sec =  136.3132 Mbps     0 retrans   4294 KB-cwnd
[2024-11-06T14:01:57.185145-0500]     9.2500 MB /   0.50 sec =  155.1973 Mbps     0 retrans   4294 KB-cwnd
[2024-11-06T14:01:57.685466-0500]     9.8125 MB /   0.50 sec =  164.5846 Mbps     0 retrans   4294 KB-cwnd
[2024-11-06T14:01:58.185157-0500]     8.6250 MB /   0.50 sec =  144.7385 Mbps     0 retrans   4294 KB-cwnd
[2024-11-06T14:01:58.685336-0500]    13.0000 MB /   0.50 sec =  218.0912 Mbps     0 retrans   4294 KB-cwnd
[2024-11-06T14:01:59.185304-0500]    12.3125 MB /   0.50 sec =  206.5748 Mbps     4 retrans   7627 KB-cwnd
[2024-11-06T14:01:59.685445-0500]     8.6250 MB /   0.50 sec =  144.7023 Mbps     0 retrans   7627 KB-cwnd
[2024-11-06T14:02:00.185460-0500]     9.1250 MB /   0.50 sec =  153.0704 Mbps     0 retrans   7627 KB-cwnd
[2024-11-06T14:02:00.685324-0500]     3.8125 MB /   0.50 sec =   63.9640 Mbps     0 retrans   7627 KB-cwnd
[2024-11-06T14:02:01.185194-0500]    11.0000 MB /   0.50 sec =  184.5741 Mbps     0 retrans   7627 KB-cwnd
[2024-11-06T14:02:01.685418-0500]    17.0625 MB /   0.50 sec =  286.2143 Mbps     0 retrans   7661 KB-cwnd
[2024-11-06T14:02:02.185382-0500]    14.7500 MB /   0.50 sec =  247.4941 Mbps     0 retrans   4606 KB-cwnd
[2024-11-06T14:02:02.685223-0500]    23.3125 MB /   0.50 sec =  391.1259 Mbps     0 retrans   4606 KB-cwnd
[2024-11-06T14:02:03.185286-0500]    10.1875 MB /   0.50 sec =  170.9131 Mbps     0 retrans   4606 KB-cwnd
[2024-11-06T14:02:03.685408-0500]    21.1875 MB /   0.50 sec =  355.4730 Mbps     0 retrans   4606 KB-cwnd
[2024-11-06T14:02:04.185392-0500]    10.9375 MB /   0.50 sec =  183.5052 Mbps     0 retrans   4606 KB-cwnd
[2024-11-06T14:02:04.685306-0500]    17.3750 MB /   0.50 sec =  291.4866 Mbps     0 retrans   3492 KB-cwnd
[2024-11-06T14:02:05.185300-0500]    19.2500 MB /   0.50 sec =  322.9717 Mbps     0 retrans   3513 KB-cwnd
[2024-11-06T14:02:05.685301-0500]    15.8125 MB /   0.50 sec =  265.2993 Mbps     0 retrans   3513 KB-cwnd
[2024-11-06T14:02:06.185340-0500]    15.7500 MB /   0.50 sec =  264.2264 Mbps     0 retrans   3513 KB-cwnd
[2024-11-06T14:02:06.685370-0500]     3.5625 MB /   0.50 sec =   59.7620 Mbps     0 retrans   3513 KB-cwnd
[2024-11-06T14:02:07.185301-0500]    16.7500 MB /   0.50 sec =  281.0633 Mbps     0 retrans   6817 KB-cwnd
[2024-11-06T14:02:07.685224-0500]    16.3125 MB /   0.50 sec =  273.6783 Mbps     0 retrans   8341 KB-cwnd
[2024-11-06T14:02:08.185189-0500]    19.5000 MB /   0.50 sec =  327.1544 Mbps     0 retrans   8341 KB-cwnd
[2024-11-06T14:02:08.685390-0500]    22.7500 MB /   0.50 sec =  381.6679 Mbps     0 retrans   8341 KB-cwnd
[2024-11-06T14:02:09.185401-0500]     9.8125 MB /   0.50 sec =  164.6179 Mbps     1 retrans   7067 KB-cwnd
[2024-11-06T14:02:09.685226-0500]    20.2500 MB /   0.50 sec =  339.7719 Mbps     0 retrans   7067 KB-cwnd
[2024-11-06T14:02:10.185395-0500]     2.5625 MB /   0.50 sec =   42.9828 Mbps     0 retrans   7067 KB-cwnd
[2024-11-06T14:02:10.685354-0500]    20.8750 MB /   0.50 sec =  350.2734 Mbps     0 retrans   7067 KB-cwnd
[2024-11-06T14:02:11.185328-0500]    16.0000 MB /   0.50 sec =  268.4301 Mbps     0 retrans   7067 KB-cwnd
[2024-11-06T14:02:11.685429-0500]    15.5000 MB /   0.50 sec =  260.0411 Mbps    27 retrans   6082 KB-cwnd
[2024-11-06T14:02:12.185280-0500]    10.5000 MB /   0.50 sec =  176.1780 Mbps     0 retrans   6082 KB-cwnd
[2024-11-06T14:02:12.685333-0500]    11.7500 MB /   0.50 sec =  197.1260 Mbps     0 retrans   6082 KB-cwnd
[2024-11-06T14:02:13.185306-0500]    18.5625 MB /   0.50 sec =  311.4233 Mbps     0 retrans   6082 KB-cwnd
[2024-11-06T14:02:13.685181-0500]    11.8125 MB /   0.50 sec =  198.1864 Mbps     0 retrans   6082 KB-cwnd
[2024-11-06T14:02:14.185343-0500]     6.8125 MB /   0.50 sec =  114.2904 Mbps     0 retrans   6082 KB-cwnd
[2024-11-06T14:02:14.685333-0500]     6.8750 MB /   0.50 sec =  115.3385 Mbps     0 retrans   7200 KB-cwnd
[2024-11-06T14:02:15.185314-0500]     7.1250 MB /   0.50 sec =  119.5413 Mbps     0 retrans   7200 KB-cwnd
[2024-11-06T14:02:15.685348-0500]    11.4375 MB /   0.50 sec =  191.8813 Mbps     0 retrans   7200 KB-cwnd
[2024-11-06T14:02:16.185227-0500]     9.0625 MB /   0.50 sec =  152.0596 Mbps     0 retrans   7200 KB-cwnd
[2024-11-06T14:02:16.685318-0500]    10.8125 MB /   0.50 sec =  181.4044 Mbps     0 retrans   7200 KB-cwnd
[2024-11-06T14:02:17.185313-0500]     8.8750 MB /   0.50 sec =  148.8993 Mbps     0 retrans   7200 KB-cwnd
[2024-11-06T14:02:17.685372-0500]     7.0000 MB /   0.50 sec =  117.4206 Mbps     0 retrans   7200 KB-cwnd
[2024-11-06T14:02:18.185345-0500]     6.5000 MB /   0.50 sec =  109.0665 Mbps     0 retrans   7200 KB-cwnd
[2024-11-06T14:02:18.685451-0500]     8.1875 MB /   0.50 sec =  137.3475 Mbps    19 retrans   8900 KB-cwnd
[2024-11-06T14:02:19.185214-0500]     6.3750 MB /   0.50 sec =  106.9727 Mbps     0 retrans   8900 KB-cwnd
[2024-11-06T14:02:19.685435-0500]     2.8125 MB /   0.50 sec =   47.1752 Mbps     0 retrans   8900 KB-cwnd
[2024-11-06T14:02:20.185510-0500]    15.8125 MB /   0.50 sec =  265.3417 Mbps     0 retrans   8900 KB-cwnd
[2024-11-06T14:02:20.685392-0500]    14.8125 MB /   0.50 sec =  248.5061 Mbps     0 retrans   8900 KB-cwnd
[2024-11-06T14:02:21.185350-0500]     8.1250 MB /   0.50 sec =  136.3062 Mbps     0 retrans   8900 KB-cwnd
[2024-11-06T14:02:21.685384-0500]     8.8750 MB /   0.50 sec =  148.9103 Mbps     0 retrans   8900 KB-cwnd
[2024-11-06T14:02:22.185417-0500]     9.6250 MB /   0.50 sec =  161.4810 Mbps     0 retrans   8900 KB-cwnd
[2024-11-06T14:02:22.685318-0500]     7.9375 MB /   0.50 sec =  133.1548 Mbps     0 retrans   6524 KB-cwnd
[2024-11-06T14:02:23.185423-0500]     2.8750 MB /   0.50 sec =   48.2394 Mbps     0 retrans   6524 KB-cwnd
[2024-11-06T14:02:23.685268-0500]     5.6250 MB /   0.50 sec =   94.3771 Mbps     0 retrans   6524 KB-cwnd
[2024-11-06T14:02:24.185330-0500]     5.1875 MB /   0.50 sec =   87.0241 Mbps     0 retrans   6524 KB-cwnd
[2024-11-06T14:02:24.685167-0500]     6.1875 MB /   0.50 sec =  103.8202 Mbps     0 retrans   6524 KB-cwnd
[2024-11-06T14:02:25.185376-0500]     4.1250 MB /   0.50 sec =   69.1902 Mbps     0 retrans   6524 KB-cwnd
[2024-11-06T14:02:25.685336-0500]     5.8125 MB /   0.50 sec =   97.5322 Mbps     0 retrans   6524 KB-cwnd
[2024-11-06T14:02:26.185283-0500]     8.3750 MB /   0.50 sec =  140.5109 Mbps     0 retrans   6524 KB-cwnd
[2024-11-06T14:02:26.685217-0500]     4.8125 MB /   0.50 sec =   80.7425 Mbps     0 retrans   6524 KB-cwnd
[2024-11-06T14:02:27.185350-0500]     7.7500 MB /   0.50 sec =  130.0185 Mbps     0 retrans   6524 KB-cwnd
[2024-11-06T14:02:27.685382-0500]     1.6250 MB /   0.50 sec =   27.2592 Mbps     0 retrans   6524 KB-cwnd
[2024-11-06T14:02:28.185216-0500]    10.3125 MB /   0.50 sec =  173.0465 Mbps     0 retrans   6524 KB-cwnd
End time: 1730919748508
