Start time: 1730919965450
[2024-11-06T14:06:10.540843-0500] traceroute to 54.197.223.49 (54.197.223.49), 30 hops max, 60 byte packets
[2024-11-06T14:06:10.541963-0500]  1  * * *
[2024-11-06T14:06:10.542034-0500]  2  * * *
[2024-11-06T14:06:10.542080-0500]  3  * * *
[2024-11-06T14:06:10.550329-0500]  4  * * *
[2024-11-06T14:06:10.550424-0500]  5  * * *
[2024-11-06T14:06:15.548412-0500]  6  * * *
[2024-11-06T14:06:15.548740-0500]  7  * * *
[2024-11-06T14:06:15.555617-0500]  8  * * *
[2024-11-06T14:06:15.555830-0500]  9  * * *
[2024-11-06T14:06:15.555890-0500] 10  * * *
[2024-11-06T14:06:20.555996-0500] 11  * * *
[2024-11-06T14:06:20.556405-0500] 12  * * *
[2024-11-06T14:06:20.556535-0500] 13  * * *
[2024-11-06T14:06:20.569111-0500] 14  * * *
[2024-11-06T14:06:20.569500-0500] 15  * * *
[2024-11-06T14:06:25.564977-0500] 16  * * *
[2024-11-06T14:06:25.565553-0500] 17  * * *
[2024-11-06T14:06:25.574430-0500] 18  * * *
[2024-11-06T14:06:25.574582-0500] 19  * * *
[2024-11-06T14:06:25.582722-0500] 20  * * *
[2024-11-06T14:06:25.582959-0500] 21  * * *
[2024-11-06T14:06:30.573961-0500] 22  * * *
[2024-11-06T14:06:30.578621-0500] 23  * * *
[2024-11-06T14:06:30.581263-0500] 24  * * *
[2024-11-06T14:06:30.583776-0500] 25  * * *
[2024-11-06T14:06:30.587160-0500] 26  * * *
[2024-11-06T14:06:35.527468-0500] 27  * *End time: 1730919995620
