Start time: 1730824186000
[2024-11-05T10:29:46.965048-0600] nuttcp-r: v8.1.4: socket
[2024-11-05T10:29:46.965935-0600] nuttcp-r: buflen=65536, nstream=1, port=5379 tcp
[2024-11-05T10:29:46.966013-0600] nuttcp-r: interval reporting every 0.50 seconds
[2024-11-05T10:29:46.966146-0600] nuttcp-r: connect to 54.197.223.49 with RTT=90.023 ms af=inet
[2024-11-05T10:29:46.966212-0600] nuttcp-r: send window size = 2097152, receive window size = 6291456
[2024-11-05T10:29:46.966285-0600] nuttcp-r: available send window = 1572864, available receive window = 4718592
[2024-11-05T10:29:46.966357-0600]     0.3125 MB /   0.50 sec =    5.2414 Mbps     0 retrans     13 KB-cwnd
[2024-11-05T10:29:47.464744-0600]     0.6250 MB /   0.50 sec =   10.4875 Mbps     0 retrans     13 KB-cwnd
[2024-11-05T10:29:47.964791-0600]    13.4375 MB /   0.50 sec =  225.4362 Mbps     0 retrans     13 KB-cwnd
[2024-11-05T10:29:48.464704-0600]    37.9375 MB /   0.50 sec =  636.5238 Mbps     0 retrans     13 KB-cwnd
[2024-11-05T10:29:48.964751-0600]    26.2500 MB /   0.50 sec =  440.3693 Mbps     0 retrans     13 KB-cwnd
[2024-11-05T10:29:49.464646-0600]    32.0000 MB /   0.50 sec =  536.9203 Mbps     0 retrans     13 KB-cwnd
[2024-11-05T10:29:49.964705-0600]    32.0000 MB /   0.50 sec =  536.8763 Mbps     0 retrans     13 KB-cwnd
[2024-11-05T10:29:50.464605-0600]    34.0000 MB /   0.50 sec =  570.4459 Mbps     0 retrans     13 KB-cwnd
[2024-11-05T10:29:50.964597-0600]    24.1875 MB /   0.50 sec =  405.8022 Mbps     0 retrans     23 KB-cwnd
[2024-11-05T10:29:51.464670-0600]    25.2500 MB /   0.50 sec =  423.6289 Mbps     0 retrans     26 KB-cwnd
[2024-11-05T10:29:51.964590-0600]    23.2500 MB /   0.50 sec =  390.0664 Mbps     0 retrans     26 KB-cwnd
[2024-11-05T10:29:52.464749-0600]    27.0625 MB /   0.50 sec =  453.9744 Mbps     0 retrans     26 KB-cwnd
[2024-11-05T10:29:52.964742-0600]    28.1875 MB /   0.50 sec =  472.9068 Mbps     0 retrans     26 KB-cwnd
[2024-11-05T10:29:53.464616-0600]    29.2500 MB /   0.50 sec =  490.7836 Mbps     0 retrans     26 KB-cwnd
[2024-11-05T10:29:53.964753-0600]    29.8750 MB /   0.50 sec =  501.1622 Mbps     0 retrans     37 KB-cwnd
[2024-11-05T10:29:54.464820-0600]    32.1250 MB /   0.50 sec =  538.9885 Mbps     0 retrans     42 KB-cwnd
[2024-11-05T10:29:54.965836-0600]    34.1250 MB /   0.50 sec =  572.5076 Mbps   104 retrans  16522 KB-cwnd
[2024-11-05T10:29:55.464625-0600]    34.1875 MB /   0.50 sec =  573.6284 Mbps     0 retrans  16972 KB-cwnd
[2024-11-05T10:29:55.964875-0600]    33.4375 MB /   0.50 sec =  560.9399 Mbps     0 retrans  16972 KB-cwnd
[2024-11-05T10:29:56.464771-0600]    34.8125 MB /   0.50 sec =  583.9646 Mbps     0 retrans  16972 KB-cwnd
[2024-11-05T10:29:56.964724-0600]    21.8125 MB /   0.50 sec =  366.0087 Mbps     0 retrans  16972 KB-cwnd
[2024-11-05T10:29:57.464605-0600]    20.9375 MB /   0.50 sec =  351.3102 Mbps     0 retrans  13834 KB-cwnd
[2024-11-05T10:29:57.964698-0600]    32.9375 MB /   0.50 sec =  552.5233 Mbps     0 retrans  13959 KB-cwnd
[2024-11-05T10:29:58.464671-0600]    39.2500 MB /   0.50 sec =  658.5992 Mbps     0 retrans  13839 KB-cwnd
[2024-11-05T10:29:58.964698-0600]    36.0625 MB /   0.50 sec =  605.0054 Mbps     0 retrans  13839 KB-cwnd
[2024-11-05T10:29:59.464737-0600]    38.8750 MB /   0.50 sec =  652.1764 Mbps     0 retrans  20145 KB-cwnd
[2024-11-05T10:29:59.964713-0600]    38.2500 MB /   0.50 sec =  641.6990 Mbps     0 retrans  20145 KB-cwnd
[2024-11-05T10:30:00.464630-0600]    39.7500 MB /   0.50 sec =  666.9744 Mbps     0 retrans  19714 KB-cwnd
[2024-11-05T10:30:00.964630-0600]    36.3750 MB /   0.50 sec =  610.2578 Mbps     0 retrans  19714 KB-cwnd
[2024-11-05T10:30:01.464601-0600]    38.1250 MB /   0.50 sec =  639.6723 Mbps     0 retrans  17153 KB-cwnd
[2024-11-05T10:30:01.964648-0600]    38.2500 MB /   0.50 sec =  641.6990 Mbps     0 retrans  17153 KB-cwnd
[2024-11-05T10:30:02.464694-0600]    40.0000 MB /   0.50 sec =  671.0913 Mbps     0 retrans  18856 KB-cwnd
[2024-11-05T10:30:02.964790-0600]    38.6250 MB /   0.50 sec =  647.9953 Mbps     0 retrans  18856 KB-cwnd
[2024-11-05T10:30:03.464734-0600]    40.1875 MB /   0.50 sec =  674.2061 Mbps     0 retrans  19468 KB-cwnd
[2024-11-05T10:30:03.964734-0600]    41.7500 MB /   0.50 sec =  700.4362 Mbps     0 retrans  18094 KB-cwnd
[2024-11-05T10:30:04.464622-0600]    39.2500 MB /   0.50 sec =  658.5558 Mbps     0 retrans  17545 KB-cwnd
[2024-11-05T10:30:04.964683-0600]    38.8750 MB /   0.50 sec =  652.2077 Mbps     0 retrans  17513 KB-cwnd
[2024-11-05T10:30:05.464664-0600]    38.9375 MB /   0.50 sec =  653.2759 Mbps     0 retrans  17513 KB-cwnd
[2024-11-05T10:30:05.964610-0600]    40.6250 MB /   0.50 sec =  681.6058 Mbps     0 retrans  17806 KB-cwnd
[2024-11-05T10:30:06.464662-0600]    38.6875 MB /   0.50 sec =  649.0426 Mbps     0 retrans  17806 KB-cwnd
[2024-11-05T10:30:06.964697-0600]    40.9375 MB /   0.50 sec =  686.7829 Mbps     0 retrans  19943 KB-cwnd
[2024-11-05T10:30:07.464715-0600]    42.8125 MB /   0.50 sec =  718.3105 Mbps     0 retrans  19943 KB-cwnd
[2024-11-05T10:30:07.964630-0600]    38.3750 MB /   0.50 sec =  643.8244 Mbps     0 retrans  20819 KB-cwnd
[2024-11-05T10:30:08.464608-0600]    35.0000 MB /   0.50 sec =  587.2167 Mbps     0 retrans  20819 KB-cwnd
[2024-11-05T10:30:08.964693-0600]    32.6875 MB /   0.50 sec =  548.3932 Mbps     0 retrans  18683 KB-cwnd
[2024-11-05T10:30:09.464625-0600]    33.6875 MB /   0.50 sec =  565.1825 Mbps     0 retrans  18683 KB-cwnd
[2024-11-05T10:30:09.964723-0600]    33.5625 MB /   0.50 sec =  563.0639 Mbps     0 retrans  18683 KB-cwnd
[2024-11-05T10:30:10.464631-0600]    30.8125 MB /   0.50 sec =  516.9562 Mbps     0 retrans  18374 KB-cwnd
[2024-11-05T10:30:10.964732-0600]    29.4375 MB /   0.50 sec =  493.8536 Mbps     0 retrans  18374 KB-cwnd
[2024-11-05T10:30:11.464642-0600]    33.1875 MB /   0.50 sec =  556.8172 Mbps     0 retrans  18326 KB-cwnd
[2024-11-05T10:30:11.964662-0600]    30.8750 MB /   0.50 sec =  517.9934 Mbps     0 retrans  18326 KB-cwnd
[2024-11-05T10:30:12.464629-0600]    31.3125 MB /   0.50 sec =  525.3597 Mbps     0 retrans  15582 KB-cwnd
[2024-11-05T10:30:12.964812-0600]    33.0000 MB /   0.50 sec =  553.6160 Mbps     0 retrans  15582 KB-cwnd
[2024-11-05T10:30:13.464644-0600]    30.8125 MB /   0.50 sec =  516.9666 Mbps     0 retrans  15584 KB-cwnd
[2024-11-05T10:30:13.964616-0600]    24.5625 MB /   0.50 sec =  412.0953 Mbps     0 retrans  18515 KB-cwnd
[2024-11-05T10:30:14.464660-0600]    29.5625 MB /   0.50 sec =  495.9745 Mbps     0 retrans  18515 KB-cwnd
[2024-11-05T10:30:14.964814-0600]    27.1875 MB /   0.50 sec =  456.1059 Mbps     0 retrans  14388 KB-cwnd
[2024-11-05T10:30:15.464627-0600]    24.6875 MB /   0.50 sec =  414.2132 Mbps     0 retrans  14388 KB-cwnd
[2024-11-05T10:30:15.964707-0600]    26.3125 MB /   0.50 sec =  441.4302 Mbps     0 retrans  14388 KB-cwnd
[2024-11-05T10:30:16.464682-0600]    26.1875 MB /   0.50 sec =  439.3753 Mbps     5 retrans  17620 KB-cwnd
[2024-11-05T10:30:16.964791-0600]    27.1250 MB /   0.50 sec =  455.0747 Mbps     0 retrans  17620 KB-cwnd
[2024-11-05T10:30:17.464602-0600]    30.1875 MB /   0.50 sec =  506.4875 Mbps     0 retrans  17620 KB-cwnd
[2024-11-05T10:30:17.964687-0600]    19.6875 MB /   0.50 sec =  330.3008 Mbps     0 retrans  17572 KB-cwnd
[2024-11-05T10:30:18.464614-0600]    22.1250 MB /   0.50 sec =  371.1966 Mbps     0 retrans  17572 KB-cwnd
[2024-11-05T10:30:18.964707-0600]    28.5000 MB /   0.50 sec =  478.1325 Mbps     0 retrans  17572 KB-cwnd
[2024-11-05T10:30:19.464602-0600]    29.7500 MB /   0.50 sec =  499.1471 Mbps     0 retrans  15147 KB-cwnd
[2024-11-05T10:30:19.964637-0600]    31.5625 MB /   0.50 sec =  529.5033 Mbps     0 retrans  15147 KB-cwnd
[2024-11-05T10:30:20.464750-0600]    28.0000 MB /   0.50 sec =  469.7376 Mbps     0 retrans  15209 KB-cwnd
[2024-11-05T10:30:20.964825-0600]    27.0000 MB /   0.50 sec =  453.0147 Mbps     0 retrans  15209 KB-cwnd
[2024-11-05T10:30:21.464606-0600]    28.5625 MB /   0.50 sec =  479.2165 Mbps     0 retrans  15209 KB-cwnd
[2024-11-05T10:30:21.964948-0600]    32.0625 MB /   0.50 sec =  537.8506 Mbps    77 retrans  12451 KB-cwnd
[2024-11-05T10:30:22.464607-0600]    30.5625 MB /   0.50 sec =  512.8193 Mbps     0 retrans  12617 KB-cwnd
[2024-11-05T10:30:22.964838-0600]    32.8750 MB /   0.50 sec =  551.5234 Mbps     0 retrans  13679 KB-cwnd
[2024-11-05T10:30:23.464624-0600]    32.7500 MB /   0.50 sec =  549.4637 Mbps     0 retrans  13679 KB-cwnd
[2024-11-05T10:30:23.964675-0600]    28.1875 MB /   0.50 sec =  472.8945 Mbps     0 retrans  13634 KB-cwnd
[2024-11-05T10:30:24.464664-0600]     6.6250 MB /   0.50 sec =  111.1466 Mbps     0 retrans  13821 KB-cwnd
[2024-11-05T10:30:24.964747-0600]    26.5000 MB /   0.50 sec =  444.5598 Mbps     0 retrans  13821 KB-cwnd
[2024-11-05T10:30:25.464645-0600]    34.3125 MB /   0.50 sec =  575.7200 Mbps     0 retrans  13821 KB-cwnd
[2024-11-05T10:30:25.964654-0600]    30.6250 MB /   0.50 sec =  513.7940 Mbps     0 retrans  18126 KB-cwnd
[2024-11-05T10:30:26.464777-0600]    31.9375 MB /   0.50 sec =  535.8277 Mbps     0 retrans  18126 KB-cwnd
[2024-11-05T10:30:26.964727-0600]    30.3750 MB /   0.50 sec =  509.6100 Mbps    86 retrans  13072 KB-cwnd
[2024-11-05T10:30:27.464685-0600]    27.7500 MB /   0.50 sec =  465.5519 Mbps     0 retrans  13072 KB-cwnd
[2024-11-05T10:30:27.964784-0600]    26.5625 MB /   0.50 sec =  445.6056 Mbps     0 retrans  13072 KB-cwnd
[2024-11-05T10:30:28.464604-0600]    24.2500 MB /   0.50 sec =  406.9248 Mbps     0 retrans  20204 KB-cwnd
[2024-11-05T10:30:28.964907-0600]    23.6875 MB /   0.50 sec =  397.3491 Mbps     0 retrans  20204 KB-cwnd
[2024-11-05T10:30:29.464685-0600]    24.0625 MB /   0.50 sec =  403.7187 Mbps     0 retrans  20204 KB-cwnd
[2024-11-05T10:30:29.964756-0600]    22.3125 MB /   0.50 sec =  374.3319 Mbps     0 retrans  15070 KB-cwnd
[2024-11-05T10:30:30.464671-0600]    19.9375 MB /   0.50 sec =  334.5111 Mbps     0 retrans  15070 KB-cwnd
[2024-11-05T10:30:30.964650-0600]    22.8125 MB /   0.50 sec =  382.7563 Mbps     0 retrans  15070 KB-cwnd
[2024-11-05T10:30:31.464605-0600]    25.6250 MB /   0.50 sec =  429.9282 Mbps     0 retrans  13272 KB-cwnd
[2024-11-05T10:30:31.964600-0600]    20.5000 MB /   0.50 sec =  343.9322 Mbps     0 retrans  13272 KB-cwnd
[2024-11-05T10:30:32.464764-0600]    19.0000 MB /   0.50 sec =  318.7480 Mbps     0 retrans  13272 KB-cwnd
[2024-11-05T10:30:32.964689-0600]    18.6250 MB /   0.50 sec =  312.4806 Mbps     0 retrans  13272 KB-cwnd
[2024-11-05T10:30:33.464636-0600]    13.2500 MB /   0.50 sec =  222.2959 Mbps     0 retrans  11735 KB-cwnd
[2024-11-05T10:30:33.964747-0600]    19.3750 MB /   0.50 sec =  325.0339 Mbps     0 retrans  11735 KB-cwnd
[2024-11-05T10:30:34.464641-0600]    16.5625 MB /   0.50 sec =  277.8860 Mbps     0 retrans  11735 KB-cwnd
[2024-11-05T10:30:34.964640-0600]    18.1250 MB /   0.50 sec =  304.0980 Mbps     0 retrans  11735 KB-cwnd
[2024-11-05T10:30:35.464632-0600]     6.5625 MB /   0.50 sec =  110.0998 Mbps     0 retrans  11735 KB-cwnd
[2024-11-05T10:30:35.964661-0600]    19.3125 MB /   0.50 sec =  324.0087 Mbps     0 retrans  10781 KB-cwnd
[2024-11-05T10:30:36.464605-0600]    20.3750 MB /   0.50 sec =  341.8488 Mbps     0 retrans  10781 KB-cwnd
[2024-11-05T10:30:36.964655-0600]    18.3125 MB /   0.50 sec =  307.2260 Mbps     0 retrans  10781 KB-cwnd
[2024-11-05T10:30:37.464677-0600]    19.8125 MB /   0.50 sec =  332.3654 Mbps     0 retrans  10781 KB-cwnd
[2024-11-05T10:30:37.964767-0600]    20.5000 MB /   0.50 sec =  343.9137 Mbps     0 retrans  10776 KB-cwnd
[2024-11-05T10:30:38.464614-0600]    19.4375 MB /   0.50 sec =  326.1619 Mbps     0 retrans  10776 KB-cwnd
[2024-11-05T10:30:38.964821-0600]    19.5000 MB /   0.50 sec =  327.1269 Mbps     0 retrans  10778 KB-cwnd
[2024-11-05T10:30:39.464702-0600]    15.8125 MB /   0.50 sec =  265.2860 Mbps     3 retrans  11005 KB-cwnd
[2024-11-05T10:30:39.964957-0600]    12.3125 MB /   0.50 sec =  206.5773 Mbps     0 retrans  11005 KB-cwnd
[2024-11-05T10:30:40.464775-0600]     0.0000 MB /   0.50 sec =    0.0000 Mbps     0 retrans  11005 KB-cwnd
[2024-11-05T10:30:40.964723-0600]    19.9375 MB /   0.50 sec =  334.4710 Mbps     0 retrans  11005 KB-cwnd
[2024-11-05T10:30:41.464677-0600]    22.3750 MB /   0.50 sec =  375.4052 Mbps     0 retrans  11005 KB-cwnd
[2024-11-05T10:30:41.964664-0600]    21.5625 MB /   0.50 sec =  361.7667 Mbps     0 retrans  13624 KB-cwnd
[2024-11-05T10:30:42.464640-0600]    21.8750 MB /   0.50 sec =  366.9877 Mbps     0 retrans  13624 KB-cwnd
[2024-11-05T10:30:42.964624-0600]    23.9375 MB /   0.50 sec =  401.6239 Mbps     0 retrans  13624 KB-cwnd
[2024-11-05T10:30:43.464997-0600]    27.3125 MB /   0.50 sec =  458.2250 Mbps     0 retrans  10941 KB-cwnd
[2024-11-05T10:30:43.964652-0600]    26.7500 MB /   0.50 sec =  448.7932 Mbps     0 retrans  10941 KB-cwnd
[2024-11-05T10:30:44.464695-0600]    22.8125 MB /   0.50 sec =  382.6858 Mbps     0 retrans  10941 KB-cwnd
[2024-11-05T10:30:44.964744-0600]    19.2500 MB /   0.50 sec =  322.9608 Mbps   787 retrans  12209 KB-cwnd
[2024-11-05T10:30:45.464632-0600]    19.5000 MB /   0.50 sec =  327.1878 Mbps     0 retrans  12209 KB-cwnd
[2024-11-05T10:30:45.964728-0600]    20.5000 MB /   0.50 sec =  343.9157 Mbps     0 retrans  12209 KB-cwnd
[2024-11-05T10:30:46.464943-0600]     5.0625 MB /   0.50 sec =   84.9343 Mbps     0 retrans  12209 KB-cwnd
[2024-11-05T10:30:46.964697-0600]    12.0000 MB /   0.50 sec =  201.3395 Mbps     0 retrans  12209 KB-cwnd
[2024-11-05T10:30:47.464599-0600]    12.6250 MB /   0.50 sec =  211.8140 Mbps     0 retrans  12209 KB-cwnd
[2024-11-05T10:30:47.964698-0600]    11.4375 MB /   0.50 sec =  191.8645 Mbps     0 retrans  12209 KB-cwnd
[2024-11-05T10:30:48.464670-0600]    14.0000 MB /   0.50 sec =  234.9130 Mbps     0 retrans  12209 KB-cwnd
[2024-11-05T10:30:48.964734-0600]    12.3750 MB /   0.50 sec =  207.6035 Mbps     0 retrans  12209 KB-cwnd
[2024-11-05T10:30:49.464638-0600]     9.1875 MB /   0.50 sec =  154.1456 Mbps     0 retrans  12209 KB-cwnd
[2024-11-05T10:30:49.964791-0600]     3.5000 MB /   0.50 sec =   58.7117 Mbps     0 retrans  12209 KB-cwnd
[2024-11-05T10:30:50.464745-0600]     6.6250 MB /   0.50 sec =  111.1526 Mbps     0 retrans  12209 KB-cwnd
[2024-11-05T10:30:50.964764-0600]     1.6250 MB /   0.50 sec =   27.2645 Mbps     0 retrans  12209 KB-cwnd
[2024-11-05T10:30:51.464646-0600]     0.0000 MB /   0.50 sec =    0.0000 Mbps     0 retrans  12209 KB-cwnd
[2024-11-05T10:30:51.964852-0600]     7.5000 MB /   0.50 sec =  125.8198 Mbps     0 retrans  12209 KB-cwnd
[2024-11-05T10:30:52.464684-0600]    13.4375 MB /   0.50 sec =  225.4506 Mbps     0 retrans  14822 KB-cwnd
[2024-11-05T10:30:52.964809-0600]     5.8125 MB /   0.50 sec =   97.5022 Mbps     0 retrans  14822 KB-cwnd
[2024-11-05T10:30:53.464706-0600]    15.3125 MB /   0.50 sec =  256.9366 Mbps     0 retrans  14822 KB-cwnd
[2024-11-05T10:30:53.964625-0600]    13.0000 MB /   0.50 sec =  218.1282 Mbps     0 retrans  14822 KB-cwnd
[2024-11-05T10:30:54.464714-0600]    12.5625 MB /   0.50 sec =  210.7478 Mbps     0 retrans  14822 KB-cwnd
[2024-11-05T10:30:54.964760-0600]    12.8750 MB /   0.50 sec =  215.9803 Mbps     0 retrans  14822 KB-cwnd
[2024-11-05T10:30:55.464637-0600]     9.4375 MB /   0.50 sec =  158.3594 Mbps   547 retrans  10645 KB-cwnd
[2024-11-05T10:30:55.964678-0600]    13.1250 MB /   0.50 sec =  220.1974 Mbps     0 retrans  10645 KB-cwnd
[2024-11-05T10:30:56.464640-0600]    15.5625 MB /   0.50 sec =  261.1001 Mbps     0 retrans  10645 KB-cwnd
[2024-11-05T10:30:56.964707-0600]    16.6250 MB /   0.50 sec =  278.9117 Mbps     0 retrans  10645 KB-cwnd
[2024-11-05T10:30:57.464707-0600]     5.6250 MB /   0.50 sec =   94.3756 Mbps     0 retrans  10645 KB-cwnd
[2024-11-05T10:30:57.964813-0600]    13.8750 MB /   0.50 sec =  232.7350 Mbps     0 retrans  10645 KB-cwnd
[2024-11-05T10:30:58.464767-0600]    20.8750 MB /   0.50 sec =  350.2538 Mbps  1640 retrans   6982 KB-cwnd
[2024-11-05T10:30:58.964690-0600]    19.8750 MB /   0.50 sec =  333.4832 Mbps     0 retrans   6982 KB-cwnd
[2024-11-05T10:30:59.464666-0600]    18.6875 MB /   0.50 sec =  313.5286 Mbps     0 retrans   6982 KB-cwnd
[2024-11-05T10:30:59.964709-0600]    17.6875 MB /   0.50 sec =  296.7351 Mbps   190 retrans   7661 KB-cwnd
[2024-11-05T10:31:00.464618-0600]    17.2500 MB /   0.50 sec =  289.4249 Mbps     0 retrans   7661 KB-cwnd
[2024-11-05T10:31:00.964744-0600]    17.8750 MB /   0.50 sec =  299.8675 Mbps     0 retrans   7661 KB-cwnd
[2024-11-05T10:31:01.464738-0600]    16.9375 MB /   0.50 sec =  284.1488 Mbps     0 retrans   7661 KB-cwnd
[2024-11-05T10:31:01.964675-0600]    16.5625 MB /   0.50 sec =  277.9038 Mbps    34 retrans  10965 KB-cwnd
[2024-11-05T10:31:02.464668-0600]    16.2500 MB /   0.50 sec =  272.6292 Mbps     0 retrans  10965 KB-cwnd
[2024-11-05T10:31:02.964704-0600]    13.1875 MB /   0.50 sec =  221.2451 Mbps     0 retrans  11542 KB-cwnd
[2024-11-05T10:31:03.464668-0600]    12.3125 MB /   0.50 sec =  206.5736 Mbps     0 retrans  11740 KB-cwnd
[2024-11-05T10:31:03.964606-0600]    12.5000 MB /   0.50 sec =  209.7236 Mbps     0 retrans  11740 KB-cwnd
[2024-11-05T10:31:04.464743-0600]     5.2500 MB /   0.50 sec =   88.0686 Mbps     0 retrans  11740 KB-cwnd
[2024-11-05T10:31:04.964652-0600]     0.0000 MB /   0.50 sec =    0.0000 Mbps     0 retrans  11740 KB-cwnd
[2024-11-05T10:31:05.464757-0600]     0.0000 MB /   0.50 sec =    0.0000 Mbps     0 retrans  11740 KB-cwnd
[2024-11-05T10:31:05.964804-0600]    13.6250 MB /   0.50 sec =  228.6133 Mbps     0 retrans  12323 KB-cwnd
[2024-11-05T10:31:06.464683-0600]    15.4375 MB /   0.50 sec =  259.0019 Mbps     0 retrans  12323 KB-cwnd
[2024-11-05T10:31:06.964743-0600]    19.8750 MB /   0.50 sec =  333.4285 Mbps     0 retrans  12323 KB-cwnd
[2024-11-05T10:31:07.464739-0600]    26.1875 MB /   0.50 sec =  439.3516 Mbps     0 retrans  12323 KB-cwnd
[2024-11-05T10:31:07.964763-0600]    30.8750 MB /   0.50 sec =  517.9976 Mbps     0 retrans  10312 KB-cwnd
[2024-11-05T10:31:08.464782-0600]    35.6250 MB /   0.50 sec =  597.7326 Mbps     0 retrans  10312 KB-cwnd
[2024-11-05T10:31:08.964599-0600]    37.2500 MB /   0.50 sec =  624.9725 Mbps  1592 retrans   8157 KB-cwnd
[2024-11-05T10:31:09.464690-0600]    28.4375 MB /   0.50 sec =  477.0639 Mbps     0 retrans   7462 KB-cwnd
[2024-11-05T10:31:09.964679-0600]    25.4375 MB /   0.50 sec =  426.7832 Mbps     0 retrans   7315 KB-cwnd
[2024-11-05T10:31:10.464704-0600]    22.6875 MB /   0.50 sec =  380.6194 Mbps     0 retrans   8951 KB-cwnd
[2024-11-05T10:31:10.964759-0600]    22.1250 MB /   0.50 sec =  371.1959 Mbps     0 retrans   8951 KB-cwnd
[2024-11-05T10:31:11.464686-0600]    31.5000 MB /   0.50 sec =  528.4971 Mbps     0 retrans  10062 KB-cwnd
[2024-11-05T10:31:11.964694-0600]    35.1250 MB /   0.50 sec =  589.3044 Mbps     0 retrans  10083 KB-cwnd
[2024-11-05T10:31:12.464721-0600]    39.1250 MB /   0.50 sec =  656.3849 Mbps     0 retrans  10584 KB-cwnd
[2024-11-05T10:31:12.964601-0600]    37.6875 MB /   0.50 sec =  632.3495 Mbps     0 retrans  10584 KB-cwnd
[2024-11-05T10:31:13.464870-0600]    36.8750 MB /   0.50 sec =  618.6240 Mbps     0 retrans  12142 KB-cwnd
[2024-11-05T10:31:13.964675-0600]    35.3125 MB /   0.50 sec =  592.4537 Mbps     0 retrans  12142 KB-cwnd
[2024-11-05T10:31:14.464666-0600]    35.8750 MB /   0.50 sec =  601.8838 Mbps     0 retrans  10888 KB-cwnd
[2024-11-05T10:31:14.964692-0600]    30.4375 MB /   0.50 sec =  510.6473 Mbps     0 retrans  10888 KB-cwnd
[2024-11-05T10:31:15.464710-0600]    30.6875 MB /   0.50 sec =  514.8333 Mbps     0 retrans  10888 KB-cwnd
[2024-11-05T10:31:15.964688-0600]    27.1250 MB /   0.50 sec =  455.0956 Mbps     0 retrans  11596 KB-cwnd
[2024-11-05T10:31:16.464661-0600]    26.3750 MB /   0.50 sec =  442.5088 Mbps     0 retrans  11596 KB-cwnd
[2024-11-05T10:31:16.964681-0600]    31.7500 MB /   0.50 sec =  532.6692 Mbps     0 retrans  10256 KB-cwnd
[2024-11-05T10:31:17.464687-0600]    34.3750 MB /   0.50 sec =  576.7122 Mbps     0 retrans  10256 KB-cwnd
[2024-11-05T10:31:17.964707-0600]    13.8750 MB /   0.50 sec =  232.7815 Mbps     0 retrans  10256 KB-cwnd
[2024-11-05T10:31:18.464679-0600]    33.5000 MB /   0.50 sec =  562.0817 Mbps     0 retrans   9838 KB-cwnd
[2024-11-05T10:31:18.964694-0600]    36.5000 MB /   0.50 sec =  612.3329 Mbps     0 retrans   9819 KB-cwnd
[2024-11-05T10:31:19.464599-0600]    37.9375 MB /   0.50 sec =  636.5251 Mbps     0 retrans   9809 KB-cwnd
[2024-11-05T10:31:19.964700-0600]    35.9375 MB /   0.50 sec =  602.8902 Mbps     0 retrans   9809 KB-cwnd
[2024-11-05T10:31:20.464694-0600]    35.6250 MB /   0.50 sec =  597.6776 Mbps     0 retrans  11617 KB-cwnd
[2024-11-05T10:31:20.964609-0600]    36.6875 MB /   0.50 sec =  615.5597 Mbps     0 retrans  11617 KB-cwnd
[2024-11-05T10:31:21.464693-0600]    37.5625 MB /   0.50 sec =  630.1715 Mbps     0 retrans  11974 KB-cwnd
[2024-11-05T10:31:21.964688-0600]    39.1875 MB /   0.50 sec =  657.4414 Mbps     0 retrans  11974 KB-cwnd
[2024-11-05T10:31:22.464661-0600]    38.7500 MB /   0.50 sec =  650.1301 Mbps     0 retrans  11503 KB-cwnd
[2024-11-05T10:31:22.964679-0600]    34.4375 MB /   0.50 sec =  577.7584 Mbps     0 retrans  11143 KB-cwnd
[2024-11-05T10:31:23.464617-0600]    36.9375 MB /   0.50 sec =  619.7382 Mbps     0 retrans  10528 KB-cwnd
[2024-11-05T10:31:23.964845-0600]    38.4375 MB /   0.50 sec =  644.8007 Mbps     0 retrans  10528 KB-cwnd
[2024-11-05T10:31:24.464672-0600]    38.2500 MB /   0.50 sec =  641.7799 Mbps     0 retrans  11783 KB-cwnd
[2024-11-05T10:31:24.964664-0600]    41.4375 MB /   0.50 sec =  695.2003 Mbps     0 retrans  11783 KB-cwnd
[2024-11-05T10:31:25.464648-0600]    38.8750 MB /   0.50 sec =  652.2012 Mbps     0 retrans  11697 KB-cwnd
[2024-11-05T10:31:25.964707-0600]    37.0000 MB /   0.50 sec =  620.7483 Mbps     0 retrans  11697 KB-cwnd
[2024-11-05T10:31:26.464700-0600]    35.9375 MB /   0.50 sec =  602.9155 Mbps     0 retrans  11074 KB-cwnd
[2024-11-05T10:31:26.964823-0600]    38.8750 MB /   0.50 sec =  652.2456 Mbps     0 retrans  11077 KB-cwnd
[2024-11-05T10:31:27.464684-0600]    38.0000 MB /   0.50 sec =  637.5342 Mbps     0 retrans  13008 KB-cwnd
[2024-11-05T10:31:27.964670-0600]    43.6250 MB /   0.50 sec =  731.9104 Mbps     0 retrans  13008 KB-cwnd
[2024-11-05T10:31:28.464700-0600]    16.1250 MB /   0.50 sec =  270.5240 Mbps     0 retrans  11564 KB-cwnd
[2024-11-05T10:31:28.964599-0600]    37.8750 MB /   0.50 sec =  635.4955 Mbps     0 retrans  11564 KB-cwnd
[2024-11-05T10:31:29.464711-0600]    20.0000 MB /   0.50 sec =  335.5114 Mbps     0 retrans  11564 KB-cwnd
[2024-11-05T10:31:29.969946-0600]    43.0000 MB /   0.51 sec =  713.9368 Mbps     0 retrans  11061 KB-cwnd
[2024-11-05T10:31:30.464664-0600]    41.0000 MB /   0.49 sec =  695.1862 Mbps     0 retrans  10786 KB-cwnd
[2024-11-05T10:31:30.964714-0600]    40.5000 MB /   0.50 sec =  679.4637 Mbps     0 retrans  10786 KB-cwnd
[2024-11-05T10:31:31.464866-0600]    40.8125 MB /   0.50 sec =  684.6818 Mbps   119 retrans  12285 KB-cwnd
[2024-11-05T10:31:31.964695-0600]    46.5625 MB /   0.50 sec =  781.2157 Mbps     0 retrans  12285 KB-cwnd
[2024-11-05T10:31:32.464705-0600]    33.1875 MB /   0.50 sec =  556.7983 Mbps     0 retrans  13291 KB-cwnd
[2024-11-05T10:31:32.964678-0600]    38.8750 MB /   0.50 sec =  652.2260 Mbps     0 retrans  13291 KB-cwnd
[2024-11-05T10:31:33.464662-0600]    30.1875 MB /   0.50 sec =  506.4713 Mbps     0 retrans  17026 KB-cwnd
[2024-11-05T10:31:33.964703-0600]    24.0625 MB /   0.50 sec =  403.6880 Mbps     0 retrans  17026 KB-cwnd
[2024-11-05T10:31:34.464800-0600]    31.5000 MB /   0.50 sec =  528.4982 Mbps     0 retrans  12198 KB-cwnd
[2024-11-05T10:31:34.964734-0600]    36.7500 MB /   0.50 sec =  616.5158 Mbps     0 retrans  12198 KB-cwnd
[2024-11-05T10:31:35.464700-0600]    33.1250 MB /   0.50 sec =  555.7686 Mbps     0 retrans  12198 KB-cwnd
[2024-11-05T10:31:35.964645-0600]    31.1875 MB /   0.50 sec =  523.2687 Mbps     0 retrans  14199 KB-cwnd
[2024-11-05T10:31:36.464682-0600]    32.7500 MB /   0.50 sec =  549.4373 Mbps     0 retrans  14199 KB-cwnd
[2024-11-05T10:31:36.964799-0600]    34.0000 MB /   0.50 sec =  570.4265 Mbps     0 retrans   9990 KB-cwnd
[2024-11-05T10:31:37.464632-0600]    35.6250 MB /   0.50 sec =  597.7146 Mbps     0 retrans   9990 KB-cwnd
[2024-11-05T10:31:37.964686-0600]    35.4375 MB /   0.50 sec =  594.5152 Mbps     0 retrans  10272 KB-cwnd
[2024-11-05T10:31:38.464636-0600]    30.2500 MB /   0.50 sec =  507.5189 Mbps     0 retrans  10272 KB-cwnd
[2024-11-05T10:31:38.964707-0600]    10.7500 MB /   0.50 sec =  180.3497 Mbps     0 retrans  10272 KB-cwnd
[2024-11-05T10:31:39.464623-0600]    25.5625 MB /   0.50 sec =  428.8933 Mbps     0 retrans   9710 KB-cwnd
[2024-11-05T10:31:39.964718-0600]    11.8125 MB /   0.50 sec =  198.1603 Mbps     0 retrans   9710 KB-cwnd
[2024-11-05T10:31:40.464788-0600]    20.2500 MB /   0.50 sec =  339.7617 Mbps     0 retrans   9710 KB-cwnd
[2024-11-05T10:31:40.964680-0600]    19.3750 MB /   0.50 sec =  325.0534 Mbps     0 retrans   9710 KB-cwnd
[2024-11-05T10:31:41.465898-0600]    16.0000 MB /   0.50 sec =  267.7730 Mbps     0 retrans  10693 KB-cwnd
[2024-11-05T10:31:41.964694-0600]    23.7500 MB /   0.50 sec =  399.4455 Mbps     0 retrans  10693 KB-cwnd
[2024-11-05T10:31:42.464618-0600]    23.7500 MB /   0.50 sec =  398.4764 Mbps     0 retrans  10677 KB-cwnd
[2024-11-05T10:31:42.964705-0600]    26.2500 MB /   0.50 sec =  440.3834 Mbps     0 retrans   9316 KB-cwnd
[2024-11-05T10:31:43.464696-0600]    28.7500 MB /   0.50 sec =  482.3517 Mbps     0 retrans   9316 KB-cwnd
[2024-11-05T10:31:43.964689-0600]    33.6250 MB /   0.50 sec =  564.1282 Mbps     0 retrans   9316 KB-cwnd
[2024-11-05T10:31:44.464621-0600]    28.1250 MB /   0.50 sec =  471.8809 Mbps    50 retrans   8407 KB-cwnd
[2024-11-05T10:31:44.964728-0600]    33.5625 MB /   0.50 sec =  563.0425 Mbps     0 retrans   8407 KB-cwnd
[2024-11-05T10:31:45.464680-0600]    39.3750 MB /   0.50 sec =  660.6148 Mbps     0 retrans   7621 KB-cwnd
[2024-11-05T10:31:45.964770-0600]    27.6250 MB /   0.50 sec =  463.4168 Mbps     0 retrans   7621 KB-cwnd
[2024-11-05T10:31:46.464832-0600]    37.0625 MB /   0.50 sec =  621.8727 Mbps     0 retrans   9276 KB-cwnd
[2024-11-05T10:31:46.964674-0600]    41.0625 MB /   0.50 sec =  688.9296 Mbps     0 retrans   9276 KB-cwnd
End time: 1730824307110
