Start time: 1747686243171
Connecting to host 34.145.166.89, port 5209
Reverse mode, remote host 34.145.166.89 is sending
[  5] local 192.0.0.2 port 37292 connected to 34.145.166.89 port 5209
[ ID] Interval           Transfer     Bitrate
[  5]   0.00-0.10   sec   198 KBytes  16.2 Mbits/sec                  
[  5]   0.10-0.20   sec   269 KBytes  22.1 Mbits/sec                  
[  5]   0.20-0.30   sec   321 KBytes  26.3 Mbits/sec                  
[  5]   0.30-0.40   sec   472 KBytes  38.6 Mbits/sec                  
[  5]   0.40-0.50   sec   382 KBytes  31.3 Mbits/sec                  
[  5]   0.50-0.60   sec   508 KBytes  41.6 Mbits/sec                  
[  5]   0.60-0.70   sec   501 KBytes  41.0 Mbits/sec                  
[  5]   0.70-0.80   sec   657 KBytes  53.8 Mbits/sec                  
[  5]   0.80-0.90   sec   555 KBytes  45.5 Mbits/sec                  
[  5]   0.90-1.00   sec   397 KBytes  32.5 Mbits/sec                  
[  5]   1.00-1.10   sec   799 KBytes  65.5 Mbits/sec                  
[  5]   1.10-1.20   sec  1019 KBytes  83.2 Mbits/sec                  
[  5]   1.20-1.30   sec  1.13 MBytes  94.7 Mbits/sec                  
[  5]   1.30-1.40   sec  1.11 MBytes  93.2 Mbits/sec                  
[  5]   1.40-1.50   sec  1.39 MBytes   117 Mbits/sec                  
[  5]   1.50-1.60   sec  1.36 MBytes   114 Mbits/sec                  
[  5]   1.60-1.70   sec  1.42 MBytes   119 Mbits/sec                  
[  5]   1.70-1.80   sec  1.59 MBytes   133 Mbits/sec                  
[  5]   1.80-1.90   sec  1.86 MBytes   156 Mbits/sec                  
[  5]   1.90-2.00   sec  2.15 MBytes   181 Mbits/sec                  
[  5]   2.00-2.10   sec  1.99 MBytes   167 Mbits/sec                  
[  5]   2.10-2.20   sec  2.79 MBytes   235 Mbits/sec                  
[  5]   2.20-2.30   sec  2.27 MBytes   191 Mbits/sec                  
[  5]   2.30-2.40   sec  2.77 MBytes   232 Mbits/sec                  
[  5]   2.40-2.50   sec  3.21 MBytes   269 Mbits/sec                  
[  5]   2.50-2.60   sec  3.94 MBytes   331 Mbits/sec                  
[  5]   2.60-2.70   sec  3.46 MBytes   290 Mbits/sec                  
[  5]   2.70-2.80   sec  3.81 MBytes   319 Mbits/sec                  
[  5]   2.80-2.90   sec  3.94 MBytes   331 Mbits/sec                  
[  5]   2.90-3.00   sec  4.49 MBytes   377 Mbits/sec                  
[  5]   3.00-3.10   sec  2.93 MBytes   246 Mbits/sec                  
[  5]   3.10-3.20   sec  4.51 MBytes   378 Mbits/sec                  
[  5]   3.20-3.30   sec  3.32 MBytes   278 Mbits/sec                  
[  5]   3.30-3.40   sec  4.84 MBytes   406 Mbits/sec                  
[  5]   3.40-3.50   sec  4.87 MBytes   409 Mbits/sec                  
[  5]   3.50-3.60   sec  3.92 MBytes   328 Mbits/sec                  
[  5]   3.60-3.70   sec  5.28 MBytes   443 Mbits/sec                  
[  5]   3.70-3.80   sec  5.36 MBytes   449 Mbits/sec                  
[  5]   3.80-3.90   sec  5.35 MBytes   449 Mbits/sec                  
[  5]   3.90-4.00   sec  5.65 MBytes   474 Mbits/sec                  
[  5]   4.00-4.10   sec  5.48 MBytes   460 Mbits/sec                  
[  5]   4.10-4.20   sec  4.51 MBytes   378 Mbits/sec                  
[  5]   4.20-4.30   sec  5.70 MBytes   479 Mbits/sec                  
[  5]   4.30-4.40   sec  5.38 MBytes   451 Mbits/sec                  
[  5]   4.40-4.50   sec  5.59 MBytes   468 Mbits/sec                  
[  5]   4.50-4.60   sec  6.00 MBytes   503 Mbits/sec                  
[  5]   4.60-4.70   sec  5.62 MBytes   471 Mbits/sec                  
[  5]   4.70-4.80   sec  5.07 MBytes   425 Mbits/sec                  
[  5]   4.80-4.90   sec  6.17 MBytes   517 Mbits/sec                  
[  5]   4.90-5.00   sec  5.01 MBytes   420 Mbits/sec                  
- - - - - - - - - - - - - - - - - - - - - - - - -
[ ID] Interval           Transfer     Bitrate         Retr
[  5]   0.00-5.04   sec   154 MBytes   257 Mbits/sec    0             sender
[  5]   0.00-5.00   sec   151 MBytes   254 Mbits/sec                  receiver

iperf Done.
End time: 1747686248691
