Start time: 1730997278637
[2024-11-07T11:34:39.618287-0500] nuttcp-r: v8.1.4: socket
[2024-11-07T11:34:39.619189-0500] nuttcp-r: buflen=65536, nstream=1, port=5379 tcp
[2024-11-07T11:34:39.619260-0500] nuttcp-r: interval reporting every 0.50 seconds
[2024-11-07T11:34:39.619304-0500] nuttcp-r: connect to 54.197.223.49 with RTT=93.527 ms af=inet
[2024-11-07T11:34:39.619348-0500] nuttcp-r: send window size = 2097152, receive window size = 6291456
[2024-11-07T11:34:39.619391-0500] nuttcp-r: available send window = 1572864, available receive window = 4718592
[2024-11-07T11:34:39.619432-0500]     0.1250 MB /   0.50 sec =    2.0965 Mbps     0 retrans     13 KB-cwnd
[2024-11-07T11:34:40.117995-0500]     1.1250 MB /   0.50 sec =   18.8741 Mbps     0 retrans     13 KB-cwnd
[2024-11-07T11:34:40.617975-0500]     3.1250 MB /   0.50 sec =   52.4327 Mbps     0 retrans     13 KB-cwnd
[2024-11-07T11:34:41.117941-0500]     3.3750 MB /   0.50 sec =   56.6291 Mbps     0 retrans     13 KB-cwnd
[2024-11-07T11:34:41.617895-0500]     2.7500 MB /   0.50 sec =   46.1401 Mbps     0 retrans     13 KB-cwnd
[2024-11-07T11:34:42.117915-0500]     3.1875 MB /   0.50 sec =   53.4728 Mbps     0 retrans     13 KB-cwnd
[2024-11-07T11:34:42.617994-0500]     2.8125 MB /   0.50 sec =   47.1828 Mbps     0 retrans     13 KB-cwnd
[2024-11-07T11:34:43.118028-0500]     1.4375 MB /   0.50 sec =   24.1188 Mbps     0 retrans     13 KB-cwnd
[2024-11-07T11:34:43.617779-0500]     0.5000 MB /   0.50 sec =    8.3895 Mbps     0 retrans     13 KB-cwnd
[2024-11-07T11:34:44.117802-0500]     3.5000 MB /   0.50 sec =   58.7181 Mbps     0 retrans     13 KB-cwnd
[2024-11-07T11:34:44.617871-0500]     4.1250 MB /   0.50 sec =   69.2059 Mbps     0 retrans     13 KB-cwnd
[2024-11-07T11:34:45.118275-0500]     4.4375 MB /   0.50 sec =   74.3840 Mbps     0 retrans     13 KB-cwnd
[2024-11-07T11:34:45.618011-0500]     5.0625 MB /   0.50 sec =   84.9977 Mbps     0 retrans     13 KB-cwnd
[2024-11-07T11:34:46.117909-0500]     5.5625 MB /   0.50 sec =   93.3263 Mbps     0 retrans     13 KB-cwnd
[2024-11-07T11:34:46.617873-0500]     5.0625 MB /   0.50 sec =   84.9416 Mbps     0 retrans     13 KB-cwnd
[2024-11-07T11:34:47.118031-0500]     5.0000 MB /   0.50 sec =   83.8851 Mbps     0 retrans     13 KB-cwnd
[2024-11-07T11:34:47.617791-0500]     5.6250 MB /   0.50 sec =   94.3758 Mbps     0 retrans     13 KB-cwnd
[2024-11-07T11:34:48.117951-0500]     4.1250 MB /   0.50 sec =   69.1981 Mbps     0 retrans     13 KB-cwnd
[2024-11-07T11:34:48.617901-0500]     6.0000 MB /   0.50 sec =  100.6671 Mbps     0 retrans     13 KB-cwnd
[2024-11-07T11:34:49.117894-0500]     5.9375 MB /   0.50 sec =   99.6139 Mbps     0 retrans     13 KB-cwnd
[2024-11-07T11:34:49.617861-0500]     5.9375 MB /   0.50 sec =   99.6203 Mbps     0 retrans     13 KB-cwnd
[2024-11-07T11:34:50.117910-0500]     1.6875 MB /   0.50 sec =   28.3096 Mbps     0 retrans     13 KB-cwnd
[2024-11-07T11:34:50.617948-0500]     4.2500 MB /   0.50 sec =   71.2979 Mbps     0 retrans     13 KB-cwnd
[2024-11-07T11:34:51.117802-0500]     5.8125 MB /   0.50 sec =   97.5322 Mbps     0 retrans     13 KB-cwnd
[2024-11-07T11:34:51.618114-0500]     5.1875 MB /   0.50 sec =   87.0080 Mbps     0 retrans     13 KB-cwnd
[2024-11-07T11:34:52.117889-0500]     6.2500 MB /   0.50 sec =  104.8826 Mbps     0 retrans     13 KB-cwnd
[2024-11-07T11:34:52.617928-0500]     6.4375 MB /   0.50 sec =  107.9997 Mbps     0 retrans     13 KB-cwnd
[2024-11-07T11:34:53.117892-0500]     5.6875 MB /   0.50 sec =   95.4155 Mbps     0 retrans     13 KB-cwnd
[2024-11-07T11:34:53.617957-0500]     6.0625 MB /   0.50 sec =  101.7090 Mbps     0 retrans     13 KB-cwnd
[2024-11-07T11:34:54.117921-0500]     6.8125 MB /   0.50 sec =  114.3051 Mbps     0 retrans     13 KB-cwnd
[2024-11-07T11:34:54.617800-0500]     6.1250 MB /   0.50 sec =  102.7678 Mbps     0 retrans     13 KB-cwnd
[2024-11-07T11:34:55.118006-0500]     5.4375 MB /   0.50 sec =   91.2033 Mbps     0 retrans     13 KB-cwnd
[2024-11-07T11:34:55.617997-0500]     4.5625 MB /   0.50 sec =   76.5604 Mbps     0 retrans     13 KB-cwnd
[2024-11-07T11:34:56.117869-0500]     4.7500 MB /   0.50 sec =   79.6953 Mbps     0 retrans     13 KB-cwnd
[2024-11-07T11:34:56.617923-0500]     4.9375 MB /   0.50 sec =   82.8299 Mbps     0 retrans     13 KB-cwnd
[2024-11-07T11:34:57.117902-0500]     5.6250 MB /   0.50 sec =   94.3747 Mbps     0 retrans     13 KB-cwnd
[2024-11-07T11:34:57.617840-0500]     5.3750 MB /   0.50 sec =   90.1831 Mbps     0 retrans     13 KB-cwnd
[2024-11-07T11:34:58.117789-0500]     6.0000 MB /   0.50 sec =  100.6677 Mbps     0 retrans     13 KB-cwnd
[2024-11-07T11:34:58.617921-0500]     5.6875 MB /   0.50 sec =   95.4105 Mbps     0 retrans     13 KB-cwnd
[2024-11-07T11:34:59.117857-0500]     6.2500 MB /   0.50 sec =  104.8641 Mbps     0 retrans     13 KB-cwnd
[2024-11-07T11:34:59.617849-0500]     5.7500 MB /   0.50 sec =   96.4698 Mbps     0 retrans     13 KB-cwnd
[2024-11-07T11:35:00.117967-0500]     5.6875 MB /   0.50 sec =   95.4006 Mbps     0 retrans     13 KB-cwnd
[2024-11-07T11:35:00.617962-0500]     1.6875 MB /   0.50 sec =   28.3140 Mbps     0 retrans     13 KB-cwnd
[2024-11-07T11:35:01.117932-0500]     5.5000 MB /   0.50 sec =   92.2662 Mbps     0 retrans     13 KB-cwnd
[2024-11-07T11:35:01.617809-0500]     6.3125 MB /   0.50 sec =  105.9308 Mbps     0 retrans     13 KB-cwnd
[2024-11-07T11:35:02.117773-0500]     6.3125 MB /   0.50 sec =  105.9106 Mbps     0 retrans     13 KB-cwnd
[2024-11-07T11:35:02.617989-0500]     6.1875 MB /   0.50 sec =  103.7982 Mbps     0 retrans     13 KB-cwnd
[2024-11-07T11:35:03.117950-0500]     6.1250 MB /   0.50 sec =  102.7459 Mbps     0 retrans     13 KB-cwnd
[2024-11-07T11:35:03.617877-0500]     6.0625 MB /   0.50 sec =  101.7286 Mbps     0 retrans     13 KB-cwnd
[2024-11-07T11:35:04.117822-0500]     6.0000 MB /   0.50 sec =  100.6627 Mbps     0 retrans     13 KB-cwnd
[2024-11-07T11:35:04.617921-0500]     7.1875 MB /   0.50 sec =  120.5826 Mbps     0 retrans     13 KB-cwnd
[2024-11-07T11:35:05.117905-0500]    10.1875 MB /   0.50 sec =  170.9162 Mbps     0 retrans     13 KB-cwnd
[2024-11-07T11:35:05.617980-0500]     8.5625 MB /   0.50 sec =  143.6305 Mbps     0 retrans     13 KB-cwnd
[2024-11-07T11:35:06.118026-0500]    10.8125 MB /   0.50 sec =  181.4007 Mbps     0 retrans     13 KB-cwnd
[2024-11-07T11:35:06.617893-0500]     9.3750 MB /   0.50 sec =  157.3185 Mbps     0 retrans     13 KB-cwnd
[2024-11-07T11:35:07.117890-0500]    12.9375 MB /   0.50 sec =  217.0630 Mbps     0 retrans     14 KB-cwnd
[2024-11-07T11:35:07.617800-0500]    11.3125 MB /   0.50 sec =  189.7942 Mbps     0 retrans     17 KB-cwnd
[2024-11-07T11:35:08.118008-0500]    11.9375 MB /   0.50 sec =  200.2724 Mbps     0 retrans     18 KB-cwnd
[2024-11-07T11:35:08.617898-0500]    11.2500 MB /   0.50 sec =  188.7173 Mbps     0 retrans     18 KB-cwnd
[2024-11-07T11:35:09.117921-0500]    16.3125 MB /   0.50 sec =  273.7035 Mbps     0 retrans     26 KB-cwnd
[2024-11-07T11:35:09.617783-0500]     8.2500 MB /   0.50 sec =  138.4281 Mbps     0 retrans     26 KB-cwnd
[2024-11-07T11:35:10.117987-0500]    19.4375 MB /   0.50 sec =  325.9794 Mbps     0 retrans     26 KB-cwnd
[2024-11-07T11:35:10.618034-0500]    21.1875 MB /   0.50 sec =  355.5825 Mbps     0 retrans     26 KB-cwnd
[2024-11-07T11:35:11.118009-0500]    24.7500 MB /   0.50 sec =  415.1323 Mbps    75 retrans   3841 KB-cwnd
[2024-11-07T11:35:11.617850-0500]    22.4375 MB /   0.50 sec =  376.5329 Mbps     0 retrans   3841 KB-cwnd
[2024-11-07T11:35:12.117884-0500]    24.3750 MB /   0.50 sec =  408.9373 Mbps     0 retrans   3841 KB-cwnd
[2024-11-07T11:35:12.617883-0500]    15.1250 MB /   0.50 sec =  253.7610 Mbps     0 retrans   3841 KB-cwnd
[2024-11-07T11:35:13.117854-0500]    15.1875 MB /   0.50 sec =  254.8024 Mbps     0 retrans   3841 KB-cwnd
[2024-11-07T11:35:13.617803-0500]    19.8750 MB /   0.50 sec =  333.4612 Mbps     0 retrans   3841 KB-cwnd
[2024-11-07T11:35:14.117924-0500]    25.3750 MB /   0.50 sec =  425.6869 Mbps     0 retrans   3841 KB-cwnd
[2024-11-07T11:35:14.618024-0500]    21.8125 MB /   0.50 sec =  365.9581 Mbps     0 retrans   7629 KB-cwnd
[2024-11-07T11:35:15.117994-0500]    21.8125 MB /   0.50 sec =  365.9735 Mbps     0 retrans   7629 KB-cwnd
[2024-11-07T11:35:15.617918-0500]    20.7500 MB /   0.50 sec =  348.0903 Mbps     0 retrans   7629 KB-cwnd
[2024-11-07T11:35:16.117826-0500]    23.7500 MB /   0.50 sec =  398.4995 Mbps     0 retrans   8008 KB-cwnd
[2024-11-07T11:35:16.617919-0500]    22.3750 MB /   0.50 sec =  375.3707 Mbps     0 retrans   8008 KB-cwnd
[2024-11-07T11:35:17.117850-0500]    26.1875 MB /   0.50 sec =  439.3806 Mbps     0 retrans   8008 KB-cwnd
[2024-11-07T11:35:17.617922-0500]    26.3125 MB /   0.50 sec =  441.4143 Mbps     0 retrans   9436 KB-cwnd
[2024-11-07T11:35:18.117978-0500]    24.6250 MB /   0.50 sec =  413.1695 Mbps     0 retrans   9436 KB-cwnd
[2024-11-07T11:35:18.617784-0500]    23.5625 MB /   0.50 sec =  395.3313 Mbps     0 retrans   9436 KB-cwnd
[2024-11-07T11:35:19.117824-0500]    22.6250 MB /   0.50 sec =  379.5777 Mbps     0 retrans   8815 KB-cwnd
[2024-11-07T11:35:19.617970-0500]    27.3750 MB /   0.50 sec =  459.1441 Mbps     0 retrans   8815 KB-cwnd
[2024-11-07T11:35:20.117960-0500]    16.8750 MB /   0.50 sec =  283.1484 Mbps     0 retrans   8815 KB-cwnd
[2024-11-07T11:35:20.617906-0500]     7.3125 MB /   0.50 sec =  122.6954 Mbps     0 retrans   8815 KB-cwnd
[2024-11-07T11:35:21.117803-0500]    10.8125 MB /   0.50 sec =  181.4134 Mbps     0 retrans   8815 KB-cwnd
[2024-11-07T11:35:21.617938-0500]    18.1250 MB /   0.50 sec =  304.0250 Mbps     0 retrans   9257 KB-cwnd
[2024-11-07T11:35:22.118058-0500]    22.3750 MB /   0.50 sec =  375.4308 Mbps     0 retrans   9798 KB-cwnd
[2024-11-07T11:35:22.617865-0500]    19.6875 MB /   0.50 sec =  330.3226 Mbps     0 retrans   9798 KB-cwnd
[2024-11-07T11:35:23.117894-0500]    23.3125 MB /   0.50 sec =  391.1228 Mbps     0 retrans   9753 KB-cwnd
[2024-11-07T11:35:23.617984-0500]    23.3750 MB /   0.50 sec =  392.1266 Mbps     0 retrans   9753 KB-cwnd
[2024-11-07T11:35:24.117861-0500]    25.3750 MB /   0.50 sec =  425.7559 Mbps     0 retrans   9753 KB-cwnd
[2024-11-07T11:35:24.617813-0500]    17.2500 MB /   0.50 sec =  289.4197 Mbps     0 retrans   9635 KB-cwnd
[2024-11-07T11:35:25.117913-0500]    22.6875 MB /   0.50 sec =  380.5996 Mbps     0 retrans   9635 KB-cwnd
[2024-11-07T11:35:25.617930-0500]    29.7500 MB /   0.50 sec =  499.1312 Mbps     0 retrans   9635 KB-cwnd
[2024-11-07T11:35:26.117932-0500]    32.5625 MB /   0.50 sec =  546.2884 Mbps     0 retrans   8871 KB-cwnd
[2024-11-07T11:35:26.617897-0500]    31.4375 MB /   0.50 sec =  527.4854 Mbps     0 retrans   8871 KB-cwnd
[2024-11-07T11:35:27.117812-0500]    28.5000 MB /   0.50 sec =  478.1545 Mbps     0 retrans  10142 KB-cwnd
[2024-11-07T11:35:27.618038-0500]    29.9375 MB /   0.50 sec =  502.2046 Mbps     0 retrans  10142 KB-cwnd
[2024-11-07T11:35:28.117861-0500]    29.5000 MB /   0.50 sec =  494.9793 Mbps     0 retrans  10142 KB-cwnd
[2024-11-07T11:35:28.617804-0500]    28.9375 MB /   0.50 sec =  485.5159 Mbps     0 retrans  12140 KB-cwnd
[2024-11-07T11:35:29.117850-0500]    26.0000 MB /   0.50 sec =  436.1814 Mbps     0 retrans  12140 KB-cwnd
[2024-11-07T11:35:29.618163-0500]    28.7500 MB /   0.50 sec =  482.2929 Mbps     0 retrans  11263 KB-cwnd
[2024-11-07T11:35:30.117860-0500]    15.8750 MB /   0.50 sec =  266.3724 Mbps     0 retrans  11263 KB-cwnd
[2024-11-07T11:35:30.617866-0500]    20.0625 MB /   0.50 sec =  336.5949 Mbps     0 retrans  11263 KB-cwnd
[2024-11-07T11:35:31.117849-0500]    21.5000 MB /   0.50 sec =  360.7101 Mbps     0 retrans  11263 KB-cwnd
[2024-11-07T11:35:31.617842-0500]    21.3125 MB /   0.50 sec =  357.5673 Mbps     0 retrans  11167 KB-cwnd
[2024-11-07T11:35:32.118180-0500]    22.5000 MB /   0.50 sec =  377.3855 Mbps     0 retrans  11167 KB-cwnd
[2024-11-07T11:35:32.617970-0500]    23.2500 MB /   0.50 sec =  390.1030 Mbps     0 retrans  10576 KB-cwnd
[2024-11-07T11:35:33.117969-0500]    18.2500 MB /   0.50 sec =  306.1952 Mbps     0 retrans   9675 KB-cwnd
[2024-11-07T11:35:33.617882-0500]    21.2500 MB /   0.50 sec =  356.5622 Mbps     0 retrans   9675 KB-cwnd
[2024-11-07T11:35:34.117864-0500]    22.5625 MB /   0.50 sec =  378.5314 Mbps     0 retrans   9675 KB-cwnd
[2024-11-07T11:35:34.617819-0500]    22.1875 MB /   0.50 sec =  372.2668 Mbps     0 retrans   9675 KB-cwnd
[2024-11-07T11:35:35.117927-0500]    14.7500 MB /   0.50 sec =  247.4333 Mbps     0 retrans   8152 KB-cwnd
[2024-11-07T11:35:35.618056-0500]    17.5000 MB /   0.50 sec =  293.5843 Mbps     0 retrans   8152 KB-cwnd
[2024-11-07T11:35:36.118015-0500]    23.6250 MB /   0.50 sec =  396.3078 Mbps     0 retrans   8152 KB-cwnd
[2024-11-07T11:35:36.617848-0500]    17.0000 MB /   0.50 sec =  285.2903 Mbps     0 retrans   8152 KB-cwnd
[2024-11-07T11:35:37.117896-0500]    26.3125 MB /   0.50 sec =  441.4328 Mbps     0 retrans   8439 KB-cwnd
[2024-11-07T11:35:37.617990-0500]    27.8750 MB /   0.50 sec =  467.5770 Mbps     0 retrans   8439 KB-cwnd
[2024-11-07T11:35:38.117794-0500]    27.6875 MB /   0.50 sec =  464.6446 Mbps     0 retrans   7675 KB-cwnd
[2024-11-07T11:35:38.617862-0500]    18.5625 MB /   0.50 sec =  311.4165 Mbps     0 retrans   8490 KB-cwnd
[2024-11-07T11:35:39.118105-0500]    13.2500 MB /   0.50 sec =  222.2954 Mbps     0 retrans   8762 KB-cwnd
[2024-11-07T11:35:39.617921-0500]     7.9375 MB /   0.50 sec =  133.1513 Mbps     0 retrans   8762 KB-cwnd
[2024-11-07T11:35:40.117838-0500]     8.0000 MB /   0.50 sec =  134.2354 Mbps     0 retrans   8762 KB-cwnd
[2024-11-07T11:35:40.617869-0500]    11.0000 MB /   0.50 sec =  184.5534 Mbps     0 retrans   8860 KB-cwnd
[2024-11-07T11:35:41.117851-0500]    14.2500 MB /   0.50 sec =  239.0744 Mbps     0 retrans  13155 KB-cwnd
[2024-11-07T11:35:41.617852-0500]    16.7500 MB /   0.50 sec =  281.0178 Mbps     0 retrans  13155 KB-cwnd
[2024-11-07T11:35:42.117843-0500]    11.7500 MB /   0.50 sec =  197.1323 Mbps     0 retrans  13155 KB-cwnd
[2024-11-07T11:35:42.617874-0500]     8.5625 MB /   0.50 sec =  143.6538 Mbps     0 retrans  13155 KB-cwnd
[2024-11-07T11:35:43.117802-0500]     7.4375 MB /   0.50 sec =  124.7850 Mbps     0 retrans  13155 KB-cwnd
[2024-11-07T11:35:43.617859-0500]     6.9375 MB /   0.50 sec =  116.3877 Mbps     0 retrans  13155 KB-cwnd
[2024-11-07T11:35:44.117855-0500]     7.6875 MB /   0.50 sec =  128.9764 Mbps     0 retrans  13155 KB-cwnd
[2024-11-07T11:35:44.617863-0500]     7.4375 MB /   0.50 sec =  124.7800 Mbps     0 retrans   9185 KB-cwnd
[2024-11-07T11:35:45.117983-0500]     6.5000 MB /   0.50 sec =  109.0517 Mbps     0 retrans   9185 KB-cwnd
[2024-11-07T11:35:45.617877-0500]     6.5625 MB /   0.50 sec =  110.0899 Mbps     0 retrans   9185 KB-cwnd
[2024-11-07T11:35:46.117871-0500]     2.2500 MB /   0.50 sec =   37.7511 Mbps     0 retrans   9185 KB-cwnd
[2024-11-07T11:35:46.617996-0500]     6.5000 MB /   0.50 sec =  109.0558 Mbps     0 retrans   9185 KB-cwnd
[2024-11-07T11:35:47.117854-0500]     5.4375 MB /   0.50 sec =   91.2259 Mbps     0 retrans   9185 KB-cwnd
[2024-11-07T11:35:47.617789-0500]     5.8750 MB /   0.50 sec =   98.5715 Mbps     0 retrans   9185 KB-cwnd
[2024-11-07T11:35:48.117858-0500]     5.3750 MB /   0.50 sec =   90.1728 Mbps     0 retrans   9185 KB-cwnd
[2024-11-07T11:35:48.617883-0500]     5.6250 MB /   0.50 sec =   94.3705 Mbps     0 retrans   9185 KB-cwnd
[2024-11-07T11:35:49.117989-0500]     6.4375 MB /   0.50 sec =  107.9947 Mbps     0 retrans   9185 KB-cwnd
[2024-11-07T11:35:49.617885-0500]     6.5000 MB /   0.50 sec =  109.0602 Mbps     0 retrans   9185 KB-cwnd
[2024-11-07T11:35:50.117842-0500]     6.0625 MB /   0.50 sec =  101.7149 Mbps     0 retrans   9185 KB-cwnd
[2024-11-07T11:35:50.618056-0500]     7.4375 MB /   0.50 sec =  124.7636 Mbps     0 retrans   9185 KB-cwnd
[2024-11-07T11:35:51.117876-0500]     5.4375 MB /   0.50 sec =   91.2365 Mbps     0 retrans   9097 KB-cwnd
[2024-11-07T11:35:51.617872-0500]     6.4375 MB /   0.50 sec =  108.0046 Mbps     0 retrans   9097 KB-cwnd
[2024-11-07T11:35:52.117779-0500]     5.6250 MB /   0.50 sec =   94.3756 Mbps     0 retrans   9097 KB-cwnd
[2024-11-07T11:35:52.617960-0500]     5.7500 MB /   0.50 sec =   96.4491 Mbps     0 retrans   9097 KB-cwnd
[2024-11-07T11:35:53.117877-0500]     5.6875 MB /   0.50 sec =   95.4351 Mbps     0 retrans   9097 KB-cwnd
[2024-11-07T11:35:53.617864-0500]     6.6250 MB /   0.50 sec =  111.1499 Mbps     0 retrans   9097 KB-cwnd
[2024-11-07T11:35:54.117866-0500]     5.1250 MB /   0.50 sec =   85.9834 Mbps     0 retrans   9097 KB-cwnd
[2024-11-07T11:35:54.617881-0500]     4.0625 MB /   0.50 sec =   68.1563 Mbps     0 retrans   9097 KB-cwnd
[2024-11-07T11:35:55.117853-0500]     5.6875 MB /   0.50 sec =   95.4223 Mbps     0 retrans   9097 KB-cwnd
[2024-11-07T11:35:55.617954-0500]     7.1250 MB /   0.50 sec =  119.5279 Mbps     0 retrans   9097 KB-cwnd
[2024-11-07T11:35:56.118073-0500]     6.1875 MB /   0.50 sec =  103.7887 Mbps     0 retrans   9097 KB-cwnd
[2024-11-07T11:35:56.617787-0500]     2.3125 MB /   0.50 sec =   38.8104 Mbps     0 retrans   9097 KB-cwnd
[2024-11-07T11:35:57.117953-0500]     5.8125 MB /   0.50 sec =   97.4971 Mbps     0 retrans   9097 KB-cwnd
[2024-11-07T11:35:57.617803-0500]     6.5000 MB /   0.50 sec =  109.0737 Mbps     0 retrans   5397 KB-cwnd
[2024-11-07T11:35:58.117864-0500]     7.8750 MB /   0.50 sec =  132.1126 Mbps     0 retrans   5397 KB-cwnd
[2024-11-07T11:35:58.617985-0500]     7.3125 MB /   0.50 sec =  122.6616 Mbps     0 retrans   5397 KB-cwnd
[2024-11-07T11:35:59.117893-0500]     7.2500 MB /   0.50 sec =  121.6548 Mbps     0 retrans   5397 KB-cwnd
[2024-11-07T11:35:59.618071-0500]     5.0000 MB /   0.50 sec =   83.8824 Mbps     0 retrans   5397 KB-cwnd
[2024-11-07T11:36:00.117899-0500]     6.4375 MB /   0.50 sec =  108.0066 Mbps     0 retrans   5397 KB-cwnd
[2024-11-07T11:36:00.617906-0500]     7.8750 MB /   0.50 sec =  132.1227 Mbps     0 retrans   5397 KB-cwnd
[2024-11-07T11:36:01.117792-0500]     8.4375 MB /   0.50 sec =  141.5654 Mbps     0 retrans   5397 KB-cwnd
[2024-11-07T11:36:01.617925-0500]     8.8750 MB /   0.50 sec =  148.8826 Mbps     0 retrans   5397 KB-cwnd
[2024-11-07T11:36:02.117867-0500]    11.1875 MB /   0.50 sec =  187.7049 Mbps     0 retrans   3665 KB-cwnd
[2024-11-07T11:36:02.617884-0500]    10.3750 MB /   0.50 sec =  174.0647 Mbps     0 retrans   3665 KB-cwnd
[2024-11-07T11:36:03.117896-0500]    10.1250 MB /   0.50 sec =  169.8693 Mbps     0 retrans   3665 KB-cwnd
[2024-11-07T11:36:03.617867-0500]     9.5625 MB /   0.50 sec =  160.4312 Mbps     0 retrans   3665 KB-cwnd
[2024-11-07T11:36:04.117873-0500]    10.1250 MB /   0.50 sec =  169.8710 Mbps     0 retrans   3665 KB-cwnd
[2024-11-07T11:36:04.617882-0500]     8.7500 MB /   0.50 sec =  146.7983 Mbps     0 retrans   3665 KB-cwnd
[2024-11-07T11:36:05.117862-0500]    10.2500 MB /   0.50 sec =  171.9699 Mbps     0 retrans   3665 KB-cwnd
[2024-11-07T11:36:05.617892-0500]    10.0625 MB /   0.50 sec =  168.8045 Mbps     0 retrans   2596 KB-cwnd
[2024-11-07T11:36:06.118053-0500]    10.8750 MB /   0.50 sec =  182.4595 Mbps     0 retrans   2596 KB-cwnd
[2024-11-07T11:36:06.617894-0500]    10.2500 MB /   0.50 sec =  171.9692 Mbps     0 retrans   2596 KB-cwnd
[2024-11-07T11:36:07.117871-0500]     9.8125 MB /   0.50 sec =  164.6307 Mbps     0 retrans   2596 KB-cwnd
[2024-11-07T11:36:07.617891-0500]     9.7500 MB /   0.50 sec =  163.5798 Mbps     0 retrans   2596 KB-cwnd
[2024-11-07T11:36:08.117867-0500]    13.3125 MB /   0.50 sec =  223.3467 Mbps     0 retrans   2597 KB-cwnd
[2024-11-07T11:36:08.617897-0500]    13.9375 MB /   0.50 sec =  233.8278 Mbps     0 retrans   3964 KB-cwnd
[2024-11-07T11:36:09.117877-0500]    16.0625 MB /   0.50 sec =  269.4873 Mbps     0 retrans   3964 KB-cwnd
[2024-11-07T11:36:09.617853-0500]    13.8750 MB /   0.50 sec =  232.7876 Mbps     0 retrans   4012 KB-cwnd
[2024-11-07T11:36:10.117911-0500]    20.4375 MB /   0.50 sec =  342.8562 Mbps     0 retrans   4012 KB-cwnd
[2024-11-07T11:36:10.617939-0500]    16.5625 MB /   0.50 sec =  277.8571 Mbps     0 retrans   4012 KB-cwnd
[2024-11-07T11:36:11.117870-0500]    18.6250 MB /   0.50 sec =  312.5200 Mbps     0 retrans   4374 KB-cwnd
[2024-11-07T11:36:11.618044-0500]    17.8125 MB /   0.50 sec =  298.8376 Mbps     0 retrans   4374 KB-cwnd
[2024-11-07T11:36:12.117857-0500]    21.5625 MB /   0.50 sec =  361.7623 Mbps     0 retrans   4374 KB-cwnd
[2024-11-07T11:36:12.617885-0500]    21.6250 MB /   0.50 sec =  362.8029 Mbps     0 retrans   6417 KB-cwnd
[2024-11-07T11:36:13.117908-0500]    21.5625 MB /   0.50 sec =  361.7529 Mbps     0 retrans   5797 KB-cwnd
[2024-11-07T11:36:13.617873-0500]    22.4375 MB /   0.50 sec =  376.4486 Mbps     0 retrans   5956 KB-cwnd
[2024-11-07T11:36:14.118016-0500]    27.1250 MB /   0.50 sec =  454.9910 Mbps     0 retrans   6484 KB-cwnd
[2024-11-07T11:36:14.617861-0500]    29.0000 MB /   0.50 sec =  486.6415 Mbps     0 retrans   6726 KB-cwnd
[2024-11-07T11:36:15.117868-0500]    27.8750 MB /   0.50 sec =  467.6686 Mbps     0 retrans   6660 KB-cwnd
[2024-11-07T11:36:15.617884-0500]    30.4375 MB /   0.50 sec =  510.6381 Mbps     0 retrans   8152 KB-cwnd
[2024-11-07T11:36:16.117940-0500]    26.4375 MB /   0.50 sec =  443.5015 Mbps     0 retrans   8152 KB-cwnd
[2024-11-07T11:36:16.617803-0500]    35.2500 MB /   0.50 sec =  591.5045 Mbps     0 retrans   8940 KB-cwnd
[2024-11-07T11:36:17.118025-0500]    29.3750 MB /   0.50 sec =  492.7972 Mbps     0 retrans   8940 KB-cwnd
[2024-11-07T11:36:17.617913-0500]    23.0000 MB /   0.50 sec =  385.8582 Mbps     0 retrans   8940 KB-cwnd
[2024-11-07T11:36:18.117865-0500]    20.0625 MB /   0.50 sec =  336.6111 Mbps     0 retrans  10174 KB-cwnd
[2024-11-07T11:36:18.617886-0500]    19.7500 MB /   0.50 sec =  331.3441 Mbps     0 retrans  10174 KB-cwnd
[2024-11-07T11:36:19.118070-0500]    18.9375 MB /   0.50 sec =  317.6855 Mbps     0 retrans  10174 KB-cwnd
[2024-11-07T11:36:19.617861-0500]    20.8750 MB /   0.50 sec =  350.2685 Mbps     0 retrans  10174 KB-cwnd
[2024-11-07T11:36:20.117876-0500]    20.0000 MB /   0.50 sec =  335.5383 Mbps     0 retrans  14796 KB-cwnd
[2024-11-07T11:36:20.617889-0500]    18.5625 MB /   0.50 sec =  311.4264 Mbps     0 retrans  14796 KB-cwnd
[2024-11-07T11:36:21.117908-0500]    19.9375 MB /   0.50 sec =  334.4857 Mbps     0 retrans  14796 KB-cwnd
[2024-11-07T11:36:21.617917-0500]    23.5000 MB /   0.50 sec =  394.2638 Mbps     0 retrans  10272 KB-cwnd
[2024-11-07T11:36:22.117981-0500]    26.5000 MB /   0.50 sec =  444.5864 Mbps     0 retrans  10272 KB-cwnd
[2024-11-07T11:36:22.618176-0500]    22.8750 MB /   0.50 sec =  383.7136 Mbps     0 retrans  10272 KB-cwnd
[2024-11-07T11:36:23.117879-0500]    23.3750 MB /   0.50 sec =  392.2561 Mbps     0 retrans   7760 KB-cwnd
[2024-11-07T11:36:23.617844-0500]    24.1250 MB /   0.50 sec =  404.7447 Mbps     0 retrans   7760 KB-cwnd
[2024-11-07T11:36:24.117927-0500]    12.2500 MB /   0.50 sec =  205.5176 Mbps     0 retrans   7760 KB-cwnd
[2024-11-07T11:36:24.617900-0500]    23.0000 MB /   0.50 sec =  385.8860 Mbps     0 retrans   7760 KB-cwnd
[2024-11-07T11:36:25.117975-0500]    23.2500 MB /   0.50 sec =  390.0851 Mbps     0 retrans   8069 KB-cwnd
[2024-11-07T11:36:25.618246-0500]    28.1250 MB /   0.50 sec =  471.7054 Mbps     0 retrans   8290 KB-cwnd
[2024-11-07T11:36:26.118053-0500]    25.7500 MB /   0.50 sec =  432.0894 Mbps     0 retrans  11863 KB-cwnd
[2024-11-07T11:36:26.617863-0500]    25.9375 MB /   0.50 sec =  435.2191 Mbps     0 retrans  11863 KB-cwnd
[2024-11-07T11:36:27.117873-0500]    23.8125 MB /   0.50 sec =  399.5027 Mbps     0 retrans  11801 KB-cwnd
[2024-11-07T11:36:27.617884-0500]    22.8125 MB /   0.50 sec =  382.7279 Mbps     0 retrans   8652 KB-cwnd
[2024-11-07T11:36:28.117799-0500]    22.1875 MB /   0.50 sec =  372.2683 Mbps     0 retrans   8676 KB-cwnd
[2024-11-07T11:36:28.618018-0500]    21.6875 MB /   0.50 sec =  363.8362 Mbps     0 retrans   8676 KB-cwnd
[2024-11-07T11:36:29.118018-0500]    19.6250 MB /   0.50 sec =  329.2509 Mbps     0 retrans   8676 KB-cwnd
[2024-11-07T11:36:29.617888-0500]    16.8750 MB /   0.50 sec =  283.1087 Mbps     0 retrans   9912 KB-cwnd
[2024-11-07T11:36:30.117883-0500]    16.6250 MB /   0.50 sec =  278.9279 Mbps     0 retrans   9912 KB-cwnd
[2024-11-07T11:36:30.617861-0500]    11.5625 MB /   0.50 sec =  193.9862 Mbps     0 retrans   9912 KB-cwnd
[2024-11-07T11:36:31.117901-0500]    20.6250 MB /   0.50 sec =  346.0197 Mbps     0 retrans   9912 KB-cwnd
[2024-11-07T11:36:31.617899-0500]    22.4375 MB /   0.50 sec =  376.4501 Mbps     0 retrans  10054 KB-cwnd
[2024-11-07T11:36:32.117853-0500]    22.1875 MB /   0.50 sec =  372.2475 Mbps     0 retrans  10054 KB-cwnd
[2024-11-07T11:36:32.617836-0500]    23.4375 MB /   0.50 sec =  393.2097 Mbps     0 retrans  10054 KB-cwnd
[2024-11-07T11:36:33.117999-0500]    24.2500 MB /   0.50 sec =  406.7775 Mbps     0 retrans   7757 KB-cwnd
[2024-11-07T11:36:33.617864-0500]    23.6250 MB /   0.50 sec =  396.4378 Mbps     0 retrans   7757 KB-cwnd
[2024-11-07T11:36:34.117991-0500]    24.8750 MB /   0.50 sec =  417.3282 Mbps     0 retrans   7795 KB-cwnd
[2024-11-07T11:36:34.617874-0500]     9.1250 MB /   0.50 sec =  153.0927 Mbps     0 retrans   7795 KB-cwnd
[2024-11-07T11:36:35.117942-0500]    20.7500 MB /   0.50 sec =  348.0771 Mbps     0 retrans   9715 KB-cwnd
[2024-11-07T11:36:35.617799-0500]    24.2500 MB /   0.50 sec =  406.9232 Mbps     0 retrans   9715 KB-cwnd
[2024-11-07T11:36:36.117954-0500]    22.1875 MB /   0.50 sec =  372.1738 Mbps     0 retrans   9715 KB-cwnd
[2024-11-07T11:36:36.617857-0500]    16.1250 MB /   0.50 sec =  270.5743 Mbps     0 retrans   8983 KB-cwnd
[2024-11-07T11:36:37.117832-0500]    14.3750 MB /   0.50 sec =  241.1763 Mbps     0 retrans   8983 KB-cwnd
[2024-11-07T11:36:37.617858-0500]    14.5000 MB /   0.50 sec =  243.2677 Mbps     0 retrans   8983 KB-cwnd
[2024-11-07T11:36:38.117876-0500]    16.0000 MB /   0.50 sec =  268.4301 Mbps     0 retrans   8983 KB-cwnd
[2024-11-07T11:36:38.618093-0500]    18.7500 MB /   0.50 sec =  314.5753 Mbps     0 retrans   8983 KB-cwnd
[2024-11-07T11:36:39.117906-0500]    15.2500 MB /   0.50 sec =  255.8515 Mbps     0 retrans   9073 KB-cwnd
[2024-11-07T11:36:39.617891-0500]    20.3750 MB /   0.50 sec =  341.8365 Mbps     0 retrans   9073 KB-cwnd
End time: 1730997399757
