Start time: 1730748455214
[2024-11-04T12:27:36.131106-0700] nuttcp-r: v8.1.4: socket
[2024-11-04T12:27:36.132055-0700] nuttcp-r: buflen=65536, nstream=1, port=5379 tcp
[2024-11-04T12:27:36.132156-0700] nuttcp-r: interval reporting every 0.50 seconds
[2024-11-04T12:27:36.132240-0700] nuttcp-r: connect to 54.176.53.206 with RTT=66.883 ms af=inet
[2024-11-04T12:27:36.132320-0700] nuttcp-r: send window size = 2097152, receive window size = 6291456
[2024-11-04T12:27:36.132397-0700] nuttcp-r: available send window = 1572864, available receive window = 4718592
[2024-11-04T12:27:36.132475-0700]     0.9375 MB /   0.50 sec =   15.7268 Mbps     0 retrans
[2024-11-04T12:27:36.631259-0700]     3.5625 MB /   0.50 sec =   59.7600 Mbps     0 retrans
[2024-11-04T12:27:37.131122-0700]     4.7500 MB /   0.50 sec =   79.6938 Mbps     0 retrans
[2024-11-04T12:27:37.631575-0700]     5.5625 MB /   0.50 sec =   93.3272 Mbps     0 retrans
[2024-11-04T12:27:38.131160-0700]     6.0000 MB /   0.50 sec =  100.6822 Mbps     0 retrans
[2024-11-04T12:27:38.631307-0700]     5.5625 MB /   0.50 sec =   93.2910 Mbps     0 retrans
[2024-11-04T12:27:39.131787-0700]     5.1250 MB /   0.50 sec =   85.9451 Mbps     0 retrans
[2024-11-04T12:27:39.630999-0700]     4.6250 MB /   0.50 sec =   77.6494 Mbps     0 retrans
[2024-11-04T12:27:40.131020-0700]     7.0000 MB /   0.50 sec =  117.4431 Mbps     0 retrans
[2024-11-04T12:27:40.631019-0700]     7.8125 MB /   0.50 sec =  131.0720 Mbps     0 retrans
[2024-11-04T12:27:41.130912-0700]     6.5625 MB /   0.50 sec =  110.1069 Mbps     0 retrans
[2024-11-04T12:27:41.631204-0700]     6.5000 MB /   0.50 sec =  109.0377 Mbps     0 retrans
[2024-11-04T12:27:42.131026-0700]     4.0625 MB /   0.50 sec =   68.1610 Mbps     0 retrans
[2024-11-04T12:27:42.631020-0700]     4.5625 MB /   0.50 sec =   76.5422 Mbps     0 retrans
[2024-11-04T12:27:43.130937-0700]     4.3125 MB /   0.50 sec =   72.3572 Mbps     0 retrans
[2024-11-04T12:27:43.630941-0700]     3.3750 MB /   0.50 sec =   56.6255 Mbps     0 retrans
[2024-11-04T12:27:44.131250-0700]     4.6875 MB /   0.50 sec =   78.5990 Mbps     0 retrans
[2024-11-04T12:27:44.631168-0700]     5.6250 MB /   0.50 sec =   94.4196 Mbps     0 retrans
[2024-11-04T12:27:45.130944-0700]     5.8750 MB /   0.50 sec =   98.5713 Mbps     0 retrans
[2024-11-04T12:27:45.631094-0700]     6.6250 MB /   0.50 sec =  111.1366 Mbps     0 retrans
[2024-11-04T12:27:46.130947-0700]     6.0000 MB /   0.50 sec =  100.6738 Mbps     0 retrans
[2024-11-04T12:27:46.631017-0700]     1.5625 MB /   0.50 sec =   26.2143 Mbps     0 retrans
[2024-11-04T12:27:47.131056-0700]     4.8750 MB /   0.50 sec =   81.7798 Mbps     0 retrans
[2024-11-04T12:27:47.631052-0700]     5.1875 MB /   0.50 sec =   87.0351 Mbps     0 retrans
[2024-11-04T12:27:48.130975-0700]     6.5000 MB /   0.50 sec =  109.0608 Mbps     0 retrans
[2024-11-04T12:27:48.630952-0700]     5.1875 MB /   0.50 sec =   87.0309 Mbps     0 retrans
[2024-11-04T12:27:49.131006-0700]     5.4375 MB /   0.50 sec =   91.2181 Mbps     0 retrans
[2024-11-04T12:27:49.631559-0700]     5.3750 MB /   0.50 sec =   90.0936 Mbps     0 retrans
[2024-11-04T12:27:50.131014-0700]     4.5000 MB /   0.50 sec =   75.5730 Mbps     0 retrans
[2024-11-04T12:27:50.631509-0700]     6.0000 MB /   0.50 sec =  100.5657 Mbps     0 retrans
[2024-11-04T12:27:51.130956-0700]     5.3125 MB /   0.50 sec =   89.2128 Mbps     0 retrans
[2024-11-04T12:27:51.630936-0700]     6.3750 MB /   0.50 sec =  106.9590 Mbps     0 retrans
[2024-11-04T12:27:52.130939-0700]     6.6250 MB /   0.50 sec =  111.1504 Mbps     0 retrans
[2024-11-04T12:27:52.631301-0700]     6.8125 MB /   0.50 sec =  114.2269 Mbps     0 retrans
[2024-11-04T12:27:53.130936-0700]     5.8125 MB /   0.50 sec =   97.5765 Mbps     0 retrans
[2024-11-04T12:27:53.630959-0700]     5.1250 MB /   0.50 sec =   85.9810 Mbps     0 retrans
[2024-11-04T12:27:54.130933-0700]     7.0000 MB /   0.50 sec =  117.4440 Mbps     0 retrans
[2024-11-04T12:27:54.631012-0700]     6.4375 MB /   0.50 sec =  107.9977 Mbps     0 retrans
[2024-11-04T12:27:55.130949-0700]     6.4375 MB /   0.50 sec =  108.0055 Mbps     0 retrans
[2024-11-04T12:27:55.631593-0700]     5.0000 MB /   0.50 sec =   83.8789 Mbps     0 retrans
[2024-11-04T12:27:56.130947-0700]     6.2500 MB /   0.50 sec =  104.8662 Mbps     0 retrans
[2024-11-04T12:27:56.631628-0700]     6.8125 MB /   0.50 sec =  114.2779 Mbps     0 retrans
[2024-11-04T12:27:57.130915-0700]     5.4375 MB /   0.50 sec =   91.2425 Mbps     0 retrans
[2024-11-04T12:27:57.631436-0700]     4.3125 MB /   0.50 sec =   72.3339 Mbps     0 retrans
[2024-11-04T12:27:58.130960-0700]     5.3125 MB /   0.50 sec =   89.1480 Mbps     0 retrans
[2024-11-04T12:27:58.631057-0700]     4.6875 MB /   0.50 sec =   78.6357 Mbps     0 retrans
[2024-11-04T12:27:59.130944-0700]     3.5625 MB /   0.50 sec =   59.7761 Mbps     0 retrans
[2024-11-04T12:27:59.631187-0700]     1.5000 MB /   0.50 sec =   25.1631 Mbps     0 retrans
[2024-11-04T12:28:00.130950-0700]     2.8750 MB /   0.50 sec =   48.2395 Mbps     0 retrans
[2024-11-04T12:28:00.630929-0700]     5.0000 MB /   0.50 sec =   83.8856 Mbps     0 retrans
[2024-11-04T12:28:01.130910-0700]     5.1875 MB /   0.50 sec =   87.0341 Mbps     0 retrans
[2024-11-04T12:28:01.631105-0700]     5.2500 MB /   0.50 sec =   88.0779 Mbps     0 retrans
[2024-11-04T12:28:02.131030-0700]     2.2500 MB /   0.50 sec =   37.7492 Mbps     0 retrans
[2024-11-04T12:28:02.631310-0700]     6.0000 MB /   0.50 sec =  100.6524 Mbps     0 retrans
[2024-11-04T12:28:03.130924-0700]     4.5625 MB /   0.50 sec =   76.5554 Mbps     0 retrans
[2024-11-04T12:28:03.631111-0700]     5.5000 MB /   0.50 sec =   92.2714 Mbps     0 retrans
[2024-11-04T12:28:04.131034-0700]     5.5625 MB /   0.50 sec =   93.3220 Mbps     0 retrans
[2024-11-04T12:28:04.630979-0700]     4.8750 MB /   0.50 sec =   81.7897 Mbps     0 retrans
[2024-11-04T12:28:05.131002-0700]     5.8125 MB /   0.50 sec =   97.5174 Mbps     0 retrans
[2024-11-04T12:28:05.631012-0700]     5.6250 MB /   0.50 sec =   94.3707 Mbps     0 retrans
[2024-11-04T12:28:06.131224-0700]     1.1875 MB /   0.50 sec =   19.9192 Mbps     0 retrans
[2024-11-04T12:28:06.631014-0700]     8.1250 MB /   0.50 sec =  136.3405 Mbps     0 retrans
[2024-11-04T12:28:07.130988-0700]     6.8750 MB /   0.50 sec =  115.3464 Mbps     0 retrans
[2024-11-04T12:28:07.630982-0700]     7.6875 MB /   0.50 sec =  128.9733 Mbps     0 retrans
[2024-11-04T12:28:08.131006-0700]     7.5000 MB /   0.50 sec =  125.8281 Mbps     0 retrans
[2024-11-04T12:28:08.630977-0700]     6.2500 MB /   0.50 sec =  104.8591 Mbps     0 retrans
[2024-11-04T12:28:09.131027-0700]     7.5000 MB /   0.50 sec =  125.8261 Mbps     0 retrans
[2024-11-04T12:28:09.631021-0700]     4.0000 MB /   0.50 sec =   67.1085 Mbps     0 retrans
[2024-11-04T12:28:10.131101-0700]     2.5625 MB /   0.50 sec =   42.9862 Mbps     0 retrans
[2024-11-04T12:28:10.631047-0700]     7.1250 MB /   0.50 sec =  119.5448 Mbps     0 retrans
[2024-11-04T12:28:11.131135-0700]     8.0000 MB /   0.50 sec =  134.2301 Mbps     0 retrans
[2024-11-04T12:28:11.630988-0700]     9.6875 MB /   0.50 sec =  162.5277 Mbps     0 retrans
[2024-11-04T12:28:12.131150-0700]     9.3750 MB /   0.50 sec =  157.2845 Mbps     0 retrans
[2024-11-04T12:28:12.631022-0700]     8.4375 MB /   0.50 sec =  141.5578 Mbps     0 retrans
[2024-11-04T12:28:13.131101-0700]    10.2500 MB /   0.50 sec =  171.9362 Mbps     0 retrans
[2024-11-04T12:28:13.631011-0700]    11.1250 MB /   0.50 sec =  186.6798 Mbps     0 retrans
[2024-11-04T12:28:14.131017-0700]    10.0000 MB /   0.50 sec =  167.7742 Mbps     0 retrans
[2024-11-04T12:28:14.631000-0700]     9.8125 MB /   0.50 sec =  164.6248 Mbps     0 retrans
[2024-11-04T12:28:15.131019-0700]     9.7500 MB /   0.50 sec =  163.5785 Mbps     0 retrans
[2024-11-04T12:28:15.631053-0700]     9.3750 MB /   0.50 sec =  157.2744 Mbps     0 retrans
[2024-11-04T12:28:16.131004-0700]    10.5000 MB /   0.50 sec =  176.1749 Mbps     0 retrans
[2024-11-04T12:28:16.631023-0700]     8.4375 MB /   0.50 sec =  141.5558 Mbps     0 retrans
[2024-11-04T12:28:17.131065-0700]     5.6875 MB /   0.50 sec =   95.4147 Mbps     0 retrans
[2024-11-04T12:28:17.631212-0700]     6.4375 MB /   0.50 sec =  107.9975 Mbps     0 retrans
[2024-11-04T12:28:18.131013-0700]     5.7500 MB /   0.50 sec =   96.4796 Mbps     0 retrans
[2024-11-04T12:28:18.631073-0700]     6.1250 MB /   0.50 sec =  102.7498 Mbps     0 retrans
[2024-11-04T12:28:19.131022-0700]     8.7500 MB /   0.50 sec =  146.8139 Mbps     0 retrans
[2024-11-04T12:28:19.631101-0700]     8.5625 MB /   0.50 sec =  143.6492 Mbps     0 retrans
[2024-11-04T12:28:20.131119-0700]     9.3125 MB /   0.50 sec =  156.2563 Mbps     0 retrans
[2024-11-04T12:28:20.631348-0700]     8.4375 MB /   0.50 sec =  141.4537 Mbps     0 retrans
[2024-11-04T12:28:21.131017-0700]     8.8125 MB /   0.50 sec =  147.9501 Mbps     0 retrans
[2024-11-04T12:28:21.631047-0700]    10.3750 MB /   0.50 sec =  174.0528 Mbps     0 retrans
[2024-11-04T12:28:22.131016-0700]    10.3125 MB /   0.50 sec =  173.0258 Mbps     0 retrans
[2024-11-04T12:28:22.631003-0700]    10.8125 MB /   0.50 sec =  181.4047 Mbps     0 retrans
[2024-11-04T12:28:23.131031-0700]     5.0625 MB /   0.50 sec =   84.9350 Mbps     0 retrans
[2024-11-04T12:28:23.631073-0700]    11.2500 MB /   0.50 sec =  188.7539 Mbps     0 retrans
[2024-11-04T12:28:24.131041-0700]     9.0625 MB /   0.50 sec =  152.0326 Mbps     0 retrans
[2024-11-04T12:28:24.631006-0700]    10.1875 MB /   0.50 sec =  170.9175 Mbps     0 retrans
[2024-11-04T12:28:25.131229-0700]    11.1250 MB /   0.50 sec =  186.6376 Mbps     0 retrans
[2024-11-04T12:28:25.631021-0700]    11.0625 MB /   0.50 sec =  185.6083 Mbps     0 retrans
[2024-11-04T12:28:26.131027-0700]    11.5000 MB /   0.50 sec =  192.9380 Mbps     0 retrans
[2024-11-04T12:28:26.631070-0700]    10.1250 MB /   0.50 sec =  169.8697 Mbps     0 retrans
[2024-11-04T12:28:27.131081-0700]     7.6250 MB /   0.50 sec =  127.9086 Mbps     0 retrans
[2024-11-04T12:28:27.631223-0700]     4.0625 MB /   0.50 sec =   68.1444 Mbps     0 retrans
[2024-11-04T12:28:28.131016-0700]     3.6875 MB /   0.50 sec =   61.8868 Mbps     0 retrans
[2024-11-04T12:28:28.631021-0700]     6.7500 MB /   0.50 sec =  113.2453 Mbps     0 retrans
[2024-11-04T12:28:29.131274-0700]     6.3125 MB /   0.50 sec =  105.9127 Mbps     0 retrans
[2024-11-04T12:28:29.631665-0700]     5.8125 MB /   0.50 sec =   97.4073 Mbps     0 retrans
[2024-11-04T12:28:30.131061-0700]     5.5625 MB /   0.50 sec =   93.4206 Mbps     0 retrans
[2024-11-04T12:28:30.631401-0700]     2.1875 MB /   0.50 sec =   36.6868 Mbps     0 retrans
[2024-11-04T12:28:31.131025-0700]     3.1250 MB /   0.50 sec =   52.4483 Mbps     0 retrans
[2024-11-04T12:28:31.631016-0700]     6.5625 MB /   0.50 sec =  110.1033 Mbps     0 retrans
[2024-11-04T12:28:32.131016-0700]     6.0000 MB /   0.50 sec =  100.6625 Mbps     0 retrans
[2024-11-04T12:28:32.630998-0700]     5.9375 MB /   0.50 sec =   99.6159 Mbps     0 retrans
[2024-11-04T12:28:33.131039-0700]     5.6875 MB /   0.50 sec =   95.4189 Mbps     0 retrans
[2024-11-04T12:28:33.631024-0700]     4.0625 MB /   0.50 sec =   68.1570 Mbps     0 retrans
[2024-11-04T12:28:34.131084-0700]     3.8125 MB /   0.50 sec =   63.9561 Mbps     0 retrans
[2024-11-04T12:28:34.631631-0700]     0.6250 MB /   0.50 sec =   10.4770 Mbps     0 retrans
[2024-11-04T12:28:35.131514-0700]     6.6875 MB /   0.50 sec =  112.2032 Mbps     0 retrans
[2024-11-04T12:28:35.631022-0700]     7.3125 MB /   0.50 sec =  122.7887 Mbps     0 retrans
[2024-11-04T12:28:36.131044-0700]     8.1250 MB /   0.50 sec =  136.3146 Mbps     0 retrans
[2024-11-04T12:28:36.631026-0700]     9.0625 MB /   0.50 sec =  152.0520 Mbps     0 retrans
[2024-11-04T12:28:37.130984-0700]     9.1875 MB /   0.50 sec =  154.1413 Mbps     0 retrans
[2024-11-04T12:28:37.631552-0700]    11.3750 MB /   0.50 sec =  190.8340 Mbps     0 retrans
[2024-11-04T12:28:38.131047-0700]    11.5000 MB /   0.50 sec =  192.9415 Mbps     0 retrans
[2024-11-04T12:28:38.631124-0700]     9.5625 MB /   0.50 sec =  160.4353 Mbps     0 retrans
[2024-11-04T12:28:39.131126-0700]     6.9375 MB /   0.50 sec =  116.3985 Mbps     0 retrans
[2024-11-04T12:28:39.631038-0700]     5.3750 MB /   0.50 sec =   90.1707 Mbps     0 retrans
[2024-11-04T12:28:40.130996-0700]     9.9375 MB /   0.50 sec =  166.7269 Mbps     0 retrans
[2024-11-04T12:28:40.631027-0700]    10.4375 MB /   0.50 sec =  175.1080 Mbps     0 retrans
[2024-11-04T12:28:41.131048-0700]    10.0000 MB /   0.50 sec =  167.7722 Mbps     0 retrans
[2024-11-04T12:28:41.630978-0700]    10.0000 MB /   0.50 sec =  167.7769 Mbps     0 retrans
[2024-11-04T12:28:42.131005-0700]    11.1875 MB /   0.50 sec =  187.6951 Mbps     0 retrans
[2024-11-04T12:28:42.631024-0700]    10.1250 MB /   0.50 sec =  169.8639 Mbps     0 retrans
[2024-11-04T12:28:43.130998-0700]     9.2500 MB /   0.50 sec =  155.1939 Mbps     0 retrans
[2024-11-04T12:28:43.631111-0700]     9.4375 MB /   0.50 sec =  158.3043 Mbps     0 retrans
[2024-11-04T12:28:44.131040-0700]     8.8125 MB /   0.50 sec =  147.8732 Mbps     0 retrans
[2024-11-04T12:28:44.631118-0700]     7.9375 MB /   0.50 sec =  133.1822 Mbps     0 retrans
[2024-11-04T12:28:45.131161-0700]     9.6875 MB /   0.50 sec =  162.5293 Mbps     0 retrans
[2024-11-04T12:28:45.631071-0700]     9.1875 MB /   0.50 sec =  154.1169 Mbps     0 retrans
[2024-11-04T12:28:46.131037-0700]     2.6875 MB /   0.50 sec =   45.0914 Mbps     0 retrans
[2024-11-04T12:28:46.631002-0700]     8.1875 MB /   0.50 sec =  137.3670 Mbps     0 retrans
[2024-11-04T12:28:47.131078-0700]     7.1875 MB /   0.50 sec =  120.5682 Mbps     0 retrans
[2024-11-04T12:28:47.631018-0700]     5.1250 MB /   0.50 sec =   85.9966 Mbps     0 retrans
[2024-11-04T12:28:48.131053-0700]     5.7500 MB /   0.50 sec =   96.4647 Mbps     0 retrans
[2024-11-04T12:28:48.631029-0700]     9.9375 MB /   0.50 sec =  166.7276 Mbps     0 retrans
[2024-11-04T12:28:49.131564-0700]     8.3750 MB /   0.50 sec =  140.5058 Mbps     0 retrans
[2024-11-04T12:28:49.631106-0700]     9.3750 MB /   0.50 sec =  157.2612 Mbps     0 retrans
[2024-11-04T12:28:50.131014-0700]     6.3750 MB /   0.50 sec =  106.9764 Mbps     0 retrans
[2024-11-04T12:28:50.632012-0700]     5.2500 MB /   0.50 sec =   87.9072 Mbps     0 retrans
[2024-11-04T12:28:51.131213-0700]     7.1250 MB /   0.50 sec =  119.7323 Mbps     0 retrans
[2024-11-04T12:28:51.631012-0700]     8.8750 MB /   0.50 sec =  148.9490 Mbps     0 retrans
[2024-11-04T12:28:52.131071-0700]     9.0625 MB /   0.50 sec =  152.0384 Mbps     0 retrans
[2024-11-04T12:28:52.631023-0700]     8.6250 MB /   0.50 sec =  144.7061 Mbps     0 retrans
[2024-11-04T12:28:53.131044-0700]     8.5625 MB /   0.50 sec =  143.6541 Mbps     0 retrans
[2024-11-04T12:28:53.631170-0700]     7.3125 MB /   0.50 sec =  122.6844 Mbps     0 retrans
[2024-11-04T12:28:54.131050-0700]     7.1250 MB /   0.50 sec =  119.5360 Mbps     0 retrans
[2024-11-04T12:28:54.631039-0700]     6.8750 MB /   0.50 sec =  115.3436 Mbps     0 retrans
[2024-11-04T12:28:55.131613-0700]     7.7500 MB /   0.50 sec =  130.0081 Mbps     0 retrans
[2024-11-04T12:28:55.631053-0700]     4.7500 MB /   0.50 sec =   79.6967 Mbps     0 retrans
[2024-11-04T12:28:56.131051-0700]     4.3750 MB /   0.50 sec =   73.4019 Mbps     0 retrans
[2024-11-04T12:28:56.632062-0700]     2.5625 MB /   0.50 sec =   42.9066 Mbps     0 retrans
[2024-11-04T12:28:57.131106-0700]     1.2500 MB /   0.50 sec =   21.0112 Mbps     0 retrans
[2024-11-04T12:28:57.630996-0700]     2.8750 MB /   0.50 sec =   48.2414 Mbps     0 retrans
[2024-11-04T12:28:58.131506-0700]     3.9375 MB /   0.50 sec =   66.0046 Mbps     0 retrans
[2024-11-04T12:28:58.631076-0700]     4.9375 MB /   0.50 sec =   82.9000 Mbps     0 retrans
[2024-11-04T12:28:59.131017-0700]     3.4375 MB /   0.50 sec =   57.6772 Mbps     0 retrans
[2024-11-04T12:28:59.631183-0700]     5.0625 MB /   0.50 sec =   84.9324 Mbps     0 retrans
[2024-11-04T12:29:00.131077-0700]     4.8125 MB /   0.50 sec =   80.7387 Mbps     0 retrans
[2024-11-04T12:29:00.630989-0700]     5.5000 MB /   0.50 sec =   92.2793 Mbps     0 retrans
[2024-11-04T12:29:01.131017-0700]     6.1250 MB /   0.50 sec =  102.7600 Mbps     0 retrans
[2024-11-04T12:29:01.631005-0700]     7.0625 MB /   0.50 sec =  118.4886 Mbps     0 retrans
[2024-11-04T12:29:02.131053-0700]     8.4375 MB /   0.50 sec =  141.5442 Mbps     0 retrans
[2024-11-04T12:29:02.631008-0700]     9.5000 MB /   0.50 sec =  159.3985 Mbps     0 retrans
[2024-11-04T12:29:03.130998-0700]    10.5625 MB /   0.50 sec =  177.2097 Mbps     0 retrans
[2024-11-04T12:29:03.630986-0700]    10.4375 MB /   0.50 sec =  175.1136 Mbps     0 retrans
[2024-11-04T12:29:04.131059-0700]    10.6875 MB /   0.50 sec =  179.3033 Mbps     0 retrans
[2024-11-04T12:29:04.631011-0700]    10.0625 MB /   0.50 sec =  168.8217 Mbps     0 retrans
[2024-11-04T12:29:05.131447-0700]     9.1875 MB /   0.50 sec =  154.0064 Mbps     0 retrans
[2024-11-04T12:29:05.631181-0700]    10.5000 MB /   0.50 sec =  176.3142 Mbps     0 retrans
[2024-11-04T12:29:06.131049-0700]    11.5625 MB /   0.50 sec =  193.9842 Mbps     0 retrans
[2024-11-04T12:29:06.631015-0700]     7.5625 MB /   0.50 sec =  126.8741 Mbps     0 retrans
[2024-11-04T12:29:07.131121-0700]     6.0000 MB /   0.50 sec =  100.6534 Mbps     0 retrans
[2024-11-04T12:29:07.631082-0700]     8.1875 MB /   0.50 sec =  137.3629 Mbps     0 retrans
[2024-11-04T12:29:08.130996-0700]     6.3125 MB /   0.50 sec =  105.9225 Mbps     0 retrans
[2024-11-04T12:29:08.631008-0700]     7.9375 MB /   0.50 sec =  133.1686 Mbps     0 retrans
[2024-11-04T12:29:09.131004-0700]     7.0000 MB /   0.50 sec =  117.4410 Mbps     0 retrans
[2024-11-04T12:29:09.630999-0700]     4.7500 MB /   0.50 sec =   79.6918 Mbps     0 retrans
[2024-11-04T12:29:10.131085-0700]     4.5000 MB /   0.50 sec =   75.4911 Mbps     0 retrans
[2024-11-04T12:29:10.631019-0700]     4.8125 MB /   0.50 sec =   80.7458 Mbps     0 retrans
[2024-11-04T12:29:11.131290-0700]     1.9375 MB /   0.50 sec =   32.5057 Mbps     0 retrans
[2024-11-04T12:29:11.631435-0700]     4.6875 MB /   0.50 sec =   78.5806 Mbps     0 retrans
[2024-11-04T12:29:12.131035-0700]     5.3125 MB /   0.50 sec =   89.1996 Mbps     0 retrans
[2024-11-04T12:29:12.631081-0700]     5.6250 MB /   0.50 sec =   94.3750 Mbps     0 retrans
[2024-11-04T12:29:13.131034-0700]     5.8125 MB /   0.50 sec =   97.5150 Mbps     0 retrans
[2024-11-04T12:29:13.631004-0700]     5.0000 MB /   0.50 sec =   83.8856 Mbps     0 retrans
[2024-11-04T12:29:14.131027-0700]     6.7500 MB /   0.50 sec =  113.2476 Mbps     0 retrans
[2024-11-04T12:29:14.630997-0700]     4.7500 MB /   0.50 sec =   79.6918 Mbps     0 retrans
[2024-11-04T12:29:15.131098-0700]     5.1875 MB /   0.50 sec =   87.0200 Mbps     0 retrans
[2024-11-04T12:29:15.630992-0700]     6.1250 MB /   0.50 sec =  102.7738 Mbps     0 retrans
[2024-11-04T12:29:16.131125-0700]     8.6875 MB /   0.50 sec =  145.7308 Mbps     0 retrans
[2024-11-04T12:29:16.631019-0700]     8.4375 MB /   0.50 sec =  141.5781 Mbps     0 retrans
[2024-11-04T12:29:17.131017-0700]     7.8750 MB /   0.50 sec =  132.1214 Mbps     0 retrans
[2024-11-04T12:29:17.631024-0700]     6.2500 MB /   0.50 sec =  104.8559 Mbps     0 retrans
[2024-11-04T12:29:18.131054-0700]     8.0000 MB /   0.50 sec =  134.2169 Mbps     0 retrans
[2024-11-04T12:29:18.631010-0700]     8.3125 MB /   0.50 sec =  139.4634 Mbps     0 retrans
[2024-11-04T12:29:19.131035-0700]     9.5000 MB /   0.50 sec =  159.3829 Mbps     0 retrans
[2024-11-04T12:29:19.631097-0700]     9.1875 MB /   0.50 sec =  154.1185 Mbps     0 retrans
[2024-11-04T12:29:20.131093-0700]    10.5625 MB /   0.50 sec =  177.2349 Mbps     0 retrans
[2024-11-04T12:29:20.631177-0700]    10.3125 MB /   0.50 sec =  173.0147 Mbps     0 retrans
[2024-11-04T12:29:21.131079-0700]     8.4375 MB /   0.50 sec =  141.5597 Mbps     0 retrans
[2024-11-04T12:29:21.631019-0700]     9.1875 MB /   0.50 sec =  154.1320 Mbps     0 retrans
[2024-11-04T12:29:22.131115-0700]    10.6875 MB /   0.50 sec =  179.2893 Mbps     0 retrans
[2024-11-04T12:29:22.631073-0700]    11.6875 MB /   0.50 sec =  196.0916 Mbps     0 retrans
[2024-11-04T12:29:23.131053-0700]    10.6875 MB /   0.50 sec =  179.3216 Mbps     0 retrans
[2024-11-04T12:29:23.631043-0700]    11.0625 MB /   0.50 sec =  185.6009 Mbps     0 retrans
[2024-11-04T12:29:24.131044-0700]    10.6250 MB /   0.50 sec =  178.2540 Mbps     0 retrans
[2024-11-04T12:29:24.631146-0700]    11.3125 MB /   0.50 sec =  189.8033 Mbps     0 retrans
[2024-11-04T12:29:25.131999-0700]    11.7500 MB /   0.50 sec =  196.9369 Mbps     0 retrans
[2024-11-04T12:29:25.631027-0700]    12.1875 MB /   0.50 sec =  204.6692 Mbps     0 retrans
[2024-11-04T12:29:26.131077-0700]    10.0000 MB /   0.50 sec =  167.7866 Mbps     0 retrans
[2024-11-04T12:29:26.631174-0700]     4.3125 MB /   0.50 sec =   72.3455 Mbps     0 retrans
[2024-11-04T12:29:27.131101-0700]     5.4375 MB /   0.50 sec =   91.2157 Mbps     0 retrans
[2024-11-04T12:29:27.630996-0700]     6.0625 MB /   0.50 sec =  101.7243 Mbps     0 retrans
[2024-11-04T12:29:28.131047-0700]     8.6250 MB /   0.50 sec =  144.6997 Mbps     0 retrans
[2024-11-04T12:29:28.630994-0700]     8.0625 MB /   0.50 sec =  135.2706 Mbps     0 retrans
[2024-11-04T12:29:29.131022-0700]     8.5000 MB /   0.50 sec =  142.6021 Mbps     0 retrans
[2024-11-04T12:29:29.631417-0700]     9.6250 MB /   0.50 sec =  161.3532 Mbps     0 retrans
[2024-11-04T12:29:30.131076-0700]    11.1875 MB /   0.50 sec =  187.8330 Mbps     0 retrans
[2024-11-04T12:29:30.630977-0700]    11.7500 MB /   0.50 sec =  197.1496 Mbps     0 retrans
[2024-11-04T12:29:31.131049-0700]    12.0625 MB /   0.50 sec =  202.3707 Mbps     0 retrans
[2024-11-04T12:29:31.631023-0700]    10.4375 MB /   0.50 sec =  175.1132 Mbps     0 retrans
[2024-11-04T12:29:32.131039-0700]    10.5000 MB /   0.50 sec =  176.1537 Mbps     0 retrans
[2024-11-04T12:29:32.631014-0700]    10.2500 MB /   0.50 sec =  171.9727 Mbps     0 retrans
[2024-11-04T12:29:33.131037-0700]    10.3750 MB /   0.50 sec =  174.0633 Mbps     0 retrans
[2024-11-04T12:29:33.630993-0700]     8.6250 MB /   0.50 sec =  144.7029 Mbps     0 retrans
[2024-11-04T12:29:34.131042-0700]    10.9375 MB /   0.50 sec =  183.5004 Mbps     0 retrans
[2024-11-04T12:29:34.631020-0700]    11.8750 MB /   0.50 sec =  199.2318 Mbps     0 retrans
[2024-11-04T12:29:35.131014-0700]    12.4375 MB /   0.50 sec =  208.6700 Mbps     0 retrans
[2024-11-04T12:29:35.631016-0700]     7.2500 MB /   0.50 sec =  121.6334 Mbps     0 retrans
[2024-11-04T12:29:36.131207-0700]     3.1250 MB /   0.50 sec =   52.4285 Mbps     0 retrans
End time: 1730748576339
