Start time: 1731106461207
[2024-11-08T17:54:26.299727-0500] traceroute to 54.197.223.49 (54.197.223.49), 30 hops max, 60 byte packets
[2024-11-08T17:54:26.300372-0500]  1  * * *
[2024-11-08T17:54:26.300418-0500]  2  * * *
[2024-11-08T17:54:26.300453-0500]  3  * * *
[2024-11-08T17:54:26.309000-0500]  4  * * *
[2024-11-08T17:54:26.309078-0500]  5  * * *
[2024-11-08T17:54:31.308863-0500]  6  * * *
[2024-11-08T17:54:31.309311-0500]  7  * * *
[2024-11-08T17:54:31.309436-0500]  8  * * *
[2024-11-08T17:54:31.324363-0500]  9  * * *
[2024-11-08T17:54:31.324538-0500] 10  * * *
[2024-11-08T17:54:36.318201-0500] 11  * * *
[2024-11-08T17:54:36.327954-0500] 12  * * *
[2024-11-08T17:54:36.328285-0500] 13  * * *
[2024-11-08T17:54:36.328426-0500] 14  * * *
[2024-11-08T17:54:36.345901-0500] 15  * * *
[2024-11-08T17:54:41.326697-0500] 16  * * *
[2024-11-08T17:54:41.333529-0500] 17  * * *
[2024-11-08T17:54:41.339971-0500] 18  * * *
[2024-11-08T17:54:41.343440-0500] 19  * * *
[2024-11-08T17:54:41.347508-0500] 20  * * *
[2024-11-08T17:54:41.352469-0500] 21  * * *
[2024-11-08T17:54:46.336273-0500] 22  * * *
[2024-11-08T17:54:46.346653-0500] 23  * * *
[2024-11-08T17:54:46.346964-0500] 24  * * *
[2024-11-08T17:54:46.359090-0500] 25  * * *
[2024-11-08T17:54:46.359386-0500] 26  * * *
[2024-11-08T17:54:51.285006-0500] 27  * *End time: 1731106491344
