Start time: 1745100237032
Connecting to host 34.86.116.81, port 5207
Reverse mode, remote host 34.86.116.81 is sending
[  5] local 192.0.0.2 port 37466 connected to 34.86.116.81 port 5207
[ ID] Interval           Transfer     Bitrate
[  5]   0.00-0.10   sec  82.6 KBytes  6.76 Mbits/sec                  
[  5]   0.10-0.20   sec   413 KBytes  33.8 Mbits/sec                  
[  5]   0.20-0.30   sec   781 KBytes  64.0 Mbits/sec                  
[  5]   0.30-0.40   sec   180 KBytes  14.7 Mbits/sec                  
[  5]   0.40-0.50   sec  0.00 Bytes  0.00 bits/sec                  
[  5]   0.50-0.60   sec  55.9 KBytes  4.61 Mbits/sec                  
[  5]   0.60-0.70   sec  1.64 MBytes   137 Mbits/sec                  
[  5]   0.70-0.80   sec  1.30 MBytes   109 Mbits/sec                  
[  5]   0.80-0.90   sec  1.52 MBytes   127 Mbits/sec                  
[  5]   0.90-1.00   sec   947 KBytes  77.5 Mbits/sec                  
[  5]   1.00-1.10   sec   645 KBytes  52.8 Mbits/sec                  
[  5]   1.10-1.20   sec  1.19 MBytes  99.8 Mbits/sec                  
[  5]   1.20-1.30   sec  1.37 MBytes   115 Mbits/sec                  
[  5]   1.30-1.40   sec  1.14 MBytes  95.7 Mbits/sec                  
[  5]   1.40-1.50   sec  1.13 MBytes  95.1 Mbits/sec                  
[  5]   1.50-1.60   sec  1.11 MBytes  92.9 Mbits/sec                  
[  5]   1.60-1.70   sec  1.56 MBytes   131 Mbits/sec                  
[  5]   1.70-1.80   sec  1.10 MBytes  92.1 Mbits/sec                  
[  5]   1.80-1.90   sec  1.16 MBytes  97.2 Mbits/sec                  
[  5]   1.90-2.00   sec   990 KBytes  80.9 Mbits/sec                  
[  5]   2.00-2.10   sec   876 KBytes  72.0 Mbits/sec                  
[  5]   2.10-2.20   sec   902 KBytes  73.9 Mbits/sec                  
[  5]   2.20-2.30   sec  1008 KBytes  82.6 Mbits/sec                  
[  5]   2.30-2.40   sec  1.19 MBytes  99.5 Mbits/sec                  
[  5]   2.40-2.50   sec  1018 KBytes  83.4 Mbits/sec                  
[  5]   2.50-2.60   sec  1.06 MBytes  88.7 Mbits/sec                  
[  5]   2.60-2.70   sec  1.20 MBytes   100 Mbits/sec                  
[  5]   2.70-2.80   sec  1.35 MBytes   113 Mbits/sec                  
[  5]   2.80-2.90   sec  1.04 MBytes  87.0 Mbits/sec                  
[  5]   2.90-3.00   sec   741 KBytes  60.7 Mbits/sec                  
[  5]   3.00-3.10   sec   850 KBytes  69.6 Mbits/sec                  
[  5]   3.10-3.20   sec   786 KBytes  64.4 Mbits/sec                  
[  5]   3.20-3.30   sec  1006 KBytes  82.4 Mbits/sec                  
[  5]   3.30-3.40   sec  1.02 MBytes  85.6 Mbits/sec                  
[  5]   3.40-3.50   sec   896 KBytes  73.4 Mbits/sec                  
[  5]   3.50-3.60   sec   833 KBytes  68.2 Mbits/sec                  
[  5]   3.60-3.70   sec   928 KBytes  76.1 Mbits/sec                  
[  5]   3.70-3.80   sec   879 KBytes  72.0 Mbits/sec                  
[  5]   3.80-3.90   sec   542 KBytes  44.4 Mbits/sec                  
[  5]   3.90-4.00   sec   817 KBytes  66.9 Mbits/sec                  
[  5]   4.00-4.10   sec   994 KBytes  81.4 Mbits/sec                  
[  5]   4.10-4.20   sec   923 KBytes  75.7 Mbits/sec                  
[  5]   4.20-4.30   sec   698 KBytes  57.2 Mbits/sec                  
[  5]   4.30-4.40   sec   850 KBytes  69.6 Mbits/sec                  
[  5]   4.40-4.50   sec   805 KBytes  65.9 Mbits/sec                  
[  5]   4.50-4.60   sec  1.06 MBytes  89.0 Mbits/sec                  
[  5]   4.60-4.70   sec   960 KBytes  78.7 Mbits/sec                  
[  5]   4.70-4.80   sec   747 KBytes  61.2 Mbits/sec                  
[  5]   4.80-4.90   sec   887 KBytes  72.6 Mbits/sec                  
[  5]   4.90-5.00   sec  1.05 MBytes  88.4 Mbits/sec                  
- - - - - - - - - - - - - - - - - - - - - - - - -
[ ID] Interval           Transfer     Bitrate         Retr
[  5]   0.00-5.04   sec   324 MBytes   539 Mbits/sec    0             sender
[  5]   0.00-5.00   sec  45.7 MBytes  76.6 Mbits/sec                  receiver

iperf Done.
End time: 1745100242667
