Start time: 1731084929112
[2024-11-08T11:55:30.269577-0500] nuttcp-r: v8.1.4: socket
[2024-11-08T11:55:30.270239-0500] nuttcp-r: buflen=65536, nstream=1, port=5379 tcp
[2024-11-08T11:55:30.270289-0500] nuttcp-r: interval reporting every 0.50 seconds
[2024-11-08T11:55:30.270323-0500] nuttcp-r: connect to 54.197.223.49 with RTT=94.176 ms af=inet
[2024-11-08T11:55:30.270354-0500] nuttcp-r: send window size = 2097152, receive window size = 6291456
[2024-11-08T11:55:30.270383-0500] nuttcp-r: available send window = 1572864, available receive window = 4718592
[2024-11-08T11:55:30.270413-0500]     0.0000 MB /   0.50 sec =    0.0000 Mbps     0 retrans      0 KB-cwnd
[2024-11-08T11:55:30.769711-0500]     0.1875 MB /   0.50 sec =    3.1460 Mbps     0 retrans     13 KB-cwnd
[2024-11-08T11:55:31.269506-0500]     1.0625 MB /   0.50 sec =   17.8237 Mbps     0 retrans     13 KB-cwnd
[2024-11-08T11:55:31.770848-0500]     3.3125 MB /   0.50 sec =   55.4491 Mbps     0 retrans     13 KB-cwnd
[2024-11-08T11:55:32.271120-0500]     6.0000 MB /   0.50 sec =  100.6474 Mbps     0 retrans     13 KB-cwnd
[2024-11-08T11:55:32.769520-0500]     6.9375 MB /   0.50 sec =  116.6829 Mbps     0 retrans     13 KB-cwnd
[2024-11-08T11:55:33.269845-0500]     5.9375 MB /   0.50 sec =   99.5488 Mbps     0 retrans     13 KB-cwnd
[2024-11-08T11:55:33.769373-0500]     4.6875 MB /   0.50 sec =   78.7005 Mbps     0 retrans     13 KB-cwnd
[2024-11-08T11:55:34.269756-0500]    11.6875 MB /   0.50 sec =  195.9571 Mbps     0 retrans     13 KB-cwnd
[2024-11-08T11:55:34.769567-0500]     8.6875 MB /   0.50 sec =  145.8116 Mbps     0 retrans     13 KB-cwnd
[2024-11-08T11:55:35.269693-0500]    10.0000 MB /   0.50 sec =  167.8037 Mbps     0 retrans     13 KB-cwnd
[2024-11-08T11:55:35.769515-0500]     8.3125 MB /   0.50 sec =  139.4503 Mbps     0 retrans     13 KB-cwnd
[2024-11-08T11:55:36.269891-0500]     3.7500 MB /   0.50 sec =   62.9175 Mbps     0 retrans     13 KB-cwnd
[2024-11-08T11:55:36.769542-0500]    13.1875 MB /   0.50 sec =  221.2460 Mbps     0 retrans     13 KB-cwnd
[2024-11-08T11:55:37.269552-0500]    10.2500 MB /   0.50 sec =  171.9813 Mbps     0 retrans     13 KB-cwnd
[2024-11-08T11:55:37.769500-0500]     3.5625 MB /   0.50 sec =   59.7648 Mbps     0 retrans     13 KB-cwnd
[2024-11-08T11:55:38.269555-0500]     4.5000 MB /   0.50 sec =   75.4781 Mbps     0 retrans     13 KB-cwnd
[2024-11-08T11:55:38.769865-0500]     5.3125 MB /   0.50 sec =   89.0892 Mbps     0 retrans     13 KB-cwnd
[2024-11-08T11:55:39.269480-0500]     2.0625 MB /   0.50 sec =   34.6280 Mbps     0 retrans     13 KB-cwnd
[2024-11-08T11:55:39.769519-0500]     0.0000 MB /   0.50 sec =    0.0000 Mbps     0 retrans     13 KB-cwnd
[2024-11-08T11:55:40.270478-0500]     5.1250 MB /   0.50 sec =   85.8152 Mbps     0 retrans     13 KB-cwnd
[2024-11-08T11:55:40.769472-0500]     2.0000 MB /   0.50 sec =   33.6212 Mbps     0 retrans     13 KB-cwnd
[2024-11-08T11:55:41.269921-0500]     0.0625 MB /   0.50 sec =    1.0479 Mbps     0 retrans     13 KB-cwnd
[2024-11-08T11:55:41.769550-0500]     8.3750 MB /   0.50 sec =  140.6113 Mbps     0 retrans     13 KB-cwnd
[2024-11-08T11:55:42.269429-0500]     1.2500 MB /   0.50 sec =   20.9685 Mbps     0 retrans     13 KB-cwnd
[2024-11-08T11:55:42.769776-0500]     0.0000 MB /   0.50 sec =    0.0000 Mbps     0 retrans     13 KB-cwnd
[2024-11-08T11:55:43.269480-0500]     2.6250 MB /   0.50 sec =   44.0581 Mbps     0 retrans     13 KB-cwnd
[2024-11-08T11:55:43.769655-0500]     0.0000 MB /   0.50 sec =    0.0000 Mbps     0 retrans     13 KB-cwnd
[2024-11-08T11:55:44.269788-0500]     2.0625 MB /   0.50 sec =   34.5986 Mbps     0 retrans     13 KB-cwnd
[2024-11-08T11:55:44.769431-0500]     3.6875 MB /   0.50 sec =   61.8879 Mbps     0 retrans     13 KB-cwnd
[2024-11-08T11:55:45.269413-0500]     4.1250 MB /   0.50 sec =   69.2067 Mbps     0 retrans     13 KB-cwnd
[2024-11-08T11:55:45.769443-0500]     4.5000 MB /   0.50 sec =   75.4960 Mbps     0 retrans     13 KB-cwnd
[2024-11-08T11:55:46.269617-0500]     2.8750 MB /   0.50 sec =   48.2201 Mbps     0 retrans     13 KB-cwnd
[2024-11-08T11:55:46.769624-0500]     5.5625 MB /   0.50 sec =   93.3586 Mbps     0 retrans     13 KB-cwnd
[2024-11-08T11:55:47.269425-0500]     4.5000 MB /   0.50 sec =   75.4932 Mbps     0 retrans     13 KB-cwnd
[2024-11-08T11:55:47.769620-0500]     2.3750 MB /   0.50 sec =   39.8327 Mbps     0 retrans     13 KB-cwnd
[2024-11-08T11:55:48.269581-0500]     3.8750 MB /   0.50 sec =   65.0150 Mbps     0 retrans     13 KB-cwnd
[2024-11-08T11:55:48.769641-0500]     2.8750 MB /   0.50 sec =   48.2311 Mbps     0 retrans     13 KB-cwnd
[2024-11-08T11:55:49.269677-0500]     4.7500 MB /   0.50 sec =   79.7095 Mbps     0 retrans     13 KB-cwnd
[2024-11-08T11:55:49.769746-0500]     1.5000 MB /   0.50 sec =   25.1623 Mbps     0 retrans     13 KB-cwnd
[2024-11-08T11:55:50.269419-0500]     5.8750 MB /   0.50 sec =   98.5920 Mbps     0 retrans     13 KB-cwnd
[2024-11-08T11:55:50.769434-0500]     4.7500 MB /   0.50 sec =   79.6907 Mbps     0 retrans     13 KB-cwnd
[2024-11-08T11:55:51.269422-0500]     4.0000 MB /   0.50 sec =   67.1105 Mbps     0 retrans     13 KB-cwnd
[2024-11-08T11:55:51.769410-0500]     5.4375 MB /   0.50 sec =   91.2256 Mbps     0 retrans     13 KB-cwnd
[2024-11-08T11:55:52.269430-0500]     5.5000 MB /   0.50 sec =   92.2741 Mbps     0 retrans     13 KB-cwnd
[2024-11-08T11:55:52.769698-0500]     2.1875 MB /   0.50 sec =   36.6911 Mbps     0 retrans     13 KB-cwnd
[2024-11-08T11:55:53.269452-0500]     7.8125 MB /   0.50 sec =  131.0993 Mbps     0 retrans     13 KB-cwnd
[2024-11-08T11:55:53.769618-0500]     3.3125 MB /   0.50 sec =   55.5586 Mbps     0 retrans     13 KB-cwnd
[2024-11-08T11:55:54.269435-0500]     6.8750 MB /   0.50 sec =  115.3796 Mbps     0 retrans     13 KB-cwnd
[2024-11-08T11:55:54.769658-0500]     3.7500 MB /   0.50 sec =   62.8822 Mbps     0 retrans     13 KB-cwnd
[2024-11-08T11:55:55.270424-0500]     3.5000 MB /   0.50 sec =   58.6387 Mbps     0 retrans     13 KB-cwnd
[2024-11-08T11:55:55.770474-0500]     3.0000 MB /   0.50 sec =   50.3256 Mbps     0 retrans     13 KB-cwnd
[2024-11-08T11:55:56.269530-0500]     5.2500 MB /   0.50 sec =   88.2424 Mbps     0 retrans     13 KB-cwnd
[2024-11-08T11:55:56.769570-0500]     2.3125 MB /   0.50 sec =   38.7961 Mbps     0 retrans     13 KB-cwnd
[2024-11-08T11:55:57.270462-0500]     4.3125 MB /   0.50 sec =   72.2229 Mbps     0 retrans     13 KB-cwnd
[2024-11-08T11:55:57.769540-0500]     4.5625 MB /   0.50 sec =   76.6859 Mbps     0 retrans     13 KB-cwnd
[2024-11-08T11:55:58.269590-0500]     4.5625 MB /   0.50 sec =   76.5563 Mbps     0 retrans     13 KB-cwnd
[2024-11-08T11:55:58.769590-0500]     3.0000 MB /   0.50 sec =   50.3202 Mbps     0 retrans     13 KB-cwnd
[2024-11-08T11:55:59.269361-0500]     4.8125 MB /   0.50 sec =   80.7662 Mbps     0 retrans     13 KB-cwnd
[2024-11-08T11:55:59.769432-0500]     4.1250 MB /   0.50 sec =   69.2035 Mbps     0 retrans     15 KB-cwnd
[2024-11-08T11:56:00.269386-0500]     4.2500 MB /   0.50 sec =   71.3056 Mbps     0 retrans     15 KB-cwnd
[2024-11-08T11:56:00.769416-0500]     4.4375 MB /   0.50 sec =   74.4470 Mbps     0 retrans     15 KB-cwnd
[2024-11-08T11:56:01.269426-0500]     5.6875 MB /   0.50 sec =   95.4200 Mbps     0 retrans     15 KB-cwnd
[2024-11-08T11:56:01.769561-0500]     3.5000 MB /   0.50 sec =   58.7066 Mbps     0 retrans     15 KB-cwnd
[2024-11-08T11:56:02.269610-0500]     2.6250 MB /   0.50 sec =   44.0372 Mbps     0 retrans     15 KB-cwnd
[2024-11-08T11:56:02.769731-0500]     2.9375 MB /   0.50 sec =   49.2822 Mbps     0 retrans     15 KB-cwnd
[2024-11-08T11:56:03.269562-0500]     3.0625 MB /   0.50 sec =   51.3844 Mbps     0 retrans     15 KB-cwnd
[2024-11-08T11:56:03.770415-0500]     3.5000 MB /   0.50 sec =   58.6215 Mbps     0 retrans     15 KB-cwnd
[2024-11-08T11:56:04.269615-0500]     3.4375 MB /   0.50 sec =   57.7644 Mbps     0 retrans     15 KB-cwnd
[2024-11-08T11:56:04.770682-0500]     4.1875 MB /   0.50 sec =   70.1012 Mbps     0 retrans     15 KB-cwnd
[2024-11-08T11:56:05.269764-0500]     4.3750 MB /   0.50 sec =   73.5344 Mbps     0 retrans     15 KB-cwnd
[2024-11-08T11:56:05.769833-0500]     4.1875 MB /   0.50 sec =   70.2993 Mbps     0 retrans     15 KB-cwnd
[2024-11-08T11:56:06.269531-0500]     3.9375 MB /   0.50 sec =   66.0513 Mbps     0 retrans     15 KB-cwnd
[2024-11-08T11:56:06.769646-0500]     3.3125 MB /   0.50 sec =   55.5854 Mbps     0 retrans     15 KB-cwnd
[2024-11-08T11:56:07.269755-0500]     5.0000 MB /   0.50 sec =   83.8297 Mbps     0 retrans     15 KB-cwnd
[2024-11-08T11:56:07.769426-0500]     5.8125 MB /   0.50 sec =   97.5812 Mbps     0 retrans     15 KB-cwnd
[2024-11-08T11:56:08.269434-0500]     7.2500 MB /   0.50 sec =  121.6346 Mbps     0 retrans     15 KB-cwnd
[2024-11-08T11:56:08.769490-0500]     9.1875 MB /   0.50 sec =  154.1246 Mbps     0 retrans     15 KB-cwnd
[2024-11-08T11:56:09.269463-0500]    11.5625 MB /   0.50 sec =  193.9908 Mbps     0 retrans     17 KB-cwnd
[2024-11-08T11:56:09.769446-0500]    14.2500 MB /   0.50 sec =  239.0906 Mbps     0 retrans     17 KB-cwnd
[2024-11-08T11:56:10.269564-0500]    15.5625 MB /   0.50 sec =  261.0808 Mbps     0 retrans     17 KB-cwnd
[2024-11-08T11:56:10.769467-0500]    18.0000 MB /   0.50 sec =  302.0044 Mbps     0 retrans     17 KB-cwnd
[2024-11-08T11:56:11.269430-0500]    20.6250 MB /   0.50 sec =  346.0460 Mbps  3039 retrans   1734 KB-cwnd
[2024-11-08T11:56:11.769467-0500]    22.6875 MB /   0.50 sec =  380.5867 Mbps     0 retrans   1734 KB-cwnd
[2024-11-08T11:56:12.269416-0500]    23.6250 MB /   0.50 sec =  396.4037 Mbps     0 retrans   1734 KB-cwnd
[2024-11-08T11:56:12.769692-0500]     4.1875 MB /   0.50 sec =   70.2262 Mbps     0 retrans   1734 KB-cwnd
[2024-11-08T11:56:13.269479-0500]    10.1250 MB /   0.50 sec =  169.9434 Mbps     0 retrans   1734 KB-cwnd
[2024-11-08T11:56:13.769619-0500]    23.8750 MB /   0.50 sec =  400.5352 Mbps     0 retrans   1734 KB-cwnd
[2024-11-08T11:56:14.269444-0500]    26.0625 MB /   0.50 sec =  437.2579 Mbps     0 retrans   1734 KB-cwnd
[2024-11-08T11:56:14.769474-0500]    28.1250 MB /   0.50 sec =  471.8252 Mbps    47 retrans   2490 KB-cwnd
[2024-11-08T11:56:15.269935-0500]    32.5625 MB /   0.50 sec =  545.9161 Mbps     0 retrans   2490 KB-cwnd
[2024-11-08T11:56:15.769639-0500]    33.6250 MB /   0.50 sec =  564.5788 Mbps     0 retrans   2472 KB-cwnd
[2024-11-08T11:56:16.269904-0500]     8.8750 MB /   0.50 sec =  148.8073 Mbps     0 retrans   2472 KB-cwnd
[2024-11-08T11:56:16.769494-0500]    40.2500 MB /   0.50 sec =  675.7032 Mbps     0 retrans   2472 KB-cwnd
[2024-11-08T11:56:17.269429-0500]    40.4375 MB /   0.50 sec =  678.4287 Mbps    17 retrans   6396 KB-cwnd
[2024-11-08T11:56:17.769557-0500]    41.0625 MB /   0.50 sec =  688.9048 Mbps     0 retrans   6433 KB-cwnd
[2024-11-08T11:56:18.269443-0500]    40.8750 MB /   0.50 sec =  685.7824 Mbps     0 retrans   6433 KB-cwnd
[2024-11-08T11:56:18.769469-0500]    36.8125 MB /   0.50 sec =  617.6100 Mbps     0 retrans   6359 KB-cwnd
[2024-11-08T11:56:19.269357-0500]    38.2500 MB /   0.50 sec =  641.7593 Mbps  5043 retrans   9113 KB-cwnd
[2024-11-08T11:56:19.769431-0500]    24.8750 MB /   0.50 sec =  417.3124 Mbps     0 retrans   9113 KB-cwnd
[2024-11-08T11:56:20.269572-0500]    35.0000 MB /   0.50 sec =  587.2319 Mbps     0 retrans   9113 KB-cwnd
[2024-11-08T11:56:20.769552-0500]    34.0625 MB /   0.50 sec =  571.4431 Mbps     0 retrans   9113 KB-cwnd
[2024-11-08T11:56:21.269437-0500]    33.0625 MB /   0.50 sec =  554.6945 Mbps     0 retrans  13890 KB-cwnd
[2024-11-08T11:56:21.769424-0500]    36.6250 MB /   0.50 sec =  614.4778 Mbps     0 retrans  11871 KB-cwnd
[2024-11-08T11:56:22.269542-0500]    39.8125 MB /   0.50 sec =  667.9362 Mbps     0 retrans  11871 KB-cwnd
[2024-11-08T11:56:22.769619-0500]    34.5625 MB /   0.50 sec =  579.8602 Mbps     0 retrans  11871 KB-cwnd
[2024-11-08T11:56:23.269580-0500]    20.6250 MB /   0.50 sec =  345.9526 Mbps     0 retrans  12265 KB-cwnd
[2024-11-08T11:56:23.769904-0500]    17.8750 MB /   0.50 sec =  299.8807 Mbps     0 retrans  12281 KB-cwnd
[2024-11-08T11:56:24.269479-0500]    31.3125 MB /   0.50 sec =  525.4154 Mbps     0 retrans  12281 KB-cwnd
[2024-11-08T11:56:24.769477-0500]    20.6250 MB /   0.50 sec =  346.0702 Mbps     0 retrans  12281 KB-cwnd
[2024-11-08T11:56:25.269585-0500]    19.9375 MB /   0.50 sec =  334.4175 Mbps     0 retrans  12281 KB-cwnd
[2024-11-08T11:56:25.769491-0500]    31.3125 MB /   0.50 sec =  525.4175 Mbps     0 retrans  12281 KB-cwnd
[2024-11-08T11:56:26.269439-0500]    34.7500 MB /   0.50 sec =  583.0502 Mbps     1 retrans  12150 KB-cwnd
[2024-11-08T11:56:26.769477-0500]    32.6875 MB /   0.50 sec =  548.3943 Mbps     0 retrans  12137 KB-cwnd
[2024-11-08T11:56:27.269440-0500]    34.2500 MB /   0.50 sec =  574.6208 Mbps     0 retrans  12137 KB-cwnd
[2024-11-08T11:56:27.769773-0500]    35.1875 MB /   0.50 sec =  590.3530 Mbps     0 retrans  12148 KB-cwnd
[2024-11-08T11:56:28.269899-0500]    35.0625 MB /   0.50 sec =  588.1606 Mbps     0 retrans  12148 KB-cwnd
[2024-11-08T11:56:28.769499-0500]    37.6250 MB /   0.50 sec =  631.2806 Mbps     2 retrans  12859 KB-cwnd
[2024-11-08T11:56:29.269401-0500]    32.5000 MB /   0.50 sec =  545.3021 Mbps     0 retrans  12859 KB-cwnd
[2024-11-08T11:56:29.770016-0500]    23.2500 MB /   0.50 sec =  390.0118 Mbps     0 retrans  12862 KB-cwnd
[2024-11-08T11:56:30.269444-0500]    23.5000 MB /   0.50 sec =  394.3308 Mbps     0 retrans  12862 KB-cwnd
[2024-11-08T11:56:30.769767-0500]    27.2500 MB /   0.50 sec =  457.0640 Mbps     4 retrans  12928 KB-cwnd
[2024-11-08T11:56:31.269423-0500]    28.3125 MB /   0.50 sec =  475.1275 Mbps     0 retrans  12928 KB-cwnd
[2024-11-08T11:56:31.769665-0500]    33.2500 MB /   0.50 sec =  557.8224 Mbps     0 retrans  12928 KB-cwnd
[2024-11-08T11:56:32.269453-0500]    33.5625 MB /   0.50 sec =  563.1022 Mbps     0 retrans  12928 KB-cwnd
[2024-11-08T11:56:32.769624-0500]    25.5000 MB /   0.50 sec =  427.7112 Mbps     0 retrans  12928 KB-cwnd
[2024-11-08T11:56:33.269620-0500]    28.2500 MB /   0.50 sec =  474.1033 Mbps     0 retrans  12467 KB-cwnd
[2024-11-08T11:56:33.769575-0500]    20.4375 MB /   0.50 sec =  342.7897 Mbps     0 retrans  12483 KB-cwnd
[2024-11-08T11:56:34.269538-0500]    24.7500 MB /   0.50 sec =  415.2519 Mbps     0 retrans  12483 KB-cwnd
[2024-11-08T11:56:34.769626-0500]    22.0625 MB /   0.50 sec =  370.2132 Mbps     0 retrans  12483 KB-cwnd
[2024-11-08T11:56:35.269855-0500]    20.6875 MB /   0.50 sec =  347.0662 Mbps     0 retrans  12483 KB-cwnd
[2024-11-08T11:56:35.769634-0500]    20.4375 MB /   0.50 sec =  342.9008 Mbps     0 retrans  12483 KB-cwnd
[2024-11-08T11:56:36.270204-0500]    22.6250 MB /   0.50 sec =  379.2659 Mbps     0 retrans  12483 KB-cwnd
[2024-11-08T11:56:36.769904-0500]    22.8750 MB /   0.50 sec =  383.7696 Mbps     3 retrans  11788 KB-cwnd
[2024-11-08T11:56:37.269610-0500]    16.3750 MB /   0.50 sec =  274.8770 Mbps     0 retrans  11788 KB-cwnd
[2024-11-08T11:56:37.769593-0500]    22.6875 MB /   0.50 sec =  380.7747 Mbps     0 retrans  11788 KB-cwnd
[2024-11-08T11:56:38.269562-0500]    13.7500 MB /   0.50 sec =  230.6664 Mbps     0 retrans  11788 KB-cwnd
[2024-11-08T11:56:38.769570-0500]    20.6250 MB /   0.50 sec =  345.9789 Mbps     0 retrans  11788 KB-cwnd
[2024-11-08T11:56:39.269927-0500]     5.6250 MB /   0.50 sec =   94.3341 Mbps     0 retrans  11788 KB-cwnd
[2024-11-08T11:56:39.771037-0500]    21.8750 MB /   0.50 sec =  366.1098 Mbps     0 retrans  11788 KB-cwnd
[2024-11-08T11:56:40.269483-0500]    14.3125 MB /   0.50 sec =  240.8165 Mbps     0 retrans  11788 KB-cwnd
[2024-11-08T11:56:40.770725-0500]    11.1250 MB /   0.50 sec =  186.2275 Mbps     0 retrans  11788 KB-cwnd
[2024-11-08T11:56:41.269419-0500]    18.6875 MB /   0.50 sec =  314.2779 Mbps     2 retrans  11564 KB-cwnd
[2024-11-08T11:56:41.769440-0500]    14.6875 MB /   0.50 sec =  246.4139 Mbps     0 retrans  11564 KB-cwnd
[2024-11-08T11:56:42.269851-0500]    12.8750 MB /   0.50 sec =  215.9160 Mbps     0 retrans  11564 KB-cwnd
[2024-11-08T11:56:42.769507-0500]    16.0000 MB /   0.50 sec =  268.5160 Mbps     0 retrans  11564 KB-cwnd
[2024-11-08T11:56:43.269550-0500]    14.5625 MB /   0.50 sec =  244.2982 Mbps     0 retrans  11564 KB-cwnd
[2024-11-08T11:56:43.769522-0500]    17.0625 MB /   0.50 sec =  286.2744 Mbps     0 retrans  11564 KB-cwnd
[2024-11-08T11:56:44.269431-0500]    17.7500 MB /   0.50 sec =  297.8456 Mbps     0 retrans  11564 KB-cwnd
[2024-11-08T11:56:44.769450-0500]    17.3125 MB /   0.50 sec =  290.4451 Mbps     0 retrans  11564 KB-cwnd
[2024-11-08T11:56:45.269454-0500]    17.5000 MB /   0.50 sec =  293.6042 Mbps     0 retrans  11564 KB-cwnd
[2024-11-08T11:56:45.769396-0500]    16.2500 MB /   0.50 sec =  272.6434 Mbps     7 retrans   8599 KB-cwnd
[2024-11-08T11:56:46.269604-0500]    17.2500 MB /   0.50 sec =  289.3699 Mbps     0 retrans   8599 KB-cwnd
[2024-11-08T11:56:46.769496-0500]    17.6250 MB /   0.50 sec =  295.7061 Mbps     0 retrans   8599 KB-cwnd
[2024-11-08T11:56:47.269610-0500]    15.3125 MB /   0.50 sec =  256.9278 Mbps     0 retrans   8599 KB-cwnd
[2024-11-08T11:56:47.770690-0500]    10.6250 MB /   0.50 sec =  177.8393 Mbps     0 retrans   8599 KB-cwnd
[2024-11-08T11:56:48.269448-0500]     8.2500 MB /   0.50 sec =  138.7303 Mbps     0 retrans   8599 KB-cwnd
[2024-11-08T11:56:48.769492-0500]    15.1875 MB /   0.50 sec =  254.7973 Mbps     0 retrans   8599 KB-cwnd
[2024-11-08T11:56:49.269852-0500]     9.5625 MB /   0.50 sec =  160.3205 Mbps     0 retrans   8599 KB-cwnd
[2024-11-08T11:56:49.770562-0500]    16.3750 MB /   0.50 sec =  274.3478 Mbps     0 retrans   8599 KB-cwnd
[2024-11-08T11:56:50.269441-0500]    14.6875 MB /   0.50 sec =  246.9176 Mbps     0 retrans   8599 KB-cwnd
[2024-11-08T11:56:50.769559-0500]    14.3750 MB /   0.50 sec =  241.1662 Mbps    12 retrans   6353 KB-cwnd
[2024-11-08T11:56:51.269865-0500]    15.1875 MB /   0.50 sec =  254.6308 Mbps     0 retrans   6353 KB-cwnd
[2024-11-08T11:56:51.769449-0500]    14.6875 MB /   0.50 sec =  246.6112 Mbps     0 retrans   6353 KB-cwnd
[2024-11-08T11:56:52.269467-0500]    15.2500 MB /   0.50 sec =  255.8469 Mbps     0 retrans   6353 KB-cwnd
[2024-11-08T11:56:52.769481-0500]    16.1875 MB /   0.50 sec =  271.5763 Mbps     0 retrans   4671 KB-cwnd
[2024-11-08T11:56:53.269469-0500]    17.8125 MB /   0.50 sec =  298.8471 Mbps     1 retrans   4671 KB-cwnd
[2024-11-08T11:56:53.769444-0500]    16.8750 MB /   0.50 sec =  283.1246 Mbps     0 retrans   4671 KB-cwnd
[2024-11-08T11:56:54.270626-0500]    18.6875 MB /   0.50 sec =  312.8154 Mbps     0 retrans   4671 KB-cwnd
[2024-11-08T11:56:54.769894-0500]    13.5000 MB /   0.50 sec =  226.8154 Mbps     0 retrans   4671 KB-cwnd
[2024-11-08T11:56:55.270422-0500]    12.5000 MB /   0.50 sec =  209.4873 Mbps     5 retrans   6247 KB-cwnd
[2024-11-08T11:56:55.769674-0500]    11.3125 MB /   0.50 sec =  190.0918 Mbps     0 retrans   6247 KB-cwnd
[2024-11-08T11:56:56.269503-0500]    14.5625 MB /   0.50 sec =  244.3607 Mbps     1 retrans   6247 KB-cwnd
[2024-11-08T11:56:56.770762-0500]     7.1875 MB /   0.50 sec =  120.3504 Mbps     0 retrans   6247 KB-cwnd
[2024-11-08T11:56:57.270014-0500]     8.8750 MB /   0.50 sec =  149.0591 Mbps     0 retrans   6247 KB-cwnd
[2024-11-08T11:56:57.769532-0500]     6.0000 MB /   0.50 sec =  100.7526 Mbps     0 retrans   6247 KB-cwnd
[2024-11-08T11:56:58.270080-0500]     9.3750 MB /   0.50 sec =  157.1406 Mbps     0 retrans   6276 KB-cwnd
[2024-11-08T11:56:58.769581-0500]     7.6250 MB /   0.50 sec =  128.0420 Mbps     0 retrans   6276 KB-cwnd
[2024-11-08T11:56:59.269431-0500]    10.1250 MB /   0.50 sec =  169.9019 Mbps     0 retrans   6276 KB-cwnd
[2024-11-08T11:56:59.770633-0500]     4.2500 MB /   0.50 sec =   71.1414 Mbps     0 retrans   6276 KB-cwnd
[2024-11-08T11:57:00.270129-0500]    11.4375 MB /   0.50 sec =  192.0846 Mbps     0 retrans   6276 KB-cwnd
[2024-11-08T11:57:00.769602-0500]     7.5625 MB /   0.50 sec =  127.0034 Mbps     0 retrans   6276 KB-cwnd
[2024-11-08T11:57:01.269635-0500]     3.1250 MB /   0.50 sec =   52.4266 Mbps     0 retrans   6276 KB-cwnd
[2024-11-08T11:57:01.770778-0500]     3.8750 MB /   0.50 sec =   64.8918 Mbps     0 retrans   6276 KB-cwnd
[2024-11-08T11:57:02.270482-0500]     5.5625 MB /   0.50 sec =   93.3391 Mbps     0 retrans   6276 KB-cwnd
[2024-11-08T11:57:02.769604-0500]     2.0000 MB /   0.50 sec =   33.6116 Mbps     0 retrans   6276 KB-cwnd
[2024-11-08T11:57:03.269465-0500]    13.9375 MB /   0.50 sec =  233.8722 Mbps     0 retrans   6276 KB-cwnd
[2024-11-08T11:57:03.769472-0500]    12.5625 MB /   0.50 sec =  210.7874 Mbps     0 retrans   6276 KB-cwnd
[2024-11-08T11:57:04.270558-0500]     8.3125 MB /   0.50 sec =  139.1681 Mbps     9 retrans   5727 KB-cwnd
[2024-11-08T11:57:04.769507-0500]    12.8125 MB /   0.50 sec =  215.3832 Mbps     0 retrans   5727 KB-cwnd
[2024-11-08T11:57:05.269453-0500]    10.8125 MB /   0.50 sec =  181.4243 Mbps     0 retrans   5727 KB-cwnd
[2024-11-08T11:57:05.769569-0500]     5.7500 MB /   0.50 sec =   96.4620 Mbps     0 retrans   5727 KB-cwnd
[2024-11-08T11:57:06.270639-0500]    16.3125 MB /   0.50 sec =  273.1435 Mbps     0 retrans   5727 KB-cwnd
[2024-11-08T11:57:06.770039-0500]     0.0000 MB /   0.50 sec =    0.0000 Mbps     0 retrans   5727 KB-cwnd
[2024-11-08T11:57:07.269886-0500]     0.0000 MB /   0.50 sec =    0.0000 Mbps     0 retrans   5727 KB-cwnd
[2024-11-08T11:57:07.769481-0500]    13.3125 MB /   0.50 sec =  223.4714 Mbps     0 retrans   5727 KB-cwnd
[2024-11-08T11:57:08.269451-0500]    16.3750 MB /   0.50 sec =  274.7275 Mbps     0 retrans   5727 KB-cwnd
[2024-11-08T11:57:08.769465-0500]     6.6250 MB /   0.50 sec =  111.1457 Mbps     0 retrans   5727 KB-cwnd
[2024-11-08T11:57:09.269476-0500]    19.1875 MB /   0.50 sec =  321.9206 Mbps     0 retrans   5727 KB-cwnd
[2024-11-08T11:57:09.769534-0500]    19.3125 MB /   0.50 sec =  323.9653 Mbps     0 retrans   5677 KB-cwnd
[2024-11-08T11:57:10.269610-0500]    10.0000 MB /   0.50 sec =  167.7460 Mbps     0 retrans   5677 KB-cwnd
[2024-11-08T11:57:10.769758-0500]    14.9375 MB /   0.50 sec =  250.6062 Mbps     6 retrans   6748 KB-cwnd
[2024-11-08T11:57:11.269590-0500]     9.3125 MB /   0.50 sec =  156.2750 Mbps     0 retrans   6756 KB-cwnd
[2024-11-08T11:57:11.769885-0500]     6.9375 MB /   0.50 sec =  116.3410 Mbps     0 retrans   6889 KB-cwnd
[2024-11-08T11:57:12.269945-0500]    13.3750 MB /   0.50 sec =  224.3055 Mbps     0 retrans   6889 KB-cwnd
[2024-11-08T11:57:12.769571-0500]     3.8750 MB /   0.50 sec =   65.0566 Mbps     0 retrans   6889 KB-cwnd
[2024-11-08T11:57:13.269661-0500]    18.1875 MB /   0.50 sec =  305.0459 Mbps     0 retrans   6889 KB-cwnd
[2024-11-08T11:57:13.769953-0500]    11.2500 MB /   0.50 sec =  188.6633 Mbps     0 retrans   6889 KB-cwnd
[2024-11-08T11:57:14.270546-0500]     8.0000 MB /   0.50 sec =  134.0649 Mbps     0 retrans   6889 KB-cwnd
[2024-11-08T11:57:14.770636-0500]     0.6250 MB /   0.50 sec =   10.4845 Mbps     0 retrans   6889 KB-cwnd
[2024-11-08T11:57:15.270699-0500]     1.5000 MB /   0.50 sec =   25.1627 Mbps     0 retrans   6889 KB-cwnd
[2024-11-08T11:57:15.769653-0500]     0.6250 MB /   0.50 sec =   10.5095 Mbps     0 retrans   6889 KB-cwnd
[2024-11-08T11:57:16.269660-0500]    13.9375 MB /   0.50 sec =  233.8236 Mbps     0 retrans   6889 KB-cwnd
[2024-11-08T11:57:16.769560-0500]    13.1250 MB /   0.50 sec =  220.1908 Mbps     0 retrans   6889 KB-cwnd
[2024-11-08T11:57:17.269529-0500]     8.1250 MB /   0.50 sec =  136.3089 Mbps     0 retrans   6889 KB-cwnd
[2024-11-08T11:57:17.769475-0500]    17.3125 MB /   0.50 sec =  290.5078 Mbps     0 retrans   6889 KB-cwnd
[2024-11-08T11:57:18.269688-0500]     3.0625 MB /   0.50 sec =   51.3620 Mbps     0 retrans   6889 KB-cwnd
[2024-11-08T11:57:18.769659-0500]     2.6250 MB /   0.50 sec =   44.0431 Mbps     0 retrans   6889 KB-cwnd
[2024-11-08T11:57:19.269644-0500]     6.1875 MB /   0.50 sec =  103.8292 Mbps    29 retrans   4462 KB-cwnd
[2024-11-08T11:57:19.769995-0500]     3.2500 MB /   0.50 sec =   54.4782 Mbps     0 retrans   4462 KB-cwnd
[2024-11-08T11:57:20.269640-0500]     0.0000 MB /   0.50 sec =    0.0000 Mbps     0 retrans   4462 KB-cwnd
[2024-11-08T11:57:20.770579-0500]    12.0625 MB /   0.50 sec =  202.0063 Mbps     0 retrans   4462 KB-cwnd
[2024-11-08T11:57:21.270416-0500]     6.0625 MB /   0.50 sec =  101.7375 Mbps     0 retrans   4462 KB-cwnd
[2024-11-08T11:57:21.770625-0500]    15.2500 MB /   0.50 sec =  255.7773 Mbps     0 retrans   4462 KB-cwnd
[2024-11-08T11:57:22.269700-0500]    11.8125 MB /   0.50 sec =  198.6095 Mbps     0 retrans   4462 KB-cwnd
[2024-11-08T11:57:22.770854-0500]     8.8750 MB /   0.50 sec =  148.5988 Mbps     0 retrans   4462 KB-cwnd
[2024-11-08T11:57:23.269464-0500]    13.3125 MB /   0.50 sec =  223.7983 Mbps     0 retrans   4462 KB-cwnd
[2024-11-08T11:57:23.770678-0500]    12.8125 MB /   0.50 sec =  214.4618 Mbps     0 retrans   4462 KB-cwnd
[2024-11-08T11:57:24.269421-0500]    12.3750 MB /   0.50 sec =  208.0963 Mbps     0 retrans   4462 KB-cwnd
[2024-11-08T11:57:24.769513-0500]    14.0000 MB /   0.50 sec =  234.8773 Mbps     0 retrans   4462 KB-cwnd
[2024-11-08T11:57:25.269847-0500]    13.8125 MB /   0.50 sec =  231.6616 Mbps     0 retrans   4462 KB-cwnd
[2024-11-08T11:57:25.769510-0500]    15.6250 MB /   0.50 sec =  262.2096 Mbps  2646 retrans   6644 KB-cwnd
[2024-11-08T11:57:26.269589-0500]     5.2500 MB /   0.50 sec =   88.0721 Mbps     0 retrans   6644 KB-cwnd
[2024-11-08T11:57:26.769633-0500]    14.3750 MB /   0.50 sec =  241.2111 Mbps     0 retrans   6644 KB-cwnd
[2024-11-08T11:57:27.269515-0500]     8.6875 MB /   0.50 sec =  145.7521 Mbps     0 retrans   6644 KB-cwnd
[2024-11-08T11:57:27.769545-0500]    11.6250 MB /   0.50 sec =  195.0468 Mbps     0 retrans   6644 KB-cwnd
[2024-11-08T11:57:28.269619-0500]     4.8750 MB /   0.50 sec =   81.7557 Mbps     0 retrans   6644 KB-cwnd
[2024-11-08T11:57:28.770929-0500]     9.7500 MB /   0.50 sec =  163.1878 Mbps     0 retrans   6644 KB-cwnd
[2024-11-08T11:57:29.269517-0500]     5.8750 MB /   0.50 sec =   98.8360 Mbps     0 retrans   6644 KB-cwnd
[2024-11-08T11:57:29.769492-0500]     8.3125 MB /   0.50 sec =  139.4581 Mbps     0 retrans   6145 KB-cwnd
End time: 1731085050238
