Start time: 1730995083744
[2024-11-07T10:58:08.851322-0500] traceroute to 54.197.223.49 (54.197.223.49), 30 hops max, 60 byte packets
[2024-11-07T10:58:08.852094-0500]  1  * * *
[2024-11-07T10:58:08.852149-0500]  2  * * *
[2024-11-07T10:58:08.852184-0500]  3  * * *
[2024-11-07T10:58:08.852217-0500]  4  * * *
[2024-11-07T10:58:08.852251-0500]  5  * * *
[2024-11-07T10:58:13.858614-0500]  6  * * *
[2024-11-07T10:58:13.858912-0500]  7  * * *
[2024-11-07T10:58:13.859038-0500]  8  * * *
[2024-11-07T10:58:13.876729-0500]  9  * * *
[2024-11-07T10:58:13.877065-0500] 10  * * *
[2024-11-07T10:58:18.868756-0500] 11  * * *
[2024-11-07T10:58:18.869199-0500] 12  * * *
[2024-11-07T10:58:18.874917-0500] 13  * * *
[2024-11-07T10:58:18.879187-0500] 14  * * *
[2024-11-07T10:58:18.882110-0500] 15  * * *
[2024-11-07T10:58:23.878703-0500] 16  * * *
[2024-11-07T10:58:23.879147-0500] 17  * * *
[2024-11-07T10:58:23.879251-0500] 18  * * *
[2024-11-07T10:58:23.888400-0500] 19  * * *
[2024-11-07T10:58:23.888630-0500] 20  * * *
[2024-11-07T10:58:23.888725-0500] 21  * * *
[2024-11-07T10:58:28.886179-0500] 22  * * *
[2024-11-07T10:58:28.893338-0500] 23  * * *
[2024-11-07T10:58:28.893501-0500] 24  * * *
[2024-11-07T10:58:28.893619-0500] 25  * * *
[2024-11-07T10:58:28.900293-0500] 26  * * *
[2024-11-07T10:58:33.843245-0500] 27  * *End time: 1730995113929
