Start time: 1730841398569
[2024-11-05T15:16:39.947014-0600] nuttcp-r: v8.1.4: socket
[2024-11-05T15:16:39.947967-0600] nuttcp-r: buflen=65536, nstream=1, port=5379 tcp
[2024-11-05T15:16:39.948049-0600] nuttcp-r: interval reporting every 0.50 seconds
[2024-11-05T15:16:39.948108-0600] nuttcp-r: connect to 54.197.223.49 with RTT=93.765 ms af=inet
[2024-11-05T15:16:39.948161-0600] nuttcp-r: send window size = 2097152, receive window size = 6291456
[2024-11-05T15:16:39.948314-0600] nuttcp-r: available send window = 1572864, available receive window = 4718592
[2024-11-05T15:16:39.948381-0600]     0.0625 MB /   0.50 sec =    1.0483 Mbps     0 retrans     13 KB-cwnd
[2024-11-05T15:16:40.446834-0600]     0.9375 MB /   0.50 sec =   15.7297 Mbps     0 retrans     13 KB-cwnd
[2024-11-05T15:16:40.946939-0600]     7.5000 MB /   0.50 sec =  125.8236 Mbps     0 retrans     13 KB-cwnd
[2024-11-05T15:16:41.446868-0600]    21.6250 MB /   0.50 sec =  362.8247 Mbps     0 retrans     13 KB-cwnd
[2024-11-05T15:16:41.946917-0600]    27.6250 MB /   0.50 sec =  463.4326 Mbps     0 retrans     13 KB-cwnd
[2024-11-05T15:16:42.446881-0600]     9.2500 MB /   0.50 sec =  155.2069 Mbps     0 retrans     13 KB-cwnd
[2024-11-05T15:16:42.947269-0600]     6.0625 MB /   0.50 sec =  101.6785 Mbps     0 retrans     13 KB-cwnd
[2024-11-05T15:16:43.446865-0600]     6.3125 MB /   0.50 sec =  105.9352 Mbps     0 retrans     13 KB-cwnd
[2024-11-05T15:16:43.947080-0600]    20.0625 MB /   0.50 sec =  336.4805 Mbps     0 retrans     13 KB-cwnd
[2024-11-05T15:16:44.446900-0600]    16.1250 MB /   0.50 sec =  270.6100 Mbps     0 retrans     13 KB-cwnd
[2024-11-05T15:16:44.946872-0600]    15.6875 MB /   0.50 sec =  263.2236 Mbps     0 retrans     13 KB-cwnd
[2024-11-05T15:16:45.446811-0600]    15.6875 MB /   0.50 sec =  263.2052 Mbps     0 retrans     13 KB-cwnd
[2024-11-05T15:16:45.946818-0600]    20.6250 MB /   0.50 sec =  346.0315 Mbps     0 retrans     13 KB-cwnd
[2024-11-05T15:16:46.446829-0600]    11.5000 MB /   0.50 sec =  192.9326 Mbps     0 retrans     13 KB-cwnd
[2024-11-05T15:16:46.946924-0600]     7.2500 MB /   0.50 sec =  121.6137 Mbps     0 retrans     13 KB-cwnd
[2024-11-05T15:16:47.446719-0600]     6.3125 MB /   0.50 sec =  105.9335 Mbps     0 retrans     13 KB-cwnd
[2024-11-05T15:16:47.946849-0600]     7.3125 MB /   0.50 sec =  122.6716 Mbps     0 retrans     13 KB-cwnd
[2024-11-05T15:16:48.446917-0600]     7.6875 MB /   0.50 sec =  128.9601 Mbps     0 retrans     13 KB-cwnd
[2024-11-05T15:16:48.946917-0600]     6.3750 MB /   0.50 sec =  106.9509 Mbps     0 retrans     13 KB-cwnd
[2024-11-05T15:16:49.447031-0600]     6.3125 MB /   0.50 sec =  105.9233 Mbps     0 retrans     13 KB-cwnd
[2024-11-05T15:16:49.946848-0600]     6.5625 MB /   0.50 sec =  110.1011 Mbps     0 retrans     13 KB-cwnd
[2024-11-05T15:16:50.446699-0600]     6.0000 MB /   0.50 sec =  100.6699 Mbps     0 retrans     13 KB-cwnd
[2024-11-05T15:16:50.947131-0600]     7.5000 MB /   0.50 sec =  125.7987 Mbps     0 retrans     13 KB-cwnd
[2024-11-05T15:16:51.446777-0600]     2.7500 MB /   0.50 sec =   46.1470 Mbps     0 retrans     13 KB-cwnd
[2024-11-05T15:16:51.946997-0600]     8.2500 MB /   0.50 sec =  138.4082 Mbps     0 retrans     13 KB-cwnd
[2024-11-05T15:16:52.446824-0600]    10.1250 MB /   0.50 sec =  169.8710 Mbps     0 retrans     13 KB-cwnd
[2024-11-05T15:16:52.946854-0600]    10.8125 MB /   0.50 sec =  181.3975 Mbps     0 retrans     13 KB-cwnd
[2024-11-05T15:16:53.446824-0600]    10.8125 MB /   0.50 sec =  181.4084 Mbps     0 retrans     13 KB-cwnd
[2024-11-05T15:16:53.946830-0600]     9.6875 MB /   0.50 sec =  162.5325 Mbps     0 retrans     13 KB-cwnd
[2024-11-05T15:16:54.446841-0600]     7.0000 MB /   0.50 sec =  117.4372 Mbps     0 retrans     13 KB-cwnd
[2024-11-05T15:16:54.946800-0600]     5.0625 MB /   0.50 sec =   84.9257 Mbps     0 retrans     13 KB-cwnd
[2024-11-05T15:16:55.446934-0600]     5.4375 MB /   0.50 sec =   91.2221 Mbps     0 retrans     13 KB-cwnd
[2024-11-05T15:16:55.946840-0600]     5.0625 MB /   0.50 sec =   84.9471 Mbps     0 retrans     13 KB-cwnd
[2024-11-05T15:16:56.446910-0600]     6.4375 MB /   0.50 sec =  107.9912 Mbps     0 retrans     13 KB-cwnd
[2024-11-05T15:16:56.946938-0600]     6.0625 MB /   0.50 sec =  101.7062 Mbps     0 retrans     13 KB-cwnd
[2024-11-05T15:16:57.446981-0600]     7.3125 MB /   0.50 sec =  122.7072 Mbps     0 retrans     13 KB-cwnd
[2024-11-05T15:16:57.946819-0600]     7.0625 MB /   0.50 sec =  118.4879 Mbps     0 retrans     13 KB-cwnd
[2024-11-05T15:16:58.446811-0600]     9.5000 MB /   0.50 sec =  159.3851 Mbps     0 retrans     18 KB-cwnd
[2024-11-05T15:16:58.946849-0600]     9.1250 MB /   0.50 sec =  153.0783 Mbps     0 retrans     18 KB-cwnd
[2024-11-05T15:16:59.446708-0600]    10.4375 MB /   0.50 sec =  175.1385 Mbps     0 retrans     18 KB-cwnd
[2024-11-05T15:16:59.946880-0600]    11.3750 MB /   0.50 sec =  190.8057 Mbps     0 retrans     25 KB-cwnd
[2024-11-05T15:17:00.446803-0600]    14.3750 MB /   0.50 sec =  241.2009 Mbps     0 retrans     26 KB-cwnd
[2024-11-05T15:17:00.947029-0600]    15.9375 MB /   0.50 sec =  267.2960 Mbps     0 retrans     26 KB-cwnd
[2024-11-05T15:17:01.446875-0600]    14.7500 MB /   0.50 sec =  247.5085 Mbps     0 retrans  13581 KB-cwnd
[2024-11-05T15:17:01.946788-0600]    12.3750 MB /   0.50 sec =  207.6533 Mbps     0 retrans  13581 KB-cwnd
[2024-11-05T15:17:02.446809-0600]    25.7500 MB /   0.50 sec =  432.0055 Mbps     0 retrans  13581 KB-cwnd
[2024-11-05T15:17:02.946898-0600]    26.0000 MB /   0.50 sec =  436.1483 Mbps     0 retrans  13581 KB-cwnd
[2024-11-05T15:17:03.446811-0600]    29.5000 MB /   0.50 sec =  494.9962 Mbps     0 retrans  13581 KB-cwnd
[2024-11-05T15:17:03.946852-0600]    30.1250 MB /   0.50 sec =  505.4116 Mbps     0 retrans  13581 KB-cwnd
[2024-11-05T15:17:04.446819-0600]    20.8750 MB /   0.50 sec =  350.2209 Mbps    57 retrans   5506 KB-cwnd
[2024-11-05T15:17:04.946924-0600]    21.3750 MB /   0.50 sec =  358.5635 Mbps     0 retrans   5506 KB-cwnd
[2024-11-05T15:17:05.446792-0600]    16.8125 MB /   0.50 sec =  282.1217 Mbps     0 retrans   5506 KB-cwnd
[2024-11-05T15:17:05.946825-0600]    18.6250 MB /   0.50 sec =  312.4550 Mbps     0 retrans   5506 KB-cwnd
[2024-11-05T15:17:06.446827-0600]    18.3125 MB /   0.50 sec =  307.2408 Mbps     0 retrans   4888 KB-cwnd
[2024-11-05T15:17:06.946797-0600]    21.5000 MB /   0.50 sec =  360.6993 Mbps     0 retrans   4888 KB-cwnd
[2024-11-05T15:17:07.446801-0600]    20.1875 MB /   0.50 sec =  338.7063 Mbps     0 retrans   4888 KB-cwnd
[2024-11-05T15:17:07.946873-0600]    18.4375 MB /   0.50 sec =  309.2978 Mbps     0 retrans   9135 KB-cwnd
[2024-11-05T15:17:08.446844-0600]    16.3125 MB /   0.50 sec =  273.6920 Mbps     0 retrans   9135 KB-cwnd
[2024-11-05T15:17:08.946837-0600]    19.1250 MB /   0.50 sec =  320.8578 Mbps     0 retrans   9135 KB-cwnd
[2024-11-05T15:17:09.446987-0600]    16.8750 MB /   0.50 sec =  283.1319 Mbps     0 retrans   9488 KB-cwnd
[2024-11-05T15:17:09.946826-0600]     9.6875 MB /   0.50 sec =  162.5299 Mbps     0 retrans   9595 KB-cwnd
[2024-11-05T15:17:10.446802-0600]    13.0625 MB /   0.50 sec =  219.1541 Mbps     0 retrans   9923 KB-cwnd
[2024-11-05T15:17:10.946933-0600]    17.5625 MB /   0.50 sec =  294.5898 Mbps     0 retrans   9923 KB-cwnd
[2024-11-05T15:17:11.446878-0600]    18.3125 MB /   0.50 sec =  307.2518 Mbps     0 retrans   9923 KB-cwnd
[2024-11-05T15:17:11.946817-0600]    11.7500 MB /   0.50 sec =  197.1567 Mbps     0 retrans   9923 KB-cwnd
[2024-11-05T15:17:12.446821-0600]     3.8125 MB /   0.50 sec =   63.9557 Mbps     0 retrans   9923 KB-cwnd
[2024-11-05T15:17:12.946885-0600]     7.8750 MB /   0.50 sec =  132.1277 Mbps     0 retrans      5 KB-cwnd
[2024-11-05T15:17:13.446794-0600]    11.1250 MB /   0.50 sec =  186.6663 Mbps     0 retrans  10403 KB-cwnd
[2024-11-05T15:17:13.946721-0600]    10.5625 MB /   0.50 sec =  177.2104 Mbps     0 retrans  10403 KB-cwnd
[2024-11-05T15:17:14.446964-0600]    10.0625 MB /   0.50 sec =  168.8147 Mbps     0 retrans  10403 KB-cwnd
[2024-11-05T15:17:14.946878-0600]     9.5625 MB /   0.50 sec =  160.4110 Mbps     0 retrans  10403 KB-cwnd
[2024-11-05T15:17:15.446715-0600]     8.0625 MB /   0.50 sec =  135.2912 Mbps     0 retrans  10403 KB-cwnd
[2024-11-05T15:17:15.946979-0600]    13.3125 MB /   0.50 sec =  223.3172 Mbps     0 retrans  10403 KB-cwnd
[2024-11-05T15:17:16.446740-0600]    12.3750 MB /   0.50 sec =  207.6401 Mbps     0 retrans   8687 KB-cwnd
[2024-11-05T15:17:16.946764-0600]    13.4375 MB /   0.50 sec =  225.4389 Mbps     0 retrans   8687 KB-cwnd
[2024-11-05T15:17:17.446822-0600]    14.4375 MB /   0.50 sec =  242.2186 Mbps     0 retrans   8687 KB-cwnd
[2024-11-05T15:17:17.946865-0600]    16.2500 MB /   0.50 sec =  272.6232 Mbps     0 retrans   8687 KB-cwnd
[2024-11-05T15:17:18.446791-0600]     6.1875 MB /   0.50 sec =  103.8115 Mbps     0 retrans   8687 KB-cwnd
[2024-11-05T15:17:18.946941-0600]     6.4375 MB /   0.50 sec =  107.9873 Mbps     0 retrans   8687 KB-cwnd
[2024-11-05T15:17:19.446813-0600]     6.2500 MB /   0.50 sec =  104.8742 Mbps     0 retrans   8687 KB-cwnd
[2024-11-05T15:17:19.946868-0600]     3.5000 MB /   0.50 sec =   58.7130 Mbps     0 retrans   8687 KB-cwnd
[2024-11-05T15:17:20.446931-0600]     5.3125 MB /   0.50 sec =   89.1407 Mbps     0 retrans   9089 KB-cwnd
[2024-11-05T15:17:20.946934-0600]     5.7500 MB /   0.50 sec =   96.4441 Mbps     0 retrans   9089 KB-cwnd
[2024-11-05T15:17:21.446718-0600]     5.4375 MB /   0.50 sec =   91.2513 Mbps     0 retrans   9089 KB-cwnd
[2024-11-05T15:17:21.946898-0600]     4.1250 MB /   0.50 sec =   69.1944 Mbps     0 retrans   9089 KB-cwnd
[2024-11-05T15:17:22.446716-0600]     5.6875 MB /   0.50 sec =   95.4391 Mbps     0 retrans   9089 KB-cwnd
[2024-11-05T15:17:22.946925-0600]    17.0000 MB /   0.50 sec =  285.1414 Mbps     0 retrans   9089 KB-cwnd
[2024-11-05T15:17:23.446821-0600]    11.0625 MB /   0.50 sec =  185.6288 Mbps     0 retrans   9089 KB-cwnd
[2024-11-05T15:17:23.946868-0600]    11.1250 MB /   0.50 sec =  186.6454 Mbps     0 retrans   9089 KB-cwnd
[2024-11-05T15:17:24.446788-0600]     8.6875 MB /   0.50 sec =  145.7564 Mbps     0 retrans   9089 KB-cwnd
[2024-11-05T15:17:24.946985-0600]     5.8750 MB /   0.50 sec =   98.5433 Mbps     0 retrans   7475 KB-cwnd
[2024-11-05T15:17:25.446887-0600]     9.0625 MB /   0.50 sec =  152.0575 Mbps     0 retrans   7475 KB-cwnd
[2024-11-05T15:17:25.947125-0600]     8.3750 MB /   0.50 sec =  140.4988 Mbps     0 retrans   7475 KB-cwnd
[2024-11-05T15:17:26.446877-0600]     3.1875 MB /   0.50 sec =   53.4829 Mbps     0 retrans   7475 KB-cwnd
[2024-11-05T15:17:26.946772-0600]     5.0625 MB /   0.50 sec =   84.9413 Mbps     0 retrans   7475 KB-cwnd
[2024-11-05T15:17:27.446921-0600]     1.6250 MB /   0.50 sec =   27.2607 Mbps     0 retrans   7475 KB-cwnd
[2024-11-05T15:17:27.946867-0600]     3.8125 MB /   0.50 sec =   63.9661 Mbps     0 retrans   7475 KB-cwnd
[2024-11-05T15:17:28.446801-0600]     4.5000 MB /   0.50 sec =   75.5031 Mbps     0 retrans   7475 KB-cwnd
[2024-11-05T15:17:28.946981-0600]     3.6250 MB /   0.50 sec =   60.8021 Mbps     0 retrans   7475 KB-cwnd
[2024-11-05T15:17:29.446816-0600]     5.0000 MB /   0.50 sec =   83.9069 Mbps     0 retrans   7475 KB-cwnd
[2024-11-05T15:17:29.946809-0600]     4.5000 MB /   0.50 sec =   75.4967 Mbps     0 retrans   7475 KB-cwnd
[2024-11-05T15:17:30.446836-0600]     5.3125 MB /   0.50 sec =   89.1274 Mbps     0 retrans   7475 KB-cwnd
[2024-11-05T15:17:30.946945-0600]     5.0625 MB /   0.50 sec =   84.9199 Mbps     0 retrans   7475 KB-cwnd
[2024-11-05T15:17:31.446770-0600]     6.1250 MB /   0.50 sec =  102.7824 Mbps     0 retrans   7475 KB-cwnd
[2024-11-05T15:17:31.946946-0600]     6.5625 MB /   0.50 sec =  110.0747 Mbps     0 retrans   8570 KB-cwnd
[2024-11-05T15:17:32.446718-0600]     6.8750 MB /   0.50 sec =  115.3745 Mbps     0 retrans   8570 KB-cwnd
[2024-11-05T15:17:32.946902-0600]     8.7500 MB /   0.50 sec =  146.7689 Mbps     0 retrans   8570 KB-cwnd
[2024-11-05T15:17:33.446796-0600]    10.0625 MB /   0.50 sec =  168.8467 Mbps     0 retrans   8570 KB-cwnd
[2024-11-05T15:17:33.946978-0600]    11.7500 MB /   0.50 sec =  197.0834 Mbps     0 retrans   8570 KB-cwnd
[2024-11-05T15:17:34.447320-0600]    12.3750 MB /   0.50 sec =  207.4575 Mbps     0 retrans   8570 KB-cwnd
[2024-11-05T15:17:34.947052-0600]    14.0625 MB /   0.50 sec =  236.0864 Mbps     0 retrans   8570 KB-cwnd
[2024-11-05T15:17:35.446836-0600]    12.7500 MB /   0.50 sec =  213.9810 Mbps     0 retrans   8247 KB-cwnd
[2024-11-05T15:17:35.946782-0600]    15.8125 MB /   0.50 sec =  265.3147 Mbps     0 retrans   8247 KB-cwnd
[2024-11-05T15:17:36.446874-0600]    14.5625 MB /   0.50 sec =  244.2728 Mbps     0 retrans   8247 KB-cwnd
[2024-11-05T15:17:36.947014-0600]    13.4375 MB /   0.50 sec =  225.3988 Mbps     0 retrans   8247 KB-cwnd
[2024-11-05T15:17:37.446891-0600]    11.3750 MB /   0.50 sec =  190.8744 Mbps     0 retrans   8247 KB-cwnd
[2024-11-05T15:17:37.946800-0600]    12.0000 MB /   0.50 sec =  201.3560 Mbps     0 retrans   3354 KB-cwnd
[2024-11-05T15:17:38.446878-0600]    10.3125 MB /   0.50 sec =  172.9932 Mbps     0 retrans   3354 KB-cwnd
[2024-11-05T15:17:38.946879-0600]    12.5000 MB /   0.50 sec =  209.7144 Mbps     0 retrans   3354 KB-cwnd
[2024-11-05T15:17:39.446803-0600]    11.3750 MB /   0.50 sec =  190.8679 Mbps     0 retrans   3354 KB-cwnd
[2024-11-05T15:17:39.946858-0600]     9.7500 MB /   0.50 sec =  163.5736 Mbps     0 retrans   3354 KB-cwnd
[2024-11-05T15:17:40.446803-0600]    10.2500 MB /   0.50 sec =  171.9685 Mbps     0 retrans   3354 KB-cwnd
[2024-11-05T15:17:40.946990-0600]    12.6250 MB /   0.50 sec =  211.7649 Mbps     0 retrans   6249 KB-cwnd
[2024-11-05T15:17:41.446983-0600]     8.3125 MB /   0.50 sec =  139.4919 Mbps     0 retrans   6249 KB-cwnd
[2024-11-05T15:17:41.946810-0600]     8.4375 MB /   0.50 sec =  141.5597 Mbps     0 retrans   6249 KB-cwnd
[2024-11-05T15:17:42.446818-0600]    14.5000 MB /   0.50 sec =  243.2643 Mbps     0 retrans   6249 KB-cwnd
[2024-11-05T15:17:42.946911-0600]     5.1875 MB /   0.50 sec =   87.0163 Mbps     0 retrans   6249 KB-cwnd
[2024-11-05T15:17:43.446728-0600]     2.3750 MB /   0.50 sec =   39.8535 Mbps     0 retrans   6249 KB-cwnd
[2024-11-05T15:17:43.946944-0600]     2.8750 MB /   0.50 sec =   48.2348 Mbps     0 retrans   6249 KB-cwnd
[2024-11-05T15:17:44.446828-0600]     5.1875 MB /   0.50 sec =   87.0302 Mbps     0 retrans   6249 KB-cwnd
[2024-11-05T15:17:44.946968-0600]     7.0000 MB /   0.50 sec =  117.4159 Mbps     0 retrans   6249 KB-cwnd
[2024-11-05T15:17:45.446821-0600]     5.5625 MB /   0.50 sec =   93.3432 Mbps     0 retrans   6249 KB-cwnd
[2024-11-05T15:17:45.946768-0600]     4.3125 MB /   0.50 sec =   72.3535 Mbps     0 retrans   6249 KB-cwnd
[2024-11-05T15:17:46.446884-0600]     3.9375 MB /   0.50 sec =   66.0506 Mbps     0 retrans   6249 KB-cwnd
[2024-11-05T15:17:46.946935-0600]     4.6875 MB /   0.50 sec =   78.6379 Mbps     0 retrans   7656 KB-cwnd
[2024-11-05T15:17:47.446865-0600]     4.6875 MB /   0.50 sec =   78.6537 Mbps     0 retrans   7656 KB-cwnd
[2024-11-05T15:17:47.946841-0600]     5.6250 MB /   0.50 sec =   94.3769 Mbps     0 retrans   7656 KB-cwnd
[2024-11-05T15:17:48.447027-0600]     7.1250 MB /   0.50 sec =  119.5310 Mbps     0 retrans   7656 KB-cwnd
[2024-11-05T15:17:48.946853-0600]     6.8750 MB /   0.50 sec =  115.3464 Mbps     0 retrans   7656 KB-cwnd
[2024-11-05T15:17:49.446835-0600]     5.7500 MB /   0.50 sec =   96.4715 Mbps     0 retrans   7656 KB-cwnd
[2024-11-05T15:17:49.946881-0600]     0.9375 MB /   0.50 sec =   15.7270 Mbps     0 retrans   7656 KB-cwnd
[2024-11-05T15:17:50.446791-0600]     8.4375 MB /   0.50 sec =  141.5798 Mbps     0 retrans   7656 KB-cwnd
[2024-11-05T15:17:50.946913-0600]     8.5625 MB /   0.50 sec =  143.6250 Mbps     0 retrans   7656 KB-cwnd
[2024-11-05T15:17:51.446998-0600]    10.1250 MB /   0.50 sec =  169.8968 Mbps     0 retrans   7656 KB-cwnd
[2024-11-05T15:17:51.946837-0600]    10.8125 MB /   0.50 sec =  181.3993 Mbps     0 retrans   5378 KB-cwnd
[2024-11-05T15:17:52.446752-0600]    11.0000 MB /   0.50 sec =  184.5627 Mbps     0 retrans   5378 KB-cwnd
[2024-11-05T15:17:52.946889-0600]    12.1250 MB /   0.50 sec =  203.4042 Mbps     0 retrans   5378 KB-cwnd
[2024-11-05T15:17:53.446803-0600]    11.5000 MB /   0.50 sec =  192.9499 Mbps     0 retrans   5378 KB-cwnd
[2024-11-05T15:17:53.946844-0600]    14.1250 MB /   0.50 sec =  236.9715 Mbps     0 retrans   5378 KB-cwnd
[2024-11-05T15:17:54.446827-0600]    11.0000 MB /   0.50 sec =  184.5464 Mbps     0 retrans   5378 KB-cwnd
[2024-11-05T15:17:54.946914-0600]    12.4375 MB /   0.50 sec =  208.6357 Mbps     0 retrans   3476 KB-cwnd
[2024-11-05T15:17:55.446705-0600]     6.0625 MB /   0.50 sec =  101.7383 Mbps     0 retrans   3476 KB-cwnd
[2024-11-05T15:17:55.946883-0600]    15.3750 MB /   0.50 sec =  257.9255 Mbps     0 retrans   3476 KB-cwnd
[2024-11-05T15:17:56.446792-0600]    12.5625 MB /   0.50 sec =  210.7680 Mbps     0 retrans   3476 KB-cwnd
[2024-11-05T15:17:56.946948-0600]    14.6250 MB /   0.50 sec =  245.3064 Mbps     0 retrans   3476 KB-cwnd
[2024-11-05T15:17:57.447018-0600]    12.0625 MB /   0.50 sec =  202.4043 Mbps     0 retrans   3476 KB-cwnd
[2024-11-05T15:17:57.946738-0600]     8.0000 MB /   0.50 sec =  134.2381 Mbps    85 retrans   6471 KB-cwnd
[2024-11-05T15:17:58.446908-0600]    16.5000 MB /   0.50 sec =  276.7704 Mbps     0 retrans   6471 KB-cwnd
[2024-11-05T15:17:58.946897-0600]    17.5000 MB /   0.50 sec =  293.6101 Mbps     0 retrans   6471 KB-cwnd
[2024-11-05T15:17:59.446816-0600]    14.7500 MB /   0.50 sec =  247.4882 Mbps     0 retrans   6471 KB-cwnd
[2024-11-05T15:17:59.946823-0600]    18.6250 MB /   0.50 sec =  312.4738 Mbps     0 retrans   6471 KB-cwnd
[2024-11-05T15:18:00.446773-0600]    14.7500 MB /   0.50 sec =  247.4803 Mbps     0 retrans   7190 KB-cwnd
[2024-11-05T15:18:00.946890-0600]     8.5625 MB /   0.50 sec =  143.6316 Mbps     0 retrans   7190 KB-cwnd
[2024-11-05T15:18:01.446866-0600]     3.5000 MB /   0.50 sec =   58.7201 Mbps     0 retrans   7190 KB-cwnd
[2024-11-05T15:18:01.946855-0600]     9.1875 MB /   0.50 sec =  154.1552 Mbps     0 retrans   7190 KB-cwnd
[2024-11-05T15:18:02.446755-0600]    14.3750 MB /   0.50 sec =  241.1768 Mbps     0 retrans   7190 KB-cwnd
[2024-11-05T15:18:02.946968-0600]    18.6875 MB /   0.50 sec =  313.4628 Mbps     0 retrans   7190 KB-cwnd
[2024-11-05T15:18:03.446890-0600]    14.0000 MB /   0.50 sec =  234.9012 Mbps     0 retrans   7952 KB-cwnd
[2024-11-05T15:18:03.946817-0600]    16.3750 MB /   0.50 sec =  274.7582 Mbps     0 retrans   7952 KB-cwnd
[2024-11-05T15:18:04.446900-0600]    16.6875 MB /   0.50 sec =  279.9278 Mbps     0 retrans   7952 KB-cwnd
[2024-11-05T15:18:04.946971-0600]    15.7500 MB /   0.50 sec =  264.2227 Mbps     0 retrans   7952 KB-cwnd
[2024-11-05T15:18:05.446778-0600]    15.8750 MB /   0.50 sec =  266.4022 Mbps     0 retrans  10568 KB-cwnd
[2024-11-05T15:18:05.947158-0600]    14.3125 MB /   0.50 sec =  240.0807 Mbps     0 retrans  10568 KB-cwnd
[2024-11-05T15:18:06.446826-0600]    18.7500 MB /   0.50 sec =  314.6200 Mbps     0 retrans  10568 KB-cwnd
[2024-11-05T15:18:06.946819-0600]    19.6875 MB /   0.50 sec =  330.2962 Mbps     0 retrans  10568 KB-cwnd
[2024-11-05T15:18:07.446829-0600]    18.5625 MB /   0.50 sec =  311.4321 Mbps     0 retrans   8599 KB-cwnd
[2024-11-05T15:18:07.946794-0600]    18.3125 MB /   0.50 sec =  307.2346 Mbps     0 retrans   8599 KB-cwnd
[2024-11-05T15:18:08.446823-0600]    18.3125 MB /   0.50 sec =  307.2236 Mbps     0 retrans   8599 KB-cwnd
[2024-11-05T15:18:08.946891-0600]    13.5000 MB /   0.50 sec =  226.4734 Mbps     0 retrans   8599 KB-cwnd
[2024-11-05T15:18:09.446825-0600]    13.7500 MB /   0.50 sec =  230.7126 Mbps     0 retrans   8599 KB-cwnd
[2024-11-05T15:18:09.946798-0600]    19.1250 MB /   0.50 sec =  320.8880 Mbps     0 retrans   7608 KB-cwnd
[2024-11-05T15:18:10.446813-0600]    15.0625 MB /   0.50 sec =  252.6922 Mbps     0 retrans   7608 KB-cwnd
[2024-11-05T15:18:10.947026-0600]    17.3750 MB /   0.50 sec =  291.4080 Mbps     0 retrans   7608 KB-cwnd
[2024-11-05T15:18:11.446884-0600]    12.5625 MB /   0.50 sec =  210.8093 Mbps     0 retrans   7608 KB-cwnd
[2024-11-05T15:18:11.946776-0600]    17.5625 MB /   0.50 sec =  294.6852 Mbps     0 retrans  10922 KB-cwnd
[2024-11-05T15:18:12.446775-0600]    19.6250 MB /   0.50 sec =  329.2529 Mbps     0 retrans  10922 KB-cwnd
[2024-11-05T15:18:12.946953-0600]    18.2500 MB /   0.50 sec =  306.1175 Mbps     0 retrans  10922 KB-cwnd
[2024-11-05T15:18:13.446938-0600]    10.0000 MB /   0.50 sec =  167.8094 Mbps     0 retrans  10922 KB-cwnd
[2024-11-05T15:18:13.946814-0600]     4.3750 MB /   0.50 sec =   73.3983 Mbps     0 retrans  10922 KB-cwnd
[2024-11-05T15:18:14.446770-0600]     3.1875 MB /   0.50 sec =   53.4755 Mbps     0 retrans  10922 KB-cwnd
[2024-11-05T15:18:14.947022-0600]    11.8125 MB /   0.50 sec =  198.1365 Mbps     0 retrans   8913 KB-cwnd
[2024-11-05T15:18:15.446802-0600]     6.7500 MB /   0.50 sec =  113.2786 Mbps     0 retrans   8913 KB-cwnd
[2024-11-05T15:18:15.946852-0600]    10.8125 MB /   0.50 sec =  181.3957 Mbps     0 retrans   8913 KB-cwnd
[2024-11-05T15:18:16.446889-0600]    11.6250 MB /   0.50 sec =  195.0137 Mbps     0 retrans   8913 KB-cwnd
[2024-11-05T15:18:16.946926-0600]    11.6875 MB /   0.50 sec =  196.0688 Mbps     0 retrans   8913 KB-cwnd
[2024-11-05T15:18:17.446796-0600]    14.5625 MB /   0.50 sec =  244.3725 Mbps     0 retrans   8913 KB-cwnd
[2024-11-05T15:18:17.946874-0600]    14.3125 MB /   0.50 sec =  240.0927 Mbps     0 retrans   8335 KB-cwnd
[2024-11-05T15:18:18.446800-0600]    14.7500 MB /   0.50 sec =  247.4971 Mbps     0 retrans   8335 KB-cwnd
[2024-11-05T15:18:18.946954-0600]    12.9375 MB /   0.50 sec =  217.0066 Mbps     0 retrans   8335 KB-cwnd
[2024-11-05T15:18:19.446808-0600]    12.1250 MB /   0.50 sec =  203.4693 Mbps     0 retrans   8335 KB-cwnd
[2024-11-05T15:18:19.946822-0600]    14.9375 MB /   0.50 sec =  250.6047 Mbps     0 retrans   8335 KB-cwnd
[2024-11-05T15:18:20.446768-0600]    12.4375 MB /   0.50 sec =  208.6771 Mbps     0 retrans   8335 KB-cwnd
[2024-11-05T15:18:20.947181-0600]    14.1250 MB /   0.50 sec =  236.8096 Mbps    10 retrans   9854 KB-cwnd
[2024-11-05T15:18:21.446839-0600]    13.9375 MB /   0.50 sec =  233.9742 Mbps     0 retrans   9854 KB-cwnd
[2024-11-05T15:18:21.946908-0600]    14.1875 MB /   0.50 sec =  238.0072 Mbps     0 retrans   9854 KB-cwnd
[2024-11-05T15:18:22.446831-0600]    11.5625 MB /   0.50 sec =  194.0095 Mbps     0 retrans   9854 KB-cwnd
[2024-11-05T15:18:22.946875-0600]    10.2500 MB /   0.50 sec =  171.9613 Mbps     0 retrans   9854 KB-cwnd
[2024-11-05T15:18:23.446830-0600]    10.5625 MB /   0.50 sec =  177.2186 Mbps     0 retrans   9854 KB-cwnd
[2024-11-05T15:18:23.946870-0600]    10.2500 MB /   0.50 sec =  171.9496 Mbps     0 retrans   8485 KB-cwnd
[2024-11-05T15:18:24.446836-0600]     9.7500 MB /   0.50 sec =  163.5936 Mbps     0 retrans   8485 KB-cwnd
[2024-11-05T15:18:24.947022-0600]     7.6875 MB /   0.50 sec =  128.9375 Mbps     0 retrans   8485 KB-cwnd
[2024-11-05T15:18:25.446783-0600]    12.5000 MB /   0.50 sec =  209.7802 Mbps     0 retrans   8485 KB-cwnd
[2024-11-05T15:18:25.946856-0600]    13.0000 MB /   0.50 sec =  218.0960 Mbps     0 retrans   8485 KB-cwnd
[2024-11-05T15:18:26.446830-0600]    11.1875 MB /   0.50 sec =  187.7004 Mbps     0 retrans   8485 KB-cwnd
[2024-11-05T15:18:26.946862-0600]     9.3750 MB /   0.50 sec =  157.2704 Mbps     0 retrans   6766 KB-cwnd
[2024-11-05T15:18:27.446916-0600]     6.4375 MB /   0.50 sec =  108.0033 Mbps     0 retrans   6766 KB-cwnd
[2024-11-05T15:18:27.946784-0600]     5.5625 MB /   0.50 sec =   93.3317 Mbps     0 retrans   6766 KB-cwnd
[2024-11-05T15:18:28.446938-0600]     6.8125 MB /   0.50 sec =  114.2975 Mbps     0 retrans   6766 KB-cwnd
[2024-11-05T15:18:28.946900-0600]     9.1875 MB /   0.50 sec =  154.1185 Mbps     0 retrans   6766 KB-cwnd
[2024-11-05T15:18:29.446698-0600]     4.2500 MB /   0.50 sec =   71.3177 Mbps     0 retrans   6766 KB-cwnd
[2024-11-05T15:18:29.946819-0600]     4.9375 MB /   0.50 sec =   82.8312 Mbps     0 retrans   6766 KB-cwnd
[2024-11-05T15:18:30.446854-0600]     5.7500 MB /   0.50 sec =   96.4651 Mbps     0 retrans   6766 KB-cwnd
[2024-11-05T15:18:30.946942-0600]     9.6875 MB /   0.50 sec =  162.5091 Mbps     0 retrans   6766 KB-cwnd
[2024-11-05T15:18:31.446815-0600]    10.0625 MB /   0.50 sec =  168.8471 Mbps     0 retrans   6766 KB-cwnd
[2024-11-05T15:18:31.946873-0600]     9.8125 MB /   0.50 sec =  164.6093 Mbps     0 retrans   7065 KB-cwnd
[2024-11-05T15:18:32.446826-0600]    10.3750 MB /   0.50 sec =  174.0824 Mbps     0 retrans   7065 KB-cwnd
[2024-11-05T15:18:32.946899-0600]     8.4375 MB /   0.50 sec =  141.5382 Mbps     0 retrans   7065 KB-cwnd
[2024-11-05T15:18:33.446755-0600]     8.2500 MB /   0.50 sec =  138.4383 Mbps     0 retrans   7065 KB-cwnd
[2024-11-05T15:18:33.946875-0600]    10.0000 MB /   0.50 sec =  167.7520 Mbps     0 retrans   7065 KB-cwnd
[2024-11-05T15:18:34.446971-0600]    10.6250 MB /   0.50 sec =  178.2722 Mbps     0 retrans   7065 KB-cwnd
[2024-11-05T15:18:34.946891-0600]    11.5625 MB /   0.50 sec =  193.9563 Mbps     0 retrans   7065 KB-cwnd
[2024-11-05T15:18:35.446901-0600]     9.6875 MB /   0.50 sec =  162.5332 Mbps     0 retrans   7065 KB-cwnd
[2024-11-05T15:18:35.946807-0600]     9.5000 MB /   0.50 sec =  159.4097 Mbps     0 retrans   6630 KB-cwnd
[2024-11-05T15:18:36.446857-0600]    15.1875 MB /   0.50 sec =  254.7917 Mbps     0 retrans   6630 KB-cwnd
[2024-11-05T15:18:36.946935-0600]     8.7500 MB /   0.50 sec =  146.7742 Mbps     0 retrans   6630 KB-cwnd
[2024-11-05T15:18:37.446821-0600]     8.1250 MB /   0.50 sec =  136.3408 Mbps     0 retrans   6630 KB-cwnd
[2024-11-05T15:18:37.946827-0600]     8.8750 MB /   0.50 sec =  148.8948 Mbps     0 retrans   6630 KB-cwnd
[2024-11-05T15:18:38.446844-0600]     6.1250 MB /   0.50 sec =  102.7621 Mbps     0 retrans   6630 KB-cwnd
[2024-11-05T15:18:38.946776-0600]     7.6250 MB /   0.50 sec =  127.9245 Mbps     0 retrans   6630 KB-cwnd
[2024-11-05T15:18:39.446813-0600]     7.6875 MB /   0.50 sec =  128.9787 Mbps     0 retrans   5810 KB-cwnd
End time: 1730841519726
