Start time: 1731001518872
[2024-11-07T12:45:19.762874-0500] nuttcp-r: v8.1.4: socket
[2024-11-07T12:45:19.763680-0500] nuttcp-r: buflen=65536, nstream=1, port=5379 tcp
[2024-11-07T12:45:19.763730-0500] nuttcp-r: interval reporting every 0.50 seconds
[2024-11-07T12:45:19.763761-0500] nuttcp-r: connect to 54.197.223.49 with RTT=71.023 ms af=inet
[2024-11-07T12:45:19.763791-0500] nuttcp-r: send window size = 2097152, receive window size = 6291456
[2024-11-07T12:45:19.763820-0500] nuttcp-r: available send window = 1572864, available receive window = 4718592
[2024-11-07T12:45:19.763849-0500]     0.6250 MB /   0.50 sec =   10.4844 Mbps     0 retrans     13 KB-cwnd
[2024-11-07T12:45:20.262770-0500]    15.5000 MB /   0.50 sec =  260.0500 Mbps     0 retrans     13 KB-cwnd
[2024-11-07T12:45:20.762785-0500]    25.3750 MB /   0.50 sec =  425.7116 Mbps     0 retrans     13 KB-cwnd
[2024-11-07T12:45:21.262865-0500]    26.8125 MB /   0.50 sec =  449.8067 Mbps     0 retrans     13 KB-cwnd
[2024-11-07T12:45:21.762714-0500]    27.4375 MB /   0.50 sec =  460.3838 Mbps     0 retrans     13 KB-cwnd
[2024-11-07T12:45:22.263025-0500]    24.2500 MB /   0.50 sec =  406.7905 Mbps     0 retrans     13 KB-cwnd
[2024-11-07T12:45:22.763334-0500]    17.8125 MB /   0.50 sec =  298.5546 Mbps     0 retrans     13 KB-cwnd
[2024-11-07T12:45:23.263370-0500]    20.6250 MB /   0.50 sec =  346.0232 Mbps     0 retrans     13 KB-cwnd
[2024-11-07T12:45:23.762956-0500]    24.8125 MB /   0.50 sec =  416.6188 Mbps     0 retrans     18 KB-cwnd
[2024-11-07T12:45:24.262728-0500]    28.4375 MB /   0.50 sec =  477.2395 Mbps     0 retrans     26 KB-cwnd
[2024-11-07T12:45:24.762867-0500]    25.1250 MB /   0.50 sec =  421.4618 Mbps     0 retrans     26 KB-cwnd
[2024-11-07T12:45:25.262765-0500]    24.0625 MB /   0.50 sec =  403.7680 Mbps     0 retrans     26 KB-cwnd
[2024-11-07T12:45:25.762777-0500]    20.0000 MB /   0.50 sec =  335.5141 Mbps     0 retrans     26 KB-cwnd
[2024-11-07T12:45:26.262684-0500]    15.6250 MB /   0.50 sec =  262.1734 Mbps     0 retrans     31 KB-cwnd
[2024-11-07T12:45:26.763435-0500]    29.5625 MB /   0.50 sec =  495.5245 Mbps     0 retrans     37 KB-cwnd
[2024-11-07T12:45:27.262735-0500]    32.2500 MB /   0.50 sec =  541.5602 Mbps     0 retrans     37 KB-cwnd
[2024-11-07T12:45:27.762829-0500]    42.3125 MB /   0.50 sec =  709.8888 Mbps     0 retrans     47 KB-cwnd
[2024-11-07T12:45:28.263270-0500]    51.1250 MB /   0.50 sec =  856.9382 Mbps     0 retrans  11324 KB-cwnd
[2024-11-07T12:45:28.763629-0500]    53.5625 MB /   0.50 sec =  898.7015 Mbps     0 retrans  11324 KB-cwnd
[2024-11-07T12:45:29.263265-0500]    57.6875 MB /   0.50 sec =  968.4807 Mbps     0 retrans   9353 KB-cwnd
[2024-11-07T12:45:29.762959-0500]    56.1875 MB /   0.50 sec =  942.8810 Mbps     0 retrans   9353 KB-cwnd
[2024-11-07T12:45:30.263210-0500]    57.0000 MB /   0.50 sec =  955.4815 Mbps     6 retrans  20124 KB-cwnd
[2024-11-07T12:45:30.763337-0500]    55.6250 MB /   0.50 sec =  933.0162 Mbps     0 retrans  18216 KB-cwnd
[2024-11-07T12:45:31.262969-0500]    52.0625 MB /   0.50 sec =  874.2349 Mbps     0 retrans  19857 KB-cwnd
[2024-11-07T12:45:31.762891-0500]    50.6875 MB /   0.50 sec =  850.3475 Mbps     0 retrans  18928 KB-cwnd
[2024-11-07T12:45:32.263221-0500]    40.0625 MB /   0.50 sec =  671.6764 Mbps     0 retrans  18925 KB-cwnd
[2024-11-07T12:45:32.762894-0500]    54.7500 MB /   0.50 sec =  919.3027 Mbps     0 retrans  19199 KB-cwnd
[2024-11-07T12:45:33.262894-0500]    60.8125 MB /   0.50 sec = 1020.1645 Mbps     0 retrans  17907 KB-cwnd
[2024-11-07T12:45:33.763195-0500]    62.3125 MB /   0.50 sec = 1044.7345 Mbps     0 retrans  16783 KB-cwnd
[2024-11-07T12:45:34.262848-0500]    45.3125 MB /   0.50 sec =  760.7867 Mbps     0 retrans  19018 KB-cwnd
[2024-11-07T12:45:34.762936-0500]    58.7500 MB /   0.50 sec =  985.4643 Mbps     0 retrans  17476 KB-cwnd
[2024-11-07T12:45:35.263060-0500]    62.5625 MB /   0.50 sec = 1049.6036 Mbps     0 retrans  17620 KB-cwnd
[2024-11-07T12:45:35.762822-0500]    60.2500 MB /   0.50 sec = 1011.0679 Mbps     0 retrans  19330 KB-cwnd
[2024-11-07T12:45:36.263473-0500]    49.4375 MB /   0.50 sec =  828.3335 Mbps     0 retrans  19330 KB-cwnd
[2024-11-07T12:45:36.763744-0500]    30.0625 MB /   0.50 sec =  504.0949 Mbps     0 retrans  18970 KB-cwnd
[2024-11-07T12:45:37.263065-0500]    49.6875 MB /   0.50 sec =  835.0308 Mbps     0 retrans  18006 KB-cwnd
[2024-11-07T12:45:37.763774-0500]    41.6875 MB /   0.50 sec =  698.1533 Mbps     0 retrans  18112 KB-cwnd
[2024-11-07T12:45:38.263911-0500]     0.0000 MB /   0.50 sec =    0.0000 Mbps     0 retrans  18112 KB-cwnd
[2024-11-07T12:45:38.762804-0500]    22.2500 MB /   0.50 sec =  374.1071 Mbps     0 retrans  17739 KB-cwnd
[2024-11-07T12:45:39.262735-0500]    10.3750 MB /   0.50 sec =  174.0702 Mbps     0 retrans  17739 KB-cwnd
[2024-11-07T12:45:39.762765-0500]     6.8125 MB /   0.50 sec =  114.2939 Mbps     0 retrans  17739 KB-cwnd
[2024-11-07T12:45:40.264153-0500]     1.8125 MB /   0.50 sec =   30.3383 Mbps     0 retrans  17739 KB-cwnd
[2024-11-07T12:45:40.763168-0500]    28.0625 MB /   0.50 sec =  471.9291 Mbps     0 retrans  17739 KB-cwnd
[2024-11-07T12:45:41.262766-0500]    23.0625 MB /   0.50 sec =  386.9067 Mbps     0 retrans  18320 KB-cwnd
[2024-11-07T12:45:41.762732-0500]    24.6250 MB /   0.50 sec =  413.1489 Mbps     0 retrans  18320 KB-cwnd
[2024-11-07T12:45:42.262844-0500]    21.5625 MB /   0.50 sec =  361.6951 Mbps     0 retrans  18320 KB-cwnd
[2024-11-07T12:45:42.762874-0500]    20.1250 MB /   0.50 sec =  337.6867 Mbps   339 retrans  16892 KB-cwnd
[2024-11-07T12:45:43.262783-0500]    21.6875 MB /   0.50 sec =  363.8260 Mbps     0 retrans  16892 KB-cwnd
[2024-11-07T12:45:43.762774-0500]    21.8125 MB /   0.50 sec =  365.9860 Mbps     0 retrans  16892 KB-cwnd
[2024-11-07T12:45:44.262784-0500]    16.6875 MB /   0.50 sec =  279.9642 Mbps   117 retrans   9598 KB-cwnd
[2024-11-07T12:45:44.762825-0500]    22.6250 MB /   0.50 sec =  379.5367 Mbps     0 retrans   9598 KB-cwnd
[2024-11-07T12:45:45.262805-0500]    17.8750 MB /   0.50 sec =  299.9623 Mbps     0 retrans   9598 KB-cwnd
[2024-11-07T12:45:45.762872-0500]    16.3750 MB /   0.50 sec =  274.6604 Mbps     0 retrans   9103 KB-cwnd
[2024-11-07T12:45:46.262810-0500]    17.3125 MB /   0.50 sec =  290.4666 Mbps     0 retrans   9103 KB-cwnd
[2024-11-07T12:45:46.762887-0500]    12.3125 MB /   0.50 sec =  206.5546 Mbps     0 retrans   9103 KB-cwnd
[2024-11-07T12:45:47.262765-0500]     8.6250 MB /   0.50 sec =  144.7301 Mbps     0 retrans   9103 KB-cwnd
[2024-11-07T12:45:47.762914-0500]    14.1250 MB /   0.50 sec =  236.9843 Mbps     0 retrans   8423 KB-cwnd
[2024-11-07T12:45:48.262796-0500]    14.2500 MB /   0.50 sec =  239.0624 Mbps     0 retrans   8423 KB-cwnd
[2024-11-07T12:45:48.762765-0500]    13.6875 MB /   0.50 sec =  229.6469 Mbps     0 retrans   8423 KB-cwnd
[2024-11-07T12:45:49.262875-0500]     8.0000 MB /   0.50 sec =  134.1855 Mbps     0 retrans   8423 KB-cwnd
[2024-11-07T12:45:49.764008-0500]     0.0000 MB /   0.50 sec =    0.0000 Mbps     0 retrans   8423 KB-cwnd
[2024-11-07T12:45:50.262816-0500]    12.1250 MB /   0.50 sec =  203.8870 Mbps     0 retrans   8423 KB-cwnd
[2024-11-07T12:45:50.762718-0500]    13.1250 MB /   0.50 sec =  220.2300 Mbps     0 retrans   7398 KB-cwnd
[2024-11-07T12:45:51.262982-0500]    10.6875 MB /   0.50 sec =  179.3026 Mbps     0 retrans   7398 KB-cwnd
[2024-11-07T12:45:51.763883-0500]     8.8750 MB /   0.50 sec =  148.5825 Mbps     0 retrans   7398 KB-cwnd
[2024-11-07T12:45:52.263720-0500]     8.2500 MB /   0.50 sec =  138.4436 Mbps     0 retrans   7398 KB-cwnd
[2024-11-07T12:45:52.762885-0500]     7.4375 MB /   0.50 sec =  124.9923 Mbps     0 retrans   7398 KB-cwnd
[2024-11-07T12:45:53.262776-0500]     8.2500 MB /   0.50 sec =  138.4381 Mbps     0 retrans   7398 KB-cwnd
[2024-11-07T12:45:53.762742-0500]     7.9375 MB /   0.50 sec =  133.1721 Mbps     0 retrans   7398 KB-cwnd
[2024-11-07T12:45:54.263808-0500]     6.5625 MB /   0.50 sec =  109.8772 Mbps     0 retrans   7398 KB-cwnd
[2024-11-07T12:45:54.762790-0500]     8.1250 MB /   0.50 sec =  136.5894 Mbps     0 retrans   6428 KB-cwnd
[2024-11-07T12:45:55.262781-0500]     9.0625 MB /   0.50 sec =  152.0423 Mbps     0 retrans   6428 KB-cwnd
[2024-11-07T12:45:55.762789-0500]     5.6250 MB /   0.50 sec =   94.3730 Mbps     0 retrans   6428 KB-cwnd
[2024-11-07T12:45:56.262800-0500]     7.5625 MB /   0.50 sec =  126.8787 Mbps     0 retrans   6428 KB-cwnd
[2024-11-07T12:45:56.762758-0500]     7.3125 MB /   0.50 sec =  122.6841 Mbps     0 retrans   6428 KB-cwnd
[2024-11-07T12:45:57.262862-0500]     7.0625 MB /   0.50 sec =  118.4656 Mbps     0 retrans   6428 KB-cwnd
[2024-11-07T12:45:57.763814-0500]     5.0000 MB /   0.50 sec =   83.7292 Mbps     0 retrans   6428 KB-cwnd
[2024-11-07T12:45:58.264087-0500]     8.1875 MB /   0.50 sec =  137.3486 Mbps     0 retrans   6428 KB-cwnd
[2024-11-07T12:45:58.762806-0500]    10.5625 MB /   0.50 sec =  177.5848 Mbps   121 retrans   6353 KB-cwnd
[2024-11-07T12:45:59.262740-0500]     6.5000 MB /   0.50 sec =  109.0589 Mbps     0 retrans   6353 KB-cwnd
[2024-11-07T12:45:59.762892-0500]     7.4375 MB /   0.50 sec =  124.7843 Mbps     0 retrans   6353 KB-cwnd
[2024-11-07T12:46:00.264080-0500]     5.9375 MB /   0.50 sec =   99.3548 Mbps     0 retrans   6353 KB-cwnd
[2024-11-07T12:46:00.762766-0500]     4.5000 MB /   0.50 sec =   75.6905 Mbps     0 retrans   6353 KB-cwnd
[2024-11-07T12:46:01.262742-0500]     6.6250 MB /   0.50 sec =  111.1528 Mbps     0 retrans   6353 KB-cwnd
[2024-11-07T12:46:01.763580-0500]     5.6250 MB /   0.50 sec =   94.2883 Mbps     0 retrans   6353 KB-cwnd
[2024-11-07T12:46:02.263133-0500]     7.0000 MB /   0.50 sec =  117.4560 Mbps     0 retrans   6353 KB-cwnd
[2024-11-07T12:46:02.763033-0500]     4.0625 MB /   0.50 sec =   68.1791 Mbps     0 retrans   6353 KB-cwnd
[2024-11-07T12:46:03.264052-0500]     0.0000 MB /   0.50 sec =    0.0000 Mbps     0 retrans   6353 KB-cwnd
[2024-11-07T12:46:03.763754-0500]    12.0625 MB /   0.50 sec =  202.4205 Mbps   133 retrans   4957 KB-cwnd
[2024-11-07T12:46:04.263873-0500]     0.0000 MB /   0.50 sec =    0.0000 Mbps     0 retrans   4957 KB-cwnd
[2024-11-07T12:46:04.762775-0500]    15.6875 MB /   0.50 sec =  263.7512 Mbps     0 retrans   4957 KB-cwnd
[2024-11-07T12:46:05.262847-0500]    12.6250 MB /   0.50 sec =  211.7831 Mbps     0 retrans   4957 KB-cwnd
[2024-11-07T12:46:05.762779-0500]    14.8125 MB /   0.50 sec =  248.5498 Mbps     0 retrans   4957 KB-cwnd
[2024-11-07T12:46:06.262723-0500]    17.5625 MB /   0.50 sec =  294.6563 Mbps     0 retrans   4635 KB-cwnd
[2024-11-07T12:46:06.762809-0500]    22.7500 MB /   0.50 sec =  381.6588 Mbps     0 retrans   4635 KB-cwnd
[2024-11-07T12:46:07.262860-0500]    31.6875 MB /   0.50 sec =  531.6631 Mbps     7 retrans   3785 KB-cwnd
[2024-11-07T12:46:07.763183-0500]    38.8750 MB /   0.50 sec =  651.6525 Mbps     0 retrans   3537 KB-cwnd
[2024-11-07T12:46:08.262742-0500]    40.0000 MB /   0.50 sec =  671.6596 Mbps    38 retrans   5272 KB-cwnd
[2024-11-07T12:46:08.762753-0500]    35.0625 MB /   0.50 sec =  588.2500 Mbps     0 retrans   5272 KB-cwnd
[2024-11-07T12:46:09.262934-0500]    45.3125 MB /   0.50 sec =  760.1705 Mbps     0 retrans  10325 KB-cwnd
[2024-11-07T12:46:09.762782-0500]    45.0000 MB /   0.50 sec =  755.0034 Mbps     0 retrans  14199 KB-cwnd
[2024-11-07T12:46:10.262726-0500]    49.5625 MB /   0.50 sec =  831.5490 Mbps     0 retrans  15488 KB-cwnd
[2024-11-07T12:46:10.762783-0500]    56.4375 MB /   0.50 sec =  946.8433 Mbps     0 retrans  16138 KB-cwnd
[2024-11-07T12:46:11.262823-0500]    56.9375 MB /   0.50 sec =  955.1763 Mbps     0 retrans  16138 KB-cwnd
[2024-11-07T12:46:11.762744-0500]    55.1250 MB /   0.50 sec =  924.9476 Mbps     0 retrans  17638 KB-cwnd
[2024-11-07T12:46:12.262926-0500]    47.6875 MB /   0.50 sec =  799.8267 Mbps     0 retrans  17468 KB-cwnd
[2024-11-07T12:46:12.762745-0500]    53.3750 MB /   0.50 sec =  895.7240 Mbps     0 retrans  18083 KB-cwnd
[2024-11-07T12:46:13.262876-0500]    48.9375 MB /   0.50 sec =  820.9841 Mbps     0 retrans  18155 KB-cwnd
[2024-11-07T12:46:13.762799-0500]    45.4375 MB /   0.50 sec =  762.3209 Mbps     0 retrans  18155 KB-cwnd
[2024-11-07T12:46:14.262868-0500]    41.0000 MB /   0.50 sec =  687.7696 Mbps     0 retrans  18936 KB-cwnd
[2024-11-07T12:46:14.762905-0500]    41.8750 MB /   0.50 sec =  702.6991 Mbps     0 retrans  16748 KB-cwnd
[2024-11-07T12:46:15.262766-0500]    37.5000 MB /   0.50 sec =  629.1255 Mbps     0 retrans  16748 KB-cwnd
[2024-11-07T12:46:15.762745-0500]    36.8125 MB /   0.50 sec =  617.6323 Mbps     0 retrans  14471 KB-cwnd
[2024-11-07T12:46:16.262779-0500]    26.8125 MB /   0.50 sec =  449.8103 Mbps     0 retrans  14471 KB-cwnd
[2024-11-07T12:46:16.762801-0500]    26.8750 MB /   0.50 sec =  450.8651 Mbps     0 retrans  13949 KB-cwnd
[2024-11-07T12:46:17.262728-0500]    28.9375 MB /   0.50 sec =  485.5373 Mbps     0 retrans  13946 KB-cwnd
[2024-11-07T12:46:17.762873-0500]    39.6250 MB /   0.50 sec =  664.6576 Mbps     0 retrans  14631 KB-cwnd
[2024-11-07T12:46:18.263232-0500]    45.4375 MB /   0.50 sec =  762.3056 Mbps     0 retrans  13261 KB-cwnd
[2024-11-07T12:46:18.763251-0500]    41.5625 MB /   0.50 sec =  696.7888 Mbps     0 retrans  12214 KB-cwnd
[2024-11-07T12:46:19.262878-0500]    37.5000 MB /   0.50 sec =  629.7464 Mbps     0 retrans  12792 KB-cwnd
[2024-11-07T12:46:19.762729-0500]    41.3125 MB /   0.50 sec =  693.1129 Mbps     0 retrans  17470 KB-cwnd
[2024-11-07T12:46:20.262803-0500]    49.5625 MB /   0.50 sec =  831.4725 Mbps     0 retrans  17470 KB-cwnd
[2024-11-07T12:46:20.762771-0500]    42.6875 MB /   0.50 sec =  716.1903 Mbps     0 retrans  15531 KB-cwnd
[2024-11-07T12:46:21.262849-0500]    41.7500 MB /   0.50 sec =  700.4684 Mbps     0 retrans  13879 KB-cwnd
[2024-11-07T12:46:21.762782-0500]    39.1875 MB /   0.50 sec =  657.4585 Mbps     0 retrans  13879 KB-cwnd
[2024-11-07T12:46:22.262861-0500]    29.0000 MB /   0.50 sec =  486.4566 Mbps     0 retrans  18499 KB-cwnd
[2024-11-07T12:46:22.762805-0500]    38.8750 MB /   0.50 sec =  652.2717 Mbps     0 retrans  18499 KB-cwnd
[2024-11-07T12:46:23.262741-0500]    35.1875 MB /   0.50 sec =  590.4061 Mbps     0 retrans  15976 KB-cwnd
[2024-11-07T12:46:23.762866-0500]    29.2500 MB /   0.50 sec =  490.7336 Mbps     0 retrans  14311 KB-cwnd
[2024-11-07T12:46:24.262742-0500]    31.5000 MB /   0.50 sec =  528.4791 Mbps     0 retrans  14311 KB-cwnd
[2024-11-07T12:46:24.762776-0500]    28.3750 MB /   0.50 sec =  476.0487 Mbps     0 retrans  15150 KB-cwnd
[2024-11-07T12:46:25.262727-0500]    25.7500 MB /   0.50 sec =  432.0202 Mbps     0 retrans  14633 KB-cwnd
[2024-11-07T12:46:25.763078-0500]    24.7500 MB /   0.50 sec =  415.0012 Mbps     0 retrans  14633 KB-cwnd
[2024-11-07T12:46:26.262775-0500]    30.6875 MB /   0.50 sec =  515.1156 Mbps     0 retrans  14140 KB-cwnd
[2024-11-07T12:46:26.762924-0500]    17.1875 MB /   0.50 sec =  288.2840 Mbps     0 retrans  14140 KB-cwnd
[2024-11-07T12:46:27.262784-0500]    24.8125 MB /   0.50 sec =  416.4004 Mbps     0 retrans  14140 KB-cwnd
[2024-11-07T12:46:27.762792-0500]    26.6875 MB /   0.50 sec =  447.7339 Mbps     0 retrans  10336 KB-cwnd
[2024-11-07T12:46:28.262877-0500]    16.6875 MB /   0.50 sec =  279.9872 Mbps     0 retrans  10336 KB-cwnd
[2024-11-07T12:46:28.763149-0500]    19.2500 MB /   0.50 sec =  322.7032 Mbps     0 retrans  10336 KB-cwnd
[2024-11-07T12:46:29.262877-0500]    17.8750 MB /   0.50 sec =  300.0596 Mbps     0 retrans  10174 KB-cwnd
[2024-11-07T12:46:29.762738-0500]    17.8125 MB /   0.50 sec =  298.9135 Mbps     0 retrans  10174 KB-cwnd
[2024-11-07T12:46:30.262847-0500]    16.0000 MB /   0.50 sec =  268.3925 Mbps     0 retrans  10174 KB-cwnd
[2024-11-07T12:46:30.762845-0500]    16.8125 MB /   0.50 sec =  282.1143 Mbps     0 retrans  10003 KB-cwnd
[2024-11-07T12:46:31.262744-0500]    15.9375 MB /   0.50 sec =  267.3805 Mbps     0 retrans  10003 KB-cwnd
[2024-11-07T12:46:31.762749-0500]    19.0000 MB /   0.50 sec =  318.7741 Mbps     0 retrans  10003 KB-cwnd
[2024-11-07T12:46:32.262774-0500]    16.9375 MB /   0.50 sec =  284.1488 Mbps     0 retrans  10003 KB-cwnd
[2024-11-07T12:46:32.762835-0500]    16.0625 MB /   0.50 sec =  269.4555 Mbps     0 retrans  10299 KB-cwnd
[2024-11-07T12:46:33.262894-0500]    18.1250 MB /   0.50 sec =  304.1047 Mbps     0 retrans  10299 KB-cwnd
[2024-11-07T12:46:33.762695-0500]    16.4375 MB /   0.50 sec =  275.7838 Mbps     0 retrans  10299 KB-cwnd
[2024-11-07T12:46:34.263105-0500]    18.5625 MB /   0.50 sec =  311.2335 Mbps     0 retrans   8144 KB-cwnd
[2024-11-07T12:46:34.762821-0500]    20.0625 MB /   0.50 sec =  336.7788 Mbps     0 retrans   8144 KB-cwnd
[2024-11-07T12:46:35.262739-0500]    21.0000 MB /   0.50 sec =  352.3666 Mbps     0 retrans   8144 KB-cwnd
[2024-11-07T12:46:35.762976-0500]    19.2500 MB /   0.50 sec =  322.9498 Mbps     0 retrans   5866 KB-cwnd
[2024-11-07T12:46:36.262771-0500]    22.8125 MB /   0.50 sec =  382.7371 Mbps     0 retrans   5866 KB-cwnd
[2024-11-07T12:46:36.762748-0500]    19.7500 MB /   0.50 sec =  331.3540 Mbps     0 retrans   5866 KB-cwnd
[2024-11-07T12:46:37.263867-0500]     6.9375 MB /   0.50 sec =  116.1466 Mbps     0 retrans   5866 KB-cwnd
[2024-11-07T12:46:37.762801-0500]    18.5625 MB /   0.50 sec =  312.0706 Mbps     0 retrans   7129 KB-cwnd
[2024-11-07T12:46:38.262987-0500]    21.0625 MB /   0.50 sec =  353.3030 Mbps     0 retrans   7158 KB-cwnd
[2024-11-07T12:46:38.763178-0500]    23.5000 MB /   0.50 sec =  394.0455 Mbps     0 retrans   7158 KB-cwnd
[2024-11-07T12:46:39.263084-0500]    23.7500 MB /   0.50 sec =  398.7516 Mbps     0 retrans   7406 KB-cwnd
[2024-11-07T12:46:39.763213-0500]    19.3750 MB /   0.50 sec =  324.7994 Mbps     0 retrans   7336 KB-cwnd
[2024-11-07T12:46:40.262907-0500]    22.2500 MB /   0.50 sec =  373.5366 Mbps     0 retrans   7763 KB-cwnd
[2024-11-07T12:46:40.762755-0500]    28.0625 MB /   0.50 sec =  470.9001 Mbps     0 retrans   7763 KB-cwnd
[2024-11-07T12:46:41.262967-0500]    28.5625 MB /   0.50 sec =  479.1925 Mbps     0 retrans   7688 KB-cwnd
[2024-11-07T12:46:41.762772-0500]    32.8125 MB /   0.50 sec =  550.5167 Mbps     0 retrans   9055 KB-cwnd
[2024-11-07T12:46:42.262813-0500]    33.9375 MB /   0.50 sec =  569.3073 Mbps     0 retrans   8415 KB-cwnd
[2024-11-07T12:46:42.762847-0500]    35.6875 MB /   0.50 sec =  598.8603 Mbps     0 retrans   8415 KB-cwnd
[2024-11-07T12:46:43.262861-0500]    39.9375 MB /   0.50 sec =  669.9021 Mbps     0 retrans  10741 KB-cwnd
[2024-11-07T12:46:43.762808-0500]    41.6875 MB /   0.50 sec =  699.5401 Mbps     0 retrans  10741 KB-cwnd
[2024-11-07T12:46:44.262846-0500]    38.2500 MB /   0.50 sec =  641.6220 Mbps     0 retrans  12339 KB-cwnd
[2024-11-07T12:46:44.762758-0500]    46.3750 MB /   0.50 sec =  778.1103 Mbps     0 retrans  14529 KB-cwnd
[2024-11-07T12:46:45.262784-0500]    54.8750 MB /   0.50 sec =  920.6553 Mbps     0 retrans  15217 KB-cwnd
[2024-11-07T12:46:45.762751-0500]    57.7500 MB /   0.50 sec =  968.8920 Mbps     0 retrans  13786 KB-cwnd
[2024-11-07T12:46:46.262879-0500]    59.7500 MB /   0.50 sec = 1002.4166 Mbps     0 retrans  16117 KB-cwnd
[2024-11-07T12:46:46.762770-0500]    67.3125 MB /   0.50 sec = 1129.3096 Mbps     0 retrans  23331 KB-cwnd
[2024-11-07T12:46:47.262914-0500]    71.0625 MB /   0.50 sec = 1191.9425 Mbps     0 retrans  22370 KB-cwnd
[2024-11-07T12:46:47.762830-0500]    70.6250 MB /   0.50 sec = 1185.2891 Mbps     0 retrans  23856 KB-cwnd
[2024-11-07T12:46:48.263073-0500]    68.1250 MB /   0.50 sec = 1142.9296 Mbps     0 retrans  24978 KB-cwnd
[2024-11-07T12:46:48.762782-0500]    65.7500 MB /   0.50 sec = 1103.0115 Mbps     0 retrans  24352 KB-cwnd
[2024-11-07T12:46:49.262749-0500]    70.5000 MB /   0.50 sec = 1182.8481 Mbps     0 retrans  22966 KB-cwnd
[2024-11-07T12:46:49.762785-0500]    73.3125 MB /   0.50 sec = 1229.9403 Mbps     0 retrans  22591 KB-cwnd
[2024-11-07T12:46:50.262749-0500]    72.7500 MB /   0.50 sec = 1220.5742 Mbps     0 retrans  21323 KB-cwnd
[2024-11-07T12:46:50.762773-0500]    74.8750 MB /   0.50 sec = 1256.1714 Mbps     0 retrans  22271 KB-cwnd
[2024-11-07T12:46:51.262803-0500]    68.2500 MB /   0.50 sec = 1145.0106 Mbps     0 retrans  22862 KB-cwnd
[2024-11-07T12:46:51.762754-0500]    65.8125 MB /   0.50 sec = 1104.2035 Mbps     0 retrans  22644 KB-cwnd
[2024-11-07T12:46:52.262780-0500]    63.1250 MB /   0.50 sec = 1059.0279 Mbps     0 retrans  22577 KB-cwnd
[2024-11-07T12:46:52.762836-0500]    64.4375 MB /   0.50 sec = 1081.1900 Mbps     0 retrans  21570 KB-cwnd
[2024-11-07T12:46:53.262853-0500]    53.7500 MB /   0.50 sec =  901.7195 Mbps     0 retrans  21429 KB-cwnd
[2024-11-07T12:46:53.762894-0500]    45.0000 MB /   0.50 sec =  754.9611 Mbps     0 retrans  20955 KB-cwnd
[2024-11-07T12:46:54.262749-0500]    48.8750 MB /   0.50 sec =  819.9996 Mbps     0 retrans  20955 KB-cwnd
[2024-11-07T12:46:54.762880-0500]    49.1875 MB /   0.50 sec =  825.0528 Mbps     0 retrans  21818 KB-cwnd
[2024-11-07T12:46:55.262757-0500]    52.6250 MB /   0.50 sec =  883.0776 Mbps     0 retrans  19205 KB-cwnd
[2024-11-07T12:46:55.762773-0500]    29.9375 MB /   0.50 sec =  502.2619 Mbps     0 retrans  17907 KB-cwnd
[2024-11-07T12:46:56.262998-0500]    37.5625 MB /   0.50 sec =  630.0090 Mbps     0 retrans  17907 KB-cwnd
[2024-11-07T12:46:56.762806-0500]    60.0625 MB /   0.50 sec = 1007.9779 Mbps     0 retrans  17255 KB-cwnd
[2024-11-07T12:46:57.262721-0500]    63.2500 MB /   0.50 sec = 1061.1059 Mbps     7 retrans  17071 KB-cwnd
[2024-11-07T12:46:57.762842-0500]    72.3125 MB /   0.50 sec = 1213.1782 Mbps     0 retrans  19359 KB-cwnd
[2024-11-07T12:46:58.262771-0500]    69.9375 MB /   0.50 sec = 1173.4504 Mbps     0 retrans  22288 KB-cwnd
[2024-11-07T12:46:58.762766-0500]    67.0625 MB /   0.50 sec = 1125.1153 Mbps     0 retrans  21935 KB-cwnd
[2024-11-07T12:46:59.262978-0500]    69.0625 MB /   0.50 sec = 1158.4888 Mbps     0 retrans  24250 KB-cwnd
[2024-11-07T12:46:59.762895-0500]    73.6250 MB /   0.50 sec = 1235.1879 Mbps     0 retrans  24413 KB-cwnd
[2024-11-07T12:47:00.262676-0500]    71.8125 MB /   0.50 sec = 1205.0958 Mbps     0 retrans  23201 KB-cwnd
[2024-11-07T12:47:00.762755-0500]    68.7500 MB /   0.50 sec = 1153.3944 Mbps     0 retrans  22391 KB-cwnd
[2024-11-07T12:47:01.262940-0500]    65.3750 MB /   0.50 sec = 1096.3281 Mbps     0 retrans  22391 KB-cwnd
[2024-11-07T12:47:01.763176-0500]    69.3750 MB /   0.50 sec = 1163.4726 Mbps     0 retrans  22934 KB-cwnd
[2024-11-07T12:47:02.262933-0500]    71.5625 MB /   0.50 sec = 1201.5471 Mbps     0 retrans  25380 KB-cwnd
[2024-11-07T12:47:02.763203-0500]    70.1875 MB /   0.50 sec = 1177.5980 Mbps     0 retrans  25383 KB-cwnd
[2024-11-07T12:47:03.262861-0500]    58.2500 MB /   0.50 sec =  977.2728 Mbps     0 retrans  24509 KB-cwnd
[2024-11-07T12:47:03.762807-0500]    53.8750 MB /   0.50 sec =  903.7948 Mbps     0 retrans  21640 KB-cwnd
[2024-11-07T12:47:04.262910-0500]    44.0000 MB /   0.50 sec =  738.2197 Mbps     0 retrans  21640 KB-cwnd
[2024-11-07T12:47:04.762719-0500]    42.0000 MB /   0.50 sec =  704.6938 Mbps     0 retrans  24586 KB-cwnd
[2024-11-07T12:47:05.262980-0500]    41.0000 MB /   0.50 sec =  687.7063 Mbps     0 retrans  23182 KB-cwnd
[2024-11-07T12:47:05.762692-0500]    18.3750 MB /   0.50 sec =  308.3498 Mbps     0 retrans  23182 KB-cwnd
[2024-11-07T12:47:06.262785-0500]    52.0625 MB /   0.50 sec =  873.4533 Mbps     0 retrans  17724 KB-cwnd
[2024-11-07T12:47:06.762909-0500]    25.8750 MB /   0.50 sec =  434.0115 Mbps     0 retrans  17724 KB-cwnd
[2024-11-07T12:47:07.262839-0500]    66.3125 MB /   0.50 sec = 1112.7817 Mbps     0 retrans  18840 KB-cwnd
[2024-11-07T12:47:07.765323-0500]    66.3125 MB /   0.50 sec = 1107.0019 Mbps   120 retrans  19431 KB-cwnd
[2024-11-07T12:47:08.263077-0500]    60.9375 MB /   0.50 sec = 1027.4702 Mbps     0 retrans  21933 KB-cwnd
[2024-11-07T12:47:08.762997-0500]    61.1875 MB /   0.50 sec = 1026.5641 Mbps     0 retrans  22876 KB-cwnd
[2024-11-07T12:47:09.262818-0500]    65.3750 MB /   0.50 sec = 1096.7579 Mbps     0 retrans  21573 KB-cwnd
[2024-11-07T12:47:09.762956-0500]    59.6875 MB /   0.50 sec = 1001.1598 Mbps     0 retrans  21760 KB-cwnd
[2024-11-07T12:47:10.262730-0500]    70.6250 MB /   0.50 sec = 1185.2891 Mbps     0 retrans  23297 KB-cwnd
[2024-11-07T12:47:10.762911-0500]    66.2500 MB /   0.50 sec = 1111.2172 Mbps     0 retrans  22791 KB-cwnd
[2024-11-07T12:47:11.263122-0500]    63.8125 MB /   0.50 sec = 1070.1274 Mbps     0 retrans  21480 KB-cwnd
[2024-11-07T12:47:11.763182-0500]    68.6875 MB /   0.50 sec = 1152.2053 Mbps     0 retrans  23763 KB-cwnd
[2024-11-07T12:47:12.262882-0500]    66.1875 MB /   0.50 sec = 1111.1865 Mbps     0 retrans  23957 KB-cwnd
[2024-11-07T12:47:12.762795-0500]    71.3750 MB /   0.50 sec = 1197.6558 Mbps     0 retrans  22218 KB-cwnd
[2024-11-07T12:47:13.262756-0500]    72.0625 MB /   0.50 sec = 1209.0275 Mbps     0 retrans  20747 KB-cwnd
[2024-11-07T12:47:13.762911-0500]    68.8750 MB /   0.50 sec = 1155.5123 Mbps     0 retrans  21416 KB-cwnd
[2024-11-07T12:47:14.263105-0500]    70.1875 MB /   0.50 sec = 1177.0447 Mbps     0 retrans  21485 KB-cwnd
[2024-11-07T12:47:14.763726-0500]    67.1875 MB /   0.50 sec = 1126.6446 Mbps     0 retrans  22178 KB-cwnd
[2024-11-07T12:47:15.263165-0500]    67.2500 MB /   0.50 sec = 1129.3271 Mbps     0 retrans  22466 KB-cwnd
[2024-11-07T12:47:15.762737-0500]    65.6875 MB /   0.50 sec = 1102.0688 Mbps     0 retrans  24405 KB-cwnd
[2024-11-07T12:47:16.262871-0500]    53.6250 MB /   0.50 sec =  899.6260 Mbps     0 retrans  22703 KB-cwnd
[2024-11-07T12:47:16.762842-0500]    51.0625 MB /   0.50 sec =  856.7877 Mbps     0 retrans  21605 KB-cwnd
[2024-11-07T12:47:17.263128-0500]    58.3125 MB /   0.50 sec =  978.2216 Mbps     0 retrans  21197 KB-cwnd
[2024-11-07T12:47:17.762800-0500]    61.4375 MB /   0.50 sec = 1030.7502 Mbps     0 retrans  23614 KB-cwnd
[2024-11-07T12:47:18.262930-0500]    62.0000 MB /   0.50 sec = 1040.2144 Mbps     0 retrans  21309 KB-cwnd
[2024-11-07T12:47:18.762878-0500]    64.0000 MB /   0.50 sec = 1073.7397 Mbps     0 retrans  22183 KB-cwnd
[2024-11-07T12:47:19.262723-0500]    70.1875 MB /   0.50 sec = 1177.5815 Mbps     0 retrans  22210 KB-cwnd
[2024-11-07T12:47:19.762769-0500]    65.1250 MB /   0.50 sec = 1092.5943 Mbps     0 retrans  21746 KB-cwnd
End time: 1731001639981
