Start time: 1731001856917
[2024-11-07T12:51:01.982508-0500] traceroute to 54.197.223.49 (54.197.223.49), 30 hops max, 60 byte packets
[2024-11-07T12:51:01.983564-0500]  1  * * *
[2024-11-07T12:51:01.983635-0500]  2  * * *
[2024-11-07T12:51:01.983674-0500]  3  * * *
[2024-11-07T12:51:01.983709-0500]  4  * * *
[2024-11-07T12:51:01.991249-0500]  5  * * *
[2024-11-07T12:51:06.989812-0500]  6  * * *
[2024-11-07T12:51:06.989950-0500]  7  * * *
[2024-11-07T12:51:06.989984-0500]  8  * * *
[2024-11-07T12:51:06.993751-0500]  9  * * *
[2024-11-07T12:51:06.993786-0500] 10  * * *
[2024-11-07T12:51:11.997649-0500] 11  * * *
[2024-11-07T12:51:11.997970-0500] 12  * * *
[2024-11-07T12:51:11.998047-0500] 13  * * *
[2024-11-07T12:51:11.998105-0500] 14  * * *
[2024-11-07T12:51:11.998154-0500] 15  * * *
[2024-11-07T12:51:17.005118-0500] 16  * * *
[2024-11-07T12:51:17.005444-0500] 17  * * *
[2024-11-07T12:51:17.005519-0500] 18  * * *
[2024-11-07T12:51:17.011473-0500] 19  * * *
[2024-11-07T12:51:17.011601-0500] 20  * * *
[2024-11-07T12:51:17.011664-0500] 21  * * *
[2024-11-07T12:51:22.013828-0500] 22  * * *
[2024-11-07T12:51:22.014370-0500] 23  * * *
[2024-11-07T12:51:22.027336-0500] 24  * * *
[2024-11-07T12:51:22.027662-0500] 25  * * *
[2024-11-07T12:51:22.027780-0500] 26  * * *
[2024-11-07T12:51:26.973448-0500] 27  * *End time: 1731001887064
