Start time: 1730756309084
[2024-11-04T15:38:30.421352-0600] nuttcp-r: v8.1.4: socket
[2024-11-04T15:38:30.422401-0600] nuttcp-r: buflen=65536, nstream=1, port=5379 tcp
[2024-11-04T15:38:30.422506-0600] nuttcp-r: interval reporting every 0.50 seconds
[2024-11-04T15:38:30.422582-0600] nuttcp-r: connect to 54.176.53.206 with RTT=131.002 ms af=inet
[2024-11-04T15:38:30.422657-0600] nuttcp-r: send window size = 2097152, receive window size = 6291456
[2024-11-04T15:38:30.422725-0600] nuttcp-r: available send window = 1572864, available receive window = 4718592
[2024-11-04T15:38:30.422792-0600]     0.0625 MB /   0.50 sec =    1.0484 Mbps     0 retrans
[2024-11-04T15:38:30.921206-0600]     1.1875 MB /   0.50 sec =   19.9237 Mbps     0 retrans
[2024-11-04T15:38:31.421209-0600]     0.7500 MB /   0.50 sec =   12.5835 Mbps     0 retrans
[2024-11-04T15:38:31.921166-0600]     0.8750 MB /   0.50 sec =   14.6794 Mbps     0 retrans
[2024-11-04T15:38:32.421251-0600]     1.3750 MB /   0.50 sec =   23.0678 Mbps     0 retrans
[2024-11-04T15:38:32.921240-0600]     1.4375 MB /   0.50 sec =   24.1186 Mbps     0 retrans
[2024-11-04T15:38:33.421455-0600]     1.1250 MB /   0.50 sec =   18.8720 Mbps     0 retrans
[2024-11-04T15:38:33.921225-0600]     1.9375 MB /   0.50 sec =   32.5078 Mbps     0 retrans
[2024-11-04T15:38:34.421304-0600]     1.8750 MB /   0.50 sec =   31.4546 Mbps     0 retrans
[2024-11-04T15:38:34.921155-0600]     2.1250 MB /   0.50 sec =   35.6586 Mbps     0 retrans
[2024-11-04T15:38:35.421210-0600]     2.3750 MB /   0.50 sec =   39.8451 Mbps     0 retrans
[2024-11-04T15:38:35.921252-0600]     2.5000 MB /   0.50 sec =   41.9377 Mbps     0 retrans
[2024-11-04T15:38:36.421126-0600]     2.7500 MB /   0.50 sec =   46.1435 Mbps     0 retrans
[2024-11-04T15:38:36.921246-0600]     3.0000 MB /   0.50 sec =   50.3247 Mbps     0 retrans
[2024-11-04T15:38:37.421293-0600]     2.9375 MB /   0.50 sec =   49.2818 Mbps     0 retrans
[2024-11-04T15:38:37.921175-0600]     3.7500 MB /   0.50 sec =   62.9245 Mbps     0 retrans
[2024-11-04T15:38:38.421094-0600]     3.7500 MB /   0.50 sec =   62.9190 Mbps     0 retrans
[2024-11-04T15:38:38.921185-0600]     3.9375 MB /   0.50 sec =   66.0567 Mbps     0 retrans
[2024-11-04T15:38:39.421166-0600]     3.8750 MB /   0.50 sec =   65.0121 Mbps     0 retrans
[2024-11-04T15:38:39.921234-0600]     4.5625 MB /   0.50 sec =   76.5411 Mbps     0 retrans
[2024-11-04T15:38:40.421285-0600]     4.8750 MB /   0.50 sec =   81.7801 Mbps     0 retrans
[2024-11-04T15:38:40.921166-0600]     5.6875 MB /   0.50 sec =   95.4364 Mbps     0 retrans
[2024-11-04T15:38:41.421204-0600]     5.0625 MB /   0.50 sec =   84.9336 Mbps     0 retrans
[2024-11-04T15:38:41.921131-0600]     5.0000 MB /   0.50 sec =   83.8869 Mbps     0 retrans
[2024-11-04T15:38:42.421216-0600]     7.2500 MB /   0.50 sec =  121.6290 Mbps     0 retrans
[2024-11-04T15:38:42.921158-0600]     5.0000 MB /   0.50 sec =   83.8908 Mbps     0 retrans
[2024-11-04T15:38:43.421204-0600]     3.3125 MB /   0.50 sec =   55.5735 Mbps     0 retrans
[2024-11-04T15:38:43.921233-0600]     5.9375 MB /   0.50 sec =   99.6040 Mbps     0 retrans
[2024-11-04T15:38:44.421366-0600]     7.7500 MB /   0.50 sec =  130.0356 Mbps     0 retrans
[2024-11-04T15:38:44.921254-0600]     5.7500 MB /   0.50 sec =   96.4586 Mbps     0 retrans
[2024-11-04T15:38:45.421203-0600]     4.3125 MB /   0.50 sec =   72.3607 Mbps     0 retrans
[2024-11-04T15:38:45.921166-0600]     8.4375 MB /   0.50 sec =  141.5600 Mbps     0 retrans
[2024-11-04T15:38:46.421232-0600]     8.9375 MB /   0.50 sec =  149.9278 Mbps     0 retrans
[2024-11-04T15:38:46.921181-0600]     9.6875 MB /   0.50 sec =  162.5475 Mbps     0 retrans
[2024-11-04T15:38:47.421112-0600]     9.6875 MB /   0.50 sec =  162.5387 Mbps     0 retrans
[2024-11-04T15:38:47.921164-0600]     8.6875 MB /   0.50 sec =  145.7459 Mbps     0 retrans
[2024-11-04T15:38:48.421092-0600]    11.5000 MB /   0.50 sec =  192.9472 Mbps     0 retrans
[2024-11-04T15:38:48.921237-0600]    11.6250 MB /   0.50 sec =  195.0012 Mbps     0 retrans
[2024-11-04T15:38:49.421169-0600]    11.5625 MB /   0.50 sec =  194.0087 Mbps     0 retrans
[2024-11-04T15:38:49.921207-0600]     9.1875 MB /   0.50 sec =  154.1339 Mbps     0 retrans
[2024-11-04T15:38:50.421208-0600]     9.7500 MB /   0.50 sec =  163.5841 Mbps     0 retrans
[2024-11-04T15:38:50.921165-0600]    10.8750 MB /   0.50 sec =  182.4530 Mbps     0 retrans
[2024-11-04T15:38:51.421206-0600]    10.8750 MB /   0.50 sec =  182.4508 Mbps     0 retrans
[2024-11-04T15:38:51.921165-0600]    10.6250 MB /   0.50 sec =  178.2597 Mbps     0 retrans
[2024-11-04T15:38:52.421225-0600]     6.8750 MB /   0.50 sec =  115.3408 Mbps     0 retrans
[2024-11-04T15:38:52.921141-0600]     6.1250 MB /   0.50 sec =  102.7641 Mbps     0 retrans
[2024-11-04T15:38:53.421078-0600]     7.4375 MB /   0.50 sec =  124.7860 Mbps     0 retrans
[2024-11-04T15:38:53.921237-0600]     7.3125 MB /   0.50 sec =  122.6618 Mbps     0 retrans
[2024-11-04T15:38:54.421179-0600]     7.8125 MB /   0.50 sec =  131.0883 Mbps     0 retrans
[2024-11-04T15:38:54.921163-0600]    10.8750 MB /   0.50 sec =  182.4500 Mbps     0 retrans
[2024-11-04T15:38:55.421292-0600]     7.5625 MB /   0.50 sec =  126.8546 Mbps     0 retrans
[2024-11-04T15:38:55.921215-0600]     5.6250 MB /   0.50 sec =   94.3792 Mbps     0 retrans
[2024-11-04T15:38:56.421367-0600]    12.3125 MB /   0.50 sec =  206.5637 Mbps     0 retrans
[2024-11-04T15:38:56.921191-0600]    11.6875 MB /   0.50 sec =  196.1092 Mbps     0 retrans
[2024-11-04T15:38:57.421222-0600]    11.6250 MB /   0.50 sec =  195.0312 Mbps     0 retrans
[2024-11-04T15:38:57.921169-0600]     6.6250 MB /   0.50 sec =  111.1497 Mbps     0 retrans
[2024-11-04T15:38:58.421077-0600]     4.5000 MB /   0.50 sec =   75.5044 Mbps     0 retrans
[2024-11-04T15:38:58.921151-0600]     4.3125 MB /   0.50 sec =   72.3480 Mbps     0 retrans
[2024-11-04T15:38:59.421097-0600]     6.7500 MB /   0.50 sec =  113.2514 Mbps     0 retrans
[2024-11-04T15:38:59.921114-0600]     8.1250 MB /   0.50 sec =  136.3122 Mbps     0 retrans
[2024-11-04T15:39:00.421220-0600]     6.8750 MB /   0.50 sec =  115.3371 Mbps     0 retrans
[2024-11-04T15:39:00.921172-0600]     6.1250 MB /   0.50 sec =  102.7611 Mbps     0 retrans
[2024-11-04T15:39:01.421208-0600]     4.9375 MB /   0.50 sec =   82.8365 Mbps     0 retrans
[2024-11-04T15:39:01.921229-0600]     4.2500 MB /   0.50 sec =   71.2965 Mbps     0 retrans
[2024-11-04T15:39:02.421200-0600]     4.4375 MB /   0.50 sec =   74.4572 Mbps     0 retrans
[2024-11-04T15:39:02.921173-0600]     4.9375 MB /   0.50 sec =   82.8363 Mbps     0 retrans
[2024-11-04T15:39:03.421161-0600]     5.5625 MB /   0.50 sec =   93.3251 Mbps     0 retrans
[2024-11-04T15:39:03.921093-0600]     4.6875 MB /   0.50 sec =   78.6457 Mbps     0 retrans
[2024-11-04T15:39:04.421484-0600]     7.1250 MB /   0.50 sec =  119.5095 Mbps     0 retrans
[2024-11-04T15:39:04.921126-0600]     3.6875 MB /   0.50 sec =   61.8810 Mbps     0 retrans
[2024-11-04T15:39:05.421163-0600]     5.9375 MB /   0.50 sec =   99.6117 Mbps     0 retrans
[2024-11-04T15:39:05.921365-0600]     5.6875 MB /   0.50 sec =   95.3870 Mbps     0 retrans
[2024-11-04T15:39:06.421174-0600]     3.1875 MB /   0.50 sec =   53.4950 Mbps     0 retrans
[2024-11-04T15:39:06.921178-0600]     7.0625 MB /   0.50 sec =  118.4898 Mbps     0 retrans
[2024-11-04T15:39:07.421182-0600]     5.3750 MB /   0.50 sec =   90.1772 Mbps     0 retrans
[2024-11-04T15:39:07.921173-0600]     6.4375 MB /   0.50 sec =  108.0038 Mbps     0 retrans
[2024-11-04T15:39:08.421178-0600]     8.1250 MB /   0.50 sec =  136.3138 Mbps     0 retrans
[2024-11-04T15:39:08.921232-0600]     7.2500 MB /   0.50 sec =  121.6207 Mbps     0 retrans
[2024-11-04T15:39:09.421182-0600]     7.4375 MB /   0.50 sec =  124.7955 Mbps     0 retrans
[2024-11-04T15:39:09.921243-0600]     7.4375 MB /   0.50 sec =  124.7628 Mbps     0 retrans
[2024-11-04T15:39:10.421076-0600]     8.5625 MB /   0.50 sec =  143.6848 Mbps     0 retrans
[2024-11-04T15:39:10.921237-0600]     7.3125 MB /   0.50 sec =  122.6620 Mbps     0 retrans
[2024-11-04T15:39:11.421192-0600]     8.3750 MB /   0.50 sec =  140.5258 Mbps     0 retrans
[2024-11-04T15:39:11.921238-0600]     7.7500 MB /   0.50 sec =  130.0037 Mbps     0 retrans
[2024-11-04T15:39:12.421203-0600]     8.6250 MB /   0.50 sec =  144.7226 Mbps     0 retrans
[2024-11-04T15:39:12.921191-0600]     8.6250 MB /   0.50 sec =  144.7032 Mbps     0 retrans
[2024-11-04T15:39:13.421166-0600]     5.1250 MB /   0.50 sec =   85.9855 Mbps     0 retrans
[2024-11-04T15:39:13.921090-0600]     8.7500 MB /   0.50 sec =  146.8083 Mbps     0 retrans
[2024-11-04T15:39:14.421292-0600]     7.3750 MB /   0.50 sec =  123.7062 Mbps     0 retrans
[2024-11-04T15:39:14.921233-0600]     5.0000 MB /   0.50 sec =   83.8871 Mbps     0 retrans
[2024-11-04T15:39:15.421198-0600]     7.2500 MB /   0.50 sec =  121.6499 Mbps     0 retrans
[2024-11-04T15:39:15.921223-0600]     6.4375 MB /   0.50 sec =  107.9930 Mbps     0 retrans
[2024-11-04T15:39:16.421391-0600]     5.8750 MB /   0.50 sec =   98.5537 Mbps     0 retrans
[2024-11-04T15:39:16.921244-0600]     2.6875 MB /   0.50 sec =   45.0934 Mbps     0 retrans
[2024-11-04T15:39:17.421179-0600]     7.4375 MB /   0.50 sec =  124.7968 Mbps     0 retrans
[2024-11-04T15:39:17.921269-0600]     7.7500 MB /   0.50 sec =  129.9992 Mbps     0 retrans
[2024-11-04T15:39:18.421221-0600]     7.5000 MB /   0.50 sec =  125.8482 Mbps     0 retrans
[2024-11-04T15:39:18.921154-0600]     3.8125 MB /   0.50 sec =   63.9662 Mbps     0 retrans
[2024-11-04T15:39:19.421177-0600]     4.3750 MB /   0.50 sec =   73.3991 Mbps     0 retrans
[2024-11-04T15:39:19.921181-0600]     4.3750 MB /   0.50 sec =   73.4009 Mbps     0 retrans
[2024-11-04T15:39:20.421165-0600]     4.0000 MB /   0.50 sec =   67.1082 Mbps     0 retrans
[2024-11-04T15:39:20.921190-0600]     3.5625 MB /   0.50 sec =   59.7670 Mbps     0 retrans
[2024-11-04T15:39:21.421209-0600]     4.0000 MB /   0.50 sec =   67.1106 Mbps     0 retrans
[2024-11-04T15:39:21.921176-0600]     3.6250 MB /   0.50 sec =   60.8173 Mbps     0 retrans
[2024-11-04T15:39:22.421176-0600]     4.7500 MB /   0.50 sec =   79.6915 Mbps     0 retrans
[2024-11-04T15:39:22.921181-0600]     5.8750 MB /   0.50 sec =   98.5671 Mbps     0 retrans
[2024-11-04T15:39:23.421251-0600]     5.4375 MB /   0.50 sec =   91.2143 Mbps     0 retrans
[2024-11-04T15:39:23.921373-0600]     4.1250 MB /   0.50 sec =   69.2132 Mbps     0 retrans
[2024-11-04T15:39:24.421185-0600]     6.0000 MB /   0.50 sec =  100.6663 Mbps     0 retrans
[2024-11-04T15:39:24.921119-0600]     4.6875 MB /   0.50 sec =   78.6418 Mbps     0 retrans
[2024-11-04T15:39:25.421189-0600]     4.7500 MB /   0.50 sec =   79.6932 Mbps     0 retrans
[2024-11-04T15:39:25.921206-0600]     5.5000 MB /   0.50 sec =   92.2743 Mbps     0 retrans
[2024-11-04T15:39:26.421208-0600]     5.4375 MB /   0.50 sec =   91.2217 Mbps     0 retrans
[2024-11-04T15:39:26.921173-0600]     4.6250 MB /   0.50 sec =   77.5983 Mbps     0 retrans
[2024-11-04T15:39:27.421277-0600]     1.0625 MB /   0.50 sec =   17.8224 Mbps     0 retrans
[2024-11-04T15:39:27.921239-0600]     4.3125 MB /   0.50 sec =   72.3571 Mbps     0 retrans
[2024-11-04T15:39:28.421212-0600]     5.6875 MB /   0.50 sec =   95.4294 Mbps     0 retrans
[2024-11-04T15:39:28.921171-0600]     4.4375 MB /   0.50 sec =   74.4507 Mbps     0 retrans
[2024-11-04T15:39:29.421148-0600]     5.5625 MB /   0.50 sec =   93.3253 Mbps     0 retrans
[2024-11-04T15:39:29.921180-0600]     5.8125 MB /   0.50 sec =   97.5146 Mbps     0 retrans
[2024-11-04T15:39:30.421177-0600]     4.7500 MB /   0.50 sec =   79.6923 Mbps     0 retrans
[2024-11-04T15:39:30.921183-0600]     5.1250 MB /   0.50 sec =   85.9831 Mbps     0 retrans
[2024-11-04T15:39:31.421206-0600]     5.7500 MB /   0.50 sec =   96.4595 Mbps     0 retrans
[2024-11-04T15:39:31.921255-0600]     5.2500 MB /   0.50 sec =   88.0755 Mbps     0 retrans
[2024-11-04T15:39:32.421199-0600]     2.8750 MB /   0.50 sec =   48.2415 Mbps     0 retrans
[2024-11-04T15:39:32.921168-0600]     4.9375 MB /   0.50 sec =   82.8380 Mbps     0 retrans
[2024-11-04T15:39:33.421182-0600]     5.4375 MB /   0.50 sec =   91.2263 Mbps     0 retrans
[2024-11-04T15:39:33.921314-0600]     5.6875 MB /   0.50 sec =   95.4179 Mbps     0 retrans
[2024-11-04T15:39:34.421157-0600]     6.6875 MB /   0.50 sec =  112.2019 Mbps     0 retrans
[2024-11-04T15:39:34.921180-0600]     5.1250 MB /   0.50 sec =   85.9813 Mbps     0 retrans
[2024-11-04T15:39:35.421209-0600]     4.3750 MB /   0.50 sec =   73.3997 Mbps     0 retrans
[2024-11-04T15:39:35.921316-0600]     0.3125 MB /   0.50 sec =    5.2417 Mbps     0 retrans
[2024-11-04T15:39:36.421175-0600]     6.3125 MB /   0.50 sec =  105.9318 Mbps     0 retrans
[2024-11-04T15:39:36.921194-0600]     4.1250 MB /   0.50 sec =   69.1996 Mbps     0 retrans
[2024-11-04T15:39:37.421161-0600]     4.7500 MB /   0.50 sec =   79.6986 Mbps     0 retrans
[2024-11-04T15:39:37.921255-0600]     1.7500 MB /   0.50 sec =   29.3562 Mbps     0 retrans
[2024-11-04T15:39:38.421195-0600]     5.6250 MB /   0.50 sec =   94.3830 Mbps     0 retrans
[2024-11-04T15:39:38.921228-0600]     3.7500 MB /   0.50 sec =   62.9071 Mbps     0 retrans
[2024-11-04T15:39:39.421175-0600]     4.8125 MB /   0.50 sec =   80.7513 Mbps     0 retrans
[2024-11-04T15:39:39.921162-0600]     4.3125 MB /   0.50 sec =   72.3520 Mbps     0 retrans
[2024-11-04T15:39:40.421162-0600]     6.7500 MB /   0.50 sec =  113.2460 Mbps     0 retrans
[2024-11-04T15:39:40.921177-0600]     5.6250 MB /   0.50 sec =   94.3709 Mbps     0 retrans
[2024-11-04T15:39:41.421125-0600]     6.2500 MB /   0.50 sec =  104.8595 Mbps     0 retrans
[2024-11-04T15:39:41.921110-0600]     7.0625 MB /   0.50 sec =  118.4912 Mbps     0 retrans
[2024-11-04T15:39:42.421247-0600]     4.7500 MB /   0.50 sec =   79.6870 Mbps     0 retrans
[2024-11-04T15:39:42.921467-0600]     2.8750 MB /   0.50 sec =   48.2343 Mbps     0 retrans
[2024-11-04T15:39:43.421198-0600]     6.3750 MB /   0.50 sec =  106.9524 Mbps     0 retrans
[2024-11-04T15:39:43.921152-0600]     3.6875 MB /   0.50 sec =   61.8677 Mbps     0 retrans
[2024-11-04T15:39:44.421204-0600]     4.3750 MB /   0.50 sec =   73.4011 Mbps     0 retrans
[2024-11-04T15:39:44.921181-0600]     4.0000 MB /   0.50 sec =   67.1082 Mbps     0 retrans
[2024-11-04T15:39:45.421121-0600]     4.3125 MB /   0.50 sec =   72.3565 Mbps     0 retrans
[2024-11-04T15:39:45.921228-0600]     4.0625 MB /   0.50 sec =   68.1479 Mbps     0 retrans
[2024-11-04T15:39:46.421248-0600]     4.1875 MB /   0.50 sec =   70.2587 Mbps     0 retrans
[2024-11-04T15:39:46.921228-0600]     5.0000 MB /   0.50 sec =   83.8779 Mbps     0 retrans
[2024-11-04T15:39:47.421441-0600]     5.3750 MB /   0.50 sec =   90.1801 Mbps     0 retrans
[2024-11-04T15:39:47.921310-0600]     3.3750 MB /   0.50 sec =   56.6213 Mbps     0 retrans
[2024-11-04T15:39:48.421380-0600]     1.4375 MB /   0.50 sec =   24.1138 Mbps     0 retrans
[2024-11-04T15:39:48.921159-0600]     2.8125 MB /   0.50 sec =   47.1992 Mbps     0 retrans
[2024-11-04T15:39:49.421106-0600]     4.1875 MB /   0.50 sec =   70.2588 Mbps     0 retrans
[2024-11-04T15:39:49.921224-0600]     4.5625 MB /   0.50 sec =   76.5314 Mbps     0 retrans
[2024-11-04T15:39:50.421139-0600]     4.3750 MB /   0.50 sec =   73.4087 Mbps     0 retrans
[2024-11-04T15:39:50.921387-0600]     3.2500 MB /   0.50 sec =   54.5075 Mbps     0 retrans
[2024-11-04T15:39:51.421119-0600]     3.8125 MB /   0.50 sec =   63.9869 Mbps     0 retrans
[2024-11-04T15:39:51.921152-0600]     3.4375 MB /   0.50 sec =   57.6686 Mbps     0 retrans
[2024-11-04T15:39:52.421245-0600]     3.2500 MB /   0.50 sec =   54.5242 Mbps     0 retrans
[2024-11-04T15:39:52.921224-0600]     4.0625 MB /   0.50 sec =   68.1584 Mbps     0 retrans
[2024-11-04T15:39:53.421362-0600]     4.2500 MB /   0.50 sec =   71.3032 Mbps     0 retrans
[2024-11-04T15:39:53.921133-0600]     4.0000 MB /   0.50 sec =   67.1142 Mbps     0 retrans
[2024-11-04T15:39:54.421196-0600]     3.5625 MB /   0.50 sec =   59.7651 Mbps     0 retrans
[2024-11-04T15:39:54.921153-0600]     4.0625 MB /   0.50 sec =   68.1588 Mbps     0 retrans
[2024-11-04T15:39:55.421248-0600]     3.5000 MB /   0.50 sec =   58.7184 Mbps     0 retrans
[2024-11-04T15:39:55.921208-0600]     2.3125 MB /   0.50 sec =   38.7938 Mbps     0 retrans
[2024-11-04T15:39:56.421262-0600]     3.7500 MB /   0.50 sec =   62.9188 Mbps     0 retrans
[2024-11-04T15:39:56.921249-0600]     4.0000 MB /   0.50 sec =   67.1102 Mbps     0 retrans
[2024-11-04T15:39:57.421104-0600]     4.5000 MB /   0.50 sec =   75.5064 Mbps     0 retrans
[2024-11-04T15:39:57.921145-0600]     4.1875 MB /   0.50 sec =   70.2504 Mbps     0 retrans
[2024-11-04T15:39:58.421285-0600]     4.6250 MB /   0.50 sec =   77.5858 Mbps     0 retrans
[2024-11-04T15:39:58.921342-0600]     1.2500 MB /   0.50 sec =   20.9672 Mbps     0 retrans
[2024-11-04T15:39:59.421264-0600]     3.5625 MB /   0.50 sec =   59.7883 Mbps     0 retrans
[2024-11-04T15:39:59.921221-0600]     5.0625 MB /   0.50 sec =   84.9309 Mbps     0 retrans
[2024-11-04T15:40:00.421138-0600]     5.3125 MB /   0.50 sec =   89.1327 Mbps     0 retrans
[2024-11-04T15:40:00.921204-0600]     5.6875 MB /   0.50 sec =   95.4124 Mbps     0 retrans
[2024-11-04T15:40:01.421419-0600]     5.2500 MB /   0.50 sec =   88.0746 Mbps     0 retrans
[2024-11-04T15:40:01.921261-0600]     4.5000 MB /   0.50 sec =   75.5077 Mbps     0 retrans
[2024-11-04T15:40:02.421160-0600]     4.8750 MB /   0.50 sec =   81.7860 Mbps     0 retrans
[2024-11-04T15:40:02.921155-0600]     5.5625 MB /   0.50 sec =   93.3253 Mbps     0 retrans
[2024-11-04T15:40:03.421272-0600]     5.6875 MB /   0.50 sec =   95.4130 Mbps     0 retrans
[2024-11-04T15:40:03.921260-0600]     6.3125 MB /   0.50 sec =  105.9034 Mbps     0 retrans
[2024-11-04T15:40:04.421338-0600]     5.5625 MB /   0.50 sec =   93.3298 Mbps     0 retrans
[2024-11-04T15:40:04.921134-0600]     5.3750 MB /   0.50 sec =   90.1837 Mbps     0 retrans
[2024-11-04T15:40:05.421294-0600]     5.1250 MB /   0.50 sec =   85.9712 Mbps     0 retrans
[2024-11-04T15:40:05.921238-0600]     5.1250 MB /   0.50 sec =   85.9918 Mbps     0 retrans
[2024-11-04T15:40:06.421206-0600]     4.6875 MB /   0.50 sec =   78.6462 Mbps     0 retrans
[2024-11-04T15:40:06.921193-0600]     4.8125 MB /   0.50 sec =   80.7368 Mbps     0 retrans
[2024-11-04T15:40:07.421192-0600]     5.0625 MB /   0.50 sec =   84.9369 Mbps     0 retrans
[2024-11-04T15:40:07.921232-0600]     4.7500 MB /   0.50 sec =   79.6840 Mbps     0 retrans
[2024-11-04T15:40:08.421142-0600]     6.0625 MB /   0.50 sec =  101.7227 Mbps     0 retrans
[2024-11-04T15:40:08.921251-0600]     5.1250 MB /   0.50 sec =   85.9755 Mbps     0 retrans
[2024-11-04T15:40:09.421234-0600]     5.4375 MB /   0.50 sec =   91.2340 Mbps     0 retrans
[2024-11-04T15:40:09.921259-0600]     3.5625 MB /   0.50 sec =   59.7614 Mbps     0 retrans
[2024-11-04T15:40:10.421237-0600]     4.2500 MB /   0.50 sec =   71.3107 Mbps     0 retrans
[2024-11-04T15:40:10.921154-0600]     3.3125 MB /   0.50 sec =   55.5740 Mbps     0 retrans
[2024-11-04T15:40:11.421512-0600]     3.8125 MB /   0.50 sec =   63.9599 Mbps     0 retrans
[2024-11-04T15:40:11.921323-0600]     5.5000 MB /   0.50 sec =   92.2677 Mbps     0 retrans
[2024-11-04T15:40:12.421251-0600]     4.8750 MB /   0.50 sec =   81.7945 Mbps     0 retrans
[2024-11-04T15:40:12.921125-0600]     3.3750 MB /   0.50 sec =   56.6293 Mbps     0 retrans
[2024-11-04T15:40:13.421146-0600]     3.1875 MB /   0.50 sec =   53.4769 Mbps     0 retrans
[2024-11-04T15:40:13.921189-0600]     4.7500 MB /   0.50 sec =   79.6916 Mbps     0 retrans
[2024-11-04T15:40:14.421219-0600]     4.8750 MB /   0.50 sec =   81.7829 Mbps     0 retrans
[2024-11-04T15:40:14.921116-0600]     4.2500 MB /   0.50 sec =   71.3103 Mbps     0 retrans
[2024-11-04T15:40:15.421397-0600]     4.0625 MB /   0.50 sec =   68.1371 Mbps     0 retrans
[2024-11-04T15:40:15.921178-0600]     4.3125 MB /   0.50 sec =   72.3707 Mbps     0 retrans
[2024-11-04T15:40:16.421228-0600]     5.1250 MB /   0.50 sec =   85.9745 Mbps     0 retrans
[2024-11-04T15:40:16.921262-0600]     4.2500 MB /   0.50 sec =   71.3025 Mbps     0 retrans
[2024-11-04T15:40:17.421309-0600]     5.0625 MB /   0.50 sec =   84.9275 Mbps     0 retrans
[2024-11-04T15:40:17.921211-0600]     3.3750 MB /   0.50 sec =   56.6318 Mbps     0 retrans
[2024-11-04T15:40:18.421278-0600]     4.0000 MB /   0.50 sec =   67.1050 Mbps     0 retrans
[2024-11-04T15:40:18.921276-0600]     1.3125 MB /   0.50 sec =   22.0187 Mbps     0 retrans
[2024-11-04T15:40:19.421202-0600]     4.3125 MB /   0.50 sec =   72.3604 Mbps     0 retrans
[2024-11-04T15:40:19.921129-0600]     4.1250 MB /   0.50 sec =   69.2110 Mbps     0 retrans
[2024-11-04T15:40:20.421184-0600]     3.6250 MB /   0.50 sec =   60.8142 Mbps     0 retrans
[2024-11-04T15:40:20.921350-0600]     3.6875 MB /   0.50 sec =   61.8482 Mbps     0 retrans
[2024-11-04T15:40:21.421243-0600]     3.9375 MB /   0.50 sec =   66.0795 Mbps     0 retrans
[2024-11-04T15:40:21.921170-0600]     4.1250 MB /   0.50 sec =   69.2077 Mbps     0 retrans
[2024-11-04T15:40:22.421222-0600]     4.8125 MB /   0.50 sec =   80.7332 Mbps     0 retrans
[2024-11-04T15:40:22.921317-0600]     4.7500 MB /   0.50 sec =   79.6908 Mbps     0 retrans
[2024-11-04T15:40:23.421214-0600]     4.8750 MB /   0.50 sec =   81.7894 Mbps     0 retrans
[2024-11-04T15:40:23.921222-0600]     4.8750 MB /   0.50 sec =   81.7912 Mbps     0 retrans
[2024-11-04T15:40:24.421241-0600]     3.6250 MB /   0.50 sec =   60.8151 Mbps     0 retrans
[2024-11-04T15:40:24.921198-0600]     3.5000 MB /   0.50 sec =   58.7235 Mbps     0 retrans
[2024-11-04T15:40:25.421275-0600]     4.7500 MB /   0.50 sec =   79.6836 Mbps     0 retrans
[2024-11-04T15:40:25.921229-0600]     4.4375 MB /   0.50 sec =   74.4519 Mbps     0 retrans
[2024-11-04T15:40:26.421263-0600]     3.9375 MB /   0.50 sec =   66.0578 Mbps     0 retrans
[2024-11-04T15:40:26.921171-0600]     2.9375 MB /   0.50 sec =   49.2903 Mbps     0 retrans
[2024-11-04T15:40:27.421222-0600]     3.0625 MB /   0.50 sec =   51.3752 Mbps     0 retrans
[2024-11-04T15:40:27.921251-0600]     4.5000 MB /   0.50 sec =   75.4973 Mbps     0 retrans
[2024-11-04T15:40:28.421187-0600]     4.3125 MB /   0.50 sec =   72.3585 Mbps     0 retrans
[2024-11-04T15:40:28.921143-0600]     2.8125 MB /   0.50 sec =   47.1883 Mbps     0 retrans
[2024-11-04T15:40:29.421260-0600]     1.4375 MB /   0.50 sec =   24.1135 Mbps     0 retrans
[2024-11-04T15:40:29.921223-0600]     4.3125 MB /   0.50 sec =   72.3578 Mbps     0 retrans
End time: 1730756430184
