Start time: 1730756647026
[2024-11-04T15:44:12.098843-0600] traceroute to 54.176.53.206 (54.176.53.206), 30 hops max, 60 byte packets
[2024-11-04T15:44:12.099529-0600]  1  * * *
[2024-11-04T15:44:12.099582-0600]  2  * * *
[2024-11-04T15:44:12.099621-0600]  3  * * *
[2024-11-04T15:44:12.099659-0600]  4  * * *
[2024-11-04T15:44:12.099696-0600]  5  * * *
[2024-11-04T15:44:17.106376-0600]  6  * * *
[2024-11-04T15:44:17.106801-0600]  7  * * *
[2024-11-04T15:44:17.106913-0600]  8  * * *
[2024-11-04T15:44:17.106992-0600]  9  * * *
[2024-11-04T15:44:17.119241-0600] 10  * * *
[2024-11-04T15:44:22.114231-0600] 11  * * *
[2024-11-04T15:44:22.114612-0600] 12  * * *
[2024-11-04T15:44:22.123148-0600] 13  * * *
[2024-11-04T15:44:22.123288-0600] 14  * * *
[2024-11-04T15:44:22.123397-0600] 15  * * *
[2024-11-04T15:44:27.121471-0600] 16  * * *
[2024-11-04T15:44:27.121833-0600] 17  * * *
[2024-11-04T15:44:27.125840-0600] 18  * * *
[2024-11-04T15:44:27.128359-0600] 19  * * *
[2024-11-04T15:44:27.131457-0600] 20  * * *
[2024-11-04T15:44:27.135784-0600] 21  * * *
[2024-11-04T15:44:32.128841-0600] 22  * * *
[2024-11-04T15:44:32.129251-0600] 23  * * *
[2024-11-04T15:44:32.137481-0600] 24  * * *
[2024-11-04T15:44:32.137750-0600] 25  * * *
[2024-11-04T15:44:32.137848-0600] 26  * * *
[2024-11-04T15:44:37.088632-0600] 27  * *End time: 1730756677147
