Start time: 1745177968732
Connecting to host 34.86.116.81, port 5209
Reverse mode, remote host 34.86.116.81 is sending
[  5] local 192.0.0.2 port 59678 connected to 34.86.116.81 port 5209
[ ID] Interval           Transfer     Bitrate
[  5]   0.00-0.10   sec  26.6 KBytes  2.18 Mbits/sec                  
[  5]   0.10-0.20   sec  36.0 KBytes  2.95 Mbits/sec                  
[  5]   0.20-0.30   sec  78.6 KBytes  6.44 Mbits/sec                  
[  5]   0.30-0.40   sec  81.3 KBytes  6.66 Mbits/sec                  
[  5]   0.40-0.50   sec  53.3 KBytes  4.37 Mbits/sec                  
[  5]   0.50-0.60   sec  46.6 KBytes  3.82 Mbits/sec                  
[  5]   0.60-0.70   sec  37.3 KBytes  3.05 Mbits/sec                  
[  5]   0.70-0.80   sec  29.3 KBytes  2.40 Mbits/sec                  
[  5]   0.80-0.90   sec  57.3 KBytes  4.69 Mbits/sec                  
[  5]   0.90-1.00   sec  70.6 KBytes  5.79 Mbits/sec                  
[  5]   1.00-1.10   sec  83.9 KBytes  6.87 Mbits/sec                  
[  5]   1.10-1.20   sec  70.6 KBytes  5.78 Mbits/sec                  
[  5]   1.20-1.30   sec  73.3 KBytes  6.01 Mbits/sec                  
[  5]   1.30-1.40   sec  49.3 KBytes  4.04 Mbits/sec                  
[  5]   1.40-1.50   sec  51.9 KBytes  4.26 Mbits/sec                  
[  5]   1.50-1.60   sec  42.6 KBytes  3.49 Mbits/sec                  
[  5]   1.60-1.70   sec  50.6 KBytes  4.15 Mbits/sec                  
[  5]   1.70-1.80   sec  44.0 KBytes  3.60 Mbits/sec                  
[  5]   1.80-1.90   sec  29.3 KBytes  2.40 Mbits/sec                  
[  5]   1.90-2.00   sec  41.3 KBytes  3.38 Mbits/sec                  
[  5]   2.00-2.10   sec  44.0 KBytes  3.60 Mbits/sec                  
[  5]   2.10-2.20   sec   119 KBytes  9.71 Mbits/sec                  
[  5]   2.20-2.30   sec   116 KBytes  9.48 Mbits/sec                  
[  5]   2.30-2.40   sec  44.0 KBytes  3.60 Mbits/sec                  
[  5]   2.40-2.50   sec  54.6 KBytes  4.48 Mbits/sec                  
[  5]   2.50-2.60   sec   101 KBytes  8.29 Mbits/sec                  
[  5]   2.60-2.70   sec   115 KBytes  9.39 Mbits/sec                  
[  5]   2.70-2.80   sec  89.2 KBytes  7.31 Mbits/sec                  
[  5]   2.80-2.90   sec  94.6 KBytes  7.75 Mbits/sec                  
[  5]   2.90-3.00   sec  94.6 KBytes  7.75 Mbits/sec                  
[  5]   3.00-3.10   sec  42.6 KBytes  3.49 Mbits/sec                  
[  5]   3.10-3.20   sec  14.7 KBytes  1.20 Mbits/sec                  
[  5]   3.20-3.30   sec  24.0 KBytes  1.96 Mbits/sec                  
[  5]   3.30-3.40   sec  10.7 KBytes   873 Kbits/sec                  
[  5]   3.40-3.50   sec  21.3 KBytes  1.75 Mbits/sec                  
[  5]   3.50-3.60   sec  17.3 KBytes  1.42 Mbits/sec                  
[  5]   3.60-3.70   sec  10.7 KBytes   872 Kbits/sec                  
[  5]   3.70-3.80   sec  0.00 Bytes  0.00 bits/sec                  
[  5]   3.80-3.90   sec  0.00 Bytes  0.00 bits/sec                  
[  5]   3.90-4.00   sec  28.0 KBytes  2.29 Mbits/sec                  
[  5]   4.00-4.10   sec   198 KBytes  16.3 Mbits/sec                  
[  5]   4.10-4.20   sec  21.3 KBytes  1.74 Mbits/sec                  
[  5]   4.20-4.30   sec  20.0 KBytes  1.64 Mbits/sec                  
[  5]   4.30-4.40   sec  10.7 KBytes   873 Kbits/sec                  
[  5]   4.40-4.50   sec  0.00 Bytes  0.00 bits/sec                  
[  5]   4.50-4.60   sec  0.00 Bytes  0.00 bits/sec                  
[  5]   4.60-4.70   sec  0.00 Bytes  0.00 bits/sec                  
[  5]   4.70-4.80   sec  0.00 Bytes  0.00 bits/sec                  
[  5]   4.80-4.90   sec  0.00 Bytes  0.00 bits/sec                  
[  5]   4.90-5.00   sec  30.6 KBytes  2.51 Mbits/sec                  
- - - - - - - - - - - - - - - - - - - - - - - - -
[ ID] Interval           Transfer     Bitrate         Retr
[  5]   0.00-5.09   sec   279 MBytes   460 Mbits/sec   27             sender
[  5]   0.00-5.00   sec  2.32 MBytes  3.89 Mbits/sec                  receiver

iperf Done.
End time: 1745177976138
