Start time: 1730604748144
[2024-11-02T21:32:29.147907-0600] nuttcp-r: v8.1.4: socket
[2024-11-02T21:32:29.148477-0600] nuttcp-r: buflen=65536, nstream=1, port=5379 tcp
[2024-11-02T21:32:29.148515-0600] nuttcp-r: interval reporting every 0.50 seconds
[2024-11-02T21:32:29.148541-0600] nuttcp-r: connect to 54.176.53.206 with RTT=48.438 ms af=inet
[2024-11-02T21:32:29.148566-0600] nuttcp-r: send window size = 2097152, receive window size = 6291456
[2024-11-02T21:32:29.148590-0600] nuttcp-r: available send window = 1572864, available receive window = 4718592
[2024-11-02T21:32:29.148614-0600]     1.1250 MB /   0.50 sec =   18.8729 Mbps     0 retrans
[2024-11-02T21:32:29.647834-0600]     9.3750 MB /   0.50 sec =  157.2895 Mbps     0 retrans
[2024-11-02T21:32:30.148490-0600]    14.0625 MB /   0.50 sec =  235.6741 Mbps     0 retrans
[2024-11-02T21:32:30.648537-0600]    12.9375 MB /   0.50 sec =  217.2399 Mbps     0 retrans
[2024-11-02T21:32:31.147936-0600]    14.2500 MB /   0.50 sec =  239.1179 Mbps     0 retrans
[2024-11-02T21:32:31.648319-0600]    18.0000 MB /   0.50 sec =  302.0014 Mbps     0 retrans
[2024-11-02T21:32:32.147954-0600]    20.5625 MB /   0.50 sec =  344.9629 Mbps     0 retrans
[2024-11-02T21:32:32.647930-0600]    20.3125 MB /   0.50 sec =  340.7892 Mbps     0 retrans
[2024-11-02T21:32:33.147961-0600]    23.5625 MB /   0.50 sec =  395.2973 Mbps     0 retrans
[2024-11-02T21:32:33.647814-0600]    22.2500 MB /   0.50 sec =  373.3416 Mbps     0 retrans
[2024-11-02T21:32:34.148134-0600]    19.0000 MB /   0.50 sec =  318.6492 Mbps     0 retrans
[2024-11-02T21:32:34.647925-0600]    23.0625 MB /   0.50 sec =  387.0352 Mbps     0 retrans
[2024-11-02T21:32:35.147896-0600]    25.3750 MB /   0.50 sec =  425.7414 Mbps     0 retrans
[2024-11-02T21:32:35.647919-0600]    20.9375 MB /   0.50 sec =  351.2617 Mbps     0 retrans
[2024-11-02T21:32:36.147948-0600]    25.5000 MB /   0.50 sec =  427.8036 Mbps     0 retrans
[2024-11-02T21:32:36.647985-0600]    22.5625 MB /   0.50 sec =  378.5110 Mbps     0 retrans
[2024-11-02T21:32:37.148063-0600]    24.5000 MB /   0.50 sec =  410.9859 Mbps     0 retrans
[2024-11-02T21:32:37.647991-0600]    27.7500 MB /   0.50 sec =  465.6516 Mbps     0 retrans
[2024-11-02T21:32:38.148557-0600]    25.8125 MB /   0.50 sec =  432.6716 Mbps     0 retrans
[2024-11-02T21:32:38.648062-0600]    31.5625 MB /   0.50 sec =  529.9432 Mbps     0 retrans
[2024-11-02T21:32:39.148040-0600]    17.6250 MB /   0.50 sec =  295.7310 Mbps     0 retrans
[2024-11-02T21:32:39.648024-0600]    24.4375 MB /   0.50 sec =  409.9555 Mbps     0 retrans
[2024-11-02T21:32:40.147969-0600]    15.5625 MB /   0.50 sec =  261.1090 Mbps     0 retrans
[2024-11-02T21:32:40.648143-0600]    19.0000 MB /   0.50 sec =  318.7078 Mbps     0 retrans
[2024-11-02T21:32:41.147940-0600]     8.2500 MB /   0.50 sec =  138.4464 Mbps     0 retrans
[2024-11-02T21:32:41.649046-0600]    14.6875 MB /   0.50 sec =  245.8901 Mbps     0 retrans
[2024-11-02T21:32:42.147951-0600]    21.4375 MB /   0.50 sec =  360.4358 Mbps     0 retrans
[2024-11-02T21:32:42.647912-0600]     6.7500 MB /   0.50 sec =  113.2503 Mbps     0 retrans
[2024-11-02T21:32:43.148224-0600]    14.0000 MB /   0.50 sec =  234.7749 Mbps     0 retrans
[2024-11-02T21:32:43.649020-0600]     8.7500 MB /   0.50 sec =  146.5591 Mbps     0 retrans
[2024-11-02T21:32:44.147923-0600]    13.6875 MB /   0.50 sec =  230.1163 Mbps     0 retrans
[2024-11-02T21:32:44.647982-0600]    14.9375 MB /   0.50 sec =  250.5706 Mbps     0 retrans
[2024-11-02T21:32:45.148028-0600]    17.6875 MB /   0.50 sec =  296.7512 Mbps     0 retrans
[2024-11-02T21:32:45.647916-0600]    19.0000 MB /   0.50 sec =  318.8188 Mbps     0 retrans
[2024-11-02T21:32:46.147965-0600]    19.9375 MB /   0.50 sec =  334.4777 Mbps     0 retrans
[2024-11-02T21:32:46.647969-0600]    18.8750 MB /   0.50 sec =  316.6814 Mbps     0 retrans
[2024-11-02T21:32:47.148082-0600]    22.5625 MB /   0.50 sec =  378.4398 Mbps     0 retrans
[2024-11-02T21:32:47.647961-0600]    24.6250 MB /   0.50 sec =  413.2356 Mbps     0 retrans
[2024-11-02T21:32:48.147983-0600]    22.7500 MB /   0.50 sec =  381.6885 Mbps     0 retrans
[2024-11-02T21:32:48.648141-0600]    21.5000 MB /   0.50 sec =  360.6640 Mbps     0 retrans
[2024-11-02T21:32:49.147918-0600]    20.4375 MB /   0.50 sec =  342.9344 Mbps     0 retrans
[2024-11-02T21:32:49.648083-0600]    20.1250 MB /   0.50 sec =  337.5476 Mbps     0 retrans
[2024-11-02T21:32:50.147851-0600]    19.1875 MB /   0.50 sec =  322.0165 Mbps     0 retrans
[2024-11-02T21:32:50.648480-0600]    22.1250 MB /   0.50 sec =  370.8355 Mbps     0 retrans
[2024-11-02T21:32:51.147903-0600]    22.4375 MB /   0.50 sec =  376.7832 Mbps     0 retrans
[2024-11-02T21:32:51.648485-0600]    17.5625 MB /   0.50 sec =  294.4161 Mbps     0 retrans
[2024-11-02T21:32:52.148453-0600]    21.1250 MB /   0.50 sec =  354.3896 Mbps     0 retrans
[2024-11-02T21:32:52.647959-0600]    22.7500 MB /   0.50 sec =  382.0140 Mbps     0 retrans
[2024-11-02T21:32:53.147958-0600]    21.0000 MB /   0.50 sec =  352.3208 Mbps     0 retrans
[2024-11-02T21:32:53.648565-0600]    15.0000 MB /   0.50 sec =  251.6467 Mbps     0 retrans
[2024-11-02T21:32:54.147967-0600]    14.6250 MB /   0.50 sec =  245.3678 Mbps     0 retrans
[2024-11-02T21:32:54.648177-0600]     8.5625 MB /   0.50 sec =  143.6078 Mbps     0 retrans
[2024-11-02T21:32:55.147899-0600]    28.0625 MB /   0.50 sec =  470.9990 Mbps     0 retrans
[2024-11-02T21:32:55.647998-0600]    10.6875 MB /   0.50 sec =  179.3112 Mbps     0 retrans
[2024-11-02T21:32:56.148466-0600]    15.4375 MB /   0.50 sec =  258.7571 Mbps     0 retrans
[2024-11-02T21:32:56.648064-0600]    16.6875 MB /   0.50 sec =  280.1581 Mbps     0 retrans
[2024-11-02T21:32:57.148274-0600]    21.7500 MB /   0.50 sec =  364.9417 Mbps     0 retrans
[2024-11-02T21:32:57.648025-0600]    21.1250 MB /   0.50 sec =  354.4102 Mbps     0 retrans
[2024-11-02T21:32:58.147959-0600]    20.2500 MB /   0.50 sec =  339.7434 Mbps     0 retrans
[2024-11-02T21:32:58.648158-0600]     9.3125 MB /   0.50 sec =  156.2025 Mbps     0 retrans
[2024-11-02T21:32:59.148153-0600]    19.3125 MB /   0.50 sec =  324.0242 Mbps     0 retrans
[2024-11-02T21:32:59.647946-0600]    19.4375 MB /   0.50 sec =  326.1913 Mbps     0 retrans
[2024-11-02T21:33:00.147901-0600]    17.0000 MB /   0.50 sec =  285.2349 Mbps     0 retrans
[2024-11-02T21:33:00.648497-0600]    15.1250 MB /   0.50 sec =  253.5146 Mbps     0 retrans
[2024-11-02T21:33:01.148147-0600]    17.7500 MB /   0.50 sec =  298.0817 Mbps     0 retrans
[2024-11-02T21:33:01.648359-0600]    20.5000 MB /   0.50 sec =  343.6436 Mbps     0 retrans
[2024-11-02T21:33:02.148025-0600]    20.9375 MB /   0.50 sec =  351.5021 Mbps     0 retrans
[2024-11-02T21:33:02.647960-0600]    23.3125 MB /   0.50 sec =  391.1634 Mbps     0 retrans
[2024-11-02T21:33:03.147967-0600]    22.8125 MB /   0.50 sec =  382.7325 Mbps     0 retrans
[2024-11-02T21:33:03.648034-0600]    25.1875 MB /   0.50 sec =  422.5229 Mbps     0 retrans
[2024-11-02T21:33:04.148117-0600]    23.5625 MB /   0.50 sec =  395.3440 Mbps     0 retrans
[2024-11-02T21:33:04.647969-0600]    25.5625 MB /   0.50 sec =  428.9010 Mbps     0 retrans
[2024-11-02T21:33:05.147836-0600]    22.5000 MB /   0.50 sec =  377.5138 Mbps     0 retrans
[2024-11-02T21:33:05.648060-0600]    24.6250 MB /   0.50 sec =  413.1456 Mbps     0 retrans
[2024-11-02T21:33:06.147992-0600]    25.2500 MB /   0.50 sec =  423.5646 Mbps     0 retrans
[2024-11-02T21:33:06.648304-0600]    19.5000 MB /   0.50 sec =  327.0151 Mbps     0 retrans
[2024-11-02T21:33:07.148871-0600]    27.1875 MB /   0.50 sec =  455.7068 Mbps     0 retrans
[2024-11-02T21:33:07.647941-0600]    23.3750 MB /   0.50 sec =  392.7157 Mbps     0 retrans
[2024-11-02T21:33:08.147963-0600]    28.2500 MB /   0.50 sec =  473.9582 Mbps     0 retrans
[2024-11-02T21:33:08.647958-0600]    17.8125 MB /   0.50 sec =  298.8448 Mbps     0 retrans
[2024-11-02T21:33:09.148074-0600]    16.6250 MB /   0.50 sec =  278.8537 Mbps     0 retrans
[2024-11-02T21:33:09.648521-0600]    19.6250 MB /   0.50 sec =  329.0140 Mbps     0 retrans
[2024-11-02T21:33:10.148807-0600]    19.2500 MB /   0.50 sec =  323.0176 Mbps     0 retrans
[2024-11-02T21:33:10.647926-0600]    18.3125 MB /   0.50 sec =  307.4781 Mbps     0 retrans
[2024-11-02T21:33:11.148009-0600]    20.4375 MB /   0.50 sec =  342.9186 Mbps     0 retrans
[2024-11-02T21:33:11.648057-0600]    11.3125 MB /   0.50 sec =  189.7406 Mbps     0 retrans
[2024-11-02T21:33:12.148016-0600]    25.3125 MB /   0.50 sec =  424.7438 Mbps     0 retrans
[2024-11-02T21:33:12.648127-0600]    13.8750 MB /   0.50 sec =  232.7187 Mbps     0 retrans
[2024-11-02T21:33:13.148295-0600]    23.4375 MB /   0.50 sec =  393.3104 Mbps     0 retrans
[2024-11-02T21:33:13.649317-0600]    17.6250 MB /   0.50 sec =  294.9163 Mbps     0 retrans
[2024-11-02T21:33:14.147952-0600]    11.8125 MB /   0.50 sec =  198.7106 Mbps     0 retrans
[2024-11-02T21:33:14.648071-0600]    20.7500 MB /   0.50 sec =  348.0750 Mbps     0 retrans
[2024-11-02T21:33:15.148127-0600]    25.5625 MB /   0.50 sec =  428.7887 Mbps     0 retrans
[2024-11-02T21:33:15.648251-0600]    23.3125 MB /   0.50 sec =  391.2307 Mbps     0 retrans
[2024-11-02T21:33:16.147936-0600]    30.3125 MB /   0.50 sec =  508.6041 Mbps     0 retrans
[2024-11-02T21:33:16.647890-0600]    28.2500 MB /   0.50 sec =  473.9895 Mbps     0 retrans
[2024-11-02T21:33:17.147925-0600]    27.2500 MB /   0.50 sec =  457.1627 Mbps     0 retrans
[2024-11-02T21:33:17.648156-0600]    31.3125 MB /   0.50 sec =  525.3187 Mbps     0 retrans
[2024-11-02T21:33:18.147892-0600]    26.1875 MB /   0.50 sec =  439.3648 Mbps     0 retrans
[2024-11-02T21:33:18.648458-0600]    15.3125 MB /   0.50 sec =  256.6660 Mbps     0 retrans
[2024-11-02T21:33:19.148010-0600]    33.5625 MB /   0.50 sec =  563.6106 Mbps     0 retrans
[2024-11-02T21:33:19.647914-0600]    30.0000 MB /   0.50 sec =  503.3074 Mbps     0 retrans
[2024-11-02T21:33:20.148003-0600]    30.0000 MB /   0.50 sec =  503.2470 Mbps     0 retrans
[2024-11-02T21:33:20.647975-0600]    31.4375 MB /   0.50 sec =  527.4833 Mbps     0 retrans
[2024-11-02T21:33:21.147961-0600]    32.3125 MB /   0.50 sec =  542.1268 Mbps     0 retrans
[2024-11-02T21:33:21.648470-0600]    24.0000 MB /   0.50 sec =  402.5896 Mbps     0 retrans
[2024-11-02T21:33:22.148012-0600]    31.2500 MB /   0.50 sec =  524.4055 Mbps     0 retrans
[2024-11-02T21:33:22.647976-0600]    20.7500 MB /   0.50 sec =  348.0994 Mbps     0 retrans
[2024-11-02T21:33:23.147982-0600]    27.8750 MB /   0.50 sec =  467.6967 Mbps     0 retrans
[2024-11-02T21:33:23.647951-0600]    34.1875 MB /   0.50 sec =  573.5447 Mbps     0 retrans
[2024-11-02T21:33:24.148018-0600]    36.8750 MB /   0.50 sec =  618.6425 Mbps     0 retrans
[2024-11-02T21:33:24.647967-0600]    29.5000 MB /   0.50 sec =  494.8932 Mbps     0 retrans
[2024-11-02T21:33:25.148282-0600]    35.5000 MB /   0.50 sec =  595.6412 Mbps     0 retrans
[2024-11-02T21:33:25.647935-0600]    25.0625 MB /   0.50 sec =  420.4815 Mbps     0 retrans
[2024-11-02T21:33:26.148040-0600]    14.2500 MB /   0.50 sec =  239.0667 Mbps     0 retrans
[2024-11-02T21:33:26.648003-0600]    26.8125 MB /   0.50 sec =  449.8121 Mbps     0 retrans
[2024-11-02T21:33:27.147920-0600]    26.9375 MB /   0.50 sec =  451.9815 Mbps     0 retrans
[2024-11-02T21:33:27.647989-0600]    25.8750 MB /   0.50 sec =  434.1382 Mbps     0 retrans
[2024-11-02T21:33:28.147944-0600]    25.0000 MB /   0.50 sec =  419.4044 Mbps     0 retrans
[2024-11-02T21:33:28.648141-0600]    19.5000 MB /   0.50 sec =  327.1151 Mbps     0 retrans
[2024-11-02T21:33:29.147994-0600]    22.3750 MB /   0.50 sec =  375.4413 Mbps     0 retrans
[2024-11-02T21:33:29.647959-0600]    22.4375 MB /   0.50 sec =  376.4252 Mbps     0 retrans
[2024-11-02T21:33:30.148352-0600]    24.8750 MB /   0.50 sec =  417.2990 Mbps     0 retrans
[2024-11-02T21:33:30.648041-0600]    21.6875 MB /   0.50 sec =  363.8457 Mbps     0 retrans
[2024-11-02T21:33:31.147924-0600]    23.4375 MB /   0.50 sec =  393.2695 Mbps     0 retrans
[2024-11-02T21:33:31.647933-0600]    23.2500 MB /   0.50 sec =  390.0687 Mbps     0 retrans
[2024-11-02T21:33:32.147968-0600]     8.1875 MB /   0.50 sec =  137.3624 Mbps     0 retrans
[2024-11-02T21:33:32.648000-0600]    19.1875 MB /   0.50 sec =  321.8691 Mbps     0 retrans
[2024-11-02T21:33:33.147988-0600]    23.7500 MB /   0.50 sec =  398.5497 Mbps     0 retrans
[2024-11-02T21:33:33.648249-0600]    22.3125 MB /   0.50 sec =  374.0790 Mbps     0 retrans
[2024-11-02T21:33:34.148535-0600]    26.0625 MB /   0.50 sec =  437.0639 Mbps     0 retrans
[2024-11-02T21:33:34.647970-0600]    21.1875 MB /   0.50 sec =  355.8380 Mbps     0 retrans
[2024-11-02T21:33:35.148204-0600]    18.4375 MB /   0.50 sec =  309.3349 Mbps     0 retrans
[2024-11-02T21:33:35.647914-0600]    21.5000 MB /   0.50 sec =  360.7101 Mbps     0 retrans
[2024-11-02T21:33:36.147963-0600]    22.2500 MB /   0.50 sec =  373.2841 Mbps     0 retrans
[2024-11-02T21:33:36.647969-0600]    21.2500 MB /   0.50 sec =  356.4916 Mbps     0 retrans
[2024-11-02T21:33:37.147942-0600]    23.3125 MB /   0.50 sec =  391.1494 Mbps     0 retrans
[2024-11-02T21:33:37.648013-0600]    19.8125 MB /   0.50 sec =  332.3561 Mbps     0 retrans
[2024-11-02T21:33:38.147896-0600]    18.8125 MB /   0.50 sec =  315.6713 Mbps     0 retrans
[2024-11-02T21:33:38.648036-0600]    23.1250 MB /   0.50 sec =  387.9902 Mbps     0 retrans
[2024-11-02T21:33:39.148009-0600]    24.5000 MB /   0.50 sec =  410.9727 Mbps     0 retrans
[2024-11-02T21:33:39.647911-0600]    26.8125 MB /   0.50 sec =  449.8922 Mbps     0 retrans
[2024-11-02T21:33:40.147986-0600]    26.2500 MB /   0.50 sec =  440.3464 Mbps     0 retrans
[2024-11-02T21:33:40.648018-0600]    28.5000 MB /   0.50 sec =  478.1420 Mbps     0 retrans
[2024-11-02T21:33:41.148032-0600]    23.2500 MB /   0.50 sec =  390.0578 Mbps     0 retrans
[2024-11-02T21:33:41.647979-0600]    22.5625 MB /   0.50 sec =  378.5806 Mbps     0 retrans
[2024-11-02T21:33:42.147914-0600]    23.7500 MB /   0.50 sec =  398.4796 Mbps     0 retrans
[2024-11-02T21:33:42.648455-0600]    24.3750 MB /   0.50 sec =  408.5777 Mbps     0 retrans
[2024-11-02T21:33:43.148001-0600]    26.8750 MB /   0.50 sec =  451.2234 Mbps     0 retrans
[2024-11-02T21:33:43.648979-0600]    17.5000 MB /   0.50 sec =  293.0422 Mbps     0 retrans
[2024-11-02T21:33:44.148011-0600]    26.5000 MB /   0.50 sec =  445.5461 Mbps     0 retrans
[2024-11-02T21:33:44.647901-0600]    21.5625 MB /   0.50 sec =  361.7377 Mbps     0 retrans
[2024-11-02T21:33:45.147922-0600]    25.1875 MB /   0.50 sec =  422.5660 Mbps     0 retrans
[2024-11-02T21:33:45.649071-0600]    21.0625 MB /   0.50 sec =  352.5839 Mbps     0 retrans
[2024-11-02T21:33:46.148144-0600]     6.5000 MB /   0.50 sec =  109.2588 Mbps     0 retrans
[2024-11-02T21:33:46.648076-0600]    22.2500 MB /   0.50 sec =  373.4230 Mbps     0 retrans
[2024-11-02T21:33:47.147980-0600]    26.2500 MB /   0.50 sec =  440.3781 Mbps     0 retrans
[2024-11-02T21:33:47.647954-0600]    22.8750 MB /   0.50 sec =  383.7934 Mbps     0 retrans
[2024-11-02T21:33:48.147969-0600]    24.0000 MB /   0.50 sec =  402.6371 Mbps     0 retrans
[2024-11-02T21:33:48.648048-0600]    19.1875 MB /   0.50 sec =  321.8768 Mbps     0 retrans
[2024-11-02T21:33:49.147962-0600]     6.7500 MB /   0.50 sec =  113.2580 Mbps     0 retrans
[2024-11-02T21:33:49.647901-0600]    17.8125 MB /   0.50 sec =  298.8603 Mbps     0 retrans
[2024-11-02T21:33:50.148134-0600]    16.7500 MB /   0.50 sec =  280.9386 Mbps     0 retrans
[2024-11-02T21:33:50.647987-0600]    13.8750 MB /   0.50 sec =  232.8542 Mbps     0 retrans
[2024-11-02T21:33:51.148003-0600]    17.0000 MB /   0.50 sec =  285.1927 Mbps     0 retrans
[2024-11-02T21:33:51.648925-0600]    11.4375 MB /   0.50 sec =  191.7042 Mbps     0 retrans
[2024-11-02T21:33:52.149440-0600]    21.1875 MB /   0.50 sec =  354.8080 Mbps     0 retrans
[2024-11-02T21:33:52.648346-0600]     7.9375 MB /   0.50 sec =  133.5500 Mbps     0 retrans
[2024-11-02T21:33:53.147987-0600]     9.3125 MB /   0.50 sec =  156.2325 Mbps     0 retrans
[2024-11-02T21:33:53.647980-0600]    18.6250 MB /   0.50 sec =  312.4813 Mbps     0 retrans
[2024-11-02T21:33:54.148000-0600]    17.8750 MB /   0.50 sec =  299.8903 Mbps     0 retrans
[2024-11-02T21:33:54.647953-0600]    17.5000 MB /   0.50 sec =  293.6048 Mbps     0 retrans
[2024-11-02T21:33:55.147974-0600]    18.7500 MB /   0.50 sec =  314.5741 Mbps     0 retrans
[2024-11-02T21:33:55.647960-0600]    21.0625 MB /   0.50 sec =  353.3751 Mbps     0 retrans
[2024-11-02T21:33:56.148165-0600]    21.5000 MB /   0.50 sec =  360.7303 Mbps     0 retrans
[2024-11-02T21:33:56.648501-0600]    21.5625 MB /   0.50 sec =  361.3879 Mbps     0 retrans
[2024-11-02T21:33:57.147982-0600]    23.2500 MB /   0.50 sec =  390.4310 Mbps     0 retrans
[2024-11-02T21:33:57.647969-0600]    21.7500 MB /   0.50 sec =  364.8986 Mbps     0 retrans
[2024-11-02T21:33:58.148126-0600]    23.5000 MB /   0.50 sec =  394.2591 Mbps     0 retrans
[2024-11-02T21:33:58.648033-0600]    27.1250 MB /   0.50 sec =  455.0611 Mbps     0 retrans
[2024-11-02T21:33:59.147925-0600]    27.0000 MB /   0.50 sec =  453.0419 Mbps     0 retrans
[2024-11-02T21:33:59.647817-0600]    25.6250 MB /   0.50 sec =  429.9566 Mbps     0 retrans
[2024-11-02T21:34:00.148042-0600]    25.3125 MB /   0.50 sec =  424.5731 Mbps     0 retrans
[2024-11-02T21:34:00.647939-0600]    28.0625 MB /   0.50 sec =  470.8737 Mbps     0 retrans
[2024-11-02T21:34:01.148052-0600]    22.1875 MB /   0.50 sec =  372.1805 Mbps     0 retrans
[2024-11-02T21:34:01.647923-0600]    28.1875 MB /   0.50 sec =  473.0052 Mbps     0 retrans
[2024-11-02T21:34:02.147993-0600]    22.4375 MB /   0.50 sec =  376.3921 Mbps     0 retrans
[2024-11-02T21:34:02.648591-0600]    30.4375 MB /   0.50 sec =  510.3646 Mbps     0 retrans
[2024-11-02T21:34:03.148649-0600]    29.4375 MB /   0.50 sec =  493.7253 Mbps     0 retrans
[2024-11-02T21:34:03.647950-0600]    32.5000 MB /   0.50 sec =  545.7977 Mbps     0 retrans
[2024-11-02T21:34:04.148053-0600]    12.8750 MB /   0.50 sec =  215.9712 Mbps     0 retrans
[2024-11-02T21:34:04.647927-0600]    33.8750 MB /   0.50 sec =  568.4260 Mbps     0 retrans
[2024-11-02T21:34:05.147966-0600]     6.5000 MB /   0.50 sec =  109.0482 Mbps     0 retrans
[2024-11-02T21:34:05.648189-0600]    17.2500 MB /   0.50 sec =  289.2942 Mbps     0 retrans
[2024-11-02T21:34:06.148043-0600]     3.1250 MB /   0.50 sec =   52.4412 Mbps     0 retrans
[2024-11-02T21:34:06.648661-0600]     6.9375 MB /   0.50 sec =  116.2863 Mbps     0 retrans
[2024-11-02T21:34:07.148259-0600]    27.3125 MB /   0.50 sec =  458.4074 Mbps     0 retrans
[2024-11-02T21:34:07.648162-0600]    24.9375 MB /   0.50 sec =  418.6741 Mbps     0 retrans
[2024-11-02T21:34:08.148496-0600]    23.2500 MB /   0.50 sec =  389.6962 Mbps     0 retrans
[2024-11-02T21:34:08.647856-0600]    26.8125 MB /   0.50 sec =  450.2921 Mbps     0 retrans
[2024-11-02T21:34:09.148693-0600]    26.6250 MB /   0.50 sec =  446.3006 Mbps     0 retrans
[2024-11-02T21:34:09.647973-0600]    25.7500 MB /   0.50 sec =  432.3601 Mbps     0 retrans
[2024-11-02T21:34:10.147962-0600]    32.5625 MB /   0.50 sec =  546.3256 Mbps     0 retrans
[2024-11-02T21:34:10.647969-0600]    32.6250 MB /   0.50 sec =  547.3545 Mbps     0 retrans
[2024-11-02T21:34:11.147928-0600]    30.5000 MB /   0.50 sec =  511.7153 Mbps     0 retrans
[2024-11-02T21:34:11.648145-0600]    21.6875 MB /   0.50 sec =  363.8653 Mbps     0 retrans
[2024-11-02T21:34:12.148072-0600]    22.8125 MB /   0.50 sec =  382.6300 Mbps     0 retrans
[2024-11-02T21:34:12.647947-0600]    25.9375 MB /   0.50 sec =  435.2670 Mbps     0 retrans
[2024-11-02T21:34:13.148060-0600]    26.4375 MB /   0.50 sec =  443.5734 Mbps     0 retrans
[2024-11-02T21:34:13.648085-0600]    16.9375 MB /   0.50 sec =  284.0834 Mbps     0 retrans
[2024-11-02T21:34:14.147928-0600]    22.5000 MB /   0.50 sec =  377.5621 Mbps     0 retrans
[2024-11-02T21:34:14.647946-0600]    22.6250 MB /   0.50 sec =  379.5891 Mbps     0 retrans
[2024-11-02T21:34:15.148016-0600]    33.3750 MB /   0.50 sec =  559.9844 Mbps     0 retrans
[2024-11-02T21:34:15.648154-0600]    34.8125 MB /   0.50 sec =  584.0101 Mbps     0 retrans
[2024-11-02T21:34:16.147971-0600]    38.3125 MB /   0.50 sec =  642.7424 Mbps     0 retrans
[2024-11-02T21:34:16.647938-0600]    44.3750 MB /   0.50 sec =  744.5053 Mbps     0 retrans
[2024-11-02T21:34:17.147959-0600]    47.6875 MB /   0.50 sec =  799.9051 Mbps     0 retrans
[2024-11-02T21:34:17.648481-0600]    54.7500 MB /   0.50 sec =  917.9155 Mbps     0 retrans
[2024-11-02T21:34:18.147933-0600]    58.7500 MB /   0.50 sec =  986.5553 Mbps     0 retrans
[2024-11-02T21:34:18.648097-0600]    57.5625 MB /   0.50 sec =  965.7694 Mbps     0 retrans
[2024-11-02T21:34:19.149208-0600]    60.5625 MB /   0.50 sec = 1013.3503 Mbps     0 retrans
[2024-11-02T21:34:19.647924-0600]    63.6875 MB /   0.50 sec = 1071.3616 Mbps     0 retrans
[2024-11-02T21:34:20.148171-0600]    60.1875 MB /   0.50 sec = 1009.7545 Mbps     0 retrans
[2024-11-02T21:34:20.647948-0600]    52.0625 MB /   0.50 sec =  873.4760 Mbps     0 retrans
[2024-11-02T21:34:21.148066-0600]    62.0625 MB /   0.50 sec = 1041.1902 Mbps     0 retrans
[2024-11-02T21:34:21.647820-0600]    45.1250 MB /   0.50 sec =  757.1612 Mbps     0 retrans
[2024-11-02T21:34:22.147939-0600]    30.1250 MB /   0.50 sec =  505.3803 Mbps     0 retrans
[2024-11-02T21:34:22.647800-0600]    60.0625 MB /   0.50 sec = 1007.7642 Mbps     0 retrans
[2024-11-02T21:34:23.147942-0600]    55.7500 MB /   0.50 sec =  935.2419 Mbps     0 retrans
[2024-11-02T21:34:23.647936-0600]    53.6250 MB /   0.50 sec =  899.6908 Mbps     0 retrans
[2024-11-02T21:34:24.147973-0600]    58.3750 MB /   0.50 sec =  979.3543 Mbps     0 retrans
[2024-11-02T21:34:24.648045-0600]    54.6250 MB /   0.50 sec =  916.5342 Mbps     0 retrans
[2024-11-02T21:34:25.147981-0600]    60.8125 MB /   0.50 sec = 1020.2073 Mbps     0 retrans
[2024-11-02T21:34:25.648342-0600]    62.2500 MB /   0.50 sec = 1044.3754 Mbps     0 retrans
[2024-11-02T21:34:26.147967-0600]    53.6875 MB /   0.50 sec =  900.6673 Mbps     0 retrans
[2024-11-02T21:34:26.648195-0600]    54.5000 MB /   0.50 sec =  914.4150 Mbps     0 retrans
[2024-11-02T21:34:27.147926-0600]    59.0000 MB /   0.50 sec =  989.8518 Mbps     0 retrans
[2024-11-02T21:34:27.648728-0600]    55.2500 MB /   0.50 sec =  926.1040 Mbps     0 retrans
[2024-11-02T21:34:28.148187-0600]    59.2500 MB /   0.50 sec =  994.8718 Mbps     0 retrans
[2024-11-02T21:34:28.648531-0600]    60.3750 MB /   0.50 sec = 1012.2422 Mbps     0 retrans
[2024-11-02T21:34:29.147953-0600]    69.0625 MB /   0.50 sec = 1159.5392 Mbps     0 retrans
End time: 1730604869260
