Start time: 1730605085645
[2024-11-02T21:38:10.709453-0600] traceroute to 54.176.53.206 (54.176.53.206), 30 hops max, 60 byte packets
[2024-11-02T21:38:10.710170-0600]  1  * * *
[2024-11-02T21:38:10.710222-0600]  2  * * *
[2024-11-02T21:38:10.710261-0600]  3  * * *
[2024-11-02T21:38:10.710299-0600]  4  * * *
[2024-11-02T21:38:10.710334-0600]  5  * * *
[2024-11-02T21:38:15.718146-0600]  6  * * *
[2024-11-02T21:38:15.718688-0600]  7  * * *
[2024-11-02T21:38:15.718839-0600]  8  * * *
[2024-11-02T21:38:15.718965-0600]  9  * * *
[2024-11-02T21:38:15.740580-0600] 10  * * *
[2024-11-02T21:38:20.727850-0600] 11  * * *
[2024-11-02T21:38:20.728347-0600] 12  * * *
[2024-11-02T21:38:20.736357-0600] 13  * * *
[2024-11-02T21:38:20.736571-0600] 14  * * *
[2024-11-02T21:38:20.746958-0600] 15  * * *
[2024-11-02T21:38:25.736159-0600] 16  * * *
[2024-11-02T21:38:25.736756-0600] 17  * * *
[2024-11-02T21:38:25.742287-0600] 18  * * *
[2024-11-02T21:38:25.748139-0600] 19  * * *
[2024-11-02T21:38:25.753374-0600] 20  * * *
[2024-11-02T21:38:25.753658-0600] 21  * * *
[2024-11-02T21:38:30.744983-0600] 22  * * *
[2024-11-02T21:38:30.754110-0600] 23  * * *
[2024-11-02T21:38:30.754460-0600] 24  * * *
[2024-11-02T21:38:30.761874-0600] 25  * * *
[2024-11-02T21:38:30.762032-0600] 26  * * *
[2024-11-02T21:38:35.699123-0600] 27  * *End time: 1730605115762
