Start time: 1730660583670
[2024-11-03T12:03:08.766929-0700] traceroute to 54.176.53.206 (54.176.53.206), 30 hops max, 60 byte packets
[2024-11-03T12:03:08.767603-0700]  1  * * *
[2024-11-03T12:03:08.767649-0700]  2  * * *
[2024-11-03T12:03:08.767677-0700]  3  * * *
[2024-11-03T12:03:08.767704-0700]  4  * * *
[2024-11-03T12:03:08.767728-0700]  5  * * *
[2024-11-03T12:03:13.773951-0700]  6  * * *
[2024-11-03T12:03:13.774341-0700]  7  * * *
[2024-11-03T12:03:13.774443-0700]  8  * * *
[2024-11-03T12:03:13.774529-0700]  9  * * *
[2024-11-03T12:03:13.774611-0700] 10  * * *
[2024-11-03T12:03:18.780060-0700] 11  * * *
[2024-11-03T12:03:18.780199-0700] 12  * * *
[2024-11-03T12:03:18.780230-0700] 13  * * *
[2024-11-03T12:03:18.780254-0700] 14  * * *
[2024-11-03T12:03:18.780277-0700] 15  * * *
[2024-11-03T12:03:23.787970-0700] 16  * * *
[2024-11-03T12:03:23.788457-0700] 17  * * *
[2024-11-03T12:03:23.788597-0700] 18  * * *
[2024-11-03T12:03:23.788709-0700] 19  * * *
[2024-11-03T12:03:23.788814-0700] 20  * * *
[2024-11-03T12:03:23.788915-0700] 21  * * *
[2024-11-03T12:03:28.796128-0700] 22  * * *
[2024-11-03T12:03:28.796545-0700] 23  * * *
[2024-11-03T12:03:28.803510-0700] 24  * * *
[2024-11-03T12:03:28.803704-0700] 25  * * *
[2024-11-03T12:03:28.803830-0700] 26  * * *
[2024-11-03T12:03:33.759306-0700] 27  * *End time: 1730660613860
