Start time: 1730506749379
[2024-11-01T17:19:14.456401-0700] traceroute to 54.176.53.206 (54.176.53.206), 30 hops max, 60 byte packets
[2024-11-01T17:19:14.457804-0700]  1  * * *
[2024-11-01T17:19:14.457954-0700]  2  * * *
[2024-11-01T17:19:14.458068-0700]  3  * * *
[2024-11-01T17:19:14.458179-0700]  4  * * *
[2024-11-01T17:19:14.458283-0700]  5  * * *
[2024-11-01T17:19:19.464683-0700]  6  * * *
[2024-11-01T17:19:19.471046-0700]  7  * * *
[2024-11-01T17:19:19.478546-0700]  8  * * *
[2024-11-01T17:19:19.478787-0700]  9  * * *
[2024-11-01T17:19:19.478912-0700] 10  * * *
[2024-11-01T17:19:24.473955-0700] 11  * * *
[2024-11-01T17:19:24.482715-0700] 12  * * *
[2024-11-01T17:19:24.483019-0700] 13  * * *
[2024-11-01T17:19:24.491056-0700] 14  * * *
[2024-11-01T17:19:24.491134-0700] 15  * * *
[2024-11-01T17:19:29.482785-0700] 16  * * *
[2024-11-01T17:19:29.482946-0700] 17  * * *
[2024-11-01T17:19:29.488504-0700] 18  * * *
[2024-11-01T17:19:29.491764-0700] 19  * * *
[2024-11-01T17:19:29.494155-0700] 20  * * *
[2024-11-01T17:19:29.496540-0700] 21  * * *
[2024-11-01T17:19:34.490057-0700] 22  * * *
[2024-11-01T17:19:34.490556-0700] 23  * * *
[2024-11-01T17:19:34.502590-0700] 24  * * *
[2024-11-01T17:19:34.502743-0700] 25  * * *
[2024-11-01T17:19:34.502855-0700] 26  * * *
[2024-11-01T17:19:39.441327-0700] 27  * *End time: 1730506779475
