Start time: 1730825897929
[2024-11-05T10:58:18.933753-0600] nuttcp-r: v8.1.4: socket
[2024-11-05T10:58:18.934299-0600] nuttcp-r: buflen=65536, nstream=1, port=5379 tcp
[2024-11-05T10:58:18.934346-0600] nuttcp-r: interval reporting every 0.50 seconds
[2024-11-05T10:58:18.934382-0600] nuttcp-r: connect to 54.197.223.49 with RTT=90.853 ms af=inet
[2024-11-05T10:58:18.934417-0600] nuttcp-r: send window size = 2097152, receive window size = 6291456
[2024-11-05T10:58:18.934452-0600] nuttcp-r: available send window = 1572864, available receive window = 4718592
[2024-11-05T10:58:18.934485-0600]     0.0000 MB /   0.50 sec =    0.0000 Mbps     0 retrans      0 KB-cwnd
[2024-11-05T10:58:19.433889-0600]     0.5000 MB /   0.50 sec =    8.3892 Mbps     0 retrans     13 KB-cwnd
[2024-11-05T10:58:19.933740-0600]     2.9375 MB /   0.50 sec =   49.2807 Mbps     0 retrans     13 KB-cwnd
[2024-11-05T10:58:20.434126-0600]     7.8125 MB /   0.50 sec =  130.9712 Mbps     0 retrans     13 KB-cwnd
[2024-11-05T10:58:20.933919-0600]     8.3750 MB /   0.50 sec =  140.5710 Mbps     0 retrans     13 KB-cwnd
[2024-11-05T10:58:21.434009-0600]    12.4375 MB /   0.50 sec =  208.6153 Mbps     0 retrans     13 KB-cwnd
[2024-11-05T10:58:21.934040-0600]    12.9375 MB /   0.50 sec =  217.0409 Mbps     0 retrans     13 KB-cwnd
[2024-11-05T10:58:22.433856-0600]     0.1250 MB /   0.50 sec =    2.0982 Mbps     0 retrans     13 KB-cwnd
[2024-11-05T10:58:22.933861-0600]    17.5000 MB /   0.50 sec =  293.5766 Mbps     0 retrans     13 KB-cwnd
[2024-11-05T10:58:23.433702-0600]    20.8750 MB /   0.50 sec =  350.3218 Mbps     0 retrans     13 KB-cwnd
[2024-11-05T10:58:23.933753-0600]    19.3750 MB /   0.50 sec =  325.0670 Mbps     0 retrans     13 KB-cwnd
[2024-11-05T10:58:24.433802-0600]    19.1875 MB /   0.50 sec =  321.9193 Mbps     0 retrans     13 KB-cwnd
[2024-11-05T10:58:24.934280-0600]    20.8750 MB /   0.50 sec =  350.1228 Mbps     0 retrans     13 KB-cwnd
[2024-11-05T10:58:25.433879-0600]    24.3125 MB /   0.50 sec =  407.8993 Mbps     0 retrans     13 KB-cwnd
[2024-11-05T10:58:25.934203-0600]    20.2500 MB /   0.50 sec =  339.7298 Mbps     0 retrans     13 KB-cwnd
[2024-11-05T10:58:26.433676-0600]    22.7500 MB /   0.50 sec =  381.7863 Mbps     0 retrans     13 KB-cwnd
[2024-11-05T10:58:26.933767-0600]    26.4375 MB /   0.50 sec =  443.5264 Mbps     0 retrans     13 KB-cwnd
[2024-11-05T10:58:27.433910-0600]    19.6250 MB /   0.50 sec =  329.1245 Mbps     0 retrans     13 KB-cwnd
[2024-11-05T10:58:27.934007-0600]    24.3750 MB /   0.50 sec =  408.9577 Mbps     0 retrans     13 KB-cwnd
[2024-11-05T10:58:28.433770-0600]    29.1250 MB /   0.50 sec =  488.7459 Mbps     0 retrans     13 KB-cwnd
[2024-11-05T10:58:28.933853-0600]    28.8750 MB /   0.50 sec =  484.5507 Mbps     0 retrans     13 KB-cwnd
[2024-11-05T10:58:29.433777-0600]    26.5000 MB /   0.50 sec =  444.5624 Mbps     0 retrans     13 KB-cwnd
[2024-11-05T10:58:29.933740-0600]    21.9375 MB /   0.50 sec =  368.0266 Mbps     0 retrans     13 KB-cwnd
[2024-11-05T10:58:30.434130-0600]    23.9375 MB /   0.50 sec =  401.4761 Mbps     0 retrans     13 KB-cwnd
[2024-11-05T10:58:30.934086-0600]    28.8750 MB /   0.50 sec =  484.6554 Mbps    42 retrans   5573 KB-cwnd
[2024-11-05T10:58:31.434296-0600]    27.2500 MB /   0.50 sec =  456.8274 Mbps     0 retrans   5995 KB-cwnd
[2024-11-05T10:58:31.934954-0600]    17.5000 MB /   0.50 sec =  293.0784 Mbps     0 retrans   6417 KB-cwnd
[2024-11-05T10:58:32.433880-0600]    26.4375 MB /   0.50 sec =  444.5871 Mbps     0 retrans   6792 KB-cwnd
[2024-11-05T10:58:32.934111-0600]    25.3125 MB /   0.50 sec =  424.4186 Mbps     0 retrans   7199 KB-cwnd
[2024-11-05T10:58:33.435095-0600]    17.7500 MB /   0.50 sec =  297.4464 Mbps   135 retrans   8180 KB-cwnd
[2024-11-05T10:58:33.934099-0600]    13.0000 MB /   0.50 sec =  218.3623 Mbps     0 retrans   8180 KB-cwnd
[2024-11-05T10:58:34.433778-0600]    26.5625 MB /   0.50 sec =  445.9186 Mbps     1 retrans   8201 KB-cwnd
[2024-11-05T10:58:34.933935-0600]    23.3750 MB /   0.50 sec =  392.2286 Mbps     3 retrans  17308 KB-cwnd
[2024-11-05T10:58:35.434043-0600]    17.3750 MB /   0.50 sec =  291.4633 Mbps     0 retrans  17308 KB-cwnd
[2024-11-05T10:58:35.934574-0600]    25.9375 MB /   0.50 sec =  434.8034 Mbps     0 retrans  17308 KB-cwnd
[2024-11-05T10:58:36.433733-0600]    22.2500 MB /   0.50 sec =  373.6577 Mbps     0 retrans  17308 KB-cwnd
[2024-11-05T10:58:36.935222-0600]    28.5625 MB /   0.50 sec =  477.7574 Mbps  4042 retrans  17955 KB-cwnd
[2024-11-05T10:58:37.433666-0600]    21.8750 MB /   0.50 sec =  368.1089 Mbps     0 retrans  17955 KB-cwnd
[2024-11-05T10:58:37.934216-0600]    15.5625 MB /   0.50 sec =  261.0416 Mbps     0 retrans  17955 KB-cwnd
[2024-11-05T10:58:38.434152-0600]    20.8125 MB /   0.50 sec =  349.1667 Mbps    17 retrans  17135 KB-cwnd
[2024-11-05T10:58:38.933926-0600]    19.5000 MB /   0.50 sec =  327.1400 Mbps     0 retrans  17135 KB-cwnd
[2024-11-05T10:58:39.433557-0600]    30.3125 MB /   0.50 sec =  508.7608 Mbps     0 retrans  17135 KB-cwnd
[2024-11-05T10:58:39.933609-0600]    32.2500 MB /   0.50 sec =  541.0652 Mbps     7 retrans  15899 KB-cwnd
[2024-11-05T10:58:40.433808-0600]    18.1875 MB /   0.50 sec =  305.0484 Mbps     0 retrans  16037 KB-cwnd
[2024-11-05T10:58:40.934109-0600]    30.7500 MB /   0.50 sec =  515.9912 Mbps     0 retrans  16358 KB-cwnd
[2024-11-05T10:58:41.433632-0600]    26.5625 MB /   0.50 sec =  445.6706 Mbps    13 retrans  16397 KB-cwnd
[2024-11-05T10:58:41.933730-0600]    27.4375 MB /   0.50 sec =  460.2991 Mbps     0 retrans  16397 KB-cwnd
[2024-11-05T10:58:42.433630-0600]    18.6875 MB /   0.50 sec =  313.5393 Mbps     0 retrans  16397 KB-cwnd
[2024-11-05T10:58:42.933765-0600]    13.6875 MB /   0.50 sec =  229.6336 Mbps     5 retrans  20047 KB-cwnd
[2024-11-05T10:58:43.433986-0600]    14.7500 MB /   0.50 sec =  247.2948 Mbps     0 retrans  20047 KB-cwnd
[2024-11-05T10:58:43.933733-0600]    20.9375 MB /   0.50 sec =  351.4930 Mbps     0 retrans  20047 KB-cwnd
[2024-11-05T10:58:44.433812-0600]    23.1250 MB /   0.50 sec =  388.0205 Mbps     0 retrans  20047 KB-cwnd
[2024-11-05T10:58:44.933634-0600]    18.1875 MB /   0.50 sec =  305.1234 Mbps    32 retrans  15624 KB-cwnd
[2024-11-05T10:58:45.434260-0600]    31.1875 MB /   0.50 sec =  522.7752 Mbps     0 retrans  16333 KB-cwnd
[2024-11-05T10:58:45.934398-0600]    14.4375 MB /   0.50 sec =  242.1736 Mbps     0 retrans  16431 KB-cwnd
[2024-11-05T10:58:46.433722-0600]    25.0000 MB /   0.50 sec =  419.8713 Mbps   315 retrans   7062 KB-cwnd
[2024-11-05T10:58:46.933862-0600]    17.8125 MB /   0.50 sec =  298.7557 Mbps     0 retrans   7062 KB-cwnd
[2024-11-05T10:58:47.433663-0600]    24.4375 MB /   0.50 sec =  410.0826 Mbps     0 retrans  20738 KB-cwnd
[2024-11-05T10:58:47.933868-0600]    24.3750 MB /   0.50 sec =  408.8694 Mbps     0 retrans  20738 KB-cwnd
[2024-11-05T10:58:48.434075-0600]    10.5625 MB /   0.50 sec =  177.2253 Mbps    14 retrans  15867 KB-cwnd
[2024-11-05T10:58:48.933599-0600]    26.7500 MB /   0.50 sec =  448.8713 Mbps     0 retrans  15867 KB-cwnd
[2024-11-05T10:58:49.433962-0600]    31.6250 MB /   0.50 sec =  530.6007 Mbps     0 retrans  15867 KB-cwnd
[2024-11-05T10:58:49.933722-0600]    16.6875 MB /   0.50 sec =  279.9435 Mbps    72 retrans   5742 KB-cwnd
[2024-11-05T10:58:50.434071-0600]    25.1250 MB /   0.50 sec =  421.2293 Mbps     0 retrans   5742 KB-cwnd
[2024-11-05T10:58:50.933791-0600]    17.3125 MB /   0.50 sec =  290.6253 Mbps     0 retrans   5742 KB-cwnd
[2024-11-05T10:58:51.434133-0600]    28.1250 MB /   0.50 sec =  471.9441 Mbps    13 retrans   5926 KB-cwnd
[2024-11-05T10:58:51.933746-0600]    26.6875 MB /   0.50 sec =  447.7348 Mbps     0 retrans  18549 KB-cwnd
[2024-11-05T10:58:52.434025-0600]    21.6250 MB /   0.50 sec =  362.7783 Mbps     0 retrans  18549 KB-cwnd
[2024-11-05T10:58:52.934968-0600]    29.3750 MB /   0.50 sec =  491.9256 Mbps     7 retrans  15925 KB-cwnd
[2024-11-05T10:58:53.435039-0600]    21.0625 MB /   0.50 sec =  353.3461 Mbps     0 retrans  16570 KB-cwnd
[2024-11-05T10:58:53.934000-0600]    26.0000 MB /   0.50 sec =  437.1011 Mbps     0 retrans  16818 KB-cwnd
[2024-11-05T10:58:54.434235-0600]    15.9375 MB /   0.50 sec =  267.0904 Mbps     0 retrans  16818 KB-cwnd
[2024-11-05T10:58:54.933823-0600]    15.8750 MB /   0.50 sec =  266.5638 Mbps     9 retrans  14649 KB-cwnd
[2024-11-05T10:58:55.433635-0600]    28.4375 MB /   0.50 sec =  477.2128 Mbps     0 retrans  14649 KB-cwnd
[2024-11-05T10:58:55.934677-0600]     7.4375 MB /   0.50 sec =  124.5287 Mbps     0 retrans  14649 KB-cwnd
[2024-11-05T10:58:56.434476-0600]    15.4375 MB /   0.50 sec =  259.2897 Mbps     0 retrans  14649 KB-cwnd
[2024-11-05T10:58:56.934906-0600]    22.2500 MB /   0.50 sec =  373.0170 Mbps   149 retrans   8166 KB-cwnd
[2024-11-05T10:58:57.435280-0600]    29.8125 MB /   0.50 sec =  499.6741 Mbps     0 retrans   8166 KB-cwnd
[2024-11-05T10:58:57.933970-0600]    32.5625 MB /   0.50 sec =  547.7553 Mbps     1 retrans   8166 KB-cwnd
[2024-11-05T10:58:58.433767-0600]    22.3750 MB /   0.50 sec =  375.3895 Mbps   869 retrans   5862 KB-cwnd
[2024-11-05T10:58:58.933932-0600]    21.4375 MB /   0.50 sec =  359.4890 Mbps     0 retrans   5862 KB-cwnd
[2024-11-05T10:58:59.433946-0600]    25.6250 MB /   0.50 sec =  429.8319 Mbps     0 retrans   5862 KB-cwnd
[2024-11-05T10:58:59.935154-0600]    17.9375 MB /   0.50 sec =  300.2789 Mbps     6 retrans  15526 KB-cwnd
[2024-11-05T10:59:00.433887-0600]    13.3125 MB /   0.50 sec =  223.9154 Mbps     0 retrans  15526 KB-cwnd
[2024-11-05T10:59:00.933636-0600]    26.8750 MB /   0.50 sec =  451.0329 Mbps     0 retrans  15526 KB-cwnd
[2024-11-05T10:59:01.433861-0600]    17.7500 MB /   0.50 sec =  297.7128 Mbps     0 retrans  15526 KB-cwnd
[2024-11-05T10:59:01.933947-0600]    20.6875 MB /   0.50 sec =  347.0655 Mbps     4 retrans  18355 KB-cwnd
[2024-11-05T10:59:02.433619-0600]    24.5625 MB /   0.50 sec =  412.1885 Mbps     0 retrans  18355 KB-cwnd
[2024-11-05T10:59:02.935465-0600]    22.2500 MB /   0.50 sec =  372.2946 Mbps     0 retrans  18360 KB-cwnd
[2024-11-05T10:59:03.434270-0600]    20.0000 MB /   0.50 sec =  336.3698 Mbps     5 retrans  18485 KB-cwnd
[2024-11-05T10:59:03.934646-0600]    20.3750 MB /   0.50 sec =  341.4875 Mbps     0 retrans  18485 KB-cwnd
[2024-11-05T10:59:04.435028-0600]    26.1875 MB /   0.50 sec =  439.0794 Mbps     0 retrans  18485 KB-cwnd
[2024-11-05T10:59:04.933991-0600]    14.1250 MB /   0.50 sec =  237.3361 Mbps   150 retrans  15668 KB-cwnd
[2024-11-05T10:59:05.434620-0600]    14.3125 MB /   0.50 sec =  239.9238 Mbps     0 retrans  15668 KB-cwnd
[2024-11-05T10:59:05.934138-0600]    27.5625 MB /   0.50 sec =  462.5922 Mbps     0 retrans  15668 KB-cwnd
[2024-11-05T10:59:06.433943-0600]    17.2500 MB /   0.50 sec =  289.6485 Mbps     0 retrans  15668 KB-cwnd
[2024-11-05T10:59:06.933784-0600]    23.0000 MB /   0.50 sec =  385.8497 Mbps     9 retrans  19868 KB-cwnd
[2024-11-05T10:59:07.433942-0600]    33.6875 MB /   0.50 sec =  565.0898 Mbps     0 retrans  19868 KB-cwnd
[2024-11-05T10:59:07.934114-0600]    30.0625 MB /   0.50 sec =  504.4993 Mbps    48 retrans   5617 KB-cwnd
[2024-11-05T10:59:08.434361-0600]    17.0000 MB /   0.50 sec =  284.9630 Mbps     0 retrans   5617 KB-cwnd
[2024-11-05T10:59:08.934006-0600]    32.8125 MB /   0.50 sec =  550.6224 Mbps     0 retrans   5617 KB-cwnd
[2024-11-05T10:59:09.433776-0600]    24.0000 MB /   0.50 sec =  402.8756 Mbps    12 retrans  15973 KB-cwnd
[2024-11-05T10:59:09.933654-0600]    27.6250 MB /   0.50 sec =  463.5392 Mbps     0 retrans  15973 KB-cwnd
[2024-11-05T10:59:10.434009-0600]    28.3125 MB /   0.50 sec =  474.7865 Mbps     0 retrans  15973 KB-cwnd
[2024-11-05T10:59:10.933917-0600]    11.8125 MB /   0.50 sec =  198.1571 Mbps   397 retrans  18288 KB-cwnd
[2024-11-05T10:59:11.434053-0600]    11.5000 MB /   0.50 sec =  193.0225 Mbps     0 retrans  18318 KB-cwnd
[2024-11-05T10:59:11.933787-0600]    20.7500 MB /   0.50 sec =  348.1244 Mbps     0 retrans  18962 KB-cwnd
[2024-11-05T10:59:12.433949-0600]    17.0625 MB /   0.50 sec =  286.1868 Mbps     0 retrans  18962 KB-cwnd
[2024-11-05T10:59:12.935124-0600]    27.6250 MB /   0.50 sec =  462.4615 Mbps     8 retrans  18179 KB-cwnd
[2024-11-05T10:59:13.434067-0600]    22.3750 MB /   0.50 sec =  376.3657 Mbps     0 retrans  18179 KB-cwnd
[2024-11-05T10:59:13.933882-0600]    22.3125 MB /   0.50 sec =  374.1837 Mbps     0 retrans  18176 KB-cwnd
[2024-11-05T10:59:14.433971-0600]    23.1875 MB /   0.50 sec =  389.1229 Mbps  1009 retrans      5 KB-cwnd
[2024-11-05T10:59:14.934017-0600]    13.6875 MB /   0.50 sec =  229.6505 Mbps     0 retrans      5 KB-cwnd
[2024-11-05T10:59:15.433667-0600]    24.2500 MB /   0.50 sec =  406.8874 Mbps     0 retrans      5 KB-cwnd
[2024-11-05T10:59:15.933785-0600]    24.6875 MB /   0.50 sec =  414.1892 Mbps   568 retrans  15744 KB-cwnd
[2024-11-05T10:59:16.433857-0600]    14.7500 MB /   0.50 sec =  247.3952 Mbps     0 retrans  15744 KB-cwnd
[2024-11-05T10:59:16.934215-0600]    27.2500 MB /   0.50 sec =  457.2313 Mbps     0 retrans  15744 KB-cwnd
[2024-11-05T10:59:17.434080-0600]    21.3750 MB /   0.50 sec =  358.6596 Mbps     0 retrans  15744 KB-cwnd
[2024-11-05T10:59:17.933793-0600]    22.1250 MB /   0.50 sec =  371.1484 Mbps    10 retrans  15388 KB-cwnd
[2024-11-05T10:59:18.434283-0600]     0.0000 MB /   0.50 sec =    0.0000 Mbps     0 retrans  15388 KB-cwnd
[2024-11-05T10:59:18.934679-0600]     9.3125 MB /   0.50 sec =  156.1132 Mbps     0 retrans  15388 KB-cwnd
[2024-11-05T10:59:19.433714-0600]     4.1250 MB /   0.50 sec =   69.3450 Mbps     0 retrans  15388 KB-cwnd
[2024-11-05T10:59:19.933820-0600]     2.7500 MB /   0.50 sec =   46.1245 Mbps     0 retrans  15388 KB-cwnd
[2024-11-05T10:59:20.433576-0600]     8.7500 MB /   0.50 sec =  146.8447 Mbps     0 retrans  15388 KB-cwnd
[2024-11-05T10:59:20.935086-0600]     5.2500 MB /   0.50 sec =   87.8528 Mbps     0 retrans  15388 KB-cwnd
[2024-11-05T10:59:21.433847-0600]     0.0000 MB /   0.50 sec =    0.0000 Mbps     0 retrans  15388 KB-cwnd
[2024-11-05T10:59:21.934701-0600]     0.0000 MB /   0.50 sec =    0.0000 Mbps     0 retrans  15388 KB-cwnd
[2024-11-05T10:59:22.433887-0600]     5.5625 MB /   0.50 sec =   93.4726 Mbps     0 retrans  15388 KB-cwnd
[2024-11-05T10:59:22.934649-0600]     0.0000 MB /   0.50 sec =    0.0000 Mbps     0 retrans  15388 KB-cwnd
[2024-11-05T10:59:23.433616-0600]     9.1250 MB /   0.50 sec =  153.3835 Mbps     0 retrans  15388 KB-cwnd
[2024-11-05T10:59:23.933675-0600]     2.5000 MB /   0.50 sec =   41.9450 Mbps     0 retrans  15388 KB-cwnd
[2024-11-05T10:59:24.433634-0600]     2.0000 MB /   0.50 sec =   33.5552 Mbps     0 retrans  15388 KB-cwnd
[2024-11-05T10:59:24.933662-0600]     1.3750 MB /   0.50 sec =   23.0684 Mbps     0 retrans  15388 KB-cwnd
[2024-11-05T10:59:25.433794-0600]     1.0000 MB /   0.50 sec =   16.7772 Mbps     0 retrans  15388 KB-cwnd
[2024-11-05T10:59:25.933576-0600]     6.3125 MB /   0.50 sec =  105.9079 Mbps    14 retrans  16919 KB-cwnd
[2024-11-05T10:59:26.433747-0600]     6.2500 MB /   0.50 sec =  104.8605 Mbps     0 retrans  16919 KB-cwnd
[2024-11-05T10:59:26.934115-0600]     6.2500 MB /   0.50 sec =  104.8410 Mbps     0 retrans  16919 KB-cwnd
[2024-11-05T10:59:27.433586-0600]     8.7500 MB /   0.50 sec =  146.8209 Mbps     0 retrans  16919 KB-cwnd
[2024-11-05T10:59:27.934198-0600]     9.7500 MB /   0.50 sec =  163.4086 Mbps     0 retrans  16919 KB-cwnd
[2024-11-05T10:59:28.433604-0600]    10.9375 MB /   0.50 sec =  183.6929 Mbps     0 retrans  16919 KB-cwnd
[2024-11-05T10:59:28.933849-0600]    17.5000 MB /   0.50 sec =  293.5801 Mbps     0 retrans  16919 KB-cwnd
[2024-11-05T10:59:29.433675-0600]    12.2500 MB /   0.50 sec =  205.5238 Mbps     0 retrans  16919 KB-cwnd
[2024-11-05T10:59:29.933657-0600]    17.9375 MB /   0.50 sec =  300.9473 Mbps    35 retrans  18192 KB-cwnd
[2024-11-05T10:59:30.433732-0600]    11.7500 MB /   0.50 sec =  197.1209 Mbps     0 retrans  18192 KB-cwnd
[2024-11-05T10:59:30.933789-0600]    18.2500 MB /   0.50 sec =  306.1646 Mbps     0 retrans  18192 KB-cwnd
[2024-11-05T10:59:31.433623-0600]    21.5625 MB /   0.50 sec =  361.7985 Mbps     0 retrans  18192 KB-cwnd
[2024-11-05T10:59:31.934087-0600]    26.3750 MB /   0.50 sec =  442.1445 Mbps  7176 retrans   3370 KB-cwnd
[2024-11-05T10:59:32.433653-0600]    31.1250 MB /   0.50 sec =  522.6257 Mbps    21 retrans   3370 KB-cwnd
[2024-11-05T10:59:32.934117-0600]    23.3750 MB /   0.50 sec =  392.1486 Mbps   179 retrans   5802 KB-cwnd
[2024-11-05T10:59:33.434434-0600]    16.5625 MB /   0.50 sec =  277.8732 Mbps     0 retrans   5802 KB-cwnd
[2024-11-05T10:59:33.933848-0600]    26.0625 MB /   0.50 sec =  437.2378 Mbps     0 retrans   5802 KB-cwnd
[2024-11-05T10:59:34.433666-0600]    21.1250 MB /   0.50 sec =  354.4378 Mbps    53 retrans  10357 KB-cwnd
[2024-11-05T10:59:34.933864-0600]    19.0000 MB /   0.50 sec =  318.6951 Mbps     0 retrans  10357 KB-cwnd
[2024-11-05T10:59:35.434198-0600]    18.1875 MB /   0.50 sec =  305.1936 Mbps     0 retrans  10357 KB-cwnd
[2024-11-05T10:59:35.933787-0600]    21.2500 MB /   0.50 sec =  356.4773 Mbps     0 retrans  10357 KB-cwnd
[2024-11-05T10:59:36.434150-0600]    18.4375 MB /   0.50 sec =  309.3157 Mbps  3977 retrans   9308 KB-cwnd
[2024-11-05T10:59:36.933769-0600]    19.5000 MB /   0.50 sec =  327.1982 Mbps     0 retrans   9308 KB-cwnd
[2024-11-05T10:59:37.433657-0600]    25.3125 MB /   0.50 sec =  424.7005 Mbps     0 retrans   9308 KB-cwnd
[2024-11-05T10:59:37.933659-0600]    21.7500 MB /   0.50 sec =  364.9103 Mbps     9 retrans   8445 KB-cwnd
[2024-11-05T10:59:38.434343-0600]    16.1250 MB /   0.50 sec =  270.4855 Mbps     0 retrans   8445 KB-cwnd
[2024-11-05T10:59:38.933755-0600]    20.3750 MB /   0.50 sec =  341.8358 Mbps     0 retrans   8445 KB-cwnd
[2024-11-05T10:59:39.434136-0600]    26.9375 MB /   0.50 sec =  451.6066 Mbps     0 retrans   8445 KB-cwnd
[2024-11-05T10:59:39.933942-0600]    16.2500 MB /   0.50 sec =  272.7170 Mbps    28 retrans   8278 KB-cwnd
[2024-11-05T10:59:40.433791-0600]    29.0625 MB /   0.50 sec =  487.7800 Mbps     0 retrans   8433 KB-cwnd
[2024-11-05T10:59:40.934132-0600]    20.5000 MB /   0.50 sec =  343.9728 Mbps     0 retrans   8442 KB-cwnd
[2024-11-05T10:59:41.433793-0600]    24.2500 MB /   0.50 sec =  406.7003 Mbps    13 retrans  10036 KB-cwnd
[2024-11-05T10:59:41.934444-0600]    10.5625 MB /   0.50 sec =  177.1431 Mbps     0 retrans  10096 KB-cwnd
[2024-11-05T10:59:42.434071-0600]    19.5000 MB /   0.50 sec =  327.3554 Mbps     0 retrans  10096 KB-cwnd
[2024-11-05T10:59:42.934012-0600]    25.0625 MB /   0.50 sec =  420.2579 Mbps     0 retrans  10096 KB-cwnd
[2024-11-05T10:59:43.434231-0600]    24.0625 MB /   0.50 sec =  403.7163 Mbps    58 retrans  14884 KB-cwnd
[2024-11-05T10:59:43.933972-0600]    20.5625 MB /   0.50 sec =  344.9939 Mbps     0 retrans  14884 KB-cwnd
[2024-11-05T10:59:44.434056-0600]    29.6875 MB /   0.50 sec =  498.3287 Mbps    20 retrans  18338 KB-cwnd
[2024-11-05T10:59:44.934114-0600]    10.1250 MB /   0.50 sec =  169.7457 Mbps     0 retrans  18338 KB-cwnd
[2024-11-05T10:59:45.433644-0600]    23.3750 MB /   0.50 sec =  392.4830 Mbps     0 retrans  18338 KB-cwnd
[2024-11-05T10:59:45.933776-0600]    14.8125 MB /   0.50 sec =  248.5105 Mbps     0 retrans  18338 KB-cwnd
[2024-11-05T10:59:46.433984-0600]    26.5000 MB /   0.50 sec =  444.6176 Mbps   303 retrans  17708 KB-cwnd
[2024-11-05T10:59:46.933745-0600]     3.7500 MB /   0.50 sec =   62.9202 Mbps     0 retrans  17708 KB-cwnd
[2024-11-05T10:59:47.435075-0600]    14.0000 MB /   0.50 sec =  234.4117 Mbps     0 retrans  17708 KB-cwnd
[2024-11-05T10:59:47.933800-0600]     9.4375 MB /   0.50 sec =  158.6132 Mbps     0 retrans  17708 KB-cwnd
[2024-11-05T10:59:48.434019-0600]    13.6250 MB /   0.50 sec =  228.6143 Mbps     0 retrans  17708 KB-cwnd
[2024-11-05T10:59:48.933845-0600]    14.0000 MB /   0.50 sec =  234.8829 Mbps     0 retrans  17708 KB-cwnd
[2024-11-05T10:59:49.433776-0600]    15.7500 MB /   0.50 sec =  264.2126 Mbps     0 retrans  17708 KB-cwnd
[2024-11-05T10:59:49.933758-0600]    19.0625 MB /   0.50 sec =  319.8387 Mbps     7 retrans  17726 KB-cwnd
[2024-11-05T10:59:50.433869-0600]    22.9375 MB /   0.50 sec =  384.8590 Mbps     0 retrans  17726 KB-cwnd
[2024-11-05T10:59:50.933813-0600]    19.7500 MB /   0.50 sec =  331.2990 Mbps     0 retrans  17726 KB-cwnd
[2024-11-05T10:59:51.433532-0600]    33.1875 MB /   0.50 sec =  556.9375 Mbps    14 retrans   5835 KB-cwnd
[2024-11-05T10:59:51.933817-0600]    20.9375 MB /   0.50 sec =  351.2154 Mbps    12 retrans   5839 KB-cwnd
[2024-11-05T10:59:52.433667-0600]    26.5625 MB /   0.50 sec =  445.6644 Mbps     0 retrans   5839 KB-cwnd
[2024-11-05T10:59:52.933765-0600]    24.0000 MB /   0.50 sec =  402.5880 Mbps    10 retrans  13504 KB-cwnd
[2024-11-05T10:59:53.433621-0600]    19.3125 MB /   0.50 sec =  324.0761 Mbps     0 retrans  13504 KB-cwnd
[2024-11-05T10:59:53.933774-0600]    19.1250 MB /   0.50 sec =  320.8367 Mbps     0 retrans  13504 KB-cwnd
[2024-11-05T10:59:54.433760-0600]    26.8750 MB /   0.50 sec =  450.8417 Mbps     5 retrans  15712 KB-cwnd
[2024-11-05T10:59:54.933753-0600]    25.4375 MB /   0.50 sec =  426.7858 Mbps     0 retrans  15712 KB-cwnd
[2024-11-05T10:59:55.433751-0600]    21.9375 MB /   0.50 sec =  368.1164 Mbps     0 retrans  15678 KB-cwnd
[2024-11-05T10:59:55.933608-0600]    25.8125 MB /   0.50 sec =  433.0524 Mbps     4 retrans  16554 KB-cwnd
[2024-11-05T10:59:56.433665-0600]    11.9375 MB /   0.50 sec =  200.2696 Mbps     0 retrans  16554 KB-cwnd
[2024-11-05T10:59:56.933764-0600]    28.1875 MB /   0.50 sec =  472.9040 Mbps     0 retrans  16554 KB-cwnd
[2024-11-05T10:59:57.433794-0600]    19.7500 MB /   0.50 sec =  331.3228 Mbps     0 retrans  16554 KB-cwnd
[2024-11-05T10:59:57.933745-0600]    23.0000 MB /   0.50 sec =  385.8968 Mbps    13 retrans   3492 KB-cwnd
[2024-11-05T10:59:58.433654-0600]    33.6875 MB /   0.50 sec =  565.2164 Mbps     0 retrans   3492 KB-cwnd
[2024-11-05T10:59:58.933749-0600]    32.5625 MB /   0.50 sec =  546.2731 Mbps     9 retrans  16714 KB-cwnd
[2024-11-05T10:59:59.433975-0600]    29.0000 MB /   0.50 sec =  486.4614 Mbps     0 retrans  16711 KB-cwnd
[2024-11-05T10:59:59.933669-0600]    29.6875 MB /   0.50 sec =  498.1882 Mbps  1615 retrans   6343 KB-cwnd
[2024-11-05T11:00:00.433667-0600]    28.0625 MB /   0.50 sec =  470.8116 Mbps     0 retrans   6343 KB-cwnd
[2024-11-05T11:00:00.933772-0600]    33.8750 MB /   0.50 sec =  568.3032 Mbps     0 retrans   6343 KB-cwnd
[2024-11-05T11:00:01.433604-0600]    23.5000 MB /   0.50 sec =  394.2606 Mbps     5 retrans  16455 KB-cwnd
[2024-11-05T11:00:01.934036-0600]    36.1875 MB /   0.50 sec =  606.7178 Mbps     0 retrans  16455 KB-cwnd
[2024-11-05T11:00:02.433734-0600]    24.6250 MB /   0.50 sec =  413.4118 Mbps     4 retrans  17849 KB-cwnd
[2024-11-05T11:00:02.933746-0600]    20.5000 MB /   0.50 sec =  343.9295 Mbps     0 retrans  17849 KB-cwnd
[2024-11-05T11:00:03.433725-0600]    13.6875 MB /   0.50 sec =  229.6579 Mbps     0 retrans  17849 KB-cwnd
[2024-11-05T11:00:03.933673-0600]     7.2500 MB /   0.50 sec =  121.6302 Mbps     0 retrans  17849 KB-cwnd
[2024-11-05T11:00:04.433751-0600]    15.6250 MB /   0.50 sec =  262.1063 Mbps     0 retrans  17849 KB-cwnd
[2024-11-05T11:00:04.933881-0600]    21.3125 MB /   0.50 sec =  357.6152 Mbps     4 retrans  15995 KB-cwnd
[2024-11-05T11:00:05.433898-0600]    24.0625 MB /   0.50 sec =  403.6017 Mbps     0 retrans  15995 KB-cwnd
[2024-11-05T11:00:05.933925-0600]    15.7500 MB /   0.50 sec =  264.2591 Mbps     0 retrans  15995 KB-cwnd
[2024-11-05T11:00:06.433788-0600]     4.9375 MB /   0.50 sec =   82.8397 Mbps     0 retrans  15995 KB-cwnd
[2024-11-05T11:00:06.933655-0600]    16.7500 MB /   0.50 sec =  281.0650 Mbps     0 retrans  15995 KB-cwnd
[2024-11-05T11:00:07.433877-0600]    18.8750 MB /   0.50 sec =  316.5933 Mbps     8 retrans  15872 KB-cwnd
[2024-11-05T11:00:07.934002-0600]    20.8125 MB /   0.50 sec =  349.2100 Mbps     0 retrans  15872 KB-cwnd
[2024-11-05T11:00:08.433599-0600]    12.1250 MB /   0.50 sec =  203.4616 Mbps     0 retrans  15872 KB-cwnd
[2024-11-05T11:00:08.933971-0600]     8.1250 MB /   0.50 sec =  136.2792 Mbps     0 retrans  15872 KB-cwnd
[2024-11-05T11:00:09.433789-0600]    19.1250 MB /   0.50 sec =  320.8732 Mbps   288 retrans  15965 KB-cwnd
[2024-11-05T11:00:09.933771-0600]    19.5625 MB /   0.50 sec =  328.2588 Mbps     0 retrans  16459 KB-cwnd
[2024-11-05T11:00:10.433905-0600]     7.6875 MB /   0.50 sec =  128.9462 Mbps     0 retrans  17831 KB-cwnd
[2024-11-05T11:00:10.935246-0600]    19.1250 MB /   0.50 sec =  319.9671 Mbps     0 retrans  18441 KB-cwnd
[2024-11-05T11:00:11.434024-0600]     6.6250 MB /   0.50 sec =  111.4187 Mbps     0 retrans  18812 KB-cwnd
[2024-11-05T11:00:11.933709-0600]    14.6875 MB /   0.50 sec =  246.5638 Mbps    10 retrans  16590 KB-cwnd
[2024-11-05T11:00:12.433548-0600]    16.9375 MB /   0.50 sec =  284.1942 Mbps     0 retrans  16590 KB-cwnd
[2024-11-05T11:00:12.933863-0600]    10.9375 MB /   0.50 sec =  183.4491 Mbps     0 retrans  16590 KB-cwnd
[2024-11-05T11:00:13.433736-0600]    12.6875 MB /   0.50 sec =  212.8920 Mbps     0 retrans  16590 KB-cwnd
[2024-11-05T11:00:13.933588-0600]     8.0625 MB /   0.50 sec =  135.2736 Mbps     0 retrans  16590 KB-cwnd
[2024-11-05T11:00:14.433882-0600]    19.2500 MB /   0.50 sec =  322.8949 Mbps     0 retrans  16590 KB-cwnd
[2024-11-05T11:00:14.933785-0600]    12.6250 MB /   0.50 sec =  211.8145 Mbps    43 retrans   5562 KB-cwnd
[2024-11-05T11:00:15.433794-0600]    15.6875 MB /   0.50 sec =  263.2415 Mbps     0 retrans   5562 KB-cwnd
[2024-11-05T11:00:15.933770-0600]    15.6875 MB /   0.50 sec =  263.1757 Mbps     0 retrans   6072 KB-cwnd
[2024-11-05T11:00:16.433655-0600]    10.9375 MB /   0.50 sec =  183.5169 Mbps     0 retrans   6072 KB-cwnd
[2024-11-05T11:00:16.934104-0600]    18.5625 MB /   0.50 sec =  311.1763 Mbps     0 retrans   6072 KB-cwnd
[2024-11-05T11:00:17.433859-0600]    24.3125 MB /   0.50 sec =  408.2038 Mbps     8 retrans   9049 KB-cwnd
[2024-11-05T11:00:17.934185-0600]    21.8750 MB /   0.50 sec =  366.6811 Mbps     0 retrans   9049 KB-cwnd
[2024-11-05T11:00:18.433562-0600]    22.3750 MB /   0.50 sec =  375.7630 Mbps     0 retrans   9049 KB-cwnd
[2024-11-05T11:00:18.933821-0600]    22.7500 MB /   0.50 sec =  381.5741 Mbps     8 retrans   1032 KB-cwnd
End time: 1730826019057
