Start time: 1730826235556
[2024-11-05T11:04:00.627016-0600] traceroute to 54.197.223.49 (54.197.223.49), 30 hops max, 60 byte packets
[2024-11-05T11:04:00.628000-0600]  1  * * *
[2024-11-05T11:04:00.628105-0600]  2  * * *
[2024-11-05T11:04:00.628187-0600]  3  * * *
[2024-11-05T11:04:00.628266-0600]  4  * * *
[2024-11-05T11:04:00.628344-0600]  5  * * *
[2024-11-05T11:04:05.635759-0600]  6  * * *
[2024-11-05T11:04:05.636162-0600]  7  * * *
[2024-11-05T11:04:05.644091-0600]  8  * * *
[2024-11-05T11:04:05.644296-0600]  9  * * *
[2024-11-05T11:04:05.644355-0600] 10  * * *
[2024-11-05T11:04:10.642417-0600] 11  * * *
[2024-11-05T11:04:10.644498-0600] 12  * * *
[2024-11-05T11:04:10.645792-0600] 13  * * *
[2024-11-05T11:04:10.646862-0600] 14  * * *
[2024-11-05T11:04:10.648717-0600] 15  * * *
[2024-11-05T11:04:15.646257-0600] 16  * * *
[2024-11-05T11:04:15.646496-0600] 17  * * *
[2024-11-05T11:04:15.646535-0600] 18  * * *
[2024-11-05T11:04:15.649658-0600] 19  * * *
[2024-11-05T11:04:15.649783-0600] 20  * * *
[2024-11-05T11:04:15.652569-0600] 21  * * *
[2024-11-05T11:04:20.650360-0600] 22  * * *
[2024-11-05T11:04:20.650531-0600] 23  * * *
[2024-11-05T11:04:20.653748-0600] 24  * * *
[2024-11-05T11:04:20.653959-0600] 25  * * *
[2024-11-05T11:04:20.654034-0600] 26  * * *
[2024-11-05T11:04:25.615955-0600] 27  * *End time: 1730826265659
