Start time: 1745180828449
Connecting to host 34.86.116.81, port 5209
Reverse mode, remote host 34.86.116.81 is sending
[  5] local 192.0.0.2 port 55954 connected to 34.86.116.81 port 5209
[ ID] Interval           Transfer     Bitrate
[  5]   0.00-0.10   sec  40.0 KBytes  3.27 Mbits/sec                  
[  5]   0.10-0.20   sec  71.9 KBytes  5.89 Mbits/sec                  
[  5]   0.20-0.30   sec   170 KBytes  13.8 Mbits/sec                  
[  5]   0.30-0.40   sec   390 KBytes  32.4 Mbits/sec                  
[  5]   0.40-0.50   sec   561 KBytes  46.0 Mbits/sec                  
[  5]   0.50-0.60   sec   916 KBytes  75.1 Mbits/sec                  
[  5]   0.60-0.70   sec  1.41 MBytes   118 Mbits/sec                  
[  5]   0.70-0.80   sec  1.70 MBytes   142 Mbits/sec                  
[  5]   0.80-0.90   sec  1.58 MBytes   133 Mbits/sec                  
[  5]   0.90-1.00   sec  1.41 MBytes   118 Mbits/sec                  
[  5]   1.00-1.10   sec  1.46 MBytes   122 Mbits/sec                  
[  5]   1.10-1.20   sec  1.46 MBytes   122 Mbits/sec                  
[  5]   1.20-1.30   sec  1.74 MBytes   146 Mbits/sec                  
[  5]   1.30-1.40   sec  1.80 MBytes   151 Mbits/sec                  
[  5]   1.40-1.50   sec  1.54 MBytes   130 Mbits/sec                  
[  5]   1.50-1.60   sec  1.71 MBytes   144 Mbits/sec                  
[  5]   1.60-1.70   sec  1.69 MBytes   142 Mbits/sec                  
[  5]   1.70-1.80   sec  1.78 MBytes   149 Mbits/sec                  
[  5]   1.80-1.90   sec  1.79 MBytes   150 Mbits/sec                  
[  5]   1.90-2.00   sec  1.84 MBytes   154 Mbits/sec                  
[  5]   2.00-2.10   sec  1.78 MBytes   149 Mbits/sec                  
[  5]   2.10-2.20   sec  1.14 MBytes  95.4 Mbits/sec                  
[  5]   2.20-2.30   sec  1.77 MBytes   148 Mbits/sec                  
[  5]   2.30-2.40   sec  1.28 MBytes   107 Mbits/sec                  
[  5]   2.40-2.50   sec  1.18 MBytes  99.3 Mbits/sec                  
[  5]   2.50-2.60   sec  1.65 MBytes   138 Mbits/sec                  
[  5]   2.60-2.70   sec  1.73 MBytes   145 Mbits/sec                  
[  5]   2.70-2.80   sec  1.72 MBytes   144 Mbits/sec                  
[  5]   2.80-2.90   sec  1.59 MBytes   133 Mbits/sec                  
[  5]   2.90-3.00   sec  1.46 MBytes   123 Mbits/sec                  
[  5]   3.00-3.10   sec  1.24 MBytes   104 Mbits/sec                  
[  5]   3.10-3.20   sec  1.53 MBytes   129 Mbits/sec                  
[  5]   3.20-3.30   sec  1.21 MBytes   101 Mbits/sec                  
[  5]   3.30-3.40   sec  1.36 MBytes   114 Mbits/sec                  
[  5]   3.40-3.50   sec  1.01 MBytes  84.8 Mbits/sec                  
[  5]   3.50-3.60   sec   381 KBytes  31.2 Mbits/sec                  
[  5]   3.60-3.70   sec  1.51 MBytes   126 Mbits/sec                  
[  5]   3.70-3.80   sec  1.71 MBytes   144 Mbits/sec                  
[  5]   3.80-3.90   sec  1.68 MBytes   141 Mbits/sec                  
[  5]   3.90-4.00   sec  1.18 MBytes  98.9 Mbits/sec                  
[  5]   4.00-4.10   sec  1.41 MBytes   118 Mbits/sec                  
[  5]   4.10-4.20   sec  1.25 MBytes   105 Mbits/sec                  
[  5]   4.20-4.30   sec  1.43 MBytes   120 Mbits/sec                  
[  5]   4.30-4.40   sec  1.35 MBytes   113 Mbits/sec                  
[  5]   4.40-4.50   sec  1.45 MBytes   121 Mbits/sec                  
[  5]   4.50-4.60   sec  1.63 MBytes   136 Mbits/sec                  
[  5]   4.60-4.70   sec  1.78 MBytes   149 Mbits/sec                  
[  5]   4.70-4.80   sec  1.38 MBytes   116 Mbits/sec                  
[  5]   4.80-4.90   sec  1.27 MBytes   107 Mbits/sec                  
[  5]   4.90-5.00   sec   946 KBytes  77.5 Mbits/sec                  
- - - - - - - - - - - - - - - - - - - - - - - - -
[ ID] Interval           Transfer     Bitrate         Retr
[  5]   0.00-5.14   sec   346 MBytes   565 Mbits/sec    0             sender
[  5]   0.00-5.00   sec  67.0 MBytes   112 Mbits/sec                  receiver

iperf Done.
End time: 1745180834492
