Start time: 1730697950404
[2024-11-03T22:25:55.466401-0700] traceroute to 54.176.53.206 (54.176.53.206), 30 hops max, 60 byte packets
[2024-11-03T22:25:55.467120-0700]  1  * * *
[2024-11-03T22:25:55.467170-0700]  2  * * *
[2024-11-03T22:25:55.467205-0700]  3  * * *
[2024-11-03T22:25:55.467237-0700]  4  * * *
[2024-11-03T22:25:55.467269-0700]  5  * * *
[2024-11-03T22:26:00.473401-0700]  6  * * *
[2024-11-03T22:26:00.473585-0700]  7  * * *
[2024-11-03T22:26:00.473623-0700]  8  * * *
[2024-11-03T22:26:00.473654-0700]  9  * * *
[2024-11-03T22:26:00.478216-0700] 10  * * *
[2024-11-03T22:26:05.481375-0700] 11  * * *
[2024-11-03T22:26:05.481815-0700] 12  * * *
[2024-11-03T22:26:05.481934-0700] 13  * * *
[2024-11-03T22:26:05.482025-0700] 14  * * *
[2024-11-03T22:26:05.482107-0700] 15  * * *
[2024-11-03T22:26:10.489820-0700] 16  * * *
[2024-11-03T22:26:10.490189-0700] 17  * * *
[2024-11-03T22:26:10.494483-0700] 18  * * *
[2024-11-03T22:26:10.494565-0700] 19  * * *
[2024-11-03T22:26:10.499085-0700] 20  * * *
[2024-11-03T22:26:10.499495-0700] 21  * * *
[2024-11-03T22:26:15.498204-0700] 22  * * *
[2024-11-03T22:26:15.498651-0700] 23  * * *
[2024-11-03T22:26:15.498799-0700] 24  * * *
[2024-11-03T22:26:15.511753-0700] 25  * * *
[2024-11-03T22:26:15.512275-0700] 26  * * *
[2024-11-03T22:26:20.455694-0700] 27  * *End time: 1730697980506
