Start time: 1745268777894
Connecting to host 34.86.116.81, port 5207
Reverse mode, remote host 34.86.116.81 is sending
[  5] local 192.0.0.2 port 57490 connected to 34.86.116.81 port 5207
[ ID] Interval           Transfer     Bitrate
[  5]   0.00-0.10   sec  55.9 KBytes  4.58 Mbits/sec                  
[  5]   0.10-0.20   sec   125 KBytes  10.3 Mbits/sec                  
[  5]   0.20-0.30   sec   274 KBytes  22.5 Mbits/sec                  
[  5]   0.30-0.40   sec   218 KBytes  17.9 Mbits/sec                  
[  5]   0.40-0.50   sec   709 KBytes  58.1 Mbits/sec                  
[  5]   0.50-0.60   sec   818 KBytes  67.0 Mbits/sec                  
[  5]   0.60-0.70   sec  2.29 MBytes   192 Mbits/sec                  
[  5]   0.70-0.80   sec  1.84 MBytes   154 Mbits/sec                  
[  5]   0.80-0.90   sec  3.72 MBytes   312 Mbits/sec                  
[  5]   0.90-1.00   sec  2.77 MBytes   232 Mbits/sec                  
[  5]   1.00-1.10   sec  2.63 MBytes   221 Mbits/sec                  
[  5]   1.10-1.20   sec  3.89 MBytes   323 Mbits/sec                  
[  5]   1.20-1.30   sec  2.83 MBytes   240 Mbits/sec                  
[  5]   1.30-1.40   sec  2.54 MBytes   213 Mbits/sec                  
[  5]   1.40-1.50   sec  2.87 MBytes   241 Mbits/sec                  
[  5]   1.50-1.60   sec  2.63 MBytes   221 Mbits/sec                  
[  5]   1.60-1.70   sec  3.27 MBytes   274 Mbits/sec                  
[  5]   1.70-1.80   sec  3.03 MBytes   254 Mbits/sec                  
[  5]   1.80-1.90   sec  5.51 MBytes   462 Mbits/sec                  
[  5]   1.90-2.00   sec  3.99 MBytes   335 Mbits/sec                  
[  5]   2.00-2.10   sec  3.44 MBytes   288 Mbits/sec                  
[  5]   2.10-2.20   sec  4.14 MBytes   347 Mbits/sec                  
[  5]   2.20-2.30   sec  3.85 MBytes   323 Mbits/sec                  
[  5]   2.30-2.40   sec  4.21 MBytes   353 Mbits/sec                  
[  5]   2.40-2.50   sec  4.26 MBytes   357 Mbits/sec                  
[  5]   2.50-2.60   sec  4.66 MBytes   391 Mbits/sec                  
[  5]   2.60-2.70   sec  4.92 MBytes   413 Mbits/sec                  
[  5]   2.70-2.80   sec  5.00 MBytes   419 Mbits/sec                  
[  5]   2.80-2.90   sec  5.15 MBytes   432 Mbits/sec                  
[  5]   2.90-3.00   sec  5.95 MBytes   499 Mbits/sec                  
[  5]   3.00-3.10   sec  5.71 MBytes   478 Mbits/sec                  
[  5]   3.10-3.20   sec  6.17 MBytes   504 Mbits/sec                  
[  5]   3.20-3.30   sec  5.73 MBytes   494 Mbits/sec                  
[  5]   3.30-3.40   sec  6.04 MBytes   506 Mbits/sec                  
[  5]   3.40-3.50   sec  6.79 MBytes   569 Mbits/sec                  
[  5]   3.50-3.60   sec  7.51 MBytes   631 Mbits/sec                  
[  5]   3.60-3.70   sec  6.78 MBytes   569 Mbits/sec                  
[  5]   3.70-3.80   sec  8.45 MBytes   688 Mbits/sec                  
[  5]   3.80-3.90   sec  7.65 MBytes   661 Mbits/sec                  
[  5]   3.90-4.00   sec  6.80 MBytes   569 Mbits/sec                  
[  5]   4.00-4.10   sec  8.02 MBytes   675 Mbits/sec                  
[  5]   4.10-4.20   sec  8.36 MBytes   701 Mbits/sec                  
[  5]   4.20-4.30   sec  7.88 MBytes   660 Mbits/sec                  
[  5]   4.30-4.40   sec  4.99 MBytes   419 Mbits/sec                  
[  5]   4.40-4.50   sec  0.00 Bytes  0.00 bits/sec                  
[  5]   4.50-4.60   sec  0.00 Bytes  0.00 bits/sec                  
[  5]   4.60-4.70   sec  12.5 MBytes  1.05 Gbits/sec                  
[  5]   4.70-4.80   sec  6.88 MBytes   577 Mbits/sec                  
[  5]   4.80-4.90   sec  7.80 MBytes   655 Mbits/sec                  
[  5]   4.90-5.00   sec  8.55 MBytes   717 Mbits/sec                  
- - - - - - - - - - - - - - - - - - - - - - - - -
[ ID] Interval           Transfer     Bitrate         Retr
[  5]   0.00-5.17   sec   504 MBytes   817 Mbits/sec    0             sender
[  5]   0.00-5.00   sec   224 MBytes   376 Mbits/sec                  receiver

iperf Done.
End time: 1745268783744
