Start time: 1731088041186
[2024-11-08T12:47:22.102990-0500] nuttcp-r: v8.1.4: socket
[2024-11-08T12:47:22.103489-0500] nuttcp-r: buflen=65536, nstream=1, port=5379 tcp
[2024-11-08T12:47:22.103527-0500] nuttcp-r: interval reporting every 0.50 seconds
[2024-11-08T12:47:22.103555-0500] nuttcp-r: connect to 54.197.223.49 with RTT=68.347 ms af=inet
[2024-11-08T12:47:22.103583-0500] nuttcp-r: send window size = 2097152, receive window size = 6291456
[2024-11-08T12:47:22.103609-0500] nuttcp-r: available send window = 1572864, available receive window = 4718592
[2024-11-08T12:47:22.103634-0500]     0.5625 MB /   0.50 sec =    9.4362 Mbps     0 retrans     13 KB-cwnd
[2024-11-08T12:47:22.603171-0500]     8.2500 MB /   0.50 sec =  138.3987 Mbps     0 retrans     13 KB-cwnd
[2024-11-08T12:47:23.103054-0500]    15.8750 MB /   0.50 sec =  266.3074 Mbps     0 retrans     13 KB-cwnd
[2024-11-08T12:47:23.604386-0500]    20.1250 MB /   0.50 sec =  336.9992 Mbps     0 retrans     13 KB-cwnd
[2024-11-08T12:47:24.103096-0500]    15.6875 MB /   0.50 sec =  263.7295 Mbps     0 retrans     13 KB-cwnd
[2024-11-08T12:47:24.602952-0500]    16.7500 MB /   0.50 sec =  281.0358 Mbps     0 retrans     13 KB-cwnd
[2024-11-08T12:47:25.102823-0500]    24.8125 MB /   0.50 sec =  416.3188 Mbps     0 retrans     13 KB-cwnd
[2024-11-08T12:47:25.603914-0500]    25.7500 MB /   0.50 sec =  431.5714 Mbps     0 retrans     13 KB-cwnd
[2024-11-08T12:47:26.102977-0500]    31.5000 MB /   0.50 sec =  528.9626 Mbps     0 retrans     13 KB-cwnd
[2024-11-08T12:47:26.602928-0500]    30.3125 MB /   0.50 sec =  508.6092 Mbps     0 retrans     26 KB-cwnd
[2024-11-08T12:47:27.103588-0500]    24.2500 MB /   0.50 sec =  406.3720 Mbps     0 retrans     26 KB-cwnd
[2024-11-08T12:47:27.603161-0500]    36.7500 MB /   0.50 sec =  617.2688 Mbps     0 retrans     26 KB-cwnd
[2024-11-08T12:47:28.103487-0500]    30.1250 MB /   0.50 sec =  504.8795 Mbps     0 retrans     26 KB-cwnd
[2024-11-08T12:47:28.605034-0500]    36.0000 MB /   0.50 sec =  602.7117 Mbps     0 retrans     26 KB-cwnd
[2024-11-08T12:47:29.103645-0500]    37.5625 MB /   0.50 sec =  631.6090 Mbps     0 retrans     26 KB-cwnd
[2024-11-08T12:47:29.603155-0500]    20.1250 MB /   0.50 sec =  337.8401 Mbps     0 retrans     29 KB-cwnd
[2024-11-08T12:47:30.103968-0500]    44.2500 MB /   0.50 sec =  741.1171 Mbps  3455 retrans  10128 KB-cwnd
[2024-11-08T12:47:30.604717-0500]    28.6250 MB /   0.50 sec =  479.9675 Mbps     0 retrans  10128 KB-cwnd
[2024-11-08T12:47:31.103387-0500]    34.9375 MB /   0.50 sec =  587.1968 Mbps     0 retrans  10128 KB-cwnd
[2024-11-08T12:47:31.603139-0500]    36.7500 MB /   0.50 sec =  617.1119 Mbps   295 retrans  23619 KB-cwnd
[2024-11-08T12:47:32.103913-0500]    13.3750 MB /   0.50 sec =  223.9563 Mbps     0 retrans  23619 KB-cwnd
[2024-11-08T12:47:32.604163-0500]    12.8125 MB /   0.50 sec =  214.8764 Mbps     0 retrans  23619 KB-cwnd
[2024-11-08T12:47:33.103065-0500]    35.4375 MB /   0.50 sec =  595.8487 Mbps   143 retrans  19648 KB-cwnd
[2024-11-08T12:47:33.603526-0500]    47.5000 MB /   0.50 sec =  796.1710 Mbps   106 retrans  17361 KB-cwnd
[2024-11-08T12:47:34.104821-0500]    32.5000 MB /   0.50 sec =  544.2896 Mbps     0 retrans  17255 KB-cwnd
[2024-11-08T12:47:34.604029-0500]    28.6250 MB /   0.50 sec =  480.5775 Mbps   653 retrans  12218 KB-cwnd
[2024-11-08T12:47:35.103478-0500]    37.6875 MB /   0.50 sec =  633.0332 Mbps     0 retrans  12218 KB-cwnd
[2024-11-08T12:47:35.603129-0500]    29.9375 MB /   0.50 sec =  502.6137 Mbps    23 retrans  22394 KB-cwnd
[2024-11-08T12:47:36.103202-0500]    41.7500 MB /   0.50 sec =  700.3241 Mbps    45 retrans  12236 KB-cwnd
[2024-11-08T12:47:36.603484-0500]    39.3750 MB /   0.50 sec =  660.2503 Mbps     0 retrans  12283 KB-cwnd
[2024-11-08T12:47:37.103052-0500]    36.6250 MB /   0.50 sec =  614.9649 Mbps    74 retrans  22828 KB-cwnd
[2024-11-08T12:47:37.603703-0500]    35.9375 MB /   0.50 sec =  602.1881 Mbps     0 retrans  22828 KB-cwnd
[2024-11-08T12:47:38.103406-0500]    37.8125 MB /   0.50 sec =  634.7363 Mbps    27 retrans  16375 KB-cwnd
[2024-11-08T12:47:38.603021-0500]    57.3125 MB /   0.50 sec =  962.2351 Mbps     5 retrans  21850 KB-cwnd
[2024-11-08T12:47:39.103383-0500]    57.5000 MB /   0.50 sec =  964.8153 Mbps   171 retrans  25361 KB-cwnd
[2024-11-08T12:47:39.603520-0500]    43.9375 MB /   0.50 sec =  736.3698 Mbps     0 retrans  20326 KB-cwnd
[2024-11-08T12:47:40.103042-0500]    35.4375 MB /   0.50 sec =  595.0805 Mbps     0 retrans  20326 KB-cwnd
[2024-11-08T12:47:40.603848-0500]    32.2500 MB /   0.50 sec =  540.7646 Mbps     0 retrans  19210 KB-cwnd
[2024-11-08T12:47:41.103519-0500]    30.8125 MB /   0.50 sec =  516.7661 Mbps     0 retrans  19210 KB-cwnd
[2024-11-08T12:47:41.603669-0500]    47.0625 MB /   0.50 sec =  789.9111 Mbps    13 retrans  19214 KB-cwnd
[2024-11-08T12:47:42.103492-0500]    38.8750 MB /   0.50 sec =  651.9952 Mbps     0 retrans  19214 KB-cwnd
[2024-11-08T12:47:42.603840-0500]    14.1250 MB /   0.50 sec =  236.7788 Mbps   147 retrans  25039 KB-cwnd
[2024-11-08T12:47:43.103137-0500]    45.7500 MB /   0.50 sec =  768.7400 Mbps     0 retrans  25042 KB-cwnd
[2024-11-08T12:47:43.603234-0500]    36.4375 MB /   0.50 sec =  611.3675 Mbps    38 retrans  25204 KB-cwnd
[2024-11-08T12:47:44.103330-0500]    37.3125 MB /   0.50 sec =  625.6608 Mbps    71 retrans      5 KB-cwnd
[2024-11-08T12:47:44.603011-0500]    41.0000 MB /   0.50 sec =  688.3146 Mbps     2 retrans      5 KB-cwnd
[2024-11-08T12:47:45.102990-0500]    34.9375 MB /   0.50 sec =  586.1739 Mbps    14 retrans  19159 KB-cwnd
[2024-11-08T12:47:45.603151-0500]    19.5625 MB /   0.50 sec =  328.1006 Mbps     0 retrans  19159 KB-cwnd
[2024-11-08T12:47:46.103099-0500]    17.6875 MB /   0.50 sec =  296.7814 Mbps     0 retrans  19162 KB-cwnd
[2024-11-08T12:47:46.602968-0500]    36.2500 MB /   0.50 sec =  608.3310 Mbps    75 retrans  21853 KB-cwnd
[2024-11-08T12:47:47.103098-0500]    40.6250 MB /   0.50 sec =  681.6248 Mbps     0 retrans  15709 KB-cwnd
[2024-11-08T12:47:47.602944-0500]    34.9375 MB /   0.50 sec =  586.1258 Mbps     0 retrans  14268 KB-cwnd
[2024-11-08T12:47:48.103202-0500]    36.6875 MB /   0.50 sec =  615.2520 Mbps  4606 retrans  17558 KB-cwnd
[2024-11-08T12:47:48.603298-0500]    44.1250 MB /   0.50 sec =  740.0564 Mbps     0 retrans  17558 KB-cwnd
[2024-11-08T12:47:49.102939-0500]    33.5625 MB /   0.50 sec =  563.4843 Mbps     2 retrans  17510 KB-cwnd
[2024-11-08T12:47:49.603003-0500]    49.4375 MB /   0.50 sec =  829.4535 Mbps     2 retrans  15819 KB-cwnd
[2024-11-08T12:47:50.103139-0500]    29.7500 MB /   0.50 sec =  499.1132 Mbps     0 retrans  15819 KB-cwnd
[2024-11-08T12:47:50.603227-0500]    37.0625 MB /   0.50 sec =  621.5383 Mbps    10 retrans  18768 KB-cwnd
[2024-11-08T12:47:51.104010-0500]    26.5625 MB /   0.50 sec =  444.9107 Mbps     0 retrans  18768 KB-cwnd
[2024-11-08T12:47:51.603066-0500]    41.4375 MB /   0.50 sec =  696.7052 Mbps    19 retrans  21714 KB-cwnd
[2024-11-08T12:47:52.102927-0500]    51.6250 MB /   0.50 sec =  866.0649 Mbps    30 retrans  20769 KB-cwnd
[2024-11-08T12:47:52.602875-0500]    51.6875 MB /   0.50 sec =  867.2140 Mbps   118 retrans  20134 KB-cwnd
[2024-11-08T12:47:53.102928-0500]    14.3125 MB /   0.50 sec =  240.1124 Mbps     0 retrans  20134 KB-cwnd
[2024-11-08T12:47:53.602895-0500]    40.0625 MB /   0.50 sec =  672.1466 Mbps     0 retrans  20134 KB-cwnd
[2024-11-08T12:47:54.102944-0500]    31.0000 MB /   0.50 sec =  520.0833 Mbps     0 retrans  16906 KB-cwnd
[2024-11-08T12:47:54.603037-0500]    37.1875 MB /   0.50 sec =  623.9015 Mbps     0 retrans      5 KB-cwnd
[2024-11-08T12:47:55.102952-0500]    32.2500 MB /   0.50 sec =  541.0652 Mbps     0 retrans      5 KB-cwnd
[2024-11-08T12:47:55.604014-0500]    32.4375 MB /   0.50 sec =  543.0792 Mbps    57 retrans  12248 KB-cwnd
[2024-11-08T12:47:56.103162-0500]    33.3125 MB /   0.50 sec =  560.0604 Mbps     0 retrans  12248 KB-cwnd
[2024-11-08T12:47:56.603040-0500]    40.2500 MB /   0.50 sec =  675.1533 Mbps    37 retrans  23265 KB-cwnd
[2024-11-08T12:47:57.102941-0500]    18.6875 MB /   0.50 sec =  313.5926 Mbps     0 retrans  23265 KB-cwnd
[2024-11-08T12:47:57.603138-0500]    13.3750 MB /   0.50 sec =  224.3118 Mbps     0 retrans  23265 KB-cwnd
[2024-11-08T12:47:58.102937-0500]    28.5000 MB /   0.50 sec =  478.3200 Mbps    64 retrans  22913 KB-cwnd
[2024-11-08T12:47:58.603077-0500]    22.4375 MB /   0.50 sec =  376.3507 Mbps     0 retrans  22913 KB-cwnd
[2024-11-08T12:47:59.103511-0500]    17.7500 MB /   0.50 sec =  297.5843 Mbps     0 retrans  22913 KB-cwnd
[2024-11-08T12:47:59.603113-0500]    21.5625 MB /   0.50 sec =  361.9991 Mbps    68 retrans  23832 KB-cwnd
[2024-11-08T12:48:00.102939-0500]    31.0000 MB /   0.50 sec =  520.2331 Mbps     0 retrans  23832 KB-cwnd
[2024-11-08T12:48:00.602961-0500]    23.1875 MB /   0.50 sec =  389.0108 Mbps   598 retrans  21578 KB-cwnd
[2024-11-08T12:48:01.103087-0500]    20.6875 MB /   0.50 sec =  347.0120 Mbps     0 retrans  21578 KB-cwnd
[2024-11-08T12:48:01.603071-0500]    15.5625 MB /   0.50 sec =  261.0845 Mbps     0 retrans  21578 KB-cwnd
[2024-11-08T12:48:02.102952-0500]    19.3750 MB /   0.50 sec =  325.1529 Mbps   413 retrans  13089 KB-cwnd
[2024-11-08T12:48:02.603109-0500]    33.8125 MB /   0.50 sec =  567.2694 Mbps     0 retrans  13089 KB-cwnd
[2024-11-08T12:48:03.102926-0500]    26.7500 MB /   0.50 sec =  448.7950 Mbps   157 retrans  13577 KB-cwnd
[2024-11-08T12:48:03.603119-0500]    31.3750 MB /   0.50 sec =  526.4083 Mbps     0 retrans  15238 KB-cwnd
[2024-11-08T12:48:04.102937-0500]    24.8750 MB /   0.50 sec =  417.3132 Mbps   421 retrans  14407 KB-cwnd
[2024-11-08T12:48:04.602928-0500]    28.3750 MB /   0.50 sec =  476.0526 Mbps     0 retrans  14409 KB-cwnd
[2024-11-08T12:48:05.103057-0500]    27.5000 MB /   0.50 sec =  461.2720 Mbps     0 retrans  14409 KB-cwnd
[2024-11-08T12:48:05.602939-0500]    21.1250 MB /   0.50 sec =  354.5024 Mbps     4 retrans  13632 KB-cwnd
[2024-11-08T12:48:06.102912-0500]    22.2500 MB /   0.50 sec =  373.2931 Mbps     0 retrans  13632 KB-cwnd
[2024-11-08T12:48:06.603084-0500]    20.4375 MB /   0.50 sec =  342.8021 Mbps    78 retrans  17076 KB-cwnd
[2024-11-08T12:48:07.103072-0500]    26.3125 MB /   0.50 sec =  441.4399 Mbps     0 retrans  17076 KB-cwnd
[2024-11-08T12:48:07.603122-0500]    24.3750 MB /   0.50 sec =  408.9389 Mbps     0 retrans  17076 KB-cwnd
[2024-11-08T12:48:08.103178-0500]    21.0000 MB /   0.50 sec =  352.3434 Mbps   284 retrans  12278 KB-cwnd
[2024-11-08T12:48:08.603100-0500]    17.9375 MB /   0.50 sec =  300.9172 Mbps     0 retrans  12278 KB-cwnd
[2024-11-08T12:48:09.103032-0500]    17.1875 MB /   0.50 sec =  288.3878 Mbps     0 retrans  12278 KB-cwnd
[2024-11-08T12:48:09.602986-0500]    31.1875 MB /   0.50 sec =  523.3661 Mbps   107 retrans  12238 KB-cwnd
[2024-11-08T12:48:10.103037-0500]    13.0000 MB /   0.50 sec =  218.0454 Mbps     0 retrans  12238 KB-cwnd
[2024-11-08T12:48:10.603057-0500]    24.9375 MB /   0.50 sec =  418.3802 Mbps     0 retrans  12238 KB-cwnd
[2024-11-08T12:48:11.102941-0500]    27.8125 MB /   0.50 sec =  466.7125 Mbps   213 retrans  15371 KB-cwnd
[2024-11-08T12:48:11.602956-0500]    22.8750 MB /   0.50 sec =  383.7665 Mbps     0 retrans  15371 KB-cwnd
[2024-11-08T12:48:12.102940-0500]    20.4375 MB /   0.50 sec =  342.8857 Mbps   399 retrans  10501 KB-cwnd
[2024-11-08T12:48:12.603118-0500]    25.5000 MB /   0.50 sec =  427.8370 Mbps     0 retrans  11394 KB-cwnd
[2024-11-08T12:48:13.102949-0500]    18.3125 MB /   0.50 sec =  307.2205 Mbps     0 retrans  11895 KB-cwnd
[2024-11-08T12:48:13.603246-0500]    16.6250 MB /   0.50 sec =  278.8889 Mbps   234 retrans  13617 KB-cwnd
[2024-11-08T12:48:14.102923-0500]    28.3125 MB /   0.50 sec =  475.0781 Mbps     0 retrans  13617 KB-cwnd
[2024-11-08T12:48:14.602969-0500]    25.6875 MB /   0.50 sec =  430.9596 Mbps     0 retrans  13617 KB-cwnd
[2024-11-08T12:48:15.103099-0500]    14.3750 MB /   0.50 sec =  241.1185 Mbps   139 retrans  11684 KB-cwnd
[2024-11-08T12:48:15.602957-0500]    27.1250 MB /   0.50 sec =  455.1666 Mbps     0 retrans  11684 KB-cwnd
[2024-11-08T12:48:16.103091-0500]    14.5625 MB /   0.50 sec =  244.2742 Mbps     0 retrans  11684 KB-cwnd
[2024-11-08T12:48:16.603128-0500]    15.5000 MB /   0.50 sec =  260.0349 Mbps    91 retrans   7584 KB-cwnd
[2024-11-08T12:48:17.102923-0500]    16.4375 MB /   0.50 sec =  275.8511 Mbps     0 retrans   7599 KB-cwnd
[2024-11-08T12:48:17.602979-0500]    21.1875 MB /   0.50 sec =  355.4552 Mbps     0 retrans   7764 KB-cwnd
[2024-11-08T12:48:18.103015-0500]     6.8750 MB /   0.50 sec =  115.3334 Mbps     0 retrans   7764 KB-cwnd
[2024-11-08T12:48:18.603033-0500]    13.8750 MB /   0.50 sec =  232.8006 Mbps    62 retrans   8181 KB-cwnd
[2024-11-08T12:48:19.102858-0500]    25.5000 MB /   0.50 sec =  427.8592 Mbps     9 retrans   8564 KB-cwnd
[2024-11-08T12:48:19.602988-0500]    17.7500 MB /   0.50 sec =  297.7688 Mbps     0 retrans   8698 KB-cwnd
[2024-11-08T12:48:20.103441-0500]    28.3125 MB /   0.50 sec =  474.7391 Mbps   339 retrans  11255 KB-cwnd
[2024-11-08T12:48:20.603163-0500]    28.4375 MB /   0.50 sec =  477.2873 Mbps     0 retrans  11255 KB-cwnd
[2024-11-08T12:48:21.102928-0500]    32.8125 MB /   0.50 sec =  550.6180 Mbps   166 retrans   7556 KB-cwnd
[2024-11-08T12:48:21.603506-0500]    21.7500 MB /   0.50 sec =  364.8753 Mbps     0 retrans   7556 KB-cwnd
[2024-11-08T12:48:22.102983-0500]    17.1250 MB /   0.50 sec =  287.3363 Mbps     0 retrans   7556 KB-cwnd
[2024-11-08T12:48:22.602918-0500]    19.1875 MB /   0.50 sec =  321.9135 Mbps     6 retrans  10640 KB-cwnd
[2024-11-08T12:48:23.102928-0500]    18.3125 MB /   0.50 sec =  307.2297 Mbps     0 retrans  10640 KB-cwnd
[2024-11-08T12:48:23.603415-0500]    17.6875 MB /   0.50 sec =  296.7304 Mbps     0 retrans  10677 KB-cwnd
[2024-11-08T12:48:24.102992-0500]    15.2500 MB /   0.50 sec =  255.8454 Mbps     0 retrans  10142 KB-cwnd
[2024-11-08T12:48:24.602894-0500]    27.7500 MB /   0.50 sec =  465.6078 Mbps     0 retrans  10144 KB-cwnd
[2024-11-08T12:48:25.102933-0500]    27.6250 MB /   0.50 sec =  463.4715 Mbps   441 retrans  10359 KB-cwnd
[2024-11-08T12:48:25.602930-0500]    28.3125 MB /   0.50 sec =  475.0002 Mbps     0 retrans  11253 KB-cwnd
[2024-11-08T12:48:26.103007-0500]    13.3750 MB /   0.50 sec =  224.3688 Mbps     0 retrans  11253 KB-cwnd
[2024-11-08T12:48:26.603430-0500]    24.6250 MB /   0.50 sec =  412.8244 Mbps  1406 retrans  12178 KB-cwnd
[2024-11-08T12:48:27.103168-0500]    21.5625 MB /   0.50 sec =  361.9296 Mbps     0 retrans  12181 KB-cwnd
[2024-11-08T12:48:27.603107-0500]    31.1250 MB /   0.50 sec =  522.4092 Mbps     0 retrans  12233 KB-cwnd
[2024-11-08T12:48:28.103079-0500]    22.1250 MB /   0.50 sec =  371.0972 Mbps   101 retrans  14702 KB-cwnd
[2024-11-08T12:48:28.602944-0500]    23.5625 MB /   0.50 sec =  395.4152 Mbps     0 retrans  14702 KB-cwnd
[2024-11-08T12:48:29.103258-0500]    20.3750 MB /   0.50 sec =  341.6793 Mbps     0 retrans  14702 KB-cwnd
[2024-11-08T12:48:29.602899-0500]    16.6875 MB /   0.50 sec =  280.1042 Mbps   109 retrans  12505 KB-cwnd
[2024-11-08T12:48:30.103147-0500]    17.9375 MB /   0.50 sec =  300.9359 Mbps     0 retrans  12505 KB-cwnd
[2024-11-08T12:48:30.603151-0500]     8.9375 MB /   0.50 sec =  149.9008 Mbps     0 retrans  12505 KB-cwnd
[2024-11-08T12:48:31.103076-0500]     3.6875 MB /   0.50 sec =   61.8678 Mbps     0 retrans  12505 KB-cwnd
[2024-11-08T12:48:31.603208-0500]     8.3125 MB /   0.50 sec =  139.4734 Mbps     0 retrans  12505 KB-cwnd
[2024-11-08T12:48:32.103109-0500]     2.5000 MB /   0.50 sec =   41.9482 Mbps     0 retrans  12505 KB-cwnd
[2024-11-08T12:48:32.603062-0500]    11.6875 MB /   0.50 sec =  196.0943 Mbps    53 retrans   9260 KB-cwnd
[2024-11-08T12:48:33.103186-0500]     0.0000 MB /   0.50 sec =    0.0000 Mbps     0 retrans   9260 KB-cwnd
[2024-11-08T12:48:33.603277-0500]    11.4375 MB /   0.50 sec =  191.8863 Mbps     0 retrans   9260 KB-cwnd
[2024-11-08T12:48:34.104014-0500]     4.1875 MB /   0.50 sec =   70.1375 Mbps     0 retrans   9260 KB-cwnd
[2024-11-08T12:48:34.603176-0500]     4.6875 MB /   0.50 sec =   78.7694 Mbps     0 retrans   9260 KB-cwnd
[2024-11-08T12:48:35.104491-0500]     8.3750 MB /   0.50 sec =  140.1921 Mbps     0 retrans   9260 KB-cwnd
[2024-11-08T12:48:35.603166-0500]     5.3750 MB /   0.50 sec =   90.4338 Mbps     0 retrans   9260 KB-cwnd
[2024-11-08T12:48:36.103181-0500]     0.0625 MB /   0.50 sec =    1.0481 Mbps     0 retrans   9260 KB-cwnd
[2024-11-08T12:48:36.604130-0500]     0.6250 MB /   0.50 sec =   10.4661 Mbps     0 retrans   9260 KB-cwnd
[2024-11-08T12:48:37.104059-0500]     1.2500 MB /   0.50 sec =   20.9734 Mbps     0 retrans   9260 KB-cwnd
[2024-11-08T12:48:37.602993-0500]     4.6875 MB /   0.50 sec =   78.8078 Mbps     0 retrans   9260 KB-cwnd
[2024-11-08T12:48:38.103882-0500]     2.1875 MB /   0.50 sec =   36.6348 Mbps     0 retrans   9260 KB-cwnd
[2024-11-08T12:48:38.604256-0500]     1.0000 MB /   0.50 sec =   16.7714 Mbps     0 retrans   9260 KB-cwnd
[2024-11-08T12:48:39.104132-0500]     0.0000 MB /   0.50 sec =    0.0000 Mbps     0 retrans   9260 KB-cwnd
[2024-11-08T12:48:39.603141-0500]     3.5000 MB /   0.50 sec =   58.8330 Mbps     0 retrans   9260 KB-cwnd
[2024-11-08T12:48:40.103067-0500]     1.1250 MB /   0.50 sec =   18.8765 Mbps     0 retrans   9260 KB-cwnd
[2024-11-08T12:48:40.603100-0500]     0.0000 MB /   0.50 sec =    0.0000 Mbps     0 retrans   9260 KB-cwnd
[2024-11-08T12:48:41.103483-0500]     1.9375 MB /   0.50 sec =   32.4940 Mbps     0 retrans   9260 KB-cwnd
[2024-11-08T12:48:41.603111-0500]     0.0000 MB /   0.50 sec =    0.0000 Mbps     0 retrans   9260 KB-cwnd
[2024-11-08T12:48:42.103009-0500]     2.9375 MB /   0.50 sec =   49.2898 Mbps     0 retrans   9260 KB-cwnd
[2024-11-08T12:48:42.604162-0500]     0.3750 MB /   0.50 sec =    6.2791 Mbps     0 retrans   9260 KB-cwnd
[2024-11-08T12:48:43.103020-0500]     0.0000 MB /   0.50 sec =    0.0000 Mbps     0 retrans   9260 KB-cwnd
[2024-11-08T12:48:43.603115-0500]     2.5625 MB /   0.50 sec =   42.9969 Mbps     0 retrans   9260 KB-cwnd
[2024-11-08T12:48:44.103029-0500]     1.8750 MB /   0.50 sec =   31.4570 Mbps   395 retrans  12097 KB-cwnd
[2024-11-08T12:48:44.604088-0500]     1.0000 MB /   0.50 sec =   16.7410 Mbps     0 retrans  12097 KB-cwnd
[2024-11-08T12:48:45.104113-0500]     0.7500 MB /   0.50 sec =   12.5826 Mbps     0 retrans  12097 KB-cwnd
[2024-11-08T12:48:45.603127-0500]     0.0000 MB /   0.50 sec =    0.0000 Mbps     0 retrans  12097 KB-cwnd
[2024-11-08T12:48:46.104065-0500]     0.5000 MB /   0.50 sec =    8.3733 Mbps     0 retrans  12097 KB-cwnd
[2024-11-08T12:48:46.603075-0500]     0.0000 MB /   0.50 sec =    0.0000 Mbps     0 retrans  12097 KB-cwnd
[2024-11-08T12:48:47.102929-0500]     1.8125 MB /   0.50 sec =   30.4168 Mbps     0 retrans  12097 KB-cwnd
[2024-11-08T12:48:47.602943-0500]     1.8750 MB /   0.50 sec =   31.4581 Mbps     0 retrans  12097 KB-cwnd
[2024-11-08T12:48:48.104149-0500]     1.3750 MB /   0.50 sec =   23.0210 Mbps     0 retrans  12097 KB-cwnd
[2024-11-08T12:48:48.604034-0500]     0.9375 MB /   0.50 sec =   15.7272 Mbps     0 retrans  12097 KB-cwnd
[2024-11-08T12:48:49.104054-0500]     1.5625 MB /   0.50 sec =   26.2135 Mbps     0 retrans  12097 KB-cwnd
[2024-11-08T12:48:49.602961-0500]     1.9375 MB /   0.50 sec =   32.5763 Mbps     0 retrans  12097 KB-cwnd
[2024-11-08T12:48:50.103343-0500]     1.9375 MB /   0.50 sec =   32.5066 Mbps     0 retrans  12097 KB-cwnd
[2024-11-08T12:48:50.602947-0500]     1.8750 MB /   0.50 sec =   31.4573 Mbps     0 retrans  12097 KB-cwnd
[2024-11-08T12:48:51.103013-0500]     2.0000 MB /   0.50 sec =   33.5554 Mbps     0 retrans  12097 KB-cwnd
[2024-11-08T12:48:51.603263-0500]     2.0000 MB /   0.50 sec =   33.5304 Mbps     0 retrans  12097 KB-cwnd
[2024-11-08T12:48:52.102933-0500]     2.1250 MB /   0.50 sec =   35.6761 Mbps     0 retrans  12097 KB-cwnd
[2024-11-08T12:48:52.603088-0500]     2.3750 MB /   0.50 sec =   39.8463 Mbps     0 retrans  12097 KB-cwnd
[2024-11-08T12:48:53.102912-0500]     2.1875 MB /   0.50 sec =   36.6999 Mbps     0 retrans  12097 KB-cwnd
[2024-11-08T12:48:53.603001-0500]     2.3125 MB /   0.50 sec =   38.7923 Mbps     0 retrans  12097 KB-cwnd
[2024-11-08T12:48:54.102910-0500]     2.3125 MB /   0.50 sec =   38.8027 Mbps     0 retrans  12097 KB-cwnd
[2024-11-08T12:48:54.602913-0500]     2.3750 MB /   0.50 sec =   39.8459 Mbps     0 retrans  12097 KB-cwnd
[2024-11-08T12:48:55.104024-0500]     1.5000 MB /   0.50 sec =   25.1127 Mbps     0 retrans  12097 KB-cwnd
[2024-11-08T12:48:55.602963-0500]     2.4375 MB /   0.50 sec =   40.9785 Mbps     0 retrans  12097 KB-cwnd
[2024-11-08T12:48:56.103134-0500]     1.6250 MB /   0.50 sec =   27.2541 Mbps     0 retrans  12097 KB-cwnd
[2024-11-08T12:48:56.603085-0500]     1.6875 MB /   0.50 sec =   28.3139 Mbps     0 retrans  12097 KB-cwnd
[2024-11-08T12:48:57.103121-0500]     1.9375 MB /   0.50 sec =   32.5055 Mbps     0 retrans  12097 KB-cwnd
[2024-11-08T12:48:57.603110-0500]     1.4375 MB /   0.50 sec =   24.1171 Mbps     0 retrans  12097 KB-cwnd
[2024-11-08T12:48:58.103158-0500]     1.9375 MB /   0.50 sec =   32.5035 Mbps     0 retrans  12097 KB-cwnd
[2024-11-08T12:48:58.602941-0500]     2.3125 MB /   0.50 sec =   38.8122 Mbps     0 retrans  12097 KB-cwnd
[2024-11-08T12:48:59.104174-0500]     1.6250 MB /   0.50 sec =   27.2051 Mbps     0 retrans  12097 KB-cwnd
[2024-11-08T12:48:59.604086-0500]     1.4375 MB /   0.50 sec =   24.1146 Mbps     0 retrans  12097 KB-cwnd
[2024-11-08T12:49:00.103087-0500]     2.4375 MB /   0.50 sec =   40.9748 Mbps     0 retrans  12097 KB-cwnd
[2024-11-08T12:49:00.603045-0500]     0.8750 MB /   0.50 sec =   14.6804 Mbps     0 retrans  12097 KB-cwnd
[2024-11-08T12:49:01.103173-0500]     0.8750 MB /   0.50 sec =   14.6777 Mbps     0 retrans  12097 KB-cwnd
[2024-11-08T12:49:01.603217-0500]     1.5000 MB /   0.50 sec =   25.1650 Mbps     0 retrans  12097 KB-cwnd
[2024-11-08T12:49:02.103114-0500]     2.1250 MB /   0.50 sec =   35.6678 Mbps     0 retrans  12097 KB-cwnd
[2024-11-08T12:49:02.604404-0500]     1.5000 MB /   0.50 sec =   25.0944 Mbps     0 retrans  12097 KB-cwnd
[2024-11-08T12:49:03.103117-0500]     0.8750 MB /   0.50 sec =   14.7175 Mbps   821 retrans   3852 KB-cwnd
[2024-11-08T12:49:03.603276-0500]     1.0000 MB /   0.50 sec =   16.7758 Mbps     0 retrans   3852 KB-cwnd
[2024-11-08T12:49:04.103997-0500]     1.8750 MB /   0.50 sec =   31.4030 Mbps     0 retrans   3852 KB-cwnd
[2024-11-08T12:49:04.604376-0500]     1.5000 MB /   0.50 sec =   25.1596 Mbps     0 retrans   3852 KB-cwnd
[2024-11-08T12:49:05.102953-0500]     1.9375 MB /   0.50 sec =   32.5820 Mbps     0 retrans   3852 KB-cwnd
[2024-11-08T12:49:05.604159-0500]     1.4375 MB /   0.50 sec =   24.0601 Mbps     0 retrans   3852 KB-cwnd
[2024-11-08T12:49:06.103182-0500]     1.1250 MB /   0.50 sec =   18.9116 Mbps     0 retrans   3852 KB-cwnd
[2024-11-08T12:49:06.603466-0500]     1.5625 MB /   0.50 sec =   26.2055 Mbps     0 retrans   3852 KB-cwnd
[2024-11-08T12:49:07.103392-0500]     2.0000 MB /   0.50 sec =   33.5489 Mbps     0 retrans   3852 KB-cwnd
[2024-11-08T12:49:07.602899-0500]     1.5000 MB /   0.50 sec =   25.1887 Mbps     0 retrans   3852 KB-cwnd
[2024-11-08T12:49:08.102948-0500]     1.8750 MB /   0.50 sec =   31.4570 Mbps     0 retrans   3852 KB-cwnd
[2024-11-08T12:49:08.603127-0500]     1.2500 MB /   0.50 sec =   20.9649 Mbps     0 retrans   3852 KB-cwnd
[2024-11-08T12:49:09.104053-0500]     0.8125 MB /   0.50 sec =   13.6072 Mbps     0 retrans   3852 KB-cwnd
[2024-11-08T12:49:09.604099-0500]     1.0625 MB /   0.50 sec =   17.8242 Mbps     0 retrans   3852 KB-cwnd
[2024-11-08T12:49:10.103290-0500]     1.0000 MB /   0.50 sec =   16.8083 Mbps     0 retrans   3852 KB-cwnd
[2024-11-08T12:49:10.603168-0500]     1.0625 MB /   0.50 sec =   17.8306 Mbps     0 retrans   3852 KB-cwnd
[2024-11-08T12:49:11.103169-0500]     0.6875 MB /   0.50 sec =   11.5308 Mbps     0 retrans   3852 KB-cwnd
[2024-11-08T12:49:11.602920-0500]     0.8125 MB /   0.50 sec =   13.6371 Mbps     0 retrans   3852 KB-cwnd
[2024-11-08T12:49:12.102928-0500]     1.5625 MB /   0.50 sec =   26.2143 Mbps     0 retrans   3852 KB-cwnd
[2024-11-08T12:49:12.602991-0500]     1.5625 MB /   0.50 sec =   26.2117 Mbps     0 retrans   3852 KB-cwnd
[2024-11-08T12:49:13.102947-0500]     1.8750 MB /   0.50 sec =   31.4602 Mbps     0 retrans   3852 KB-cwnd
[2024-11-08T12:49:13.602936-0500]     1.6875 MB /   0.50 sec =   28.3116 Mbps     0 retrans   3852 KB-cwnd
[2024-11-08T12:49:14.102950-0500]     1.6250 MB /   0.50 sec =   27.2629 Mbps     0 retrans   3852 KB-cwnd
[2024-11-08T12:49:14.602970-0500]     2.2500 MB /   0.50 sec =   37.7450 Mbps     0 retrans   3852 KB-cwnd
[2024-11-08T12:49:15.102956-0500]     2.1250 MB /   0.50 sec =   35.6553 Mbps     0 retrans   3852 KB-cwnd
[2024-11-08T12:49:15.603061-0500]     2.5625 MB /   0.50 sec =   42.9825 Mbps     0 retrans   3852 KB-cwnd
[2024-11-08T12:49:16.102911-0500]     2.7500 MB /   0.50 sec =   46.1481 Mbps     0 retrans   3852 KB-cwnd
[2024-11-08T12:49:16.602966-0500]     2.4375 MB /   0.50 sec =   40.8961 Mbps     0 retrans   3852 KB-cwnd
[2024-11-08T12:49:17.104107-0500]     1.1875 MB /   0.50 sec =   19.8787 Mbps     0 retrans   3852 KB-cwnd
[2024-11-08T12:49:17.603114-0500]     2.3125 MB /   0.50 sec =   38.8694 Mbps     0 retrans   3852 KB-cwnd
[2024-11-08T12:49:18.103335-0500]     1.5000 MB /   0.50 sec =   25.1641 Mbps     0 retrans   3852 KB-cwnd
[2024-11-08T12:49:18.603965-0500]     2.6250 MB /   0.50 sec =   43.9662 Mbps     0 retrans   3852 KB-cwnd
[2024-11-08T12:49:19.103017-0500]     2.6875 MB /   0.50 sec =   45.1749 Mbps     0 retrans   3852 KB-cwnd
[2024-11-08T12:49:19.602962-0500]     2.4375 MB /   0.50 sec =   40.9008 Mbps     0 retrans   3852 KB-cwnd
[2024-11-08T12:49:20.102938-0500]     2.6875 MB /   0.50 sec =   45.0889 Mbps  6890 retrans    895 KB-cwnd
[2024-11-08T12:49:20.602916-0500]     2.6875 MB /   0.50 sec =   45.0891 Mbps     0 retrans    895 KB-cwnd
[2024-11-08T12:49:21.102956-0500]     3.0000 MB /   0.50 sec =   50.3305 Mbps     0 retrans    895 KB-cwnd
[2024-11-08T12:49:21.602946-0500]     2.7500 MB /   0.50 sec =   46.1375 Mbps     0 retrans    895 KB-cwnd
[2024-11-08T12:49:22.103062-0500]     2.6875 MB /   0.50 sec =   45.0889 Mbps     0 retrans    895 KB-cwnd
End time: 1731088162312
