Start time: 1731096087572
[2024-11-08T15:01:32.649111-0500] traceroute to 54.197.223.49 (54.197.223.49), 30 hops max, 60 byte packets
[2024-11-08T15:01:32.650177-0500]  1  * * *
[2024-11-08T15:01:32.650257-0500]  2  * * *
[2024-11-08T15:01:32.650314-0500]  3  * * *
[2024-11-08T15:01:32.650366-0500]  4  * * *
[2024-11-08T15:01:32.675289-0500]  5  * * *
[2024-11-08T15:01:37.656699-0500]  6  * * *
[2024-11-08T15:01:37.664454-0500]  7  * * *
[2024-11-08T15:01:37.673059-0500]  8  * * *
[2024-11-08T15:01:37.680147-0500]  9  * * *
[2024-11-08T15:01:37.680247-0500] 10  * * *
[2024-11-08T15:01:42.665967-0500] 11  * * *
[2024-11-08T15:01:42.673277-0500] 12  * * *
[2024-11-08T15:01:42.681577-0500] 13  * * *
[2024-11-08T15:01:42.681820-0500] 14  * * *
[2024-11-08T15:01:42.689116-0500] 15  * * *
[2024-11-08T15:01:47.674761-0500] 16  * * *
[2024-11-08T15:01:47.683332-0500] 17  * * *
[2024-11-08T15:01:47.683773-0500] 18  * * *
[2024-11-08T15:01:47.693079-0500] 19  * * *
[2024-11-08T15:01:47.693416-0500] 20  * * *
[2024-11-08T15:01:47.703639-0500] 21  * * *
[2024-11-08T15:01:52.684411-0500] 22  * * *
[2024-11-08T15:01:52.694130-0500] 23  * * *
[2024-11-08T15:01:52.698065-0500] 24  * * *
[2024-11-08T15:01:52.700888-0500] 25  * * *
[2024-11-08T15:01:52.704247-0500] 26  * * *
[2024-11-08T15:01:57.639937-0500] 27  * *End time: 1731096117704
