Start time: 1730934017015
[2024-11-06T18:00:22.084548-0500] traceroute to 54.197.223.49 (54.197.223.49), 30 hops max, 60 byte packets
[2024-11-06T18:00:22.085315-0500]  1  * * *
[2024-11-06T18:00:22.085373-0500]  2  * * *
[2024-11-06T18:00:22.085406-0500]  3  * * *
[2024-11-06T18:00:22.085436-0500]  4  * * *
[2024-11-06T18:00:22.085463-0500]  5  * * *
[2024-11-06T18:00:27.091467-0500]  6  * * *
[2024-11-06T18:00:27.091838-0500]  7  * * *
[2024-11-06T18:00:27.091945-0500]  8  * * *
[2024-11-06T18:00:27.105615-0500]  9  * * *
[2024-11-06T18:00:27.105811-0500] 10  * * *
[2024-11-06T18:00:32.099913-0500] 11  * * *
[2024-11-06T18:00:32.106295-0500] 12  * * *
[2024-11-06T18:00:32.106424-0500] 13  * * *
[2024-11-06T18:00:32.114491-0500] 14  * * *
[2024-11-06T18:00:32.114566-0500] 15  * * *
[2024-11-06T18:00:37.107494-0500] 16  * * *
[2024-11-06T18:00:37.107694-0500] 17  * * *
[2024-11-06T18:00:37.110940-0500] 18  * * *
[2024-11-06T18:00:37.114561-0500] 19  * * *
[2024-11-06T18:00:37.118134-0500] 20  * * *
[2024-11-06T18:00:37.120713-0500] 21  * * *
[2024-11-06T18:00:42.113069-0500] 22  * * *
[2024-11-06T18:00:42.113639-0500] 23  * * *
[2024-11-06T18:00:42.129206-0500] 24  * * *
[2024-11-06T18:00:42.129601-0500] 25  * * *
[2024-11-06T18:00:42.129668-0500] 26  * * *
[2024-11-06T18:00:47.075489-0500] 27  * *End time: 1730934047134
