Start time: 1730919386157
[2024-11-06T13:56:31.225812-0500] traceroute to 54.197.223.49 (54.197.223.49), 30 hops max, 60 byte packets
[2024-11-06T13:56:31.228239-0500]  1  * * *
[2024-11-06T13:56:31.230549-0500]  2  * * *
[2024-11-06T13:56:31.230657-0500]  3  * * *
[2024-11-06T13:56:31.230700-0500]  4  * * *
[2024-11-06T13:56:31.234391-0500]  5  * * *
[2024-11-06T13:56:36.229581-0500]  6  * * *
[2024-11-06T13:56:36.231544-0500]  7  * * *
[2024-11-06T13:56:36.233909-0500]  8  * * *
[2024-11-06T13:56:36.234806-0500]  9  * * *
[2024-11-06T13:56:36.235940-0500] 10  * * *
[2024-11-06T13:56:41.236161-0500] 11  * * *
[2024-11-06T13:56:41.236390-0500] 12  * * *
[2024-11-06T13:56:41.236478-0500] 13  * * *
[2024-11-06T13:56:41.236517-0500] 14  * * *
[2024-11-06T13:56:41.245217-0500] 15  * * *
[2024-11-06T13:56:46.243793-0500] 16  * * *
[2024-11-06T13:56:46.244049-0500] 17  * * *
[2024-11-06T13:56:46.244116-0500] 18  * * *
[2024-11-06T13:56:46.244166-0500] 19  * * *
[2024-11-06T13:56:46.255824-0500] 20  * * *
[2024-11-06T13:56:46.256130-0500] 21  * * *
[2024-11-06T13:56:51.250210-0500] 22  * * *
[2024-11-06T13:56:51.255642-0500] 23  * * *
[2024-11-06T13:56:51.255777-0500] 24  * * *
[2024-11-06T13:56:51.260725-0500] 25  * * *
[2024-11-06T13:56:51.261899-0500] 26  * * *
[2024-11-06T13:56:56.213609-0500] 27  * *End time: 1730919416268
