Start time: 1730570729805
[2024-11-02T11:05:30.632028-0700] nuttcp-r: v8.1.4: socket
[2024-11-02T11:05:30.632931-0700] nuttcp-r: buflen=65536, nstream=1, port=5145 tcp
[2024-11-02T11:05:30.633030-0700] nuttcp-r: interval reporting every 0.50 seconds
[2024-11-02T11:05:30.633111-0700] nuttcp-r: connect to 54.176.53.206 with RTT=40.721 ms af=inet
[2024-11-02T11:05:30.633189-0700] nuttcp-r: send window size = 2097152, receive window size = 6291456
[2024-11-02T11:05:30.633313-0700] nuttcp-r: available send window = 1572864, available receive window = 4718592
[2024-11-02T11:05:30.633436-0700]     1.9375 MB /   0.50 sec =   32.5016 Mbps     0 retrans
[2024-11-02T11:05:31.132245-0700]     4.3125 MB /   0.50 sec =   72.3325 Mbps     0 retrans
[2024-11-02T11:05:31.632346-0700]     7.0625 MB /   0.50 sec =  118.5213 Mbps     0 retrans
[2024-11-02T11:05:32.132013-0700]     5.4375 MB /   0.50 sec =   91.2314 Mbps     0 retrans
[2024-11-02T11:05:32.631914-0700]     3.1875 MB /   0.50 sec =   53.4767 Mbps     0 retrans
[2024-11-02T11:05:33.132184-0700]     2.4375 MB /   0.50 sec =   40.8790 Mbps     0 retrans
[2024-11-02T11:05:33.632153-0700]     5.0000 MB /   0.50 sec =   83.8871 Mbps     0 retrans
[2024-11-02T11:05:34.131942-0700]     5.6250 MB /   0.50 sec =   94.4041 Mbps     0 retrans
[2024-11-02T11:05:34.631949-0700]     5.0000 MB /   0.50 sec =   83.8878 Mbps     0 retrans
[2024-11-02T11:05:35.132045-0700]     5.5625 MB /   0.50 sec =   93.3212 Mbps     0 retrans
[2024-11-02T11:05:35.632239-0700]     6.5000 MB /   0.50 sec =  109.0584 Mbps     0 retrans
[2024-11-02T11:05:36.132158-0700]     6.9375 MB /   0.50 sec =  116.3482 Mbps     0 retrans
[2024-11-02T11:05:36.632244-0700]     3.9375 MB /   0.50 sec =   66.0674 Mbps     0 retrans
[2024-11-02T11:05:37.132043-0700]     5.5000 MB /   0.50 sec =   92.2867 Mbps     0 retrans
[2024-11-02T11:05:37.632020-0700]     5.4375 MB /   0.50 sec =   91.2299 Mbps     0 retrans
[2024-11-02T11:05:38.132016-0700]     6.4375 MB /   0.50 sec =  108.0051 Mbps     0 retrans
[2024-11-02T11:05:38.631974-0700]     7.3750 MB /   0.50 sec =  123.7352 Mbps     0 retrans
[2024-11-02T11:05:39.132161-0700]     7.5000 MB /   0.50 sec =  125.8125 Mbps     0 retrans
[2024-11-02T11:05:39.631921-0700]     7.2500 MB /   0.50 sec =  121.6531 Mbps     0 retrans
[2024-11-02T11:05:40.132339-0700]     6.1875 MB /   0.50 sec =  103.7630 Mbps     0 retrans
[2024-11-02T11:05:40.631865-0700]     5.8125 MB /   0.50 sec =   97.5619 Mbps     0 retrans
[2024-11-02T11:05:41.131925-0700]     5.3750 MB /   0.50 sec =   90.1772 Mbps     0 retrans
[2024-11-02T11:05:41.632095-0700]     5.1875 MB /   0.50 sec =   87.0245 Mbps     0 retrans
[2024-11-02T11:05:42.131856-0700]     6.8750 MB /   0.50 sec =  115.3563 Mbps     0 retrans
[2024-11-02T11:05:42.631929-0700]     6.4375 MB /   0.50 sec =  108.0003 Mbps     0 retrans
[2024-11-02T11:05:43.131917-0700]     6.0625 MB /   0.50 sec =  101.7066 Mbps     0 retrans
[2024-11-02T11:05:43.631912-0700]     6.5625 MB /   0.50 sec =  110.1055 Mbps     0 retrans
[2024-11-02T11:05:44.131872-0700]     6.7500 MB /   0.50 sec =  113.2480 Mbps     0 retrans
[2024-11-02T11:05:44.632150-0700]     6.6250 MB /   0.50 sec =  111.1384 Mbps     0 retrans
[2024-11-02T11:05:45.131964-0700]     2.9375 MB /   0.50 sec =   49.2840 Mbps     0 retrans
[2024-11-02T11:05:45.632028-0700]     6.8125 MB /   0.50 sec =  114.3030 Mbps     0 retrans
[2024-11-02T11:05:46.132102-0700]     3.3125 MB /   0.50 sec =   55.5676 Mbps     0 retrans
[2024-11-02T11:05:46.631919-0700]     7.2500 MB /   0.50 sec =  121.6536 Mbps     0 retrans
[2024-11-02T11:05:47.132097-0700]     7.6875 MB /   0.50 sec =  128.9573 Mbps     0 retrans
[2024-11-02T11:05:47.632139-0700]     7.5625 MB /   0.50 sec =  126.8876 Mbps     0 retrans
[2024-11-02T11:05:48.132380-0700]     7.2500 MB /   0.50 sec =  121.5398 Mbps     0 retrans
[2024-11-02T11:05:48.632351-0700]     8.8125 MB /   0.50 sec =  147.8480 Mbps     0 retrans
[2024-11-02T11:05:49.132062-0700]     8.9375 MB /   0.50 sec =  150.0298 Mbps     0 retrans
[2024-11-02T11:05:49.631979-0700]     7.5625 MB /   0.50 sec =  126.9104 Mbps     0 retrans
[2024-11-02T11:05:50.132025-0700]     8.4375 MB /   0.50 sec =  141.5490 Mbps     0 retrans
[2024-11-02T11:05:50.631902-0700]     7.5625 MB /   0.50 sec =  126.8820 Mbps     0 retrans
[2024-11-02T11:05:51.132163-0700]     6.6250 MB /   0.50 sec =  111.1468 Mbps     0 retrans
[2024-11-02T11:05:51.631957-0700]     7.2500 MB /   0.50 sec =  121.6312 Mbps     0 retrans
[2024-11-02T11:05:52.131863-0700]     7.6250 MB /   0.50 sec =  127.9386 Mbps     0 retrans
[2024-11-02T11:05:52.632302-0700]     7.2500 MB /   0.50 sec =  121.5461 Mbps     0 retrans
[2024-11-02T11:05:53.131954-0700]     7.6250 MB /   0.50 sec =  128.0161 Mbps     0 retrans
[2024-11-02T11:05:53.632025-0700]     7.6875 MB /   0.50 sec =  128.9715 Mbps     0 retrans
[2024-11-02T11:05:54.132351-0700]     8.5000 MB /   0.50 sec =  142.4995 Mbps     0 retrans
[2024-11-02T11:05:54.631997-0700]     7.6250 MB /   0.50 sec =  128.0133 Mbps     0 retrans
[2024-11-02T11:05:55.132204-0700]     6.5000 MB /   0.50 sec =  109.0018 Mbps     0 retrans
[2024-11-02T11:05:55.632055-0700]     7.9375 MB /   0.50 sec =  133.2310 Mbps     0 retrans
[2024-11-02T11:05:56.132142-0700]     5.6250 MB /   0.50 sec =   94.3801 Mbps     0 retrans
[2024-11-02T11:05:56.632097-0700]     2.8750 MB /   0.50 sec =   48.2282 Mbps     0 retrans
[2024-11-02T11:05:57.132258-0700]     6.8125 MB /   0.50 sec =  114.3101 Mbps     0 retrans
[2024-11-02T11:05:57.632176-0700]     6.5000 MB /   0.50 sec =  109.0489 Mbps     0 retrans
[2024-11-02T11:05:58.132387-0700]     6.5625 MB /   0.50 sec =  110.0593 Mbps     0 retrans
[2024-11-02T11:05:58.631955-0700]     7.8125 MB /   0.50 sec =  131.1203 Mbps     0 retrans
[2024-11-02T11:05:59.132358-0700]     6.4375 MB /   0.50 sec =  107.9709 Mbps     0 retrans
[2024-11-02T11:05:59.632079-0700]     5.2500 MB /   0.50 sec =   88.0881 Mbps     0 retrans
[2024-11-02T11:06:00.132001-0700]     6.1875 MB /   0.50 sec =  103.8331 Mbps     0 retrans
[2024-11-02T11:06:00.631997-0700]     5.6875 MB /   0.50 sec =   95.4195 Mbps     0 retrans
[2024-11-02T11:06:01.132168-0700]     6.0625 MB /   0.50 sec =  101.6808 Mbps     0 retrans
[2024-11-02T11:06:01.632158-0700]     6.9375 MB /   0.50 sec =  116.4238 Mbps     0 retrans
[2024-11-02T11:06:02.132023-0700]     6.0625 MB /   0.50 sec =  101.7115 Mbps     0 retrans
[2024-11-02T11:06:02.632001-0700]     6.5625 MB /   0.50 sec =  110.1058 Mbps     0 retrans
[2024-11-02T11:06:03.132122-0700]     2.0000 MB /   0.50 sec =   33.5443 Mbps     0 retrans
[2024-11-02T11:06:03.631974-0700]     7.0000 MB /   0.50 sec =  117.4753 Mbps     0 retrans
[2024-11-02T11:06:04.131908-0700]     6.0625 MB /   0.50 sec =  101.7151 Mbps     0 retrans
[2024-11-02T11:06:04.632365-0700]     6.7500 MB /   0.50 sec =  113.1460 Mbps     0 retrans
[2024-11-02T11:06:05.132167-0700]     4.3750 MB /   0.50 sec =   73.4360 Mbps     0 retrans
[2024-11-02T11:06:05.631952-0700]     6.5000 MB /   0.50 sec =  109.0925 Mbps     0 retrans
[2024-11-02T11:06:06.131963-0700]     7.3750 MB /   0.50 sec =  123.7325 Mbps     0 retrans
[2024-11-02T11:06:06.631971-0700]     7.1250 MB /   0.50 sec =  119.5381 Mbps     0 retrans
[2024-11-02T11:06:07.132052-0700]     6.1250 MB /   0.50 sec =  102.7598 Mbps     0 retrans
[2024-11-02T11:06:07.632016-0700]     7.3750 MB /   0.50 sec =  123.7213 Mbps     0 retrans
[2024-11-02T11:06:08.131983-0700]     8.7500 MB /   0.50 sec =  146.8109 Mbps     0 retrans
[2024-11-02T11:06:08.632029-0700]     8.0625 MB /   0.50 sec =  135.2758 Mbps     0 retrans
[2024-11-02T11:06:09.132010-0700]     5.8125 MB /   0.50 sec =   97.5119 Mbps     0 retrans
[2024-11-02T11:06:09.632023-0700]     8.3125 MB /   0.50 sec =  139.4525 Mbps     0 retrans
[2024-11-02T11:06:10.132272-0700]     7.0625 MB /   0.50 sec =  118.4853 Mbps     0 retrans
[2024-11-02T11:06:10.632033-0700]     8.0000 MB /   0.50 sec =  134.2226 Mbps     0 retrans
[2024-11-02T11:06:11.132098-0700]     5.8125 MB /   0.50 sec =   97.5100 Mbps     0 retrans
[2024-11-02T11:06:11.632066-0700]     5.5000 MB /   0.50 sec =   92.2852 Mbps     0 retrans
[2024-11-02T11:06:12.131976-0700]     6.3125 MB /   0.50 sec =  105.9083 Mbps     0 retrans
[2024-11-02T11:06:12.632322-0700]     7.0000 MB /   0.50 sec =  117.3621 Mbps     0 retrans
[2024-11-02T11:06:13.131981-0700]     6.5000 MB /   0.50 sec =  109.1213 Mbps     0 retrans
[2024-11-02T11:06:13.632996-0700]     4.8125 MB /   0.50 sec =   80.5806 Mbps     0 retrans
[2024-11-02T11:06:14.131845-0700]     7.8125 MB /   0.50 sec =  131.3434 Mbps     0 retrans
[2024-11-02T11:06:14.631979-0700]     8.8750 MB /   0.50 sec =  148.8903 Mbps     0 retrans
[2024-11-02T11:06:15.132036-0700]     9.3125 MB /   0.50 sec =  156.2391 Mbps     0 retrans
[2024-11-02T11:06:15.632175-0700]     9.3750 MB /   0.50 sec =  157.2886 Mbps     0 retrans
[2024-11-02T11:06:16.131998-0700]    11.0000 MB /   0.50 sec =  184.5453 Mbps     0 retrans
[2024-11-02T11:06:16.632000-0700]     9.6875 MB /   0.50 sec =  162.5283 Mbps     0 retrans
[2024-11-02T11:06:17.132068-0700]     9.5625 MB /   0.50 sec =  160.4302 Mbps     0 retrans
[2024-11-02T11:06:17.632019-0700]    10.0625 MB /   0.50 sec =  168.8140 Mbps     0 retrans
[2024-11-02T11:06:18.131978-0700]    11.1250 MB /   0.50 sec =  186.6521 Mbps     0 retrans
[2024-11-02T11:06:18.631976-0700]    10.3125 MB /   0.50 sec =  173.0175 Mbps     0 retrans
[2024-11-02T11:06:19.132054-0700]    11.3750 MB /   0.50 sec =  190.8393 Mbps     0 retrans
[2024-11-02T11:06:19.631896-0700]     8.5000 MB /   0.50 sec =  142.6046 Mbps     0 retrans
[2024-11-02T11:06:20.132330-0700]     6.3750 MB /   0.50 sec =  106.8772 Mbps     0 retrans
[2024-11-02T11:06:20.632030-0700]     5.3750 MB /   0.50 sec =   90.2402 Mbps     0 retrans
[2024-11-02T11:06:21.132187-0700]     6.3750 MB /   0.50 sec =  106.9595 Mbps     0 retrans
[2024-11-02T11:06:21.632134-0700]     4.0625 MB /   0.50 sec =   68.1378 Mbps     0 retrans
[2024-11-02T11:06:22.132105-0700]     5.3125 MB /   0.50 sec =   89.1311 Mbps     0 retrans
[2024-11-02T11:06:22.632038-0700]     5.9375 MB /   0.50 sec =   99.6434 Mbps     0 retrans
[2024-11-02T11:06:23.132053-0700]     5.1875 MB /   0.50 sec =   87.0240 Mbps     0 retrans
[2024-11-02T11:06:23.632344-0700]     5.1875 MB /   0.50 sec =   86.9697 Mbps     0 retrans
[2024-11-02T11:06:24.132338-0700]     5.4375 MB /   0.50 sec =   91.2274 Mbps     0 retrans
[2024-11-02T11:06:24.632578-0700]     5.7500 MB /   0.50 sec =   96.4518 Mbps     0 retrans
[2024-11-02T11:06:25.131940-0700]     5.3750 MB /   0.50 sec =   90.2595 Mbps     0 retrans
[2024-11-02T11:06:25.632251-0700]     5.6250 MB /   0.50 sec =   94.3162 Mbps     0 retrans
[2024-11-02T11:06:26.131975-0700]     6.6875 MB /   0.50 sec =  112.2699 Mbps     0 retrans
[2024-11-02T11:06:26.632137-0700]     3.4375 MB /   0.50 sec =   57.6542 Mbps     0 retrans
[2024-11-02T11:06:27.132031-0700]     6.6875 MB /   0.50 sec =  112.2219 Mbps     0 retrans
[2024-11-02T11:06:27.632010-0700]     6.3125 MB /   0.50 sec =  105.9125 Mbps     0 retrans
[2024-11-02T11:06:28.132032-0700]     6.8750 MB /   0.50 sec =  115.3413 Mbps     0 retrans
[2024-11-02T11:06:28.632016-0700]     8.1250 MB /   0.50 sec =  136.3083 Mbps     0 retrans
[2024-11-02T11:06:29.131995-0700]     7.7500 MB /   0.50 sec =  130.0351 Mbps     0 retrans
[2024-11-02T11:06:29.632205-0700]     7.8750 MB /   0.50 sec =  132.1245 Mbps     0 retrans
[2024-11-02T11:06:30.132151-0700]     6.1875 MB /   0.50 sec =  103.7710 Mbps     0 retrans
[2024-11-02T11:06:30.632030-0700]     7.8750 MB /   0.50 sec =  132.1605 Mbps     0 retrans
[2024-11-02T11:06:31.132283-0700]     6.3125 MB /   0.50 sec =  105.9051 Mbps     0 retrans
[2024-11-02T11:06:31.632119-0700]     4.3750 MB /   0.50 sec =   73.3829 Mbps     0 retrans
[2024-11-02T11:06:32.132252-0700]     5.8750 MB /   0.50 sec =   98.5663 Mbps     0 retrans
[2024-11-02T11:06:32.632095-0700]     6.0000 MB /   0.50 sec =  100.6673 Mbps     0 retrans
[2024-11-02T11:06:33.131965-0700]     5.5625 MB /   0.50 sec =   93.3490 Mbps     0 retrans
[2024-11-02T11:06:33.632075-0700]     6.1250 MB /   0.50 sec =  102.7430 Mbps     0 retrans
[2024-11-02T11:06:34.132044-0700]     5.3125 MB /   0.50 sec =   89.1348 Mbps     0 retrans
[2024-11-02T11:06:34.632133-0700]     5.8125 MB /   0.50 sec =   97.5246 Mbps     0 retrans
[2024-11-02T11:06:35.132024-0700]     6.3125 MB /   0.50 sec =  105.9060 Mbps     0 retrans
[2024-11-02T11:06:35.632151-0700]     1.5000 MB /   0.50 sec =   25.1571 Mbps     0 retrans
[2024-11-02T11:06:36.132177-0700]     1.6875 MB /   0.50 sec =   28.3102 Mbps     0 retrans
[2024-11-02T11:06:36.632968-0700]     2.6875 MB /   0.50 sec =   45.0170 Mbps     0 retrans
[2024-11-02T11:06:37.132042-0700]     5.9375 MB /   0.50 sec =   99.8013 Mbps     0 retrans
[2024-11-02T11:06:37.631960-0700]     6.8750 MB /   0.50 sec =  115.3588 Mbps     0 retrans
[2024-11-02T11:06:38.133025-0700]     5.9375 MB /   0.50 sec =   99.4052 Mbps     0 retrans
[2024-11-02T11:06:38.632048-0700]     4.3750 MB /   0.50 sec =   73.5398 Mbps     0 retrans
[2024-11-02T11:06:39.131977-0700]     6.5000 MB /   0.50 sec =  109.0733 Mbps     0 retrans
[2024-11-02T11:06:39.633051-0700]     3.9375 MB /   0.50 sec =   65.9192 Mbps     0 retrans
[2024-11-02T11:06:40.132456-0700]     6.8125 MB /   0.50 sec =  114.4392 Mbps     0 retrans
[2024-11-02T11:06:40.631870-0700]     4.2500 MB /   0.50 sec =   71.3681 Mbps     0 retrans
[2024-11-02T11:06:41.132274-0700]     4.0000 MB /   0.50 sec =   67.0637 Mbps     0 retrans
[2024-11-02T11:06:41.632142-0700]     1.9375 MB /   0.50 sec =   32.5251 Mbps     0 retrans
[2024-11-02T11:06:42.132145-0700]     1.6250 MB /   0.50 sec =   27.2555 Mbps     0 retrans
[2024-11-02T11:06:42.632010-0700]     2.6875 MB /   0.50 sec =   45.1018 Mbps     0 retrans
[2024-11-02T11:06:43.132012-0700]     3.6875 MB /   0.50 sec =   61.8673 Mbps     0 retrans
[2024-11-02T11:06:43.632114-0700]     0.9375 MB /   0.50 sec =   15.7241 Mbps     0 retrans
[2024-11-02T11:06:44.132917-0700]     2.0000 MB /   0.50 sec =   33.5018 Mbps     0 retrans
[2024-11-02T11:06:44.632156-0700]     0.5000 MB /   0.50 sec =    8.4014 Mbps     0 retrans
[2024-11-02T11:06:45.132237-0700]     1.4375 MB /   0.50 sec =   24.1185 Mbps     0 retrans
[2024-11-02T11:06:45.632136-0700]     2.0625 MB /   0.50 sec =   34.6016 Mbps     0 retrans
[2024-11-02T11:06:46.132125-0700]     2.4375 MB /   0.50 sec =   40.8968 Mbps     0 retrans
[2024-11-02T11:06:46.632090-0700]     2.4375 MB /   0.50 sec =   40.9026 Mbps     0 retrans
[2024-11-02T11:06:47.132855-0700]     0.9375 MB /   0.50 sec =   15.7033 Mbps     0 retrans
[2024-11-02T11:06:47.631853-0700]     2.2500 MB /   0.50 sec =   37.8144 Mbps     0 retrans
[2024-11-02T11:06:48.132029-0700]     2.5625 MB /   0.50 sec =   42.9852 Mbps     0 retrans
[2024-11-02T11:06:48.632269-0700]     1.3750 MB /   0.50 sec =   23.0637 Mbps     0 retrans
[2024-11-02T11:06:49.132350-0700]     2.6875 MB /   0.50 sec =   45.0681 Mbps     0 retrans
[2024-11-02T11:06:49.632140-0700]     1.8125 MB /   0.50 sec =   30.4223 Mbps     0 retrans
[2024-11-02T11:06:50.132033-0700]     2.6875 MB /   0.50 sec =   45.1062 Mbps     0 retrans
[2024-11-02T11:06:50.632262-0700]     1.8750 MB /   0.50 sec =   31.4425 Mbps     0 retrans
[2024-11-02T11:06:51.132021-0700]     2.9375 MB /   0.50 sec =   49.3039 Mbps     0 retrans
[2024-11-02T11:06:51.632092-0700]     1.6250 MB /   0.50 sec =   27.2591 Mbps     0 retrans
[2024-11-02T11:06:52.132151-0700]     0.7500 MB /   0.50 sec =   12.5805 Mbps     0 retrans
[2024-11-02T11:06:52.631974-0700]     2.1875 MB /   0.50 sec =   36.7118 Mbps     0 retrans
[2024-11-02T11:06:53.132049-0700]     2.5625 MB /   0.50 sec =   42.9918 Mbps     0 retrans
[2024-11-02T11:06:53.632039-0700]     1.7500 MB /   0.50 sec =   29.3547 Mbps     0 retrans
[2024-11-02T11:06:54.132044-0700]     0.8750 MB /   0.50 sec =   14.6814 Mbps     0 retrans
[2024-11-02T11:06:54.632064-0700]     1.4375 MB /   0.50 sec =   24.1133 Mbps     0 retrans
[2024-11-02T11:06:55.132138-0700]     1.1250 MB /   0.50 sec =   18.8729 Mbps     0 retrans
[2024-11-02T11:06:55.632243-0700]     1.8125 MB /   0.50 sec =   30.4020 Mbps     0 retrans
[2024-11-02T11:06:56.132189-0700]     1.5625 MB /   0.50 sec =   26.2290 Mbps     0 retrans
[2024-11-02T11:06:56.631974-0700]     2.0000 MB /   0.50 sec =   33.5545 Mbps     0 retrans
[2024-11-02T11:06:57.132457-0700]     2.5625 MB /   0.50 sec =   42.9509 Mbps     0 retrans
[2024-11-02T11:06:57.631953-0700]     3.3125 MB /   0.50 sec =   55.6294 Mbps     0 retrans
[2024-11-02T11:06:58.132063-0700]     4.4375 MB /   0.50 sec =   74.4441 Mbps     0 retrans
[2024-11-02T11:06:58.632107-0700]     5.7500 MB /   0.50 sec =   96.4754 Mbps     0 retrans
[2024-11-02T11:06:59.132186-0700]     7.3750 MB /   0.50 sec =  123.7114 Mbps     0 retrans
[2024-11-02T11:06:59.632082-0700]     9.0625 MB /   0.50 sec =  152.0694 Mbps     0 retrans
[2024-11-02T11:07:00.131860-0700]    11.6875 MB /   0.50 sec =  196.0845 Mbps     0 retrans
[2024-11-02T11:07:00.632038-0700]    13.6250 MB /   0.50 sec =  228.5635 Mbps     0 retrans
[2024-11-02T11:07:01.132041-0700]    19.0625 MB /   0.50 sec =  319.8451 Mbps     0 retrans
[2024-11-02T11:07:01.632021-0700]    22.8125 MB /   0.50 sec =  382.7272 Mbps     0 retrans
[2024-11-02T11:07:02.132380-0700]    23.3750 MB /   0.50 sec =  391.8273 Mbps     0 retrans
[2024-11-02T11:07:02.632168-0700]    22.0000 MB /   0.50 sec =  369.4039 Mbps     0 retrans
[2024-11-02T11:07:03.132051-0700]    20.0625 MB /   0.50 sec =  336.5613 Mbps     0 retrans
[2024-11-02T11:07:03.631995-0700]    17.8125 MB /   0.50 sec =  298.8896 Mbps     0 retrans
[2024-11-02T11:07:04.131989-0700]    18.3125 MB /   0.50 sec =  307.2174 Mbps     0 retrans
[2024-11-02T11:07:04.631978-0700]    19.8125 MB /   0.50 sec =  332.4019 Mbps     0 retrans
[2024-11-02T11:07:05.132021-0700]    19.1875 MB /   0.50 sec =  321.9122 Mbps     0 retrans
[2024-11-02T11:07:05.631976-0700]    19.5000 MB /   0.50 sec =  327.1583 Mbps     0 retrans
[2024-11-02T11:07:06.132058-0700]     9.5000 MB /   0.50 sec =  159.3756 Mbps     0 retrans
[2024-11-02T11:07:06.632335-0700]    17.4375 MB /   0.50 sec =  292.3504 Mbps     0 retrans
[2024-11-02T11:07:07.131984-0700]    15.8750 MB /   0.50 sec =  266.5393 Mbps     0 retrans
[2024-11-02T11:07:07.631978-0700]    15.3750 MB /   0.50 sec =  257.9466 Mbps     0 retrans
[2024-11-02T11:07:08.131856-0700]    16.3750 MB /   0.50 sec =  274.7357 Mbps     0 retrans
[2024-11-02T11:07:08.632064-0700]    17.4375 MB /   0.50 sec =  292.5258 Mbps     0 retrans
[2024-11-02T11:07:09.132037-0700]    17.2500 MB /   0.50 sec =  289.4006 Mbps     0 retrans
[2024-11-02T11:07:09.631902-0700]    17.0000 MB /   0.50 sec =  285.2463 Mbps     0 retrans
[2024-11-02T11:07:10.132073-0700]    15.6250 MB /   0.50 sec =  262.1120 Mbps     0 retrans
[2024-11-02T11:07:10.632266-0700]    13.3750 MB /   0.50 sec =  224.3464 Mbps     0 retrans
[2024-11-02T11:07:11.132087-0700]    12.6875 MB /   0.50 sec =  212.9295 Mbps     0 retrans
[2024-11-02T11:07:11.632087-0700]     9.0000 MB /   0.50 sec =  150.9907 Mbps     0 retrans
[2024-11-02T11:07:12.131981-0700]    14.8750 MB /   0.50 sec =  249.5731 Mbps     0 retrans
[2024-11-02T11:07:12.631977-0700]    11.9375 MB /   0.50 sec =  200.2684 Mbps     0 retrans
[2024-11-02T11:07:13.132048-0700]    12.1250 MB /   0.50 sec =  203.4152 Mbps     0 retrans
[2024-11-02T11:07:13.631910-0700]    14.7500 MB /   0.50 sec =  247.4867 Mbps     0 retrans
[2024-11-02T11:07:14.132032-0700]    16.3750 MB /   0.50 sec =  274.7159 Mbps     0 retrans
[2024-11-02T11:07:14.632041-0700]    14.1250 MB /   0.50 sec =  236.9663 Mbps     0 retrans
[2024-11-02T11:07:15.131994-0700]    14.9375 MB /   0.50 sec =  250.6267 Mbps     0 retrans
[2024-11-02T11:07:15.632181-0700]    15.5625 MB /   0.50 sec =  261.0834 Mbps     0 retrans
[2024-11-02T11:07:16.132006-0700]    14.9375 MB /   0.50 sec =  250.6117 Mbps     0 retrans
[2024-11-02T11:07:16.631988-0700]    14.0625 MB /   0.50 sec =  235.9334 Mbps     0 retrans
[2024-11-02T11:07:17.131943-0700]    13.9375 MB /   0.50 sec =  233.8357 Mbps     0 retrans
[2024-11-02T11:07:17.632114-0700]    14.1250 MB /   0.50 sec =  236.9109 Mbps     0 retrans
[2024-11-02T11:07:18.131996-0700]    16.6875 MB /   0.50 sec =  280.0560 Mbps     0 retrans
[2024-11-02T11:07:18.632084-0700]    15.1250 MB /   0.50 sec =  253.6884 Mbps     0 retrans
[2024-11-02T11:07:19.132068-0700]    14.5625 MB /   0.50 sec =  244.3617 Mbps     0 retrans
[2024-11-02T11:07:19.632052-0700]    16.0000 MB /   0.50 sec =  268.4360 Mbps     0 retrans
[2024-11-02T11:07:20.132049-0700]    16.6250 MB /   0.50 sec =  278.9363 Mbps     0 retrans
[2024-11-02T11:07:20.632146-0700]    17.4375 MB /   0.50 sec =  292.5258 Mbps     0 retrans
[2024-11-02T11:07:21.132048-0700]    17.5000 MB /   0.50 sec =  293.6271 Mbps     0 retrans
[2024-11-02T11:07:21.632156-0700]    17.3750 MB /   0.50 sec =  291.4016 Mbps     0 retrans
[2024-11-02T11:07:22.131990-0700]    15.5625 MB /   0.50 sec =  261.1858 Mbps     0 retrans
[2024-11-02T11:07:22.631969-0700]    15.5625 MB /   0.50 sec =  261.1001 Mbps     0 retrans
[2024-11-02T11:07:23.132248-0700]    14.8125 MB /   0.50 sec =  248.5041 Mbps     0 retrans
[2024-11-02T11:07:23.632065-0700]    14.5000 MB /   0.50 sec =  243.2234 Mbps     0 retrans
[2024-11-02T11:07:24.132009-0700]     9.5625 MB /   0.50 sec =  160.4600 Mbps     0 retrans
[2024-11-02T11:07:24.632118-0700]    13.5000 MB /   0.50 sec =  226.4363 Mbps     0 retrans
[2024-11-02T11:07:25.132059-0700]    15.2500 MB /   0.50 sec =  255.9263 Mbps     0 retrans
[2024-11-02T11:07:25.632088-0700]    13.5625 MB /   0.50 sec =  227.5528 Mbps     0 retrans
[2024-11-02T11:07:26.132399-0700]    11.7500 MB /   0.50 sec =  196.9468 Mbps     0 retrans
[2024-11-02T11:07:26.632006-0700]    11.8750 MB /   0.50 sec =  199.4009 Mbps     0 retrans
[2024-11-02T11:07:27.132162-0700]     9.2500 MB /   0.50 sec =  155.1917 Mbps     0 retrans
[2024-11-02T11:07:27.631996-0700]     7.8125 MB /   0.50 sec =  131.0736 Mbps     0 retrans
[2024-11-02T11:07:28.132132-0700]     7.0000 MB /   0.50 sec =  117.4335 Mbps     0 retrans
[2024-11-02T11:07:28.631969-0700]     6.5000 MB /   0.50 sec =  109.0619 Mbps     0 retrans
[2024-11-02T11:07:29.132062-0700]     6.8125 MB /   0.50 sec =  114.2904 Mbps     0 retrans
[2024-11-02T11:07:29.632013-0700]     7.3125 MB /   0.50 sec =  122.6844 Mbps     0 retrans
[2024-11-02T11:07:30.131982-0700]     8.7500 MB /   0.50 sec =  146.7989 Mbps     0 retrans
[2024-11-02T11:07:30.632061-0700]     7.1250 MB /   0.50 sec =  119.5288 Mbps     0 retrans
End time: 1730570850951
