Start time: 1730571067367
[2024-11-02T11:11:12.473610-0700] traceroute to 54.176.53.206 (54.176.53.206), 30 hops max, 60 byte packets
[2024-11-02T11:11:12.474234-0700]  1  * * *
[2024-11-02T11:11:12.474271-0700]  2  * * *
[2024-11-02T11:11:12.474300-0700]  3  * * *
[2024-11-02T11:11:12.474325-0700]  4  * * *
[2024-11-02T11:11:12.474349-0700]  5  * * *
[2024-11-02T11:11:17.481055-0700]  6  * * *
[2024-11-02T11:11:17.481532-0700]  7  * * *
[2024-11-02T11:11:17.490169-0700]  8  * * *
[2024-11-02T11:11:17.490483-0700]  9  * * *
[2024-11-02T11:11:17.490587-0700] 10  * * *
[2024-11-02T11:11:22.490436-0700] 11  * * *
[2024-11-02T11:11:22.490843-0700] 12  * * *
[2024-11-02T11:11:22.500678-0700] 13  * * *
[2024-11-02T11:11:22.501002-0700] 14  * * *
[2024-11-02T11:11:22.501129-0700] 15  * * *
[2024-11-02T11:11:27.498578-0700] 16  * * *
[2024-11-02T11:11:27.498965-0700] 17  * * *
[2024-11-02T11:11:27.505833-0700] 18  * * *
[2024-11-02T11:11:27.513757-0700] 19  * * *
[2024-11-02T11:11:27.514019-0700] 20  * * *
[2024-11-02T11:11:27.514150-0700] 21  * * *
[2024-11-02T11:11:32.508474-0700] 22  * * *
[2024-11-02T11:11:32.516916-0700] 23  * * *
[2024-11-02T11:11:32.517109-0700] 24  * * *
[2024-11-02T11:11:32.525711-0700] 25  * * *
[2024-11-02T11:11:32.525964-0700] 26  * * *
[2024-11-02T11:11:37.463075-0700] 27  * *End time: 1730571097527
