Start time: 1730500999914
[2024-11-01T15:43:25.051294-0700] traceroute to 54.176.53.206 (54.176.53.206), 30 hops max, 60 byte packets
[2024-11-01T15:43:25.051965-0700]  1  * * *
[2024-11-01T15:43:25.052006-0700]  2  * * *
[2024-11-01T15:43:25.052038-0700]  3  * * *
[2024-11-01T15:43:25.052066-0700]  4  * * *
[2024-11-01T15:43:25.064026-0700]  5  * * *
[2024-11-01T15:43:30.058356-0700]  6  * * *
[2024-11-01T15:43:30.058840-0700]  7  * * *
[2024-11-01T15:43:30.069266-0700]  8  * * *
[2024-11-01T15:43:30.069560-0700]  9  * * *
[2024-11-01T15:43:30.069683-0700] 10  * * *
[2024-11-01T15:43:35.067248-0700] 11  * * *
[2024-11-01T15:43:35.075654-0700] 12  * * *
[2024-11-01T15:43:35.075956-0700] 13  * * *
[2024-11-01T15:43:35.085397-0700] 14  * * *
[2024-11-01T15:43:35.085607-0700] 15  * * *
[2024-11-01T15:43:40.075201-0700] 16  * * *
[2024-11-01T15:43:40.079947-0700] 17  * * *
[2024-11-01T15:43:40.085360-0700] 18  * * *
[2024-11-01T15:43:40.090479-0700] 19  * * *
[2024-11-01T15:43:40.094239-0700] 20  * * *
[2024-11-01T15:43:40.096483-0700] 21  * * *
[2024-11-01T15:43:45.082985-0700] 22  * * *
[2024-11-01T15:43:45.091094-0700] 23  * * *
[2024-11-01T15:43:45.091426-0700] 24  * * *
[2024-11-01T15:43:45.100688-0700] 25  * * *
[2024-11-01T15:43:45.100961-0700] 26  * * *
[2024-11-01T15:43:50.040030-0700] 27  * *End time: 1730501030124
