Start time: 1730525883129
[2024-11-01T22:38:08.203122-0700] traceroute to 54.176.53.206 (54.176.53.206), 30 hops max, 60 byte packets
[2024-11-01T22:38:08.203891-0700]  1  * * *
[2024-11-01T22:38:08.203950-0700]  2  * * *
[2024-11-01T22:38:08.203994-0700]  3  * * *
[2024-11-01T22:38:08.204035-0700]  4  * * *
[2024-11-01T22:38:08.204074-0700]  5  * * *
[2024-11-01T22:38:13.210170-0700]  6  * * *
[2024-11-01T22:38:13.210478-0700]  7  * * *
[2024-11-01T22:38:13.210562-0700]  8  * * *
[2024-11-01T22:38:13.210631-0700]  9  * * *
[2024-11-01T22:38:13.217822-0700] 10  * * *
[2024-11-01T22:38:18.217518-0700] 11  * * *
[2024-11-01T22:38:18.217723-0700] 12  * * *
[2024-11-01T22:38:18.217772-0700] 13  * * *
[2024-11-01T22:38:18.217804-0700] 14  * * *
[2024-11-01T22:38:18.222926-0700] 15  * * *
[2024-11-01T22:38:23.224065-0700] 16  * * *
[2024-11-01T22:38:23.224455-0700] 17  * * *
[2024-11-01T22:38:23.224591-0700] 18  * * *
[2024-11-01T22:38:23.224702-0700] 19  * * *
[2024-11-01T22:38:23.224807-0700] 20  * * *
[2024-11-01T22:38:23.240671-0700] 21  * * *
[2024-11-01T22:38:28.232463-0700] 22  * * *
[2024-11-01T22:38:28.232911-0700] 23  * * *
[2024-11-01T22:38:28.242044-0700] 24  * * *
[2024-11-01T22:38:28.242277-0700] 25  * * *
[2024-11-01T22:38:28.242548-0700] 26  * * *
[2024-11-01T22:38:33.192531-0700] 27  * *End time: 1730525913251
