Start time: 1745101741591
Connecting to host 34.86.116.81, port 5207
Reverse mode, remote host 34.86.116.81 is sending
[  5] local 192.0.0.2 port 50028 connected to 34.86.116.81 port 5207
[ ID] Interval           Transfer     Bitrate
[  5]   0.00-0.10   sec  25.3 KBytes  2.07 Mbits/sec                  
[  5]   0.10-0.20   sec  67.9 KBytes  5.57 Mbits/sec                  
[  5]   0.20-0.30   sec   170 KBytes  14.0 Mbits/sec                  
[  5]   0.30-0.40   sec   388 KBytes  31.7 Mbits/sec                  
[  5]   0.40-0.50   sec   547 KBytes  44.9 Mbits/sec                  
[  5]   0.50-0.60   sec   457 KBytes  37.4 Mbits/sec                  
[  5]   0.60-0.70   sec   571 KBytes  46.8 Mbits/sec                  
[  5]   0.70-0.80   sec   573 KBytes  46.9 Mbits/sec                  
[  5]   0.80-0.90   sec   522 KBytes  42.8 Mbits/sec                  
[  5]   0.90-1.00   sec   478 KBytes  39.2 Mbits/sec                  
[  5]   1.00-1.10   sec   527 KBytes  43.2 Mbits/sec                  
[  5]   1.10-1.20   sec   444 KBytes  36.3 Mbits/sec                  
[  5]   1.20-1.30   sec   846 KBytes  69.4 Mbits/sec                  
[  5]   1.30-1.40   sec   713 KBytes  58.4 Mbits/sec                  
[  5]   1.40-1.50   sec   605 KBytes  49.5 Mbits/sec                  
[  5]   1.50-1.60   sec   741 KBytes  60.6 Mbits/sec                  
[  5]   1.60-1.70   sec   829 KBytes  67.9 Mbits/sec                  
[  5]   1.70-1.80   sec   649 KBytes  53.1 Mbits/sec                  
[  5]   1.80-1.90   sec   846 KBytes  69.3 Mbits/sec                  
[  5]   1.90-2.00   sec   715 KBytes  58.6 Mbits/sec                  
[  5]   2.00-2.10   sec   785 KBytes  64.3 Mbits/sec                  
[  5]   2.10-2.20   sec  1022 KBytes  83.7 Mbits/sec                  
[  5]   2.20-2.30   sec   787 KBytes  64.5 Mbits/sec                  
[  5]   2.30-2.40   sec   906 KBytes  74.2 Mbits/sec                  
[  5]   2.40-2.50   sec   987 KBytes  80.8 Mbits/sec                  
[  5]   2.50-2.60   sec   972 KBytes  79.7 Mbits/sec                  
[  5]   2.60-2.70   sec   785 KBytes  64.3 Mbits/sec                  
[  5]   2.70-2.80   sec   950 KBytes  77.8 Mbits/sec                  
[  5]   2.80-2.90   sec   998 KBytes  81.7 Mbits/sec                  
[  5]   2.90-3.00   sec  1.05 MBytes  87.7 Mbits/sec                  
[  5]   3.00-3.10   sec  1.04 MBytes  87.3 Mbits/sec                  
[  5]   3.10-3.20   sec   962 KBytes  78.8 Mbits/sec                  
[  5]   3.20-3.30   sec  1.20 MBytes   100 Mbits/sec                  
[  5]   3.30-3.40   sec  1022 KBytes  83.6 Mbits/sec                  
[  5]   3.40-3.50   sec  1.18 MBytes  99.3 Mbits/sec                  
[  5]   3.50-3.60   sec   774 KBytes  63.4 Mbits/sec                  
[  5]   3.60-3.70   sec   501 KBytes  40.6 Mbits/sec                  
[  5]   3.70-3.80   sec  0.00 Bytes  0.00 bits/sec                  
[  5]   3.80-3.90   sec  6.66 KBytes   546 Kbits/sec                  
[  5]   3.90-4.00   sec  1.38 MBytes   116 Mbits/sec                  
[  5]   4.00-4.10   sec   470 KBytes  38.1 Mbits/sec                  
[  5]   4.10-4.20   sec  1.09 MBytes  92.2 Mbits/sec                  
[  5]   4.20-4.30   sec  1.23 MBytes   104 Mbits/sec                  
[  5]   4.30-4.40   sec  1.19 MBytes  99.5 Mbits/sec                  
[  5]   4.40-4.50   sec  1.58 MBytes   133 Mbits/sec                  
[  5]   4.50-4.60   sec  1.02 MBytes  85.7 Mbits/sec                  
[  5]   4.60-4.70   sec   670 KBytes  54.9 Mbits/sec                  
[  5]   4.70-4.80   sec  1.18 MBytes  99.2 Mbits/sec                  
[  5]   4.80-4.90   sec  1008 KBytes  82.7 Mbits/sec                  
[  5]   4.90-5.00   sec   920 KBytes  75.4 Mbits/sec                  
- - - - - - - - - - - - - - - - - - - - - - - - -
[ ID] Interval           Transfer     Bitrate         Retr
[  5]   0.00-5.04   sec   316 MBytes   526 Mbits/sec    0             sender
[  5]   0.00-5.00   sec  37.8 MBytes  63.4 Mbits/sec                  receiver

iperf Done.
End time: 1745101747598
