Start time: 1730596484380
[2024-11-02T19:14:45.648507-0600] nuttcp-r: v8.1.4: socket
[2024-11-02T19:14:45.649262-0600] nuttcp-r: buflen=65536, nstream=1, port=5379 tcp
[2024-11-02T19:14:45.649319-0600] nuttcp-r: interval reporting every 0.50 seconds
[2024-11-02T19:14:45.649362-0600] nuttcp-r: connect to 54.176.53.206 with RTT=77.615 ms af=inet
[2024-11-02T19:14:45.649402-0600] nuttcp-r: send window size = 2097152, receive window size = 6291456
[2024-11-02T19:14:45.649438-0600] nuttcp-r: available send window = 1572864, available receive window = 4718592
[2024-11-02T19:14:45.649472-0600]     0.5000 MB /   0.50 sec =    8.3861 Mbps     0 retrans
[2024-11-02T19:14:46.148325-0600]     4.0000 MB /   0.50 sec =   67.1192 Mbps     0 retrans
[2024-11-02T19:14:46.648465-0600]     4.3125 MB /   0.50 sec =   72.3384 Mbps     0 retrans
[2024-11-02T19:14:47.148533-0600]     2.4375 MB /   0.50 sec =   40.8960 Mbps     0 retrans
[2024-11-02T19:14:47.648286-0600]     5.6875 MB /   0.50 sec =   95.4414 Mbps     0 retrans
[2024-11-02T19:14:48.148937-0600]     6.3750 MB /   0.50 sec =  106.8287 Mbps     0 retrans
[2024-11-02T19:14:48.648318-0600]     7.2500 MB /   0.50 sec =  121.7653 Mbps     0 retrans
[2024-11-02T19:14:49.148280-0600]     6.6250 MB /   0.50 sec =  111.1568 Mbps     0 retrans
[2024-11-02T19:14:49.648511-0600]     7.1875 MB /   0.50 sec =  120.5882 Mbps     0 retrans
[2024-11-02T19:14:50.148310-0600]     6.9375 MB /   0.50 sec =  116.3859 Mbps     0 retrans
[2024-11-02T19:14:50.648473-0600]     8.5625 MB /   0.50 sec =  143.6296 Mbps     0 retrans
[2024-11-02T19:14:51.148320-0600]     9.3125 MB /   0.50 sec =  156.2697 Mbps     0 retrans
[2024-11-02T19:14:51.648286-0600]     9.6875 MB /   0.50 sec =  162.5329 Mbps     0 retrans
[2024-11-02T19:14:52.148522-0600]    10.3125 MB /   0.50 sec =  173.0112 Mbps     0 retrans
[2024-11-02T19:14:52.648317-0600]    10.9375 MB /   0.50 sec =  183.4964 Mbps     0 retrans
[2024-11-02T19:14:53.148462-0600]    10.3125 MB /   0.50 sec =  172.9773 Mbps     0 retrans
[2024-11-02T19:14:53.648332-0600]     9.8750 MB /   0.50 sec =  165.7062 Mbps     0 retrans
[2024-11-02T19:14:54.148533-0600]     5.1875 MB /   0.50 sec =   87.0130 Mbps     0 retrans
[2024-11-02T19:14:54.649730-0600]     9.1875 MB /   0.50 sec =  153.7679 Mbps     0 retrans
[2024-11-02T19:14:55.148301-0600]     4.0000 MB /   0.50 sec =   67.2842 Mbps     0 retrans
[2024-11-02T19:14:55.648312-0600]     8.0625 MB /   0.50 sec =  135.2760 Mbps     0 retrans
[2024-11-02T19:14:56.148459-0600]    11.9375 MB /   0.50 sec =  200.2019 Mbps     0 retrans
[2024-11-02T19:14:56.649978-0600]     4.1875 MB /   0.50 sec =   70.0643 Mbps     0 retrans
[2024-11-02T19:14:57.148298-0600]     8.7500 MB /   0.50 sec =  147.2498 Mbps     0 retrans
[2024-11-02T19:14:57.648336-0600]    13.8125 MB /   0.50 sec =  231.7265 Mbps     0 retrans
[2024-11-02T19:14:58.148373-0600]    11.9375 MB /   0.50 sec =  200.2736 Mbps     0 retrans
[2024-11-02T19:14:58.648286-0600]    12.1250 MB /   0.50 sec =  203.4498 Mbps     0 retrans
[2024-11-02T19:14:59.148284-0600]    11.8750 MB /   0.50 sec =  199.2282 Mbps     0 retrans
[2024-11-02T19:14:59.648478-0600]    11.8125 MB /   0.50 sec =  198.1337 Mbps     0 retrans
[2024-11-02T19:15:00.148456-0600]    11.5625 MB /   0.50 sec =  194.0087 Mbps     0 retrans
[2024-11-02T19:15:00.648477-0600]    13.1250 MB /   0.50 sec =  220.2305 Mbps     0 retrans
[2024-11-02T19:15:01.148710-0600]    10.3750 MB /   0.50 sec =  173.9134 Mbps     0 retrans
[2024-11-02T19:15:01.648461-0600]     7.2500 MB /   0.50 sec =  121.7091 Mbps     0 retrans
[2024-11-02T19:15:02.148374-0600]    13.0625 MB /   0.50 sec =  219.1734 Mbps     0 retrans
[2024-11-02T19:15:02.648485-0600]    12.1250 MB /   0.50 sec =  203.3977 Mbps     0 retrans
[2024-11-02T19:15:03.148278-0600]     9.5625 MB /   0.50 sec =  160.4774 Mbps     0 retrans
[2024-11-02T19:15:03.648662-0600]     6.8125 MB /   0.50 sec =  114.2525 Mbps     0 retrans
[2024-11-02T19:15:04.148810-0600]     4.5625 MB /   0.50 sec =   76.5066 Mbps     0 retrans
[2024-11-02T19:15:04.649275-0600]     4.0000 MB /   0.50 sec =   67.0374 Mbps     0 retrans
[2024-11-02T19:15:05.148270-0600]    16.4375 MB /   0.50 sec =  276.3160 Mbps     0 retrans
[2024-11-02T19:15:05.648315-0600]    16.4375 MB /   0.50 sec =  275.7733 Mbps     0 retrans
[2024-11-02T19:15:06.148485-0600]    20.3750 MB /   0.50 sec =  341.8330 Mbps     0 retrans
[2024-11-02T19:15:06.648904-0600]    18.7500 MB /   0.50 sec =  314.3031 Mbps     0 retrans
[2024-11-02T19:15:07.148342-0600]    14.6875 MB /   0.50 sec =  246.6186 Mbps     0 retrans
[2024-11-02T19:15:07.648619-0600]    14.3750 MB /   0.50 sec =  241.0235 Mbps     0 retrans
[2024-11-02T19:15:08.148709-0600]    18.5625 MB /   0.50 sec =  311.3698 Mbps     0 retrans
[2024-11-02T19:15:08.648271-0600]    14.8125 MB /   0.50 sec =  248.7035 Mbps     0 retrans
[2024-11-02T19:15:09.148320-0600]    17.1250 MB /   0.50 sec =  287.3190 Mbps     0 retrans
[2024-11-02T19:15:09.649201-0600]    10.6875 MB /   0.50 sec =  178.9875 Mbps     0 retrans
[2024-11-02T19:15:10.148756-0600]    21.6875 MB /   0.50 sec =  364.1917 Mbps     0 retrans
[2024-11-02T19:15:10.648420-0600]    14.9375 MB /   0.50 sec =  250.8324 Mbps     0 retrans
[2024-11-02T19:15:11.148338-0600]    16.1875 MB /   0.50 sec =  271.5855 Mbps     0 retrans
[2024-11-02T19:15:11.648733-0600]     7.8125 MB /   0.50 sec =  130.9945 Mbps     0 retrans
[2024-11-02T19:15:12.149726-0600]     4.4375 MB /   0.50 sec =   74.2849 Mbps     0 retrans
[2024-11-02T19:15:12.649469-0600]     0.0000 MB /   0.50 sec =    0.0000 Mbps     0 retrans
[2024-11-02T19:15:13.148601-0600]     0.0000 MB /   0.50 sec =    0.0000 Mbps     0 retrans
[2024-11-02T19:15:13.648282-0600]    12.2500 MB /   0.50 sec =  205.6056 Mbps     0 retrans
[2024-11-02T19:15:14.148277-0600]    10.6875 MB /   0.50 sec =  179.3094 Mbps     0 retrans
[2024-11-02T19:15:14.648532-0600]     3.4375 MB /   0.50 sec =   57.6507 Mbps     0 retrans
[2024-11-02T19:15:15.149337-0600]     1.7500 MB /   0.50 sec =   29.3151 Mbps     0 retrans
[2024-11-02T19:15:15.648354-0600]     2.7500 MB /   0.50 sec =   46.2214 Mbps     0 retrans
[2024-11-02T19:15:16.148310-0600]    15.0625 MB /   0.50 sec =  252.7240 Mbps     0 retrans
[2024-11-02T19:15:16.648285-0600]    16.2500 MB /   0.50 sec =  272.6309 Mbps     0 retrans
[2024-11-02T19:15:17.148436-0600]    15.6875 MB /   0.50 sec =  263.2021 Mbps     0 retrans
[2024-11-02T19:15:17.648684-0600]    14.4375 MB /   0.50 sec =  242.0303 Mbps     0 retrans
[2024-11-02T19:15:18.148286-0600]    17.3125 MB /   0.50 sec =  290.6706 Mbps     0 retrans
[2024-11-02T19:15:18.648295-0600]    16.8750 MB /   0.50 sec =  283.1127 Mbps     0 retrans
[2024-11-02T19:15:19.148495-0600]     8.3125 MB /   0.50 sec =  139.4258 Mbps     0 retrans
[2024-11-02T19:15:19.648562-0600]     7.7500 MB /   0.50 sec =  130.0161 Mbps     0 retrans
[2024-11-02T19:15:20.148517-0600]     9.8750 MB /   0.50 sec =  165.6836 Mbps     0 retrans
[2024-11-02T19:15:20.648420-0600]     5.1875 MB /   0.50 sec =   87.0508 Mbps     0 retrans
[2024-11-02T19:15:21.148464-0600]     8.3750 MB /   0.50 sec =  140.5224 Mbps     0 retrans
[2024-11-02T19:15:21.648458-0600]    11.9375 MB /   0.50 sec =  200.2752 Mbps     0 retrans
[2024-11-02T19:15:22.149135-0600]     8.9375 MB /   0.50 sec =  149.7759 Mbps     0 retrans
[2024-11-02T19:15:22.648279-0600]    11.0000 MB /   0.50 sec =  184.7570 Mbps     0 retrans
[2024-11-02T19:15:23.148294-0600]    12.9375 MB /   0.50 sec =  217.0526 Mbps     0 retrans
[2024-11-02T19:15:23.648302-0600]    12.5625 MB /   0.50 sec =  210.7596 Mbps     0 retrans
[2024-11-02T19:15:24.148290-0600]    13.8750 MB /   0.50 sec =  232.7899 Mbps     0 retrans
[2024-11-02T19:15:24.648314-0600]    13.4375 MB /   0.50 sec =  225.4420 Mbps     0 retrans
[2024-11-02T19:15:25.148370-0600]    16.7500 MB /   0.50 sec =  280.9852 Mbps     0 retrans
[2024-11-02T19:15:25.648233-0600]    12.9375 MB /   0.50 sec =  217.0756 Mbps     0 retrans
[2024-11-02T19:15:26.148345-0600]    16.7500 MB /   0.50 sec =  281.0004 Mbps     0 retrans
[2024-11-02T19:15:26.648540-0600]     9.5000 MB /   0.50 sec =  159.3482 Mbps     0 retrans
[2024-11-02T19:15:27.148476-0600]     5.9375 MB /   0.50 sec =   99.6203 Mbps     0 retrans
[2024-11-02T19:15:27.649409-0600]    11.5625 MB /   0.50 sec =  193.6195 Mbps     0 retrans
[2024-11-02T19:15:28.148592-0600]     9.1875 MB /   0.50 sec =  154.3908 Mbps     0 retrans
[2024-11-02T19:15:28.648292-0600]     8.5000 MB /   0.50 sec =  142.6805 Mbps     0 retrans
[2024-11-02T19:15:29.148545-0600]    13.4375 MB /   0.50 sec =  225.4429 Mbps     0 retrans
[2024-11-02T19:15:29.648291-0600]    13.6250 MB /   0.50 sec =  228.5932 Mbps     0 retrans
[2024-11-02T19:15:30.148296-0600]    13.5625 MB /   0.50 sec =  227.5428 Mbps     0 retrans
[2024-11-02T19:15:30.648566-0600]     3.3125 MB /   0.50 sec =   55.5543 Mbps     0 retrans
[2024-11-02T19:15:31.148462-0600]     6.3125 MB /   0.50 sec =  105.9199 Mbps     0 retrans
[2024-11-02T19:15:31.649414-0600]    10.5000 MB /   0.50 sec =  175.8162 Mbps     0 retrans
[2024-11-02T19:15:32.148308-0600]    10.3125 MB /   0.50 sec =  173.3885 Mbps     0 retrans
[2024-11-02T19:15:32.648341-0600]    16.7500 MB /   0.50 sec =  281.0004 Mbps     0 retrans
[2024-11-02T19:15:33.149398-0600]    10.1250 MB /   0.50 sec =  169.5201 Mbps     0 retrans
[2024-11-02T19:15:33.648492-0600]    13.4375 MB /   0.50 sec =  225.9296 Mbps     0 retrans
[2024-11-02T19:15:34.148734-0600]    15.2500 MB /   0.50 sec =  255.6393 Mbps     0 retrans
[2024-11-02T19:15:34.648292-0600]    16.9375 MB /   0.50 sec =  284.4007 Mbps     0 retrans
[2024-11-02T19:15:35.148490-0600]     8.8750 MB /   0.50 sec =  148.8561 Mbps     0 retrans
[2024-11-02T19:15:35.648576-0600]     8.0625 MB /   0.50 sec =  135.2503 Mbps     0 retrans
[2024-11-02T19:15:36.148868-0600]    17.5625 MB /   0.50 sec =  294.5273 Mbps     0 retrans
[2024-11-02T19:15:36.648303-0600]    17.0000 MB /   0.50 sec =  285.4473 Mbps     0 retrans
[2024-11-02T19:15:37.148310-0600]    17.5625 MB /   0.50 sec =  294.6446 Mbps     0 retrans
[2024-11-02T19:15:37.648285-0600]    16.6875 MB /   0.50 sec =  279.9748 Mbps     0 retrans
[2024-11-02T19:15:38.148689-0600]    15.1875 MB /   0.50 sec =  254.8050 Mbps     0 retrans
[2024-11-02T19:15:38.648282-0600]    16.8750 MB /   0.50 sec =  283.1212 Mbps     0 retrans
[2024-11-02T19:15:39.148276-0600]    16.7500 MB /   0.50 sec =  281.0156 Mbps     0 retrans
[2024-11-02T19:15:39.648300-0600]    13.4375 MB /   0.50 sec =  225.4380 Mbps     0 retrans
[2024-11-02T19:15:40.148298-0600]     7.7500 MB /   0.50 sec =  130.0234 Mbps     0 retrans
[2024-11-02T19:15:40.648305-0600]    13.3125 MB /   0.50 sec =  223.3476 Mbps     0 retrans
[2024-11-02T19:15:41.148275-0600]    10.4375 MB /   0.50 sec =  175.1157 Mbps     0 retrans
[2024-11-02T19:15:41.648661-0600]     7.8125 MB /   0.50 sec =  130.9942 Mbps     0 retrans
[2024-11-02T19:15:42.148314-0600]     6.2500 MB /   0.50 sec =  104.9052 Mbps     0 retrans
[2024-11-02T19:15:42.648831-0600]     7.5000 MB /   0.50 sec =  125.7916 Mbps     0 retrans
[2024-11-02T19:15:43.148481-0600]     3.1250 MB /   0.50 sec =   52.4376 Mbps     0 retrans
[2024-11-02T19:15:43.648285-0600]     3.4375 MB /   0.50 sec =   57.6821 Mbps     0 retrans
[2024-11-02T19:15:44.148619-0600]     1.1250 MB /   0.50 sec =   18.8693 Mbps     0 retrans
[2024-11-02T19:15:44.648558-0600]     0.0000 MB /   0.50 sec =    0.0000 Mbps     0 retrans
[2024-11-02T19:15:45.148291-0600]     8.3125 MB /   0.50 sec =  139.5039 Mbps     0 retrans
[2024-11-02T19:15:45.648292-0600]     9.0625 MB /   0.50 sec =  152.0456 Mbps     0 retrans
[2024-11-02T19:15:46.148431-0600]    10.6250 MB /   0.50 sec =  178.2344 Mbps     0 retrans
[2024-11-02T19:15:46.648545-0600]    13.3750 MB /   0.50 sec =  224.4244 Mbps     0 retrans
[2024-11-02T19:15:47.148343-0600]    15.8125 MB /   0.50 sec =  265.2653 Mbps     0 retrans
[2024-11-02T19:15:47.648291-0600]    17.3750 MB /   0.50 sec =  291.5333 Mbps     0 retrans
[2024-11-02T19:15:48.148278-0600]    18.2500 MB /   0.50 sec =  306.1842 Mbps     0 retrans
[2024-11-02T19:15:48.648368-0600]    17.3125 MB /   0.50 sec =  290.4195 Mbps     0 retrans
[2024-11-02T19:15:49.148692-0600]    18.0000 MB /   0.50 sec =  301.8547 Mbps     0 retrans
[2024-11-02T19:15:49.648268-0600]    18.3125 MB /   0.50 sec =  307.4111 Mbps     0 retrans
[2024-11-02T19:15:50.148458-0600]    16.8125 MB /   0.50 sec =  282.0252 Mbps     0 retrans
[2024-11-02T19:15:50.648425-0600]    18.7500 MB /   0.50 sec =  314.5602 Mbps     0 retrans
[2024-11-02T19:15:51.148754-0600]    19.1250 MB /   0.50 sec =  320.6315 Mbps     0 retrans
[2024-11-02T19:15:51.648319-0600]    18.8750 MB /   0.50 sec =  316.9374 Mbps     0 retrans
[2024-11-02T19:15:52.148371-0600]    18.3750 MB /   0.50 sec =  308.2696 Mbps     0 retrans
[2024-11-02T19:15:52.648299-0600]    18.3125 MB /   0.50 sec =  307.2629 Mbps     0 retrans
[2024-11-02T19:15:53.148316-0600]    16.9375 MB /   0.50 sec =  284.1613 Mbps     0 retrans
[2024-11-02T19:15:53.648278-0600]    15.4375 MB /   0.50 sec =  259.0024 Mbps     0 retrans
[2024-11-02T19:15:54.148300-0600]    18.8125 MB /   0.50 sec =  315.6170 Mbps     0 retrans
[2024-11-02T19:15:54.648668-0600]     8.7500 MB /   0.50 sec =  146.7138 Mbps     0 retrans
[2024-11-02T19:15:55.148749-0600]    24.6250 MB /   0.50 sec =  413.0365 Mbps     0 retrans
[2024-11-02T19:15:55.648290-0600]    18.8750 MB /   0.50 sec =  316.9400 Mbps     0 retrans
[2024-11-02T19:15:56.148330-0600]    17.9375 MB /   0.50 sec =  300.9287 Mbps     0 retrans
[2024-11-02T19:15:56.648537-0600]    15.9375 MB /   0.50 sec =  267.3115 Mbps     0 retrans
[2024-11-02T19:15:57.148290-0600]     8.0625 MB /   0.50 sec =  135.3099 Mbps     0 retrans
[2024-11-02T19:15:57.648759-0600]    12.0625 MB /   0.50 sec =  202.3129 Mbps     0 retrans
[2024-11-02T19:15:58.148290-0600]    19.9375 MB /   0.50 sec =  334.5981 Mbps     0 retrans
[2024-11-02T19:15:58.648716-0600]    19.5000 MB /   0.50 sec =  326.9053 Mbps     0 retrans
[2024-11-02T19:15:59.148832-0600]    19.8750 MB /   0.50 sec =  333.4425 Mbps     0 retrans
[2024-11-02T19:15:59.648327-0600]    23.1875 MB /   0.50 sec =  389.3152 Mbps     0 retrans
[2024-11-02T19:16:00.148257-0600]    23.5625 MB /   0.50 sec =  395.3258 Mbps     0 retrans
[2024-11-02T19:16:00.649390-0600]    18.6875 MB /   0.50 sec =  312.8535 Mbps     0 retrans
[2024-11-02T19:16:01.148308-0600]    24.3750 MB /   0.50 sec =  409.8217 Mbps     0 retrans
[2024-11-02T19:16:01.648567-0600]    21.5625 MB /   0.50 sec =  361.6857 Mbps     0 retrans
[2024-11-02T19:16:02.148239-0600]    20.5625 MB /   0.50 sec =  345.0692 Mbps     0 retrans
[2024-11-02T19:16:02.648349-0600]    17.9375 MB /   0.50 sec =  300.8902 Mbps     0 retrans
[2024-11-02T19:16:03.148715-0600]    18.5000 MB /   0.50 sec =  310.4095 Mbps     0 retrans
[2024-11-02T19:16:03.648346-0600]    22.6250 MB /   0.50 sec =  379.5564 Mbps     0 retrans
[2024-11-02T19:16:04.148336-0600]    21.6875 MB /   0.50 sec =  363.8515 Mbps     0 retrans
[2024-11-02T19:16:04.648356-0600]    24.2500 MB /   0.50 sec =  406.8499 Mbps     0 retrans
[2024-11-02T19:16:05.148343-0600]    24.5625 MB /   0.50 sec =  412.1192 Mbps     0 retrans
[2024-11-02T19:16:05.648569-0600]    22.1250 MB /   0.50 sec =  371.2056 Mbps     0 retrans
[2024-11-02T19:16:06.148584-0600]    25.3750 MB /   0.50 sec =  425.6895 Mbps     0 retrans
[2024-11-02T19:16:06.648287-0600]    20.1875 MB /   0.50 sec =  338.7171 Mbps     0 retrans
[2024-11-02T19:16:07.148346-0600]    15.8750 MB /   0.50 sec =  266.3037 Mbps     0 retrans
[2024-11-02T19:16:07.648315-0600]    19.0000 MB /   0.50 sec =  318.8079 Mbps     0 retrans
[2024-11-02T19:16:08.148320-0600]    15.1250 MB /   0.50 sec =  253.7513 Mbps     0 retrans
[2024-11-02T19:16:08.649355-0600]    13.0000 MB /   0.50 sec =  217.6511 Mbps     0 retrans
[2024-11-02T19:16:09.148536-0600]    14.3750 MB /   0.50 sec =  241.6020 Mbps     0 retrans
[2024-11-02T19:16:09.648514-0600]    10.7500 MB /   0.50 sec =  180.3590 Mbps     0 retrans
[2024-11-02T19:16:10.148322-0600]    19.2500 MB /   0.50 sec =  323.0241 Mbps     0 retrans
[2024-11-02T19:16:10.648528-0600]    11.9375 MB /   0.50 sec =  200.2404 Mbps     0 retrans
[2024-11-02T19:16:11.148563-0600]     7.0000 MB /   0.50 sec =  117.4027 Mbps     0 retrans
[2024-11-02T19:16:11.648713-0600]     7.6875 MB /   0.50 sec =  128.9470 Mbps     0 retrans
[2024-11-02T19:16:12.148324-0600]    12.8125 MB /   0.50 sec =  215.1354 Mbps     0 retrans
[2024-11-02T19:16:12.648323-0600]    12.0000 MB /   0.50 sec =  201.3274 Mbps     0 retrans
[2024-11-02T19:16:13.148465-0600]    10.5000 MB /   0.50 sec =  176.1143 Mbps     0 retrans
[2024-11-02T19:16:13.648630-0600]     7.5000 MB /   0.50 sec =  125.8236 Mbps     0 retrans
[2024-11-02T19:16:14.148573-0600]     2.0625 MB /   0.50 sec =   34.6027 Mbps     0 retrans
[2024-11-02T19:16:14.648569-0600]     6.0625 MB /   0.50 sec =  101.7471 Mbps     0 retrans
[2024-11-02T19:16:15.148491-0600]     7.3125 MB /   0.50 sec =  122.6495 Mbps     0 retrans
[2024-11-02T19:16:15.648333-0600]    12.9375 MB /   0.50 sec =  217.0943 Mbps     0 retrans
[2024-11-02T19:16:16.149003-0600]     9.3750 MB /   0.50 sec =  157.1252 Mbps     0 retrans
[2024-11-02T19:16:16.648368-0600]     9.3125 MB /   0.50 sec =  156.3845 Mbps     0 retrans
[2024-11-02T19:16:17.148296-0600]    10.0000 MB /   0.50 sec =  167.8000 Mbps     0 retrans
[2024-11-02T19:16:17.648242-0600]     9.8750 MB /   0.50 sec =  165.6790 Mbps     0 retrans
[2024-11-02T19:16:18.148316-0600]     9.1250 MB /   0.50 sec =  153.0707 Mbps     0 retrans
[2024-11-02T19:16:18.648491-0600]     7.3125 MB /   0.50 sec =  122.6630 Mbps     0 retrans
[2024-11-02T19:16:19.148507-0600]     5.2500 MB /   0.50 sec =   88.0779 Mbps     0 retrans
[2024-11-02T19:16:19.648546-0600]     5.3125 MB /   0.50 sec =   89.1274 Mbps     0 retrans
[2024-11-02T19:16:20.148290-0600]    10.1250 MB /   0.50 sec =  169.9244 Mbps     0 retrans
[2024-11-02T19:16:20.648325-0600]    13.2500 MB /   0.50 sec =  222.2937 Mbps     0 retrans
[2024-11-02T19:16:21.148451-0600]    15.8125 MB /   0.50 sec =  265.2621 Mbps     0 retrans
[2024-11-02T19:16:21.648329-0600]    16.8750 MB /   0.50 sec =  283.1297 Mbps     0 retrans
[2024-11-02T19:16:22.148294-0600]    18.4375 MB /   0.50 sec =  309.3627 Mbps     0 retrans
[2024-11-02T19:16:22.649060-0600]    21.0625 MB /   0.50 sec =  353.0354 Mbps     0 retrans
[2024-11-02T19:16:23.148304-0600]    20.0000 MB /   0.50 sec =  335.8499 Mbps     0 retrans
[2024-11-02T19:16:23.648304-0600]    22.8125 MB /   0.50 sec =  382.7234 Mbps     0 retrans
[2024-11-02T19:16:24.148314-0600]    22.1250 MB /   0.50 sec =  371.1996 Mbps     0 retrans
[2024-11-02T19:16:24.648648-0600]    21.5000 MB /   0.50 sec =  360.7087 Mbps     0 retrans
[2024-11-02T19:16:25.148697-0600]    21.8750 MB /   0.50 sec =  366.7288 Mbps     0 retrans
[2024-11-02T19:16:25.648288-0600]    20.8125 MB /   0.50 sec =  349.4428 Mbps     0 retrans
[2024-11-02T19:16:26.148323-0600]    20.3750 MB /   0.50 sec =  341.8214 Mbps     0 retrans
[2024-11-02T19:16:26.648184-0600]    20.0625 MB /   0.50 sec =  336.6232 Mbps     0 retrans
[2024-11-02T19:16:27.148316-0600]    21.8750 MB /   0.50 sec =  366.9744 Mbps     0 retrans
[2024-11-02T19:16:27.648670-0600]    21.6875 MB /   0.50 sec =  363.8566 Mbps     0 retrans
[2024-11-02T19:16:28.148894-0600]    23.2500 MB /   0.50 sec =  389.6222 Mbps     0 retrans
[2024-11-02T19:16:28.648300-0600]    21.6875 MB /   0.50 sec =  364.2799 Mbps     0 retrans
[2024-11-02T19:16:29.148306-0600]    22.4375 MB /   0.50 sec =  376.4350 Mbps     0 retrans
[2024-11-02T19:16:29.648357-0600]    20.8750 MB /   0.50 sec =  350.2041 Mbps     0 retrans
[2024-11-02T19:16:30.148277-0600]    23.1875 MB /   0.50 sec =  389.0520 Mbps     0 retrans
[2024-11-02T19:16:30.648317-0600]    10.8750 MB /   0.50 sec =  182.4489 Mbps     0 retrans
[2024-11-02T19:16:31.148428-0600]    21.3125 MB /   0.50 sec =  357.5029 Mbps     0 retrans
[2024-11-02T19:16:31.648811-0600]    13.1875 MB /   0.50 sec =  221.2327 Mbps     0 retrans
[2024-11-02T19:16:32.148226-0600]    20.2500 MB /   0.50 sec =  339.8188 Mbps     0 retrans
[2024-11-02T19:16:32.648509-0600]    24.1875 MB /   0.50 sec =  405.8013 Mbps     0 retrans
[2024-11-02T19:16:33.148305-0600]    23.8750 MB /   0.50 sec =  400.5560 Mbps     0 retrans
[2024-11-02T19:16:33.648670-0600]    25.7500 MB /   0.50 sec =  431.6990 Mbps     0 retrans
[2024-11-02T19:16:34.148313-0600]    22.5000 MB /   0.50 sec =  377.7662 Mbps     0 retrans
[2024-11-02T19:16:34.648429-0600]    13.8125 MB /   0.50 sec =  231.7024 Mbps     0 retrans
[2024-11-02T19:16:35.148326-0600]    25.4375 MB /   0.50 sec =  426.8191 Mbps     0 retrans
[2024-11-02T19:16:35.648318-0600]    19.3750 MB /   0.50 sec =  325.0631 Mbps     0 retrans
[2024-11-02T19:16:36.148287-0600]    21.5000 MB /   0.50 sec =  360.7166 Mbps     0 retrans
[2024-11-02T19:16:36.648669-0600]    21.1250 MB /   0.50 sec =  354.1991 Mbps     0 retrans
[2024-11-02T19:16:37.148330-0600]    22.0625 MB /   0.50 sec =  370.3666 Mbps     0 retrans
[2024-11-02T19:16:37.648492-0600]    22.0000 MB /   0.50 sec =  369.1268 Mbps     0 retrans
[2024-11-02T19:16:38.148359-0600]    22.3125 MB /   0.50 sec =  374.2885 Mbps     0 retrans
[2024-11-02T19:16:38.648314-0600]    21.3125 MB /   0.50 sec =  357.5930 Mbps     0 retrans
[2024-11-02T19:16:39.148370-0600]    14.5625 MB /   0.50 sec =  244.2957 Mbps     0 retrans
[2024-11-02T19:16:39.648345-0600]    11.9375 MB /   0.50 sec =  200.2856 Mbps     0 retrans
[2024-11-02T19:16:40.148516-0600]    12.3125 MB /   0.50 sec =  206.5856 Mbps     0 retrans
[2024-11-02T19:16:40.648412-0600]    11.5625 MB /   0.50 sec =  193.9932 Mbps     0 retrans
[2024-11-02T19:16:41.148440-0600]    10.3125 MB /   0.50 sec =  172.9818 Mbps     0 retrans
[2024-11-02T19:16:41.648433-0600]    13.8125 MB /   0.50 sec =  231.7362 Mbps     0 retrans
[2024-11-02T19:16:42.148530-0600]     8.5625 MB /   0.50 sec =  143.6216 Mbps     0 retrans
[2024-11-02T19:16:42.649519-0600]    10.0625 MB /   0.50 sec =  168.4942 Mbps     0 retrans
[2024-11-02T19:16:43.148461-0600]     7.7500 MB /   0.50 sec =  130.2921 Mbps     0 retrans
[2024-11-02T19:16:43.648281-0600]    18.1250 MB /   0.50 sec =  304.1637 Mbps     0 retrans
[2024-11-02T19:16:44.148495-0600]    15.6250 MB /   0.50 sec =  262.0827 Mbps     0 retrans
[2024-11-02T19:16:44.648308-0600]    17.3125 MB /   0.50 sec =  290.5235 Mbps     0 retrans
[2024-11-02T19:16:45.148287-0600]    17.5625 MB /   0.50 sec =  294.6499 Mbps     0 retrans
End time: 1730596605519
