Start time: 1730596822207
[2024-11-02T19:20:27.285280-0600] traceroute to 54.176.53.206 (54.176.53.206), 30 hops max, 60 byte packets
[2024-11-02T19:20:27.285939-0600]  1  * * *
[2024-11-02T19:20:27.285976-0600]  2  * * *
[2024-11-02T19:20:27.286003-0600]  3  * * *
[2024-11-02T19:20:27.286030-0600]  4  * * *
[2024-11-02T19:20:27.286054-0600]  5  * * *
[2024-11-02T19:20:32.293304-0600]  6  * * *
[2024-11-02T19:20:32.293740-0600]  7  * * *
[2024-11-02T19:20:32.293859-0600]  8  * * *
[2024-11-02T19:20:32.293909-0600]  9  * * *
[2024-11-02T19:20:32.302503-0600] 10  * * *
[2024-11-02T19:20:37.301425-0600] 11  * * *
[2024-11-02T19:20:37.301677-0600] 12  * * *
[2024-11-02T19:20:37.301732-0600] 13  * * *
[2024-11-02T19:20:37.301779-0600] 14  * * *
[2024-11-02T19:20:37.306670-0600] 15  * * *
[2024-11-02T19:20:42.308801-0600] 16  * * *
[2024-11-02T19:20:42.309306-0600] 17  * * *
[2024-11-02T19:20:42.309444-0600] 18  * * *
[2024-11-02T19:20:42.309525-0600] 19  * * *
[2024-11-02T19:20:42.309572-0600] 20  * * *
[2024-11-02T19:20:42.317700-0600] 21  * * *
[2024-11-02T19:20:47.314717-0600] 22  * * *
[2024-11-02T19:20:47.315013-0600] 23  * * *
[2024-11-02T19:20:47.322949-0600] 24  * * *
[2024-11-02T19:20:47.323265-0600] 25  * * *
[2024-11-02T19:20:47.323391-0600] 26  * * *
[2024-11-02T19:20:52.271634-0600] 27  * *End time: 1730596852330
