Start time: 1731099117013
[2024-11-08T15:52:02.106080-0500] traceroute to 54.197.223.49 (54.197.223.49), 30 hops max, 60 byte packets
[2024-11-08T15:52:02.106917-0500]  1  * * *
[2024-11-08T15:52:02.106967-0500]  2  * * *
[2024-11-08T15:52:02.107007-0500]  3  * * *
[2024-11-08T15:52:02.107043-0500]  4  * * *
[2024-11-08T15:52:02.115922-0500]  5  * * *
[2024-11-08T15:52:07.114469-0500]  6  * * *
[2024-11-08T15:52:07.114866-0500]  7  * * *
[2024-11-08T15:52:07.114977-0500]  8  * * *
[2024-11-08T15:52:07.130652-0500]  9  * * *
[2024-11-08T15:52:07.130849-0500] 10  * * *
[2024-11-08T15:52:12.124076-0500] 11  * * *
[2024-11-08T15:52:12.124431-0500] 12  * * *
[2024-11-08T15:52:12.130560-0500] 13  * * *
[2024-11-08T15:52:12.136191-0500] 14  * * *
[2024-11-08T15:52:12.136270-0500] 15  * * *
[2024-11-08T15:52:17.129377-0500] 16  * * *
[2024-11-08T15:52:17.131098-0500] 17  * * *
[2024-11-08T15:52:17.133569-0500] 18  * * *
[2024-11-08T15:52:17.137118-0500] 19  * * *
[2024-11-08T15:52:17.139170-0500] 20  * * *
[2024-11-08T15:52:17.141606-0500] 21  * * *
[2024-11-08T15:52:22.137489-0500] 22  * * *
[2024-11-08T15:52:22.137824-0500] 23  * * *
[2024-11-08T15:52:22.137897-0500] 24  * * *
[2024-11-08T15:52:22.147610-0500] 25  * * *
[2024-11-08T15:52:22.147834-0500] 26  * * *
[2024-11-08T15:52:27.089964-0500] 27  * *End time: 1731099147154
