Start time: 1730999486133
[2024-11-07T12:11:31.233560-0500] traceroute to 54.197.223.49 (54.197.223.49), 30 hops max, 60 byte packets
[2024-11-07T12:11:31.234248-0500]  1  * * *
[2024-11-07T12:11:31.234296-0500]  2  * * *
[2024-11-07T12:11:31.234331-0500]  3  * * *
[2024-11-07T12:11:31.234365-0500]  4  * * *
[2024-11-07T12:11:31.241287-0500]  5  * * *
[2024-11-07T12:11:36.238027-0500]  6  * * *
[2024-11-07T12:11:36.238208-0500]  7  * * *
[2024-11-07T12:11:36.241956-0500]  8  * * *
[2024-11-07T12:11:36.242080-0500]  9  * * *
[2024-11-07T12:11:36.242119-0500] 10  * * *
[2024-11-07T12:11:41.245946-0500] 11  * * *
[2024-11-07T12:11:41.246335-0500] 12  * * *
[2024-11-07T12:11:41.246427-0500] 13  * * *
[2024-11-07T12:11:41.246506-0500] 14  * * *
[2024-11-07T12:11:41.261785-0500] 15  * * *
[2024-11-07T12:11:46.253543-0500] 16  * * *
[2024-11-07T12:11:46.253781-0500] 17  * * *
[2024-11-07T12:11:46.256341-0500] 18  * * *
[2024-11-07T12:11:46.259653-0500] 19  * * *
[2024-11-07T12:11:46.261771-0500] 20  * * *
[2024-11-07T12:11:46.263912-0500] 21  * * *
[2024-11-07T12:11:51.260419-0500] 22  * * *
[2024-11-07T12:11:51.260835-0500] 23  * * *
[2024-11-07T12:11:51.260990-0500] 24  * * *
[2024-11-07T12:11:51.276480-0500] 25  * * *
[2024-11-07T12:11:51.276754-0500] 26  * * *
[2024-11-07T12:11:56.222314-0500] 27  * *End time: 1730999516285
