Start time: 1730599730112
[2024-11-02T20:08:55.187077-0600] traceroute to 54.176.53.206 (54.176.53.206), 30 hops max, 60 byte packets
[2024-11-02T20:08:55.187889-0600]  1  * * *
[2024-11-02T20:08:55.187933-0600]  2  * * *
[2024-11-02T20:08:55.187963-0600]  3  * * *
[2024-11-02T20:08:55.187992-0600]  4  * * *
[2024-11-02T20:08:55.188019-0600]  5  * * *
[2024-11-02T20:09:00.193710-0600]  6  * * *
[2024-11-02T20:09:00.194050-0600]  7  * * *
[2024-11-02T20:09:00.194092-0600]  8  * * *
[2024-11-02T20:09:00.194125-0600]  9  * * *
[2024-11-02T20:09:00.199447-0600] 10  * * *
[2024-11-02T20:09:05.201912-0600] 11  * * *
[2024-11-02T20:09:05.202277-0600] 12  * * *
[2024-11-02T20:09:05.202328-0600] 13  * * *
[2024-11-02T20:09:05.202363-0600] 14  * * *
[2024-11-02T20:09:05.202394-0600] 15  * * *
[2024-11-02T20:09:10.209808-0600] 16  * * *
[2024-11-02T20:09:10.210196-0600] 17  * * *
[2024-11-02T20:09:10.210285-0600] 18  * * *
[2024-11-02T20:09:10.210328-0600] 19  * * *
[2024-11-02T20:09:10.214996-0600] 20  * * *
[2024-11-02T20:09:10.215042-0600] 21  * * *
[2024-11-02T20:09:15.217766-0600] 22  * * *
[2024-11-02T20:09:15.218235-0600] 23  * * *
[2024-11-02T20:09:15.218300-0600] 24  * * *
[2024-11-02T20:09:15.218342-0600] 25  * * *
[2024-11-02T20:09:15.218378-0600] 26  * * *
[2024-11-02T20:09:20.177370-0600] 27  * *End time: 1730599760213
