Start time: 1730515086443
[2024-11-01T19:38:11.548951-0700] traceroute to 54.176.53.206 (54.176.53.206), 30 hops max, 60 byte packets
[2024-11-01T19:38:11.549974-0700]  1  * * *
[2024-11-01T19:38:11.550027-0700]  2  * * *
[2024-11-01T19:38:11.550062-0700]  3  * * *
[2024-11-01T19:38:11.550093-0700]  4  * * *
[2024-11-01T19:38:11.562616-0700]  5  * * *
[2024-11-01T19:38:16.558154-0700]  6  * * *
[2024-11-01T19:38:16.558657-0700]  7  * * *
[2024-11-01T19:38:16.572242-0700]  8  * * *
[2024-11-01T19:38:16.572576-0700]  9  * * *
[2024-11-01T19:38:16.572704-0700] 10  * * *
[2024-11-01T19:38:21.567565-0700] 11  * * *
[2024-11-01T19:38:21.577631-0700] 12  * * *
[2024-11-01T19:38:21.577926-0700] 13  * * *
[2024-11-01T19:38:21.585280-0700] 14  * * *
[2024-11-01T19:38:21.585419-0700] 15  * * *
[2024-11-01T19:38:26.577557-0700] 16  * * *
[2024-11-01T19:38:26.584446-0700] 17  * * *
[2024-11-01T19:38:26.584637-0700] 18  * * *
[2024-11-01T19:38:26.594734-0700] 19  * * *
[2024-11-01T19:38:26.594979-0700] 20  * * *
[2024-11-01T19:38:26.595045-0700] 21  * * *
[2024-11-01T19:38:31.587781-0700] 22  * * *
[2024-11-01T19:38:31.594107-0700] 23  * * *
[2024-11-01T19:38:31.599375-0700] 24  * * *
[2024-11-01T19:38:31.599504-0700] 25  * * *
[2024-11-01T19:38:31.602138-0700] 26  * * *
[2024-11-01T19:38:36.536135-0700] 27  * *End time: 1730515116627
