Start time: 1730832662418
[2024-11-05T12:51:07.527704-0600] traceroute to 54.197.223.49 (54.197.223.49), 30 hops max, 60 byte packets
[2024-11-05T12:51:07.528335-0600]  1  * * *
[2024-11-05T12:51:07.528374-0600]  2  * * *
[2024-11-05T12:51:07.528401-0600]  3  * * *
[2024-11-05T12:51:07.528425-0600]  4  * * *
[2024-11-05T12:51:07.528449-0600]  5  * * *
[2024-11-05T12:51:12.534847-0600]  6  * * *
[2024-11-05T12:51:12.535232-0600]  7  * * *
[2024-11-05T12:51:12.535368-0600]  8  * * *
[2024-11-05T12:51:12.545925-0600]  9  * * *
[2024-11-05T12:51:12.546157-0600] 10  * * *
[2024-11-05T12:51:17.542926-0600] 11  * * *
[2024-11-05T12:51:17.543432-0600] 12  * * *
[2024-11-05T12:51:17.548713-0600] 13  * * *
[2024-11-05T12:51:17.548888-0600] 14  * * *
[2024-11-05T12:51:17.553433-0600] 15  * * *
[2024-11-05T12:51:22.551044-0600] 16  * * *
[2024-11-05T12:51:22.551491-0600] 17  * * *
[2024-11-05T12:51:22.551616-0600] 18  * * *
[2024-11-05T12:51:22.559765-0600] 19  * * *
[2024-11-05T12:51:22.559960-0600] 20  * * *
[2024-11-05T12:51:22.560038-0600] 21  * * *
[2024-11-05T12:51:27.558353-0600] 22  * * *
[2024-11-05T12:51:27.558541-0600] 23  * * *
[2024-11-05T12:51:27.562619-0600] 24  * * *
[2024-11-05T12:51:27.567901-0600] 25  * * *
[2024-11-05T12:51:27.568041-0600] 26  * * *
[2024-11-05T12:51:32.514851-0600] 27  * *End time: 1730832692588
