Start time: 1730504601843
[2024-11-01T16:43:22.854212-0700] nuttcp-r: v8.1.4: socket
[2024-11-01T16:43:22.855387-0700] nuttcp-r: buflen=65536, nstream=1, port=5110 tcp
[2024-11-01T16:43:22.855500-0700] nuttcp-r: interval reporting every 0.50 seconds
[2024-11-01T16:43:22.855587-0700] nuttcp-r: connect to 54.176.53.206 with RTT=51.261 ms af=inet
[2024-11-01T16:43:22.855673-0700] nuttcp-r: send window size = 2097152, receive window size = 6291456
[2024-11-01T16:43:22.855754-0700] nuttcp-r: available send window = 1572864, available receive window = 4718592
[2024-11-01T16:43:22.855833-0700]     1.6875 MB /   0.50 sec =   28.3070 Mbps     0 retrans
[2024-11-01T16:43:23.354512-0700]    24.5625 MB /   0.50 sec =  411.9075 Mbps     0 retrans
[2024-11-01T16:43:23.854027-0700]    37.6250 MB /   0.50 sec =  631.5724 Mbps     0 retrans
[2024-11-01T16:43:24.354650-0700]    40.9375 MB /   0.50 sec =  686.7994 Mbps     0 retrans
[2024-11-01T16:43:24.854423-0700]    39.3750 MB /   0.50 sec =  660.3493 Mbps     0 retrans
[2024-11-01T16:43:25.354447-0700]    32.9375 MB /   0.50 sec =  552.4139 Mbps     0 retrans
[2024-11-01T16:43:25.855004-0700]    30.5000 MB /   0.50 sec =  511.0979 Mbps     0 retrans
[2024-11-01T16:43:26.354485-0700]    27.3750 MB /   0.50 sec =  460.1598 Mbps     0 retrans
[2024-11-01T16:43:26.854079-0700]    11.1250 MB /   0.50 sec =  186.6320 Mbps     0 retrans
[2024-11-01T16:43:27.354041-0700]    37.7500 MB /   0.50 sec =  633.3893 Mbps     0 retrans
[2024-11-01T16:43:27.854028-0700]    35.2500 MB /   0.50 sec =  591.3910 Mbps     0 retrans
[2024-11-01T16:43:28.353999-0700]    28.7500 MB /   0.50 sec =  482.3556 Mbps     0 retrans
[2024-11-01T16:43:28.854517-0700]    36.8750 MB /   0.50 sec =  618.6537 Mbps     0 retrans
[2024-11-01T16:43:29.354198-0700]    35.9375 MB /   0.50 sec =  602.9300 Mbps     0 retrans
[2024-11-01T16:43:29.854059-0700]    39.2500 MB /   0.50 sec =  658.4939 Mbps     0 retrans
[2024-11-01T16:43:30.354228-0700]    32.9375 MB /   0.50 sec =  552.6007 Mbps     0 retrans
[2024-11-01T16:43:30.854047-0700]    36.1875 MB /   0.50 sec =  607.1158 Mbps     0 retrans
[2024-11-01T16:43:31.354067-0700]    35.7500 MB /   0.50 sec =  599.7963 Mbps     0 retrans
[2024-11-01T16:43:31.854161-0700]    27.6250 MB /   0.50 sec =  463.3585 Mbps     0 retrans
[2024-11-01T16:43:32.354164-0700]    23.8750 MB /   0.50 sec =  400.6394 Mbps     0 retrans
[2024-11-01T16:43:32.854047-0700]    23.9375 MB /   0.50 sec =  401.6183 Mbps     0 retrans
[2024-11-01T16:43:33.354074-0700]    19.9375 MB /   0.50 sec =  334.4884 Mbps     0 retrans
[2024-11-01T16:43:33.854266-0700]    22.4375 MB /   0.50 sec =  376.4064 Mbps     0 retrans
[2024-11-01T16:43:34.354180-0700]     7.5625 MB /   0.50 sec =  126.8711 Mbps     0 retrans
[2024-11-01T16:43:34.855173-0700]    20.4375 MB /   0.50 sec =  342.1849 Mbps     0 retrans
[2024-11-01T16:43:35.355229-0700]    13.3750 MB /   0.50 sec =  224.3760 Mbps     0 retrans
[2024-11-01T16:43:35.854248-0700]    26.6875 MB /   0.50 sec =  448.7139 Mbps     0 retrans
[2024-11-01T16:43:36.354072-0700]    20.4375 MB /   0.50 sec =  342.9221 Mbps     0 retrans
[2024-11-01T16:43:36.854029-0700]    22.2500 MB /   0.50 sec =  373.3035 Mbps     0 retrans
[2024-11-01T16:43:37.354023-0700]    20.6250 MB /   0.50 sec =  346.0294 Mbps     0 retrans
[2024-11-01T16:43:37.854043-0700]    20.5625 MB /   0.50 sec =  344.9767 Mbps     0 retrans
[2024-11-01T16:43:38.354127-0700]    20.6875 MB /   0.50 sec =  347.0315 Mbps     0 retrans
[2024-11-01T16:43:38.854084-0700]    19.8750 MB /   0.50 sec =  333.4525 Mbps     0 retrans
[2024-11-01T16:43:39.354074-0700]    24.6875 MB /   0.50 sec =  414.2231 Mbps     0 retrans
[2024-11-01T16:43:39.855154-0700]    17.3750 MB /   0.50 sec =  290.8869 Mbps     0 retrans
[2024-11-01T16:43:40.354028-0700]    27.6250 MB /   0.50 sec =  464.4729 Mbps     0 retrans
[2024-11-01T16:43:40.854010-0700]    27.4375 MB /   0.50 sec =  460.3322 Mbps     0 retrans
[2024-11-01T16:43:41.354173-0700]    27.9375 MB /   0.50 sec =  468.7013 Mbps     0 retrans
[2024-11-01T16:43:41.854131-0700]    27.5625 MB /   0.50 sec =  462.3878 Mbps     0 retrans
[2024-11-01T16:43:42.354059-0700]    15.8125 MB /   0.50 sec =  265.3141 Mbps     0 retrans
[2024-11-01T16:43:42.854054-0700]    19.6875 MB /   0.50 sec =  330.2869 Mbps     0 retrans
[2024-11-01T16:43:43.354034-0700]    24.2500 MB /   0.50 sec =  406.8711 Mbps     0 retrans
[2024-11-01T16:43:43.855146-0700]    16.1250 MB /   0.50 sec =  269.9506 Mbps     0 retrans
[2024-11-01T16:43:44.354030-0700]    36.8125 MB /   0.50 sec =  618.9358 Mbps     0 retrans
[2024-11-01T16:43:44.854058-0700]    30.8125 MB /   0.50 sec =  516.9314 Mbps     0 retrans
[2024-11-01T16:43:45.354076-0700]    27.8125 MB /   0.50 sec =  466.6313 Mbps     0 retrans
[2024-11-01T16:43:45.854213-0700]    32.5000 MB /   0.50 sec =  545.2584 Mbps     0 retrans
[2024-11-01T16:43:46.354071-0700]    25.8750 MB /   0.50 sec =  434.0940 Mbps     0 retrans
[2024-11-01T16:43:46.854281-0700]    26.7500 MB /   0.50 sec =  448.5591 Mbps     0 retrans
[2024-11-01T16:43:47.355037-0700]    27.4375 MB /   0.50 sec =  459.7006 Mbps     0 retrans
[2024-11-01T16:43:47.854119-0700]    33.6250 MB /   0.50 sec =  565.2033 Mbps     0 retrans
[2024-11-01T16:43:48.354041-0700]    31.8750 MB /   0.50 sec =  534.7887 Mbps     0 retrans
[2024-11-01T16:43:48.854043-0700]    34.0625 MB /   0.50 sec =  571.4716 Mbps     0 retrans
[2024-11-01T16:43:49.354061-0700]    31.4375 MB /   0.50 sec =  527.4253 Mbps     0 retrans
[2024-11-01T16:43:49.854037-0700]    30.2500 MB /   0.50 sec =  507.5057 Mbps     0 retrans
[2024-11-01T16:43:50.354158-0700]    33.5000 MB /   0.50 sec =  562.0525 Mbps     0 retrans
[2024-11-01T16:43:50.854019-0700]    35.5625 MB /   0.50 sec =  596.6505 Mbps     0 retrans
[2024-11-01T16:43:51.354066-0700]    32.8125 MB /   0.50 sec =  550.4650 Mbps     0 retrans
[2024-11-01T16:43:51.854085-0700]    29.2500 MB /   0.50 sec =  490.7444 Mbps     0 retrans
[2024-11-01T16:43:52.354244-0700]    28.3750 MB /   0.50 sec =  476.0897 Mbps     0 retrans
[2024-11-01T16:43:52.854229-0700]    36.9375 MB /   0.50 sec =  619.4111 Mbps     0 retrans
[2024-11-01T16:43:53.354514-0700]    38.0000 MB /   0.50 sec =  637.2538 Mbps     0 retrans
[2024-11-01T16:43:53.854021-0700]    32.8750 MB /   0.50 sec =  552.0423 Mbps     0 retrans
[2024-11-01T16:43:54.355631-0700]    27.3125 MB /   0.50 sec =  456.8936 Mbps     0 retrans
[2024-11-01T16:43:54.854048-0700]    38.2500 MB /   0.50 sec =  643.5743 Mbps     0 retrans
[2024-11-01T16:43:55.354075-0700]    33.4375 MB /   0.50 sec =  560.9567 Mbps     0 retrans
[2024-11-01T16:43:55.854045-0700]    31.1250 MB /   0.50 sec =  522.2326 Mbps     0 retrans
[2024-11-01T16:43:56.354030-0700]    29.5000 MB /   0.50 sec =  494.9358 Mbps     0 retrans
[2024-11-01T16:43:56.854033-0700]    29.0625 MB /   0.50 sec =  487.5917 Mbps     0 retrans
[2024-11-01T16:43:57.354155-0700]    30.0000 MB /   0.50 sec =  503.2199 Mbps     0 retrans
[2024-11-01T16:43:57.854081-0700]    29.1250 MB /   0.50 sec =  488.7557 Mbps     0 retrans
[2024-11-01T16:43:58.354037-0700]    29.8750 MB /   0.50 sec =  501.1883 Mbps     0 retrans
[2024-11-01T16:43:58.854536-0700]    27.7500 MB /   0.50 sec =  465.4263 Mbps     0 retrans
[2024-11-01T16:43:59.354094-0700]    29.2500 MB /   0.50 sec =  490.8622 Mbps     0 retrans
[2024-11-01T16:43:59.854076-0700]    24.7500 MB /   0.50 sec =  415.2278 Mbps     0 retrans
[2024-11-01T16:44:00.354079-0700]    18.5625 MB /   0.50 sec =  311.4370 Mbps     0 retrans
[2024-11-01T16:44:00.854050-0700]    20.1875 MB /   0.50 sec =  338.7009 Mbps     0 retrans
[2024-11-01T16:44:01.354039-0700]    15.7500 MB /   0.50 sec =  264.2322 Mbps     0 retrans
[2024-11-01T16:44:01.854161-0700]    11.0000 MB /   0.50 sec =  184.5210 Mbps     0 retrans
[2024-11-01T16:44:02.354062-0700]     9.9375 MB /   0.50 sec =  166.7439 Mbps     0 retrans
[2024-11-01T16:44:02.854042-0700]    21.1875 MB /   0.50 sec =  355.4786 Mbps     0 retrans
[2024-11-01T16:44:03.354167-0700]    21.1875 MB /   0.50 sec =  355.4857 Mbps     0 retrans
[2024-11-01T16:44:03.854438-0700]    25.5625 MB /   0.50 sec =  428.5590 Mbps     0 retrans
[2024-11-01T16:44:04.354237-0700]    26.2500 MB /   0.50 sec =  440.6672 Mbps     0 retrans
[2024-11-01T16:44:04.854024-0700]    20.8125 MB /   0.50 sec =  349.2142 Mbps     0 retrans
[2024-11-01T16:44:05.355638-0700]    11.3125 MB /   0.50 sec =  189.3771 Mbps     0 retrans
[2024-11-01T16:44:05.854275-0700]    14.5000 MB /   0.50 sec =  243.7068 Mbps     0 retrans
[2024-11-01T16:44:06.355215-0700]     7.5625 MB /   0.50 sec =  126.6437 Mbps     0 retrans
[2024-11-01T16:44:06.854156-0700]    13.0625 MB /   0.50 sec =  219.6101 Mbps     0 retrans
[2024-11-01T16:44:07.354156-0700]    22.5625 MB /   0.50 sec =  378.5087 Mbps     0 retrans
[2024-11-01T16:44:07.854074-0700]    27.1875 MB /   0.50 sec =  456.2118 Mbps     0 retrans
[2024-11-01T16:44:08.354067-0700]    30.3125 MB /   0.50 sec =  508.5634 Mbps     0 retrans
[2024-11-01T16:44:08.854486-0700]    36.1250 MB /   0.50 sec =  606.0733 Mbps     0 retrans
[2024-11-01T16:44:09.354435-0700]    31.9375 MB /   0.50 sec =  535.4657 Mbps     0 retrans
[2024-11-01T16:44:09.854200-0700]    29.7500 MB /   0.50 sec =  499.4608 Mbps     0 retrans
[2024-11-01T16:44:10.354022-0700]    35.5000 MB /   0.50 sec =  595.6150 Mbps     0 retrans
[2024-11-01T16:44:10.854039-0700]    41.0000 MB /   0.50 sec =  687.8397 Mbps     0 retrans
[2024-11-01T16:44:11.354460-0700]    51.1875 MB /   0.50 sec =  858.8044 Mbps     0 retrans
[2024-11-01T16:44:11.854035-0700]    48.6875 MB /   0.50 sec =  816.8538 Mbps     0 retrans
[2024-11-01T16:44:12.354018-0700]    52.6875 MB /   0.50 sec =  883.9460 Mbps     0 retrans
[2024-11-01T16:44:12.854018-0700]    54.2500 MB /   0.50 sec =  910.1640 Mbps     0 retrans
[2024-11-01T16:44:13.354033-0700]    55.5000 MB /   0.50 sec =  931.1187 Mbps     0 retrans
[2024-11-01T16:44:13.854021-0700]    58.8125 MB /   0.50 sec =  986.7238 Mbps     0 retrans
[2024-11-01T16:44:14.353935-0700]    54.9375 MB /   0.50 sec =  921.7481 Mbps     0 retrans
[2024-11-01T16:44:14.854004-0700]    56.5000 MB /   0.50 sec =  947.8710 Mbps     0 retrans
[2024-11-01T16:44:15.354064-0700]    59.4375 MB /   0.50 sec =  997.1639 Mbps     0 retrans
[2024-11-01T16:44:15.854021-0700]    58.6875 MB /   0.50 sec =  984.6404 Mbps     0 retrans
[2024-11-01T16:44:16.354056-0700]    54.1250 MB /   0.50 sec =  907.9905 Mbps     0 retrans
[2024-11-01T16:44:16.854010-0700]    60.3750 MB /   0.50 sec = 1013.0196 Mbps     0 retrans
[2024-11-01T16:44:17.354019-0700]    54.8125 MB /   0.50 sec =  919.5901 Mbps     0 retrans
[2024-11-01T16:44:17.853983-0700]    57.3750 MB /   0.50 sec =  962.6351 Mbps     0 retrans
[2024-11-01T16:44:18.354066-0700]    57.4375 MB /   0.50 sec =  963.5739 Mbps     0 retrans
[2024-11-01T16:44:18.854025-0700]    63.0000 MB /   0.50 sec = 1056.9900 Mbps     0 retrans
[2024-11-01T16:44:19.354065-0700]    60.9375 MB /   0.50 sec = 1022.3125 Mbps     0 retrans
[2024-11-01T16:44:19.853917-0700]    68.1250 MB /   0.50 sec = 1143.0782 Mbps     0 retrans
[2024-11-01T16:44:20.354045-0700]    68.9375 MB /   0.50 sec = 1156.4706 Mbps     0 retrans
[2024-11-01T16:44:20.854093-0700]    66.9375 MB /   0.50 sec = 1122.9957 Mbps     0 retrans
[2024-11-01T16:44:21.354091-0700]    55.5625 MB /   0.50 sec =  932.1580 Mbps     0 retrans
[2024-11-01T16:44:21.854026-0700]    29.5625 MB /   0.50 sec =  496.0151 Mbps     0 retrans
[2024-11-01T16:44:22.354046-0700]    52.6250 MB /   0.50 sec =  882.8957 Mbps     0 retrans
[2024-11-01T16:44:22.854254-0700]    58.6250 MB /   0.50 sec =  983.6194 Mbps     0 retrans
[2024-11-01T16:44:23.354097-0700]    55.0625 MB /   0.50 sec =  923.7031 Mbps     0 retrans
[2024-11-01T16:44:23.854044-0700]    56.1875 MB /   0.50 sec =  942.6811 Mbps     0 retrans
[2024-11-01T16:44:24.354024-0700]    60.3750 MB /   0.50 sec = 1012.9264 Mbps     0 retrans
[2024-11-01T16:44:24.854040-0700]    58.5625 MB /   0.50 sec =  982.5216 Mbps     0 retrans
[2024-11-01T16:44:25.354505-0700]    30.6250 MB /   0.50 sec =  513.7858 Mbps     0 retrans
[2024-11-01T16:44:25.854040-0700]    47.3750 MB /   0.50 sec =  794.8747 Mbps     0 retrans
[2024-11-01T16:44:26.354327-0700]    39.0000 MB /   0.50 sec =  654.0537 Mbps     0 retrans
[2024-11-01T16:44:26.854486-0700]    41.0625 MB /   0.50 sec =  688.6197 Mbps     0 retrans
[2024-11-01T16:44:27.354079-0700]    32.8750 MB /   0.50 sec =  551.9926 Mbps     0 retrans
[2024-11-01T16:44:27.854179-0700]    40.0000 MB /   0.50 sec =  670.9276 Mbps     0 retrans
[2024-11-01T16:44:28.354166-0700]    33.0625 MB /   0.50 sec =  554.7145 Mbps     0 retrans
[2024-11-01T16:44:28.854052-0700]    42.0000 MB /   0.50 sec =  704.7826 Mbps     0 retrans
[2024-11-01T16:44:29.354053-0700]    37.2500 MB /   0.50 sec =  624.9613 Mbps     0 retrans
[2024-11-01T16:44:29.854030-0700]    35.6875 MB /   0.50 sec =  598.7477 Mbps     0 retrans
[2024-11-01T16:44:30.354052-0700]    38.2500 MB /   0.50 sec =  641.7016 Mbps     0 retrans
[2024-11-01T16:44:30.854012-0700]    43.2500 MB /   0.50 sec =  725.6436 Mbps     0 retrans
[2024-11-01T16:44:31.354029-0700]    38.1875 MB /   0.50 sec =  640.6722 Mbps     0 retrans
[2024-11-01T16:44:31.854211-0700]    28.4375 MB /   0.50 sec =  477.1059 Mbps     0 retrans
[2024-11-01T16:44:32.354192-0700]    35.7500 MB /   0.50 sec =  599.7855 Mbps     0 retrans
[2024-11-01T16:44:32.854012-0700]    28.4375 MB /   0.50 sec =  477.1107 Mbps     0 retrans
[2024-11-01T16:44:33.354053-0700]    36.8750 MB /   0.50 sec =  618.6351 Mbps     0 retrans
[2024-11-01T16:44:33.854020-0700]    36.6875 MB /   0.50 sec =  615.5289 Mbps     0 retrans
[2024-11-01T16:44:34.354280-0700]    25.7500 MB /   0.50 sec =  431.8371 Mbps     0 retrans
[2024-11-01T16:44:34.854311-0700]    19.3125 MB /   0.50 sec =  324.0664 Mbps     0 retrans
[2024-11-01T16:44:35.354083-0700]    33.1875 MB /   0.50 sec =  556.8986 Mbps     0 retrans
[2024-11-01T16:44:35.854021-0700]    28.3750 MB /   0.50 sec =  476.0745 Mbps     0 retrans
[2024-11-01T16:44:36.354015-0700]    28.4375 MB /   0.50 sec =  477.1011 Mbps     0 retrans
[2024-11-01T16:44:36.854124-0700]    21.8750 MB /   0.50 sec =  366.9451 Mbps     0 retrans
[2024-11-01T16:44:37.354140-0700]    14.0625 MB /   0.50 sec =  235.9183 Mbps     0 retrans
[2024-11-01T16:44:37.855055-0700]    12.4375 MB /   0.50 sec =  208.4582 Mbps     0 retrans
[2024-11-01T16:44:38.354610-0700]    13.9375 MB /   0.50 sec =  233.8657 Mbps     0 retrans
[2024-11-01T16:44:38.854202-0700]    15.7500 MB /   0.50 sec =  264.5062 Mbps     0 retrans
[2024-11-01T16:44:39.354211-0700]     9.1875 MB /   0.50 sec =  154.1055 Mbps     0 retrans
[2024-11-01T16:44:39.854040-0700]    13.7500 MB /   0.50 sec =  230.7481 Mbps     0 retrans
[2024-11-01T16:44:40.354031-0700]    17.1250 MB /   0.50 sec =  287.3052 Mbps     0 retrans
[2024-11-01T16:44:40.854042-0700]    13.7500 MB /   0.50 sec =  230.6895 Mbps     0 retrans
[2024-11-01T16:44:41.354067-0700]    16.4375 MB /   0.50 sec =  275.7672 Mbps     0 retrans
[2024-11-01T16:44:41.854044-0700]    12.6250 MB /   0.50 sec =  211.8166 Mbps     0 retrans
[2024-11-01T16:44:42.354131-0700]    19.8750 MB /   0.50 sec =  333.4065 Mbps     0 retrans
[2024-11-01T16:44:42.854352-0700]    20.7500 MB /   0.50 sec =  348.0534 Mbps     0 retrans
[2024-11-01T16:44:43.354038-0700]    23.3750 MB /   0.50 sec =  392.3087 Mbps     0 retrans
[2024-11-01T16:44:43.854037-0700]    24.2500 MB /   0.50 sec =  406.8385 Mbps     0 retrans
[2024-11-01T16:44:44.354142-0700]    25.6875 MB /   0.50 sec =  430.8829 Mbps     0 retrans
[2024-11-01T16:44:44.854051-0700]    11.7500 MB /   0.50 sec =  197.1694 Mbps     0 retrans
[2024-11-01T16:44:45.354072-0700]    21.7500 MB /   0.50 sec =  364.8986 Mbps     0 retrans
[2024-11-01T16:44:45.854007-0700]    25.0000 MB /   0.50 sec =  419.4539 Mbps     0 retrans
[2024-11-01T16:44:46.354055-0700]    26.7500 MB /   0.50 sec =  448.7609 Mbps     0 retrans
[2024-11-01T16:44:46.854038-0700]    31.5625 MB /   0.50 sec =  529.5552 Mbps     0 retrans
[2024-11-01T16:44:47.354191-0700]    32.6875 MB /   0.50 sec =  548.4107 Mbps     0 retrans
[2024-11-01T16:44:47.854481-0700]    12.2500 MB /   0.50 sec =  205.4165 Mbps     0 retrans
[2024-11-01T16:44:48.354102-0700]    29.8750 MB /   0.50 sec =  501.5062 Mbps     0 retrans
[2024-11-01T16:44:48.854037-0700]    22.8125 MB /   0.50 sec =  382.7088 Mbps     0 retrans
[2024-11-01T16:44:49.354262-0700]    33.7500 MB /   0.50 sec =  566.0205 Mbps     0 retrans
[2024-11-01T16:44:49.854058-0700]    29.3125 MB /   0.50 sec =  491.9622 Mbps     0 retrans
[2024-11-01T16:44:50.354016-0700]    28.2500 MB /   0.50 sec =  473.9545 Mbps     0 retrans
[2024-11-01T16:44:50.854084-0700]    34.3750 MB /   0.50 sec =  576.6787 Mbps     0 retrans
[2024-11-01T16:44:51.354031-0700]    37.3125 MB /   0.50 sec =  626.0399 Mbps     0 retrans
[2024-11-01T16:44:51.853927-0700]    39.8750 MB /   0.50 sec =  669.0423 Mbps     0 retrans
[2024-11-01T16:44:52.354072-0700]    39.4375 MB /   0.50 sec =  661.5946 Mbps     0 retrans
[2024-11-01T16:44:52.854016-0700]    43.7500 MB /   0.50 sec =  734.0223 Mbps     0 retrans
[2024-11-01T16:44:53.354057-0700]    41.7500 MB /   0.50 sec =  700.4236 Mbps     0 retrans
[2024-11-01T16:44:53.854125-0700]    46.4375 MB /   0.50 sec =  779.1496 Mbps     0 retrans
[2024-11-01T16:44:54.354047-0700]    52.1875 MB /   0.50 sec =  875.4962 Mbps     0 retrans
[2024-11-01T16:44:54.854028-0700]    48.4375 MB /   0.50 sec =  812.6692 Mbps     0 retrans
[2024-11-01T16:44:55.354244-0700]    51.0625 MB /   0.50 sec =  856.6318 Mbps     0 retrans
[2024-11-01T16:44:55.854009-0700]    50.3125 MB /   0.50 sec =  844.1577 Mbps     0 retrans
[2024-11-01T16:44:56.354056-0700]    54.3750 MB /   0.50 sec =  912.2429 Mbps     0 retrans
[2024-11-01T16:44:56.854033-0700]    57.3125 MB /   0.50 sec =  961.5403 Mbps     0 retrans
[2024-11-01T16:44:57.354033-0700]    52.0000 MB /   0.50 sec =  872.4379 Mbps     0 retrans
[2024-11-01T16:44:57.854027-0700]    43.5000 MB /   0.50 sec =  729.8147 Mbps     0 retrans
[2024-11-01T16:44:58.354058-0700]    45.8750 MB /   0.50 sec =  769.6009 Mbps     0 retrans
[2024-11-01T16:44:58.853947-0700]    49.3125 MB /   0.50 sec =  827.4208 Mbps     0 retrans
[2024-11-01T16:44:59.354422-0700]    40.3125 MB /   0.50 sec =  675.9692 Mbps     0 retrans
[2024-11-01T16:44:59.854532-0700]    28.3125 MB /   0.50 sec =  474.8264 Mbps     0 retrans
[2024-11-01T16:45:00.354088-0700]    29.3750 MB /   0.50 sec =  493.2174 Mbps     0 retrans
[2024-11-01T16:45:00.854174-0700]    33.1250 MB /   0.50 sec =  555.6297 Mbps     0 retrans
[2024-11-01T16:45:01.355171-0700]    30.0000 MB /   0.50 sec =  502.3720 Mbps     0 retrans
[2024-11-01T16:45:01.854058-0700]    27.9375 MB /   0.50 sec =  469.6980 Mbps     0 retrans
[2024-11-01T16:45:02.354069-0700]    45.1875 MB /   0.50 sec =  758.1326 Mbps     0 retrans
[2024-11-01T16:45:02.854162-0700]    43.1875 MB /   0.50 sec =  724.5370 Mbps     0 retrans
[2024-11-01T16:45:03.354186-0700]    40.7500 MB /   0.50 sec =  683.7372 Mbps     0 retrans
[2024-11-01T16:45:03.854065-0700]    42.3125 MB /   0.50 sec =  709.8661 Mbps     0 retrans
[2024-11-01T16:45:04.353935-0700]    32.3750 MB /   0.50 sec =  543.2015 Mbps     0 retrans
[2024-11-01T16:45:04.854109-0700]    24.3125 MB /   0.50 sec =  407.9018 Mbps     0 retrans
[2024-11-01T16:45:05.354045-0700]    36.8750 MB /   0.50 sec =  618.6116 Mbps     0 retrans
[2024-11-01T16:45:05.853974-0700]    24.5625 MB /   0.50 sec =  412.1036 Mbps     0 retrans
[2024-11-01T16:45:06.354741-0700]    36.6875 MB /   0.50 sec =  614.8501 Mbps     0 retrans
[2024-11-01T16:45:06.854042-0700]    38.3750 MB /   0.50 sec =  644.5037 Mbps     0 retrans
[2024-11-01T16:45:07.354051-0700]    45.0000 MB /   0.50 sec =  754.9702 Mbps     0 retrans
[2024-11-01T16:45:07.854027-0700]    47.6875 MB /   0.50 sec =  800.0827 Mbps     0 retrans
[2024-11-01T16:45:08.354049-0700]    37.9375 MB /   0.50 sec =  636.4576 Mbps     0 retrans
[2024-11-01T16:45:08.854579-0700]    39.6875 MB /   0.50 sec =  665.8617 Mbps     0 retrans
[2024-11-01T16:45:09.354513-0700]    29.4375 MB /   0.50 sec =  493.7638 Mbps     0 retrans
[2024-11-01T16:45:09.854089-0700]    40.1875 MB /   0.50 sec =  674.3342 Mbps     0 retrans
[2024-11-01T16:45:10.353986-0700]    36.9375 MB /   0.50 sec =  619.7778 Mbps     0 retrans
[2024-11-01T16:45:10.854056-0700]    40.0625 MB /   0.50 sec =  672.1197 Mbps     0 retrans
[2024-11-01T16:45:11.353996-0700]    40.3750 MB /   0.50 sec =  677.3760 Mbps     0 retrans
[2024-11-01T16:45:11.854054-0700]    34.6250 MB /   0.50 sec =  580.9041 Mbps     0 retrans
[2024-11-01T16:45:12.354078-0700]    30.3125 MB /   0.50 sec =  508.5441 Mbps     0 retrans
[2024-11-01T16:45:12.853961-0700]    14.4375 MB /   0.50 sec =  242.2472 Mbps     0 retrans
[2024-11-01T16:45:13.354046-0700]    29.3125 MB /   0.50 sec =  491.7585 Mbps     0 retrans
[2024-11-01T16:45:13.854051-0700]    28.0000 MB /   0.50 sec =  469.7639 Mbps     0 retrans
[2024-11-01T16:45:14.354061-0700]    34.6250 MB /   0.50 sec =  580.8995 Mbps     0 retrans
[2024-11-01T16:45:14.854185-0700]    34.9375 MB /   0.50 sec =  586.1622 Mbps     0 retrans
[2024-11-01T16:45:15.354015-0700]    32.4375 MB /   0.50 sec =  544.2099 Mbps     0 retrans
[2024-11-01T16:45:15.854462-0700]    23.7500 MB /   0.50 sec =  398.4111 Mbps     0 retrans
[2024-11-01T16:45:16.354044-0700]    29.7500 MB /   0.50 sec =  499.1861 Mbps     0 retrans
[2024-11-01T16:45:16.854023-0700]    31.1875 MB /   0.50 sec =  523.2373 Mbps     0 retrans
[2024-11-01T16:45:17.354067-0700]    31.8750 MB /   0.50 sec =  534.7534 Mbps     0 retrans
[2024-11-01T16:45:17.854239-0700]    31.5000 MB /   0.50 sec =  528.5246 Mbps     0 retrans
[2024-11-01T16:45:18.354050-0700]    39.1250 MB /   0.50 sec =  656.3718 Mbps     0 retrans
[2024-11-01T16:45:18.854028-0700]    36.9375 MB /   0.50 sec =  619.7171 Mbps     0 retrans
[2024-11-01T16:45:19.354061-0700]    33.8750 MB /   0.50 sec =  568.3021 Mbps     0 retrans
[2024-11-01T16:45:19.854159-0700]    35.9375 MB /   0.50 sec =  602.9891 Mbps     0 retrans
[2024-11-01T16:45:20.355092-0700]    30.4375 MB /   0.50 sec =  510.6279 Mbps     0 retrans
[2024-11-01T16:45:20.854098-0700]    33.6875 MB /   0.50 sec =  565.1576 Mbps     0 retrans
[2024-11-01T16:45:21.354767-0700]    30.3125 MB /   0.50 sec =  508.2554 Mbps     0 retrans
[2024-11-01T16:45:21.854077-0700]    31.7500 MB /   0.50 sec =  532.9932 Mbps     0 retrans
[2024-11-01T16:45:22.354108-0700]    25.3750 MB /   0.50 sec =  425.6946 Mbps     0 retrans
[2024-11-01T16:45:22.855978-0700]    22.5000 MB /   0.50 sec =  376.4746 Mbps     0 retrans
End time: 1730504722968
