Start time: 1745268940816
Connecting to host 34.86.116.81, port 5209
Reverse mode, remote host 34.86.116.81 is sending
[  5] local 192.0.0.2 port 58250 connected to 34.86.116.81 port 5209
[ ID] Interval           Transfer     Bitrate
[  5]   0.00-0.10   sec  18.6 KBytes  1.53 Mbits/sec                  
[  5]   0.10-0.20   sec  69.3 KBytes  5.68 Mbits/sec                  
[  5]   0.20-0.30   sec   160 KBytes  13.1 Mbits/sec                  
[  5]   0.30-0.40   sec   639 KBytes  52.4 Mbits/sec                  
[  5]   0.40-0.50   sec  1.93 MBytes   162 Mbits/sec                  
[  5]   0.50-0.60   sec  2.73 MBytes   229 Mbits/sec                  
[  5]   0.60-0.70   sec  1.85 MBytes   156 Mbits/sec                  
[  5]   0.70-0.80   sec  5.43 MBytes   455 Mbits/sec                  
[  5]   0.80-0.90   sec  4.50 MBytes   378 Mbits/sec                  
[  5]   0.90-1.00   sec  1.96 MBytes   164 Mbits/sec                  
[  5]   1.00-1.10   sec  7.80 MBytes   654 Mbits/sec                  
[  5]   1.10-1.20   sec  5.96 MBytes   500 Mbits/sec                  
[  5]   1.20-1.30   sec  7.53 MBytes   629 Mbits/sec                  
[  5]   1.30-1.40   sec  6.42 MBytes   541 Mbits/sec                  
[  5]   1.40-1.50   sec  6.86 MBytes   575 Mbits/sec                  
[  5]   1.50-1.60   sec  5.95 MBytes   499 Mbits/sec                  
[  5]   1.60-1.70   sec  7.40 MBytes   621 Mbits/sec                  
[  5]   1.70-1.80   sec  7.59 MBytes   636 Mbits/sec                  
[  5]   1.80-1.90   sec  4.60 MBytes   386 Mbits/sec                  
[  5]   1.90-2.00   sec  5.09 MBytes   427 Mbits/sec                  
[  5]   2.00-2.10   sec  3.49 MBytes   293 Mbits/sec                  
[  5]   2.10-2.20   sec  5.37 MBytes   450 Mbits/sec                  
[  5]   2.20-2.30   sec  7.10 MBytes   596 Mbits/sec                  
[  5]   2.30-2.40   sec  5.12 MBytes   429 Mbits/sec                  
[  5]   2.40-2.50   sec  3.39 MBytes   284 Mbits/sec                  
[  5]   2.50-2.60   sec  4.07 MBytes   341 Mbits/sec                  
[  5]   2.60-2.70   sec  5.51 MBytes   462 Mbits/sec                  
[  5]   2.70-2.80   sec  4.03 MBytes   338 Mbits/sec                  
[  5]   2.80-2.90   sec  5.54 MBytes   465 Mbits/sec                  
[  5]   2.90-3.00   sec  4.62 MBytes   388 Mbits/sec                  
[  5]   3.00-3.10   sec  4.10 MBytes   344 Mbits/sec                  
[  5]   3.10-3.20   sec  5.76 MBytes   483 Mbits/sec                  
[  5]   3.20-3.30   sec  3.45 MBytes   289 Mbits/sec                  
[  5]   3.30-3.40   sec  6.45 MBytes   541 Mbits/sec                  
[  5]   3.40-3.50   sec  5.36 MBytes   449 Mbits/sec                  
[  5]   3.50-3.60   sec  5.74 MBytes   481 Mbits/sec                  
[  5]   3.60-3.70   sec  4.42 MBytes   371 Mbits/sec                  
[  5]   3.70-3.80   sec  4.06 MBytes   341 Mbits/sec                  
[  5]   3.80-3.90   sec  6.99 MBytes   586 Mbits/sec                  
[  5]   3.90-4.00   sec  4.68 MBytes   393 Mbits/sec                  
[  5]   4.00-4.10   sec  3.23 MBytes   270 Mbits/sec                  
[  5]   4.10-4.20   sec  4.55 MBytes   384 Mbits/sec                  
[  5]   4.20-4.30   sec  5.62 MBytes   472 Mbits/sec                  
[  5]   4.30-4.40   sec  4.49 MBytes   376 Mbits/sec                  
[  5]   4.40-4.50   sec  5.08 MBytes   426 Mbits/sec                  
[  5]   4.50-4.60   sec  4.89 MBytes   410 Mbits/sec                  
[  5]   4.60-4.70   sec  6.96 MBytes   584 Mbits/sec                  
[  5]   4.70-4.80   sec  6.37 MBytes   535 Mbits/sec                  
[  5]   4.80-4.90   sec  5.93 MBytes   498 Mbits/sec                  
[  5]   4.90-5.00   sec  5.70 MBytes   478 Mbits/sec                  
- - - - - - - - - - - - - - - - - - - - - - - - -
[ ID] Interval           Transfer     Bitrate         Retr
[  5]   0.00-5.05   sec   518 MBytes   860 Mbits/sec    0             sender
[  5]   0.00-5.00   sec   237 MBytes   397 Mbits/sec                  receiver

iperf Done.
End time: 1745268946549
