Start time: 1730605183409
[2024-11-02T21:39:44.388484-0600] nuttcp-r: v8.1.4: socket
[2024-11-02T21:39:44.389302-0600] nuttcp-r: buflen=65536, nstream=1, port=5379 tcp
[2024-11-02T21:39:44.389377-0600] nuttcp-r: interval reporting every 0.50 seconds
[2024-11-02T21:39:44.389436-0600] nuttcp-r: connect to 54.176.53.206 with RTT=56.626 ms af=inet
[2024-11-02T21:39:44.389493-0600] nuttcp-r: send window size = 2097152, receive window size = 6291456
[2024-11-02T21:39:44.389549-0600] nuttcp-r: available send window = 1572864, available receive window = 4718592
[2024-11-02T21:39:44.389603-0600]     1.2500 MB /   0.50 sec =   20.9699 Mbps     0 retrans
[2024-11-02T21:39:44.888584-0600]    16.8750 MB /   0.50 sec =  283.0317 Mbps     0 retrans
[2024-11-02T21:39:45.388465-0600]    22.8750 MB /   0.50 sec =  383.9032 Mbps     0 retrans
[2024-11-02T21:39:45.889428-0600]    20.7500 MB /   0.50 sec =  347.8003 Mbps     0 retrans
[2024-11-02T21:39:46.388540-0600]    18.3750 MB /   0.50 sec =  308.5016 Mbps     0 retrans
[2024-11-02T21:39:46.888739-0600]    16.8125 MB /   0.50 sec =  282.1098 Mbps     0 retrans
[2024-11-02T21:39:47.388501-0600]     9.0625 MB /   0.50 sec =  152.0201 Mbps     0 retrans
[2024-11-02T21:39:47.889869-0600]    15.8750 MB /   0.50 sec =  265.6519 Mbps     0 retrans
[2024-11-02T21:39:48.388411-0600]    15.8125 MB /   0.50 sec =  266.0373 Mbps     0 retrans
[2024-11-02T21:39:48.888580-0600]    16.3750 MB /   0.50 sec =  274.6473 Mbps     0 retrans
[2024-11-02T21:39:49.388557-0600]    17.3125 MB /   0.50 sec =  290.4614 Mbps     0 retrans
[2024-11-02T21:39:49.888896-0600]    18.5625 MB /   0.50 sec =  311.2347 Mbps     0 retrans
[2024-11-02T21:39:50.388522-0600]    22.0625 MB /   0.50 sec =  370.4444 Mbps     0 retrans
[2024-11-02T21:39:50.888659-0600]    25.0625 MB /   0.50 sec =  420.4899 Mbps     0 retrans
[2024-11-02T21:39:51.388785-0600]    25.5625 MB /   0.50 sec =  428.7853 Mbps     0 retrans
[2024-11-02T21:39:51.888546-0600]    28.1250 MB /   0.50 sec =  471.9876 Mbps     0 retrans
[2024-11-02T21:39:52.388699-0600]    14.1250 MB /   0.50 sec =  236.8834 Mbps     0 retrans
[2024-11-02T21:39:52.888896-0600]    25.0625 MB /   0.50 sec =  420.2697 Mbps     0 retrans
[2024-11-02T21:39:53.388629-0600]    26.3125 MB /   0.50 sec =  441.6872 Mbps     0 retrans
[2024-11-02T21:39:53.888952-0600]    18.1875 MB /   0.50 sec =  305.2199 Mbps     0 retrans
[2024-11-02T21:39:54.388403-0600]    24.0625 MB /   0.50 sec =  403.7316 Mbps     0 retrans
[2024-11-02T21:39:54.888484-0600]    22.3125 MB /   0.50 sec =  374.3222 Mbps     0 retrans
[2024-11-02T21:39:55.388516-0600]    22.8750 MB /   0.50 sec =  383.7535 Mbps     0 retrans
[2024-11-02T21:39:55.888968-0600]    25.3125 MB /   0.50 sec =  424.2957 Mbps     0 retrans
[2024-11-02T21:39:56.388572-0600]    25.7500 MB /   0.50 sec =  432.3791 Mbps     0 retrans
[2024-11-02T21:39:56.888538-0600]    25.8750 MB /   0.50 sec =  434.1426 Mbps     0 retrans
[2024-11-02T21:39:57.388450-0600]    29.1875 MB /   0.50 sec =  489.6850 Mbps     0 retrans
[2024-11-02T21:39:57.890015-0600]    19.0625 MB /   0.50 sec =  318.8858 Mbps     0 retrans
[2024-11-02T21:39:58.388626-0600]    26.0625 MB /   0.50 sec =  438.4074 Mbps     0 retrans
[2024-11-02T21:39:58.889006-0600]    31.1875 MB /   0.50 sec =  522.8703 Mbps     0 retrans
[2024-11-02T21:39:59.388602-0600]    25.8750 MB /   0.50 sec =  434.4302 Mbps     0 retrans
[2024-11-02T21:39:59.888641-0600]    13.6250 MB /   0.50 sec =  228.5768 Mbps     0 retrans
[2024-11-02T21:40:00.388571-0600]    20.2500 MB /   0.50 sec =  339.7869 Mbps     0 retrans
[2024-11-02T21:40:00.888987-0600]     7.0625 MB /   0.50 sec =  118.3951 Mbps     0 retrans
[2024-11-02T21:40:01.388682-0600]    10.1875 MB /   0.50 sec =  171.0178 Mbps     0 retrans
[2024-11-02T21:40:01.889097-0600]    10.2500 MB /   0.50 sec =  171.8379 Mbps     0 retrans
[2024-11-02T21:40:02.388531-0600]    18.9375 MB /   0.50 sec =  318.0678 Mbps     0 retrans
[2024-11-02T21:40:02.888738-0600]    14.5625 MB /   0.50 sec =  244.3294 Mbps     0 retrans
[2024-11-02T21:40:03.388649-0600]    10.8750 MB /   0.50 sec =  182.3935 Mbps     0 retrans
[2024-11-02T21:40:03.889726-0600]     9.5625 MB /   0.50 sec =  160.0991 Mbps     0 retrans
[2024-11-02T21:40:04.388472-0600]    24.0625 MB /   0.50 sec =  404.6714 Mbps     0 retrans
[2024-11-02T21:40:04.888944-0600]    19.1250 MB /   0.50 sec =  320.5783 Mbps     0 retrans
[2024-11-02T21:40:05.388543-0600]    21.0625 MB /   0.50 sec =  353.6176 Mbps     0 retrans
[2024-11-02T21:40:05.889612-0600]     7.6875 MB /   0.50 sec =  128.7151 Mbps     0 retrans
[2024-11-02T21:40:06.388673-0600]    15.1875 MB /   0.50 sec =  255.2834 Mbps     0 retrans
[2024-11-02T21:40:06.888713-0600]    10.5000 MB /   0.50 sec =  176.1555 Mbps     0 retrans
[2024-11-02T21:40:07.388413-0600]    20.2500 MB /   0.50 sec =  339.8902 Mbps     0 retrans
[2024-11-02T21:40:07.890282-0600]    14.6250 MB /   0.50 sec =  244.5817 Mbps     0 retrans
[2024-11-02T21:40:08.388701-0600]     7.3125 MB /   0.50 sec =  123.0192 Mbps     0 retrans
[2024-11-02T21:40:08.888525-0600]     7.2500 MB /   0.50 sec =  121.6613 Mbps     0 retrans
[2024-11-02T21:40:09.388439-0600]    19.8750 MB /   0.50 sec =  333.5306 Mbps     0 retrans
[2024-11-02T21:40:09.888742-0600]     3.1250 MB /   0.50 sec =   52.4133 Mbps     0 retrans
[2024-11-02T21:40:10.388415-0600]    21.0625 MB /   0.50 sec =  353.4719 Mbps     0 retrans
[2024-11-02T21:40:10.888899-0600]    17.3125 MB /   0.50 sec =  290.2100 Mbps     0 retrans
[2024-11-02T21:40:11.388570-0600]    25.0000 MB /   0.50 sec =  419.6747 Mbps     0 retrans
[2024-11-02T21:40:11.888755-0600]    27.9375 MB /   0.50 sec =  468.8035 Mbps     0 retrans
[2024-11-02T21:40:12.388357-0600]    28.7500 MB /   0.50 sec =  482.3913 Mbps     0 retrans
[2024-11-02T21:40:12.888743-0600]    29.2500 MB /   0.50 sec =  490.6816 Mbps     0 retrans
[2024-11-02T21:40:13.388810-0600]    37.1250 MB /   0.50 sec =  622.4135 Mbps     0 retrans
[2024-11-02T21:40:13.888970-0600]    43.5000 MB /   0.50 sec =  729.6615 Mbps     0 retrans
[2024-11-02T21:40:14.388349-0600]    44.4375 MB /   0.50 sec =  746.2988 Mbps     0 retrans
[2024-11-02T21:40:14.888572-0600]    34.7500 MB /   0.50 sec =  582.9570 Mbps     0 retrans
[2024-11-02T21:40:15.388426-0600]    35.9375 MB /   0.50 sec =  602.9155 Mbps     0 retrans
[2024-11-02T21:40:15.888931-0600]    24.5625 MB /   0.50 sec =  411.7420 Mbps     0 retrans
[2024-11-02T21:40:16.388421-0600]    17.6875 MB /   0.50 sec =  296.9911 Mbps     0 retrans
[2024-11-02T21:40:16.888754-0600]    44.8125 MB /   0.50 sec =  751.6471 Mbps     0 retrans
[2024-11-02T21:40:17.388590-0600]    26.3750 MB /   0.50 sec =  442.5008 Mbps     0 retrans
[2024-11-02T21:40:17.888550-0600]    34.6250 MB /   0.50 sec =  581.0866 Mbps     0 retrans
[2024-11-02T21:40:18.388473-0600]    35.5000 MB /   0.50 sec =  595.6257 Mbps     0 retrans
[2024-11-02T21:40:18.888526-0600]    38.0000 MB /   0.50 sec =  637.4934 Mbps     0 retrans
[2024-11-02T21:40:19.388468-0600]    41.0625 MB /   0.50 sec =  688.9323 Mbps     0 retrans
[2024-11-02T21:40:19.888578-0600]    41.4375 MB /   0.50 sec =  695.2087 Mbps     0 retrans
[2024-11-02T21:40:20.388554-0600]    44.1250 MB /   0.50 sec =  740.2340 Mbps     0 retrans
[2024-11-02T21:40:20.889350-0600]    47.5625 MB /   0.50 sec =  797.3094 Mbps     0 retrans
[2024-11-02T21:40:21.388584-0600]    48.8750 MB /   0.50 sec =  820.5329 Mbps     0 retrans
[2024-11-02T21:40:21.889042-0600]     9.7500 MB /   0.50 sec =  163.4353 Mbps     0 retrans
[2024-11-02T21:40:22.388622-0600]    29.2500 MB /   0.50 sec =  491.1373 Mbps     0 retrans
[2024-11-02T21:40:22.888890-0600]    38.8125 MB /   0.50 sec =  650.7973 Mbps     0 retrans
[2024-11-02T21:40:23.388534-0600]    48.9375 MB /   0.50 sec =  821.5427 Mbps     0 retrans
[2024-11-02T21:40:23.888480-0600]    48.6250 MB /   0.50 sec =  815.9635 Mbps     0 retrans
[2024-11-02T21:40:24.388411-0600]    45.3750 MB /   0.50 sec =  761.2951 Mbps     0 retrans
[2024-11-02T21:40:24.888414-0600]    33.5625 MB /   0.50 sec =  563.0943 Mbps     0 retrans
[2024-11-02T21:40:25.388623-0600]    24.5000 MB /   0.50 sec =  410.9128 Mbps     0 retrans
[2024-11-02T21:40:25.888523-0600]    29.1250 MB /   0.50 sec =  488.7655 Mbps     0 retrans
[2024-11-02T21:40:26.388361-0600]    24.1250 MB /   0.50 sec =  404.7771 Mbps     0 retrans
[2024-11-02T21:40:26.889557-0600]    26.1250 MB /   0.50 sec =  437.3496 Mbps     0 retrans
[2024-11-02T21:40:27.388699-0600]    25.5625 MB /   0.50 sec =  429.7417 Mbps     0 retrans
[2024-11-02T21:40:27.890098-0600]    24.2500 MB /   0.50 sec =  405.6128 Mbps     0 retrans
[2024-11-02T21:40:28.388580-0600]    24.8125 MB /   0.50 sec =  417.5063 Mbps     0 retrans
[2024-11-02T21:40:28.888815-0600]    18.3750 MB /   0.50 sec =  308.2209 Mbps     0 retrans
[2024-11-02T21:40:29.388690-0600]    17.5000 MB /   0.50 sec =  293.6030 Mbps     0 retrans
[2024-11-02T21:40:29.888562-0600]    27.5000 MB /   0.50 sec =  461.5442 Mbps     0 retrans
[2024-11-02T21:40:30.388442-0600]    21.5000 MB /   0.50 sec =  360.7217 Mbps     0 retrans
[2024-11-02T21:40:30.890023-0600]    15.1250 MB /   0.50 sec =  253.2039 Mbps     0 retrans
[2024-11-02T21:40:31.388625-0600]    11.3125 MB /   0.50 sec =  190.1589 Mbps     0 retrans
[2024-11-02T21:40:31.888683-0600]    10.2500 MB /   0.50 sec =  171.9410 Mbps     0 retrans
[2024-11-02T21:40:32.388585-0600]    17.1250 MB /   0.50 sec =  287.4282 Mbps     0 retrans
[2024-11-02T21:40:32.888609-0600]    11.8125 MB /   0.50 sec =  198.1654 Mbps     0 retrans
[2024-11-02T21:40:33.388457-0600]    12.2500 MB /   0.50 sec =  205.5382 Mbps     0 retrans
[2024-11-02T21:40:33.888952-0600]    12.8125 MB /   0.50 sec =  214.8034 Mbps     0 retrans
[2024-11-02T21:40:34.388698-0600]    16.4375 MB /   0.50 sec =  275.8417 Mbps     0 retrans
[2024-11-02T21:40:34.888567-0600]    17.8750 MB /   0.50 sec =  300.0235 Mbps     0 retrans
[2024-11-02T21:40:35.388570-0600]    18.8750 MB /   0.50 sec =  316.5978 Mbps     0 retrans
[2024-11-02T21:40:35.888497-0600]    17.2500 MB /   0.50 sec =  289.4770 Mbps     0 retrans
[2024-11-02T21:40:36.388630-0600]    22.8125 MB /   0.50 sec =  382.7195 Mbps     0 retrans
[2024-11-02T21:40:36.889566-0600]    25.6875 MB /   0.50 sec =  430.0659 Mbps     0 retrans
[2024-11-02T21:40:37.388501-0600]    31.6250 MB /   0.50 sec =  531.6918 Mbps     0 retrans
[2024-11-02T21:40:37.888542-0600]    32.8125 MB /   0.50 sec =  550.5057 Mbps     0 retrans
[2024-11-02T21:40:38.388536-0600]    24.8125 MB /   0.50 sec =  416.2147 Mbps     0 retrans
[2024-11-02T21:40:38.888856-0600]    21.3125 MB /   0.50 sec =  357.3407 Mbps     0 retrans
[2024-11-02T21:40:39.388537-0600]    36.3125 MB /   0.50 sec =  609.6653 Mbps     0 retrans
[2024-11-02T21:40:39.888933-0600]    35.1250 MB /   0.50 sec =  588.8110 Mbps     0 retrans
[2024-11-02T21:40:40.388566-0600]    38.0000 MB /   0.50 sec =  638.1711 Mbps     0 retrans
[2024-11-02T21:40:40.888702-0600]    33.3125 MB /   0.50 sec =  558.8541 Mbps     0 retrans
[2024-11-02T21:40:41.388680-0600]    28.0625 MB /   0.50 sec =  470.6901 Mbps     0 retrans
[2024-11-02T21:40:41.889305-0600]    32.9375 MB /   0.50 sec =  552.1126 Mbps     0 retrans
[2024-11-02T21:40:42.388449-0600]    32.3125 MB /   0.50 sec =  542.6999 Mbps     0 retrans
[2024-11-02T21:40:42.888512-0600]    36.8750 MB /   0.50 sec =  618.6735 Mbps     0 retrans
[2024-11-02T21:40:43.388481-0600]    43.5625 MB /   0.50 sec =  730.8823 Mbps     0 retrans
[2024-11-02T21:40:43.888528-0600]    46.0000 MB /   0.50 sec =  771.7319 Mbps     0 retrans
[2024-11-02T21:40:44.388373-0600]    44.6250 MB /   0.50 sec =  748.7387 Mbps     0 retrans
[2024-11-02T21:40:44.888539-0600]    44.7500 MB /   0.50 sec =  750.7174 Mbps     0 retrans
[2024-11-02T21:40:45.388603-0600]    46.0000 MB /   0.50 sec =  771.5035 Mbps     0 retrans
[2024-11-02T21:40:45.888459-0600]    45.8750 MB /   0.50 sec =  769.9381 Mbps     0 retrans
[2024-11-02T21:40:46.388433-0600]    50.6875 MB /   0.50 sec =  850.3356 Mbps     0 retrans
[2024-11-02T21:40:46.888994-0600]    50.3125 MB /   0.50 sec =  843.5823 Mbps     0 retrans
[2024-11-02T21:40:47.388425-0600]    58.0625 MB /   0.50 sec =  974.8173 Mbps     0 retrans
[2024-11-02T21:40:47.888979-0600]    46.5000 MB /   0.50 sec =  779.3487 Mbps     0 retrans
[2024-11-02T21:40:48.388524-0600]    49.3750 MB /   0.50 sec =  829.1179 Mbps     0 retrans
[2024-11-02T21:40:48.888581-0600]    53.5000 MB /   0.50 sec =  897.6421 Mbps     0 retrans
[2024-11-02T21:40:49.388597-0600]    59.0625 MB /   0.50 sec =  990.8191 Mbps     0 retrans
[2024-11-02T21:40:49.888572-0600]    58.5625 MB /   0.50 sec =  982.5963 Mbps     0 retrans
[2024-11-02T21:40:50.388354-0600]    50.0625 MB /   0.50 sec =  839.9749 Mbps     0 retrans
[2024-11-02T21:40:50.888471-0600]    54.8750 MB /   0.50 sec =  920.5982 Mbps     0 retrans
[2024-11-02T21:40:51.388440-0600]    59.5000 MB /   0.50 sec =  998.2104 Mbps     0 retrans
[2024-11-02T21:40:51.888803-0600]    57.1250 MB /   0.50 sec =  958.4253 Mbps     0 retrans
[2024-11-02T21:40:52.388514-0600]    52.5625 MB /   0.50 sec =  881.8489 Mbps     0 retrans
[2024-11-02T21:40:52.888880-0600]    57.0625 MB /   0.50 sec =  956.5655 Mbps     0 retrans
[2024-11-02T21:40:53.388566-0600]    52.1875 MB /   0.50 sec =  876.0814 Mbps     0 retrans
[2024-11-02T21:40:53.888651-0600]    51.6875 MB /   0.50 sec =  867.1082 Mbps     0 retrans
[2024-11-02T21:40:54.388411-0600]    57.7500 MB /   0.50 sec =  969.1827 Mbps     0 retrans
[2024-11-02T21:40:54.888890-0600]    22.3125 MB /   0.50 sec =  374.0162 Mbps     0 retrans
[2024-11-02T21:40:55.388489-0600]    63.3125 MB /   0.50 sec = 1063.2005 Mbps     0 retrans
[2024-11-02T21:40:55.888540-0600]    61.7500 MB /   0.50 sec = 1035.8895 Mbps     0 retrans
[2024-11-02T21:40:56.388609-0600]    66.3750 MB /   0.50 sec = 1113.6924 Mbps     0 retrans
[2024-11-02T21:40:56.888530-0600]    68.0625 MB /   0.50 sec = 1141.9221 Mbps     0 retrans
[2024-11-02T21:40:57.388461-0600]    62.5625 MB /   0.50 sec = 1049.4776 Mbps     0 retrans
[2024-11-02T21:40:57.897068-0600]    64.8750 MB /   0.51 sec = 1070.9799 Mbps     0 retrans
[2024-11-02T21:40:58.388451-0600]    64.3750 MB /   0.49 sec = 1098.0188 Mbps     0 retrans
[2024-11-02T21:40:58.888544-0600]    66.5000 MB /   0.50 sec = 1115.6090 Mbps     0 retrans
[2024-11-02T21:40:59.388856-0600]    72.9375 MB /   0.50 sec = 1223.4386 Mbps     0 retrans
[2024-11-02T21:40:59.888480-0600]    72.9375 MB /   0.50 sec = 1223.9868 Mbps     0 retrans
[2024-11-02T21:41:00.388427-0600]    75.0000 MB /   0.50 sec = 1258.2912 Mbps     0 retrans
[2024-11-02T21:41:00.888948-0600]    76.3125 MB /   0.50 sec = 1279.2623 Mbps     0 retrans
[2024-11-02T21:41:01.388482-0600]    70.5000 MB /   0.50 sec = 1183.6862 Mbps     0 retrans
[2024-11-02T21:41:01.889149-0600]    64.2500 MB /   0.50 sec = 1076.7388 Mbps     0 retrans
[2024-11-02T21:41:02.388403-0600]    64.2500 MB /   0.50 sec = 1079.2053 Mbps     0 retrans
[2024-11-02T21:41:02.888568-0600]    70.3750 MB /   0.50 sec = 1180.6800 Mbps     0 retrans
[2024-11-02T21:41:03.388409-0600]    71.7500 MB /   0.50 sec = 1203.8447 Mbps     0 retrans
[2024-11-02T21:41:03.888514-0600]    68.6875 MB /   0.50 sec = 1152.2859 Mbps     0 retrans
[2024-11-02T21:41:04.388582-0600]    62.7500 MB /   0.50 sec = 1052.5724 Mbps     0 retrans
[2024-11-02T21:41:04.888559-0600]    71.1250 MB /   0.50 sec = 1193.4657 Mbps     0 retrans
[2024-11-02T21:41:05.388478-0600]    59.9375 MB /   0.50 sec = 1005.6668 Mbps     0 retrans
[2024-11-02T21:41:05.888536-0600]    58.7500 MB /   0.50 sec =  985.6102 Mbps     0 retrans
[2024-11-02T21:41:06.388631-0600]    60.3125 MB /   0.50 sec = 1011.6068 Mbps     0 retrans
[2024-11-02T21:41:06.888957-0600]    68.4375 MB /   0.50 sec = 1147.4609 Mbps     0 retrans
[2024-11-02T21:41:07.388402-0600]    57.3750 MB /   0.50 sec =  963.5679 Mbps     0 retrans
[2024-11-02T21:41:07.888858-0600]    63.1875 MB /   0.50 sec = 1059.5212 Mbps     0 retrans
[2024-11-02T21:41:08.388368-0600]    66.1875 MB /   0.50 sec = 1111.0286 Mbps     0 retrans
[2024-11-02T21:41:08.888694-0600]    63.1250 MB /   0.50 sec = 1058.6637 Mbps     0 retrans
[2024-11-02T21:41:09.388507-0600]    65.6875 MB /   0.50 sec = 1102.3223 Mbps     0 retrans
[2024-11-02T21:41:09.888597-0600]    64.0625 MB /   0.50 sec = 1074.8398 Mbps     0 retrans
[2024-11-02T21:41:10.388372-0600]    62.3125 MB /   0.50 sec = 1045.5348 Mbps     0 retrans
[2024-11-02T21:41:10.889010-0600]    59.0625 MB /   0.50 sec =  990.8270 Mbps     0 retrans
[2024-11-02T21:41:11.388482-0600]    49.5625 MB /   0.50 sec =  831.5507 Mbps     0 retrans
[2024-11-02T21:41:11.888498-0600]    64.9375 MB /   0.50 sec = 1089.4160 Mbps     0 retrans
[2024-11-02T21:41:12.388510-0600]    66.6250 MB /   0.50 sec = 1117.8088 Mbps     0 retrans
[2024-11-02T21:41:12.888531-0600]    55.8125 MB /   0.50 sec =  936.3428 Mbps     0 retrans
[2024-11-02T21:41:13.388801-0600]    54.5625 MB /   0.50 sec =  915.2330 Mbps     0 retrans
[2024-11-02T21:41:13.888512-0600]    55.8125 MB /   0.50 sec =  936.5919 Mbps     0 retrans
[2024-11-02T21:41:14.388438-0600]    50.6250 MB /   0.50 sec =  849.3534 Mbps     0 retrans
[2024-11-02T21:41:14.890235-0600]    37.4375 MB /   0.50 sec =  626.7145 Mbps     0 retrans
[2024-11-02T21:41:15.388704-0600]    40.8125 MB /   0.50 sec =  686.2697 Mbps     0 retrans
[2024-11-02T21:41:15.888648-0600]    51.9375 MB /   0.50 sec =  871.3719 Mbps     0 retrans
[2024-11-02T21:41:16.388534-0600]    38.0625 MB /   0.50 sec =  638.4947 Mbps     0 retrans
[2024-11-02T21:41:16.890068-0600]    29.9375 MB /   0.50 sec =  500.7686 Mbps     0 retrans
[2024-11-02T21:41:17.388788-0600]    39.1875 MB /   0.50 sec =  659.1750 Mbps     0 retrans
[2024-11-02T21:41:17.888536-0600]    56.3125 MB /   0.50 sec =  945.1923 Mbps     0 retrans
[2024-11-02T21:41:18.388497-0600]    55.5625 MB /   0.50 sec =  932.1020 Mbps     0 retrans
[2024-11-02T21:41:18.889091-0600]    56.0000 MB /   0.50 sec =  938.6624 Mbps     0 retrans
[2024-11-02T21:41:19.388717-0600]    54.6250 MB /   0.50 sec =  917.4224 Mbps     0 retrans
[2024-11-02T21:41:19.888766-0600]    39.6250 MB /   0.50 sec =  664.8131 Mbps     0 retrans
[2024-11-02T21:41:20.388373-0600]    41.1250 MB /   0.50 sec =  689.9602 Mbps     0 retrans
[2024-11-02T21:41:20.888555-0600]    51.1875 MB /   0.50 sec =  858.7219 Mbps     0 retrans
[2024-11-02T21:41:21.388586-0600]    34.4375 MB /   0.50 sec =  577.6152 Mbps     0 retrans
[2024-11-02T21:41:21.889543-0600]    24.2500 MB /   0.50 sec =  406.1132 Mbps     0 retrans
[2024-11-02T21:41:22.388539-0600]    25.6250 MB /   0.50 sec =  430.7268 Mbps     0 retrans
[2024-11-02T21:41:22.888550-0600]    24.0625 MB /   0.50 sec =  403.7801 Mbps     0 retrans
[2024-11-02T21:41:23.388946-0600]    26.3750 MB /   0.50 sec =  442.5097 Mbps     0 retrans
[2024-11-02T21:41:23.888501-0600]    23.7500 MB /   0.50 sec =  398.4501 Mbps     0 retrans
[2024-11-02T21:41:24.388591-0600]    20.0000 MB /   0.50 sec =  335.4698 Mbps     0 retrans
[2024-11-02T21:41:24.888592-0600]    36.3750 MB /   0.50 sec =  610.4067 Mbps     0 retrans
[2024-11-02T21:41:25.388576-0600]    30.0000 MB /   0.50 sec =  503.2038 Mbps     0 retrans
[2024-11-02T21:41:25.888545-0600]    33.7500 MB /   0.50 sec =  566.3386 Mbps     0 retrans
[2024-11-02T21:41:26.388478-0600]    27.8750 MB /   0.50 sec =  467.6396 Mbps     0 retrans
[2024-11-02T21:41:26.888594-0600]    38.5000 MB /   0.50 sec =  645.9474 Mbps     0 retrans
[2024-11-02T21:41:27.388430-0600]    34.8750 MB /   0.50 sec =  585.1206 Mbps     0 retrans
[2024-11-02T21:41:27.888573-0600]    34.6250 MB /   0.50 sec =  580.7926 Mbps     0 retrans
[2024-11-02T21:41:28.388357-0600]    37.6875 MB /   0.50 sec =  632.4823 Mbps     0 retrans
[2024-11-02T21:41:28.888522-0600]    34.3125 MB /   0.50 sec =  575.6210 Mbps     0 retrans
[2024-11-02T21:41:29.388610-0600]    36.7500 MB /   0.50 sec =  616.4271 Mbps     0 retrans
[2024-11-02T21:41:29.888637-0600]    34.4375 MB /   0.50 sec =  577.7030 Mbps     0 retrans
[2024-11-02T21:41:30.388365-0600]    34.9375 MB /   0.50 sec =  586.3803 Mbps     0 retrans
[2024-11-02T21:41:30.888853-0600]    36.8125 MB /   0.50 sec =  617.0941 Mbps     0 retrans
[2024-11-02T21:41:31.388722-0600]    25.9375 MB /   0.50 sec =  435.4159 Mbps     0 retrans
[2024-11-02T21:41:31.888494-0600]    15.0000 MB /   0.50 sec =  251.6854 Mbps     0 retrans
[2024-11-02T21:41:32.388531-0600]    28.5625 MB /   0.50 sec =  479.2203 Mbps     0 retrans
[2024-11-02T21:41:32.888566-0600]    38.8750 MB /   0.50 sec =  652.2169 Mbps     0 retrans
[2024-11-02T21:41:33.388730-0600]    40.3750 MB /   0.50 sec =  677.2812 Mbps     0 retrans
[2024-11-02T21:41:33.888541-0600]    40.1250 MB /   0.50 sec =  673.3016 Mbps     0 retrans
[2024-11-02T21:41:34.388572-0600]    41.6875 MB /   0.50 sec =  699.1946 Mbps     0 retrans
[2024-11-02T21:41:34.889106-0600]    39.3750 MB /   0.50 sec =  660.2397 Mbps     0 retrans
[2024-11-02T21:41:35.388533-0600]    19.3750 MB /   0.50 sec =  325.3110 Mbps     0 retrans
[2024-11-02T21:41:35.889012-0600]    32.5000 MB /   0.50 sec =  545.1745 Mbps     0 retrans
[2024-11-02T21:41:36.388440-0600]    37.8750 MB /   0.50 sec =  635.5705 Mbps     0 retrans
[2024-11-02T21:41:36.889168-0600]    41.1250 MB /   0.50 sec =  689.0631 Mbps     0 retrans
[2024-11-02T21:41:37.388444-0600]    43.8750 MB /   0.50 sec =  737.1397 Mbps     0 retrans
[2024-11-02T21:41:37.888591-0600]    31.3125 MB /   0.50 sec =  525.2483 Mbps     0 retrans
[2024-11-02T21:41:38.388518-0600]    38.0000 MB /   0.50 sec =  637.5508 Mbps     0 retrans
[2024-11-02T21:41:38.888934-0600]    32.1250 MB /   0.50 sec =  538.5329 Mbps     0 retrans
[2024-11-02T21:41:39.388763-0600]    38.2500 MB /   0.50 sec =  641.9134 Mbps     0 retrans
[2024-11-02T21:41:39.888545-0600]    39.5625 MB /   0.50 sec =  664.1325 Mbps     0 retrans
[2024-11-02T21:41:40.388612-0600]    34.7500 MB /   0.50 sec =  582.9943 Mbps     0 retrans
[2024-11-02T21:41:40.888440-0600]    24.0625 MB /   0.50 sec =  403.7244 Mbps     0 retrans
[2024-11-02T21:41:41.388479-0600]    16.4375 MB /   0.50 sec =  275.7534 Mbps     0 retrans
[2024-11-02T21:41:41.889499-0600]     9.5000 MB /   0.50 sec =  159.0781 Mbps     0 retrans
[2024-11-02T21:41:42.388773-0600]    11.0000 MB /   0.50 sec =  184.8222 Mbps     0 retrans
[2024-11-02T21:41:42.888843-0600]     2.5000 MB /   0.50 sec =   41.9519 Mbps     0 retrans
[2024-11-02T21:41:43.388511-0600]     9.4375 MB /   0.50 sec =  158.3771 Mbps     0 retrans
[2024-11-02T21:41:43.888472-0600]     3.1875 MB /   0.50 sec =   53.4811 Mbps     0 retrans
[2024-11-02T21:41:44.388416-0600]    15.0625 MB /   0.50 sec =  252.6861 Mbps     0 retrans
End time: 1730605304581
