Start time: 1747685580774
Connecting to host 34.145.166.89, port 5209
Reverse mode, remote host 34.145.166.89 is sending
[  5] local 192.0.0.2 port 39020 connected to 34.145.166.89 port 5209
[ ID] Interval           Transfer     Bitrate
[  5]   0.00-0.10   sec  45.3 KBytes  3.71 Mbits/sec                  
[  5]   0.10-0.20   sec   153 KBytes  12.5 Mbits/sec                  
[  5]   0.20-0.30   sec   153 KBytes  12.5 Mbits/sec                  
[  5]   0.30-0.40   sec   177 KBytes  14.5 Mbits/sec                  
[  5]   0.40-0.50   sec   190 KBytes  15.6 Mbits/sec                  
[  5]   0.50-0.60   sec   217 KBytes  17.8 Mbits/sec                  
[  5]   0.60-0.70   sec   381 KBytes  31.2 Mbits/sec                  
[  5]   0.70-0.80   sec   453 KBytes  37.1 Mbits/sec                  
[  5]   0.80-0.90   sec   389 KBytes  31.8 Mbits/sec                  
[  5]   0.90-1.00   sec   414 KBytes  34.0 Mbits/sec                  
[  5]   1.00-1.10   sec   651 KBytes  53.4 Mbits/sec                  
[  5]   1.10-1.20   sec   629 KBytes  51.5 Mbits/sec                  
[  5]   1.20-1.30   sec   667 KBytes  54.7 Mbits/sec                  
[  5]   1.30-1.40   sec   518 KBytes  42.4 Mbits/sec                  
[  5]   1.40-1.50   sec   526 KBytes  43.0 Mbits/sec                  
[  5]   1.50-1.60   sec   823 KBytes  67.5 Mbits/sec                  
[  5]   1.60-1.70   sec   911 KBytes  74.6 Mbits/sec                  
[  5]   1.70-1.80   sec   920 KBytes  75.4 Mbits/sec                  
[  5]   1.80-1.90   sec   472 KBytes  38.6 Mbits/sec                  
[  5]   1.90-2.00   sec   642 KBytes  52.5 Mbits/sec                  
[  5]   2.00-2.10   sec   849 KBytes  68.9 Mbits/sec                  
[  5]   2.10-2.20   sec   635 KBytes  52.1 Mbits/sec                  
[  5]   2.20-2.30   sec  1.06 MBytes  89.9 Mbits/sec                  
[  5]   2.30-2.40   sec   948 KBytes  76.9 Mbits/sec                  
[  5]   2.40-2.50   sec  1.27 MBytes   108 Mbits/sec                  
[  5]   2.50-2.60   sec   915 KBytes  74.9 Mbits/sec                  
[  5]   2.60-2.70   sec  1.48 MBytes   125 Mbits/sec                  
[  5]   2.70-2.80   sec  1.13 MBytes  94.6 Mbits/sec                  
[  5]   2.80-2.90   sec  1.02 MBytes  85.9 Mbits/sec                  
[  5]   2.90-3.00   sec  1.87 MBytes   157 Mbits/sec                  
[  5]   3.00-3.10   sec  1.63 MBytes   137 Mbits/sec                  
[  5]   3.10-3.20   sec  2.04 MBytes   171 Mbits/sec                  
[  5]   3.20-3.30   sec  1.46 MBytes   122 Mbits/sec                  
[  5]   3.30-3.40   sec  2.21 MBytes   186 Mbits/sec                  
[  5]   3.40-3.50   sec  1.32 MBytes   110 Mbits/sec                  
[  5]   3.50-3.60   sec  1.81 MBytes   154 Mbits/sec                  
[  5]   3.60-3.70   sec  2.47 MBytes   207 Mbits/sec                  
[  5]   3.70-3.80   sec  2.55 MBytes   214 Mbits/sec                  
[  5]   3.80-3.90   sec  2.26 MBytes   190 Mbits/sec                  
[  5]   3.90-4.00   sec  3.16 MBytes   265 Mbits/sec                  
[  5]   4.00-4.10   sec  3.78 MBytes   317 Mbits/sec                  
[  5]   4.10-4.20   sec  4.19 MBytes   351 Mbits/sec                  
[  5]   4.20-4.30   sec  4.01 MBytes   337 Mbits/sec                  
[  5]   4.30-4.40   sec  4.01 MBytes   336 Mbits/sec                  
[  5]   4.40-4.50   sec  1.88 MBytes   158 Mbits/sec                  
[  5]   4.50-4.60   sec  4.07 MBytes   341 Mbits/sec                  
[  5]   4.60-4.70   sec  3.95 MBytes   331 Mbits/sec                  
[  5]   4.70-4.80   sec  3.76 MBytes   315 Mbits/sec                  
[  5]   4.80-4.90   sec  4.71 MBytes   395 Mbits/sec                  
[  5]   4.90-5.00   sec  4.63 MBytes   388 Mbits/sec                  
- - - - - - - - - - - - - - - - - - - - - - - - -
[ ID] Interval           Transfer     Bitrate         Retr
[  5]   0.00-5.08   sec  84.1 MBytes   139 Mbits/sec    0             sender
[  5]   0.00-5.00   sec  80.1 MBytes   134 Mbits/sec                  receiver

iperf Done.
End time: 1747685586444
