Start time: 1731010342647
[2024-11-07T15:12:27.728922-0500] traceroute to 54.197.223.49 (54.197.223.49), 30 hops max, 60 byte packets
[2024-11-07T15:12:27.729961-0500]  1  * * *
[2024-11-07T15:12:27.730055-0500]  2  * * *
[2024-11-07T15:12:27.730131-0500]  3  * * *
[2024-11-07T15:12:27.742531-0500]  4  * * *
[2024-11-07T15:12:27.742667-0500]  5  * * *
[2024-11-07T15:12:32.734389-0500]  6  * * *
[2024-11-07T15:12:32.740228-0500]  7  * * *
[2024-11-07T15:12:32.747261-0500]  8  * * *
[2024-11-07T15:12:32.747376-0500]  9  * * *
[2024-11-07T15:12:32.755853-0500] 10  * * *
[2024-11-07T15:12:37.742535-0500] 11  * * *
[2024-11-07T15:12:37.750567-0500] 12  * * *
[2024-11-07T15:12:37.750878-0500] 13  * * *
[2024-11-07T15:12:37.759600-0500] 14  * * *
[2024-11-07T15:12:37.759835-0500] 15  * * *
[2024-11-07T15:12:42.751506-0500] 16  * * *
[2024-11-07T15:12:42.751957-0500] 17  * * *
[2024-11-07T15:12:42.760669-0500] 18  * * *
[2024-11-07T15:12:42.770534-0500] 19  * * *
[2024-11-07T15:12:42.770842-0500] 20  * * *
[2024-11-07T15:12:42.770976-0500] 21  * * *
[2024-11-07T15:12:47.760031-0500] 22  * * *
[2024-11-07T15:12:47.765287-0500] 23  * * *
[2024-11-07T15:12:47.770692-0500] 24  * * *
[2024-11-07T15:12:47.775464-0500] 25  * * *
[2024-11-07T15:12:47.778766-0500] 26  * * *
[2024-11-07T15:12:52.717531-0500] 27  * *End time: 1731010372803
