Start time: 1730995583877
[2024-11-07T11:06:24.738763-0500] nuttcp-r: v8.1.4: socket
[2024-11-07T11:06:24.739392-0500] nuttcp-r: buflen=65536, nstream=1, port=5379 tcp
[2024-11-07T11:06:24.739438-0500] nuttcp-r: interval reporting every 0.50 seconds
[2024-11-07T11:06:24.739470-0500] nuttcp-r: connect to 54.197.223.49 with RTT=58.123 ms af=inet
[2024-11-07T11:06:24.739503-0500] nuttcp-r: send window size = 2097152, receive window size = 6291456
[2024-11-07T11:06:24.739532-0500] nuttcp-r: available send window = 1572864, available receive window = 4718592
[2024-11-07T11:06:24.739560-0500]     0.4375 MB /   0.50 sec =    7.3384 Mbps     0 retrans     13 KB-cwnd
[2024-11-07T11:06:25.239162-0500]     0.8750 MB /   0.50 sec =   14.6792 Mbps     0 retrans     13 KB-cwnd
[2024-11-07T11:06:25.738535-0500]     1.2500 MB /   0.50 sec =   20.9759 Mbps     0 retrans     13 KB-cwnd
[2024-11-07T11:06:26.240508-0500]     1.3125 MB /   0.50 sec =   21.9599 Mbps     0 retrans     13 KB-cwnd
[2024-11-07T11:06:26.739375-0500]     1.8125 MB /   0.50 sec =   30.4852 Mbps     0 retrans     13 KB-cwnd
[2024-11-07T11:06:27.238626-0500]     1.7500 MB /   0.50 sec =   29.3644 Mbps     0 retrans     13 KB-cwnd
[2024-11-07T11:06:27.738621-0500]     2.2500 MB /   0.50 sec =   37.7520 Mbps     0 retrans     13 KB-cwnd
[2024-11-07T11:06:28.238749-0500]     2.9375 MB /   0.50 sec =   49.2846 Mbps     0 retrans     13 KB-cwnd
[2024-11-07T11:06:28.738618-0500]     3.1250 MB /   0.50 sec =   52.4253 Mbps     0 retrans     13 KB-cwnd
[2024-11-07T11:06:29.238581-0500]     1.2500 MB /   0.50 sec =   20.9716 Mbps     0 retrans     13 KB-cwnd
[2024-11-07T11:06:29.738590-0500]     2.2500 MB /   0.50 sec =   37.7489 Mbps     0 retrans     13 KB-cwnd
[2024-11-07T11:06:30.238629-0500]     0.9375 MB /   0.50 sec =   15.7271 Mbps     0 retrans     13 KB-cwnd
[2024-11-07T11:06:30.739655-0500]     2.0000 MB /   0.50 sec =   33.4894 Mbps     0 retrans     13 KB-cwnd
[2024-11-07T11:06:31.238887-0500]     0.1250 MB /   0.50 sec =    2.1009 Mbps     0 retrans     13 KB-cwnd
[2024-11-07T11:06:31.738610-0500]     3.8750 MB /   0.50 sec =   65.0277 Mbps     0 retrans     13 KB-cwnd
[2024-11-07T11:06:32.238617-0500]     4.6250 MB /   0.50 sec =   77.5912 Mbps     0 retrans     13 KB-cwnd
[2024-11-07T11:06:32.738573-0500]     2.8750 MB /   0.50 sec =   48.2376 Mbps     0 retrans     13 KB-cwnd
[2024-11-07T11:06:33.238699-0500]     2.8125 MB /   0.50 sec =   47.1874 Mbps     0 retrans     13 KB-cwnd
[2024-11-07T11:06:33.738917-0500]     2.9375 MB /   0.50 sec =   49.2644 Mbps     0 retrans     13 KB-cwnd
[2024-11-07T11:06:34.238734-0500]     4.5000 MB /   0.50 sec =   75.5044 Mbps     0 retrans     13 KB-cwnd
[2024-11-07T11:06:34.738621-0500]     1.6875 MB /   0.50 sec =   28.3182 Mbps     0 retrans     13 KB-cwnd
[2024-11-07T11:06:35.239885-0500]     0.4375 MB /   0.50 sec =    7.3242 Mbps     0 retrans     13 KB-cwnd
[2024-11-07T11:06:35.739683-0500]     2.4375 MB /   0.50 sec =   40.8979 Mbps     0 retrans     13 KB-cwnd
[2024-11-07T11:06:36.239679-0500]     1.3125 MB /   0.50 sec =   22.0208 Mbps     0 retrans     13 KB-cwnd
[2024-11-07T11:06:36.738553-0500]     0.5625 MB /   0.50 sec =    9.4566 Mbps     0 retrans     13 KB-cwnd
[2024-11-07T11:06:37.238633-0500]     2.6875 MB /   0.50 sec =   45.0866 Mbps     0 retrans     13 KB-cwnd
[2024-11-07T11:06:37.738753-0500]     1.9375 MB /   0.50 sec =   32.5032 Mbps     0 retrans     13 KB-cwnd
[2024-11-07T11:06:38.238681-0500]     4.1250 MB /   0.50 sec =   69.2207 Mbps     0 retrans     13 KB-cwnd
[2024-11-07T11:06:38.738724-0500]     1.6875 MB /   0.50 sec =   28.3092 Mbps     0 retrans     13 KB-cwnd
[2024-11-07T11:06:39.239992-0500]     2.3750 MB /   0.50 sec =   39.7396 Mbps     0 retrans     13 KB-cwnd
[2024-11-07T11:06:39.738628-0500]     1.5000 MB /   0.50 sec =   25.2324 Mbps     0 retrans     13 KB-cwnd
[2024-11-07T11:06:40.239702-0500]     0.4375 MB /   0.50 sec =    7.3249 Mbps     0 retrans     13 KB-cwnd
[2024-11-07T11:06:40.738805-0500]     0.0000 MB /   0.50 sec =    0.0000 Mbps     0 retrans     13 KB-cwnd
[2024-11-07T11:06:41.239633-0500]     0.0000 MB /   0.50 sec =    0.0000 Mbps     0 retrans     13 KB-cwnd
[2024-11-07T11:06:41.738844-0500]     0.0000 MB /   0.50 sec =    0.0000 Mbps     0 retrans     13 KB-cwnd
[2024-11-07T11:06:42.239023-0500]     3.0000 MB /   0.50 sec =   50.3341 Mbps     0 retrans     13 KB-cwnd
[2024-11-07T11:06:42.738654-0500]     3.8125 MB /   0.50 sec =   63.9853 Mbps     0 retrans     13 KB-cwnd
[2024-11-07T11:06:43.238790-0500]     2.2500 MB /   0.50 sec =   37.7493 Mbps     0 retrans     13 KB-cwnd
[2024-11-07T11:06:43.739878-0500]     0.1250 MB /   0.50 sec =    2.0918 Mbps     0 retrans     13 KB-cwnd
[2024-11-07T11:06:44.238629-0500]     2.7500 MB /   0.50 sec =   46.2498 Mbps     0 retrans     14 KB-cwnd
[2024-11-07T11:06:44.738817-0500]     1.6875 MB /   0.50 sec =   28.3046 Mbps     0 retrans     14 KB-cwnd
[2024-11-07T11:06:45.238601-0500]     0.0000 MB /   0.50 sec =    0.0000 Mbps     0 retrans     14 KB-cwnd
[2024-11-07T11:06:45.738767-0500]     1.6250 MB /   0.50 sec =   27.2579 Mbps     0 retrans     14 KB-cwnd
[2024-11-07T11:06:46.238614-0500]     1.6875 MB /   0.50 sec =   28.3187 Mbps     0 retrans     14 KB-cwnd
[2024-11-07T11:06:46.738701-0500]     1.1875 MB /   0.50 sec =   19.9199 Mbps     0 retrans     14 KB-cwnd
[2024-11-07T11:06:47.238650-0500]     1.8125 MB /   0.50 sec =   30.4113 Mbps     0 retrans     14 KB-cwnd
[2024-11-07T11:06:47.738827-0500]     0.6250 MB /   0.50 sec =   10.4846 Mbps     0 retrans     14 KB-cwnd
[2024-11-07T11:06:48.239587-0500]     0.0000 MB /   0.50 sec =    0.0000 Mbps     0 retrans     14 KB-cwnd
[2024-11-07T11:06:48.738488-0500]     2.8125 MB /   0.50 sec =   47.2818 Mbps     0 retrans     14 KB-cwnd
[2024-11-07T11:06:49.239972-0500]     0.1875 MB /   0.50 sec =    3.1391 Mbps     0 retrans     14 KB-cwnd
[2024-11-07T11:06:49.738769-0500]     1.5625 MB /   0.50 sec =   26.2650 Mbps     0 retrans     14 KB-cwnd
[2024-11-07T11:06:50.238626-0500]     1.4375 MB /   0.50 sec =   24.1181 Mbps     0 retrans     14 KB-cwnd
[2024-11-07T11:06:50.738784-0500]     0.1250 MB /   0.50 sec =    2.0966 Mbps     0 retrans     14 KB-cwnd
[2024-11-07T11:06:51.238591-0500]     0.5000 MB /   0.50 sec =    8.3913 Mbps     0 retrans     14 KB-cwnd
[2024-11-07T11:06:51.738838-0500]     0.8750 MB /   0.50 sec =   14.6798 Mbps     0 retrans     14 KB-cwnd
[2024-11-07T11:06:52.238585-0500]     0.4375 MB /   0.50 sec =    7.3402 Mbps     0 retrans     14 KB-cwnd
[2024-11-07T11:06:52.738606-0500]     0.3750 MB /   0.50 sec =    6.2914 Mbps     0 retrans     14 KB-cwnd
[2024-11-07T11:06:53.238649-0500]     0.3750 MB /   0.50 sec =    6.2913 Mbps     0 retrans     14 KB-cwnd
[2024-11-07T11:06:53.738581-0500]     0.3750 MB /   0.50 sec =    6.2917 Mbps     0 retrans     14 KB-cwnd
[2024-11-07T11:06:54.238664-0500]     0.3125 MB /   0.50 sec =    5.2432 Mbps     0 retrans     14 KB-cwnd
[2024-11-07T11:06:54.738627-0500]     0.4375 MB /   0.50 sec =    7.3395 Mbps     0 retrans     14 KB-cwnd
[2024-11-07T11:06:55.238514-0500]     0.3750 MB /   0.50 sec =    6.2917 Mbps     0 retrans     14 KB-cwnd
[2024-11-07T11:06:55.738698-0500]     0.3750 MB /   0.50 sec =    6.2901 Mbps     0 retrans     14 KB-cwnd
[2024-11-07T11:06:56.238593-0500]     0.3750 MB /   0.50 sec =    6.2926 Mbps     0 retrans     14 KB-cwnd
[2024-11-07T11:06:56.738580-0500]     0.3125 MB /   0.50 sec =    5.2429 Mbps     0 retrans     14 KB-cwnd
[2024-11-07T11:06:57.238667-0500]     0.3750 MB /   0.50 sec =    6.2906 Mbps     0 retrans     14 KB-cwnd
[2024-11-07T11:06:57.738772-0500]     0.3125 MB /   0.50 sec =    5.2436 Mbps     0 retrans     14 KB-cwnd
[2024-11-07T11:06:58.238602-0500]     0.1875 MB /   0.50 sec =    3.1456 Mbps     0 retrans     14 KB-cwnd
[2024-11-07T11:06:58.738578-0500]     0.3750 MB /   0.50 sec =    6.2916 Mbps     0 retrans     14 KB-cwnd
[2024-11-07T11:06:59.238587-0500]     0.3125 MB /   0.50 sec =    5.2429 Mbps     0 retrans     14 KB-cwnd
[2024-11-07T11:06:59.738679-0500]     0.3750 MB /   0.50 sec =    6.2918 Mbps     0 retrans     14 KB-cwnd
[2024-11-07T11:07:00.238726-0500]     0.2500 MB /   0.50 sec =    4.1931 Mbps     0 retrans     14 KB-cwnd
[2024-11-07T11:07:00.738624-0500]     0.4375 MB /   0.50 sec =    7.3416 Mbps     0 retrans     14 KB-cwnd
[2024-11-07T11:07:01.238656-0500]     0.4375 MB /   0.50 sec =    7.3401 Mbps     0 retrans     14 KB-cwnd
[2024-11-07T11:07:01.738698-0500]     0.4375 MB /   0.50 sec =    7.3388 Mbps     0 retrans     14 KB-cwnd
[2024-11-07T11:07:02.238607-0500]     0.3750 MB /   0.50 sec =    6.2926 Mbps     0 retrans     14 KB-cwnd
[2024-11-07T11:07:02.738652-0500]     0.4375 MB /   0.50 sec =    7.3401 Mbps     0 retrans     14 KB-cwnd
[2024-11-07T11:07:03.238658-0500]     0.4375 MB /   0.50 sec =    7.3397 Mbps     0 retrans     14 KB-cwnd
[2024-11-07T11:07:03.738602-0500]     0.4375 MB /   0.50 sec =    7.3403 Mbps     0 retrans     14 KB-cwnd
[2024-11-07T11:07:04.238641-0500]     0.3750 MB /   0.50 sec =    6.2907 Mbps     0 retrans     14 KB-cwnd
[2024-11-07T11:07:04.738596-0500]     0.4375 MB /   0.50 sec =    7.3409 Mbps     0 retrans     14 KB-cwnd
[2024-11-07T11:07:05.238639-0500]     0.4375 MB /   0.50 sec =    7.3394 Mbps     0 retrans     14 KB-cwnd
[2024-11-07T11:07:05.738739-0500]     0.3750 MB /   0.50 sec =    6.2921 Mbps     0 retrans     14 KB-cwnd
[2024-11-07T11:07:06.238623-0500]     0.5625 MB /   0.50 sec =    9.4369 Mbps     0 retrans     14 KB-cwnd
[2024-11-07T11:07:06.739569-0500]     0.4375 MB /   0.50 sec =    7.3262 Mbps     0 retrans     14 KB-cwnd
[2024-11-07T11:07:07.238760-0500]     0.5000 MB /   0.50 sec =    8.4020 Mbps     0 retrans     14 KB-cwnd
[2024-11-07T11:07:07.738577-0500]     0.6250 MB /   0.50 sec =   10.4892 Mbps     0 retrans     19 KB-cwnd
[2024-11-07T11:07:08.238585-0500]     0.6875 MB /   0.50 sec =   11.5344 Mbps     0 retrans     19 KB-cwnd
[2024-11-07T11:07:08.738662-0500]     0.9375 MB /   0.50 sec =   15.7264 Mbps     0 retrans     19 KB-cwnd
[2024-11-07T11:07:09.238608-0500]     1.2500 MB /   0.50 sec =   20.9739 Mbps     0 retrans     19 KB-cwnd
[2024-11-07T11:07:09.738763-0500]     1.4375 MB /   0.50 sec =   24.1174 Mbps     0 retrans     21 KB-cwnd
[2024-11-07T11:07:10.238577-0500]     2.0000 MB /   0.50 sec =   33.5548 Mbps     0 retrans     21 KB-cwnd
[2024-11-07T11:07:10.738971-0500]     2.2500 MB /   0.50 sec =   37.7461 Mbps     0 retrans     21 KB-cwnd
[2024-11-07T11:07:11.239056-0500]     3.0000 MB /   0.50 sec =   50.2899 Mbps     0 retrans     21 KB-cwnd
[2024-11-07T11:07:11.738634-0500]     3.7500 MB /   0.50 sec =   62.9639 Mbps     0 retrans     22 KB-cwnd
[2024-11-07T11:07:12.238614-0500]     4.6250 MB /   0.50 sec =   77.6013 Mbps     0 retrans     23 KB-cwnd
[2024-11-07T11:07:12.738578-0500]     4.9375 MB /   0.50 sec =   82.8407 Mbps     0 retrans     23 KB-cwnd
[2024-11-07T11:07:13.238801-0500]     4.8125 MB /   0.50 sec =   80.7145 Mbps     0 retrans     26 KB-cwnd
[2024-11-07T11:07:13.739748-0500]     6.6875 MB /   0.50 sec =  111.9873 Mbps     0 retrans     26 KB-cwnd
[2024-11-07T11:07:14.238752-0500]     8.3750 MB /   0.50 sec =  140.8167 Mbps     0 retrans     29 KB-cwnd
[2024-11-07T11:07:14.738599-0500]     8.9375 MB /   0.50 sec =  149.9455 Mbps     0 retrans     29 KB-cwnd
[2024-11-07T11:07:15.238565-0500]     9.2500 MB /   0.50 sec =  155.1920 Mbps     0 retrans     29 KB-cwnd
[2024-11-07T11:07:15.738637-0500]     7.1250 MB /   0.50 sec =  119.5240 Mbps     0 retrans     29 KB-cwnd
[2024-11-07T11:07:16.238599-0500]     9.6875 MB /   0.50 sec =  162.5442 Mbps     0 retrans     29 KB-cwnd
[2024-11-07T11:07:16.738635-0500]    11.1875 MB /   0.50 sec =  187.6741 Mbps     0 retrans     31 KB-cwnd
[2024-11-07T11:07:17.238699-0500]    10.7500 MB /   0.50 sec =  180.3414 Mbps     0 retrans     31 KB-cwnd
[2024-11-07T11:07:17.738585-0500]     5.1875 MB /   0.50 sec =   87.0487 Mbps     0 retrans     31 KB-cwnd
[2024-11-07T11:07:18.238570-0500]    12.2500 MB /   0.50 sec =  205.5242 Mbps     0 retrans     37 KB-cwnd
[2024-11-07T11:07:18.738804-0500]    12.7500 MB /   0.50 sec =  213.8727 Mbps     0 retrans     38 KB-cwnd
[2024-11-07T11:07:19.238586-0500]    14.6875 MB /   0.50 sec =  246.4582 Mbps     0 retrans     38 KB-cwnd
[2024-11-07T11:07:19.738601-0500]    12.7500 MB /   0.50 sec =  213.9018 Mbps     0 retrans     45 KB-cwnd
[2024-11-07T11:07:20.238582-0500]    15.6875 MB /   0.50 sec =  263.1947 Mbps     0 retrans     51 KB-cwnd
[2024-11-07T11:07:20.738517-0500]    13.0625 MB /   0.50 sec =  219.1612 Mbps     0 retrans     53 KB-cwnd
[2024-11-07T11:07:21.238900-0500]    15.5625 MB /   0.50 sec =  260.9201 Mbps     0 retrans     55 KB-cwnd
[2024-11-07T11:07:21.738575-0500]    11.7500 MB /   0.50 sec =  197.2629 Mbps     0 retrans     55 KB-cwnd
[2024-11-07T11:07:22.238565-0500]    10.5000 MB /   0.50 sec =  176.1601 Mbps     0 retrans     58 KB-cwnd
[2024-11-07T11:07:22.738562-0500]    11.3750 MB /   0.50 sec =  190.8416 Mbps     0 retrans     58 KB-cwnd
[2024-11-07T11:07:23.238582-0500]    13.6250 MB /   0.50 sec =  228.5868 Mbps     0 retrans     63 KB-cwnd
[2024-11-07T11:07:23.738588-0500]    13.5625 MB /   0.50 sec =  227.5392 Mbps     0 retrans     66 KB-cwnd
[2024-11-07T11:07:24.238586-0500]    13.0625 MB /   0.50 sec =  219.1493 Mbps     0 retrans     74 KB-cwnd
[2024-11-07T11:07:24.738727-0500]    11.2500 MB /   0.50 sec =  188.7561 Mbps     0 retrans     75 KB-cwnd
[2024-11-07T11:07:25.238681-0500]    12.6250 MB /   0.50 sec =  211.7429 Mbps     0 retrans     82 KB-cwnd
[2024-11-07T11:07:25.738726-0500]    14.8750 MB /   0.50 sec =  249.6190 Mbps  2796 retrans   2243 KB-cwnd
[2024-11-07T11:07:26.238714-0500]    12.7500 MB /   0.50 sec =  213.9352 Mbps     0 retrans   2243 KB-cwnd
[2024-11-07T11:07:26.738507-0500]    10.1875 MB /   0.50 sec =  170.9169 Mbps     0 retrans   2243 KB-cwnd
[2024-11-07T11:07:27.238651-0500]    10.6250 MB /   0.50 sec =  178.2233 Mbps     0 retrans   2243 KB-cwnd
[2024-11-07T11:07:27.738572-0500]     8.0625 MB /   0.50 sec =  135.2842 Mbps     0 retrans   2243 KB-cwnd
[2024-11-07T11:07:28.238690-0500]     3.6875 MB /   0.50 sec =   61.8667 Mbps     0 retrans   2243 KB-cwnd
[2024-11-07T11:07:28.738593-0500]     5.2500 MB /   0.50 sec =   88.0763 Mbps     0 retrans   2264 KB-cwnd
[2024-11-07T11:07:29.238594-0500]     5.4375 MB /   0.50 sec =   91.2287 Mbps     0 retrans   2264 KB-cwnd
[2024-11-07T11:07:29.738562-0500]     4.1250 MB /   0.50 sec =   69.2074 Mbps     0 retrans   2264 KB-cwnd
[2024-11-07T11:07:30.238636-0500]     4.0000 MB /   0.50 sec =   67.1001 Mbps     0 retrans   2264 KB-cwnd
[2024-11-07T11:07:30.738597-0500]     3.8125 MB /   0.50 sec =   63.9697 Mbps     0 retrans   2264 KB-cwnd
[2024-11-07T11:07:31.238590-0500]     3.8125 MB /   0.50 sec =   63.9633 Mbps     0 retrans   2264 KB-cwnd
[2024-11-07T11:07:31.738688-0500]     3.3125 MB /   0.50 sec =   55.5786 Mbps     0 retrans   2264 KB-cwnd
[2024-11-07T11:07:32.238815-0500]     2.0625 MB /   0.50 sec =   34.5989 Mbps     0 retrans   2264 KB-cwnd
[2024-11-07T11:07:32.738616-0500]     0.4375 MB /   0.50 sec =    7.3406 Mbps     0 retrans   2264 KB-cwnd
[2024-11-07T11:07:33.239692-0500]     1.1250 MB /   0.50 sec =   18.8346 Mbps     0 retrans   2264 KB-cwnd
[2024-11-07T11:07:33.738660-0500]     0.5625 MB /   0.50 sec =    9.4563 Mbps     0 retrans   2264 KB-cwnd
[2024-11-07T11:07:34.238655-0500]     1.3125 MB /   0.50 sec =   22.0200 Mbps     0 retrans   2264 KB-cwnd
[2024-11-07T11:07:34.738803-0500]     0.5000 MB /   0.50 sec =    8.3868 Mbps     0 retrans   2264 KB-cwnd
[2024-11-07T11:07:35.238960-0500]     1.5000 MB /   0.50 sec =   25.1638 Mbps     0 retrans   2264 KB-cwnd
[2024-11-07T11:07:35.739088-0500]     0.8125 MB /   0.50 sec =   13.6240 Mbps     0 retrans   2264 KB-cwnd
[2024-11-07T11:07:36.238852-0500]     3.3125 MB /   0.50 sec =   55.6233 Mbps     0 retrans   2264 KB-cwnd
[2024-11-07T11:07:36.738682-0500]     0.8750 MB /   0.50 sec =   14.6780 Mbps     0 retrans   2288 KB-cwnd
[2024-11-07T11:07:37.238571-0500]     2.5000 MB /   0.50 sec =   41.9518 Mbps     0 retrans   2288 KB-cwnd
[2024-11-07T11:07:37.738573-0500]     2.5625 MB /   0.50 sec =   42.9913 Mbps     0 retrans   2288 KB-cwnd
[2024-11-07T11:07:38.238810-0500]     1.1250 MB /   0.50 sec =   18.8678 Mbps     0 retrans   2288 KB-cwnd
[2024-11-07T11:07:38.738747-0500]     1.8750 MB /   0.50 sec =   31.4684 Mbps     0 retrans   2288 KB-cwnd
[2024-11-07T11:07:39.239646-0500]     0.6250 MB /   0.50 sec =   10.4642 Mbps     0 retrans   2288 KB-cwnd
[2024-11-07T11:07:39.739022-0500]     0.0625 MB /   0.50 sec =    1.0498 Mbps     0 retrans   2288 KB-cwnd
[2024-11-07T11:07:40.238686-0500]     3.3750 MB /   0.50 sec =   56.6619 Mbps     0 retrans   2288 KB-cwnd
[2024-11-07T11:07:40.738567-0500]     2.8125 MB /   0.50 sec =   47.1937 Mbps     0 retrans   2288 KB-cwnd
[2024-11-07T11:07:41.238575-0500]     3.8750 MB /   0.50 sec =   65.0109 Mbps     0 retrans   2288 KB-cwnd
[2024-11-07T11:07:41.738705-0500]     4.5000 MB /   0.50 sec =   75.4849 Mbps     0 retrans   2288 KB-cwnd
[2024-11-07T11:07:42.239782-0500]     1.8125 MB /   0.50 sec =   30.3552 Mbps     0 retrans   2288 KB-cwnd
[2024-11-07T11:07:42.738589-0500]     2.6250 MB /   0.50 sec =   44.1217 Mbps     0 retrans   2288 KB-cwnd
[2024-11-07T11:07:43.238617-0500]     5.3750 MB /   0.50 sec =   90.1837 Mbps     0 retrans   2288 KB-cwnd
[2024-11-07T11:07:43.738581-0500]     4.0625 MB /   0.50 sec =   68.1591 Mbps     0 retrans   2288 KB-cwnd
[2024-11-07T11:07:44.238706-0500]     4.1250 MB /   0.50 sec =   69.2057 Mbps     0 retrans   2288 KB-cwnd
[2024-11-07T11:07:44.738573-0500]     3.4375 MB /   0.50 sec =   57.6723 Mbps     0 retrans   2288 KB-cwnd
[2024-11-07T11:07:45.238558-0500]     5.6250 MB /   0.50 sec =   94.3647 Mbps     0 retrans   5229 KB-cwnd
[2024-11-07T11:07:45.738596-0500]     4.5625 MB /   0.50 sec =   76.5503 Mbps     0 retrans   5229 KB-cwnd
[2024-11-07T11:07:46.238579-0500]     5.8750 MB /   0.50 sec =   98.5669 Mbps     0 retrans   5229 KB-cwnd
[2024-11-07T11:07:46.738583-0500]     6.2500 MB /   0.50 sec =  104.8574 Mbps     0 retrans   5229 KB-cwnd
[2024-11-07T11:07:47.238644-0500]     4.4375 MB /   0.50 sec =   74.4406 Mbps     0 retrans   5229 KB-cwnd
[2024-11-07T11:07:47.738588-0500]     4.1875 MB /   0.50 sec =   70.2609 Mbps     0 retrans   5229 KB-cwnd
[2024-11-07T11:07:48.238571-0500]     2.9375 MB /   0.50 sec =   49.2845 Mbps     0 retrans   5229 KB-cwnd
[2024-11-07T11:07:48.738891-0500]     0.0000 MB /   0.50 sec =    0.0000 Mbps     0 retrans   5229 KB-cwnd
[2024-11-07T11:07:49.238676-0500]     2.6875 MB /   0.50 sec =   45.0866 Mbps     0 retrans   5229 KB-cwnd
[2024-11-07T11:07:49.738698-0500]     0.9375 MB /   0.50 sec =   15.7279 Mbps     0 retrans   5229 KB-cwnd
[2024-11-07T11:07:50.238603-0500]     2.8125 MB /   0.50 sec =   47.1944 Mbps     0 retrans   5229 KB-cwnd
[2024-11-07T11:07:50.738540-0500]     0.9375 MB /   0.50 sec =   15.7287 Mbps     0 retrans   5229 KB-cwnd
[2024-11-07T11:07:51.238607-0500]     2.6250 MB /   0.50 sec =   44.0388 Mbps     0 retrans   5229 KB-cwnd
[2024-11-07T11:07:51.738719-0500]     0.3125 MB /   0.50 sec =    5.2421 Mbps     0 retrans   5229 KB-cwnd
[2024-11-07T11:07:52.238696-0500]     0.0000 MB /   0.50 sec =    0.0000 Mbps     0 retrans   5229 KB-cwnd
[2024-11-07T11:07:52.738663-0500]     0.0000 MB /   0.50 sec =    0.0000 Mbps     0 retrans   5229 KB-cwnd
[2024-11-07T11:07:53.238684-0500]     1.5000 MB /   0.50 sec =   25.1642 Mbps     0 retrans   5229 KB-cwnd
[2024-11-07T11:07:53.738771-0500]     1.9375 MB /   0.50 sec =   32.5087 Mbps     0 retrans   5229 KB-cwnd
[2024-11-07T11:07:54.238634-0500]     2.1875 MB /   0.50 sec =   36.6995 Mbps     0 retrans   5229 KB-cwnd
[2024-11-07T11:07:54.738603-0500]     5.1250 MB /   0.50 sec =   85.9901 Mbps     0 retrans   5229 KB-cwnd
[2024-11-07T11:07:55.238640-0500]     0.8125 MB /   0.50 sec =   13.6308 Mbps     0 retrans   5229 KB-cwnd
[2024-11-07T11:07:55.738699-0500]     0.0000 MB /   0.50 sec =    0.0000 Mbps     0 retrans   5229 KB-cwnd
[2024-11-07T11:07:56.238740-0500]     0.0000 MB /   0.50 sec =    0.0000 Mbps     0 retrans   5229 KB-cwnd
[2024-11-07T11:07:56.738633-0500]     5.6250 MB /   0.50 sec =   94.3860 Mbps     0 retrans   5229 KB-cwnd
[2024-11-07T11:07:57.238644-0500]     0.0625 MB /   0.50 sec =    1.0486 Mbps     0 retrans   5229 KB-cwnd
[2024-11-07T11:07:57.738899-0500]     0.0000 MB /   0.50 sec =    0.0000 Mbps     0 retrans   5229 KB-cwnd
[2024-11-07T11:07:58.238646-0500]     1.0625 MB /   0.50 sec =   17.8263 Mbps     0 retrans   5229 KB-cwnd
[2024-11-07T11:07:58.738650-0500]     0.0000 MB /   0.50 sec =    0.0000 Mbps     0 retrans   5229 KB-cwnd
[2024-11-07T11:07:59.238635-0500]     3.0000 MB /   0.50 sec =   50.3326 Mbps     0 retrans   5229 KB-cwnd
[2024-11-07T11:07:59.738543-0500]     0.0625 MB /   0.50 sec =    1.0486 Mbps     0 retrans   5229 KB-cwnd
[2024-11-07T11:08:00.238609-0500]     0.0000 MB /   0.50 sec =    0.0000 Mbps     0 retrans   5229 KB-cwnd
[2024-11-07T11:08:00.738571-0500]     4.6250 MB /   0.50 sec =   77.5976 Mbps     0 retrans   5229 KB-cwnd
[2024-11-07T11:08:01.238586-0500]     3.0625 MB /   0.50 sec =   51.3796 Mbps     0 retrans   5256 KB-cwnd
[2024-11-07T11:08:01.738726-0500]     0.4375 MB /   0.50 sec =    7.3392 Mbps     0 retrans   5256 KB-cwnd
[2024-11-07T11:08:02.238698-0500]     3.3125 MB /   0.50 sec =   55.5819 Mbps     0 retrans   5256 KB-cwnd
[2024-11-07T11:08:02.738602-0500]     1.9375 MB /   0.50 sec =   32.5051 Mbps     0 retrans   5256 KB-cwnd
[2024-11-07T11:08:03.238619-0500]     3.6875 MB /   0.50 sec =   61.8649 Mbps     0 retrans   5256 KB-cwnd
[2024-11-07T11:08:03.738572-0500]     3.9375 MB /   0.50 sec =   66.0628 Mbps     0 retrans   5256 KB-cwnd
[2024-11-07T11:08:04.238507-0500]     2.3125 MB /   0.50 sec =   38.7993 Mbps     0 retrans   5256 KB-cwnd
[2024-11-07T11:08:04.738665-0500]     3.3750 MB /   0.50 sec =   56.6127 Mbps     0 retrans   5256 KB-cwnd
[2024-11-07T11:08:05.238622-0500]     0.8750 MB /   0.50 sec =   14.6812 Mbps     0 retrans   5256 KB-cwnd
[2024-11-07T11:08:05.738638-0500]     0.0000 MB /   0.50 sec =    0.0000 Mbps     0 retrans   5256 KB-cwnd
[2024-11-07T11:08:06.238537-0500]     1.5000 MB /   0.50 sec =   25.1677 Mbps     0 retrans   5256 KB-cwnd
[2024-11-07T11:08:06.738626-0500]     1.5000 MB /   0.50 sec =   25.1645 Mbps     0 retrans   5256 KB-cwnd
[2024-11-07T11:08:07.238646-0500]     0.1250 MB /   0.50 sec =    2.0971 Mbps     0 retrans   5256 KB-cwnd
[2024-11-07T11:08:07.738640-0500]     1.4375 MB /   0.50 sec =   24.1166 Mbps     0 retrans   5256 KB-cwnd
[2024-11-07T11:08:08.238834-0500]     1.3125 MB /   0.50 sec =   22.0201 Mbps     0 retrans   5256 KB-cwnd
[2024-11-07T11:08:08.738633-0500]     0.0000 MB /   0.50 sec =    0.0000 Mbps     0 retrans   5256 KB-cwnd
[2024-11-07T11:08:09.238661-0500]     2.6250 MB /   0.50 sec =   44.0364 Mbps     0 retrans   5256 KB-cwnd
[2024-11-07T11:08:09.738588-0500]     3.3125 MB /   0.50 sec =   55.5830 Mbps     0 retrans   5256 KB-cwnd
[2024-11-07T11:08:10.238605-0500]     2.8125 MB /   0.50 sec =   47.1854 Mbps     0 retrans   5256 KB-cwnd
[2024-11-07T11:08:10.738578-0500]     1.1250 MB /   0.50 sec =   18.8747 Mbps     0 retrans   5256 KB-cwnd
[2024-11-07T11:08:11.238646-0500]     3.7500 MB /   0.50 sec =   62.9119 Mbps     0 retrans   5256 KB-cwnd
[2024-11-07T11:08:11.738585-0500]     4.1875 MB /   0.50 sec =   70.2581 Mbps     0 retrans   5256 KB-cwnd
[2024-11-07T11:08:12.238635-0500]     4.2500 MB /   0.50 sec =   71.3053 Mbps     0 retrans   5256 KB-cwnd
[2024-11-07T11:08:12.738578-0500]     4.4375 MB /   0.50 sec =   74.4461 Mbps     0 retrans   5256 KB-cwnd
[2024-11-07T11:08:13.238515-0500]     4.4375 MB /   0.50 sec =   74.4514 Mbps     0 retrans   5256 KB-cwnd
[2024-11-07T11:08:13.738574-0500]     3.0625 MB /   0.50 sec =   51.3788 Mbps     0 retrans   5256 KB-cwnd
[2024-11-07T11:08:14.238580-0500]     4.4375 MB /   0.50 sec =   74.4484 Mbps     0 retrans   5256 KB-cwnd
[2024-11-07T11:08:14.738743-0500]     0.6875 MB /   0.50 sec =   11.5317 Mbps     0 retrans   5256 KB-cwnd
[2024-11-07T11:08:15.238583-0500]     3.7500 MB /   0.50 sec =   62.9278 Mbps     0 retrans   5256 KB-cwnd
[2024-11-07T11:08:15.738648-0500]     3.4375 MB /   0.50 sec =   57.6741 Mbps     0 retrans   5256 KB-cwnd
[2024-11-07T11:08:16.238606-0500]     2.3125 MB /   0.50 sec =   38.7951 Mbps     0 retrans   5027 KB-cwnd
[2024-11-07T11:08:16.738628-0500]     4.0000 MB /   0.50 sec =   67.1039 Mbps     0 retrans   5027 KB-cwnd
[2024-11-07T11:08:17.238591-0500]     5.3125 MB /   0.50 sec =   89.1375 Mbps     0 retrans   5027 KB-cwnd
[2024-11-07T11:08:17.738529-0500]     5.3750 MB /   0.50 sec =   90.1804 Mbps     0 retrans   5027 KB-cwnd
[2024-11-07T11:08:18.238616-0500]     5.0625 MB /   0.50 sec =   84.9292 Mbps     0 retrans   5027 KB-cwnd
[2024-11-07T11:08:18.738580-0500]     5.0625 MB /   0.50 sec =   84.9381 Mbps     0 retrans   5027 KB-cwnd
[2024-11-07T11:08:19.238652-0500]     5.5000 MB /   0.50 sec =   92.2601 Mbps     0 retrans   5027 KB-cwnd
[2024-11-07T11:08:19.738580-0500]     6.0000 MB /   0.50 sec =  100.6790 Mbps     0 retrans   5027 KB-cwnd
[2024-11-07T11:08:20.238766-0500]     6.0000 MB /   0.50 sec =  100.6625 Mbps     0 retrans   5027 KB-cwnd
[2024-11-07T11:08:20.738573-0500]     5.8125 MB /   0.50 sec =   97.5185 Mbps     0 retrans   5027 KB-cwnd
[2024-11-07T11:08:21.238588-0500]     5.7500 MB /   0.50 sec =   96.4686 Mbps     0 retrans   5027 KB-cwnd
[2024-11-07T11:08:21.738584-0500]     5.7500 MB /   0.50 sec =   96.4684 Mbps     0 retrans   5027 KB-cwnd
[2024-11-07T11:08:22.238631-0500]     7.0625 MB /   0.50 sec =  118.4770 Mbps     0 retrans   5027 KB-cwnd
[2024-11-07T11:08:22.738588-0500]     6.8125 MB /   0.50 sec =  114.3078 Mbps     0 retrans   5027 KB-cwnd
[2024-11-07T11:08:23.238578-0500]     7.1875 MB /   0.50 sec =  120.5855 Mbps     0 retrans   5027 KB-cwnd
[2024-11-07T11:08:23.739555-0500]     6.1875 MB /   0.50 sec =  103.6161 Mbps     0 retrans   5027 KB-cwnd
[2024-11-07T11:08:24.238591-0500]     6.5000 MB /   0.50 sec =  109.2545 Mbps     0 retrans   5027 KB-cwnd
[2024-11-07T11:08:24.738581-0500]     6.1875 MB /   0.50 sec =  103.8074 Mbps     0 retrans   5027 KB-cwnd
End time: 1730995705009
