Start time: 1730595912737
[2024-11-02T19:05:13.645313-0600] nuttcp-r: v8.1.4: socket
[2024-11-02T19:05:13.645819-0600] nuttcp-r: buflen=65536, nstream=1, port=5379 tcp
[2024-11-02T19:05:13.645854-0600] nuttcp-r: interval reporting every 0.50 seconds
[2024-11-02T19:05:13.645880-0600] nuttcp-r: connect to 54.176.53.206 with RTT=81.240 ms af=inet
[2024-11-02T19:05:13.645907-0600] nuttcp-r: send window size = 2097152, receive window size = 6291456
[2024-11-02T19:05:13.645930-0600] nuttcp-r: available send window = 1572864, available receive window = 4718592
[2024-11-02T19:05:13.645953-0600]     0.6875 MB /   0.50 sec =   11.5333 Mbps     0 retrans
[2024-11-02T19:05:14.145304-0600]    20.3750 MB /   0.50 sec =  341.8447 Mbps     0 retrans
[2024-11-02T19:05:14.645266-0600]    27.5625 MB /   0.50 sec =  462.4183 Mbps     0 retrans
[2024-11-02T19:05:15.145452-0600]    36.0625 MB /   0.50 sec =  604.8832 Mbps     0 retrans
[2024-11-02T19:05:15.645337-0600]    36.0625 MB /   0.50 sec =  605.1760 Mbps     0 retrans
[2024-11-02T19:05:16.145377-0600]    34.7500 MB /   0.50 sec =  582.9360 Mbps     0 retrans
[2024-11-02T19:05:16.645277-0600]    45.3750 MB /   0.50 sec =  761.3652 Mbps     0 retrans
[2024-11-02T19:05:17.145257-0600]    40.5625 MB /   0.50 sec =  680.5354 Mbps     0 retrans
[2024-11-02T19:05:17.645247-0600]    38.3125 MB /   0.50 sec =  642.7604 Mbps     0 retrans
[2024-11-02T19:05:18.145274-0600]    30.5000 MB /   0.50 sec =  511.6775 Mbps     0 retrans
[2024-11-02T19:05:18.645273-0600]    39.8750 MB /   0.50 sec =  668.9928 Mbps     0 retrans
[2024-11-02T19:05:19.145233-0600]    40.4375 MB /   0.50 sec =  678.4897 Mbps     0 retrans
[2024-11-02T19:05:19.646055-0600]    40.8750 MB /   0.50 sec =  684.7375 Mbps     0 retrans
[2024-11-02T19:05:20.145269-0600]    42.8125 MB /   0.50 sec =  719.3435 Mbps     0 retrans
[2024-11-02T19:05:20.646104-0600]    45.5625 MB /   0.50 sec =  763.1192 Mbps     0 retrans
[2024-11-02T19:05:21.145459-0600]    40.8125 MB /   0.50 sec =  685.6993 Mbps     0 retrans
[2024-11-02T19:05:21.645290-0600]    35.2500 MB /   0.50 sec =  591.5459 Mbps     0 retrans
[2024-11-02T19:05:22.145288-0600]    36.6250 MB /   0.50 sec =  614.4410 Mbps     0 retrans
[2024-11-02T19:05:22.645267-0600]    42.6875 MB /   0.50 sec =  716.1932 Mbps     0 retrans
[2024-11-02T19:05:23.145272-0600]    38.8125 MB /   0.50 sec =  651.1553 Mbps     0 retrans
[2024-11-02T19:05:23.645300-0600]    36.5000 MB /   0.50 sec =  612.3782 Mbps     0 retrans
[2024-11-02T19:05:24.145401-0600]    11.1875 MB /   0.50 sec =  187.6865 Mbps     0 retrans
[2024-11-02T19:05:24.645255-0600]    36.6875 MB /   0.50 sec =  615.5535 Mbps     0 retrans
[2024-11-02T19:05:25.145339-0600]    35.5000 MB /   0.50 sec =  595.5757 Mbps     0 retrans
[2024-11-02T19:05:25.645252-0600]    35.1875 MB /   0.50 sec =  590.3577 Mbps     0 retrans
[2024-11-02T19:05:26.145347-0600]    40.5000 MB /   0.50 sec =  679.3916 Mbps     0 retrans
[2024-11-02T19:05:26.645320-0600]    38.3125 MB /   0.50 sec =  642.7938 Mbps     0 retrans
[2024-11-02T19:05:27.145248-0600]    38.0000 MB /   0.50 sec =  637.6158 Mbps     0 retrans
[2024-11-02T19:05:27.645289-0600]    37.9375 MB /   0.50 sec =  636.4614 Mbps     0 retrans
[2024-11-02T19:05:28.145255-0600]    37.0625 MB /   0.50 sec =  621.8304 Mbps     0 retrans
[2024-11-02T19:05:28.645406-0600]    38.9375 MB /   0.50 sec =  653.1283 Mbps     0 retrans
[2024-11-02T19:05:29.145270-0600]    33.6250 MB /   0.50 sec =  564.2479 Mbps     0 retrans
[2024-11-02T19:05:29.645912-0600]    35.6250 MB /   0.50 sec =  596.9004 Mbps     0 retrans
[2024-11-02T19:05:30.145322-0600]    33.0000 MB /   0.50 sec =  554.3810 Mbps     0 retrans
[2024-11-02T19:05:30.645306-0600]    31.9375 MB /   0.50 sec =  535.8202 Mbps     0 retrans
[2024-11-02T19:05:31.145257-0600]    32.8125 MB /   0.50 sec =  550.4936 Mbps     0 retrans
[2024-11-02T19:05:31.645282-0600]    32.3125 MB /   0.50 sec =  542.1105 Mbps     0 retrans
[2024-11-02T19:05:32.145270-0600]    33.9375 MB /   0.50 sec =  569.3859 Mbps     0 retrans
[2024-11-02T19:05:32.645293-0600]    35.5000 MB /   0.50 sec =  595.5685 Mbps     0 retrans
[2024-11-02T19:05:33.145264-0600]    31.0000 MB /   0.50 sec =  520.1114 Mbps     0 retrans
[2024-11-02T19:05:33.645275-0600]    40.3750 MB /   0.50 sec =  677.3693 Mbps     0 retrans
[2024-11-02T19:05:34.145612-0600]    34.4375 MB /   0.50 sec =  577.4212 Mbps     0 retrans
[2024-11-02T19:05:34.646144-0600]    16.0000 MB /   0.50 sec =  268.1276 Mbps     0 retrans
[2024-11-02T19:05:35.145316-0600]    41.6250 MB /   0.50 sec =  699.5408 Mbps     0 retrans
[2024-11-02T19:05:35.645290-0600]    38.1875 MB /   0.50 sec =  640.7004 Mbps     0 retrans
[2024-11-02T19:05:36.145271-0600]    38.9375 MB /   0.50 sec =  653.2785 Mbps     0 retrans
[2024-11-02T19:05:36.645317-0600]    38.3750 MB /   0.50 sec =  643.8038 Mbps     0 retrans
[2024-11-02T19:05:37.145289-0600]    40.4375 MB /   0.50 sec =  678.4110 Mbps     0 retrans
[2024-11-02T19:05:37.645340-0600]    41.8125 MB /   0.50 sec =  701.5479 Mbps     0 retrans
[2024-11-02T19:05:38.145370-0600]    41.3750 MB /   0.50 sec =  694.1351 Mbps     0 retrans
[2024-11-02T19:05:38.645252-0600]    39.5625 MB /   0.50 sec =  663.7645 Mbps     0 retrans
[2024-11-02T19:05:39.145247-0600]    36.7500 MB /   0.50 sec =  616.5738 Mbps     0 retrans
[2024-11-02T19:05:39.645288-0600]    40.5625 MB /   0.50 sec =  680.4959 Mbps     0 retrans
[2024-11-02T19:05:40.145421-0600]    39.0625 MB /   0.50 sec =  655.3036 Mbps     0 retrans
[2024-11-02T19:05:40.645287-0600]    39.3125 MB /   0.50 sec =  659.6163 Mbps     0 retrans
[2024-11-02T19:05:41.145358-0600]    35.5625 MB /   0.50 sec =  596.5252 Mbps     0 retrans
[2024-11-02T19:05:41.645271-0600]    38.3750 MB /   0.50 sec =  643.9545 Mbps     0 retrans
[2024-11-02T19:05:42.145365-0600]    35.1875 MB /   0.50 sec =  590.3223 Mbps     0 retrans
[2024-11-02T19:05:42.645284-0600]    28.0000 MB /   0.50 sec =  469.7827 Mbps     0 retrans
[2024-11-02T19:05:43.145328-0600]    30.0625 MB /   0.50 sec =  504.3318 Mbps     0 retrans
[2024-11-02T19:05:43.645258-0600]    27.7500 MB /   0.50 sec =  465.6134 Mbps     0 retrans
[2024-11-02T19:05:44.145264-0600]    28.8750 MB /   0.50 sec =  484.4295 Mbps     0 retrans
[2024-11-02T19:05:44.645275-0600]    12.7500 MB /   0.50 sec =  213.9061 Mbps     0 retrans
[2024-11-02T19:05:45.145247-0600]    29.3125 MB /   0.50 sec =  491.7871 Mbps     0 retrans
[2024-11-02T19:05:45.645273-0600]    33.3125 MB /   0.50 sec =  558.8977 Mbps     0 retrans
[2024-11-02T19:05:46.145306-0600]    22.0625 MB /   0.50 sec =  370.1370 Mbps     0 retrans
[2024-11-02T19:05:46.645328-0600]    35.0000 MB /   0.50 sec =  587.2307 Mbps     0 retrans
[2024-11-02T19:05:47.145245-0600]    24.2500 MB /   0.50 sec =  406.8426 Mbps     0 retrans
[2024-11-02T19:05:47.645293-0600]    21.6250 MB /   0.50 sec =  362.7986 Mbps     0 retrans
[2024-11-02T19:05:48.145244-0600]    26.2500 MB /   0.50 sec =  440.4090 Mbps     0 retrans
[2024-11-02T19:05:48.645298-0600]    27.5000 MB /   0.50 sec =  461.3596 Mbps     0 retrans
[2024-11-02T19:05:49.145283-0600]    29.8750 MB /   0.50 sec =  501.2344 Mbps     0 retrans
[2024-11-02T19:05:49.645300-0600]    27.3125 MB /   0.50 sec =  458.2231 Mbps     0 retrans
[2024-11-02T19:05:50.145285-0600]    24.3125 MB /   0.50 sec =  407.8977 Mbps     0 retrans
[2024-11-02T19:05:50.645350-0600]    26.0000 MB /   0.50 sec =  436.1370 Mbps     0 retrans
[2024-11-02T19:05:51.145310-0600]    28.1250 MB /   0.50 sec =  471.9309 Mbps     0 retrans
[2024-11-02T19:05:51.645225-0600]    28.3125 MB /   0.50 sec =  475.0192 Mbps     0 retrans
[2024-11-02T19:05:52.145272-0600]    27.5625 MB /   0.50 sec =  462.4081 Mbps     0 retrans
[2024-11-02T19:05:52.645316-0600]    27.0000 MB /   0.50 sec =  452.9785 Mbps     0 retrans
[2024-11-02T19:05:53.145300-0600]    26.0000 MB /   0.50 sec =  436.2094 Mbps     0 retrans
[2024-11-02T19:05:53.645303-0600]    23.4375 MB /   0.50 sec =  393.2113 Mbps     0 retrans
[2024-11-02T19:05:54.145333-0600]    24.0625 MB /   0.50 sec =  403.7163 Mbps     0 retrans
[2024-11-02T19:05:54.645491-0600]    20.7500 MB /   0.50 sec =  347.9797 Mbps     0 retrans
[2024-11-02T19:05:55.145337-0600]     8.6875 MB /   0.50 sec =  145.8031 Mbps     0 retrans
[2024-11-02T19:05:55.645527-0600]    27.3750 MB /   0.50 sec =  459.1239 Mbps     0 retrans
[2024-11-02T19:05:56.145321-0600]    27.6875 MB /   0.50 sec =  464.6790 Mbps     0 retrans
[2024-11-02T19:05:56.645410-0600]    30.0000 MB /   0.50 sec =  503.3477 Mbps     0 retrans
[2024-11-02T19:05:57.145265-0600]    33.7500 MB /   0.50 sec =  566.2276 Mbps     0 retrans
[2024-11-02T19:05:57.645281-0600]    32.8125 MB /   0.50 sec =  550.5068 Mbps     0 retrans
[2024-11-02T19:05:58.145237-0600]    34.4375 MB /   0.50 sec =  577.7712 Mbps     0 retrans
[2024-11-02T19:05:58.645304-0600]    34.8125 MB /   0.50 sec =  584.0078 Mbps     0 retrans
[2024-11-02T19:05:59.145255-0600]    27.3125 MB /   0.50 sec =  458.2570 Mbps     0 retrans
[2024-11-02T19:05:59.645293-0600]    37.3125 MB /   0.50 sec =  625.9848 Mbps     0 retrans
[2024-11-02T19:06:00.145245-0600]    36.6875 MB /   0.50 sec =  615.5350 Mbps     0 retrans
[2024-11-02T19:06:00.645376-0600]    39.0625 MB /   0.50 sec =  655.2905 Mbps     0 retrans
[2024-11-02T19:06:01.145579-0600]    35.8750 MB /   0.50 sec =  601.8802 Mbps     0 retrans
[2024-11-02T19:06:01.645380-0600]    37.8125 MB /   0.50 sec =  634.3745 Mbps     0 retrans
[2024-11-02T19:06:02.145282-0600]    38.1250 MB /   0.50 sec =  639.6902 Mbps     0 retrans
[2024-11-02T19:06:02.645343-0600]    35.1250 MB /   0.50 sec =  589.3150 Mbps     0 retrans
[2024-11-02T19:06:03.145264-0600]    40.5625 MB /   0.50 sec =  680.5408 Mbps     0 retrans
[2024-11-02T19:06:03.645287-0600]    41.1875 MB /   0.50 sec =  690.9950 Mbps     0 retrans
[2024-11-02T19:06:04.145247-0600]    40.1250 MB /   0.50 sec =  673.2195 Mbps     0 retrans
[2024-11-02T19:06:04.645285-0600]    40.9375 MB /   0.50 sec =  686.8063 Mbps     0 retrans
[2024-11-02T19:06:05.145280-0600]    40.5625 MB /   0.50 sec =  680.5204 Mbps     0 retrans
[2024-11-02T19:06:05.646583-0600]    36.5625 MB /   0.50 sec =  611.9703 Mbps     0 retrans
[2024-11-02T19:06:06.145276-0600]    35.5000 MB /   0.50 sec =  596.9893 Mbps     0 retrans
[2024-11-02T19:06:06.645514-0600]    26.9375 MB /   0.50 sec =  451.7248 Mbps     0 retrans
[2024-11-02T19:06:07.145295-0600]    36.5000 MB /   0.50 sec =  612.6551 Mbps     0 retrans
[2024-11-02T19:06:07.645300-0600]    33.4375 MB /   0.50 sec =  560.9792 Mbps     0 retrans
[2024-11-02T19:06:08.146472-0600]    26.7500 MB /   0.50 sec =  447.7249 Mbps     0 retrans
[2024-11-02T19:06:08.645268-0600]    19.1875 MB /   0.50 sec =  322.6866 Mbps     0 retrans
[2024-11-02T19:06:09.145259-0600]    30.0000 MB /   0.50 sec =  503.3195 Mbps     0 retrans
[2024-11-02T19:06:09.645334-0600]    29.0625 MB /   0.50 sec =  487.5781 Mbps     0 retrans
[2024-11-02T19:06:10.145268-0600]    30.1250 MB /   0.50 sec =  505.4167 Mbps     0 retrans
[2024-11-02T19:06:10.645262-0600]    30.6250 MB /   0.50 sec =  513.8002 Mbps     0 retrans
[2024-11-02T19:06:11.145327-0600]    33.0625 MB /   0.50 sec =  554.7067 Mbps     0 retrans
[2024-11-02T19:06:11.645575-0600]    36.3125 MB /   0.50 sec =  608.9109 Mbps     0 retrans
[2024-11-02T19:06:12.145240-0600]    35.7500 MB /   0.50 sec =  600.1059 Mbps     0 retrans
[2024-11-02T19:06:12.645283-0600]    35.0625 MB /   0.50 sec =  588.2300 Mbps     0 retrans
[2024-11-02T19:06:13.145279-0600]    36.2500 MB /   0.50 sec =  608.1789 Mbps     0 retrans
[2024-11-02T19:06:13.645370-0600]    27.1875 MB /   0.50 sec =  456.0904 Mbps     0 retrans
[2024-11-02T19:06:14.145247-0600]    35.1250 MB /   0.50 sec =  589.3634 Mbps     0 retrans
[2024-11-02T19:06:14.645282-0600]    18.6250 MB /   0.50 sec =  312.4738 Mbps     0 retrans
[2024-11-02T19:06:15.145262-0600]    39.1875 MB /   0.50 sec =  657.4506 Mbps     0 retrans
[2024-11-02T19:06:15.645469-0600]    32.5000 MB /   0.50 sec =  545.2235 Mbps     0 retrans
[2024-11-02T19:06:16.145267-0600]    32.2500 MB /   0.50 sec =  541.0955 Mbps     0 retrans
[2024-11-02T19:06:16.645321-0600]    33.0000 MB /   0.50 sec =  553.6315 Mbps     0 retrans
[2024-11-02T19:06:17.145242-0600]    33.6250 MB /   0.50 sec =  564.1610 Mbps     0 retrans
[2024-11-02T19:06:17.645274-0600]    32.0000 MB /   0.50 sec =  536.8580 Mbps     0 retrans
[2024-11-02T19:06:18.145247-0600]    32.6875 MB /   0.50 sec =  548.4239 Mbps     0 retrans
[2024-11-02T19:06:18.645238-0600]    11.5000 MB /   0.50 sec =  192.9361 Mbps     0 retrans
[2024-11-02T19:06:19.145282-0600]    29.6875 MB /   0.50 sec =  498.0597 Mbps     0 retrans
[2024-11-02T19:06:19.645278-0600]    32.3125 MB /   0.50 sec =  542.1062 Mbps     0 retrans
[2024-11-02T19:06:20.145430-0600]    35.6250 MB /   0.50 sec =  597.7039 Mbps     0 retrans
[2024-11-02T19:06:20.645310-0600]    38.8750 MB /   0.50 sec =  652.1817 Mbps     0 retrans
[2024-11-02T19:06:21.145285-0600]    37.5000 MB /   0.50 sec =  629.1594 Mbps     0 retrans
[2024-11-02T19:06:21.645284-0600]    34.6875 MB /   0.50 sec =  581.9748 Mbps     0 retrans
[2024-11-02T19:06:22.145334-0600]    25.3750 MB /   0.50 sec =  425.7219 Mbps     0 retrans
[2024-11-02T19:06:22.645368-0600]    31.5000 MB /   0.50 sec =  528.4379 Mbps     0 retrans
[2024-11-02T19:06:23.145396-0600]    18.3750 MB /   0.50 sec =  308.2733 Mbps     0 retrans
[2024-11-02T19:06:23.645304-0600]     6.0000 MB /   0.50 sec =  100.6738 Mbps     0 retrans
[2024-11-02T19:06:24.145285-0600]    13.6250 MB /   0.50 sec =  228.5859 Mbps     0 retrans
[2024-11-02T19:06:24.645331-0600]     0.0000 MB /   0.50 sec =    0.0000 Mbps     0 retrans
[2024-11-02T19:06:25.145269-0600]    24.8125 MB /   0.50 sec =  416.2955 Mbps     0 retrans
[2024-11-02T19:06:25.645270-0600]    17.8750 MB /   0.50 sec =  299.8951 Mbps     0 retrans
[2024-11-02T19:06:26.145373-0600]    11.0000 MB /   0.50 sec =  184.5468 Mbps     0 retrans
[2024-11-02T19:06:26.645375-0600]    18.5000 MB /   0.50 sec =  310.3406 Mbps     0 retrans
[2024-11-02T19:06:27.145238-0600]    20.8125 MB /   0.50 sec =  349.2380 Mbps     0 retrans
[2024-11-02T19:06:27.645314-0600]    19.5000 MB /   0.50 sec =  327.1210 Mbps     0 retrans
[2024-11-02T19:06:28.145248-0600]    20.5625 MB /   0.50 sec =  345.0126 Mbps     0 retrans
[2024-11-02T19:06:28.645323-0600]    20.4375 MB /   0.50 sec =  342.8700 Mbps     0 retrans
[2024-11-02T19:06:29.145269-0600]    18.7500 MB /   0.50 sec =  314.5810 Mbps     0 retrans
[2024-11-02T19:06:29.645323-0600]    19.2500 MB /   0.50 sec =  322.9375 Mbps     0 retrans
[2024-11-02T19:06:30.145273-0600]    20.3750 MB /   0.50 sec =  341.8549 Mbps     0 retrans
[2024-11-02T19:06:30.645264-0600]    19.8125 MB /   0.50 sec =  332.4032 Mbps     0 retrans
[2024-11-02T19:06:31.145374-0600]    23.3125 MB /   0.50 sec =  391.1204 Mbps     0 retrans
[2024-11-02T19:06:31.645263-0600]    22.1250 MB /   0.50 sec =  371.1996 Mbps     0 retrans
[2024-11-02T19:06:32.145273-0600]    20.5625 MB /   0.50 sec =  344.9767 Mbps     0 retrans
[2024-11-02T19:06:32.645273-0600]    16.8750 MB /   0.50 sec =  283.1167 Mbps     0 retrans
[2024-11-02T19:06:33.145302-0600]    12.9375 MB /   0.50 sec =  217.0392 Mbps     0 retrans
[2024-11-02T19:06:33.645321-0600]    21.0625 MB /   0.50 sec =  353.3722 Mbps     0 retrans
[2024-11-02T19:06:34.145345-0600]    12.0000 MB /   0.50 sec =  201.3125 Mbps     0 retrans
[2024-11-02T19:06:34.645337-0600]    14.6250 MB /   0.50 sec =  245.4056 Mbps     0 retrans
[2024-11-02T19:06:35.145273-0600]     7.8125 MB /   0.50 sec =  131.0657 Mbps     0 retrans
[2024-11-02T19:06:35.645615-0600]    15.3125 MB /   0.50 sec =  256.7599 Mbps     0 retrans
[2024-11-02T19:06:36.145310-0600]     5.5625 MB /   0.50 sec =   93.3724 Mbps     0 retrans
[2024-11-02T19:06:36.645842-0600]    13.0625 MB /   0.50 sec =  218.9903 Mbps     0 retrans
[2024-11-02T19:06:37.145341-0600]    15.7500 MB /   0.50 sec =  264.4448 Mbps     0 retrans
[2024-11-02T19:06:37.645403-0600]    15.3125 MB /   0.50 sec =  256.8713 Mbps     0 retrans
[2024-11-02T19:06:38.145322-0600]    17.0000 MB /   0.50 sec =  285.2418 Mbps     0 retrans
[2024-11-02T19:06:38.645400-0600]    16.7500 MB /   0.50 sec =  280.9970 Mbps     0 retrans
[2024-11-02T19:06:39.145385-0600]    19.0000 MB /   0.50 sec =  318.7639 Mbps     0 retrans
[2024-11-02T19:06:39.645319-0600]    20.3750 MB /   0.50 sec =  341.8741 Mbps     0 retrans
[2024-11-02T19:06:40.145559-0600]    18.3125 MB /   0.50 sec =  307.0933 Mbps     0 retrans
[2024-11-02T19:06:40.645327-0600]    18.8125 MB /   0.50 sec =  315.7609 Mbps     0 retrans
[2024-11-02T19:06:41.145243-0600]    20.9375 MB /   0.50 sec =  351.2898 Mbps     0 retrans
[2024-11-02T19:06:41.645394-0600]    20.7500 MB /   0.50 sec =  348.0806 Mbps     0 retrans
[2024-11-02T19:06:42.145450-0600]    22.3125 MB /   0.50 sec =  374.3633 Mbps     0 retrans
[2024-11-02T19:06:42.645472-0600]    25.1875 MB /   0.50 sec =  422.4274 Mbps     0 retrans
[2024-11-02T19:06:43.146054-0600]    26.5000 MB /   0.50 sec =  444.1467 Mbps     0 retrans
[2024-11-02T19:06:43.645558-0600]    27.4375 MB /   0.50 sec =  460.9804 Mbps     0 retrans
[2024-11-02T19:06:44.145553-0600]    16.4375 MB /   0.50 sec =  275.7259 Mbps     0 retrans
[2024-11-02T19:06:44.645411-0600]    32.1250 MB /   0.50 sec =  539.0748 Mbps     0 retrans
[2024-11-02T19:06:45.145385-0600]    28.2500 MB /   0.50 sec =  473.8995 Mbps     0 retrans
[2024-11-02T19:06:45.645468-0600]    21.6875 MB /   0.50 sec =  363.8122 Mbps     0 retrans
[2024-11-02T19:06:46.145524-0600]    12.3750 MB /   0.50 sec =  207.5977 Mbps     0 retrans
[2024-11-02T19:06:46.645469-0600]    15.5000 MB /   0.50 sec =  260.0775 Mbps     0 retrans
[2024-11-02T19:06:47.145463-0600]    21.8750 MB /   0.50 sec =  367.0001 Mbps     0 retrans
[2024-11-02T19:06:47.645526-0600]    21.0625 MB /   0.50 sec =  353.3468 Mbps     0 retrans
[2024-11-02T19:06:48.145460-0600]    18.5000 MB /   0.50 sec =  310.3847 Mbps     0 retrans
[2024-11-02T19:06:48.645527-0600]    19.1250 MB /   0.50 sec =  320.8399 Mbps     0 retrans
[2024-11-02T19:06:49.145506-0600]    19.1250 MB /   0.50 sec =  320.9381 Mbps     0 retrans
[2024-11-02T19:06:49.645433-0600]    19.0625 MB /   0.50 sec =  319.8010 Mbps     0 retrans
[2024-11-02T19:06:50.145496-0600]    17.1250 MB /   0.50 sec =  287.2587 Mbps     0 retrans
[2024-11-02T19:06:50.645561-0600]    20.8125 MB /   0.50 sec =  349.2708 Mbps     0 retrans
[2024-11-02T19:06:51.145538-0600]    14.8750 MB /   0.50 sec =  249.4818 Mbps     0 retrans
[2024-11-02T19:06:51.645439-0600]    25.7500 MB /   0.50 sec =  432.1101 Mbps     0 retrans
[2024-11-02T19:06:52.145418-0600]    19.5625 MB /   0.50 sec =  328.2181 Mbps     0 retrans
[2024-11-02T19:06:52.645842-0600]    21.0625 MB /   0.50 sec =  353.1752 Mbps     0 retrans
[2024-11-02T19:06:53.145808-0600]    22.1250 MB /   0.50 sec =  371.1061 Mbps     0 retrans
[2024-11-02T19:06:53.645551-0600]    17.6250 MB /   0.50 sec =  295.8475 Mbps     0 retrans
[2024-11-02T19:06:54.145416-0600]    25.6875 MB /   0.50 sec =  431.0811 Mbps     0 retrans
[2024-11-02T19:06:54.645591-0600]    22.4375 MB /   0.50 sec =  376.3327 Mbps     0 retrans
[2024-11-02T19:06:55.145456-0600]    25.5000 MB /   0.50 sec =  427.9174 Mbps     0 retrans
[2024-11-02T19:06:55.645588-0600]    27.0000 MB /   0.50 sec =  453.0555 Mbps     0 retrans
[2024-11-02T19:06:56.145514-0600]    26.5000 MB /   0.50 sec =  444.5864 Mbps     0 retrans
[2024-11-02T19:06:56.645847-0600]    24.4375 MB /   0.50 sec =  409.6246 Mbps     0 retrans
[2024-11-02T19:06:57.145547-0600]    25.1875 MB /   0.50 sec =  422.8391 Mbps     0 retrans
[2024-11-02T19:06:57.645401-0600]    23.8750 MB /   0.50 sec =  400.6378 Mbps     0 retrans
[2024-11-02T19:06:58.145466-0600]    30.6875 MB /   0.50 sec =  514.7901 Mbps     0 retrans
[2024-11-02T19:06:58.645473-0600]    27.3125 MB /   0.50 sec =  458.2378 Mbps     0 retrans
[2024-11-02T19:06:59.145981-0600]    26.6875 MB /   0.50 sec =  447.4216 Mbps     0 retrans
[2024-11-02T19:06:59.645444-0600]    23.0000 MB /   0.50 sec =  386.1811 Mbps     0 retrans
[2024-11-02T19:07:00.145512-0600]    16.6250 MB /   0.50 sec =  278.8727 Mbps     0 retrans
[2024-11-02T19:07:00.645481-0600]    28.3125 MB /   0.50 sec =  475.0401 Mbps     0 retrans
[2024-11-02T19:07:01.145543-0600]    21.3125 MB /   0.50 sec =  357.6445 Mbps     0 retrans
[2024-11-02T19:07:01.645352-0600]    22.1875 MB /   0.50 sec =  372.2207 Mbps     0 retrans
[2024-11-02T19:07:02.145532-0600]    22.1250 MB /   0.50 sec =  371.1016 Mbps     0 retrans
[2024-11-02T19:07:02.645522-0600]    18.8750 MB /   0.50 sec =  316.6985 Mbps     0 retrans
[2024-11-02T19:07:03.145665-0600]    22.3750 MB /   0.50 sec =  375.2139 Mbps     0 retrans
[2024-11-02T19:07:03.645838-0600]    21.1875 MB /   0.50 sec =  355.3869 Mbps     0 retrans
[2024-11-02T19:07:04.145818-0600]    21.1875 MB /   0.50 sec =  355.4801 Mbps     0 retrans
[2024-11-02T19:07:04.645610-0600]    21.3125 MB /   0.50 sec =  357.7662 Mbps     0 retrans
[2024-11-02T19:07:05.145838-0600]    22.3750 MB /   0.50 sec =  375.1779 Mbps     0 retrans
[2024-11-02T19:07:05.645386-0600]    22.5000 MB /   0.50 sec =  377.7866 Mbps     0 retrans
[2024-11-02T19:07:06.145456-0600]    20.6250 MB /   0.50 sec =  345.9982 Mbps     0 retrans
[2024-11-02T19:07:06.645830-0600]    20.0625 MB /   0.50 sec =  336.3628 Mbps     0 retrans
[2024-11-02T19:07:07.145528-0600]    20.3125 MB /   0.50 sec =  340.9979 Mbps     0 retrans
[2024-11-02T19:07:07.645467-0600]    19.0000 MB /   0.50 sec =  318.7843 Mbps     0 retrans
[2024-11-02T19:07:08.145410-0600]    19.0625 MB /   0.50 sec =  319.8457 Mbps     0 retrans
[2024-11-02T19:07:08.645636-0600]     6.3125 MB /   0.50 sec =  105.8971 Mbps     0 retrans
[2024-11-02T19:07:09.145471-0600]    19.4375 MB /   0.50 sec =  326.1045 Mbps     0 retrans
[2024-11-02T19:07:09.645379-0600]    20.0000 MB /   0.50 sec =  335.5832 Mbps     0 retrans
[2024-11-02T19:07:10.145421-0600]    22.6875 MB /   0.50 sec =  380.6772 Mbps     0 retrans
[2024-11-02T19:07:10.645839-0600]    24.8750 MB /   0.50 sec =  416.9338 Mbps     0 retrans
[2024-11-02T19:07:11.145434-0600]    23.2500 MB /   0.50 sec =  390.3615 Mbps     0 retrans
[2024-11-02T19:07:11.645935-0600]    27.0000 MB /   0.50 sec =  452.6110 Mbps     0 retrans
[2024-11-02T19:07:12.145392-0600]    30.0000 MB /   0.50 sec =  503.7820 Mbps     0 retrans
[2024-11-02T19:07:12.645505-0600]    32.1250 MB /   0.50 sec =  538.8624 Mbps     0 retrans
[2024-11-02T19:07:13.145248-0600]    35.9375 MB /   0.50 sec =  603.1170 Mbps     0 retrans
[2024-11-02T19:07:13.645584-0600]    20.6875 MB /   0.50 sec =  346.9274 Mbps     0 retrans
End time: 1730596033867
