Start time: 1730758417818
[2024-11-04T16:13:42.935277-0600] traceroute to 54.176.53.206 (54.176.53.206), 30 hops max, 60 byte packets
[2024-11-04T16:13:42.938909-0600]  1  * * *
[2024-11-04T16:13:42.939270-0600]  2  * * *
[2024-11-04T16:13:42.939390-0600]  3  * * *
[2024-11-04T16:13:42.949867-0600]  4  * * *
[2024-11-04T16:13:42.950000-0600]  5  * * *
[2024-11-04T16:13:47.943159-0600]  6  * * *
[2024-11-04T16:13:47.948182-0600]  7  * * *
[2024-11-04T16:13:47.948330-0600]  8  * * *
[2024-11-04T16:13:47.951982-0600]  9  * * *
[2024-11-04T16:13:47.954807-0600] 10  * * *
[2024-11-04T16:13:52.950714-0600] 11  * * *
[2024-11-04T16:13:52.951185-0600] 12  * * *
[2024-11-04T16:13:52.951332-0600] 13  * * *
[2024-11-04T16:13:52.962110-0600] 14  * * *
[2024-11-04T16:13:52.962460-0600] 15  * * *
[2024-11-04T16:13:57.959054-0600] 16  * * *
[2024-11-04T16:13:57.959235-0600] 17  * * *
[2024-11-04T16:13:57.961534-0600] 18  * * *
[2024-11-04T16:13:57.964631-0600] 19  * * *
[2024-11-04T16:13:57.968619-0600] 20  * * *
[2024-11-04T16:13:57.971204-0600] 21  * * *
[2024-11-04T16:14:02.965952-0600] 22  * * *
[2024-11-04T16:14:02.966268-0600] 23  * * *
[2024-11-04T16:14:02.966362-0600] 24  * * *
[2024-11-04T16:14:02.972965-0600] 25  * * *
[2024-11-04T16:14:02.973047-0600] 26  * * *
[2024-11-04T16:14:07.927607-0600] 27  * *End time: 1730758448010
