Start time: 1730666289409
[2024-11-03T13:38:10.533060-0700] nuttcp-r: v8.1.4: socket
[2024-11-03T13:38:10.533943-0700] nuttcp-r: buflen=65536, nstream=1, port=5379 tcp
[2024-11-03T13:38:10.534046-0700] nuttcp-r: interval reporting every 0.50 seconds
[2024-11-03T13:38:10.534132-0700] nuttcp-r: connect to 54.176.53.206 with RTT=91.672 ms af=inet
[2024-11-03T13:38:10.534211-0700] nuttcp-r: send window size = 2097152, receive window size = 6291456
[2024-11-03T13:38:10.534286-0700] nuttcp-r: available send window = 1572864, available receive window = 4718592
[2024-11-03T13:38:10.534359-0700]     0.1250 MB /   0.50 sec =    2.0967 Mbps     0 retrans
[2024-11-03T13:38:11.033525-0700]     0.1875 MB /   0.50 sec =    3.1458 Mbps     0 retrans
[2024-11-03T13:38:11.532972-0700]     0.1250 MB /   0.50 sec =    2.0973 Mbps     0 retrans
[2024-11-03T13:38:12.033537-0700]     0.1875 MB /   0.50 sec =    3.1457 Mbps     0 retrans
[2024-11-03T13:38:12.533320-0700]     0.1875 MB /   0.50 sec =    3.1452 Mbps     0 retrans
[2024-11-03T13:38:13.033162-0700]     0.2500 MB /   0.50 sec =    4.1939 Mbps     0 retrans
[2024-11-03T13:38:13.533000-0700]     0.2500 MB /   0.50 sec =    4.1953 Mbps     0 retrans
[2024-11-03T13:38:14.033035-0700]     0.2500 MB /   0.50 sec =    4.1939 Mbps     0 retrans
[2024-11-03T13:38:14.532960-0700]     0.2500 MB /   0.50 sec =    4.1949 Mbps     0 retrans
[2024-11-03T13:38:15.032881-0700]     0.3125 MB /   0.50 sec =    5.2432 Mbps     0 retrans
[2024-11-03T13:38:15.532940-0700]     0.3125 MB /   0.50 sec =    5.2426 Mbps     0 retrans
[2024-11-03T13:38:16.032998-0700]     0.2500 MB /   0.50 sec =    4.1939 Mbps     0 retrans
[2024-11-03T13:38:16.532937-0700]     0.2500 MB /   0.50 sec =    4.1948 Mbps     0 retrans
[2024-11-03T13:38:17.032905-0700]     0.1875 MB /   0.50 sec =    3.1456 Mbps     0 retrans
[2024-11-03T13:38:17.533129-0700]     0.0625 MB /   0.50 sec =    1.0483 Mbps     0 retrans
[2024-11-03T13:38:18.033031-0700]     0.1875 MB /   0.50 sec =    3.1468 Mbps     0 retrans
[2024-11-03T13:38:18.533674-0700]     0.1250 MB /   0.50 sec =    2.0949 Mbps     0 retrans
[2024-11-03T13:38:19.034059-0700]     0.0625 MB /   0.50 sec =    1.0474 Mbps     0 retrans
[2024-11-03T13:38:19.533203-0700]     0.0625 MB /   0.50 sec =    1.0504 Mbps     0 retrans
[2024-11-03T13:38:20.034074-0700]     0.1250 MB /   0.50 sec =    2.0934 Mbps     0 retrans
[2024-11-03T13:38:20.532951-0700]     0.2500 MB /   0.50 sec =    4.2034 Mbps     0 retrans
[2024-11-03T13:38:21.032945-0700]     0.0625 MB /   0.50 sec =    1.0486 Mbps     0 retrans
[2024-11-03T13:38:21.532993-0700]     0.1875 MB /   0.50 sec =    3.1455 Mbps     0 retrans
[2024-11-03T13:38:22.032993-0700]     0.1875 MB /   0.50 sec =    3.1456 Mbps     0 retrans
[2024-11-03T13:38:22.532942-0700]     0.1250 MB /   0.50 sec =    2.0974 Mbps     0 retrans
[2024-11-03T13:38:23.033287-0700]     0.0625 MB /   0.50 sec =    1.0481 Mbps     0 retrans
[2024-11-03T13:38:23.533286-0700]     0.0000 MB /   0.50 sec =    0.0000 Mbps     0 retrans
[2024-11-03T13:38:24.034451-0700]     0.1250 MB /   0.50 sec =    2.0921 Mbps     0 retrans
[2024-11-03T13:38:24.533605-0700]     0.0625 MB /   0.50 sec =    1.0504 Mbps     0 retrans
[2024-11-03T13:38:25.032919-0700]     0.2500 MB /   0.50 sec =    4.1993 Mbps     0 retrans
[2024-11-03T13:38:25.533482-0700]     0.2500 MB /   0.50 sec =    4.1900 Mbps     0 retrans
[2024-11-03T13:38:26.033035-0700]     0.2500 MB /   0.50 sec =    4.1980 Mbps     0 retrans
[2024-11-03T13:38:26.532929-0700]     0.2500 MB /   0.50 sec =    4.1949 Mbps     0 retrans
[2024-11-03T13:38:27.032960-0700]     0.1875 MB /   0.50 sec =    3.1456 Mbps     0 retrans
[2024-11-03T13:38:27.532881-0700]     0.1250 MB /   0.50 sec =    2.0973 Mbps     0 retrans
[2024-11-03T13:38:28.032896-0700]     0.3750 MB /   0.50 sec =    6.2912 Mbps     0 retrans
[2024-11-03T13:38:28.532951-0700]     0.2500 MB /   0.50 sec =    4.1944 Mbps     0 retrans
[2024-11-03T13:38:29.033067-0700]     0.3750 MB /   0.50 sec =    6.2913 Mbps     0 retrans
[2024-11-03T13:38:29.532939-0700]     0.3125 MB /   0.50 sec =    5.2430 Mbps     0 retrans
[2024-11-03T13:38:30.032992-0700]     0.3750 MB /   0.50 sec =    6.2911 Mbps     0 retrans
[2024-11-03T13:38:30.532966-0700]     0.4375 MB /   0.50 sec =    7.3404 Mbps     0 retrans
[2024-11-03T13:38:31.032978-0700]     0.2500 MB /   0.50 sec =    4.1941 Mbps     0 retrans
[2024-11-03T13:38:31.532958-0700]     0.5000 MB /   0.50 sec =    8.3891 Mbps     0 retrans
[2024-11-03T13:38:32.032956-0700]     0.5000 MB /   0.50 sec =    8.3884 Mbps     0 retrans
[2024-11-03T13:38:32.532951-0700]     0.5000 MB /   0.50 sec =    8.3886 Mbps     0 retrans
[2024-11-03T13:38:33.033007-0700]     0.5625 MB /   0.50 sec =    9.4361 Mbps     0 retrans
[2024-11-03T13:38:33.532949-0700]     0.5625 MB /   0.50 sec =    9.4384 Mbps     0 retrans
[2024-11-03T13:38:34.032952-0700]     0.5625 MB /   0.50 sec =    9.4371 Mbps     0 retrans
[2024-11-03T13:38:34.532967-0700]     0.5625 MB /   0.50 sec =    9.4372 Mbps     0 retrans
[2024-11-03T13:38:35.032947-0700]     0.6875 MB /   0.50 sec =   11.5345 Mbps     0 retrans
[2024-11-03T13:38:35.532918-0700]     0.5625 MB /   0.50 sec =    9.4374 Mbps     0 retrans
[2024-11-03T13:38:36.032943-0700]     0.6875 MB /   0.50 sec =   11.5342 Mbps     0 retrans
[2024-11-03T13:38:36.532979-0700]     0.6875 MB /   0.50 sec =   11.5340 Mbps     0 retrans
[2024-11-03T13:38:37.032973-0700]     0.5000 MB /   0.50 sec =    8.3886 Mbps     0 retrans
[2024-11-03T13:38:37.532970-0700]     0.4375 MB /   0.50 sec =    7.3398 Mbps     0 retrans
[2024-11-03T13:38:38.034023-0700]     0.4375 MB /   0.50 sec =    7.3332 Mbps     0 retrans
[2024-11-03T13:38:38.532971-0700]     0.1875 MB /   0.50 sec =    3.1487 Mbps     0 retrans
[2024-11-03T13:38:39.033040-0700]     0.0625 MB /   0.50 sec =    1.0484 Mbps     0 retrans
[2024-11-03T13:38:39.532928-0700]     0.3750 MB /   0.50 sec =    6.2927 Mbps     0 retrans
[2024-11-03T13:38:40.032967-0700]     0.5000 MB /   0.50 sec =    8.3882 Mbps     0 retrans
[2024-11-03T13:38:40.532955-0700]     0.5625 MB /   0.50 sec =    9.4374 Mbps     0 retrans
[2024-11-03T13:38:41.033027-0700]     0.5625 MB /   0.50 sec =    9.4380 Mbps     0 retrans
[2024-11-03T13:38:41.532946-0700]     0.6250 MB /   0.50 sec =   10.4850 Mbps     0 retrans
[2024-11-03T13:38:42.032978-0700]     0.6250 MB /   0.50 sec =   10.4852 Mbps     0 retrans
[2024-11-03T13:38:42.532926-0700]     0.6250 MB /   0.50 sec =   10.4863 Mbps     0 retrans
[2024-11-03T13:38:43.032938-0700]     0.7500 MB /   0.50 sec =   12.5830 Mbps     0 retrans
[2024-11-03T13:38:43.532957-0700]     0.5000 MB /   0.50 sec =    8.3885 Mbps     0 retrans
[2024-11-03T13:38:44.032932-0700]     0.4375 MB /   0.50 sec =    7.3401 Mbps     0 retrans
[2024-11-03T13:38:44.532925-0700]     0.5625 MB /   0.50 sec =    9.4371 Mbps     0 retrans
[2024-11-03T13:38:45.032943-0700]     0.8750 MB /   0.50 sec =   14.6801 Mbps     0 retrans
[2024-11-03T13:38:45.532937-0700]     0.5000 MB /   0.50 sec =    8.3886 Mbps     0 retrans
[2024-11-03T13:38:46.032942-0700]     0.8125 MB /   0.50 sec =   13.6314 Mbps     0 retrans
[2024-11-03T13:38:46.532951-0700]     0.6875 MB /   0.50 sec =   11.5343 Mbps     0 retrans
[2024-11-03T13:38:47.032936-0700]     0.6875 MB /   0.50 sec =   11.5345 Mbps     0 retrans
[2024-11-03T13:38:47.532954-0700]     0.7500 MB /   0.50 sec =   12.5825 Mbps     0 retrans
[2024-11-03T13:38:48.033044-0700]     0.7500 MB /   0.50 sec =   12.5841 Mbps     0 retrans
[2024-11-03T13:38:48.532926-0700]     0.8125 MB /   0.50 sec =   13.6307 Mbps     0 retrans
[2024-11-03T13:38:49.032927-0700]     0.7500 MB /   0.50 sec =   12.5829 Mbps     0 retrans
[2024-11-03T13:38:49.532941-0700]     0.6250 MB /   0.50 sec =   10.4856 Mbps     0 retrans
[2024-11-03T13:38:50.032952-0700]     0.3750 MB /   0.50 sec =    6.2918 Mbps     0 retrans
[2024-11-03T13:38:50.533330-0700]     0.5625 MB /   0.50 sec =    9.4293 Mbps     0 retrans
[2024-11-03T13:38:51.032865-0700]     0.7500 MB /   0.50 sec =   12.5931 Mbps     0 retrans
[2024-11-03T13:38:51.533287-0700]     0.7500 MB /   0.50 sec =   12.5737 Mbps     0 retrans
[2024-11-03T13:38:52.032930-0700]     0.8750 MB /   0.50 sec =   14.6906 Mbps     0 retrans
[2024-11-03T13:38:52.532997-0700]     0.9375 MB /   0.50 sec =   15.7264 Mbps     0 retrans
[2024-11-03T13:38:53.032949-0700]     1.1250 MB /   0.50 sec =   18.8766 Mbps     0 retrans
[2024-11-03T13:38:53.532931-0700]     0.9375 MB /   0.50 sec =   15.7290 Mbps     0 retrans
[2024-11-03T13:38:54.032925-0700]     1.0625 MB /   0.50 sec =   17.8258 Mbps     0 retrans
[2024-11-03T13:38:54.532953-0700]     0.6250 MB /   0.50 sec =   10.4855 Mbps     0 retrans
[2024-11-03T13:38:55.033104-0700]     0.7500 MB /   0.50 sec =   12.5831 Mbps     0 retrans
[2024-11-03T13:38:55.532871-0700]     0.7500 MB /   0.50 sec =   12.5834 Mbps     0 retrans
[2024-11-03T13:38:56.032939-0700]     1.1250 MB /   0.50 sec =   18.8735 Mbps     0 retrans
[2024-11-03T13:38:56.533022-0700]     1.1875 MB /   0.50 sec =   19.9243 Mbps     0 retrans
[2024-11-03T13:38:57.034296-0700]     1.0625 MB /   0.50 sec =   17.7773 Mbps     0 retrans
[2024-11-03T13:38:57.532996-0700]     1.0625 MB /   0.50 sec =   17.8718 Mbps     0 retrans
[2024-11-03T13:38:58.032929-0700]     1.3125 MB /   0.50 sec =   22.0225 Mbps     0 retrans
[2024-11-03T13:38:58.532956-0700]     1.4375 MB /   0.50 sec =   24.1158 Mbps     0 retrans
[2024-11-03T13:38:59.032954-0700]     1.3125 MB /   0.50 sec =   22.0215 Mbps     0 retrans
[2024-11-03T13:38:59.532985-0700]     1.4375 MB /   0.50 sec =   24.1149 Mbps     0 retrans
[2024-11-03T13:39:00.033254-0700]     1.3750 MB /   0.50 sec =   23.0639 Mbps     0 retrans
[2024-11-03T13:39:00.532902-0700]     0.5000 MB /   0.50 sec =    8.3913 Mbps     0 retrans
[2024-11-03T13:39:01.032918-0700]     1.3750 MB /   0.50 sec =   23.0682 Mbps     0 retrans
[2024-11-03T13:39:01.534118-0700]     1.0625 MB /   0.50 sec =   17.7857 Mbps     0 retrans
[2024-11-03T13:39:02.032913-0700]     1.1875 MB /   0.50 sec =   19.9678 Mbps     0 retrans
[2024-11-03T13:39:02.533225-0700]     1.1875 MB /   0.50 sec =   19.9211 Mbps     0 retrans
[2024-11-03T13:39:03.032954-0700]     1.5625 MB /   0.50 sec =   26.2164 Mbps     0 retrans
[2024-11-03T13:39:03.532935-0700]     1.4375 MB /   0.50 sec =   24.1175 Mbps     0 retrans
[2024-11-03T13:39:04.032929-0700]     1.7500 MB /   0.50 sec =   29.3602 Mbps     0 retrans
[2024-11-03T13:39:04.533095-0700]     1.2500 MB /   0.50 sec =   20.9712 Mbps     0 retrans
[2024-11-03T13:39:05.032897-0700]     1.5000 MB /   0.50 sec =   25.1665 Mbps     0 retrans
[2024-11-03T13:39:05.533170-0700]     0.8125 MB /   0.50 sec =   13.6239 Mbps     0 retrans
[2024-11-03T13:39:06.032934-0700]     1.2500 MB /   0.50 sec =   20.9830 Mbps     0 retrans
[2024-11-03T13:39:06.532949-0700]     1.5625 MB /   0.50 sec =   26.2138 Mbps     0 retrans
[2024-11-03T13:39:07.032915-0700]     1.0000 MB /   0.50 sec =   16.7777 Mbps     0 retrans
[2024-11-03T13:39:07.533043-0700]     1.0000 MB /   0.50 sec =   16.7777 Mbps     0 retrans
[2024-11-03T13:39:08.033351-0700]     1.3750 MB /   0.50 sec =   23.0487 Mbps     0 retrans
[2024-11-03T13:39:08.532944-0700]     1.1250 MB /   0.50 sec =   18.8897 Mbps     0 retrans
[2024-11-03T13:39:09.032927-0700]     0.6875 MB /   0.50 sec =   11.5346 Mbps     0 retrans
[2024-11-03T13:39:09.532950-0700]     1.1250 MB /   0.50 sec =   18.8741 Mbps     0 retrans
[2024-11-03T13:39:10.034062-0700]     0.6875 MB /   0.50 sec =   11.5098 Mbps     0 retrans
[2024-11-03T13:39:10.533000-0700]     0.6875 MB /   0.50 sec =   11.5579 Mbps     0 retrans
[2024-11-03T13:39:11.033986-0700]     0.3125 MB /   0.50 sec =    5.2327 Mbps     0 retrans
[2024-11-03T13:39:11.532928-0700]     0.5000 MB /   0.50 sec =    8.4060 Mbps     0 retrans
[2024-11-03T13:39:12.032957-0700]     1.0625 MB /   0.50 sec =   17.8253 Mbps     0 retrans
[2024-11-03T13:39:12.532931-0700]     1.0625 MB /   0.50 sec =   17.8255 Mbps     0 retrans
[2024-11-03T13:39:13.033265-0700]     1.1250 MB /   0.50 sec =   18.8627 Mbps     0 retrans
[2024-11-03T13:39:13.533023-0700]     1.1875 MB /   0.50 sec =   19.9324 Mbps     0 retrans
[2024-11-03T13:39:14.032922-0700]     1.0000 MB /   0.50 sec =   16.7803 Mbps     0 retrans
[2024-11-03T13:39:14.532983-0700]     0.6875 MB /   0.50 sec =   11.5332 Mbps     0 retrans
[2024-11-03T13:39:15.032946-0700]     0.8750 MB /   0.50 sec =   14.6812 Mbps     0 retrans
[2024-11-03T13:39:15.533042-0700]     0.8750 MB /   0.50 sec =   14.6780 Mbps     0 retrans
[2024-11-03T13:39:16.032943-0700]     1.1250 MB /   0.50 sec =   18.8771 Mbps     0 retrans
[2024-11-03T13:39:16.533132-0700]     0.5625 MB /   0.50 sec =    9.4372 Mbps     0 retrans
[2024-11-03T13:39:17.032920-0700]     1.3125 MB /   0.50 sec =   22.0204 Mbps     0 retrans
[2024-11-03T13:39:17.532960-0700]     0.9375 MB /   0.50 sec =   15.7282 Mbps     0 retrans
[2024-11-03T13:39:18.032955-0700]     1.0625 MB /   0.50 sec =   17.8261 Mbps     0 retrans
[2024-11-03T13:39:18.533157-0700]     0.9375 MB /   0.50 sec =   15.7285 Mbps     0 retrans
[2024-11-03T13:39:19.033191-0700]     1.1875 MB /   0.50 sec =   19.9129 Mbps     0 retrans
[2024-11-03T13:39:19.532931-0700]     1.1250 MB /   0.50 sec =   18.8843 Mbps     0 retrans
[2024-11-03T13:39:20.032941-0700]     1.1875 MB /   0.50 sec =   19.9229 Mbps     0 retrans
[2024-11-03T13:39:20.532991-0700]     1.1875 MB /   0.50 sec =   19.9206 Mbps     0 retrans
[2024-11-03T13:39:21.034006-0700]     1.0000 MB /   0.50 sec =   16.7442 Mbps     0 retrans
[2024-11-03T13:39:21.532962-0700]     0.5625 MB /   0.50 sec =    9.4565 Mbps     0 retrans
[2024-11-03T13:39:22.032936-0700]     0.8750 MB /   0.50 sec =   14.6807 Mbps     0 retrans
[2024-11-03T13:39:22.532922-0700]     1.3750 MB /   0.50 sec =   23.0687 Mbps     0 retrans
[2024-11-03T13:39:23.032998-0700]     0.8125 MB /   0.50 sec =   13.6299 Mbps     0 retrans
[2024-11-03T13:39:23.532951-0700]     1.0000 MB /   0.50 sec =   16.7790 Mbps     0 retrans
[2024-11-03T13:39:24.032926-0700]     1.1250 MB /   0.50 sec =   18.8757 Mbps     0 retrans
[2024-11-03T13:39:24.532955-0700]     1.6875 MB /   0.50 sec =   28.3097 Mbps     0 retrans
[2024-11-03T13:39:25.033150-0700]     1.0625 MB /   0.50 sec =   17.8238 Mbps     0 retrans
[2024-11-03T13:39:25.532929-0700]     1.5000 MB /   0.50 sec =   25.1686 Mbps     0 retrans
[2024-11-03T13:39:26.032927-0700]     1.8750 MB /   0.50 sec =   31.4573 Mbps     0 retrans
[2024-11-03T13:39:26.532943-0700]     1.4375 MB /   0.50 sec =   24.1169 Mbps     0 retrans
[2024-11-03T13:39:27.032915-0700]     1.2500 MB /   0.50 sec =   20.9721 Mbps     0 retrans
[2024-11-03T13:39:27.532933-0700]     1.1250 MB /   0.50 sec =   18.8743 Mbps     0 retrans
[2024-11-03T13:39:28.032933-0700]     1.3750 MB /   0.50 sec =   23.0683 Mbps     0 retrans
[2024-11-03T13:39:28.532930-0700]     1.1250 MB /   0.50 sec =   18.8741 Mbps     0 retrans
[2024-11-03T13:39:29.033082-0700]     1.1875 MB /   0.50 sec =   19.9234 Mbps     0 retrans
[2024-11-03T13:39:29.532846-0700]     1.3750 MB /   0.50 sec =   23.0696 Mbps     0 retrans
[2024-11-03T13:39:30.033328-0700]     1.1250 MB /   0.50 sec =   18.8589 Mbps     0 retrans
[2024-11-03T13:39:30.532898-0700]     1.1875 MB /   0.50 sec =   19.9391 Mbps     0 retrans
[2024-11-03T13:39:31.032925-0700]     1.5625 MB /   0.50 sec =   26.2137 Mbps     0 retrans
[2024-11-03T13:39:31.532925-0700]     1.4375 MB /   0.50 sec =   24.1174 Mbps     0 retrans
[2024-11-03T13:39:32.032937-0700]     1.1250 MB /   0.50 sec =   18.8740 Mbps     0 retrans
[2024-11-03T13:39:32.532954-0700]     0.3750 MB /   0.50 sec =    6.2912 Mbps     0 retrans
[2024-11-03T13:39:33.032925-0700]     1.6250 MB /   0.50 sec =   27.2642 Mbps     0 retrans
[2024-11-03T13:39:33.532952-0700]     1.4375 MB /   0.50 sec =   24.1169 Mbps     0 retrans
[2024-11-03T13:39:34.033106-0700]     0.6875 MB /   0.50 sec =   11.5310 Mbps     0 retrans
[2024-11-03T13:39:34.532937-0700]     1.4375 MB /   0.50 sec =   24.1245 Mbps     0 retrans
[2024-11-03T13:39:35.033035-0700]     1.3125 MB /   0.50 sec =   22.0138 Mbps     0 retrans
[2024-11-03T13:39:35.532943-0700]     1.0625 MB /   0.50 sec =   17.8304 Mbps     0 retrans
[2024-11-03T13:39:36.033088-0700]     0.5625 MB /   0.50 sec =    9.4376 Mbps     0 retrans
[2024-11-03T13:39:36.532979-0700]     1.1250 MB /   0.50 sec =   18.8732 Mbps     0 retrans
[2024-11-03T13:39:37.033085-0700]     1.2500 MB /   0.50 sec =   20.9726 Mbps     0 retrans
[2024-11-03T13:39:37.533131-0700]     0.7500 MB /   0.50 sec =   12.5792 Mbps     0 retrans
[2024-11-03T13:39:38.032936-0700]     0.8750 MB /   0.50 sec =   14.6842 Mbps     0 retrans
[2024-11-03T13:39:38.532936-0700]     0.9375 MB /   0.50 sec =   15.7288 Mbps     0 retrans
[2024-11-03T13:39:39.032933-0700]     0.6250 MB /   0.50 sec =   10.4857 Mbps     0 retrans
[2024-11-03T13:39:39.532928-0700]     0.6250 MB /   0.50 sec =   10.4857 Mbps     0 retrans
[2024-11-03T13:39:40.032938-0700]     0.4375 MB /   0.50 sec =    7.3399 Mbps     0 retrans
[2024-11-03T13:39:40.533090-0700]     0.0625 MB /   0.50 sec =    1.0485 Mbps     0 retrans
[2024-11-03T13:39:41.032932-0700]     0.9375 MB /   0.50 sec =   15.7302 Mbps     0 retrans
[2024-11-03T13:39:41.533595-0700]     0.3125 MB /   0.50 sec =    5.2388 Mbps     0 retrans
[2024-11-03T13:39:42.033386-0700]     0.6250 MB /   0.50 sec =   10.4846 Mbps     0 retrans
[2024-11-03T13:39:42.532944-0700]     0.6875 MB /   0.50 sec =   11.5444 Mbps     0 retrans
[2024-11-03T13:39:43.034014-0700]     0.3750 MB /   0.50 sec =    6.2784 Mbps     0 retrans
[2024-11-03T13:39:43.532952-0700]     0.5000 MB /   0.50 sec =    8.4060 Mbps     0 retrans
[2024-11-03T13:39:44.032945-0700]     0.5000 MB /   0.50 sec =    8.3886 Mbps     0 retrans
[2024-11-03T13:39:44.532942-0700]     0.3750 MB /   0.50 sec =    6.2915 Mbps     0 retrans
[2024-11-03T13:39:45.032950-0700]     0.6250 MB /   0.50 sec =   10.4860 Mbps     0 retrans
[2024-11-03T13:39:45.533107-0700]     0.5625 MB /   0.50 sec =    9.4371 Mbps     0 retrans
[2024-11-03T13:39:46.032877-0700]     0.8125 MB /   0.50 sec =   13.6319 Mbps     0 retrans
[2024-11-03T13:39:46.532955-0700]     1.1250 MB /   0.50 sec =   18.8738 Mbps     0 retrans
[2024-11-03T13:39:47.032933-0700]     1.0000 MB /   0.50 sec =   16.7775 Mbps     0 retrans
[2024-11-03T13:39:47.532963-0700]     1.1875 MB /   0.50 sec =   19.9230 Mbps     0 retrans
[2024-11-03T13:39:48.033147-0700]     1.0625 MB /   0.50 sec =   17.8265 Mbps     0 retrans
[2024-11-03T13:39:48.532955-0700]     1.5000 MB /   0.50 sec =   25.1646 Mbps     0 retrans
[2024-11-03T13:39:49.032932-0700]     1.0625 MB /   0.50 sec =   17.8259 Mbps     0 retrans
[2024-11-03T13:39:49.532939-0700]     0.7500 MB /   0.50 sec =   12.5827 Mbps     0 retrans
[2024-11-03T13:39:50.032953-0700]     0.5625 MB /   0.50 sec =    9.4372 Mbps     0 retrans
[2024-11-03T13:39:50.533008-0700]     0.5000 MB /   0.50 sec =    8.3879 Mbps     0 retrans
[2024-11-03T13:39:51.032920-0700]     0.5000 MB /   0.50 sec =    8.3896 Mbps     0 retrans
[2024-11-03T13:39:51.533050-0700]     0.7500 MB /   0.50 sec =   12.5803 Mbps     0 retrans
[2024-11-03T13:39:52.032936-0700]     1.1250 MB /   0.50 sec =   18.8781 Mbps     0 retrans
[2024-11-03T13:39:52.532951-0700]     0.5000 MB /   0.50 sec =    8.3885 Mbps     0 retrans
[2024-11-03T13:39:53.032918-0700]     0.3125 MB /   0.50 sec =    5.2429 Mbps     0 retrans
[2024-11-03T13:39:53.533011-0700]     0.5000 MB /   0.50 sec =    8.3876 Mbps     0 retrans
[2024-11-03T13:39:54.032952-0700]     0.3125 MB /   0.50 sec =    5.2434 Mbps     0 retrans
[2024-11-03T13:39:54.533109-0700]     0.6250 MB /   0.50 sec =   10.4832 Mbps     0 retrans
[2024-11-03T13:39:55.033146-0700]     0.6250 MB /   0.50 sec =   10.4874 Mbps     0 retrans
[2024-11-03T13:39:55.533029-0700]     0.5000 MB /   0.50 sec =    8.3882 Mbps     0 retrans
[2024-11-03T13:39:56.032936-0700]     0.6250 MB /   0.50 sec =   10.4875 Mbps     0 retrans
[2024-11-03T13:39:56.533099-0700]     0.1250 MB /   0.50 sec =    2.0965 Mbps     0 retrans
[2024-11-03T13:39:57.033089-0700]     0.8125 MB /   0.50 sec =   13.6362 Mbps     0 retrans
[2024-11-03T13:39:57.532947-0700]     0.5000 MB /   0.50 sec =    8.3882 Mbps     0 retrans
[2024-11-03T13:39:58.032990-0700]     0.6250 MB /   0.50 sec =   10.4845 Mbps     0 retrans
[2024-11-03T13:39:58.532949-0700]     0.7500 MB /   0.50 sec =   12.5843 Mbps     0 retrans
[2024-11-03T13:39:59.032976-0700]     0.3750 MB /   0.50 sec =    6.2911 Mbps     0 retrans
[2024-11-03T13:39:59.532918-0700]     1.0625 MB /   0.50 sec =   17.8271 Mbps     0 retrans
[2024-11-03T13:40:00.032935-0700]     1.0000 MB /   0.50 sec =   16.7772 Mbps     0 retrans
[2024-11-03T13:40:00.532912-0700]     1.2500 MB /   0.50 sec =   20.9719 Mbps     0 retrans
[2024-11-03T13:40:01.033059-0700]     1.2500 MB /   0.50 sec =   20.9665 Mbps     0 retrans
[2024-11-03T13:40:01.533093-0700]     0.5000 MB /   0.50 sec =    8.3904 Mbps     0 retrans
[2024-11-03T13:40:02.032938-0700]     1.3125 MB /   0.50 sec =   22.0200 Mbps     0 retrans
[2024-11-03T13:40:02.532932-0700]     1.6250 MB /   0.50 sec =   27.2624 Mbps     0 retrans
[2024-11-03T13:40:03.032981-0700]     1.3125 MB /   0.50 sec =   22.0184 Mbps     0 retrans
[2024-11-03T13:40:03.532960-0700]     0.6875 MB /   0.50 sec =   11.5354 Mbps     0 retrans
[2024-11-03T13:40:04.032925-0700]     0.5000 MB /   0.50 sec =    8.3888 Mbps     0 retrans
[2024-11-03T13:40:04.532930-0700]     0.5625 MB /   0.50 sec =    9.4370 Mbps     0 retrans
[2024-11-03T13:40:05.033014-0700]     0.8125 MB /   0.50 sec =   13.6292 Mbps     0 retrans
[2024-11-03T13:40:05.534200-0700]     0.3750 MB /   0.50 sec =    6.2795 Mbps     0 retrans
[2024-11-03T13:40:06.032935-0700]     0.8125 MB /   0.50 sec =   13.6600 Mbps     0 retrans
[2024-11-03T13:40:06.532938-0700]     1.4375 MB /   0.50 sec =   24.1173 Mbps     0 retrans
[2024-11-03T13:40:07.032866-0700]     1.0000 MB /   0.50 sec =   16.7781 Mbps     0 retrans
[2024-11-03T13:40:07.532971-0700]     0.6250 MB /   0.50 sec =   10.4850 Mbps     0 retrans
[2024-11-03T13:40:08.032930-0700]     0.3750 MB /   0.50 sec =    6.2915 Mbps     0 retrans
[2024-11-03T13:40:08.532967-0700]     0.5625 MB /   0.50 sec =    9.4367 Mbps     0 retrans
[2024-11-03T13:40:09.032927-0700]     0.6875 MB /   0.50 sec =   11.5351 Mbps     0 retrans
[2024-11-03T13:40:09.532927-0700]     0.4375 MB /   0.50 sec =    7.3400 Mbps     0 retrans
[2024-11-03T13:40:10.032936-0700]     0.3750 MB /   0.50 sec =    6.2914 Mbps     0 retrans
End time: 1730666410550
