Start time: 1730591280036
[2024-11-02T17:48:00.927484-0600] nuttcp-r: v8.1.4: socket
[2024-11-02T17:48:00.928273-0600] nuttcp-r: buflen=65536, nstream=1, port=6110 tcp
[2024-11-02T17:48:00.928331-0600] nuttcp-r: interval reporting every 0.50 seconds
[2024-11-02T17:48:00.928368-0600] nuttcp-r: connect to 54.176.53.206 with RTT=66.465 ms af=inet
[2024-11-02T17:48:00.928506-0600] nuttcp-r: send window size = 2097152, receive window size = 6291456
[2024-11-02T17:48:00.928550-0600] nuttcp-r: available send window = 1572864, available receive window = 4718592
[2024-11-02T17:48:00.928583-0600]     0.0000 MB /   0.50 sec =    0.0000 Mbps    -1 retrans
[2024-11-02T17:48:01.427180-0600]     0.8125 MB /   0.50 sec =   13.6357 Mbps     1 retrans
[2024-11-02T17:48:01.927263-0600]     9.8125 MB /   0.50 sec =  164.6172 Mbps     0 retrans
[2024-11-02T17:48:02.427156-0600]    15.6875 MB /   0.50 sec =  263.1878 Mbps     0 retrans
[2024-11-02T17:48:02.927701-0600]     1.0000 MB /   0.50 sec =   16.7728 Mbps     0 retrans
[2024-11-02T17:48:03.427400-0600]     0.0000 MB /   0.50 sec =    0.0000 Mbps     0 retrans
[2024-11-02T17:48:03.928558-0600]     0.0000 MB /   0.50 sec =    0.0000 Mbps     0 retrans
[2024-11-02T17:48:04.427069-0600]     3.0000 MB /   0.50 sec =   50.4417 Mbps     0 retrans
[2024-11-02T17:48:04.928081-0600]     6.6875 MB /   0.50 sec =  112.0032 Mbps     0 retrans
[2024-11-02T17:48:05.427039-0600]    13.5000 MB /   0.50 sec =  226.9058 Mbps     0 retrans
[2024-11-02T17:48:05.927472-0600]     8.2500 MB /   0.50 sec =  138.3481 Mbps     0 retrans
[2024-11-02T17:48:06.427410-0600]    14.3750 MB /   0.50 sec =  241.1315 Mbps     0 retrans
[2024-11-02T17:48:06.927191-0600]    12.7500 MB /   0.50 sec =  214.0045 Mbps     0 retrans
[2024-11-02T17:48:07.427137-0600]    13.3750 MB /   0.50 sec =  224.4083 Mbps     0 retrans
[2024-11-02T17:48:07.927104-0600]    11.2500 MB /   0.50 sec =  188.7614 Mbps     0 retrans
[2024-11-02T17:48:08.427151-0600]     9.1250 MB /   0.50 sec =  153.0814 Mbps     0 retrans
[2024-11-02T17:48:08.927395-0600]    12.5625 MB /   0.50 sec =  210.7579 Mbps     0 retrans
[2024-11-02T17:48:09.427073-0600]    13.0625 MB /   0.50 sec =  219.1721 Mbps     0 retrans
[2024-11-02T17:48:09.927099-0600]    10.3750 MB /   0.50 sec =  174.0657 Mbps     0 retrans
[2024-11-02T17:48:10.427323-0600]    10.5000 MB /   0.50 sec =  176.1051 Mbps     0 retrans
[2024-11-02T17:48:10.927798-0600]     0.0000 MB /   0.50 sec =    0.0000 Mbps     0 retrans
[2024-11-02T17:48:11.427610-0600]     0.1250 MB /   0.50 sec =    2.0983 Mbps     0 retrans
[2024-11-02T17:48:11.928306-0600]     0.0000 MB /   0.50 sec =    0.0000 Mbps     0 retrans
[2024-11-02T17:48:12.427566-0600]     0.0000 MB /   0.50 sec =    0.0000 Mbps     0 retrans
[2024-11-02T17:48:12.927423-0600]     0.0000 MB /   0.50 sec =    0.0000 Mbps     0 retrans
[2024-11-02T17:48:13.427082-0600]     7.1875 MB /   0.50 sec =  120.6212 Mbps     0 retrans
[2024-11-02T17:48:13.927084-0600]     9.8750 MB /   0.50 sec =  165.6727 Mbps     0 retrans
[2024-11-02T17:48:14.427216-0600]    10.4375 MB /   0.50 sec =  175.1139 Mbps     0 retrans
[2024-11-02T17:48:14.927122-0600]     9.3125 MB /   0.50 sec =  156.2222 Mbps     0 retrans
[2024-11-02T17:48:15.427193-0600]     7.8125 MB /   0.50 sec =  131.0594 Mbps     0 retrans
[2024-11-02T17:48:15.927133-0600]    17.8750 MB /   0.50 sec =  299.9353 Mbps     0 retrans
[2024-11-02T17:48:16.427066-0600]    11.6250 MB /   0.50 sec =  195.0511 Mbps     0 retrans
[2024-11-02T17:48:16.927477-0600]    12.5625 MB /   0.50 sec =  210.6749 Mbps     0 retrans
[2024-11-02T17:48:17.427036-0600]    13.1250 MB /   0.50 sec =  220.2860 Mbps     0 retrans
[2024-11-02T17:48:17.927459-0600]    15.6250 MB /   0.50 sec =  261.9538 Mbps     0 retrans
[2024-11-02T17:48:18.427038-0600]    12.2500 MB /   0.50 sec =  205.6735 Mbps     0 retrans
[2024-11-02T17:48:18.927550-0600]     0.1250 MB /   0.50 sec =    2.0954 Mbps     0 retrans
[2024-11-02T17:48:19.427088-0600]     8.3125 MB /   0.50 sec =  139.5776 Mbps     0 retrans
[2024-11-02T17:48:19.927571-0600]    15.5000 MB /   0.50 sec =  259.8146 Mbps     0 retrans
[2024-11-02T17:48:20.427017-0600]    14.3750 MB /   0.50 sec =  241.3946 Mbps     0 retrans
[2024-11-02T17:48:20.927364-0600]    11.8125 MB /   0.50 sec =  198.0941 Mbps     0 retrans
[2024-11-02T17:48:21.427369-0600]    14.0000 MB /   0.50 sec =  234.9266 Mbps     0 retrans
[2024-11-02T17:48:21.927121-0600]    16.3125 MB /   0.50 sec =  273.7276 Mbps     0 retrans
[2024-11-02T17:48:22.427196-0600]    11.3750 MB /   0.50 sec =  190.8084 Mbps     0 retrans
[2024-11-02T17:48:22.927145-0600]    23.3750 MB /   0.50 sec =  392.2318 Mbps     0 retrans
[2024-11-02T17:48:23.427088-0600]    19.3750 MB /   0.50 sec =  325.0677 Mbps     0 retrans
[2024-11-02T17:48:23.927145-0600]    18.0625 MB /   0.50 sec =  303.0306 Mbps     0 retrans
[2024-11-02T17:48:24.427115-0600]     7.8750 MB /   0.50 sec =  132.1200 Mbps     0 retrans
[2024-11-02T17:48:24.927115-0600]    20.6250 MB /   0.50 sec =  346.0342 Mbps     0 retrans
[2024-11-02T17:48:25.427147-0600]    15.7500 MB /   0.50 sec =  264.2190 Mbps     0 retrans
[2024-11-02T17:48:25.927468-0600]     7.3750 MB /   0.50 sec =  123.7221 Mbps     0 retrans
[2024-11-02T17:48:26.427258-0600]     6.1250 MB /   0.50 sec =  102.7514 Mbps     0 retrans
[2024-11-02T17:48:26.927150-0600]    16.1875 MB /   0.50 sec =  271.6415 Mbps     0 retrans
[2024-11-02T17:48:27.427234-0600]     8.6250 MB /   0.50 sec =  144.6798 Mbps     0 retrans
[2024-11-02T17:48:27.927198-0600]    14.0000 MB /   0.50 sec =  234.9393 Mbps     0 retrans
[2024-11-02T17:48:28.427277-0600]     7.6875 MB /   0.50 sec =  128.9663 Mbps     0 retrans
[2024-11-02T17:48:28.927137-0600]    15.8125 MB /   0.50 sec =  265.2892 Mbps     0 retrans
[2024-11-02T17:48:29.427102-0600]    15.5625 MB /   0.50 sec =  261.0980 Mbps     0 retrans
[2024-11-02T17:48:29.927129-0600]    12.4375 MB /   0.50 sec =  208.6654 Mbps     0 retrans
[2024-11-02T17:48:30.427205-0600]     3.2500 MB /   0.50 sec =   54.5177 Mbps     0 retrans
[2024-11-02T17:48:30.927257-0600]     7.8750 MB /   0.50 sec =  132.1095 Mbps     0 retrans
[2024-11-02T17:48:31.427164-0600]    19.0625 MB /   0.50 sec =  319.8579 Mbps     0 retrans
[2024-11-02T17:48:31.927146-0600]    17.0625 MB /   0.50 sec =  286.2893 Mbps     0 retrans
[2024-11-02T17:48:32.427041-0600]    18.6875 MB /   0.50 sec =  313.5386 Mbps     0 retrans
[2024-11-02T17:48:32.927137-0600]    16.0625 MB /   0.50 sec =  269.4636 Mbps     0 retrans
[2024-11-02T17:48:33.427222-0600]    21.3750 MB /   0.50 sec =  358.4976 Mbps     0 retrans
[2024-11-02T17:48:33.927581-0600]    21.2500 MB /   0.50 sec =  356.3526 Mbps     0 retrans
[2024-11-02T17:48:34.427178-0600]    11.5000 MB /   0.50 sec =  193.0704 Mbps     0 retrans
[2024-11-02T17:48:34.927214-0600]    21.6875 MB /   0.50 sec =  363.8442 Mbps     0 retrans
[2024-11-02T17:48:35.427326-0600]    12.3125 MB /   0.50 sec =  206.5331 Mbps     0 retrans
[2024-11-02T17:48:35.927138-0600]    21.3750 MB /   0.50 sec =  358.7342 Mbps     0 retrans
[2024-11-02T17:48:36.427176-0600]    20.1250 MB /   0.50 sec =  337.5976 Mbps     0 retrans
[2024-11-02T17:48:36.927133-0600]    19.4375 MB /   0.50 sec =  326.1489 Mbps     0 retrans
[2024-11-02T17:48:37.427188-0600]    10.3750 MB /   0.50 sec =  174.0393 Mbps     0 retrans
[2024-11-02T17:48:37.928647-0600]    11.7500 MB /   0.50 sec =  196.7274 Mbps     0 retrans
[2024-11-02T17:48:38.427423-0600]     5.6250 MB /   0.50 sec =   94.5610 Mbps     0 retrans
[2024-11-02T17:48:38.927027-0600]    22.8750 MB /   0.50 sec =  383.8648 Mbps     0 retrans
[2024-11-02T17:48:39.427144-0600]    15.3125 MB /   0.50 sec =  256.8806 Mbps     0 retrans
[2024-11-02T17:48:39.927135-0600]    16.6250 MB /   0.50 sec =  278.9368 Mbps     0 retrans
[2024-11-02T17:48:40.427141-0600]    17.9375 MB /   0.50 sec =  300.9341 Mbps     0 retrans
[2024-11-02T17:48:40.927183-0600]    13.5000 MB /   0.50 sec =  226.4770 Mbps     0 retrans
[2024-11-02T17:48:41.427218-0600]    13.8750 MB /   0.50 sec =  232.7657 Mbps     0 retrans
[2024-11-02T17:48:41.927138-0600]    23.8125 MB /   0.50 sec =  399.5770 Mbps     0 retrans
[2024-11-02T17:48:42.427014-0600]    19.8125 MB /   0.50 sec =  332.4239 Mbps     0 retrans
[2024-11-02T17:48:42.928262-0600]     5.3125 MB /   0.50 sec =   88.9306 Mbps     0 retrans
[2024-11-02T17:48:43.427062-0600]     7.0000 MB /   0.50 sec =  117.6900 Mbps     0 retrans
[2024-11-02T17:48:43.927488-0600]    22.7500 MB /   0.50 sec =  381.4093 Mbps     0 retrans
[2024-11-02T17:48:44.427149-0600]    12.6250 MB /   0.50 sec =  211.9624 Mbps     0 retrans
[2024-11-02T17:48:44.927331-0600]    21.2500 MB /   0.50 sec =  356.5208 Mbps     0 retrans
[2024-11-02T17:48:45.427166-0600]    13.0000 MB /   0.50 sec =  218.0807 Mbps     0 retrans
[2024-11-02T17:48:45.927326-0600]    17.7500 MB /   0.50 sec =  297.8307 Mbps     0 retrans
[2024-11-02T17:48:46.427124-0600]    19.3125 MB /   0.50 sec =  324.0074 Mbps     0 retrans
[2024-11-02T17:48:46.927096-0600]    18.7500 MB /   0.50 sec =  314.5860 Mbps     0 retrans
[2024-11-02T17:48:47.427243-0600]     7.6250 MB /   0.50 sec =  127.9260 Mbps     0 retrans
[2024-11-02T17:48:47.927221-0600]    15.5000 MB /   0.50 sec =  260.0188 Mbps     0 retrans
[2024-11-02T17:48:48.427155-0600]     0.0000 MB /   0.50 sec =    0.0000 Mbps     0 retrans
[2024-11-02T17:48:48.927238-0600]     6.5000 MB /   0.50 sec =  109.0635 Mbps     0 retrans
[2024-11-02T17:48:49.427180-0600]     5.0625 MB /   0.50 sec =   84.9267 Mbps     0 retrans
[2024-11-02T17:48:49.927513-0600]     0.0000 MB /   0.50 sec =    0.0000 Mbps     0 retrans
[2024-11-02T17:48:50.427714-0600]     1.1875 MB /   0.50 sec =   19.9096 Mbps     0 retrans
[2024-11-02T17:48:50.927416-0600]     0.0000 MB /   0.50 sec =    0.0000 Mbps     0 retrans
[2024-11-02T17:48:51.427306-0600]     0.0000 MB /   0.50 sec =    0.0000 Mbps     0 retrans
[2024-11-02T17:48:51.927190-0600]     0.0000 MB /   0.50 sec =    0.0000 Mbps     0 retrans
[2024-11-02T17:48:52.427155-0600]     0.0000 MB /   0.50 sec =    0.0000 Mbps     0 retrans
[2024-11-02T17:48:52.927426-0600]     4.1875 MB /   0.50 sec =   70.2470 Mbps     0 retrans
[2024-11-02T17:48:53.427103-0600]     4.6250 MB /   0.50 sec =   77.6070 Mbps     0 retrans
[2024-11-02T17:48:53.927091-0600]    10.4375 MB /   0.50 sec =  175.1287 Mbps     0 retrans
[2024-11-02T17:48:54.427031-0600]    10.0000 MB /   0.50 sec =  167.7809 Mbps     0 retrans
[2024-11-02T17:48:54.927257-0600]     5.4375 MB /   0.50 sec =   91.1973 Mbps     0 retrans
[2024-11-02T17:48:55.427068-0600]     8.8750 MB /   0.50 sec =  148.9377 Mbps     0 retrans
[2024-11-02T17:48:55.928081-0600]     2.8125 MB /   0.50 sec =   47.0961 Mbps     0 retrans
[2024-11-02T17:48:56.427053-0600]    11.1250 MB /   0.50 sec =  186.9996 Mbps     0 retrans
[2024-11-02T17:48:56.927158-0600]     8.2500 MB /   0.50 sec =  138.3949 Mbps     0 retrans
[2024-11-02T17:48:57.427085-0600]     9.8750 MB /   0.50 sec =  165.6985 Mbps     0 retrans
[2024-11-02T17:48:57.927402-0600]     6.3750 MB /   0.50 sec =  106.9357 Mbps     0 retrans
[2024-11-02T17:48:58.427073-0600]     0.0000 MB /   0.50 sec =    0.0000 Mbps     0 retrans
[2024-11-02T17:48:58.927068-0600]     3.7500 MB /   0.50 sec =   62.9217 Mbps     0 retrans
[2024-11-02T17:48:59.427215-0600]     7.0000 MB /   0.50 sec =  117.4142 Mbps     0 retrans
[2024-11-02T17:48:59.927209-0600]     8.5625 MB /   0.50 sec =  143.6526 Mbps     0 retrans
[2024-11-02T17:49:00.427165-0600]    10.5000 MB /   0.50 sec =  176.1720 Mbps     0 retrans
[2024-11-02T17:49:00.927163-0600]    11.2500 MB /   0.50 sec =  188.7403 Mbps     0 retrans
[2024-11-02T17:49:01.427298-0600]    12.1875 MB /   0.50 sec =  204.4862 Mbps     0 retrans
[2024-11-02T17:49:01.927304-0600]     8.8125 MB /   0.50 sec =  147.8123 Mbps     0 retrans
[2024-11-02T17:49:02.427105-0600]    11.3750 MB /   0.50 sec =  190.8966 Mbps     0 retrans
[2024-11-02T17:49:02.927264-0600]    10.7500 MB /   0.50 sec =  180.3165 Mbps     0 retrans
[2024-11-02T17:49:03.427170-0600]    16.3125 MB /   0.50 sec =  273.7117 Mbps     0 retrans
[2024-11-02T17:49:03.927298-0600]    10.6875 MB /   0.50 sec =  179.3241 Mbps     0 retrans
[2024-11-02T17:49:04.427077-0600]     9.5000 MB /   0.50 sec =  159.3858 Mbps     0 retrans
[2024-11-02T17:49:04.927170-0600]    15.3125 MB /   0.50 sec =  256.8831 Mbps     0 retrans
[2024-11-02T17:49:05.427074-0600]    16.5000 MB /   0.50 sec =  276.8517 Mbps     0 retrans
[2024-11-02T17:49:05.927172-0600]    18.3750 MB /   0.50 sec =  308.2536 Mbps     0 retrans
[2024-11-02T17:49:06.427121-0600]    19.8125 MB /   0.50 sec =  332.4112 Mbps     0 retrans
[2024-11-02T17:49:06.927174-0600]    18.0625 MB /   0.50 sec =  303.0051 Mbps     0 retrans
[2024-11-02T17:49:07.427146-0600]    16.8125 MB /   0.50 sec =  282.0731 Mbps     0 retrans
[2024-11-02T17:49:07.927134-0600]    19.0000 MB /   0.50 sec =  318.7996 Mbps     0 retrans
[2024-11-02T17:49:08.427046-0600]    19.4375 MB /   0.50 sec =  326.1221 Mbps     0 retrans
[2024-11-02T17:49:08.927195-0600]    10.3125 MB /   0.50 sec =  172.9946 Mbps     0 retrans
[2024-11-02T17:49:09.427161-0600]    22.5000 MB /   0.50 sec =  377.4806 Mbps     0 retrans
[2024-11-02T17:49:09.927180-0600]    18.9375 MB /   0.50 sec =  317.7338 Mbps     0 retrans
[2024-11-02T17:49:10.427164-0600]    20.1250 MB /   0.50 sec =  337.6415 Mbps     0 retrans
[2024-11-02T17:49:10.927099-0600]    16.5000 MB /   0.50 sec =  276.8313 Mbps     0 retrans
[2024-11-02T17:49:11.427088-0600]    17.5000 MB /   0.50 sec =  293.6124 Mbps     0 retrans
[2024-11-02T17:49:11.927162-0600]    16.2500 MB /   0.50 sec =  272.6194 Mbps     0 retrans
[2024-11-02T17:49:12.427028-0600]    14.8750 MB /   0.50 sec =  249.5796 Mbps     0 retrans
[2024-11-02T17:49:12.927168-0600]    14.9375 MB /   0.50 sec =  250.5906 Mbps     0 retrans
[2024-11-02T17:49:13.427107-0600]    17.5625 MB /   0.50 sec =  294.6593 Mbps     0 retrans
[2024-11-02T17:49:13.927121-0600]    15.7500 MB /   0.50 sec =  264.2359 Mbps     0 retrans
[2024-11-02T17:49:14.427099-0600]     7.9375 MB /   0.50 sec =  133.1622 Mbps     0 retrans
[2024-11-02T17:49:14.927193-0600]     8.8750 MB /   0.50 sec =  148.8933 Mbps     0 retrans
[2024-11-02T17:49:15.427108-0600]    13.3125 MB /   0.50 sec =  223.3601 Mbps     0 retrans
[2024-11-02T17:49:15.927158-0600]    14.3750 MB /   0.50 sec =  241.1744 Mbps     0 retrans
[2024-11-02T17:49:16.427169-0600]    13.6250 MB /   0.50 sec =  228.5973 Mbps     0 retrans
[2024-11-02T17:49:16.927072-0600]    16.5000 MB /   0.50 sec =  276.8274 Mbps     0 retrans
[2024-11-02T17:49:17.427137-0600]    17.5000 MB /   0.50 sec =  293.5931 Mbps     0 retrans
[2024-11-02T17:49:17.927165-0600]    16.7500 MB /   0.50 sec =  281.0105 Mbps     0 retrans
[2024-11-02T17:49:18.427063-0600]    17.5625 MB /   0.50 sec =  294.6652 Mbps     0 retrans
[2024-11-02T17:49:18.927149-0600]    16.8750 MB /   0.50 sec =  283.0951 Mbps     0 retrans
[2024-11-02T17:49:19.427092-0600]    17.1875 MB /   0.50 sec =  288.3786 Mbps     0 retrans
[2024-11-02T17:49:19.927303-0600]    14.9375 MB /   0.50 sec =  250.6021 Mbps     0 retrans
[2024-11-02T17:49:20.427102-0600]    16.5000 MB /   0.50 sec =  276.8274 Mbps     0 retrans
[2024-11-02T17:49:20.927140-0600]    16.0625 MB /   0.50 sec =  269.4695 Mbps     0 retrans
[2024-11-02T17:49:21.427073-0600]    16.1875 MB /   0.50 sec =  271.5980 Mbps     0 retrans
[2024-11-02T17:49:21.927125-0600]    16.1250 MB /   0.50 sec =  270.5185 Mbps     0 retrans
[2024-11-02T17:49:22.427095-0600]    16.2500 MB /   0.50 sec =  272.6428 Mbps     0 retrans
[2024-11-02T17:49:22.927182-0600]    17.3750 MB /   0.50 sec =  291.4866 Mbps     0 retrans
[2024-11-02T17:49:23.427037-0600]    18.8750 MB /   0.50 sec =  316.6991 Mbps     0 retrans
[2024-11-02T17:49:23.927247-0600]    11.6875 MB /   0.50 sec =  196.0304 Mbps     0 retrans
[2024-11-02T17:49:24.427150-0600]    20.7500 MB /   0.50 sec =  348.1927 Mbps     0 retrans
[2024-11-02T17:49:24.927343-0600]     9.1875 MB /   0.50 sec =  154.1280 Mbps     0 retrans
[2024-11-02T17:49:25.427085-0600]    15.8750 MB /   0.50 sec =  266.3596 Mbps     0 retrans
[2024-11-02T17:49:25.927231-0600]    18.8125 MB /   0.50 sec =  315.5829 Mbps     0 retrans
[2024-11-02T17:49:26.427067-0600]    12.6875 MB /   0.50 sec =  212.8878 Mbps     0 retrans
[2024-11-02T17:49:26.927174-0600]    18.5000 MB /   0.50 sec =  310.3518 Mbps     0 retrans
[2024-11-02T17:49:27.427125-0600]    12.7500 MB /   0.50 sec =  213.9249 Mbps     0 retrans
[2024-11-02T17:49:27.927232-0600]    15.8125 MB /   0.50 sec =  265.2627 Mbps     0 retrans
[2024-11-02T17:49:28.427346-0600]    13.3750 MB /   0.50 sec =  224.4101 Mbps     0 retrans
[2024-11-02T17:49:28.927249-0600]    15.0000 MB /   0.50 sec =  251.6386 Mbps     0 retrans
[2024-11-02T17:49:29.427109-0600]    17.8125 MB /   0.50 sec =  298.8968 Mbps     0 retrans
[2024-11-02T17:49:29.927182-0600]    16.1250 MB /   0.50 sec =  270.4850 Mbps     0 retrans
[2024-11-02T17:49:30.427040-0600]    17.5000 MB /   0.50 sec =  293.6729 Mbps     0 retrans
[2024-11-02T17:49:30.927165-0600]    18.7500 MB /   0.50 sec =  314.5439 Mbps     0 retrans
[2024-11-02T17:49:31.427184-0600]    20.6875 MB /   0.50 sec =  347.0571 Mbps     0 retrans
[2024-11-02T17:49:31.927120-0600]    18.6875 MB /   0.50 sec =  313.5430 Mbps     0 retrans
[2024-11-02T17:49:32.427252-0600]    14.3750 MB /   0.50 sec =  241.1267 Mbps     0 retrans
[2024-11-02T17:49:32.927016-0600]    24.1250 MB /   0.50 sec =  404.8605 Mbps     0 retrans
[2024-11-02T17:49:33.427157-0600]    18.0000 MB /   0.50 sec =  301.9561 Mbps     0 retrans
[2024-11-02T17:49:33.927213-0600]    15.5625 MB /   0.50 sec =  261.0766 Mbps     0 retrans
[2024-11-02T17:49:34.427228-0600]    10.8125 MB /   0.50 sec =  181.3888 Mbps     0 retrans
[2024-11-02T17:49:34.927419-0600]    13.5625 MB /   0.50 sec =  227.5455 Mbps     0 retrans
[2024-11-02T17:49:35.427116-0600]     9.8750 MB /   0.50 sec =  165.7042 Mbps     0 retrans
[2024-11-02T17:49:35.927136-0600]    17.5000 MB /   0.50 sec =  293.5978 Mbps     0 retrans
[2024-11-02T17:49:36.427107-0600]    18.2500 MB /   0.50 sec =  306.1934 Mbps     0 retrans
[2024-11-02T17:49:36.927225-0600]    19.4375 MB /   0.50 sec =  326.0582 Mbps     0 retrans
[2024-11-02T17:49:37.427005-0600]    18.9375 MB /   0.50 sec =  317.7865 Mbps     0 retrans
[2024-11-02T17:49:37.927272-0600]    16.0625 MB /   0.50 sec =  269.4021 Mbps     0 retrans
[2024-11-02T17:49:38.427057-0600]    16.1250 MB /   0.50 sec =  270.6095 Mbps     0 retrans
[2024-11-02T17:49:38.927202-0600]    24.6875 MB /   0.50 sec =  414.1271 Mbps     0 retrans
[2024-11-02T17:49:39.427164-0600]    16.6250 MB /   0.50 sec =  278.9156 Mbps     0 retrans
[2024-11-02T17:49:39.927169-0600]    19.5625 MB /   0.50 sec =  328.2141 Mbps     0 retrans
[2024-11-02T17:49:40.427196-0600]    15.9375 MB /   0.50 sec =  267.3810 Mbps     0 retrans
[2024-11-02T17:49:40.927161-0600]    18.0000 MB /   0.50 sec =  302.0104 Mbps     0 retrans
[2024-11-02T17:49:41.427114-0600]    13.1875 MB /   0.50 sec =  221.2650 Mbps     0 retrans
[2024-11-02T17:49:41.927132-0600]    23.6875 MB /   0.50 sec =  397.3904 Mbps     0 retrans
[2024-11-02T17:49:42.427148-0600]    16.4375 MB /   0.50 sec =  275.7672 Mbps     0 retrans
[2024-11-02T17:49:42.927032-0600]    18.3125 MB /   0.50 sec =  307.2543 Mbps     0 retrans
[2024-11-02T17:49:43.427204-0600]    17.1250 MB /   0.50 sec =  287.3104 Mbps     0 retrans
[2024-11-02T17:49:43.927230-0600]    16.0625 MB /   0.50 sec =  269.4296 Mbps     0 retrans
[2024-11-02T17:49:44.427108-0600]    16.6250 MB /   0.50 sec =  278.9698 Mbps     0 retrans
[2024-11-02T17:49:44.927152-0600]    15.8750 MB /   0.50 sec =  266.3356 Mbps     0 retrans
[2024-11-02T17:49:45.427357-0600]     8.5625 MB /   0.50 sec =  143.6368 Mbps     0 retrans
[2024-11-02T17:49:45.927113-0600]    13.2500 MB /   0.50 sec =  222.3292 Mbps     0 retrans
[2024-11-02T17:49:46.427145-0600]    18.6250 MB /   0.50 sec =  312.4569 Mbps     0 retrans
[2024-11-02T17:49:46.927241-0600]    17.7500 MB /   0.50 sec =  297.7539 Mbps     0 retrans
[2024-11-02T17:49:47.427198-0600]    13.6250 MB /   0.50 sec =  228.5987 Mbps     0 retrans
[2024-11-02T17:49:47.927206-0600]    23.5625 MB /   0.50 sec =  395.3400 Mbps     0 retrans
[2024-11-02T17:49:48.427089-0600]    18.1875 MB /   0.50 sec =  305.1527 Mbps     0 retrans
[2024-11-02T17:49:48.927153-0600]    18.2500 MB /   0.50 sec =  306.1964 Mbps     0 retrans
[2024-11-02T17:49:49.427196-0600]    18.2500 MB /   0.50 sec =  306.1854 Mbps     0 retrans
[2024-11-02T17:49:49.927153-0600]    19.7500 MB /   0.50 sec =  331.3407 Mbps     0 retrans
[2024-11-02T17:49:50.427113-0600]    19.3750 MB /   0.50 sec =  325.0690 Mbps     0 retrans
[2024-11-02T17:49:50.927342-0600]    14.5625 MB /   0.50 sec =  244.2420 Mbps     0 retrans
[2024-11-02T17:49:51.427061-0600]    16.0625 MB /   0.50 sec =  269.5530 Mbps     0 retrans
[2024-11-02T17:49:51.927297-0600]    11.0000 MB /   0.50 sec =  184.5077 Mbps     0 retrans
[2024-11-02T17:49:52.427055-0600]    13.1875 MB /   0.50 sec =  221.3230 Mbps     0 retrans
[2024-11-02T17:49:52.927239-0600]    10.0625 MB /   0.50 sec =  168.7826 Mbps     0 retrans
[2024-11-02T17:49:53.427256-0600]     7.6875 MB /   0.50 sec =  128.9694 Mbps     0 retrans
[2024-11-02T17:49:53.927185-0600]    13.6875 MB /   0.50 sec =  229.6799 Mbps     0 retrans
[2024-11-02T17:49:54.427006-0600]    11.4375 MB /   0.50 sec =  191.9051 Mbps     0 retrans
[2024-11-02T17:49:54.927166-0600]    10.2500 MB /   0.50 sec =  171.9458 Mbps     0 retrans
[2024-11-02T17:49:55.427121-0600]    15.0625 MB /   0.50 sec =  252.7149 Mbps     0 retrans
[2024-11-02T17:49:55.927196-0600]     7.0000 MB /   0.50 sec =  117.4267 Mbps     0 retrans
[2024-11-02T17:49:56.427107-0600]    11.3125 MB /   0.50 sec =  189.8230 Mbps     0 retrans
[2024-11-02T17:49:56.927114-0600]    13.0000 MB /   0.50 sec =  218.1003 Mbps     0 retrans
[2024-11-02T17:49:57.427084-0600]    13.5000 MB /   0.50 sec =  226.4951 Mbps     0 retrans
[2024-11-02T17:49:57.927341-0600]    14.9375 MB /   0.50 sec =  250.6016 Mbps     0 retrans
[2024-11-02T17:49:58.427191-0600]    13.3750 MB /   0.50 sec =  224.3755 Mbps     0 retrans
[2024-11-02T17:49:58.927043-0600]    14.3750 MB /   0.50 sec =  241.2024 Mbps     0 retrans
[2024-11-02T17:49:59.427176-0600]    13.9375 MB /   0.50 sec =  233.8114 Mbps     0 retrans
[2024-11-02T17:49:59.927166-0600]    16.6875 MB /   0.50 sec =  279.9776 Mbps     0 retrans
[2024-11-02T17:50:00.427124-0600]    16.3750 MB /   0.50 sec =  274.7187 Mbps     0 retrans
[2024-11-02T17:50:00.927157-0600]    15.5000 MB /   0.50 sec =  260.0593 Mbps     0 retrans
End time: 1730591401150
