Start time: 1730583581810
[2024-11-02T15:39:42.990404-0600] nuttcp-r: v8.1.4: socket
[2024-11-02T15:39:42.991280-0600] nuttcp-r: buflen=65536, nstream=1, port=6110 tcp
[2024-11-02T15:39:42.991348-0600] nuttcp-r: interval reporting every 0.50 seconds
[2024-11-02T15:39:42.991395-0600] nuttcp-r: connect to 54.176.53.206 with RTT=54.350 ms af=inet
[2024-11-02T15:39:42.991439-0600] nuttcp-r: send window size = 2097152, receive window size = 6291456
[2024-11-02T15:39:42.991478-0600] nuttcp-r: available send window = 1572864, available receive window = 4718592
[2024-11-02T15:39:42.991516-0600]     0.7500 MB /   0.50 sec =   12.5808 Mbps     0 retrans
[2024-11-02T15:39:43.490369-0600]     8.0000 MB /   0.50 sec =  134.2011 Mbps     0 retrans
[2024-11-02T15:39:43.990948-0600]     7.8750 MB /   0.50 sec =  132.1272 Mbps     0 retrans
[2024-11-02T15:39:44.490773-0600]    14.0625 MB /   0.50 sec =  235.9603 Mbps     0 retrans
[2024-11-02T15:39:44.990730-0600]    16.5000 MB /   0.50 sec =  276.7997 Mbps     0 retrans
[2024-11-02T15:39:45.490558-0600]    17.3750 MB /   0.50 sec =  291.5175 Mbps     0 retrans
[2024-11-02T15:39:45.990200-0600]    19.4375 MB /   0.50 sec =  326.1287 Mbps     0 retrans
[2024-11-02T15:39:46.490688-0600]    19.3750 MB /   0.50 sec =  324.7741 Mbps     0 retrans
[2024-11-02T15:39:46.990375-0600]    17.8125 MB /   0.50 sec =  299.0499 Mbps     0 retrans
[2024-11-02T15:39:47.490279-0600]    20.5625 MB /   0.50 sec =  345.0471 Mbps     0 retrans
[2024-11-02T15:39:47.990430-0600]    23.1250 MB /   0.50 sec =  387.8955 Mbps     0 retrans
[2024-11-02T15:39:48.490533-0600]    16.3750 MB /   0.50 sec =  274.7352 Mbps     0 retrans
[2024-11-02T15:39:48.990250-0600]    14.9375 MB /   0.50 sec =  250.6277 Mbps     0 retrans
[2024-11-02T15:39:49.490368-0600]    19.0625 MB /   0.50 sec =  319.8611 Mbps     0 retrans
[2024-11-02T15:39:49.990319-0600]    21.1875 MB /   0.50 sec =  355.4282 Mbps     0 retrans
[2024-11-02T15:39:50.490270-0600]    26.5625 MB /   0.50 sec =  445.6564 Mbps     0 retrans
[2024-11-02T15:39:50.990296-0600]    22.3125 MB /   0.50 sec =  374.3394 Mbps     0 retrans
[2024-11-02T15:39:51.490173-0600]    23.3750 MB /   0.50 sec =  392.1917 Mbps     0 retrans
[2024-11-02T15:39:51.990266-0600]    12.6250 MB /   0.50 sec =  211.7975 Mbps     0 retrans
[2024-11-02T15:39:52.490816-0600]    17.1875 MB /   0.50 sec =  288.1331 Mbps     0 retrans
[2024-11-02T15:39:52.990177-0600]    16.7500 MB /   0.50 sec =  281.2642 Mbps     0 retrans
[2024-11-02T15:39:53.490285-0600]     3.7500 MB /   0.50 sec =   62.9068 Mbps     0 retrans
[2024-11-02T15:39:53.990404-0600]     8.5625 MB /   0.50 sec =  143.6434 Mbps     0 retrans
[2024-11-02T15:39:54.490936-0600]    20.4375 MB /   0.50 sec =  342.6020 Mbps     0 retrans
[2024-11-02T15:39:54.990260-0600]    18.9375 MB /   0.50 sec =  318.0448 Mbps     0 retrans
[2024-11-02T15:39:55.490481-0600]    16.1875 MB /   0.50 sec =  271.5649 Mbps     0 retrans
[2024-11-02T15:39:55.990297-0600]    20.7500 MB /   0.50 sec =  348.1168 Mbps     0 retrans
[2024-11-02T15:39:56.490679-0600]    23.3750 MB /   0.50 sec =  392.1753 Mbps     0 retrans
[2024-11-02T15:39:56.990283-0600]    24.1250 MB /   0.50 sec =  404.7552 Mbps     0 retrans
[2024-11-02T15:39:57.490361-0600]    26.9375 MB /   0.50 sec =  451.8893 Mbps     0 retrans
[2024-11-02T15:39:57.990696-0600]    20.1250 MB /   0.50 sec =  337.4842 Mbps     0 retrans
[2024-11-02T15:39:58.490216-0600]    11.0000 MB /   0.50 sec =  184.6520 Mbps     0 retrans
[2024-11-02T15:39:58.990828-0600]    15.8125 MB /   0.50 sec =  265.2415 Mbps     0 retrans
[2024-11-02T15:39:59.490734-0600]     7.3125 MB /   0.50 sec =  122.6064 Mbps     0 retrans
[2024-11-02T15:39:59.990373-0600]    16.7500 MB /   0.50 sec =  281.2107 Mbps     0 retrans
[2024-11-02T15:40:00.490693-0600]    21.2500 MB /   0.50 sec =  356.2707 Mbps     0 retrans
[2024-11-02T15:40:00.990337-0600]    22.3750 MB /   0.50 sec =  375.6569 Mbps     0 retrans
[2024-11-02T15:40:01.490737-0600]    25.3125 MB /   0.50 sec =  424.3372 Mbps     0 retrans
[2024-11-02T15:40:01.990502-0600]    27.3125 MB /   0.50 sec =  458.4661 Mbps     0 retrans
[2024-11-02T15:40:02.490455-0600]    31.0625 MB /   0.50 sec =  521.2236 Mbps     0 retrans
[2024-11-02T15:40:02.990613-0600]    32.5000 MB /   0.50 sec =  545.3064 Mbps     0 retrans
[2024-11-02T15:40:03.490318-0600]    36.9375 MB /   0.50 sec =  619.7444 Mbps     0 retrans
[2024-11-02T15:40:03.990481-0600]    39.8125 MB /   0.50 sec =  667.7613 Mbps     0 retrans
[2024-11-02T15:40:04.490172-0600]    45.1875 MB /   0.50 sec =  758.4299 Mbps     0 retrans
[2024-11-02T15:40:04.990277-0600]    44.9375 MB /   0.50 sec =  753.8990 Mbps     0 retrans
[2024-11-02T15:40:05.490324-0600]    38.6875 MB /   0.50 sec =  649.0465 Mbps     0 retrans
[2024-11-02T15:40:05.990333-0600]    40.6875 MB /   0.50 sec =  682.6025 Mbps     0 retrans
[2024-11-02T15:40:06.490648-0600]    46.8750 MB /   0.50 sec =  786.4210 Mbps     0 retrans
[2024-11-02T15:40:06.990348-0600]    39.9375 MB /   0.50 sec =  670.0186 Mbps     0 retrans
[2024-11-02T15:40:07.490691-0600]    35.0000 MB /   0.50 sec =  586.8364 Mbps     0 retrans
[2024-11-02T15:40:07.990183-0600]    47.0000 MB /   0.50 sec =  789.1289 Mbps     0 retrans
[2024-11-02T15:40:08.490341-0600]    46.9375 MB /   0.50 sec =  787.4507 Mbps     0 retrans
[2024-11-02T15:40:08.990168-0600]    47.8750 MB /   0.50 sec =  803.2574 Mbps     0 retrans
[2024-11-02T15:40:09.490209-0600]    38.0625 MB /   0.50 sec =  638.5636 Mbps     0 retrans
[2024-11-02T15:40:09.990428-0600]    39.4375 MB /   0.50 sec =  661.3948 Mbps     0 retrans
[2024-11-02T15:40:10.490362-0600]    30.6875 MB /   0.50 sec =  514.9610 Mbps     0 retrans
[2024-11-02T15:40:10.990346-0600]    22.8750 MB /   0.50 sec =  383.7988 Mbps     0 retrans
[2024-11-02T15:40:11.490200-0600]    19.3125 MB /   0.50 sec =  324.0508 Mbps     0 retrans
[2024-11-02T15:40:11.990284-0600]    31.0625 MB /   0.50 sec =  521.1048 Mbps     0 retrans
[2024-11-02T15:40:12.490711-0600]    34.6250 MB /   0.50 sec =  580.8972 Mbps     0 retrans
[2024-11-02T15:40:12.990432-0600]    31.0000 MB /   0.50 sec =  519.9783 Mbps     0 retrans
[2024-11-02T15:40:13.490435-0600]    30.8125 MB /   0.50 sec =  517.0721 Mbps     0 retrans
[2024-11-02T15:40:13.990357-0600]    25.4375 MB /   0.50 sec =  426.7269 Mbps     0 retrans
[2024-11-02T15:40:14.490174-0600]    29.5000 MB /   0.50 sec =  495.0170 Mbps     0 retrans
[2024-11-02T15:40:14.990176-0600]    22.6250 MB /   0.50 sec =  379.5944 Mbps     0 retrans
[2024-11-02T15:40:15.490512-0600]    35.3750 MB /   0.50 sec =  593.2093 Mbps     0 retrans
[2024-11-02T15:40:15.990608-0600]    19.9375 MB /   0.50 sec =  334.5921 Mbps     0 retrans
[2024-11-02T15:40:16.490341-0600]    32.7500 MB /   0.50 sec =  549.4791 Mbps     0 retrans
[2024-11-02T15:40:16.990571-0600]    22.0000 MB /   0.50 sec =  369.0500 Mbps     0 retrans
[2024-11-02T15:40:17.490474-0600]    28.1875 MB /   0.50 sec =  472.9835 Mbps     0 retrans
[2024-11-02T15:40:17.990761-0600]    27.0000 MB /   0.50 sec =  452.9115 Mbps     0 retrans
[2024-11-02T15:40:18.490167-0600]    18.9375 MB /   0.50 sec =  317.8056 Mbps     0 retrans
[2024-11-02T15:40:18.990368-0600]    22.6250 MB /   0.50 sec =  379.5162 Mbps     0 retrans
[2024-11-02T15:40:19.490315-0600]    20.1875 MB /   0.50 sec =  338.7083 Mbps     0 retrans
[2024-11-02T15:40:19.990336-0600]    10.8125 MB /   0.50 sec =  181.4004 Mbps     0 retrans
[2024-11-02T15:40:20.490324-0600]    14.4375 MB /   0.50 sec =  242.2254 Mbps     0 retrans
[2024-11-02T15:40:20.990167-0600]    18.5625 MB /   0.50 sec =  311.4632 Mbps     0 retrans
[2024-11-02T15:40:21.490306-0600]    16.6250 MB /   0.50 sec =  278.9034 Mbps     0 retrans
[2024-11-02T15:40:21.990203-0600]    20.0000 MB /   0.50 sec =  335.5571 Mbps     0 retrans
[2024-11-02T15:40:22.490336-0600]    18.3125 MB /   0.50 sec =  307.1990 Mbps     0 retrans
[2024-11-02T15:40:22.990267-0600]    23.5625 MB /   0.50 sec =  395.3464 Mbps     0 retrans
[2024-11-02T15:40:23.490496-0600]    20.6250 MB /   0.50 sec =  346.0079 Mbps     0 retrans
[2024-11-02T15:40:23.990285-0600]    21.5000 MB /   0.50 sec =  360.7260 Mbps     0 retrans
[2024-11-02T15:40:24.490191-0600]    22.6875 MB /   0.50 sec =  380.6597 Mbps     0 retrans
[2024-11-02T15:40:24.990351-0600]    27.0625 MB /   0.50 sec =  453.9726 Mbps     0 retrans
[2024-11-02T15:40:25.490740-0600]    30.7500 MB /   0.50 sec =  515.8891 Mbps     0 retrans
[2024-11-02T15:40:25.990292-0600]    34.9375 MB /   0.50 sec =  586.2126 Mbps     0 retrans
[2024-11-02T15:40:26.490399-0600]    22.9375 MB /   0.50 sec =  384.8028 Mbps     0 retrans
[2024-11-02T15:40:26.990580-0600]    24.3750 MB /   0.50 sec =  408.8081 Mbps     0 retrans
[2024-11-02T15:40:27.490362-0600]    24.5000 MB /   0.50 sec =  411.2178 Mbps     0 retrans
[2024-11-02T15:40:27.990300-0600]    10.6875 MB /   0.50 sec =  179.3054 Mbps     0 retrans
[2024-11-02T15:40:28.491114-0600]    13.6875 MB /   0.50 sec =  229.4413 Mbps     0 retrans
[2024-11-02T15:40:28.990934-0600]     3.2500 MB /   0.50 sec =   54.5674 Mbps     0 retrans
[2024-11-02T15:40:29.490751-0600]     7.9375 MB /   0.50 sec =  133.1646 Mbps     0 retrans
[2024-11-02T15:40:29.990642-0600]     3.0000 MB /   0.50 sec =   50.3369 Mbps     0 retrans
[2024-11-02T15:40:30.490308-0600]     2.4375 MB /   0.50 sec =   40.8902 Mbps     0 retrans
[2024-11-02T15:40:30.990326-0600]    17.0625 MB /   0.50 sec =  286.2773 Mbps     0 retrans
[2024-11-02T15:40:31.490350-0600]    23.6875 MB /   0.50 sec =  397.3809 Mbps     0 retrans
[2024-11-02T15:40:31.990252-0600]    24.7500 MB /   0.50 sec =  415.2917 Mbps     0 retrans
[2024-11-02T15:40:32.490320-0600]    25.4375 MB /   0.50 sec =  426.7397 Mbps     0 retrans
[2024-11-02T15:40:32.990531-0600]    10.0625 MB /   0.50 sec =  168.8059 Mbps     0 retrans
[2024-11-02T15:40:33.490352-0600]    10.9375 MB /   0.50 sec =  183.5092 Mbps     0 retrans
[2024-11-02T15:40:33.990192-0600]     0.0000 MB /   0.50 sec =    0.0000 Mbps     0 retrans
[2024-11-02T15:40:34.490167-0600]    12.6250 MB /   0.50 sec =  211.8149 Mbps     0 retrans
[2024-11-02T15:40:34.990416-0600]     5.8125 MB /   0.50 sec =   97.4944 Mbps     0 retrans
[2024-11-02T15:40:35.490236-0600]    13.3750 MB /   0.50 sec =  224.4446 Mbps     0 retrans
[2024-11-02T15:40:35.990251-0600]     8.4375 MB /   0.50 sec =  141.5453 Mbps     0 retrans
[2024-11-02T15:40:36.490538-0600]    19.2500 MB /   0.50 sec =  322.8794 Mbps     0 retrans
[2024-11-02T15:40:36.991887-0600]    19.6875 MB /   0.50 sec =  329.6501 Mbps     0 retrans
[2024-11-02T15:40:37.490998-0600]    25.2500 MB /   0.50 sec =  424.1371 Mbps     0 retrans
[2024-11-02T15:40:37.990873-0600]    22.8750 MB /   0.50 sec =  384.1007 Mbps     0 retrans
[2024-11-02T15:40:38.490239-0600]    13.0625 MB /   0.50 sec =  219.1835 Mbps     0 retrans
[2024-11-02T15:40:38.990717-0600]    14.3750 MB /   0.50 sec =  240.9758 Mbps     0 retrans
[2024-11-02T15:40:39.490365-0600]    26.8750 MB /   0.50 sec =  451.2324 Mbps     0 retrans
[2024-11-02T15:40:39.990306-0600]    26.5625 MB /   0.50 sec =  445.7001 Mbps     0 retrans
[2024-11-02T15:40:40.490426-0600]    25.3125 MB /   0.50 sec =  424.5663 Mbps     0 retrans
[2024-11-02T15:40:40.990649-0600]    30.2500 MB /   0.50 sec =  507.4905 Mbps     0 retrans
[2024-11-02T15:40:41.490373-0600]    25.0625 MB /   0.50 sec =  420.5925 Mbps     0 retrans
[2024-11-02T15:40:41.990470-0600]    38.0000 MB /   0.50 sec =  637.5852 Mbps     0 retrans
[2024-11-02T15:40:42.490552-0600]    17.3125 MB /   0.50 sec =  290.3214 Mbps     0 retrans
[2024-11-02T15:40:42.990992-0600]    18.3750 MB /   0.50 sec =  308.0054 Mbps     0 retrans
[2024-11-02T15:40:43.490556-0600]    17.3750 MB /   0.50 sec =  291.7504 Mbps     0 retrans
[2024-11-02T15:40:43.990308-0600]    23.8125 MB /   0.50 sec =  399.7257 Mbps     0 retrans
[2024-11-02T15:40:44.490296-0600]    22.3125 MB /   0.50 sec =  374.3162 Mbps     0 retrans
[2024-11-02T15:40:44.990324-0600]    27.9375 MB /   0.50 sec =  468.6591 Mbps     0 retrans
[2024-11-02T15:40:45.490335-0600]    28.8125 MB /   0.50 sec =  483.3955 Mbps     0 retrans
[2024-11-02T15:40:45.990265-0600]    27.8125 MB /   0.50 sec =  466.6583 Mbps     0 retrans
[2024-11-02T15:40:46.490343-0600]    18.0000 MB /   0.50 sec =  301.9603 Mbps     0 retrans
[2024-11-02T15:40:46.990350-0600]    20.4375 MB /   0.50 sec =  342.9173 Mbps     0 retrans
[2024-11-02T15:40:47.490701-0600]    23.0625 MB /   0.50 sec =  386.9106 Mbps     0 retrans
[2024-11-02T15:40:47.990270-0600]    24.6250 MB /   0.50 sec =  413.1563 Mbps     0 retrans
[2024-11-02T15:40:48.490523-0600]    22.8750 MB /   0.50 sec =  383.7811 Mbps     0 retrans
[2024-11-02T15:40:48.990399-0600]    27.0625 MB /   0.50 sec =  453.9435 Mbps     0 retrans
[2024-11-02T15:40:49.490237-0600]    23.5625 MB /   0.50 sec =  395.3875 Mbps     0 retrans
[2024-11-02T15:40:49.990332-0600]    22.6250 MB /   0.50 sec =  379.5648 Mbps     0 retrans
[2024-11-02T15:40:50.490426-0600]    26.9375 MB /   0.50 sec =  451.8441 Mbps     0 retrans
[2024-11-02T15:40:50.990426-0600]    14.1875 MB /   0.50 sec =  238.0315 Mbps     0 retrans
[2024-11-02T15:40:51.490831-0600]    20.5625 MB /   0.50 sec =  344.9491 Mbps     0 retrans
[2024-11-02T15:40:51.990416-0600]    28.3750 MB /   0.50 sec =  476.2135 Mbps     0 retrans
[2024-11-02T15:40:52.490537-0600]    20.6250 MB /   0.50 sec =  345.9374 Mbps     0 retrans
[2024-11-02T15:40:52.990736-0600]    29.6250 MB /   0.50 sec =  497.0002 Mbps     0 retrans
[2024-11-02T15:40:53.490306-0600]    26.2500 MB /   0.50 sec =  440.5411 Mbps     0 retrans
[2024-11-02T15:40:53.990481-0600]    29.0000 MB /   0.50 sec =  486.3486 Mbps     0 retrans
[2024-11-02T15:40:54.490423-0600]    30.1250 MB /   0.50 sec =  505.6179 Mbps     0 retrans
[2024-11-02T15:40:54.990321-0600]    21.6875 MB /   0.50 sec =  363.8319 Mbps     0 retrans
[2024-11-02T15:40:55.490431-0600]    32.3125 MB /   0.50 sec =  542.1485 Mbps     0 retrans
[2024-11-02T15:40:55.990332-0600]    25.0000 MB /   0.50 sec =  419.3725 Mbps     0 retrans
[2024-11-02T15:40:56.490404-0600]    18.3750 MB /   0.50 sec =  308.3239 Mbps     0 retrans
[2024-11-02T15:40:56.990592-0600]    17.5000 MB /   0.50 sec =  293.4604 Mbps     0 retrans
[2024-11-02T15:40:57.490483-0600]    18.1875 MB /   0.50 sec =  305.1893 Mbps     0 retrans
[2024-11-02T15:40:57.990776-0600]    24.1250 MB /   0.50 sec =  404.8062 Mbps     0 retrans
[2024-11-02T15:40:58.490751-0600]    19.4375 MB /   0.50 sec =  325.8712 Mbps     0 retrans
[2024-11-02T15:40:58.990341-0600]    12.8750 MB /   0.50 sec =  216.1844 Mbps     0 retrans
[2024-11-02T15:40:59.490622-0600]     9.7500 MB /   0.50 sec =  163.5102 Mbps     0 retrans
[2024-11-02T15:40:59.990839-0600]    16.3125 MB /   0.50 sec =  273.5202 Mbps     0 retrans
[2024-11-02T15:41:00.490350-0600]    21.0000 MB /   0.50 sec =  352.6848 Mbps     0 retrans
[2024-11-02T15:41:00.990298-0600]    18.7500 MB /   0.50 sec =  314.5709 Mbps     0 retrans
[2024-11-02T15:41:01.490381-0600]    17.7500 MB /   0.50 sec =  297.8039 Mbps     0 retrans
[2024-11-02T15:41:01.990684-0600]    13.3750 MB /   0.50 sec =  224.3342 Mbps     0 retrans
[2024-11-02T15:41:02.490509-0600]    12.7500 MB /   0.50 sec =  213.9219 Mbps     0 retrans
[2024-11-02T15:41:02.990309-0600]    20.4375 MB /   0.50 sec =  342.9193 Mbps     0 retrans
[2024-11-02T15:41:03.490380-0600]     7.4375 MB /   0.50 sec =  124.7968 Mbps     0 retrans
[2024-11-02T15:41:03.990309-0600]    14.6875 MB /   0.50 sec =  246.3922 Mbps     0 retrans
[2024-11-02T15:41:04.490292-0600]    13.8125 MB /   0.50 sec =  231.7534 Mbps     0 retrans
[2024-11-02T15:41:04.990721-0600]    10.5625 MB /   0.50 sec =  177.1126 Mbps     0 retrans
[2024-11-02T15:41:05.490847-0600]     6.0625 MB /   0.50 sec =  101.6621 Mbps     0 retrans
[2024-11-02T15:41:05.990505-0600]    10.6250 MB /   0.50 sec =  178.3835 Mbps     0 retrans
[2024-11-02T15:41:06.490276-0600]    15.6250 MB /   0.50 sec =  262.2290 Mbps     0 retrans
[2024-11-02T15:41:06.990304-0600]    12.2500 MB /   0.50 sec =  205.5045 Mbps     0 retrans
[2024-11-02T15:41:07.490344-0600]    12.1875 MB /   0.50 sec =  204.4915 Mbps     0 retrans
[2024-11-02T15:41:07.990320-0600]    15.5000 MB /   0.50 sec =  260.0458 Mbps     0 retrans
[2024-11-02T15:41:08.490411-0600]    16.0000 MB /   0.50 sec =  268.4365 Mbps     0 retrans
[2024-11-02T15:41:08.990278-0600]    14.7500 MB /   0.50 sec =  247.4615 Mbps     0 retrans
[2024-11-02T15:41:09.490241-0600]    12.2500 MB /   0.50 sec =  205.5114 Mbps     0 retrans
[2024-11-02T15:41:09.990258-0600]    15.6875 MB /   0.50 sec =  263.2094 Mbps     0 retrans
[2024-11-02T15:41:10.490440-0600]    17.3125 MB /   0.50 sec =  290.4509 Mbps     0 retrans
[2024-11-02T15:41:10.990304-0600]    17.8125 MB /   0.50 sec =  298.8292 Mbps     0 retrans
[2024-11-02T15:41:11.490315-0600]    15.5625 MB /   0.50 sec =  261.0980 Mbps     0 retrans
[2024-11-02T15:41:11.990277-0600]    18.2500 MB /   0.50 sec =  306.1952 Mbps     0 retrans
[2024-11-02T15:41:12.490302-0600]    13.9375 MB /   0.50 sec =  233.8282 Mbps     0 retrans
[2024-11-02T15:41:12.990255-0600]    12.7500 MB /   0.50 sec =  213.8962 Mbps     0 retrans
[2024-11-02T15:41:13.490540-0600]    16.3125 MB /   0.50 sec =  273.6844 Mbps     0 retrans
[2024-11-02T15:41:13.990281-0600]     5.2500 MB /   0.50 sec =   88.0841 Mbps     0 retrans
[2024-11-02T15:41:14.490421-0600]    12.9375 MB /   0.50 sec =  217.0574 Mbps     0 retrans
[2024-11-02T15:41:14.990813-0600]     9.1875 MB /   0.50 sec =  154.0341 Mbps     0 retrans
[2024-11-02T15:41:15.490793-0600]    15.8125 MB /   0.50 sec =  265.2181 Mbps     0 retrans
[2024-11-02T15:41:15.990497-0600]    15.5000 MB /   0.50 sec =  260.2478 Mbps     0 retrans
[2024-11-02T15:41:16.490266-0600]    16.1875 MB /   0.50 sec =  271.6361 Mbps     0 retrans
[2024-11-02T15:41:16.990403-0600]    17.7500 MB /   0.50 sec =  297.7372 Mbps     0 retrans
[2024-11-02T15:41:17.490358-0600]    18.6250 MB /   0.50 sec =  312.5338 Mbps     0 retrans
[2024-11-02T15:41:17.990206-0600]    17.9375 MB /   0.50 sec =  300.9606 Mbps     0 retrans
[2024-11-02T15:41:18.490449-0600]    10.5000 MB /   0.50 sec =  176.1100 Mbps     0 retrans
[2024-11-02T15:41:18.990459-0600]     8.1875 MB /   0.50 sec =  137.3593 Mbps     0 retrans
[2024-11-02T15:41:19.490372-0600]    12.8750 MB /   0.50 sec =  216.0654 Mbps     0 retrans
[2024-11-02T15:41:19.990467-0600]    10.5000 MB /   0.50 sec =  176.1108 Mbps     0 retrans
[2024-11-02T15:41:20.490329-0600]    14.3750 MB /   0.50 sec =  241.2294 Mbps     0 retrans
[2024-11-02T15:41:20.990270-0600]    15.9375 MB /   0.50 sec =  267.4019 Mbps     0 retrans
[2024-11-02T15:41:21.490290-0600]    13.6875 MB /   0.50 sec =  229.6331 Mbps     0 retrans
[2024-11-02T15:41:21.990559-0600]     8.5625 MB /   0.50 sec =  143.6245 Mbps     0 retrans
[2024-11-02T15:41:22.490404-0600]     8.2500 MB /   0.50 sec =  138.4142 Mbps     0 retrans
[2024-11-02T15:41:22.990401-0600]    10.5625 MB /   0.50 sec =  177.2583 Mbps     0 retrans
[2024-11-02T15:41:23.490254-0600]    15.2500 MB /   0.50 sec =  255.8392 Mbps     0 retrans
[2024-11-02T15:41:23.990372-0600]     8.1250 MB /   0.50 sec =  136.2925 Mbps     0 retrans
[2024-11-02T15:41:24.490251-0600]     5.8125 MB /   0.50 sec =   97.5314 Mbps     0 retrans
[2024-11-02T15:41:24.990389-0600]     6.8750 MB /   0.50 sec =  115.3191 Mbps     0 retrans
[2024-11-02T15:41:25.490554-0600]     6.5625 MB /   0.50 sec =  110.0771 Mbps     0 retrans
[2024-11-02T15:41:25.991439-0600]     6.0000 MB /   0.50 sec =  100.4840 Mbps     0 retrans
[2024-11-02T15:41:26.491680-0600]     5.7500 MB /   0.50 sec =   96.4678 Mbps     0 retrans
[2024-11-02T15:41:26.991346-0600]     5.2500 MB /   0.50 sec =   88.0917 Mbps     0 retrans
[2024-11-02T15:41:27.490293-0600]    11.5625 MB /   0.50 sec =  194.3909 Mbps     0 retrans
[2024-11-02T15:41:27.990188-0600]    10.8125 MB /   0.50 sec =  181.4178 Mbps     0 retrans
[2024-11-02T15:41:28.490378-0600]     9.6250 MB /   0.50 sec =  161.4810 Mbps     0 retrans
[2024-11-02T15:41:28.990290-0600]    13.4375 MB /   0.50 sec =  225.4308 Mbps     0 retrans
[2024-11-02T15:41:29.490256-0600]    13.3125 MB /   0.50 sec =  223.3395 Mbps     0 retrans
[2024-11-02T15:41:29.990322-0600]    12.8125 MB /   0.50 sec =  214.9473 Mbps     0 retrans
[2024-11-02T15:41:30.490474-0600]    11.5625 MB /   0.50 sec =  193.9439 Mbps     0 retrans
[2024-11-02T15:41:30.990320-0600]    15.1875 MB /   0.50 sec =  254.8672 Mbps     0 retrans
[2024-11-02T15:41:31.490331-0600]    14.3125 MB /   0.50 sec =  240.1061 Mbps     0 retrans
[2024-11-02T15:41:31.990262-0600]    15.3125 MB /   0.50 sec =  256.9325 Mbps     0 retrans
[2024-11-02T15:41:32.490286-0600]    17.1250 MB /   0.50 sec =  287.3092 Mbps     0 retrans
[2024-11-02T15:41:32.990336-0600]    17.5000 MB /   0.50 sec =  293.5578 Mbps     0 retrans
[2024-11-02T15:41:33.490391-0600]    18.3750 MB /   0.50 sec =  308.3301 Mbps     0 retrans
[2024-11-02T15:41:33.990185-0600]    18.8750 MB /   0.50 sec =  316.6852 Mbps     0 retrans
[2024-11-02T15:41:34.490690-0600]    18.9375 MB /   0.50 sec =  317.4449 Mbps     0 retrans
[2024-11-02T15:41:34.990275-0600]    19.5000 MB /   0.50 sec =  327.4111 Mbps     0 retrans
[2024-11-02T15:41:35.490307-0600]    17.3125 MB /   0.50 sec =  290.4416 Mbps     0 retrans
[2024-11-02T15:41:35.990767-0600]    18.0625 MB /   0.50 sec =  303.0542 Mbps     0 retrans
[2024-11-02T15:41:36.490268-0600]    17.5000 MB /   0.50 sec =  293.6095 Mbps     0 retrans
[2024-11-02T15:41:36.990298-0600]    20.9375 MB /   0.50 sec =  351.2554 Mbps     0 retrans
[2024-11-02T15:41:37.490304-0600]    19.6250 MB /   0.50 sec =  329.2634 Mbps     0 retrans
[2024-11-02T15:41:37.990321-0600]     4.3750 MB /   0.50 sec =   73.3961 Mbps     0 retrans
[2024-11-02T15:41:38.490656-0600]    10.3750 MB /   0.50 sec =  173.9985 Mbps     0 retrans
[2024-11-02T15:41:38.991950-0600]    10.6250 MB /   0.50 sec =  177.9170 Mbps     0 retrans
[2024-11-02T15:41:39.490665-0600]    12.5000 MB /   0.50 sec =  210.1039 Mbps     0 retrans
[2024-11-02T15:41:39.990332-0600]    13.1250 MB /   0.50 sec =  220.3032 Mbps     0 retrans
[2024-11-02T15:41:40.490301-0600]    13.8125 MB /   0.50 sec =  231.7422 Mbps     0 retrans
[2024-11-02T15:41:40.990265-0600]    14.6875 MB /   0.50 sec =  246.4159 Mbps     0 retrans
[2024-11-02T15:41:41.490362-0600]    12.7500 MB /   0.50 sec =  213.8813 Mbps     0 retrans
[2024-11-02T15:41:41.990289-0600]    12.8125 MB /   0.50 sec =  214.9882 Mbps     0 retrans
[2024-11-02T15:41:42.490829-0600]     7.4375 MB /   0.50 sec =  124.7411 Mbps     0 retrans
End time: 1730583702951
