Start time: 1730583919630
[2024-11-02T15:45:24.705179-0600] traceroute to 54.176.53.206 (54.176.53.206), 30 hops max, 60 byte packets
[2024-11-02T15:45:24.705863-0600]  1  * * *
[2024-11-02T15:45:24.705911-0600]  2  * * *
[2024-11-02T15:45:24.705942-0600]  3  * * *
[2024-11-02T15:45:24.705971-0600]  4  * * *
[2024-11-02T15:45:24.705998-0600]  5  * * *
[2024-11-02T15:45:29.712665-0600]  6  * * *
[2024-11-02T15:45:29.712991-0600]  7  * * *
[2024-11-02T15:45:29.713082-0600]  8  * * *
[2024-11-02T15:45:29.713152-0600]  9  * * *
[2024-11-02T15:45:29.713217-0600] 10  * * *
[2024-11-02T15:45:34.721327-0600] 11  * * *
[2024-11-02T15:45:34.721794-0600] 12  * * *
[2024-11-02T15:45:34.721851-0600] 13  * * *
[2024-11-02T15:45:34.721886-0600] 14  * * *
[2024-11-02T15:45:34.721923-0600] 15  * * *
[2024-11-02T15:45:39.730290-0600] 16  * * *
[2024-11-02T15:45:39.730656-0600] 17  * * *
[2024-11-02T15:45:39.730705-0600] 18  * * *
[2024-11-02T15:45:39.730738-0600] 19  * * *
[2024-11-02T15:45:39.738961-0600] 20  * * *
[2024-11-02T15:45:39.739019-0600] 21  * * *
[2024-11-02T15:45:44.738104-0600] 22  * * *
[2024-11-02T15:45:44.738616-0600] 23  * * *
[2024-11-02T15:45:44.738748-0600] 24  * * *
[2024-11-02T15:45:44.749960-0600] 25  * * *
[2024-11-02T15:45:44.750347-0600] 26  * * *
[2024-11-02T15:45:49.695329-0600] 27  * *End time: 1730583949788
