Start time: 1730842650275
[2024-11-05T15:37:31.290976-0600] nuttcp-r: v8.1.4: socket
[2024-11-05T15:37:31.291746-0600] nuttcp-r: buflen=65536, nstream=1, port=5379 tcp
[2024-11-05T15:37:31.291818-0600] nuttcp-r: interval reporting every 0.50 seconds
[2024-11-05T15:37:31.291868-0600] nuttcp-r: connect to 54.197.223.49 with RTT=85.582 ms af=inet
[2024-11-05T15:37:31.291917-0600] nuttcp-r: send window size = 2097152, receive window size = 6291456
[2024-11-05T15:37:31.291964-0600] nuttcp-r: available send window = 1572864, available receive window = 4718592
[2024-11-05T15:37:31.292010-0600]     0.2500 MB /   0.50 sec =    4.1925 Mbps     0 retrans     13 KB-cwnd
[2024-11-05T15:37:31.790791-0600]     1.3750 MB /   0.50 sec =   23.0747 Mbps     0 retrans     13 KB-cwnd
[2024-11-05T15:37:32.290977-0600]     3.7500 MB /   0.50 sec =   62.8914 Mbps     0 retrans     13 KB-cwnd
[2024-11-05T15:37:32.790864-0600]     8.6250 MB /   0.50 sec =  144.7339 Mbps     0 retrans     13 KB-cwnd
[2024-11-05T15:37:33.290726-0600]     8.3125 MB /   0.50 sec =  139.4893 Mbps     0 retrans     13 KB-cwnd
[2024-11-05T15:37:33.790982-0600]     7.2500 MB /   0.50 sec =  121.5908 Mbps     0 retrans     13 KB-cwnd
[2024-11-05T15:37:34.290802-0600]     7.3750 MB /   0.50 sec =  123.7562 Mbps     0 retrans     13 KB-cwnd
[2024-11-05T15:37:34.790692-0600]     4.4375 MB /   0.50 sec =   74.4577 Mbps     0 retrans     13 KB-cwnd
[2024-11-05T15:37:35.290867-0600]    12.0000 MB /   0.50 sec =  201.2944 Mbps     0 retrans     13 KB-cwnd
[2024-11-05T15:37:35.791000-0600]     9.4375 MB /   0.50 sec =  158.3388 Mbps     0 retrans     13 KB-cwnd
[2024-11-05T15:37:36.290726-0600]     6.7500 MB /   0.50 sec =  113.2532 Mbps     0 retrans     13 KB-cwnd
[2024-11-05T15:37:36.790855-0600]     6.1250 MB /   0.50 sec =  102.7510 Mbps     0 retrans     13 KB-cwnd
[2024-11-05T15:37:37.290642-0600]     1.8750 MB /   0.50 sec =   31.4652 Mbps     0 retrans     13 KB-cwnd
[2024-11-05T15:37:37.790807-0600]    13.2500 MB /   0.50 sec =  222.2901 Mbps     0 retrans     13 KB-cwnd
[2024-11-05T15:37:38.290694-0600]    13.1250 MB /   0.50 sec =  220.2146 Mbps     0 retrans     13 KB-cwnd
[2024-11-05T15:37:38.790775-0600]     8.4375 MB /   0.50 sec =  141.5462 Mbps     0 retrans     13 KB-cwnd
[2024-11-05T15:37:39.291021-0600]     6.6875 MB /   0.50 sec =  112.2037 Mbps     0 retrans     13 KB-cwnd
[2024-11-05T15:37:39.790642-0600]    13.8125 MB /   0.50 sec =  231.7362 Mbps     0 retrans     13 KB-cwnd
[2024-11-05T15:37:40.290878-0600]     9.1250 MB /   0.50 sec =  153.0924 Mbps     0 retrans     13 KB-cwnd
[2024-11-05T15:37:40.791102-0600]    15.8125 MB /   0.50 sec =  265.1879 Mbps     0 retrans     13 KB-cwnd
[2024-11-05T15:37:41.290777-0600]    12.2500 MB /   0.50 sec =  205.5953 Mbps     0 retrans     13 KB-cwnd
[2024-11-05T15:37:41.790780-0600]     7.5000 MB /   0.50 sec =  125.8243 Mbps     0 retrans     13 KB-cwnd
[2024-11-05T15:37:42.290771-0600]    18.6250 MB /   0.50 sec =  312.4925 Mbps     0 retrans     13 KB-cwnd
[2024-11-05T15:37:42.790909-0600]    16.1250 MB /   0.50 sec =  270.4563 Mbps     0 retrans     13 KB-cwnd
[2024-11-05T15:37:43.290796-0600]    12.3750 MB /   0.50 sec =  207.6641 Mbps     0 retrans     17 KB-cwnd
[2024-11-05T15:37:43.790889-0600]    10.8125 MB /   0.50 sec =  181.4018 Mbps     0 retrans     23 KB-cwnd
[2024-11-05T15:37:44.290932-0600]     4.4375 MB /   0.50 sec =   74.4239 Mbps     0 retrans     23 KB-cwnd
[2024-11-05T15:37:44.790833-0600]    12.8125 MB /   0.50 sec =  214.9985 Mbps     0 retrans     23 KB-cwnd
[2024-11-05T15:37:45.290640-0600]     8.5625 MB /   0.50 sec =  143.6923 Mbps     0 retrans     26 KB-cwnd
[2024-11-05T15:37:45.790719-0600]     6.6875 MB /   0.50 sec =  112.1826 Mbps     0 retrans     26 KB-cwnd
[2024-11-05T15:37:46.291010-0600]    10.5000 MB /   0.50 sec =  176.0907 Mbps     0 retrans     26 KB-cwnd
[2024-11-05T15:37:46.790700-0600]     4.3125 MB /   0.50 sec =   72.3806 Mbps     0 retrans     26 KB-cwnd
[2024-11-05T15:37:47.290754-0600]    13.7500 MB /   0.50 sec =  230.7019 Mbps     0 retrans     26 KB-cwnd
[2024-11-05T15:37:47.790780-0600]    14.0000 MB /   0.50 sec =  234.8514 Mbps     0 retrans     26 KB-cwnd
[2024-11-05T15:37:48.290844-0600]     7.4375 MB /   0.50 sec =  124.7698 Mbps     0 retrans     26 KB-cwnd
[2024-11-05T15:37:48.790774-0600]    12.2500 MB /   0.50 sec =  205.5591 Mbps     0 retrans     26 KB-cwnd
[2024-11-05T15:37:49.290771-0600]    16.0000 MB /   0.50 sec =  268.4419 Mbps     0 retrans     26 KB-cwnd
[2024-11-05T15:37:49.790906-0600]     3.6875 MB /   0.50 sec =   61.8489 Mbps     0 retrans     26 KB-cwnd
[2024-11-05T15:37:50.290632-0600]    16.6875 MB /   0.50 sec =  280.0695 Mbps     0 retrans     26 KB-cwnd
[2024-11-05T15:37:50.790867-0600]     0.7500 MB /   0.50 sec =   12.5789 Mbps     0 retrans     26 KB-cwnd
[2024-11-05T15:37:51.290847-0600]    13.0000 MB /   0.50 sec =  218.0990 Mbps     0 retrans     26 KB-cwnd
[2024-11-05T15:37:51.790664-0600]    11.4375 MB /   0.50 sec =  191.9401 Mbps     0 retrans     26 KB-cwnd
[2024-11-05T15:37:52.290741-0600]     3.0000 MB /   0.50 sec =   50.3275 Mbps     0 retrans     26 KB-cwnd
[2024-11-05T15:37:52.790945-0600]     3.1250 MB /   0.50 sec =   52.4237 Mbps     0 retrans     26 KB-cwnd
[2024-11-05T15:37:53.290948-0600]    10.2500 MB /   0.50 sec =  171.9599 Mbps     0 retrans     29 KB-cwnd
[2024-11-05T15:37:53.790795-0600]     4.8750 MB /   0.50 sec =   81.7922 Mbps     0 retrans     29 KB-cwnd
[2024-11-05T15:37:54.290861-0600]     5.3750 MB /   0.50 sec =   90.1719 Mbps  6043 retrans   7318 KB-cwnd
[2024-11-05T15:37:54.790874-0600]     0.0000 MB /   0.50 sec =    0.0000 Mbps     0 retrans   7318 KB-cwnd
[2024-11-05T15:37:55.290919-0600]     3.6875 MB /   0.50 sec =   61.8725 Mbps     0 retrans   7318 KB-cwnd
[2024-11-05T15:37:55.790875-0600]     0.6250 MB /   0.50 sec =   10.4849 Mbps     0 retrans   7318 KB-cwnd
[2024-11-05T15:37:56.290880-0600]     3.6250 MB /   0.50 sec =   60.8146 Mbps     0 retrans   7318 KB-cwnd
[2024-11-05T15:37:56.790827-0600]     0.4375 MB /   0.50 sec =    7.3408 Mbps     0 retrans   7318 KB-cwnd
[2024-11-05T15:37:57.290720-0600]     5.1875 MB /   0.50 sec =   87.0492 Mbps     0 retrans   7318 KB-cwnd
[2024-11-05T15:37:57.790813-0600]     1.5625 MB /   0.50 sec =   26.2092 Mbps     0 retrans   7318 KB-cwnd
[2024-11-05T15:37:58.290940-0600]     0.0000 MB /   0.50 sec =    0.0000 Mbps     0 retrans   7318 KB-cwnd
[2024-11-05T15:37:58.790862-0600]     0.0000 MB /   0.50 sec =    0.0000 Mbps     0 retrans   7318 KB-cwnd
[2024-11-05T15:37:59.290855-0600]     0.0000 MB /   0.50 sec =    0.0000 Mbps     0 retrans   7318 KB-cwnd
[2024-11-05T15:37:59.790833-0600]     5.4375 MB /   0.50 sec =   91.2303 Mbps     0 retrans   7318 KB-cwnd
[2024-11-05T15:38:00.290947-0600]     0.0000 MB /   0.50 sec =    0.0000 Mbps     0 retrans   7318 KB-cwnd
[2024-11-05T15:38:00.790817-0600]     5.5000 MB /   0.50 sec =   92.2797 Mbps     0 retrans   7438 KB-cwnd
[2024-11-05T15:38:01.290717-0600]     6.0625 MB /   0.50 sec =  101.7296 Mbps     0 retrans   7438 KB-cwnd
[2024-11-05T15:38:01.790868-0600]     0.1250 MB /   0.50 sec =    2.0966 Mbps     0 retrans   7438 KB-cwnd
[2024-11-05T15:38:02.290995-0600]     0.0000 MB /   0.50 sec =    0.0000 Mbps     0 retrans   7438 KB-cwnd
[2024-11-05T15:38:02.790877-0600]     0.6875 MB /   0.50 sec =   11.5366 Mbps     0 retrans   7438 KB-cwnd
[2024-11-05T15:38:03.290693-0600]     0.0000 MB /   0.50 sec =    0.0000 Mbps     0 retrans   7438 KB-cwnd
[2024-11-05T15:38:03.791130-0600]     0.0000 MB /   0.50 sec =    0.0000 Mbps     0 retrans   7438 KB-cwnd
[2024-11-05T15:38:04.290875-0600]     0.0000 MB /   0.50 sec =    0.0000 Mbps     0 retrans   7438 KB-cwnd
[2024-11-05T15:38:04.790862-0600]     4.8125 MB /   0.50 sec =   80.7410 Mbps     0 retrans   7438 KB-cwnd
[2024-11-05T15:38:05.290851-0600]     2.1250 MB /   0.50 sec =   35.6518 Mbps     0 retrans   7438 KB-cwnd
[2024-11-05T15:38:05.790728-0600]     3.5000 MB /   0.50 sec =   58.7289 Mbps     0 retrans   7438 KB-cwnd
[2024-11-05T15:38:06.290866-0600]     4.3750 MB /   0.50 sec =   73.4055 Mbps     0 retrans   7438 KB-cwnd
[2024-11-05T15:38:06.790999-0600]     4.0000 MB /   0.50 sec =   67.0948 Mbps     0 retrans   7438 KB-cwnd
[2024-11-05T15:38:07.290724-0600]     4.8125 MB /   0.50 sec =   80.7599 Mbps     0 retrans   7438 KB-cwnd
[2024-11-05T15:38:07.790678-0600]     1.1875 MB /   0.50 sec =   19.9220 Mbps     0 retrans   7438 KB-cwnd
[2024-11-05T15:38:08.290810-0600]     6.8125 MB /   0.50 sec =  114.3012 Mbps     0 retrans   7438 KB-cwnd
[2024-11-05T15:38:08.790613-0600]     5.5000 MB /   0.50 sec =   92.2797 Mbps     0 retrans   7438 KB-cwnd
[2024-11-05T15:38:09.290886-0600]     2.7500 MB /   0.50 sec =   46.1215 Mbps     0 retrans   7438 KB-cwnd
[2024-11-05T15:38:09.790725-0600]     7.8750 MB /   0.50 sec =  132.1565 Mbps     0 retrans   7438 KB-cwnd
[2024-11-05T15:38:10.291038-0600]     6.4375 MB /   0.50 sec =  107.9746 Mbps     0 retrans   7438 KB-cwnd
[2024-11-05T15:38:10.790708-0600]     9.0625 MB /   0.50 sec =  152.0864 Mbps     0 retrans   7438 KB-cwnd
[2024-11-05T15:38:11.290625-0600]     7.2500 MB /   0.50 sec =  121.6407 Mbps     0 retrans   7438 KB-cwnd
[2024-11-05T15:38:11.790880-0600]     0.8750 MB /   0.50 sec =   14.6753 Mbps     0 retrans   7438 KB-cwnd
[2024-11-05T15:38:12.290647-0600]     3.5000 MB /   0.50 sec =   58.7400 Mbps     0 retrans   7438 KB-cwnd
[2024-11-05T15:38:12.790818-0600]     5.0625 MB /   0.50 sec =   84.9122 Mbps     0 retrans   7438 KB-cwnd
[2024-11-05T15:38:13.290783-0600]    11.6875 MB /   0.50 sec =  196.1018 Mbps     0 retrans   7438 KB-cwnd
[2024-11-05T15:38:13.790775-0600]     7.9375 MB /   0.50 sec =  133.1737 Mbps     0 retrans   7395 KB-cwnd
[2024-11-05T15:38:14.290719-0600]    12.1875 MB /   0.50 sec =  204.4936 Mbps  2054 retrans   5437 KB-cwnd
[2024-11-05T15:38:14.790924-0600]     6.4375 MB /   0.50 sec =  107.9675 Mbps     0 retrans   5437 KB-cwnd
[2024-11-05T15:38:15.290822-0600]    14.2500 MB /   0.50 sec =  239.1055 Mbps     0 retrans   5437 KB-cwnd
[2024-11-05T15:38:15.790811-0600]    12.6875 MB /   0.50 sec =  212.8639 Mbps     0 retrans   5437 KB-cwnd
[2024-11-05T15:38:16.290804-0600]    15.5000 MB /   0.50 sec =  260.0957 Mbps     0 retrans   5437 KB-cwnd
[2024-11-05T15:38:16.790625-0600]    15.5000 MB /   0.50 sec =  260.0541 Mbps     0 retrans   5437 KB-cwnd
[2024-11-05T15:38:17.290869-0600]    16.0625 MB /   0.50 sec =  269.4037 Mbps 10608 retrans   3356 KB-cwnd
[2024-11-05T15:38:17.790719-0600]    13.6250 MB /   0.50 sec =  228.6454 Mbps     0 retrans   3356 KB-cwnd
[2024-11-05T15:38:18.290773-0600]     7.7500 MB /   0.50 sec =  130.0024 Mbps     0 retrans   3356 KB-cwnd
[2024-11-05T15:38:18.790812-0600]     0.3125 MB /   0.50 sec =    5.2429 Mbps     0 retrans   3356 KB-cwnd
[2024-11-05T15:38:19.290861-0600]     0.0000 MB /   0.50 sec =    0.0000 Mbps     0 retrans   3356 KB-cwnd
[2024-11-05T15:38:19.790670-0600]    20.6875 MB /   0.50 sec =  347.1752 Mbps     0 retrans   3356 KB-cwnd
[2024-11-05T15:38:20.290801-0600]     4.3125 MB /   0.50 sec =   72.3460 Mbps     0 retrans   3356 KB-cwnd
[2024-11-05T15:38:20.790714-0600]     1.6250 MB /   0.50 sec =   27.2642 Mbps     0 retrans   3356 KB-cwnd
[2024-11-05T15:38:21.290843-0600]    11.1250 MB /   0.50 sec =  186.6032 Mbps   831 retrans   5250 KB-cwnd
[2024-11-05T15:38:21.790689-0600]     0.0000 MB /   0.50 sec =    0.0000 Mbps     0 retrans   5250 KB-cwnd
[2024-11-05T15:38:22.290763-0600]     0.4375 MB /   0.50 sec =    7.3384 Mbps     0 retrans   5250 KB-cwnd
[2024-11-05T15:38:22.790932-0600]    14.5000 MB /   0.50 sec =  243.2857 Mbps     0 retrans   5250 KB-cwnd
[2024-11-05T15:38:23.290994-0600]     0.0625 MB /   0.50 sec =    1.0484 Mbps     0 retrans   5250 KB-cwnd
[2024-11-05T15:38:23.790735-0600]    12.2500 MB /   0.50 sec =  205.5776 Mbps     0 retrans   5250 KB-cwnd
[2024-11-05T15:38:24.290805-0600]     9.7500 MB /   0.50 sec =  163.5873 Mbps     0 retrans   5250 KB-cwnd
[2024-11-05T15:38:24.790895-0600]     7.8125 MB /   0.50 sec =  131.0353 Mbps     0 retrans   5250 KB-cwnd
[2024-11-05T15:38:25.290830-0600]     5.1250 MB /   0.50 sec =   85.9875 Mbps     0 retrans   5250 KB-cwnd
[2024-11-05T15:38:25.790777-0600]     0.0000 MB /   0.50 sec =    0.0000 Mbps     0 retrans   5250 KB-cwnd
[2024-11-05T15:38:26.290798-0600]    15.6875 MB /   0.50 sec =  263.1610 Mbps     0 retrans   5250 KB-cwnd
[2024-11-05T15:38:26.791173-0600]    11.3750 MB /   0.50 sec =  190.6959 Mbps    10 retrans   8679 KB-cwnd
[2024-11-05T15:38:27.290889-0600]    11.1250 MB /   0.50 sec =  186.8229 Mbps     0 retrans   8679 KB-cwnd
[2024-11-05T15:38:27.790975-0600]     4.6875 MB /   0.50 sec =   78.6264 Mbps     0 retrans   8679 KB-cwnd
[2024-11-05T15:38:28.290841-0600]    11.8750 MB /   0.50 sec =  199.2681 Mbps     0 retrans   8679 KB-cwnd
[2024-11-05T15:38:28.790685-0600]     1.3125 MB /   0.50 sec =   22.0198 Mbps     0 retrans   8679 KB-cwnd
[2024-11-05T15:38:29.290887-0600]     1.5000 MB /   0.50 sec =   25.1616 Mbps     0 retrans   8679 KB-cwnd
[2024-11-05T15:38:29.790691-0600]     7.0625 MB /   0.50 sec =  118.5085 Mbps     0 retrans   8679 KB-cwnd
[2024-11-05T15:38:30.290837-0600]    20.7500 MB /   0.50 sec =  348.1384 Mbps     0 retrans   8679 KB-cwnd
[2024-11-05T15:38:30.790866-0600]     0.0000 MB /   0.50 sec =    0.0000 Mbps     0 retrans   8679 KB-cwnd
[2024-11-05T15:38:31.290764-0600]     4.2500 MB /   0.50 sec =   71.2970 Mbps  1662 retrans   7965 KB-cwnd
[2024-11-05T15:38:31.790862-0600]    15.0625 MB /   0.50 sec =  252.6972 Mbps     0 retrans   7965 KB-cwnd
[2024-11-05T15:38:32.290941-0600]    11.0625 MB /   0.50 sec =  185.5694 Mbps     0 retrans   7965 KB-cwnd
[2024-11-05T15:38:32.790879-0600]     9.2500 MB /   0.50 sec =  155.2097 Mbps     0 retrans   7965 KB-cwnd
[2024-11-05T15:38:33.290880-0600]     0.0000 MB /   0.50 sec =    0.0000 Mbps     0 retrans   7965 KB-cwnd
[2024-11-05T15:38:33.790909-0600]     0.0000 MB /   0.50 sec =    0.0000 Mbps     0 retrans   7965 KB-cwnd
[2024-11-05T15:38:34.291029-0600]     0.0000 MB /   0.50 sec =    0.0000 Mbps     0 retrans   7965 KB-cwnd
[2024-11-05T15:38:34.790768-0600]     0.0000 MB /   0.50 sec =    0.0000 Mbps     0 retrans   7965 KB-cwnd
[2024-11-05T15:38:35.290873-0600]     0.0000 MB /   0.50 sec =    0.0000 Mbps     0 retrans   7965 KB-cwnd
[2024-11-05T15:38:35.790811-0600]     0.0000 MB /   0.50 sec =    0.0000 Mbps     0 retrans   7965 KB-cwnd
[2024-11-05T15:38:36.291047-0600]     6.8750 MB /   0.50 sec =  115.3175 Mbps     0 retrans   7965 KB-cwnd
[2024-11-05T15:38:36.790724-0600]     5.0000 MB /   0.50 sec =   83.9131 Mbps     0 retrans   7965 KB-cwnd
[2024-11-05T15:38:37.290928-0600]     8.8125 MB /   0.50 sec =  147.8058 Mbps     0 retrans   7965 KB-cwnd
[2024-11-05T15:38:37.790819-0600]     2.3750 MB /   0.50 sec =   39.8508 Mbps     0 retrans   7965 KB-cwnd
[2024-11-05T15:38:38.290897-0600]    15.8750 MB /   0.50 sec =  266.3085 Mbps  2672 retrans   6620 KB-cwnd
[2024-11-05T15:38:38.790903-0600]    17.5625 MB /   0.50 sec =  294.6387 Mbps     0 retrans   6620 KB-cwnd
[2024-11-05T15:38:39.290839-0600]     7.9375 MB /   0.50 sec =  133.1851 Mbps     0 retrans   6620 KB-cwnd
[2024-11-05T15:38:39.790710-0600]    13.8125 MB /   0.50 sec =  231.7863 Mbps     0 retrans   6620 KB-cwnd
[2024-11-05T15:38:40.290929-0600]     5.5625 MB /   0.50 sec =   93.2908 Mbps     0 retrans   6620 KB-cwnd
[2024-11-05T15:38:40.790778-0600]    15.4375 MB /   0.50 sec =  259.0765 Mbps     0 retrans   6620 KB-cwnd
[2024-11-05T15:38:41.290839-0600]     4.5625 MB /   0.50 sec =   76.5330 Mbps     0 retrans   6620 KB-cwnd
[2024-11-05T15:38:41.790721-0600]    17.7500 MB /   0.50 sec =  297.8546 Mbps  2081 retrans   6653 KB-cwnd
[2024-11-05T15:38:42.290793-0600]     5.2500 MB /   0.50 sec =   88.0732 Mbps     0 retrans   6653 KB-cwnd
[2024-11-05T15:38:42.790871-0600]    18.3125 MB /   0.50 sec =  307.1848 Mbps     0 retrans   6749 KB-cwnd
[2024-11-05T15:38:43.290714-0600]    14.0625 MB /   0.50 sec =  235.9735 Mbps     0 retrans   6753 KB-cwnd
[2024-11-05T15:38:43.790709-0600]     2.3125 MB /   0.50 sec =   38.7968 Mbps     0 retrans   6753 KB-cwnd
[2024-11-05T15:38:44.290879-0600]    12.9375 MB /   0.50 sec =  217.0127 Mbps     0 retrans   6753 KB-cwnd
[2024-11-05T15:38:44.790808-0600]     9.5625 MB /   0.50 sec =  160.4536 Mbps  1794 retrans   8899 KB-cwnd
[2024-11-05T15:38:45.290804-0600]    13.5625 MB /   0.50 sec =  227.5396 Mbps     0 retrans   8964 KB-cwnd
[2024-11-05T15:38:45.790832-0600]    16.1250 MB /   0.50 sec =  270.5662 Mbps     0 retrans   9140 KB-cwnd
[2024-11-05T15:38:46.290880-0600]    14.6875 MB /   0.50 sec =  246.3420 Mbps     0 retrans   9140 KB-cwnd
[2024-11-05T15:38:46.790742-0600]     5.0625 MB /   0.50 sec =   84.9625 Mbps     0 retrans   9140 KB-cwnd
[2024-11-05T15:38:47.290943-0600]     0.0000 MB /   0.50 sec =    0.0000 Mbps     0 retrans   9140 KB-cwnd
[2024-11-05T15:38:47.790792-0600]    15.0625 MB /   0.50 sec =  252.7210 Mbps     0 retrans   9140 KB-cwnd
[2024-11-05T15:38:48.290908-0600]     7.5625 MB /   0.50 sec =  126.8571 Mbps   294 retrans   8676 KB-cwnd
[2024-11-05T15:38:48.790850-0600]    19.5625 MB /   0.50 sec =  328.2470 Mbps     0 retrans   8676 KB-cwnd
[2024-11-05T15:38:49.290717-0600]    19.3750 MB /   0.50 sec =  325.1145 Mbps     0 retrans   8676 KB-cwnd
[2024-11-05T15:38:49.790787-0600]     7.5625 MB /   0.50 sec =  126.8615 Mbps     0 retrans   8676 KB-cwnd
[2024-11-05T15:38:50.290806-0600]    11.2500 MB /   0.50 sec =  188.7701 Mbps     0 retrans   8676 KB-cwnd
[2024-11-05T15:38:50.790691-0600]     0.0000 MB /   0.50 sec =    0.0000 Mbps     0 retrans   8676 KB-cwnd
[2024-11-05T15:38:51.290807-0600]     0.0000 MB /   0.50 sec =    0.0000 Mbps     0 retrans   8676 KB-cwnd
[2024-11-05T15:38:51.790957-0600]     0.0000 MB /   0.50 sec =    0.0000 Mbps     0 retrans   8676 KB-cwnd
[2024-11-05T15:38:52.290869-0600]     0.0000 MB /   0.50 sec =    0.0000 Mbps     0 retrans   8676 KB-cwnd
[2024-11-05T15:38:52.790856-0600]     4.8125 MB /   0.50 sec =   80.7449 Mbps     0 retrans   8676 KB-cwnd
[2024-11-05T15:38:53.290857-0600]     5.2500 MB /   0.50 sec =   88.0816 Mbps     0 retrans   8676 KB-cwnd
[2024-11-05T15:38:53.790919-0600]     0.4375 MB /   0.50 sec =    7.3405 Mbps     0 retrans   8676 KB-cwnd
[2024-11-05T15:38:54.290910-0600]     6.4375 MB /   0.50 sec =  107.9841 Mbps   254 retrans   5797 KB-cwnd
[2024-11-05T15:38:54.790781-0600]     3.3125 MB /   0.50 sec =   55.5884 Mbps     0 retrans   5797 KB-cwnd
[2024-11-05T15:38:55.290703-0600]     5.8125 MB /   0.50 sec =   97.5197 Mbps     0 retrans   7495 KB-cwnd
[2024-11-05T15:38:55.790789-0600]     0.4375 MB /   0.50 sec =    7.3399 Mbps     0 retrans   7495 KB-cwnd
[2024-11-05T15:38:56.290747-0600]     0.0000 MB /   0.50 sec =    0.0000 Mbps     0 retrans   7495 KB-cwnd
[2024-11-05T15:38:56.790803-0600]     1.5625 MB /   0.50 sec =   26.2131 Mbps     0 retrans   7495 KB-cwnd
[2024-11-05T15:38:57.290827-0600]     0.8750 MB /   0.50 sec =   14.6814 Mbps     0 retrans   7495 KB-cwnd
[2024-11-05T15:38:57.790949-0600]     0.0000 MB /   0.50 sec =    0.0000 Mbps     0 retrans   7495 KB-cwnd
[2024-11-05T15:38:58.290952-0600]     2.8750 MB /   0.50 sec =   48.2192 Mbps     0 retrans   7495 KB-cwnd
[2024-11-05T15:38:58.791033-0600]     0.0000 MB /   0.50 sec =    0.0000 Mbps     0 retrans   7495 KB-cwnd
[2024-11-05T15:38:59.290854-0600]     2.5625 MB /   0.50 sec =   42.9874 Mbps     0 retrans   7495 KB-cwnd
[2024-11-05T15:38:59.790824-0600]     0.0000 MB /   0.50 sec =    0.0000 Mbps     0 retrans   7495 KB-cwnd
[2024-11-05T15:39:00.290800-0600]     5.2500 MB /   0.50 sec =   88.0887 Mbps     0 retrans   7495 KB-cwnd
[2024-11-05T15:39:00.790678-0600]     1.1875 MB /   0.50 sec =   19.9233 Mbps     0 retrans   7495 KB-cwnd
[2024-11-05T15:39:01.290770-0600]     4.3750 MB /   0.50 sec =   73.3950 Mbps     0 retrans   7495 KB-cwnd
[2024-11-05T15:39:01.790762-0600]     2.1875 MB /   0.50 sec =   36.7000 Mbps     0 retrans   7495 KB-cwnd
[2024-11-05T15:39:02.290807-0600]     3.3750 MB /   0.50 sec =   56.6289 Mbps     0 retrans   7495 KB-cwnd
[2024-11-05T15:39:02.790714-0600]     3.3125 MB /   0.50 sec =   55.5736 Mbps     0 retrans   7495 KB-cwnd
[2024-11-05T15:39:03.290702-0600]     3.6250 MB /   0.50 sec =   60.8177 Mbps     0 retrans   7495 KB-cwnd
[2024-11-05T15:39:03.790804-0600]     1.1875 MB /   0.50 sec =   19.9196 Mbps     0 retrans   7495 KB-cwnd
[2024-11-05T15:39:04.290822-0600]     4.8125 MB /   0.50 sec =   80.7371 Mbps     0 retrans   7495 KB-cwnd
[2024-11-05T15:39:04.790658-0600]     2.0625 MB /   0.50 sec =   34.6105 Mbps     0 retrans   7495 KB-cwnd
[2024-11-05T15:39:05.290828-0600]     2.5000 MB /   0.50 sec =   41.9352 Mbps     0 retrans   7495 KB-cwnd
[2024-11-05T15:39:05.790778-0600]     3.2500 MB /   0.50 sec =   54.5313 Mbps     0 retrans   7495 KB-cwnd
[2024-11-05T15:39:06.290701-0600]     7.5000 MB /   0.50 sec =  125.8389 Mbps     0 retrans   7495 KB-cwnd
[2024-11-05T15:39:06.791045-0600]     4.1250 MB /   0.50 sec =   69.1894 Mbps     0 retrans   7495 KB-cwnd
[2024-11-05T15:39:07.290731-0600]     1.8750 MB /   0.50 sec =   31.4612 Mbps     0 retrans   7495 KB-cwnd
[2024-11-05T15:39:07.790756-0600]     5.1875 MB /   0.50 sec =   87.0369 Mbps     0 retrans   7495 KB-cwnd
[2024-11-05T15:39:08.290908-0600]     3.6875 MB /   0.50 sec =   61.8487 Mbps   280 retrans   8921 KB-cwnd
[2024-11-05T15:39:08.790816-0600]     5.1250 MB /   0.50 sec =   86.0028 Mbps     0 retrans   8921 KB-cwnd
[2024-11-05T15:39:09.290738-0600]     2.9375 MB /   0.50 sec =   49.2816 Mbps     0 retrans   8921 KB-cwnd
[2024-11-05T15:39:09.790991-0600]     0.0000 MB /   0.50 sec =    0.0000 Mbps     0 retrans   8921 KB-cwnd
[2024-11-05T15:39:10.290869-0600]     1.8750 MB /   0.50 sec =   31.4574 Mbps     0 retrans   8921 KB-cwnd
[2024-11-05T15:39:10.790713-0600]     2.3750 MB /   0.50 sec =   39.8553 Mbps     0 retrans   8921 KB-cwnd
[2024-11-05T15:39:11.290697-0600]     1.0625 MB /   0.50 sec =   17.8261 Mbps     0 retrans   8921 KB-cwnd
[2024-11-05T15:39:11.790793-0600]     2.4375 MB /   0.50 sec =   40.8916 Mbps     0 retrans   8921 KB-cwnd
[2024-11-05T15:39:12.290783-0600]     0.0000 MB /   0.50 sec =    0.0000 Mbps     0 retrans   8921 KB-cwnd
[2024-11-05T15:39:12.790856-0600]     2.7500 MB /   0.50 sec =   46.1297 Mbps     0 retrans   8921 KB-cwnd
[2024-11-05T15:39:13.290733-0600]     5.8125 MB /   0.50 sec =   97.5336 Mbps     0 retrans   8921 KB-cwnd
[2024-11-05T15:39:13.790666-0600]     3.3750 MB /   0.50 sec =   56.6267 Mbps     0 retrans   8921 KB-cwnd
[2024-11-05T15:39:14.290924-0600]     5.3125 MB /   0.50 sec =   89.1188 Mbps     0 retrans   8935 KB-cwnd
[2024-11-05T15:39:14.790809-0600]     6.4375 MB /   0.50 sec =  108.0053 Mbps     0 retrans   8935 KB-cwnd
[2024-11-05T15:39:15.290706-0600]     0.0000 MB /   0.50 sec =    0.0000 Mbps     0 retrans   8935 KB-cwnd
[2024-11-05T15:39:15.790790-0600]     3.1250 MB /   0.50 sec =   52.4317 Mbps     0 retrans   8935 KB-cwnd
[2024-11-05T15:39:16.290865-0600]     2.3125 MB /   0.50 sec =   38.7961 Mbps     0 retrans   8935 KB-cwnd
[2024-11-05T15:39:16.790705-0600]     9.6875 MB /   0.50 sec =  162.5416 Mbps     0 retrans   8935 KB-cwnd
[2024-11-05T15:39:17.290800-0600]     4.9375 MB /   0.50 sec =   82.8337 Mbps     0 retrans   8935 KB-cwnd
[2024-11-05T15:39:17.790822-0600]     1.7500 MB /   0.50 sec =   29.3624 Mbps     0 retrans   8935 KB-cwnd
[2024-11-05T15:39:18.290714-0600]     1.3750 MB /   0.50 sec =   23.0678 Mbps     0 retrans   8935 KB-cwnd
[2024-11-05T15:39:18.790683-0600]     6.4375 MB /   0.50 sec =  108.0057 Mbps     0 retrans   8935 KB-cwnd
[2024-11-05T15:39:19.290786-0600]     9.3750 MB /   0.50 sec =  157.2603 Mbps  9030 retrans      5 KB-cwnd
[2024-11-05T15:39:19.790655-0600]     1.9375 MB /   0.50 sec =   32.5116 Mbps     0 retrans      5 KB-cwnd
[2024-11-05T15:39:20.290704-0600]     1.0000 MB /   0.50 sec =   16.7768 Mbps     0 retrans      5 KB-cwnd
[2024-11-05T15:39:20.790836-0600]    10.1875 MB /   0.50 sec =  170.9121 Mbps     0 retrans      5 KB-cwnd
[2024-11-05T15:39:21.290779-0600]     0.8750 MB /   0.50 sec =   14.6792 Mbps     0 retrans      5 KB-cwnd
[2024-11-05T15:39:21.790813-0600]     0.0000 MB /   0.50 sec =    0.0000 Mbps     0 retrans      5 KB-cwnd
[2024-11-05T15:39:22.290717-0600]     4.9375 MB /   0.50 sec =   82.8453 Mbps     0 retrans      5 KB-cwnd
[2024-11-05T15:39:22.790861-0600]     5.1875 MB /   0.50 sec =   87.0188 Mbps     0 retrans      5 KB-cwnd
[2024-11-05T15:39:23.290819-0600]    10.0625 MB /   0.50 sec =  168.8261 Mbps     0 retrans      5 KB-cwnd
[2024-11-05T15:39:23.790770-0600]     5.6250 MB /   0.50 sec =   94.3769 Mbps     0 retrans      5 KB-cwnd
[2024-11-05T15:39:24.290833-0600]     3.3125 MB /   0.50 sec =   55.5779 Mbps     0 retrans      5 KB-cwnd
[2024-11-05T15:39:24.790825-0600]     3.1250 MB /   0.50 sec =   52.4242 Mbps     0 retrans      5 KB-cwnd
[2024-11-05T15:39:25.290655-0600]     7.5625 MB /   0.50 sec =  126.8919 Mbps     0 retrans      5 KB-cwnd
[2024-11-05T15:39:25.790892-0600]     8.6875 MB /   0.50 sec =  145.7098 Mbps     0 retrans      5 KB-cwnd
[2024-11-05T15:39:26.290989-0600]     7.0625 MB /   0.50 sec =  118.4687 Mbps   720 retrans   2863 KB-cwnd
[2024-11-05T15:39:26.790634-0600]     5.9375 MB /   0.50 sec =   99.6630 Mbps     0 retrans   2871 KB-cwnd
[2024-11-05T15:39:27.290947-0600]     2.6875 MB /   0.50 sec =   45.0711 Mbps     0 retrans   2871 KB-cwnd
[2024-11-05T15:39:27.790696-0600]     7.8750 MB /   0.50 sec =  132.1576 Mbps     0 retrans   3087 KB-cwnd
[2024-11-05T15:39:28.290770-0600]     3.8125 MB /   0.50 sec =   63.9561 Mbps     0 retrans   3103 KB-cwnd
[2024-11-05T15:39:28.790690-0600]     3.4375 MB /   0.50 sec =   57.6784 Mbps     0 retrans   3103 KB-cwnd
[2024-11-05T15:39:29.290873-0600]     3.3750 MB /   0.50 sec =   56.6110 Mbps     0 retrans   3103 KB-cwnd
[2024-11-05T15:39:29.790974-0600]     3.1875 MB /   0.50 sec =   53.4794 Mbps     0 retrans   3103 KB-cwnd
[2024-11-05T15:39:30.290926-0600]     0.0000 MB /   0.50 sec =    0.0000 Mbps     0 retrans   3103 KB-cwnd
[2024-11-05T15:39:30.790802-0600]    13.3750 MB /   0.50 sec =  224.3796 Mbps     0 retrans   3103 KB-cwnd
[2024-11-05T15:39:31.290842-0600]     0.2500 MB /   0.50 sec =    4.1941 Mbps     0 retrans   3103 KB-cwnd
End time: 1730842771428
