Start time: 1730842988336
[2024-11-05T15:43:13.408879-0600] traceroute to 54.197.223.49 (54.197.223.49), 30 hops max, 60 byte packets
[2024-11-05T15:43:13.410118-0600]  1  * * *
[2024-11-05T15:43:13.410201-0600]  2  * * *
[2024-11-05T15:43:13.410264-0600]  3  * * *
[2024-11-05T15:43:13.410323-0600]  4  * * *
[2024-11-05T15:43:13.428985-0600]  5  * * *
[2024-11-05T15:43:18.417156-0600]  6  * * *
[2024-11-05T15:43:18.424376-0600]  7  * * *
[2024-11-05T15:43:18.424674-0600]  8  * * *
[2024-11-05T15:43:18.432060-0600]  9  * * *
[2024-11-05T15:43:18.432338-0600] 10  * * *
[2024-11-05T15:43:23.425809-0600] 11  * * *
[2024-11-05T15:43:23.433258-0600] 12  * * *
[2024-11-05T15:43:23.433621-0600] 13  * * *
[2024-11-05T15:43:23.442331-0600] 14  * * *
[2024-11-05T15:43:23.442489-0600] 15  * * *
[2024-11-05T15:43:28.434143-0600] 16  * * *
[2024-11-05T15:43:28.434578-0600] 17  * * *
[2024-11-05T15:43:28.442553-0600] 18  * * *
[2024-11-05T15:43:28.450786-0600] 19  * * *
[2024-11-05T15:43:28.451013-0600] 20  * * *
[2024-11-05T15:43:28.451137-0600] 21  * * *
[2024-11-05T15:43:33.443124-0600] 22  * * *
[2024-11-05T15:43:33.451904-0600] 23  * * *
[2024-11-05T15:43:33.452161-0600] 24  * * *
[2024-11-05T15:43:33.459770-0600] 25  * * *
[2024-11-05T15:43:33.459941-0600] 26  * * *
[2024-11-05T15:43:38.396529-0600] 27  * *End time: 1730843018459
