Start time: 1745267511256
Connecting to host 34.86.116.81, port 5207
Reverse mode, remote host 34.86.116.81 is sending
[  5] local 192.0.0.2 port 35458 connected to 34.86.116.81 port 5207
[ ID] Interval           Transfer     Bitrate
[  5]   0.00-0.10   sec  45.3 KBytes  3.71 Mbits/sec                  
[  5]   0.10-0.20   sec   133 KBytes  10.9 Mbits/sec                  
[  5]   0.20-0.30   sec   402 KBytes  32.9 Mbits/sec                  
[  5]   0.30-0.40   sec   959 KBytes  78.9 Mbits/sec                  
[  5]   0.40-0.50   sec   928 KBytes  76.0 Mbits/sec                  
[  5]   0.50-0.60   sec   786 KBytes  64.4 Mbits/sec                  
[  5]   0.60-0.70   sec  34.6 KBytes  2.84 Mbits/sec                  
[  5]   0.70-0.80   sec   663 KBytes  54.3 Mbits/sec                  
[  5]   0.80-0.90   sec  1.32 MBytes   110 Mbits/sec                  
[  5]   0.90-1.00   sec   515 KBytes  42.3 Mbits/sec                  
[  5]   1.00-1.10   sec   238 KBytes  19.5 Mbits/sec                  
[  5]   1.10-1.20   sec  2.04 MBytes   171 Mbits/sec                  
[  5]   1.20-1.30   sec   734 KBytes  60.1 Mbits/sec                  
[  5]   1.30-1.40   sec  1.31 MBytes   110 Mbits/sec                  
[  5]   1.40-1.50   sec  1.35 MBytes   113 Mbits/sec                  
[  5]   1.50-1.60   sec   922 KBytes  75.5 Mbits/sec                  
[  5]   1.60-1.70   sec  1.12 MBytes  93.7 Mbits/sec                  
[  5]   1.70-1.80   sec  1.73 MBytes   145 Mbits/sec                  
[  5]   1.80-1.90   sec  1.33 MBytes   111 Mbits/sec                  
[  5]   1.90-2.00   sec  1.11 MBytes  93.4 Mbits/sec                  
[  5]   2.00-2.10   sec  1.15 MBytes  96.3 Mbits/sec                  
[  5]   2.10-2.20   sec  1.34 MBytes   112 Mbits/sec                  
[  5]   2.20-2.30   sec  1.52 MBytes   127 Mbits/sec                  
[  5]   2.30-2.40   sec  1.50 MBytes   126 Mbits/sec                  
[  5]   2.40-2.50   sec   932 KBytes  76.3 Mbits/sec                  
[  5]   2.50-2.60   sec   693 KBytes  56.7 Mbits/sec                  
[  5]   2.60-2.70   sec   125 KBytes  10.3 Mbits/sec                  
[  5]   2.70-2.80   sec  1.21 MBytes   101 Mbits/sec                  
[  5]   2.80-2.90   sec  1.48 MBytes   124 Mbits/sec                  
[  5]   2.90-3.00   sec   120 KBytes  9.82 Mbits/sec                  
[  5]   3.00-3.10   sec  59.9 KBytes  4.92 Mbits/sec                  
[  5]   3.10-3.20   sec   671 KBytes  55.0 Mbits/sec                  
[  5]   3.20-3.30   sec   345 KBytes  28.3 Mbits/sec                  
[  5]   3.30-3.40   sec   789 KBytes  64.6 Mbits/sec                  
[  5]   3.40-3.50   sec   402 KBytes  33.0 Mbits/sec                  
[  5]   3.50-3.60   sec   349 KBytes  28.6 Mbits/sec                  
[  5]   3.60-3.70   sec   462 KBytes  37.9 Mbits/sec                  
[  5]   3.70-3.80   sec   449 KBytes  36.8 Mbits/sec                  
[  5]   3.80-3.90   sec   673 KBytes  55.1 Mbits/sec                  
[  5]   3.90-4.00   sec   789 KBytes  64.6 Mbits/sec                  
[  5]   4.00-4.10   sec   831 KBytes  68.1 Mbits/sec                  
[  5]   4.10-4.20   sec   593 KBytes  48.4 Mbits/sec                  
[  5]   4.20-4.30   sec   686 KBytes  56.3 Mbits/sec                  
[  5]   4.30-4.40   sec   445 KBytes  36.4 Mbits/sec                  
[  5]   4.40-4.50   sec   661 KBytes  54.2 Mbits/sec                  
[  5]   4.50-4.60   sec   229 KBytes  18.7 Mbits/sec                  
[  5]   4.60-4.70   sec   473 KBytes  38.8 Mbits/sec                  
[  5]   4.70-4.80   sec   285 KBytes  23.3 Mbits/sec                  
[  5]   4.80-4.90   sec   404 KBytes  33.1 Mbits/sec                  
[  5]   4.90-5.00   sec   442 KBytes  36.2 Mbits/sec                  
- - - - - - - - - - - - - - - - - - - - - - - - -
[ ID] Interval           Transfer     Bitrate         Retr
[  5]   0.00-5.06   sec   315 MBytes   522 Mbits/sec    0             sender
[  5]   0.00-5.00   sec  37.3 MBytes  62.6 Mbits/sec                  receiver

iperf Done.
End time: 1745267517908
