Start time: 1730994283862
[2024-11-07T10:44:48.960060-0500] traceroute to 54.197.223.49 (54.197.223.49), 30 hops max, 60 byte packets
[2024-11-07T10:44:48.961060-0500]  1  * * *
[2024-11-07T10:44:48.961149-0500]  2  * * *
[2024-11-07T10:44:48.961208-0500]  3  * * *
[2024-11-07T10:44:48.961263-0500]  4  * * *
[2024-11-07T10:44:48.961316-0500]  5  * * *
[2024-11-07T10:44:53.968010-0500]  6  * * *
[2024-11-07T10:44:53.968472-0500]  7  * * *
[2024-11-07T10:44:53.978138-0500]  8  * * *
[2024-11-07T10:44:53.978351-0500]  9  * * *
[2024-11-07T10:44:53.987396-0500] 10  * * *
[2024-11-07T10:44:58.976569-0500] 11  * * *
[2024-11-07T10:44:58.983730-0500] 12  * * *
[2024-11-07T10:44:58.983883-0500] 13  * * *
[2024-11-07T10:44:58.991451-0500] 14  * * *
[2024-11-07T10:44:58.991578-0500] 15  * * *
[2024-11-07T10:45:03.985296-0500] 16  * * *
[2024-11-07T10:45:03.985708-0500] 17  * * *
[2024-11-07T10:45:03.992785-0500] 18  * * *
[2024-11-07T10:45:04.001832-0500] 19  * * *
[2024-11-07T10:45:04.002191-0500] 20  * * *
[2024-11-07T10:45:04.002330-0500] 21  * * *
[2024-11-07T10:45:08.993220-0500] 22  * * *
[2024-11-07T10:45:09.000299-0500] 23  * * *
[2024-11-07T10:45:09.007420-0500] 24  * * *
[2024-11-07T10:45:09.007611-0500] 25  * * *
[2024-11-07T10:45:09.009853-0500] 26  * * *
[2024-11-07T10:45:13.945076-0500] 27  * *End time: 1730994313992
