Start time: 1745099741110
Connecting to host 34.86.116.81, port 5209
Reverse mode, remote host 34.86.116.81 is sending
[  5] local 192.0.0.2 port 57516 connected to 34.86.116.81 port 5209
[ ID] Interval           Transfer     Bitrate
[  5]   0.00-0.10   sec  53.3 KBytes  4.36 Mbits/sec                  
[  5]   0.10-0.20   sec  66.6 KBytes  5.46 Mbits/sec                  
[  5]   0.20-0.30   sec   152 KBytes  12.4 Mbits/sec                  
[  5]   0.30-0.40   sec   324 KBytes  26.5 Mbits/sec                  
[  5]   0.40-0.50   sec  61.3 KBytes  5.02 Mbits/sec                  
[  5]   0.50-0.60   sec   125 KBytes  10.3 Mbits/sec                  
[  5]   0.60-0.70   sec   517 KBytes  42.4 Mbits/sec                  
[  5]   0.70-0.80   sec   689 KBytes  56.4 Mbits/sec                  
[  5]   0.80-0.90   sec   741 KBytes  60.7 Mbits/sec                  
[  5]   0.90-1.00   sec  1.00 MBytes  84.2 Mbits/sec                  
[  5]   1.00-1.10   sec   174 KBytes  14.3 Mbits/sec                  
[  5]   1.10-1.20   sec  1.27 MBytes   107 Mbits/sec                  
[  5]   1.20-1.30   sec   505 KBytes  41.3 Mbits/sec                  
[  5]   1.30-1.40   sec   494 KBytes  40.5 Mbits/sec                  
[  5]   1.40-1.50   sec   899 KBytes  73.6 Mbits/sec                  
[  5]   1.50-1.60   sec   645 KBytes  52.8 Mbits/sec                  
[  5]   1.60-1.70   sec   870 KBytes  70.9 Mbits/sec                  
[  5]   1.70-1.80   sec   767 KBytes  63.2 Mbits/sec                  
[  5]   1.80-1.90   sec  0.00 Bytes  0.00 bits/sec                  
[  5]   1.90-2.00   sec  0.00 Bytes  0.00 bits/sec                  
[  5]   2.00-2.10   sec  1.62 MBytes   136 Mbits/sec                  
[  5]   2.10-2.20   sec   517 KBytes  42.3 Mbits/sec                  
[  5]   2.20-2.30   sec  0.00 Bytes  0.00 bits/sec                  
[  5]   2.30-2.40   sec  1.48 MBytes   125 Mbits/sec                  
[  5]   2.40-2.50   sec   825 KBytes  67.6 Mbits/sec                  
[  5]   2.50-2.60   sec   773 KBytes  63.3 Mbits/sec                  
[  5]   2.60-2.70   sec  1.02 MBytes  85.8 Mbits/sec                  
[  5]   2.70-2.80   sec   918 KBytes  75.2 Mbits/sec                  
[  5]   2.80-2.90   sec  1.03 MBytes  86.5 Mbits/sec                  
[  5]   2.90-3.00   sec  1.19 MBytes  99.5 Mbits/sec                  
[  5]   3.00-3.10   sec  1.20 MBytes   101 Mbits/sec                  
[  5]   3.10-3.20   sec  1006 KBytes  82.4 Mbits/sec                  
[  5]   3.20-3.30   sec  1.37 MBytes   114 Mbits/sec                  
[  5]   3.30-3.40   sec  1.18 MBytes  99.0 Mbits/sec                  
[  5]   3.40-3.50   sec  1.32 MBytes   110 Mbits/sec                  
[  5]   3.50-3.60   sec   710 KBytes  58.2 Mbits/sec                  
[  5]   3.60-3.70   sec   809 KBytes  66.3 Mbits/sec                  
[  5]   3.70-3.80   sec   417 KBytes  34.1 Mbits/sec                  
[  5]   3.80-3.90   sec   392 KBytes  32.1 Mbits/sec                  
[  5]   3.90-4.00   sec   543 KBytes  44.5 Mbits/sec                  
[  5]   4.00-4.10   sec   609 KBytes  49.8 Mbits/sec                  
[  5]   4.10-4.20   sec  1.54 MBytes   130 Mbits/sec                  
[  5]   4.20-4.30   sec   846 KBytes  69.3 Mbits/sec                  
[  5]   4.30-4.40   sec   863 KBytes  70.7 Mbits/sec                  
[  5]   4.40-4.50   sec   618 KBytes  50.6 Mbits/sec                  
[  5]   4.50-4.60   sec   284 KBytes  23.2 Mbits/sec                  
[  5]   4.60-4.70   sec   702 KBytes  57.6 Mbits/sec                  
[  5]   4.70-4.80   sec   434 KBytes  35.6 Mbits/sec                  
[  5]   4.80-4.90   sec   278 KBytes  22.8 Mbits/sec                  
[  5]   4.90-5.00   sec   414 KBytes  33.9 Mbits/sec                  
- - - - - - - - - - - - - - - - - - - - - - - - -
[ ID] Interval           Transfer     Bitrate         Retr
[  5]   0.00-5.04   sec   311 MBytes   518 Mbits/sec   32             sender
[  5]   0.00-5.00   sec  33.8 MBytes  56.7 Mbits/sec                  receiver

iperf Done.
End time: 1745099746927
