Start time: 1730673632888
[2024-11-03T15:40:33.879626-0700] nuttcp-r: v8.1.4: socket
[2024-11-03T15:40:33.880518-0700] nuttcp-r: buflen=65536, nstream=1, port=5379 tcp
[2024-11-03T15:40:33.880624-0700] nuttcp-r: interval reporting every 0.50 seconds
[2024-11-03T15:40:33.880708-0700] nuttcp-r: connect to 54.176.53.206 with RTT=89.608 ms af=inet
[2024-11-03T15:40:33.880788-0700] nuttcp-r: send window size = 2097152, receive window size = 6291456
[2024-11-03T15:40:33.880864-0700] nuttcp-r: available send window = 1572864, available receive window = 4718592
[2024-11-03T15:40:33.880940-0700]     0.2500 MB /   0.50 sec =    4.1939 Mbps     0 retrans
[2024-11-03T15:40:34.379617-0700]     2.5625 MB /   0.50 sec =   42.9906 Mbps     0 retrans
[2024-11-03T15:40:34.879664-0700]     4.9375 MB /   0.50 sec =   82.8398 Mbps     0 retrans
[2024-11-03T15:40:35.379618-0700]     7.8750 MB /   0.50 sec =  132.1214 Mbps     0 retrans
[2024-11-03T15:40:35.879827-0700]    10.9375 MB /   0.50 sec =  183.4949 Mbps     0 retrans
[2024-11-03T15:40:36.379490-0700]     8.3750 MB /   0.50 sec =  140.5199 Mbps     0 retrans
[2024-11-03T15:40:36.879614-0700]     7.9375 MB /   0.50 sec =  133.1628 Mbps     0 retrans
[2024-11-03T15:40:37.379731-0700]     8.6250 MB /   0.50 sec =  144.6873 Mbps     0 retrans
[2024-11-03T15:40:37.879684-0700]     8.9375 MB /   0.50 sec =  149.9089 Mbps     0 retrans
[2024-11-03T15:40:38.380029-0700]     9.1875 MB /   0.50 sec =  154.1882 Mbps     0 retrans
[2024-11-03T15:40:38.879595-0700]     9.3750 MB /   0.50 sec =  157.2990 Mbps     0 retrans
[2024-11-03T15:40:39.379947-0700]     6.8125 MB /   0.50 sec =  114.2386 Mbps     0 retrans
[2024-11-03T15:40:39.879928-0700]    11.7500 MB /   0.50 sec =  197.0807 Mbps     0 retrans
[2024-11-03T15:40:40.379767-0700]     9.0625 MB /   0.50 sec =  152.1427 Mbps     0 retrans
[2024-11-03T15:40:40.879602-0700]    10.7500 MB /   0.50 sec =  180.3720 Mbps     0 retrans
[2024-11-03T15:40:41.379505-0700]     9.0625 MB /   0.50 sec =  152.0432 Mbps     0 retrans
[2024-11-03T15:40:41.879580-0700]    12.8125 MB /   0.50 sec =  214.9611 Mbps     0 retrans
[2024-11-03T15:40:42.379530-0700]    12.0625 MB /   0.50 sec =  202.3768 Mbps     0 retrans
[2024-11-03T15:40:42.879490-0700]    13.1250 MB /   0.50 sec =  220.2067 Mbps     0 retrans
[2024-11-03T15:40:43.379647-0700]    14.3125 MB /   0.50 sec =  240.0855 Mbps     0 retrans
[2024-11-03T15:40:43.879613-0700]    12.8125 MB /   0.50 sec =  214.9628 Mbps     0 retrans
[2024-11-03T15:40:44.379741-0700]     8.3750 MB /   0.50 sec =  140.5142 Mbps     0 retrans
[2024-11-03T15:40:44.879496-0700]     5.0000 MB /   0.50 sec =   83.8911 Mbps     0 retrans
[2024-11-03T15:40:45.379465-0700]    14.6875 MB /   0.50 sec =  246.4262 Mbps     0 retrans
[2024-11-03T15:40:45.879646-0700]    11.9375 MB /   0.50 sec =  200.2464 Mbps     0 retrans
[2024-11-03T15:40:46.379821-0700]    11.8125 MB /   0.50 sec =  198.2102 Mbps     0 retrans
[2024-11-03T15:40:46.879632-0700]    14.3750 MB /   0.50 sec =  241.1614 Mbps     0 retrans
[2024-11-03T15:40:47.379491-0700]    14.6250 MB /   0.50 sec =  245.3771 Mbps     0 retrans
[2024-11-03T15:40:47.879503-0700]    11.0625 MB /   0.50 sec =  185.5939 Mbps     0 retrans
[2024-11-03T15:40:48.379494-0700]    14.8750 MB /   0.50 sec =  249.5651 Mbps     0 retrans
[2024-11-03T15:40:48.880444-0700]    15.4375 MB /   0.50 sec =  258.5546 Mbps     0 retrans
[2024-11-03T15:40:49.379492-0700]    16.2500 MB /   0.50 sec =  273.0962 Mbps     0 retrans
[2024-11-03T15:40:49.879778-0700]    13.5000 MB /   0.50 sec =  226.4630 Mbps     0 retrans
[2024-11-03T15:40:50.379501-0700]    14.1875 MB /   0.50 sec =  238.0663 Mbps     0 retrans
[2024-11-03T15:40:50.879467-0700]    10.6250 MB /   0.50 sec =  178.2551 Mbps     0 retrans
[2024-11-03T15:40:51.379534-0700]    10.9375 MB /   0.50 sec =  183.4924 Mbps     0 retrans
[2024-11-03T15:40:51.879482-0700]    14.6875 MB /   0.50 sec =  246.4208 Mbps     0 retrans
[2024-11-03T15:40:52.379473-0700]    14.4375 MB /   0.50 sec =  242.2259 Mbps     0 retrans
[2024-11-03T15:40:52.879660-0700]    15.0000 MB /   0.50 sec =  251.6240 Mbps     0 retrans
[2024-11-03T15:40:53.379566-0700]    15.1875 MB /   0.50 sec =  254.8274 Mbps     0 retrans
[2024-11-03T15:40:53.879604-0700]    13.9375 MB /   0.50 sec =  233.8278 Mbps     0 retrans
[2024-11-03T15:40:54.379490-0700]    14.9375 MB /   0.50 sec =  250.6222 Mbps     0 retrans
[2024-11-03T15:40:54.879956-0700]     7.8750 MB /   0.50 sec =  132.0514 Mbps     0 retrans
[2024-11-03T15:40:55.379497-0700]    13.4375 MB /   0.50 sec =  225.5634 Mbps     0 retrans
[2024-11-03T15:40:55.879734-0700]    21.3750 MB /   0.50 sec =  358.5900 Mbps     0 retrans
[2024-11-03T15:40:56.379614-0700]    12.2500 MB /   0.50 sec =  205.5135 Mbps     0 retrans
[2024-11-03T15:40:56.879641-0700]    12.4375 MB /   0.50 sec =  208.6645 Mbps     0 retrans
[2024-11-03T15:40:57.379475-0700]    14.6875 MB /   0.50 sec =  246.4449 Mbps     0 retrans
[2024-11-03T15:40:57.879892-0700]    13.5000 MB /   0.50 sec =  226.3842 Mbps     0 retrans
[2024-11-03T15:40:58.379621-0700]     6.8125 MB /   0.50 sec =  114.3391 Mbps     0 retrans
[2024-11-03T15:40:58.879475-0700]    19.3750 MB /   0.50 sec =  325.0917 Mbps     0 retrans
[2024-11-03T15:40:59.379696-0700]    13.3125 MB /   0.50 sec =  223.3101 Mbps     0 retrans
[2024-11-03T15:40:59.879646-0700]    15.3125 MB /   0.50 sec =  256.9212 Mbps     0 retrans
[2024-11-03T15:41:00.379491-0700]     8.5000 MB /   0.50 sec =  142.6157 Mbps     0 retrans
[2024-11-03T15:41:00.879499-0700]    12.3125 MB /   0.50 sec =  206.5666 Mbps     0 retrans
[2024-11-03T15:41:01.379891-0700]    13.3750 MB /   0.50 sec =  224.3742 Mbps     0 retrans
[2024-11-03T15:41:01.879742-0700]     9.0625 MB /   0.50 sec =  152.0368 Mbps     0 retrans
[2024-11-03T15:41:02.379567-0700]     7.6875 MB /   0.50 sec =  128.9952 Mbps     0 retrans
[2024-11-03T15:41:02.879687-0700]     9.2500 MB /   0.50 sec =  155.1607 Mbps     0 retrans
[2024-11-03T15:41:03.379494-0700]    11.5000 MB /   0.50 sec =  192.9692 Mbps     0 retrans
[2024-11-03T15:41:03.879589-0700]    16.3750 MB /   0.50 sec =  274.7011 Mbps     0 retrans
[2024-11-03T15:41:04.379715-0700]     2.6875 MB /   0.50 sec =   45.0836 Mbps     0 retrans
[2024-11-03T15:41:04.879585-0700]    22.1250 MB /   0.50 sec =  371.2843 Mbps     0 retrans
[2024-11-03T15:41:05.379607-0700]    12.3125 MB /   0.50 sec =  206.5414 Mbps     0 retrans
[2024-11-03T15:41:05.879484-0700]     6.3750 MB /   0.50 sec =  106.9672 Mbps     0 retrans
[2024-11-03T15:41:06.379687-0700]    13.3750 MB /   0.50 sec =  224.3760 Mbps     0 retrans
[2024-11-03T15:41:06.879669-0700]    12.7500 MB /   0.50 sec =  213.8962 Mbps     0 retrans
[2024-11-03T15:41:07.379585-0700]    15.5000 MB /   0.50 sec =  260.0723 Mbps     0 retrans
[2024-11-03T15:41:07.879676-0700]    12.8125 MB /   0.50 sec =  214.9448 Mbps     0 retrans
[2024-11-03T15:41:08.379605-0700]    14.1250 MB /   0.50 sec =  236.9896 Mbps     0 retrans
[2024-11-03T15:41:08.879500-0700]    10.0625 MB /   0.50 sec =  168.8255 Mbps     0 retrans
[2024-11-03T15:41:09.379585-0700]    15.1875 MB /   0.50 sec =  254.8162 Mbps     0 retrans
[2024-11-03T15:41:09.880819-0700]    16.1875 MB /   0.50 sec =  270.8699 Mbps     0 retrans
[2024-11-03T15:41:10.379768-0700]    10.3125 MB /   0.50 sec =  173.4434 Mbps     0 retrans
[2024-11-03T15:41:10.879647-0700]    10.9375 MB /   0.50 sec =  183.5114 Mbps     0 retrans
[2024-11-03T15:41:11.379582-0700]    13.6250 MB /   0.50 sec =  228.5955 Mbps     0 retrans
[2024-11-03T15:41:11.879643-0700]    15.5625 MB /   0.50 sec =  261.0803 Mbps     0 retrans
[2024-11-03T15:41:12.379509-0700]    11.9375 MB /   0.50 sec =  200.2980 Mbps     0 retrans
[2024-11-03T15:41:12.879570-0700]    14.4375 MB /   0.50 sec =  242.1789 Mbps     0 retrans
[2024-11-03T15:41:13.379615-0700]    14.7500 MB /   0.50 sec =  247.5129 Mbps     0 retrans
[2024-11-03T15:41:13.879645-0700]    13.3750 MB /   0.50 sec =  224.3697 Mbps     0 retrans
[2024-11-03T15:41:14.379666-0700]    10.2500 MB /   0.50 sec =  171.9720 Mbps     0 retrans
[2024-11-03T15:41:14.879730-0700]     2.6875 MB /   0.50 sec =   45.0818 Mbps     0 retrans
[2024-11-03T15:41:15.379572-0700]     7.9375 MB /   0.50 sec =  133.2035 Mbps     0 retrans
[2024-11-03T15:41:15.879649-0700]    10.0000 MB /   0.50 sec =  167.7530 Mbps     0 retrans
[2024-11-03T15:41:16.379574-0700]    11.4375 MB /   0.50 sec =  191.9128 Mbps     0 retrans
[2024-11-03T15:41:16.879678-0700]    10.1250 MB /   0.50 sec =  169.8353 Mbps     0 retrans
[2024-11-03T15:41:17.379452-0700]    10.1250 MB /   0.50 sec =  169.9064 Mbps     0 retrans
[2024-11-03T15:41:17.879734-0700]    10.0000 MB /   0.50 sec =  167.7470 Mbps     0 retrans
[2024-11-03T15:41:18.379607-0700]     9.4375 MB /   0.50 sec =  158.3331 Mbps     0 retrans
[2024-11-03T15:41:18.879523-0700]     9.1875 MB /   0.50 sec =  154.1564 Mbps     0 retrans
[2024-11-03T15:41:19.379486-0700]     6.5625 MB /   0.50 sec =  110.0998 Mbps     0 retrans
[2024-11-03T15:41:19.879780-0700]     5.0625 MB /   0.50 sec =   84.9370 Mbps     0 retrans
[2024-11-03T15:41:20.379493-0700]     4.0000 MB /   0.50 sec =   67.1103 Mbps     0 retrans
[2024-11-03T15:41:20.879703-0700]     2.3125 MB /   0.50 sec =   38.7871 Mbps     0 retrans
[2024-11-03T15:41:21.379617-0700]     6.4375 MB /   0.50 sec =  108.0267 Mbps     0 retrans
[2024-11-03T15:41:21.879522-0700]     6.1875 MB /   0.50 sec =  103.8099 Mbps     0 retrans
[2024-11-03T15:41:22.379751-0700]     5.6250 MB /   0.50 sec =   94.3707 Mbps     0 retrans
[2024-11-03T15:41:22.879531-0700]     7.0000 MB /   0.50 sec =  117.4417 Mbps     0 retrans
[2024-11-03T15:41:23.379603-0700]     6.3125 MB /   0.50 sec =  105.8966 Mbps     0 retrans
[2024-11-03T15:41:23.879662-0700]     5.5000 MB /   0.50 sec =   92.2679 Mbps     0 retrans
[2024-11-03T15:41:24.379535-0700]     4.3750 MB /   0.50 sec =   73.4112 Mbps     0 retrans
[2024-11-03T15:41:24.879534-0700]     4.5625 MB /   0.50 sec =   76.5468 Mbps     0 retrans
[2024-11-03T15:41:25.379722-0700]     2.3125 MB /   0.50 sec =   38.7913 Mbps     0 retrans
[2024-11-03T15:41:25.879594-0700]     4.6250 MB /   0.50 sec =   77.6060 Mbps     0 retrans
[2024-11-03T15:41:26.379506-0700]     5.2500 MB /   0.50 sec =   88.0818 Mbps     0 retrans
[2024-11-03T15:41:26.879700-0700]     6.1250 MB /   0.50 sec =  102.7457 Mbps     0 retrans
[2024-11-03T15:41:27.379457-0700]     4.0000 MB /   0.50 sec =   67.1213 Mbps     0 retrans
[2024-11-03T15:41:27.879943-0700]     4.0625 MB /   0.50 sec =   68.1390 Mbps     0 retrans
[2024-11-03T15:41:28.379533-0700]     4.0625 MB /   0.50 sec =   68.1735 Mbps     0 retrans
[2024-11-03T15:41:28.879533-0700]     5.1250 MB /   0.50 sec =   85.9824 Mbps     0 retrans
[2024-11-03T15:41:29.379515-0700]     6.0625 MB /   0.50 sec =  101.7153 Mbps     0 retrans
[2024-11-03T15:41:29.879680-0700]     7.3125 MB /   0.50 sec =  122.6792 Mbps     0 retrans
[2024-11-03T15:41:30.379606-0700]     7.1875 MB /   0.50 sec =  120.5814 Mbps     0 retrans
[2024-11-03T15:41:30.879592-0700]     7.6250 MB /   0.50 sec =  127.9301 Mbps     0 retrans
[2024-11-03T15:41:31.379533-0700]     7.8750 MB /   0.50 sec =  132.1190 Mbps     0 retrans
[2024-11-03T15:41:31.879494-0700]     6.2500 MB /   0.50 sec =  104.8566 Mbps     0 retrans
[2024-11-03T15:41:32.379649-0700]     9.2500 MB /   0.50 sec =  155.1830 Mbps     0 retrans
[2024-11-03T15:41:32.879611-0700]     7.1875 MB /   0.50 sec =  120.5923 Mbps     0 retrans
[2024-11-03T15:41:33.379666-0700]     7.7500 MB /   0.50 sec =  130.0250 Mbps     0 retrans
[2024-11-03T15:41:33.879676-0700]     7.5625 MB /   0.50 sec =  126.8544 Mbps     0 retrans
[2024-11-03T15:41:34.379671-0700]     8.5625 MB /   0.50 sec =  143.6598 Mbps     0 retrans
[2024-11-03T15:41:34.879535-0700]     9.1875 MB /   0.50 sec =  154.1647 Mbps     0 retrans
[2024-11-03T15:41:35.379801-0700]     6.7500 MB /   0.50 sec =  113.2261 Mbps     0 retrans
[2024-11-03T15:41:35.879613-0700]     5.6250 MB /   0.50 sec =   94.3798 Mbps     0 retrans
[2024-11-03T15:41:36.379614-0700]    10.1250 MB /   0.50 sec =  169.8798 Mbps     0 retrans
[2024-11-03T15:41:36.879636-0700]     9.7500 MB /   0.50 sec =  163.5648 Mbps     0 retrans
[2024-11-03T15:41:37.379507-0700]    10.5000 MB /   0.50 sec =  176.1777 Mbps     0 retrans
[2024-11-03T15:41:37.879622-0700]    11.2500 MB /   0.50 sec =  188.7384 Mbps     0 retrans
[2024-11-03T15:41:38.379585-0700]    10.4375 MB /   0.50 sec =  175.1266 Mbps     0 retrans
[2024-11-03T15:41:38.879606-0700]     9.3750 MB /   0.50 sec =  157.2754 Mbps     0 retrans
[2024-11-03T15:41:39.379735-0700]     9.5625 MB /   0.50 sec =  160.4177 Mbps     0 retrans
[2024-11-03T15:41:39.879596-0700]     8.5625 MB /   0.50 sec =  143.6733 Mbps     0 retrans
[2024-11-03T15:41:40.379532-0700]     7.6250 MB /   0.50 sec =  127.9258 Mbps     0 retrans
[2024-11-03T15:41:40.879605-0700]     8.3750 MB /   0.50 sec =  140.5050 Mbps     0 retrans
[2024-11-03T15:41:41.379768-0700]     8.1250 MB /   0.50 sec =  136.2977 Mbps     0 retrans
[2024-11-03T15:41:41.879852-0700]     6.3125 MB /   0.50 sec =  105.9000 Mbps     0 retrans
[2024-11-03T15:41:42.379699-0700]    12.8125 MB /   0.50 sec =  214.9736 Mbps     0 retrans
[2024-11-03T15:41:42.879477-0700]     8.2500 MB /   0.50 sec =  138.4325 Mbps     0 retrans
[2024-11-03T15:41:43.379641-0700]     8.6250 MB /   0.50 sec =  144.6971 Mbps     0 retrans
[2024-11-03T15:41:43.879656-0700]     7.2500 MB /   0.50 sec =  121.6336 Mbps     0 retrans
[2024-11-03T15:41:44.379629-0700]     9.5625 MB /   0.50 sec =  160.4357 Mbps     0 retrans
[2024-11-03T15:41:44.879614-0700]    10.9375 MB /   0.50 sec =  183.4997 Mbps     0 retrans
[2024-11-03T15:41:45.379477-0700]    11.5625 MB /   0.50 sec =  194.0013 Mbps     0 retrans
[2024-11-03T15:41:45.879653-0700]    10.4375 MB /   0.50 sec =  175.0765 Mbps     0 retrans
[2024-11-03T15:41:46.379644-0700]     3.7500 MB /   0.50 sec =   62.9235 Mbps     0 retrans
[2024-11-03T15:41:46.879652-0700]    10.5625 MB /   0.50 sec =  177.1913 Mbps     0 retrans
[2024-11-03T15:41:47.379486-0700]    11.3750 MB /   0.50 sec =  190.8729 Mbps     0 retrans
[2024-11-03T15:41:47.879471-0700]    10.7500 MB /   0.50 sec =  180.3565 Mbps     0 retrans
[2024-11-03T15:41:48.379695-0700]     9.4375 MB /   0.50 sec =  158.2998 Mbps     0 retrans
[2024-11-03T15:41:48.879486-0700]     9.1875 MB /   0.50 sec =  154.1647 Mbps     0 retrans
[2024-11-03T15:41:49.379575-0700]    10.3125 MB /   0.50 sec =  173.0168 Mbps     0 retrans
[2024-11-03T15:41:49.879718-0700]     6.8125 MB /   0.50 sec =  114.2685 Mbps     0 retrans
[2024-11-03T15:41:50.379700-0700]    12.4375 MB /   0.50 sec =  208.7163 Mbps     0 retrans
[2024-11-03T15:41:50.879605-0700]     9.7500 MB /   0.50 sec =  163.5707 Mbps     0 retrans
[2024-11-03T15:41:51.379527-0700]    11.0000 MB /   0.50 sec =  184.5564 Mbps     0 retrans
[2024-11-03T15:41:51.879592-0700]     9.1875 MB /   0.50 sec =  154.1280 Mbps     0 retrans
[2024-11-03T15:41:52.379603-0700]    10.0000 MB /   0.50 sec =  167.7852 Mbps     0 retrans
[2024-11-03T15:41:52.879459-0700]     8.5000 MB /   0.50 sec =  142.6149 Mbps     0 retrans
[2024-11-03T15:41:53.379482-0700]     8.0625 MB /   0.50 sec =  135.2647 Mbps     0 retrans
[2024-11-03T15:41:53.879610-0700]     8.6250 MB /   0.50 sec =  144.6965 Mbps     0 retrans
[2024-11-03T15:41:54.379526-0700]     9.6875 MB /   0.50 sec =  162.5286 Mbps     0 retrans
[2024-11-03T15:41:54.879592-0700]     8.8125 MB /   0.50 sec =  147.8480 Mbps     0 retrans
[2024-11-03T15:41:55.379739-0700]     6.0000 MB /   0.50 sec =  100.6416 Mbps     0 retrans
[2024-11-03T15:41:55.879531-0700]    10.8750 MB /   0.50 sec =  182.4916 Mbps     0 retrans
[2024-11-03T15:41:56.379591-0700]     6.9375 MB /   0.50 sec =  116.3931 Mbps     0 retrans
[2024-11-03T15:41:56.879591-0700]     3.6250 MB /   0.50 sec =   60.8163 Mbps     0 retrans
[2024-11-03T15:41:57.379712-0700]     9.1250 MB /   0.50 sec =  153.0667 Mbps     0 retrans
[2024-11-03T15:41:57.879632-0700]     8.0625 MB /   0.50 sec =  135.2755 Mbps     0 retrans
[2024-11-03T15:41:58.379611-0700]     9.2500 MB /   0.50 sec =  155.1955 Mbps     0 retrans
[2024-11-03T15:41:58.879638-0700]     7.3750 MB /   0.50 sec =  123.7305 Mbps     0 retrans
[2024-11-03T15:41:59.379516-0700]     7.6250 MB /   0.50 sec =  127.9426 Mbps     0 retrans
[2024-11-03T15:41:59.879799-0700]     9.0625 MB /   0.50 sec =  152.0387 Mbps     0 retrans
[2024-11-03T15:42:00.379603-0700]     8.0000 MB /   0.50 sec =  134.2167 Mbps     0 retrans
[2024-11-03T15:42:00.879664-0700]     7.8750 MB /   0.50 sec =  132.1108 Mbps     0 retrans
[2024-11-03T15:42:01.379453-0700]     8.8125 MB /   0.50 sec =  147.8702 Mbps     0 retrans
[2024-11-03T15:42:01.879604-0700]     8.1875 MB /   0.50 sec =  137.3536 Mbps     0 retrans
[2024-11-03T15:42:02.379609-0700]     8.3750 MB /   0.50 sec =  140.5092 Mbps     0 retrans
[2024-11-03T15:42:02.879535-0700]     6.4375 MB /   0.50 sec =  108.0035 Mbps     0 retrans
[2024-11-03T15:42:03.379595-0700]     6.1875 MB /   0.50 sec =  103.8094 Mbps     0 retrans
[2024-11-03T15:42:03.879581-0700]     6.8125 MB /   0.50 sec =  114.2946 Mbps     0 retrans
[2024-11-03T15:42:04.379495-0700]     6.3125 MB /   0.50 sec =  105.9074 Mbps     0 retrans
[2024-11-03T15:42:04.879608-0700]     7.4375 MB /   0.50 sec =  124.7783 Mbps     0 retrans
[2024-11-03T15:42:05.379738-0700]     4.7500 MB /   0.50 sec =   79.6923 Mbps     0 retrans
[2024-11-03T15:42:05.879597-0700]     7.7500 MB /   0.50 sec =  130.0226 Mbps     0 retrans
[2024-11-03T15:42:06.379618-0700]     7.3125 MB /   0.50 sec =  122.6782 Mbps     0 retrans
[2024-11-03T15:42:06.879694-0700]     4.9375 MB /   0.50 sec =   82.8269 Mbps     0 retrans
[2024-11-03T15:42:07.379458-0700]     3.7500 MB /   0.50 sec =   62.9298 Mbps     0 retrans
[2024-11-03T15:42:07.879634-0700]     6.1875 MB /   0.50 sec =  103.8016 Mbps     0 retrans
[2024-11-03T15:42:08.379607-0700]     6.2500 MB /   0.50 sec =  104.8580 Mbps     0 retrans
[2024-11-03T15:42:08.879610-0700]     5.8125 MB /   0.50 sec =   97.5156 Mbps     0 retrans
[2024-11-03T15:42:09.379600-0700]     7.5000 MB /   0.50 sec =  125.8321 Mbps     0 retrans
[2024-11-03T15:42:09.879488-0700]     7.8750 MB /   0.50 sec =  132.1193 Mbps     0 retrans
[2024-11-03T15:42:10.379647-0700]     8.6875 MB /   0.50 sec =  145.7325 Mbps     0 retrans
[2024-11-03T15:42:10.879675-0700]     7.2500 MB /   0.50 sec =  121.6319 Mbps     0 retrans
[2024-11-03T15:42:11.379882-0700]     8.3750 MB /   0.50 sec =  140.4996 Mbps     0 retrans
[2024-11-03T15:42:11.879593-0700]    10.5000 MB /   0.50 sec =  176.2031 Mbps     0 retrans
[2024-11-03T15:42:12.379458-0700]     9.4375 MB /   0.50 sec =  158.3426 Mbps     0 retrans
[2024-11-03T15:42:12.879581-0700]     8.1875 MB /   0.50 sec =  137.3536 Mbps     0 retrans
[2024-11-03T15:42:13.379473-0700]     8.5000 MB /   0.50 sec =  142.6169 Mbps     0 retrans
[2024-11-03T15:42:13.879608-0700]     8.5625 MB /   0.50 sec =  143.6474 Mbps     0 retrans
[2024-11-03T15:42:14.379582-0700]    10.6250 MB /   0.50 sec =  178.2565 Mbps     0 retrans
[2024-11-03T15:42:14.879535-0700]     8.5000 MB /   0.50 sec =  142.6066 Mbps     0 retrans
[2024-11-03T15:42:15.379742-0700]     2.5000 MB /   0.50 sec =   41.9337 Mbps     0 retrans
[2024-11-03T15:42:15.879600-0700]    13.1250 MB /   0.50 sec =  220.2503 Mbps     0 retrans
[2024-11-03T15:42:16.379582-0700]     8.8750 MB /   0.50 sec =  148.8978 Mbps     0 retrans
[2024-11-03T15:42:16.879585-0700]     8.1250 MB /   0.50 sec =  136.3152 Mbps     0 retrans
[2024-11-03T15:42:17.379593-0700]     7.3750 MB /   0.50 sec =  123.7317 Mbps     0 retrans
[2024-11-03T15:42:17.879466-0700]     8.0000 MB /   0.50 sec =  134.2242 Mbps     0 retrans
[2024-11-03T15:42:18.379714-0700]     7.0000 MB /   0.50 sec =  117.4363 Mbps     0 retrans
[2024-11-03T15:42:18.879529-0700]     7.1250 MB /   0.50 sec =  119.5369 Mbps     0 retrans
[2024-11-03T15:42:19.379587-0700]     5.5625 MB /   0.50 sec =   93.3227 Mbps     0 retrans
[2024-11-03T15:42:19.879476-0700]     4.0000 MB /   0.50 sec =   67.1121 Mbps     0 retrans
[2024-11-03T15:42:20.379578-0700]     8.4375 MB /   0.50 sec =  141.5512 Mbps     0 retrans
[2024-11-03T15:42:20.879591-0700]     8.2500 MB /   0.50 sec =  138.4101 Mbps     0 retrans
[2024-11-03T15:42:21.379704-0700]     4.8750 MB /   0.50 sec =   81.7778 Mbps     0 retrans
[2024-11-03T15:42:21.879599-0700]    10.6875 MB /   0.50 sec =  179.3298 Mbps     0 retrans
[2024-11-03T15:42:22.379640-0700]     9.3125 MB /   0.50 sec =  156.2453 Mbps     0 retrans
[2024-11-03T15:42:22.879673-0700]     9.5000 MB /   0.50 sec =  159.3785 Mbps     0 retrans
[2024-11-03T15:42:23.379505-0700]     8.8750 MB /   0.50 sec =  148.9020 Mbps     0 retrans
[2024-11-03T15:42:23.879758-0700]     6.8125 MB /   0.50 sec =  114.2706 Mbps     0 retrans
[2024-11-03T15:42:24.379654-0700]    10.9375 MB /   0.50 sec =  183.5103 Mbps     0 retrans
[2024-11-03T15:42:24.879471-0700]     8.5000 MB /   0.50 sec =  142.6337 Mbps     0 retrans
[2024-11-03T15:42:25.379649-0700]     7.3125 MB /   0.50 sec =  122.6758 Mbps     0 retrans
[2024-11-03T15:42:25.879638-0700]     8.6250 MB /   0.50 sec =  144.6879 Mbps     0 retrans
[2024-11-03T15:42:26.379526-0700]     9.0625 MB /   0.50 sec =  152.0624 Mbps     0 retrans
[2024-11-03T15:42:26.879605-0700]     6.2500 MB /   0.50 sec =  104.8559 Mbps     0 retrans
[2024-11-03T15:42:27.379671-0700]     6.8750 MB /   0.50 sec =  115.3417 Mbps     0 retrans
[2024-11-03T15:42:27.879895-0700]     1.7500 MB /   0.50 sec =   29.3491 Mbps     0 retrans
[2024-11-03T15:42:28.379585-0700]     4.4375 MB /   0.50 sec =   74.4754 Mbps     0 retrans
[2024-11-03T15:42:28.879925-0700]     0.3750 MB /   0.50 sec =    6.2907 Mbps     0 retrans
[2024-11-03T15:42:29.379732-0700]     7.0625 MB /   0.50 sec =  118.4917 Mbps     0 retrans
[2024-11-03T15:42:29.879654-0700]     4.3125 MB /   0.50 sec =   72.3557 Mbps     0 retrans
[2024-11-03T15:42:30.379578-0700]     2.1875 MB /   0.50 sec =   36.7019 Mbps     0 retrans
[2024-11-03T15:42:30.879677-0700]     1.7500 MB /   0.50 sec =   29.3572 Mbps     0 retrans
[2024-11-03T15:42:31.379828-0700]     3.5000 MB /   0.50 sec =   58.7181 Mbps     0 retrans
[2024-11-03T15:42:31.879523-0700]     4.7500 MB /   0.50 sec =   79.7066 Mbps     0 retrans
[2024-11-03T15:42:32.379651-0700]     3.6875 MB /   0.50 sec =   61.8584 Mbps     0 retrans
[2024-11-03T15:42:32.879534-0700]     3.0625 MB /   0.50 sec =   51.3863 Mbps     0 retrans
[2024-11-03T15:42:33.379806-0700]     5.0000 MB /   0.50 sec =   83.8723 Mbps     0 retrans
[2024-11-03T15:42:33.879632-0700]     4.4375 MB /   0.50 sec =   74.4599 Mbps     0 retrans
End time: 1730673754005
