Start time: 1730673970737
[2024-11-03T15:46:15.800412-0700] traceroute to 54.176.53.206 (54.176.53.206), 30 hops max, 60 byte packets
[2024-11-03T15:46:15.800929-0700]  1  * * *
[2024-11-03T15:46:15.800970-0700]  2  * * *
[2024-11-03T15:46:15.801000-0700]  3  * * *
[2024-11-03T15:46:15.801029-0700]  4  * * *
[2024-11-03T15:46:15.801058-0700]  5  * * *
[2024-11-03T15:46:20.806983-0700]  6  * * *
[2024-11-03T15:46:20.807342-0700]  7  * * *
[2024-11-03T15:46:20.807436-0700]  8  * * *
[2024-11-03T15:46:20.807509-0700]  9  * * *
[2024-11-03T15:46:20.807682-0700] 10  * * *
[2024-11-03T15:46:25.815023-0700] 11  * * *
[2024-11-03T15:46:25.815306-0700] 12  * * *
[2024-11-03T15:46:25.815389-0700] 13  * * *
[2024-11-03T15:46:25.815449-0700] 14  * * *
[2024-11-03T15:46:25.815505-0700] 15  * * *
[2024-11-03T15:46:30.822577-0700] 16  * * *
[2024-11-03T15:46:30.822996-0700] 17  * * *
[2024-11-03T15:46:30.823084-0700] 18  * * *
[2024-11-03T15:46:30.823152-0700] 19  * * *
[2024-11-03T15:46:30.823215-0700] 20  * * *
[2024-11-03T15:46:30.823276-0700] 21  * * *
[2024-11-03T15:46:35.830140-0700] 22  * * *
[2024-11-03T15:46:35.830617-0700] 23  * * *
[2024-11-03T15:46:35.830708-0700] 24  * * *
[2024-11-03T15:46:35.836533-0700] 25  * * *
[2024-11-03T15:46:35.836789-0700] 26  * * *
[2024-11-03T15:46:40.790066-0700] 27  * *End time: 1730674000877
