Start time: 1730739541537
[2024-11-04T09:59:02.681305-0700] nuttcp-r: v8.1.4: socket
[2024-11-04T09:59:02.681739-0700] nuttcp-r: buflen=65536, nstream=1, port=5379 tcp
[2024-11-04T09:59:02.681773-0700] nuttcp-r: interval reporting every 0.50 seconds
[2024-11-04T09:59:02.681858-0700] nuttcp-r: connect to 54.176.53.206 with RTT=47.487 ms af=inet
[2024-11-04T09:59:02.681882-0700] nuttcp-r: send window size = 2097152, receive window size = 6291456
[2024-11-04T09:59:02.681905-0700] nuttcp-r: available send window = 1572864, available receive window = 4718592
[2024-11-04T09:59:02.681927-0700]     1.3125 MB /   0.50 sec =   22.0183 Mbps     0 retrans
[2024-11-04T09:59:03.181536-0700]    23.1875 MB /   0.50 sec =  388.9758 Mbps     0 retrans
[2024-11-04T09:59:03.681383-0700]    27.7500 MB /   0.50 sec =  465.6162 Mbps     0 retrans
[2024-11-04T09:59:04.181279-0700]    31.0625 MB /   0.50 sec =  521.1746 Mbps     0 retrans
[2024-11-04T09:59:04.681674-0700]    30.5000 MB /   0.50 sec =  511.5537 Mbps     0 retrans
[2024-11-04T09:59:05.181422-0700]    28.7500 MB /   0.50 sec =  482.4443 Mbps     0 retrans
[2024-11-04T09:59:05.681346-0700]    27.4375 MB /   0.50 sec =  460.3442 Mbps     0 retrans
[2024-11-04T09:59:06.181454-0700]    31.5625 MB /   0.50 sec =  529.4843 Mbps     0 retrans
[2024-11-04T09:59:06.681390-0700]    28.2500 MB /   0.50 sec =  473.9706 Mbps     0 retrans
[2024-11-04T09:59:07.181392-0700]    28.9375 MB /   0.50 sec =  485.5033 Mbps     0 retrans
[2024-11-04T09:59:07.681366-0700]    30.0625 MB /   0.50 sec =  504.3772 Mbps     0 retrans
[2024-11-04T09:59:08.181359-0700]    30.2500 MB /   0.50 sec =  507.5118 Mbps     0 retrans
[2024-11-04T09:59:08.681304-0700]    31.2500 MB /   0.50 sec =  524.2817 Mbps     0 retrans
[2024-11-04T09:59:09.181297-0700]    31.8750 MB /   0.50 sec =  534.7823 Mbps     0 retrans
[2024-11-04T09:59:09.681474-0700]    30.9375 MB /   0.50 sec =  518.9507 Mbps     0 retrans
[2024-11-04T09:59:10.181429-0700]    23.6875 MB /   0.50 sec =  397.4819 Mbps     0 retrans
[2024-11-04T09:59:10.681418-0700]    28.1250 MB /   0.50 sec =  471.8205 Mbps     0 retrans
[2024-11-04T09:59:11.181397-0700]    22.1250 MB /   0.50 sec =  371.2018 Mbps     0 retrans
[2024-11-04T09:59:11.681405-0700]    26.7500 MB /   0.50 sec =  448.8031 Mbps     0 retrans
[2024-11-04T09:59:12.181366-0700]    28.7500 MB /   0.50 sec =  482.3614 Mbps     0 retrans
[2024-11-04T09:59:12.681424-0700]    15.5625 MB /   0.50 sec =  261.0756 Mbps     0 retrans
[2024-11-04T09:59:13.181488-0700]    14.0625 MB /   0.50 sec =  235.9154 Mbps     0 retrans
[2024-11-04T09:59:13.681501-0700]    28.3125 MB /   0.50 sec =  475.0163 Mbps     0 retrans
[2024-11-04T09:59:14.181549-0700]    12.9375 MB /   0.50 sec =  217.0292 Mbps     0 retrans
[2024-11-04T09:59:14.681572-0700]    12.0000 MB /   0.50 sec =  201.3636 Mbps     0 retrans
[2024-11-04T09:59:15.181532-0700]     0.0000 MB /   0.50 sec =    0.0000 Mbps     0 retrans
[2024-11-04T09:59:15.681385-0700]    30.3125 MB /   0.50 sec =  508.6764 Mbps     0 retrans
[2024-11-04T09:59:16.181429-0700]    31.0625 MB /   0.50 sec =  521.1433 Mbps     0 retrans
[2024-11-04T09:59:16.681475-0700]    12.3750 MB /   0.50 sec =  207.5927 Mbps     0 retrans
[2024-11-04T09:59:17.181398-0700]    26.5625 MB /   0.50 sec =  445.6912 Mbps     0 retrans
[2024-11-04T09:59:17.681399-0700]    11.6875 MB /   0.50 sec =  196.0802 Mbps     0 retrans
[2024-11-04T09:59:18.181473-0700]     0.1875 MB /   0.50 sec =    3.1453 Mbps     0 retrans
[2024-11-04T09:59:18.681651-0700]    10.6250 MB /   0.50 sec =  178.2672 Mbps     0 retrans
[2024-11-04T09:59:19.181398-0700]    23.0625 MB /   0.50 sec =  386.9586 Mbps     0 retrans
[2024-11-04T09:59:19.681399-0700]    26.6875 MB /   0.50 sec =  447.7518 Mbps     0 retrans
[2024-11-04T09:59:20.181434-0700]    27.1250 MB /   0.50 sec =  455.0747 Mbps     0 retrans
[2024-11-04T09:59:20.681560-0700]    25.0000 MB /   0.50 sec =  419.3608 Mbps     0 retrans
[2024-11-04T09:59:21.181286-0700]    26.0625 MB /   0.50 sec =  437.3664 Mbps     0 retrans
[2024-11-04T09:59:21.681409-0700]    24.0625 MB /   0.50 sec =  403.6711 Mbps     0 retrans
[2024-11-04T09:59:22.181387-0700]    23.6250 MB /   0.50 sec =  396.3601 Mbps     0 retrans
[2024-11-04T09:59:22.681425-0700]    22.0000 MB /   0.50 sec =  369.0737 Mbps     0 retrans
[2024-11-04T09:59:23.181597-0700]    15.3750 MB /   0.50 sec =  257.8986 Mbps     0 retrans
[2024-11-04T09:59:23.681420-0700]    12.5625 MB /   0.50 sec =  210.8161 Mbps     0 retrans
[2024-11-04T09:59:24.181398-0700]    25.2500 MB /   0.50 sec =  423.6416 Mbps     0 retrans
[2024-11-04T09:59:24.681522-0700]    25.8750 MB /   0.50 sec =  434.1157 Mbps     0 retrans
[2024-11-04T09:59:25.181483-0700]    24.2500 MB /   0.50 sec =  406.7767 Mbps     0 retrans
[2024-11-04T09:59:25.681380-0700]    26.0625 MB /   0.50 sec =  437.3349 Mbps     0 retrans
[2024-11-04T09:59:26.181429-0700]    26.8750 MB /   0.50 sec =  450.8543 Mbps     0 retrans
[2024-11-04T09:59:26.681256-0700]    28.6250 MB /   0.50 sec =  480.3112 Mbps     0 retrans
[2024-11-04T09:59:27.181433-0700]    28.5625 MB /   0.50 sec =  479.1532 Mbps     0 retrans
[2024-11-04T09:59:27.681452-0700]    30.2500 MB /   0.50 sec =  507.4570 Mbps     0 retrans
[2024-11-04T09:59:28.181441-0700]    32.4375 MB /   0.50 sec =  544.2480 Mbps     0 retrans
[2024-11-04T09:59:28.681395-0700]    33.8750 MB /   0.50 sec =  568.3532 Mbps     0 retrans
[2024-11-04T09:59:29.181389-0700]    34.8750 MB /   0.50 sec =  585.1101 Mbps     0 retrans
[2024-11-04T09:59:29.681365-0700]    36.9375 MB /   0.50 sec =  619.7220 Mbps     0 retrans
[2024-11-04T09:59:30.181667-0700]    32.6250 MB /   0.50 sec =  547.2669 Mbps     0 retrans
[2024-11-04T09:59:30.681357-0700]    30.2500 MB /   0.50 sec =  507.5961 Mbps     0 retrans
[2024-11-04T09:59:31.181454-0700]    23.3125 MB /   0.50 sec =  391.1048 Mbps     0 retrans
[2024-11-04T09:59:31.681375-0700]    29.5000 MB /   0.50 sec =  494.9417 Mbps     0 retrans
[2024-11-04T09:59:32.181401-0700]    28.0625 MB /   0.50 sec =  470.7909 Mbps     0 retrans
[2024-11-04T09:59:32.681364-0700]    28.7500 MB /   0.50 sec =  482.3700 Mbps     0 retrans
[2024-11-04T09:59:33.181401-0700]    25.6875 MB /   0.50 sec =  430.9328 Mbps     0 retrans
[2024-11-04T09:59:33.681534-0700]    14.8750 MB /   0.50 sec =  249.5087 Mbps     0 retrans
[2024-11-04T09:59:34.181443-0700]    26.6250 MB /   0.50 sec =  446.8060 Mbps     0 retrans
[2024-11-04T09:59:34.681394-0700]    30.1250 MB /   0.50 sec =  505.4318 Mbps     0 retrans
[2024-11-04T09:59:35.181348-0700]    23.1875 MB /   0.50 sec =  389.0419 Mbps     0 retrans
[2024-11-04T09:59:35.681431-0700]    24.6250 MB /   0.50 sec =  413.1009 Mbps     0 retrans
[2024-11-04T09:59:36.181507-0700]    23.6875 MB /   0.50 sec =  397.3364 Mbps     0 retrans
[2024-11-04T09:59:36.681375-0700]    20.4375 MB /   0.50 sec =  342.9550 Mbps     0 retrans
[2024-11-04T09:59:37.181428-0700]    18.6875 MB /   0.50 sec =  313.5242 Mbps     0 retrans
[2024-11-04T09:59:37.681323-0700]    21.1875 MB /   0.50 sec =  355.4772 Mbps     0 retrans
[2024-11-04T09:59:38.181520-0700]     7.1875 MB /   0.50 sec =  120.5629 Mbps     0 retrans
[2024-11-04T09:59:38.681372-0700]    20.9375 MB /   0.50 sec =  351.3306 Mbps     0 retrans
[2024-11-04T09:59:39.181366-0700]    14.8750 MB /   0.50 sec =  249.5636 Mbps     0 retrans
[2024-11-04T09:59:39.681373-0700]    19.8750 MB /   0.50 sec =  333.4438 Mbps     0 retrans
[2024-11-04T09:59:40.181402-0700]    24.0000 MB /   0.50 sec =  402.6548 Mbps     0 retrans
[2024-11-04T09:59:40.681411-0700]    23.3125 MB /   0.50 sec =  391.1212 Mbps     0 retrans
[2024-11-04T09:59:41.181430-0700]    17.8750 MB /   0.50 sec =  299.8717 Mbps     0 retrans
[2024-11-04T09:59:41.681444-0700]    17.2500 MB /   0.50 sec =  289.4261 Mbps     0 retrans
[2024-11-04T09:59:42.181373-0700]    15.7500 MB /   0.50 sec =  264.2406 Mbps     0 retrans
[2024-11-04T09:59:42.681383-0700]    15.7500 MB /   0.50 sec =  264.2390 Mbps     0 retrans
[2024-11-04T09:59:43.181288-0700]    17.6875 MB /   0.50 sec =  296.7512 Mbps     0 retrans
[2024-11-04T09:59:43.681542-0700]    18.0000 MB /   0.50 sec =  301.9863 Mbps     0 retrans
[2024-11-04T09:59:44.181412-0700]     8.5625 MB /   0.50 sec =  143.6535 Mbps     0 retrans
[2024-11-04T09:59:44.681349-0700]    19.1875 MB /   0.50 sec =  321.9077 Mbps     0 retrans
[2024-11-04T09:59:45.181442-0700]    22.3125 MB /   0.50 sec =  374.3461 Mbps     0 retrans
[2024-11-04T09:59:45.681372-0700]    20.0625 MB /   0.50 sec =  336.6043 Mbps     0 retrans
[2024-11-04T09:59:46.181461-0700]    19.8125 MB /   0.50 sec =  332.3374 Mbps     0 retrans
[2024-11-04T09:59:46.681376-0700]    21.3125 MB /   0.50 sec =  357.6281 Mbps     0 retrans
[2024-11-04T09:59:47.181428-0700]    18.3125 MB /   0.50 sec =  307.2137 Mbps     0 retrans
[2024-11-04T09:59:47.681420-0700]    21.2500 MB /   0.50 sec =  356.4973 Mbps     0 retrans
[2024-11-04T09:59:48.181446-0700]    23.3750 MB /   0.50 sec =  392.1611 Mbps     0 retrans
[2024-11-04T09:59:48.681342-0700]    23.6250 MB /   0.50 sec =  396.4355 Mbps     0 retrans
[2024-11-04T09:59:49.181385-0700]    23.3125 MB /   0.50 sec =  391.0946 Mbps     0 retrans
[2024-11-04T09:59:49.681543-0700]    24.9375 MB /   0.50 sec =  418.2589 Mbps     0 retrans
[2024-11-04T09:59:50.181281-0700]    27.8750 MB /   0.50 sec =  467.8286 Mbps     0 retrans
[2024-11-04T09:59:50.681509-0700]    28.5625 MB /   0.50 sec =  479.1590 Mbps     0 retrans
[2024-11-04T09:59:51.181381-0700]    29.2500 MB /   0.50 sec =  490.7453 Mbps     0 retrans
[2024-11-04T09:59:51.681493-0700]    24.3125 MB /   0.50 sec =  407.8210 Mbps     0 retrans
[2024-11-04T09:59:52.181336-0700]    28.5625 MB /   0.50 sec =  479.2855 Mbps     0 retrans
[2024-11-04T09:59:52.681492-0700]    28.4375 MB /   0.50 sec =  477.0162 Mbps     0 retrans
[2024-11-04T09:59:53.181348-0700]    25.4375 MB /   0.50 sec =  426.8549 Mbps     0 retrans
[2024-11-04T09:59:53.681399-0700]    29.3125 MB /   0.50 sec =  491.7281 Mbps     0 retrans
[2024-11-04T09:59:54.181278-0700]    22.0625 MB /   0.50 sec =  370.2029 Mbps     0 retrans
[2024-11-04T09:59:54.681372-0700]    12.3750 MB /   0.50 sec =  207.6077 Mbps     0 retrans
[2024-11-04T09:59:55.181865-0700]    25.1250 MB /   0.50 sec =  421.3051 Mbps     0 retrans
[2024-11-04T09:59:55.681369-0700]    21.7500 MB /   0.50 sec =  365.1001 Mbps     0 retrans
[2024-11-04T09:59:56.181371-0700]    13.8125 MB /   0.50 sec =  231.7321 Mbps     0 retrans
[2024-11-04T09:59:56.681487-0700]    10.0625 MB /   0.50 sec =  168.7934 Mbps     0 retrans
[2024-11-04T09:59:57.181443-0700]     8.3125 MB /   0.50 sec =  139.4726 Mbps     0 retrans
[2024-11-04T09:59:57.681475-0700]     8.9375 MB /   0.50 sec =  149.9320 Mbps     0 retrans
[2024-11-04T09:59:58.181409-0700]     9.6250 MB /   0.50 sec =  161.5056 Mbps     0 retrans
[2024-11-04T09:59:58.681457-0700]     9.3750 MB /   0.50 sec =  157.2678 Mbps     0 retrans
[2024-11-04T09:59:59.181391-0700]    12.4375 MB /   0.50 sec =  208.6946 Mbps     0 retrans
[2024-11-04T09:59:59.681373-0700]     9.9375 MB /   0.50 sec =  166.7206 Mbps     0 retrans
[2024-11-04T10:00:00.181454-0700]     4.4375 MB /   0.50 sec =   74.4462 Mbps     0 retrans
[2024-11-04T10:00:00.681381-0700]     0.6250 MB /   0.50 sec =   10.4859 Mbps     0 retrans
[2024-11-04T10:00:01.181479-0700]    16.2500 MB /   0.50 sec =  272.6041 Mbps     0 retrans
[2024-11-04T10:00:01.681385-0700]    11.2500 MB /   0.50 sec =  188.7663 Mbps     0 retrans
[2024-11-04T10:00:02.181628-0700]    14.6875 MB /   0.50 sec =  246.4099 Mbps     0 retrans
[2024-11-04T10:00:02.681508-0700]    16.8125 MB /   0.50 sec =  282.0224 Mbps     0 retrans
[2024-11-04T10:00:03.181396-0700]    19.5000 MB /   0.50 sec =  327.2153 Mbps     0 retrans
[2024-11-04T10:00:03.681381-0700]    20.1250 MB /   0.50 sec =  337.6448 Mbps     0 retrans
[2024-11-04T10:00:04.181408-0700]    21.5625 MB /   0.50 sec =  361.7565 Mbps     0 retrans
[2024-11-04T10:00:04.681585-0700]    15.3125 MB /   0.50 sec =  256.8071 Mbps     0 retrans
[2024-11-04T10:00:05.181269-0700]    19.6250 MB /   0.50 sec =  329.3998 Mbps     0 retrans
[2024-11-04T10:00:05.681450-0700]    28.0625 MB /   0.50 sec =  470.7701 Mbps     0 retrans
[2024-11-04T10:00:06.181376-0700]    28.6875 MB /   0.50 sec =  481.3031 Mbps     0 retrans
[2024-11-04T10:00:06.681494-0700]    29.3125 MB /   0.50 sec =  491.6995 Mbps     0 retrans
[2024-11-04T10:00:07.181541-0700]    19.7500 MB /   0.50 sec =  331.3255 Mbps     0 retrans
[2024-11-04T10:00:07.681331-0700]    34.3125 MB /   0.50 sec =  575.8283 Mbps     0 retrans
[2024-11-04T10:00:08.181462-0700]    26.2500 MB /   0.50 sec =  440.3473 Mbps     0 retrans
[2024-11-04T10:00:08.681368-0700]    21.5000 MB /   0.50 sec =  360.7433 Mbps     0 retrans
[2024-11-04T10:00:09.181374-0700]    27.1875 MB /   0.50 sec =  456.1278 Mbps     0 retrans
[2024-11-04T10:00:09.681562-0700]    24.3750 MB /   0.50 sec =  408.9414 Mbps     0 retrans
[2024-11-04T10:00:10.181603-0700]    20.0000 MB /   0.50 sec =  335.4343 Mbps     0 retrans
[2024-11-04T10:00:10.681383-0700]    31.8750 MB /   0.50 sec =  534.9556 Mbps     0 retrans
[2024-11-04T10:00:11.181412-0700]    24.8750 MB /   0.50 sec =  417.3232 Mbps     0 retrans
[2024-11-04T10:00:11.681361-0700]    27.3750 MB /   0.50 sec =  459.2928 Mbps     0 retrans
[2024-11-04T10:00:12.181405-0700]    25.0625 MB /   0.50 sec =  420.4327 Mbps     0 retrans
[2024-11-04T10:00:12.681347-0700]    26.2500 MB /   0.50 sec =  440.4548 Mbps     0 retrans
[2024-11-04T10:00:13.181436-0700]    20.5625 MB /   0.50 sec =  344.9518 Mbps     0 retrans
[2024-11-04T10:00:13.681448-0700]    14.3750 MB /   0.50 sec =  241.1542 Mbps     0 retrans
[2024-11-04T10:00:14.181428-0700]    22.9375 MB /   0.50 sec =  384.8613 Mbps     0 retrans
[2024-11-04T10:00:14.681496-0700]    16.2500 MB /   0.50 sec =  272.6210 Mbps     0 retrans
[2024-11-04T10:00:15.181299-0700]     8.1875 MB /   0.50 sec =  137.3832 Mbps     0 retrans
[2024-11-04T10:00:15.681243-0700]     9.0625 MB /   0.50 sec =  152.0463 Mbps     0 retrans
[2024-11-04T10:00:16.181427-0700]    14.3750 MB /   0.50 sec =  241.1570 Mbps     0 retrans
[2024-11-04T10:00:16.681482-0700]    21.9375 MB /   0.50 sec =  368.0097 Mbps     0 retrans
[2024-11-04T10:00:17.181504-0700]    23.5625 MB /   0.50 sec =  395.2744 Mbps     0 retrans
[2024-11-04T10:00:17.681535-0700]    18.6250 MB /   0.50 sec =  312.4394 Mbps     0 retrans
[2024-11-04T10:00:18.181410-0700]    14.5000 MB /   0.50 sec =  243.3431 Mbps     0 retrans
[2024-11-04T10:00:18.681407-0700]    16.0625 MB /   0.50 sec =  269.4598 Mbps     0 retrans
[2024-11-04T10:00:19.181585-0700]    11.5625 MB /   0.50 sec =  194.0044 Mbps     0 retrans
[2024-11-04T10:00:19.681389-0700]    10.0625 MB /   0.50 sec =  168.8234 Mbps     0 retrans
[2024-11-04T10:00:20.181411-0700]     8.5625 MB /   0.50 sec =  143.6463 Mbps     0 retrans
[2024-11-04T10:00:20.681301-0700]     7.1250 MB /   0.50 sec =  119.5499 Mbps     0 retrans
[2024-11-04T10:00:21.181515-0700]     7.9375 MB /   0.50 sec =  133.1345 Mbps     0 retrans
[2024-11-04T10:00:21.681378-0700]     8.6250 MB /   0.50 sec =  144.7313 Mbps     0 retrans
[2024-11-04T10:00:22.181399-0700]     9.9375 MB /   0.50 sec =  166.7216 Mbps     0 retrans
[2024-11-04T10:00:22.681374-0700]    10.5000 MB /   0.50 sec =  176.1713 Mbps     0 retrans
[2024-11-04T10:00:23.181364-0700]    10.0000 MB /   0.50 sec =  167.7641 Mbps     0 retrans
[2024-11-04T10:00:23.681420-0700]     7.3125 MB /   0.50 sec =  122.6797 Mbps     0 retrans
[2024-11-04T10:00:24.181394-0700]     5.8125 MB /   0.50 sec =   97.5201 Mbps     0 retrans
[2024-11-04T10:00:24.681484-0700]     3.1875 MB /   0.50 sec =   53.4667 Mbps     0 retrans
[2024-11-04T10:00:25.181262-0700]     9.1875 MB /   0.50 sec =  154.1866 Mbps     0 retrans
[2024-11-04T10:00:25.681338-0700]     3.8125 MB /   0.50 sec =   63.9546 Mbps     0 retrans
[2024-11-04T10:00:26.181494-0700]     7.3125 MB /   0.50 sec =  122.6920 Mbps     0 retrans
[2024-11-04T10:00:26.681370-0700]    11.1875 MB /   0.50 sec =  187.6947 Mbps     0 retrans
[2024-11-04T10:00:27.181421-0700]    12.0000 MB /   0.50 sec =  201.3189 Mbps     0 retrans
[2024-11-04T10:00:27.681373-0700]     9.6250 MB /   0.50 sec =  161.4843 Mbps     0 retrans
[2024-11-04T10:00:28.181765-0700]     6.2500 MB /   0.50 sec =  104.7845 Mbps     0 retrans
[2024-11-04T10:00:28.681395-0700]     6.1875 MB /   0.50 sec =  103.8819 Mbps     0 retrans
[2024-11-04T10:00:29.181346-0700]     6.5000 MB /   0.50 sec =  109.0536 Mbps     0 retrans
[2024-11-04T10:00:29.681375-0700]     7.1250 MB /   0.50 sec =  119.5362 Mbps     0 retrans
[2024-11-04T10:00:30.181404-0700]     7.3750 MB /   0.50 sec =  123.7240 Mbps     0 retrans
[2024-11-04T10:00:30.681274-0700]     7.6875 MB /   0.50 sec =  128.9906 Mbps     0 retrans
[2024-11-04T10:00:31.181458-0700]     6.5625 MB /   0.50 sec =  110.0853 Mbps     0 retrans
[2024-11-04T10:00:31.681364-0700]     5.3750 MB /   0.50 sec =   90.1860 Mbps     0 retrans
[2024-11-04T10:00:32.181381-0700]     5.3750 MB /   0.50 sec =   90.1765 Mbps     0 retrans
[2024-11-04T10:00:32.681379-0700]     4.4375 MB /   0.50 sec =   74.4479 Mbps     0 retrans
[2024-11-04T10:00:33.181533-0700]     2.4375 MB /   0.50 sec =   40.8862 Mbps     0 retrans
[2024-11-04T10:00:33.681580-0700]     5.3750 MB /   0.50 sec =   90.1828 Mbps     0 retrans
[2024-11-04T10:00:34.181416-0700]     6.2500 MB /   0.50 sec =  104.8708 Mbps     0 retrans
[2024-11-04T10:00:34.681315-0700]     7.4375 MB /   0.50 sec =  124.7910 Mbps     0 retrans
[2024-11-04T10:00:35.181389-0700]     4.0625 MB /   0.50 sec =   68.1524 Mbps     0 retrans
[2024-11-04T10:00:35.681607-0700]     2.8125 MB /   0.50 sec =   47.1808 Mbps     0 retrans
[2024-11-04T10:00:36.181517-0700]     2.3750 MB /   0.50 sec =   39.8423 Mbps     0 retrans
[2024-11-04T10:00:36.681362-0700]     6.2500 MB /   0.50 sec =  104.8807 Mbps     0 retrans
[2024-11-04T10:00:37.181351-0700]     7.6250 MB /   0.50 sec =  127.9219 Mbps     0 retrans
[2024-11-04T10:00:37.681488-0700]     4.6250 MB /   0.50 sec =   77.5827 Mbps     0 retrans
[2024-11-04T10:00:38.181506-0700]     4.1250 MB /   0.50 sec =   69.2032 Mbps     0 retrans
[2024-11-04T10:00:38.681339-0700]     1.0625 MB /   0.50 sec =   17.8302 Mbps     0 retrans
[2024-11-04T10:00:39.181405-0700]     4.1875 MB /   0.50 sec =   70.2516 Mbps     0 retrans
[2024-11-04T10:00:39.681428-0700]     2.7500 MB /   0.50 sec =   46.1314 Mbps     0 retrans
[2024-11-04T10:00:40.181384-0700]     2.6250 MB /   0.50 sec =   44.0459 Mbps     0 retrans
[2024-11-04T10:00:40.681406-0700]     7.0625 MB /   0.50 sec =  118.4829 Mbps     0 retrans
[2024-11-04T10:00:41.181541-0700]     2.0000 MB /   0.50 sec =   33.5483 Mbps     0 retrans
[2024-11-04T10:00:41.681404-0700]     0.0000 MB /   0.50 sec =    0.0000 Mbps     0 retrans
[2024-11-04T10:00:42.181412-0700]     5.3125 MB /   0.50 sec =   89.1373 Mbps     0 retrans
[2024-11-04T10:00:42.681376-0700]     8.2500 MB /   0.50 sec =  138.4129 Mbps     0 retrans
[2024-11-04T10:00:43.181421-0700]     9.0625 MB /   0.50 sec =  152.0414 Mbps     0 retrans
[2024-11-04T10:00:43.681338-0700]     8.1250 MB /   0.50 sec =  136.3198 Mbps     0 retrans
[2024-11-04T10:00:44.181524-0700]     5.1875 MB /   0.50 sec =   87.0123 Mbps     0 retrans
[2024-11-04T10:00:44.681384-0700]    11.6250 MB /   0.50 sec =  195.0738 Mbps     0 retrans
[2024-11-04T10:00:45.181389-0700]    11.8750 MB /   0.50 sec =  199.2251 Mbps     0 retrans
[2024-11-04T10:00:45.681427-0700]    13.1875 MB /   0.50 sec =  221.2327 Mbps     0 retrans
[2024-11-04T10:00:46.181365-0700]    16.1250 MB /   0.50 sec =  270.5754 Mbps     0 retrans
[2024-11-04T10:00:46.681466-0700]    18.1250 MB /   0.50 sec =  304.0147 Mbps     0 retrans
[2024-11-04T10:00:47.181261-0700]    22.6875 MB /   0.50 sec =  380.7351 Mbps     0 retrans
[2024-11-04T10:00:47.681419-0700]    23.5625 MB /   0.50 sec =  395.2420 Mbps     0 retrans
[2024-11-04T10:00:48.181432-0700]    18.5625 MB /   0.50 sec =  311.4152 Mbps     0 retrans
[2024-11-04T10:00:48.681325-0700]    12.2500 MB /   0.50 sec =  205.5575 Mbps     0 retrans
[2024-11-04T10:00:49.181363-0700]    13.8125 MB /   0.50 sec =  231.7283 Mbps     0 retrans
[2024-11-04T10:00:49.681597-0700]     7.3125 MB /   0.50 sec =  122.6731 Mbps     0 retrans
[2024-11-04T10:00:50.181407-0700]    20.6250 MB /   0.50 sec =  346.0432 Mbps     0 retrans
[2024-11-04T10:00:50.681377-0700]     4.6250 MB /   0.50 sec =   77.5946 Mbps     0 retrans
[2024-11-04T10:00:51.181504-0700]    12.3750 MB /   0.50 sec =  207.5877 Mbps     0 retrans
[2024-11-04T10:00:51.681555-0700]     1.6250 MB /   0.50 sec =   27.2605 Mbps     0 retrans
[2024-11-04T10:00:52.181573-0700]     5.2500 MB /   0.50 sec =   88.0770 Mbps     0 retrans
[2024-11-04T10:00:52.681307-0700]     0.0000 MB /   0.50 sec =    0.0000 Mbps     0 retrans
[2024-11-04T10:00:53.181420-0700]    11.5000 MB /   0.50 sec =  192.9349 Mbps     0 retrans
[2024-11-04T10:00:53.681367-0700]    14.4375 MB /   0.50 sec =  242.2259 Mbps     0 retrans
[2024-11-04T10:00:54.181509-0700]    14.5625 MB /   0.50 sec =  244.2742 Mbps     0 retrans
[2024-11-04T10:00:54.681452-0700]    18.1875 MB /   0.50 sec =  305.1503 Mbps     0 retrans
[2024-11-04T10:00:55.181368-0700]    18.8750 MB /   0.50 sec =  316.7073 Mbps     0 retrans
[2024-11-04T10:00:55.681431-0700]    23.6875 MB /   0.50 sec =  397.3658 Mbps     0 retrans
[2024-11-04T10:00:56.181264-0700]    24.9375 MB /   0.50 sec =  418.4605 Mbps     0 retrans
[2024-11-04T10:00:56.681408-0700]    19.5000 MB /   0.50 sec =  327.1282 Mbps     0 retrans
[2024-11-04T10:00:57.181649-0700]     9.1250 MB /   0.50 sec =  153.0642 Mbps     0 retrans
[2024-11-04T10:00:57.681392-0700]     0.0000 MB /   0.50 sec =    0.0000 Mbps     0 retrans
[2024-11-04T10:00:58.181305-0700]     0.6250 MB /   0.50 sec =   10.4863 Mbps     0 retrans
[2024-11-04T10:00:58.681373-0700]     9.8750 MB /   0.50 sec =  165.6760 Mbps     0 retrans
[2024-11-04T10:00:59.181353-0700]     4.8125 MB /   0.50 sec =   80.7408 Mbps     0 retrans
[2024-11-04T10:00:59.681370-0700]     4.5000 MB /   0.50 sec =   75.4969 Mbps     0 retrans
[2024-11-04T10:01:00.181408-0700]     3.8750 MB /   0.50 sec =   65.0109 Mbps     0 retrans
[2024-11-04T10:01:00.681351-0700]     2.8750 MB /   0.50 sec =   48.2353 Mbps     0 retrans
[2024-11-04T10:01:01.181625-0700]     0.6250 MB /   0.50 sec =   10.4818 Mbps     0 retrans
[2024-11-04T10:01:01.681634-0700]     0.0000 MB /   0.50 sec =    0.0000 Mbps     0 retrans
[2024-11-04T10:01:02.181488-0700]     1.5625 MB /   0.50 sec =   26.2154 Mbps     0 retrans
End time: 1730739662639
