Start time: 1730911555801
[2024-11-06T10:46:00.859169-0600] traceroute to 54.197.223.49 (54.197.223.49), 30 hops max, 60 byte packets
[2024-11-06T10:46:00.860253-0600]  1  * * *
[2024-11-06T10:46:00.860361-0600]  2  * * *
[2024-11-06T10:46:00.860449-0600]  3  * * *
[2024-11-06T10:46:00.860530-0600]  4  * * *
[2024-11-06T10:46:00.860608-0600]  5  * * *
[2024-11-06T10:46:05.866590-0600]  6  * * *
[2024-11-06T10:46:05.866933-0600]  7  * * *
[2024-11-06T10:46:05.874086-0600]  8  * * *
[2024-11-06T10:46:05.874463-0600]  9  * * *
[2024-11-06T10:46:05.882441-0600] 10  * * *
[2024-11-06T10:46:10.874488-0600] 11  * * *
[2024-11-06T10:46:10.874999-0600] 12  * * *
[2024-11-06T10:46:10.884327-0600] 13  * * *
[2024-11-06T10:46:10.884495-0600] 14  * * *
[2024-11-06T10:46:10.884616-0600] 15  * * *
[2024-11-06T10:46:15.883088-0600] 16  * * *
[2024-11-06T10:46:15.883525-0600] 17  * * *
[2024-11-06T10:46:15.890714-0600] 18  * * *
[2024-11-06T10:46:15.890823-0600] 19  * * *
[2024-11-06T10:46:15.894308-0600] 20  * * *
[2024-11-06T10:46:15.895931-0600] 21  * * *
[2024-11-06T10:46:20.891215-0600] 22  * * *
[2024-11-06T10:46:20.900316-0600] 23  * * *
[2024-11-06T10:46:20.900502-0600] 24  * * *
[2024-11-06T10:46:20.900630-0600] 25  * * *
[2024-11-06T10:46:20.900747-0600] 26  * * *
[2024-11-06T10:46:25.848532-0600] 27  * *End time: 1730911585914
