Start time: 1745107470742
Connecting to host 34.86.116.81, port 5209
Reverse mode, remote host 34.86.116.81 is sending
[  5] local 192.0.0.2 port 54876 connected to 34.86.116.81 port 5209
[ ID] Interval           Transfer     Bitrate
[  5]   0.00-0.10   sec  40.0 KBytes  3.27 Mbits/sec                  
[  5]   0.10-0.20   sec  93.2 KBytes  7.63 Mbits/sec                  
[  5]   0.20-0.30   sec   109 KBytes  8.95 Mbits/sec                  
[  5]   0.30-0.40   sec   393 KBytes  32.2 Mbits/sec                  
[  5]   0.40-0.50   sec   274 KBytes  22.5 Mbits/sec                  
[  5]   0.50-0.60   sec   214 KBytes  17.6 Mbits/sec                  
[  5]   0.60-0.70   sec   172 KBytes  14.1 Mbits/sec                  
[  5]   0.70-0.80   sec  0.00 Bytes  0.00 bits/sec                  
[  5]   0.80-0.90   sec  0.00 Bytes  0.00 bits/sec                  
[  5]   0.90-1.00   sec   358 KBytes  29.3 Mbits/sec                  
[  5]   1.00-1.10   sec   309 KBytes  25.4 Mbits/sec                  
[  5]   1.10-1.20   sec   398 KBytes  32.6 Mbits/sec                  
[  5]   1.20-1.30   sec   717 KBytes  58.7 Mbits/sec                  
[  5]   1.30-1.40   sec   707 KBytes  57.9 Mbits/sec                  
[  5]   1.40-1.50   sec   577 KBytes  47.2 Mbits/sec                  
[  5]   1.50-1.60   sec   920 KBytes  75.1 Mbits/sec                  
[  5]   1.60-1.70   sec   742 KBytes  60.9 Mbits/sec                  
[  5]   1.70-1.80   sec   774 KBytes  63.5 Mbits/sec                  
[  5]   1.80-1.90   sec   666 KBytes  54.6 Mbits/sec                  
[  5]   1.90-2.00   sec   773 KBytes  63.3 Mbits/sec                  
[  5]   2.00-2.10   sec   810 KBytes  66.3 Mbits/sec                  
[  5]   2.10-2.20   sec   758 KBytes  62.1 Mbits/sec                  
[  5]   2.20-2.30   sec   653 KBytes  53.5 Mbits/sec                  
[  5]   2.30-2.40   sec  0.00 Bytes  0.00 bits/sec                  
[  5]   2.40-2.50   sec  0.00 Bytes  0.00 bits/sec                  
[  5]   2.50-2.60   sec  1.30 MBytes   110 Mbits/sec                  
[  5]   2.60-2.70   sec   754 KBytes  61.6 Mbits/sec                  
[  5]   2.70-2.80   sec   250 KBytes  20.6 Mbits/sec                  
[  5]   2.80-2.90   sec  1.37 MBytes   115 Mbits/sec                  
[  5]   2.90-3.00   sec   163 KBytes  13.3 Mbits/sec                  
[  5]   3.00-3.10   sec  1.77 MBytes   149 Mbits/sec                  
[  5]   3.10-3.20   sec   722 KBytes  59.1 Mbits/sec                  
[  5]   3.20-3.30   sec   582 KBytes  47.6 Mbits/sec                  
[  5]   3.30-3.40   sec   955 KBytes  78.4 Mbits/sec                  
[  5]   3.40-3.50   sec   803 KBytes  65.7 Mbits/sec                  
[  5]   3.50-3.60   sec   610 KBytes  50.0 Mbits/sec                  
[  5]   3.60-3.70   sec   822 KBytes  67.5 Mbits/sec                  
[  5]   3.70-3.80   sec  1.08 MBytes  90.2 Mbits/sec                  
[  5]   3.80-3.90   sec   859 KBytes  70.4 Mbits/sec                  
[  5]   3.90-4.00   sec   519 KBytes  42.6 Mbits/sec                  
[  5]   4.00-4.10   sec   802 KBytes  65.7 Mbits/sec                  
[  5]   4.10-4.20   sec   513 KBytes  42.0 Mbits/sec                  
[  5]   4.20-4.30   sec   192 KBytes  15.7 Mbits/sec                  
[  5]   4.30-4.40   sec   161 KBytes  13.2 Mbits/sec                  
[  5]   4.40-4.50   sec   421 KBytes  34.5 Mbits/sec                  
[  5]   4.50-4.60   sec   462 KBytes  37.8 Mbits/sec                  
[  5]   4.60-4.70   sec   137 KBytes  11.2 Mbits/sec                  
[  5]   4.70-4.80   sec  17.3 KBytes  1.42 Mbits/sec                  
[  5]   4.80-4.90   sec  0.00 Bytes  0.00 bits/sec                  
[  5]   4.90-5.00   sec  0.00 Bytes  0.00 bits/sec                  
- - - - - - - - - - - - - - - - - - - - - - - - -
[ ID] Interval           Transfer     Bitrate         Retr
[  5]   0.00-5.22   sec   301 MBytes   484 Mbits/sec   27             sender
[  5]   0.00-5.00   sec  25.3 MBytes  42.4 Mbits/sec                  receiver

iperf Done.
End time: 1745107477951
