Start time: 1730747461793
[2024-11-04T12:11:06.863297-0700] traceroute to 54.176.53.206 (54.176.53.206), 30 hops max, 60 byte packets
[2024-11-04T12:11:06.863981-0700]  1  * * *
[2024-11-04T12:11:06.864029-0700]  2  * * *
[2024-11-04T12:11:06.864061-0700]  3  * * *
[2024-11-04T12:11:06.864091-0700]  4  * * *
[2024-11-04T12:11:06.864120-0700]  5  * * *
[2024-11-04T12:11:11.870527-0700]  6  * * *
[2024-11-04T12:11:11.870927-0700]  7  * * *
[2024-11-04T12:11:11.871007-0700]  8  * * *
[2024-11-04T12:11:11.871063-0700]  9  * * *
[2024-11-04T12:11:11.880227-0700] 10  * * *
[2024-11-04T12:11:16.875323-0700] 11  * * *
[2024-11-04T12:11:16.875640-0700] 12  * * *
[2024-11-04T12:11:16.877713-0700] 13  * * *
[2024-11-04T12:11:16.882305-0700] 14  * * *
[2024-11-04T12:11:16.882458-0700] 15  * * *
[2024-11-04T12:11:21.878631-0700] 16  * * *
[2024-11-04T12:11:21.879087-0700] 17  * * *
[2024-11-04T12:11:21.884025-0700] 18  * * *
[2024-11-04T12:11:21.884122-0700] 19  * * *
[2024-11-04T12:11:21.888921-0700] 20  * * *
[2024-11-04T12:11:21.889071-0700] 21  * * *
[2024-11-04T12:11:26.886617-0700] 22  * * *
[2024-11-04T12:11:26.886830-0700] 23  * * *
[2024-11-04T12:11:26.890252-0700] 24  * * *
[2024-11-04T12:11:26.890396-0700] 25  * * *
[2024-11-04T12:11:26.892574-0700] 26  * * *
[2024-11-04T12:11:31.851445-0700] 27  * *End time: 1730747491909
