Start time: 1745263754548
Connecting to host 34.86.116.81, port 5209
Reverse mode, remote host 34.86.116.81 is sending
[  5] local 192.0.0.2 port 42974 connected to 34.86.116.81 port 5209
[ ID] Interval           Transfer     Bitrate
[  5]   0.00-0.10   sec  26.6 KBytes  2.18 Mbits/sec                  
[  5]   0.10-0.20   sec  55.9 KBytes  4.58 Mbits/sec                  
[  5]   0.20-0.30   sec   132 KBytes  10.8 Mbits/sec                  
[  5]   0.30-0.40   sec   182 KBytes  15.0 Mbits/sec                  
[  5]   0.40-0.50   sec   330 KBytes  27.1 Mbits/sec                  
[  5]   0.50-0.60   sec   606 KBytes  49.6 Mbits/sec                  
[  5]   0.60-0.70   sec   254 KBytes  20.8 Mbits/sec                  
[  5]   0.70-0.80   sec  1.14 MBytes  95.9 Mbits/sec                  
[  5]   0.80-0.90   sec   510 KBytes  41.8 Mbits/sec                  
[  5]   0.90-1.00   sec   546 KBytes  44.8 Mbits/sec                  
[  5]   1.00-1.10   sec   890 KBytes  72.9 Mbits/sec                  
[  5]   1.10-1.20   sec   659 KBytes  54.0 Mbits/sec                  
[  5]   1.20-1.30   sec   594 KBytes  48.7 Mbits/sec                  
[  5]   1.30-1.40   sec   456 KBytes  37.3 Mbits/sec                  
[  5]   1.40-1.50   sec   665 KBytes  54.5 Mbits/sec                  
[  5]   1.50-1.60   sec  0.00 Bytes  0.00 bits/sec                  
[  5]   1.60-1.70   sec  0.00 Bytes  0.00 bits/sec                  
[  5]   1.70-1.80   sec  3.21 MBytes   270 Mbits/sec                  
[  5]   1.80-1.90   sec   710 KBytes  57.9 Mbits/sec                  
[  5]   1.90-2.00   sec   939 KBytes  77.0 Mbits/sec                  
[  5]   2.00-2.10   sec   831 KBytes  68.0 Mbits/sec                  
[  5]   2.10-2.20   sec   955 KBytes  78.5 Mbits/sec                  
[  5]   2.20-2.30   sec   794 KBytes  65.0 Mbits/sec                  
[  5]   2.30-2.40   sec   959 KBytes  78.6 Mbits/sec                  
[  5]   2.40-2.50   sec   895 KBytes  73.3 Mbits/sec                  
[  5]   2.50-2.60   sec   986 KBytes  80.7 Mbits/sec                  
[  5]   2.60-2.70   sec  1.14 MBytes  95.5 Mbits/sec                  
[  5]   2.70-2.80   sec  1.12 MBytes  93.7 Mbits/sec                  
[  5]   2.80-2.90   sec  1.11 MBytes  93.6 Mbits/sec                  
[  5]   2.90-3.00   sec  1.06 MBytes  88.7 Mbits/sec                  
[  5]   3.00-3.10   sec  1.05 MBytes  87.7 Mbits/sec                  
[  5]   3.10-3.20   sec  1.19 MBytes   100 Mbits/sec                  
[  5]   3.20-3.30   sec  1.10 MBytes  92.6 Mbits/sec                  
[  5]   3.30-3.40   sec  1.02 MBytes  85.7 Mbits/sec                  
[  5]   3.40-3.50   sec  1.19 MBytes  99.8 Mbits/sec                  
[  5]   3.50-3.60   sec  1.06 MBytes  89.3 Mbits/sec                  
[  5]   3.60-3.70   sec  1.22 MBytes   102 Mbits/sec                  
[  5]   3.70-3.80   sec  1.07 MBytes  89.9 Mbits/sec                  
[  5]   3.80-3.90   sec  1.12 MBytes  94.2 Mbits/sec                  
[  5]   3.90-4.00   sec  1.12 MBytes  93.7 Mbits/sec                  
[  5]   4.00-4.10   sec  1.13 MBytes  94.8 Mbits/sec                  
[  5]   4.10-4.20   sec  1.31 MBytes   110 Mbits/sec                  
[  5]   4.20-4.30   sec  1.12 MBytes  94.0 Mbits/sec                  
[  5]   4.30-4.40   sec  1.11 MBytes  93.7 Mbits/sec                  
[  5]   4.40-4.50   sec  1.33 MBytes   112 Mbits/sec                  
[  5]   4.50-4.60   sec  1.27 MBytes   107 Mbits/sec                  
[  5]   4.60-4.70   sec  1000 KBytes  82.0 Mbits/sec                  
[  5]   4.70-4.80   sec  1.32 MBytes   110 Mbits/sec                  
[  5]   4.80-4.90   sec  1.23 MBytes   104 Mbits/sec                  
[  5]   4.90-5.00   sec  1.44 MBytes   121 Mbits/sec                  
- - - - - - - - - - - - - - - - - - - - - - - - -
[ ID] Interval           Transfer     Bitrate         Retr
[  5]   0.00-5.06   sec   322 MBytes   535 Mbits/sec   25             sender
[  5]   0.00-5.00   sec  44.9 MBytes  75.3 Mbits/sec                  receiver

iperf Done.
End time: 1745263760305
