Start time: 1730996332523
[2024-11-07T11:18:57.618732-0500] traceroute to 54.197.223.49 (54.197.223.49), 30 hops max, 60 byte packets
[2024-11-07T11:18:57.619415-0500]  1  * * *
[2024-11-07T11:18:57.619466-0500]  2  * * *
[2024-11-07T11:18:57.619507-0500]  3  * * *
[2024-11-07T11:18:57.625087-0500]  4  * * *
[2024-11-07T11:18:57.625154-0500]  5  * * *
[2024-11-07T11:19:02.626221-0500]  6  * * *
[2024-11-07T11:19:02.626556-0500]  7  * * *
[2024-11-07T11:19:02.626626-0500]  8  * * *
[2024-11-07T11:19:02.634739-0500]  9  * * *
[2024-11-07T11:19:02.634945-0500] 10  * * *
[2024-11-07T11:19:07.633231-0500] 11  * * *
[2024-11-07T11:19:07.633715-0500] 12  * * *
[2024-11-07T11:19:07.633854-0500] 13  * * *
[2024-11-07T11:19:07.646208-0500] 14  * * *
[2024-11-07T11:19:07.646477-0500] 15  * * *
[2024-11-07T11:19:12.641333-0500] 16  * * *
[2024-11-07T11:19:12.641527-0500] 17  * * *
[2024-11-07T11:19:12.644764-0500] 18  * * *
[2024-11-07T11:19:12.649629-0500] 19  * * *
[2024-11-07T11:19:12.653196-0500] 20  * * *
[2024-11-07T11:19:12.656929-0500] 21  * * *
[2024-11-07T11:19:17.648010-0500] 22  * * *
[2024-11-07T11:19:17.648475-0500] 23  * * *
[2024-11-07T11:19:17.656372-0500] 24  * * *
[2024-11-07T11:19:17.656598-0500] 25  * * *
[2024-11-07T11:19:17.656675-0500] 26  * * *
[2024-11-07T11:19:22.606016-0500] 27  * *End time: 1730996362664
