Start time: 1730589718262
[2024-11-02T17:22:03.332992-0600] traceroute to 54.176.53.206 (54.176.53.206), 30 hops max, 60 byte packets
[2024-11-02T17:22:03.333492-0600]  1  * * *
[2024-11-02T17:22:03.333530-0600]  2  * * *
[2024-11-02T17:22:03.333558-0600]  3  * * *
[2024-11-02T17:22:03.333584-0600]  4  * * *
[2024-11-02T17:22:03.333609-0600]  5  * * *
[2024-11-02T17:22:08.341339-0600]  6  * * *
[2024-11-02T17:22:08.341679-0600]  7  * * *
[2024-11-02T17:22:08.341728-0600]  8  * * *
[2024-11-02T17:22:08.341766-0600]  9  * * *
[2024-11-02T17:22:08.348056-0600] 10  * * *
[2024-11-02T17:22:13.349884-0600] 11  * * *
[2024-11-02T17:22:13.350245-0600] 12  * * *
[2024-11-02T17:22:13.350296-0600] 13  * * *
[2024-11-02T17:22:13.350335-0600] 14  * * *
[2024-11-02T17:22:13.350374-0600] 15  * * *
[2024-11-02T17:22:18.357873-0600] 16  * * *
[2024-11-02T17:22:18.358304-0600] 17  * * *
[2024-11-02T17:22:18.358412-0600] 18  * * *
[2024-11-02T17:22:18.358489-0600] 19  * * *
[2024-11-02T17:22:18.365461-0600] 20  * * *
[2024-11-02T17:22:18.365563-0600] 21  * * *
[2024-11-02T17:22:23.365585-0600] 22  * * *
[2024-11-02T17:22:23.365878-0600] 23  * * *
[2024-11-02T17:22:23.365953-0600] 24  * * *
[2024-11-02T17:22:23.369629-0600] 25  * * *
[2024-11-02T17:22:23.369684-0600] 26  * * *
[2024-11-02T17:22:28.320667-0600] 27  * *End time: 1730589748377
