Start time: 1731101943854
[2024-11-08T16:39:04.993669-0500] nuttcp-r: v8.1.4: socket
[2024-11-08T16:39:04.994581-0500] nuttcp-r: buflen=65536, nstream=1, port=5379 tcp
[2024-11-08T16:39:04.994658-0500] nuttcp-r: interval reporting every 0.50 seconds
[2024-11-08T16:39:04.994716-0500] nuttcp-r: connect to 54.197.223.49 with RTT=208.374 ms af=inet
[2024-11-08T16:39:04.994770-0500] nuttcp-r: send window size = 2097152, receive window size = 6291456
[2024-11-08T16:39:04.994823-0500] nuttcp-r: available send window = 1572864, available receive window = 4718592
[2024-11-08T16:39:04.994875-0500]     0.1875 MB /   0.50 sec =    3.1454 Mbps     0 retrans     13 KB-cwnd
[2024-11-08T16:39:05.493624-0500]     3.5000 MB /   0.50 sec =   58.7173 Mbps     0 retrans     13 KB-cwnd
[2024-11-08T16:39:05.993679-0500]     1.7500 MB /   0.50 sec =   29.3571 Mbps     0 retrans     13 KB-cwnd
[2024-11-08T16:39:06.493824-0500]     6.5000 MB /   0.50 sec =  109.0301 Mbps     0 retrans     13 KB-cwnd
[2024-11-08T16:39:06.993703-0500]     8.1875 MB /   0.50 sec =  137.4107 Mbps     0 retrans     13 KB-cwnd
[2024-11-08T16:39:07.493785-0500]     2.8750 MB /   0.50 sec =   48.2212 Mbps     0 retrans     13 KB-cwnd
[2024-11-08T16:39:07.993533-0500]     4.3125 MB /   0.50 sec =   72.3717 Mbps     0 retrans     13 KB-cwnd
[2024-11-08T16:39:08.493593-0500]     6.6250 MB /   0.50 sec =  111.1373 Mbps     0 retrans     13 KB-cwnd
[2024-11-08T16:39:08.993764-0500]     7.1875 MB /   0.50 sec =  120.5682 Mbps     0 retrans     13 KB-cwnd
[2024-11-08T16:39:09.493621-0500]     7.8125 MB /   0.50 sec =  131.1040 Mbps     0 retrans     13 KB-cwnd
[2024-11-08T16:39:09.993687-0500]     4.9375 MB /   0.50 sec =   82.8243 Mbps     0 retrans     13 KB-cwnd
[2024-11-08T16:39:10.493700-0500]     8.3750 MB /   0.50 sec =  140.5089 Mbps     0 retrans     13 KB-cwnd
[2024-11-08T16:39:10.993683-0500]     3.1250 MB /   0.50 sec =   52.4306 Mbps     0 retrans     13 KB-cwnd
[2024-11-08T16:39:11.493763-0500]     3.2500 MB /   0.50 sec =   54.5182 Mbps     0 retrans     13 KB-cwnd
[2024-11-08T16:39:11.993645-0500]     4.1250 MB /   0.50 sec =   69.2196 Mbps     0 retrans     13 KB-cwnd
[2024-11-08T16:39:12.493876-0500]     4.1875 MB /   0.50 sec =   70.2397 Mbps     0 retrans     13 KB-cwnd
[2024-11-08T16:39:12.993839-0500]     5.1875 MB /   0.50 sec =   87.0417 Mbps     0 retrans     13 KB-cwnd
[2024-11-08T16:39:13.493558-0500]     3.6250 MB /   0.50 sec =   60.8246 Mbps     0 retrans     13 KB-cwnd
[2024-11-08T16:39:13.993499-0500]     6.0625 MB /   0.50 sec =  101.7237 Mbps     0 retrans     13 KB-cwnd
[2024-11-08T16:39:14.493646-0500]     3.0625 MB /   0.50 sec =   51.3744 Mbps     0 retrans     13 KB-cwnd
[2024-11-08T16:39:14.993871-0500]     7.9375 MB /   0.50 sec =  133.1529 Mbps     0 retrans     13 KB-cwnd
[2024-11-08T16:39:15.493604-0500]     1.8750 MB /   0.50 sec =   31.4631 Mbps     0 retrans     13 KB-cwnd
[2024-11-08T16:39:15.993536-0500]     5.0625 MB /   0.50 sec =   84.9345 Mbps     0 retrans     13 KB-cwnd
[2024-11-08T16:39:16.493783-0500]     6.0625 MB /   0.50 sec =  101.7121 Mbps     0 retrans     13 KB-cwnd
[2024-11-08T16:39:16.993659-0500]     6.2500 MB /   0.50 sec =  104.8408 Mbps     0 retrans     13 KB-cwnd
[2024-11-08T16:39:17.493510-0500]     7.1250 MB /   0.50 sec =  119.5616 Mbps     0 retrans     13 KB-cwnd
[2024-11-08T16:39:17.993596-0500]     6.6250 MB /   0.50 sec =  111.1464 Mbps     0 retrans     13 KB-cwnd
[2024-11-08T16:39:18.493625-0500]     2.5000 MB /   0.50 sec =   41.9409 Mbps     0 retrans     13 KB-cwnd
[2024-11-08T16:39:18.993632-0500]     7.4375 MB /   0.50 sec =  124.7805 Mbps     0 retrans     13 KB-cwnd
[2024-11-08T16:39:19.493734-0500]     9.0000 MB /   0.50 sec =  150.9660 Mbps     0 retrans     13 KB-cwnd
[2024-11-08T16:39:19.993664-0500]     7.9375 MB /   0.50 sec =  133.1801 Mbps     0 retrans     13 KB-cwnd
[2024-11-08T16:39:20.493700-0500]     5.0000 MB /   0.50 sec =   83.8846 Mbps     0 retrans     13 KB-cwnd
[2024-11-08T16:39:20.993586-0500]     5.6875 MB /   0.50 sec =   95.4393 Mbps     0 retrans     13 KB-cwnd
[2024-11-08T16:39:21.493662-0500]     7.3750 MB /   0.50 sec =  123.7169 Mbps     0 retrans     13 KB-cwnd
[2024-11-08T16:39:21.993616-0500]     4.3750 MB /   0.50 sec =   73.4043 Mbps     0 retrans     13 KB-cwnd
[2024-11-08T16:39:22.493587-0500]    10.5000 MB /   0.50 sec =  176.1713 Mbps     0 retrans     13 KB-cwnd
[2024-11-08T16:39:22.993716-0500]     2.3750 MB /   0.50 sec =   39.8397 Mbps     0 retrans     13 KB-cwnd
[2024-11-08T16:39:23.493612-0500]     4.0000 MB /   0.50 sec =   67.1157 Mbps     0 retrans     13 KB-cwnd
[2024-11-08T16:39:23.996026-0500]     7.5000 MB /   0.50 sec =  125.8301 Mbps     0 retrans     13 KB-cwnd
[2024-11-08T16:39:24.493500-0500]     4.6250 MB /   0.50 sec =   77.6004 Mbps     0 retrans     17 KB-cwnd
[2024-11-08T16:39:24.993719-0500]     7.8750 MB /   0.50 sec =  132.0886 Mbps     0 retrans     17 KB-cwnd
[2024-11-08T16:39:25.493603-0500]     8.5625 MB /   0.50 sec =  143.6770 Mbps     0 retrans     17 KB-cwnd
[2024-11-08T16:39:25.993821-0500]     2.3750 MB /   0.50 sec =   39.8408 Mbps     0 retrans     17 KB-cwnd
[2024-11-08T16:39:26.493656-0500]     7.8750 MB /   0.50 sec =  132.1436 Mbps     0 retrans     26 KB-cwnd
[2024-11-08T16:39:26.993599-0500]     8.6875 MB /   0.50 sec =  145.7509 Mbps     0 retrans     26 KB-cwnd
[2024-11-08T16:39:27.493585-0500]     7.6250 MB /   0.50 sec =  127.9263 Mbps     0 retrans     26 KB-cwnd
[2024-11-08T16:39:27.993597-0500]    10.0000 MB /   0.50 sec =  167.7718 Mbps     0 retrans     26 KB-cwnd
[2024-11-08T16:39:28.493733-0500]     2.1250 MB /   0.50 sec =   35.6425 Mbps     0 retrans     26 KB-cwnd
[2024-11-08T16:39:28.993900-0500]     7.5625 MB /   0.50 sec =  126.8886 Mbps     0 retrans     26 KB-cwnd
[2024-11-08T16:39:29.493773-0500]     2.6250 MB /   0.50 sec =   44.0352 Mbps     0 retrans     26 KB-cwnd
[2024-11-08T16:39:29.993537-0500]     7.5000 MB /   0.50 sec =  125.8586 Mbps     0 retrans     26 KB-cwnd
[2024-11-08T16:39:30.493785-0500]     4.6250 MB /   0.50 sec =   77.5749 Mbps     0 retrans     26 KB-cwnd
[2024-11-08T16:39:30.993741-0500]     1.6875 MB /   0.50 sec =   28.3136 Mbps     0 retrans     26 KB-cwnd
[2024-11-08T16:39:31.493745-0500]     2.0000 MB /   0.50 sec =   33.5532 Mbps     0 retrans     26 KB-cwnd
[2024-11-08T16:39:31.993616-0500]     9.5000 MB /   0.50 sec =  159.4151 Mbps     0 retrans     26 KB-cwnd
[2024-11-08T16:39:32.493787-0500]     3.4375 MB /   0.50 sec =   57.6572 Mbps     0 retrans     26 KB-cwnd
[2024-11-08T16:39:32.993731-0500]     4.7500 MB /   0.50 sec =   79.6996 Mbps     0 retrans     26 KB-cwnd
[2024-11-08T16:39:33.493799-0500]     3.2500 MB /   0.50 sec =   54.5207 Mbps     0 retrans     26 KB-cwnd
[2024-11-08T16:39:33.993664-0500]     6.8125 MB /   0.50 sec =  114.3158 Mbps     0 retrans     26 KB-cwnd
[2024-11-08T16:39:34.493815-0500]     4.5000 MB /   0.50 sec =   75.4839 Mbps     0 retrans     26 KB-cwnd
[2024-11-08T16:39:34.993588-0500]     1.5000 MB /   0.50 sec =   25.1709 Mbps     0 retrans     26 KB-cwnd
[2024-11-08T16:39:35.493700-0500]     4.2500 MB /   0.50 sec =   71.3042 Mbps     0 retrans     26 KB-cwnd
[2024-11-08T16:39:35.993764-0500]     3.0625 MB /   0.50 sec =   51.3727 Mbps     0 retrans     26 KB-cwnd
[2024-11-08T16:39:36.493770-0500]     3.9375 MB /   0.50 sec =   66.0590 Mbps     0 retrans     26 KB-cwnd
[2024-11-08T16:39:36.993634-0500]     3.3750 MB /   0.50 sec =   56.6326 Mbps     0 retrans     26 KB-cwnd
[2024-11-08T16:39:37.493584-0500]     4.7500 MB /   0.50 sec =   79.6994 Mbps     0 retrans     26 KB-cwnd
[2024-11-08T16:39:37.993631-0500]     2.0000 MB /   0.50 sec =   33.5532 Mbps     0 retrans     26 KB-cwnd
[2024-11-08T16:39:38.493809-0500]     3.8750 MB /   0.50 sec =   64.9888 Mbps     0 retrans     26 KB-cwnd
[2024-11-08T16:39:38.993576-0500]     3.6875 MB /   0.50 sec =   61.8926 Mbps     0 retrans     26 KB-cwnd
[2024-11-08T16:39:39.493541-0500]     3.2500 MB /   0.50 sec =   54.5240 Mbps     0 retrans     26 KB-cwnd
[2024-11-08T16:39:39.994224-0500]     2.6250 MB /   0.50 sec =   44.0307 Mbps     0 retrans     26 KB-cwnd
[2024-11-08T16:39:40.493522-0500]     3.1875 MB /   0.50 sec =   53.4901 Mbps     0 retrans     26 KB-cwnd
[2024-11-08T16:39:40.993669-0500]     3.3750 MB /   0.50 sec =   56.6182 Mbps     0 retrans     26 KB-cwnd
[2024-11-08T16:39:41.493628-0500]     1.8750 MB /   0.50 sec =   31.4579 Mbps     0 retrans     26 KB-cwnd
[2024-11-08T16:39:41.993561-0500]     3.7500 MB /   0.50 sec =   62.9182 Mbps     0 retrans     26 KB-cwnd
[2024-11-08T16:39:42.493621-0500]     5.1250 MB /   0.50 sec =   85.9810 Mbps     0 retrans     26 KB-cwnd
[2024-11-08T16:39:42.993664-0500]     2.1250 MB /   0.50 sec =   35.6473 Mbps     0 retrans     26 KB-cwnd
[2024-11-08T16:39:43.493597-0500]     3.6875 MB /   0.50 sec =   61.8748 Mbps     0 retrans     26 KB-cwnd
[2024-11-08T16:39:43.993717-0500]     2.7500 MB /   0.50 sec =   46.1352 Mbps     0 retrans     26 KB-cwnd
[2024-11-08T16:39:44.493586-0500]     3.8125 MB /   0.50 sec =   63.9649 Mbps     0 retrans     26 KB-cwnd
[2024-11-08T16:39:44.993604-0500]     3.2500 MB /   0.50 sec =   54.5262 Mbps     0 retrans     26 KB-cwnd
[2024-11-08T16:39:45.493611-0500]     1.5625 MB /   0.50 sec =   26.2152 Mbps     0 retrans     26 KB-cwnd
[2024-11-08T16:39:45.993631-0500]     3.6875 MB /   0.50 sec =   61.8617 Mbps     0 retrans     26 KB-cwnd
[2024-11-08T16:39:46.493640-0500]     0.3750 MB /   0.50 sec =    6.2916 Mbps     0 retrans     26 KB-cwnd
[2024-11-08T16:39:46.993677-0500]     2.6250 MB /   0.50 sec =   44.0369 Mbps     0 retrans     26 KB-cwnd
[2024-11-08T16:39:47.493864-0500]     2.0000 MB /   0.50 sec =   33.5534 Mbps     0 retrans     26 KB-cwnd
[2024-11-08T16:39:47.993669-0500]     0.4375 MB /   0.50 sec =    7.3403 Mbps     0 retrans     26 KB-cwnd
[2024-11-08T16:39:48.493735-0500]     1.1875 MB /   0.50 sec =   19.9215 Mbps     0 retrans     26 KB-cwnd
[2024-11-08T16:39:48.993542-0500]     2.1250 MB /   0.50 sec =   35.6582 Mbps     0 retrans     26 KB-cwnd
[2024-11-08T16:39:49.493560-0500]     2.0000 MB /   0.50 sec =   33.5550 Mbps     0 retrans     26 KB-cwnd
[2024-11-08T16:39:49.993693-0500]     0.5625 MB /   0.50 sec =    9.4359 Mbps     0 retrans     26 KB-cwnd
[2024-11-08T16:39:50.493550-0500]     0.6875 MB /   0.50 sec =   11.5355 Mbps     0 retrans     26 KB-cwnd
[2024-11-08T16:39:50.993615-0500]     0.4375 MB /   0.50 sec =    7.3401 Mbps     0 retrans     26 KB-cwnd
[2024-11-08T16:39:51.493516-0500]     0.4375 MB /   0.50 sec =    7.3403 Mbps     0 retrans     26 KB-cwnd
[2024-11-08T16:39:51.993735-0500]     0.4375 MB /   0.50 sec =    7.3378 Mbps    43 retrans   3489 KB-cwnd
[2024-11-08T16:39:52.493637-0500]     0.3750 MB /   0.50 sec =    6.2928 Mbps     0 retrans   3489 KB-cwnd
[2024-11-08T16:39:52.993646-0500]     0.4375 MB /   0.50 sec =    7.3396 Mbps     0 retrans   3489 KB-cwnd
[2024-11-08T16:39:53.493745-0500]     0.6875 MB /   0.50 sec =   11.5327 Mbps     0 retrans   3489 KB-cwnd
[2024-11-08T16:39:53.993678-0500]     0.8750 MB /   0.50 sec =   14.6841 Mbps     0 retrans   3489 KB-cwnd
[2024-11-08T16:39:54.493760-0500]     0.6875 MB /   0.50 sec =   11.5330 Mbps     0 retrans   3489 KB-cwnd
[2024-11-08T16:39:54.993501-0500]     0.6250 MB /   0.50 sec =   10.4871 Mbps     0 retrans   3489 KB-cwnd
[2024-11-08T16:39:55.493650-0500]     0.6875 MB /   0.50 sec =   11.5327 Mbps     0 retrans   3489 KB-cwnd
[2024-11-08T16:39:55.993589-0500]     0.8125 MB /   0.50 sec =   13.6328 Mbps     0 retrans   3489 KB-cwnd
[2024-11-08T16:39:56.493515-0500]     0.8750 MB /   0.50 sec =   14.6810 Mbps     0 retrans   3489 KB-cwnd
[2024-11-08T16:39:56.993596-0500]     0.8125 MB /   0.50 sec =   13.6300 Mbps     0 retrans   3489 KB-cwnd
[2024-11-08T16:39:57.493790-0500]     0.3750 MB /   0.50 sec =    6.2917 Mbps     0 retrans   3489 KB-cwnd
[2024-11-08T16:39:57.993562-0500]     0.1250 MB /   0.50 sec =    2.0971 Mbps     0 retrans   3489 KB-cwnd
[2024-11-08T16:39:58.493500-0500]     0.6250 MB /   0.50 sec =   10.4869 Mbps     0 retrans   3489 KB-cwnd
[2024-11-08T16:39:58.993662-0500]     0.9375 MB /   0.50 sec =   15.7268 Mbps     0 retrans   3489 KB-cwnd
[2024-11-08T16:39:59.493628-0500]     1.1875 MB /   0.50 sec =   19.9237 Mbps     0 retrans   3489 KB-cwnd
[2024-11-08T16:39:59.993823-0500]     0.6250 MB /   0.50 sec =   10.4849 Mbps     0 retrans   3489 KB-cwnd
[2024-11-08T16:40:00.493635-0500]     1.7500 MB /   0.50 sec =   29.3626 Mbps     0 retrans   3489 KB-cwnd
[2024-11-08T16:40:00.993592-0500]     1.6250 MB /   0.50 sec =   27.2627 Mbps     0 retrans   3489 KB-cwnd
[2024-11-08T16:40:01.493640-0500]     1.9375 MB /   0.50 sec =   32.5047 Mbps     0 retrans   3489 KB-cwnd
[2024-11-08T16:40:01.993495-0500]     2.1250 MB /   0.50 sec =   35.6554 Mbps     0 retrans   3489 KB-cwnd
[2024-11-08T16:40:02.493497-0500]     2.6875 MB /   0.50 sec =   45.0887 Mbps     0 retrans   3489 KB-cwnd
[2024-11-08T16:40:02.993637-0500]     2.2500 MB /   0.50 sec =   37.7450 Mbps     0 retrans   3489 KB-cwnd
[2024-11-08T16:40:03.493688-0500]     2.9375 MB /   0.50 sec =   49.2815 Mbps     0 retrans   3489 KB-cwnd
[2024-11-08T16:40:03.993827-0500]     3.6250 MB /   0.50 sec =   60.8170 Mbps     0 retrans   3489 KB-cwnd
[2024-11-08T16:40:04.493637-0500]     4.0625 MB /   0.50 sec =   68.1598 Mbps     0 retrans   3489 KB-cwnd
[2024-11-08T16:40:04.993632-0500]     2.9375 MB /   0.50 sec =   49.2829 Mbps     0 retrans   3489 KB-cwnd
[2024-11-08T16:40:05.493498-0500]     5.5000 MB /   0.50 sec =   92.2852 Mbps     0 retrans   3489 KB-cwnd
[2024-11-08T16:40:05.993756-0500]     6.0000 MB /   0.50 sec =  100.6353 Mbps     0 retrans   3489 KB-cwnd
[2024-11-08T16:40:06.493708-0500]     5.8125 MB /   0.50 sec =   97.5203 Mbps     0 retrans   3489 KB-cwnd
[2024-11-08T16:40:06.993533-0500]     6.5625 MB /   0.50 sec =  110.1256 Mbps     0 retrans   3489 KB-cwnd
[2024-11-08T16:40:07.493852-0500]     7.9375 MB /   0.50 sec =  133.1367 Mbps     0 retrans   3489 KB-cwnd
[2024-11-08T16:40:07.993747-0500]     9.1250 MB /   0.50 sec =  153.0802 Mbps     0 retrans   3489 KB-cwnd
[2024-11-08T16:40:08.493557-0500]     9.8125 MB /   0.50 sec =  164.6755 Mbps     0 retrans   3489 KB-cwnd
[2024-11-08T16:40:08.993493-0500]    10.3125 MB /   0.50 sec =  173.0233 Mbps     0 retrans   3489 KB-cwnd
[2024-11-08T16:40:09.493490-0500]    11.5625 MB /   0.50 sec =  193.9862 Mbps     0 retrans   3489 KB-cwnd
[2024-11-08T16:40:09.993516-0500]    13.0000 MB /   0.50 sec =  218.1025 Mbps     0 retrans   3489 KB-cwnd
[2024-11-08T16:40:10.493621-0500]     4.5000 MB /   0.50 sec =   75.4896 Mbps     0 retrans   3489 KB-cwnd
[2024-11-08T16:40:10.993660-0500]    12.8125 MB /   0.50 sec =  214.9546 Mbps     0 retrans   3489 KB-cwnd
[2024-11-08T16:40:11.493624-0500]    14.1875 MB /   0.50 sec =  238.0363 Mbps    45 retrans   5495 KB-cwnd
[2024-11-08T16:40:11.993572-0500]    12.6250 MB /   0.50 sec =  211.8196 Mbps     0 retrans   5495 KB-cwnd
[2024-11-08T16:40:12.493557-0500]    13.1875 MB /   0.50 sec =  221.2584 Mbps     0 retrans   5495 KB-cwnd
[2024-11-08T16:40:12.993591-0500]    12.6250 MB /   0.50 sec =  211.8030 Mbps     0 retrans   5495 KB-cwnd
[2024-11-08T16:40:13.493668-0500]     1.1250 MB /   0.50 sec =   18.8726 Mbps     0 retrans   5495 KB-cwnd
[2024-11-08T16:40:13.993516-0500]     6.6250 MB /   0.50 sec =  111.1624 Mbps     0 retrans   5509 KB-cwnd
[2024-11-08T16:40:14.493649-0500]    15.4375 MB /   0.50 sec =  258.9770 Mbps     0 retrans   5509 KB-cwnd
[2024-11-08T16:40:14.993557-0500]    14.0625 MB /   0.50 sec =  235.9466 Mbps     0 retrans   5509 KB-cwnd
[2024-11-08T16:40:15.493507-0500]     8.9375 MB /   0.50 sec =  149.9503 Mbps     0 retrans   5509 KB-cwnd
[2024-11-08T16:40:15.993578-0500]    15.9375 MB /   0.50 sec =  267.3912 Mbps     0 retrans   5509 KB-cwnd
[2024-11-08T16:40:16.493531-0500]    12.5000 MB /   0.50 sec =  209.6980 Mbps     0 retrans   5509 KB-cwnd
[2024-11-08T16:40:16.993559-0500]    12.3750 MB /   0.50 sec =  207.6351 Mbps     0 retrans   5509 KB-cwnd
[2024-11-08T16:40:17.493586-0500]     6.2500 MB /   0.50 sec =  104.8513 Mbps  1005 retrans    671 KB-cwnd
[2024-11-08T16:40:17.993595-0500]    15.8750 MB /   0.50 sec =  266.3330 Mbps     0 retrans    671 KB-cwnd
[2024-11-08T16:40:18.493510-0500]     0.1875 MB /   0.50 sec =    3.1459 Mbps     0 retrans    671 KB-cwnd
[2024-11-08T16:40:18.993646-0500]    14.8125 MB /   0.50 sec =  248.4802 Mbps     0 retrans    671 KB-cwnd
[2024-11-08T16:40:19.493603-0500]    11.5000 MB /   0.50 sec =  192.9581 Mbps     0 retrans    671 KB-cwnd
[2024-11-08T16:40:19.993674-0500]     3.8750 MB /   0.50 sec =   65.0035 Mbps     0 retrans    671 KB-cwnd
[2024-11-08T16:40:20.493787-0500]    13.1875 MB /   0.50 sec =  221.1951 Mbps     0 retrans    671 KB-cwnd
[2024-11-08T16:40:20.993610-0500]     4.0625 MB /   0.50 sec =   68.1795 Mbps     0 retrans    671 KB-cwnd
[2024-11-08T16:40:21.493770-0500]     5.9375 MB /   0.50 sec =   99.5886 Mbps     0 retrans    671 KB-cwnd
[2024-11-08T16:40:21.993634-0500]     8.0625 MB /   0.50 sec =  135.2972 Mbps     0 retrans    671 KB-cwnd
[2024-11-08T16:40:22.493857-0500]     6.6875 MB /   0.50 sec =  112.1590 Mbps     0 retrans    671 KB-cwnd
[2024-11-08T16:40:22.993541-0500]     3.8125 MB /   0.50 sec =   63.9896 Mbps     0 retrans    671 KB-cwnd
[2024-11-08T16:40:23.493685-0500]    11.5000 MB /   0.50 sec =  192.9087 Mbps     0 retrans    671 KB-cwnd
[2024-11-08T16:40:23.993651-0500]     7.3125 MB /   0.50 sec =  122.6957 Mbps     0 retrans    671 KB-cwnd
[2024-11-08T16:40:24.493772-0500]     8.8125 MB /   0.50 sec =  147.8389 Mbps     0 retrans    671 KB-cwnd
[2024-11-08T16:40:24.993606-0500]     2.7500 MB /   0.50 sec =   46.1420 Mbps     0 retrans    671 KB-cwnd
[2024-11-08T16:40:25.493508-0500]     8.2500 MB /   0.50 sec =  138.4190 Mbps     0 retrans    671 KB-cwnd
[2024-11-08T16:40:25.993570-0500]    10.3750 MB /   0.50 sec =  174.0619 Mbps     5 retrans   6273 KB-cwnd
[2024-11-08T16:40:26.493504-0500]     9.5000 MB /   0.50 sec =  159.3871 Mbps     0 retrans   6273 KB-cwnd
[2024-11-08T16:40:26.993829-0500]    10.1250 MB /   0.50 sec =  169.8367 Mbps     0 retrans   6273 KB-cwnd
[2024-11-08T16:40:27.493499-0500]     4.8125 MB /   0.50 sec =   80.7573 Mbps     0 retrans   6273 KB-cwnd
[2024-11-08T16:40:27.993510-0500]    17.8125 MB /   0.50 sec =  298.8394 Mbps     0 retrans   6273 KB-cwnd
[2024-11-08T16:40:28.493597-0500]    11.5000 MB /   0.50 sec =  192.9372 Mbps     0 retrans   6273 KB-cwnd
[2024-11-08T16:40:28.993527-0500]    12.1875 MB /   0.50 sec =  204.4654 Mbps     0 retrans   6225 KB-cwnd
[2024-11-08T16:40:29.493714-0500]    14.3750 MB /   0.50 sec =  241.1185 Mbps     0 retrans   6225 KB-cwnd
[2024-11-08T16:40:29.993602-0500]    15.0000 MB /   0.50 sec =  251.7035 Mbps     0 retrans   6225 KB-cwnd
[2024-11-08T16:40:30.493553-0500]    17.0000 MB /   0.50 sec =  285.2286 Mbps     0 retrans   6225 KB-cwnd
[2024-11-08T16:40:30.993750-0500]    16.8125 MB /   0.50 sec =  281.9981 Mbps     0 retrans   6225 KB-cwnd
[2024-11-08T16:40:31.493701-0500]     7.1250 MB /   0.50 sec =  119.5587 Mbps     0 retrans   6225 KB-cwnd
[2024-11-08T16:40:31.993558-0500]    14.1875 MB /   0.50 sec =  238.0429 Mbps    12 retrans   4821 KB-cwnd
[2024-11-08T16:40:32.493531-0500]     0.0000 MB /   0.50 sec =    0.0000 Mbps     0 retrans   4821 KB-cwnd
[2024-11-08T16:40:32.993756-0500]    16.1250 MB /   0.50 sec =  270.5331 Mbps     0 retrans   4843 KB-cwnd
[2024-11-08T16:40:33.493635-0500]    22.0000 MB /   0.50 sec =  369.0744 Mbps     0 retrans   4843 KB-cwnd
[2024-11-08T16:40:33.993528-0500]    24.0000 MB /   0.50 sec =  402.6894 Mbps     0 retrans   4843 KB-cwnd
[2024-11-08T16:40:34.493577-0500]    23.3125 MB /   0.50 sec =  391.1149 Mbps     0 retrans   4843 KB-cwnd
[2024-11-08T16:40:34.993544-0500]    19.6250 MB /   0.50 sec =  329.2476 Mbps     0 retrans   4843 KB-cwnd
[2024-11-08T16:40:35.493673-0500]    12.5625 MB /   0.50 sec =  210.7494 Mbps     0 retrans   4843 KB-cwnd
[2024-11-08T16:40:35.993602-0500]    24.2500 MB /   0.50 sec =  406.8727 Mbps    81 retrans   4624 KB-cwnd
[2024-11-08T16:40:36.493770-0500]    23.1875 MB /   0.50 sec =  388.8949 Mbps     0 retrans   4624 KB-cwnd
[2024-11-08T16:40:36.993767-0500]    21.0000 MB /   0.50 sec =  352.4428 Mbps     0 retrans   4624 KB-cwnd
[2024-11-08T16:40:37.493606-0500]    22.5625 MB /   0.50 sec =  378.5299 Mbps     0 retrans   4624 KB-cwnd
[2024-11-08T16:40:37.993609-0500]    24.0000 MB /   0.50 sec =  402.6532 Mbps     0 retrans   4624 KB-cwnd
[2024-11-08T16:40:38.493557-0500]    21.2500 MB /   0.50 sec =  356.5166 Mbps     0 retrans   4624 KB-cwnd
[2024-11-08T16:40:38.993609-0500]    24.0000 MB /   0.50 sec =  402.6427 Mbps     4 retrans   6529 KB-cwnd
[2024-11-08T16:40:39.493574-0500]    27.5000 MB /   0.50 sec =  461.3854 Mbps     0 retrans   6558 KB-cwnd
[2024-11-08T16:40:39.993576-0500]    29.8750 MB /   0.50 sec =  501.2294 Mbps     0 retrans   6558 KB-cwnd
[2024-11-08T16:40:40.493644-0500]    33.8750 MB /   0.50 sec =  568.2975 Mbps     0 retrans   6558 KB-cwnd
[2024-11-08T16:40:40.993615-0500]    40.5625 MB /   0.50 sec =  680.5912 Mbps     0 retrans   6558 KB-cwnd
[2024-11-08T16:40:41.493649-0500]    41.4375 MB /   0.50 sec =  695.1350 Mbps  3945 retrans   7651 KB-cwnd
[2024-11-08T16:40:41.993661-0500]    44.7500 MB /   0.50 sec =  750.7819 Mbps     0 retrans   7717 KB-cwnd
[2024-11-08T16:40:42.493627-0500]    48.5625 MB /   0.50 sec =  814.7533 Mbps     0 retrans   7864 KB-cwnd
[2024-11-08T16:40:42.993608-0500]    48.1875 MB /   0.50 sec =  808.4683 Mbps     2 retrans   9468 KB-cwnd
[2024-11-08T16:40:43.493514-0500]    45.1250 MB /   0.50 sec =  757.1097 Mbps     0 retrans   9457 KB-cwnd
[2024-11-08T16:40:43.993759-0500]    41.3750 MB /   0.50 sec =  694.0310 Mbps     0 retrans   9457 KB-cwnd
[2024-11-08T16:40:44.493625-0500]    42.8125 MB /   0.50 sec =  718.2487 Mbps     0 retrans  14742 KB-cwnd
[2024-11-08T16:40:44.993556-0500]    47.1875 MB /   0.50 sec =  791.7936 Mbps     0 retrans  14609 KB-cwnd
[2024-11-08T16:40:45.493635-0500]    42.0000 MB /   0.50 sec =  704.6318 Mbps     0 retrans  14609 KB-cwnd
[2024-11-08T16:40:45.993750-0500]    34.3125 MB /   0.50 sec =  575.6993 Mbps     0 retrans  14609 KB-cwnd
[2024-11-08T16:40:46.493619-0500]    30.8750 MB /   0.50 sec =  517.9769 Mbps     0 retrans  15281 KB-cwnd
[2024-11-08T16:40:46.993672-0500]    25.0625 MB /   0.50 sec =  420.4554 Mbps     0 retrans  15281 KB-cwnd
[2024-11-08T16:40:47.493579-0500]    19.7500 MB /   0.50 sec =  331.3891 Mbps     0 retrans  15281 KB-cwnd
[2024-11-08T16:40:47.993649-0500]    22.5625 MB /   0.50 sec =  378.5163 Mbps     0 retrans  15281 KB-cwnd
[2024-11-08T16:40:48.493543-0500]    25.6875 MB /   0.50 sec =  430.9811 Mbps     0 retrans  15281 KB-cwnd
[2024-11-08T16:40:48.993862-0500]    16.5000 MB /   0.50 sec =  276.7173 Mbps     0 retrans  15281 KB-cwnd
[2024-11-08T16:40:49.493795-0500]    30.0000 MB /   0.50 sec =  503.3235 Mbps     0 retrans  15768 KB-cwnd
[2024-11-08T16:40:49.993761-0500]    25.6875 MB /   0.50 sec =  430.9846 Mbps     0 retrans  15768 KB-cwnd
[2024-11-08T16:40:50.493507-0500]    18.9375 MB /   0.50 sec =  317.8355 Mbps     0 retrans  15768 KB-cwnd
[2024-11-08T16:40:50.993666-0500]    17.2500 MB /   0.50 sec =  289.3937 Mbps     0 retrans  15768 KB-cwnd
[2024-11-08T16:40:51.493705-0500]    17.7500 MB /   0.50 sec =  297.7557 Mbps     0 retrans  15768 KB-cwnd
[2024-11-08T16:40:51.993619-0500]    14.8125 MB /   0.50 sec =  248.5359 Mbps     0 retrans  15768 KB-cwnd
[2024-11-08T16:40:52.493657-0500]    25.5625 MB /   0.50 sec =  428.8667 Mbps     0 retrans  15717 KB-cwnd
[2024-11-08T16:40:52.993536-0500]    29.8750 MB /   0.50 sec =  501.2504 Mbps     0 retrans  14625 KB-cwnd
[2024-11-08T16:40:53.493536-0500]    23.7500 MB /   0.50 sec =  398.4509 Mbps     0 retrans  14628 KB-cwnd
[2024-11-08T16:40:53.993506-0500]    23.1250 MB /   0.50 sec =  387.9894 Mbps     0 retrans  14628 KB-cwnd
[2024-11-08T16:40:54.493680-0500]    29.8750 MB /   0.50 sec =  501.1411 Mbps     0 retrans  14628 KB-cwnd
[2024-11-08T16:40:54.993616-0500]    31.5000 MB /   0.50 sec =  528.4855 Mbps     0 retrans  14628 KB-cwnd
[2024-11-08T16:40:55.493703-0500]    20.6250 MB /   0.50 sec =  346.0245 Mbps     0 retrans  14628 KB-cwnd
[2024-11-08T16:40:55.993529-0500]    27.3750 MB /   0.50 sec =  459.3507 Mbps     8 retrans  10485 KB-cwnd
[2024-11-08T16:40:56.493726-0500]    21.2500 MB /   0.50 sec =  356.4303 Mbps     0 retrans  10485 KB-cwnd
[2024-11-08T16:40:56.993707-0500]    26.6875 MB /   0.50 sec =  447.7205 Mbps     0 retrans  10485 KB-cwnd
[2024-11-08T16:40:57.493655-0500]    27.0000 MB /   0.50 sec =  453.0528 Mbps     0 retrans  10485 KB-cwnd
[2024-11-08T16:40:57.993627-0500]    25.3125 MB /   0.50 sec =  424.6809 Mbps     0 retrans  10488 KB-cwnd
[2024-11-08T16:40:58.493729-0500]    28.8125 MB /   0.50 sec =  483.3172 Mbps     4 retrans   9787 KB-cwnd
[2024-11-08T16:40:58.993617-0500]    27.1875 MB /   0.50 sec =  456.2291 Mbps     0 retrans   9787 KB-cwnd
[2024-11-08T16:40:59.493556-0500]    24.5000 MB /   0.50 sec =  411.0582 Mbps     0 retrans   9787 KB-cwnd
[2024-11-08T16:40:59.993630-0500]    29.6250 MB /   0.50 sec =  496.9863 Mbps     0 retrans   9787 KB-cwnd
[2024-11-08T16:41:00.493579-0500]    29.6875 MB /   0.50 sec =  498.0895 Mbps     0 retrans   9787 KB-cwnd
[2024-11-08T16:41:00.993575-0500]    36.4375 MB /   0.50 sec =  611.3039 Mbps     4 retrans  10056 KB-cwnd
[2024-11-08T16:41:01.493660-0500]    37.6875 MB /   0.50 sec =  632.2698 Mbps     0 retrans  10014 KB-cwnd
[2024-11-08T16:41:01.993839-0500]    41.8125 MB /   0.50 sec =  701.5324 Mbps     0 retrans  10014 KB-cwnd
[2024-11-08T16:41:02.493613-0500]    41.3125 MB /   0.50 sec =  693.1254 Mbps     0 retrans  10014 KB-cwnd
[2024-11-08T16:41:02.993518-0500]    41.1250 MB /   0.50 sec =  689.9851 Mbps     2 retrans   8975 KB-cwnd
[2024-11-08T16:41:03.493532-0500]    43.5625 MB /   0.50 sec =  730.8516 Mbps     0 retrans   8975 KB-cwnd
[2024-11-08T16:41:03.993684-0500]    39.0625 MB /   0.50 sec =  655.2709 Mbps     0 retrans   8975 KB-cwnd
[2024-11-08T16:41:04.493581-0500]    38.1250 MB /   0.50 sec =  639.7132 Mbps     0 retrans  11998 KB-cwnd
End time: 1731102064975
