Start time: 1730763923939
[2024-11-04T17:45:29.029971-0600] traceroute to 54.176.53.206 (54.176.53.206), 30 hops max, 60 byte packets
[2024-11-04T17:45:29.030832-0600]  1  * * *
[2024-11-04T17:45:29.030885-0600]  2  * * *
[2024-11-04T17:45:29.030918-0600]  3  * * *
[2024-11-04T17:45:29.030950-0600]  4  * * *
[2024-11-04T17:45:29.030980-0600]  5  * * *
[2024-11-04T17:45:34.036638-0600]  6  * * *
[2024-11-04T17:45:34.037031-0600]  7  * * *
[2024-11-04T17:45:34.044421-0600]  8  * * *
[2024-11-04T17:45:34.044644-0600]  9  * * *
[2024-11-04T17:45:34.044764-0600] 10  * * *
[2024-11-04T17:45:39.044138-0600] 11  * * *
[2024-11-04T17:45:39.044675-0600] 12  * * *
[2024-11-04T17:45:39.052736-0600] 13  * * *
[2024-11-04T17:45:39.052884-0600] 14  * * *
[2024-11-04T17:45:39.061447-0600] 15  * * *
[2024-11-04T17:45:44.051954-0600] 16  * * *
[2024-11-04T17:45:44.052552-0600] 17  * * *
[2024-11-04T17:45:44.058127-0600] 18  * * *
[2024-11-04T17:45:44.061025-0600] 19  * * *
[2024-11-04T17:45:44.063371-0600] 20  * * *
[2024-11-04T17:45:44.066698-0600] 21  * * *
[2024-11-04T17:45:49.060203-0600] 22  * * *
[2024-11-04T17:45:49.060601-0600] 23  * * *
[2024-11-04T17:45:49.066458-0600] 24  * * *
[2024-11-04T17:45:49.066534-0600] 25  * * *
[2024-11-04T17:45:49.068864-0600] 26  * * *
[2024-11-04T17:45:54.017521-0600] 27  * *End time: 1730763954077
