Start time: 1731007443461
[2024-11-07T14:24:08.532709-0500] traceroute to 54.197.223.49 (54.197.223.49), 30 hops max, 60 byte packets
[2024-11-07T14:24:08.534051-0500]  1  * * *
[2024-11-07T14:24:08.534171-0500]  2  * * *
[2024-11-07T14:24:08.534264-0500]  3  * * *
[2024-11-07T14:24:08.534352-0500]  4  * * *
[2024-11-07T14:24:08.534434-0500]  5  * * *
[2024-11-07T14:24:13.541129-0500]  6  * * *
[2024-11-07T14:24:13.550718-0500]  7  * * *
[2024-11-07T14:24:13.550892-0500]  8  * * *
[2024-11-07T14:24:13.551037-0500]  9  * * *
[2024-11-07T14:24:13.560889-0500] 10  * * *
[2024-11-07T14:24:18.550102-0500] 11  * * *
[2024-11-07T14:24:18.558134-0500] 12  * * *
[2024-11-07T14:24:18.558317-0500] 13  * * *
[2024-11-07T14:24:18.566369-0500] 14  * * *
[2024-11-07T14:24:18.566428-0500] 15  * * *
[2024-11-07T14:24:23.558687-0500] 16  * * *
[2024-11-07T14:24:23.559069-0500] 17  * * *
[2024-11-07T14:24:23.563554-0500] 18  * * *
[2024-11-07T14:24:23.566453-0500] 19  * * *
[2024-11-07T14:24:23.569023-0500] 20  * * *
[2024-11-07T14:24:23.571369-0500] 21  * * *
[2024-11-07T14:24:28.566895-0500] 22  * * *
[2024-11-07T14:24:28.567324-0500] 23  * * *
[2024-11-07T14:24:28.580710-0500] 24  * * *
[2024-11-07T14:24:28.580862-0500] 25  * * *
[2024-11-07T14:24:28.580984-0500] 26  * * *
[2024-11-07T14:24:33.522884-0500] 27  * *End time: 1731007473586
