Start time: 1745266885096
Connecting to host 34.86.116.81, port 5207
Reverse mode, remote host 34.86.116.81 is sending
[  5] local 192.0.0.2 port 46104 connected to 34.86.116.81 port 5207
[ ID] Interval           Transfer     Bitrate
[  5]   0.00-0.10   sec  34.6 KBytes  2.84 Mbits/sec                  
[  5]   0.10-0.20   sec  41.3 KBytes  3.38 Mbits/sec                  
[  5]   0.20-0.30   sec  89.2 KBytes  7.32 Mbits/sec                  
[  5]   0.30-0.40   sec   357 KBytes  29.2 Mbits/sec                  
[  5]   0.40-0.50   sec   174 KBytes  14.3 Mbits/sec                  
[  5]   0.50-0.60   sec  1.01 MBytes  84.6 Mbits/sec                  
[  5]   0.60-0.70   sec  1.02 MBytes  85.7 Mbits/sec                  
[  5]   0.70-0.80   sec  1.22 MBytes   102 Mbits/sec                  
[  5]   0.80-0.90   sec  1.34 MBytes   112 Mbits/sec                  
[  5]   0.90-1.00   sec   919 KBytes  75.2 Mbits/sec                  
[  5]   1.00-1.10   sec  1.27 MBytes   106 Mbits/sec                  
[  5]   1.10-1.20   sec   978 KBytes  80.1 Mbits/sec                  
[  5]   1.20-1.30   sec  2.03 MBytes   171 Mbits/sec                  
[  5]   1.30-1.40   sec   991 KBytes  81.2 Mbits/sec                  
[  5]   1.40-1.50   sec   469 KBytes  38.4 Mbits/sec                  
[  5]   1.50-1.60   sec  2.11 MBytes   177 Mbits/sec                  
[  5]   1.60-1.70   sec  1.04 MBytes  86.8 Mbits/sec                  
[  5]   1.70-1.80   sec  1.53 MBytes   128 Mbits/sec                  
[  5]   1.80-1.90   sec  1.07 MBytes  89.8 Mbits/sec                  
[  5]   1.90-2.00   sec  1.29 MBytes   108 Mbits/sec                  
[  5]   2.00-2.10   sec   641 KBytes  52.5 Mbits/sec                  
[  5]   2.10-2.20   sec  1.30 MBytes   109 Mbits/sec                  
[  5]   2.20-2.30   sec  1.52 MBytes   128 Mbits/sec                  
[  5]   2.30-2.40   sec  1.02 MBytes  85.4 Mbits/sec                  
[  5]   2.40-2.50   sec  1.58 MBytes   133 Mbits/sec                  
[  5]   2.50-2.60   sec  1.36 MBytes   114 Mbits/sec                  
[  5]   2.60-2.70   sec  1.98 MBytes   166 Mbits/sec                  
[  5]   2.70-2.80   sec  1.69 MBytes   141 Mbits/sec                  
[  5]   2.80-2.90   sec  1.56 MBytes   131 Mbits/sec                  
[  5]   2.90-3.00   sec   826 KBytes  67.6 Mbits/sec                  
[  5]   3.00-3.10   sec   757 KBytes  62.0 Mbits/sec                  
[  5]   3.10-3.20   sec   509 KBytes  41.7 Mbits/sec                  
[  5]   3.20-3.30   sec   785 KBytes  64.3 Mbits/sec                  
[  5]   3.30-3.40   sec   442 KBytes  36.2 Mbits/sec                  
[  5]   3.40-3.50   sec   782 KBytes  64.1 Mbits/sec                  
[  5]   3.50-3.60   sec   575 KBytes  47.1 Mbits/sec                  
[  5]   3.60-3.70   sec   317 KBytes  26.0 Mbits/sec                  
[  5]   3.70-3.80   sec   649 KBytes  53.1 Mbits/sec                  
[  5]   3.80-3.90   sec   781 KBytes  63.9 Mbits/sec                  
[  5]   3.90-4.00   sec   381 KBytes  31.2 Mbits/sec                  
[  5]   4.00-4.10   sec  1.14 MBytes  95.7 Mbits/sec                  
[  5]   4.10-4.21   sec   657 KBytes  47.9 Mbits/sec                  
[  5]   4.21-4.30   sec  1.25 MBytes   119 Mbits/sec                  
[  5]   4.30-4.40   sec   936 KBytes  76.7 Mbits/sec                  
[  5]   4.40-4.50   sec  1.02 MBytes  85.6 Mbits/sec                  
[  5]   4.50-4.60   sec  1.64 MBytes   137 Mbits/sec                  
[  5]   4.60-4.70   sec  1.33 MBytes   112 Mbits/sec                  
[  5]   4.70-4.80   sec  1.17 MBytes  98.1 Mbits/sec                  
[  5]   4.80-4.90   sec  1.60 MBytes   134 Mbits/sec                  
[  5]   4.90-5.00   sec   797 KBytes  65.2 Mbits/sec                  
- - - - - - - - - - - - - - - - - - - - - - - - -
[ ID] Interval           Transfer     Bitrate         Retr
[  5]   0.00-5.08   sec   326 MBytes   538 Mbits/sec    0             sender
[  5]   0.00-5.00   sec  49.6 MBytes  83.3 Mbits/sec                  receiver

iperf Done.
End time: 1745266891197
