Start time: 1730996436849
[2024-11-07T11:20:37.713310-0500] nuttcp-r: v8.1.4: socket
[2024-11-07T11:20:37.713883-0500] nuttcp-r: buflen=65536, nstream=1, port=5379 tcp
[2024-11-07T11:20:37.713933-0500] nuttcp-r: interval reporting every 0.50 seconds
[2024-11-07T11:20:37.713973-0500] nuttcp-r: connect to 54.197.223.49 with RTT=55.545 ms af=inet
[2024-11-07T11:20:37.714010-0500] nuttcp-r: send window size = 2097152, receive window size = 6291456
[2024-11-07T11:20:37.714043-0500] nuttcp-r: available send window = 1572864, available receive window = 4718592
[2024-11-07T11:20:37.714079-0500]     1.1875 MB /   0.50 sec =   19.9215 Mbps     0 retrans     13 KB-cwnd
[2024-11-07T11:20:38.213423-0500]    29.5000 MB /   0.50 sec =  494.8655 Mbps     0 retrans     13 KB-cwnd
[2024-11-07T11:20:38.713368-0500]    38.3750 MB /   0.50 sec =  643.8772 Mbps     0 retrans     13 KB-cwnd
[2024-11-07T11:20:39.213464-0500]    37.9375 MB /   0.50 sec =  636.3813 Mbps     0 retrans     13 KB-cwnd
[2024-11-07T11:20:39.713856-0500]    39.6250 MB /   0.50 sec =  664.9022 Mbps     0 retrans     13 KB-cwnd
[2024-11-07T11:20:40.213501-0500]    39.8125 MB /   0.50 sec =  667.9496 Mbps     0 retrans     23 KB-cwnd
[2024-11-07T11:20:40.713347-0500]    36.8125 MB /   0.50 sec =  617.6137 Mbps     0 retrans     26 KB-cwnd
[2024-11-07T11:20:41.213568-0500]    36.0625 MB /   0.50 sec =  604.9981 Mbps     0 retrans     26 KB-cwnd
[2024-11-07T11:20:41.713342-0500]    34.9375 MB /   0.50 sec =  586.1833 Mbps     0 retrans     26 KB-cwnd
[2024-11-07T11:20:42.213367-0500]    37.7500 MB /   0.50 sec =  633.3348 Mbps     0 retrans     26 KB-cwnd
[2024-11-07T11:20:42.713362-0500]    37.1250 MB /   0.50 sec =  622.8554 Mbps     0 retrans     29 KB-cwnd
[2024-11-07T11:20:43.213323-0500]    40.8125 MB /   0.50 sec =  684.7325 Mbps     0 retrans     29 KB-cwnd
[2024-11-07T11:20:43.713359-0500]    38.3750 MB /   0.50 sec =  643.8154 Mbps    58 retrans   9771 KB-cwnd
[2024-11-07T11:20:44.213463-0500]    42.1250 MB /   0.50 sec =  706.7374 Mbps     0 retrans   9771 KB-cwnd
[2024-11-07T11:20:44.713343-0500]    39.8750 MB /   0.50 sec =  668.9942 Mbps     0 retrans   9769 KB-cwnd
[2024-11-07T11:20:45.213521-0500]    40.6250 MB /   0.50 sec =  681.3945 Mbps     0 retrans   8988 KB-cwnd
[2024-11-07T11:20:45.713416-0500]    39.1875 MB /   0.50 sec =  657.5492 Mbps     0 retrans   8991 KB-cwnd
[2024-11-07T11:20:46.213334-0500]    42.0000 MB /   0.50 sec =  704.7361 Mbps     0 retrans   8871 KB-cwnd
[2024-11-07T11:20:46.713359-0500]    41.4375 MB /   0.50 sec =  695.1948 Mbps     0 retrans   8871 KB-cwnd
[2024-11-07T11:20:47.213368-0500]    38.5625 MB /   0.50 sec =  646.9494 Mbps     0 retrans   9923 KB-cwnd
[2024-11-07T11:20:47.713329-0500]    39.2500 MB /   0.50 sec =  658.5466 Mbps     0 retrans   9923 KB-cwnd
[2024-11-07T11:20:48.213575-0500]    37.8125 MB /   0.50 sec =  634.0461 Mbps     0 retrans   9926 KB-cwnd
[2024-11-07T11:20:48.713493-0500]    16.9375 MB /   0.50 sec =  284.3171 Mbps     0 retrans   9926 KB-cwnd
[2024-11-07T11:20:49.213391-0500]    40.2500 MB /   0.50 sec =  675.2492 Mbps     0 retrans  10682 KB-cwnd
[2024-11-07T11:20:49.713346-0500]    38.0000 MB /   0.50 sec =  637.5610 Mbps     0 retrans  10682 KB-cwnd
[2024-11-07T11:20:50.213409-0500]    40.2500 MB /   0.50 sec =  675.2843 Mbps     0 retrans  10682 KB-cwnd
[2024-11-07T11:20:50.713303-0500]    39.4375 MB /   0.50 sec =  661.6554 Mbps     0 retrans  10682 KB-cwnd
[2024-11-07T11:20:51.213351-0500]    42.1250 MB /   0.50 sec =  706.7289 Mbps     0 retrans  10062 KB-cwnd
[2024-11-07T11:20:51.713323-0500]    41.3750 MB /   0.50 sec =  694.1656 Mbps     0 retrans  10062 KB-cwnd
[2024-11-07T11:20:52.213336-0500]    42.2500 MB /   0.50 sec =  708.8303 Mbps     0 retrans  10062 KB-cwnd
[2024-11-07T11:20:52.713329-0500]    42.1875 MB /   0.50 sec =  707.8044 Mbps     0 retrans  10155 KB-cwnd
[2024-11-07T11:20:53.213308-0500]    39.7500 MB /   0.50 sec =  666.9050 Mbps     0 retrans  10150 KB-cwnd
[2024-11-07T11:20:53.713501-0500]    43.1250 MB /   0.50 sec =  723.5059 Mbps     0 retrans  10150 KB-cwnd
[2024-11-07T11:20:54.213408-0500]    42.7500 MB /   0.50 sec =  717.1242 Mbps     0 retrans  10152 KB-cwnd
[2024-11-07T11:20:54.713372-0500]    40.1250 MB /   0.50 sec =  673.2720 Mbps     0 retrans  11055 KB-cwnd
[2024-11-07T11:20:55.213380-0500]    40.5000 MB /   0.50 sec =  679.4079 Mbps     0 retrans  11055 KB-cwnd
[2024-11-07T11:20:55.713346-0500]    40.4375 MB /   0.50 sec =  678.5128 Mbps     0 retrans  12910 KB-cwnd
[2024-11-07T11:20:56.213755-0500]    39.9375 MB /   0.50 sec =  670.0186 Mbps     0 retrans  11276 KB-cwnd
[2024-11-07T11:20:56.713362-0500]    38.8750 MB /   0.50 sec =  652.1947 Mbps     0 retrans  11276 KB-cwnd
[2024-11-07T11:20:57.213394-0500]    35.3750 MB /   0.50 sec =  593.4893 Mbps     0 retrans  10645 KB-cwnd
[2024-11-07T11:20:57.713491-0500]    41.2500 MB /   0.50 sec =  692.0948 Mbps     0 retrans  10645 KB-cwnd
[2024-11-07T11:20:58.213378-0500]    40.3750 MB /   0.50 sec =  677.3462 Mbps     0 retrans  14066 KB-cwnd
[2024-11-07T11:20:58.713324-0500]    39.6875 MB /   0.50 sec =  665.8844 Mbps     0 retrans  14066 KB-cwnd
[2024-11-07T11:20:59.213350-0500]    39.9375 MB /   0.50 sec =  670.0226 Mbps     7 retrans  10317 KB-cwnd
[2024-11-07T11:20:59.713339-0500]    36.8750 MB /   0.50 sec =  618.6735 Mbps     0 retrans  10317 KB-cwnd
[2024-11-07T11:21:00.213692-0500]    40.5000 MB /   0.50 sec =  679.4528 Mbps     0 retrans  11913 KB-cwnd
[2024-11-07T11:21:00.713356-0500]    37.2500 MB /   0.50 sec =  624.9450 Mbps     0 retrans  11913 KB-cwnd
[2024-11-07T11:21:01.213327-0500]    42.1875 MB /   0.50 sec =  707.8214 Mbps     0 retrans  10808 KB-cwnd
[2024-11-07T11:21:01.713422-0500]    38.1875 MB /   0.50 sec =  640.5736 Mbps     0 retrans  10805 KB-cwnd
[2024-11-07T11:21:02.213469-0500]    44.6250 MB /   0.50 sec =  748.6264 Mbps     0 retrans  10997 KB-cwnd
[2024-11-07T11:21:02.713359-0500]    42.5000 MB /   0.50 sec =  713.1857 Mbps     0 retrans  15582 KB-cwnd
[2024-11-07T11:21:03.213335-0500]    41.3750 MB /   0.50 sec =  694.1767 Mbps     0 retrans  15582 KB-cwnd
[2024-11-07T11:21:03.713345-0500]    42.8125 MB /   0.50 sec =  718.2803 Mbps     0 retrans  13783 KB-cwnd
[2024-11-07T11:21:04.213434-0500]    40.4375 MB /   0.50 sec =  678.3066 Mbps     0 retrans  13783 KB-cwnd
[2024-11-07T11:21:04.713362-0500]    39.3750 MB /   0.50 sec =  660.6914 Mbps     0 retrans  13544 KB-cwnd
[2024-11-07T11:21:05.213279-0500]    39.1875 MB /   0.50 sec =  657.4848 Mbps     0 retrans  13544 KB-cwnd
[2024-11-07T11:21:05.713591-0500]    38.2500 MB /   0.50 sec =  641.7041 Mbps     0 retrans  13029 KB-cwnd
[2024-11-07T11:21:06.213397-0500]    39.5625 MB /   0.50 sec =  663.7021 Mbps     0 retrans  13029 KB-cwnd
[2024-11-07T11:21:06.713357-0500]    38.1875 MB /   0.50 sec =  640.7197 Mbps     0 retrans  11191 KB-cwnd
[2024-11-07T11:21:07.213810-0500]    28.8125 MB /   0.50 sec =  483.1297 Mbps     0 retrans  11191 KB-cwnd
[2024-11-07T11:21:07.713763-0500]    28.9375 MB /   0.50 sec =  485.3771 Mbps     0 retrans  13322 KB-cwnd
[2024-11-07T11:21:08.213343-0500]    39.0000 MB /   0.50 sec =  654.8353 Mbps     0 retrans  13322 KB-cwnd
[2024-11-07T11:21:08.713346-0500]    33.6250 MB /   0.50 sec =  564.1361 Mbps     0 retrans  13346 KB-cwnd
[2024-11-07T11:21:09.213349-0500]    13.4375 MB /   0.50 sec =  225.4434 Mbps     0 retrans  13346 KB-cwnd
[2024-11-07T11:21:09.713521-0500]    11.3750 MB /   0.50 sec =  190.7840 Mbps     0 retrans  13346 KB-cwnd
[2024-11-07T11:21:10.213375-0500]    20.6875 MB /   0.50 sec =  347.1648 Mbps     0 retrans  13346 KB-cwnd
[2024-11-07T11:21:10.713545-0500]     0.5625 MB /   0.50 sec =    9.4345 Mbps     0 retrans  13346 KB-cwnd
[2024-11-07T11:21:11.213383-0500]    13.4375 MB /   0.50 sec =  225.5174 Mbps     0 retrans  13346 KB-cwnd
[2024-11-07T11:21:11.713420-0500]    23.6250 MB /   0.50 sec =  396.3752 Mbps     0 retrans  12257 KB-cwnd
[2024-11-07T11:21:12.213348-0500]    33.3750 MB /   0.50 sec =  559.9273 Mbps     0 retrans  12260 KB-cwnd
[2024-11-07T11:21:12.713355-0500]    40.2500 MB /   0.50 sec =  675.2802 Mbps     0 retrans  14481 KB-cwnd
[2024-11-07T11:21:13.213407-0500]    41.0000 MB /   0.50 sec =  687.7888 Mbps     0 retrans  14481 KB-cwnd
[2024-11-07T11:21:13.713327-0500]    43.5000 MB /   0.50 sec =  729.9023 Mbps  6643 retrans   8799 KB-cwnd
[2024-11-07T11:21:14.213385-0500]    40.2500 MB /   0.50 sec =  675.2478 Mbps     0 retrans   9100 KB-cwnd
[2024-11-07T11:21:14.713344-0500]    38.7500 MB /   0.50 sec =  650.1470 Mbps     0 retrans  11010 KB-cwnd
[2024-11-07T11:21:15.213367-0500]    39.6250 MB /   0.50 sec =  664.7666 Mbps     0 retrans  11364 KB-cwnd
[2024-11-07T11:21:15.713652-0500]    42.4375 MB /   0.50 sec =  711.9760 Mbps     0 retrans  11343 KB-cwnd
[2024-11-07T11:21:16.213345-0500]    40.1250 MB /   0.50 sec =  673.2195 Mbps     0 retrans  11125 KB-cwnd
[2024-11-07T11:21:16.713355-0500]    35.8125 MB /   0.50 sec =  600.8377 Mbps     0 retrans  11125 KB-cwnd
[2024-11-07T11:21:17.213272-0500]    16.9375 MB /   0.50 sec =  284.1811 Mbps     0 retrans  11125 KB-cwnd
[2024-11-07T11:21:17.713335-0500]    30.4375 MB /   0.50 sec =  510.6289 Mbps     0 retrans  12835 KB-cwnd
[2024-11-07T11:21:18.213410-0500]    37.8750 MB /   0.50 sec =  635.2973 Mbps     0 retrans  12835 KB-cwnd
[2024-11-07T11:21:18.713748-0500]    39.3750 MB /   0.50 sec =  660.2054 Mbps     0 retrans  10501 KB-cwnd
[2024-11-07T11:21:19.213368-0500]    37.4375 MB /   0.50 sec =  628.5773 Mbps     0 retrans  10501 KB-cwnd
[2024-11-07T11:21:19.713347-0500]    34.9375 MB /   0.50 sec =  586.1856 Mbps   583 retrans  14095 KB-cwnd
[2024-11-07T11:21:20.213358-0500]    22.8125 MB /   0.50 sec =  382.7172 Mbps     0 retrans  14095 KB-cwnd
[2024-11-07T11:21:20.713430-0500]    33.7500 MB /   0.50 sec =  566.1880 Mbps     0 retrans  14095 KB-cwnd
[2024-11-07T11:21:21.213359-0500]    42.1250 MB /   0.50 sec =  706.7968 Mbps     0 retrans  14742 KB-cwnd
[2024-11-07T11:21:21.713492-0500]    41.9375 MB /   0.50 sec =  703.6606 Mbps   299 retrans  13562 KB-cwnd
[2024-11-07T11:21:22.213346-0500]    41.0000 MB /   0.50 sec =  687.8122 Mbps     0 retrans  13562 KB-cwnd
[2024-11-07T11:21:22.713478-0500]    42.3125 MB /   0.50 sec =  709.6305 Mbps     0 retrans  11338 KB-cwnd
[2024-11-07T11:21:23.213757-0500]    40.5625 MB /   0.50 sec =  680.2510 Mbps     0 retrans  11340 KB-cwnd
[2024-11-07T11:21:23.713333-0500]    38.2500 MB /   0.50 sec =  642.2307 Mbps     0 retrans  11173 KB-cwnd
[2024-11-07T11:21:24.213347-0500]    42.0625 MB /   0.50 sec =  705.7001 Mbps     0 retrans  11170 KB-cwnd
[2024-11-07T11:21:24.713354-0500]    43.1250 MB /   0.50 sec =  723.5001 Mbps     0 retrans  11609 KB-cwnd
[2024-11-07T11:21:25.213339-0500]    42.2500 MB /   0.50 sec =  708.8459 Mbps     0 retrans  12603 KB-cwnd
[2024-11-07T11:21:25.713352-0500]    40.0000 MB /   0.50 sec =  671.0591 Mbps     0 retrans  12603 KB-cwnd
[2024-11-07T11:21:26.213391-0500]    22.4375 MB /   0.50 sec =  376.4252 Mbps     0 retrans  12603 KB-cwnd
[2024-11-07T11:21:26.713454-0500]    25.9375 MB /   0.50 sec =  435.2226 Mbps     0 retrans  13554 KB-cwnd
[2024-11-07T11:21:27.213344-0500]    23.9375 MB /   0.50 sec =  401.5765 Mbps     0 retrans  13831 KB-cwnd
[2024-11-07T11:21:27.713391-0500]    27.8750 MB /   0.50 sec =  467.6228 Mbps     0 retrans  13831 KB-cwnd
[2024-11-07T11:21:28.213426-0500]    28.7500 MB /   0.50 sec =  482.3131 Mbps     0 retrans  12180 KB-cwnd
[2024-11-07T11:21:28.713893-0500]    33.3125 MB /   0.50 sec =  558.8854 Mbps     0 retrans  12180 KB-cwnd
[2024-11-07T11:21:29.213754-0500]    35.5000 MB /   0.50 sec =  595.2031 Mbps     6 retrans  12462 KB-cwnd
[2024-11-07T11:21:29.713361-0500]    39.3125 MB /   0.50 sec =  660.0612 Mbps     0 retrans  12462 KB-cwnd
[2024-11-07T11:21:30.213365-0500]    42.1875 MB /   0.50 sec =  707.8001 Mbps     0 retrans   7856 KB-cwnd
[2024-11-07T11:21:30.713391-0500]    33.4375 MB /   0.50 sec =  560.9556 Mbps     0 retrans   7856 KB-cwnd
[2024-11-07T11:21:31.213460-0500]    41.3750 MB /   0.50 sec =  694.0962 Mbps     0 retrans  10299 KB-cwnd
[2024-11-07T11:21:31.713397-0500]    35.3125 MB /   0.50 sec =  592.4608 Mbps     0 retrans  10299 KB-cwnd
[2024-11-07T11:21:32.213425-0500]    42.8125 MB /   0.50 sec =  718.3450 Mbps     0 retrans  11388 KB-cwnd
[2024-11-07T11:21:32.713381-0500]    45.1250 MB /   0.50 sec =  757.0855 Mbps     0 retrans  12129 KB-cwnd
[2024-11-07T11:21:33.213580-0500]    40.3750 MB /   0.50 sec =  677.2799 Mbps     0 retrans  12129 KB-cwnd
[2024-11-07T11:21:33.713301-0500]    42.5625 MB /   0.50 sec =  714.2274 Mbps     0 retrans  13160 KB-cwnd
[2024-11-07T11:21:34.213337-0500]    41.0625 MB /   0.50 sec =  688.9020 Mbps     0 retrans  13157 KB-cwnd
[2024-11-07T11:21:34.713329-0500]    41.9375 MB /   0.50 sec =  703.6001 Mbps     0 retrans  12531 KB-cwnd
[2024-11-07T11:21:35.213340-0500]    40.4375 MB /   0.50 sec =  678.4246 Mbps     0 retrans  10792 KB-cwnd
[2024-11-07T11:21:35.713421-0500]    41.4375 MB /   0.50 sec =  695.1225 Mbps     0 retrans  12955 KB-cwnd
[2024-11-07T11:21:36.213289-0500]    32.5625 MB /   0.50 sec =  546.3857 Mbps     0 retrans  13885 KB-cwnd
[2024-11-07T11:21:36.713355-0500]    24.1875 MB /   0.50 sec =  405.7843 Mbps     0 retrans  14034 KB-cwnd
[2024-11-07T11:21:37.213338-0500]    40.7500 MB /   0.50 sec =  683.6716 Mbps     0 retrans  14034 KB-cwnd
[2024-11-07T11:21:37.713346-0500]    43.0000 MB /   0.50 sec =  721.4333 Mbps     0 retrans  10712 KB-cwnd
[2024-11-07T11:21:38.213354-0500]    42.3750 MB /   0.50 sec =  710.9160 Mbps     0 retrans  10712 KB-cwnd
[2024-11-07T11:21:38.713342-0500]    39.3750 MB /   0.50 sec =  660.6161 Mbps     0 retrans  12515 KB-cwnd
[2024-11-07T11:21:39.213422-0500]    31.5625 MB /   0.50 sec =  529.5648 Mbps     0 retrans  12515 KB-cwnd
[2024-11-07T11:21:39.713518-0500]    39.7500 MB /   0.50 sec =  666.8237 Mbps     0 retrans  12590 KB-cwnd
[2024-11-07T11:21:40.213264-0500]    40.8750 MB /   0.50 sec =  685.8400 Mbps     0 retrans  12590 KB-cwnd
[2024-11-07T11:21:40.713400-0500]    41.6875 MB /   0.50 sec =  699.3400 Mbps     0 retrans  12997 KB-cwnd
[2024-11-07T11:21:41.213256-0500]    39.6875 MB /   0.50 sec =  665.9070 Mbps     0 retrans  12997 KB-cwnd
[2024-11-07T11:21:41.713339-0500]    35.3125 MB /   0.50 sec =  592.4052 Mbps     0 retrans  12662 KB-cwnd
[2024-11-07T11:21:42.213361-0500]    38.6250 MB /   0.50 sec =  648.0277 Mbps     0 retrans  12586 KB-cwnd
[2024-11-07T11:21:42.713677-0500]    39.5000 MB /   0.50 sec =  662.2484 Mbps     0 retrans  12350 KB-cwnd
[2024-11-07T11:21:43.213790-0500]    39.1875 MB /   0.50 sec =  657.3099 Mbps     0 retrans  12350 KB-cwnd
[2024-11-07T11:21:43.713516-0500]    32.1250 MB /   0.50 sec =  539.4493 Mbps     6 retrans  12651 KB-cwnd
[2024-11-07T11:21:44.213313-0500]    37.6875 MB /   0.50 sec =  632.2939 Mbps     0 retrans  12651 KB-cwnd
[2024-11-07T11:21:44.713337-0500]    41.3125 MB /   0.50 sec =  693.0963 Mbps     0 retrans   9441 KB-cwnd
[2024-11-07T11:21:45.213547-0500]    40.6875 MB /   0.50 sec =  682.6353 Mbps     0 retrans  11410 KB-cwnd
[2024-11-07T11:21:45.713587-0500]    38.8125 MB /   0.50 sec =  651.1957 Mbps     0 retrans  11410 KB-cwnd
[2024-11-07T11:21:46.213470-0500]    21.3125 MB /   0.50 sec =  357.4808 Mbps     0 retrans  11410 KB-cwnd
[2024-11-07T11:21:46.713344-0500]    42.0625 MB /   0.50 sec =  705.8258 Mbps    25 retrans  15731 KB-cwnd
[2024-11-07T11:21:47.213371-0500]    38.6250 MB /   0.50 sec =  648.0187 Mbps     0 retrans  15731 KB-cwnd
[2024-11-07T11:21:47.713334-0500]    40.0625 MB /   0.50 sec =  672.1372 Mbps     0 retrans  12640 KB-cwnd
[2024-11-07T11:21:48.213339-0500]    32.1250 MB /   0.50 sec =  538.9562 Mbps     0 retrans  12640 KB-cwnd
[2024-11-07T11:21:48.713328-0500]    23.4375 MB /   0.50 sec =  393.2294 Mbps   284 retrans  10347 KB-cwnd
[2024-11-07T11:21:49.213351-0500]    34.3750 MB /   0.50 sec =  576.6995 Mbps     0 retrans  10730 KB-cwnd
[2024-11-07T11:21:49.713793-0500]    25.3750 MB /   0.50 sec =  425.7329 Mbps     0 retrans  12678 KB-cwnd
[2024-11-07T11:21:50.213362-0500]    31.5625 MB /   0.50 sec =  529.5256 Mbps     0 retrans  12678 KB-cwnd
[2024-11-07T11:21:50.713340-0500]    35.8125 MB /   0.50 sec =  600.8304 Mbps     0 retrans  12678 KB-cwnd
[2024-11-07T11:21:51.213518-0500]    32.1250 MB /   0.50 sec =  538.9454 Mbps     0 retrans  12457 KB-cwnd
[2024-11-07T11:21:51.713412-0500]    16.1250 MB /   0.50 sec =  270.5050 Mbps     0 retrans  12457 KB-cwnd
[2024-11-07T11:21:52.213491-0500]    16.8125 MB /   0.50 sec =  282.0314 Mbps     0 retrans  12457 KB-cwnd
[2024-11-07T11:21:52.713357-0500]    25.8125 MB /   0.50 sec =  433.1797 Mbps     0 retrans  12062 KB-cwnd
[2024-11-07T11:21:53.213542-0500]     5.1875 MB /   0.50 sec =   87.0015 Mbps     0 retrans  12062 KB-cwnd
[2024-11-07T11:21:53.713691-0500]     0.0000 MB /   0.50 sec =    0.0000 Mbps     0 retrans  12062 KB-cwnd
[2024-11-07T11:21:54.214436-0500]    21.8125 MB /   0.50 sec =  365.2700 Mbps     0 retrans  12062 KB-cwnd
[2024-11-07T11:21:54.713254-0500]    28.3750 MB /   0.50 sec =  477.0917 Mbps     0 retrans  12062 KB-cwnd
[2024-11-07T11:21:55.213512-0500]    27.3750 MB /   0.50 sec =  459.2001 Mbps     0 retrans  12795 KB-cwnd
[2024-11-07T11:21:55.713604-0500]    27.3750 MB /   0.50 sec =  459.1211 Mbps     0 retrans  12795 KB-cwnd
[2024-11-07T11:21:56.213336-0500]    35.7500 MB /   0.50 sec =  600.0543 Mbps  2559 retrans  10840 KB-cwnd
[2024-11-07T11:21:56.713366-0500]    32.4375 MB /   0.50 sec =  544.1957 Mbps     0 retrans  10872 KB-cwnd
[2024-11-07T11:21:57.214424-0500]    14.4375 MB /   0.50 sec =  241.7226 Mbps     0 retrans  10906 KB-cwnd
[2024-11-07T11:21:57.713667-0500]    21.9375 MB /   0.50 sec =  368.7176 Mbps   360 retrans   7707 KB-cwnd
[2024-11-07T11:21:58.213334-0500]    17.8750 MB /   0.50 sec =  299.9803 Mbps     0 retrans   7832 KB-cwnd
[2024-11-07T11:21:58.713358-0500]    27.5000 MB /   0.50 sec =  461.3605 Mbps     0 retrans   7832 KB-cwnd
[2024-11-07T11:21:59.213345-0500]    29.0000 MB /   0.50 sec =  486.5470 Mbps    11 retrans   9388 KB-cwnd
[2024-11-07T11:21:59.713334-0500]    29.2500 MB /   0.50 sec =  490.7169 Mbps     0 retrans   9388 KB-cwnd
[2024-11-07T11:22:00.213531-0500]    20.0000 MB /   0.50 sec =  335.3967 Mbps     0 retrans   9388 KB-cwnd
[2024-11-07T11:22:00.713864-0500]    24.0625 MB /   0.50 sec =  403.6840 Mbps    62 retrans   9293 KB-cwnd
[2024-11-07T11:22:01.213373-0500]    24.5625 MB /   0.50 sec =  412.3015 Mbps     0 retrans   9293 KB-cwnd
[2024-11-07T11:22:01.713363-0500]    33.0000 MB /   0.50 sec =  553.6315 Mbps     0 retrans   9566 KB-cwnd
[2024-11-07T11:22:02.213361-0500]    32.6875 MB /   0.50 sec =  548.4129 Mbps     9 retrans   9670 KB-cwnd
[2024-11-07T11:22:02.713629-0500]    24.1250 MB /   0.50 sec =  404.5578 Mbps     0 retrans   9670 KB-cwnd
[2024-11-07T11:22:03.213329-0500]    23.5625 MB /   0.50 sec =  395.5172 Mbps     0 retrans   9670 KB-cwnd
[2024-11-07T11:22:03.713477-0500]    32.5625 MB /   0.50 sec =  546.3048 Mbps    10 retrans   8447 KB-cwnd
[2024-11-07T11:22:04.213361-0500]    34.8125 MB /   0.50 sec =  584.0452 Mbps     0 retrans   8447 KB-cwnd
[2024-11-07T11:22:04.713691-0500]    32.6875 MB /   0.50 sec =  548.1399 Mbps     8 retrans   7111 KB-cwnd
[2024-11-07T11:22:05.213836-0500]    39.1250 MB /   0.50 sec =  656.0897 Mbps     2 retrans   7849 KB-cwnd
[2024-11-07T11:22:05.713980-0500]    37.4375 MB /   0.50 sec =  628.2390 Mbps    10 retrans  10489 KB-cwnd
[2024-11-07T11:22:06.213410-0500]    42.2500 MB /   0.50 sec =  709.3027 Mbps     7 retrans  13735 KB-cwnd
[2024-11-07T11:22:06.713335-0500]    40.1250 MB /   0.50 sec =  673.2572 Mbps     0 retrans  13735 KB-cwnd
[2024-11-07T11:22:07.213436-0500]    38.8750 MB /   0.50 sec =  652.1191 Mbps    11 retrans  12907 KB-cwnd
[2024-11-07T11:22:07.713287-0500]    37.9375 MB /   0.50 sec =  636.5964 Mbps     0 retrans  12910 KB-cwnd
[2024-11-07T11:22:08.213431-0500]    35.8125 MB /   0.50 sec =  600.7115 Mbps    10 retrans  12345 KB-cwnd
[2024-11-07T11:22:08.713333-0500]    39.8750 MB /   0.50 sec =  669.0905 Mbps     0 retrans  13461 KB-cwnd
[2024-11-07T11:22:09.213873-0500]    39.4375 MB /   0.50 sec =  661.5192 Mbps     6 retrans  13762 KB-cwnd
[2024-11-07T11:22:09.713698-0500]    42.5000 MB /   0.50 sec =  713.0745 Mbps     0 retrans  13762 KB-cwnd
[2024-11-07T11:22:10.213620-0500]    34.4375 MB /   0.50 sec =  577.8243 Mbps     6 retrans  13312 KB-cwnd
[2024-11-07T11:22:10.713450-0500]    38.5000 MB /   0.50 sec =  645.8634 Mbps     0 retrans  13312 KB-cwnd
[2024-11-07T11:22:11.213387-0500]    43.2500 MB /   0.50 sec =  725.6944 Mbps     9 retrans  13829 KB-cwnd
[2024-11-07T11:22:11.713316-0500]    35.1875 MB /   0.50 sec =  590.3825 Mbps     0 retrans  13829 KB-cwnd
[2024-11-07T11:22:12.213448-0500]    41.5625 MB /   0.50 sec =  697.1803 Mbps     8 retrans  13794 KB-cwnd
[2024-11-07T11:22:12.713443-0500]    35.5625 MB /   0.50 sec =  596.6457 Mbps     0 retrans  13794 KB-cwnd
[2024-11-07T11:22:13.213455-0500]    33.3750 MB /   0.50 sec =  559.9217 Mbps     8 retrans  14508 KB-cwnd
[2024-11-07T11:22:13.713971-0500]    29.2500 MB /   0.50 sec =  490.7247 Mbps     0 retrans  14508 KB-cwnd
[2024-11-07T11:22:14.214943-0500]    29.0000 MB /   0.50 sec =  485.5022 Mbps     0 retrans  14508 KB-cwnd
[2024-11-07T11:22:14.713764-0500]    38.5625 MB /   0.50 sec =  648.4915 Mbps     8 retrans  11931 KB-cwnd
[2024-11-07T11:22:15.213311-0500]    42.3125 MB /   0.50 sec =  709.8959 Mbps     0 retrans  12413 KB-cwnd
[2024-11-07T11:22:15.714062-0500]    38.1875 MB /   0.50 sec =  640.1525 Mbps     7 retrans   8647 KB-cwnd
[2024-11-07T11:22:16.213769-0500]    40.8750 MB /   0.50 sec =  685.7468 Mbps    10 retrans  14916 KB-cwnd
[2024-11-07T11:22:16.713327-0500]    41.0000 MB /   0.50 sec =  688.4497 Mbps     0 retrans  14918 KB-cwnd
[2024-11-07T11:22:17.213265-0500]    37.3125 MB /   0.50 sec =  626.0212 Mbps     2 retrans  13991 KB-cwnd
[2024-11-07T11:22:17.713431-0500]    40.8125 MB /   0.50 sec =  684.5955 Mbps     0 retrans  13991 KB-cwnd
[2024-11-07T11:22:18.213808-0500]    37.0000 MB /   0.50 sec =  620.7918 Mbps     5 retrans  13389 KB-cwnd
[2024-11-07T11:22:18.713439-0500]    41.3125 MB /   0.50 sec =  693.0616 Mbps     0 retrans  13389 KB-cwnd
[2024-11-07T11:22:19.213561-0500]    40.7500 MB /   0.50 sec =  683.7604 Mbps    11 retrans  13360 KB-cwnd
[2024-11-07T11:22:19.713617-0500]    39.5625 MB /   0.50 sec =  663.7778 Mbps     0 retrans  13360 KB-cwnd
[2024-11-07T11:22:20.213707-0500]    35.1875 MB /   0.50 sec =  590.0332 Mbps     7 retrans  13528 KB-cwnd
[2024-11-07T11:22:20.713388-0500]    40.3125 MB /   0.50 sec =  676.6279 Mbps     0 retrans  13528 KB-cwnd
[2024-11-07T11:22:21.213311-0500]    37.1875 MB /   0.50 sec =  623.9526 Mbps    11 retrans   4920 KB-cwnd
[2024-11-07T11:22:21.713612-0500]    38.6250 MB /   0.50 sec =  648.0174 Mbps     0 retrans   4920 KB-cwnd
[2024-11-07T11:22:22.213407-0500]    40.5625 MB /   0.50 sec =  680.4714 Mbps     6 retrans  13645 KB-cwnd
[2024-11-07T11:22:22.713335-0500]    37.3125 MB /   0.50 sec =  626.0475 Mbps     0 retrans  13645 KB-cwnd
[2024-11-07T11:22:23.213940-0500]    41.6875 MB /   0.50 sec =  699.2380 Mbps    15 retrans  13714 KB-cwnd
[2024-11-07T11:22:23.713346-0500]    40.1250 MB /   0.50 sec =  673.3514 Mbps     0 retrans  13711 KB-cwnd
[2024-11-07T11:22:24.213417-0500]    42.1875 MB /   0.50 sec =  707.6883 Mbps     6 retrans  13882 KB-cwnd
[2024-11-07T11:22:24.713485-0500]    23.8750 MB /   0.50 sec =  400.5128 Mbps     0 retrans  13882 KB-cwnd
[2024-11-07T11:22:25.213399-0500]    40.3750 MB /   0.50 sec =  677.4695 Mbps     6 retrans  14023 KB-cwnd
[2024-11-07T11:22:25.713680-0500]    40.0000 MB /   0.50 sec =  671.1584 Mbps     2 retrans   4036 KB-cwnd
[2024-11-07T11:22:26.213414-0500]    41.0000 MB /   0.50 sec =  687.8205 Mbps     3 retrans  15840 KB-cwnd
[2024-11-07T11:22:26.713530-0500]    38.5000 MB /   0.50 sec =  646.0029 Mbps     0 retrans  15840 KB-cwnd
[2024-11-07T11:22:27.213756-0500]    39.5625 MB /   0.50 sec =  663.7128 Mbps    16 retrans  14147 KB-cwnd
[2024-11-07T11:22:27.713439-0500]    39.4375 MB /   0.50 sec =  661.6541 Mbps     0 retrans  14172 KB-cwnd
[2024-11-07T11:22:28.213416-0500]    39.5000 MB /   0.50 sec =  662.6179 Mbps     1 retrans  15411 KB-cwnd
[2024-11-07T11:22:28.713339-0500]    36.5000 MB /   0.50 sec =  612.4443 Mbps     0 retrans  15411 KB-cwnd
[2024-11-07T11:22:29.213351-0500]    43.2500 MB /   0.50 sec =  725.6117 Mbps    10 retrans  15360 KB-cwnd
[2024-11-07T11:22:29.713440-0500]    36.3125 MB /   0.50 sec =  609.1459 Mbps     0 retrans  15360 KB-cwnd
[2024-11-07T11:22:30.213430-0500]    36.1875 MB /   0.50 sec =  607.1182 Mbps     5 retrans  16867 KB-cwnd
[2024-11-07T11:22:30.713377-0500]    42.3125 MB /   0.50 sec =  709.9257 Mbps     0 retrans  17015 KB-cwnd
[2024-11-07T11:22:31.213308-0500]    24.0625 MB /   0.50 sec =  403.7365 Mbps     9 retrans  13791 KB-cwnd
[2024-11-07T11:22:31.713445-0500]    19.5625 MB /   0.50 sec =  328.1833 Mbps     0 retrans  13791 KB-cwnd
[2024-11-07T11:22:32.213343-0500]    43.6875 MB /   0.50 sec =  732.9869 Mbps     9 retrans  12973 KB-cwnd
[2024-11-07T11:22:32.713507-0500]    37.8750 MB /   0.50 sec =  635.4320 Mbps     0 retrans  12973 KB-cwnd
[2024-11-07T11:22:33.213519-0500]    43.8125 MB /   0.50 sec =  735.0591 Mbps    11 retrans  16605 KB-cwnd
[2024-11-07T11:22:33.713330-0500]    40.8125 MB /   0.50 sec =  684.7338 Mbps     0 retrans  16605 KB-cwnd
[2024-11-07T11:22:34.213525-0500]    40.7500 MB /   0.50 sec =  683.4761 Mbps    48 retrans  15640 KB-cwnd
[2024-11-07T11:22:34.713322-0500]    37.9375 MB /   0.50 sec =  636.6728 Mbps     0 retrans  15640 KB-cwnd
[2024-11-07T11:22:35.213424-0500]    32.1875 MB /   0.50 sec =  539.9281 Mbps     7 retrans  14319 KB-cwnd
[2024-11-07T11:22:35.713486-0500]    38.2500 MB /   0.50 sec =  641.6682 Mbps     0 retrans  14865 KB-cwnd
[2024-11-07T11:22:36.213825-0500]    39.0000 MB /   0.50 sec =  654.3494 Mbps     5 retrans  14252 KB-cwnd
[2024-11-07T11:22:36.713570-0500]    44.5625 MB /   0.50 sec =  747.8037 Mbps     0 retrans  14252 KB-cwnd
[2024-11-07T11:22:37.213346-0500]    37.1875 MB /   0.50 sec =  623.8753 Mbps     9 retrans   6814 KB-cwnd
[2024-11-07T11:22:37.713438-0500]    27.3750 MB /   0.50 sec =  459.2065 Mbps     0 retrans   6814 KB-cwnd
End time: 1730996557986
