Start time: 1730996774665
[2024-11-07T11:26:19.738850-0500] traceroute to 54.197.223.49 (54.197.223.49), 30 hops max, 60 byte packets
[2024-11-07T11:26:19.739753-0500]  1  * * *
[2024-11-07T11:26:19.739809-0500]  2  * * *
[2024-11-07T11:26:19.739844-0500]  3  * * *
[2024-11-07T11:26:19.739876-0500]  4  * * *
[2024-11-07T11:26:19.739907-0500]  5  * * *
[2024-11-07T11:26:24.744797-0500]  6  * * *
[2024-11-07T11:26:24.745096-0500]  7  * * *
[2024-11-07T11:26:24.751027-0500]  8  * * *
[2024-11-07T11:26:24.751133-0500]  9  * * *
[2024-11-07T11:26:24.751186-0500] 10  * * *
[2024-11-07T11:26:29.752855-0500] 11  * * *
[2024-11-07T11:26:29.753354-0500] 12  * * *
[2024-11-07T11:26:29.753916-0500] 13  * * *
[2024-11-07T11:26:29.766622-0500] 14  * * *
[2024-11-07T11:26:29.766825-0500] 15  * * *
[2024-11-07T11:26:34.760829-0500] 16  * * *
[2024-11-07T11:26:34.761207-0500] 17  * * *
[2024-11-07T11:26:34.767640-0500] 18  * * *
[2024-11-07T11:26:34.771007-0500] 19  * * *
[2024-11-07T11:26:34.773104-0500] 20  * * *
[2024-11-07T11:26:34.775139-0500] 21  * * *
[2024-11-07T11:26:39.768709-0500] 22  * * *
[2024-11-07T11:26:39.776133-0500] 23  * * *
[2024-11-07T11:26:39.776319-0500] 24  * * *
[2024-11-07T11:26:39.776518-0500] 25  * * *
[2024-11-07T11:26:39.776642-0500] 26  * * *
[2024-11-07T11:26:44.729096-0500] 27  * *End time: 1730996804826
