Start time: 1731007511820
[2024-11-07T14:25:12.707078-0500] nuttcp-r: v8.1.4: socket
[2024-11-07T14:25:12.707500-0500] nuttcp-r: buflen=65536, nstream=1, port=5379 tcp
[2024-11-07T14:25:12.707533-0500] nuttcp-r: interval reporting every 0.50 seconds
[2024-11-07T14:25:12.707558-0500] nuttcp-r: connect to 54.197.223.49 with RTT=62.027 ms af=inet
[2024-11-07T14:25:12.707582-0500] nuttcp-r: send window size = 2097152, receive window size = 6291456
[2024-11-07T14:25:12.707603-0500] nuttcp-r: available send window = 1572864, available receive window = 4718592
[2024-11-07T14:25:12.707625-0500]     1.6250 MB /   0.50 sec =   27.2616 Mbps     0 retrans     13 KB-cwnd
[2024-11-07T14:25:13.207131-0500]    13.7500 MB /   0.50 sec =  230.6692 Mbps     0 retrans     13 KB-cwnd
[2024-11-07T14:25:13.707207-0500]    27.3750 MB /   0.50 sec =  459.2212 Mbps     0 retrans     13 KB-cwnd
[2024-11-07T14:25:14.207535-0500]    31.1875 MB /   0.50 sec =  523.2687 Mbps     0 retrans     13 KB-cwnd
[2024-11-07T14:25:14.707229-0500]    28.3750 MB /   0.50 sec =  476.1278 Mbps     0 retrans     13 KB-cwnd
[2024-11-07T14:25:15.207528-0500]    27.8750 MB /   0.50 sec =  467.5789 Mbps     0 retrans     21 KB-cwnd
[2024-11-07T14:25:15.707178-0500]    21.3750 MB /   0.50 sec =  358.6123 Mbps     0 retrans     22 KB-cwnd
[2024-11-07T14:25:16.208550-0500]     1.7500 MB /   0.50 sec =   29.3019 Mbps     0 retrans     22 KB-cwnd
[2024-11-07T14:25:16.707115-0500]    11.6250 MB /   0.50 sec =  195.4397 Mbps     0 retrans     26 KB-cwnd
[2024-11-07T14:25:17.207093-0500]    24.5000 MB /   0.50 sec =  411.0549 Mbps     0 retrans     26 KB-cwnd
[2024-11-07T14:25:17.707172-0500]    25.0625 MB /   0.50 sec =  420.4260 Mbps     0 retrans     26 KB-cwnd
[2024-11-07T14:25:18.207212-0500]    19.8750 MB /   0.50 sec =  333.4272 Mbps     0 retrans     26 KB-cwnd
[2024-11-07T14:25:18.707209-0500]    20.8750 MB /   0.50 sec =  350.2202 Mbps     0 retrans     26 KB-cwnd
[2024-11-07T14:25:19.207370-0500]    14.0000 MB /   0.50 sec =  234.8261 Mbps     0 retrans     29 KB-cwnd
[2024-11-07T14:25:19.707084-0500]    19.2500 MB /   0.50 sec =  323.0855 Mbps     0 retrans     34 KB-cwnd
[2024-11-07T14:25:20.207515-0500]     8.3750 MB /   0.50 sec =  140.4067 Mbps     0 retrans     34 KB-cwnd
[2024-11-07T14:25:20.707318-0500]     0.0000 MB /   0.50 sec =    0.0000 Mbps     0 retrans     34 KB-cwnd
[2024-11-07T14:25:21.207476-0500]     0.0000 MB /   0.50 sec =    0.0000 Mbps     0 retrans     34 KB-cwnd
[2024-11-07T14:25:21.707465-0500]     0.0000 MB /   0.50 sec =    0.0000 Mbps     0 retrans     34 KB-cwnd
[2024-11-07T14:25:22.208189-0500]     0.0000 MB /   0.50 sec =    0.0000 Mbps     0 retrans     34 KB-cwnd
[2024-11-07T14:25:22.708222-0500]     0.0000 MB /   0.50 sec =    0.0000 Mbps     0 retrans     34 KB-cwnd
[2024-11-07T14:25:23.207276-0500]     0.0000 MB /   0.50 sec =    0.0000 Mbps     0 retrans     34 KB-cwnd
[2024-11-07T14:25:23.707318-0500]     0.0000 MB /   0.50 sec =    0.0000 Mbps     0 retrans     34 KB-cwnd
[2024-11-07T14:25:24.207311-0500]     0.9375 MB /   0.50 sec =   15.7287 Mbps     0 retrans     34 KB-cwnd
[2024-11-07T14:25:24.707258-0500]     0.0000 MB /   0.50 sec =    0.0000 Mbps     0 retrans     34 KB-cwnd
[2024-11-07T14:25:25.207310-0500]     0.0000 MB /   0.50 sec =    0.0000 Mbps     0 retrans     34 KB-cwnd
[2024-11-07T14:25:25.707533-0500]     0.0000 MB /   0.50 sec =    0.0000 Mbps     0 retrans     34 KB-cwnd
[2024-11-07T14:25:26.207635-0500]     0.0000 MB /   0.50 sec =    0.0000 Mbps     0 retrans     34 KB-cwnd
[2024-11-07T14:25:26.707410-0500]     0.0000 MB /   0.50 sec =    0.0000 Mbps     0 retrans     34 KB-cwnd
[2024-11-07T14:25:27.208424-0500]     0.0000 MB /   0.50 sec =    0.0000 Mbps     0 retrans     34 KB-cwnd
[2024-11-07T14:25:27.707324-0500]     0.0000 MB /   0.50 sec =    0.0000 Mbps     0 retrans     34 KB-cwnd
[2024-11-07T14:25:28.207265-0500]     0.0000 MB /   0.50 sec =    0.0000 Mbps     0 retrans     34 KB-cwnd
[2024-11-07T14:25:28.707319-0500]     0.0000 MB /   0.50 sec =    0.0000 Mbps     0 retrans     34 KB-cwnd
[2024-11-07T14:25:29.207251-0500]     0.0000 MB /   0.50 sec =    0.0000 Mbps     0 retrans     34 KB-cwnd
[2024-11-07T14:25:29.707316-0500]     0.0000 MB /   0.50 sec =    0.0000 Mbps     0 retrans     34 KB-cwnd
[2024-11-07T14:25:30.207328-0500]     0.0000 MB /   0.50 sec =    0.0000 Mbps     0 retrans     34 KB-cwnd
[2024-11-07T14:25:30.707300-0500]     0.0000 MB /   0.50 sec =    0.0000 Mbps     0 retrans     34 KB-cwnd
[2024-11-07T14:25:31.207494-0500]     0.0000 MB /   0.50 sec =    0.0000 Mbps     0 retrans     34 KB-cwnd
[2024-11-07T14:25:31.707330-0500]     0.0000 MB /   0.50 sec =    0.0000 Mbps     0 retrans     34 KB-cwnd
[2024-11-07T14:25:32.207289-0500]     0.0000 MB /   0.50 sec =    0.0000 Mbps     0 retrans     34 KB-cwnd
[2024-11-07T14:25:32.707320-0500]     0.0000 MB /   0.50 sec =    0.0000 Mbps     0 retrans     34 KB-cwnd
[2024-11-07T14:25:33.207332-0500]     0.0000 MB /   0.50 sec =    0.0000 Mbps     0 retrans     34 KB-cwnd
[2024-11-07T14:25:33.707310-0500]     0.0000 MB /   0.50 sec =    0.0000 Mbps     0 retrans     34 KB-cwnd
[2024-11-07T14:25:34.207300-0500]     0.0000 MB /   0.50 sec =    0.0000 Mbps     0 retrans     34 KB-cwnd
[2024-11-07T14:25:34.707313-0500]     0.0000 MB /   0.50 sec =    0.0000 Mbps     0 retrans     34 KB-cwnd
[2024-11-07T14:25:35.207224-0500]     0.0000 MB /   0.50 sec =    0.0000 Mbps     0 retrans     34 KB-cwnd
[2024-11-07T14:25:35.708202-0500]     0.0625 MB /   0.50 sec =    1.0466 Mbps     0 retrans     34 KB-cwnd
[2024-11-07T14:25:36.207117-0500]    25.0000 MB /   0.50 sec =  420.3097 Mbps     0 retrans     42 KB-cwnd
[2024-11-07T14:25:36.707462-0500]    20.1875 MB /   0.50 sec =  338.6873 Mbps     0 retrans     50 KB-cwnd
[2024-11-07T14:25:37.207459-0500]    24.6250 MB /   0.50 sec =  412.8582 Mbps     0 retrans     53 KB-cwnd
[2024-11-07T14:25:37.707284-0500]    24.5000 MB /   0.50 sec =  411.3149 Mbps     0 retrans     53 KB-cwnd
[2024-11-07T14:25:38.207137-0500]    27.7500 MB /   0.50 sec =  465.5677 Mbps     0 retrans  10195 KB-cwnd
[2024-11-07T14:25:38.707156-0500]    27.0000 MB /   0.50 sec =  452.9423 Mbps     0 retrans  10195 KB-cwnd
[2024-11-07T14:25:39.206993-0500]    29.8125 MB /   0.50 sec =  500.2798 Mbps     0 retrans  10195 KB-cwnd
[2024-11-07T14:25:39.707117-0500]    18.7500 MB /   0.50 sec =  314.5426 Mbps     0 retrans  10195 KB-cwnd
[2024-11-07T14:25:40.207160-0500]    12.1250 MB /   0.50 sec =  203.3940 Mbps     0 retrans  10195 KB-cwnd
[2024-11-07T14:25:40.707669-0500]    17.8125 MB /   0.50 sec =  298.6906 Mbps     0 retrans  10195 KB-cwnd
[2024-11-07T14:25:41.207571-0500]    19.9375 MB /   0.50 sec =  334.4215 Mbps     0 retrans  10195 KB-cwnd
[2024-11-07T14:25:41.707358-0500]    20.7500 MB /   0.50 sec =  348.4604 Mbps   935 retrans   7541 KB-cwnd
[2024-11-07T14:25:42.207533-0500]    25.7500 MB /   0.50 sec =  431.7016 Mbps     0 retrans   7965 KB-cwnd
[2024-11-07T14:25:42.707496-0500]    31.2500 MB /   0.50 sec =  524.6374 Mbps     0 retrans   7965 KB-cwnd
[2024-11-07T14:25:43.207325-0500]    31.8125 MB /   0.50 sec =  533.5288 Mbps     0 retrans   7896 KB-cwnd
[2024-11-07T14:25:43.707092-0500]    34.0000 MB /   0.50 sec =  570.6422 Mbps     0 retrans   7896 KB-cwnd
[2024-11-07T14:25:44.207087-0500]    30.3750 MB /   0.50 sec =  509.6049 Mbps  1633 retrans   7086 KB-cwnd
[2024-11-07T14:25:44.707329-0500]    16.6875 MB /   0.50 sec =  279.9810 Mbps     0 retrans   7086 KB-cwnd
[2024-11-07T14:25:45.207093-0500]    23.5625 MB /   0.50 sec =  395.3005 Mbps     0 retrans   7086 KB-cwnd
[2024-11-07T14:25:45.707116-0500]    18.4375 MB /   0.50 sec =  309.3120 Mbps     0 retrans  10235 KB-cwnd
[2024-11-07T14:25:46.207097-0500]    23.0000 MB /   0.50 sec =  385.8968 Mbps     0 retrans  10235 KB-cwnd
[2024-11-07T14:25:46.707116-0500]    18.9375 MB /   0.50 sec =  317.7109 Mbps     0 retrans  10235 KB-cwnd
[2024-11-07T14:25:47.207096-0500]    15.8125 MB /   0.50 sec =  265.2945 Mbps     0 retrans  10235 KB-cwnd
[2024-11-07T14:25:47.707120-0500]    25.6250 MB /   0.50 sec =  429.9067 Mbps     0 retrans  10432 KB-cwnd
[2024-11-07T14:25:48.207513-0500]    15.8125 MB /   0.50 sec =  265.0766 Mbps     0 retrans  10432 KB-cwnd
[2024-11-07T14:25:48.707046-0500]    22.5000 MB /   0.50 sec =  377.8077 Mbps     0 retrans  10432 KB-cwnd
[2024-11-07T14:25:49.207141-0500]    27.5000 MB /   0.50 sec =  461.3347 Mbps   582 retrans  10645 KB-cwnd
[2024-11-07T14:25:49.707247-0500]    20.5000 MB /   0.50 sec =  343.9536 Mbps     0 retrans  10645 KB-cwnd
[2024-11-07T14:25:50.207153-0500]     5.1875 MB /   0.50 sec =   87.0248 Mbps     0 retrans  10645 KB-cwnd
[2024-11-07T14:25:50.707094-0500]    14.8125 MB /   0.50 sec =  248.5185 Mbps     0 retrans  10645 KB-cwnd
[2024-11-07T14:25:51.207116-0500]    18.1875 MB /   0.50 sec =  305.1442 Mbps     0 retrans  10645 KB-cwnd
[2024-11-07T14:25:51.707098-0500]    32.3125 MB /   0.50 sec =  542.1279 Mbps     0 retrans  10461 KB-cwnd
[2024-11-07T14:25:52.207129-0500]    32.6250 MB /   0.50 sec =  547.3392 Mbps     0 retrans  10461 KB-cwnd
[2024-11-07T14:25:52.707110-0500]    35.6250 MB /   0.50 sec =  597.7122 Mbps     0 retrans  10738 KB-cwnd
[2024-11-07T14:25:53.207182-0500]    29.8750 MB /   0.50 sec =  501.1261 Mbps     0 retrans  10738 KB-cwnd
[2024-11-07T14:25:53.707194-0500]    17.8750 MB /   0.50 sec =  299.8897 Mbps     0 retrans  10797 KB-cwnd
[2024-11-07T14:25:54.207081-0500]    27.8125 MB /   0.50 sec =  466.7106 Mbps  1819 retrans   9958 KB-cwnd
[2024-11-07T14:25:54.707146-0500]    30.6250 MB /   0.50 sec =  513.7786 Mbps     0 retrans   9958 KB-cwnd
[2024-11-07T14:25:55.207108-0500]    26.2500 MB /   0.50 sec =  440.4090 Mbps     0 retrans  11460 KB-cwnd
[2024-11-07T14:25:55.707083-0500]    32.1250 MB /   0.50 sec =  538.9853 Mbps     0 retrans  11460 KB-cwnd
[2024-11-07T14:25:56.207278-0500]    20.1875 MB /   0.50 sec =  338.5790 Mbps     0 retrans  11919 KB-cwnd
[2024-11-07T14:25:56.707167-0500]    22.0625 MB /   0.50 sec =  370.2806 Mbps   752 retrans  12254 KB-cwnd
[2024-11-07T14:25:57.207165-0500]    29.3125 MB /   0.50 sec =  491.7998 Mbps     0 retrans  12254 KB-cwnd
[2024-11-07T14:25:57.707129-0500]    28.5625 MB /   0.50 sec =  479.1494 Mbps     0 retrans  12254 KB-cwnd
[2024-11-07T14:25:58.207559-0500]    35.4375 MB /   0.50 sec =  594.0187 Mbps     0 retrans  11708 KB-cwnd
[2024-11-07T14:25:58.707062-0500]    35.1250 MB /   0.50 sec =  589.8542 Mbps     0 retrans  11708 KB-cwnd
[2024-11-07T14:25:59.207038-0500]    39.5000 MB /   0.50 sec =  662.6868 Mbps   656 retrans   9641 KB-cwnd
[2024-11-07T14:25:59.707242-0500]    43.5625 MB /   0.50 sec =  730.6923 Mbps     0 retrans  10565 KB-cwnd
[2024-11-07T14:26:00.207133-0500]    48.5625 MB /   0.50 sec =  814.8723 Mbps     0 retrans  10565 KB-cwnd
[2024-11-07T14:26:00.707516-0500]    44.5625 MB /   0.50 sec =  747.0460 Mbps     0 retrans  13024 KB-cwnd
[2024-11-07T14:26:01.207095-0500]    40.5625 MB /   0.50 sec =  681.1048 Mbps     0 retrans  13024 KB-cwnd
[2024-11-07T14:26:01.707052-0500]    42.8125 MB /   0.50 sec =  718.2832 Mbps     0 retrans  12928 KB-cwnd
[2024-11-07T14:26:02.207292-0500]    38.8125 MB /   0.50 sec =  651.1813 Mbps     0 retrans  17526 KB-cwnd
[2024-11-07T14:26:02.707035-0500]    41.5000 MB /   0.50 sec =  696.2642 Mbps     0 retrans  15294 KB-cwnd
[2024-11-07T14:26:03.207152-0500]    46.5625 MB /   0.50 sec =  781.1594 Mbps     0 retrans  14825 KB-cwnd
[2024-11-07T14:26:03.707055-0500]    45.5625 MB /   0.50 sec =  764.3920 Mbps     0 retrans  14825 KB-cwnd
[2024-11-07T14:26:04.207303-0500]    48.8750 MB /   0.50 sec =  820.0143 Mbps     0 retrans  12920 KB-cwnd
[2024-11-07T14:26:04.707026-0500]    46.8750 MB /   0.50 sec =  786.4462 Mbps     0 retrans  14985 KB-cwnd
[2024-11-07T14:26:05.207164-0500]    45.3750 MB /   0.50 sec =  761.1642 Mbps     0 retrans  15251 KB-cwnd
[2024-11-07T14:26:05.707177-0500]    47.7500 MB /   0.50 sec =  801.0688 Mbps     0 retrans  14548 KB-cwnd
[2024-11-07T14:26:06.207233-0500]    36.2500 MB /   0.50 sec =  608.2422 Mbps     0 retrans  14631 KB-cwnd
[2024-11-07T14:26:06.707075-0500]    40.4375 MB /   0.50 sec =  678.4572 Mbps     0 retrans  17140 KB-cwnd
[2024-11-07T14:26:07.207079-0500]    44.5625 MB /   0.50 sec =  747.6332 Mbps     0 retrans  15363 KB-cwnd
[2024-11-07T14:26:07.707150-0500]    45.8750 MB /   0.50 sec =  769.5994 Mbps     0 retrans  15363 KB-cwnd
[2024-11-07T14:26:08.207114-0500]    44.1875 MB /   0.50 sec =  741.3788 Mbps     0 retrans  14018 KB-cwnd
[2024-11-07T14:26:08.707101-0500]    46.5000 MB /   0.50 sec =  780.1390 Mbps     0 retrans  13722 KB-cwnd
[2024-11-07T14:26:09.207108-0500]    48.9375 MB /   0.50 sec =  821.0383 Mbps     0 retrans  14918 KB-cwnd
[2024-11-07T14:26:09.707575-0500]    44.0000 MB /   0.50 sec =  737.7799 Mbps     0 retrans  15763 KB-cwnd
[2024-11-07T14:26:10.207459-0500]    39.9375 MB /   0.50 sec =  670.4303 Mbps     0 retrans  15765 KB-cwnd
[2024-11-07T14:26:10.707513-0500]    27.3750 MB /   0.50 sec =  459.1964 Mbps     0 retrans  17553 KB-cwnd
[2024-11-07T14:26:11.207283-0500]    10.8125 MB /   0.50 sec =  181.4294 Mbps     0 retrans  17553 KB-cwnd
[2024-11-07T14:26:11.707044-0500]    18.3125 MB /   0.50 sec =  307.2463 Mbps     0 retrans  17553 KB-cwnd
[2024-11-07T14:26:12.207093-0500]    19.2500 MB /   0.50 sec =  322.9588 Mbps     0 retrans  17553 KB-cwnd
[2024-11-07T14:26:12.707953-0500]    19.6875 MB /   0.50 sec =  329.9998 Mbps     0 retrans  17553 KB-cwnd
[2024-11-07T14:26:13.207566-0500]    17.1250 MB /   0.50 sec =  287.3098 Mbps     0 retrans  17553 KB-cwnd
[2024-11-07T14:26:13.707114-0500]    17.2500 MB /   0.50 sec =  289.6601 Mbps     0 retrans  17553 KB-cwnd
[2024-11-07T14:26:14.207089-0500]     8.8750 MB /   0.50 sec =  148.9029 Mbps     0 retrans  17553 KB-cwnd
[2024-11-07T14:26:14.707105-0500]    11.3750 MB /   0.50 sec =  190.8401 Mbps     0 retrans  14641 KB-cwnd
[2024-11-07T14:26:15.207483-0500]    15.7500 MB /   0.50 sec =  264.2179 Mbps     0 retrans  14641 KB-cwnd
[2024-11-07T14:26:15.707524-0500]    14.3750 MB /   0.50 sec =  240.9927 Mbps     0 retrans  13879 KB-cwnd
[2024-11-07T14:26:16.206999-0500]    13.5625 MB /   0.50 sec =  227.7437 Mbps     0 retrans  13879 KB-cwnd
[2024-11-07T14:26:16.707473-0500]    12.1250 MB /   0.50 sec =  203.2628 Mbps     0 retrans   6589 KB-cwnd
[2024-11-07T14:26:17.207117-0500]    10.3125 MB /   0.50 sec =  173.1390 Mbps     0 retrans   6589 KB-cwnd
[2024-11-07T14:26:17.707175-0500]    13.4375 MB /   0.50 sec =  225.4556 Mbps     0 retrans   7107 KB-cwnd
[2024-11-07T14:26:18.207160-0500]    15.9375 MB /   0.50 sec =  267.3553 Mbps     0 retrans   7075 KB-cwnd
[2024-11-07T14:26:18.707095-0500]    12.4375 MB /   0.50 sec =  208.6850 Mbps     0 retrans   7001 KB-cwnd
[2024-11-07T14:26:19.206999-0500]    11.0625 MB /   0.50 sec =  185.6087 Mbps     0 retrans   7001 KB-cwnd
[2024-11-07T14:26:19.707022-0500]    10.5625 MB /   0.50 sec =  177.2044 Mbps     0 retrans   7001 KB-cwnd
[2024-11-07T14:26:20.207191-0500]     5.5000 MB /   0.50 sec =   92.2573 Mbps     0 retrans   7001 KB-cwnd
[2024-11-07T14:26:20.707180-0500]     4.6875 MB /   0.50 sec =   78.6419 Mbps     0 retrans   7001 KB-cwnd
[2024-11-07T14:26:21.207029-0500]     3.5000 MB /   0.50 sec =   58.7340 Mbps     0 retrans   7001 KB-cwnd
[2024-11-07T14:26:21.707138-0500]     3.6250 MB /   0.50 sec =   60.8062 Mbps     0 retrans   7001 KB-cwnd
[2024-11-07T14:26:22.207282-0500]     1.8750 MB /   0.50 sec =   31.4606 Mbps     0 retrans   7001 KB-cwnd
[2024-11-07T14:26:22.707112-0500]     1.6250 MB /   0.50 sec =   27.2605 Mbps     0 retrans   7038 KB-cwnd
[2024-11-07T14:26:23.207342-0500]     0.0000 MB /   0.50 sec =    0.0000 Mbps     0 retrans   7038 KB-cwnd
[2024-11-07T14:26:23.707347-0500]     0.0000 MB /   0.50 sec =    0.0000 Mbps     0 retrans   7038 KB-cwnd
[2024-11-07T14:26:24.207315-0500]     0.0000 MB /   0.50 sec =    0.0000 Mbps     0 retrans   7038 KB-cwnd
[2024-11-07T14:26:24.707324-0500]     0.0000 MB /   0.50 sec =    0.0000 Mbps     0 retrans   7038 KB-cwnd
[2024-11-07T14:26:25.207138-0500]     0.0000 MB /   0.50 sec =    0.0000 Mbps     0 retrans   7038 KB-cwnd
[2024-11-07T14:26:25.707267-0500]     0.0000 MB /   0.50 sec =    0.0000 Mbps     0 retrans   7038 KB-cwnd
[2024-11-07T14:26:26.207258-0500]     0.8750 MB /   0.50 sec =   14.6801 Mbps     0 retrans   7038 KB-cwnd
[2024-11-07T14:26:26.707596-0500]     0.0625 MB /   0.50 sec =    1.0488 Mbps     0 retrans   7038 KB-cwnd
[2024-11-07T14:26:27.208565-0500]     2.5625 MB /   0.50 sec =   42.8700 Mbps     0 retrans   7038 KB-cwnd
[2024-11-07T14:26:27.707295-0500]     0.0000 MB /   0.50 sec =    0.0000 Mbps     0 retrans   7038 KB-cwnd
[2024-11-07T14:26:28.207308-0500]     0.0000 MB /   0.50 sec =    0.0000 Mbps     0 retrans   7038 KB-cwnd
[2024-11-07T14:26:28.707284-0500]     0.5625 MB /   0.50 sec =    9.4374 Mbps     0 retrans   7038 KB-cwnd
[2024-11-07T14:26:29.207662-0500]     0.8125 MB /   0.50 sec =   13.6261 Mbps     0 retrans   7038 KB-cwnd
[2024-11-07T14:26:29.707329-0500]     0.0000 MB /   0.50 sec =    0.0000 Mbps     0 retrans   7038 KB-cwnd
[2024-11-07T14:26:30.207206-0500]     0.0000 MB /   0.50 sec =    0.0000 Mbps     0 retrans   7038 KB-cwnd
[2024-11-07T14:26:30.707243-0500]     0.0000 MB /   0.50 sec =    0.0000 Mbps     0 retrans   7038 KB-cwnd
[2024-11-07T14:26:31.208201-0500]     0.0000 MB /   0.50 sec =    0.0000 Mbps     0 retrans   7038 KB-cwnd
[2024-11-07T14:26:31.707077-0500]     0.0000 MB /   0.50 sec =    0.0000 Mbps     0 retrans   7038 KB-cwnd
[2024-11-07T14:26:32.208627-0500]     0.0000 MB /   0.50 sec =    0.0000 Mbps     0 retrans   7038 KB-cwnd
[2024-11-07T14:26:32.707278-0500]     0.0000 MB /   0.50 sec =    0.0000 Mbps     0 retrans   7038 KB-cwnd
[2024-11-07T14:26:33.207315-0500]     0.0000 MB /   0.50 sec =    0.0000 Mbps     0 retrans   7038 KB-cwnd
[2024-11-07T14:26:33.707318-0500]     0.0000 MB /   0.50 sec =    0.0000 Mbps     0 retrans   7038 KB-cwnd
[2024-11-07T14:26:34.207211-0500]     3.2500 MB /   0.50 sec =   54.5380 Mbps     0 retrans   7038 KB-cwnd
[2024-11-07T14:26:34.707272-0500]     0.3750 MB /   0.50 sec =    6.2909 Mbps     0 retrans   7038 KB-cwnd
[2024-11-07T14:26:35.207685-0500]     0.5000 MB /   0.50 sec =    8.3818 Mbps     0 retrans   7038 KB-cwnd
[2024-11-07T14:26:35.708225-0500]     0.6250 MB /   0.50 sec =   10.4742 Mbps     0 retrans   7038 KB-cwnd
[2024-11-07T14:26:36.207432-0500]     0.0000 MB /   0.50 sec =    0.0000 Mbps     0 retrans   7038 KB-cwnd
[2024-11-07T14:26:36.707336-0500]     0.0000 MB /   0.50 sec =    0.0000 Mbps     0 retrans   7038 KB-cwnd
[2024-11-07T14:26:37.207188-0500]     1.0000 MB /   0.50 sec =   16.7752 Mbps     0 retrans   7038 KB-cwnd
[2024-11-07T14:26:37.707161-0500]     0.1875 MB /   0.50 sec =    3.1457 Mbps     0 retrans   7038 KB-cwnd
[2024-11-07T14:26:38.207087-0500]     0.1875 MB /   0.50 sec =    3.1461 Mbps     0 retrans   7038 KB-cwnd
[2024-11-07T14:26:38.707249-0500]     0.1250 MB /   0.50 sec =    2.0967 Mbps     0 retrans   7038 KB-cwnd
[2024-11-07T14:26:39.207066-0500]     0.0000 MB /   0.50 sec =    0.0000 Mbps     0 retrans   7038 KB-cwnd
[2024-11-07T14:26:39.707027-0500]     2.1875 MB /   0.50 sec =   36.7033 Mbps     0 retrans   7038 KB-cwnd
[2024-11-07T14:26:40.207367-0500]     0.6250 MB /   0.50 sec =   10.4836 Mbps     0 retrans   7038 KB-cwnd
[2024-11-07T14:26:40.707221-0500]     1.1250 MB /   0.50 sec =   18.8769 Mbps     0 retrans   7038 KB-cwnd
[2024-11-07T14:26:41.207346-0500]     1.8125 MB /   0.50 sec =   30.4113 Mbps     0 retrans   7038 KB-cwnd
[2024-11-07T14:26:41.707371-0500]     2.0000 MB /   0.50 sec =   33.5530 Mbps     0 retrans   5296 KB-cwnd
[2024-11-07T14:26:42.207678-0500]     2.4375 MB /   0.50 sec =   40.8646 Mbps     0 retrans   5296 KB-cwnd
[2024-11-07T14:26:42.707039-0500]     3.1250 MB /   0.50 sec =   52.4693 Mbps     0 retrans   5296 KB-cwnd
[2024-11-07T14:26:43.207087-0500]     4.0000 MB /   0.50 sec =   67.1067 Mbps     0 retrans   5296 KB-cwnd
[2024-11-07T14:26:43.707237-0500]     2.8750 MB /   0.50 sec =   48.2221 Mbps     0 retrans   5296 KB-cwnd
[2024-11-07T14:26:44.207096-0500]     3.6875 MB /   0.50 sec =   61.8810 Mbps     0 retrans   5296 KB-cwnd
[2024-11-07T14:26:44.707070-0500]     6.0000 MB /   0.50 sec =  100.6601 Mbps     0 retrans   5296 KB-cwnd
[2024-11-07T14:26:45.208506-0500]     4.6875 MB /   0.50 sec =   78.4350 Mbps     0 retrans   5296 KB-cwnd
[2024-11-07T14:26:45.707158-0500]     6.2500 MB /   0.50 sec =  105.1274 Mbps     0 retrans   5296 KB-cwnd
[2024-11-07T14:26:46.207012-0500]     5.6250 MB /   0.50 sec =   94.3881 Mbps     0 retrans   5296 KB-cwnd
[2024-11-07T14:26:46.707422-0500]     4.8750 MB /   0.50 sec =   81.7278 Mbps     0 retrans   5296 KB-cwnd
[2024-11-07T14:26:47.207132-0500]     4.5625 MB /   0.50 sec =   76.5946 Mbps     0 retrans   5296 KB-cwnd
[2024-11-07T14:26:47.707073-0500]     4.8750 MB /   0.50 sec =   81.7937 Mbps     0 retrans   5296 KB-cwnd
[2024-11-07T14:26:48.207373-0500]     2.8750 MB /   0.50 sec =   48.2154 Mbps     0 retrans   5296 KB-cwnd
[2024-11-07T14:26:48.707127-0500]     3.6250 MB /   0.50 sec =   60.8448 Mbps     0 retrans   5296 KB-cwnd
[2024-11-07T14:26:49.207449-0500]     2.8750 MB /   0.50 sec =   48.1980 Mbps     0 retrans   5296 KB-cwnd
[2024-11-07T14:26:49.707106-0500]     2.9375 MB /   0.50 sec =   49.3173 Mbps     0 retrans   5296 KB-cwnd
[2024-11-07T14:26:50.207240-0500]     1.8750 MB /   0.50 sec =   31.4494 Mbps     0 retrans   5296 KB-cwnd
[2024-11-07T14:26:50.706995-0500]     3.2500 MB /   0.50 sec =   54.5435 Mbps     0 retrans   5426 KB-cwnd
[2024-11-07T14:26:51.207244-0500]     1.8750 MB /   0.50 sec =   31.4474 Mbps     0 retrans   5426 KB-cwnd
[2024-11-07T14:26:51.707087-0500]     2.6875 MB /   0.50 sec =   45.0981 Mbps     0 retrans   5426 KB-cwnd
[2024-11-07T14:26:52.207085-0500]     1.1875 MB /   0.50 sec =   19.9239 Mbps     0 retrans   5426 KB-cwnd
[2024-11-07T14:26:52.707155-0500]     2.3125 MB /   0.50 sec =   38.7922 Mbps     0 retrans   5426 KB-cwnd
[2024-11-07T14:26:53.207249-0500]     3.9375 MB /   0.50 sec =   66.0525 Mbps     0 retrans   5426 KB-cwnd
[2024-11-07T14:26:53.707407-0500]     4.3750 MB /   0.50 sec =   73.4194 Mbps     0 retrans   5426 KB-cwnd
[2024-11-07T14:26:54.207148-0500]     4.4375 MB /   0.50 sec =   74.4410 Mbps     0 retrans   5426 KB-cwnd
[2024-11-07T14:26:54.707306-0500]     2.8125 MB /   0.50 sec =   47.1922 Mbps     0 retrans   5426 KB-cwnd
[2024-11-07T14:26:55.207231-0500]     4.5000 MB /   0.50 sec =   75.4994 Mbps     0 retrans   5426 KB-cwnd
[2024-11-07T14:26:55.707276-0500]     3.4375 MB /   0.50 sec =   57.6415 Mbps     0 retrans   5426 KB-cwnd
[2024-11-07T14:26:56.207201-0500]     4.8750 MB /   0.50 sec =   81.8272 Mbps     0 retrans   5426 KB-cwnd
[2024-11-07T14:26:56.707114-0500]     4.5000 MB /   0.50 sec =   75.4946 Mbps     0 retrans   5426 KB-cwnd
[2024-11-07T14:26:57.207083-0500]     4.6250 MB /   0.50 sec =   77.5973 Mbps     0 retrans   5426 KB-cwnd
[2024-11-07T14:26:57.707038-0500]     4.6875 MB /   0.50 sec =   78.6473 Mbps     0 retrans   5426 KB-cwnd
[2024-11-07T14:26:58.207105-0500]     4.5000 MB /   0.50 sec =   75.4910 Mbps     0 retrans   5426 KB-cwnd
[2024-11-07T14:26:58.707121-0500]     3.8125 MB /   0.50 sec =   63.9631 Mbps     0 retrans   5426 KB-cwnd
[2024-11-07T14:26:59.207130-0500]     1.1875 MB /   0.50 sec =   19.9211 Mbps     0 retrans   5426 KB-cwnd
[2024-11-07T14:26:59.707241-0500]     1.5000 MB /   0.50 sec =   25.1631 Mbps     0 retrans   5426 KB-cwnd
[2024-11-07T14:27:00.207119-0500]     0.6250 MB /   0.50 sec =   10.4880 Mbps     0 retrans   5426 KB-cwnd
[2024-11-07T14:27:00.707399-0500]     0.8750 MB /   0.50 sec =   14.6760 Mbps     0 retrans   5426 KB-cwnd
[2024-11-07T14:27:01.207284-0500]     3.5625 MB /   0.50 sec =   59.7673 Mbps     0 retrans   5426 KB-cwnd
[2024-11-07T14:27:01.707077-0500]     4.1875 MB /   0.50 sec =   70.2779 Mbps  4266 retrans    929 KB-cwnd
[2024-11-07T14:27:02.207287-0500]     2.9375 MB /   0.50 sec =   49.2660 Mbps     0 retrans    929 KB-cwnd
[2024-11-07T14:27:02.707054-0500]     2.9375 MB /   0.50 sec =   49.3006 Mbps     0 retrans    929 KB-cwnd
[2024-11-07T14:27:03.208441-0500]     4.7500 MB /   0.50 sec =   79.4853 Mbps     0 retrans    929 KB-cwnd
[2024-11-07T14:27:03.707579-0500]     3.8750 MB /   0.50 sec =   65.1416 Mbps     0 retrans    929 KB-cwnd
[2024-11-07T14:27:04.207144-0500]     4.9375 MB /   0.50 sec =   82.8770 Mbps     0 retrans    929 KB-cwnd
[2024-11-07T14:27:04.707190-0500]     3.5625 MB /   0.50 sec =   59.7691 Mbps     0 retrans    929 KB-cwnd
[2024-11-07T14:27:05.207082-0500]     5.5625 MB /   0.50 sec =   93.3333 Mbps     0 retrans    929 KB-cwnd
[2024-11-07T14:27:05.707038-0500]     5.4375 MB /   0.50 sec =   91.2292 Mbps     0 retrans    929 KB-cwnd
[2024-11-07T14:27:06.207093-0500]     4.8750 MB /   0.50 sec =   81.7857 Mbps     0 retrans    929 KB-cwnd
[2024-11-07T14:27:06.707220-0500]     4.3750 MB /   0.50 sec =   73.3881 Mbps     0 retrans    929 KB-cwnd
[2024-11-07T14:27:07.207281-0500]     3.7500 MB /   0.50 sec =   62.9046 Mbps     0 retrans    929 KB-cwnd
[2024-11-07T14:27:07.707081-0500]     2.1875 MB /   0.50 sec =   36.7126 Mbps     0 retrans    929 KB-cwnd
[2024-11-07T14:27:08.207084-0500]     5.6875 MB /   0.50 sec =   95.4206 Mbps     0 retrans    929 KB-cwnd
[2024-11-07T14:27:08.707617-0500]     3.1875 MB /   0.50 sec =   53.4232 Mbps     0 retrans    929 KB-cwnd
[2024-11-07T14:27:09.207291-0500]     3.8125 MB /   0.50 sec =   63.9960 Mbps     0 retrans    929 KB-cwnd
[2024-11-07T14:27:09.707574-0500]     3.3125 MB /   0.50 sec =   55.5635 Mbps     0 retrans    929 KB-cwnd
[2024-11-07T14:27:10.207167-0500]     4.6875 MB /   0.50 sec =   78.6832 Mbps     0 retrans    929 KB-cwnd
[2024-11-07T14:27:10.707026-0500]     4.0000 MB /   0.50 sec =   67.1236 Mbps     0 retrans   1515 KB-cwnd
[2024-11-07T14:27:11.207139-0500]     3.4375 MB /   0.50 sec =   57.6629 Mbps     0 retrans   1515 KB-cwnd
[2024-11-07T14:27:11.707223-0500]     2.5625 MB /   0.50 sec =   42.9960 Mbps     0 retrans   1515 KB-cwnd
[2024-11-07T14:27:12.208104-0500]     0.1250 MB /   0.50 sec =    2.0930 Mbps     0 retrans   1515 KB-cwnd
[2024-11-07T14:27:12.707215-0500]     0.0000 MB /   0.50 sec =    0.0000 Mbps     0 retrans   1515 KB-cwnd
End time: 1731007632943
