Start time: 1747690462760
Connecting to host 34.145.166.89, port 5207
Reverse mode, remote host 34.145.166.89 is sending
[  5] local 192.0.0.2 port 57302 connected to 34.145.166.89 port 5207
[ ID] Interval           Transfer     Bitrate
[  5]   0.00-0.10   sec  93.2 KBytes  7.63 Mbits/sec                  
[  5]   0.10-0.20   sec   165 KBytes  13.5 Mbits/sec                  
[  5]   0.20-0.30   sec   202 KBytes  16.6 Mbits/sec                  
[  5]   0.30-0.40   sec   276 KBytes  22.6 Mbits/sec                  
[  5]   0.40-0.50   sec   230 KBytes  18.9 Mbits/sec                  
[  5]   0.50-0.60   sec   325 KBytes  26.6 Mbits/sec                  
[  5]   0.60-0.70   sec   337 KBytes  27.6 Mbits/sec                  
[  5]   0.70-0.80   sec   354 KBytes  29.0 Mbits/sec                  
[  5]   0.80-0.90   sec   354 KBytes  29.0 Mbits/sec                  
[  5]   0.90-1.00   sec   393 KBytes  32.2 Mbits/sec                  
[  5]   1.00-1.10   sec   486 KBytes  39.8 Mbits/sec                  
[  5]   1.10-1.20   sec   405 KBytes  33.2 Mbits/sec                  
[  5]   1.20-1.30   sec   707 KBytes  58.0 Mbits/sec                  
[  5]   1.30-1.40   sec   329 KBytes  27.0 Mbits/sec                  
[  5]   1.40-1.50   sec   518 KBytes  42.5 Mbits/sec                  
[  5]   1.50-1.60   sec  90.6 KBytes  7.41 Mbits/sec                  
[  5]   1.60-1.70   sec   380 KBytes  31.1 Mbits/sec                  
[  5]   1.70-1.80   sec   659 KBytes  54.0 Mbits/sec                  
[  5]   1.80-1.90   sec   637 KBytes  52.2 Mbits/sec                  
[  5]   1.90-2.00   sec   818 KBytes  67.0 Mbits/sec                  
[  5]   2.00-2.10   sec   995 KBytes  81.5 Mbits/sec                  
[  5]   2.10-2.20   sec  0.00 Bytes  0.00 bits/sec                  
[  5]   2.20-2.30   sec   501 KBytes  41.1 Mbits/sec                  
[  5]   2.30-2.40   sec   645 KBytes  52.8 Mbits/sec                  
[  5]   2.40-2.50   sec  1.07 MBytes  89.4 Mbits/sec                  
[  5]   2.50-2.60   sec  1.03 MBytes  86.6 Mbits/sec                  
[  5]   2.60-2.70   sec  1.06 MBytes  89.0 Mbits/sec                  
[  5]   2.70-2.80   sec  1.56 MBytes   131 Mbits/sec                  
[  5]   2.80-2.90   sec   687 KBytes  56.3 Mbits/sec                  
[  5]   2.90-3.00   sec   846 KBytes  69.3 Mbits/sec                  
[  5]   3.00-3.10   sec  1.08 MBytes  90.4 Mbits/sec                  
[  5]   3.10-3.20   sec  1.14 MBytes  96.0 Mbits/sec                  
[  5]   3.20-3.30   sec  1.25 MBytes   105 Mbits/sec                  
[  5]   3.30-3.40   sec  1.50 MBytes   126 Mbits/sec                  
[  5]   3.40-3.50   sec  1.14 MBytes  95.2 Mbits/sec                  
[  5]   3.50-3.60   sec   791 KBytes  64.8 Mbits/sec                  
[  5]   3.60-3.70   sec  1.85 MBytes   155 Mbits/sec                  
[  5]   3.70-3.80   sec  1.90 MBytes   159 Mbits/sec                  
[  5]   3.80-3.90   sec  2.09 MBytes   175 Mbits/sec                  
[  5]   3.90-4.00   sec  1.85 MBytes   155 Mbits/sec                  
[  5]   4.00-4.10   sec  1.48 MBytes   124 Mbits/sec                  
[  5]   4.10-4.20   sec  2.15 MBytes   180 Mbits/sec                  
[  5]   4.20-4.30   sec  1.57 MBytes   132 Mbits/sec                  
[  5]   4.30-4.40   sec  2.19 MBytes   183 Mbits/sec                  
[  5]   4.40-4.50   sec  1.85 MBytes   156 Mbits/sec                  
[  5]   4.50-4.60   sec  2.40 MBytes   201 Mbits/sec                  
[  5]   4.60-4.70   sec  2.68 MBytes   225 Mbits/sec                  
[  5]   4.70-4.80   sec  1.88 MBytes   158 Mbits/sec                  
[  5]   4.80-4.90   sec  1.46 MBytes   123 Mbits/sec                  
[  5]   4.90-5.00   sec  2.65 MBytes   222 Mbits/sec                  
- - - - - - - - - - - - - - - - - - - - - - - - -
[ ID] Interval           Transfer     Bitrate         Retr
[  5]   0.00-5.05   sec  54.4 MBytes  90.4 Mbits/sec    0             sender
[  5]   0.00-5.00   sec  50.8 MBytes  85.2 Mbits/sec                  receiver

iperf Done.
End time: 1747690468503
