Start time: 1745269407164
Connecting to host 34.86.116.81, port 5209
Reverse mode, remote host 34.86.116.81 is sending
[  5] local 192.0.0.2 port 36356 connected to 34.86.116.81 port 5209
[ ID] Interval           Transfer     Bitrate
[  5]   0.00-0.10   sec  40.0 KBytes  3.26 Mbits/sec                  
[  5]   0.10-0.20   sec   133 KBytes  11.0 Mbits/sec                  
[  5]   0.20-0.30   sec   373 KBytes  30.5 Mbits/sec                  
[  5]   0.30-0.40   sec   940 KBytes  77.0 Mbits/sec                  
[  5]   0.40-0.50   sec  2.03 MBytes   170 Mbits/sec                  
[  5]   0.50-0.60   sec  2.44 MBytes   205 Mbits/sec                  
[  5]   0.60-0.70   sec  3.49 MBytes   293 Mbits/sec                  
[  5]   0.70-0.80   sec  4.26 MBytes   357 Mbits/sec                  
[  5]   0.80-0.90   sec  7.70 MBytes   646 Mbits/sec                  
[  5]   0.90-1.00   sec  3.64 MBytes   305 Mbits/sec                  
[  5]   1.00-1.10   sec  2.50 MBytes   210 Mbits/sec                  
[  5]   1.10-1.20   sec  5.29 MBytes   443 Mbits/sec                  
[  5]   1.20-1.30   sec  7.39 MBytes   620 Mbits/sec                  
[  5]   1.30-1.40   sec  5.57 MBytes   467 Mbits/sec                  
[  5]   1.40-1.50   sec  8.93 MBytes   749 Mbits/sec                  
[  5]   1.50-1.60   sec  5.36 MBytes   450 Mbits/sec                  
[  5]   1.60-1.70   sec  5.80 MBytes   487 Mbits/sec                  
[  5]   1.70-1.80   sec  8.54 MBytes   717 Mbits/sec                  
[  5]   1.80-1.90   sec  5.86 MBytes   491 Mbits/sec                  
[  5]   1.90-2.00   sec  5.65 MBytes   474 Mbits/sec                  
[  5]   2.00-2.10   sec  6.54 MBytes   549 Mbits/sec                  
[  5]   2.10-2.20   sec  3.75 MBytes   315 Mbits/sec                  
[  5]   2.20-2.30   sec  5.24 MBytes   440 Mbits/sec                  
[  5]   2.30-2.40   sec  5.96 MBytes   500 Mbits/sec                  
[  5]   2.40-2.50   sec  5.90 MBytes   495 Mbits/sec                  
[  5]   2.50-2.60   sec  5.43 MBytes   456 Mbits/sec                  
[  5]   2.60-2.70   sec  4.85 MBytes   407 Mbits/sec                  
[  5]   2.70-2.80   sec  5.63 MBytes   472 Mbits/sec                  
[  5]   2.80-2.90   sec  6.55 MBytes   550 Mbits/sec                  
[  5]   2.90-3.00   sec  5.90 MBytes   495 Mbits/sec                  
[  5]   3.00-3.10   sec  5.38 MBytes   451 Mbits/sec                  
[  5]   3.10-3.20   sec  4.84 MBytes   406 Mbits/sec                  
[  5]   3.20-3.30   sec  5.21 MBytes   437 Mbits/sec                  
[  5]   3.30-3.40   sec  6.45 MBytes   541 Mbits/sec                  
[  5]   3.40-3.50   sec  7.65 MBytes   641 Mbits/sec                  
[  5]   3.50-3.60   sec  9.94 MBytes   834 Mbits/sec                  
[  5]   3.60-3.70   sec  7.31 MBytes   613 Mbits/sec                  
[  5]   3.70-3.80   sec  4.64 MBytes   389 Mbits/sec                  
[  5]   3.80-3.90   sec  10.1 MBytes   847 Mbits/sec                  
[  5]   3.90-4.00   sec  8.24 MBytes   691 Mbits/sec                  
[  5]   4.00-4.10   sec  4.74 MBytes   398 Mbits/sec                  
[  5]   4.10-4.20   sec  8.72 MBytes   731 Mbits/sec                  
[  5]   4.20-4.30   sec  6.05 MBytes   507 Mbits/sec                  
[  5]   4.30-4.40   sec  8.00 MBytes   671 Mbits/sec                  
[  5]   4.40-4.50   sec  8.76 MBytes   735 Mbits/sec                  
[  5]   4.50-4.60   sec  7.72 MBytes   648 Mbits/sec                  
[  5]   4.60-4.70   sec  4.48 MBytes   376 Mbits/sec                  
[  5]   4.70-4.80   sec  7.79 MBytes   654 Mbits/sec                  
[  5]   4.80-4.90   sec  8.62 MBytes   723 Mbits/sec                  
[  5]   4.90-5.00   sec  8.23 MBytes   690 Mbits/sec                  
- - - - - - - - - - - - - - - - - - - - - - - - -
[ ID] Interval           Transfer     Bitrate         Retr
[  5]   0.00-5.05   sec   566 MBytes   940 Mbits/sec    0             sender
[  5]   0.00-5.00   sec   285 MBytes   477 Mbits/sec                  receiver

iperf Done.
End time: 1745269413039
