Start time: 1731020748909
[2024-11-07T18:05:53.978441-0500] traceroute to 54.197.223.49 (54.197.223.49), 30 hops max, 60 byte packets
[2024-11-07T18:05:53.979219-0500]  1  * * *
[2024-11-07T18:05:53.979268-0500]  2  * * *
[2024-11-07T18:05:53.979302-0500]  3  * * *
[2024-11-07T18:05:53.979333-0500]  4  * * *
[2024-11-07T18:05:53.986354-0500]  5  * * *
[2024-11-07T18:05:58.985438-0500]  6  * * *
[2024-11-07T18:05:58.985751-0500]  7  * * *
[2024-11-07T18:05:58.985818-0500]  8  * * *
[2024-11-07T18:05:58.985870-0500]  9  * * *
[2024-11-07T18:05:58.995071-0500] 10  * * *
[2024-11-07T18:06:03.992798-0500] 11  * * *
[2024-11-07T18:06:03.992972-0500] 12  * * *
[2024-11-07T18:06:03.993007-0500] 13  * * *
[2024-11-07T18:06:03.996146-0500] 14  * * *
[2024-11-07T18:06:03.996259-0500] 15  * * *
[2024-11-07T18:06:08.996153-0500] 16  * * *
[2024-11-07T18:06:08.996571-0500] 17  * * *
[2024-11-07T18:06:09.002269-0500] 18  * * *
[2024-11-07T18:06:09.002464-0500] 19  * * *
[2024-11-07T18:06:09.002540-0500] 20  * * *
[2024-11-07T18:06:09.002896-0500] 21  * * *
[2024-11-07T18:06:14.004149-0500] 22  * * *
[2024-11-07T18:06:14.004966-0500] 23  * * *
[2024-11-07T18:06:14.013150-0500] 24  * * *
[2024-11-07T18:06:14.013283-0500] 25  * * *
[2024-11-07T18:06:14.013329-0500] 26  * * *
[2024-11-07T18:06:18.967715-0500] 27  * *End time: 1731020779008
