Start time: 1731099602661
[2024-11-08T16:00:03.834226-0500] nuttcp-r: v8.1.4: socket
[2024-11-08T16:00:03.834930-0500] nuttcp-r: buflen=65536, nstream=1, port=5379 tcp
[2024-11-08T16:00:03.834976-0500] nuttcp-r: interval reporting every 0.50 seconds
[2024-11-08T16:00:03.835006-0500] nuttcp-r: connect to 54.197.223.49 with RTT=130.245 ms af=inet
[2024-11-08T16:00:03.835037-0500] nuttcp-r: send window size = 2097152, receive window size = 6291456
[2024-11-08T16:00:03.835064-0500] nuttcp-r: available send window = 1572864, available receive window = 4718592
[2024-11-08T16:00:03.835090-0500]     0.1875 MB /   0.50 sec =    3.1453 Mbps     0 retrans     13 KB-cwnd
[2024-11-08T16:00:04.334580-0500]     1.2500 MB /   0.50 sec =   20.9693 Mbps     0 retrans     13 KB-cwnd
[2024-11-08T16:00:04.835475-0500]     1.0625 MB /   0.50 sec =   17.7866 Mbps     0 retrans     13 KB-cwnd
[2024-11-08T16:00:05.334514-0500]     2.2500 MB /   0.50 sec =   37.8220 Mbps     0 retrans     13 KB-cwnd
[2024-11-08T16:00:05.835200-0500]     1.1875 MB /   0.50 sec =   19.8908 Mbps     0 retrans     13 KB-cwnd
[2024-11-08T16:00:06.334803-0500]     0.0000 MB /   0.50 sec =    0.0000 Mbps     0 retrans     13 KB-cwnd
[2024-11-08T16:00:06.834408-0500]     1.1875 MB /   0.50 sec =   19.9239 Mbps     0 retrans     13 KB-cwnd
[2024-11-08T16:00:07.333827-0500]     2.6875 MB /   0.50 sec =   45.1335 Mbps     0 retrans     13 KB-cwnd
[2024-11-08T16:00:07.833895-0500]     1.8750 MB /   0.50 sec =   31.4550 Mbps     0 retrans     13 KB-cwnd
[2024-11-08T16:00:08.335050-0500]     1.0000 MB /   0.50 sec =   16.7407 Mbps     0 retrans     13 KB-cwnd
[2024-11-08T16:00:08.834854-0500]     1.4375 MB /   0.50 sec =   24.1243 Mbps     0 retrans     13 KB-cwnd
[2024-11-08T16:00:09.333935-0500]     3.5000 MB /   0.50 sec =   58.8258 Mbps     0 retrans     13 KB-cwnd
[2024-11-08T16:00:09.835145-0500]     1.2500 MB /   0.50 sec =   20.9307 Mbps     0 retrans     13 KB-cwnd
[2024-11-08T16:00:10.334048-0500]     3.1250 MB /   0.50 sec =   52.5225 Mbps     0 retrans     13 KB-cwnd
[2024-11-08T16:00:10.833809-0500]     3.0000 MB /   0.50 sec =   50.3452 Mbps     0 retrans     13 KB-cwnd
[2024-11-08T16:00:11.334104-0500]     2.6250 MB /   0.50 sec =   44.0372 Mbps     0 retrans     13 KB-cwnd
[2024-11-08T16:00:11.833920-0500]     2.8750 MB /   0.50 sec =   48.2351 Mbps     0 retrans     13 KB-cwnd
[2024-11-08T16:00:12.334749-0500]     3.1875 MB /   0.50 sec =   53.4849 Mbps     0 retrans     13 KB-cwnd
[2024-11-08T16:00:12.833771-0500]     1.4375 MB /   0.50 sec =   24.1172 Mbps     0 retrans     13 KB-cwnd
[2024-11-08T16:00:13.334116-0500]     2.6875 MB /   0.50 sec =   45.0641 Mbps     0 retrans     13 KB-cwnd
[2024-11-08T16:00:13.834093-0500]     2.6875 MB /   0.50 sec =   45.0942 Mbps     0 retrans     13 KB-cwnd
[2024-11-08T16:00:14.333867-0500]     2.1250 MB /   0.50 sec =   35.6659 Mbps     0 retrans     13 KB-cwnd
[2024-11-08T16:00:14.833857-0500]     3.0000 MB /   0.50 sec =   50.3300 Mbps     0 retrans     13 KB-cwnd
[2024-11-08T16:00:15.333841-0500]     1.3125 MB /   0.50 sec =   22.0201 Mbps     0 retrans     13 KB-cwnd
[2024-11-08T16:00:15.833811-0500]     2.0625 MB /   0.50 sec =   34.6040 Mbps     0 retrans     13 KB-cwnd
[2024-11-08T16:00:16.333756-0500]     1.5000 MB /   0.50 sec =   25.1665 Mbps     0 retrans     13 KB-cwnd
[2024-11-08T16:00:16.833851-0500]     2.1875 MB /   0.50 sec =   36.6991 Mbps     0 retrans     13 KB-cwnd
[2024-11-08T16:00:17.333898-0500]     1.4375 MB /   0.50 sec =   24.1149 Mbps     0 retrans     13 KB-cwnd
[2024-11-08T16:00:17.833924-0500]     1.5625 MB /   0.50 sec =   26.2152 Mbps     0 retrans     13 KB-cwnd
[2024-11-08T16:00:18.333812-0500]     2.2500 MB /   0.50 sec =   37.7524 Mbps     0 retrans     13 KB-cwnd
[2024-11-08T16:00:18.833786-0500]     2.1250 MB /   0.50 sec =   35.6503 Mbps     0 retrans     13 KB-cwnd
[2024-11-08T16:00:19.334457-0500]     1.3750 MB /   0.50 sec =   23.0431 Mbps     0 retrans     13 KB-cwnd
[2024-11-08T16:00:19.833775-0500]     0.0000 MB /   0.50 sec =    0.0000 Mbps     0 retrans     13 KB-cwnd
[2024-11-08T16:00:20.334415-0500]     1.0625 MB /   0.50 sec =   17.8238 Mbps     0 retrans     13 KB-cwnd
[2024-11-08T16:00:20.834003-0500]     1.0000 MB /   0.50 sec =   16.7758 Mbps     0 retrans     13 KB-cwnd
[2024-11-08T16:00:21.333765-0500]     2.3125 MB /   0.50 sec =   38.8058 Mbps     0 retrans     13 KB-cwnd
[2024-11-08T16:00:21.834400-0500]     0.4375 MB /   0.50 sec =    7.3326 Mbps     0 retrans     13 KB-cwnd
[2024-11-08T16:00:22.333957-0500]     0.0000 MB /   0.50 sec =    0.0000 Mbps     0 retrans     13 KB-cwnd
[2024-11-08T16:00:22.833955-0500]     1.5625 MB /   0.50 sec =   26.2117 Mbps     0 retrans     13 KB-cwnd
[2024-11-08T16:00:23.333847-0500]     0.7500 MB /   0.50 sec =   12.5865 Mbps     0 retrans     13 KB-cwnd
[2024-11-08T16:00:23.833940-0500]     0.0625 MB /   0.50 sec =    1.0484 Mbps     0 retrans     13 KB-cwnd
[2024-11-08T16:00:24.334011-0500]     0.0000 MB /   0.50 sec =    0.0000 Mbps     0 retrans     13 KB-cwnd
[2024-11-08T16:00:24.833915-0500]     0.7500 MB /   0.50 sec =   12.5853 Mbps     0 retrans     13 KB-cwnd
[2024-11-08T16:00:25.334124-0500]     0.1250 MB /   0.50 sec =    2.0970 Mbps     0 retrans     13 KB-cwnd
[2024-11-08T16:00:25.833822-0500]     0.8750 MB /   0.50 sec =   14.6812 Mbps     0 retrans     13 KB-cwnd
[2024-11-08T16:00:26.333948-0500]     2.0625 MB /   0.50 sec =   34.5976 Mbps     0 retrans     13 KB-cwnd
[2024-11-08T16:00:26.833828-0500]     1.1875 MB /   0.50 sec =   19.9278 Mbps     0 retrans     13 KB-cwnd
[2024-11-08T16:00:27.333969-0500]     1.6250 MB /   0.50 sec =   27.2554 Mbps     0 retrans     13 KB-cwnd
[2024-11-08T16:00:27.833870-0500]     1.2500 MB /   0.50 sec =   20.9757 Mbps     0 retrans     13 KB-cwnd
[2024-11-08T16:00:28.333913-0500]     1.9375 MB /   0.50 sec =   32.5057 Mbps     0 retrans     13 KB-cwnd
[2024-11-08T16:00:28.833854-0500]     1.5625 MB /   0.50 sec =   26.2150 Mbps     0 retrans     13 KB-cwnd
[2024-11-08T16:00:29.334057-0500]     2.0000 MB /   0.50 sec =   33.5371 Mbps     0 retrans     13 KB-cwnd
[2024-11-08T16:00:29.833992-0500]     1.5000 MB /   0.50 sec =   25.1743 Mbps     0 retrans     13 KB-cwnd
[2024-11-08T16:00:30.333845-0500]     2.5625 MB /   0.50 sec =   43.0000 Mbps     0 retrans     13 KB-cwnd
[2024-11-08T16:00:30.833896-0500]     1.7500 MB /   0.50 sec =   29.3568 Mbps     0 retrans     13 KB-cwnd
[2024-11-08T16:00:31.334845-0500]     2.8750 MB /   0.50 sec =   48.1603 Mbps     0 retrans     13 KB-cwnd
[2024-11-08T16:00:31.833836-0500]     0.9375 MB /   0.50 sec =   15.7555 Mbps     0 retrans     13 KB-cwnd
[2024-11-08T16:00:32.334645-0500]     2.9375 MB /   0.50 sec =   49.2081 Mbps     0 retrans     13 KB-cwnd
[2024-11-08T16:00:32.833757-0500]     3.7500 MB /   0.50 sec =   63.0103 Mbps     0 retrans     13 KB-cwnd
[2024-11-08T16:00:33.333857-0500]     5.1250 MB /   0.50 sec =   85.9752 Mbps     0 retrans     13 KB-cwnd
[2024-11-08T16:00:33.833902-0500]     3.4375 MB /   0.50 sec =   57.6714 Mbps     0 retrans     13 KB-cwnd
[2024-11-08T16:00:34.333879-0500]     4.3750 MB /   0.50 sec =   73.4027 Mbps     0 retrans     13 KB-cwnd
[2024-11-08T16:00:34.833873-0500]     5.3125 MB /   0.50 sec =   89.1274 Mbps     0 retrans     13 KB-cwnd
[2024-11-08T16:00:35.333896-0500]     3.6875 MB /   0.50 sec =   61.8631 Mbps     0 retrans     13 KB-cwnd
[2024-11-08T16:00:35.833878-0500]     0.3125 MB /   0.50 sec =    5.2432 Mbps     0 retrans     13 KB-cwnd
[2024-11-08T16:00:36.333798-0500]     2.8750 MB /   0.50 sec =   48.2339 Mbps     0 retrans     13 KB-cwnd
[2024-11-08T16:00:36.833899-0500]     3.0625 MB /   0.50 sec =   51.3788 Mbps     0 retrans     13 KB-cwnd
[2024-11-08T16:00:37.333784-0500]     3.4375 MB /   0.50 sec =   57.6765 Mbps     0 retrans     13 KB-cwnd
[2024-11-08T16:00:37.834092-0500]     3.1875 MB /   0.50 sec =   53.4746 Mbps     0 retrans     13 KB-cwnd
[2024-11-08T16:00:38.333860-0500]     1.0625 MB /   0.50 sec =   17.8256 Mbps     0 retrans     13 KB-cwnd
[2024-11-08T16:00:38.833940-0500]     4.3125 MB /   0.50 sec =   72.3535 Mbps     0 retrans     13 KB-cwnd
[2024-11-08T16:00:39.333849-0500]     2.8125 MB /   0.50 sec =   47.1864 Mbps     0 retrans     13 KB-cwnd
[2024-11-08T16:00:39.833751-0500]     6.3125 MB /   0.50 sec =  105.9136 Mbps     0 retrans     13 KB-cwnd
[2024-11-08T16:00:40.333979-0500]     4.6875 MB /   0.50 sec =   78.6195 Mbps     0 retrans     13 KB-cwnd
[2024-11-08T16:00:40.833857-0500]     8.2500 MB /   0.50 sec =  138.4425 Mbps     0 retrans     13 KB-cwnd
[2024-11-08T16:00:41.334250-0500]     4.1250 MB /   0.50 sec =   69.2071 Mbps     0 retrans     13 KB-cwnd
[2024-11-08T16:00:41.833987-0500]     4.8125 MB /   0.50 sec =   80.7224 Mbps     0 retrans     13 KB-cwnd
[2024-11-08T16:00:42.333856-0500]     5.3125 MB /   0.50 sec =   89.1448 Mbps     0 retrans     13 KB-cwnd
[2024-11-08T16:00:42.833991-0500]     6.4375 MB /   0.50 sec =  107.9783 Mbps     0 retrans     13 KB-cwnd
[2024-11-08T16:00:43.333756-0500]     6.5625 MB /   0.50 sec =  110.1377 Mbps     0 retrans     17 KB-cwnd
[2024-11-08T16:00:43.833817-0500]     7.6250 MB /   0.50 sec =  127.9189 Mbps     0 retrans     17 KB-cwnd
[2024-11-08T16:00:44.333914-0500]     4.8125 MB /   0.50 sec =   80.7366 Mbps     0 retrans     17 KB-cwnd
[2024-11-08T16:00:44.833901-0500]     8.1250 MB /   0.50 sec =  136.3053 Mbps     0 retrans     17 KB-cwnd
[2024-11-08T16:00:45.333829-0500]     5.6250 MB /   0.50 sec =   94.3798 Mbps     0 retrans     17 KB-cwnd
[2024-11-08T16:00:45.833882-0500]     3.3750 MB /   0.50 sec =   56.6227 Mbps     0 retrans     17 KB-cwnd
[2024-11-08T16:00:46.333975-0500]     7.3125 MB /   0.50 sec =  122.6888 Mbps     0 retrans     26 KB-cwnd
[2024-11-08T16:00:46.833768-0500]     6.3125 MB /   0.50 sec =  105.9094 Mbps     0 retrans     26 KB-cwnd
[2024-11-08T16:00:47.334157-0500]     9.6875 MB /   0.50 sec =  162.4263 Mbps     0 retrans     26 KB-cwnd
[2024-11-08T16:00:47.833904-0500]     7.5000 MB /   0.50 sec =  125.8895 Mbps     0 retrans     26 KB-cwnd
[2024-11-08T16:00:48.333844-0500]     5.9375 MB /   0.50 sec =   99.6243 Mbps     0 retrans     26 KB-cwnd
[2024-11-08T16:00:48.833855-0500]     6.8750 MB /   0.50 sec =  115.3457 Mbps     0 retrans     26 KB-cwnd
[2024-11-08T16:00:49.333763-0500]     2.0625 MB /   0.50 sec =   34.6048 Mbps     0 retrans     26 KB-cwnd
[2024-11-08T16:00:49.833994-0500]     1.3125 MB /   0.50 sec =   22.0186 Mbps     0 retrans     26 KB-cwnd
[2024-11-08T16:00:50.333774-0500]     2.1875 MB /   0.50 sec =   36.7018 Mbps     0 retrans     26 KB-cwnd
[2024-11-08T16:00:50.833879-0500]     1.7500 MB /   0.50 sec =   29.3587 Mbps     0 retrans     26 KB-cwnd
[2024-11-08T16:00:51.333759-0500]     1.2500 MB /   0.50 sec =   20.9732 Mbps     0 retrans     26 KB-cwnd
[2024-11-08T16:00:51.833939-0500]     0.8750 MB /   0.50 sec =   14.6772 Mbps     0 retrans     26 KB-cwnd
[2024-11-08T16:00:52.334046-0500]     1.5625 MB /   0.50 sec =   26.2153 Mbps     0 retrans     26 KB-cwnd
[2024-11-08T16:00:52.834043-0500]     2.6250 MB /   0.50 sec =   44.0294 Mbps     0 retrans     26 KB-cwnd
[2024-11-08T16:00:53.334345-0500]     0.0000 MB /   0.50 sec =    0.0000 Mbps     0 retrans     26 KB-cwnd
[2024-11-08T16:00:53.833782-0500]     1.1875 MB /   0.50 sec =   19.9399 Mbps     0 retrans     26 KB-cwnd
[2024-11-08T16:00:54.333889-0500]     0.0000 MB /   0.50 sec =    0.0000 Mbps     0 retrans     26 KB-cwnd
[2024-11-08T16:00:54.833878-0500]     0.0000 MB /   0.50 sec =    0.0000 Mbps     0 retrans     26 KB-cwnd
[2024-11-08T16:00:55.334022-0500]     4.5625 MB /   0.50 sec =   76.5467 Mbps     0 retrans     26 KB-cwnd
[2024-11-08T16:00:55.834025-0500]     1.8125 MB /   0.50 sec =   30.4000 Mbps     0 retrans     26 KB-cwnd
[2024-11-08T16:00:56.333817-0500]     2.0625 MB /   0.50 sec =   34.6137 Mbps     0 retrans     26 KB-cwnd
[2024-11-08T16:00:56.833918-0500]     1.8750 MB /   0.50 sec =   31.4548 Mbps     0 retrans     26 KB-cwnd
[2024-11-08T16:00:57.333798-0500]     2.3750 MB /   0.50 sec =   39.8481 Mbps     0 retrans     26 KB-cwnd
[2024-11-08T16:00:57.834052-0500]     2.4375 MB /   0.50 sec =   40.8954 Mbps     0 retrans     26 KB-cwnd
[2024-11-08T16:00:58.333954-0500]     3.2500 MB /   0.50 sec =   54.5222 Mbps     0 retrans     26 KB-cwnd
[2024-11-08T16:00:58.833894-0500]     0.1875 MB /   0.50 sec =    3.1458 Mbps     0 retrans     26 KB-cwnd
[2024-11-08T16:00:59.333937-0500]     1.6250 MB /   0.50 sec =   27.2612 Mbps     0 retrans     26 KB-cwnd
[2024-11-08T16:00:59.833815-0500]     4.5000 MB /   0.50 sec =   75.5068 Mbps     0 retrans     26 KB-cwnd
[2024-11-08T16:01:00.333887-0500]     2.3750 MB /   0.50 sec =   39.8456 Mbps     0 retrans     26 KB-cwnd
[2024-11-08T16:01:00.833781-0500]     2.5000 MB /   0.50 sec =   41.9437 Mbps     0 retrans     26 KB-cwnd
[2024-11-08T16:01:01.333950-0500]     3.5625 MB /   0.50 sec =   59.7662 Mbps     0 retrans     26 KB-cwnd
[2024-11-08T16:01:01.833905-0500]     1.1250 MB /   0.50 sec =   18.8755 Mbps     0 retrans     26 KB-cwnd
[2024-11-08T16:01:02.334264-0500]     2.1250 MB /   0.50 sec =   35.6247 Mbps     0 retrans     26 KB-cwnd
[2024-11-08T16:01:02.833887-0500]     2.8750 MB /   0.50 sec =   48.2674 Mbps     0 retrans     26 KB-cwnd
[2024-11-08T16:01:03.334115-0500]     1.1875 MB /   0.50 sec =   19.9232 Mbps     0 retrans     26 KB-cwnd
[2024-11-08T16:01:03.833900-0500]     4.8125 MB /   0.50 sec =   80.7362 Mbps     0 retrans     26 KB-cwnd
[2024-11-08T16:01:04.333773-0500]     2.8125 MB /   0.50 sec =   47.1901 Mbps     0 retrans     26 KB-cwnd
[2024-11-08T16:01:04.833886-0500]     2.0625 MB /   0.50 sec =   34.6004 Mbps     0 retrans     26 KB-cwnd
[2024-11-08T16:01:05.334147-0500]     3.6875 MB /   0.50 sec =   61.8683 Mbps     0 retrans     26 KB-cwnd
[2024-11-08T16:01:05.833961-0500]     2.3125 MB /   0.50 sec =   38.7923 Mbps     0 retrans     26 KB-cwnd
[2024-11-08T16:01:06.334122-0500]     6.4375 MB /   0.50 sec =  107.9591 Mbps     0 retrans     26 KB-cwnd
[2024-11-08T16:01:06.834046-0500]     0.0000 MB /   0.50 sec =    0.0000 Mbps     0 retrans     26 KB-cwnd
[2024-11-08T16:01:07.333823-0500]     3.1250 MB /   0.50 sec =   52.4293 Mbps     0 retrans     26 KB-cwnd
[2024-11-08T16:01:07.833732-0500]     0.9375 MB /   0.50 sec =   15.7302 Mbps     0 retrans     26 KB-cwnd
[2024-11-08T16:01:08.333917-0500]     3.8125 MB /   0.50 sec =   63.9544 Mbps     0 retrans     26 KB-cwnd
[2024-11-08T16:01:08.833992-0500]     2.9375 MB /   0.50 sec =   49.2724 Mbps     0 retrans     26 KB-cwnd
[2024-11-08T16:01:09.334253-0500]     4.4375 MB /   0.50 sec =   74.4105 Mbps     0 retrans     27 KB-cwnd
[2024-11-08T16:01:09.834089-0500]     1.0000 MB /   0.50 sec =   16.7894 Mbps     0 retrans     27 KB-cwnd
[2024-11-08T16:01:10.333943-0500]     0.0000 MB /   0.50 sec =    0.0000 Mbps     0 retrans     27 KB-cwnd
[2024-11-08T16:01:10.833882-0500]     3.5000 MB /   0.50 sec =   58.7288 Mbps     0 retrans     27 KB-cwnd
[2024-11-08T16:01:11.333899-0500]     3.3750 MB /   0.50 sec =   56.6298 Mbps     0 retrans     27 KB-cwnd
[2024-11-08T16:01:11.833992-0500]     0.9375 MB /   0.50 sec =   15.7261 Mbps     0 retrans     27 KB-cwnd
[2024-11-08T16:01:12.333964-0500]     0.0000 MB /   0.50 sec =    0.0000 Mbps     0 retrans     27 KB-cwnd
[2024-11-08T16:01:12.833917-0500]     1.3750 MB /   0.50 sec =   23.0670 Mbps     0 retrans     27 KB-cwnd
[2024-11-08T16:01:13.334356-0500]     0.8750 MB /   0.50 sec =   14.6807 Mbps     0 retrans     27 KB-cwnd
[2024-11-08T16:01:13.834387-0500]     1.9375 MB /   0.50 sec =   32.4997 Mbps     0 retrans     27 KB-cwnd
[2024-11-08T16:01:14.333838-0500]     1.1250 MB /   0.50 sec =   18.8791 Mbps     0 retrans     33 KB-cwnd
[2024-11-08T16:01:14.833762-0500]     0.0000 MB /   0.50 sec =    0.0000 Mbps     0 retrans     33 KB-cwnd
[2024-11-08T16:01:15.333970-0500]     0.0000 MB /   0.50 sec =    0.0000 Mbps     0 retrans     33 KB-cwnd
[2024-11-08T16:01:15.834045-0500]     1.1875 MB /   0.50 sec =   19.9218 Mbps     0 retrans     33 KB-cwnd
[2024-11-08T16:01:16.333894-0500]     1.3750 MB /   0.50 sec =   23.0697 Mbps     0 retrans     33 KB-cwnd
[2024-11-08T16:01:16.834079-0500]     0.5625 MB /   0.50 sec =    9.4349 Mbps     0 retrans     33 KB-cwnd
[2024-11-08T16:01:17.333780-0500]     2.4375 MB /   0.50 sec =   40.9050 Mbps     0 retrans     33 KB-cwnd
[2024-11-08T16:01:17.833890-0500]     1.6875 MB /   0.50 sec =   28.3102 Mbps     0 retrans     33 KB-cwnd
[2024-11-08T16:01:18.333870-0500]     2.5000 MB /   0.50 sec =   41.9423 Mbps     0 retrans     33 KB-cwnd
[2024-11-08T16:01:18.833889-0500]     2.1875 MB /   0.50 sec =   36.7015 Mbps     0 retrans     33 KB-cwnd
[2024-11-08T16:01:19.333987-0500]     3.5625 MB /   0.50 sec =   59.7697 Mbps     0 retrans     33 KB-cwnd
[2024-11-08T16:01:19.833873-0500]     2.0000 MB /   0.50 sec =   33.5540 Mbps     0 retrans     35 KB-cwnd
[2024-11-08T16:01:20.333841-0500]     3.6875 MB /   0.50 sec =   61.8694 Mbps     0 retrans     35 KB-cwnd
[2024-11-08T16:01:20.833778-0500]     1.8750 MB /   0.50 sec =   31.4566 Mbps     0 retrans     35 KB-cwnd
[2024-11-08T16:01:21.334229-0500]     0.6875 MB /   0.50 sec =   11.5272 Mbps     0 retrans     35 KB-cwnd
[2024-11-08T16:01:21.833760-0500]     2.5625 MB /   0.50 sec =   43.0193 Mbps     0 retrans     35 KB-cwnd
[2024-11-08T16:01:22.334213-0500]     1.0000 MB /   0.50 sec =   16.7676 Mbps     0 retrans     35 KB-cwnd
[2024-11-08T16:01:22.834036-0500]     4.4375 MB /   0.50 sec =   74.4653 Mbps     0 retrans     35 KB-cwnd
[2024-11-08T16:01:23.334293-0500]     3.2500 MB /   0.50 sec =   54.4977 Mbps     0 retrans     35 KB-cwnd
[2024-11-08T16:01:23.833918-0500]     3.2500 MB /   0.50 sec =   54.5664 Mbps     0 retrans     35 KB-cwnd
[2024-11-08T16:01:24.333773-0500]     3.8750 MB /   0.50 sec =   65.0215 Mbps     0 retrans     35 KB-cwnd
[2024-11-08T16:01:24.833880-0500]     3.8750 MB /   0.50 sec =   65.0060 Mbps     0 retrans     35 KB-cwnd
[2024-11-08T16:01:25.333908-0500]     3.4375 MB /   0.50 sec =   57.6695 Mbps   431 retrans   2091 KB-cwnd
[2024-11-08T16:01:25.834361-0500]     2.5000 MB /   0.50 sec =   41.9443 Mbps     0 retrans   2091 KB-cwnd
[2024-11-08T16:01:26.333767-0500]     1.8750 MB /   0.50 sec =   31.4603 Mbps     0 retrans   2091 KB-cwnd
[2024-11-08T16:01:26.833765-0500]     5.3750 MB /   0.50 sec =   90.1766 Mbps     0 retrans   2091 KB-cwnd
[2024-11-08T16:01:27.333839-0500]     2.6250 MB /   0.50 sec =   44.0387 Mbps     0 retrans   2091 KB-cwnd
[2024-11-08T16:01:27.833904-0500]     2.5000 MB /   0.50 sec =   41.9397 Mbps     0 retrans   2091 KB-cwnd
[2024-11-08T16:01:28.333847-0500]     6.1875 MB /   0.50 sec =  103.8173 Mbps     0 retrans   2091 KB-cwnd
[2024-11-08T16:01:28.834100-0500]     3.0000 MB /   0.50 sec =   50.3287 Mbps     0 retrans   2091 KB-cwnd
[2024-11-08T16:01:29.333788-0500]     8.5625 MB /   0.50 sec =  143.6670 Mbps     0 retrans   2091 KB-cwnd
[2024-11-08T16:01:29.833979-0500]     4.7500 MB /   0.50 sec =   79.6835 Mbps     0 retrans   2091 KB-cwnd
[2024-11-08T16:01:30.333918-0500]     4.1250 MB /   0.50 sec =   69.2041 Mbps     0 retrans   2091 KB-cwnd
[2024-11-08T16:01:30.833943-0500]     5.2500 MB /   0.50 sec =   88.0788 Mbps     0 retrans   2091 KB-cwnd
[2024-11-08T16:01:31.333893-0500]     7.1250 MB /   0.50 sec =  119.5475 Mbps     0 retrans   2091 KB-cwnd
[2024-11-08T16:01:31.833862-0500]     8.7500 MB /   0.50 sec =  146.8018 Mbps     0 retrans   2091 KB-cwnd
[2024-11-08T16:01:32.334195-0500]     8.7500 MB /   0.50 sec =  146.7065 Mbps     0 retrans   2091 KB-cwnd
[2024-11-08T16:01:32.833755-0500]    11.1250 MB /   0.50 sec =  186.7818 Mbps     0 retrans   2091 KB-cwnd
[2024-11-08T16:01:33.333953-0500]    12.0000 MB /   0.50 sec =  201.3226 Mbps     0 retrans   2091 KB-cwnd
[2024-11-08T16:01:33.833891-0500]    10.0625 MB /   0.50 sec =  168.8062 Mbps     0 retrans   2091 KB-cwnd
[2024-11-08T16:01:34.334285-0500]    12.3125 MB /   0.50 sec =  206.4159 Mbps     0 retrans   2091 KB-cwnd
[2024-11-08T16:01:34.833935-0500]    11.8125 MB /   0.50 sec =  198.3157 Mbps     0 retrans   2091 KB-cwnd
[2024-11-08T16:01:35.333895-0500]    14.9375 MB /   0.50 sec =  250.6407 Mbps   761 retrans   3188 KB-cwnd
[2024-11-08T16:01:35.834243-0500]     0.0000 MB /   0.50 sec =    0.0000 Mbps     0 retrans   3188 KB-cwnd
[2024-11-08T16:01:36.333978-0500]     9.6250 MB /   0.50 sec =  161.6013 Mbps     0 retrans   3188 KB-cwnd
[2024-11-08T16:01:36.833828-0500]    16.3750 MB /   0.50 sec =  274.7280 Mbps     0 retrans   3188 KB-cwnd
[2024-11-08T16:01:37.333886-0500]    11.6875 MB /   0.50 sec =  196.0865 Mbps     0 retrans   3188 KB-cwnd
[2024-11-08T16:01:37.833777-0500]    10.5000 MB /   0.50 sec =  176.1622 Mbps     0 retrans   3188 KB-cwnd
[2024-11-08T16:01:38.333889-0500]     7.0000 MB /   0.50 sec =  117.4337 Mbps     0 retrans   3188 KB-cwnd
[2024-11-08T16:01:38.833844-0500]     9.6875 MB /   0.50 sec =  162.5283 Mbps     0 retrans   3188 KB-cwnd
[2024-11-08T16:01:39.333934-0500]     6.4375 MB /   0.50 sec =  107.9742 Mbps     0 retrans   3188 KB-cwnd
[2024-11-08T16:01:39.834012-0500]    17.5625 MB /   0.50 sec =  294.7300 Mbps     0 retrans   3188 KB-cwnd
[2024-11-08T16:01:40.333789-0500]    20.3125 MB /   0.50 sec =  340.8015 Mbps     0 retrans   3188 KB-cwnd
[2024-11-08T16:01:40.833888-0500]    17.3750 MB /   0.50 sec =  291.4931 Mbps     0 retrans   3188 KB-cwnd
[2024-11-08T16:01:41.333835-0500]    21.6250 MB /   0.50 sec =  362.8240 Mbps  1173 retrans   1555 KB-cwnd
[2024-11-08T16:01:41.833914-0500]    14.4375 MB /   0.50 sec =  242.1920 Mbps     0 retrans   1555 KB-cwnd
[2024-11-08T16:01:42.333922-0500]    10.5625 MB /   0.50 sec =  177.2118 Mbps     0 retrans   1555 KB-cwnd
[2024-11-08T16:01:42.833889-0500]     8.6250 MB /   0.50 sec =  144.6855 Mbps     0 retrans   1555 KB-cwnd
[2024-11-08T16:01:43.333908-0500]    20.6250 MB /   0.50 sec =  346.0785 Mbps     0 retrans   1555 KB-cwnd
[2024-11-08T16:01:43.833935-0500]     9.0625 MB /   0.50 sec =  152.0517 Mbps     0 retrans   1555 KB-cwnd
[2024-11-08T16:01:44.333907-0500]    18.0000 MB /   0.50 sec =  301.9851 Mbps     0 retrans   1555 KB-cwnd
[2024-11-08T16:01:44.833957-0500]     4.1250 MB /   0.50 sec =   69.1987 Mbps     0 retrans   1555 KB-cwnd
[2024-11-08T16:01:45.333909-0500]    24.0000 MB /   0.50 sec =  402.6822 Mbps     0 retrans   1555 KB-cwnd
[2024-11-08T16:01:45.833962-0500]    10.3750 MB /   0.50 sec =  174.0507 Mbps     0 retrans   1555 KB-cwnd
[2024-11-08T16:01:46.333767-0500]    18.0625 MB /   0.50 sec =  303.0973 Mbps    72 retrans   5316 KB-cwnd
[2024-11-08T16:01:46.833872-0500]    15.3750 MB /   0.50 sec =  257.9244 Mbps     0 retrans   5316 KB-cwnd
[2024-11-08T16:01:47.333897-0500]    10.3750 MB /   0.50 sec =  174.0744 Mbps     0 retrans   5317 KB-cwnd
[2024-11-08T16:01:47.833880-0500]    16.5000 MB /   0.50 sec =  276.8141 Mbps     0 retrans   5317 KB-cwnd
[2024-11-08T16:01:48.334017-0500]     9.0625 MB /   0.50 sec =  151.9818 Mbps     0 retrans   5317 KB-cwnd
[2024-11-08T16:01:48.833811-0500]     9.6875 MB /   0.50 sec =  162.5946 Mbps     0 retrans   3652 KB-cwnd
[2024-11-08T16:01:49.334305-0500]    15.7500 MB /   0.50 sec =  264.0241 Mbps     1 retrans   3652 KB-cwnd
[2024-11-08T16:01:49.834609-0500]    10.4375 MB /   0.50 sec =  175.1283 Mbps     0 retrans   3652 KB-cwnd
[2024-11-08T16:01:50.334031-0500]    16.2500 MB /   0.50 sec =  272.8289 Mbps     0 retrans   3652 KB-cwnd
[2024-11-08T16:01:50.834278-0500]    15.0000 MB /   0.50 sec =  251.6421 Mbps     0 retrans   3652 KB-cwnd
[2024-11-08T16:01:51.334085-0500]     6.8125 MB /   0.50 sec =  114.2966 Mbps     0 retrans   3652 KB-cwnd
[2024-11-08T16:01:51.833903-0500]    14.2500 MB /   0.50 sec =  239.0725 Mbps  1815 retrans   9140 KB-cwnd
[2024-11-08T16:01:52.334400-0500]    13.0625 MB /   0.50 sec =  219.0092 Mbps     0 retrans   9140 KB-cwnd
[2024-11-08T16:01:52.833835-0500]     9.6250 MB /   0.50 sec =  161.5993 Mbps     0 retrans   9140 KB-cwnd
[2024-11-08T16:01:53.334301-0500]    15.6875 MB /   0.50 sec =  262.9822 Mbps     0 retrans   9140 KB-cwnd
[2024-11-08T16:01:53.834091-0500]    15.1250 MB /   0.50 sec =  253.9372 Mbps     0 retrans   9065 KB-cwnd
[2024-11-08T16:01:54.333929-0500]    18.2500 MB /   0.50 sec =  306.2032 Mbps     0 retrans   9065 KB-cwnd
[2024-11-08T16:01:54.834097-0500]    18.2500 MB /   0.50 sec =  306.1860 Mbps     0 retrans   9065 KB-cwnd
[2024-11-08T16:01:55.333858-0500]    18.3750 MB /   0.50 sec =  308.2758 Mbps     0 retrans   9065 KB-cwnd
[2024-11-08T16:01:55.833854-0500]    16.9375 MB /   0.50 sec =  284.1692 Mbps     0 retrans   9065 KB-cwnd
[2024-11-08T16:01:56.333945-0500]    19.3750 MB /   0.50 sec =  325.0625 Mbps    12 retrans   9380 KB-cwnd
[2024-11-08T16:01:56.833798-0500]    19.0000 MB /   0.50 sec =  318.7786 Mbps     0 retrans   9380 KB-cwnd
[2024-11-08T16:01:57.333792-0500]    20.4375 MB /   0.50 sec =  342.8754 Mbps     0 retrans   9380 KB-cwnd
[2024-11-08T16:01:57.833931-0500]    22.0625 MB /   0.50 sec =  370.1503 Mbps     0 retrans   9380 KB-cwnd
[2024-11-08T16:01:58.333926-0500]    28.0000 MB /   0.50 sec =  469.7263 Mbps     0 retrans   9380 KB-cwnd
[2024-11-08T16:01:58.833875-0500]    26.5625 MB /   0.50 sec =  445.6706 Mbps     0 retrans   9380 KB-cwnd
[2024-11-08T16:01:59.333776-0500]    37.6250 MB /   0.50 sec =  631.2857 Mbps    21 retrans   6103 KB-cwnd
[2024-11-08T16:01:59.833928-0500]    28.6250 MB /   0.50 sec =  480.1595 Mbps     0 retrans   6103 KB-cwnd
[2024-11-08T16:02:00.333817-0500]     0.0000 MB /   0.50 sec =    0.0000 Mbps     0 retrans   6103 KB-cwnd
[2024-11-08T16:02:00.833898-0500]     0.0000 MB /   0.50 sec =    0.0000 Mbps     0 retrans   6103 KB-cwnd
[2024-11-08T16:02:01.334051-0500]     0.0000 MB /   0.50 sec =    0.0000 Mbps     0 retrans   6103 KB-cwnd
[2024-11-08T16:02:01.833892-0500]     0.0000 MB /   0.50 sec =    0.0000 Mbps     0 retrans   6103 KB-cwnd
[2024-11-08T16:02:02.333875-0500]     0.0000 MB /   0.50 sec =    0.0000 Mbps     0 retrans   6103 KB-cwnd
[2024-11-08T16:02:02.833792-0500]     5.3125 MB /   0.50 sec =   89.1323 Mbps     0 retrans   6103 KB-cwnd
[2024-11-08T16:02:03.334328-0500]    26.0000 MB /   0.50 sec =  435.8014 Mbps     0 retrans   6103 KB-cwnd
End time: 1731099723791
