Start time: 1745177009034
Connecting to host 34.86.116.81, port 5207
Reverse mode, remote host 34.86.116.81 is sending
[  5] local 192.0.0.2 port 57868 connected to 34.86.116.81 port 5207
[ ID] Interval           Transfer     Bitrate
[  5]   0.00-0.10   sec  58.6 KBytes  4.80 Mbits/sec                  
[  5]   0.10-0.20   sec   176 KBytes  14.4 Mbits/sec                  
[  5]   0.20-0.30   sec   221 KBytes  18.1 Mbits/sec                  
[  5]   0.30-0.40   sec   244 KBytes  20.0 Mbits/sec                  
[  5]   0.40-0.50   sec   390 KBytes  32.0 Mbits/sec                  
[  5]   0.50-0.60   sec   417 KBytes  34.1 Mbits/sec                  
[  5]   0.60-0.70   sec   782 KBytes  64.1 Mbits/sec                  
[  5]   0.70-0.80   sec  1.04 MBytes  87.3 Mbits/sec                  
[  5]   0.80-0.90   sec  1.09 MBytes  91.2 Mbits/sec                  
[  5]   0.90-1.00   sec  1.20 MBytes   101 Mbits/sec                  
[  5]   1.00-1.10   sec  1.05 MBytes  87.7 Mbits/sec                  
[  5]   1.10-1.20   sec  1.45 MBytes   122 Mbits/sec                  
[  5]   1.20-1.30   sec  0.00 Bytes  0.00 bits/sec                  
[  5]   1.30-1.40   sec  0.00 Bytes  0.00 bits/sec                  
[  5]   1.40-1.50   sec  0.00 Bytes  0.00 bits/sec                  
[  5]   1.50-1.60   sec  1.63 MBytes   137 Mbits/sec                  
[  5]   1.60-1.70   sec  0.00 Bytes  0.00 bits/sec                  
[  5]   1.70-1.80   sec  1.63 MBytes   137 Mbits/sec                  
[  5]   1.80-1.90   sec  1.65 MBytes   138 Mbits/sec                  
[  5]   1.90-2.00   sec   602 KBytes  49.3 Mbits/sec                  
[  5]   2.00-2.10   sec  1.58 MBytes   133 Mbits/sec                  
[  5]   2.10-2.20   sec  1.91 MBytes   161 Mbits/sec                  
[  5]   2.20-2.30   sec  1.34 MBytes   112 Mbits/sec                  
[  5]   2.30-2.40   sec  1.91 MBytes   160 Mbits/sec                  
[  5]   2.40-2.50   sec  1.99 MBytes   167 Mbits/sec                  
[  5]   2.50-2.60   sec  1.94 MBytes   163 Mbits/sec                  
[  5]   2.60-2.70   sec  1.45 MBytes   122 Mbits/sec                  
[  5]   2.70-2.80   sec  1.67 MBytes   140 Mbits/sec                  
[  5]   2.80-2.90   sec  1.60 MBytes   134 Mbits/sec                  
[  5]   2.90-3.01   sec  2.06 MBytes   160 Mbits/sec                  
[  5]   3.01-3.10   sec  1.68 MBytes   153 Mbits/sec                  
[  5]   3.10-3.20   sec  2.02 MBytes   170 Mbits/sec                  
[  5]   3.20-3.30   sec  1.71 MBytes   143 Mbits/sec                  
[  5]   3.30-3.40   sec  1.70 MBytes   143 Mbits/sec                  
[  5]   3.40-3.50   sec  1.87 MBytes   157 Mbits/sec                  
[  5]   3.50-3.60   sec  1.89 MBytes   159 Mbits/sec                  
[  5]   3.60-3.70   sec  1.73 MBytes   145 Mbits/sec                  
[  5]   3.70-3.80   sec  1.55 MBytes   130 Mbits/sec                  
[  5]   3.80-3.90   sec  1.49 MBytes   125 Mbits/sec                  
[  5]   3.90-4.00   sec  1.75 MBytes   146 Mbits/sec                  
[  5]   4.00-4.10   sec  1.63 MBytes   137 Mbits/sec                  
[  5]   4.10-4.20   sec  1.73 MBytes   145 Mbits/sec                  
[  5]   4.20-4.30   sec  1.69 MBytes   142 Mbits/sec                  
[  5]   4.30-4.40   sec  1.69 MBytes   141 Mbits/sec                  
[  5]   4.40-4.50   sec  1.57 MBytes   132 Mbits/sec                  
[  5]   4.50-4.60   sec  1.53 MBytes   129 Mbits/sec                  
[  5]   4.60-4.70   sec  1.86 MBytes   156 Mbits/sec                  
[  5]   4.70-4.80   sec  1.58 MBytes   133 Mbits/sec                  
[  5]   4.80-4.90   sec  2.54 MBytes   213 Mbits/sec                  
[  5]   4.90-5.00   sec  1.90 MBytes   159 Mbits/sec                  
- - - - - - - - - - - - - - - - - - - - - - - - -
[ ID] Interval           Transfer     Bitrate         Retr
[  5]   0.00-5.04   sec   345 MBytes   574 Mbits/sec    0             sender
[  5]   0.00-5.00   sec  66.1 MBytes   111 Mbits/sec                  receiver

iperf Done.
End time: 1745177014637
