Start time: 1730761830196
[2024-11-04T17:10:35.261438-0600] traceroute to 54.176.53.206 (54.176.53.206), 30 hops max, 60 byte packets
[2024-11-04T17:10:35.262203-0600]  1  * * *
[2024-11-04T17:10:35.262247-0600]  2  * * *
[2024-11-04T17:10:35.262276-0600]  3  * * *
[2024-11-04T17:10:35.262303-0600]  4  * * *
[2024-11-04T17:10:35.262329-0600]  5  * * *
[2024-11-04T17:10:40.268902-0600]  6  * * *
[2024-11-04T17:10:40.269119-0600]  7  * * *
[2024-11-04T17:10:40.269155-0600]  8  * * *
[2024-11-04T17:10:40.269183-0600]  9  * * *
[2024-11-04T17:10:40.269212-0600] 10  * * *
[2024-11-04T17:10:45.276637-0600] 11  * * *
[2024-11-04T17:10:45.277066-0600] 12  * * *
[2024-11-04T17:10:45.277199-0600] 13  * * *
[2024-11-04T17:10:45.277309-0600] 14  * * *
[2024-11-04T17:10:45.277412-0600] 15  * * *
[2024-11-04T17:10:50.282155-0600] 16  * * *
[2024-11-04T17:10:50.282283-0600] 17  * * *
[2024-11-04T17:10:50.286221-0600] 18  * * *
[2024-11-04T17:10:50.289233-0600] 19  * * *
[2024-11-04T17:10:50.293354-0600] 20  * * *
[2024-11-04T17:10:50.296421-0600] 21  * * *
[2024-11-04T17:10:55.286647-0600] 22  * * *
[2024-11-04T17:10:55.287075-0600] 23  * * *
[2024-11-04T17:10:55.293344-0600] 24  * * *
[2024-11-04T17:10:55.293615-0600] 25  * * *
[2024-11-04T17:10:55.297107-0600] 26  * * *
[2024-11-04T17:11:00.248985-0600] 27  * *End time: 1730761860287
