Start time: 1745264482401
Connecting to host 34.86.116.81, port 5209
Reverse mode, remote host 34.86.116.81 is sending
[  5] local 192.0.0.2 port 45994 connected to 34.86.116.81 port 5209
[ ID] Interval           Transfer     Bitrate
[  5]   0.00-0.10   sec  20.0 KBytes  1.63 Mbits/sec                  
[  5]   0.10-0.20   sec  0.00 Bytes  0.00 bits/sec                  
[  5]   0.20-0.30   sec  0.00 Bytes  0.00 bits/sec                  
[  5]   0.30-0.40   sec  0.00 Bytes  0.00 bits/sec                  
[  5]   0.40-0.50   sec  1.33 KBytes   109 Kbits/sec                  
[  5]   0.50-0.60   sec  2.66 KBytes   218 Kbits/sec                  
[  5]   0.60-0.70   sec  1.33 KBytes   109 Kbits/sec                  
[  5]   0.70-0.80   sec  0.00 Bytes  0.00 bits/sec                  
[  5]   0.80-0.90   sec  2.66 KBytes   218 Kbits/sec                  
[  5]   0.90-1.00   sec  1.33 KBytes   109 Kbits/sec                  
[  5]   1.00-1.10   sec  0.00 Bytes  0.00 bits/sec                  
[  5]   1.10-1.20   sec  0.00 Bytes  0.00 bits/sec                  
[  5]   1.20-1.30   sec  0.00 Bytes  0.00 bits/sec                  
[  5]   1.30-1.40   sec  1.33 KBytes   109 Kbits/sec                  
[  5]   1.40-1.50   sec  0.00 Bytes  0.00 bits/sec                  
[  5]   1.50-1.60   sec  0.00 Bytes  0.00 bits/sec                  
[  5]   1.60-1.70   sec  0.00 Bytes  0.00 bits/sec                  
[  5]   1.70-1.80   sec  0.00 Bytes  0.00 bits/sec                  
[  5]   1.80-1.90   sec  0.00 Bytes  0.00 bits/sec                  
[  5]   1.90-2.00   sec  0.00 Bytes  0.00 bits/sec                  
[  5]   2.00-2.10   sec  0.00 Bytes  0.00 bits/sec                  
[  5]   2.10-2.20   sec  0.00 Bytes  0.00 bits/sec                  
[  5]   2.20-2.30   sec  0.00 Bytes  0.00 bits/sec                  
[  5]   2.30-2.40   sec  0.00 Bytes  0.00 bits/sec                  
[  5]   2.40-2.50   sec  0.00 Bytes  0.00 bits/sec                  
[  5]   2.50-2.60   sec  0.00 Bytes  0.00 bits/sec                  
[  5]   2.60-2.70   sec  0.00 Bytes  0.00 bits/sec                  
[  5]   2.70-2.80   sec  0.00 Bytes  0.00 bits/sec                  
[  5]   2.80-2.90   sec  0.00 Bytes  0.00 bits/sec                  
[  5]   2.90-3.00   sec  0.00 Bytes  0.00 bits/sec                  
[  5]   3.00-3.10   sec  0.00 Bytes  0.00 bits/sec                  
[  5]   3.10-3.20   sec  0.00 Bytes  0.00 bits/sec                  
[  5]   3.20-3.30   sec  0.00 Bytes  0.00 bits/sec                  
[  5]   3.30-3.40   sec  0.00 Bytes  0.00 bits/sec                  
[  5]   3.40-3.50   sec  0.00 Bytes  0.00 bits/sec                  
[  5]   3.50-3.60   sec  0.00 Bytes  0.00 bits/sec                  
[  5]   3.60-3.70   sec  0.00 Bytes  0.00 bits/sec                  
[  5]   3.70-3.80   sec  0.00 Bytes  0.00 bits/sec                  
[  5]   3.80-3.90   sec  0.00 Bytes  0.00 bits/sec                  
[  5]   3.90-4.00   sec  1.33 KBytes   108 Kbits/sec                  
[  5]   4.00-4.10   sec  0.00 Bytes  0.00 bits/sec                  
[  5]   4.10-4.20   sec  1.33 KBytes   109 Kbits/sec                  
[  5]   4.20-4.30   sec  1.33 KBytes   109 Kbits/sec                  
[  5]   4.30-4.40   sec  0.00 Bytes  0.00 bits/sec                  
[  5]   4.40-4.50   sec  0.00 Bytes  0.00 bits/sec                  
[  5]   4.50-4.60   sec  0.00 Bytes  0.00 bits/sec                  
[  5]   4.60-4.70   sec  0.00 Bytes  0.00 bits/sec                  
[  5]   4.70-4.80   sec  0.00 Bytes  0.00 bits/sec                  
[  5]   4.80-4.90   sec  0.00 Bytes  0.00 bits/sec                  
[  5]   4.90-5.00   sec  0.00 Bytes  0.00 bits/sec                  
- - - - - - - - - - - - - - - - - - - - - - - - -
[ ID] Interval           Transfer     Bitrate         Retr
[  5]   0.00-6.20   sec   276 MBytes   374 Mbits/sec    9             sender
[  5]   0.00-5.00   sec  34.6 KBytes  56.7 Kbits/sec                  receiver

iperf Done.
End time: 1745264500788
