Start time: 1730504048134
[2024-11-01T16:34:13.197855-0700] traceroute to 54.176.53.206 (54.176.53.206), 30 hops max, 60 byte packets
[2024-11-01T16:34:13.198709-0700]  1  * * *
[2024-11-01T16:34:13.198762-0700]  2  * * *
[2024-11-01T16:34:13.198801-0700]  3  * * *
[2024-11-01T16:34:13.205965-0700]  4  * * *
[2024-11-01T16:34:13.206083-0700]  5  * * *
[2024-11-01T16:34:18.205388-0700]  6  * * *
[2024-11-01T16:34:18.205748-0700]  7  * * *
[2024-11-01T16:34:18.205880-0700]  8  * * *
[2024-11-01T16:34:18.219225-0700]  9  * * *
[2024-11-01T16:34:18.219439-0700] 10  * * *
[2024-11-01T16:34:23.214628-0700] 11  * * *
[2024-11-01T16:34:23.223254-0700] 12  * * *
[2024-11-01T16:34:23.223557-0700] 13  * * *
[2024-11-01T16:34:23.223692-0700] 14  * * *
[2024-11-01T16:34:23.237364-0700] 15  * * *
[2024-11-01T16:34:28.224877-0700] 16  * * *
[2024-11-01T16:34:28.225331-0700] 17  * * *
[2024-11-01T16:34:28.232658-0700] 18  * * *
[2024-11-01T16:34:28.240839-0700] 19  * * *
[2024-11-01T16:34:28.241060-0700] 20  * * *
[2024-11-01T16:34:28.248239-0700] 21  * * *
[2024-11-01T16:34:33.234856-0700] 22  * * *
[2024-11-01T16:34:33.242847-0700] 23  * * *
[2024-11-01T16:34:33.243114-0700] 24  * * *
[2024-11-01T16:34:33.253422-0700] 25  * * *
[2024-11-01T16:34:33.253645-0700] 26  * * *
[2024-11-01T16:34:38.188398-0700] 27  * *End time: 1730504078259
