Start time: 1730592044620
[2024-11-02T18:00:49.709422-0600] traceroute to 54.176.53.206 (54.176.53.206), 30 hops max, 60 byte packets
[2024-11-02T18:00:49.710392-0600]  1  * * *
[2024-11-02T18:00:49.710456-0600]  2  * * *
[2024-11-02T18:00:49.710500-0600]  3  * * *
[2024-11-02T18:00:49.710540-0600]  4  * * *
[2024-11-02T18:00:49.710579-0600]  5  * * *
[2024-11-02T18:00:54.717557-0600]  6  * * *
[2024-11-02T18:00:54.717945-0600]  7  * * *
[2024-11-02T18:00:54.718050-0600]  8  * * *
[2024-11-02T18:00:54.725272-0600]  9  * * *
[2024-11-02T18:00:54.725470-0600] 10  * * *
[2024-11-02T18:00:59.725327-0600] 11  * * *
[2024-11-02T18:00:59.725726-0600] 12  * * *
[2024-11-02T18:00:59.725778-0600] 13  * * *
[2024-11-02T18:00:59.729966-0600] 14  * * *
[2024-11-02T18:00:59.730017-0600] 15  * * *
[2024-11-02T18:01:04.733904-0600] 16  * * *
[2024-11-02T18:01:04.734370-0600] 17  * * *
[2024-11-02T18:01:04.734427-0600] 18  * * *
[2024-11-02T18:01:04.734467-0600] 19  * * *
[2024-11-02T18:01:04.734502-0600] 20  * * *
[2024-11-02T18:01:04.734536-0600] 21  * * *
[2024-11-02T18:01:09.742070-0600] 22  * * *
[2024-11-02T18:01:09.742333-0600] 23  * * *
[2024-11-02T18:01:09.742373-0600] 24  * * *
[2024-11-02T18:01:09.746215-0600] 25  * * *
[2024-11-02T18:01:09.746283-0600] 26  * * *
[2024-11-02T18:01:14.694459-0600] 27  * *End time: 1730592074779
