Start time: 1730827115399
[2024-11-05T11:18:40.479739-0600] traceroute to 54.197.223.49 (54.197.223.49), 30 hops max, 60 byte packets
[2024-11-05T11:18:40.480492-0600]  1  * * *
[2024-11-05T11:18:40.480548-0600]  2  * * *
[2024-11-05T11:18:40.480584-0600]  3  * * *
[2024-11-05T11:18:40.480613-0600]  4  * * *
[2024-11-05T11:18:40.480641-0600]  5  * * *
[2024-11-05T11:18:45.486162-0600]  6  * * *
[2024-11-05T11:18:45.486384-0600]  7  * * *
[2024-11-05T11:18:45.486441-0600]  8  * * *
[2024-11-05T11:18:45.491744-0600]  9  * * *
[2024-11-05T11:18:45.491864-0600] 10  * * *
[2024-11-05T11:18:50.493294-0600] 11  * * *
[2024-11-05T11:18:50.493835-0600] 12  * * *
[2024-11-05T11:18:50.494005-0600] 13  * * *
[2024-11-05T11:18:50.494116-0600] 14  * * *
[2024-11-05T11:18:50.508527-0600] 15  * * *
[2024-11-05T11:18:55.502008-0600] 16  * * *
[2024-11-05T11:18:55.502567-0600] 17  * * *
[2024-11-05T11:18:55.511359-0600] 18  * * *
[2024-11-05T11:18:55.511695-0600] 19  * * *
[2024-11-05T11:18:55.511838-0600] 20  * * *
[2024-11-05T11:18:55.523219-0600] 21  * * *
[2024-11-05T11:19:00.510023-0600] 22  * * *
[2024-11-05T11:19:00.514257-0600] 23  * * *
[2024-11-05T11:19:00.518646-0600] 24  * * *
[2024-11-05T11:19:00.520811-0600] 25  * * *
[2024-11-05T11:19:00.525195-0600] 26  * * *
[2024-11-05T11:19:05.468128-0600] 27  * *End time: 1730827145542
