Start time: 1731008687581
[2024-11-07T14:44:52.695059-0500] traceroute to 54.197.223.49 (54.197.223.49), 30 hops max, 60 byte packets
[2024-11-07T14:44:52.695604-0500]  1  * * *
[2024-11-07T14:44:52.695645-0500]  2  * * *
[2024-11-07T14:44:52.695676-0500]  3  * * *
[2024-11-07T14:44:52.695706-0500]  4  * * *
[2024-11-07T14:44:52.702164-0500]  5  * * *
[2024-11-07T14:44:57.702355-0500]  6  * * *
[2024-11-07T14:44:57.702656-0500]  7  * * *
[2024-11-07T14:44:57.702737-0500]  8  * * *
[2024-11-07T14:44:57.702803-0500]  9  * * *
[2024-11-07T14:44:57.714121-0500] 10  * * *
[2024-11-07T14:45:02.709964-0500] 11  * * *
[2024-11-07T14:45:02.710373-0500] 12  * * *
[2024-11-07T14:45:02.710482-0500] 13  * * *
[2024-11-07T14:45:02.719871-0500] 14  * * *
[2024-11-07T14:45:02.720103-0500] 15  * * *
[2024-11-07T14:45:07.717947-0500] 16  * * *
[2024-11-07T14:45:07.718384-0500] 17  * * *
[2024-11-07T14:45:07.729411-0500] 18  * * *
[2024-11-07T14:45:07.729739-0500] 19  * * *
[2024-11-07T14:45:07.729872-0500] 20  * * *
[2024-11-07T14:45:07.729990-0500] 21  * * *
[2024-11-07T14:45:12.727037-0500] 22  * * *
[2024-11-07T14:45:12.735482-0500] 23  * * *
[2024-11-07T14:45:12.735690-0500] 24  * * *
[2024-11-07T14:45:12.744593-0500] 25  * * *
[2024-11-07T14:45:12.744672-0500] 26  * * *
[2024-11-07T14:45:17.684007-0500] 27  * *End time: 1731008717744
