Start time: 1730748347273
[2024-11-04T12:25:52.338535-0700] traceroute to 54.176.53.206 (54.176.53.206), 30 hops max, 60 byte packets
[2024-11-04T12:25:52.342471-0700]  1  * * *
[2024-11-04T12:25:52.342531-0700]  2  * * *
[2024-11-04T12:25:52.342565-0700]  3  * * *
[2024-11-04T12:25:52.342596-0700]  4  * * *
[2024-11-04T12:25:52.342627-0700]  5  * * *
[2024-11-04T12:25:57.342916-0700]  6  * * *
[2024-11-04T12:25:57.343135-0700]  7  * * *
[2024-11-04T12:25:57.346899-0700]  8  * * *
[2024-11-04T12:25:57.346943-0700]  9  * * *
[2024-11-04T12:25:57.346974-0700] 10  * * *
[2024-11-04T12:26:02.351818-0700] 11  * * *
[2024-11-04T12:26:02.352159-0700] 12  * * *
[2024-11-04T12:26:02.352233-0700] 13  * * *
[2024-11-04T12:26:02.352283-0700] 14  * * *
[2024-11-04T12:26:02.352311-0700] 15  * * *
[2024-11-04T12:26:07.359807-0700] 16  * * *
[2024-11-04T12:26:07.360268-0700] 17  * * *
[2024-11-04T12:26:07.360410-0700] 18  * * *
[2024-11-04T12:26:07.360523-0700] 19  * * *
[2024-11-04T12:26:07.360629-0700] 20  * * *
[2024-11-04T12:26:07.379184-0700] 21  * * *
[2024-11-04T12:26:12.369466-0700] 22  * * *
[2024-11-04T12:26:12.369920-0700] 23  * * *
[2024-11-04T12:26:12.373614-0700] 24  * * *
[2024-11-04T12:26:12.376542-0700] 25  * * *
[2024-11-04T12:26:12.380796-0700] 26  * * *
[2024-11-04T12:26:17.329663-0700] 27  * *End time: 1730748377394
