Start time: 1745100237448
Connecting to host 34.86.116.81, port 5209
Reverse mode, remote host 34.86.116.81 is sending
[  5] local 192.0.0.2 port 37032 connected to 34.86.116.81 port 5209
[ ID] Interval           Transfer     Bitrate
[  5]   0.00-0.10   sec  74.6 KBytes  6.11 Mbits/sec                  
[  5]   0.10-0.20   sec   324 KBytes  26.5 Mbits/sec                  
[  5]   0.20-0.30   sec   968 KBytes  79.3 Mbits/sec                  
[  5]   0.30-0.40   sec  1.82 MBytes   153 Mbits/sec                  
[  5]   0.40-0.50   sec  1.80 MBytes   151 Mbits/sec                  
[  5]   0.50-0.60   sec  1.79 MBytes   150 Mbits/sec                  
[  5]   0.60-0.70   sec   722 KBytes  59.1 Mbits/sec                  
[  5]   0.70-0.80   sec  1.86 MBytes   156 Mbits/sec                  
[  5]   0.80-0.90   sec  1.60 MBytes   134 Mbits/sec                  
[  5]   0.90-1.00   sec  1.07 MBytes  89.7 Mbits/sec                  
[  5]   1.00-1.10   sec  1.46 MBytes   122 Mbits/sec                  
[  5]   1.10-1.20   sec  1.80 MBytes   151 Mbits/sec                  
[  5]   1.20-1.30   sec  1.92 MBytes   161 Mbits/sec                  
[  5]   1.30-1.40   sec  1.51 MBytes   126 Mbits/sec                  
[  5]   1.40-1.50   sec  1.84 MBytes   154 Mbits/sec                  
[  5]   1.50-1.60   sec  1.72 MBytes   145 Mbits/sec                  
[  5]   1.60-1.70   sec  1.67 MBytes   140 Mbits/sec                  
[  5]   1.70-1.80   sec  1.42 MBytes   119 Mbits/sec                  
[  5]   1.80-1.90   sec  1.67 MBytes   139 Mbits/sec                  
[  5]   1.90-2.00   sec  1.15 MBytes  96.6 Mbits/sec                  
[  5]   2.00-2.10   sec  1.62 MBytes   136 Mbits/sec                  
[  5]   2.10-2.20   sec  1.56 MBytes   131 Mbits/sec                  
[  5]   2.20-2.30   sec  1.44 MBytes   121 Mbits/sec                  
[  5]   2.30-2.40   sec  1.51 MBytes   127 Mbits/sec                  
[  5]   2.40-2.50   sec  2.11 MBytes   177 Mbits/sec                  
[  5]   2.50-2.60   sec  1.87 MBytes   157 Mbits/sec                  
[  5]   2.60-2.70   sec  1.87 MBytes   157 Mbits/sec                  
[  5]   2.70-2.80   sec  1.81 MBytes   152 Mbits/sec                  
[  5]   2.80-2.90   sec  1.33 MBytes   111 Mbits/sec                  
[  5]   2.90-3.00   sec  1.79 MBytes   151 Mbits/sec                  
[  5]   3.00-3.10   sec  1.06 MBytes  89.2 Mbits/sec                  
[  5]   3.10-3.20   sec  1.37 MBytes   115 Mbits/sec                  
[  5]   3.20-3.30   sec  1.42 MBytes   119 Mbits/sec                  
[  5]   3.30-3.40   sec  1.54 MBytes   129 Mbits/sec                  
[  5]   3.40-3.50   sec  1.27 MBytes   106 Mbits/sec                  
[  5]   3.50-3.60   sec  1.12 MBytes  93.6 Mbits/sec                  
[  5]   3.60-3.70   sec  1.74 MBytes   146 Mbits/sec                  
[  5]   3.70-3.80   sec  1.13 MBytes  94.7 Mbits/sec                  
[  5]   3.80-3.90   sec  1.24 MBytes   104 Mbits/sec                  
[  5]   3.90-4.00   sec  1.40 MBytes   118 Mbits/sec                  
[  5]   4.00-4.10   sec  1.29 MBytes   108 Mbits/sec                  
[  5]   4.10-4.20   sec  1.28 MBytes   108 Mbits/sec                  
[  5]   4.20-4.30   sec   746 KBytes  61.1 Mbits/sec                  
[  5]   4.30-4.40   sec  1.68 MBytes   141 Mbits/sec                  
[  5]   4.40-4.50   sec  1.26 MBytes   105 Mbits/sec                  
[  5]   4.50-4.60   sec  1.71 MBytes   143 Mbits/sec                  
[  5]   4.60-4.70   sec  1.12 MBytes  93.7 Mbits/sec                  
[  5]   4.70-4.80   sec  1.48 MBytes   124 Mbits/sec                  
[  5]   4.80-4.90   sec  1.68 MBytes   141 Mbits/sec                  
[  5]   4.90-5.00   sec  1.76 MBytes   147 Mbits/sec                  
- - - - - - - - - - - - - - - - - - - - - - - - -
[ ID] Interval           Transfer     Bitrate         Retr
[  5]   0.00-5.04   sec   351 MBytes   585 Mbits/sec    0             sender
[  5]   0.00-5.00   sec  72.3 MBytes   121 Mbits/sec                  receiver

iperf Done.
End time: 1745100243038
