Start time: 1730764855995
[2024-11-04T18:00:56.944543-0600] nuttcp-r: v8.1.4: socket
[2024-11-04T18:00:56.946084-0600] nuttcp-r: buflen=65536, nstream=1, port=5379 tcp
[2024-11-04T18:00:56.946243-0600] nuttcp-r: interval reporting every 0.50 seconds
[2024-11-04T18:00:56.946369-0600] nuttcp-r: connect to 54.176.53.206 with RTT=79.790 ms af=inet
[2024-11-04T18:00:56.946483-0600] nuttcp-r: send window size = 2097152, receive window size = 6291456
[2024-11-04T18:00:56.946592-0600] nuttcp-r: available send window = 1572864, available receive window = 4718592
[2024-11-04T18:00:56.946700-0600]     0.3125 MB /   0.50 sec =    5.2409 Mbps     0 retrans
[2024-11-04T18:00:57.444348-0600]     1.9375 MB /   0.50 sec =   32.5156 Mbps     0 retrans
[2024-11-04T18:00:57.944362-0600]     0.1875 MB /   0.50 sec =    3.1456 Mbps     0 retrans
[2024-11-04T18:00:58.444367-0600]    11.0000 MB /   0.50 sec =  184.5472 Mbps     0 retrans
[2024-11-04T18:00:58.944272-0600]    11.0000 MB /   0.50 sec =  184.5531 Mbps     0 retrans
[2024-11-04T18:00:59.444387-0600]     6.6250 MB /   0.50 sec =  111.1455 Mbps     0 retrans
[2024-11-04T18:00:59.944116-0600]     3.5000 MB /   0.50 sec =   58.7285 Mbps     0 retrans
[2024-11-04T18:01:00.444354-0600]     7.8750 MB /   0.50 sec =  132.0947 Mbps     0 retrans
[2024-11-04T18:01:00.944272-0600]    10.5000 MB /   0.50 sec =  176.1639 Mbps     0 retrans
[2024-11-04T18:01:01.444168-0600]    10.5625 MB /   0.50 sec =  177.2395 Mbps     0 retrans
[2024-11-04T18:01:01.944240-0600]    15.2500 MB /   0.50 sec =  255.8326 Mbps     0 retrans
[2024-11-04T18:01:02.444218-0600]    15.8125 MB /   0.50 sec =  265.2982 Mbps     0 retrans
[2024-11-04T18:01:02.944267-0600]    16.8125 MB /   0.50 sec =  282.0574 Mbps     0 retrans
[2024-11-04T18:01:03.444234-0600]    19.3750 MB /   0.50 sec =  325.0657 Mbps     0 retrans
[2024-11-04T18:01:03.944233-0600]    20.9375 MB /   0.50 sec =  351.2933 Mbps     0 retrans
[2024-11-04T18:01:04.444242-0600]    24.5000 MB /   0.50 sec =  411.0097 Mbps     0 retrans
[2024-11-04T18:01:04.944227-0600]    25.1875 MB /   0.50 sec =  422.5854 Mbps     0 retrans
[2024-11-04T18:01:05.444371-0600]    24.3125 MB /   0.50 sec =  407.8308 Mbps     0 retrans
[2024-11-04T18:01:05.944231-0600]    26.8125 MB /   0.50 sec =  449.8994 Mbps     0 retrans
[2024-11-04T18:01:06.444242-0600]    19.8125 MB /   0.50 sec =  332.3926 Mbps     0 retrans
[2024-11-04T18:01:06.944255-0600]    23.7500 MB /   0.50 sec =  398.4549 Mbps     0 retrans
[2024-11-04T18:01:07.444529-0600]    15.5625 MB /   0.50 sec =  261.0317 Mbps     0 retrans
[2024-11-04T18:01:07.944243-0600]    12.6250 MB /   0.50 sec =  211.8670 Mbps     0 retrans
[2024-11-04T18:01:08.444264-0600]    16.6250 MB /   0.50 sec =  278.9173 Mbps     0 retrans
[2024-11-04T18:01:08.944205-0600]    17.7500 MB /   0.50 sec =  297.8146 Mbps     0 retrans
[2024-11-04T18:01:09.444096-0600]    18.8125 MB /   0.50 sec =  315.6416 Mbps     0 retrans
[2024-11-04T18:01:09.944434-0600]    17.0625 MB /   0.50 sec =  286.1943 Mbps     0 retrans
[2024-11-04T18:01:10.444198-0600]    19.6250 MB /   0.50 sec =  329.3108 Mbps     0 retrans
[2024-11-04T18:01:10.944265-0600]    17.1250 MB /   0.50 sec =  287.2719 Mbps     0 retrans
[2024-11-04T18:01:11.444474-0600]    13.3125 MB /   0.50 sec =  223.3436 Mbps     0 retrans
[2024-11-04T18:01:11.944195-0600]    14.7500 MB /   0.50 sec =  247.4986 Mbps     0 retrans
[2024-11-04T18:01:12.444188-0600]    15.0000 MB /   0.50 sec =  251.6582 Mbps     0 retrans
[2024-11-04T18:01:12.944354-0600]    13.6875 MB /   0.50 sec =  229.6051 Mbps     0 retrans
[2024-11-04T18:01:13.444269-0600]    12.9375 MB /   0.50 sec =  217.0565 Mbps     0 retrans
[2024-11-04T18:01:13.944106-0600]    13.3750 MB /   0.50 sec =  224.4388 Mbps     0 retrans
[2024-11-04T18:01:14.444231-0600]    15.2500 MB /   0.50 sec =  255.8300 Mbps     0 retrans
[2024-11-04T18:01:14.944163-0600]    16.6875 MB /   0.50 sec =  279.9698 Mbps     0 retrans
[2024-11-04T18:01:15.444244-0600]    14.6875 MB /   0.50 sec =  246.4144 Mbps     0 retrans
[2024-11-04T18:01:15.944209-0600]    18.7500 MB /   0.50 sec =  314.5822 Mbps     0 retrans
[2024-11-04T18:01:16.444273-0600]    16.1875 MB /   0.50 sec =  271.5486 Mbps     0 retrans
[2024-11-04T18:01:16.944196-0600]    22.1250 MB /   0.50 sec =  371.2419 Mbps     0 retrans
[2024-11-04T18:01:17.444204-0600]    21.7500 MB /   0.50 sec =  364.9322 Mbps     0 retrans
[2024-11-04T18:01:17.944219-0600]    23.9375 MB /   0.50 sec =  401.5645 Mbps     0 retrans
[2024-11-04T18:01:18.444248-0600]    24.5000 MB /   0.50 sec =  411.0360 Mbps     0 retrans
[2024-11-04T18:01:18.944213-0600]    16.4375 MB /   0.50 sec =  275.7490 Mbps     0 retrans
[2024-11-04T18:01:19.444239-0600]    22.1875 MB /   0.50 sec =  372.2810 Mbps     0 retrans
[2024-11-04T18:01:19.944212-0600]    25.6250 MB /   0.50 sec =  429.9222 Mbps     0 retrans
[2024-11-04T18:01:20.444105-0600]    22.7500 MB /   0.50 sec =  381.7198 Mbps     0 retrans
[2024-11-04T18:01:20.944264-0600]    21.1875 MB /   0.50 sec =  355.3962 Mbps     0 retrans
[2024-11-04T18:01:21.444185-0600]    17.3125 MB /   0.50 sec =  290.4939 Mbps     0 retrans
[2024-11-04T18:01:21.944213-0600]    13.8750 MB /   0.50 sec =  232.7853 Mbps     0 retrans
[2024-11-04T18:01:22.444210-0600]    17.1875 MB /   0.50 sec =  288.3451 Mbps     0 retrans
[2024-11-04T18:01:22.944232-0600]    18.7500 MB /   0.50 sec =  314.5728 Mbps     0 retrans
[2024-11-04T18:01:23.444216-0600]    21.4375 MB /   0.50 sec =  359.6695 Mbps     0 retrans
[2024-11-04T18:01:23.944337-0600]    19.1250 MB /   0.50 sec =  320.8713 Mbps     0 retrans
[2024-11-04T18:01:24.444231-0600]    25.3750 MB /   0.50 sec =  425.7133 Mbps     0 retrans
[2024-11-04T18:01:24.944251-0600]    27.9375 MB /   0.50 sec =  468.7013 Mbps     0 retrans
[2024-11-04T18:01:25.444188-0600]    30.3750 MB /   0.50 sec =  509.6263 Mbps     0 retrans
[2024-11-04T18:01:25.944349-0600]    22.6875 MB /   0.50 sec =  380.5600 Mbps     0 retrans
[2024-11-04T18:01:26.444198-0600]    28.3750 MB /   0.50 sec =  476.1478 Mbps     0 retrans
[2024-11-04T18:01:26.944188-0600]    18.1250 MB /   0.50 sec =  304.0889 Mbps     0 retrans
[2024-11-04T18:01:27.444255-0600]    25.8750 MB /   0.50 sec =  434.0905 Mbps     0 retrans
[2024-11-04T18:01:27.944236-0600]    14.4375 MB /   0.50 sec =  242.2220 Mbps     0 retrans
[2024-11-04T18:01:28.444380-0600]    13.8750 MB /   0.50 sec =  232.7932 Mbps     0 retrans
[2024-11-04T18:01:28.944191-0600]     6.1250 MB /   0.50 sec =  102.7602 Mbps     0 retrans
[2024-11-04T18:01:29.444195-0600]     8.6250 MB /   0.50 sec =  144.7012 Mbps     0 retrans
[2024-11-04T18:01:29.944723-0600]     2.6250 MB /   0.50 sec =   44.0292 Mbps     0 retrans
[2024-11-04T18:01:30.444196-0600]    17.5000 MB /   0.50 sec =  293.6770 Mbps     0 retrans
[2024-11-04T18:01:30.944236-0600]    16.3750 MB /   0.50 sec =  274.7099 Mbps     0 retrans
[2024-11-04T18:01:31.444133-0600]    14.3125 MB /   0.50 sec =  240.1508 Mbps     0 retrans
[2024-11-04T18:01:31.944228-0600]    12.5625 MB /   0.50 sec =  210.7465 Mbps     0 retrans
[2024-11-04T18:01:32.444248-0600]    17.5000 MB /   0.50 sec =  293.5866 Mbps     0 retrans
[2024-11-04T18:01:32.944229-0600]    14.3125 MB /   0.50 sec =  240.1316 Mbps     0 retrans
[2024-11-04T18:01:33.444105-0600]    12.8125 MB /   0.50 sec =  214.9847 Mbps     0 retrans
[2024-11-04T18:01:33.944411-0600]    18.2500 MB /   0.50 sec =  306.1566 Mbps     0 retrans
[2024-11-04T18:01:34.444230-0600]    20.5625 MB /   0.50 sec =  344.9808 Mbps     0 retrans
[2024-11-04T18:01:34.944185-0600]    23.6875 MB /   0.50 sec =  397.4198 Mbps     0 retrans
[2024-11-04T18:01:35.444245-0600]    25.1875 MB /   0.50 sec =  422.5685 Mbps     0 retrans
[2024-11-04T18:01:35.944436-0600]    29.4375 MB /   0.50 sec =  493.7954 Mbps     0 retrans
[2024-11-04T18:01:36.444189-0600]    30.2500 MB /   0.50 sec =  507.6082 Mbps     0 retrans
[2024-11-04T18:01:36.944118-0600]    34.5625 MB /   0.50 sec =  579.8904 Mbps     0 retrans
[2024-11-04T18:01:37.444276-0600]    34.8125 MB /   0.50 sec =  583.9541 Mbps     0 retrans
[2024-11-04T18:01:37.944192-0600]    37.0625 MB /   0.50 sec =  621.8777 Mbps     0 retrans
[2024-11-04T18:01:38.444229-0600]    27.5000 MB /   0.50 sec =  461.3458 Mbps     0 retrans
[2024-11-04T18:01:38.944182-0600]    24.3125 MB /   0.50 sec =  407.9254 Mbps     0 retrans
[2024-11-04T18:01:39.444153-0600]    19.1875 MB /   0.50 sec =  321.9212 Mbps     0 retrans
[2024-11-04T18:01:39.944212-0600]    27.9375 MB /   0.50 sec =  468.6975 Mbps     0 retrans
[2024-11-04T18:01:40.444199-0600]    30.3750 MB /   0.50 sec =  509.6069 Mbps     0 retrans
[2024-11-04T18:01:40.944187-0600]    26.4375 MB /   0.50 sec =  443.5565 Mbps     0 retrans
[2024-11-04T18:01:41.444389-0600]    21.5000 MB /   0.50 sec =  360.7044 Mbps     0 retrans
[2024-11-04T18:01:41.944190-0600]    24.5000 MB /   0.50 sec =  411.0434 Mbps     0 retrans
[2024-11-04T18:01:42.444155-0600]    25.8750 MB /   0.50 sec =  434.1235 Mbps     0 retrans
[2024-11-04T18:01:42.944092-0600]    27.8750 MB /   0.50 sec =  467.6827 Mbps     0 retrans
[2024-11-04T18:01:43.444189-0600]    26.2500 MB /   0.50 sec =  440.3693 Mbps     0 retrans
[2024-11-04T18:01:43.944407-0600]    23.2500 MB /   0.50 sec =  390.0664 Mbps     0 retrans
[2024-11-04T18:01:44.444189-0600]    20.0000 MB /   0.50 sec =  335.5490 Mbps     0 retrans
[2024-11-04T18:01:44.944206-0600]    16.0625 MB /   0.50 sec =  269.4808 Mbps     0 retrans
[2024-11-04T18:01:45.444476-0600]     6.9375 MB /   0.50 sec =  116.3815 Mbps     0 retrans
[2024-11-04T18:01:45.944183-0600]     8.6875 MB /   0.50 sec =  145.7681 Mbps     0 retrans
[2024-11-04T18:01:46.444217-0600]     7.4375 MB /   0.50 sec =  124.7773 Mbps     0 retrans
[2024-11-04T18:01:46.944271-0600]     6.3750 MB /   0.50 sec =  106.9402 Mbps     0 retrans
[2024-11-04T18:01:47.444172-0600]     6.0000 MB /   0.50 sec =  100.6798 Mbps     0 retrans
[2024-11-04T18:01:47.944121-0600]     9.1875 MB /   0.50 sec =  154.1404 Mbps     0 retrans
[2024-11-04T18:01:48.444221-0600]    12.3125 MB /   0.50 sec =  206.5616 Mbps     0 retrans
[2024-11-04T18:01:48.944433-0600]    11.4375 MB /   0.50 sec =  191.8695 Mbps     0 retrans
[2024-11-04T18:01:49.444408-0600]    12.1250 MB /   0.50 sec =  203.4132 Mbps     0 retrans
[2024-11-04T18:01:49.944390-0600]    12.1875 MB /   0.50 sec =  204.4809 Mbps     0 retrans
[2024-11-04T18:01:50.444274-0600]    15.5000 MB /   0.50 sec =  260.0432 Mbps     0 retrans
[2024-11-04T18:01:50.944224-0600]    14.5625 MB /   0.50 sec =  244.3524 Mbps     0 retrans
[2024-11-04T18:01:51.444231-0600]    15.3125 MB /   0.50 sec =  256.8991 Mbps     0 retrans
[2024-11-04T18:01:51.944183-0600]    17.6875 MB /   0.50 sec =  296.7565 Mbps     0 retrans
[2024-11-04T18:01:52.444109-0600]    19.2500 MB /   0.50 sec =  322.9782 Mbps     0 retrans
[2024-11-04T18:01:52.944226-0600]    21.6875 MB /   0.50 sec =  363.8333 Mbps     0 retrans
[2024-11-04T18:01:53.444112-0600]    25.5625 MB /   0.50 sec =  428.8976 Mbps     0 retrans
[2024-11-04T18:01:53.944377-0600]    29.3750 MB /   0.50 sec =  492.7982 Mbps     0 retrans
[2024-11-04T18:01:54.444350-0600]    32.0625 MB /   0.50 sec =  537.7872 Mbps     0 retrans
[2024-11-04T18:01:54.944219-0600]    36.2500 MB /   0.50 sec =  608.3140 Mbps     0 retrans
[2024-11-04T18:01:55.444209-0600]    34.5625 MB /   0.50 sec =  579.8718 Mbps     0 retrans
[2024-11-04T18:01:55.944198-0600]    34.5000 MB /   0.50 sec =  578.7931 Mbps     0 retrans
[2024-11-04T18:01:56.444171-0600]    34.6250 MB /   0.50 sec =  580.9402 Mbps     0 retrans
[2024-11-04T18:01:56.944234-0600]    34.6875 MB /   0.50 sec =  581.9480 Mbps     0 retrans
[2024-11-04T18:01:57.444191-0600]    34.9375 MB /   0.50 sec =  586.1575 Mbps     0 retrans
[2024-11-04T18:01:57.944101-0600]    36.7500 MB /   0.50 sec =  616.6059 Mbps     0 retrans
[2024-11-04T18:01:58.444191-0600]    33.7500 MB /   0.50 sec =  566.1914 Mbps     0 retrans
[2024-11-04T18:01:58.944367-0600]    31.0625 MB /   0.50 sec =  521.1433 Mbps     0 retrans
[2024-11-04T18:01:59.444219-0600]    38.5000 MB /   0.50 sec =  645.9073 Mbps     0 retrans
[2024-11-04T18:01:59.944253-0600]    39.6875 MB /   0.50 sec =  665.8085 Mbps     0 retrans
[2024-11-04T18:02:00.444214-0600]    27.6250 MB /   0.50 sec =  463.5021 Mbps     0 retrans
[2024-11-04T18:02:00.944235-0600]    32.5000 MB /   0.50 sec =  545.2530 Mbps     0 retrans
[2024-11-04T18:02:01.444177-0600]    35.3750 MB /   0.50 sec =  593.5118 Mbps     0 retrans
[2024-11-04T18:02:01.944215-0600]    39.6875 MB /   0.50 sec =  665.8284 Mbps     0 retrans
[2024-11-04T18:02:02.444192-0600]    36.1250 MB /   0.50 sec =  606.1109 Mbps     0 retrans
[2024-11-04T18:02:02.944173-0600]     9.5625 MB /   0.50 sec =  160.4257 Mbps     0 retrans
[2024-11-04T18:02:03.444364-0600]    26.0625 MB /   0.50 sec =  437.2562 Mbps     0 retrans
[2024-11-04T18:02:03.944217-0600]    28.8750 MB /   0.50 sec =  484.4305 Mbps     0 retrans
[2024-11-04T18:02:04.444110-0600]    35.6875 MB /   0.50 sec =  598.7848 Mbps     0 retrans
[2024-11-04T18:02:04.944210-0600]    29.7500 MB /   0.50 sec =  499.0832 Mbps     0 retrans
[2024-11-04T18:02:05.444168-0600]    33.2500 MB /   0.50 sec =  557.8647 Mbps     0 retrans
[2024-11-04T18:02:05.944257-0600]    26.0625 MB /   0.50 sec =  437.2151 Mbps     0 retrans
[2024-11-04T18:02:06.444216-0600]    29.7500 MB /   0.50 sec =  499.1581 Mbps     0 retrans
[2024-11-04T18:02:06.944174-0600]    23.6250 MB /   0.50 sec =  396.3704 Mbps     0 retrans
[2024-11-04T18:02:07.444214-0600]    33.2500 MB /   0.50 sec =  557.8246 Mbps     0 retrans
[2024-11-04T18:02:07.944411-0600]    34.7500 MB /   0.50 sec =  583.0048 Mbps     0 retrans
[2024-11-04T18:02:08.444216-0600]    26.2500 MB /   0.50 sec =  440.4072 Mbps     0 retrans
[2024-11-04T18:02:08.944183-0600]    23.4375 MB /   0.50 sec =  393.2215 Mbps     0 retrans
[2024-11-04T18:02:09.444138-0600]    27.3125 MB /   0.50 sec =  458.2424 Mbps     0 retrans
[2024-11-04T18:02:09.944145-0600]    31.8750 MB /   0.50 sec =  534.7791 Mbps     0 retrans
[2024-11-04T18:02:10.444211-0600]    30.1250 MB /   0.50 sec =  505.3914 Mbps     0 retrans
[2024-11-04T18:02:10.944181-0600]    31.3125 MB /   0.50 sec =  525.3397 Mbps     0 retrans
[2024-11-04T18:02:11.444240-0600]    38.5625 MB /   0.50 sec =  646.9597 Mbps     0 retrans
[2024-11-04T18:02:11.944242-0600]    38.8125 MB /   0.50 sec =  651.1514 Mbps     0 retrans
[2024-11-04T18:02:12.444444-0600]    43.6250 MB /   0.50 sec =  731.7890 Mbps     0 retrans
[2024-11-04T18:02:12.944216-0600]    45.7500 MB /   0.50 sec =  767.6805 Mbps     0 retrans
[2024-11-04T18:02:13.444241-0600]    47.8750 MB /   0.50 sec =  803.2044 Mbps     0 retrans
[2024-11-04T18:02:13.944427-0600]    44.9375 MB /   0.50 sec =  753.9533 Mbps     0 retrans
[2024-11-04T18:02:14.444701-0600]    37.9375 MB /   0.50 sec =  635.8460 Mbps     0 retrans
[2024-11-04T18:02:14.944197-0600]    41.6250 MB /   0.50 sec =  699.0563 Mbps     0 retrans
[2024-11-04T18:02:15.444374-0600]    44.2500 MB /   0.50 sec =  742.3621 Mbps     0 retrans
[2024-11-04T18:02:15.944195-0600]    20.6875 MB /   0.50 sec =  347.0912 Mbps     0 retrans
[2024-11-04T18:02:16.444174-0600]    28.8125 MB /   0.50 sec =  483.4013 Mbps     0 retrans
[2024-11-04T18:02:16.944453-0600]    35.9375 MB /   0.50 sec =  602.8480 Mbps     0 retrans
[2024-11-04T18:02:17.444217-0600]    39.1875 MB /   0.50 sec =  657.5045 Mbps     0 retrans
[2024-11-04T18:02:17.944181-0600]    41.0000 MB /   0.50 sec =  687.9126 Mbps     0 retrans
[2024-11-04T18:02:18.444472-0600]    38.3125 MB /   0.50 sec =  642.7475 Mbps     0 retrans
[2024-11-04T18:02:18.944430-0600]    42.2500 MB /   0.50 sec =  708.8218 Mbps     0 retrans
[2024-11-04T18:02:19.444213-0600]    42.4375 MB /   0.50 sec =  711.9874 Mbps     0 retrans
[2024-11-04T18:02:19.944176-0600]    41.3750 MB /   0.50 sec =  694.1990 Mbps     0 retrans
[2024-11-04T18:02:20.444516-0600]    38.6875 MB /   0.50 sec =  648.7870 Mbps     0 retrans
[2024-11-04T18:02:20.944226-0600]    39.9375 MB /   0.50 sec =  670.2934 Mbps     0 retrans
[2024-11-04T18:02:21.444113-0600]    40.0000 MB /   0.50 sec =  671.1544 Mbps     0 retrans
[2024-11-04T18:02:21.944369-0600]    26.0000 MB /   0.50 sec =  436.1003 Mbps     0 retrans
[2024-11-04T18:02:22.444350-0600]    14.2500 MB /   0.50 sec =  239.0858 Mbps     0 retrans
[2024-11-04T18:02:22.944235-0600]    27.9375 MB /   0.50 sec =  468.7707 Mbps     0 retrans
[2024-11-04T18:02:23.444184-0600]    30.5000 MB /   0.50 sec =  511.7184 Mbps     0 retrans
[2024-11-04T18:02:23.945077-0600]    15.6250 MB /   0.50 sec =  261.7174 Mbps     0 retrans
[2024-11-04T18:02:24.444377-0600]    32.6875 MB /   0.50 sec =  549.2984 Mbps     0 retrans
[2024-11-04T18:02:24.944183-0600]    21.8750 MB /   0.50 sec =  367.0031 Mbps     0 retrans
[2024-11-04T18:02:25.444098-0600]    19.8750 MB /   0.50 sec =  333.4685 Mbps     0 retrans
[2024-11-04T18:02:25.944246-0600]    38.6250 MB /   0.50 sec =  647.9604 Mbps     0 retrans
[2024-11-04T18:02:26.444358-0600]    27.2500 MB /   0.50 sec =  457.1014 Mbps     0 retrans
[2024-11-04T18:02:26.944200-0600]    35.1875 MB /   0.50 sec =  590.4569 Mbps     0 retrans
[2024-11-04T18:02:27.444241-0600]    24.6250 MB /   0.50 sec =  413.1447 Mbps     0 retrans
[2024-11-04T18:02:27.944398-0600]    22.2500 MB /   0.50 sec =  373.2893 Mbps     0 retrans
[2024-11-04T18:02:28.444228-0600]    30.6250 MB /   0.50 sec =  513.7848 Mbps     0 retrans
[2024-11-04T18:02:28.944192-0600]    26.5000 MB /   0.50 sec =  444.6096 Mbps     0 retrans
[2024-11-04T18:02:29.444261-0600]    28.0000 MB /   0.50 sec =  469.7094 Mbps     0 retrans
[2024-11-04T18:02:29.944216-0600]    30.5000 MB /   0.50 sec =  511.7696 Mbps     0 retrans
[2024-11-04T18:02:30.444114-0600]    28.7500 MB /   0.50 sec =  482.3729 Mbps     0 retrans
[2024-11-04T18:02:30.944128-0600]    30.5625 MB /   0.50 sec =  512.7496 Mbps     0 retrans
[2024-11-04T18:02:31.444125-0600]    27.6875 MB /   0.50 sec =  464.5238 Mbps     0 retrans
[2024-11-04T18:02:31.944178-0600]    27.6250 MB /   0.50 sec =  463.4493 Mbps     0 retrans
[2024-11-04T18:02:32.444538-0600]    14.8750 MB /   0.50 sec =  249.5546 Mbps     0 retrans
[2024-11-04T18:02:32.944407-0600]    14.1250 MB /   0.50 sec =  236.9677 Mbps     0 retrans
[2024-11-04T18:02:33.444373-0600]     8.4375 MB /   0.50 sec =  141.5600 Mbps     0 retrans
[2024-11-04T18:02:33.944180-0600]    32.3750 MB /   0.50 sec =  543.1874 Mbps     0 retrans
[2024-11-04T18:02:34.444403-0600]    21.4375 MB /   0.50 sec =  359.5681 Mbps     0 retrans
[2024-11-04T18:02:34.944219-0600]    35.6250 MB /   0.50 sec =  597.8366 Mbps     0 retrans
[2024-11-04T18:02:35.444211-0600]    14.3750 MB /   0.50 sec =  241.1464 Mbps     0 retrans
[2024-11-04T18:02:35.944213-0600]    25.6875 MB /   0.50 sec =  431.0096 Mbps     0 retrans
[2024-11-04T18:02:36.444177-0600]    10.0000 MB /   0.50 sec =  167.7748 Mbps     0 retrans
[2024-11-04T18:02:36.944347-0600]     7.5000 MB /   0.50 sec =  125.8296 Mbps     0 retrans
[2024-11-04T18:02:37.444221-0600]     9.0000 MB /   0.50 sec =  150.9913 Mbps     0 retrans
[2024-11-04T18:02:37.944219-0600]    11.0000 MB /   0.50 sec =  184.5509 Mbps     0 retrans
[2024-11-04T18:02:38.444246-0600]     9.9375 MB /   0.50 sec =  166.7029 Mbps     0 retrans
[2024-11-04T18:02:38.944182-0600]    14.0000 MB /   0.50 sec =  234.9125 Mbps     0 retrans
[2024-11-04T18:02:39.444119-0600]    19.5625 MB /   0.50 sec =  328.2207 Mbps     0 retrans
[2024-11-04T18:02:39.944162-0600]    23.3125 MB /   0.50 sec =  391.0758 Mbps     0 retrans
[2024-11-04T18:02:40.444230-0600]    21.8125 MB /   0.50 sec =  365.9699 Mbps     0 retrans
[2024-11-04T18:02:40.944197-0600]    24.6875 MB /   0.50 sec =  414.2149 Mbps     0 retrans
[2024-11-04T18:02:41.444235-0600]    26.3750 MB /   0.50 sec =  442.4637 Mbps     0 retrans
[2024-11-04T18:02:41.944207-0600]    24.7500 MB /   0.50 sec =  415.2394 Mbps     0 retrans
[2024-11-04T18:02:42.444182-0600]    19.9375 MB /   0.50 sec =  334.4984 Mbps     0 retrans
[2024-11-04T18:02:42.944217-0600]    20.7500 MB /   0.50 sec =  348.1265 Mbps     0 retrans
[2024-11-04T18:02:43.444274-0600]    25.1875 MB /   0.50 sec =  422.5660 Mbps     0 retrans
[2024-11-04T18:02:43.944332-0600]    27.1875 MB /   0.50 sec =  456.1461 Mbps     0 retrans
[2024-11-04T18:02:44.444143-0600]    26.1250 MB /   0.50 sec =  438.3232 Mbps     0 retrans
[2024-11-04T18:02:44.944256-0600]    17.9375 MB /   0.50 sec =  300.9052 Mbps     0 retrans
[2024-11-04T18:02:45.444193-0600]    22.8750 MB /   0.50 sec =  383.8095 Mbps     0 retrans
[2024-11-04T18:02:45.944273-0600]    22.3750 MB /   0.50 sec =  375.3699 Mbps     0 retrans
[2024-11-04T18:02:46.444201-0600]    17.3125 MB /   0.50 sec =  290.4689 Mbps     0 retrans
[2024-11-04T18:02:46.944397-0600]    30.5625 MB /   0.50 sec =  512.7485 Mbps     0 retrans
[2024-11-04T18:02:47.444201-0600]    25.6875 MB /   0.50 sec =  430.9363 Mbps     0 retrans
[2024-11-04T18:02:47.944192-0600]    21.8750 MB /   0.50 sec =  367.0317 Mbps     0 retrans
[2024-11-04T18:02:48.444365-0600]    14.5000 MB /   0.50 sec =  243.2375 Mbps     0 retrans
[2024-11-04T18:02:48.944184-0600]    11.7500 MB /   0.50 sec =  197.1595 Mbps     0 retrans
[2024-11-04T18:02:49.444110-0600]    12.7500 MB /   0.50 sec =  213.9219 Mbps     0 retrans
[2024-11-04T18:02:49.944212-0600]    14.0625 MB /   0.50 sec =  235.9121 Mbps     0 retrans
[2024-11-04T18:02:50.444158-0600]    18.5000 MB /   0.50 sec =  310.3785 Mbps     0 retrans
[2024-11-04T18:02:50.944141-0600]    20.7500 MB /   0.50 sec =  348.1446 Mbps     0 retrans
[2024-11-04T18:02:51.444257-0600]    29.1250 MB /   0.50 sec =  488.5905 Mbps     0 retrans
[2024-11-04T18:02:51.944385-0600]    28.0000 MB /   0.50 sec =  469.7235 Mbps     0 retrans
[2024-11-04T18:02:52.444468-0600]    19.7500 MB /   0.50 sec =  331.2917 Mbps     0 retrans
[2024-11-04T18:02:52.944571-0600]    28.5000 MB /   0.50 sec =  478.1688 Mbps     0 retrans
[2024-11-04T18:02:53.444150-0600]    23.1875 MB /   0.50 sec =  389.1345 Mbps     0 retrans
[2024-11-04T18:02:53.944268-0600]    23.8750 MB /   0.50 sec =  400.5176 Mbps     0 retrans
[2024-11-04T18:02:54.444103-0600]    23.6250 MB /   0.50 sec =  396.4172 Mbps     0 retrans
[2024-11-04T18:02:54.944857-0600]    25.5625 MB /   0.50 sec =  428.5462 Mbps     0 retrans
[2024-11-04T18:02:55.444132-0600]    21.0000 MB /   0.50 sec =  352.5824 Mbps     0 retrans
[2024-11-04T18:02:55.944211-0600]    16.6250 MB /   0.50 sec =  278.9028 Mbps     0 retrans
[2024-11-04T18:02:56.444173-0600]     6.1875 MB /   0.50 sec =  103.8121 Mbps     0 retrans
[2024-11-04T18:02:56.944455-0600]    14.9375 MB /   0.50 sec =  250.5796 Mbps     0 retrans
End time: 1730764977131
