Start time: 1730765194155
[2024-11-04T18:06:39.245447-0600] traceroute to 54.176.53.206 (54.176.53.206), 30 hops max, 60 byte packets
[2024-11-04T18:06:39.246147-0600]  1  * * *
[2024-11-04T18:06:39.246195-0600]  2  * * *
[2024-11-04T18:06:39.246231-0600]  3  * * *
[2024-11-04T18:06:39.246265-0600]  4  * * *
[2024-11-04T18:06:39.252274-0600]  5  * * *
[2024-11-04T18:06:44.253115-0600]  6  * * *
[2024-11-04T18:06:44.253550-0600]  7  * * *
[2024-11-04T18:06:44.253668-0600]  8  * * *
[2024-11-04T18:06:44.253752-0600]  9  * * *
[2024-11-04T18:06:44.265230-0600] 10  * * *
[2024-11-04T18:06:49.260724-0600] 11  * * *
[2024-11-04T18:06:49.260996-0600] 12  * * *
[2024-11-04T18:06:49.265105-0600] 13  * * *
[2024-11-04T18:06:49.265219-0600] 14  * * *
[2024-11-04T18:06:49.267609-0600] 15  * * *
[2024-11-04T18:06:54.264358-0600] 16  * * *
[2024-11-04T18:06:54.264608-0600] 17  * * *
[2024-11-04T18:06:54.270122-0600] 18  * * *
[2024-11-04T18:06:54.270435-0600] 19  * * *
[2024-11-04T18:06:54.270569-0600] 20  * * *
[2024-11-04T18:06:54.270678-0600] 21  * * *
[2024-11-04T18:06:59.272217-0600] 22  * * *
[2024-11-04T18:06:59.279599-0600] 23  * * *
[2024-11-04T18:06:59.279768-0600] 24  * * *
[2024-11-04T18:06:59.285889-0600] 25  * * *
[2024-11-04T18:06:59.285973-0600] 26  * * *
[2024-11-04T18:07:04.232953-0600] 27  * *End time: 1730765224272
