Start time: 1731083556125
[2024-11-08T11:32:36.993837-0500] nuttcp-r: v8.1.4: socket
[2024-11-08T11:32:36.995159-0500] nuttcp-r: buflen=65536, nstream=1, port=5379 tcp
[2024-11-08T11:32:36.995300-0500] nuttcp-r: interval reporting every 0.50 seconds
[2024-11-08T11:32:36.995523-0500] nuttcp-r: connect to 54.197.223.49 with RTT=65.139 ms af=inet
[2024-11-08T11:32:36.995631-0500] nuttcp-r: send window size = 2097152, receive window size = 6291456
[2024-11-08T11:32:36.995727-0500] nuttcp-r: available send window = 1572864, available receive window = 4718592
[2024-11-08T11:32:36.995817-0500]     0.0000 MB /   0.50 sec =    0.0000 Mbps     0 retrans      0 KB-cwnd
[2024-11-08T11:32:37.493858-0500]     0.0000 MB /   0.50 sec =    0.0000 Mbps     0 retrans      0 KB-cwnd
[2024-11-08T11:32:37.993780-0500]     0.2500 MB /   0.50 sec =    4.1952 Mbps     0 retrans     13 KB-cwnd
[2024-11-08T11:32:38.493727-0500]     9.9375 MB /   0.50 sec =  166.7169 Mbps     0 retrans     13 KB-cwnd
[2024-11-08T11:32:38.993792-0500]    24.8750 MB /   0.50 sec =  417.2949 Mbps     0 retrans     13 KB-cwnd
[2024-11-08T11:32:39.493698-0500]    33.0625 MB /   0.50 sec =  554.7866 Mbps     0 retrans     13 KB-cwnd
[2024-11-08T11:32:39.993867-0500]    32.6250 MB /   0.50 sec =  547.2669 Mbps     0 retrans     13 KB-cwnd
[2024-11-08T11:32:40.493664-0500]    31.1875 MB /   0.50 sec =  523.3095 Mbps     0 retrans     13 KB-cwnd
[2024-11-08T11:32:40.993797-0500]    34.3125 MB /   0.50 sec =  575.6325 Mbps     0 retrans     13 KB-cwnd
[2024-11-08T11:32:41.493696-0500]    28.6875 MB /   0.50 sec =  481.3455 Mbps     0 retrans     13 KB-cwnd
[2024-11-08T11:32:41.993775-0500]    31.6250 MB /   0.50 sec =  530.5476 Mbps     0 retrans     13 KB-cwnd
[2024-11-08T11:32:42.493882-0500]    20.7500 MB /   0.50 sec =  348.0451 Mbps     0 retrans     13 KB-cwnd
[2024-11-08T11:32:42.993762-0500]    32.3750 MB /   0.50 sec =  543.2384 Mbps     0 retrans     13 KB-cwnd
[2024-11-08T11:32:43.493845-0500]    24.5000 MB /   0.50 sec =  411.0163 Mbps     0 retrans     13 KB-cwnd
[2024-11-08T11:32:43.994106-0500]    22.6875 MB /   0.50 sec =  380.5410 Mbps     0 retrans     13 KB-cwnd
[2024-11-08T11:32:44.493706-0500]    22.4375 MB /   0.50 sec =  376.6188 Mbps     0 retrans     13 KB-cwnd
[2024-11-08T11:32:44.993765-0500]    20.1250 MB /   0.50 sec =  337.5915 Mbps     0 retrans     13 KB-cwnd
[2024-11-08T11:32:45.493759-0500]    14.7500 MB /   0.50 sec =  247.4560 Mbps     0 retrans     13 KB-cwnd
[2024-11-08T11:32:45.994010-0500]    22.6875 MB /   0.50 sec =  380.5235 Mbps     0 retrans     13 KB-cwnd
[2024-11-08T11:32:46.493722-0500]    23.0625 MB /   0.50 sec =  387.1018 Mbps     6 retrans  11668 KB-cwnd
[2024-11-08T11:32:46.993656-0500]    22.7500 MB /   0.50 sec =  381.7160 Mbps     0 retrans  11668 KB-cwnd
[2024-11-08T11:32:47.493743-0500]    20.6250 MB /   0.50 sec =  345.9657 Mbps     0 retrans  11668 KB-cwnd
[2024-11-08T11:32:47.993778-0500]    21.7500 MB /   0.50 sec =  364.9366 Mbps     0 retrans  11668 KB-cwnd
[2024-11-08T11:32:48.493787-0500]    13.7500 MB /   0.50 sec =  230.6484 Mbps     0 retrans  11668 KB-cwnd
[2024-11-08T11:32:48.993597-0500]    10.1250 MB /   0.50 sec =  169.9057 Mbps     0 retrans  11668 KB-cwnd
[2024-11-08T11:32:49.493658-0500]     9.4375 MB /   0.50 sec =  158.3356 Mbps     0 retrans  11668 KB-cwnd
[2024-11-08T11:32:49.993875-0500]     7.7500 MB /   0.50 sec =  129.9769 Mbps     0 retrans  11668 KB-cwnd
[2024-11-08T11:32:50.493779-0500]     3.5625 MB /   0.50 sec =   59.7807 Mbps     0 retrans  11668 KB-cwnd
[2024-11-08T11:32:50.993743-0500]     0.5625 MB /   0.50 sec =    9.4371 Mbps     0 retrans  11668 KB-cwnd
[2024-11-08T11:32:51.493733-0500]     0.3125 MB /   0.50 sec =    5.2428 Mbps     0 retrans  11668 KB-cwnd
[2024-11-08T11:32:51.994185-0500]     0.0000 MB /   0.50 sec =    0.0000 Mbps     0 retrans  11668 KB-cwnd
[2024-11-08T11:32:52.493761-0500]     1.9375 MB /   0.50 sec =   32.5100 Mbps     0 retrans  11668 KB-cwnd
[2024-11-08T11:32:52.993809-0500]     9.3750 MB /   0.50 sec =  157.2804 Mbps     0 retrans  11668 KB-cwnd
[2024-11-08T11:32:53.493737-0500]     0.0000 MB /   0.50 sec =    0.0000 Mbps     0 retrans  11668 KB-cwnd
[2024-11-08T11:32:53.993831-0500]     1.6250 MB /   0.50 sec =   27.2591 Mbps     0 retrans  11668 KB-cwnd
[2024-11-08T11:32:54.493825-0500]     0.5000 MB /   0.50 sec =    8.3890 Mbps     0 retrans  11668 KB-cwnd
[2024-11-08T11:32:54.993890-0500]     0.0000 MB /   0.50 sec =    0.0000 Mbps     0 retrans  11668 KB-cwnd
[2024-11-08T11:32:55.493671-0500]     2.1875 MB /   0.50 sec =   36.7116 Mbps     0 retrans  11668 KB-cwnd
[2024-11-08T11:32:55.993778-0500]     4.1875 MB /   0.50 sec =   70.2429 Mbps     3 retrans   9449 KB-cwnd
[2024-11-08T11:32:56.493724-0500]     8.4375 MB /   0.50 sec =  141.5722 Mbps     0 retrans   9449 KB-cwnd
[2024-11-08T11:32:56.993668-0500]     2.5000 MB /   0.50 sec =   41.9465 Mbps     0 retrans   9452 KB-cwnd
[2024-11-08T11:32:57.493889-0500]     2.3750 MB /   0.50 sec =   39.8461 Mbps     0 retrans   9452 KB-cwnd
[2024-11-08T11:32:57.993696-0500]     2.3125 MB /   0.50 sec =   38.7967 Mbps     0 retrans   9452 KB-cwnd
[2024-11-08T11:32:58.493664-0500]     2.2500 MB /   0.50 sec =   37.7491 Mbps     0 retrans   9452 KB-cwnd
[2024-11-08T11:32:58.993732-0500]     2.3125 MB /   0.50 sec =   38.7949 Mbps     0 retrans   9452 KB-cwnd
[2024-11-08T11:32:59.493699-0500]     2.0000 MB /   0.50 sec =   33.5564 Mbps     0 retrans   9452 KB-cwnd
[2024-11-08T11:32:59.993745-0500]     2.1250 MB /   0.50 sec =   35.6467 Mbps     0 retrans   9452 KB-cwnd
[2024-11-08T11:33:00.493704-0500]     2.1250 MB /   0.50 sec =   35.6556 Mbps     0 retrans   9452 KB-cwnd
[2024-11-08T11:33:00.993778-0500]     1.6875 MB /   0.50 sec =   28.3079 Mbps     0 retrans   9452 KB-cwnd
[2024-11-08T11:33:01.493565-0500]     1.3750 MB /   0.50 sec =   23.0736 Mbps     0 retrans   9452 KB-cwnd
[2024-11-08T11:33:01.993743-0500]     2.6875 MB /   0.50 sec =   45.0829 Mbps     0 retrans   9452 KB-cwnd
[2024-11-08T11:33:02.493699-0500]     2.6250 MB /   0.50 sec =   44.0429 Mbps     0 retrans   9452 KB-cwnd
[2024-11-08T11:33:02.993658-0500]     2.5000 MB /   0.50 sec =   41.9432 Mbps     0 retrans   9452 KB-cwnd
[2024-11-08T11:33:03.494043-0500]     2.0625 MB /   0.50 sec =   34.5921 Mbps     0 retrans   9452 KB-cwnd
[2024-11-08T11:33:03.993668-0500]     3.5625 MB /   0.50 sec =   59.7886 Mbps     0 retrans   9452 KB-cwnd
[2024-11-08T11:33:04.493733-0500]     2.6875 MB /   0.50 sec =   45.0825 Mbps     0 retrans   9452 KB-cwnd
[2024-11-08T11:33:04.993663-0500]     2.9375 MB /   0.50 sec =   49.2903 Mbps     0 retrans   9452 KB-cwnd
[2024-11-08T11:33:05.493807-0500]     1.8750 MB /   0.50 sec =   31.4507 Mbps     0 retrans   9452 KB-cwnd
[2024-11-08T11:33:05.993746-0500]     1.9375 MB /   0.50 sec =   32.5075 Mbps     0 retrans   9452 KB-cwnd
[2024-11-08T11:33:06.493747-0500]     1.6875 MB /   0.50 sec =   28.3134 Mbps     0 retrans   9452 KB-cwnd
[2024-11-08T11:33:06.993799-0500]     1.1875 MB /   0.50 sec =   19.9204 Mbps     0 retrans   9452 KB-cwnd
[2024-11-08T11:33:07.493888-0500]     0.6875 MB /   0.50 sec =   11.5359 Mbps     0 retrans   9452 KB-cwnd
[2024-11-08T11:33:07.993766-0500]     0.6875 MB /   0.50 sec =   11.5333 Mbps     0 retrans   9452 KB-cwnd
[2024-11-08T11:33:08.493704-0500]     1.3750 MB /   0.50 sec =   23.0721 Mbps     0 retrans   9452 KB-cwnd
[2024-11-08T11:33:08.993676-0500]     2.0000 MB /   0.50 sec =   33.5548 Mbps     0 retrans   9452 KB-cwnd
[2024-11-08T11:33:09.493923-0500]     1.0625 MB /   0.50 sec =   17.8191 Mbps     0 retrans   9452 KB-cwnd
[2024-11-08T11:33:09.993883-0500]     1.6875 MB /   0.50 sec =   28.3177 Mbps     0 retrans   9452 KB-cwnd
[2024-11-08T11:33:10.493720-0500]     1.3125 MB /   0.50 sec =   22.0238 Mbps     0 retrans   9452 KB-cwnd
[2024-11-08T11:33:10.994132-0500]     1.1875 MB /   0.50 sec =   19.9159 Mbps     0 retrans   9452 KB-cwnd
[2024-11-08T11:33:11.493714-0500]     2.6875 MB /   0.50 sec =   45.0992 Mbps     0 retrans   9452 KB-cwnd
[2024-11-08T11:33:11.993680-0500]     1.0625 MB /   0.50 sec =   17.8271 Mbps     0 retrans   9452 KB-cwnd
[2024-11-08T11:33:12.493758-0500]     1.3750 MB /   0.50 sec =   23.0664 Mbps     0 retrans   9452 KB-cwnd
[2024-11-08T11:33:12.993881-0500]     2.4375 MB /   0.50 sec =   40.8995 Mbps     0 retrans   9452 KB-cwnd
[2024-11-08T11:33:13.493720-0500]     3.0000 MB /   0.50 sec =   50.3269 Mbps     0 retrans   9452 KB-cwnd
[2024-11-08T11:33:13.993697-0500]     4.2500 MB /   0.50 sec =   71.3100 Mbps     0 retrans   9452 KB-cwnd
[2024-11-08T11:33:14.493697-0500]     5.2500 MB /   0.50 sec =   88.0811 Mbps     0 retrans   9452 KB-cwnd
[2024-11-08T11:33:14.993729-0500]     4.9375 MB /   0.50 sec =   82.8277 Mbps     0 retrans   9452 KB-cwnd
[2024-11-08T11:33:15.493787-0500]     4.7500 MB /   0.50 sec =   79.6876 Mbps     0 retrans   9452 KB-cwnd
[2024-11-08T11:33:15.993637-0500]     4.6875 MB /   0.50 sec =   78.6570 Mbps     0 retrans   9452 KB-cwnd
[2024-11-08T11:33:16.494042-0500]     3.8750 MB /   0.50 sec =   64.9907 Mbps     0 retrans   9452 KB-cwnd
[2024-11-08T11:33:16.993643-0500]     6.6250 MB /   0.50 sec =  111.1866 Mbps     0 retrans   9452 KB-cwnd
[2024-11-08T11:33:17.493800-0500]     5.9375 MB /   0.50 sec =   99.5918 Mbps     0 retrans   9452 KB-cwnd
[2024-11-08T11:33:17.993675-0500]     7.2500 MB /   0.50 sec =  121.6606 Mbps     0 retrans   9441 KB-cwnd
[2024-11-08T11:33:18.493713-0500]     9.2500 MB /   0.50 sec =  155.1865 Mbps     0 retrans   9441 KB-cwnd
[2024-11-08T11:33:18.993721-0500]     1.8125 MB /   0.50 sec =   30.4077 Mbps     0 retrans   9441 KB-cwnd
[2024-11-08T11:33:19.494111-0500]     4.2500 MB /   0.50 sec =   71.2892 Mbps 11164 retrans   2323 KB-cwnd
[2024-11-08T11:33:19.993824-0500]     7.5625 MB /   0.50 sec =  126.8807 Mbps     0 retrans   2323 KB-cwnd
[2024-11-08T11:33:20.493697-0500]     4.6875 MB /   0.50 sec =   78.6506 Mbps     0 retrans   2323 KB-cwnd
[2024-11-08T11:33:20.993766-0500]     6.6250 MB /   0.50 sec =  111.1433 Mbps     0 retrans   2323 KB-cwnd
[2024-11-08T11:33:21.493692-0500]     6.8125 MB /   0.50 sec =  114.3142 Mbps     0 retrans   2323 KB-cwnd
[2024-11-08T11:33:21.993774-0500]     6.3125 MB /   0.50 sec =  105.8935 Mbps     0 retrans   2323 KB-cwnd
[2024-11-08T11:33:22.493655-0500]     6.8750 MB /   0.50 sec =  115.3607 Mbps     0 retrans   2323 KB-cwnd
[2024-11-08T11:33:22.993721-0500]     4.8125 MB /   0.50 sec =   80.7323 Mbps     0 retrans   2323 KB-cwnd
[2024-11-08T11:33:23.493723-0500]     3.2500 MB /   0.50 sec =   54.5292 Mbps     0 retrans   2323 KB-cwnd
[2024-11-08T11:33:23.993906-0500]     3.6875 MB /   0.50 sec =   61.8578 Mbps     0 retrans   2323 KB-cwnd
[2024-11-08T11:33:24.493915-0500]     6.2500 MB /   0.50 sec =  104.8683 Mbps     0 retrans   2323 KB-cwnd
[2024-11-08T11:33:24.993622-0500]     4.8125 MB /   0.50 sec =   80.7439 Mbps     0 retrans   2323 KB-cwnd
[2024-11-08T11:33:25.493789-0500]     7.0625 MB /   0.50 sec =  118.4647 Mbps     0 retrans   2323 KB-cwnd
[2024-11-08T11:33:25.993858-0500]     4.8125 MB /   0.50 sec =   80.7350 Mbps    84 retrans    871 KB-cwnd
[2024-11-08T11:33:26.493564-0500]     7.6250 MB /   0.50 sec =  127.9716 Mbps     0 retrans    871 KB-cwnd
[2024-11-08T11:33:26.993671-0500]     5.6250 MB /   0.50 sec =   94.3654 Mbps     0 retrans    871 KB-cwnd
[2024-11-08T11:33:27.493889-0500]     5.5625 MB /   0.50 sec =   93.2923 Mbps     0 retrans    844 KB-cwnd
[2024-11-08T11:33:27.993700-0500]     6.4375 MB /   0.50 sec =  108.0414 Mbps     0 retrans    844 KB-cwnd
[2024-11-08T11:33:28.494116-0500]     3.7500 MB /   0.50 sec =   62.8961 Mbps     0 retrans    844 KB-cwnd
[2024-11-08T11:33:28.993900-0500]     4.8750 MB /   0.50 sec =   81.7847 Mbps     0 retrans    844 KB-cwnd
[2024-11-08T11:33:29.493636-0500]     4.2500 MB /   0.50 sec =   71.3283 Mbps     0 retrans    844 KB-cwnd
[2024-11-08T11:33:29.993768-0500]     5.1875 MB /   0.50 sec =   87.0127 Mbps     0 retrans    844 KB-cwnd
[2024-11-08T11:33:30.493711-0500]     6.4375 MB /   0.50 sec =  108.0219 Mbps     0 retrans    847 KB-cwnd
[2024-11-08T11:33:30.993781-0500]     2.8125 MB /   0.50 sec =   47.1817 Mbps     0 retrans    847 KB-cwnd
[2024-11-08T11:33:31.493631-0500]     6.1875 MB /   0.50 sec =  103.8182 Mbps     0 retrans    847 KB-cwnd
[2024-11-08T11:33:31.993917-0500]     5.7500 MB /   0.50 sec =   96.4690 Mbps     0 retrans    847 KB-cwnd
[2024-11-08T11:33:32.493700-0500]     5.9375 MB /   0.50 sec =   99.6159 Mbps    11 retrans   2730 KB-cwnd
[2024-11-08T11:33:32.993825-0500]     4.7500 MB /   0.50 sec =   79.6739 Mbps     0 retrans   2730 KB-cwnd
[2024-11-08T11:33:33.493753-0500]     4.9375 MB /   0.50 sec =   82.8435 Mbps     0 retrans   2730 KB-cwnd
[2024-11-08T11:33:33.993591-0500]     5.1250 MB /   0.50 sec =   86.0025 Mbps     0 retrans   2730 KB-cwnd
[2024-11-08T11:33:34.493675-0500]     6.3125 MB /   0.50 sec =  105.9007 Mbps     0 retrans   2730 KB-cwnd
[2024-11-08T11:33:34.993850-0500]     4.2500 MB /   0.50 sec =   71.2841 Mbps     0 retrans   2730 KB-cwnd
[2024-11-08T11:33:35.493660-0500]     6.2500 MB /   0.50 sec =  104.8849 Mbps     0 retrans   2730 KB-cwnd
[2024-11-08T11:33:35.993730-0500]     6.1875 MB /   0.50 sec =  103.7939 Mbps     0 retrans   2730 KB-cwnd
[2024-11-08T11:33:36.493728-0500]     6.4375 MB /   0.50 sec =  108.0172 Mbps     0 retrans   2730 KB-cwnd
[2024-11-08T11:33:36.993878-0500]     6.4375 MB /   0.50 sec =  108.0048 Mbps     0 retrans   2730 KB-cwnd
[2024-11-08T11:33:37.493669-0500]     7.0625 MB /   0.50 sec =  118.4896 Mbps     0 retrans   2730 KB-cwnd
[2024-11-08T11:33:37.993701-0500]     7.3125 MB /   0.50 sec =  122.6822 Mbps     0 retrans   2730 KB-cwnd
[2024-11-08T11:33:38.493607-0500]     7.3125 MB /   0.50 sec =  122.6876 Mbps    17 retrans   2429 KB-cwnd
[2024-11-08T11:33:38.993768-0500]     4.5625 MB /   0.50 sec =   76.5381 Mbps     0 retrans   2429 KB-cwnd
[2024-11-08T11:33:39.493595-0500]     7.0625 MB /   0.50 sec =  118.5059 Mbps     0 retrans   2429 KB-cwnd
[2024-11-08T11:33:39.993680-0500]     6.5625 MB /   0.50 sec =  110.0939 Mbps     0 retrans   2429 KB-cwnd
[2024-11-08T11:33:40.493712-0500]     7.0000 MB /   0.50 sec =  117.4358 Mbps     0 retrans   2429 KB-cwnd
[2024-11-08T11:33:40.993651-0500]     6.1875 MB /   0.50 sec =  103.8182 Mbps     0 retrans   2429 KB-cwnd
[2024-11-08T11:33:41.493685-0500]     6.5625 MB /   0.50 sec =  110.0921 Mbps     0 retrans   2429 KB-cwnd
[2024-11-08T11:33:41.993661-0500]     6.1875 MB /   0.50 sec =  103.8130 Mbps     0 retrans   2429 KB-cwnd
[2024-11-08T11:33:42.493720-0500]     6.3125 MB /   0.50 sec =  105.8981 Mbps     0 retrans   2429 KB-cwnd
[2024-11-08T11:33:42.993691-0500]     6.1875 MB /   0.50 sec =  103.8080 Mbps     0 retrans   2429 KB-cwnd
[2024-11-08T11:33:43.493809-0500]     4.0625 MB /   0.50 sec =   68.1460 Mbps     0 retrans   2429 KB-cwnd
[2024-11-08T11:33:43.993700-0500]     4.0000 MB /   0.50 sec =   67.1246 Mbps     0 retrans   2429 KB-cwnd
[2024-11-08T11:33:44.493665-0500]     5.9375 MB /   0.50 sec =   99.6157 Mbps    17 retrans   2112 KB-cwnd
[2024-11-08T11:33:44.993875-0500]     6.3750 MB /   0.50 sec =  106.9533 Mbps     0 retrans   2112 KB-cwnd
[2024-11-08T11:33:45.493685-0500]     5.7500 MB /   0.50 sec =   96.4694 Mbps     0 retrans   2112 KB-cwnd
[2024-11-08T11:33:45.993681-0500]     4.8125 MB /   0.50 sec =   80.7320 Mbps     0 retrans   2112 KB-cwnd
[2024-11-08T11:33:46.493596-0500]     6.3750 MB /   0.50 sec =  106.9734 Mbps     0 retrans   2112 KB-cwnd
[2024-11-08T11:33:46.993700-0500]     6.2500 MB /   0.50 sec =  104.8511 Mbps     0 retrans   2112 KB-cwnd
[2024-11-08T11:33:47.493666-0500]     6.6875 MB /   0.50 sec =  112.1976 Mbps     0 retrans   2112 KB-cwnd
[2024-11-08T11:33:47.993827-0500]     6.5000 MB /   0.50 sec =  109.0528 Mbps     0 retrans   2112 KB-cwnd
[2024-11-08T11:33:48.493704-0500]     6.6875 MB /   0.50 sec =  112.1949 Mbps     0 retrans   2112 KB-cwnd
[2024-11-08T11:33:48.993656-0500]     7.0625 MB /   0.50 sec =  118.4922 Mbps     0 retrans   2112 KB-cwnd
[2024-11-08T11:33:49.493800-0500]     6.1875 MB /   0.50 sec =  103.7889 Mbps     0 retrans   2112 KB-cwnd
[2024-11-08T11:33:49.993748-0500]     5.8750 MB /   0.50 sec =   98.5707 Mbps     5 retrans   2357 KB-cwnd
[2024-11-08T11:33:50.493746-0500]     6.8125 MB /   0.50 sec =  114.2932 Mbps     0 retrans   2357 KB-cwnd
[2024-11-08T11:33:50.993669-0500]     7.0000 MB /   0.50 sec =  117.4551 Mbps     0 retrans   2357 KB-cwnd
[2024-11-08T11:33:51.493783-0500]     4.9375 MB /   0.50 sec =   82.8287 Mbps     0 retrans   2357 KB-cwnd
[2024-11-08T11:33:51.993740-0500]     4.6875 MB /   0.50 sec =   78.6448 Mbps     0 retrans   2376 KB-cwnd
[2024-11-08T11:33:52.493779-0500]     6.2500 MB /   0.50 sec =  104.8561 Mbps     0 retrans   2376 KB-cwnd
[2024-11-08T11:33:52.993849-0500]     6.5625 MB /   0.50 sec =  110.0868 Mbps     0 retrans   2376 KB-cwnd
[2024-11-08T11:33:53.493688-0500]     7.8750 MB /   0.50 sec =  132.1512 Mbps     0 retrans   2376 KB-cwnd
[2024-11-08T11:33:53.993723-0500]     7.0625 MB /   0.50 sec =  118.4870 Mbps     0 retrans   2376 KB-cwnd
[2024-11-08T11:33:54.493718-0500]     2.9375 MB /   0.50 sec =   49.2831 Mbps     0 retrans   2376 KB-cwnd
[2024-11-08T11:33:54.993652-0500]     7.7500 MB /   0.50 sec =  130.0284 Mbps     0 retrans   2376 KB-cwnd
[2024-11-08T11:33:55.493638-0500]     9.3750 MB /   0.50 sec =  157.2836 Mbps     4 retrans   1739 KB-cwnd
[2024-11-08T11:33:55.993802-0500]    10.5000 MB /   0.50 sec =  176.1336 Mbps     0 retrans   1739 KB-cwnd
[2024-11-08T11:33:56.493843-0500]    11.1875 MB /   0.50 sec =  187.7266 Mbps     0 retrans   1739 KB-cwnd
[2024-11-08T11:33:56.993792-0500]     7.3125 MB /   0.50 sec =  122.6540 Mbps     0 retrans   1739 KB-cwnd
[2024-11-08T11:33:57.493783-0500]    11.5000 MB /   0.50 sec =  192.9534 Mbps     0 retrans   1739 KB-cwnd
[2024-11-08T11:33:57.993683-0500]    10.0000 MB /   0.50 sec =  167.7980 Mbps     0 retrans   1739 KB-cwnd
[2024-11-08T11:33:58.493704-0500]     9.1875 MB /   0.50 sec =  154.1262 Mbps     0 retrans   1739 KB-cwnd
[2024-11-08T11:33:58.993657-0500]     8.5000 MB /   0.50 sec =  142.6240 Mbps     0 retrans   1739 KB-cwnd
[2024-11-08T11:33:59.493668-0500]     8.2500 MB /   0.50 sec =  138.4098 Mbps     5 retrans   2272 KB-cwnd
[2024-11-08T11:33:59.993804-0500]     8.9375 MB /   0.50 sec =  149.9164 Mbps     0 retrans   2272 KB-cwnd
[2024-11-08T11:34:00.493577-0500]     8.5000 MB /   0.50 sec =  142.6417 Mbps     0 retrans   2272 KB-cwnd
[2024-11-08T11:34:00.993690-0500]     9.1875 MB /   0.50 sec =  154.1286 Mbps     0 retrans   2272 KB-cwnd
[2024-11-08T11:34:01.493807-0500]     9.3125 MB /   0.50 sec =  156.2438 Mbps     0 retrans   2293 KB-cwnd
[2024-11-08T11:34:01.993712-0500]     9.5625 MB /   0.50 sec =  160.4276 Mbps     0 retrans   2293 KB-cwnd
[2024-11-08T11:34:02.493761-0500]     8.2500 MB /   0.50 sec =  138.3885 Mbps     0 retrans   2389 KB-cwnd
[2024-11-08T11:34:02.993769-0500]     6.6250 MB /   0.50 sec =  111.1582 Mbps     0 retrans   2389 KB-cwnd
[2024-11-08T11:34:03.493748-0500]     6.5000 MB /   0.50 sec =  109.0519 Mbps     9 retrans   2653 KB-cwnd
[2024-11-08T11:34:03.993733-0500]     9.1875 MB /   0.50 sec =  154.1438 Mbps     0 retrans   2653 KB-cwnd
[2024-11-08T11:34:04.493780-0500]    10.5000 MB /   0.50 sec =  176.1463 Mbps     0 retrans   2653 KB-cwnd
[2024-11-08T11:34:04.993647-0500]     7.1250 MB /   0.50 sec =  119.5491 Mbps     0 retrans   2653 KB-cwnd
[2024-11-08T11:34:05.493675-0500]     5.8750 MB /   0.50 sec =   98.5725 Mbps     0 retrans   2618 KB-cwnd
[2024-11-08T11:34:05.993680-0500]    10.5000 MB /   0.50 sec =  176.1611 Mbps     0 retrans   2425 KB-cwnd
[2024-11-08T11:34:06.493687-0500]    10.1250 MB /   0.50 sec =  169.8707 Mbps     0 retrans   2504 KB-cwnd
[2024-11-08T11:34:06.993659-0500]     9.3125 MB /   0.50 sec =  156.2391 Mbps     0 retrans   2514 KB-cwnd
[2024-11-08T11:34:07.493893-0500]     9.1875 MB /   0.50 sec =  154.1357 Mbps     2 retrans   2501 KB-cwnd
[2024-11-08T11:34:07.993665-0500]     9.0625 MB /   0.50 sec =  152.0466 Mbps     0 retrans   2501 KB-cwnd
[2024-11-08T11:34:08.493670-0500]     9.2500 MB /   0.50 sec =  155.1877 Mbps     0 retrans   2501 KB-cwnd
[2024-11-08T11:34:08.993697-0500]     9.8750 MB /   0.50 sec =  165.6760 Mbps     0 retrans   2501 KB-cwnd
[2024-11-08T11:34:09.493854-0500]     6.5000 MB /   0.50 sec =  109.0249 Mbps     0 retrans   2501 KB-cwnd
[2024-11-08T11:34:09.993670-0500]    11.6250 MB /   0.50 sec =  195.0847 Mbps     0 retrans   2501 KB-cwnd
[2024-11-08T11:34:10.493706-0500]     9.5625 MB /   0.50 sec =  160.4308 Mbps     0 retrans   2501 KB-cwnd
[2024-11-08T11:34:10.993705-0500]    10.2500 MB /   0.50 sec =  171.9661 Mbps     0 retrans   2501 KB-cwnd
[2024-11-08T11:34:11.493660-0500]    10.4375 MB /   0.50 sec =  175.1157 Mbps     4 retrans   3436 KB-cwnd
[2024-11-08T11:34:11.993700-0500]     9.6875 MB /   0.50 sec =  162.5273 Mbps     0 retrans   3436 KB-cwnd
[2024-11-08T11:34:12.493658-0500]    10.0000 MB /   0.50 sec =  167.7725 Mbps     0 retrans   3436 KB-cwnd
[2024-11-08T11:34:12.993661-0500]     9.7500 MB /   0.50 sec =  163.5779 Mbps     0 retrans   3436 KB-cwnd
[2024-11-08T11:34:13.493706-0500]     9.8125 MB /   0.50 sec =  164.6245 Mbps     0 retrans   3436 KB-cwnd
[2024-11-08T11:34:13.993770-0500]     8.7500 MB /   0.50 sec =  146.7824 Mbps     0 retrans   3436 KB-cwnd
[2024-11-08T11:34:14.493599-0500]    10.8125 MB /   0.50 sec =  181.4381 Mbps     0 retrans   3436 KB-cwnd
[2024-11-08T11:34:14.993709-0500]    10.4375 MB /   0.50 sec =  175.0989 Mbps     7 retrans   2743 KB-cwnd
[2024-11-08T11:34:15.493698-0500]     5.6250 MB /   0.50 sec =   94.3709 Mbps     0 retrans   2743 KB-cwnd
[2024-11-08T11:34:15.993634-0500]     8.3125 MB /   0.50 sec =  139.4670 Mbps     0 retrans   2743 KB-cwnd
[2024-11-08T11:34:16.493696-0500]    10.3750 MB /   0.50 sec =  174.0605 Mbps     0 retrans   2743 KB-cwnd
[2024-11-08T11:34:16.993597-0500]    10.1875 MB /   0.50 sec =  170.9206 Mbps     0 retrans   2743 KB-cwnd
[2024-11-08T11:34:17.493763-0500]     9.5625 MB /   0.50 sec =  160.3943 Mbps     0 retrans   2743 KB-cwnd
[2024-11-08T11:34:17.993731-0500]    11.2500 MB /   0.50 sec =  188.7739 Mbps     0 retrans   2743 KB-cwnd
[2024-11-08T11:34:18.493702-0500]    10.0000 MB /   0.50 sec =  167.7809 Mbps     2 retrans   2890 KB-cwnd
[2024-11-08T11:34:18.993682-0500]    10.2500 MB /   0.50 sec =  171.9647 Mbps     0 retrans   2890 KB-cwnd
[2024-11-08T11:34:19.493691-0500]    10.3750 MB /   0.50 sec =  174.0664 Mbps     0 retrans   2890 KB-cwnd
[2024-11-08T11:34:19.993714-0500]     8.1250 MB /   0.50 sec =  136.3108 Mbps     0 retrans   2890 KB-cwnd
[2024-11-08T11:34:20.493577-0500]     9.7500 MB /   0.50 sec =  163.5919 Mbps     0 retrans   2890 KB-cwnd
[2024-11-08T11:34:20.993927-0500]     9.8750 MB /   0.50 sec =  165.6498 Mbps     0 retrans   2890 KB-cwnd
[2024-11-08T11:34:21.493571-0500]     9.5000 MB /   0.50 sec =  159.4094 Mbps     0 retrans   2890 KB-cwnd
[2024-11-08T11:34:21.993672-0500]     8.3750 MB /   0.50 sec =  140.4999 Mbps     0 retrans   2909 KB-cwnd
[2024-11-08T11:34:22.493757-0500]     8.6875 MB /   0.50 sec =  145.7392 Mbps     1 retrans   3039 KB-cwnd
[2024-11-08T11:34:22.993895-0500]     8.2500 MB /   0.50 sec =  138.4214 Mbps     0 retrans   3039 KB-cwnd
[2024-11-08T11:34:23.493732-0500]     2.1250 MB /   0.50 sec =   35.6496 Mbps     0 retrans   3039 KB-cwnd
[2024-11-08T11:34:23.993753-0500]     4.5000 MB /   0.50 sec =   75.4981 Mbps     0 retrans   3039 KB-cwnd
[2024-11-08T11:34:24.493700-0500]     3.8125 MB /   0.50 sec =   63.9651 Mbps     0 retrans   3039 KB-cwnd
[2024-11-08T11:34:24.993584-0500]     5.0625 MB /   0.50 sec =   84.9416 Mbps     0 retrans   3039 KB-cwnd
[2024-11-08T11:34:25.493711-0500]     6.3750 MB /   0.50 sec =  106.9483 Mbps     0 retrans   3039 KB-cwnd
[2024-11-08T11:34:25.993608-0500]     4.1250 MB /   0.50 sec =   69.2104 Mbps     0 retrans   3039 KB-cwnd
[2024-11-08T11:34:26.493657-0500]     4.0000 MB /   0.50 sec =   67.1099 Mbps     0 retrans   3039 KB-cwnd
[2024-11-08T11:34:26.993605-0500]     5.7500 MB /   0.50 sec =   96.4671 Mbps     0 retrans   3039 KB-cwnd
[2024-11-08T11:34:27.493667-0500]     6.1250 MB /   0.50 sec =  102.7561 Mbps     0 retrans   3039 KB-cwnd
[2024-11-08T11:34:27.993766-0500]     4.6875 MB /   0.50 sec =   78.6374 Mbps     0 retrans   3039 KB-cwnd
[2024-11-08T11:34:28.493729-0500]     6.8125 MB /   0.50 sec =  114.2946 Mbps     0 retrans   3039 KB-cwnd
[2024-11-08T11:34:28.993693-0500]     6.6875 MB /   0.50 sec =  112.2028 Mbps     1 retrans   2994 KB-cwnd
[2024-11-08T11:34:29.493975-0500]     4.9375 MB /   0.50 sec =   82.8229 Mbps     0 retrans   2994 KB-cwnd
[2024-11-08T11:34:29.993781-0500]     3.5625 MB /   0.50 sec =   59.7688 Mbps     0 retrans   2994 KB-cwnd
[2024-11-08T11:34:30.493622-0500]     6.5625 MB /   0.50 sec =  110.1287 Mbps     0 retrans   2994 KB-cwnd
[2024-11-08T11:34:30.993708-0500]     2.6875 MB /   0.50 sec =   45.0854 Mbps     0 retrans   2994 KB-cwnd
[2024-11-08T11:34:31.493750-0500]     2.6875 MB /   0.50 sec =   45.0846 Mbps     0 retrans   2994 KB-cwnd
[2024-11-08T11:34:31.993806-0500]     2.0625 MB /   0.50 sec =   34.5981 Mbps     0 retrans   2994 KB-cwnd
[2024-11-08T11:34:32.493982-0500]     1.7500 MB /   0.50 sec =   29.3596 Mbps     0 retrans   2994 KB-cwnd
[2024-11-08T11:34:32.993807-0500]     4.2500 MB /   0.50 sec =   71.3087 Mbps     0 retrans   2994 KB-cwnd
[2024-11-08T11:34:33.493802-0500]     2.1250 MB /   0.50 sec =   35.6516 Mbps     0 retrans   2994 KB-cwnd
[2024-11-08T11:34:33.993747-0500]     2.3750 MB /   0.50 sec =   39.8496 Mbps     0 retrans   2994 KB-cwnd
[2024-11-08T11:34:34.493769-0500]     3.8125 MB /   0.50 sec =   63.9575 Mbps     0 retrans   2994 KB-cwnd
[2024-11-08T11:34:34.993680-0500]     2.9375 MB /   0.50 sec =   49.2924 Mbps     0 retrans   2994 KB-cwnd
[2024-11-08T11:34:35.493696-0500]     2.3750 MB /   0.50 sec =   39.8454 Mbps     0 retrans   2994 KB-cwnd
[2024-11-08T11:34:35.993667-0500]     3.0625 MB /   0.50 sec =   51.3810 Mbps     0 retrans   2994 KB-cwnd
[2024-11-08T11:34:36.493697-0500]     1.5625 MB /   0.50 sec =   26.2144 Mbps     0 retrans   2994 KB-cwnd
[2024-11-08T11:34:36.993819-0500]     4.0625 MB /   0.50 sec =   68.1585 Mbps     0 retrans   2994 KB-cwnd
End time: 1731083677248
