Start time: 1730579034375
[2024-11-02T13:23:59.465401-0700] traceroute to 54.176.53.206 (54.176.53.206), 30 hops max, 60 byte packets
[2024-11-02T13:23:59.466029-0700]  1  * * *
[2024-11-02T13:23:59.466066-0700]  2  * * *
[2024-11-02T13:23:59.466092-0700]  3  * * *
[2024-11-02T13:23:59.466118-0700]  4  * * *
[2024-11-02T13:23:59.466142-0700]  5  * * *
[2024-11-02T13:24:04.472348-0700]  6  * * *
[2024-11-02T13:24:04.472807-0700]  7  * * *
[2024-11-02T13:24:04.486300-0700]  8  * * *
[2024-11-02T13:24:04.486618-0700]  9  * * *
[2024-11-02T13:24:04.486752-0700] 10  * * *
[2024-11-02T13:24:09.482045-0700] 11  * * *
[2024-11-02T13:24:09.482457-0700] 12  * * *
[2024-11-02T13:24:09.490792-0700] 13  * * *
[2024-11-02T13:24:09.499403-0700] 14  * * *
[2024-11-02T13:24:09.499667-0700] 15  * * *
[2024-11-02T13:24:14.490487-0700] 16  * * *
[2024-11-02T13:24:14.490651-0700] 17  * * *
[2024-11-02T13:24:14.494588-0700] 18  * * *
[2024-11-02T13:24:14.500063-0700] 19  * * *
[2024-11-02T13:24:14.503587-0700] 20  * * *
[2024-11-02T13:24:14.505881-0700] 21  * * *
[2024-11-02T13:24:19.498029-0700] 22  * * *
[2024-11-02T13:24:19.498328-0700] 23  * * *
[2024-11-02T13:24:19.505008-0700] 24  * * *
[2024-11-02T13:24:19.505117-0700] 25  * * *
[2024-11-02T13:24:19.505176-0700] 26  * * *
[2024-11-02T13:24:24.450221-0700] 27  * *End time: 1730579064484
