Start time: 1730764438842
[2024-11-04T17:53:59.762940-0600] nuttcp-r: v8.1.4: socket
[2024-11-04T17:53:59.763893-0600] nuttcp-r: buflen=65536, nstream=1, port=5379 tcp
[2024-11-04T17:53:59.764009-0600] nuttcp-r: interval reporting every 0.50 seconds
[2024-11-04T17:53:59.764104-0600] nuttcp-r: connect to 54.176.53.206 with RTT=66.212 ms af=inet
[2024-11-04T17:53:59.764197-0600] nuttcp-r: send window size = 2097152, receive window size = 6291456
[2024-11-04T17:53:59.764374-0600] nuttcp-r: available send window = 1572864, available receive window = 4718592
[2024-11-04T17:53:59.764464-0600]     0.4375 MB /   0.50 sec =    7.3393 Mbps     0 retrans
[2024-11-04T17:54:00.262930-0600]     4.1875 MB /   0.50 sec =   70.2549 Mbps     0 retrans
[2024-11-04T17:54:00.762938-0600]    11.6250 MB /   0.50 sec =  195.0254 Mbps     0 retrans
[2024-11-04T17:54:01.262942-0600]    21.8750 MB /   0.50 sec =  367.0258 Mbps     0 retrans
[2024-11-04T17:54:01.762879-0600]    14.8750 MB /   0.50 sec =  249.5391 Mbps     0 retrans
[2024-11-04T17:54:02.262941-0600]    19.5625 MB /   0.50 sec =  328.2122 Mbps     0 retrans
[2024-11-04T17:54:02.763064-0600]     3.3125 MB /   0.50 sec =   55.5640 Mbps     0 retrans
[2024-11-04T17:54:03.263027-0600]    21.3125 MB /   0.50 sec =  357.5787 Mbps     0 retrans
[2024-11-04T17:54:03.763017-0600]     1.1250 MB /   0.50 sec =   18.8754 Mbps     0 retrans
[2024-11-04T17:54:04.262818-0600]    18.0000 MB /   0.50 sec =  302.0485 Mbps     0 retrans
[2024-11-04T17:54:04.763399-0600]     5.1250 MB /   0.50 sec =   85.9011 Mbps     0 retrans
[2024-11-04T17:54:05.262823-0600]    19.7500 MB /   0.50 sec =  331.6531 Mbps     0 retrans
[2024-11-04T17:54:05.762948-0600]    12.0000 MB /   0.50 sec =  201.3109 Mbps     0 retrans
[2024-11-04T17:54:06.262902-0600]    11.5000 MB /   0.50 sec =  192.9453 Mbps     0 retrans
[2024-11-04T17:54:06.763102-0600]     0.6875 MB /   0.50 sec =   11.5331 Mbps     0 retrans
[2024-11-04T17:54:07.262841-0600]    11.3750 MB /   0.50 sec =  190.8645 Mbps     0 retrans
[2024-11-04T17:54:07.762932-0600]     3.8125 MB /   0.50 sec =   63.9551 Mbps     0 retrans
[2024-11-04T17:54:08.262853-0600]    15.7500 MB /   0.50 sec =  264.2771 Mbps     0 retrans
[2024-11-04T17:54:08.762951-0600]     3.1875 MB /   0.50 sec =   53.4766 Mbps     0 retrans
[2024-11-04T17:54:09.262869-0600]    14.3125 MB /   0.50 sec =  240.1181 Mbps     0 retrans
[2024-11-04T17:54:09.763103-0600]     2.5000 MB /   0.50 sec =   41.9328 Mbps     0 retrans
[2024-11-04T17:54:10.262922-0600]     7.0000 MB /   0.50 sec =  117.4703 Mbps     0 retrans
[2024-11-04T17:54:10.762975-0600]    10.3125 MB /   0.50 sec =  172.9995 Mbps     0 retrans
[2024-11-04T17:54:11.262988-0600]     0.7500 MB /   0.50 sec =   12.5820 Mbps     0 retrans
[2024-11-04T17:54:11.762845-0600]    15.0000 MB /   0.50 sec =  251.7035 Mbps     0 retrans
[2024-11-04T17:54:12.263017-0600]     1.5625 MB /   0.50 sec =   26.2083 Mbps     0 retrans
[2024-11-04T17:54:12.763070-0600]     8.1875 MB /   0.50 sec =  137.3629 Mbps     0 retrans
[2024-11-04T17:54:13.262916-0600]     2.8750 MB /   0.50 sec =   48.2450 Mbps     0 retrans
[2024-11-04T17:54:13.762795-0600]    10.9375 MB /   0.50 sec =  183.5199 Mbps     0 retrans
[2024-11-04T17:54:14.262845-0600]    13.6875 MB /   0.50 sec =  229.6257 Mbps     0 retrans
[2024-11-04T17:54:14.762866-0600]    15.8750 MB /   0.50 sec =  266.3213 Mbps     0 retrans
[2024-11-04T17:54:15.262955-0600]    14.0000 MB /   0.50 sec =  234.8660 Mbps     0 retrans
[2024-11-04T17:54:15.762968-0600]    17.3125 MB /   0.50 sec =  290.4660 Mbps     0 retrans
[2024-11-04T17:54:16.262842-0600]    18.9375 MB /   0.50 sec =  317.7541 Mbps     0 retrans
[2024-11-04T17:54:16.763024-0600]    15.1250 MB /   0.50 sec =  253.6955 Mbps     0 retrans
[2024-11-04T17:54:17.262846-0600]    13.5625 MB /   0.50 sec =  227.5920 Mbps     0 retrans
[2024-11-04T17:54:17.762964-0600]    19.9375 MB /   0.50 sec =  334.4469 Mbps     0 retrans
[2024-11-04T17:54:18.262999-0600]     9.2500 MB /   0.50 sec =  155.1914 Mbps     0 retrans
[2024-11-04T17:54:18.763029-0600]    15.1875 MB /   0.50 sec =  254.7922 Mbps     0 retrans
[2024-11-04T17:54:19.262862-0600]    21.9375 MB /   0.50 sec =  368.0951 Mbps     0 retrans
[2024-11-04T17:54:19.762983-0600]    21.6875 MB /   0.50 sec =  363.8166 Mbps     0 retrans
[2024-11-04T17:54:20.262842-0600]    23.3750 MB /   0.50 sec =  392.2286 Mbps     0 retrans
[2024-11-04T17:54:20.762935-0600]    22.0000 MB /   0.50 sec =  369.0906 Mbps     0 retrans
[2024-11-04T17:54:21.262816-0600]    17.9375 MB /   0.50 sec =  300.9521 Mbps     0 retrans
[2024-11-04T17:54:21.763003-0600]    24.6875 MB /   0.50 sec =  414.1287 Mbps     0 retrans
[2024-11-04T17:54:22.262872-0600]    32.3125 MB /   0.50 sec =  542.1821 Mbps     0 retrans
[2024-11-04T17:54:22.762890-0600]    32.9375 MB /   0.50 sec =  552.5907 Mbps     0 retrans
[2024-11-04T17:54:23.263201-0600]    13.5000 MB /   0.50 sec =  226.4268 Mbps     0 retrans
[2024-11-04T17:54:23.762908-0600]    23.7500 MB /   0.50 sec =  398.5848 Mbps     0 retrans
[2024-11-04T17:54:24.262986-0600]    27.4375 MB /   0.50 sec =  460.2475 Mbps     0 retrans
[2024-11-04T17:54:24.762817-0600]    21.6875 MB /   0.50 sec =  363.9265 Mbps     0 retrans
[2024-11-04T17:54:25.262804-0600]    23.8125 MB /   0.50 sec =  399.5138 Mbps     0 retrans
[2024-11-04T17:54:25.762813-0600]    23.7500 MB /   0.50 sec =  398.4509 Mbps     0 retrans
[2024-11-04T17:54:26.262882-0600]    24.1875 MB /   0.50 sec =  405.7843 Mbps     0 retrans
[2024-11-04T17:54:26.762892-0600]    17.1875 MB /   0.50 sec =  288.3544 Mbps     0 retrans
[2024-11-04T17:54:27.262894-0600]    28.3750 MB /   0.50 sec =  476.0459 Mbps     0 retrans
[2024-11-04T17:54:27.762917-0600]    26.5625 MB /   0.50 sec =  445.6457 Mbps     0 retrans
[2024-11-04T17:54:28.262870-0600]    24.8125 MB /   0.50 sec =  416.2880 Mbps     0 retrans
[2024-11-04T17:54:28.762993-0600]    10.9375 MB /   0.50 sec =  183.4751 Mbps     0 retrans
[2024-11-04T17:54:29.263257-0600]    10.8125 MB /   0.50 sec =  181.3634 Mbps     0 retrans
[2024-11-04T17:54:29.762810-0600]    25.5625 MB /   0.50 sec =  429.0512 Mbps     0 retrans
[2024-11-04T17:54:30.262851-0600]    14.4375 MB /   0.50 sec =  242.1997 Mbps     0 retrans
[2024-11-04T17:54:30.762916-0600]     4.8125 MB /   0.50 sec =   80.7412 Mbps     0 retrans
[2024-11-04T17:54:31.262807-0600]    19.1250 MB /   0.50 sec =  320.8880 Mbps     0 retrans
[2024-11-04T17:54:31.763037-0600]    20.7500 MB /   0.50 sec =  348.0590 Mbps     0 retrans
[2024-11-04T17:54:32.263361-0600]     0.3750 MB /   0.50 sec =    6.2888 Mbps     0 retrans
[2024-11-04T17:54:32.762890-0600]    24.9375 MB /   0.50 sec =  418.6246 Mbps     0 retrans
[2024-11-04T17:54:33.262828-0600]    15.8750 MB /   0.50 sec =  266.3506 Mbps     0 retrans
[2024-11-04T17:54:33.762897-0600]    23.5625 MB /   0.50 sec =  395.3179 Mbps     0 retrans
[2024-11-04T17:54:34.262894-0600]    27.0000 MB /   0.50 sec =  452.9269 Mbps     0 retrans
[2024-11-04T17:54:34.762908-0600]    19.3125 MB /   0.50 sec =  324.0320 Mbps     0 retrans
[2024-11-04T17:54:35.262882-0600]    21.1250 MB /   0.50 sec =  354.4201 Mbps     0 retrans
[2024-11-04T17:54:35.762955-0600]    11.6250 MB /   0.50 sec =  195.0191 Mbps     0 retrans
[2024-11-04T17:54:36.262882-0600]    21.8750 MB /   0.50 sec =  367.0200 Mbps     0 retrans
[2024-11-04T17:54:36.762819-0600]    26.6250 MB /   0.50 sec =  446.7246 Mbps     0 retrans
[2024-11-04T17:54:37.262905-0600]    24.3125 MB /   0.50 sec =  407.8659 Mbps     0 retrans
[2024-11-04T17:54:37.762845-0600]    24.1250 MB /   0.50 sec =  404.7722 Mbps     0 retrans
[2024-11-04T17:54:38.262812-0600]    20.8125 MB /   0.50 sec =  349.1863 Mbps     0 retrans
[2024-11-04T17:54:38.763033-0600]    15.2500 MB /   0.50 sec =  255.7687 Mbps     0 retrans
[2024-11-04T17:54:39.262831-0600]    20.0625 MB /   0.50 sec =  336.6979 Mbps     0 retrans
[2024-11-04T17:54:39.762916-0600]    19.1250 MB /   0.50 sec =  320.8533 Mbps     0 retrans
[2024-11-04T17:54:40.262961-0600]    24.2500 MB /   0.50 sec =  406.8556 Mbps     0 retrans
[2024-11-04T17:54:40.762872-0600]    25.7500 MB /   0.50 sec =  432.0090 Mbps     0 retrans
[2024-11-04T17:54:41.262829-0600]    28.2500 MB /   0.50 sec =  473.9668 Mbps     0 retrans
[2024-11-04T17:54:41.763136-0600]    18.3750 MB /   0.50 sec =  308.2764 Mbps     0 retrans
[2024-11-04T17:54:42.262910-0600]    14.7500 MB /   0.50 sec =  247.4328 Mbps     0 retrans
[2024-11-04T17:54:42.762953-0600]    18.6875 MB /   0.50 sec =  313.5324 Mbps     0 retrans
[2024-11-04T17:54:43.262832-0600]    31.0000 MB /   0.50 sec =  520.1603 Mbps     0 retrans
[2024-11-04T17:54:43.762972-0600]    32.5625 MB /   0.50 sec =  546.2251 Mbps     0 retrans
[2024-11-04T17:54:44.262858-0600]    29.8750 MB /   0.50 sec =  501.2564 Mbps     0 retrans
[2024-11-04T17:54:44.762911-0600]    29.5625 MB /   0.50 sec =  495.9219 Mbps     0 retrans
[2024-11-04T17:54:45.262938-0600]    30.0000 MB /   0.50 sec =  503.3578 Mbps     0 retrans
[2024-11-04T17:54:45.762918-0600]    33.4375 MB /   0.50 sec =  561.0185 Mbps     0 retrans
[2024-11-04T17:54:46.262833-0600]    36.0000 MB /   0.50 sec =  604.0100 Mbps     0 retrans
[2024-11-04T17:54:46.762898-0600]    34.7500 MB /   0.50 sec =  582.9803 Mbps     0 retrans
[2024-11-04T17:54:47.263035-0600]    34.4375 MB /   0.50 sec =  577.7261 Mbps     0 retrans
[2024-11-04T17:54:47.762818-0600]    32.0000 MB /   0.50 sec =  536.9203 Mbps     0 retrans
[2024-11-04T17:54:48.263018-0600]    35.8750 MB /   0.50 sec =  601.7671 Mbps     0 retrans
[2024-11-04T17:54:48.762925-0600]    31.1250 MB /   0.50 sec =  522.2514 Mbps     0 retrans
[2024-11-04T17:54:49.262911-0600]    32.6250 MB /   0.50 sec =  547.3632 Mbps     0 retrans
[2024-11-04T17:54:49.762906-0600]    30.9375 MB /   0.50 sec =  519.0669 Mbps     0 retrans
[2024-11-04T17:54:50.263094-0600]    27.5000 MB /   0.50 sec =  461.1927 Mbps     0 retrans
[2024-11-04T17:54:50.762937-0600]    32.5625 MB /   0.50 sec =  546.4994 Mbps     0 retrans
[2024-11-04T17:54:51.262839-0600]    31.7500 MB /   0.50 sec =  532.7054 Mbps     0 retrans
[2024-11-04T17:54:51.762850-0600]    34.0000 MB /   0.50 sec =  570.4413 Mbps     0 retrans
[2024-11-04T17:54:52.262898-0600]    27.6875 MB /   0.50 sec =  464.4987 Mbps     0 retrans
[2024-11-04T17:54:52.762998-0600]    16.0000 MB /   0.50 sec =  268.4306 Mbps     0 retrans
[2024-11-04T17:54:53.262866-0600]    22.9375 MB /   0.50 sec =  384.8112 Mbps     0 retrans
[2024-11-04T17:54:53.762851-0600]    17.8125 MB /   0.50 sec =  298.8489 Mbps     0 retrans
[2024-11-04T17:54:54.262883-0600]    21.0000 MB /   0.50 sec =  352.3335 Mbps     0 retrans
[2024-11-04T17:54:54.762888-0600]    29.6875 MB /   0.50 sec =  498.0816 Mbps     0 retrans
[2024-11-04T17:54:55.262869-0600]    25.8750 MB /   0.50 sec =  434.1113 Mbps     0 retrans
[2024-11-04T17:54:55.762908-0600]    17.9375 MB /   0.50 sec =  300.9383 Mbps     0 retrans
[2024-11-04T17:54:56.262942-0600]    27.9375 MB /   0.50 sec =  468.6825 Mbps     0 retrans
[2024-11-04T17:54:56.762892-0600]    32.5000 MB /   0.50 sec =  545.2933 Mbps     0 retrans
[2024-11-04T17:54:57.262921-0600]    41.1875 MB /   0.50 sec =  690.9853 Mbps     0 retrans
[2024-11-04T17:54:57.763084-0600]    41.4375 MB /   0.50 sec =  695.2281 Mbps     0 retrans
[2024-11-04T17:54:58.262928-0600]    41.0625 MB /   0.50 sec =  688.8703 Mbps     0 retrans
[2024-11-04T17:54:58.762802-0600]    33.5625 MB /   0.50 sec =  563.1619 Mbps     0 retrans
[2024-11-04T17:54:59.262885-0600]    40.5000 MB /   0.50 sec =  679.4392 Mbps     0 retrans
[2024-11-04T17:54:59.762933-0600]    40.6250 MB /   0.50 sec =  681.5635 Mbps     0 retrans
[2024-11-04T17:55:00.262884-0600]    44.4375 MB /   0.50 sec =  745.5539 Mbps     0 retrans
[2024-11-04T17:55:00.762877-0600]    36.8125 MB /   0.50 sec =  617.6150 Mbps     0 retrans
[2024-11-04T17:55:01.262822-0600]    32.0000 MB /   0.50 sec =  536.8827 Mbps     0 retrans
[2024-11-04T17:55:01.762914-0600]    38.6875 MB /   0.50 sec =  649.0361 Mbps     0 retrans
[2024-11-04T17:55:02.262867-0600]    35.8750 MB /   0.50 sec =  601.8971 Mbps     0 retrans
[2024-11-04T17:55:02.762924-0600]    33.8750 MB /   0.50 sec =  568.3055 Mbps     0 retrans
[2024-11-04T17:55:03.263064-0600]    43.2500 MB /   0.50 sec =  725.5058 Mbps     0 retrans
[2024-11-04T17:55:03.762929-0600]    47.1875 MB /   0.50 sec =  791.8142 Mbps     0 retrans
[2024-11-04T17:55:04.262843-0600]    47.5625 MB /   0.50 sec =  797.9775 Mbps     0 retrans
[2024-11-04T17:55:04.762941-0600]    42.4375 MB /   0.50 sec =  711.9105 Mbps     0 retrans
[2024-11-04T17:55:05.262949-0600]    30.8750 MB /   0.50 sec =  518.0142 Mbps     0 retrans
[2024-11-04T17:55:05.763091-0600]    31.2500 MB /   0.50 sec =  524.2544 Mbps     0 retrans
[2024-11-04T17:55:06.262864-0600]    46.1875 MB /   0.50 sec =  775.0031 Mbps     0 retrans
[2024-11-04T17:55:06.762905-0600]    48.5625 MB /   0.50 sec =  814.7338 Mbps     0 retrans
[2024-11-04T17:55:07.263004-0600]    46.8750 MB /   0.50 sec =  786.2606 Mbps     0 retrans
[2024-11-04T17:55:07.762954-0600]    42.4375 MB /   0.50 sec =  712.0856 Mbps     0 retrans
[2024-11-04T17:55:08.262851-0600]     6.4375 MB /   0.50 sec =  108.0126 Mbps     0 retrans
[2024-11-04T17:55:08.762797-0600]    35.5625 MB /   0.50 sec =  596.6720 Mbps     0 retrans
[2024-11-04T17:55:09.262891-0600]    44.4375 MB /   0.50 sec =  745.4898 Mbps     0 retrans
[2024-11-04T17:55:09.762889-0600]    45.8750 MB /   0.50 sec =  769.6517 Mbps     0 retrans
[2024-11-04T17:55:10.262925-0600]    46.7500 MB /   0.50 sec =  784.3003 Mbps     0 retrans
[2024-11-04T17:55:10.762911-0600]    46.6250 MB /   0.50 sec =  782.2627 Mbps     0 retrans
[2024-11-04T17:55:11.262864-0600]    39.7500 MB /   0.50 sec =  666.9023 Mbps     0 retrans
[2024-11-04T17:55:11.762923-0600]    40.1875 MB /   0.50 sec =  674.2007 Mbps     0 retrans
[2024-11-04T17:55:12.263008-0600]    36.1250 MB /   0.50 sec =  606.1072 Mbps     0 retrans
[2024-11-04T17:55:12.762887-0600]    32.8750 MB /   0.50 sec =  551.5532 Mbps     0 retrans
[2024-11-04T17:55:13.262896-0600]    29.0625 MB /   0.50 sec =  487.5683 Mbps     0 retrans
[2024-11-04T17:55:13.762824-0600]    29.6875 MB /   0.50 sec =  498.1224 Mbps     0 retrans
[2024-11-04T17:55:14.262933-0600]    28.2500 MB /   0.50 sec =  473.9071 Mbps     0 retrans
[2024-11-04T17:55:14.762942-0600]    31.9375 MB /   0.50 sec =  535.8331 Mbps     0 retrans
[2024-11-04T17:55:15.262841-0600]    35.9375 MB /   0.50 sec =  602.9469 Mbps     0 retrans
[2024-11-04T17:55:15.763012-0600]    23.8125 MB /   0.50 sec =  399.4292 Mbps     0 retrans
[2024-11-04T17:55:16.262861-0600]    39.3125 MB /   0.50 sec =  659.7113 Mbps     0 retrans
[2024-11-04T17:55:16.762948-0600]    38.3125 MB /   0.50 sec =  642.7347 Mbps     0 retrans
[2024-11-04T17:55:17.262888-0600]    41.1250 MB /   0.50 sec =  689.9809 Mbps     0 retrans
[2024-11-04T17:55:17.762904-0600]    32.6875 MB /   0.50 sec =  548.4042 Mbps     0 retrans
[2024-11-04T17:55:18.263051-0600]    29.6250 MB /   0.50 sec =  496.9992 Mbps     0 retrans
[2024-11-04T17:55:18.762912-0600]    32.5000 MB /   0.50 sec =  545.2911 Mbps     0 retrans
[2024-11-04T17:55:19.262852-0600]    30.7500 MB /   0.50 sec =  515.9056 Mbps     0 retrans
[2024-11-04T17:55:19.762893-0600]    35.5625 MB /   0.50 sec =  596.6338 Mbps     0 retrans
[2024-11-04T17:55:20.262934-0600]    11.5000 MB /   0.50 sec =  192.9179 Mbps     0 retrans
[2024-11-04T17:55:20.762844-0600]    21.0625 MB /   0.50 sec =  353.4231 Mbps     0 retrans
[2024-11-04T17:55:21.262851-0600]    38.7500 MB /   0.50 sec =  650.0677 Mbps     0 retrans
[2024-11-04T17:55:21.762901-0600]    33.5625 MB /   0.50 sec =  563.0954 Mbps     0 retrans
[2024-11-04T17:55:22.262942-0600]    27.3125 MB /   0.50 sec =  458.1892 Mbps     0 retrans
[2024-11-04T17:55:22.762838-0600]    28.8750 MB /   0.50 sec =  484.5080 Mbps     0 retrans
[2024-11-04T17:55:23.262962-0600]    22.6875 MB /   0.50 sec =  380.6118 Mbps     0 retrans
[2024-11-04T17:55:23.762961-0600]    37.7500 MB /   0.50 sec =  633.2753 Mbps     0 retrans
[2024-11-04T17:55:24.262871-0600]    36.5000 MB /   0.50 sec =  612.4480 Mbps     0 retrans
[2024-11-04T17:55:24.762905-0600]    38.4375 MB /   0.50 sec =  644.8446 Mbps     0 retrans
[2024-11-04T17:55:25.262827-0600]    39.8750 MB /   0.50 sec =  669.0290 Mbps     0 retrans
[2024-11-04T17:55:25.762905-0600]    43.1875 MB /   0.50 sec =  724.5443 Mbps     0 retrans
[2024-11-04T17:55:26.262816-0600]    42.9375 MB /   0.50 sec =  720.4106 Mbps     0 retrans
[2024-11-04T17:55:26.762945-0600]    47.9375 MB /   0.50 sec =  804.1500 Mbps     0 retrans
[2024-11-04T17:55:27.263199-0600]    51.5000 MB /   0.50 sec =  863.8210 Mbps     0 retrans
[2024-11-04T17:55:27.762942-0600]    51.3750 MB /   0.50 sec =  862.1830 Mbps     0 retrans
[2024-11-04T17:55:28.262865-0600]    51.9375 MB /   0.50 sec =  871.3876 Mbps     0 retrans
[2024-11-04T17:55:28.762924-0600]    51.0625 MB /   0.50 sec =  856.6677 Mbps     0 retrans
[2024-11-04T17:55:29.263288-0600]    53.6250 MB /   0.50 sec =  899.0543 Mbps     0 retrans
[2024-11-04T17:55:29.763035-0600]    27.3750 MB /   0.50 sec =  459.5419 Mbps     0 retrans
[2024-11-04T17:55:30.262884-0600]    49.0625 MB /   0.50 sec =  823.2474 Mbps     0 retrans
[2024-11-04T17:55:30.762904-0600]    50.3125 MB /   0.50 sec =  844.0986 Mbps     0 retrans
[2024-11-04T17:55:31.262884-0600]    47.8750 MB /   0.50 sec =  803.2205 Mbps     0 retrans
[2024-11-04T17:55:31.762938-0600]    40.8750 MB /   0.50 sec =  685.7084 Mbps     0 retrans
[2024-11-04T17:55:32.263184-0600]    49.7500 MB /   0.50 sec =  834.4812 Mbps     0 retrans
[2024-11-04T17:55:32.763131-0600]    42.8750 MB /   0.50 sec =  719.2512 Mbps     0 retrans
[2024-11-04T17:55:33.262799-0600]    48.2500 MB /   0.50 sec =  809.8748 Mbps     0 retrans
[2024-11-04T17:55:33.762889-0600]    33.5000 MB /   0.50 sec =  562.0075 Mbps     0 retrans
[2024-11-04T17:55:34.262821-0600]    40.4375 MB /   0.50 sec =  678.4558 Mbps     0 retrans
[2024-11-04T17:55:34.763023-0600]    48.1250 MB /   0.50 sec =  807.2614 Mbps     0 retrans
[2024-11-04T17:55:35.262921-0600]    46.1250 MB /   0.50 sec =  773.9064 Mbps     0 retrans
[2024-11-04T17:55:35.762952-0600]    37.6250 MB /   0.50 sec =  631.2415 Mbps     0 retrans
[2024-11-04T17:55:36.262803-0600]    43.0000 MB /   0.50 sec =  721.5054 Mbps     0 retrans
[2024-11-04T17:55:36.762913-0600]    49.5625 MB /   0.50 sec =  831.4659 Mbps     0 retrans
[2024-11-04T17:55:37.262858-0600]    46.1250 MB /   0.50 sec =  773.8228 Mbps     0 retrans
[2024-11-04T17:55:37.762823-0600]    50.3125 MB /   0.50 sec =  844.1797 Mbps     0 retrans
[2024-11-04T17:55:38.262891-0600]    51.9375 MB /   0.50 sec =  871.2952 Mbps     0 retrans
[2024-11-04T17:55:38.762918-0600]    50.5625 MB /   0.50 sec =  848.3099 Mbps     0 retrans
[2024-11-04T17:55:39.262924-0600]    53.3125 MB /   0.50 sec =  894.3656 Mbps     0 retrans
[2024-11-04T17:55:39.763104-0600]    49.0625 MB /   0.50 sec =  823.0038 Mbps     0 retrans
[2024-11-04T17:55:40.262834-0600]    20.2500 MB /   0.50 sec =  339.8338 Mbps     0 retrans
[2024-11-04T17:55:40.762819-0600]    19.0625 MB /   0.50 sec =  319.8214 Mbps     0 retrans
[2024-11-04T17:55:41.262865-0600]    51.8125 MB /   0.50 sec =  869.1895 Mbps     0 retrans
[2024-11-04T17:55:41.762918-0600]    44.6250 MB /   0.50 sec =  748.7147 Mbps     0 retrans
[2024-11-04T17:55:42.263575-0600]    43.2500 MB /   0.50 sec =  724.9882 Mbps     0 retrans
[2024-11-04T17:55:42.762876-0600]    48.1250 MB /   0.50 sec =  808.0888 Mbps     0 retrans
[2024-11-04T17:55:43.263078-0600]    50.3750 MB /   0.50 sec =  845.1303 Mbps     0 retrans
[2024-11-04T17:55:43.762880-0600]    53.3750 MB /   0.50 sec =  895.5197 Mbps     0 retrans
[2024-11-04T17:55:44.262813-0600]    48.0000 MB /   0.50 sec =  805.3611 Mbps     0 retrans
[2024-11-04T17:55:44.762904-0600]    31.7500 MB /   0.50 sec =  532.6372 Mbps     0 retrans
[2024-11-04T17:55:45.263029-0600]    45.5625 MB /   0.50 sec =  764.3783 Mbps     0 retrans
[2024-11-04T17:55:45.762992-0600]    38.4375 MB /   0.50 sec =  644.8007 Mbps     0 retrans
[2024-11-04T17:55:46.263153-0600]    46.9375 MB /   0.50 sec =  787.2381 Mbps     0 retrans
[2024-11-04T17:55:46.762936-0600]    29.6250 MB /   0.50 sec =  497.2309 Mbps     0 retrans
[2024-11-04T17:55:47.262975-0600]    33.0000 MB /   0.50 sec =  553.6038 Mbps     0 retrans
[2024-11-04T17:55:47.762851-0600]    33.8125 MB /   0.50 sec =  567.3829 Mbps     0 retrans
[2024-11-04T17:55:48.262829-0600]    30.3750 MB /   0.50 sec =  509.6120 Mbps     0 retrans
[2024-11-04T17:55:48.762855-0600]    10.9375 MB /   0.50 sec =  183.4883 Mbps     0 retrans
[2024-11-04T17:55:49.262931-0600]    12.0000 MB /   0.50 sec =  201.3282 Mbps     0 retrans
[2024-11-04T17:55:49.763111-0600]    15.7500 MB /   0.50 sec =  264.2359 Mbps     0 retrans
[2024-11-04T17:55:50.262810-0600]    19.8125 MB /   0.50 sec =  332.4298 Mbps     0 retrans
[2024-11-04T17:55:50.763057-0600]    20.1875 MB /   0.50 sec =  338.6271 Mbps     0 retrans
[2024-11-04T17:55:51.262832-0600]    22.8125 MB /   0.50 sec =  382.7999 Mbps     0 retrans
[2024-11-04T17:55:51.762921-0600]    20.2500 MB /   0.50 sec =  339.7060 Mbps     0 retrans
[2024-11-04T17:55:52.263042-0600]    28.1250 MB /   0.50 sec =  471.8743 Mbps     0 retrans
[2024-11-04T17:55:52.762900-0600]    27.9375 MB /   0.50 sec =  468.7163 Mbps     0 retrans
[2024-11-04T17:55:53.262970-0600]    31.6875 MB /   0.50 sec =  531.5940 Mbps     0 retrans
[2024-11-04T17:55:53.762892-0600]    30.2500 MB /   0.50 sec =  507.5382 Mbps     0 retrans
[2024-11-04T17:55:54.263149-0600]    35.0000 MB /   0.50 sec =  586.9255 Mbps     0 retrans
[2024-11-04T17:55:54.762900-0600]    31.3125 MB /   0.50 sec =  525.5836 Mbps     0 retrans
[2024-11-04T17:55:55.262861-0600]    30.3750 MB /   0.50 sec =  509.6253 Mbps     0 retrans
[2024-11-04T17:55:55.763066-0600]    31.0000 MB /   0.50 sec =  520.0771 Mbps     0 retrans
[2024-11-04T17:55:56.262851-0600]    26.4375 MB /   0.50 sec =  443.5601 Mbps     0 retrans
[2024-11-04T17:55:56.762941-0600]    25.7500 MB /   0.50 sec =  431.9900 Mbps     0 retrans
[2024-11-04T17:55:57.262889-0600]     1.3750 MB /   0.50 sec =   23.0675 Mbps     0 retrans
[2024-11-04T17:55:57.762910-0600]    19.0000 MB /   0.50 sec =  318.7990 Mbps     0 retrans
[2024-11-04T17:55:58.262982-0600]    29.8750 MB /   0.50 sec =  501.1331 Mbps     0 retrans
[2024-11-04T17:55:58.763268-0600]    29.5625 MB /   0.50 sec =  495.7107 Mbps     0 retrans
[2024-11-04T17:55:59.262829-0600]    26.0625 MB /   0.50 sec =  437.5791 Mbps     0 retrans
[2024-11-04T17:55:59.762927-0600]    29.1875 MB /   0.50 sec =  489.6478 Mbps     0 retrans
End time: 1730764559979
