Start time: 1745267677757
Connecting to host 34.86.116.81, port 5209
Reverse mode, remote host 34.86.116.81 is sending
[  5] local 192.0.0.2 port 40870 connected to 34.86.116.81 port 5209
[ ID] Interval           Transfer     Bitrate
[  5]   0.00-0.10   sec  58.6 KBytes  4.79 Mbits/sec                  
[  5]   0.10-0.20   sec   141 KBytes  11.6 Mbits/sec                  
[  5]   0.20-0.30   sec   121 KBytes  9.94 Mbits/sec                  
[  5]   0.30-0.40   sec   178 KBytes  14.6 Mbits/sec                  
[  5]   0.40-0.50   sec   208 KBytes  17.0 Mbits/sec                  
[  5]   0.50-0.60   sec   304 KBytes  24.9 Mbits/sec                  
[  5]   0.60-0.70   sec  28.0 KBytes  2.29 Mbits/sec                  
[  5]   0.70-0.80   sec   181 KBytes  14.8 Mbits/sec                  
[  5]   0.80-0.90   sec   204 KBytes  16.7 Mbits/sec                  
[  5]   0.90-1.00   sec   107 KBytes  8.75 Mbits/sec                  
[  5]   1.00-1.10   sec   184 KBytes  15.0 Mbits/sec                  
[  5]   1.10-1.20   sec  51.9 KBytes  4.27 Mbits/sec                  
[  5]   1.20-1.30   sec  85.2 KBytes  6.98 Mbits/sec                  
[  5]   1.30-1.40   sec  14.7 KBytes  1.20 Mbits/sec                  
[  5]   1.40-1.50   sec   384 KBytes  31.4 Mbits/sec                  
[  5]   1.50-1.60   sec  6.66 KBytes   545 Kbits/sec                  
[  5]   1.60-1.70   sec  48.0 KBytes  3.93 Mbits/sec                  
[  5]   1.70-1.80   sec  0.00 Bytes  0.00 bits/sec                  
[  5]   1.80-1.90   sec  0.00 Bytes  0.00 bits/sec                  
[  5]   1.90-2.00   sec   444 KBytes  36.4 Mbits/sec                  
[  5]   2.00-2.10   sec   178 KBytes  14.6 Mbits/sec                  
[  5]   2.10-2.20   sec   193 KBytes  15.8 Mbits/sec                  
[  5]   2.20-2.30   sec   272 KBytes  22.3 Mbits/sec                  
[  5]   2.30-2.40   sec   192 KBytes  15.7 Mbits/sec                  
[  5]   2.40-2.50   sec  0.00 Bytes  0.00 bits/sec                  
[  5]   2.50-2.60   sec  0.00 Bytes  0.00 bits/sec                  
[  5]   2.60-2.70   sec  0.00 Bytes  0.00 bits/sec                  
[  5]   2.70-2.80   sec  0.00 Bytes  0.00 bits/sec                  
[  5]   2.80-2.90   sec   711 KBytes  58.6 Mbits/sec                  
[  5]   2.90-3.00   sec   222 KBytes  18.2 Mbits/sec                  
[  5]   3.00-3.10   sec  87.9 KBytes  7.21 Mbits/sec                  
[  5]   3.10-3.20   sec   346 KBytes  28.4 Mbits/sec                  
[  5]   3.20-3.30   sec   222 KBytes  18.2 Mbits/sec                  
[  5]   3.30-3.40   sec   226 KBytes  18.6 Mbits/sec                  
[  5]   3.40-3.50   sec   229 KBytes  18.7 Mbits/sec                  
[  5]   3.50-3.60   sec   229 KBytes  18.8 Mbits/sec                  
[  5]   3.60-3.70   sec   293 KBytes  24.0 Mbits/sec                  
[  5]   3.70-3.80   sec   258 KBytes  21.2 Mbits/sec                  
[  5]   3.80-3.90   sec   296 KBytes  24.2 Mbits/sec                  
[  5]   3.90-4.00   sec   285 KBytes  23.4 Mbits/sec                  
[  5]   4.00-4.10   sec   296 KBytes  24.2 Mbits/sec                  
[  5]   4.10-4.20   sec   274 KBytes  22.5 Mbits/sec                  
[  5]   4.20-4.30   sec   292 KBytes  23.9 Mbits/sec                  
[  5]   4.30-4.40   sec   350 KBytes  28.7 Mbits/sec                  
[  5]   4.40-4.50   sec   350 KBytes  28.7 Mbits/sec                  
[  5]   4.50-4.60   sec   345 KBytes  28.2 Mbits/sec                  
[  5]   4.60-4.70   sec   214 KBytes  17.6 Mbits/sec                  
[  5]   4.70-4.80   sec   494 KBytes  40.5 Mbits/sec                  
[  5]   4.80-4.90   sec   389 KBytes  31.9 Mbits/sec                  
[  5]   4.90-5.00   sec   425 KBytes  34.8 Mbits/sec                  
- - - - - - - - - - - - - - - - - - - - - - - - -
[ ID] Interval           Transfer     Bitrate         Retr
[  5]   0.00-5.07   sec   288 MBytes   476 Mbits/sec   28             sender
[  5]   0.00-5.00   sec  10.2 MBytes  17.1 Mbits/sec                  receiver

iperf Done.
End time: 1745267683610
