Start time: 1730501453489
[2024-11-01T15:50:58.558986-0700] traceroute to 54.176.53.206 (54.176.53.206), 30 hops max, 60 byte packets
[2024-11-01T15:50:58.559614-0700]  1  * * *
[2024-11-01T15:50:58.559652-0700]  2  * * *
[2024-11-01T15:50:58.564530-0700]  3  * * *
[2024-11-01T15:50:58.564645-0700]  4  * * *
[2024-11-01T15:50:58.564693-0700]  5  * * *
[2024-11-01T15:51:03.566076-0700]  6  * * *
[2024-11-01T15:51:03.566440-0700]  7  * * *
[2024-11-01T15:51:03.566532-0700]  8  * * *
[2024-11-01T15:51:03.579820-0700]  9  * * *
[2024-11-01T15:51:03.580135-0700] 10  * * *
[2024-11-01T15:51:08.573451-0700] 11  * * *
[2024-11-01T15:51:08.573749-0700] 12  * * *
[2024-11-01T15:51:08.579737-0700] 13  * * *
[2024-11-01T15:51:08.586169-0700] 14  * * *
[2024-11-01T15:51:08.586406-0700] 15  * * *
[2024-11-01T15:51:13.580942-0700] 16  * * *
[2024-11-01T15:51:13.581227-0700] 17  * * *
[2024-11-01T15:51:13.589020-0700] 18  * * *
[2024-11-01T15:51:13.589242-0700] 19  * * *
[2024-11-01T15:51:13.597497-0700] 20  * * *
[2024-11-01T15:51:13.597714-0700] 21  * * *
[2024-11-01T15:51:18.590538-0700] 22  * * *
[2024-11-01T15:51:18.600669-0700] 23  * * *
[2024-11-01T15:51:18.600979-0700] 24  * * *
[2024-11-01T15:51:18.608593-0700] 25  * * *
[2024-11-01T15:51:18.608659-0700] 26  * * *
[2024-11-01T15:51:23.551194-0700] 27  * *End time: 1730501483608
