Start time: 1730766509063
[2024-11-04T18:28:34.130890-0600] traceroute to 54.176.53.206 (54.176.53.206), 30 hops max, 60 byte packets
[2024-11-04T18:28:34.131506-0600]  1  * * *
[2024-11-04T18:28:34.131555-0600]  2  * * *
[2024-11-04T18:28:34.131585-0600]  3  * * *
[2024-11-04T18:28:34.131610-0600]  4  * * *
[2024-11-04T18:28:34.131635-0600]  5  * * *
[2024-11-04T18:28:39.137972-0600]  6  * * *
[2024-11-04T18:28:39.138395-0600]  7  * * *
[2024-11-04T18:28:39.138531-0600]  8  * * *
[2024-11-04T18:28:39.152216-0600]  9  * * *
[2024-11-04T18:28:39.152571-0600] 10  * * *
[2024-11-04T18:28:44.146206-0600] 11  * * *
[2024-11-04T18:28:44.146680-0600] 12  * * *
[2024-11-04T18:28:44.153894-0600] 13  * * *
[2024-11-04T18:28:44.154067-0600] 14  * * *
[2024-11-04T18:28:44.164139-0600] 15  * * *
[2024-11-04T18:28:49.154215-0600] 16  * * *
[2024-11-04T18:28:49.154620-0600] 17  * * *
[2024-11-04T18:28:49.160097-0600] 18  * * *
[2024-11-04T18:28:49.166426-0600] 19  * * *
[2024-11-04T18:28:49.166577-0600] 20  * * *
[2024-11-04T18:28:49.172058-0600] 21  * * *
[2024-11-04T18:28:54.163432-0600] 22  * * *
[2024-11-04T18:28:54.163864-0600] 23  * * *
[2024-11-04T18:28:54.171999-0600] 24  * * *
[2024-11-04T18:28:54.172164-0600] 25  * * *
[2024-11-04T18:28:54.178138-0600] 26  * * *
[2024-11-04T18:28:59.120241-0600] 27  * *End time: 1730766539213
