Start time: 1730670138228
[2024-11-03T14:42:19.099300-0700] nuttcp-r: v8.1.4: socket
[2024-11-03T14:42:19.099890-0700] nuttcp-r: buflen=65536, nstream=1, port=5379 tcp
[2024-11-03T14:42:19.099922-0700] nuttcp-r: interval reporting every 0.50 seconds
[2024-11-03T14:42:19.099947-0700] nuttcp-r: connect to 54.176.53.206 with RTT=63.992 ms af=inet
[2024-11-03T14:42:19.099971-0700] nuttcp-r: send window size = 2097152, receive window size = 6291456
[2024-11-03T14:42:19.099994-0700] nuttcp-r: available send window = 1572864, available receive window = 4718592
[2024-11-03T14:42:19.100017-0700]     0.2500 MB /   0.50 sec =    4.1938 Mbps     0 retrans
[2024-11-03T14:42:19.599261-0700]     0.5625 MB /   0.50 sec =    9.4366 Mbps     0 retrans
[2024-11-03T14:42:20.099254-0700]     0.5625 MB /   0.50 sec =    9.4371 Mbps     0 retrans
[2024-11-03T14:42:20.599302-0700]     0.6250 MB /   0.50 sec =   10.4859 Mbps     0 retrans
[2024-11-03T14:42:21.099238-0700]     0.7500 MB /   0.50 sec =   12.5832 Mbps     0 retrans
[2024-11-03T14:42:21.599219-0700]     0.7500 MB /   0.50 sec =   12.5833 Mbps     0 retrans
[2024-11-03T14:42:22.099174-0700]     0.7500 MB /   0.50 sec =   12.5829 Mbps     0 retrans
[2024-11-03T14:42:22.599576-0700]     0.0625 MB /   0.50 sec =    1.0484 Mbps     0 retrans
[2024-11-03T14:42:23.099374-0700]     0.0000 MB /   0.50 sec =    0.0000 Mbps     0 retrans
[2024-11-03T14:42:23.599214-0700]     0.1875 MB /   0.50 sec =    3.1462 Mbps     0 retrans
[2024-11-03T14:42:24.099302-0700]     0.8125 MB /   0.50 sec =   13.6306 Mbps     0 retrans
[2024-11-03T14:42:24.599248-0700]     0.8750 MB /   0.50 sec =   14.6810 Mbps     0 retrans
[2024-11-03T14:42:25.099170-0700]     1.0000 MB /   0.50 sec =   16.7785 Mbps     0 retrans
[2024-11-03T14:42:25.599179-0700]     1.1875 MB /   0.50 sec =   19.9223 Mbps     0 retrans
[2024-11-03T14:42:26.099166-0700]     1.2500 MB /   0.50 sec =   20.9722 Mbps     0 retrans
[2024-11-03T14:42:26.599144-0700]     1.3750 MB /   0.50 sec =   23.0690 Mbps     0 retrans
[2024-11-03T14:42:27.099297-0700]     1.3750 MB /   0.50 sec =   23.0651 Mbps     0 retrans
[2024-11-03T14:42:27.599197-0700]     1.7500 MB /   0.50 sec =   29.3638 Mbps     0 retrans
[2024-11-03T14:42:28.099225-0700]     1.6875 MB /   0.50 sec =   28.3104 Mbps     0 retrans
[2024-11-03T14:42:28.599205-0700]     1.9375 MB /   0.50 sec =   32.5066 Mbps     0 retrans
[2024-11-03T14:42:29.099252-0700]     1.8750 MB /   0.50 sec =   31.4561 Mbps     0 retrans
[2024-11-03T14:42:29.599303-0700]     1.9375 MB /   0.50 sec =   32.5070 Mbps     0 retrans
[2024-11-03T14:42:30.099240-0700]     1.8125 MB /   0.50 sec =   30.4074 Mbps     0 retrans
[2024-11-03T14:42:30.599246-0700]     2.3125 MB /   0.50 sec =   38.7971 Mbps     0 retrans
[2024-11-03T14:42:31.099189-0700]     2.4375 MB /   0.50 sec =   40.8943 Mbps     0 retrans
[2024-11-03T14:42:31.599243-0700]     2.4375 MB /   0.50 sec =   40.8951 Mbps     0 retrans
[2024-11-03T14:42:32.099144-0700]     2.8125 MB /   0.50 sec =   47.1896 Mbps     0 retrans
[2024-11-03T14:42:32.599249-0700]     2.5000 MB /   0.50 sec =   41.9404 Mbps     0 retrans
[2024-11-03T14:42:33.099152-0700]     2.8750 MB /   0.50 sec =   48.2370 Mbps     0 retrans
[2024-11-03T14:42:33.599269-0700]     2.8125 MB /   0.50 sec =   47.1796 Mbps     0 retrans
[2024-11-03T14:42:34.099233-0700]     2.5000 MB /   0.50 sec =   41.9461 Mbps     0 retrans
[2024-11-03T14:42:34.599313-0700]     3.1250 MB /   0.50 sec =   52.4210 Mbps     0 retrans
[2024-11-03T14:42:35.099253-0700]     3.0625 MB /   0.50 sec =   51.3868 Mbps     0 retrans
[2024-11-03T14:42:35.599251-0700]     1.1250 MB /   0.50 sec =   18.8745 Mbps     0 retrans
[2024-11-03T14:42:36.099239-0700]     2.8750 MB /   0.50 sec =   48.2341 Mbps     0 retrans
[2024-11-03T14:42:36.599290-0700]     3.0000 MB /   0.50 sec =   50.3272 Mbps     0 retrans
[2024-11-03T14:42:37.099188-0700]     3.0000 MB /   0.50 sec =   50.3407 Mbps     0 retrans
[2024-11-03T14:42:37.599202-0700]     3.1250 MB /   0.50 sec =   52.4264 Mbps     0 retrans
[2024-11-03T14:42:38.099383-0700]     2.6875 MB /   0.50 sec =   45.0880 Mbps     0 retrans
[2024-11-03T14:42:38.599215-0700]     2.3750 MB /   0.50 sec =   39.8468 Mbps     0 retrans
[2024-11-03T14:42:39.099217-0700]     2.5000 MB /   0.50 sec =   41.9385 Mbps     0 retrans
[2024-11-03T14:42:39.599292-0700]     2.9375 MB /   0.50 sec =   49.2840 Mbps     0 retrans
[2024-11-03T14:42:40.099212-0700]     2.4375 MB /   0.50 sec =   40.8974 Mbps     0 retrans
[2024-11-03T14:42:40.599292-0700]     1.3750 MB /   0.50 sec =   23.0670 Mbps     0 retrans
[2024-11-03T14:42:41.099172-0700]     2.8750 MB /   0.50 sec =   48.2389 Mbps     0 retrans
[2024-11-03T14:42:41.599271-0700]     2.6250 MB /   0.50 sec =   44.0344 Mbps     0 retrans
[2024-11-03T14:42:42.099126-0700]     2.4375 MB /   0.50 sec =   40.9023 Mbps     0 retrans
[2024-11-03T14:42:42.599185-0700]     2.4375 MB /   0.50 sec =   40.8930 Mbps     0 retrans
[2024-11-03T14:42:43.099246-0700]     2.2500 MB /   0.50 sec =   37.7447 Mbps     0 retrans
[2024-11-03T14:42:43.599209-0700]     2.1875 MB /   0.50 sec =   36.7029 Mbps     0 retrans
[2024-11-03T14:42:44.099380-0700]     0.8125 MB /   0.50 sec =   13.6280 Mbps     0 retrans
[2024-11-03T14:42:44.599289-0700]     1.1875 MB /   0.50 sec =   19.9253 Mbps     0 retrans
[2024-11-03T14:42:45.099380-0700]     0.5000 MB /   0.50 sec =    8.3894 Mbps     0 retrans
[2024-11-03T14:42:45.599364-0700]     0.6250 MB /   0.50 sec =   10.4839 Mbps     0 retrans
[2024-11-03T14:42:46.099278-0700]     0.1250 MB /   0.50 sec =    2.0974 Mbps     0 retrans
[2024-11-03T14:42:46.599213-0700]     2.5000 MB /   0.50 sec =   41.9459 Mbps     0 retrans
[2024-11-03T14:42:47.099296-0700]     2.5625 MB /   0.50 sec =   42.9860 Mbps     0 retrans
[2024-11-03T14:42:47.599271-0700]     2.5000 MB /   0.50 sec =   41.9465 Mbps     0 retrans
[2024-11-03T14:42:48.099270-0700]     2.5625 MB /   0.50 sec =   42.9914 Mbps     0 retrans
[2024-11-03T14:42:48.599203-0700]     2.5000 MB /   0.50 sec =   41.9455 Mbps     0 retrans
[2024-11-03T14:42:49.099261-0700]     2.4375 MB /   0.50 sec =   40.8919 Mbps     0 retrans
[2024-11-03T14:42:49.599234-0700]     2.5000 MB /   0.50 sec =   41.9454 Mbps     0 retrans
[2024-11-03T14:42:50.099288-0700]     0.8125 MB /   0.50 sec =   13.6302 Mbps     0 retrans
[2024-11-03T14:42:50.599316-0700]     0.6875 MB /   0.50 sec =   11.5340 Mbps     0 retrans
[2024-11-03T14:42:51.099258-0700]     1.0000 MB /   0.50 sec =   16.7787 Mbps     0 retrans
[2024-11-03T14:42:51.599218-0700]     0.6875 MB /   0.50 sec =   11.5349 Mbps     0 retrans
[2024-11-03T14:42:52.099159-0700]     1.2500 MB /   0.50 sec =   20.9727 Mbps     0 retrans
[2024-11-03T14:42:52.599258-0700]     1.1875 MB /   0.50 sec =   19.9215 Mbps     0 retrans
[2024-11-03T14:42:53.099190-0700]     1.6250 MB /   0.50 sec =   27.2629 Mbps     0 retrans
[2024-11-03T14:42:53.599189-0700]     1.8125 MB /   0.50 sec =   30.4089 Mbps     0 retrans
[2024-11-03T14:42:54.099379-0700]     1.6250 MB /   0.50 sec =   27.2545 Mbps     0 retrans
[2024-11-03T14:42:54.599231-0700]     0.8750 MB /   0.50 sec =   14.6843 Mbps     0 retrans
[2024-11-03T14:42:55.099265-0700]     1.4375 MB /   0.50 sec =   24.1170 Mbps     0 retrans
[2024-11-03T14:42:55.599247-0700]     1.3750 MB /   0.50 sec =   23.0693 Mbps     0 retrans
[2024-11-03T14:42:56.099481-0700]     1.3125 MB /   0.50 sec =   22.0182 Mbps     0 retrans
[2024-11-03T14:42:56.599204-0700]     0.8750 MB /   0.50 sec =   14.6814 Mbps     0 retrans
[2024-11-03T14:42:57.099158-0700]     1.0000 MB /   0.50 sec =   16.7780 Mbps     0 retrans
[2024-11-03T14:42:57.599258-0700]     1.4375 MB /   0.50 sec =   24.1152 Mbps     0 retrans
[2024-11-03T14:42:58.099136-0700]     1.0000 MB /   0.50 sec =   16.7792 Mbps     0 retrans
[2024-11-03T14:42:58.599289-0700]     1.0000 MB /   0.50 sec =   16.7744 Mbps     0 retrans
[2024-11-03T14:42:59.099264-0700]     1.1875 MB /   0.50 sec =   19.9243 Mbps     0 retrans
[2024-11-03T14:42:59.599233-0700]     1.1875 MB /   0.50 sec =   19.9238 Mbps     0 retrans
[2024-11-03T14:43:00.099381-0700]     1.3125 MB /   0.50 sec =   22.0177 Mbps     0 retrans
[2024-11-03T14:43:00.599244-0700]     1.3125 MB /   0.50 sec =   22.0222 Mbps     0 retrans
[2024-11-03T14:43:01.099157-0700]     1.0000 MB /   0.50 sec =   16.7780 Mbps     0 retrans
[2024-11-03T14:43:01.599373-0700]     0.8750 MB /   0.50 sec =   14.6777 Mbps     0 retrans
[2024-11-03T14:43:02.099226-0700]     0.9375 MB /   0.50 sec =   15.7303 Mbps     0 retrans
[2024-11-03T14:43:02.599220-0700]     0.5000 MB /   0.50 sec =    8.3886 Mbps     0 retrans
[2024-11-03T14:43:03.099188-0700]     0.1875 MB /   0.50 sec =    3.1458 Mbps     0 retrans
[2024-11-03T14:43:03.599296-0700]     0.3125 MB /   0.50 sec =    5.2421 Mbps     0 retrans
[2024-11-03T14:43:04.099261-0700]     0.1250 MB /   0.50 sec =    2.0973 Mbps     0 retrans
[2024-11-03T14:43:04.599225-0700]     0.3750 MB /   0.50 sec =    6.2916 Mbps     0 retrans
[2024-11-03T14:43:05.099275-0700]     0.1250 MB /   0.50 sec =    2.0970 Mbps     0 retrans
[2024-11-03T14:43:05.599230-0700]     0.3125 MB /   0.50 sec =    5.2431 Mbps     0 retrans
[2024-11-03T14:43:06.099342-0700]     0.0000 MB /   0.50 sec =    0.0000 Mbps     0 retrans
[2024-11-03T14:43:06.599289-0700]     0.0000 MB /   0.50 sec =    0.0000 Mbps     0 retrans
[2024-11-03T14:43:07.099284-0700]     0.0000 MB /   0.50 sec =    0.0000 Mbps     0 retrans
[2024-11-03T14:43:07.599320-0700]     0.0000 MB /   0.50 sec =    0.0000 Mbps     0 retrans
[2024-11-03T14:43:08.099351-0700]     0.0000 MB /   0.50 sec =    0.0000 Mbps     0 retrans
[2024-11-03T14:43:08.599374-0700]     0.0000 MB /   0.50 sec =    0.0000 Mbps     0 retrans
[2024-11-03T14:43:09.099335-0700]     0.0625 MB /   0.50 sec =    1.0485 Mbps     0 retrans
[2024-11-03T14:43:09.599240-0700]     0.1250 MB /   0.50 sec =    2.0973 Mbps     0 retrans
[2024-11-03T14:43:10.099237-0700]     0.0000 MB /   0.50 sec =    0.0000 Mbps     0 retrans
[2024-11-03T14:43:10.599257-0700]     0.0000 MB /   0.50 sec =    0.0000 Mbps     0 retrans
[2024-11-03T14:43:11.099322-0700]     0.0000 MB /   0.50 sec =    0.0000 Mbps     0 retrans
[2024-11-03T14:43:11.599288-0700]     0.0000 MB /   0.50 sec =    0.0000 Mbps     0 retrans
[2024-11-03T14:43:12.099319-0700]     0.0000 MB /   0.50 sec =    0.0000 Mbps     0 retrans
[2024-11-03T14:43:12.599319-0700]     0.0000 MB /   0.50 sec =    0.0000 Mbps     0 retrans
[2024-11-03T14:43:13.099349-0700]     0.0000 MB /   0.50 sec =    0.0000 Mbps     0 retrans
[2024-11-03T14:43:13.599454-0700]     0.0625 MB /   0.50 sec =    1.0487 Mbps     0 retrans
[2024-11-03T14:43:14.099331-0700]     0.0625 MB /   0.50 sec =    1.0485 Mbps     0 retrans
[2024-11-03T14:43:14.599402-0700]     0.0000 MB /   0.50 sec =    0.0000 Mbps     0 retrans
[2024-11-03T14:43:15.099299-0700]     0.0000 MB /   0.50 sec =    0.0000 Mbps     0 retrans
[2024-11-03T14:43:15.599281-0700]     0.0000 MB /   0.50 sec =    0.0000 Mbps     0 retrans
[2024-11-03T14:43:16.099395-0700]     0.0000 MB /   0.50 sec =    0.0000 Mbps     0 retrans
[2024-11-03T14:43:16.599369-0700]     0.0000 MB /   0.50 sec =    0.0000 Mbps     0 retrans
[2024-11-03T14:43:17.099309-0700]     0.0000 MB /   0.50 sec =    0.0000 Mbps     0 retrans
[2024-11-03T14:43:17.599493-0700]     0.0000 MB /   0.50 sec =    0.0000 Mbps     0 retrans
[2024-11-03T14:43:18.099607-0700]     0.0000 MB /   0.50 sec =    0.0000 Mbps     0 retrans
[2024-11-03T14:43:18.599333-0700]     0.0000 MB /   0.50 sec =    0.0000 Mbps     0 retrans
[2024-11-03T14:43:19.099264-0700]     0.0000 MB /   0.50 sec =    0.0000 Mbps     0 retrans
[2024-11-03T14:43:19.599220-0700]     0.1250 MB /   0.50 sec =    2.0975 Mbps     0 retrans
[2024-11-03T14:43:20.099270-0700]     0.1250 MB /   0.50 sec =    2.0969 Mbps     0 retrans
[2024-11-03T14:43:20.599309-0700]     0.0625 MB /   0.50 sec =    1.0486 Mbps     0 retrans
[2024-11-03T14:43:21.099288-0700]     0.0000 MB /   0.50 sec =    0.0000 Mbps     0 retrans
[2024-11-03T14:43:21.599326-0700]     0.0625 MB /   0.50 sec =    1.0485 Mbps     0 retrans
[2024-11-03T14:43:22.099412-0700]     0.0625 MB /   0.50 sec =    1.0484 Mbps     0 retrans
[2024-11-03T14:43:22.599311-0700]     0.0000 MB /   0.50 sec =    0.0000 Mbps     0 retrans
[2024-11-03T14:43:23.099337-0700]     0.0000 MB /   0.50 sec =    0.0000 Mbps     0 retrans
[2024-11-03T14:43:23.599328-0700]     0.0000 MB /   0.50 sec =    0.0000 Mbps     0 retrans
[2024-11-03T14:43:24.099335-0700]     0.0000 MB /   0.50 sec =    0.0000 Mbps     0 retrans
[2024-11-03T14:43:24.599231-0700]     0.0000 MB /   0.50 sec =    0.0000 Mbps     0 retrans
[2024-11-03T14:43:25.099408-0700]     0.0625 MB /   0.50 sec =    1.0483 Mbps     0 retrans
[2024-11-03T14:43:25.599293-0700]     0.0000 MB /   0.50 sec =    0.0000 Mbps     0 retrans
[2024-11-03T14:43:26.099404-0700]     0.0000 MB /   0.50 sec =    0.0000 Mbps     0 retrans
[2024-11-03T14:43:26.599350-0700]     0.0000 MB /   0.50 sec =    0.0000 Mbps     0 retrans
[2024-11-03T14:43:27.099341-0700]     0.0000 MB /   0.50 sec =    0.0000 Mbps     0 retrans
[2024-11-03T14:43:27.599259-0700]     0.0000 MB /   0.50 sec =    0.0000 Mbps     0 retrans
[2024-11-03T14:43:28.099400-0700]     0.0000 MB /   0.50 sec =    0.0000 Mbps     0 retrans
[2024-11-03T14:43:28.599266-0700]     0.0000 MB /   0.50 sec =    0.0000 Mbps     0 retrans
[2024-11-03T14:43:29.099351-0700]     0.0000 MB /   0.50 sec =    0.0000 Mbps     0 retrans
[2024-11-03T14:43:29.599292-0700]     0.0000 MB /   0.50 sec =    0.0000 Mbps     0 retrans
[2024-11-03T14:43:30.099531-0700]     0.0000 MB /   0.50 sec =    0.0000 Mbps     0 retrans
[2024-11-03T14:43:30.599328-0700]     0.0000 MB /   0.50 sec =    0.0000 Mbps     0 retrans
[2024-11-03T14:43:31.099371-0700]     0.0000 MB /   0.50 sec =    0.0000 Mbps     0 retrans
[2024-11-03T14:43:31.599321-0700]     0.0000 MB /   0.50 sec =    0.0000 Mbps     0 retrans
[2024-11-03T14:43:32.099328-0700]     0.0000 MB /   0.50 sec =    0.0000 Mbps     0 retrans
[2024-11-03T14:43:32.599240-0700]     0.0000 MB /   0.50 sec =    0.0000 Mbps     0 retrans
[2024-11-03T14:43:33.099340-0700]     0.0000 MB /   0.50 sec =    0.0000 Mbps     0 retrans
[2024-11-03T14:43:33.599239-0700]     0.0000 MB /   0.50 sec =    0.0000 Mbps     0 retrans
[2024-11-03T14:43:34.099368-0700]     0.0000 MB /   0.50 sec =    0.0000 Mbps     0 retrans
[2024-11-03T14:43:34.599230-0700]     0.0000 MB /   0.50 sec =    0.0000 Mbps     0 retrans
[2024-11-03T14:43:35.099298-0700]     0.0000 MB /   0.50 sec =    0.0000 Mbps     0 retrans
[2024-11-03T14:43:35.599267-0700]     0.0000 MB /   0.50 sec =    0.0000 Mbps     0 retrans
[2024-11-03T14:43:36.099279-0700]     0.0000 MB /   0.50 sec =    0.0000 Mbps     0 retrans
[2024-11-03T14:43:36.599440-0700]     0.0000 MB /   0.50 sec =    0.0000 Mbps     0 retrans
[2024-11-03T14:43:37.099399-0700]     0.0000 MB /   0.50 sec =    0.0000 Mbps     0 retrans
[2024-11-03T14:43:37.599433-0700]     0.0000 MB /   0.50 sec =    0.0000 Mbps     0 retrans
[2024-11-03T14:43:38.099456-0700]     0.0000 MB /   0.50 sec =    0.0000 Mbps     0 retrans
[2024-11-03T14:43:38.599944-0700]     0.0000 MB /   0.50 sec =    0.0000 Mbps     0 retrans
[2024-11-03T14:43:39.099418-0700]     0.0000 MB /   0.50 sec =    0.0000 Mbps     0 retrans
[2024-11-03T14:43:39.599432-0700]     0.0000 MB /   0.50 sec =    0.0000 Mbps     0 retrans
End time: 1730670259357
