Start time: 1731086184427
[2024-11-08T12:16:25.486057-0500] nuttcp-r: v8.1.4: socket
[2024-11-08T12:16:25.487109-0500] nuttcp-r: buflen=65536, nstream=1, port=5379 tcp
[2024-11-08T12:16:25.487213-0500] nuttcp-r: interval reporting every 0.50 seconds
[2024-11-08T12:16:25.487297-0500] nuttcp-r: connect to 54.197.223.49 with RTT=70.053 ms af=inet
[2024-11-08T12:16:25.487379-0500] nuttcp-r: send window size = 2097152, receive window size = 6291456
[2024-11-08T12:16:25.487455-0500] nuttcp-r: available send window = 1572864, available receive window = 4718592
[2024-11-08T12:16:25.487533-0500]     0.3125 MB /   0.50 sec =    5.2417 Mbps     0 retrans     13 KB-cwnd
[2024-11-08T12:16:25.986314-0500]     3.3125 MB /   0.50 sec =   55.5805 Mbps     0 retrans     13 KB-cwnd
[2024-11-08T12:16:26.486064-0500]     2.5625 MB /   0.50 sec =   42.9878 Mbps     0 retrans     13 KB-cwnd
[2024-11-08T12:16:26.985805-0500]     3.1250 MB /   0.50 sec =   52.4373 Mbps     0 retrans     13 KB-cwnd
[2024-11-08T12:16:27.487530-0500]     4.4375 MB /   0.50 sec =   74.2791 Mbps     0 retrans     13 KB-cwnd
[2024-11-08T12:16:27.986132-0500]     3.0000 MB /   0.50 sec =   50.4425 Mbps     0 retrans     13 KB-cwnd
[2024-11-08T12:16:28.487040-0500]     2.9375 MB /   0.50 sec =   49.1799 Mbps     0 retrans     13 KB-cwnd
[2024-11-08T12:16:28.986199-0500]     2.9375 MB /   0.50 sec =   49.3686 Mbps     0 retrans     13 KB-cwnd
[2024-11-08T12:16:29.486174-0500]     2.7500 MB /   0.50 sec =   46.1360 Mbps     0 retrans     13 KB-cwnd
[2024-11-08T12:16:29.986096-0500]     2.8125 MB /   0.50 sec =   47.1915 Mbps     0 retrans     13 KB-cwnd
[2024-11-08T12:16:30.486172-0500]     2.8750 MB /   0.50 sec =   48.2336 Mbps     0 retrans     13 KB-cwnd
[2024-11-08T12:16:30.987559-0500]     0.5625 MB /   0.50 sec =    9.4108 Mbps     0 retrans     13 KB-cwnd
[2024-11-08T12:16:31.487302-0500]     0.4375 MB /   0.50 sec =    7.3472 Mbps     0 retrans     13 KB-cwnd
[2024-11-08T12:16:31.987103-0500]     2.2500 MB /   0.50 sec =   37.7468 Mbps     0 retrans     13 KB-cwnd
[2024-11-08T12:16:32.486954-0500]     0.8125 MB /   0.50 sec =   13.6453 Mbps     0 retrans     13 KB-cwnd
[2024-11-08T12:16:32.987338-0500]     1.3750 MB /   0.50 sec =   23.0327 Mbps     0 retrans     13 KB-cwnd
[2024-11-08T12:16:33.486010-0500]     2.8750 MB /   0.50 sec =   48.3615 Mbps     0 retrans     13 KB-cwnd
[2024-11-08T12:16:33.985969-0500]     2.3750 MB /   0.50 sec =   39.8497 Mbps     0 retrans     13 KB-cwnd
[2024-11-08T12:16:34.485895-0500]     2.6250 MB /   0.50 sec =   44.0427 Mbps     0 retrans     13 KB-cwnd
[2024-11-08T12:16:34.985954-0500]     2.1250 MB /   0.50 sec =   35.6502 Mbps     0 retrans     13 KB-cwnd
[2024-11-08T12:16:35.486085-0500]     1.2500 MB /   0.50 sec =   20.9714 Mbps     0 retrans     13 KB-cwnd
[2024-11-08T12:16:35.985906-0500]     1.8125 MB /   0.50 sec =   30.4098 Mbps     0 retrans     13 KB-cwnd
[2024-11-08T12:16:36.486108-0500]     2.0000 MB /   0.50 sec =   33.5497 Mbps     0 retrans     13 KB-cwnd
[2024-11-08T12:16:36.986204-0500]     3.2500 MB /   0.50 sec =   54.5303 Mbps     0 retrans     13 KB-cwnd
[2024-11-08T12:16:37.486527-0500]     2.8750 MB /   0.50 sec =   48.1953 Mbps     0 retrans     13 KB-cwnd
[2024-11-08T12:16:37.985945-0500]     2.8750 MB /   0.50 sec =   48.2755 Mbps     0 retrans     13 KB-cwnd
[2024-11-08T12:16:38.485957-0500]     4.5000 MB /   0.50 sec =   75.4951 Mbps     0 retrans     13 KB-cwnd
[2024-11-08T12:16:38.986080-0500]     4.3750 MB /   0.50 sec =   73.4038 Mbps     0 retrans     13 KB-cwnd
[2024-11-08T12:16:39.485985-0500]     4.6875 MB /   0.50 sec =   78.6341 Mbps     0 retrans     13 KB-cwnd
[2024-11-08T12:16:39.985985-0500]     5.1875 MB /   0.50 sec =   87.0494 Mbps     0 retrans     13 KB-cwnd
[2024-11-08T12:16:40.485978-0500]     3.8750 MB /   0.50 sec =   65.0026 Mbps     0 retrans     13 KB-cwnd
[2024-11-08T12:16:40.986020-0500]     3.1250 MB /   0.50 sec =   52.4281 Mbps     0 retrans     13 KB-cwnd
[2024-11-08T12:16:41.486121-0500]     5.4375 MB /   0.50 sec =   91.2276 Mbps     0 retrans     13 KB-cwnd
[2024-11-08T12:16:41.985905-0500]     5.6875 MB /   0.50 sec =   95.4260 Mbps     0 retrans     13 KB-cwnd
[2024-11-08T12:16:42.485947-0500]     5.1250 MB /   0.50 sec =   85.9812 Mbps     0 retrans     13 KB-cwnd
[2024-11-08T12:16:42.985952-0500]     5.2500 MB /   0.50 sec =   88.0811 Mbps     0 retrans     13 KB-cwnd
[2024-11-08T12:16:43.485948-0500]     4.5625 MB /   0.50 sec =   76.5441 Mbps     0 retrans     13 KB-cwnd
[2024-11-08T12:16:43.985973-0500]     2.8750 MB /   0.50 sec =   48.2344 Mbps     0 retrans     13 KB-cwnd
[2024-11-08T12:16:44.485945-0500]     4.3125 MB /   0.50 sec =   72.3530 Mbps     0 retrans     13 KB-cwnd
[2024-11-08T12:16:44.986140-0500]     2.2500 MB /   0.50 sec =   37.7362 Mbps     0 retrans     13 KB-cwnd
[2024-11-08T12:16:45.486561-0500]     1.3125 MB /   0.50 sec =   22.0096 Mbps     0 retrans     13 KB-cwnd
[2024-11-08T12:16:45.987244-0500]     2.7500 MB /   0.50 sec =   46.0596 Mbps     0 retrans     13 KB-cwnd
[2024-11-08T12:16:46.486130-0500]     3.5000 MB /   0.50 sec =   58.8464 Mbps     0 retrans     13 KB-cwnd
[2024-11-08T12:16:46.986308-0500]     4.0000 MB /   0.50 sec =   67.0828 Mbps     0 retrans     13 KB-cwnd
[2024-11-08T12:16:47.487129-0500]     3.2500 MB /   0.50 sec =   54.4415 Mbps     0 retrans     13 KB-cwnd
[2024-11-08T12:16:47.986869-0500]     4.4375 MB /   0.50 sec =   74.4821 Mbps     0 retrans     13 KB-cwnd
[2024-11-08T12:16:48.487027-0500]     4.1875 MB /   0.50 sec =   70.2365 Mbps     0 retrans     13 KB-cwnd
[2024-11-08T12:16:48.987104-0500]     2.5625 MB /   0.50 sec =   42.9873 Mbps     0 retrans     13 KB-cwnd
[2024-11-08T12:16:49.485942-0500]     2.3750 MB /   0.50 sec =   39.9335 Mbps     0 retrans     13 KB-cwnd
[2024-11-08T12:16:49.987026-0500]     2.6875 MB /   0.50 sec =   44.9963 Mbps     0 retrans     13 KB-cwnd
[2024-11-08T12:16:50.487243-0500]     0.9375 MB /   0.50 sec =   15.7268 Mbps     0 retrans     13 KB-cwnd
[2024-11-08T12:16:50.986481-0500]     1.1250 MB /   0.50 sec =   18.8962 Mbps     0 retrans     13 KB-cwnd
[2024-11-08T12:16:51.486077-0500]     1.3125 MB /   0.50 sec =   22.0375 Mbps     0 retrans     13 KB-cwnd
[2024-11-08T12:16:51.985970-0500]     2.0000 MB /   0.50 sec =   33.5619 Mbps     0 retrans     13 KB-cwnd
[2024-11-08T12:16:52.486130-0500]     1.3125 MB /   0.50 sec =   22.0127 Mbps     0 retrans     13 KB-cwnd
[2024-11-08T12:16:52.987086-0500]     2.1875 MB /   0.50 sec =   36.6332 Mbps     0 retrans     13 KB-cwnd
[2024-11-08T12:16:53.487169-0500]     1.7500 MB /   0.50 sec =   29.3554 Mbps     0 retrans     13 KB-cwnd
[2024-11-08T12:16:53.986089-0500]     2.5000 MB /   0.50 sec =   42.0297 Mbps     0 retrans     13 KB-cwnd
[2024-11-08T12:16:54.486029-0500]     3.0000 MB /   0.50 sec =   50.3494 Mbps     0 retrans     13 KB-cwnd
[2024-11-08T12:16:54.986038-0500]     2.4375 MB /   0.50 sec =   40.8849 Mbps     0 retrans     13 KB-cwnd
[2024-11-08T12:16:55.486070-0500]     2.5625 MB /   0.50 sec =   42.9982 Mbps     0 retrans     15 KB-cwnd
[2024-11-08T12:16:55.985956-0500]     3.3750 MB /   0.50 sec =   56.6230 Mbps     0 retrans     18 KB-cwnd
[2024-11-08T12:16:56.485951-0500]     3.6875 MB /   0.50 sec =   61.8667 Mbps     0 retrans     18 KB-cwnd
[2024-11-08T12:16:56.986389-0500]     2.6875 MB /   0.50 sec =   45.0619 Mbps     0 retrans     18 KB-cwnd
[2024-11-08T12:16:57.486417-0500]     5.0000 MB /   0.50 sec =   83.8586 Mbps     0 retrans     26 KB-cwnd
[2024-11-08T12:16:57.985948-0500]     3.9375 MB /   0.50 sec =   66.1218 Mbps     0 retrans     26 KB-cwnd
[2024-11-08T12:16:58.487048-0500]     2.8125 MB /   0.50 sec =   47.0827 Mbps     0 retrans     26 KB-cwnd
[2024-11-08T12:16:58.987165-0500]     2.9375 MB /   0.50 sec =   49.2759 Mbps     0 retrans     26 KB-cwnd
[2024-11-08T12:16:59.486177-0500]     4.3125 MB /   0.50 sec =   72.4921 Mbps     0 retrans     26 KB-cwnd
[2024-11-08T12:16:59.987032-0500]     2.8750 MB /   0.50 sec =   48.1498 Mbps     0 retrans     26 KB-cwnd
[2024-11-08T12:17:00.485930-0500]     4.6875 MB /   0.50 sec =   78.8145 Mbps     0 retrans     26 KB-cwnd
[2024-11-08T12:17:00.986166-0500]     1.8125 MB /   0.50 sec =   30.3968 Mbps     0 retrans     26 KB-cwnd
[2024-11-08T12:17:01.486194-0500]     2.2500 MB /   0.50 sec =   37.7521 Mbps     0 retrans     26 KB-cwnd
[2024-11-08T12:17:01.985930-0500]     2.6875 MB /   0.50 sec =   45.1018 Mbps     0 retrans     26 KB-cwnd
[2024-11-08T12:17:02.486087-0500]     1.5625 MB /   0.50 sec =   26.2071 Mbps     0 retrans     26 KB-cwnd
[2024-11-08T12:17:02.985933-0500]     1.9375 MB /   0.50 sec =   32.5136 Mbps     0 retrans     26 KB-cwnd
[2024-11-08T12:17:03.487032-0500]     0.6250 MB /   0.50 sec =   10.4638 Mbps     0 retrans     26 KB-cwnd
[2024-11-08T12:17:03.987067-0500]     1.8125 MB /   0.50 sec =   30.4069 Mbps     0 retrans     26 KB-cwnd
[2024-11-08T12:17:04.486507-0500]     0.9375 MB /   0.50 sec =   15.7463 Mbps     0 retrans     26 KB-cwnd
[2024-11-08T12:17:04.987148-0500]     1.3125 MB /   0.50 sec =   21.9928 Mbps     0 retrans     26 KB-cwnd
[2024-11-08T12:17:05.487276-0500]     2.1250 MB /   0.50 sec =   35.6536 Mbps     0 retrans     26 KB-cwnd
[2024-11-08T12:17:05.985938-0500]     1.0625 MB /   0.50 sec =   17.8661 Mbps     0 retrans     26 KB-cwnd
[2024-11-08T12:17:06.486061-0500]     1.2500 MB /   0.50 sec =   20.9677 Mbps     0 retrans     26 KB-cwnd
[2024-11-08T12:17:06.986314-0500]     1.1250 MB /   0.50 sec =   18.8680 Mbps     0 retrans     26 KB-cwnd
[2024-11-08T12:17:07.486933-0500]     1.0625 MB /   0.50 sec =   17.8012 Mbps     0 retrans     26 KB-cwnd
[2024-11-08T12:17:07.987139-0500]     1.0000 MB /   0.50 sec =   16.7706 Mbps     0 retrans     26 KB-cwnd
[2024-11-08T12:17:08.485953-0500]     1.4375 MB /   0.50 sec =   24.1725 Mbps     0 retrans     26 KB-cwnd
[2024-11-08T12:17:08.986181-0500]     0.9375 MB /   0.50 sec =   15.7225 Mbps     0 retrans     26 KB-cwnd
[2024-11-08T12:17:09.486465-0500]     0.8750 MB /   0.50 sec =   14.6736 Mbps     0 retrans     26 KB-cwnd
[2024-11-08T12:17:09.987534-0500]     0.6250 MB /   0.50 sec =   10.4626 Mbps     0 retrans     26 KB-cwnd
[2024-11-08T12:17:10.486130-0500]     0.2500 MB /   0.50 sec =    4.2057 Mbps     0 retrans     26 KB-cwnd
[2024-11-08T12:17:10.987125-0500]     2.0000 MB /   0.50 sec =   33.4907 Mbps     0 retrans     26 KB-cwnd
[2024-11-08T12:17:11.486198-0500]     1.3125 MB /   0.50 sec =   22.0643 Mbps     0 retrans     26 KB-cwnd
[2024-11-08T12:17:11.986132-0500]     1.2500 MB /   0.50 sec =   20.9700 Mbps     0 retrans     26 KB-cwnd
[2024-11-08T12:17:12.486181-0500]     0.7500 MB /   0.50 sec =   12.5818 Mbps     0 retrans     26 KB-cwnd
[2024-11-08T12:17:12.987047-0500]     0.6875 MB /   0.50 sec =   11.5144 Mbps     0 retrans     26 KB-cwnd
[2024-11-08T12:17:13.487044-0500]     0.9375 MB /   0.50 sec =   15.7280 Mbps     0 retrans     26 KB-cwnd
[2024-11-08T12:17:13.987186-0500]     0.4375 MB /   0.50 sec =    7.3385 Mbps     0 retrans     26 KB-cwnd
[2024-11-08T12:17:14.486125-0500]     1.3750 MB /   0.50 sec =   23.1160 Mbps     0 retrans     26 KB-cwnd
[2024-11-08T12:17:14.986024-0500]     0.6875 MB /   0.50 sec =   11.5376 Mbps     0 retrans     26 KB-cwnd
[2024-11-08T12:17:15.487213-0500]     1.0625 MB /   0.50 sec =   17.7895 Mbps     0 retrans     26 KB-cwnd
[2024-11-08T12:17:15.986043-0500]     0.8750 MB /   0.50 sec =   14.7077 Mbps     0 retrans     26 KB-cwnd
[2024-11-08T12:17:16.485911-0500]     0.6250 MB /   0.50 sec =   10.4884 Mbps     0 retrans     26 KB-cwnd
[2024-11-08T12:17:16.987083-0500]     1.0625 MB /   0.50 sec =   17.7865 Mbps     0 retrans     26 KB-cwnd
[2024-11-08T12:17:17.486005-0500]     0.8125 MB /   0.50 sec =   13.6596 Mbps     0 retrans     26 KB-cwnd
[2024-11-08T12:17:17.987021-0500]     0.6875 MB /   0.50 sec =   11.5111 Mbps     0 retrans     26 KB-cwnd
[2024-11-08T12:17:18.486150-0500]     1.4375 MB /   0.50 sec =   24.1604 Mbps     0 retrans     26 KB-cwnd
[2024-11-08T12:17:18.985942-0500]     1.4375 MB /   0.50 sec =   24.1261 Mbps     0 retrans     26 KB-cwnd
[2024-11-08T12:17:19.485904-0500]     1.2500 MB /   0.50 sec =   20.9719 Mbps     0 retrans     26 KB-cwnd
[2024-11-08T12:17:19.985969-0500]     1.2500 MB /   0.50 sec =   20.9704 Mbps     0 retrans     26 KB-cwnd
[2024-11-08T12:17:20.486058-0500]     0.3125 MB /   0.50 sec =    5.2426 Mbps     0 retrans     26 KB-cwnd
[2024-11-08T12:17:20.986138-0500]     0.5000 MB /   0.50 sec =    8.3863 Mbps     0 retrans     26 KB-cwnd
[2024-11-08T12:17:21.486393-0500]     1.0000 MB /   0.50 sec =   16.7807 Mbps     0 retrans     26 KB-cwnd
[2024-11-08T12:17:21.985937-0500]     2.3125 MB /   0.50 sec =   38.8035 Mbps     0 retrans     26 KB-cwnd
[2024-11-08T12:17:22.485909-0500]     1.7500 MB /   0.50 sec =   29.3605 Mbps     0 retrans     26 KB-cwnd
[2024-11-08T12:17:22.985963-0500]     2.0000 MB /   0.50 sec =   33.5536 Mbps     0 retrans     26 KB-cwnd
[2024-11-08T12:17:23.485919-0500]     2.4375 MB /   0.50 sec =   40.8957 Mbps     0 retrans     26 KB-cwnd
[2024-11-08T12:17:23.985905-0500]     2.9375 MB /   0.50 sec =   49.2830 Mbps     0 retrans     26 KB-cwnd
[2024-11-08T12:17:24.485915-0500]     3.5000 MB /   0.50 sec =   58.7217 Mbps     0 retrans     26 KB-cwnd
[2024-11-08T12:17:24.986227-0500]     3.7500 MB /   0.50 sec =   62.8968 Mbps     0 retrans     26 KB-cwnd
[2024-11-08T12:17:25.486457-0500]     3.4375 MB /   0.50 sec =   57.6281 Mbps     0 retrans     26 KB-cwnd
[2024-11-08T12:17:25.986165-0500]     3.0000 MB /   0.50 sec =   50.3623 Mbps     0 retrans     26 KB-cwnd
[2024-11-08T12:17:26.485930-0500]     4.8125 MB /   0.50 sec =   80.7731 Mbps     0 retrans     26 KB-cwnd
[2024-11-08T12:17:26.985908-0500]     3.5000 MB /   0.50 sec =   58.7199 Mbps     0 retrans     26 KB-cwnd
[2024-11-08T12:17:27.485914-0500]     3.7500 MB /   0.50 sec =   62.9156 Mbps     0 retrans     26 KB-cwnd
[2024-11-08T12:17:27.985963-0500]     2.7500 MB /   0.50 sec =   46.1344 Mbps     0 retrans     26 KB-cwnd
[2024-11-08T12:17:28.487030-0500]     1.8125 MB /   0.50 sec =   30.3440 Mbps     0 retrans     26 KB-cwnd
[2024-11-08T12:17:28.986030-0500]     3.6875 MB /   0.50 sec =   61.9905 Mbps     0 retrans     26 KB-cwnd
[2024-11-08T12:17:29.486162-0500]     3.8125 MB /   0.50 sec =   63.9720 Mbps     0 retrans     26 KB-cwnd
[2024-11-08T12:17:29.985910-0500]     4.3750 MB /   0.50 sec =   73.4035 Mbps     0 retrans     26 KB-cwnd
[2024-11-08T12:17:30.485942-0500]     3.3125 MB /   0.50 sec =   55.5736 Mbps     0 retrans     26 KB-cwnd
[2024-11-08T12:17:30.985938-0500]     4.1875 MB /   0.50 sec =   70.2543 Mbps     0 retrans     26 KB-cwnd
[2024-11-08T12:17:31.486116-0500]     3.9375 MB /   0.50 sec =   66.0629 Mbps     0 retrans     26 KB-cwnd
[2024-11-08T12:17:31.987546-0500]     3.3125 MB /   0.50 sec =   55.4043 Mbps     0 retrans     26 KB-cwnd
[2024-11-08T12:17:32.485948-0500]     1.8125 MB /   0.50 sec =   30.5013 Mbps     0 retrans     26 KB-cwnd
[2024-11-08T12:17:32.986164-0500]     2.5625 MB /   0.50 sec =   42.9746 Mbps     0 retrans     26 KB-cwnd
[2024-11-08T12:17:33.485944-0500]     4.5000 MB /   0.50 sec =   75.5274 Mbps     0 retrans     29 KB-cwnd
[2024-11-08T12:17:33.987082-0500]     3.2500 MB /   0.50 sec =   54.4075 Mbps     0 retrans     29 KB-cwnd
[2024-11-08T12:17:34.487205-0500]     2.8125 MB /   0.50 sec =   47.1855 Mbps     0 retrans     29 KB-cwnd
[2024-11-08T12:17:34.986258-0500]     3.8750 MB /   0.50 sec =   65.1246 Mbps     0 retrans     29 KB-cwnd
[2024-11-08T12:17:35.486380-0500]     4.8125 MB /   0.50 sec =   80.7087 Mbps     0 retrans     34 KB-cwnd
[2024-11-08T12:17:35.985954-0500]     2.7500 MB /   0.50 sec =   46.1700 Mbps     0 retrans     34 KB-cwnd
[2024-11-08T12:17:36.486088-0500]     5.0000 MB /   0.50 sec =   83.8767 Mbps     0 retrans     37 KB-cwnd
[2024-11-08T12:17:36.985994-0500]     4.1875 MB /   0.50 sec =   70.2717 Mbps     0 retrans     42 KB-cwnd
[2024-11-08T12:17:37.485921-0500]     4.5625 MB /   0.50 sec =   76.5474 Mbps     0 retrans     42 KB-cwnd
[2024-11-08T12:17:37.985950-0500]     4.2500 MB /   0.50 sec =   71.3012 Mbps     0 retrans     45 KB-cwnd
[2024-11-08T12:17:38.486019-0500]     4.6250 MB /   0.50 sec =   77.5852 Mbps     0 retrans     45 KB-cwnd
[2024-11-08T12:17:38.986126-0500]     5.1875 MB /   0.50 sec =   87.0419 Mbps     0 retrans     47 KB-cwnd
[2024-11-08T12:17:39.485941-0500]     4.8125 MB /   0.50 sec =   80.7395 Mbps     0 retrans     47 KB-cwnd
[2024-11-08T12:17:39.986027-0500]     4.8125 MB /   0.50 sec =   80.7483 Mbps     0 retrans     47 KB-cwnd
[2024-11-08T12:17:40.485954-0500]     5.1250 MB /   0.50 sec =   85.9772 Mbps     0 retrans     50 KB-cwnd
[2024-11-08T12:17:40.986119-0500]     5.3125 MB /   0.50 sec =   89.1284 Mbps     0 retrans     50 KB-cwnd
[2024-11-08T12:17:41.485985-0500]     5.1250 MB /   0.50 sec =   85.9788 Mbps     0 retrans     50 KB-cwnd
[2024-11-08T12:17:41.985973-0500]     5.3750 MB /   0.50 sec =   90.1772 Mbps     0 retrans     53 KB-cwnd
[2024-11-08T12:17:42.485900-0500]     3.7500 MB /   0.50 sec =   62.9134 Mbps     0 retrans     53 KB-cwnd
[2024-11-08T12:17:42.986953-0500]     1.5000 MB /   0.50 sec =   25.1202 Mbps   221 retrans   2728 KB-cwnd
[2024-11-08T12:17:43.485996-0500]     5.1875 MB /   0.50 sec =   87.1977 Mbps     0 retrans   2728 KB-cwnd
[2024-11-08T12:17:43.985992-0500]     6.5000 MB /   0.50 sec =  109.0382 Mbps     0 retrans   2728 KB-cwnd
[2024-11-08T12:17:44.486969-0500]     6.5000 MB /   0.50 sec =  108.8525 Mbps     0 retrans   2728 KB-cwnd
[2024-11-08T12:17:44.985917-0500]     8.3125 MB /   0.50 sec =  139.7339 Mbps     0 retrans   2728 KB-cwnd
[2024-11-08T12:17:45.486022-0500]     8.7500 MB /   0.50 sec =  146.7801 Mbps     0 retrans   2728 KB-cwnd
[2024-11-08T12:17:45.985915-0500]     9.8750 MB /   0.50 sec =  165.6985 Mbps     0 retrans   2728 KB-cwnd
[2024-11-08T12:17:46.485924-0500]     8.7500 MB /   0.50 sec =  146.8027 Mbps     0 retrans   2728 KB-cwnd
[2024-11-08T12:17:46.986136-0500]     6.7500 MB /   0.50 sec =  113.2401 Mbps     0 retrans   2728 KB-cwnd
[2024-11-08T12:17:47.486096-0500]     9.6250 MB /   0.50 sec =  161.4436 Mbps     0 retrans   2728 KB-cwnd
[2024-11-08T12:17:47.985916-0500]    11.0000 MB /   0.50 sec =  184.6025 Mbps     0 retrans   2728 KB-cwnd
[2024-11-08T12:17:48.486037-0500]    10.0625 MB /   0.50 sec =  168.7880 Mbps     1 retrans   2728 KB-cwnd
[2024-11-08T12:17:48.987162-0500]     3.1875 MB /   0.50 sec =   53.3598 Mbps     0 retrans   2728 KB-cwnd
[2024-11-08T12:17:49.486128-0500]     9.8750 MB /   0.50 sec =  166.0187 Mbps     0 retrans   2728 KB-cwnd
[2024-11-08T12:17:49.987107-0500]     9.1875 MB /   0.50 sec =  153.8416 Mbps     0 retrans   2728 KB-cwnd
[2024-11-08T12:17:50.486282-0500]     6.8125 MB /   0.50 sec =  114.4887 Mbps     0 retrans   2728 KB-cwnd
[2024-11-08T12:17:50.987095-0500]     9.5000 MB /   0.50 sec =  159.1181 Mbps     0 retrans   2728 KB-cwnd
[2024-11-08T12:17:51.488093-0500]     7.0625 MB /   0.50 sec =  118.3939 Mbps     0 retrans   2022 KB-cwnd
[2024-11-08T12:17:51.986156-0500]    11.2500 MB /   0.50 sec =  189.2957 Mbps   252 retrans      5 KB-cwnd
[2024-11-08T12:17:52.487078-0500]     8.1875 MB /   0.50 sec =  137.0822 Mbps     0 retrans      5 KB-cwnd
[2024-11-08T12:17:52.985972-0500]     8.9375 MB /   0.50 sec =  150.2646 Mbps     0 retrans      5 KB-cwnd
[2024-11-08T12:17:53.486040-0500]     7.5000 MB /   0.50 sec =  125.8077 Mbps     0 retrans      5 KB-cwnd
[2024-11-08T12:17:53.985934-0500]     8.4375 MB /   0.50 sec =  141.5889 Mbps     0 retrans      5 KB-cwnd
[2024-11-08T12:17:54.487056-0500]     4.2500 MB /   0.50 sec =   71.1503 Mbps     0 retrans      5 KB-cwnd
[2024-11-08T12:17:54.985974-0500]     2.7500 MB /   0.50 sec =   46.2317 Mbps     0 retrans      5 KB-cwnd
[2024-11-08T12:17:55.487117-0500]     4.1250 MB /   0.50 sec =   69.0580 Mbps     0 retrans      5 KB-cwnd
[2024-11-08T12:17:55.985994-0500]     8.3125 MB /   0.50 sec =  139.7572 Mbps     0 retrans      5 KB-cwnd
[2024-11-08T12:17:56.487089-0500]     7.0625 MB /   0.50 sec =  118.2410 Mbps     0 retrans      5 KB-cwnd
[2024-11-08T12:17:56.987280-0500]     5.5625 MB /   0.50 sec =   93.3244 Mbps     3 retrans   5048 KB-cwnd
[2024-11-08T12:17:57.486456-0500]     6.6875 MB /   0.50 sec =  112.3347 Mbps     0 retrans   5048 KB-cwnd
[2024-11-08T12:17:57.986380-0500]     9.9375 MB /   0.50 sec =  166.7469 Mbps     0 retrans   5048 KB-cwnd
[2024-11-08T12:17:58.486005-0500]     9.2500 MB /   0.50 sec =  155.3001 Mbps     0 retrans   5048 KB-cwnd
[2024-11-08T12:17:58.986989-0500]    10.6250 MB /   0.50 sec =  177.9234 Mbps     0 retrans   5048 KB-cwnd
[2024-11-08T12:17:59.486030-0500]    14.7500 MB /   0.50 sec =  247.9733 Mbps     0 retrans   5048 KB-cwnd
[2024-11-08T12:17:59.986290-0500]    16.6875 MB /   0.50 sec =  279.7616 Mbps    15 retrans   3687 KB-cwnd
[2024-11-08T12:18:00.485796-0500]    16.0000 MB /   0.50 sec =  268.6488 Mbps     0 retrans   3780 KB-cwnd
[2024-11-08T12:18:00.985997-0500]    25.7500 MB /   0.50 sec =  431.9667 Mbps     0 retrans   3780 KB-cwnd
[2024-11-08T12:18:01.485902-0500]    26.1250 MB /   0.50 sec =  438.3162 Mbps     0 retrans   3780 KB-cwnd
[2024-11-08T12:18:01.985934-0500]    29.3125 MB /   0.50 sec =  491.7900 Mbps    13 retrans   3234 KB-cwnd
[2024-11-08T12:18:02.486166-0500]    38.0625 MB /   0.50 sec =  638.5368 Mbps     0 retrans   3234 KB-cwnd
[2024-11-08T12:18:02.985900-0500]    37.3750 MB /   0.50 sec =  627.0936 Mbps     3 retrans   8002 KB-cwnd
[2024-11-08T12:18:03.485973-0500]    43.5625 MB /   0.50 sec =  730.8165 Mbps     3 retrans  11586 KB-cwnd
[2024-11-08T12:18:03.985964-0500]    42.1250 MB /   0.50 sec =  706.7586 Mbps     0 retrans  11601 KB-cwnd
[2024-11-08T12:18:04.485914-0500]    35.9375 MB /   0.50 sec =  602.9408 Mbps     0 retrans  13970 KB-cwnd
[2024-11-08T12:18:04.985990-0500]    20.3125 MB /   0.50 sec =  340.7436 Mbps     0 retrans  13970 KB-cwnd
[2024-11-08T12:18:05.486273-0500]    26.1875 MB /   0.50 sec =  439.2989 Mbps     0 retrans  13970 KB-cwnd
[2024-11-08T12:18:05.985908-0500]    25.3750 MB /   0.50 sec =  425.8368 Mbps     0 retrans  14932 KB-cwnd
[2024-11-08T12:18:06.487152-0500]    22.9375 MB /   0.50 sec =  383.9275 Mbps     0 retrans  15214 KB-cwnd
[2024-11-08T12:18:06.985909-0500]    23.5000 MB /   0.50 sec =  395.1877 Mbps     0 retrans  15230 KB-cwnd
[2024-11-08T12:18:07.486341-0500]    17.1250 MB /   0.50 sec =  287.2874 Mbps     0 retrans  15230 KB-cwnd
[2024-11-08T12:18:07.986426-0500]    23.6875 MB /   0.50 sec =  397.0664 Mbps     0 retrans  16165 KB-cwnd
[2024-11-08T12:18:08.486031-0500]    27.0625 MB /   0.50 sec =  454.3815 Mbps     1 retrans  12141 KB-cwnd
[2024-11-08T12:18:08.985991-0500]    28.1250 MB /   0.50 sec =  471.9064 Mbps     3 retrans  13253 KB-cwnd
[2024-11-08T12:18:09.485958-0500]    28.8125 MB /   0.50 sec =  483.4167 Mbps     0 retrans  13235 KB-cwnd
[2024-11-08T12:18:09.986227-0500]    18.7500 MB /   0.50 sec =  314.5105 Mbps     0 retrans  13235 KB-cwnd
[2024-11-08T12:18:10.485924-0500]    27.6250 MB /   0.50 sec =  463.5744 Mbps     4 retrans  10304 KB-cwnd
[2024-11-08T12:18:10.985941-0500]    30.4375 MB /   0.50 sec =  510.6473 Mbps     0 retrans  10304 KB-cwnd
[2024-11-08T12:18:11.486966-0500]    23.2500 MB /   0.50 sec =  389.2855 Mbps     0 retrans  10304 KB-cwnd
[2024-11-08T12:18:11.985935-0500]    15.1250 MB /   0.50 sec =  254.2711 Mbps     0 retrans  11258 KB-cwnd
[2024-11-08T12:18:12.485916-0500]    18.1875 MB /   0.50 sec =  305.1368 Mbps     0 retrans  11258 KB-cwnd
[2024-11-08T12:18:12.986262-0500]    25.2500 MB /   0.50 sec =  423.6001 Mbps     0 retrans  11372 KB-cwnd
[2024-11-08T12:18:13.486446-0500]    22.5000 MB /   0.50 sec =  377.1442 Mbps     0 retrans  11372 KB-cwnd
[2024-11-08T12:18:13.986096-0500]    28.0625 MB /   0.50 sec =  471.2593 Mbps     2 retrans  10222 KB-cwnd
[2024-11-08T12:18:14.486013-0500]    28.1875 MB /   0.50 sec =  472.8662 Mbps     0 retrans  10222 KB-cwnd
[2024-11-08T12:18:14.987101-0500]    17.8750 MB /   0.50 sec =  299.2613 Mbps     0 retrans  10222 KB-cwnd
[2024-11-08T12:18:15.485838-0500]    35.5000 MB /   0.50 sec =  596.9414 Mbps     1 retrans    202 KB-cwnd
[2024-11-08T12:18:15.987401-0500]    22.3125 MB /   0.50 sec =  373.2450 Mbps     0 retrans    202 KB-cwnd
[2024-11-08T12:18:16.485940-0500]    30.1875 MB /   0.50 sec =  507.9250 Mbps     3 retrans  10174 KB-cwnd
[2024-11-08T12:18:16.985912-0500]    33.8750 MB /   0.50 sec =  568.3418 Mbps     0 retrans  10174 KB-cwnd
[2024-11-08T12:18:17.485938-0500]    33.3125 MB /   0.50 sec =  558.8888 Mbps     0 retrans  10174 KB-cwnd
[2024-11-08T12:18:17.985921-0500]    34.8125 MB /   0.50 sec =  584.0533 Mbps     1 retrans   9699 KB-cwnd
[2024-11-08T12:18:18.486166-0500]    34.0625 MB /   0.50 sec =  571.2785 Mbps     0 retrans   9649 KB-cwnd
[2024-11-08T12:18:18.986421-0500]    32.3125 MB /   0.50 sec =  541.7876 Mbps     1 retrans  12481 KB-cwnd
[2024-11-08T12:18:19.485963-0500]    31.8125 MB /   0.50 sec =  534.2060 Mbps     0 retrans  12481 KB-cwnd
[2024-11-08T12:18:19.986092-0500]    26.6875 MB /   0.50 sec =  447.6327 Mbps     0 retrans  11919 KB-cwnd
[2024-11-08T12:18:20.485927-0500]    27.6875 MB /   0.50 sec =  464.6446 Mbps     0 retrans  11919 KB-cwnd
[2024-11-08T12:18:20.985938-0500]    34.8750 MB /   0.50 sec =  585.1358 Mbps     0 retrans  11919 KB-cwnd
[2024-11-08T12:18:21.486313-0500]    34.3125 MB /   0.50 sec =  575.2322 Mbps     0 retrans  12134 KB-cwnd
[2024-11-08T12:18:21.986019-0500]    36.8125 MB /   0.50 sec =  617.9586 Mbps     0 retrans  12134 KB-cwnd
[2024-11-08T12:18:22.485829-0500]    38.3125 MB /   0.50 sec =  642.9070 Mbps     0 retrans  12808 KB-cwnd
[2024-11-08T12:18:22.985982-0500]    37.0000 MB /   0.50 sec =  620.7098 Mbps     0 retrans  12808 KB-cwnd
[2024-11-08T12:18:23.487041-0500]    22.0000 MB /   0.50 sec =  368.3238 Mbps     1 retrans  11173 KB-cwnd
[2024-11-08T12:18:23.985941-0500]    24.5000 MB /   0.50 sec =  411.9051 Mbps     0 retrans  11173 KB-cwnd
[2024-11-08T12:18:24.485873-0500]    36.5000 MB /   0.50 sec =  612.4076 Mbps     0 retrans  12918 KB-cwnd
[2024-11-08T12:18:24.987336-0500]    18.6875 MB /   0.50 sec =  312.7742 Mbps     0 retrans  12918 KB-cwnd
[2024-11-08T12:18:25.486083-0500]    33.0000 MB /   0.50 sec =  554.9879 Mbps     0 retrans  12918 KB-cwnd
End time: 1731086305535
