Start time: 1731086522423
[2024-11-08T12:22:07.514104-0500] traceroute to 54.197.223.49 (54.197.223.49), 30 hops max, 60 byte packets
[2024-11-08T12:22:07.514616-0500]  1  * * *
[2024-11-08T12:22:07.514656-0500]  2  * * *
[2024-11-08T12:22:07.514686-0500]  3  * * *
[2024-11-08T12:22:07.520292-0500]  4  * * *
[2024-11-08T12:22:07.520359-0500]  5  * * *
[2024-11-08T12:22:12.522048-0500]  6  * * *
[2024-11-08T12:22:12.522381-0500]  7  * * *
[2024-11-08T12:22:12.522443-0500]  8  * * *
[2024-11-08T12:22:12.522486-0500]  9  * * *
[2024-11-08T12:22:12.533629-0500] 10  * * *
[2024-11-08T12:22:17.529218-0500] 11  * * *
[2024-11-08T12:22:17.529632-0500] 12  * * *
[2024-11-08T12:22:17.535859-0500] 13  * * *
[2024-11-08T12:22:17.535932-0500] 14  * * *
[2024-11-08T12:22:17.535987-0500] 15  * * *
[2024-11-08T12:22:22.538074-0500] 16  * * *
[2024-11-08T12:22:22.538469-0500] 17  * * *
[2024-11-08T12:22:22.538569-0500] 18  * * *
[2024-11-08T12:22:22.550111-0500] 19  * * *
[2024-11-08T12:22:22.550370-0500] 20  * * *
[2024-11-08T12:22:22.550457-0500] 21  * * *
[2024-11-08T12:22:27.547162-0500] 22  * * *
[2024-11-08T12:22:27.552629-0500] 23  * * *
[2024-11-08T12:22:27.552854-0500] 24  * * *
[2024-11-08T12:22:27.556840-0500] 25  * * *
[2024-11-08T12:22:27.556914-0500] 26  * * *
[2024-11-08T12:22:32.506185-0500] 27  * *End time: 1731086552596
