Start time: 1730837554337
[2024-11-05T14:12:35.338521-0600] nuttcp-r: v8.1.4: socket
[2024-11-05T14:12:35.339516-0600] nuttcp-r: buflen=65536, nstream=1, port=5379 tcp
[2024-11-05T14:12:35.339655-0600] nuttcp-r: interval reporting every 0.50 seconds
[2024-11-05T14:12:35.339771-0600] nuttcp-r: connect to 54.197.223.49 with RTT=78.157 ms af=inet
[2024-11-05T14:12:35.339880-0600] nuttcp-r: send window size = 2097152, receive window size = 6291456
[2024-11-05T14:12:35.339983-0600] nuttcp-r: available send window = 1572864, available receive window = 4718592
[2024-11-05T14:12:35.340090-0600]     0.3125 MB /   0.50 sec =    5.2416 Mbps     0 retrans     13 KB-cwnd
[2024-11-05T14:12:35.838391-0600]     2.3750 MB /   0.50 sec =   39.8512 Mbps     0 retrans     13 KB-cwnd
[2024-11-05T14:12:36.338504-0600]     5.5000 MB /   0.50 sec =   92.2585 Mbps     0 retrans     13 KB-cwnd
[2024-11-05T14:12:36.838541-0600]    18.7500 MB /   0.50 sec =  314.5703 Mbps     0 retrans     13 KB-cwnd
[2024-11-05T14:12:37.338583-0600]    24.8125 MB /   0.50 sec =  416.3305 Mbps     0 retrans     13 KB-cwnd
[2024-11-05T14:12:37.838611-0600]    18.8125 MB /   0.50 sec =  315.6024 Mbps     0 retrans     13 KB-cwnd
[2024-11-05T14:12:38.338556-0600]    26.8125 MB /   0.50 sec =  449.7995 Mbps     0 retrans     13 KB-cwnd
[2024-11-05T14:12:38.838475-0600]    24.2500 MB /   0.50 sec =  406.9061 Mbps     0 retrans     13 KB-cwnd
[2024-11-05T14:12:39.338421-0600]    23.6875 MB /   0.50 sec =  397.4445 Mbps     0 retrans     13 KB-cwnd
[2024-11-05T14:12:39.838527-0600]    21.7500 MB /   0.50 sec =  364.8599 Mbps     0 retrans     13 KB-cwnd
[2024-11-05T14:12:40.338395-0600]    18.5625 MB /   0.50 sec =  311.4345 Mbps     0 retrans     13 KB-cwnd
[2024-11-05T14:12:40.838318-0600]    16.1250 MB /   0.50 sec =  270.5705 Mbps     0 retrans     13 KB-cwnd
[2024-11-05T14:12:41.338569-0600]    23.6250 MB /   0.50 sec =  396.2642 Mbps     0 retrans     15 KB-cwnd
[2024-11-05T14:12:41.838554-0600]    21.5625 MB /   0.50 sec =  361.7609 Mbps     0 retrans     26 KB-cwnd
[2024-11-05T14:12:42.338529-0600]    25.5000 MB /   0.50 sec =  427.8259 Mbps     0 retrans     26 KB-cwnd
[2024-11-05T14:12:42.838561-0600]    20.3750 MB /   0.50 sec =  341.8310 Mbps     0 retrans     26 KB-cwnd
[2024-11-05T14:12:43.338349-0600]    24.2500 MB /   0.50 sec =  406.9395 Mbps     0 retrans     26 KB-cwnd
[2024-11-05T14:12:43.838635-0600]    23.3750 MB /   0.50 sec =  392.0765 Mbps     0 retrans     26 KB-cwnd
[2024-11-05T14:12:44.338524-0600]    27.2500 MB /   0.50 sec =  457.1901 Mbps     0 retrans     26 KB-cwnd
[2024-11-05T14:12:44.838340-0600]    14.4375 MB /   0.50 sec =  242.2671 Mbps     0 retrans     26 KB-cwnd
[2024-11-05T14:12:45.338512-0600]    24.1250 MB /   0.50 sec =  404.6710 Mbps     0 retrans     26 KB-cwnd
[2024-11-05T14:12:45.838401-0600]    21.3125 MB /   0.50 sec =  357.6202 Mbps    44 retrans  16730 KB-cwnd
[2024-11-05T14:12:46.338641-0600]    25.7500 MB /   0.50 sec =  431.9762 Mbps   141 retrans  10861 KB-cwnd
[2024-11-05T14:12:46.838451-0600]    21.2500 MB /   0.50 sec =  356.5479 Mbps     0 retrans  11206 KB-cwnd
[2024-11-05T14:12:47.338424-0600]    19.9375 MB /   0.50 sec =  334.4991 Mbps     0 retrans  11268 KB-cwnd
[2024-11-05T14:12:47.838497-0600]    18.8125 MB /   0.50 sec =  315.5747 Mbps    29 retrans  13488 KB-cwnd
[2024-11-05T14:12:48.338529-0600]    19.3750 MB /   0.50 sec =  325.0527 Mbps     0 retrans  13488 KB-cwnd
[2024-11-05T14:12:48.838484-0600]    13.3750 MB /   0.50 sec =  224.4141 Mbps     1 retrans  13488 KB-cwnd
[2024-11-05T14:12:49.338551-0600]    14.7500 MB /   0.50 sec =  247.4164 Mbps    69 retrans   6177 KB-cwnd
[2024-11-05T14:12:49.838358-0600]    12.8750 MB /   0.50 sec =  216.0624 Mbps     0 retrans   6502 KB-cwnd
[2024-11-05T14:12:50.338517-0600]    15.5000 MB /   0.50 sec =  260.0245 Mbps     0 retrans   6554 KB-cwnd
[2024-11-05T14:12:50.838405-0600]    14.2500 MB /   0.50 sec =  239.1031 Mbps     0 retrans   7262 KB-cwnd
[2024-11-05T14:12:51.338291-0600]    12.1250 MB /   0.50 sec =  203.4396 Mbps    23 retrans   7304 KB-cwnd
[2024-11-05T14:12:51.838398-0600]    15.1250 MB /   0.50 sec =  253.7371 Mbps     0 retrans   7846 KB-cwnd
[2024-11-05T14:12:52.338512-0600]    12.8125 MB /   0.50 sec =  214.9181 Mbps     0 retrans   8647 KB-cwnd
[2024-11-05T14:12:52.838484-0600]     7.4375 MB /   0.50 sec =  124.7920 Mbps     2 retrans   8699 KB-cwnd
[2024-11-05T14:12:53.338515-0600]    13.6250 MB /   0.50 sec =  228.5649 Mbps     1 retrans   8699 KB-cwnd
[2024-11-05T14:12:53.838642-0600]    11.7500 MB /   0.50 sec =  197.1374 Mbps    90 retrans   8045 KB-cwnd
[2024-11-05T14:12:54.338328-0600]    13.5625 MB /   0.50 sec =  227.5870 Mbps     0 retrans   8045 KB-cwnd
[2024-11-05T14:12:54.838403-0600]    16.1875 MB /   0.50 sec =  271.5720 Mbps     0 retrans   8045 KB-cwnd
[2024-11-05T14:12:55.338529-0600]    13.2500 MB /   0.50 sec =  222.2568 Mbps     0 retrans   8045 KB-cwnd
[2024-11-05T14:12:55.838436-0600]    18.3750 MB /   0.50 sec =  308.3288 Mbps    34 retrans   9935 KB-cwnd
[2024-11-05T14:12:56.338409-0600]    17.6875 MB /   0.50 sec =  296.7500 Mbps     0 retrans   9935 KB-cwnd
[2024-11-05T14:12:56.838503-0600]    20.0000 MB /   0.50 sec =  335.4920 Mbps     0 retrans   9935 KB-cwnd
[2024-11-05T14:12:57.338507-0600]    25.5000 MB /   0.50 sec =  427.8584 Mbps    52 retrans      5 KB-cwnd
[2024-11-05T14:12:57.838468-0600]    23.2500 MB /   0.50 sec =  390.0859 Mbps     0 retrans      5 KB-cwnd
[2024-11-05T14:12:58.339300-0600]    24.0625 MB /   0.50 sec =  403.0367 Mbps    35 retrans  11487 KB-cwnd
[2024-11-05T14:12:58.838438-0600]    21.3750 MB /   0.50 sec =  359.2028 Mbps     0 retrans  11487 KB-cwnd
[2024-11-05T14:12:59.338592-0600]    29.4375 MB /   0.50 sec =  493.7796 Mbps    38 retrans  11279 KB-cwnd
[2024-11-05T14:12:59.838549-0600]    29.5000 MB /   0.50 sec =  494.9516 Mbps     0 retrans  11308 KB-cwnd
[2024-11-05T14:13:00.338703-0600]    24.6875 MB /   0.50 sec =  414.1618 Mbps    16 retrans   9895 KB-cwnd
[2024-11-05T14:13:00.838383-0600]    25.2500 MB /   0.50 sec =  423.7103 Mbps     0 retrans  11187 KB-cwnd
[2024-11-05T14:13:01.338564-0600]    20.4375 MB /   0.50 sec =  342.8240 Mbps     0 retrans  12290 KB-cwnd
[2024-11-05T14:13:01.838436-0600]    21.3750 MB /   0.50 sec =  358.6847 Mbps    32 retrans  16970 KB-cwnd
[2024-11-05T14:13:02.338519-0600]    16.1875 MB /   0.50 sec =  271.5470 Mbps     0 retrans  17180 KB-cwnd
[2024-11-05T14:13:02.838445-0600]    24.0625 MB /   0.50 sec =  403.7607 Mbps     0 retrans  17180 KB-cwnd
[2024-11-05T14:13:03.338381-0600]    21.8125 MB /   0.50 sec =  365.9772 Mbps    35 retrans  19927 KB-cwnd
[2024-11-05T14:13:03.838512-0600]    22.1250 MB /   0.50 sec =  371.1224 Mbps     0 retrans  19927 KB-cwnd
[2024-11-05T14:13:04.338346-0600]    12.3750 MB /   0.50 sec =  207.6425 Mbps     0 retrans  19927 KB-cwnd
[2024-11-05T14:13:04.838430-0600]    24.0625 MB /   0.50 sec =  403.6759 Mbps    41 retrans  17977 KB-cwnd
[2024-11-05T14:13:05.338518-0600]    11.0625 MB /   0.50 sec =  185.5631 Mbps     0 retrans  17977 KB-cwnd
[2024-11-05T14:13:05.838393-0600]    16.0000 MB /   0.50 sec =  268.5160 Mbps     0 retrans  17977 KB-cwnd
[2024-11-05T14:13:06.338384-0600]    17.0000 MB /   0.50 sec =  285.2144 Mbps    25 retrans   7865 KB-cwnd
[2024-11-05T14:13:06.838565-0600]    10.2500 MB /   0.50 sec =  171.9228 Mbps     0 retrans   7865 KB-cwnd
[2024-11-05T14:13:07.339208-0600]    12.5625 MB /   0.50 sec =  210.4510 Mbps     0 retrans   7865 KB-cwnd
[2024-11-05T14:13:07.838540-0600]    17.1250 MB /   0.50 sec =  287.7437 Mbps     0 retrans   7865 KB-cwnd
[2024-11-05T14:13:08.338347-0600]    24.6875 MB /   0.50 sec =  414.2811 Mbps    15 retrans  14499 KB-cwnd
[2024-11-05T14:13:08.838554-0600]     9.0625 MB /   0.50 sec =  152.0092 Mbps     0 retrans  14499 KB-cwnd
[2024-11-05T14:13:09.338484-0600]    17.1250 MB /   0.50 sec =  287.3288 Mbps     0 retrans  14499 KB-cwnd
[2024-11-05T14:13:09.838427-0600]    12.1250 MB /   0.50 sec =  203.4453 Mbps    47 retrans  12656 KB-cwnd
[2024-11-05T14:13:10.339052-0600]    13.0625 MB /   0.50 sec =  218.9444 Mbps     0 retrans  12656 KB-cwnd
[2024-11-05T14:13:10.838478-0600]    13.2500 MB /   0.50 sec =  222.5024 Mbps     0 retrans  12656 KB-cwnd
[2024-11-05T14:13:11.338588-0600]     3.5625 MB /   0.50 sec =   59.7527 Mbps     0 retrans  12656 KB-cwnd
[2024-11-05T14:13:11.838436-0600]    13.8125 MB /   0.50 sec =  231.7983 Mbps     0 retrans  12656 KB-cwnd
[2024-11-05T14:13:12.338535-0600]     0.0000 MB /   0.50 sec =    0.0000 Mbps     0 retrans  12656 KB-cwnd
[2024-11-05T14:13:12.838420-0600]    14.5625 MB /   0.50 sec =  244.3607 Mbps    21 retrans  12202 KB-cwnd
[2024-11-05T14:13:13.338508-0600]    13.3125 MB /   0.50 sec =  223.3127 Mbps     0 retrans  12202 KB-cwnd
[2024-11-05T14:13:13.838366-0600]    14.8750 MB /   0.50 sec =  249.5990 Mbps     0 retrans  12202 KB-cwnd
[2024-11-05T14:13:14.338525-0600]    12.1875 MB /   0.50 sec =  204.4380 Mbps     0 retrans  12202 KB-cwnd
[2024-11-05T14:13:14.838475-0600]    14.5625 MB /   0.50 sec =  244.3456 Mbps    23 retrans   8314 KB-cwnd
[2024-11-05T14:13:15.338485-0600]    23.4375 MB /   0.50 sec =  393.2309 Mbps     0 retrans   8314 KB-cwnd
[2024-11-05T14:13:15.838571-0600]    14.0000 MB /   0.50 sec =  234.8430 Mbps     0 retrans   8314 KB-cwnd
[2024-11-05T14:13:16.338724-0600]    16.3750 MB /   0.50 sec =  274.7104 Mbps    21 retrans   7009 KB-cwnd
[2024-11-05T14:13:16.838685-0600]    19.5000 MB /   0.50 sec =  327.1760 Mbps     0 retrans   7009 KB-cwnd
[2024-11-05T14:13:17.338475-0600]    16.8125 MB /   0.50 sec =  282.0867 Mbps     0 retrans   7009 KB-cwnd
[2024-11-05T14:13:17.838478-0600]    15.7500 MB /   0.50 sec =  264.2390 Mbps    25 retrans   4215 KB-cwnd
[2024-11-05T14:13:18.338510-0600]    12.0000 MB /   0.50 sec =  201.3250 Mbps     0 retrans   4323 KB-cwnd
[2024-11-05T14:13:18.838325-0600]    13.6250 MB /   0.50 sec =  228.6371 Mbps     0 retrans   4567 KB-cwnd
[2024-11-05T14:13:19.338443-0600]     7.6875 MB /   0.50 sec =  128.9509 Mbps     0 retrans   4567 KB-cwnd
[2024-11-05T14:13:19.838406-0600]    13.0625 MB /   0.50 sec =  219.1813 Mbps     0 retrans   4567 KB-cwnd
[2024-11-05T14:13:20.338674-0600]     1.6875 MB /   0.50 sec =   28.3051 Mbps    23 retrans   8235 KB-cwnd
[2024-11-05T14:13:20.838526-0600]     8.2500 MB /   0.50 sec =  138.4223 Mbps     0 retrans   8235 KB-cwnd
[2024-11-05T14:13:21.338544-0600]     0.8125 MB /   0.50 sec =   13.6305 Mbps     0 retrans   8235 KB-cwnd
[2024-11-05T14:13:21.838494-0600]     0.0000 MB /   0.50 sec =    0.0000 Mbps     0 retrans   8235 KB-cwnd
[2024-11-05T14:13:22.338360-0600]     4.8125 MB /   0.50 sec =   80.7476 Mbps     0 retrans   8389 KB-cwnd
[2024-11-05T14:13:22.838467-0600]    16.8750 MB /   0.50 sec =  283.1099 Mbps     0 retrans   8458 KB-cwnd
[2024-11-05T14:13:23.338371-0600]    12.6875 MB /   0.50 sec =  212.8605 Mbps     0 retrans   8458 KB-cwnd
[2024-11-05T14:13:23.838596-0600]    22.8750 MB /   0.50 sec =  383.7473 Mbps    30 retrans   8703 KB-cwnd
[2024-11-05T14:13:24.338834-0600]     6.8750 MB /   0.50 sec =  115.2917 Mbps     0 retrans   8703 KB-cwnd
[2024-11-05T14:13:24.838450-0600]    13.1250 MB /   0.50 sec =  220.3182 Mbps     0 retrans   8703 KB-cwnd
[2024-11-05T14:13:25.338475-0600]    10.8750 MB /   0.50 sec =  182.4322 Mbps     0 retrans   8703 KB-cwnd
[2024-11-05T14:13:25.838525-0600]    13.1875 MB /   0.50 sec =  221.2398 Mbps    30 retrans      5 KB-cwnd
[2024-11-05T14:13:26.338405-0600]     9.2500 MB /   0.50 sec =  155.2187 Mbps     0 retrans      5 KB-cwnd
[2024-11-05T14:13:26.838398-0600]     3.3750 MB /   0.50 sec =   56.6197 Mbps     0 retrans      5 KB-cwnd
[2024-11-05T14:13:27.338670-0600]     0.0000 MB /   0.50 sec =    0.0000 Mbps     0 retrans      5 KB-cwnd
[2024-11-05T14:13:27.838388-0600]     4.3125 MB /   0.50 sec =   72.3577 Mbps     0 retrans      5 KB-cwnd
[2024-11-05T14:13:28.338500-0600]     9.3750 MB /   0.50 sec =  157.2792 Mbps     0 retrans      5 KB-cwnd
[2024-11-05T14:13:28.838578-0600]     7.5625 MB /   0.50 sec =  126.8678 Mbps     0 retrans      5 KB-cwnd
[2024-11-05T14:13:29.338500-0600]    15.1875 MB /   0.50 sec =  254.8131 Mbps     0 retrans      5 KB-cwnd
[2024-11-05T14:13:29.838440-0600]    12.3750 MB /   0.50 sec =  207.6504 Mbps    88 retrans   6910 KB-cwnd
[2024-11-05T14:13:30.338518-0600]     7.6875 MB /   0.50 sec =  128.9632 Mbps     0 retrans   7099 KB-cwnd
[2024-11-05T14:13:30.838533-0600]    16.6875 MB /   0.50 sec =  279.9401 Mbps     0 retrans   7099 KB-cwnd
[2024-11-05T14:13:31.338466-0600]    17.5000 MB /   0.50 sec =  293.6371 Mbps     0 retrans   7099 KB-cwnd
[2024-11-05T14:13:31.838487-0600]    14.0000 MB /   0.50 sec =  234.8726 Mbps    58 retrans   6806 KB-cwnd
[2024-11-05T14:13:32.338795-0600]    11.7500 MB /   0.50 sec =  197.0657 Mbps     0 retrans   6806 KB-cwnd
[2024-11-05T14:13:32.838536-0600]    13.2500 MB /   0.50 sec =  222.3595 Mbps     0 retrans   6806 KB-cwnd
[2024-11-05T14:13:33.338400-0600]    11.8750 MB /   0.50 sec =  199.2693 Mbps     0 retrans   6806 KB-cwnd
[2024-11-05T14:13:33.838497-0600]    17.1250 MB /   0.50 sec =  287.3064 Mbps  9673 retrans   5978 KB-cwnd
[2024-11-05T14:13:34.338545-0600]    13.8750 MB /   0.50 sec =  232.7732 Mbps     1 retrans   5978 KB-cwnd
[2024-11-05T14:13:34.838606-0600]    16.4375 MB /   0.50 sec =  275.7214 Mbps     1 retrans   5978 KB-cwnd
[2024-11-05T14:13:35.338577-0600]    11.8750 MB /   0.50 sec =  199.2302 Mbps     0 retrans   5978 KB-cwnd
[2024-11-05T14:13:35.838458-0600]    11.8750 MB /   0.50 sec =  199.2585 Mbps    68 retrans   9305 KB-cwnd
[2024-11-05T14:13:36.338587-0600]    12.0000 MB /   0.50 sec =  201.3020 Mbps     0 retrans   9305 KB-cwnd
[2024-11-05T14:13:36.839034-0600]    22.1875 MB /   0.50 sec =  372.2728 Mbps     0 retrans   9305 KB-cwnd
[2024-11-05T14:13:37.338571-0600]    13.0625 MB /   0.50 sec =  219.1445 Mbps    43 retrans   5332 KB-cwnd
[2024-11-05T14:13:37.838448-0600]    22.3750 MB /   0.50 sec =  375.4308 Mbps     0 retrans   5332 KB-cwnd
[2024-11-05T14:13:38.338496-0600]    21.0000 MB /   0.50 sec =  352.2870 Mbps     0 retrans   5332 KB-cwnd
[2024-11-05T14:13:38.839048-0600]    19.0625 MB /   0.50 sec =  319.5307 Mbps    32 retrans      5 KB-cwnd
[2024-11-05T14:13:39.338527-0600]    25.3125 MB /   0.50 sec =  425.0320 Mbps     0 retrans      5 KB-cwnd
[2024-11-05T14:13:39.838496-0600]    23.0625 MB /   0.50 sec =  386.9640 Mbps    43 retrans   6127 KB-cwnd
[2024-11-05T14:13:40.338443-0600]    18.6250 MB /   0.50 sec =  312.4750 Mbps     0 retrans   6155 KB-cwnd
[2024-11-05T14:13:40.838573-0600]    20.3750 MB /   0.50 sec =  341.7879 Mbps     4 retrans   7315 KB-cwnd
[2024-11-05T14:13:41.338455-0600]    25.8750 MB /   0.50 sec =  434.1930 Mbps    34 retrans   6455 KB-cwnd
[2024-11-05T14:13:41.838702-0600]    18.6250 MB /   0.50 sec =  312.4282 Mbps     1 retrans   7059 KB-cwnd
[2024-11-05T14:13:42.338488-0600]    26.5000 MB /   0.50 sec =  444.6629 Mbps    31 retrans   5789 KB-cwnd
[2024-11-05T14:13:42.838491-0600]    19.4375 MB /   0.50 sec =  326.0928 Mbps     0 retrans   5927 KB-cwnd
[2024-11-05T14:13:43.338502-0600]    19.8125 MB /   0.50 sec =  332.3846 Mbps     0 retrans   6267 KB-cwnd
[2024-11-05T14:13:43.838479-0600]    15.1250 MB /   0.50 sec =  253.7889 Mbps    61 retrans  10255 KB-cwnd
[2024-11-05T14:13:44.338425-0600]    17.9375 MB /   0.50 sec =  300.9413 Mbps     0 retrans  10255 KB-cwnd
[2024-11-05T14:13:44.838440-0600]    24.6875 MB /   0.50 sec =  414.1776 Mbps     0 retrans  10255 KB-cwnd
[2024-11-05T14:13:45.338486-0600]    24.7500 MB /   0.50 sec =  415.2178 Mbps    62 retrans  12707 KB-cwnd
[2024-11-05T14:13:45.838423-0600]    25.2500 MB /   0.50 sec =  423.6128 Mbps     0 retrans  12707 KB-cwnd
[2024-11-05T14:13:46.338531-0600]    14.8125 MB /   0.50 sec =  248.5190 Mbps    28 retrans  15720 KB-cwnd
[2024-11-05T14:13:46.838428-0600]    19.6875 MB /   0.50 sec =  330.3173 Mbps     0 retrans  15744 KB-cwnd
[2024-11-05T14:13:47.338440-0600]    25.4375 MB /   0.50 sec =  426.7824 Mbps     0 retrans  15744 KB-cwnd
[2024-11-05T14:13:47.838489-0600]    21.3125 MB /   0.50 sec =  357.5222 Mbps    20 retrans  11304 KB-cwnd
[2024-11-05T14:13:48.338693-0600]    23.3125 MB /   0.50 sec =  391.0406 Mbps     0 retrans  12688 KB-cwnd
[2024-11-05T14:13:48.838682-0600]    24.3125 MB /   0.50 sec =  407.8414 Mbps    58 retrans  10790 KB-cwnd
[2024-11-05T14:13:49.338544-0600]    18.9375 MB /   0.50 sec =  317.7967 Mbps     0 retrans  10790 KB-cwnd
[2024-11-05T14:13:49.838592-0600]    25.5625 MB /   0.50 sec =  428.9499 Mbps    19 retrans  17055 KB-cwnd
[2024-11-05T14:13:50.338380-0600]    22.8125 MB /   0.50 sec =  382.7272 Mbps     0 retrans  17055 KB-cwnd
[2024-11-05T14:13:50.838412-0600]    25.9375 MB /   0.50 sec =  435.1747 Mbps     0 retrans  17055 KB-cwnd
[2024-11-05T14:13:51.338469-0600]    24.3125 MB /   0.50 sec =  407.8667 Mbps    37 retrans   7218 KB-cwnd
[2024-11-05T14:13:51.839091-0600]    15.4375 MB /   0.50 sec =  258.6734 Mbps     0 retrans   7218 KB-cwnd
[2024-11-05T14:13:52.338479-0600]    21.7500 MB /   0.50 sec =  365.3333 Mbps     0 retrans  13163 KB-cwnd
[2024-11-05T14:13:52.838564-0600]    23.6875 MB /   0.50 sec =  397.3666 Mbps    28 retrans   9412 KB-cwnd
[2024-11-05T14:13:53.338665-0600]    16.6875 MB /   0.50 sec =  279.9132 Mbps     0 retrans   9412 KB-cwnd
[2024-11-05T14:13:53.838605-0600]    25.5000 MB /   0.50 sec =  427.9816 Mbps    18 retrans  13385 KB-cwnd
[2024-11-05T14:13:54.338779-0600]    17.1875 MB /   0.50 sec =  288.2183 Mbps     0 retrans  13397 KB-cwnd
[2024-11-05T14:13:54.838319-0600]    24.1875 MB /   0.50 sec =  406.0547 Mbps     0 retrans  13397 KB-cwnd
[2024-11-05T14:13:55.338453-0600]    15.5625 MB /   0.50 sec =  261.0714 Mbps    43 retrans  18198 KB-cwnd
[2024-11-05T14:13:55.838538-0600]    23.8750 MB /   0.50 sec =  400.4968 Mbps     0 retrans  18198 KB-cwnd
[2024-11-05T14:13:56.338548-0600]    13.1250 MB /   0.50 sec =  220.1789 Mbps     0 retrans  18198 KB-cwnd
[2024-11-05T14:13:56.838476-0600]    12.1250 MB /   0.50 sec =  203.4689 Mbps    45 retrans   9141 KB-cwnd
[2024-11-05T14:13:57.338357-0600]    13.6875 MB /   0.50 sec =  229.6588 Mbps     0 retrans   9516 KB-cwnd
[2024-11-05T14:13:57.838448-0600]    22.8750 MB /   0.50 sec =  383.7435 Mbps     0 retrans   9516 KB-cwnd
[2024-11-05T14:13:58.338393-0600]    27.1250 MB /   0.50 sec =  455.1384 Mbps    25 retrans  14639 KB-cwnd
[2024-11-05T14:13:58.838469-0600]    15.5625 MB /   0.50 sec =  261.0657 Mbps     0 retrans  14639 KB-cwnd
[2024-11-05T14:13:59.338512-0600]    15.5625 MB /   0.50 sec =  261.0552 Mbps     0 retrans  14639 KB-cwnd
[2024-11-05T14:13:59.838575-0600]    12.9375 MB /   0.50 sec =  217.0452 Mbps    37 retrans   8258 KB-cwnd
[2024-11-05T14:14:00.338484-0600]    13.1250 MB /   0.50 sec =  220.2269 Mbps     0 retrans   8259 KB-cwnd
[2024-11-05T14:14:00.838380-0600]    12.5000 MB /   0.50 sec =  209.7320 Mbps     0 retrans   8259 KB-cwnd
[2024-11-05T14:14:01.338467-0600]    13.2500 MB /   0.50 sec =  222.2857 Mbps     0 retrans  14597 KB-cwnd
[2024-11-05T14:14:01.838511-0600]     0.0000 MB /   0.50 sec =    0.0000 Mbps     0 retrans  14597 KB-cwnd
[2024-11-05T14:14:02.338412-0600]     0.0000 MB /   0.50 sec =    0.0000 Mbps     0 retrans  14597 KB-cwnd
[2024-11-05T14:14:02.838407-0600]     6.6250 MB /   0.50 sec =  111.1497 Mbps     0 retrans  14597 KB-cwnd
[2024-11-05T14:14:03.338471-0600]     6.9375 MB /   0.50 sec =  116.3854 Mbps     0 retrans  14597 KB-cwnd
[2024-11-05T14:14:03.838408-0600]    14.1250 MB /   0.50 sec =  236.9943 Mbps     8 retrans  13469 KB-cwnd
[2024-11-05T14:14:04.338468-0600]    12.4375 MB /   0.50 sec =  208.6691 Mbps     0 retrans  13469 KB-cwnd
[2024-11-05T14:14:04.838539-0600]    13.8750 MB /   0.50 sec =  232.7531 Mbps     0 retrans  13469 KB-cwnd
[2024-11-05T14:14:05.338467-0600]    11.5000 MB /   0.50 sec =  192.9538 Mbps     0 retrans  13469 KB-cwnd
[2024-11-05T14:14:05.838456-0600]     9.8750 MB /   0.50 sec =  165.6849 Mbps     0 retrans  13469 KB-cwnd
[2024-11-05T14:14:06.338480-0600]    14.8125 MB /   0.50 sec =  248.4951 Mbps    33 retrans  14916 KB-cwnd
[2024-11-05T14:14:06.838533-0600]    13.7500 MB /   0.50 sec =  230.6715 Mbps     0 retrans  14916 KB-cwnd
[2024-11-05T14:14:07.338392-0600]    21.1250 MB /   0.50 sec =  354.4960 Mbps     0 retrans  14916 KB-cwnd
[2024-11-05T14:14:07.838403-0600]     9.7500 MB /   0.50 sec =  163.5651 Mbps    99 retrans   8146 KB-cwnd
[2024-11-05T14:14:08.338559-0600]    19.8125 MB /   0.50 sec =  332.3574 Mbps     0 retrans   8146 KB-cwnd
[2024-11-05T14:14:08.838551-0600]    14.7500 MB /   0.50 sec =  247.5001 Mbps     0 retrans   8146 KB-cwnd
[2024-11-05T14:14:09.338418-0600]    23.3750 MB /   0.50 sec =  392.1776 Mbps    44 retrans   8005 KB-cwnd
[2024-11-05T14:14:09.838558-0600]    22.8125 MB /   0.50 sec =  382.6529 Mbps     0 retrans   8005 KB-cwnd
[2024-11-05T14:14:10.338672-0600]    28.6875 MB /   0.50 sec =  481.3127 Mbps    25 retrans  10256 KB-cwnd
[2024-11-05T14:14:10.838695-0600]    21.5625 MB /   0.50 sec =  361.6278 Mbps     0 retrans  10256 KB-cwnd
[2024-11-05T14:14:11.338581-0600]    15.1250 MB /   0.50 sec =  253.8356 Mbps     0 retrans  10256 KB-cwnd
[2024-11-05T14:14:11.839319-0600]    21.3125 MB /   0.50 sec =  357.5995 Mbps    15 retrans   9540 KB-cwnd
[2024-11-05T14:14:12.338985-0600]    14.6875 MB /   0.50 sec =  246.2868 Mbps     0 retrans   9540 KB-cwnd
[2024-11-05T14:14:12.838472-0600]    15.4375 MB /   0.50 sec =  259.1615 Mbps     0 retrans   9540 KB-cwnd
[2024-11-05T14:14:13.338971-0600]    17.8750 MB /   0.50 sec =  299.8562 Mbps     0 retrans   9579 KB-cwnd
[2024-11-05T14:14:13.838635-0600]    15.6875 MB /   0.50 sec =  263.1631 Mbps    43 retrans  12923 KB-cwnd
[2024-11-05T14:14:14.338571-0600]    15.6875 MB /   0.50 sec =  263.2658 Mbps     0 retrans  12923 KB-cwnd
[2024-11-05T14:14:14.839060-0600]    13.6250 MB /   0.50 sec =  228.2973 Mbps     0 retrans  12923 KB-cwnd
[2024-11-05T14:14:15.338428-0600]     3.9375 MB /   0.50 sec =   66.1397 Mbps     0 retrans  12923 KB-cwnd
[2024-11-05T14:14:15.838524-0600]     8.9375 MB /   0.50 sec =  149.9365 Mbps     0 retrans  12923 KB-cwnd
[2024-11-05T14:14:16.338528-0600]    14.0625 MB /   0.50 sec =  235.9173 Mbps  2059 retrans  11527 KB-cwnd
[2024-11-05T14:14:16.838572-0600]    13.8125 MB /   0.50 sec =  231.7557 Mbps     0 retrans  11527 KB-cwnd
[2024-11-05T14:14:17.338484-0600]     9.9375 MB /   0.50 sec =  166.7199 Mbps     0 retrans  11527 KB-cwnd
[2024-11-05T14:14:17.838538-0600]     9.1250 MB /   0.50 sec =  153.0771 Mbps     0 retrans  11527 KB-cwnd
[2024-11-05T14:14:18.338396-0600]    21.7500 MB /   0.50 sec =  364.9614 Mbps  2326 retrans   8065 KB-cwnd
[2024-11-05T14:14:18.838487-0600]    13.4375 MB /   0.50 sec =  225.4267 Mbps     0 retrans   8065 KB-cwnd
[2024-11-05T14:14:19.338619-0600]    16.9375 MB /   0.50 sec =  284.1317 Mbps     0 retrans   8065 KB-cwnd
[2024-11-05T14:14:19.838470-0600]    25.0000 MB /   0.50 sec =  419.5294 Mbps    37 retrans   6788 KB-cwnd
[2024-11-05T14:14:20.339046-0600]    20.2500 MB /   0.50 sec =  339.7169 Mbps     0 retrans   6788 KB-cwnd
[2024-11-05T14:14:20.838687-0600]    21.3125 MB /   0.50 sec =  357.5637 Mbps     0 retrans   6788 KB-cwnd
[2024-11-05T14:14:21.338586-0600]    16.3750 MB /   0.50 sec =  274.6901 Mbps    14 retrans   9460 KB-cwnd
[2024-11-05T14:14:21.838357-0600]    22.0625 MB /   0.50 sec =  370.2303 Mbps     0 retrans   9460 KB-cwnd
[2024-11-05T14:14:22.338392-0600]    18.8750 MB /   0.50 sec =  316.6440 Mbps     0 retrans   9460 KB-cwnd
[2024-11-05T14:14:22.838662-0600]    13.3125 MB /   0.50 sec =  223.3391 Mbps    16 retrans   4290 KB-cwnd
[2024-11-05T14:14:23.338600-0600]    16.1250 MB /   0.50 sec =  270.4747 Mbps     0 retrans   4903 KB-cwnd
[2024-11-05T14:14:23.838634-0600]    14.3125 MB /   0.50 sec =  240.1864 Mbps     0 retrans   9132 KB-cwnd
[2024-11-05T14:14:24.338552-0600]    11.0000 MB /   0.50 sec =  184.5246 Mbps     0 retrans   9132 KB-cwnd
[2024-11-05T14:14:24.838470-0600]    13.9375 MB /   0.50 sec =  233.8455 Mbps    24 retrans   9145 KB-cwnd
[2024-11-05T14:14:25.339566-0600]    11.1250 MB /   0.50 sec =  186.6391 Mbps     4 retrans   9145 KB-cwnd
[2024-11-05T14:14:25.838723-0600]    12.6875 MB /   0.50 sec =  212.8524 Mbps     0 retrans   9145 KB-cwnd
[2024-11-05T14:14:26.338490-0600]    18.1875 MB /   0.50 sec =  305.1551 Mbps     2 retrans   9145 KB-cwnd
[2024-11-05T14:14:26.838705-0600]    20.3125 MB /   0.50 sec =  340.7688 Mbps   162 retrans   9979 KB-cwnd
[2024-11-05T14:14:27.338357-0600]    18.9375 MB /   0.50 sec =  317.7897 Mbps     0 retrans   9979 KB-cwnd
[2024-11-05T14:14:27.838605-0600]    15.1250 MB /   0.50 sec =  253.6570 Mbps     2 retrans   9979 KB-cwnd
[2024-11-05T14:14:28.338547-0600]    24.1875 MB /   0.50 sec =  405.8963 Mbps    22 retrans   7866 KB-cwnd
[2024-11-05T14:14:28.838434-0600]    14.8125 MB /   0.50 sec =  248.5324 Mbps     0 retrans   7866 KB-cwnd
[2024-11-05T14:14:29.338528-0600]    19.5625 MB /   0.50 sec =  328.1524 Mbps     0 retrans   7866 KB-cwnd
[2024-11-05T14:14:29.838578-0600]    24.1250 MB /   0.50 sec =  404.8240 Mbps    71 retrans   8652 KB-cwnd
[2024-11-05T14:14:30.339241-0600]    19.5000 MB /   0.50 sec =  327.1197 Mbps     0 retrans   8652 KB-cwnd
[2024-11-05T14:14:30.838618-0600]    20.7500 MB /   0.50 sec =  348.0479 Mbps    35 retrans   9936 KB-cwnd
[2024-11-05T14:14:31.338742-0600]    17.5625 MB /   0.50 sec =  294.7353 Mbps     0 retrans   9936 KB-cwnd
[2024-11-05T14:14:31.839102-0600]    17.3125 MB /   0.50 sec =  290.0645 Mbps     0 retrans   9936 KB-cwnd
[2024-11-05T14:14:32.338530-0600]    15.4375 MB /   0.50 sec =  259.3209 Mbps    70 retrans  10134 KB-cwnd
[2024-11-05T14:14:32.838522-0600]    15.3125 MB /   0.50 sec =  256.9145 Mbps     0 retrans  10134 KB-cwnd
[2024-11-05T14:14:33.339461-0600]    14.3125 MB /   0.50 sec =  240.1162 Mbps     0 retrans  10134 KB-cwnd
[2024-11-05T14:14:33.838482-0600]    16.6875 MB /   0.50 sec =  279.9933 Mbps     0 retrans  10134 KB-cwnd
[2024-11-05T14:14:34.338483-0600]    15.3750 MB /   0.50 sec =  257.9332 Mbps    42 retrans  11250 KB-cwnd
[2024-11-05T14:14:34.838428-0600]    15.8750 MB /   0.50 sec =  266.3777 Mbps     0 retrans  11250 KB-cwnd
[2024-11-05T14:14:35.338552-0600]    18.3750 MB /   0.50 sec =  308.2068 Mbps     0 retrans  11250 KB-cwnd
End time: 1730837675477
