Start time: 1730837892389
[2024-11-05T14:18:17.495273-0600] traceroute to 54.197.223.49 (54.197.223.49), 30 hops max, 60 byte packets
[2024-11-05T14:18:17.496274-0600]  1  * * *
[2024-11-05T14:18:17.496360-0600]  2  * * *
[2024-11-05T14:18:17.496424-0600]  3  * * *
[2024-11-05T14:18:17.506707-0600]  4  * * *
[2024-11-05T14:18:17.506837-0600]  5  * * *
[2024-11-05T14:18:22.503060-0600]  6  * * *
[2024-11-05T14:18:22.503359-0600]  7  * * *
[2024-11-05T14:18:22.508971-0600]  8  * * *
[2024-11-05T14:18:22.509067-0600]  9  * * *
[2024-11-05T14:18:22.517402-0600] 10  * * *
[2024-11-05T14:18:27.510244-0600] 11  * * *
[2024-11-05T14:18:27.510671-0600] 12  * * *
[2024-11-05T14:18:27.520578-0600] 13  * * *
[2024-11-05T14:18:27.520768-0600] 14  * * *
[2024-11-05T14:18:27.520887-0600] 15  * * *
[2024-11-05T14:18:32.518050-0600] 16  * * *
[2024-11-05T14:18:32.518553-0600] 17  * * *
[2024-11-05T14:18:32.526436-0600] 18  * * *
[2024-11-05T14:18:32.535388-0600] 19  * * *
[2024-11-05T14:18:32.535661-0600] 20  * * *
[2024-11-05T14:18:32.535780-0600] 21  * * *
[2024-11-05T14:18:37.526412-0600] 22  * * *
[2024-11-05T14:18:37.531887-0600] 23  * * *
[2024-11-05T14:18:37.536508-0600] 24  * * *
[2024-11-05T14:18:37.540866-0600] 25  * * *
[2024-11-05T14:18:37.544540-0600] 26  * * *
[2024-11-05T14:18:42.481788-0600] 27  * *End time: 1730837922550
