Start time: 1730840959067
[2024-11-05T15:09:20.080953-0600] nuttcp-r: v8.1.4: socket
[2024-11-05T15:09:20.081628-0600] nuttcp-r: buflen=65536, nstream=1, port=5379 tcp
[2024-11-05T15:09:20.081730-0600] nuttcp-r: interval reporting every 0.50 seconds
[2024-11-05T15:09:20.081779-0600] nuttcp-r: connect to 54.197.223.49 with RTT=116.823 ms af=inet
[2024-11-05T15:09:20.081818-0600] nuttcp-r: send window size = 2097152, receive window size = 6291456
[2024-11-05T15:09:20.081856-0600] nuttcp-r: available send window = 1572864, available receive window = 4718592
[2024-11-05T15:09:20.081892-0600]     0.2500 MB /   0.50 sec =    4.1938 Mbps     0 retrans     13 KB-cwnd
[2024-11-05T15:09:20.580727-0600]     3.8750 MB /   0.50 sec =   65.0091 Mbps     0 retrans     13 KB-cwnd
[2024-11-05T15:09:21.080638-0600]     8.0000 MB /   0.50 sec =  134.2167 Mbps     0 retrans     13 KB-cwnd
[2024-11-05T15:09:21.580965-0600]    28.9375 MB /   0.50 sec =  485.5286 Mbps     0 retrans     13 KB-cwnd
[2024-11-05T15:09:22.081002-0600]    33.0625 MB /   0.50 sec =  554.6945 Mbps     0 retrans     26 KB-cwnd
[2024-11-05T15:09:22.580668-0600]    40.1875 MB /   0.50 sec =  674.2317 Mbps     0 retrans     26 KB-cwnd
[2024-11-05T15:09:23.080955-0600]    45.1250 MB /   0.50 sec =  756.8569 Mbps     0 retrans     26 KB-cwnd
[2024-11-05T15:09:23.581125-0600]    36.5625 MB /   0.50 sec =  613.0320 Mbps     0 retrans     26 KB-cwnd
[2024-11-05T15:09:24.080640-0600]    47.8125 MB /   0.50 sec =  802.9009 Mbps     0 retrans     39 KB-cwnd
[2024-11-05T15:09:24.580658-0600]    48.5000 MB /   0.50 sec =  813.6885 Mbps     0 retrans     47 KB-cwnd
[2024-11-05T15:09:25.080909-0600]    57.0000 MB /   0.50 sec =  956.3185 Mbps     0 retrans     47 KB-cwnd
[2024-11-05T15:09:25.580808-0600]    56.0000 MB /   0.50 sec =  939.2592 Mbps     0 retrans     58 KB-cwnd
[2024-11-05T15:09:26.080647-0600]    62.4375 MB /   0.50 sec = 1047.8271 Mbps     1 retrans  18816 KB-cwnd
[2024-11-05T15:09:26.580649-0600]    59.7500 MB /   0.50 sec = 1002.4326 Mbps     0 retrans  18781 KB-cwnd
[2024-11-05T15:09:27.080672-0600]    61.3125 MB /   0.50 sec = 1028.6284 Mbps     0 retrans  26379 KB-cwnd
[2024-11-05T15:09:27.581065-0600]    59.8750 MB /   0.50 sec = 1004.0960 Mbps     0 retrans  25473 KB-cwnd
[2024-11-05T15:09:28.080793-0600]    62.3125 MB /   0.50 sec = 1045.9302 Mbps     0 retrans  25473 KB-cwnd
[2024-11-05T15:09:28.580688-0600]    54.0625 MB /   0.50 sec =  906.9620 Mbps     0 retrans  25055 KB-cwnd
[2024-11-05T15:09:29.081188-0600]    57.6875 MB /   0.50 sec =  966.8997 Mbps     0 retrans  23483 KB-cwnd
[2024-11-05T15:09:29.580726-0600]    47.6875 MB /   0.50 sec =  800.8499 Mbps     0 retrans  23483 KB-cwnd
[2024-11-05T15:09:30.080653-0600]    54.1250 MB /   0.50 sec =  908.0832 Mbps     0 retrans  27101 KB-cwnd
[2024-11-05T15:09:30.580676-0600]    53.8125 MB /   0.50 sec =  902.7932 Mbps     0 retrans  23670 KB-cwnd
[2024-11-05T15:09:31.080687-0600]    47.0000 MB /   0.50 sec =  788.5402 Mbps     0 retrans  27679 KB-cwnd
[2024-11-05T15:09:31.581125-0600]    39.8125 MB /   0.50 sec =  667.6265 Mbps     0 retrans  27679 KB-cwnd
[2024-11-05T15:09:32.081177-0600]    34.7500 MB /   0.50 sec =  582.8334 Mbps     0 retrans  23267 KB-cwnd
[2024-11-05T15:09:32.580957-0600]     0.0000 MB /   0.50 sec =    0.0000 Mbps     0 retrans  23267 KB-cwnd
[2024-11-05T15:09:33.080978-0600]    36.6250 MB /   0.50 sec =  614.5061 Mbps     0 retrans  23267 KB-cwnd
[2024-11-05T15:09:33.580670-0600]    15.6875 MB /   0.50 sec =  263.3179 Mbps     0 retrans  23267 KB-cwnd
[2024-11-05T15:09:34.080708-0600]    35.3750 MB /   0.50 sec =  593.4548 Mbps     0 retrans  23872 KB-cwnd
[2024-11-05T15:09:34.580665-0600]    35.3750 MB /   0.50 sec =  593.5332 Mbps     0 retrans  23872 KB-cwnd
[2024-11-05T15:09:35.080670-0600]    34.8125 MB /   0.50 sec =  584.0440 Mbps   198 retrans  21102 KB-cwnd
[2024-11-05T15:09:35.580681-0600]    33.2500 MB /   0.50 sec =  557.8480 Mbps     0 retrans  21102 KB-cwnd
[2024-11-05T15:09:36.080736-0600]    28.3125 MB /   0.50 sec =  475.0439 Mbps     0 retrans  21102 KB-cwnd
[2024-11-05T15:09:36.580659-0600]    26.3125 MB /   0.50 sec =  441.4249 Mbps     0 retrans  16746 KB-cwnd
[2024-11-05T15:09:37.080739-0600]    36.3750 MB /   0.50 sec =  610.3054 Mbps     0 retrans  16746 KB-cwnd
[2024-11-05T15:09:37.580874-0600]    36.8125 MB /   0.50 sec =  617.5594 Mbps     0 retrans  15803 KB-cwnd
[2024-11-05T15:09:38.081796-0600]    34.8125 MB /   0.50 sec =  583.2228 Mbps     0 retrans  15805 KB-cwnd
[2024-11-05T15:09:38.580665-0600]    37.0625 MB /   0.50 sec =  622.7072 Mbps     0 retrans  16381 KB-cwnd
[2024-11-05T15:09:39.080656-0600]    36.8750 MB /   0.50 sec =  618.6524 Mbps     0 retrans  16381 KB-cwnd
[2024-11-05T15:09:39.580726-0600]    23.3125 MB /   0.50 sec =  391.0758 Mbps     0 retrans  16365 KB-cwnd
[2024-11-05T15:09:40.080644-0600]    33.6250 MB /   0.50 sec =  564.2016 Mbps     0 retrans  16365 KB-cwnd
[2024-11-05T15:09:40.580672-0600]    33.6250 MB /   0.50 sec =  564.1294 Mbps     0 retrans  17026 KB-cwnd
[2024-11-05T15:09:41.080638-0600]    36.1250 MB /   0.50 sec =  606.0854 Mbps     0 retrans  17026 KB-cwnd
[2024-11-05T15:09:41.581024-0600]    33.2500 MB /   0.50 sec =  557.8491 Mbps     0 retrans  17026 KB-cwnd
[2024-11-05T15:09:42.080649-0600]    33.2500 MB /   0.50 sec =  557.8357 Mbps     0 retrans  17425 KB-cwnd
[2024-11-05T15:09:42.580799-0600]    24.1250 MB /   0.50 sec =  404.7422 Mbps     0 retrans  17425 KB-cwnd
[2024-11-05T15:09:43.080691-0600]    20.8750 MB /   0.50 sec =  350.2125 Mbps     0 retrans  16655 KB-cwnd
[2024-11-05T15:09:43.581939-0600]    18.1250 MB /   0.50 sec =  303.4280 Mbps     0 retrans  16655 KB-cwnd
[2024-11-05T15:09:44.080640-0600]     6.0625 MB /   0.50 sec =  101.9376 Mbps     0 retrans  16655 KB-cwnd
[2024-11-05T15:09:44.580717-0600]    22.4375 MB /   0.50 sec =  376.4252 Mbps     0 retrans  16655 KB-cwnd
[2024-11-05T15:09:45.080650-0600]    19.4375 MB /   0.50 sec =  326.1189 Mbps     0 retrans  16655 KB-cwnd
[2024-11-05T15:09:45.580793-0600]    15.8125 MB /   0.50 sec =  265.3030 Mbps     0 retrans  16970 KB-cwnd
[2024-11-05T15:09:46.080993-0600]    27.3125 MB /   0.50 sec =  457.8934 Mbps     0 retrans  16970 KB-cwnd
[2024-11-05T15:09:46.581103-0600]    24.3125 MB /   0.50 sec =  408.1524 Mbps     0 retrans  16970 KB-cwnd
[2024-11-05T15:09:47.080903-0600]    23.5625 MB /   0.50 sec =  395.3092 Mbps     0 retrans  16173 KB-cwnd
[2024-11-05T15:09:47.580735-0600]    22.9375 MB /   0.50 sec =  384.8305 Mbps     0 retrans  16173 KB-cwnd
[2024-11-05T15:09:48.081129-0600]    26.6875 MB /   0.50 sec =  447.5397 Mbps     0 retrans  16173 KB-cwnd
[2024-11-05T15:09:48.581040-0600]    26.5625 MB /   0.50 sec =  445.5477 Mbps     0 retrans  11298 KB-cwnd
[2024-11-05T15:09:49.080657-0600]    33.3750 MB /   0.50 sec =  560.3464 Mbps     0 retrans  11298 KB-cwnd
[2024-11-05T15:09:49.580670-0600]    31.8125 MB /   0.50 sec =  533.7316 Mbps     0 retrans  13464 KB-cwnd
[2024-11-05T15:09:50.080661-0600]    35.4375 MB /   0.50 sec =  594.5355 Mbps     0 retrans  12630 KB-cwnd
[2024-11-05T15:09:50.580683-0600]    34.1875 MB /   0.50 sec =  573.5688 Mbps     0 retrans  13067 KB-cwnd
[2024-11-05T15:09:51.080646-0600]    35.5000 MB /   0.50 sec =  595.5983 Mbps     0 retrans  13067 KB-cwnd
[2024-11-05T15:09:51.580704-0600]    33.5625 MB /   0.50 sec =  563.0707 Mbps     0 retrans  18057 KB-cwnd
[2024-11-05T15:09:52.080660-0600]    33.2500 MB /   0.50 sec =  557.8502 Mbps     0 retrans  18057 KB-cwnd
[2024-11-05T15:09:52.580634-0600]    29.8125 MB /   0.50 sec =  500.1808 Mbps     0 retrans  17606 KB-cwnd
[2024-11-05T15:09:53.080662-0600]    35.2500 MB /   0.50 sec =  591.3910 Mbps     0 retrans  17606 KB-cwnd
[2024-11-05T15:09:53.581653-0600]    35.1875 MB /   0.50 sec =  589.7032 Mbps     0 retrans  16490 KB-cwnd
[2024-11-05T15:09:54.081167-0600]    36.2500 MB /   0.50 sec =  608.2519 Mbps     0 retrans  16490 KB-cwnd
[2024-11-05T15:09:54.580688-0600]    35.3125 MB /   0.50 sec =  593.0112 Mbps     0 retrans  16493 KB-cwnd
[2024-11-05T15:09:55.080749-0600]    36.4375 MB /   0.50 sec =  611.3650 Mbps     0 retrans  17332 KB-cwnd
[2024-11-05T15:09:55.580711-0600]    34.8750 MB /   0.50 sec =  585.0633 Mbps     0 retrans  17332 KB-cwnd
[2024-11-05T15:09:56.080841-0600]    37.3750 MB /   0.50 sec =  627.0447 Mbps     0 retrans  17422 KB-cwnd
[2024-11-05T15:09:56.580657-0600]    36.2500 MB /   0.50 sec =  608.1814 Mbps     0 retrans  17422 KB-cwnd
[2024-11-05T15:09:57.080681-0600]    37.6250 MB /   0.50 sec =  631.2364 Mbps     0 retrans  17247 KB-cwnd
[2024-11-05T15:09:57.580714-0600]     8.4375 MB /   0.50 sec =  141.5546 Mbps     0 retrans  17841 KB-cwnd
[2024-11-05T15:09:58.082580-0600]    33.0000 MB /   0.50 sec =  551.4786 Mbps     0 retrans  17841 KB-cwnd
[2024-11-05T15:09:58.580722-0600]    37.5625 MB /   0.50 sec =  632.6971 Mbps     0 retrans  18408 KB-cwnd
[2024-11-05T15:09:59.080683-0600]    36.3750 MB /   0.50 sec =  610.2663 Mbps     0 retrans  18408 KB-cwnd
[2024-11-05T15:09:59.580675-0600]    38.6875 MB /   0.50 sec =  649.0776 Mbps     0 retrans  16511 KB-cwnd
[2024-11-05T15:10:00.080640-0600]    39.1250 MB /   0.50 sec =  656.4204 Mbps     0 retrans  14846 KB-cwnd
[2024-11-05T15:10:00.580728-0600]    38.5000 MB /   0.50 sec =  645.8983 Mbps     0 retrans  14849 KB-cwnd
[2024-11-05T15:10:01.080653-0600]    38.3125 MB /   0.50 sec =  642.7822 Mbps     0 retrans  15606 KB-cwnd
[2024-11-05T15:10:01.580688-0600]    38.6250 MB /   0.50 sec =  648.0200 Mbps     0 retrans  15606 KB-cwnd
[2024-11-05T15:10:02.080648-0600]    34.9375 MB /   0.50 sec =  586.1622 Mbps     0 retrans  16298 KB-cwnd
[2024-11-05T15:10:02.580710-0600]    38.7500 MB /   0.50 sec =  650.0846 Mbps     0 retrans  16298 KB-cwnd
[2024-11-05T15:10:03.080650-0600]    35.8750 MB /   0.50 sec =  601.9079 Mbps     0 retrans  16194 KB-cwnd
[2024-11-05T15:10:03.580925-0600]    36.5625 MB /   0.50 sec =  613.2121 Mbps     0 retrans  16194 KB-cwnd
[2024-11-05T15:10:04.081103-0600]    35.3750 MB /   0.50 sec =  593.2081 Mbps     0 retrans  15528 KB-cwnd
[2024-11-05T15:10:04.580708-0600]    28.0625 MB /   0.50 sec =  471.1781 Mbps     0 retrans  15528 KB-cwnd
[2024-11-05T15:10:05.080642-0600]    36.8125 MB /   0.50 sec =  617.6459 Mbps     0 retrans  15789 KB-cwnd
[2024-11-05T15:10:05.580775-0600]    38.0625 MB /   0.50 sec =  638.6147 Mbps     0 retrans  15438 KB-cwnd
[2024-11-05T15:10:06.080845-0600]    35.5000 MB /   0.50 sec =  595.5554 Mbps     0 retrans  15438 KB-cwnd
[2024-11-05T15:10:06.580624-0600]    36.8750 MB /   0.50 sec =  618.6722 Mbps    10 retrans   8953 KB-cwnd
[2024-11-05T15:10:07.080691-0600]    36.5625 MB /   0.50 sec =  613.4010 Mbps     8 retrans   8879 KB-cwnd
[2024-11-05T15:10:07.580705-0600]    37.8750 MB /   0.50 sec =  635.4066 Mbps   120 retrans  15971 KB-cwnd
[2024-11-05T15:10:08.080819-0600]    36.3750 MB /   0.50 sec =  610.2944 Mbps     0 retrans  15971 KB-cwnd
[2024-11-05T15:10:08.580704-0600]    37.1875 MB /   0.50 sec =  623.9027 Mbps     0 retrans  14950 KB-cwnd
[2024-11-05T15:10:09.080693-0600]    34.8750 MB /   0.50 sec =  585.1054 Mbps     0 retrans  14950 KB-cwnd
[2024-11-05T15:10:09.580721-0600]    34.8750 MB /   0.50 sec =  585.0949 Mbps     0 retrans  18786 KB-cwnd
[2024-11-05T15:10:10.080639-0600]    36.3750 MB /   0.50 sec =  610.3005 Mbps     0 retrans  18786 KB-cwnd
[2024-11-05T15:10:10.580763-0600]    35.0625 MB /   0.50 sec =  588.2535 Mbps     0 retrans  16466 KB-cwnd
[2024-11-05T15:10:11.080685-0600]    36.3125 MB /   0.50 sec =  609.2117 Mbps     0 retrans  16466 KB-cwnd
[2024-11-05T15:10:11.580691-0600]    38.3125 MB /   0.50 sec =  642.7719 Mbps     0 retrans  19215 KB-cwnd
[2024-11-05T15:10:12.080646-0600]    37.3125 MB /   0.50 sec =  626.0099 Mbps     0 retrans  19215 KB-cwnd
[2024-11-05T15:10:12.581145-0600]    34.6875 MB /   0.50 sec =  581.9399 Mbps     0 retrans  15187 KB-cwnd
[2024-11-05T15:10:13.080682-0600]    27.9375 MB /   0.50 sec =  468.7116 Mbps     0 retrans  15187 KB-cwnd
[2024-11-05T15:10:13.580896-0600]    35.0000 MB /   0.50 sec =  587.2319 Mbps     0 retrans  14852 KB-cwnd
[2024-11-05T15:10:14.080767-0600]    34.5000 MB /   0.50 sec =  578.7769 Mbps     0 retrans  14852 KB-cwnd
[2024-11-05T15:10:14.581899-0600]    31.8125 MB /   0.50 sec =  532.5557 Mbps     0 retrans  14830 KB-cwnd
[2024-11-05T15:10:15.080676-0600]    14.4375 MB /   0.50 sec =  242.7624 Mbps     0 retrans  14830 KB-cwnd
[2024-11-05T15:10:15.580698-0600]    34.8125 MB /   0.50 sec =  584.0475 Mbps     0 retrans  14830 KB-cwnd
[2024-11-05T15:10:16.080643-0600]    35.6250 MB /   0.50 sec =  597.7098 Mbps     1 retrans  16146 KB-cwnd
[2024-11-05T15:10:16.580817-0600]    35.7500 MB /   0.50 sec =  599.6344 Mbps     0 retrans  15686 KB-cwnd
[2024-11-05T15:10:17.080906-0600]    34.0000 MB /   0.50 sec =  570.5783 Mbps     0 retrans      5 KB-cwnd
[2024-11-05T15:10:17.580661-0600]    37.7500 MB /   0.50 sec =  633.3222 Mbps     0 retrans      5 KB-cwnd
[2024-11-05T15:10:18.081060-0600]    36.7500 MB /   0.50 sec =  616.5578 Mbps     0 retrans  13874 KB-cwnd
[2024-11-05T15:10:18.581174-0600]    35.3125 MB /   0.50 sec =  591.8950 Mbps     0 retrans  13874 KB-cwnd
[2024-11-05T15:10:19.080654-0600]    36.9375 MB /   0.50 sec =  620.2791 Mbps     0 retrans  15627 KB-cwnd
[2024-11-05T15:10:19.580669-0600]    36.1250 MB /   0.50 sec =  606.0854 Mbps     0 retrans  15608 KB-cwnd
[2024-11-05T15:10:20.080820-0600]    40.0000 MB /   0.50 sec =  671.0873 Mbps     0 retrans  15022 KB-cwnd
[2024-11-05T15:10:20.580672-0600]    39.3750 MB /   0.50 sec =  660.6055 Mbps     0 retrans  15022 KB-cwnd
[2024-11-05T15:10:21.080759-0600]    39.5000 MB /   0.50 sec =  662.5900 Mbps     0 retrans  14676 KB-cwnd
[2024-11-05T15:10:21.580709-0600]    39.1250 MB /   0.50 sec =  656.4965 Mbps     0 retrans  14676 KB-cwnd
[2024-11-05T15:10:22.080647-0600]    37.1875 MB /   0.50 sec =  623.9252 Mbps     0 retrans  15337 KB-cwnd
[2024-11-05T15:10:22.580669-0600]    37.0625 MB /   0.50 sec =  621.7994 Mbps     0 retrans  15337 KB-cwnd
[2024-11-05T15:10:23.080665-0600]    33.4375 MB /   0.50 sec =  560.9938 Mbps     0 retrans  15971 KB-cwnd
[2024-11-05T15:10:23.580597-0600]    35.1875 MB /   0.50 sec =  590.3625 Mbps     0 retrans  15971 KB-cwnd
[2024-11-05T15:10:24.081071-0600]    39.9375 MB /   0.50 sec =  669.5071 Mbps     0 retrans  16165 KB-cwnd
[2024-11-05T15:10:24.580675-0600]    37.1250 MB /   0.50 sec =  623.3241 Mbps     0 retrans  16165 KB-cwnd
[2024-11-05T15:10:25.080643-0600]    38.5625 MB /   0.50 sec =  646.9882 Mbps     0 retrans  16674 KB-cwnd
[2024-11-05T15:10:25.580792-0600]    37.8125 MB /   0.50 sec =  634.3961 Mbps     0 retrans  16503 KB-cwnd
[2024-11-05T15:10:26.081155-0600]    37.3125 MB /   0.50 sec =  625.4095 Mbps     0 retrans  15201 KB-cwnd
[2024-11-05T15:10:26.580769-0600]    35.8750 MB /   0.50 sec =  602.4453 Mbps     0 retrans  15201 KB-cwnd
[2024-11-05T15:10:27.080686-0600]    38.1250 MB /   0.50 sec =  639.6058 Mbps     0 retrans  15438 KB-cwnd
[2024-11-05T15:10:27.581168-0600]    36.2500 MB /   0.50 sec =  607.6588 Mbps     0 retrans  16069 KB-cwnd
[2024-11-05T15:10:28.080674-0600]    39.6875 MB /   0.50 sec =  666.4002 Mbps     0 retrans  16069 KB-cwnd
[2024-11-05T15:10:28.580681-0600]    36.1250 MB /   0.50 sec =  606.1036 Mbps     0 retrans  16112 KB-cwnd
[2024-11-05T15:10:29.080716-0600]    36.3750 MB /   0.50 sec =  610.3152 Mbps     0 retrans  16112 KB-cwnd
[2024-11-05T15:10:29.580677-0600]    37.5000 MB /   0.50 sec =  629.0890 Mbps     0 retrans  17428 KB-cwnd
[2024-11-05T15:10:30.080656-0600]    38.0000 MB /   0.50 sec =  637.5470 Mbps     0 retrans  17428 KB-cwnd
[2024-11-05T15:10:30.580732-0600]    12.8750 MB /   0.50 sec =  215.9915 Mbps     0 retrans  17513 KB-cwnd
[2024-11-05T15:10:31.080633-0600]    34.3125 MB /   0.50 sec =  575.7177 Mbps     0 retrans  15347 KB-cwnd
[2024-11-05T15:10:31.580736-0600]    35.4375 MB /   0.50 sec =  594.4915 Mbps     0 retrans  15347 KB-cwnd
[2024-11-05T15:10:32.080649-0600]    37.9375 MB /   0.50 sec =  636.5327 Mbps     0 retrans  14556 KB-cwnd
[2024-11-05T15:10:32.580693-0600]    37.4375 MB /   0.50 sec =  628.0920 Mbps     0 retrans  14556 KB-cwnd
[2024-11-05T15:10:33.080665-0600]    40.4375 MB /   0.50 sec =  678.4178 Mbps     0 retrans  18400 KB-cwnd
[2024-11-05T15:10:33.580666-0600]    38.6250 MB /   0.50 sec =  648.0342 Mbps     0 retrans  18400 KB-cwnd
[2024-11-05T15:10:34.080669-0600]    38.5625 MB /   0.50 sec =  646.9701 Mbps     0 retrans  17957 KB-cwnd
[2024-11-05T15:10:34.580873-0600]    32.8750 MB /   0.50 sec =  551.5366 Mbps     0 retrans  17958 KB-cwnd
[2024-11-05T15:10:35.080742-0600]    35.1250 MB /   0.50 sec =  589.3575 Mbps     0 retrans  16306 KB-cwnd
[2024-11-05T15:10:35.580708-0600]    37.0625 MB /   0.50 sec =  621.7558 Mbps     0 retrans  16306 KB-cwnd
[2024-11-05T15:10:36.080654-0600]    38.0000 MB /   0.50 sec =  637.5368 Mbps     0 retrans  16184 KB-cwnd
[2024-11-05T15:10:36.580976-0600]    40.8125 MB /   0.50 sec =  684.7325 Mbps     0 retrans  16184 KB-cwnd
[2024-11-05T15:10:37.080658-0600]    39.8125 MB /   0.50 sec =  667.9362 Mbps     9 retrans  15190 KB-cwnd
[2024-11-05T15:10:37.580694-0600]    41.7500 MB /   0.50 sec =  700.4222 Mbps     0 retrans  15190 KB-cwnd
[2024-11-05T15:10:38.080637-0600]    38.4375 MB /   0.50 sec =  644.9052 Mbps     0 retrans  15691 KB-cwnd
[2024-11-05T15:10:38.580693-0600]    38.1250 MB /   0.50 sec =  639.6109 Mbps     0 retrans  19306 KB-cwnd
[2024-11-05T15:10:39.081028-0600]    37.9375 MB /   0.50 sec =  636.5022 Mbps     0 retrans  19306 KB-cwnd
[2024-11-05T15:10:39.580873-0600]    36.6875 MB /   0.50 sec =  615.5043 Mbps     0 retrans  17841 KB-cwnd
[2024-11-05T15:10:40.080740-0600]    39.8125 MB /   0.50 sec =  667.9843 Mbps     0 retrans  17841 KB-cwnd
[2024-11-05T15:10:40.580705-0600]    37.8750 MB /   0.50 sec =  635.3938 Mbps     0 retrans  17841 KB-cwnd
[2024-11-05T15:10:41.080658-0600]    12.0000 MB /   0.50 sec =  201.3250 Mbps     0 retrans  17841 KB-cwnd
[2024-11-05T15:10:41.580678-0600]    37.4375 MB /   0.50 sec =  628.1071 Mbps     0 retrans  17841 KB-cwnd
[2024-11-05T15:10:42.080648-0600]    38.3125 MB /   0.50 sec =  642.7848 Mbps     0 retrans  15219 KB-cwnd
[2024-11-05T15:10:42.580898-0600]    36.9375 MB /   0.50 sec =  619.6985 Mbps     0 retrans  15222 KB-cwnd
[2024-11-05T15:10:43.080655-0600]    37.9375 MB /   0.50 sec =  636.4907 Mbps     0 retrans  15502 KB-cwnd
[2024-11-05T15:10:43.580822-0600]    36.5000 MB /   0.50 sec =  612.1908 Mbps     0 retrans  15502 KB-cwnd
[2024-11-05T15:10:44.080695-0600]    37.7500 MB /   0.50 sec =  633.5173 Mbps     0 retrans  15438 KB-cwnd
[2024-11-05T15:10:44.580793-0600]    39.1250 MB /   0.50 sec =  656.4480 Mbps     0 retrans  15438 KB-cwnd
[2024-11-05T15:10:45.080653-0600]    40.2500 MB /   0.50 sec =  675.2546 Mbps     0 retrans  15699 KB-cwnd
[2024-11-05T15:10:45.580694-0600]    36.8125 MB /   0.50 sec =  617.5841 Mbps     0 retrans  18086 KB-cwnd
[2024-11-05T15:10:46.080682-0600]    35.1250 MB /   0.50 sec =  589.3103 Mbps     0 retrans  18086 KB-cwnd
[2024-11-05T15:10:46.580652-0600]    34.8750 MB /   0.50 sec =  585.1230 Mbps     0 retrans  18086 KB-cwnd
[2024-11-05T15:10:47.080656-0600]    35.2500 MB /   0.50 sec =  591.3839 Mbps     0 retrans  15475 KB-cwnd
[2024-11-05T15:10:47.580932-0600]    32.6250 MB /   0.50 sec =  547.2647 Mbps     0 retrans  15475 KB-cwnd
[2024-11-05T15:10:48.080633-0600]    39.1250 MB /   0.50 sec =  656.5346 Mbps     0 retrans  15723 KB-cwnd
[2024-11-05T15:10:48.580723-0600]    35.0000 MB /   0.50 sec =  587.1532 Mbps     0 retrans  15723 KB-cwnd
[2024-11-05T15:10:49.080810-0600]    34.9375 MB /   0.50 sec =  586.0415 Mbps     0 retrans  17255 KB-cwnd
[2024-11-05T15:10:49.580689-0600]    41.9375 MB /   0.50 sec =  703.7733 Mbps     0 retrans  17255 KB-cwnd
[2024-11-05T15:10:50.080999-0600]    28.1250 MB /   0.50 sec =  471.6451 Mbps     0 retrans  18784 KB-cwnd
[2024-11-05T15:10:50.581068-0600]    16.0000 MB /   0.50 sec =  268.3437 Mbps     0 retrans  18784 KB-cwnd
[2024-11-05T15:10:51.080642-0600]    34.0000 MB /   0.50 sec =  570.8900 Mbps     0 retrans  17660 KB-cwnd
[2024-11-05T15:10:51.580691-0600]     9.1875 MB /   0.50 sec =  154.1364 Mbps     0 retrans  17660 KB-cwnd
[2024-11-05T15:10:52.080632-0600]    35.5625 MB /   0.50 sec =  596.6588 Mbps     0 retrans  17660 KB-cwnd
[2024-11-05T15:10:52.580895-0600]    35.5625 MB /   0.50 sec =  596.6183 Mbps     0 retrans  18350 KB-cwnd
[2024-11-05T15:10:53.080659-0600]    38.0625 MB /   0.50 sec =  638.5866 Mbps     0 retrans  18350 KB-cwnd
[2024-11-05T15:10:53.580699-0600]    40.1875 MB /   0.50 sec =  674.2182 Mbps    37 retrans      5 KB-cwnd
[2024-11-05T15:10:54.080686-0600]    38.6250 MB /   0.50 sec =  648.0316 Mbps     0 retrans      5 KB-cwnd
[2024-11-05T15:10:54.580652-0600]    39.0625 MB /   0.50 sec =  655.3784 Mbps     0 retrans  15177 KB-cwnd
[2024-11-05T15:10:55.080678-0600]    38.2500 MB /   0.50 sec =  641.7234 Mbps     0 retrans  15177 KB-cwnd
[2024-11-05T15:10:55.581183-0600]    39.8125 MB /   0.50 sec =  667.5504 Mbps     0 retrans  15843 KB-cwnd
[2024-11-05T15:10:56.081051-0600]    39.9375 MB /   0.50 sec =  669.9396 Mbps     0 retrans  15843 KB-cwnd
[2024-11-05T15:10:56.580766-0600]    39.0000 MB /   0.50 sec =  654.6898 Mbps     0 retrans  17193 KB-cwnd
[2024-11-05T15:10:57.080652-0600]    40.2500 MB /   0.50 sec =  675.3897 Mbps     0 retrans  17193 KB-cwnd
[2024-11-05T15:10:57.580731-0600]    39.6250 MB /   0.50 sec =  664.7214 Mbps     0 retrans  17097 KB-cwnd
[2024-11-05T15:10:58.080650-0600]    38.5625 MB /   0.50 sec =  647.0490 Mbps     0 retrans  16477 KB-cwnd
[2024-11-05T15:10:58.580695-0600]    38.3750 MB /   0.50 sec =  643.8128 Mbps     0 retrans  16477 KB-cwnd
[2024-11-05T15:10:59.080749-0600]    37.8750 MB /   0.50 sec =  635.4917 Mbps     0 retrans  16370 KB-cwnd
[2024-11-05T15:10:59.580693-0600]    37.8750 MB /   0.50 sec =  635.3951 Mbps     0 retrans  16370 KB-cwnd
[2024-11-05T15:11:00.081115-0600]    36.2500 MB /   0.50 sec =  608.1838 Mbps     0 retrans  15947 KB-cwnd
[2024-11-05T15:11:00.580638-0600]    36.7500 MB /   0.50 sec =  616.5195 Mbps     0 retrans  15947 KB-cwnd
[2024-11-05T15:11:01.080972-0600]    34.3750 MB /   0.50 sec =  576.3825 Mbps     0 retrans  15664 KB-cwnd
[2024-11-05T15:11:01.580681-0600]    35.8125 MB /   0.50 sec =  601.2128 Mbps     0 retrans  15664 KB-cwnd
[2024-11-05T15:11:02.080643-0600]    35.0000 MB /   0.50 sec =  587.2120 Mbps     0 retrans  17236 KB-cwnd
[2024-11-05T15:11:02.580700-0600]    34.6250 MB /   0.50 sec =  580.8821 Mbps     0 retrans  17236 KB-cwnd
[2024-11-05T15:11:03.080663-0600]    36.2500 MB /   0.50 sec =  608.1789 Mbps     0 retrans  17236 KB-cwnd
[2024-11-05T15:11:03.580685-0600]    34.7500 MB /   0.50 sec =  583.0176 Mbps     0 retrans  14564 KB-cwnd
[2024-11-05T15:11:04.080648-0600]    38.1250 MB /   0.50 sec =  639.6416 Mbps     0 retrans  14564 KB-cwnd
[2024-11-05T15:11:04.580653-0600]    36.2500 MB /   0.50 sec =  608.1729 Mbps     0 retrans  16477 KB-cwnd
[2024-11-05T15:11:05.080637-0600]    35.2500 MB /   0.50 sec =  591.4051 Mbps     0 retrans  16477 KB-cwnd
[2024-11-05T15:11:05.580988-0600]    37.0000 MB /   0.50 sec =  620.6304 Mbps     0 retrans  14868 KB-cwnd
[2024-11-05T15:11:06.080640-0600]    36.9375 MB /   0.50 sec =  619.8386 Mbps     0 retrans  14868 KB-cwnd
[2024-11-05T15:11:06.580691-0600]    36.7500 MB /   0.50 sec =  616.5454 Mbps     0 retrans  14519 KB-cwnd
[2024-11-05T15:11:07.080669-0600]    37.6250 MB /   0.50 sec =  631.2415 Mbps     0 retrans  14519 KB-cwnd
[2024-11-05T15:11:07.580614-0600]    36.1875 MB /   0.50 sec =  607.1534 Mbps     0 retrans  15246 KB-cwnd
[2024-11-05T15:11:08.081237-0600]    39.4375 MB /   0.50 sec =  661.6303 Mbps     0 retrans  15075 KB-cwnd
[2024-11-05T15:11:08.580752-0600]    41.1875 MB /   0.50 sec =  691.0544 Mbps     0 retrans  15075 KB-cwnd
[2024-11-05T15:11:09.080652-0600]    40.8125 MB /   0.50 sec =  684.6763 Mbps     0 retrans  17865 KB-cwnd
[2024-11-05T15:11:09.580695-0600]    36.8125 MB /   0.50 sec =  617.6039 Mbps     0 retrans  17865 KB-cwnd
[2024-11-05T15:11:10.080643-0600]    37.5000 MB /   0.50 sec =  629.1557 Mbps     0 retrans  17827 KB-cwnd
[2024-11-05T15:11:10.580675-0600]    38.5000 MB /   0.50 sec =  645.9151 Mbps     0 retrans  17830 KB-cwnd
[2024-11-05T15:11:11.081164-0600]    21.8750 MB /   0.50 sec =  366.7742 Mbps     0 retrans  17830 KB-cwnd
[2024-11-05T15:11:11.581150-0600]    26.0000 MB /   0.50 sec =  436.0777 Mbps     0 retrans  17716 KB-cwnd
[2024-11-05T15:11:12.080640-0600]    36.6250 MB /   0.50 sec =  615.0400 Mbps     0 retrans  17716 KB-cwnd
[2024-11-05T15:11:12.580827-0600]    35.6875 MB /   0.50 sec =  598.7333 Mbps     0 retrans  17486 KB-cwnd
[2024-11-05T15:11:13.080643-0600]    36.1250 MB /   0.50 sec =  606.0769 Mbps     0 retrans  17486 KB-cwnd
[2024-11-05T15:11:13.580760-0600]    35.9375 MB /   0.50 sec =  602.8516 Mbps     0 retrans  16154 KB-cwnd
[2024-11-05T15:11:14.080735-0600]    36.0000 MB /   0.50 sec =  603.9786 Mbps     0 retrans  16157 KB-cwnd
[2024-11-05T15:11:14.580667-0600]    35.2500 MB /   0.50 sec =  591.4714 Mbps     0 retrans  15643 KB-cwnd
[2024-11-05T15:11:15.080643-0600]    38.1875 MB /   0.50 sec =  640.6876 Mbps     0 retrans  15643 KB-cwnd
[2024-11-05T15:11:15.580665-0600]    35.4375 MB /   0.50 sec =  594.5402 Mbps     0 retrans  16338 KB-cwnd
[2024-11-05T15:11:16.080794-0600]    35.0000 MB /   0.50 sec =  587.2084 Mbps     0 retrans  16341 KB-cwnd
[2024-11-05T15:11:16.581018-0600]    27.0625 MB /   0.50 sec =  453.8346 Mbps     0 retrans  15246 KB-cwnd
[2024-11-05T15:11:17.081392-0600]    31.2500 MB /   0.50 sec =  524.1381 Mbps     0 retrans  15246 KB-cwnd
[2024-11-05T15:11:17.580801-0600]    28.0625 MB /   0.50 sec =  471.1301 Mbps     0 retrans  15246 KB-cwnd
[2024-11-05T15:11:18.080662-0600]    32.6250 MB /   0.50 sec =  547.3840 Mbps     0 retrans  15030 KB-cwnd
[2024-11-05T15:11:18.580660-0600]    33.1250 MB /   0.50 sec =  555.7342 Mbps     0 retrans  15033 KB-cwnd
[2024-11-05T15:11:19.080664-0600]    33.0625 MB /   0.50 sec =  554.6845 Mbps    75 retrans  15893 KB-cwnd
[2024-11-05T15:11:19.580678-0600]    35.3750 MB /   0.50 sec =  593.4964 Mbps     0 retrans  15664 KB-cwnd
[2024-11-05T15:11:20.080636-0600]    35.5625 MB /   0.50 sec =  596.6588 Mbps    67 retrans  15281 KB-cwnd
End time: 1730841080179
