Start time: 1730922375148
[2024-11-06T14:46:20.262762-0500] traceroute to 54.197.223.49 (54.197.223.49), 30 hops max, 60 byte packets
[2024-11-06T14:46:20.263871-0500]  1  * * *
[2024-11-06T14:46:20.263940-0500]  2  * * *
[2024-11-06T14:46:20.263984-0500]  3  * * *
[2024-11-06T14:46:20.273005-0500]  4  * * *
[2024-11-06T14:46:20.273111-0500]  5  * * *
[2024-11-06T14:46:25.270806-0500]  6  * * *
[2024-11-06T14:46:25.271329-0500]  7  * * *
[2024-11-06T14:46:25.282921-0500]  8  * * *
[2024-11-06T14:46:25.283176-0500]  9  * * *
[2024-11-06T14:46:25.283269-0500] 10  * * *
[2024-11-06T14:46:30.277640-0500] 11  * * *
[2024-11-06T14:46:30.280285-0500] 12  * * *
[2024-11-06T14:46:30.283146-0500] 13  * * *
[2024-11-06T14:46:30.286953-0500] 14  * * *
[2024-11-06T14:46:30.290698-0500] 15  * * *
[2024-11-06T14:46:35.284954-0500] 16  * * *
[2024-11-06T14:46:35.285468-0500] 17  * * *
[2024-11-06T14:46:35.285613-0500] 18  * * *
[2024-11-06T14:46:35.300705-0500] 19  * * *
[2024-11-06T14:46:35.300994-0500] 20  * * *
[2024-11-06T14:46:35.301104-0500] 21  * * *
[2024-11-06T14:46:40.293875-0500] 22  * * *
[2024-11-06T14:46:40.300022-0500] 23  * * *
[2024-11-06T14:46:40.306929-0500] 24  * * *
[2024-11-06T14:46:40.307100-0500] 25  * * *
[2024-11-06T14:46:40.311756-0500] 26  * * *
[2024-11-06T14:46:45.248753-0500] 27  * *End time: 1730922405291
