Start time: 1730692693995
[2024-11-03T20:58:19.054235-0700] traceroute to 54.176.53.206 (54.176.53.206), 30 hops max, 60 byte packets
[2024-11-03T20:58:19.054892-0700]  1  * * *
[2024-11-03T20:58:19.054933-0700]  2  * * *
[2024-11-03T20:58:19.054963-0700]  3  * * *
[2024-11-03T20:58:19.054991-0700]  4  * * *
[2024-11-03T20:58:19.055017-0700]  5  * * *
[2024-11-03T20:58:24.060356-0700]  6  * * *
[2024-11-03T20:58:24.060562-0700]  7  * * *
[2024-11-03T20:58:24.060617-0700]  8  * * *
[2024-11-03T20:58:24.060661-0700]  9  * * *
[2024-11-03T20:58:24.068250-0700] 10  * * *
[2024-11-03T20:58:29.067189-0700] 11  * * *
[2024-11-03T20:58:29.067665-0700] 12  * * *
[2024-11-03T20:58:29.067809-0700] 13  * * *
[2024-11-03T20:58:29.067929-0700] 14  * * *
[2024-11-03T20:58:29.083826-0700] 15  * * *
[2024-11-03T20:58:34.075983-0700] 16  * * *
[2024-11-03T20:58:34.076337-0700] 17  * * *
[2024-11-03T20:58:34.079025-0700] 18  * * *
[2024-11-03T20:58:34.082259-0700] 19  * * *
[2024-11-03T20:58:34.087249-0700] 20  * * *
[2024-11-03T20:58:34.090389-0700] 21  * * *
[2024-11-03T20:58:39.082736-0700] 22  * * *
[2024-11-03T20:58:39.083292-0700] 23  * * *
[2024-11-03T20:58:39.083444-0700] 24  * * *
[2024-11-03T20:58:39.094206-0700] 25  * * *
[2024-11-03T20:58:39.094428-0700] 26  * * *
[2024-11-03T20:58:44.043638-0700] 27  * *End time: 1730692724109
