Start time: 1730843057396
[2024-11-05T15:44:18.398343-0600] nuttcp-r: v8.1.4: socket
[2024-11-05T15:44:18.399207-0600] nuttcp-r: buflen=65536, nstream=1, port=5379 tcp
[2024-11-05T15:44:18.399259-0600] nuttcp-r: interval reporting every 0.50 seconds
[2024-11-05T15:44:18.399290-0600] nuttcp-r: connect to 54.197.223.49 with RTT=90.631 ms af=inet
[2024-11-05T15:44:18.399320-0600] nuttcp-r: send window size = 2097152, receive window size = 6291456
[2024-11-05T15:44:18.399349-0600] nuttcp-r: available send window = 1572864, available receive window = 4718592
[2024-11-05T15:44:18.399375-0600]     0.2500 MB /   0.50 sec =    4.1936 Mbps     0 retrans     13 KB-cwnd
[2024-11-05T15:44:18.898241-0600]     1.0625 MB /   0.50 sec =   17.8268 Mbps     0 retrans     13 KB-cwnd
[2024-11-05T15:44:19.398436-0600]     1.0000 MB /   0.50 sec =   16.7766 Mbps     0 retrans     13 KB-cwnd
[2024-11-05T15:44:19.898224-0600]     1.0625 MB /   0.50 sec =   17.8264 Mbps     0 retrans     13 KB-cwnd
[2024-11-05T15:44:20.398246-0600]     1.1250 MB /   0.50 sec =   18.8742 Mbps     0 retrans     13 KB-cwnd
[2024-11-05T15:44:20.898245-0600]     0.9375 MB /   0.50 sec =   15.7285 Mbps     0 retrans     13 KB-cwnd
[2024-11-05T15:44:21.398271-0600]     0.3125 MB /   0.50 sec =    5.2423 Mbps     0 retrans     13 KB-cwnd
[2024-11-05T15:44:21.898268-0600]     0.3750 MB /   0.50 sec =    6.2923 Mbps     0 retrans     13 KB-cwnd
[2024-11-05T15:44:22.398168-0600]     0.8750 MB /   0.50 sec =   14.6807 Mbps     0 retrans     13 KB-cwnd
[2024-11-05T15:44:22.898197-0600]     1.3750 MB /   0.50 sec =   23.0687 Mbps     0 retrans     13 KB-cwnd
[2024-11-05T15:44:23.398167-0600]     1.4375 MB /   0.50 sec =   24.1162 Mbps     0 retrans     13 KB-cwnd
[2024-11-05T15:44:23.898251-0600]     0.5000 MB /   0.50 sec =    8.3885 Mbps     0 retrans     13 KB-cwnd
[2024-11-05T15:44:24.398296-0600]     1.1250 MB /   0.50 sec =   18.8724 Mbps     0 retrans     13 KB-cwnd
[2024-11-05T15:44:24.898332-0600]     1.7500 MB /   0.50 sec =   29.3613 Mbps     0 retrans     13 KB-cwnd
[2024-11-05T15:44:25.398159-0600]     1.5000 MB /   0.50 sec =   25.1669 Mbps     0 retrans     13 KB-cwnd
[2024-11-05T15:44:25.898262-0600]     1.7500 MB /   0.50 sec =   29.3585 Mbps     0 retrans     13 KB-cwnd
[2024-11-05T15:44:26.398299-0600]     2.8125 MB /   0.50 sec =   47.1837 Mbps     0 retrans     13 KB-cwnd
[2024-11-05T15:44:26.898256-0600]     2.5000 MB /   0.50 sec =   41.9431 Mbps     0 retrans     13 KB-cwnd
[2024-11-05T15:44:27.398255-0600]     3.3750 MB /   0.50 sec =   56.6238 Mbps     0 retrans     13 KB-cwnd
[2024-11-05T15:44:27.898224-0600]     0.1250 MB /   0.50 sec =    2.0971 Mbps     0 retrans     13 KB-cwnd
[2024-11-05T15:44:28.398320-0600]     3.1875 MB /   0.50 sec =   53.4725 Mbps     0 retrans     13 KB-cwnd
[2024-11-05T15:44:28.898420-0600]     1.0000 MB /   0.50 sec =   16.7784 Mbps     0 retrans     13 KB-cwnd
[2024-11-05T15:44:29.398473-0600]     2.6875 MB /   0.50 sec =   45.0787 Mbps     0 retrans     13 KB-cwnd
[2024-11-05T15:44:29.898285-0600]     3.6875 MB /   0.50 sec =   61.8791 Mbps     0 retrans     13 KB-cwnd
[2024-11-05T15:44:30.398287-0600]     2.1875 MB /   0.50 sec =   36.7002 Mbps     0 retrans     13 KB-cwnd
[2024-11-05T15:44:30.898270-0600]     3.8750 MB /   0.50 sec =   65.0139 Mbps     0 retrans     13 KB-cwnd
[2024-11-05T15:44:31.398338-0600]     2.0625 MB /   0.50 sec =   34.5991 Mbps     0 retrans     13 KB-cwnd
[2024-11-05T15:44:31.898285-0600]     3.6250 MB /   0.50 sec =   60.8224 Mbps     0 retrans     13 KB-cwnd
[2024-11-05T15:44:32.398235-0600]     3.9375 MB /   0.50 sec =   66.0676 Mbps     0 retrans     13 KB-cwnd
[2024-11-05T15:44:32.898420-0600]     3.4375 MB /   0.50 sec =   57.6651 Mbps     0 retrans     13 KB-cwnd
[2024-11-05T15:44:33.398224-0600]     3.8750 MB /   0.50 sec =   65.0189 Mbps     0 retrans     13 KB-cwnd
[2024-11-05T15:44:33.898268-0600]     3.1875 MB /   0.50 sec =   53.4745 Mbps     0 retrans     13 KB-cwnd
[2024-11-05T15:44:34.398363-0600]     3.8750 MB /   0.50 sec =   65.0014 Mbps     0 retrans     13 KB-cwnd
[2024-11-05T15:44:34.898270-0600]     4.6875 MB /   0.50 sec =   78.6528 Mbps     0 retrans     13 KB-cwnd
[2024-11-05T15:44:35.398280-0600]     2.5625 MB /   0.50 sec =   42.9916 Mbps     0 retrans     13 KB-cwnd
[2024-11-05T15:44:35.898255-0600]     3.5625 MB /   0.50 sec =   59.7703 Mbps     0 retrans     13 KB-cwnd
[2024-11-05T15:44:36.398227-0600]     5.8125 MB /   0.50 sec =   97.5263 Mbps     0 retrans     13 KB-cwnd
[2024-11-05T15:44:36.898239-0600]     3.9375 MB /   0.50 sec =   66.0595 Mbps     0 retrans     13 KB-cwnd
[2024-11-05T15:44:37.398247-0600]     4.7500 MB /   0.50 sec =   79.6921 Mbps     0 retrans     13 KB-cwnd
[2024-11-05T15:44:37.898215-0600]     4.5625 MB /   0.50 sec =   76.5477 Mbps     0 retrans     13 KB-cwnd
[2024-11-05T15:44:38.398279-0600]     2.9375 MB /   0.50 sec =   49.2774 Mbps     0 retrans     13 KB-cwnd
[2024-11-05T15:44:38.898308-0600]     3.6250 MB /   0.50 sec =   60.8123 Mbps     0 retrans     13 KB-cwnd
[2024-11-05T15:44:39.398391-0600]     3.9375 MB /   0.50 sec =   66.0652 Mbps     0 retrans     13 KB-cwnd
[2024-11-05T15:44:39.898189-0600]     3.5625 MB /   0.50 sec =   59.7730 Mbps     0 retrans     13 KB-cwnd
[2024-11-05T15:44:40.398341-0600]     5.0000 MB /   0.50 sec =   83.8777 Mbps     0 retrans     13 KB-cwnd
[2024-11-05T15:44:40.898122-0600]     7.5625 MB /   0.50 sec =  126.9046 Mbps     0 retrans     13 KB-cwnd
[2024-11-05T15:44:41.398231-0600]     6.0625 MB /   0.50 sec =  101.7060 Mbps     0 retrans     13 KB-cwnd
[2024-11-05T15:44:41.898214-0600]     6.1250 MB /   0.50 sec =  102.7596 Mbps     0 retrans     13 KB-cwnd
[2024-11-05T15:44:42.398288-0600]     6.0625 MB /   0.50 sec =  101.6987 Mbps     0 retrans     13 KB-cwnd
[2024-11-05T15:44:42.898223-0600]     9.3125 MB /   0.50 sec =  156.2610 Mbps     0 retrans     13 KB-cwnd
[2024-11-05T15:44:43.398240-0600]     8.6250 MB /   0.50 sec =  144.6983 Mbps     0 retrans     15 KB-cwnd
[2024-11-05T15:44:43.898365-0600]     8.7500 MB /   0.50 sec =  146.7689 Mbps     0 retrans     15 KB-cwnd
[2024-11-05T15:44:44.398179-0600]     5.6875 MB /   0.50 sec =   95.4382 Mbps     0 retrans     15 KB-cwnd
[2024-11-05T15:44:44.898311-0600]     8.1875 MB /   0.50 sec =  137.3472 Mbps     0 retrans     15 KB-cwnd
[2024-11-05T15:44:45.398456-0600]    10.3125 MB /   0.50 sec =  173.0088 Mbps     0 retrans     26 KB-cwnd
[2024-11-05T15:44:45.898295-0600]     9.9375 MB /   0.50 sec =  166.7369 Mbps     0 retrans     26 KB-cwnd
[2024-11-05T15:44:46.398132-0600]    13.3125 MB /   0.50 sec =  223.3851 Mbps     0 retrans     26 KB-cwnd
[2024-11-05T15:44:46.898226-0600]    11.9375 MB /   0.50 sec =  200.2644 Mbps     0 retrans     26 KB-cwnd
[2024-11-05T15:44:47.398421-0600]    12.4375 MB /   0.50 sec =  208.6433 Mbps     0 retrans     26 KB-cwnd
[2024-11-05T15:44:47.898291-0600]    16.1875 MB /   0.50 sec =  271.5774 Mbps     0 retrans     26 KB-cwnd
[2024-11-05T15:44:48.398287-0600]    17.2500 MB /   0.50 sec =  289.4116 Mbps     0 retrans     26 KB-cwnd
[2024-11-05T15:44:48.898245-0600]    10.9375 MB /   0.50 sec =  183.5169 Mbps     0 retrans     26 KB-cwnd
[2024-11-05T15:44:49.398345-0600]    12.0000 MB /   0.50 sec =  201.2956 Mbps     0 retrans     26 KB-cwnd
[2024-11-05T15:44:49.898405-0600]    14.5000 MB /   0.50 sec =  243.2764 Mbps     0 retrans     26 KB-cwnd
[2024-11-05T15:44:50.398315-0600]    14.5000 MB /   0.50 sec =  243.2833 Mbps     0 retrans     29 KB-cwnd
[2024-11-05T15:44:50.898342-0600]    18.9375 MB /   0.50 sec =  317.6779 Mbps     0 retrans     31 KB-cwnd
[2024-11-05T15:44:51.398333-0600]    17.2500 MB /   0.50 sec =  289.4296 Mbps     0 retrans     34 KB-cwnd
[2024-11-05T15:44:51.898273-0600]    19.3750 MB /   0.50 sec =  325.0885 Mbps     0 retrans     35 KB-cwnd
[2024-11-05T15:44:52.398253-0600]    23.5625 MB /   0.50 sec =  395.3179 Mbps     0 retrans     39 KB-cwnd
[2024-11-05T15:44:52.898330-0600]    18.9375 MB /   0.50 sec =  317.6728 Mbps   229 retrans   4638 KB-cwnd
[2024-11-05T15:44:53.398277-0600]    15.3750 MB /   0.50 sec =  257.9817 Mbps     0 retrans   4638 KB-cwnd
[2024-11-05T15:44:53.898200-0600]     3.1875 MB /   0.50 sec =   53.4783 Mbps     0 retrans   4638 KB-cwnd
[2024-11-05T15:44:54.398277-0600]     0.0000 MB /   0.50 sec =    0.0000 Mbps     0 retrans   4638 KB-cwnd
[2024-11-05T15:44:54.898349-0600]     0.0000 MB /   0.50 sec =    0.0000 Mbps     0 retrans   4638 KB-cwnd
[2024-11-05T15:44:55.398216-0600]     0.6875 MB /   0.50 sec =   11.5351 Mbps     0 retrans   4638 KB-cwnd
[2024-11-05T15:44:55.898264-0600]     0.0000 MB /   0.50 sec =    0.0000 Mbps     0 retrans   4638 KB-cwnd
[2024-11-05T15:44:56.398215-0600]    12.6875 MB /   0.50 sec =  212.8758 Mbps     0 retrans   4638 KB-cwnd
[2024-11-05T15:44:56.898295-0600]     5.5000 MB /   0.50 sec =   92.2662 Mbps     0 retrans   4638 KB-cwnd
[2024-11-05T15:44:57.398185-0600]    21.1250 MB /   0.50 sec =  354.4470 Mbps     0 retrans   4638 KB-cwnd
[2024-11-05T15:44:57.898237-0600]     2.4375 MB /   0.50 sec =   40.8965 Mbps     0 retrans   4638 KB-cwnd
[2024-11-05T15:44:58.398350-0600]    12.3125 MB /   0.50 sec =  206.5224 Mbps     0 retrans   4638 KB-cwnd
[2024-11-05T15:44:58.898349-0600]     9.3750 MB /   0.50 sec =  157.2845 Mbps     0 retrans   4638 KB-cwnd
[2024-11-05T15:44:59.398355-0600]    11.1250 MB /   0.50 sec =  186.6394 Mbps     0 retrans   4611 KB-cwnd
[2024-11-05T15:44:59.898297-0600]    12.0625 MB /   0.50 sec =  202.3982 Mbps     0 retrans   4611 KB-cwnd
[2024-11-05T15:45:00.398314-0600]     4.1875 MB /   0.50 sec =   70.2511 Mbps     0 retrans   4611 KB-cwnd
[2024-11-05T15:45:00.898266-0600]    10.0000 MB /   0.50 sec =  167.7893 Mbps     0 retrans   4611 KB-cwnd
[2024-11-05T15:45:01.398280-0600]    14.0000 MB /   0.50 sec =  234.8787 Mbps     0 retrans   4611 KB-cwnd
[2024-11-05T15:45:01.898176-0600]    12.5625 MB /   0.50 sec =  210.7790 Mbps   449 retrans  10303 KB-cwnd
[2024-11-05T15:45:02.398350-0600]    11.9375 MB /   0.50 sec =  200.2420 Mbps     0 retrans  14054 KB-cwnd
[2024-11-05T15:45:02.898192-0600]     4.1875 MB /   0.50 sec =   70.2634 Mbps     0 retrans  14054 KB-cwnd
[2024-11-05T15:45:03.398232-0600]     0.3750 MB /   0.50 sec =    6.2918 Mbps     0 retrans  14054 KB-cwnd
[2024-11-05T15:45:03.898263-0600]    15.4375 MB /   0.50 sec =  258.9693 Mbps     0 retrans  14054 KB-cwnd
[2024-11-05T15:45:04.398375-0600]     0.0000 MB /   0.50 sec =    0.0000 Mbps     0 retrans  14054 KB-cwnd
[2024-11-05T15:45:04.898322-0600]     0.0000 MB /   0.50 sec =    0.0000 Mbps     0 retrans  14054 KB-cwnd
[2024-11-05T15:45:05.398391-0600]     0.0000 MB /   0.50 sec =    0.0000 Mbps     0 retrans  14054 KB-cwnd
[2024-11-05T15:45:05.898304-0600]    15.2500 MB /   0.50 sec =  255.8474 Mbps     0 retrans  14054 KB-cwnd
[2024-11-05T15:45:06.398386-0600]     0.0000 MB /   0.50 sec =    0.0000 Mbps     0 retrans  14054 KB-cwnd
[2024-11-05T15:45:06.898344-0600]     0.0000 MB /   0.50 sec =    0.0000 Mbps     0 retrans  14054 KB-cwnd
[2024-11-05T15:45:07.398184-0600]     0.0000 MB /   0.50 sec =    0.0000 Mbps     0 retrans  14054 KB-cwnd
[2024-11-05T15:45:07.898353-0600]     0.0000 MB /   0.50 sec =    0.0000 Mbps     0 retrans  14054 KB-cwnd
[2024-11-05T15:45:08.398270-0600]     6.3125 MB /   0.50 sec =  105.9235 Mbps     0 retrans  14054 KB-cwnd
[2024-11-05T15:45:08.898274-0600]     5.0000 MB /   0.50 sec =   83.8831 Mbps     0 retrans  14054 KB-cwnd
[2024-11-05T15:45:09.398447-0600]     6.8750 MB /   0.50 sec =  115.3339 Mbps  4935 retrans   7912 KB-cwnd
[2024-11-05T15:45:09.898306-0600]     6.3750 MB /   0.50 sec =  106.9575 Mbps     0 retrans   7912 KB-cwnd
[2024-11-05T15:45:10.398300-0600]     3.4375 MB /   0.50 sec =   57.6717 Mbps     0 retrans   7912 KB-cwnd
[2024-11-05T15:45:10.898258-0600]    11.8125 MB /   0.50 sec =  198.2054 Mbps     0 retrans   7912 KB-cwnd
[2024-11-05T15:45:11.398251-0600]    10.0000 MB /   0.50 sec =  167.7759 Mbps     0 retrans   7848 KB-cwnd
[2024-11-05T15:45:11.898178-0600]     7.0000 MB /   0.50 sec =  117.4356 Mbps     0 retrans   7848 KB-cwnd
[2024-11-05T15:45:12.398378-0600]     9.1875 MB /   0.50 sec =  154.1117 Mbps     0 retrans   7848 KB-cwnd
[2024-11-05T15:45:12.898252-0600]     3.8125 MB /   0.50 sec =   63.9755 Mbps     0 retrans   7848 KB-cwnd
[2024-11-05T15:45:13.398441-0600]     6.4375 MB /   0.50 sec =  107.9949 Mbps     0 retrans   7848 KB-cwnd
[2024-11-05T15:45:13.898303-0600]    13.3750 MB /   0.50 sec =  224.3831 Mbps   664 retrans   7326 KB-cwnd
[2024-11-05T15:45:14.398298-0600]     6.0625 MB /   0.50 sec =  101.7131 Mbps     0 retrans   7326 KB-cwnd
[2024-11-05T15:45:14.898280-0600]     3.1250 MB /   0.50 sec =   52.4330 Mbps     0 retrans   7326 KB-cwnd
[2024-11-05T15:45:15.398267-0600]    11.0000 MB /   0.50 sec =  184.5523 Mbps     1 retrans   7392 KB-cwnd
[2024-11-05T15:45:15.898315-0600]     0.0000 MB /   0.50 sec =    0.0000 Mbps     0 retrans   7392 KB-cwnd
[2024-11-05T15:45:16.398144-0600]    12.7500 MB /   0.50 sec =  213.9579 Mbps     1 retrans   7392 KB-cwnd
[2024-11-05T15:45:16.898353-0600]     0.5000 MB /   0.50 sec =    8.3864 Mbps     0 retrans   7392 KB-cwnd
[2024-11-05T15:45:17.398292-0600]     5.3125 MB /   0.50 sec =   89.1373 Mbps     1 retrans   7392 KB-cwnd
[2024-11-05T15:45:17.898261-0600]     7.2500 MB /   0.50 sec =  121.6436 Mbps     0 retrans   7499 KB-cwnd
[2024-11-05T15:45:18.398210-0600]     2.0000 MB /   0.50 sec =   33.5544 Mbps     0 retrans   7499 KB-cwnd
[2024-11-05T15:45:18.898279-0600]     0.0000 MB /   0.50 sec =    0.0000 Mbps     0 retrans   7499 KB-cwnd
[2024-11-05T15:45:19.398207-0600]     3.5625 MB /   0.50 sec =   59.7748 Mbps     0 retrans   7499 KB-cwnd
[2024-11-05T15:45:19.898452-0600]     5.3750 MB /   0.50 sec =   90.1590 Mbps     2 retrans   7560 KB-cwnd
[2024-11-05T15:45:20.398266-0600]     3.2500 MB /   0.50 sec =   54.5334 Mbps     0 retrans   7560 KB-cwnd
[2024-11-05T15:45:20.898380-0600]     6.2500 MB /   0.50 sec =  104.8549 Mbps     5 retrans   7560 KB-cwnd
[2024-11-05T15:45:21.398191-0600]     5.9375 MB /   0.50 sec =   99.6167 Mbps  6326 retrans   3657 KB-cwnd
[2024-11-05T15:45:21.898248-0600]     6.0000 MB /   0.50 sec =  100.6663 Mbps     0 retrans   3657 KB-cwnd
[2024-11-05T15:45:22.398358-0600]     4.1875 MB /   0.50 sec =   70.2471 Mbps     0 retrans   3657 KB-cwnd
[2024-11-05T15:45:22.898172-0600]     4.3750 MB /   0.50 sec =   73.4084 Mbps     0 retrans   3657 KB-cwnd
[2024-11-05T15:45:23.398359-0600]     1.5000 MB /   0.50 sec =   25.1606 Mbps     0 retrans   3657 KB-cwnd
[2024-11-05T15:45:23.898213-0600]     4.2500 MB /   0.50 sec =   71.3213 Mbps     0 retrans   3657 KB-cwnd
[2024-11-05T15:45:24.398254-0600]     3.5000 MB /   0.50 sec =   58.7161 Mbps     0 retrans   3657 KB-cwnd
[2024-11-05T15:45:24.898228-0600]     7.3750 MB /   0.50 sec =  123.7354 Mbps     0 retrans   3657 KB-cwnd
[2024-11-05T15:45:25.398198-0600]     6.0625 MB /   0.50 sec =  101.7161 Mbps     0 retrans   3657 KB-cwnd
[2024-11-05T15:45:25.898237-0600]     8.1250 MB /   0.50 sec =  136.3135 Mbps     0 retrans   3657 KB-cwnd
[2024-11-05T15:45:26.398348-0600]     7.1875 MB /   0.50 sec =  120.5669 Mbps     0 retrans   3657 KB-cwnd
[2024-11-05T15:45:26.898297-0600]    10.0000 MB /   0.50 sec =  167.7701 Mbps     0 retrans   3657 KB-cwnd
[2024-11-05T15:45:27.398315-0600]     3.0000 MB /   0.50 sec =   50.3356 Mbps     0 retrans   3657 KB-cwnd
[2024-11-05T15:45:27.898244-0600]     2.4375 MB /   0.50 sec =   40.8961 Mbps     0 retrans   3657 KB-cwnd
[2024-11-05T15:45:28.398138-0600]     9.8125 MB /   0.50 sec =  164.6403 Mbps  2644 retrans   6100 KB-cwnd
[2024-11-05T15:45:28.898443-0600]     2.3750 MB /   0.50 sec =   39.8379 Mbps     0 retrans   6100 KB-cwnd
[2024-11-05T15:45:29.398404-0600]     9.6875 MB /   0.50 sec =  162.5429 Mbps     2 retrans   6100 KB-cwnd
[2024-11-05T15:45:29.898175-0600]     4.2500 MB /   0.50 sec =   71.3062 Mbps     0 retrans   6100 KB-cwnd
[2024-11-05T15:45:30.398365-0600]     4.0000 MB /   0.50 sec =   67.0953 Mbps     0 retrans   6100 KB-cwnd
[2024-11-05T15:45:30.898321-0600]     3.3125 MB /   0.50 sec =   55.5779 Mbps     0 retrans   6100 KB-cwnd
[2024-11-05T15:45:31.398216-0600]     6.3750 MB /   0.50 sec =  106.9663 Mbps     0 retrans   6100 KB-cwnd
[2024-11-05T15:45:31.898335-0600]     4.3125 MB /   0.50 sec =   72.3431 Mbps     0 retrans   6100 KB-cwnd
[2024-11-05T15:45:32.398380-0600]     3.2500 MB /   0.50 sec =   54.5246 Mbps     0 retrans   6100 KB-cwnd
[2024-11-05T15:45:32.898409-0600]    13.0625 MB /   0.50 sec =  219.1695 Mbps     0 retrans   6063 KB-cwnd
[2024-11-05T15:45:33.398250-0600]     2.4375 MB /   0.50 sec =   40.8978 Mbps     0 retrans   6063 KB-cwnd
[2024-11-05T15:45:33.898366-0600]     4.3750 MB /   0.50 sec =   73.3942 Mbps     0 retrans   6063 KB-cwnd
[2024-11-05T15:45:34.398206-0600]     5.0000 MB /   0.50 sec =   83.8913 Mbps     0 retrans   6063 KB-cwnd
[2024-11-05T15:45:34.898381-0600]     0.0000 MB /   0.50 sec =    0.0000 Mbps     0 retrans   6063 KB-cwnd
[2024-11-05T15:45:35.398176-0600]     1.1875 MB /   0.50 sec =   19.9265 Mbps     0 retrans   6063 KB-cwnd
[2024-11-05T15:45:35.898457-0600]     0.0000 MB /   0.50 sec =    0.0000 Mbps     0 retrans   6063 KB-cwnd
[2024-11-05T15:45:36.398509-0600]     0.0000 MB /   0.50 sec =    0.0000 Mbps     0 retrans   6063 KB-cwnd
[2024-11-05T15:45:36.898158-0600]     0.0000 MB /   0.50 sec =    0.0000 Mbps     0 retrans   6063 KB-cwnd
[2024-11-05T15:45:37.398291-0600]     0.0000 MB /   0.50 sec =    0.0000 Mbps     0 retrans   6063 KB-cwnd
[2024-11-05T15:45:37.898287-0600]     0.0000 MB /   0.50 sec =    0.0000 Mbps     0 retrans   6063 KB-cwnd
[2024-11-05T15:45:38.398199-0600]     0.0625 MB /   0.50 sec =    1.0486 Mbps     0 retrans   6063 KB-cwnd
[2024-11-05T15:45:38.898242-0600]     3.7500 MB /   0.50 sec =   62.9127 Mbps  1169 retrans   2853 KB-cwnd
[2024-11-05T15:45:39.398248-0600]     0.6250 MB /   0.50 sec =   10.4857 Mbps     0 retrans   2853 KB-cwnd
[2024-11-05T15:45:39.898262-0600]     0.0000 MB /   0.50 sec =    0.0000 Mbps     0 retrans   2853 KB-cwnd
[2024-11-05T15:45:40.398264-0600]     0.0000 MB /   0.50 sec =    0.0000 Mbps     0 retrans   2853 KB-cwnd
[2024-11-05T15:45:40.898360-0600]     0.0000 MB /   0.50 sec =    0.0000 Mbps     0 retrans   2853 KB-cwnd
[2024-11-05T15:45:41.398323-0600]     0.0000 MB /   0.50 sec =    0.0000 Mbps     0 retrans   2853 KB-cwnd
[2024-11-05T15:45:41.898137-0600]     0.0000 MB /   0.50 sec =    0.0000 Mbps     0 retrans   2853 KB-cwnd
[2024-11-05T15:45:42.398157-0600]     0.0625 MB /   0.50 sec =    1.0485 Mbps     0 retrans   2853 KB-cwnd
[2024-11-05T15:45:42.898276-0600]     0.0000 MB /   0.50 sec =    0.0000 Mbps     0 retrans   2853 KB-cwnd
[2024-11-05T15:45:43.398609-0600]     4.0625 MB /   0.50 sec =   68.1162 Mbps     0 retrans   2853 KB-cwnd
[2024-11-05T15:45:43.898164-0600]     2.6875 MB /   0.50 sec =   45.1189 Mbps     0 retrans   2853 KB-cwnd
[2024-11-05T15:45:44.398166-0600]     1.5000 MB /   0.50 sec =   25.1653 Mbps     0 retrans   2853 KB-cwnd
[2024-11-05T15:45:44.898224-0600]     0.6250 MB /   0.50 sec =   10.4854 Mbps     0 retrans   2853 KB-cwnd
[2024-11-05T15:45:45.398324-0600]     0.4375 MB /   0.50 sec =    7.3397 Mbps     0 retrans   2853 KB-cwnd
[2024-11-05T15:45:45.898162-0600]     2.0625 MB /   0.50 sec =   34.6066 Mbps     0 retrans   2853 KB-cwnd
[2024-11-05T15:45:46.398374-0600]     0.5625 MB /   0.50 sec =    9.4359 Mbps     0 retrans   2853 KB-cwnd
[2024-11-05T15:45:46.898222-0600]     2.6875 MB /   0.50 sec =   45.0954 Mbps     0 retrans   2853 KB-cwnd
[2024-11-05T15:45:47.398148-0600]     1.1875 MB /   0.50 sec =   19.9225 Mbps     0 retrans   2853 KB-cwnd
[2024-11-05T15:45:47.898302-0600]     0.0000 MB /   0.50 sec =    0.0000 Mbps     0 retrans   2853 KB-cwnd
[2024-11-05T15:45:48.398249-0600]     2.5000 MB /   0.50 sec =   41.9407 Mbps     0 retrans   2853 KB-cwnd
[2024-11-05T15:45:48.898144-0600]     1.5625 MB /   0.50 sec =   26.2164 Mbps     0 retrans   2853 KB-cwnd
[2024-11-05T15:45:49.398336-0600]     1.5625 MB /   0.50 sec =   26.2102 Mbps     0 retrans   2853 KB-cwnd
[2024-11-05T15:45:49.898222-0600]     2.2500 MB /   0.50 sec =   37.7536 Mbps     0 retrans   2853 KB-cwnd
[2024-11-05T15:45:50.398242-0600]     2.3125 MB /   0.50 sec =   38.7925 Mbps     0 retrans   2853 KB-cwnd
[2024-11-05T15:45:50.898144-0600]     2.8125 MB /   0.50 sec =   47.1936 Mbps     0 retrans   2853 KB-cwnd
[2024-11-05T15:45:51.398347-0600]     2.1250 MB /   0.50 sec =   35.6458 Mbps     0 retrans   2853 KB-cwnd
[2024-11-05T15:45:51.898175-0600]     0.0000 MB /   0.50 sec =    0.0000 Mbps     0 retrans   2853 KB-cwnd
[2024-11-05T15:45:52.398255-0600]     1.5625 MB /   0.50 sec =   26.2147 Mbps     0 retrans   2853 KB-cwnd
[2024-11-05T15:45:52.898325-0600]     0.0000 MB /   0.50 sec =    0.0000 Mbps     0 retrans   2853 KB-cwnd
[2024-11-05T15:45:53.398297-0600]     2.1875 MB /   0.50 sec =   36.6978 Mbps     0 retrans   2853 KB-cwnd
[2024-11-05T15:45:53.898163-0600]     2.6250 MB /   0.50 sec =   44.0446 Mbps     0 retrans   2853 KB-cwnd
[2024-11-05T15:45:54.398281-0600]     1.2500 MB /   0.50 sec =   20.9699 Mbps     0 retrans   2853 KB-cwnd
[2024-11-05T15:45:54.898290-0600]     3.6875 MB /   0.50 sec =   61.8724 Mbps     0 retrans   2853 KB-cwnd
[2024-11-05T15:45:55.398286-0600]     3.1250 MB /   0.50 sec =   52.4230 Mbps     0 retrans   2853 KB-cwnd
[2024-11-05T15:45:55.898174-0600]     4.8750 MB /   0.50 sec =   81.7971 Mbps     0 retrans   2853 KB-cwnd
[2024-11-05T15:45:56.398142-0600]     4.5625 MB /   0.50 sec =   76.5488 Mbps     0 retrans   2853 KB-cwnd
[2024-11-05T15:45:56.898229-0600]     5.1875 MB /   0.50 sec =   87.0269 Mbps     0 retrans   2853 KB-cwnd
[2024-11-05T15:45:57.398264-0600]     8.5000 MB /   0.50 sec =  142.5995 Mbps   331 retrans   5176 KB-cwnd
[2024-11-05T15:45:57.898195-0600]     6.2500 MB /   0.50 sec =  104.8647 Mbps     0 retrans   5176 KB-cwnd
[2024-11-05T15:45:58.398306-0600]     9.1250 MB /   0.50 sec =  153.0909 Mbps     0 retrans   5176 KB-cwnd
[2024-11-05T15:45:58.898239-0600]    11.5625 MB /   0.50 sec =  193.9823 Mbps     0 retrans   5176 KB-cwnd
[2024-11-05T15:45:59.398261-0600]    12.3750 MB /   0.50 sec =  207.6085 Mbps     0 retrans   5176 KB-cwnd
[2024-11-05T15:45:59.898214-0600]     7.0000 MB /   0.50 sec =  117.4433 Mbps     0 retrans   5176 KB-cwnd
[2024-11-05T15:46:00.398394-0600]    19.3125 MB /   0.50 sec =  323.9303 Mbps     1 retrans   5176 KB-cwnd
[2024-11-05T15:46:00.898199-0600]    14.6875 MB /   0.50 sec =  246.4819 Mbps  6634 retrans    735 KB-cwnd
[2024-11-05T15:46:01.398318-0600]    18.3750 MB /   0.50 sec =  308.2487 Mbps     2 retrans    735 KB-cwnd
[2024-11-05T15:46:01.898189-0600]    11.7500 MB /   0.50 sec =  197.1567 Mbps     2 retrans    735 KB-cwnd
[2024-11-05T15:46:02.398355-0600]    11.8750 MB /   0.50 sec =  199.1968 Mbps     2 retrans    735 KB-cwnd
[2024-11-05T15:46:02.898253-0600]    14.3125 MB /   0.50 sec =  240.1614 Mbps     0 retrans    735 KB-cwnd
[2024-11-05T15:46:03.398337-0600]    13.1875 MB /   0.50 sec =  221.2217 Mbps  3060 retrans   1887 KB-cwnd
[2024-11-05T15:46:03.898260-0600]    15.6875 MB /   0.50 sec =  263.1910 Mbps     0 retrans   2120 KB-cwnd
[2024-11-05T15:46:04.398180-0600]    18.0000 MB /   0.50 sec =  302.0298 Mbps     0 retrans   2199 KB-cwnd
[2024-11-05T15:46:04.898243-0600]    17.2500 MB /   0.50 sec =  289.4041 Mbps     1 retrans   2260 KB-cwnd
[2024-11-05T15:46:05.398365-0600]    17.0000 MB /   0.50 sec =  285.1842 Mbps   303 retrans   9342 KB-cwnd
[2024-11-05T15:46:05.898186-0600]    18.3125 MB /   0.50 sec =  307.2733 Mbps     0 retrans   9342 KB-cwnd
[2024-11-05T15:46:06.398301-0600]     1.0625 MB /   0.50 sec =   17.8240 Mbps     0 retrans   9342 KB-cwnd
[2024-11-05T15:46:06.898166-0600]     0.3750 MB /   0.50 sec =    6.2920 Mbps     0 retrans   9342 KB-cwnd
[2024-11-05T15:46:07.398184-0600]    16.3750 MB /   0.50 sec =  274.7264 Mbps     0 retrans   9342 KB-cwnd
[2024-11-05T15:46:07.898347-0600]    10.9375 MB /   0.50 sec =  183.5023 Mbps     0 retrans   9405 KB-cwnd
[2024-11-05T15:46:08.398241-0600]     3.8750 MB /   0.50 sec =   65.0012 Mbps     0 retrans   9405 KB-cwnd
[2024-11-05T15:46:08.898452-0600]    12.1875 MB /   0.50 sec =  204.4090 Mbps     0 retrans   9446 KB-cwnd
[2024-11-05T15:46:09.398189-0600]    12.0000 MB /   0.50 sec =  201.4124 Mbps   773 retrans   9488 KB-cwnd
[2024-11-05T15:46:09.898258-0600]     5.2500 MB /   0.50 sec =   88.0742 Mbps    26 retrans   9488 KB-cwnd
[2024-11-05T15:46:10.398294-0600]    10.1875 MB /   0.50 sec =  170.9069 Mbps     7 retrans   9488 KB-cwnd
[2024-11-05T15:46:10.898346-0600]    18.6875 MB /   0.50 sec =  313.5819 Mbps    14 retrans   9488 KB-cwnd
[2024-11-05T15:46:11.398291-0600]    14.6875 MB /   0.50 sec =  246.3961 Mbps     0 retrans   9488 KB-cwnd
[2024-11-05T15:46:11.898193-0600]    11.9375 MB /   0.50 sec =  200.2824 Mbps     0 retrans   9488 KB-cwnd
[2024-11-05T15:46:12.398477-0600]    12.2500 MB /   0.50 sec =  205.4527 Mbps   521 retrans  10269 KB-cwnd
[2024-11-05T15:46:12.898360-0600]    15.1875 MB /   0.50 sec =  254.8968 Mbps     0 retrans  10269 KB-cwnd
[2024-11-05T15:46:13.398288-0600]     3.8750 MB /   0.50 sec =   65.0050 Mbps     0 retrans  10269 KB-cwnd
[2024-11-05T15:46:13.900488-0600]     9.0000 MB /   0.50 sec =  150.3338 Mbps     0 retrans  10269 KB-cwnd
[2024-11-05T15:46:14.398208-0600]    16.0625 MB /   0.50 sec =  270.6946 Mbps     0 retrans  10269 KB-cwnd
[2024-11-05T15:46:14.898262-0600]     2.5625 MB /   0.50 sec =   42.9886 Mbps     0 retrans  10269 KB-cwnd
[2024-11-05T15:46:15.398653-0600]    12.5625 MB /   0.50 sec =  210.7739 Mbps     0 retrans  10269 KB-cwnd
[2024-11-05T15:46:15.898478-0600]     0.3125 MB /   0.50 sec =    5.2419 Mbps     0 retrans  10269 KB-cwnd
[2024-11-05T15:46:16.398209-0600]     7.9375 MB /   0.50 sec =  133.1971 Mbps     0 retrans  10269 KB-cwnd
[2024-11-05T15:46:16.898140-0600]     5.4375 MB /   0.50 sec =   91.2327 Mbps  3948 retrans   7390 KB-cwnd
[2024-11-05T15:46:17.398405-0600]    10.8750 MB /   0.50 sec =  182.3902 Mbps     0 retrans   7390 KB-cwnd
[2024-11-05T15:46:17.898178-0600]     6.4375 MB /   0.50 sec =  108.0347 Mbps     0 retrans   7390 KB-cwnd
[2024-11-05T15:46:18.398304-0600]     3.8125 MB /   0.50 sec =   63.9576 Mbps     0 retrans   7390 KB-cwnd
End time: 1730843178502
