Start time: 1730852716226
[2024-11-05T18:25:21.283988-0600] traceroute to 54.197.223.49 (54.197.223.49), 30 hops max, 60 byte packets
[2024-11-05T18:25:21.284988-0600]  1  * * *
[2024-11-05T18:25:21.285049-0600]  2  * * *
[2024-11-05T18:25:21.285097-0600]  3  * * *
[2024-11-05T18:25:21.285139-0600]  4  * * *
[2024-11-05T18:25:21.285189-0600]  5  * * *
[2024-11-05T18:25:26.293152-0600]  6  * * *
[2024-11-05T18:25:26.293521-0600]  7  * * *
[2024-11-05T18:25:26.293660-0600]  8  * * *
[2024-11-05T18:25:26.302852-0600]  9  * * *
[2024-11-05T18:25:26.303086-0600] 10  * * *
[2024-11-05T18:25:31.300937-0600] 11  * * *
[2024-11-05T18:25:31.301414-0600] 12  * * *
[2024-11-05T18:25:31.301515-0600] 13  * * *
[2024-11-05T18:25:31.313456-0600] 14  * * *
[2024-11-05T18:25:31.313789-0600] 15  * * *
[2024-11-05T18:25:36.310295-0600] 16  * * *
[2024-11-05T18:25:36.310804-0600] 17  * * *
[2024-11-05T18:25:36.320671-0600] 18  * * *
[2024-11-05T18:25:36.321006-0600] 19  * * *
[2024-11-05T18:25:36.321142-0600] 20  * * *
[2024-11-05T18:25:36.332236-0600] 21  * * *
[2024-11-05T18:25:41.318456-0600] 22  * * *
[2024-11-05T18:25:41.325937-0600] 23  * * *
[2024-11-05T18:25:41.326219-0600] 24  * * *
[2024-11-05T18:25:41.334345-0600] 25  * * *
[2024-11-05T18:25:41.334681-0600] 26  * * *
[2024-11-05T18:25:46.274233-0600] 27  * *End time: 1730852746340
