Start time: 1731083490899
[2024-11-08T11:31:35.987259-0500] traceroute to 54.197.223.49 (54.197.223.49), 30 hops max, 60 byte packets
[2024-11-08T11:31:35.987850-0500]  1  * * *
[2024-11-08T11:31:35.987886-0500]  2  * * *
[2024-11-08T11:31:35.992447-0500]  3  * * *
[2024-11-08T11:31:35.992617-0500]  4  * * *
[2024-11-08T11:31:35.992661-0500]  5  * * *
[2024-11-08T11:31:40.995602-0500]  6  * * *
[2024-11-08T11:31:40.995979-0500]  7  * * *
[2024-11-08T11:31:40.996052-0500]  8  * * *
[2024-11-08T11:31:40.996103-0500]  9  * * *
[2024-11-08T11:31:41.006722-0500] 10  * * *
[2024-11-08T11:31:46.005463-0500] 11  * * *
[2024-11-08T11:31:46.006001-0500] 12  * * *
[2024-11-08T11:31:46.006149-0500] 13  * * *
[2024-11-08T11:31:46.023887-0500] 14  * * *
[2024-11-08T11:31:46.024152-0500] 15  * * *
[2024-11-08T11:31:51.013073-0500] 16  * * *
[2024-11-08T11:31:51.014969-0500] 17  * * *
[2024-11-08T11:31:51.020588-0500] 18  * * *
[2024-11-08T11:31:51.026011-0500] 19  * * *
[2024-11-08T11:31:51.029009-0500] 20  * * *
[2024-11-08T11:31:51.032674-0500] 21  * * *
[2024-11-08T11:31:56.017195-0500] 22  * * *
[2024-11-08T11:31:56.019875-0500] 23  * * *
[2024-11-08T11:31:56.024427-0500] 24  * * *
[2024-11-08T11:31:56.029767-0500] 25  * * *
[2024-11-08T11:31:56.031844-0500] 26  * * *
[2024-11-08T11:32:00.981584-0500] 27  * *End time: 1731083521050
