Start time: 1731095342174
[2024-11-08T14:49:03.205279-0500] nuttcp-r: v8.1.4: socket
[2024-11-08T14:49:03.205792-0500] nuttcp-r: buflen=65536, nstream=1, port=5379 tcp
[2024-11-08T14:49:03.205825-0500] nuttcp-r: interval reporting every 0.50 seconds
[2024-11-08T14:49:03.205850-0500] nuttcp-r: connect to 54.197.223.49 with RTT=70.593 ms af=inet
[2024-11-08T14:49:03.205873-0500] nuttcp-r: send window size = 2097152, receive window size = 6291456
[2024-11-08T14:49:03.205899-0500] nuttcp-r: available send window = 1572864, available receive window = 4718592
[2024-11-08T14:49:03.205922-0500]     0.5625 MB /   0.50 sec =    9.4359 Mbps     0 retrans     13 KB-cwnd
[2024-11-08T14:49:03.705261-0500]    15.5000 MB /   0.50 sec =  260.0385 Mbps     0 retrans     13 KB-cwnd
[2024-11-08T14:49:04.205232-0500]    57.0000 MB /   0.50 sec =  956.3491 Mbps     0 retrans     13 KB-cwnd
[2024-11-08T14:49:04.705433-0500]    50.8125 MB /   0.50 sec =  852.4650 Mbps     0 retrans     13 KB-cwnd
[2024-11-08T14:49:05.205621-0500]    49.8750 MB /   0.50 sec =  836.1700 Mbps     0 retrans     13 KB-cwnd
[2024-11-08T14:49:05.705128-0500]    40.1875 MB /   0.50 sec =  674.7944 Mbps     0 retrans     14 KB-cwnd
[2024-11-08T14:49:06.205289-0500]    49.8750 MB /   0.50 sec =  836.7938 Mbps     0 retrans     26 KB-cwnd
[2024-11-08T14:49:06.705180-0500]    53.3750 MB /   0.50 sec =  895.4338 Mbps     0 retrans     26 KB-cwnd
[2024-11-08T14:49:07.205093-0500]    55.5000 MB /   0.50 sec =  931.1820 Mbps     0 retrans     26 KB-cwnd
[2024-11-08T14:49:07.705414-0500]    46.3125 MB /   0.50 sec =  776.8923 Mbps     0 retrans  21746 KB-cwnd
[2024-11-08T14:49:08.205106-0500]    47.5000 MB /   0.50 sec =  797.0102 Mbps     0 retrans  21746 KB-cwnd
[2024-11-08T14:49:08.705233-0500]    36.5000 MB /   0.50 sec =  612.2986 Mbps     0 retrans  21746 KB-cwnd
[2024-11-08T14:49:09.205135-0500]    37.3750 MB /   0.50 sec =  627.0961 Mbps     0 retrans  21744 KB-cwnd
[2024-11-08T14:49:09.707610-0500]    28.0000 MB /   0.50 sec =  467.5245 Mbps     0 retrans  20715 KB-cwnd
[2024-11-08T14:49:10.205263-0500]    33.3125 MB /   0.50 sec =  561.5268 Mbps     0 retrans  20715 KB-cwnd
[2024-11-08T14:49:10.705138-0500]    26.6875 MB /   0.50 sec =  447.7903 Mbps     0 retrans  20715 KB-cwnd
[2024-11-08T14:49:11.205651-0500]    14.9375 MB /   0.50 sec =  250.3703 Mbps     0 retrans  18144 KB-cwnd
[2024-11-08T14:49:11.705213-0500]    17.1875 MB /   0.50 sec =  288.6095 Mbps     0 retrans  18144 KB-cwnd
[2024-11-08T14:49:12.205947-0500]    12.9375 MB /   0.50 sec =  216.8956 Mbps     0 retrans  18144 KB-cwnd
[2024-11-08T14:49:12.705156-0500]    19.9375 MB /   0.50 sec =  334.7615 Mbps     0 retrans  18144 KB-cwnd
[2024-11-08T14:49:13.205256-0500]    27.5625 MB /   0.50 sec =  462.3998 Mbps     1 retrans  14974 KB-cwnd
[2024-11-08T14:49:13.705220-0500]    16.8750 MB /   0.50 sec =  283.1217 Mbps     0 retrans  14974 KB-cwnd
[2024-11-08T14:49:14.205647-0500]    15.5625 MB /   0.50 sec =  260.8992 Mbps     0 retrans  14974 KB-cwnd
[2024-11-08T14:49:14.705103-0500]    28.0625 MB /   0.50 sec =  471.1979 Mbps     0 retrans  14974 KB-cwnd
[2024-11-08T14:49:15.205213-0500]    13.7500 MB /   0.50 sec =  230.6816 Mbps     3 retrans  11783 KB-cwnd
[2024-11-08T14:49:15.705566-0500]     0.0000 MB /   0.50 sec =    0.0000 Mbps     0 retrans  11783 KB-cwnd
[2024-11-08T14:49:16.205296-0500]    24.5000 MB /   0.50 sec =  411.2507 Mbps     0 retrans  11783 KB-cwnd
[2024-11-08T14:49:16.707110-0500]    18.7500 MB /   0.50 sec =  313.3901 Mbps     0 retrans  11783 KB-cwnd
[2024-11-08T14:49:17.205589-0500]    17.3125 MB /   0.50 sec =  291.3652 Mbps     0 retrans  11783 KB-cwnd
[2024-11-08T14:49:17.705767-0500]     4.7500 MB /   0.50 sec =   79.6881 Mbps     5 retrans  10325 KB-cwnd
[2024-11-08T14:49:18.205525-0500]     0.0000 MB /   0.50 sec =    0.0000 Mbps     0 retrans  10325 KB-cwnd
[2024-11-08T14:49:18.705169-0500]     0.0000 MB /   0.50 sec =    0.0000 Mbps     0 retrans  10325 KB-cwnd
[2024-11-08T14:49:19.205276-0500]     8.0000 MB /   0.50 sec =  134.1928 Mbps     0 retrans  10325 KB-cwnd
[2024-11-08T14:49:19.707628-0500]    19.1250 MB /   0.50 sec =  319.3944 Mbps     0 retrans  10325 KB-cwnd
[2024-11-08T14:49:20.205188-0500]    16.8125 MB /   0.50 sec =  283.4080 Mbps     0 retrans  10325 KB-cwnd
[2024-11-08T14:49:20.705325-0500]    14.6250 MB /   0.50 sec =  245.3285 Mbps     0 retrans  10325 KB-cwnd
[2024-11-08T14:49:21.205302-0500]    10.7500 MB /   0.50 sec =  180.3562 Mbps     0 retrans  10325 KB-cwnd
[2024-11-08T14:49:21.705308-0500]     0.0000 MB /   0.50 sec =    0.0000 Mbps     0 retrans  10325 KB-cwnd
[2024-11-08T14:49:22.205195-0500]     3.3125 MB /   0.50 sec =   55.5736 Mbps     1 retrans  12832 KB-cwnd
[2024-11-08T14:49:22.705379-0500]     1.4375 MB /   0.50 sec =   24.1190 Mbps     0 retrans  12832 KB-cwnd
[2024-11-08T14:49:23.205279-0500]     7.5000 MB /   0.50 sec =  125.8158 Mbps     0 retrans  12832 KB-cwnd
[2024-11-08T14:49:23.705412-0500]     7.5625 MB /   0.50 sec =  126.8899 Mbps     0 retrans  12832 KB-cwnd
[2024-11-08T14:49:24.205206-0500]     4.4375 MB /   0.50 sec =   74.4492 Mbps     0 retrans  12832 KB-cwnd
[2024-11-08T14:49:24.705280-0500]    12.0625 MB /   0.50 sec =  202.3861 Mbps     0 retrans  12832 KB-cwnd
[2024-11-08T14:49:25.205518-0500]    11.6250 MB /   0.50 sec =  195.0281 Mbps     0 retrans  12832 KB-cwnd
[2024-11-08T14:49:25.705263-0500]    15.3125 MB /   0.50 sec =  256.8816 Mbps     0 retrans  12832 KB-cwnd
[2024-11-08T14:49:26.205238-0500]    12.8125 MB /   0.50 sec =  214.9555 Mbps  1056 retrans    704 KB-cwnd
[2024-11-08T14:49:26.705334-0500]    22.8750 MB /   0.50 sec =  383.7972 Mbps     4 retrans    707 KB-cwnd
[2024-11-08T14:49:27.205313-0500]     5.1250 MB /   0.50 sec =   85.9748 Mbps    16 retrans    729 KB-cwnd
[2024-11-08T14:49:27.705222-0500]     0.4375 MB /   0.50 sec =    7.3408 Mbps     0 retrans    729 KB-cwnd
[2024-11-08T14:49:28.205204-0500]    24.4375 MB /   0.50 sec =  410.0309 Mbps     3 retrans    733 KB-cwnd
[2024-11-08T14:49:28.706349-0500]    26.3125 MB /   0.50 sec =  440.4964 Mbps  5774 retrans      5 KB-cwnd
[2024-11-08T14:49:29.205222-0500]    31.2500 MB /   0.50 sec =  525.3639 Mbps     0 retrans      5 KB-cwnd
[2024-11-08T14:49:29.705316-0500]    34.0625 MB /   0.50 sec =  571.4579 Mbps  2489 retrans   6756 KB-cwnd
[2024-11-08T14:49:30.205239-0500]    33.1250 MB /   0.50 sec =  555.8164 Mbps     0 retrans   6756 KB-cwnd
[2024-11-08T14:49:30.705144-0500]    42.1250 MB /   0.50 sec =  706.7431 Mbps  1723 retrans  10099 KB-cwnd
[2024-11-08T14:49:31.205236-0500]    44.1875 MB /   0.50 sec =  741.2454 Mbps     0 retrans  10203 KB-cwnd
[2024-11-08T14:49:31.705536-0500]    47.6250 MB /   0.50 sec =  799.0884 Mbps     0 retrans  12299 KB-cwnd
[2024-11-08T14:49:32.205178-0500]    56.3125 MB /   0.50 sec =  944.7878 Mbps     0 retrans  15150 KB-cwnd
[2024-11-08T14:49:32.705281-0500]    57.8125 MB /   0.50 sec =  969.7524 Mbps     0 retrans  15448 KB-cwnd
[2024-11-08T14:49:33.205252-0500]    45.4375 MB /   0.50 sec =  762.3986 Mbps     0 retrans  16626 KB-cwnd
[2024-11-08T14:49:33.705409-0500]    11.1250 MB /   0.50 sec =  186.6312 Mbps     0 retrans  17176 KB-cwnd
[2024-11-08T14:49:34.205110-0500]    32.2500 MB /   0.50 sec =  541.1648 Mbps     0 retrans  22125 KB-cwnd
[2024-11-08T14:49:34.705270-0500]    25.0625 MB /   0.50 sec =  420.4184 Mbps     0 retrans  22125 KB-cwnd
[2024-11-08T14:49:35.205205-0500]    41.4375 MB /   0.50 sec =  695.2393 Mbps     0 retrans  22125 KB-cwnd
[2024-11-08T14:49:35.705263-0500]    43.6250 MB /   0.50 sec =  731.9090 Mbps     0 retrans  22242 KB-cwnd
[2024-11-08T14:49:36.205194-0500]    43.1875 MB /   0.50 sec =  724.6486 Mbps     3 retrans  20622 KB-cwnd
[2024-11-08T14:49:36.705117-0500]    20.0000 MB /   0.50 sec =  335.5329 Mbps     0 retrans  20622 KB-cwnd
[2024-11-08T14:49:37.205332-0500]    37.7500 MB /   0.50 sec =  633.3437 Mbps     0 retrans  20622 KB-cwnd
[2024-11-08T14:49:37.705142-0500]    31.4375 MB /   0.50 sec =  527.4221 Mbps     1 retrans  16514 KB-cwnd
[2024-11-08T14:49:38.205308-0500]    32.8125 MB /   0.50 sec =  550.5299 Mbps     0 retrans  15225 KB-cwnd
[2024-11-08T14:49:38.705298-0500]    45.4375 MB /   0.50 sec =  762.1776 Mbps     0 retrans  19487 KB-cwnd
[2024-11-08T14:49:39.205170-0500]    48.5625 MB /   0.50 sec =  814.7990 Mbps     2 retrans  16090 KB-cwnd
[2024-11-08T14:49:39.705247-0500]    51.5000 MB /   0.50 sec =  864.0560 Mbps     0 retrans  15720 KB-cwnd
[2024-11-08T14:49:40.205108-0500]    52.1250 MB /   0.50 sec =  874.5771 Mbps     1 retrans  16695 KB-cwnd
[2024-11-08T14:49:40.705267-0500]    51.7500 MB /   0.50 sec =  868.1098 Mbps     0 retrans  19117 KB-cwnd
[2024-11-08T14:49:41.205150-0500]    47.9375 MB /   0.50 sec =  804.3044 Mbps     0 retrans  19117 KB-cwnd
[2024-11-08T14:49:41.705271-0500]    54.5625 MB /   0.50 sec =  915.3135 Mbps     0 retrans  20108 KB-cwnd
[2024-11-08T14:49:42.205121-0500]    49.3750 MB /   0.50 sec =  828.4910 Mbps     0 retrans  20603 KB-cwnd
[2024-11-08T14:49:42.705411-0500]    31.6875 MB /   0.50 sec =  531.4048 Mbps     0 retrans  20606 KB-cwnd
[2024-11-08T14:49:43.205211-0500]    21.2500 MB /   0.50 sec =  356.6485 Mbps     0 retrans  20606 KB-cwnd
[2024-11-08T14:49:43.705671-0500]    19.8125 MB /   0.50 sec =  332.1130 Mbps     0 retrans  20222 KB-cwnd
[2024-11-08T14:49:44.205183-0500]    16.3750 MB /   0.50 sec =  274.9623 Mbps     0 retrans  20222 KB-cwnd
[2024-11-08T14:49:44.706878-0500]    12.0625 MB /   0.50 sec =  201.8818 Mbps     0 retrans  20222 KB-cwnd
[2024-11-08T14:49:45.205135-0500]    21.1250 MB /   0.50 sec =  355.3048 Mbps     0 retrans  20222 KB-cwnd
[2024-11-08T14:49:45.705631-0500]    25.3750 MB /   0.50 sec =  425.3603 Mbps     0 retrans  18555 KB-cwnd
[2024-11-08T14:49:46.205241-0500]    30.3125 MB /   0.50 sec =  508.9482 Mbps     0 retrans  18555 KB-cwnd
[2024-11-08T14:49:46.705166-0500]    35.1875 MB /   0.50 sec =  590.3991 Mbps     4 retrans  12281 KB-cwnd
[2024-11-08T14:49:47.205159-0500]    38.1875 MB /   0.50 sec =  640.6671 Mbps     0 retrans  12281 KB-cwnd
[2024-11-08T14:49:47.705143-0500]    36.8125 MB /   0.50 sec =  617.6310 Mbps     4 retrans   9340 KB-cwnd
[2024-11-08T14:49:48.205166-0500]    20.5000 MB /   0.50 sec =  343.9192 Mbps     0 retrans   9340 KB-cwnd
[2024-11-08T14:49:48.705290-0500]    18.6250 MB /   0.50 sec =  312.4357 Mbps     0 retrans   9358 KB-cwnd
[2024-11-08T14:49:49.205147-0500]    17.9375 MB /   0.50 sec =  300.9877 Mbps     0 retrans   9358 KB-cwnd
[2024-11-08T14:49:49.705240-0500]    17.2500 MB /   0.50 sec =  289.3931 Mbps     0 retrans  13448 KB-cwnd
[2024-11-08T14:49:50.205436-0500]     5.7500 MB /   0.50 sec =   96.4574 Mbps     0 retrans  13448 KB-cwnd
[2024-11-08T14:49:50.705692-0500]    17.6250 MB /   0.50 sec =  295.5022 Mbps     0 retrans  13424 KB-cwnd
[2024-11-08T14:49:51.205291-0500]    12.4375 MB /   0.50 sec =  208.8387 Mbps     0 retrans  14080 KB-cwnd
[2024-11-08T14:49:51.705243-0500]    10.8750 MB /   0.50 sec =  182.4395 Mbps     0 retrans  14484 KB-cwnd
[2024-11-08T14:49:52.205139-0500]    10.2500 MB /   0.50 sec =  171.9775 Mbps     0 retrans  14484 KB-cwnd
[2024-11-08T14:49:52.705419-0500]     7.2500 MB /   0.50 sec =  121.6348 Mbps     0 retrans  14505 KB-cwnd
[2024-11-08T14:49:53.205190-0500]    18.1250 MB /   0.50 sec =  304.0755 Mbps     0 retrans  15747 KB-cwnd
[2024-11-08T14:49:53.705114-0500]    13.9375 MB /   0.50 sec =  233.8493 Mbps     0 retrans  15747 KB-cwnd
[2024-11-08T14:49:54.205238-0500]    16.0625 MB /   0.50 sec =  269.4592 Mbps     0 retrans  15744 KB-cwnd
[2024-11-08T14:49:54.705709-0500]    17.3125 MB /   0.50 sec =  290.2640 Mbps     0 retrans  15744 KB-cwnd
[2024-11-08T14:49:55.205277-0500]    18.7500 MB /   0.50 sec =  314.7642 Mbps     7 retrans   9739 KB-cwnd
[2024-11-08T14:49:55.705115-0500]    16.6875 MB /   0.50 sec =  280.0152 Mbps     0 retrans   9739 KB-cwnd
[2024-11-08T14:49:56.205159-0500]    24.6875 MB /   0.50 sec =  414.1602 Mbps     0 retrans   9739 KB-cwnd
[2024-11-08T14:49:56.705155-0500]    24.1875 MB /   0.50 sec =  405.8062 Mbps     0 retrans   9739 KB-cwnd
[2024-11-08T14:49:57.205272-0500]    25.3125 MB /   0.50 sec =  424.6240 Mbps    11 retrans   5178 KB-cwnd
[2024-11-08T14:49:57.705613-0500]    22.6250 MB /   0.50 sec =  379.3258 Mbps     0 retrans   5178 KB-cwnd
[2024-11-08T14:49:58.205509-0500]    18.6250 MB /   0.50 sec =  312.6977 Mbps     0 retrans   5178 KB-cwnd
[2024-11-08T14:49:58.705184-0500]     7.5625 MB /   0.50 sec =  126.8873 Mbps     1 retrans   7227 KB-cwnd
[2024-11-08T14:49:59.206240-0500]    17.1875 MB /   0.50 sec =  287.8690 Mbps     0 retrans   7227 KB-cwnd
[2024-11-08T14:49:59.705666-0500]     9.1875 MB /   0.50 sec =  154.2700 Mbps     0 retrans   7227 KB-cwnd
[2024-11-08T14:50:00.216946-0500]     4.3750 MB /   0.51 sec =   71.7819 Mbps     0 retrans   7227 KB-cwnd
[2024-11-08T14:50:00.705777-0500]     8.1875 MB /   0.49 sec =  140.5348 Mbps     0 retrans   7227 KB-cwnd
[2024-11-08T14:50:01.205149-0500]    12.1250 MB /   0.50 sec =  203.5952 Mbps     0 retrans   7227 KB-cwnd
[2024-11-08T14:50:01.705636-0500]    16.8750 MB /   0.50 sec =  282.8994 Mbps     0 retrans   7227 KB-cwnd
[2024-11-08T14:50:02.205133-0500]     7.3125 MB /   0.50 sec =  122.7784 Mbps     0 retrans  11002 KB-cwnd
[2024-11-08T14:50:02.705669-0500]    10.0000 MB /   0.50 sec =  167.6300 Mbps     0 retrans  11002 KB-cwnd
[2024-11-08T14:50:03.208044-0500]    20.2500 MB /   0.50 sec =  338.1285 Mbps     0 retrans  11002 KB-cwnd
[2024-11-08T14:50:03.705321-0500]     6.8125 MB /   0.50 sec =  114.9350 Mbps     0 retrans  11002 KB-cwnd
[2024-11-08T14:50:04.220990-0500]    18.5000 MB /   0.52 sec =  300.9293 Mbps     0 retrans  11002 KB-cwnd
[2024-11-08T14:50:04.705572-0500]    13.7500 MB /   0.48 sec =  237.9887 Mbps     4 retrans   9577 KB-cwnd
[2024-11-08T14:50:05.208026-0500]    14.3750 MB /   0.50 sec =  240.0161 Mbps     0 retrans   9577 KB-cwnd
[2024-11-08T14:50:05.705203-0500]    18.7500 MB /   0.50 sec =  316.3265 Mbps     0 retrans   9577 KB-cwnd
[2024-11-08T14:50:06.205290-0500]    17.7500 MB /   0.50 sec =  297.7206 Mbps     0 retrans   9625 KB-cwnd
[2024-11-08T14:50:06.705209-0500]    14.1250 MB /   0.50 sec =  237.0374 Mbps     0 retrans   9625 KB-cwnd
[2024-11-08T14:50:07.205291-0500]    19.8750 MB /   0.50 sec =  333.4252 Mbps    13 retrans   6265 KB-cwnd
[2024-11-08T14:50:07.705285-0500]     7.8125 MB /   0.50 sec =  131.0736 Mbps     0 retrans   6265 KB-cwnd
[2024-11-08T14:50:08.205185-0500]    26.7500 MB /   0.50 sec =  448.8246 Mbps     0 retrans   6265 KB-cwnd
[2024-11-08T14:50:08.705171-0500]    12.0625 MB /   0.50 sec =  202.3727 Mbps     0 retrans   6265 KB-cwnd
[2024-11-08T14:50:09.205538-0500]    22.5625 MB /   0.50 sec =  378.2825 Mbps     5 retrans   6745 KB-cwnd
[2024-11-08T14:50:09.705206-0500]    19.1875 MB /   0.50 sec =  322.1332 Mbps     0 retrans   6897 KB-cwnd
[2024-11-08T14:50:10.205485-0500]     9.5625 MB /   0.50 sec =  160.3994 Mbps     0 retrans   6897 KB-cwnd
[2024-11-08T14:50:10.705185-0500]    21.7500 MB /   0.50 sec =  364.9804 Mbps     0 retrans   6897 KB-cwnd
[2024-11-08T14:50:11.205112-0500]    20.7500 MB /   0.50 sec =  348.1391 Mbps     2 retrans   8058 KB-cwnd
[2024-11-08T14:50:11.705651-0500]    17.3750 MB /   0.50 sec =  291.2822 Mbps     0 retrans   8058 KB-cwnd
[2024-11-08T14:50:12.205178-0500]    20.1250 MB /   0.50 sec =  337.8760 Mbps     0 retrans   8058 KB-cwnd
[2024-11-08T14:50:12.705272-0500]     6.2500 MB /   0.50 sec =  104.8524 Mbps     0 retrans   8058 KB-cwnd
[2024-11-08T14:50:13.205263-0500]    12.8750 MB /   0.50 sec =  216.0049 Mbps     0 retrans   8058 KB-cwnd
[2024-11-08T14:50:13.705299-0500]    19.5000 MB /   0.50 sec =  327.1806 Mbps     4 retrans   7344 KB-cwnd
[2024-11-08T14:50:14.205533-0500]    12.1875 MB /   0.50 sec =  204.3440 Mbps     0 retrans   7344 KB-cwnd
[2024-11-08T14:50:14.705124-0500]    12.7500 MB /   0.50 sec =  214.0512 Mbps     0 retrans   7344 KB-cwnd
[2024-11-08T14:50:15.205169-0500]     9.5000 MB /   0.50 sec =  159.3791 Mbps     0 retrans   7344 KB-cwnd
[2024-11-08T14:50:15.705197-0500]    10.1875 MB /   0.50 sec =  170.9011 Mbps     0 retrans   7344 KB-cwnd
[2024-11-08T14:50:16.205589-0500]    17.6875 MB /   0.50 sec =  296.5584 Mbps     1 retrans  10563 KB-cwnd
[2024-11-08T14:50:16.705451-0500]    12.4375 MB /   0.50 sec =  208.8065 Mbps     0 retrans  10563 KB-cwnd
[2024-11-08T14:50:17.205264-0500]    15.6250 MB /   0.50 sec =  262.1398 Mbps     0 retrans  10493 KB-cwnd
[2024-11-08T14:50:17.705230-0500]    16.3125 MB /   0.50 sec =  273.6745 Mbps     0 retrans  10493 KB-cwnd
[2024-11-08T14:50:18.205292-0500]    20.1250 MB /   0.50 sec =  337.6266 Mbps     0 retrans  10493 KB-cwnd
[2024-11-08T14:50:18.705197-0500]    26.5625 MB /   0.50 sec =  445.7125 Mbps     7 retrans   9225 KB-cwnd
[2024-11-08T14:50:19.205110-0500]    30.4375 MB /   0.50 sec =  510.6820 Mbps     0 retrans   9262 KB-cwnd
[2024-11-08T14:50:19.705211-0500]    29.5625 MB /   0.50 sec =  495.9477 Mbps    29 retrans   6740 KB-cwnd
[2024-11-08T14:50:20.205157-0500]     8.1250 MB /   0.50 sec =  136.3116 Mbps     0 retrans   6740 KB-cwnd
[2024-11-08T14:50:20.705667-0500]    18.2500 MB /   0.50 sec =  305.9431 Mbps     0 retrans   6740 KB-cwnd
[2024-11-08T14:50:21.205322-0500]    40.3750 MB /   0.50 sec =  677.8953 Mbps     2 retrans  10882 KB-cwnd
[2024-11-08T14:50:21.705200-0500]    37.7500 MB /   0.50 sec =  633.3716 Mbps     0 retrans  10882 KB-cwnd
[2024-11-08T14:50:22.205251-0500]    38.9375 MB /   0.50 sec =  653.2145 Mbps     0 retrans  13187 KB-cwnd
[2024-11-08T14:50:22.705164-0500]    41.8750 MB /   0.50 sec =  702.6021 Mbps     0 retrans  13187 KB-cwnd
[2024-11-08T14:50:23.205579-0500]    38.0000 MB /   0.50 sec =  637.0717 Mbps     2 retrans  16493 KB-cwnd
[2024-11-08T14:50:23.705213-0500]    37.2500 MB /   0.50 sec =  625.4279 Mbps     0 retrans  16493 KB-cwnd
[2024-11-08T14:50:24.205643-0500]    20.8750 MB /   0.50 sec =  350.1894 Mbps     0 retrans  16493 KB-cwnd
[2024-11-08T14:50:24.705239-0500]    14.8125 MB /   0.50 sec =  248.5160 Mbps     0 retrans  13778 KB-cwnd
[2024-11-08T14:50:25.205152-0500]    35.6875 MB /   0.50 sec =  598.7525 Mbps     0 retrans  13778 KB-cwnd
[2024-11-08T14:50:25.705607-0500]    32.0625 MB /   0.50 sec =  537.5099 Mbps     0 retrans  17486 KB-cwnd
[2024-11-08T14:50:26.205198-0500]    35.6250 MB /   0.50 sec =  598.1537 Mbps     0 retrans  17486 KB-cwnd
[2024-11-08T14:50:26.705217-0500]    19.7500 MB /   0.50 sec =  331.3507 Mbps     0 retrans  17486 KB-cwnd
[2024-11-08T14:50:27.205157-0500]    30.1250 MB /   0.50 sec =  505.4248 Mbps     2 retrans  15875 KB-cwnd
[2024-11-08T14:50:27.705128-0500]    36.8750 MB /   0.50 sec =  618.6833 Mbps     0 retrans  15875 KB-cwnd
[2024-11-08T14:50:28.205181-0500]    38.5000 MB /   0.50 sec =  645.8776 Mbps     2 retrans  14409 KB-cwnd
[2024-11-08T14:50:28.705413-0500]    15.3125 MB /   0.50 sec =  256.9063 Mbps     0 retrans  14409 KB-cwnd
[2024-11-08T14:50:29.205157-0500]    27.7500 MB /   0.50 sec =  465.5761 Mbps     0 retrans  14409 KB-cwnd
[2024-11-08T14:50:29.705236-0500]    21.5625 MB /   0.50 sec =  361.7450 Mbps     2 retrans  17462 KB-cwnd
[2024-11-08T14:50:30.205133-0500]     0.0000 MB /   0.50 sec =    0.0000 Mbps     0 retrans  17462 KB-cwnd
[2024-11-08T14:50:30.705662-0500]    11.6875 MB /   0.50 sec =  195.9227 Mbps     0 retrans  17462 KB-cwnd
[2024-11-08T14:50:31.205412-0500]     0.0000 MB /   0.50 sec =    0.0000 Mbps     0 retrans  17462 KB-cwnd
[2024-11-08T14:50:31.705306-0500]     0.9375 MB /   0.50 sec =   15.7297 Mbps     0 retrans  17462 KB-cwnd
[2024-11-08T14:50:32.208371-0500]    19.0625 MB /   0.50 sec =  318.3893 Mbps     0 retrans  17462 KB-cwnd
[2024-11-08T14:50:32.705219-0500]    19.3125 MB /   0.50 sec =  325.4838 Mbps     0 retrans  17462 KB-cwnd
[2024-11-08T14:50:33.205217-0500]    12.0625 MB /   0.50 sec =  202.3675 Mbps     0 retrans  17462 KB-cwnd
[2024-11-08T14:50:33.705253-0500]    16.2500 MB /   0.50 sec =  272.6150 Mbps     0 retrans  12499 KB-cwnd
[2024-11-08T14:50:34.205184-0500]    21.0000 MB /   0.50 sec =  352.3455 Mbps     0 retrans  12499 KB-cwnd
[2024-11-08T14:50:34.705129-0500]    16.1250 MB /   0.50 sec =  270.5375 Mbps     0 retrans  12499 KB-cwnd
[2024-11-08T14:50:35.205147-0500]    18.5625 MB /   0.50 sec =  311.4208 Mbps     0 retrans  12499 KB-cwnd
[2024-11-08T14:50:35.706131-0500]    30.5000 MB /   0.50 sec =  511.5148 Mbps     2 retrans  14748 KB-cwnd
[2024-11-08T14:50:36.205277-0500]    28.1875 MB /   0.50 sec =  473.0137 Mbps     0 retrans  14750 KB-cwnd
[2024-11-08T14:50:36.705201-0500]    20.6250 MB /   0.50 sec =  346.0799 Mbps    29 retrans  16216 KB-cwnd
[2024-11-08T14:50:37.205130-0500]    20.0000 MB /   0.50 sec =  335.5551 Mbps     0 retrans  16216 KB-cwnd
[2024-11-08T14:50:37.705138-0500]    39.0000 MB /   0.50 sec =  654.3376 Mbps     0 retrans  16216 KB-cwnd
[2024-11-08T14:50:38.205338-0500]    28.8750 MB /   0.50 sec =  484.4169 Mbps     6 retrans  14913 KB-cwnd
[2024-11-08T14:50:38.705269-0500]    15.4375 MB /   0.50 sec =  258.9724 Mbps     0 retrans  14913 KB-cwnd
[2024-11-08T14:50:39.205238-0500]     1.5000 MB /   0.50 sec =   25.1674 Mbps     0 retrans  14913 KB-cwnd
[2024-11-08T14:50:39.705311-0500]    15.9375 MB /   0.50 sec =  267.3933 Mbps     0 retrans  14916 KB-cwnd
[2024-11-08T14:50:40.205126-0500]    20.8125 MB /   0.50 sec =  349.1884 Mbps     0 retrans  14916 KB-cwnd
[2024-11-08T14:50:40.705205-0500]    19.9375 MB /   0.50 sec =  334.4790 Mbps     4 retrans  12715 KB-cwnd
[2024-11-08T14:50:41.205606-0500]    22.5000 MB /   0.50 sec =  377.4579 Mbps     0 retrans  12715 KB-cwnd
[2024-11-08T14:50:41.705543-0500]    17.2500 MB /   0.50 sec =  289.4180 Mbps     0 retrans  12715 KB-cwnd
[2024-11-08T14:50:42.205265-0500]     4.3125 MB /   0.50 sec =   72.3490 Mbps     0 retrans  12715 KB-cwnd
[2024-11-08T14:50:42.705148-0500]     0.0000 MB /   0.50 sec =    0.0000 Mbps     0 retrans  12715 KB-cwnd
[2024-11-08T14:50:43.205367-0500]     8.8750 MB /   0.50 sec =  148.8880 Mbps     0 retrans  12715 KB-cwnd
[2024-11-08T14:50:43.705248-0500]    12.2500 MB /   0.50 sec =  205.5250 Mbps     0 retrans  16677 KB-cwnd
[2024-11-08T14:50:44.205196-0500]     0.7500 MB /   0.50 sec =   12.5835 Mbps     0 retrans  16677 KB-cwnd
[2024-11-08T14:50:44.705234-0500]     0.0000 MB /   0.50 sec =    0.0000 Mbps     0 retrans  16677 KB-cwnd
[2024-11-08T14:50:45.205264-0500]    14.0625 MB /   0.50 sec =  235.9371 Mbps     0 retrans  16677 KB-cwnd
[2024-11-08T14:50:45.705778-0500]    18.3750 MB /   0.50 sec =  308.2684 Mbps     0 retrans  16677 KB-cwnd
[2024-11-08T14:50:46.205229-0500]    20.5625 MB /   0.50 sec =  344.9967 Mbps     0 retrans  16677 KB-cwnd
[2024-11-08T14:50:46.705232-0500]    17.3125 MB /   0.50 sec =  290.4602 Mbps     0 retrans  16677 KB-cwnd
[2024-11-08T14:50:47.205491-0500]    23.3125 MB /   0.50 sec =  391.0993 Mbps  1419 retrans  18014 KB-cwnd
[2024-11-08T14:50:47.705179-0500]    22.0000 MB /   0.50 sec =  369.1061 Mbps     0 retrans  18014 KB-cwnd
[2024-11-08T14:50:48.205261-0500]    13.5000 MB /   0.50 sec =  226.4797 Mbps     0 retrans  18014 KB-cwnd
[2024-11-08T14:50:48.705274-0500]    21.5625 MB /   0.50 sec =  361.7356 Mbps  3292 retrans   6628 KB-cwnd
[2024-11-08T14:50:49.205219-0500]    17.0000 MB /   0.50 sec =  285.2515 Mbps     0 retrans   6628 KB-cwnd
[2024-11-08T14:50:49.705221-0500]    14.6250 MB /   0.50 sec =  245.3849 Mbps     0 retrans   6628 KB-cwnd
[2024-11-08T14:50:50.205149-0500]    26.2500 MB /   0.50 sec =  440.3781 Mbps     0 retrans   6657 KB-cwnd
[2024-11-08T14:50:50.705242-0500]    12.0000 MB /   0.50 sec =  201.3097 Mbps     0 retrans   6971 KB-cwnd
[2024-11-08T14:50:51.205147-0500]     0.0000 MB /   0.50 sec =    0.0000 Mbps     0 retrans   6971 KB-cwnd
[2024-11-08T14:50:51.705435-0500]     0.0000 MB /   0.50 sec =    0.0000 Mbps     0 retrans   6971 KB-cwnd
[2024-11-08T14:50:52.205343-0500]     0.0000 MB /   0.50 sec =    0.0000 Mbps     0 retrans   6971 KB-cwnd
[2024-11-08T14:50:52.705210-0500]     0.0000 MB /   0.50 sec =    0.0000 Mbps     0 retrans   6971 KB-cwnd
[2024-11-08T14:50:53.205363-0500]     0.0000 MB /   0.50 sec =    0.0000 Mbps     0 retrans   6971 KB-cwnd
[2024-11-08T14:50:53.705328-0500]     0.0000 MB /   0.50 sec =    0.0000 Mbps     0 retrans   6971 KB-cwnd
[2024-11-08T14:50:54.205469-0500]     0.0000 MB /   0.50 sec =    0.0000 Mbps     0 retrans   6971 KB-cwnd
[2024-11-08T14:50:54.705288-0500]     0.0000 MB /   0.50 sec =    0.0000 Mbps     0 retrans   6971 KB-cwnd
[2024-11-08T14:50:55.205158-0500]     0.0000 MB /   0.50 sec =    0.0000 Mbps     0 retrans   6971 KB-cwnd
[2024-11-08T14:50:55.705314-0500]     0.0000 MB /   0.50 sec =    0.0000 Mbps     0 retrans   6971 KB-cwnd
[2024-11-08T14:50:56.205145-0500]     0.0000 MB /   0.50 sec =    0.0000 Mbps     0 retrans   6971 KB-cwnd
[2024-11-08T14:50:56.705326-0500]     0.0000 MB /   0.50 sec =    0.0000 Mbps     0 retrans   6971 KB-cwnd
[2024-11-08T14:50:57.205257-0500]     0.0000 MB /   0.50 sec =    0.0000 Mbps     0 retrans   6971 KB-cwnd
[2024-11-08T14:50:57.705200-0500]     5.1875 MB /   0.50 sec =   87.0297 Mbps     6 retrans  10195 KB-cwnd
[2024-11-08T14:50:58.205384-0500]    19.0625 MB /   0.50 sec =  319.8112 Mbps     0 retrans  10371 KB-cwnd
[2024-11-08T14:50:58.705396-0500]    11.8125 MB /   0.50 sec =  198.1301 Mbps     0 retrans  10620 KB-cwnd
[2024-11-08T14:50:59.205305-0500]     8.8750 MB /   0.50 sec =  148.9285 Mbps     0 retrans  10620 KB-cwnd
[2024-11-08T14:50:59.705151-0500]     0.0000 MB /   0.50 sec =    0.0000 Mbps     0 retrans  10620 KB-cwnd
[2024-11-08T14:51:00.205175-0500]     0.0000 MB /   0.50 sec =    0.0000 Mbps     0 retrans  10620 KB-cwnd
[2024-11-08T14:51:00.705190-0500]     3.1250 MB /   0.50 sec =   52.4298 Mbps     0 retrans  10620 KB-cwnd
[2024-11-08T14:51:01.205266-0500]     0.3125 MB /   0.50 sec =    5.2425 Mbps     0 retrans  10620 KB-cwnd
[2024-11-08T14:51:01.705193-0500]     4.6875 MB /   0.50 sec =   78.6485 Mbps     0 retrans  10620 KB-cwnd
[2024-11-08T14:51:02.205207-0500]     8.7500 MB /   0.50 sec =  146.7962 Mbps     0 retrans  10620 KB-cwnd
[2024-11-08T14:51:02.705319-0500]    11.3125 MB /   0.50 sec =  189.7900 Mbps     7 retrans   4885 KB-cwnd
[2024-11-08T14:51:03.205245-0500]     9.8750 MB /   0.50 sec =  165.6730 Mbps     0 retrans   4885 KB-cwnd
End time: 1731095463283
