Start time: 1745264274084
Connecting to host 34.86.116.81, port 5207
Reverse mode, remote host 34.86.116.81 is sending
[  5] local 192.0.0.2 port 35236 connected to 34.86.116.81 port 5207
[ ID] Interval           Transfer     Bitrate
[  5]   0.00-0.10   sec  40.0 KBytes  3.27 Mbits/sec                  
[  5]   0.10-0.20   sec  93.2 KBytes  7.64 Mbits/sec                  
[  5]   0.20-0.30   sec   310 KBytes  25.4 Mbits/sec                  
[  5]   0.30-0.40   sec   793 KBytes  64.8 Mbits/sec                  
[  5]   0.40-0.50   sec  1.76 MBytes   148 Mbits/sec                  
[  5]   0.50-0.60   sec  2.15 MBytes   180 Mbits/sec                  
[  5]   0.60-0.70   sec   870 KBytes  71.2 Mbits/sec                  
[  5]   0.70-0.80   sec  38.6 KBytes  3.17 Mbits/sec                  
[  5]   0.80-0.90   sec  24.0 KBytes  1.96 Mbits/sec                  
[  5]   0.90-1.00   sec  4.99 MBytes   418 Mbits/sec                  
[  5]   1.00-1.10   sec  1.06 MBytes  88.5 Mbits/sec                  
[  5]   1.10-1.20   sec  5.13 MBytes   433 Mbits/sec                  
[  5]   1.20-1.30   sec  2.48 MBytes   208 Mbits/sec                  
[  5]   1.30-1.40   sec  3.51 MBytes   294 Mbits/sec                  
[  5]   1.40-1.50   sec  3.84 MBytes   322 Mbits/sec                  
[  5]   1.50-1.60   sec  3.78 MBytes   317 Mbits/sec                  
[  5]   1.60-1.70   sec  3.63 MBytes   304 Mbits/sec                  
[  5]   1.70-1.80   sec  3.02 MBytes   253 Mbits/sec                  
[  5]   1.80-1.90   sec  3.97 MBytes   333 Mbits/sec                  
[  5]   1.90-2.00   sec   486 KBytes  39.8 Mbits/sec                  
[  5]   2.00-2.10   sec  1.66 MBytes   140 Mbits/sec                  
[  5]   2.10-2.20   sec  1.20 MBytes   101 Mbits/sec                  
[  5]   2.20-2.30   sec  1.76 MBytes   147 Mbits/sec                  
[  5]   2.30-2.40   sec   952 KBytes  78.0 Mbits/sec                  
[  5]   2.40-2.50   sec  1.65 MBytes   138 Mbits/sec                  
[  5]   2.50-2.60   sec  3.40 MBytes   285 Mbits/sec                  
[  5]   2.60-2.70   sec  2.74 MBytes   230 Mbits/sec                  
[  5]   2.70-2.80   sec  3.00 MBytes   252 Mbits/sec                  
[  5]   2.80-2.90   sec  2.74 MBytes   230 Mbits/sec                  
[  5]   2.90-3.00   sec  3.01 MBytes   253 Mbits/sec                  
[  5]   3.00-3.10   sec   847 KBytes  69.4 Mbits/sec                  
[  5]   3.10-3.20   sec  1.47 MBytes   123 Mbits/sec                  
[  5]   3.20-3.30   sec  1.41 MBytes   119 Mbits/sec                  
[  5]   3.30-3.40   sec  1.02 MBytes  85.3 Mbits/sec                  
[  5]   3.40-3.50   sec  2.03 MBytes   170 Mbits/sec                  
[  5]   3.50-3.60   sec  2.09 MBytes   175 Mbits/sec                  
[  5]   3.60-3.70   sec  3.80 MBytes   319 Mbits/sec                  
[  5]   3.70-3.80   sec  2.38 MBytes   199 Mbits/sec                  
[  5]   3.80-3.90   sec  3.22 MBytes   271 Mbits/sec                  
[  5]   3.90-4.00   sec  3.56 MBytes   299 Mbits/sec                  
[  5]   4.00-4.10   sec  2.12 MBytes   177 Mbits/sec                  
[  5]   4.10-4.20   sec  4.12 MBytes   346 Mbits/sec                  
[  5]   4.20-4.30   sec  3.27 MBytes   274 Mbits/sec                  
[  5]   4.30-4.40   sec  2.85 MBytes   239 Mbits/sec                  
[  5]   4.40-4.50   sec  2.94 MBytes   247 Mbits/sec                  
[  5]   4.50-4.60   sec  2.96 MBytes   248 Mbits/sec                  
[  5]   4.60-4.70   sec  2.32 MBytes   194 Mbits/sec                  
[  5]   4.70-4.80   sec  2.97 MBytes   249 Mbits/sec                  
[  5]   4.80-4.90   sec  2.56 MBytes   215 Mbits/sec                  
[  5]   4.90-5.00   sec  2.89 MBytes   242 Mbits/sec                  
- - - - - - - - - - - - - - - - - - - - - - - - -
[ ID] Interval           Transfer     Bitrate         Retr
[  5]   0.00-5.05   sec   394 MBytes   654 Mbits/sec   45             sender
[  5]   0.00-5.00   sec   115 MBytes   193 Mbits/sec                  receiver

iperf Done.
End time: 1745264280171
