Start time: 1731015613486
[2024-11-07T16:40:18.586141-0500] traceroute to 54.197.223.49 (54.197.223.49), 30 hops max, 60 byte packets
[2024-11-07T16:40:18.587005-0500]  1  * * *
[2024-11-07T16:40:18.587055-0500]  2  * * *
[2024-11-07T16:40:18.587087-0500]  3  * * *
[2024-11-07T16:40:18.587118-0500]  4  * * *
[2024-11-07T16:40:18.594480-0500]  5  * * *
[2024-11-07T16:40:23.592809-0500]  6  * * *
[2024-11-07T16:40:23.592967-0500]  7  * * *
[2024-11-07T16:40:23.593003-0500]  8  * * *
[2024-11-07T16:40:23.597295-0500]  9  * * *
[2024-11-07T16:40:23.597391-0500] 10  * * *
[2024-11-07T16:40:28.601370-0500] 11  * * *
[2024-11-07T16:40:28.601690-0500] 12  * * *
[2024-11-07T16:40:28.601770-0500] 13  * * *
[2024-11-07T16:40:28.601830-0500] 14  * * *
[2024-11-07T16:40:28.601877-0500] 15  * * *
[2024-11-07T16:40:33.608601-0500] 16  * * *
[2024-11-07T16:40:33.608952-0500] 17  * * *
[2024-11-07T16:40:33.614241-0500] 18  * *End time: 1731015643563
