Start time: 1730847435579
[2024-11-05T16:57:16.490433-0600] nuttcp-r: v8.1.4: socket
[2024-11-05T16:57:16.490796-0600] nuttcp-r: buflen=65536, nstream=1, port=5379 tcp
[2024-11-05T16:57:16.490829-0600] nuttcp-r: interval reporting every 0.50 seconds
[2024-11-05T16:57:16.490889-0600] nuttcp-r: connect to 54.197.223.49 with RTT=64.703 ms af=inet
[2024-11-05T16:57:16.490919-0600] nuttcp-r: send window size = 2097152, receive window size = 6291456
[2024-11-05T16:57:16.490955-0600] nuttcp-r: available send window = 1572864, available receive window = 4718592
[2024-11-05T16:57:16.490984-0600]     0.5625 MB /   0.50 sec =    9.4362 Mbps     0 retrans     13 KB-cwnd
[2024-11-05T16:57:16.990455-0600]     9.6250 MB /   0.50 sec =  161.4700 Mbps     0 retrans     13 KB-cwnd
[2024-11-05T16:57:17.490502-0600]    46.0000 MB /   0.50 sec =  771.7025 Mbps     0 retrans     13 KB-cwnd
[2024-11-05T16:57:17.990391-0600]    38.4375 MB /   0.50 sec =  644.9594 Mbps     0 retrans     13 KB-cwnd
[2024-11-05T16:57:18.490482-0600]     9.9375 MB /   0.50 sec =  166.7009 Mbps     0 retrans     13 KB-cwnd
[2024-11-05T16:57:18.990542-0600]    12.8750 MB /   0.50 sec =  216.0192 Mbps     0 retrans     13 KB-cwnd
[2024-11-05T16:57:19.490431-0600]    22.7500 MB /   0.50 sec =  381.6717 Mbps     0 retrans     13 KB-cwnd
[2024-11-05T16:57:19.990442-0600]    30.3125 MB /   0.50 sec =  508.5553 Mbps     0 retrans     26 KB-cwnd
[2024-11-05T16:57:20.490487-0600]     6.5625 MB /   0.50 sec =  110.1005 Mbps     0 retrans     26 KB-cwnd
[2024-11-05T16:57:20.990467-0600]    26.0625 MB /   0.50 sec =  437.2466 Mbps     0 retrans     26 KB-cwnd
[2024-11-05T16:57:21.490324-0600]    27.0625 MB /   0.50 sec =  454.1170 Mbps     0 retrans     26 KB-cwnd
[2024-11-05T16:57:21.990455-0600]    23.0000 MB /   0.50 sec =  385.8104 Mbps     0 retrans     26 KB-cwnd
[2024-11-05T16:57:22.490495-0600]    24.1250 MB /   0.50 sec =  404.7309 Mbps     0 retrans     26 KB-cwnd
[2024-11-05T16:57:22.990348-0600]    15.6875 MB /   0.50 sec =  263.2394 Mbps     0 retrans     26 KB-cwnd
[2024-11-05T16:57:23.490328-0600]    20.1250 MB /   0.50 sec =  337.6509 Mbps     0 retrans     26 KB-cwnd
[2024-11-05T16:57:23.990427-0600]    13.1875 MB /   0.50 sec =  221.2146 Mbps     0 retrans     26 KB-cwnd
[2024-11-05T16:57:24.490845-0600]     0.0000 MB /   0.50 sec =    0.0000 Mbps     0 retrans     26 KB-cwnd
[2024-11-05T16:57:24.990493-0600]    11.3750 MB /   0.50 sec =  190.8622 Mbps     0 retrans     26 KB-cwnd
[2024-11-05T16:57:25.490495-0600]     5.6250 MB /   0.50 sec =   94.3803 Mbps     0 retrans     31 KB-cwnd
[2024-11-05T16:57:25.990412-0600]     1.9375 MB /   0.50 sec =   32.5074 Mbps     0 retrans     31 KB-cwnd
[2024-11-05T16:57:26.490762-0600]     6.6875 MB /   0.50 sec =  112.1938 Mbps     0 retrans     31 KB-cwnd
[2024-11-05T16:57:26.990490-0600]     2.7500 MB /   0.50 sec =   46.1368 Mbps     0 retrans     31 KB-cwnd
[2024-11-05T16:57:27.490419-0600]     0.0000 MB /   0.50 sec =    0.0000 Mbps     0 retrans     31 KB-cwnd
[2024-11-05T16:57:27.990646-0600]     5.6250 MB /   0.50 sec =   94.3369 Mbps     0 retrans     33 KB-cwnd
[2024-11-05T16:57:28.490412-0600]     0.0000 MB /   0.50 sec =    0.0000 Mbps     0 retrans     33 KB-cwnd
[2024-11-05T16:57:28.990984-0600]     0.0000 MB /   0.50 sec =    0.0000 Mbps     0 retrans     33 KB-cwnd
[2024-11-05T16:57:29.490343-0600]     0.6250 MB /   0.50 sec =   10.4898 Mbps     0 retrans     33 KB-cwnd
[2024-11-05T16:57:29.990626-0600]    14.8750 MB /   0.50 sec =  249.4568 Mbps     0 retrans     37 KB-cwnd
[2024-11-05T16:57:30.490355-0600]    18.7500 MB /   0.50 sec =  314.7100 Mbps     0 retrans     41 KB-cwnd
[2024-11-05T16:57:30.990593-0600]    23.9375 MB /   0.50 sec =  401.4850 Mbps    56 retrans  15486 KB-cwnd
[2024-11-05T16:57:31.490404-0600]    22.5625 MB /   0.50 sec =  378.6367 Mbps     0 retrans  15486 KB-cwnd
[2024-11-05T16:57:31.990317-0600]     8.6875 MB /   0.50 sec =  145.7611 Mbps     0 retrans  15486 KB-cwnd
[2024-11-05T16:57:32.490416-0600]    17.6875 MB /   0.50 sec =  296.7245 Mbps     0 retrans  15486 KB-cwnd
[2024-11-05T16:57:32.990556-0600]    15.4375 MB /   0.50 sec =  258.9983 Mbps     0 retrans  15486 KB-cwnd
[2024-11-05T16:57:33.490382-0600]    20.5000 MB /   0.50 sec =  343.9598 Mbps     0 retrans  15486 KB-cwnd
[2024-11-05T16:57:33.990636-0600]    21.2500 MB /   0.50 sec =  356.3583 Mbps     0 retrans  15486 KB-cwnd
[2024-11-05T16:57:34.490434-0600]    20.8750 MB /   0.50 sec =  350.3449 Mbps     0 retrans  15486 KB-cwnd
[2024-11-05T16:57:34.990485-0600]    22.4375 MB /   0.50 sec =  376.4305 Mbps   884 retrans   8636 KB-cwnd
[2024-11-05T16:57:35.490330-0600]     4.2500 MB /   0.50 sec =   71.3097 Mbps     0 retrans   8636 KB-cwnd
[2024-11-05T16:57:35.990510-0600]     8.5625 MB /   0.50 sec =  143.6305 Mbps     0 retrans   8636 KB-cwnd
[2024-11-05T16:57:36.490490-0600]     4.8125 MB /   0.50 sec =   80.7423 Mbps     0 retrans   8636 KB-cwnd
[2024-11-05T16:57:36.990363-0600]    18.3750 MB /   0.50 sec =  308.3190 Mbps     0 retrans   8636 KB-cwnd
[2024-11-05T16:57:37.490465-0600]    10.0000 MB /   0.50 sec =  167.7574 Mbps     0 retrans   8636 KB-cwnd
[2024-11-05T16:57:37.990455-0600]     7.6250 MB /   0.50 sec =  127.9181 Mbps     0 retrans   8636 KB-cwnd
[2024-11-05T16:57:38.490689-0600]     4.0000 MB /   0.50 sec =   67.0863 Mbps     0 retrans   8636 KB-cwnd
[2024-11-05T16:57:38.990339-0600]     5.2500 MB /   0.50 sec =   88.1237 Mbps     0 retrans   8636 KB-cwnd
[2024-11-05T16:57:39.490524-0600]    14.9375 MB /   0.50 sec =  250.5826 Mbps   581 retrans   9322 KB-cwnd
[2024-11-05T16:57:39.990475-0600]     5.3125 MB /   0.50 sec =   89.1318 Mbps     0 retrans   9366 KB-cwnd
[2024-11-05T16:57:40.490444-0600]    10.8125 MB /   0.50 sec =  181.4073 Mbps     0 retrans   9366 KB-cwnd
[2024-11-05T16:57:40.990430-0600]    14.2500 MB /   0.50 sec =  239.0882 Mbps     0 retrans   9366 KB-cwnd
[2024-11-05T16:57:41.490406-0600]    17.8125 MB /   0.50 sec =  298.8543 Mbps     0 retrans   9366 KB-cwnd
[2024-11-05T16:57:41.990429-0600]    12.8750 MB /   0.50 sec =  215.9842 Mbps     0 retrans   9643 KB-cwnd
[2024-11-05T16:57:42.490310-0600]    17.6875 MB /   0.50 sec =  296.7820 Mbps     2 retrans   9103 KB-cwnd
[2024-11-05T16:57:42.990524-0600]    13.5625 MB /   0.50 sec =  227.4882 Mbps     0 retrans   9028 KB-cwnd
[2024-11-05T16:57:43.490386-0600]    16.6875 MB /   0.50 sec =  280.0331 Mbps     0 retrans   9028 KB-cwnd
[2024-11-05T16:57:43.990408-0600]    10.0000 MB /   0.50 sec =  167.7601 Mbps     0 retrans   9028 KB-cwnd
[2024-11-05T16:57:44.490502-0600]    19.5000 MB /   0.50 sec =  327.1380 Mbps  1177 retrans   5344 KB-cwnd
[2024-11-05T16:57:44.990320-0600]    22.1875 MB /   0.50 sec =  372.2884 Mbps     0 retrans   5344 KB-cwnd
[2024-11-05T16:57:45.490380-0600]    20.1250 MB /   0.50 sec =  337.6334 Mbps     0 retrans   5344 KB-cwnd
[2024-11-05T16:57:45.990418-0600]    15.5625 MB /   0.50 sec =  261.0886 Mbps     0 retrans   5344 KB-cwnd
[2024-11-05T16:57:46.490536-0600]    22.5000 MB /   0.50 sec =  377.3915 Mbps     2 retrans   6295 KB-cwnd
[2024-11-05T16:57:46.990476-0600]    26.3750 MB /   0.50 sec =  442.5725 Mbps     0 retrans   6335 KB-cwnd
[2024-11-05T16:57:47.490431-0600]    16.5625 MB /   0.50 sec =  277.8932 Mbps     0 retrans   6335 KB-cwnd
[2024-11-05T16:57:47.990442-0600]    18.2500 MB /   0.50 sec =  306.1781 Mbps     1 retrans   6532 KB-cwnd
[2024-11-05T16:57:48.490341-0600]    20.3125 MB /   0.50 sec =  340.8076 Mbps     0 retrans   6532 KB-cwnd
[2024-11-05T16:57:48.990772-0600]    30.1875 MB /   0.50 sec =  506.2810 Mbps     0 retrans   6532 KB-cwnd
[2024-11-05T16:57:49.490396-0600]     6.5000 MB /   0.50 sec =  109.0888 Mbps     0 retrans   6532 KB-cwnd
[2024-11-05T16:57:49.990640-0600]    17.3125 MB /   0.50 sec =  290.3348 Mbps     0 retrans   8082 KB-cwnd
[2024-11-05T16:57:50.490424-0600]    11.6875 MB /   0.50 sec =  196.1661 Mbps     0 retrans   8082 KB-cwnd
[2024-11-05T16:57:50.990313-0600]    10.2500 MB /   0.50 sec =  171.9761 Mbps     0 retrans   8082 KB-cwnd
[2024-11-05T16:57:51.490419-0600]     9.8125 MB /   0.50 sec =  164.6146 Mbps     0 retrans   8082 KB-cwnd
[2024-11-05T16:57:51.990456-0600]     0.0625 MB /   0.50 sec =    1.0485 Mbps     0 retrans   8082 KB-cwnd
[2024-11-05T16:57:52.490377-0600]    18.7500 MB /   0.50 sec =  314.5917 Mbps     0 retrans   8082 KB-cwnd
[2024-11-05T16:57:52.990424-0600]    11.1250 MB /   0.50 sec =  186.6320 Mbps     0 retrans   8082 KB-cwnd
[2024-11-05T16:57:53.490451-0600]    11.9375 MB /   0.50 sec =  200.2812 Mbps     6 retrans  12113 KB-cwnd
[2024-11-05T16:57:53.990393-0600]     8.9375 MB /   0.50 sec =  149.9563 Mbps     0 retrans  12113 KB-cwnd
[2024-11-05T16:57:54.490331-0600]     1.6250 MB /   0.50 sec =   27.2633 Mbps     0 retrans  12113 KB-cwnd
[2024-11-05T16:57:54.990414-0600]    23.6250 MB /   0.50 sec =  396.3554 Mbps     0 retrans  12113 KB-cwnd
[2024-11-05T16:57:55.490337-0600]     8.9375 MB /   0.50 sec =  149.9470 Mbps     0 retrans  12113 KB-cwnd
[2024-11-05T16:57:55.990455-0600]    22.1875 MB /   0.50 sec =  372.2132 Mbps   309 retrans  14491 KB-cwnd
[2024-11-05T16:57:56.490387-0600]    14.1875 MB /   0.50 sec =  238.0477 Mbps     0 retrans  14666 KB-cwnd
[2024-11-05T16:57:56.990466-0600]     0.8750 MB /   0.50 sec =   14.6790 Mbps     0 retrans  14666 KB-cwnd
[2024-11-05T16:57:57.490731-0600]    17.0625 MB /   0.50 sec =  286.2097 Mbps     0 retrans  14802 KB-cwnd
[2024-11-05T16:57:57.990331-0600]     1.0625 MB /   0.50 sec =   17.8304 Mbps     0 retrans  14802 KB-cwnd
[2024-11-05T16:57:58.490336-0600]    20.7500 MB /   0.50 sec =  348.1258 Mbps     0 retrans  14817 KB-cwnd
[2024-11-05T16:57:58.990614-0600]    15.0625 MB /   0.50 sec =  252.6922 Mbps   211 retrans   7621 KB-cwnd
[2024-11-05T16:57:59.490421-0600]    24.1875 MB /   0.50 sec =  405.8135 Mbps     0 retrans   7621 KB-cwnd
[2024-11-05T16:57:59.990338-0600]    20.0000 MB /   0.50 sec =  335.5544 Mbps     0 retrans   7571 KB-cwnd
[2024-11-05T16:58:00.490641-0600]    23.0000 MB /   0.50 sec =  385.8289 Mbps     0 retrans   7571 KB-cwnd
[2024-11-05T16:58:00.990418-0600]    15.0625 MB /   0.50 sec =  252.7129 Mbps   381 retrans  10794 KB-cwnd
[2024-11-05T16:58:01.490399-0600]    17.5625 MB /   0.50 sec =  294.6611 Mbps     0 retrans  10794 KB-cwnd
[2024-11-05T16:58:01.990469-0600]     6.9375 MB /   0.50 sec =  116.3873 Mbps     0 retrans  10794 KB-cwnd
[2024-11-05T16:58:02.490496-0600]     0.0000 MB /   0.50 sec =    0.0000 Mbps     0 retrans  10794 KB-cwnd
[2024-11-05T16:58:02.990625-0600]    13.6875 MB /   0.50 sec =  229.6280 Mbps     0 retrans  10794 KB-cwnd
[2024-11-05T16:58:03.490559-0600]     0.0000 MB /   0.50 sec =    0.0000 Mbps     0 retrans  10794 KB-cwnd
[2024-11-05T16:58:03.990360-0600]    31.2500 MB /   0.50 sec =  524.3436 Mbps   650 retrans  10160 KB-cwnd
[2024-11-05T16:58:04.490395-0600]    32.1875 MB /   0.50 sec =  539.9983 Mbps     0 retrans  10160 KB-cwnd
[2024-11-05T16:58:04.990427-0600]    26.9375 MB /   0.50 sec =  451.9209 Mbps     0 retrans  10160 KB-cwnd
[2024-11-05T16:58:05.490429-0600]     4.9375 MB /   0.50 sec =   82.8380 Mbps    23 retrans  12934 KB-cwnd
[2024-11-05T16:58:05.990442-0600]    16.8750 MB /   0.50 sec =  283.1076 Mbps     0 retrans  12934 KB-cwnd
[2024-11-05T16:58:06.490470-0600]    26.0625 MB /   0.50 sec =  437.2859 Mbps     0 retrans  12950 KB-cwnd
[2024-11-05T16:58:06.990473-0600]    17.0000 MB /   0.50 sec =  285.1819 Mbps     0 retrans  12950 KB-cwnd
[2024-11-05T16:58:07.490441-0600]     4.1250 MB /   0.50 sec =   69.2143 Mbps     0 retrans  12950 KB-cwnd
[2024-11-05T16:58:07.990520-0600]    14.0625 MB /   0.50 sec =  235.8909 Mbps   439 retrans  10267 KB-cwnd
[2024-11-05T16:58:08.490530-0600]    16.6875 MB /   0.50 sec =  279.9737 Mbps     0 retrans  10504 KB-cwnd
[2024-11-05T16:58:08.990331-0600]    17.0000 MB /   0.50 sec =  285.2549 Mbps     0 retrans  10504 KB-cwnd
[2024-11-05T16:58:09.490369-0600]     4.5625 MB /   0.50 sec =   76.5445 Mbps     0 retrans  10504 KB-cwnd
[2024-11-05T16:58:09.990310-0600]    20.7500 MB /   0.50 sec =  348.1432 Mbps     0 retrans  10504 KB-cwnd
[2024-11-05T16:58:10.490438-0600]    19.6250 MB /   0.50 sec =  329.2173 Mbps     3 retrans  10760 KB-cwnd
[2024-11-05T16:58:10.990661-0600]    12.8125 MB /   0.50 sec =  214.9568 Mbps     0 retrans  10858 KB-cwnd
[2024-11-05T16:58:11.490340-0600]    17.0625 MB /   0.50 sec =  286.2887 Mbps     0 retrans  11314 KB-cwnd
[2024-11-05T16:58:11.990471-0600]    14.6250 MB /   0.50 sec =  245.3437 Mbps     0 retrans  11314 KB-cwnd
[2024-11-05T16:58:12.490390-0600]    21.3750 MB /   0.50 sec =  358.6273 Mbps   332 retrans   7944 KB-cwnd
[2024-11-05T16:58:12.990325-0600]    25.1250 MB /   0.50 sec =  421.5638 Mbps     0 retrans   7944 KB-cwnd
[2024-11-05T16:58:13.490560-0600]     6.4375 MB /   0.50 sec =  107.9735 Mbps     0 retrans   7944 KB-cwnd
[2024-11-05T16:58:13.990375-0600]    22.7500 MB /   0.50 sec =  381.7702 Mbps     0 retrans   7944 KB-cwnd
[2024-11-05T16:58:14.490775-0600]     5.7500 MB /   0.50 sec =   96.4528 Mbps     0 retrans   7944 KB-cwnd
[2024-11-05T16:58:14.990345-0600]    12.5625 MB /   0.50 sec =  210.8068 Mbps     0 retrans   7944 KB-cwnd
[2024-11-05T16:58:15.490524-0600]    15.8750 MB /   0.50 sec =  266.2898 Mbps  1029 retrans   8676 KB-cwnd
[2024-11-05T16:58:15.990403-0600]    16.6250 MB /   0.50 sec =  278.9564 Mbps     0 retrans   8676 KB-cwnd
[2024-11-05T16:58:16.490335-0600]    17.6250 MB /   0.50 sec =  295.7008 Mbps     0 retrans   8676 KB-cwnd
[2024-11-05T16:58:16.990470-0600]    12.7500 MB /   0.50 sec =  213.8830 Mbps     0 retrans   8676 KB-cwnd
[2024-11-05T16:58:17.490412-0600]    20.5625 MB /   0.50 sec =  345.0084 Mbps    77 retrans   6969 KB-cwnd
[2024-11-05T16:58:17.990395-0600]    18.8125 MB /   0.50 sec =  315.6290 Mbps     0 retrans   6969 KB-cwnd
[2024-11-05T16:58:18.490375-0600]    16.7500 MB /   0.50 sec =  281.0442 Mbps     0 retrans   6969 KB-cwnd
[2024-11-05T16:58:18.990453-0600]    22.8750 MB /   0.50 sec =  383.7335 Mbps     0 retrans   6969 KB-cwnd
[2024-11-05T16:58:19.490374-0600]    22.7500 MB /   0.50 sec =  381.7091 Mbps   930 retrans  10909 KB-cwnd
[2024-11-05T16:58:19.990398-0600]    26.2500 MB /   0.50 sec =  440.3887 Mbps     0 retrans  10909 KB-cwnd
[2024-11-05T16:58:20.490403-0600]    24.4375 MB /   0.50 sec =  409.9916 Mbps     0 retrans  10909 KB-cwnd
[2024-11-05T16:58:20.990397-0600]    22.8125 MB /   0.50 sec =  382.7310 Mbps  1294 retrans   6873 KB-cwnd
[2024-11-05T16:58:21.490381-0600]    22.5625 MB /   0.50 sec =  378.5435 Mbps     0 retrans   6907 KB-cwnd
[2024-11-05T16:58:21.990375-0600]    15.2500 MB /   0.50 sec =  255.8536 Mbps     0 retrans   6907 KB-cwnd
[2024-11-05T16:58:22.490507-0600]    12.9375 MB /   0.50 sec =  217.0153 Mbps     0 retrans   6907 KB-cwnd
[2024-11-05T16:58:22.990415-0600]    24.4375 MB /   0.50 sec =  410.0465 Mbps     0 retrans   8455 KB-cwnd
[2024-11-05T16:58:23.490397-0600]    17.5625 MB /   0.50 sec =  294.6552 Mbps     0 retrans   8455 KB-cwnd
[2024-11-05T16:58:23.990482-0600]     4.0625 MB /   0.50 sec =   68.1497 Mbps     0 retrans   8455 KB-cwnd
[2024-11-05T16:58:24.490448-0600]    21.6250 MB /   0.50 sec =  362.8138 Mbps     0 retrans   8455 KB-cwnd
[2024-11-05T16:58:24.990409-0600]    25.6250 MB /   0.50 sec =  429.9901 Mbps     1 retrans   7909 KB-cwnd
[2024-11-05T16:58:25.490390-0600]    29.2500 MB /   0.50 sec =  490.7110 Mbps     0 retrans   7909 KB-cwnd
[2024-11-05T16:58:25.990491-0600]    26.0625 MB /   0.50 sec =  437.2064 Mbps     1 retrans   9228 KB-cwnd
[2024-11-05T16:58:26.490492-0600]    21.8750 MB /   0.50 sec =  366.9788 Mbps     0 retrans   9228 KB-cwnd
[2024-11-05T16:58:26.990381-0600]    29.7500 MB /   0.50 sec =  499.2110 Mbps     0 retrans   9228 KB-cwnd
[2024-11-05T16:58:27.490513-0600]    13.8750 MB /   0.50 sec =  232.7355 Mbps     0 retrans   9228 KB-cwnd
[2024-11-05T16:58:27.990511-0600]    29.3125 MB /   0.50 sec =  491.7743 Mbps  1634 retrans   9342 KB-cwnd
[2024-11-05T16:58:28.490404-0600]     7.3750 MB /   0.50 sec =  123.7577 Mbps     0 retrans   9342 KB-cwnd
[2024-11-05T16:58:28.990384-0600]    39.1875 MB /   0.50 sec =  657.4664 Mbps     0 retrans   9342 KB-cwnd
[2024-11-05T16:58:29.490612-0600]    40.7500 MB /   0.50 sec =  683.6524 Mbps     0 retrans  10536 KB-cwnd
[2024-11-05T16:58:29.990520-0600]    40.6875 MB /   0.50 sec =  682.5438 Mbps  3361 retrans  11881 KB-cwnd
[2024-11-05T16:58:30.490292-0600]    37.9375 MB /   0.50 sec =  636.6155 Mbps     0 retrans  11881 KB-cwnd
[2024-11-05T16:58:30.990406-0600]    38.2500 MB /   0.50 sec =  641.6823 Mbps   249 retrans  11681 KB-cwnd
[2024-11-05T16:58:31.490406-0600]    35.1875 MB /   0.50 sec =  590.3471 Mbps     0 retrans  11697 KB-cwnd
[2024-11-05T16:58:31.990506-0600]    33.7500 MB /   0.50 sec =  566.1495 Mbps     0 retrans  14010 KB-cwnd
[2024-11-05T16:58:32.490440-0600]    35.3125 MB /   0.50 sec =  592.4834 Mbps     0 retrans  14010 KB-cwnd
[2024-11-05T16:58:32.990498-0600]    26.3125 MB /   0.50 sec =  441.4090 Mbps     0 retrans  14010 KB-cwnd
[2024-11-05T16:58:33.490399-0600]    29.6875 MB /   0.50 sec =  498.1692 Mbps     0 retrans  15430 KB-cwnd
[2024-11-05T16:58:33.990380-0600]    32.4375 MB /   0.50 sec =  544.2109 Mbps     0 retrans  15430 KB-cwnd
[2024-11-05T16:58:34.490508-0600]    34.5000 MB /   0.50 sec =  578.8128 Mbps     0 retrans  15928 KB-cwnd
[2024-11-05T16:58:34.990428-0600]    29.5000 MB /   0.50 sec =  494.8843 Mbps     0 retrans  15928 KB-cwnd
[2024-11-05T16:58:35.490475-0600]    16.5000 MB /   0.50 sec =  276.8108 Mbps     0 retrans  15928 KB-cwnd
[2024-11-05T16:58:35.990321-0600]    27.9375 MB /   0.50 sec =  468.7969 Mbps     2 retrans  13823 KB-cwnd
[2024-11-05T16:58:36.490455-0600]    30.3125 MB /   0.50 sec =  508.4902 Mbps     0 retrans  13823 KB-cwnd
[2024-11-05T16:58:36.990566-0600]    18.6875 MB /   0.50 sec =  313.5198 Mbps     0 retrans  13823 KB-cwnd
[2024-11-05T16:58:37.490466-0600]    23.6250 MB /   0.50 sec =  396.3673 Mbps     0 retrans  12574 KB-cwnd
[2024-11-05T16:58:37.990380-0600]    25.8750 MB /   0.50 sec =  434.1487 Mbps     0 retrans  12574 KB-cwnd
[2024-11-05T16:58:38.490401-0600]    23.5000 MB /   0.50 sec =  394.2677 Mbps     0 retrans  12574 KB-cwnd
[2024-11-05T16:58:38.990392-0600]    37.3750 MB /   0.50 sec =  627.0459 Mbps  2234 retrans  12030 KB-cwnd
[2024-11-05T16:58:39.490553-0600]    20.1250 MB /   0.50 sec =  337.5875 Mbps     0 retrans  12030 KB-cwnd
[2024-11-05T16:58:39.990444-0600]    29.7500 MB /   0.50 sec =  499.1941 Mbps  1244 retrans  12603 KB-cwnd
[2024-11-05T16:58:40.490393-0600]    21.1875 MB /   0.50 sec =  355.4687 Mbps     0 retrans  12632 KB-cwnd
[2024-11-05T16:58:40.990395-0600]    41.1875 MB /   0.50 sec =  691.0282 Mbps   271 retrans  12265 KB-cwnd
[2024-11-05T16:58:41.490403-0600]    35.0625 MB /   0.50 sec =  588.1900 Mbps     0 retrans  12265 KB-cwnd
[2024-11-05T16:58:41.990454-0600]    35.1250 MB /   0.50 sec =  589.3256 Mbps  1700 retrans  13685 KB-cwnd
[2024-11-05T16:58:42.490397-0600]    26.5625 MB /   0.50 sec =  445.6582 Mbps     0 retrans  13685 KB-cwnd
[2024-11-05T16:58:42.990395-0600]    34.1250 MB /   0.50 sec =  572.5282 Mbps     0 retrans  13685 KB-cwnd
[2024-11-05T16:58:43.490414-0600]    27.7500 MB /   0.50 sec =  465.5528 Mbps    14 retrans  14535 KB-cwnd
[2024-11-05T16:58:43.990549-0600]    38.3750 MB /   0.50 sec =  643.8334 Mbps     0 retrans  14535 KB-cwnd
[2024-11-05T16:58:44.490306-0600]    39.0000 MB /   0.50 sec =  654.3651 Mbps   451 retrans  11499 KB-cwnd
[2024-11-05T16:58:44.990432-0600]    36.7500 MB /   0.50 sec =  616.5183 Mbps     0 retrans  15872 KB-cwnd
[2024-11-05T16:58:45.490436-0600]    31.9375 MB /   0.50 sec =  535.8127 Mbps     0 retrans  19770 KB-cwnd
[2024-11-05T16:58:45.990348-0600]    30.1875 MB /   0.50 sec =  506.4784 Mbps     0 retrans  19770 KB-cwnd
[2024-11-05T16:58:46.490481-0600]    34.1250 MB /   0.50 sec =  572.4561 Mbps     0 retrans  13536 KB-cwnd
[2024-11-05T16:58:46.990380-0600]    27.6875 MB /   0.50 sec =  464.5740 Mbps     0 retrans  13536 KB-cwnd
[2024-11-05T16:58:47.490422-0600]    22.4375 MB /   0.50 sec =  376.4230 Mbps     0 retrans  13536 KB-cwnd
[2024-11-05T16:58:47.990494-0600]    23.8125 MB /   0.50 sec =  399.4995 Mbps   383 retrans  13493 KB-cwnd
[2024-11-05T16:58:48.490565-0600]    21.6250 MB /   0.50 sec =  362.7275 Mbps     0 retrans  13493 KB-cwnd
[2024-11-05T16:58:48.990427-0600]    30.3125 MB /   0.50 sec =  508.6886 Mbps     0 retrans  13493 KB-cwnd
[2024-11-05T16:58:49.490476-0600]    33.1875 MB /   0.50 sec =  556.7894 Mbps     1 retrans  13344 KB-cwnd
[2024-11-05T16:58:49.990404-0600]    31.7500 MB /   0.50 sec =  532.6723 Mbps     0 retrans  13344 KB-cwnd
[2024-11-05T16:58:50.490530-0600]    34.7500 MB /   0.50 sec =  583.0316 Mbps   179 retrans  12635 KB-cwnd
[2024-11-05T16:58:50.990392-0600]    31.6250 MB /   0.50 sec =  530.5742 Mbps     0 retrans  12627 KB-cwnd
[2024-11-05T16:58:51.490369-0600]    31.1250 MB /   0.50 sec =  522.1752 Mbps     0 retrans  12664 KB-cwnd
[2024-11-05T16:58:51.990418-0600]    30.5000 MB /   0.50 sec =  511.7174 Mbps   285 retrans  18176 KB-cwnd
[2024-11-05T16:58:52.490384-0600]    31.3750 MB /   0.50 sec =  526.3946 Mbps     0 retrans  18176 KB-cwnd
[2024-11-05T16:58:52.990400-0600]    36.5625 MB /   0.50 sec =  613.4145 Mbps     0 retrans  11580 KB-cwnd
[2024-11-05T16:58:53.490379-0600]    40.1875 MB /   0.50 sec =  674.2465 Mbps     0 retrans  11580 KB-cwnd
[2024-11-05T16:58:53.990994-0600]    28.1875 MB /   0.50 sec =  472.7140 Mbps   105 retrans  12198 KB-cwnd
[2024-11-05T16:58:54.490436-0600]    36.3125 MB /   0.50 sec =  609.4616 Mbps     0 retrans  12198 KB-cwnd
[2024-11-05T16:58:54.990427-0600]    29.7500 MB /   0.50 sec =  499.0962 Mbps     1 retrans  14708 KB-cwnd
[2024-11-05T16:58:55.490404-0600]    48.1250 MB /   0.50 sec =  807.4471 Mbps     0 retrans  14708 KB-cwnd
[2024-11-05T16:58:55.990418-0600]    35.0625 MB /   0.50 sec =  588.2476 Mbps     0 retrans  14447 KB-cwnd
[2024-11-05T16:58:56.490399-0600]    52.2500 MB /   0.50 sec =  876.6095 Mbps     0 retrans  14447 KB-cwnd
[2024-11-05T16:58:56.990411-0600]    50.3750 MB /   0.50 sec =  845.1523 Mbps    68 retrans  14010 KB-cwnd
[2024-11-05T16:58:57.490513-0600]    39.9375 MB /   0.50 sec =  670.0293 Mbps    76 retrans  18350 KB-cwnd
[2024-11-05T16:58:57.990422-0600]    42.7500 MB /   0.50 sec =  717.2145 Mbps     0 retrans  18350 KB-cwnd
[2024-11-05T16:58:58.490373-0600]    38.7500 MB /   0.50 sec =  650.1496 Mbps     0 retrans  14263 KB-cwnd
[2024-11-05T16:58:58.990399-0600]    22.7500 MB /   0.50 sec =  381.6695 Mbps     0 retrans  14263 KB-cwnd
[2024-11-05T16:58:59.490592-0600]    12.3750 MB /   0.50 sec =  207.6006 Mbps     0 retrans  14263 KB-cwnd
[2024-11-05T16:58:59.990396-0600]    38.5625 MB /   0.50 sec =  647.0322 Mbps     0 retrans  16634 KB-cwnd
[2024-11-05T16:59:00.490455-0600]    35.0625 MB /   0.50 sec =  588.1735 Mbps     0 retrans  16634 KB-cwnd
[2024-11-05T16:59:00.990400-0600]    38.1250 MB /   0.50 sec =  639.7145 Mbps     0 retrans  15614 KB-cwnd
[2024-11-05T16:59:01.490391-0600]    42.0000 MB /   0.50 sec =  704.6515 Mbps     0 retrans  15616 KB-cwnd
[2024-11-05T16:59:01.990443-0600]    30.1250 MB /   0.50 sec =  505.4025 Mbps   348 retrans  17236 KB-cwnd
[2024-11-05T16:59:02.494120-0600]    27.5625 MB /   0.50 sec =  459.0562 Mbps     0 retrans  14647 KB-cwnd
[2024-11-05T16:59:02.990413-0600]    38.6875 MB /   0.50 sec =  653.8548 Mbps     0 retrans  14734 KB-cwnd
[2024-11-05T16:59:03.490398-0600]    36.1250 MB /   0.50 sec =  606.0927 Mbps     0 retrans  14734 KB-cwnd
[2024-11-05T16:59:03.990456-0600]    44.1250 MB /   0.50 sec =  740.2724 Mbps     0 retrans  13509 KB-cwnd
[2024-11-05T16:59:04.490413-0600]    44.1250 MB /   0.50 sec =  740.3035 Mbps     0 retrans  13509 KB-cwnd
[2024-11-05T16:59:04.990580-0600]    49.1250 MB /   0.50 sec =  824.1527 Mbps    40 retrans  13541 KB-cwnd
[2024-11-05T16:59:05.490401-0600]    41.6250 MB /   0.50 sec =  698.3921 Mbps     0 retrans  15027 KB-cwnd
[2024-11-05T16:59:05.990520-0600]    44.5000 MB /   0.50 sec =  746.5816 Mbps     0 retrans  15182 KB-cwnd
[2024-11-05T16:59:06.490448-0600]    40.5000 MB /   0.50 sec =  679.4840 Mbps     0 retrans  17015 KB-cwnd
[2024-11-05T16:59:06.990388-0600]    30.4375 MB /   0.50 sec =  510.6545 Mbps     0 retrans  17121 KB-cwnd
[2024-11-05T16:59:07.490392-0600]    42.5000 MB /   0.50 sec =  713.0288 Mbps     0 retrans  15219 KB-cwnd
[2024-11-05T16:59:07.990410-0600]    41.8125 MB /   0.50 sec =  701.4889 Mbps     0 retrans  15222 KB-cwnd
[2024-11-05T16:59:08.490391-0600]    38.6250 MB /   0.50 sec =  648.0122 Mbps     0 retrans  19927 KB-cwnd
[2024-11-05T16:59:08.990426-0600]    43.0625 MB /   0.50 sec =  722.4284 Mbps     0 retrans  19927 KB-cwnd
[2024-11-05T16:59:09.490394-0600]    32.2500 MB /   0.50 sec =  541.1150 Mbps    31 retrans  21120 KB-cwnd
[2024-11-05T16:59:09.990393-0600]    19.1875 MB /   0.50 sec =  321.9103 Mbps     0 retrans  21120 KB-cwnd
[2024-11-05T16:59:10.490376-0600]    26.8750 MB /   0.50 sec =  450.8949 Mbps     0 retrans  21120 KB-cwnd
[2024-11-05T16:59:10.990423-0600]    40.1250 MB /   0.50 sec =  673.1427 Mbps     0 retrans  14553 KB-cwnd
[2024-11-05T16:59:11.490435-0600]    37.5000 MB /   0.50 sec =  629.1456 Mbps     0 retrans  14553 KB-cwnd
[2024-11-05T16:59:11.990379-0600]    42.9375 MB /   0.50 sec =  720.4149 Mbps     0 retrans  14796 KB-cwnd
[2024-11-05T16:59:12.490314-0600]    34.5625 MB /   0.50 sec =  579.8880 Mbps     0 retrans  14796 KB-cwnd
[2024-11-05T16:59:12.990418-0600]    46.0000 MB /   0.50 sec =  771.6887 Mbps     0 retrans  13671 KB-cwnd
[2024-11-05T16:59:13.490493-0600]    26.3125 MB /   0.50 sec =  441.4064 Mbps     0 retrans  11841 KB-cwnd
[2024-11-05T16:59:13.990407-0600]    35.8750 MB /   0.50 sec =  601.9633 Mbps     0 retrans  14812 KB-cwnd
[2024-11-05T16:59:14.490561-0600]    19.1250 MB /   0.50 sec =  320.8495 Mbps     0 retrans  14812 KB-cwnd
[2024-11-05T16:59:14.990438-0600]    37.3125 MB /   0.50 sec =  625.9924 Mbps     0 retrans  13576 KB-cwnd
[2024-11-05T16:59:15.490392-0600]    44.4375 MB /   0.50 sec =  745.5733 Mbps     0 retrans  13917 KB-cwnd
[2024-11-05T16:59:15.990692-0600]    46.5000 MB /   0.50 sec =  780.0719 Mbps   282 retrans  15070 KB-cwnd
[2024-11-05T16:59:16.490425-0600]    27.3750 MB /   0.50 sec =  459.3140 Mbps     0 retrans  15070 KB-cwnd
End time: 1730847556703
