Start time: 1730577238276
[2024-11-02T12:54:03.414322-0700] traceroute to 54.176.53.206 (54.176.53.206), 30 hops max, 60 byte packets
[2024-11-02T12:54:03.415240-0700]  1  * * *
[2024-11-02T12:54:03.415309-0700]  2  * * *
[2024-11-02T12:54:03.415355-0700]  3  * * *
[2024-11-02T12:54:03.415399-0700]  4  * * *
[2024-11-02T12:54:03.415441-0700]  5  * * *
[2024-11-02T12:54:08.421913-0700]  6  * * *
[2024-11-02T12:54:08.422192-0700]  7  * * *
[2024-11-02T12:54:08.427303-0700]  8  * * *
[2024-11-02T12:54:08.427424-0700]  9  * * *
[2024-11-02T12:54:08.431391-0700] 10  * * *
[2024-11-02T12:54:13.429652-0700] 11  * * *
[2024-11-02T12:54:13.430065-0700] 12  * * *
[2024-11-02T12:54:13.430160-0700] 13  * * *
[2024-11-02T12:54:13.446076-0700] 14  * * *
[2024-11-02T12:54:13.446380-0700] 15  * * *
[2024-11-02T12:54:18.439086-0700] 16  * * *
[2024-11-02T12:54:18.439571-0700] 17  * * *
[2024-11-02T12:54:18.450730-0700] 18  * * *
[2024-11-02T12:54:18.450995-0700] 19  * * *
[2024-11-02T12:54:18.460375-0700] 20  * * *
[2024-11-02T12:54:18.460595-0700] 21  * * *
[2024-11-02T12:54:23.448849-0700] 22  * * *
[2024-11-02T12:54:23.454648-0700] 23  * * *
[2024-11-02T12:54:23.458631-0700] 24  * * *
[2024-11-02T12:54:23.461257-0700] 25  * * *
[2024-11-02T12:54:23.462386-0700] 26  * * *
[2024-11-02T12:54:28.399644-0700] 27  * *End time: 1730577268440
