Start time: 1730680064270
[2024-11-03T17:27:49.345366-0700] traceroute to 54.176.53.206 (54.176.53.206), 30 hops max, 60 byte packets
[2024-11-03T17:27:49.346250-0700]  1  * * *
[2024-11-03T17:27:49.346297-0700]  2  * * *
[2024-11-03T17:27:49.346328-0700]  3  * * *
[2024-11-03T17:27:49.346356-0700]  4  * * *
[2024-11-03T17:27:49.346383-0700]  5  * * *
[2024-11-03T17:27:54.352354-0700]  6  * * *
[2024-11-03T17:27:54.355921-0700]  7  * * *
[2024-11-03T17:27:54.356121-0700]  8  * * *
[2024-11-03T17:27:54.359951-0700]  9  * * *
[2024-11-03T17:27:54.364789-0700] 10  * * *
[2024-11-03T17:27:59.359884-0700] 11  * * *
[2024-11-03T17:27:59.360185-0700] 12  * * *
[2024-11-03T17:27:59.360229-0700] 13  * * *
[2024-11-03T17:27:59.363255-0700] 14  * * *
[2024-11-03T17:27:59.364643-0700] 15  * * *
[2024-11-03T17:28:04.367331-0700] 16  * * *
[2024-11-03T17:28:04.367724-0700] 17  * * *
[2024-11-03T17:28:04.367842-0700] 18  * * *
[2024-11-03T17:28:04.367936-0700] 19  * * *
[2024-11-03T17:28:04.368025-0700] 20  * * *
[2024-11-03T17:28:04.368110-0700] 21  * * *
[2024-11-03T17:28:09.374456-0700] 22  * * *
[2024-11-03T17:28:09.374883-0700] 23  * * *
[2024-11-03T17:28:09.379730-0700] 24  * * *
[2024-11-03T17:28:09.379804-0700] 25  * * *
[2024-11-03T17:28:09.379844-0700] 26  * * *
[2024-11-03T17:28:14.331874-0700] 27  * *End time: 1730680094395
