Start time: 1730850327247
[2024-11-05T17:45:32.334331-0600] traceroute to 54.197.223.49 (54.197.223.49), 30 hops max, 60 byte packets
[2024-11-05T17:45:32.335164-0600]  1  * * *
[2024-11-05T17:45:32.335217-0600]  2  * * *
[2024-11-05T17:45:32.335250-0600]  3  * * *
[2024-11-05T17:45:32.335281-0600]  4  * * *
[2024-11-05T17:45:32.335310-0600]  5  * * *
[2024-11-05T17:45:37.342247-0600]  6  * * *
[2024-11-05T17:45:37.342709-0600]  7  * * *
[2024-11-05T17:45:37.342812-0600]  8  * * *
[2024-11-05T17:45:37.354063-0600]  9  * * *
[2024-11-05T17:45:37.354227-0600] 10  * * *
[2024-11-05T17:45:42.350152-0600] 11  * * *
[2024-11-05T17:45:42.350586-0600] 12  * * *
[2024-11-05T17:45:42.360307-0600] 13  * * *
[2024-11-05T17:45:42.360661-0600] 14  * * *
[2024-11-05T17:45:42.360772-0600] 15  * * *
[2024-11-05T17:45:47.358942-0600] 16  * * *
[2024-11-05T17:45:47.359443-0600] 17  * * *
[2024-11-05T17:45:47.365543-0600] 18  * * *
[2024-11-05T17:45:47.371621-0600] 19  * * *
[2024-11-05T17:45:47.371747-0600] 20  * * *
[2024-11-05T17:45:47.377184-0600] 21  * * *
[2024-11-05T17:45:52.364710-0600] 22  * * *
[2024-11-05T17:45:52.369149-0600] 23  * * *
[2024-11-05T17:45:52.372658-0600] 24  * * *
[2024-11-05T17:45:52.376713-0600] 25  * * *
[2024-11-05T17:45:52.378983-0600] 26  * * *
[2024-11-05T17:45:57.324244-0600] 27  * *End time: 1730850357382
