Start time: 1747691746008
Connecting to host 34.145.166.89, port 5209
Reverse mode, remote host 34.145.166.89 is sending
[  5] local 192.0.0.2 port 49500 connected to 34.145.166.89 port 5209
[ ID] Interval           Transfer     Bitrate
[  5]   0.00-0.10   sec  98.6 KBytes  8.07 Mbits/sec                  
[  5]   0.10-0.20   sec   261 KBytes  21.4 Mbits/sec                  
[  5]   0.20-0.30   sec   265 KBytes  21.7 Mbits/sec                  
[  5]   0.30-0.40   sec   261 KBytes  21.4 Mbits/sec                  
[  5]   0.40-0.50   sec   236 KBytes  19.3 Mbits/sec                  
[  5]   0.50-0.60   sec   300 KBytes  24.6 Mbits/sec                  
[  5]   0.60-0.70   sec   381 KBytes  31.2 Mbits/sec                  
[  5]   0.70-0.80   sec   392 KBytes  32.0 Mbits/sec                  
[  5]   0.80-0.90   sec   557 KBytes  45.6 Mbits/sec                  
[  5]   0.90-1.00   sec   686 KBytes  56.2 Mbits/sec                  
[  5]   1.00-1.10   sec   609 KBytes  49.8 Mbits/sec                  
[  5]   1.10-1.20   sec   866 KBytes  71.0 Mbits/sec                  
[  5]   1.20-1.30   sec   866 KBytes  70.9 Mbits/sec                  
[  5]   1.30-1.40   sec  1006 KBytes  82.4 Mbits/sec                  
[  5]   1.40-1.50   sec  1.14 MBytes  95.5 Mbits/sec                  
[  5]   1.50-1.60   sec  1.25 MBytes   105 Mbits/sec                  
[  5]   1.60-1.70   sec  1.65 MBytes   139 Mbits/sec                  
[  5]   1.70-1.80   sec  1.57 MBytes   132 Mbits/sec                  
[  5]   1.80-1.90   sec  1.89 MBytes   159 Mbits/sec                  
[  5]   1.90-2.00   sec  2.10 MBytes   177 Mbits/sec                  
[  5]   2.00-2.10   sec  2.08 MBytes   174 Mbits/sec                  
[  5]   2.10-2.20   sec  2.30 MBytes   193 Mbits/sec                  
[  5]   2.20-2.30   sec  3.06 MBytes   257 Mbits/sec                  
[  5]   2.30-2.40   sec  3.66 MBytes   307 Mbits/sec                  
[  5]   2.40-2.50   sec  3.85 MBytes   323 Mbits/sec                  
[  5]   2.50-2.60   sec  3.54 MBytes   297 Mbits/sec                  
[  5]   2.60-2.70   sec  3.85 MBytes   323 Mbits/sec                  
[  5]   2.70-2.80   sec  3.84 MBytes   322 Mbits/sec                  
[  5]   2.80-2.90   sec  4.21 MBytes   353 Mbits/sec                  
[  5]   2.90-3.00   sec  2.59 MBytes   217 Mbits/sec                  
[  5]   3.00-3.10   sec  3.73 MBytes   312 Mbits/sec                  
[  5]   3.10-3.20   sec  4.57 MBytes   384 Mbits/sec                  
[  5]   3.20-3.30   sec  5.70 MBytes   478 Mbits/sec                  
[  5]   3.30-3.40   sec  4.49 MBytes   377 Mbits/sec                  
[  5]   3.40-3.50   sec  5.88 MBytes   494 Mbits/sec                  
[  5]   3.50-3.60   sec  6.64 MBytes   554 Mbits/sec                  
[  5]   3.60-3.70   sec  6.00 MBytes   507 Mbits/sec                  
[  5]   3.70-3.80   sec  4.60 MBytes   386 Mbits/sec                  
[  5]   3.80-3.90   sec  7.29 MBytes   612 Mbits/sec                  
[  5]   3.90-4.00   sec  6.80 MBytes   570 Mbits/sec                  
[  5]   4.00-4.10   sec  6.69 MBytes   562 Mbits/sec                  
[  5]   4.10-4.20   sec  6.59 MBytes   553 Mbits/sec                  
[  5]   4.20-4.30   sec  6.72 MBytes   564 Mbits/sec                  
[  5]   4.30-4.40   sec  6.72 MBytes   562 Mbits/sec                  
[  5]   4.40-4.50   sec  6.70 MBytes   564 Mbits/sec                  
[  5]   4.50-4.60   sec  5.65 MBytes   474 Mbits/sec                  
[  5]   4.60-4.70   sec  6.43 MBytes   539 Mbits/sec                  
[  5]   4.70-4.80   sec  6.75 MBytes   566 Mbits/sec                  
[  5]   4.80-4.90   sec  5.64 MBytes   473 Mbits/sec                  
[  5]   4.90-5.00   sec  5.45 MBytes   457 Mbits/sec                  
- - - - - - - - - - - - - - - - - - - - - - - - -
[ ID] Interval           Transfer     Bitrate         Retr
[  5]   0.00-5.04   sec   173 MBytes   288 Mbits/sec    0             sender
[  5]   0.00-5.00   sec   168 MBytes   282 Mbits/sec                  receiver

iperf Done.
End time: 1747691751528
