Start time: 1730503173187
[2024-11-01T16:19:38.275895-0700] traceroute to 54.176.53.206 (54.176.53.206), 30 hops max, 60 byte packets
[2024-11-01T16:19:38.276561-0700]  1  * * *
[2024-11-01T16:19:38.276606-0700]  2  * * *
[2024-11-01T16:19:38.276637-0700]  3  * * *
[2024-11-01T16:19:38.276666-0700]  4  * * *
[2024-11-01T16:19:38.276696-0700]  5  * * *
[2024-11-01T16:19:43.283244-0700]  6  * * *
[2024-11-01T16:19:43.283449-0700]  7  * * *
[2024-11-01T16:19:43.283501-0700]  8  * * *
[2024-11-01T16:19:43.283543-0700]  9  * * *
[2024-11-01T16:19:43.290643-0700] 10  * * *
[2024-11-01T16:19:48.291477-0700] 11  * * *
[2024-11-01T16:19:48.291755-0700] 12  * * *
[2024-11-01T16:19:48.291818-0700] 13  * * *
[2024-11-01T16:19:48.291864-0700] 14  * * *
[2024-11-01T16:19:48.301053-0700] 15  * * *
[2024-11-01T16:19:53.300334-0700] 16  * * *
[2024-11-01T16:19:53.300765-0700] 17  * * *
[2024-11-01T16:19:53.300861-0700] 18  * * *
[2024-11-01T16:19:53.300937-0700] 19  * * *
[2024-11-01T16:19:53.313506-0700] 20  * * *
[2024-11-01T16:19:53.313676-0700] 21  * * *
[2024-11-01T16:19:58.309670-0700] 22  * * *
[2024-11-01T16:19:58.310124-0700] 23  * * *
[2024-11-01T16:19:58.320646-0700] 24  * * *
[2024-11-01T16:19:58.320874-0700] 25  * * *
[2024-11-01T16:19:58.320981-0700] 26  * * *
[2024-11-01T16:20:03.264588-0700] 27  * *End time: 1730503203320
