Start time: 1731104425992
[2024-11-08T17:20:26.896973-0500] nuttcp-r: v8.1.4: socket
[2024-11-08T17:20:26.898295-0500] nuttcp-r: buflen=65536, nstream=1, port=5379 tcp
[2024-11-08T17:20:26.898437-0500] nuttcp-r: interval reporting every 0.50 seconds
[2024-11-08T17:20:26.898551-0500] nuttcp-r: connect to 54.197.223.49 with RTT=76.207 ms af=inet
[2024-11-08T17:20:26.898656-0500] nuttcp-r: send window size = 2097152, receive window size = 6291456
[2024-11-08T17:20:26.898761-0500] nuttcp-r: available send window = 1572864, available receive window = 4718592
[2024-11-08T17:20:26.898867-0500]     0.7500 MB /   0.50 sec =   12.5809 Mbps     0 retrans     13 KB-cwnd
[2024-11-08T17:20:27.396947-0500]    17.6875 MB /   0.50 sec =  296.7464 Mbps     0 retrans     13 KB-cwnd
[2024-11-08T17:20:27.897088-0500]    23.3750 MB /   0.50 sec =  392.0702 Mbps     0 retrans     13 KB-cwnd
[2024-11-08T17:20:28.396729-0500]    34.9375 MB /   0.50 sec =  586.3768 Mbps     0 retrans     13 KB-cwnd
[2024-11-08T17:20:28.897043-0500]    33.0000 MB /   0.50 sec =  553.5751 Mbps     0 retrans     13 KB-cwnd
[2024-11-08T17:20:29.396947-0500]    32.0625 MB /   0.50 sec =  537.9259 Mbps     0 retrans     26 KB-cwnd
[2024-11-08T17:20:29.896898-0500]    30.8750 MB /   0.50 sec =  517.9934 Mbps     0 retrans     26 KB-cwnd
[2024-11-08T17:20:30.396852-0500]    26.8125 MB /   0.50 sec =  449.8391 Mbps     0 retrans     26 KB-cwnd
[2024-11-08T17:20:30.896968-0500]    34.9375 MB /   0.50 sec =  586.0790 Mbps     0 retrans     26 KB-cwnd
[2024-11-08T17:20:31.396938-0500]    29.2500 MB /   0.50 sec =  490.7718 Mbps     0 retrans     26 KB-cwnd
[2024-11-08T17:20:31.896967-0500]    24.0000 MB /   0.50 sec =  402.6508 Mbps     0 retrans     26 KB-cwnd
[2024-11-08T17:20:32.396744-0500]    31.5000 MB /   0.50 sec =  528.5743 Mbps     0 retrans     31 KB-cwnd
[2024-11-08T17:20:32.896937-0500]    34.4375 MB /   0.50 sec =  577.6764 Mbps     0 retrans     37 KB-cwnd
[2024-11-08T17:20:33.396789-0500]    32.1875 MB /   0.50 sec =  540.0739 Mbps     0 retrans     45 KB-cwnd
[2024-11-08T17:20:33.897046-0500]    33.6875 MB /   0.50 sec =  565.1056 Mbps     1 retrans  12425 KB-cwnd
[2024-11-08T17:20:34.396883-0500]    41.1250 MB /   0.50 sec =  690.0569 Mbps     0 retrans  12425 KB-cwnd
[2024-11-08T17:20:34.896765-0500]    42.9375 MB /   0.50 sec =  720.3876 Mbps     0 retrans  12451 KB-cwnd
[2024-11-08T17:20:35.396859-0500]    40.8750 MB /   0.50 sec =  685.7440 Mbps     0 retrans  12451 KB-cwnd
[2024-11-08T17:20:35.896876-0500]    49.1875 MB /   0.50 sec =  825.2112 Mbps     3 retrans  11974 KB-cwnd
[2024-11-08T17:20:36.397942-0500]    53.1250 MB /   0.50 sec =  889.5195 Mbps     0 retrans  15099 KB-cwnd
[2024-11-08T17:20:36.897009-0500]    52.8750 MB /   0.50 sec =  888.6469 Mbps     0 retrans  15099 KB-cwnd
[2024-11-08T17:20:37.396891-0500]    52.9375 MB /   0.50 sec =  888.3144 Mbps     0 retrans  15749 KB-cwnd
[2024-11-08T17:20:37.896910-0500]    48.8125 MB /   0.50 sec =  819.0132 Mbps     0 retrans  16056 KB-cwnd
[2024-11-08T17:20:38.396777-0500]    19.7500 MB /   0.50 sec =  331.3507 Mbps     0 retrans  16056 KB-cwnd
[2024-11-08T17:20:38.896817-0500]    32.6875 MB /   0.50 sec =  548.3833 Mbps     0 retrans  17241 KB-cwnd
[2024-11-08T17:20:39.396779-0500]    25.1250 MB /   0.50 sec =  421.5377 Mbps     0 retrans  17241 KB-cwnd
[2024-11-08T17:20:39.897055-0500]    34.6875 MB /   0.50 sec =  581.7910 Mbps     0 retrans  17827 KB-cwnd
[2024-11-08T17:20:40.396899-0500]    37.8750 MB /   0.50 sec =  635.5921 Mbps     0 retrans  17827 KB-cwnd
[2024-11-08T17:20:40.896859-0500]    41.6250 MB /   0.50 sec =  698.3600 Mbps     0 retrans  15126 KB-cwnd
[2024-11-08T17:20:41.396904-0500]    37.5000 MB /   0.50 sec =  629.1305 Mbps     1 retrans  12038 KB-cwnd
[2024-11-08T17:20:41.896983-0500]    38.0625 MB /   0.50 sec =  638.5585 Mbps     0 retrans  12038 KB-cwnd
[2024-11-08T17:20:42.396864-0500]    38.6875 MB /   0.50 sec =  649.1010 Mbps     0 retrans  13128 KB-cwnd
[2024-11-08T17:20:42.896759-0500]    42.5625 MB /   0.50 sec =  714.1288 Mbps     0 retrans  13131 KB-cwnd
[2024-11-08T17:20:43.397013-0500]    42.4375 MB /   0.50 sec =  711.9916 Mbps     0 retrans  15488 KB-cwnd
[2024-11-08T17:20:43.896928-0500]    42.3750 MB /   0.50 sec =  710.8379 Mbps     0 retrans  14652 KB-cwnd
[2024-11-08T17:20:44.396985-0500]    40.1250 MB /   0.50 sec =  673.0700 Mbps     0 retrans  14652 KB-cwnd
[2024-11-08T17:20:44.896814-0500]    47.8125 MB /   0.50 sec =  802.3837 Mbps     0 retrans  14276 KB-cwnd
[2024-11-08T17:20:45.397001-0500]    45.2500 MB /   0.50 sec =  759.0005 Mbps     0 retrans  14540 KB-cwnd
[2024-11-08T17:20:45.896961-0500]    43.6250 MB /   0.50 sec =  731.9470 Mbps     0 retrans  15267 KB-cwnd
[2024-11-08T17:20:46.396873-0500]    38.3125 MB /   0.50 sec =  642.8427 Mbps     0 retrans  15267 KB-cwnd
[2024-11-08T17:20:46.896864-0500]    42.2500 MB /   0.50 sec =  708.8586 Mbps     0 retrans  16194 KB-cwnd
[2024-11-08T17:20:47.397007-0500]    44.5625 MB /   0.50 sec =  747.4852 Mbps     0 retrans  15179 KB-cwnd
[2024-11-08T17:20:47.896969-0500]    47.9375 MB /   0.50 sec =  804.3061 Mbps     0 retrans  15179 KB-cwnd
[2024-11-08T17:20:48.396745-0500]    38.8750 MB /   0.50 sec =  652.3578 Mbps     0 retrans  15057 KB-cwnd
[2024-11-08T17:20:48.896905-0500]    16.1875 MB /   0.50 sec =  271.5464 Mbps     0 retrans  15057 KB-cwnd
[2024-11-08T17:20:49.396737-0500]    41.5625 MB /   0.50 sec =  697.4049 Mbps     0 retrans  15467 KB-cwnd
[2024-11-08T17:20:49.896942-0500]    40.2500 MB /   0.50 sec =  675.1952 Mbps     0 retrans  15691 KB-cwnd
[2024-11-08T17:20:50.396866-0500]    24.3750 MB /   0.50 sec =  408.9725 Mbps     0 retrans  17438 KB-cwnd
[2024-11-08T17:20:50.896889-0500]    37.0000 MB /   0.50 sec =  620.7272 Mbps     0 retrans  17438 KB-cwnd
[2024-11-08T17:20:51.396918-0500]    35.5000 MB /   0.50 sec =  595.6019 Mbps     0 retrans  15297 KB-cwnd
[2024-11-08T17:20:51.896912-0500]    21.6875 MB /   0.50 sec =  363.8340 Mbps     0 retrans  15297 KB-cwnd
[2024-11-08T17:20:52.397023-0500]    11.6875 MB /   0.50 sec =  196.0488 Mbps     0 retrans  15297 KB-cwnd
[2024-11-08T17:20:52.897101-0500]    26.0625 MB /   0.50 sec =  437.3157 Mbps     1 retrans  14998 KB-cwnd
[2024-11-08T17:20:53.396764-0500]    25.5625 MB /   0.50 sec =  428.9422 Mbps     0 retrans  14998 KB-cwnd
[2024-11-08T17:20:53.896967-0500]    16.3125 MB /   0.50 sec =  273.6231 Mbps     0 retrans  14998 KB-cwnd
[2024-11-08T17:20:54.396836-0500]    30.5000 MB /   0.50 sec =  511.7819 Mbps     0 retrans  12776 KB-cwnd
[2024-11-08T17:20:54.896998-0500]    24.6875 MB /   0.50 sec =  414.0873 Mbps     0 retrans  12950 KB-cwnd
[2024-11-08T17:20:55.396812-0500]    27.7500 MB /   0.50 sec =  465.6804 Mbps     4 retrans  12936 KB-cwnd
[2024-11-08T17:20:55.896925-0500]    32.2500 MB /   0.50 sec =  541.0263 Mbps     0 retrans  12936 KB-cwnd
[2024-11-08T17:20:56.396961-0500]    28.1250 MB /   0.50 sec =  471.8120 Mbps     4 retrans  10078 KB-cwnd
[2024-11-08T17:20:56.896836-0500]    38.1875 MB /   0.50 sec =  640.7953 Mbps     0 retrans  10078 KB-cwnd
[2024-11-08T17:20:57.396811-0500]    33.5000 MB /   0.50 sec =  562.0311 Mbps     0 retrans   9998 KB-cwnd
[2024-11-08T17:20:57.896908-0500]    23.8125 MB /   0.50 sec =  399.4923 Mbps     0 retrans   9998 KB-cwnd
[2024-11-08T17:20:58.396831-0500]    32.6875 MB /   0.50 sec =  548.4349 Mbps     0 retrans  11143 KB-cwnd
[2024-11-08T17:20:58.896885-0500]    32.0625 MB /   0.50 sec =  537.9044 Mbps     0 retrans  11143 KB-cwnd
[2024-11-08T17:20:59.396782-0500]    25.5625 MB /   0.50 sec =  428.9002 Mbps     0 retrans  12387 KB-cwnd
[2024-11-08T17:20:59.896880-0500]    22.1250 MB /   0.50 sec =  371.1707 Mbps     0 retrans  12387 KB-cwnd
[2024-11-08T17:21:00.396901-0500]    25.0000 MB /   0.50 sec =  419.4405 Mbps     0 retrans  12387 KB-cwnd
[2024-11-08T17:21:00.896890-0500]    25.3125 MB /   0.50 sec =  424.6444 Mbps     2 retrans  11468 KB-cwnd
[2024-11-08T17:21:01.396734-0500]    23.6875 MB /   0.50 sec =  397.4628 Mbps     0 retrans  11468 KB-cwnd
[2024-11-08T17:21:01.896847-0500]    23.8125 MB /   0.50 sec =  399.4835 Mbps     1 retrans  10264 KB-cwnd
[2024-11-08T17:21:02.396969-0500]    18.9375 MB /   0.50 sec =  317.6461 Mbps     0 retrans  10264 KB-cwnd
[2024-11-08T17:21:02.896899-0500]    26.0625 MB /   0.50 sec =  437.3165 Mbps     0 retrans  10264 KB-cwnd
[2024-11-08T17:21:03.397034-0500]    22.1875 MB /   0.50 sec =  372.2758 Mbps     2 retrans   7869 KB-cwnd
[2024-11-08T17:21:03.896832-0500]    21.9375 MB /   0.50 sec =  368.0472 Mbps     0 retrans   7869 KB-cwnd
[2024-11-08T17:21:04.396971-0500]    15.5000 MB /   0.50 sec =  259.9907 Mbps     0 retrans   7869 KB-cwnd
[2024-11-08T17:21:04.897002-0500]    30.6875 MB /   0.50 sec =  514.8189 Mbps     1 retrans   9167 KB-cwnd
[2024-11-08T17:21:05.396859-0500]    24.5625 MB /   0.50 sec =  412.1860 Mbps     0 retrans   9167 KB-cwnd
[2024-11-08T17:21:05.896930-0500]    25.0000 MB /   0.50 sec =  419.4623 Mbps     2 retrans   8016 KB-cwnd
[2024-11-08T17:21:06.396864-0500]    26.0000 MB /   0.50 sec =  436.1937 Mbps     0 retrans   8016 KB-cwnd
[2024-11-08T17:21:06.896990-0500]    12.3750 MB /   0.50 sec =  207.5682 Mbps     0 retrans   8016 KB-cwnd
[2024-11-08T17:21:07.396773-0500]    25.7500 MB /   0.50 sec =  432.1136 Mbps     1 retrans   8639 KB-cwnd
[2024-11-08T17:21:07.896877-0500]    22.8750 MB /   0.50 sec =  383.7804 Mbps     0 retrans   8639 KB-cwnd
[2024-11-08T17:21:08.397037-0500]    17.5625 MB /   0.50 sec =  294.5656 Mbps     0 retrans   8639 KB-cwnd
[2024-11-08T17:21:08.896895-0500]    20.4375 MB /   0.50 sec =  342.9701 Mbps     0 retrans   9984 KB-cwnd
[2024-11-08T17:21:09.396887-0500]    17.8125 MB /   0.50 sec =  298.8143 Mbps     0 retrans   9984 KB-cwnd
[2024-11-08T17:21:09.896883-0500]     5.0000 MB /   0.50 sec =   83.8940 Mbps     0 retrans   9984 KB-cwnd
[2024-11-08T17:21:10.396837-0500]    13.3125 MB /   0.50 sec =  223.3570 Mbps     0 retrans   9984 KB-cwnd
[2024-11-08T17:21:10.896948-0500]    14.3750 MB /   0.50 sec =  241.1267 Mbps     0 retrans   9984 KB-cwnd
[2024-11-08T17:21:11.396767-0500]    14.1250 MB /   0.50 sec =  237.0360 Mbps     2 retrans   9169 KB-cwnd
[2024-11-08T17:21:11.896801-0500]     4.8750 MB /   0.50 sec =   81.7816 Mbps     0 retrans   9169 KB-cwnd
[2024-11-08T17:21:12.396987-0500]    10.6250 MB /   0.50 sec =  178.2205 Mbps     0 retrans   9169 KB-cwnd
[2024-11-08T17:21:12.897027-0500]     6.3750 MB /   0.50 sec =  106.9522 Mbps     0 retrans   9169 KB-cwnd
[2024-11-08T17:21:13.397023-0500]    12.8750 MB /   0.50 sec =  216.0058 Mbps     0 retrans   9193 KB-cwnd
[2024-11-08T17:21:13.897014-0500]    12.3750 MB /   0.50 sec =  207.6758 Mbps     0 retrans   9193 KB-cwnd
[2024-11-08T17:21:14.396982-0500]     6.7500 MB /   0.50 sec =  113.2181 Mbps     3 retrans   8511 KB-cwnd
[2024-11-08T17:21:14.896879-0500]     5.9375 MB /   0.50 sec =   99.6372 Mbps     0 retrans   8511 KB-cwnd
[2024-11-08T17:21:15.396836-0500]    11.3750 MB /   0.50 sec =  190.8405 Mbps     0 retrans   8511 KB-cwnd
[2024-11-08T17:21:15.896788-0500]    10.1250 MB /   0.50 sec =  169.8663 Mbps     0 retrans   8511 KB-cwnd
[2024-11-08T17:21:16.396859-0500]    11.3125 MB /   0.50 sec =  189.7949 Mbps     0 retrans   8511 KB-cwnd
[2024-11-08T17:21:16.897190-0500]     1.9375 MB /   0.50 sec =   32.4979 Mbps     0 retrans   8511 KB-cwnd
[2024-11-08T17:21:17.397103-0500]     4.8125 MB /   0.50 sec =   80.7531 Mbps     0 retrans   8511 KB-cwnd
[2024-11-08T17:21:17.896954-0500]     6.2500 MB /   0.50 sec =  104.8482 Mbps     0 retrans   8511 KB-cwnd
[2024-11-08T17:21:18.397065-0500]     9.4375 MB /   0.50 sec =  158.3150 Mbps     4 retrans   5285 KB-cwnd
[2024-11-08T17:21:18.897082-0500]     9.7500 MB /   0.50 sec =  163.5671 Mbps     0 retrans   5309 KB-cwnd
[2024-11-08T17:21:19.396841-0500]    13.1250 MB /   0.50 sec =  220.2794 Mbps     0 retrans   5309 KB-cwnd
[2024-11-08T17:21:19.896847-0500]    11.2500 MB /   0.50 sec =  188.7497 Mbps     0 retrans   5309 KB-cwnd
[2024-11-08T17:21:20.396742-0500]     2.0000 MB /   0.50 sec =   33.5564 Mbps     0 retrans   5309 KB-cwnd
[2024-11-08T17:21:20.897009-0500]     4.9375 MB /   0.50 sec =   82.8070 Mbps     0 retrans   5309 KB-cwnd
[2024-11-08T17:21:21.396998-0500]     4.6875 MB /   0.50 sec =   78.6496 Mbps     0 retrans   5309 KB-cwnd
[2024-11-08T17:21:21.896857-0500]     4.3750 MB /   0.50 sec =   73.4132 Mbps     0 retrans   5309 KB-cwnd
[2024-11-08T17:21:22.396868-0500]     4.6250 MB /   0.50 sec =   77.5878 Mbps     0 retrans   5309 KB-cwnd
[2024-11-08T17:21:22.897075-0500]     8.1875 MB /   0.50 sec =  137.3341 Mbps    15 retrans   4084 KB-cwnd
[2024-11-08T17:21:23.397042-0500]     5.1250 MB /   0.50 sec =   85.9887 Mbps     0 retrans   4084 KB-cwnd
[2024-11-08T17:21:23.897198-0500]     6.5625 MB /   0.50 sec =  110.1011 Mbps     0 retrans   4190 KB-cwnd
[2024-11-08T17:21:24.396851-0500]     9.1250 MB /   0.50 sec =  153.1337 Mbps     0 retrans   4205 KB-cwnd
[2024-11-08T17:21:24.896922-0500]     4.8750 MB /   0.50 sec =   81.7760 Mbps     0 retrans   4267 KB-cwnd
[2024-11-08T17:21:25.396876-0500]    10.0000 MB /   0.50 sec =  167.7980 Mbps     0 retrans   4382 KB-cwnd
[2024-11-08T17:21:25.897055-0500]     3.8750 MB /   0.50 sec =   64.9934 Mbps     0 retrans   4382 KB-cwnd
[2024-11-08T17:21:26.396930-0500]     5.6250 MB /   0.50 sec =   94.3828 Mbps     0 retrans   4382 KB-cwnd
[2024-11-08T17:21:26.897141-0500]     5.7500 MB /   0.50 sec =   96.4399 Mbps     0 retrans   4382 KB-cwnd
[2024-11-08T17:21:27.397044-0500]     7.0000 MB /   0.50 sec =  117.4595 Mbps     0 retrans   4382 KB-cwnd
[2024-11-08T17:21:27.896966-0500]     2.0000 MB /   0.50 sec =   33.5577 Mbps     0 retrans   4382 KB-cwnd
[2024-11-08T17:21:28.397028-0500]     3.0625 MB /   0.50 sec =   51.3767 Mbps    11 retrans   4337 KB-cwnd
[2024-11-08T17:21:28.897069-0500]     3.5625 MB /   0.50 sec =   59.7636 Mbps     0 retrans   4337 KB-cwnd
[2024-11-08T17:21:29.397167-0500]     1.1250 MB /   0.50 sec =   18.8765 Mbps     0 retrans   4337 KB-cwnd
[2024-11-08T17:21:29.896992-0500]     0.9375 MB /   0.50 sec =   15.7293 Mbps     0 retrans   4337 KB-cwnd
[2024-11-08T17:21:30.397034-0500]     1.5625 MB /   0.50 sec =   26.2130 Mbps     0 retrans   4337 KB-cwnd
[2024-11-08T17:21:30.896982-0500]     0.0000 MB /   0.50 sec =    0.0000 Mbps     0 retrans   4337 KB-cwnd
[2024-11-08T17:21:31.396857-0500]     1.0625 MB /   0.50 sec =   17.8294 Mbps     0 retrans   4337 KB-cwnd
[2024-11-08T17:21:31.897055-0500]     2.5625 MB /   0.50 sec =   42.9795 Mbps     0 retrans   4337 KB-cwnd
[2024-11-08T17:21:32.396860-0500]     2.0625 MB /   0.50 sec =   34.6090 Mbps     0 retrans   4337 KB-cwnd
[2024-11-08T17:21:32.897049-0500]     4.3125 MB /   0.50 sec =   72.3496 Mbps     0 retrans   4337 KB-cwnd
[2024-11-08T17:21:33.397002-0500]     1.6250 MB /   0.50 sec =   27.2605 Mbps     0 retrans   4337 KB-cwnd
[2024-11-08T17:21:33.896948-0500]     2.8125 MB /   0.50 sec =   47.1890 Mbps     0 retrans   4337 KB-cwnd
[2024-11-08T17:21:34.396745-0500]     2.9375 MB /   0.50 sec =   49.2959 Mbps     0 retrans   4337 KB-cwnd
[2024-11-08T17:21:34.897102-0500]     3.0000 MB /   0.50 sec =   50.3258 Mbps     0 retrans   4337 KB-cwnd
[2024-11-08T17:21:35.396855-0500]     2.6875 MB /   0.50 sec =   45.0890 Mbps     0 retrans   4337 KB-cwnd
[2024-11-08T17:21:35.897074-0500]     1.5000 MB /   0.50 sec =   25.1581 Mbps     0 retrans   4337 KB-cwnd
[2024-11-08T17:21:36.397019-0500]     1.6875 MB /   0.50 sec =   28.3136 Mbps     0 retrans   4337 KB-cwnd
[2024-11-08T17:21:36.897049-0500]     1.8750 MB /   0.50 sec =   31.4529 Mbps     0 retrans   4337 KB-cwnd
[2024-11-08T17:21:37.397103-0500]     1.5625 MB /   0.50 sec =   26.2155 Mbps     0 retrans   4337 KB-cwnd
[2024-11-08T17:21:37.896888-0500]     1.8125 MB /   0.50 sec =   30.4157 Mbps     0 retrans   4337 KB-cwnd
[2024-11-08T17:21:38.396983-0500]     2.8125 MB /   0.50 sec =   47.1816 Mbps     0 retrans   4337 KB-cwnd
[2024-11-08T17:21:38.897129-0500]     3.1875 MB /   0.50 sec =   53.4704 Mbps     0 retrans   4337 KB-cwnd
[2024-11-08T17:21:39.396922-0500]     2.7500 MB /   0.50 sec =   46.1535 Mbps     0 retrans   4337 KB-cwnd
[2024-11-08T17:21:39.896835-0500]     2.8750 MB /   0.50 sec =   48.2357 Mbps     0 retrans   4337 KB-cwnd
[2024-11-08T17:21:40.397004-0500]     3.3750 MB /   0.50 sec =   56.6223 Mbps     0 retrans   4337 KB-cwnd
[2024-11-08T17:21:40.896994-0500]     3.9375 MB /   0.50 sec =   66.0475 Mbps     0 retrans   4337 KB-cwnd
[2024-11-08T17:21:41.396812-0500]     4.5625 MB /   0.50 sec =   76.5604 Mbps    14 retrans   5005 KB-cwnd
[2024-11-08T17:21:41.896892-0500]     5.3750 MB /   0.50 sec =   90.1747 Mbps     0 retrans   5005 KB-cwnd
[2024-11-08T17:21:42.396738-0500]     5.5000 MB /   0.50 sec =   92.2848 Mbps     0 retrans   5005 KB-cwnd
[2024-11-08T17:21:42.896965-0500]     6.5000 MB /   0.50 sec =  109.0218 Mbps     0 retrans   5005 KB-cwnd
[2024-11-08T17:21:43.396861-0500]     7.0625 MB /   0.50 sec =  118.5123 Mbps     0 retrans   5005 KB-cwnd
[2024-11-08T17:21:43.896993-0500]     9.1250 MB /   0.50 sec =  153.0936 Mbps     0 retrans   5005 KB-cwnd
[2024-11-08T17:21:44.396888-0500]     8.4375 MB /   0.50 sec =  141.5391 Mbps     1 retrans   5005 KB-cwnd
[2024-11-08T17:21:44.896929-0500]     5.1875 MB /   0.50 sec =   87.0414 Mbps     0 retrans   5005 KB-cwnd
[2024-11-08T17:21:45.396857-0500]     5.4375 MB /   0.50 sec =   91.2254 Mbps     0 retrans   5005 KB-cwnd
[2024-11-08T17:21:45.896964-0500]    11.3750 MB /   0.50 sec =  190.8118 Mbps    21 retrans   2970 KB-cwnd
[2024-11-08T17:21:46.396837-0500]    11.6875 MB /   0.50 sec =  196.1206 Mbps     0 retrans   2970 KB-cwnd
[2024-11-08T17:21:46.896987-0500]    12.1875 MB /   0.50 sec =  204.4130 Mbps     0 retrans   2970 KB-cwnd
[2024-11-08T17:21:47.396861-0500]    10.4375 MB /   0.50 sec =  175.1430 Mbps     0 retrans   2970 KB-cwnd
[2024-11-08T17:21:47.896836-0500]    12.3750 MB /   0.50 sec =  207.6396 Mbps     1 retrans   2970 KB-cwnd
[2024-11-08T17:21:48.396748-0500]    14.8750 MB /   0.50 sec =  249.5776 Mbps  2796 retrans   1982 KB-cwnd
[2024-11-08T17:21:48.897014-0500]     8.5000 MB /   0.50 sec =  142.5582 Mbps     0 retrans   1982 KB-cwnd
[2024-11-08T17:21:49.397188-0500]    11.4375 MB /   0.50 sec =  191.8906 Mbps     0 retrans   1982 KB-cwnd
[2024-11-08T17:21:49.896929-0500]     8.6875 MB /   0.50 sec =  145.7701 Mbps     0 retrans   1982 KB-cwnd
[2024-11-08T17:21:50.396859-0500]    14.8125 MB /   0.50 sec =  248.5508 Mbps     0 retrans   1982 KB-cwnd
[2024-11-08T17:21:50.896869-0500]    12.6250 MB /   0.50 sec =  211.8035 Mbps     0 retrans   5043 KB-cwnd
[2024-11-08T17:21:51.396819-0500]    12.5000 MB /   0.50 sec =  209.7244 Mbps     0 retrans   5043 KB-cwnd
[2024-11-08T17:21:51.896864-0500]    13.9375 MB /   0.50 sec =  233.8259 Mbps     0 retrans   5043 KB-cwnd
[2024-11-08T17:21:52.396767-0500]    12.6250 MB /   0.50 sec =  211.8162 Mbps     0 retrans   5043 KB-cwnd
[2024-11-08T17:21:52.896746-0500]    12.3125 MB /   0.50 sec =  206.5835 Mbps     0 retrans   5043 KB-cwnd
[2024-11-08T17:21:53.396881-0500]     6.6250 MB /   0.50 sec =  111.1404 Mbps     2 retrans   6180 KB-cwnd
[2024-11-08T17:21:53.896856-0500]    14.3125 MB /   0.50 sec =  240.1239 Mbps     0 retrans   6180 KB-cwnd
[2024-11-08T17:21:54.396846-0500]    16.5000 MB /   0.50 sec =  276.8246 Mbps     0 retrans   6180 KB-cwnd
[2024-11-08T17:21:54.897043-0500]    13.8750 MB /   0.50 sec =  232.7750 Mbps     0 retrans   6180 KB-cwnd
[2024-11-08T17:21:55.396831-0500]     6.4375 MB /   0.50 sec =  108.0094 Mbps     0 retrans   6180 KB-cwnd
[2024-11-08T17:21:55.896971-0500]    12.1250 MB /   0.50 sec =  203.3721 Mbps    10 retrans   5618 KB-cwnd
[2024-11-08T17:21:56.396852-0500]    11.9375 MB /   0.50 sec =  200.3265 Mbps     0 retrans   5618 KB-cwnd
[2024-11-08T17:21:56.896915-0500]     7.3750 MB /   0.50 sec =  123.7221 Mbps     0 retrans   5618 KB-cwnd
[2024-11-08T17:21:57.396973-0500]    14.2500 MB /   0.50 sec =  239.0414 Mbps     0 retrans   5618 KB-cwnd
[2024-11-08T17:21:57.896864-0500]    10.1875 MB /   0.50 sec =  170.9459 Mbps     0 retrans   5618 KB-cwnd
[2024-11-08T17:21:58.396804-0500]    15.2500 MB /   0.50 sec =  255.8699 Mbps     5 retrans   5767 KB-cwnd
[2024-11-08T17:21:58.896996-0500]    13.4375 MB /   0.50 sec =  225.3956 Mbps     0 retrans   5767 KB-cwnd
[2024-11-08T17:21:59.396903-0500]    12.5000 MB /   0.50 sec =  209.7232 Mbps     0 retrans   5767 KB-cwnd
[2024-11-08T17:21:59.896953-0500]    12.2500 MB /   0.50 sec =  205.5184 Mbps     0 retrans   5767 KB-cwnd
[2024-11-08T17:22:00.397107-0500]     7.8125 MB /   0.50 sec =  131.0654 Mbps     0 retrans   5767 KB-cwnd
[2024-11-08T17:22:00.896892-0500]     7.4375 MB /   0.50 sec =  124.7975 Mbps     0 retrans   5767 KB-cwnd
[2024-11-08T17:22:01.396954-0500]     7.8125 MB /   0.50 sec =  131.0660 Mbps     0 retrans   6361 KB-cwnd
[2024-11-08T17:22:01.896993-0500]    10.0000 MB /   0.50 sec =  167.7594 Mbps     0 retrans   6361 KB-cwnd
[2024-11-08T17:22:02.396880-0500]     6.0000 MB /   0.50 sec =  100.6701 Mbps     0 retrans   6361 KB-cwnd
[2024-11-08T17:22:02.897176-0500]     0.0000 MB /   0.50 sec =    0.0000 Mbps     0 retrans   6361 KB-cwnd
[2024-11-08T17:22:03.397001-0500]     2.1250 MB /   0.50 sec =   35.6606 Mbps     0 retrans   6361 KB-cwnd
[2024-11-08T17:22:03.897173-0500]     0.0000 MB /   0.50 sec =    0.0000 Mbps     0 retrans   6361 KB-cwnd
[2024-11-08T17:22:04.397046-0500]     0.0000 MB /   0.50 sec =    0.0000 Mbps     0 retrans   6361 KB-cwnd
[2024-11-08T17:22:04.897084-0500]     3.5000 MB /   0.50 sec =   58.7225 Mbps     0 retrans   6361 KB-cwnd
[2024-11-08T17:22:05.396847-0500]     0.0000 MB /   0.50 sec =    0.0000 Mbps     0 retrans   6361 KB-cwnd
[2024-11-08T17:22:05.897063-0500]     0.5625 MB /   0.50 sec =    9.4352 Mbps     0 retrans   6361 KB-cwnd
[2024-11-08T17:22:06.396823-0500]     0.0000 MB /   0.50 sec =    0.0000 Mbps     0 retrans   6361 KB-cwnd
[2024-11-08T17:22:06.896842-0500]     1.4375 MB /   0.50 sec =   24.1193 Mbps     0 retrans   6361 KB-cwnd
[2024-11-08T17:22:07.396917-0500]     5.6250 MB /   0.50 sec =   94.3594 Mbps     0 retrans   6361 KB-cwnd
[2024-11-08T17:22:07.896861-0500]     6.5000 MB /   0.50 sec =  109.0643 Mbps     0 retrans   6361 KB-cwnd
[2024-11-08T17:22:08.397005-0500]     8.0625 MB /   0.50 sec =  135.2668 Mbps     0 retrans   6361 KB-cwnd
[2024-11-08T17:22:08.896934-0500]     8.8750 MB /   0.50 sec =  148.8781 Mbps     0 retrans   6391 KB-cwnd
[2024-11-08T17:22:09.396844-0500]     9.0000 MB /   0.50 sec =  151.0161 Mbps    11 retrans   5535 KB-cwnd
[2024-11-08T17:22:09.896959-0500]    10.4375 MB /   0.50 sec =  175.0768 Mbps     0 retrans   5535 KB-cwnd
[2024-11-08T17:22:10.396778-0500]    13.1875 MB /   0.50 sec =  221.3026 Mbps     0 retrans   5535 KB-cwnd
[2024-11-08T17:22:10.896852-0500]    10.6875 MB /   0.50 sec =  179.2932 Mbps     0 retrans   5535 KB-cwnd
[2024-11-08T17:22:11.396819-0500]     4.6250 MB /   0.50 sec =   77.5917 Mbps     0 retrans   5535 KB-cwnd
[2024-11-08T17:22:11.896896-0500]    11.3125 MB /   0.50 sec =  189.8006 Mbps     0 retrans   5535 KB-cwnd
[2024-11-08T17:22:12.396814-0500]     8.3125 MB /   0.50 sec =  139.4542 Mbps     0 retrans   5487 KB-cwnd
[2024-11-08T17:22:12.896907-0500]     3.2500 MB /   0.50 sec =   54.5261 Mbps     0 retrans   5487 KB-cwnd
[2024-11-08T17:22:13.397017-0500]    10.8125 MB /   0.50 sec =  181.3670 Mbps    11 retrans   5469 KB-cwnd
[2024-11-08T17:22:13.896939-0500]    10.1875 MB /   0.50 sec =  170.9346 Mbps     0 retrans   5469 KB-cwnd
[2024-11-08T17:22:14.396939-0500]     6.5000 MB /   0.50 sec =  109.0526 Mbps     0 retrans   5469 KB-cwnd
[2024-11-08T17:22:14.896995-0500]     6.0625 MB /   0.50 sec =  101.7062 Mbps     0 retrans   5469 KB-cwnd
[2024-11-08T17:22:15.396999-0500]    12.4375 MB /   0.50 sec =  208.7142 Mbps     0 retrans   5469 KB-cwnd
[2024-11-08T17:22:15.896754-0500]     8.0000 MB /   0.50 sec =  134.2252 Mbps     0 retrans   5469 KB-cwnd
[2024-11-08T17:22:16.396873-0500]     8.1250 MB /   0.50 sec =  136.3067 Mbps     0 retrans   5469 KB-cwnd
[2024-11-08T17:22:16.896773-0500]     5.4375 MB /   0.50 sec =   91.2254 Mbps  4352 retrans   5773 KB-cwnd
[2024-11-08T17:22:17.396989-0500]     6.0000 MB /   0.50 sec =  100.6379 Mbps     0 retrans   5773 KB-cwnd
[2024-11-08T17:22:17.896876-0500]     7.7500 MB /   0.50 sec =  130.0500 Mbps     0 retrans   5773 KB-cwnd
[2024-11-08T17:22:18.396767-0500]     3.8125 MB /   0.50 sec =   63.9699 Mbps     0 retrans   5773 KB-cwnd
[2024-11-08T17:22:18.896897-0500]     8.7500 MB /   0.50 sec =  146.7918 Mbps     0 retrans   5773 KB-cwnd
[2024-11-08T17:22:19.397010-0500]     7.6250 MB /   0.50 sec =  127.8923 Mbps     0 retrans   5773 KB-cwnd
[2024-11-08T17:22:19.896956-0500]     7.3750 MB /   0.50 sec =  123.7419 Mbps     0 retrans   5773 KB-cwnd
[2024-11-08T17:22:20.396809-0500]    12.5000 MB /   0.50 sec =  209.7433 Mbps     0 retrans   5773 KB-cwnd
[2024-11-08T17:22:20.896967-0500]     7.7500 MB /   0.50 sec =  130.0050 Mbps    11 retrans   4110 KB-cwnd
[2024-11-08T17:22:21.396838-0500]     6.5625 MB /   0.50 sec =  110.1133 Mbps     0 retrans   4110 KB-cwnd
[2024-11-08T17:22:21.896897-0500]    10.5000 MB /   0.50 sec =  176.1562 Mbps     0 retrans   4110 KB-cwnd
[2024-11-08T17:22:22.396930-0500]     3.3125 MB /   0.50 sec =   55.5754 Mbps     0 retrans   4110 KB-cwnd
[2024-11-08T17:22:22.897133-0500]     9.3125 MB /   0.50 sec =  156.1807 Mbps     0 retrans   4110 KB-cwnd
[2024-11-08T17:22:23.397114-0500]     9.3750 MB /   0.50 sec =  157.3267 Mbps     0 retrans   4110 KB-cwnd
[2024-11-08T17:22:23.897061-0500]     5.7500 MB /   0.50 sec =   96.4642 Mbps     0 retrans   4110 KB-cwnd
[2024-11-08T17:22:24.396897-0500]     6.0000 MB /   0.50 sec =  100.6824 Mbps     0 retrans   4110 KB-cwnd
[2024-11-08T17:22:24.897004-0500]     4.0625 MB /   0.50 sec =   68.1438 Mbps     0 retrans   4110 KB-cwnd
[2024-11-08T17:22:25.397023-0500]     3.6250 MB /   0.50 sec =   60.8162 Mbps    13 retrans   3886 KB-cwnd
[2024-11-08T17:22:25.897008-0500]     1.8125 MB /   0.50 sec =   30.4102 Mbps     0 retrans   3886 KB-cwnd
[2024-11-08T17:22:26.396931-0500]     1.0000 MB /   0.50 sec =   16.7798 Mbps     0 retrans   3886 KB-cwnd
[2024-11-08T17:22:26.896873-0500]     0.8125 MB /   0.50 sec =   13.6310 Mbps     0 retrans   3886 KB-cwnd
End time: 1731104547123
