Start time: 1731104763829
[2024-11-08T17:26:08.898394-0500] traceroute to 54.197.223.49 (54.197.223.49), 30 hops max, 60 byte packets
[2024-11-08T17:26:08.899191-0500]  1  * * *
[2024-11-08T17:26:08.899243-0500]  2  * * *
[2024-11-08T17:26:08.899281-0500]  3  * * *
[2024-11-08T17:26:08.907327-0500]  4  * * *
[2024-11-08T17:26:08.907404-0500]  5  * * *
[2024-11-08T17:26:13.906051-0500]  6  * * *
[2024-11-08T17:26:13.906454-0500]  7  * * *
[2024-11-08T17:26:13.915635-0500]  8  * * *
[2024-11-08T17:26:13.915875-0500]  9  * * *
[2024-11-08T17:26:13.915935-0500] 10  * * *
[2024-11-08T17:26:18.914692-0500] 11  * * *
[2024-11-08T17:26:18.915007-0500] 12  * * *
[2024-11-08T17:26:18.925460-0500] 13  * * *
[2024-11-08T17:26:18.925828-0500] 14  * * *
[2024-11-08T17:26:18.925961-0500] 15  * * *
[2024-11-08T17:26:23.923520-0500] 16  * * *
[2024-11-08T17:26:23.931145-0500] 17  * * *
[2024-11-08T17:26:23.931297-0500] 18  * * *
[2024-11-08T17:26:23.931396-0500] 19  * * *
[2024-11-08T17:26:23.943164-0500] 20  * * *
[2024-11-08T17:26:23.943474-0500] 21  * * *
[2024-11-08T17:26:28.932570-0500] 22  * * *
[2024-11-08T17:26:28.940179-0500] 23  * * *
[2024-11-08T17:26:28.949096-0500] 24  * * *
[2024-11-08T17:26:28.949347-0500] 25  * * *
[2024-11-08T17:26:28.955794-0500] 26  * * *
[2024-11-08T17:26:33.886590-0500] 27  * *End time: 1731104793951
