Start time: 1730669304476
[2024-11-03T14:28:25.395245-0700] nuttcp-r: v8.1.4: socket
[2024-11-03T14:28:25.396286-0700] nuttcp-r: buflen=65536, nstream=1, port=5379 tcp
[2024-11-03T14:28:25.396387-0700] nuttcp-r: interval reporting every 0.50 seconds
[2024-11-03T14:28:25.396492-0700] nuttcp-r: connect to 54.176.53.206 with RTT=63.279 ms af=inet
[2024-11-03T14:28:25.396570-0700] nuttcp-r: send window size = 2097152, receive window size = 6291456
[2024-11-03T14:28:25.396813-0700] nuttcp-r: available send window = 1572864, available receive window = 4718592
[2024-11-03T14:28:25.397207-0700]     0.2500 MB /   0.50 sec =    4.1937 Mbps     0 retrans
[2024-11-03T14:28:25.895495-0700]     1.3125 MB /   0.50 sec =   22.0208 Mbps     0 retrans
[2024-11-03T14:28:26.395145-0700]     2.1875 MB /   0.50 sec =   36.6963 Mbps     0 retrans
[2024-11-03T14:28:26.895075-0700]     2.3750 MB /   0.50 sec =   39.8489 Mbps     0 retrans
[2024-11-03T14:28:27.395102-0700]     2.8125 MB /   0.50 sec =   47.1863 Mbps     0 retrans
[2024-11-03T14:28:27.895176-0700]     2.3750 MB /   0.50 sec =   39.8393 Mbps     0 retrans
[2024-11-03T14:28:28.395311-0700]     2.9375 MB /   0.50 sec =   49.2935 Mbps     0 retrans
[2024-11-03T14:28:28.895516-0700]     2.8750 MB /   0.50 sec =   48.1953 Mbps     0 retrans
[2024-11-03T14:28:29.395085-0700]     2.8125 MB /   0.50 sec =   47.2211 Mbps     0 retrans
[2024-11-03T14:28:29.895076-0700]     3.1250 MB /   0.50 sec =   52.4308 Mbps     0 retrans
[2024-11-03T14:28:30.395069-0700]     3.1250 MB /   0.50 sec =   52.4293 Mbps     0 retrans
[2024-11-03T14:28:30.895057-0700]     3.0625 MB /   0.50 sec =   51.3802 Mbps     0 retrans
[2024-11-03T14:28:31.395066-0700]     2.3750 MB /   0.50 sec =   39.8462 Mbps     0 retrans
[2024-11-03T14:28:31.895141-0700]     2.1250 MB /   0.50 sec =   35.6467 Mbps     0 retrans
[2024-11-03T14:28:32.395066-0700]     2.6250 MB /   0.50 sec =   44.0445 Mbps     0 retrans
[2024-11-03T14:28:32.895070-0700]     2.6250 MB /   0.50 sec =   44.0439 Mbps     0 retrans
[2024-11-03T14:28:33.395085-0700]     2.0625 MB /   0.50 sec =   34.6007 Mbps     0 retrans
[2024-11-03T14:28:33.895055-0700]     2.4375 MB /   0.50 sec =   40.8951 Mbps     0 retrans
[2024-11-03T14:28:34.395073-0700]     2.5625 MB /   0.50 sec =   42.9912 Mbps     0 retrans
[2024-11-03T14:28:34.895072-0700]     2.3750 MB /   0.50 sec =   39.8460 Mbps     0 retrans
[2024-11-03T14:28:35.395089-0700]     2.9375 MB /   0.50 sec =   49.2775 Mbps     0 retrans
[2024-11-03T14:28:35.895058-0700]     0.9375 MB /   0.50 sec =   15.7307 Mbps     0 retrans
[2024-11-03T14:28:36.394982-0700]     1.8750 MB /   0.50 sec =   31.4589 Mbps     0 retrans
[2024-11-03T14:28:36.895122-0700]     2.3125 MB /   0.50 sec =   38.7906 Mbps     0 retrans
[2024-11-03T14:28:37.395609-0700]     1.4375 MB /   0.50 sec =   24.0965 Mbps     0 retrans
[2024-11-03T14:28:37.895331-0700]     1.8125 MB /   0.50 sec =   30.4256 Mbps     0 retrans
[2024-11-03T14:28:38.395070-0700]     1.8125 MB /   0.50 sec =   30.4211 Mbps     0 retrans
[2024-11-03T14:28:38.895091-0700]     1.8125 MB /   0.50 sec =   30.4084 Mbps     0 retrans
[2024-11-03T14:28:39.395102-0700]     1.7500 MB /   0.50 sec =   29.3588 Mbps     0 retrans
[2024-11-03T14:28:39.895087-0700]     1.5625 MB /   0.50 sec =   26.2156 Mbps     0 retrans
[2024-11-03T14:28:40.395076-0700]     2.3750 MB /   0.50 sec =   39.8464 Mbps     0 retrans
[2024-11-03T14:28:40.895065-0700]     2.3125 MB /   0.50 sec =   38.7972 Mbps     0 retrans
[2024-11-03T14:28:41.395070-0700]     2.0000 MB /   0.50 sec =   33.5547 Mbps     0 retrans
[2024-11-03T14:28:41.894976-0700]     2.0000 MB /   0.50 sec =   33.5557 Mbps     0 retrans
[2024-11-03T14:28:42.395470-0700]     2.7500 MB /   0.50 sec =   46.0988 Mbps     0 retrans
[2024-11-03T14:28:42.895224-0700]     2.5625 MB /   0.50 sec =   43.0256 Mbps     0 retrans
[2024-11-03T14:28:43.395055-0700]     2.3125 MB /   0.50 sec =   38.7979 Mbps     0 retrans
[2024-11-03T14:28:43.895158-0700]     2.1875 MB /   0.50 sec =   36.6947 Mbps     0 retrans
[2024-11-03T14:28:44.395068-0700]     1.6875 MB /   0.50 sec =   28.3157 Mbps     0 retrans
[2024-11-03T14:28:44.895063-0700]     1.5000 MB /   0.50 sec =   25.1656 Mbps     0 retrans
[2024-11-03T14:28:45.395066-0700]     2.1250 MB /   0.50 sec =   35.6514 Mbps     0 retrans
[2024-11-03T14:28:45.895072-0700]     1.7500 MB /   0.50 sec =   29.3600 Mbps     0 retrans
[2024-11-03T14:28:46.395089-0700]     1.0000 MB /   0.50 sec =   16.7767 Mbps     0 retrans
[2024-11-03T14:28:46.895077-0700]     2.0625 MB /   0.50 sec =   34.6038 Mbps     0 retrans
[2024-11-03T14:28:47.395110-0700]     2.6250 MB /   0.50 sec =   44.0392 Mbps     0 retrans
[2024-11-03T14:28:47.895455-0700]     2.1875 MB /   0.50 sec =   36.6741 Mbps     0 retrans
[2024-11-03T14:28:48.395128-0700]     2.0000 MB /   0.50 sec =   33.5761 Mbps     0 retrans
[2024-11-03T14:28:48.895082-0700]     2.8750 MB /   0.50 sec =   48.2391 Mbps     0 retrans
[2024-11-03T14:28:49.395095-0700]     2.6875 MB /   0.50 sec =   45.0854 Mbps     0 retrans
[2024-11-03T14:28:49.895066-0700]     2.0000 MB /   0.50 sec =   33.5573 Mbps     0 retrans
[2024-11-03T14:28:50.395077-0700]     1.8750 MB /   0.50 sec =   31.4570 Mbps     0 retrans
[2024-11-03T14:28:50.895064-0700]     2.7500 MB /   0.50 sec =   46.1373 Mbps     0 retrans
[2024-11-03T14:28:51.395077-0700]     1.6875 MB /   0.50 sec =   28.3116 Mbps     0 retrans
[2024-11-03T14:28:51.895072-0700]     2.4375 MB /   0.50 sec =   40.8942 Mbps     0 retrans
[2024-11-03T14:28:52.395070-0700]     2.3125 MB /   0.50 sec =   38.7978 Mbps     0 retrans
[2024-11-03T14:28:52.895141-0700]     2.1875 MB /   0.50 sec =   36.7027 Mbps     0 retrans
[2024-11-03T14:28:53.395218-0700]     2.2500 MB /   0.50 sec =   37.7462 Mbps     0 retrans
[2024-11-03T14:28:53.895079-0700]     1.8125 MB /   0.50 sec =   30.4082 Mbps     0 retrans
[2024-11-03T14:28:54.395065-0700]     2.0000 MB /   0.50 sec =   33.5553 Mbps     0 retrans
[2024-11-03T14:28:54.895058-0700]     2.6875 MB /   0.50 sec =   45.0886 Mbps     0 retrans
[2024-11-03T14:28:55.395125-0700]     2.3125 MB /   0.50 sec =   38.7931 Mbps     0 retrans
[2024-11-03T14:28:55.895087-0700]     3.0000 MB /   0.50 sec =   50.3363 Mbps     0 retrans
[2024-11-03T14:28:56.395081-0700]     2.3750 MB /   0.50 sec =   39.8449 Mbps     0 retrans
[2024-11-03T14:28:56.895073-0700]     1.0625 MB /   0.50 sec =   17.8262 Mbps     0 retrans
[2024-11-03T14:28:57.395257-0700]     2.0625 MB /   0.50 sec =   34.6025 Mbps     0 retrans
[2024-11-03T14:28:57.895056-0700]     1.8125 MB /   0.50 sec =   30.4095 Mbps     0 retrans
[2024-11-03T14:28:58.394988-0700]     1.8125 MB /   0.50 sec =   30.4104 Mbps     0 retrans
[2024-11-03T14:28:58.895075-0700]     1.9375 MB /   0.50 sec =   32.5038 Mbps     0 retrans
[2024-11-03T14:28:59.395074-0700]     1.7500 MB /   0.50 sec =   29.3601 Mbps     0 retrans
[2024-11-03T14:28:59.895070-0700]     2.1875 MB /   0.50 sec =   36.7004 Mbps     0 retrans
[2024-11-03T14:29:00.395210-0700]     2.6875 MB /   0.50 sec =   45.0771 Mbps     0 retrans
[2024-11-03T14:29:00.895127-0700]     2.6875 MB /   0.50 sec =   45.0952 Mbps     0 retrans
[2024-11-03T14:29:01.395076-0700]     2.6250 MB /   0.50 sec =   44.0453 Mbps     0 retrans
[2024-11-03T14:29:01.895058-0700]     3.0625 MB /   0.50 sec =   51.3804 Mbps     0 retrans
[2024-11-03T14:29:02.395221-0700]     3.1250 MB /   0.50 sec =   52.4284 Mbps     0 retrans
[2024-11-03T14:29:02.895002-0700]     2.6250 MB /   0.50 sec =   44.0422 Mbps     0 retrans
[2024-11-03T14:29:03.395071-0700]     2.0625 MB /   0.50 sec =   34.6015 Mbps     0 retrans
[2024-11-03T14:29:03.895069-0700]     1.6875 MB /   0.50 sec =   28.3116 Mbps     0 retrans
[2024-11-03T14:29:04.395060-0700]     1.5625 MB /   0.50 sec =   26.2148 Mbps     0 retrans
[2024-11-03T14:29:04.895060-0700]     2.4375 MB /   0.50 sec =   40.8941 Mbps     0 retrans
[2024-11-03T14:29:05.395087-0700]     1.1875 MB /   0.50 sec =   19.9227 Mbps     0 retrans
[2024-11-03T14:29:05.895097-0700]     1.3750 MB /   0.50 sec =   23.0679 Mbps     0 retrans
[2024-11-03T14:29:06.395118-0700]     0.7500 MB /   0.50 sec =   12.5827 Mbps     0 retrans
[2024-11-03T14:29:06.895071-0700]     1.8750 MB /   0.50 sec =   31.4587 Mbps     0 retrans
[2024-11-03T14:29:07.395057-0700]     0.5000 MB /   0.50 sec =    8.3887 Mbps     0 retrans
[2024-11-03T14:29:07.895215-0700]     0.8125 MB /   0.50 sec =   13.6314 Mbps     0 retrans
[2024-11-03T14:29:08.395393-0700]     0.8750 MB /   0.50 sec =   14.6787 Mbps     0 retrans
[2024-11-03T14:29:08.895381-0700]     0.6250 MB /   0.50 sec =   10.4800 Mbps     0 retrans
[2024-11-03T14:29:09.395067-0700]     0.8750 MB /   0.50 sec =   14.6897 Mbps     0 retrans
[2024-11-03T14:29:09.895074-0700]     0.8750 MB /   0.50 sec =   14.6799 Mbps     0 retrans
[2024-11-03T14:29:10.395065-0700]     1.2500 MB /   0.50 sec =   20.9716 Mbps     0 retrans
[2024-11-03T14:29:10.895074-0700]     1.0625 MB /   0.50 sec =   17.8256 Mbps     0 retrans
[2024-11-03T14:29:11.395264-0700]     1.3750 MB /   0.50 sec =   23.0660 Mbps     0 retrans
[2024-11-03T14:29:11.895065-0700]     1.2500 MB /   0.50 sec =   20.9741 Mbps     0 retrans
[2024-11-03T14:29:12.395077-0700]     1.1875 MB /   0.50 sec =   19.9228 Mbps     0 retrans
[2024-11-03T14:29:12.895197-0700]     1.0625 MB /   0.50 sec =   17.8263 Mbps     0 retrans
[2024-11-03T14:29:13.395611-0700]     1.1250 MB /   0.50 sec =   18.8715 Mbps     0 retrans
[2024-11-03T14:29:13.895440-0700]     1.3750 MB /   0.50 sec =   23.0549 Mbps     0 retrans
[2024-11-03T14:29:14.395081-0700]     1.5000 MB /   0.50 sec =   25.1837 Mbps     0 retrans
[2024-11-03T14:29:14.895054-0700]     1.5625 MB /   0.50 sec =   26.2151 Mbps     0 retrans
[2024-11-03T14:29:15.395127-0700]     1.1875 MB /   0.50 sec =   19.9208 Mbps     0 retrans
[2024-11-03T14:29:15.895051-0700]     1.3125 MB /   0.50 sec =   22.0225 Mbps     0 retrans
[2024-11-03T14:29:16.395123-0700]     1.3750 MB /   0.50 sec =   23.0662 Mbps     0 retrans
[2024-11-03T14:29:16.895058-0700]     1.8750 MB /   0.50 sec =   31.4608 Mbps     0 retrans
[2024-11-03T14:29:17.395443-0700]     1.5000 MB /   0.50 sec =   25.1587 Mbps     0 retrans
[2024-11-03T14:29:17.895101-0700]     0.6875 MB /   0.50 sec =   11.5375 Mbps     0 retrans
[2024-11-03T14:29:18.395074-0700]     1.8125 MB /   0.50 sec =   30.4088 Mbps     0 retrans
[2024-11-03T14:29:18.895076-0700]     1.1875 MB /   0.50 sec =   19.9230 Mbps     0 retrans
[2024-11-03T14:29:19.395077-0700]     0.8750 MB /   0.50 sec =   14.6798 Mbps     0 retrans
[2024-11-03T14:29:19.895061-0700]     0.7500 MB /   0.50 sec =   12.5832 Mbps     0 retrans
[2024-11-03T14:29:20.395072-0700]     0.6250 MB /   0.50 sec =   10.4856 Mbps     0 retrans
[2024-11-03T14:29:20.895223-0700]     0.6875 MB /   0.50 sec =   11.5344 Mbps     0 retrans
[2024-11-03T14:29:21.395071-0700]     0.9375 MB /   0.50 sec =   15.7288 Mbps     0 retrans
[2024-11-03T14:29:21.895059-0700]     0.6875 MB /   0.50 sec =   11.5343 Mbps     0 retrans
[2024-11-03T14:29:22.395082-0700]     1.1875 MB /   0.50 sec =   19.9223 Mbps     0 retrans
[2024-11-03T14:29:22.895060-0700]     0.8750 MB /   0.50 sec =   14.6806 Mbps     0 retrans
[2024-11-03T14:29:23.395061-0700]     1.3125 MB /   0.50 sec =   22.0201 Mbps     0 retrans
[2024-11-03T14:29:23.895071-0700]     0.9375 MB /   0.50 sec =   15.7281 Mbps     0 retrans
[2024-11-03T14:29:24.395141-0700]     0.8750 MB /   0.50 sec =   14.6784 Mbps     0 retrans
[2024-11-03T14:29:24.895091-0700]     0.5000 MB /   0.50 sec =    8.3895 Mbps     0 retrans
[2024-11-03T14:29:25.395105-0700]     1.3750 MB /   0.50 sec =   23.0680 Mbps     0 retrans
[2024-11-03T14:29:25.895046-0700]     1.4375 MB /   0.50 sec =   24.1193 Mbps     0 retrans
[2024-11-03T14:29:26.395292-0700]     1.4375 MB /   0.50 sec =   24.1172 Mbps     0 retrans
[2024-11-03T14:29:26.895135-0700]     1.6250 MB /   0.50 sec =   27.2598 Mbps     0 retrans
[2024-11-03T14:29:27.394990-0700]     1.8125 MB /   0.50 sec =   30.4131 Mbps     0 retrans
[2024-11-03T14:29:27.895074-0700]     2.0625 MB /   0.50 sec =   34.6013 Mbps     0 retrans
[2024-11-03T14:29:28.395068-0700]     2.5625 MB /   0.50 sec =   42.9911 Mbps     0 retrans
[2024-11-03T14:29:28.895050-0700]     2.6875 MB /   0.50 sec =   45.0897 Mbps     0 retrans
[2024-11-03T14:29:29.395012-0700]     3.2500 MB /   0.50 sec =   54.5260 Mbps     0 retrans
[2024-11-03T14:29:29.895429-0700]     2.4375 MB /   0.50 sec =   40.8657 Mbps     0 retrans
[2024-11-03T14:29:30.395065-0700]     2.8750 MB /   0.50 sec =   48.2685 Mbps     0 retrans
[2024-11-03T14:29:30.895054-0700]     3.7500 MB /   0.50 sec =   62.9144 Mbps     0 retrans
[2024-11-03T14:29:31.395642-0700]     3.6250 MB /   0.50 sec =   60.8128 Mbps     0 retrans
[2024-11-03T14:29:31.895069-0700]     2.5625 MB /   0.50 sec =   42.9952 Mbps     0 retrans
[2024-11-03T14:29:32.395064-0700]     2.1250 MB /   0.50 sec =   35.6515 Mbps     0 retrans
[2024-11-03T14:29:32.895120-0700]     1.6250 MB /   0.50 sec =   27.2605 Mbps     0 retrans
[2024-11-03T14:29:33.395124-0700]     0.5000 MB /   0.50 sec =    8.3884 Mbps     0 retrans
[2024-11-03T14:29:33.895071-0700]     0.4375 MB /   0.50 sec =    7.3408 Mbps     0 retrans
[2024-11-03T14:29:34.395492-0700]     0.2500 MB /   0.50 sec =    4.1939 Mbps     0 retrans
[2024-11-03T14:29:34.895225-0700]     0.3750 MB /   0.50 sec =    6.2923 Mbps     0 retrans
[2024-11-03T14:29:35.395086-0700]     0.3125 MB /   0.50 sec =    5.2426 Mbps     0 retrans
[2024-11-03T14:29:35.895183-0700]     0.1875 MB /   0.50 sec =    3.1458 Mbps     0 retrans
[2024-11-03T14:29:36.395082-0700]     0.3750 MB /   0.50 sec =    6.2912 Mbps     0 retrans
[2024-11-03T14:29:36.895064-0700]     0.5625 MB /   0.50 sec =    9.4374 Mbps     0 retrans
[2024-11-03T14:29:37.395068-0700]     0.6250 MB /   0.50 sec =   10.4859 Mbps     0 retrans
[2024-11-03T14:29:37.895067-0700]     0.6250 MB /   0.50 sec =   10.4856 Mbps     0 retrans
[2024-11-03T14:29:38.395269-0700]     0.1250 MB /   0.50 sec =    2.0970 Mbps     0 retrans
[2024-11-03T14:29:38.895099-0700]     0.3750 MB /   0.50 sec =    6.2918 Mbps     0 retrans
[2024-11-03T14:29:39.395068-0700]     0.4375 MB /   0.50 sec =    7.3401 Mbps     0 retrans
[2024-11-03T14:29:39.895057-0700]     0.4375 MB /   0.50 sec =    7.3401 Mbps     0 retrans
[2024-11-03T14:29:40.395486-0700]     0.6875 MB /   0.50 sec =   11.5289 Mbps     0 retrans
[2024-11-03T14:29:40.895413-0700]     0.8125 MB /   0.50 sec =   13.6285 Mbps     0 retrans
[2024-11-03T14:29:41.395089-0700]     0.6875 MB /   0.50 sec =   11.5418 Mbps     0 retrans
[2024-11-03T14:29:41.895235-0700]     0.7500 MB /   0.50 sec =   12.5834 Mbps     0 retrans
[2024-11-03T14:29:42.395097-0700]     0.8125 MB /   0.50 sec =   13.6305 Mbps     0 retrans
[2024-11-03T14:29:42.895410-0700]     1.0625 MB /   0.50 sec =   17.8149 Mbps     0 retrans
[2024-11-03T14:29:43.395068-0700]     1.1250 MB /   0.50 sec =   18.8874 Mbps     0 retrans
[2024-11-03T14:29:43.895081-0700]     1.3125 MB /   0.50 sec =   22.0198 Mbps     0 retrans
[2024-11-03T14:29:44.395055-0700]     1.4375 MB /   0.50 sec =   24.1178 Mbps     0 retrans
[2024-11-03T14:29:44.895063-0700]     1.5625 MB /   0.50 sec =   26.2142 Mbps     0 retrans
[2024-11-03T14:29:45.395096-0700]     1.6250 MB /   0.50 sec =   27.2616 Mbps     0 retrans
[2024-11-03T14:29:45.895259-0700]     2.1250 MB /   0.50 sec =   35.6522 Mbps     0 retrans
[2024-11-03T14:29:46.395481-0700]     1.9375 MB /   0.50 sec =   32.4808 Mbps     0 retrans
[2024-11-03T14:29:46.895095-0700]     1.1250 MB /   0.50 sec =   18.8889 Mbps     0 retrans
[2024-11-03T14:29:47.395074-0700]     1.1250 MB /   0.50 sec =   18.8749 Mbps     0 retrans
[2024-11-03T14:29:47.895085-0700]     0.8125 MB /   0.50 sec =   13.6311 Mbps     0 retrans
[2024-11-03T14:29:48.395434-0700]     0.6250 MB /   0.50 sec =   10.4827 Mbps     0 retrans
[2024-11-03T14:29:48.895069-0700]     0.9375 MB /   0.50 sec =   15.7337 Mbps     0 retrans
[2024-11-03T14:29:49.395067-0700]     1.1250 MB /   0.50 sec =   18.8744 Mbps     0 retrans
[2024-11-03T14:29:49.895059-0700]     1.6875 MB /   0.50 sec =   28.3118 Mbps     0 retrans
[2024-11-03T14:29:50.395079-0700]     1.5000 MB /   0.50 sec =   25.1650 Mbps     0 retrans
[2024-11-03T14:29:50.895068-0700]     1.6250 MB /   0.50 sec =   27.2637 Mbps     0 retrans
[2024-11-03T14:29:51.395091-0700]     1.6250 MB /   0.50 sec =   27.2623 Mbps     0 retrans
[2024-11-03T14:29:51.895130-0700]     1.3750 MB /   0.50 sec =   23.0666 Mbps     0 retrans
[2024-11-03T14:29:52.395081-0700]     1.4375 MB /   0.50 sec =   24.1199 Mbps     0 retrans
[2024-11-03T14:29:52.895061-0700]     1.3125 MB /   0.50 sec =   22.0203 Mbps     0 retrans
[2024-11-03T14:29:53.395121-0700]     1.6250 MB /   0.50 sec =   27.2599 Mbps     0 retrans
[2024-11-03T14:29:53.895075-0700]     0.5000 MB /   0.50 sec =    8.3894 Mbps     0 retrans
[2024-11-03T14:29:54.395111-0700]     1.4375 MB /   0.50 sec =   24.1149 Mbps     0 retrans
[2024-11-03T14:29:54.895063-0700]     1.5000 MB /   0.50 sec =   25.1689 Mbps     0 retrans
[2024-11-03T14:29:55.395069-0700]     1.5000 MB /   0.50 sec =   25.1657 Mbps     0 retrans
[2024-11-03T14:29:55.895193-0700]     1.4375 MB /   0.50 sec =   24.1172 Mbps     0 retrans
[2024-11-03T14:29:56.395686-0700]     1.8750 MB /   0.50 sec =   31.4321 Mbps     0 retrans
[2024-11-03T14:29:56.895074-0700]     1.9375 MB /   0.50 sec =   32.5317 Mbps     0 retrans
[2024-11-03T14:29:57.395034-0700]     2.0625 MB /   0.50 sec =   34.6031 Mbps     0 retrans
[2024-11-03T14:29:57.895469-0700]     2.2500 MB /   0.50 sec =   37.7196 Mbps     0 retrans
[2024-11-03T14:29:58.395120-0700]     2.4375 MB /   0.50 sec =   40.9254 Mbps     0 retrans
[2024-11-03T14:29:58.895054-0700]     2.3125 MB /   0.50 sec =   38.7982 Mbps     0 retrans
[2024-11-03T14:29:59.395197-0700]     2.5000 MB /   0.50 sec =   41.9453 Mbps     0 retrans
[2024-11-03T14:29:59.895054-0700]     2.3750 MB /   0.50 sec =   39.8440 Mbps     0 retrans
[2024-11-03T14:30:00.395097-0700]     2.1250 MB /   0.50 sec =   35.6532 Mbps     0 retrans
[2024-11-03T14:30:00.895082-0700]     2.4375 MB /   0.50 sec =   40.8923 Mbps     0 retrans
[2024-11-03T14:30:01.395058-0700]     3.0000 MB /   0.50 sec =   50.3317 Mbps     0 retrans
[2024-11-03T14:30:01.895063-0700]     2.8750 MB /   0.50 sec =   48.2340 Mbps     0 retrans
[2024-11-03T14:30:02.395083-0700]     3.0625 MB /   0.50 sec =   51.3802 Mbps     0 retrans
[2024-11-03T14:30:02.895049-0700]     2.6250 MB /   0.50 sec =   44.0408 Mbps     0 retrans
[2024-11-03T14:30:03.395074-0700]     2.8125 MB /   0.50 sec =   47.1854 Mbps     0 retrans
[2024-11-03T14:30:03.895066-0700]     2.6250 MB /   0.50 sec =   44.0403 Mbps     0 retrans
[2024-11-03T14:30:04.395072-0700]     0.8750 MB /   0.50 sec =   14.6798 Mbps     0 retrans
[2024-11-03T14:30:04.895033-0700]     2.3125 MB /   0.50 sec =   38.7974 Mbps     0 retrans
[2024-11-03T14:30:05.395164-0700]     2.1250 MB /   0.50 sec =   35.6466 Mbps     0 retrans
[2024-11-03T14:30:05.895053-0700]     1.3750 MB /   0.50 sec =   23.0723 Mbps     0 retrans
[2024-11-03T14:30:06.395047-0700]     1.4375 MB /   0.50 sec =   24.1176 Mbps     0 retrans
[2024-11-03T14:30:06.895078-0700]     1.8750 MB /   0.50 sec =   31.4569 Mbps     0 retrans
[2024-11-03T14:30:07.395233-0700]     2.2500 MB /   0.50 sec =   37.7484 Mbps     0 retrans
[2024-11-03T14:30:07.895068-0700]     2.5625 MB /   0.50 sec =   42.9920 Mbps     0 retrans
[2024-11-03T14:30:08.395068-0700]     1.9375 MB /   0.50 sec =   32.5059 Mbps     0 retrans
[2024-11-03T14:30:08.895080-0700]     2.3750 MB /   0.50 sec =   39.8460 Mbps     0 retrans
[2024-11-03T14:30:09.395287-0700]     1.8750 MB /   0.50 sec =   31.4575 Mbps     0 retrans
[2024-11-03T14:30:09.895415-0700]     3.0000 MB /   0.50 sec =   50.2959 Mbps     0 retrans
[2024-11-03T14:30:10.395077-0700]     2.3125 MB /   0.50 sec =   38.8243 Mbps     0 retrans
[2024-11-03T14:30:10.895072-0700]     2.2500 MB /   0.50 sec =   37.7490 Mbps     0 retrans
[2024-11-03T14:30:11.395103-0700]     1.3125 MB /   0.50 sec =   22.0196 Mbps     0 retrans
[2024-11-03T14:30:11.895181-0700]     1.8125 MB /   0.50 sec =   30.4096 Mbps     0 retrans
[2024-11-03T14:30:12.395065-0700]     1.6875 MB /   0.50 sec =   28.3114 Mbps     0 retrans
[2024-11-03T14:30:12.899849-0700]     2.0625 MB /   0.50 sec =   34.2731 Mbps     0 retrans
[2024-11-03T14:30:13.395106-0700]     3.0625 MB /   0.50 sec =   51.8779 Mbps     0 retrans
[2024-11-03T14:30:13.895022-0700]     2.5000 MB /   0.50 sec =   41.9456 Mbps     0 retrans
[2024-11-03T14:30:14.395301-0700]     2.1250 MB /   0.50 sec =   35.6387 Mbps     0 retrans
[2024-11-03T14:30:14.895075-0700]     1.3750 MB /   0.50 sec =   23.0755 Mbps     0 retrans
[2024-11-03T14:30:15.395662-0700]     2.6875 MB /   0.50 sec =   45.0868 Mbps     0 retrans
[2024-11-03T14:30:15.895183-0700]     2.4375 MB /   0.50 sec =   40.9003 Mbps     0 retrans
[2024-11-03T14:30:16.395113-0700]     2.3125 MB /   0.50 sec =   38.7947 Mbps     0 retrans
[2024-11-03T14:30:16.895090-0700]     3.1250 MB /   0.50 sec =   52.4280 Mbps     0 retrans
[2024-11-03T14:30:17.395075-0700]     2.9375 MB /   0.50 sec =   49.2841 Mbps     0 retrans
[2024-11-03T14:30:17.895229-0700]     2.6875 MB /   0.50 sec =   45.0888 Mbps     0 retrans
[2024-11-03T14:30:18.395103-0700]     2.9375 MB /   0.50 sec =   49.2828 Mbps     0 retrans
[2024-11-03T14:30:18.895083-0700]     2.8750 MB /   0.50 sec =   48.2341 Mbps     0 retrans
[2024-11-03T14:30:19.395076-0700]     3.3750 MB /   0.50 sec =   56.6239 Mbps     0 retrans
[2024-11-03T14:30:19.895092-0700]     3.0625 MB /   0.50 sec =   51.3796 Mbps     0 retrans
[2024-11-03T14:30:20.395073-0700]     3.3125 MB /   0.50 sec =   55.5751 Mbps     0 retrans
[2024-11-03T14:30:20.895222-0700]     3.3750 MB /   0.50 sec =   56.6028 Mbps     0 retrans
[2024-11-03T14:30:21.395521-0700]     4.0625 MB /   0.50 sec =   68.1227 Mbps     0 retrans
[2024-11-03T14:30:21.895145-0700]     3.2500 MB /   0.50 sec =   54.5674 Mbps     0 retrans
[2024-11-03T14:30:22.395121-0700]     2.8750 MB /   0.50 sec =   48.2378 Mbps     0 retrans
[2024-11-03T14:30:22.895058-0700]     2.9375 MB /   0.50 sec =   49.2846 Mbps     0 retrans
[2024-11-03T14:30:23.395096-0700]     2.9375 MB /   0.50 sec =   49.2831 Mbps     0 retrans
[2024-11-03T14:30:23.895060-0700]     2.8750 MB /   0.50 sec =   48.2349 Mbps     0 retrans
[2024-11-03T14:30:24.395094-0700]     3.3125 MB /   0.50 sec =   55.5737 Mbps     0 retrans
[2024-11-03T14:30:24.895192-0700]     1.7500 MB /   0.50 sec =   29.3553 Mbps     0 retrans
[2024-11-03T14:30:25.395099-0700]     1.5000 MB /   0.50 sec =   25.1685 Mbps     0 retrans
End time: 1730669425647
