Start time: 1745081519929
Connecting to host 34.86.116.81, port 5203
Reverse mode, remote host 34.86.116.81 is sending
[  5] local 192.0.0.2 port 53942 connected to 34.86.116.81 port 5203
[ ID] Interval           Transfer     Bitrate
[  5]   0.00-0.10   sec  82.6 KBytes  6.76 Mbits/sec                  
[  5]   0.10-0.20   sec   490 KBytes  40.2 Mbits/sec                  
[  5]   0.20-0.30   sec   898 KBytes  73.5 Mbits/sec                  
[  5]   0.30-0.40   sec  1.54 MBytes   129 Mbits/sec                  
[  5]   0.40-0.50   sec  3.13 MBytes   263 Mbits/sec                  
[  5]   0.50-0.60   sec  2.19 MBytes   184 Mbits/sec                  
[  5]   0.60-0.70   sec  4.27 MBytes   358 Mbits/sec                  
[  5]   0.70-0.80   sec  5.06 MBytes   425 Mbits/sec                  
[  5]   0.80-0.90   sec  4.76 MBytes   399 Mbits/sec                  
[  5]   0.90-1.00   sec  6.65 MBytes   558 Mbits/sec                  
[  5]   1.00-1.10   sec  5.80 MBytes   487 Mbits/sec                  
[  5]   1.10-1.20   sec  5.58 MBytes   468 Mbits/sec                  
[  5]   1.20-1.30   sec  6.71 MBytes   563 Mbits/sec                  
[  5]   1.30-1.40   sec  7.60 MBytes   638 Mbits/sec                  
[  5]   1.40-1.50   sec  7.59 MBytes   637 Mbits/sec                  
[  5]   1.50-1.60   sec  6.24 MBytes   523 Mbits/sec                  
[  5]   1.60-1.70   sec  6.12 MBytes   510 Mbits/sec                  
[  5]   1.70-1.80   sec  6.07 MBytes   513 Mbits/sec                  
[  5]   1.80-1.90   sec  5.77 MBytes   484 Mbits/sec                  
[  5]   1.90-2.00   sec  6.32 MBytes   530 Mbits/sec                  
[  5]   2.00-2.10   sec  7.19 MBytes   603 Mbits/sec                  
[  5]   2.10-2.20   sec  8.35 MBytes   701 Mbits/sec                  
[  5]   2.20-2.30   sec  7.64 MBytes   619 Mbits/sec                  
[  5]   2.30-2.40   sec  6.06 MBytes   527 Mbits/sec                  
[  5]   2.40-2.50   sec  6.58 MBytes   552 Mbits/sec                  
[  5]   2.50-2.60   sec  7.06 MBytes   590 Mbits/sec                  
[  5]   2.60-2.70   sec  6.04 MBytes   509 Mbits/sec                  
[  5]   2.70-2.80   sec  7.57 MBytes   635 Mbits/sec                  
[  5]   2.80-2.90   sec  5.85 MBytes   491 Mbits/sec                  
[  5]   2.90-3.00   sec  7.11 MBytes   596 Mbits/sec                  
[  5]   3.00-3.10   sec  5.00 MBytes   419 Mbits/sec                  
[  5]   3.10-3.20   sec  7.85 MBytes   657 Mbits/sec                  
[  5]   3.20-3.30   sec  10.0 MBytes   844 Mbits/sec                  
[  5]   3.30-3.40   sec  6.35 MBytes   533 Mbits/sec                  
[  5]   3.40-3.50   sec  6.03 MBytes   506 Mbits/sec                  
[  5]   3.50-3.60   sec  9.07 MBytes   761 Mbits/sec                  
[  5]   3.60-3.70   sec  6.47 MBytes   542 Mbits/sec                  
[  5]   3.70-3.80   sec  5.17 MBytes   433 Mbits/sec                  
[  5]   3.80-3.90   sec  5.60 MBytes   470 Mbits/sec                  
[  5]   3.90-4.00   sec  7.08 MBytes   594 Mbits/sec                  
[  5]   4.00-4.10   sec  7.47 MBytes   627 Mbits/sec                  
[  5]   4.10-4.20   sec  5.79 MBytes   484 Mbits/sec                  
[  5]   4.20-4.30   sec  5.68 MBytes   478 Mbits/sec                  
[  5]   4.30-4.40   sec  5.21 MBytes   437 Mbits/sec                  
[  5]   4.40-4.50   sec  7.12 MBytes   597 Mbits/sec                  
[  5]   4.50-4.60   sec  5.78 MBytes   484 Mbits/sec                  
[  5]   4.60-4.70   sec  8.28 MBytes   694 Mbits/sec                  
[  5]   4.70-4.80   sec  5.01 MBytes   421 Mbits/sec                  
[  5]   4.80-4.90   sec  6.75 MBytes   566 Mbits/sec                  
[  5]   4.90-5.00   sec  3.58 MBytes   301 Mbits/sec                  
- - - - - - - - - - - - - - - - - - - - - - - - -
[ ID] Interval           Transfer     Bitrate         Retr
[  5]   0.00-5.04   sec   572 MBytes   953 Mbits/sec    0             sender
[  5]   0.00-5.00   sec   292 MBytes   489 Mbits/sec                  receiver

iperf Done.
End time: 1745081525811
