Start time: 1730931572656
[2024-11-06T17:19:33.744005-0500] nuttcp-r: v8.1.4: socket
[2024-11-06T17:19:33.745107-0500] nuttcp-r: buflen=65536, nstream=1, port=5379 tcp
[2024-11-06T17:19:33.745179-0500] nuttcp-r: interval reporting every 0.50 seconds
[2024-11-06T17:19:33.745326-0500] nuttcp-r: connect to 54.197.223.49 with RTT=50.001 ms af=inet
[2024-11-06T17:19:33.745494-0500] nuttcp-r: send window size = 2097152, receive window size = 6291456
[2024-11-06T17:19:33.745608-0500] nuttcp-r: available send window = 1572864, available receive window = 4718592
[2024-11-06T17:19:33.745717-0500]     0.6250 MB /   0.50 sec =   10.4848 Mbps     0 retrans     13 KB-cwnd
[2024-11-06T17:19:34.244410-0500]     7.7500 MB /   0.50 sec =  130.0185 Mbps     0 retrans     13 KB-cwnd
[2024-11-06T17:19:34.744490-0500]    28.1875 MB /   0.50 sec =  472.8151 Mbps     0 retrans     13 KB-cwnd
[2024-11-06T17:19:35.244697-0500]    21.8125 MB /   0.50 sec =  365.9464 Mbps     0 retrans     13 KB-cwnd
[2024-11-06T17:19:35.744634-0500]    19.2500 MB /   0.50 sec =  322.9801 Mbps     0 retrans     13 KB-cwnd
[2024-11-06T17:19:36.243982-0500]    15.0000 MB /   0.50 sec =  251.6849 Mbps     0 retrans     13 KB-cwnd
[2024-11-06T17:19:36.744496-0500]    15.5000 MB /   0.50 sec =  259.8348 Mbps     0 retrans     13 KB-cwnd
[2024-11-06T17:19:37.244192-0500]     0.1875 MB /   0.50 sec =    3.1475 Mbps     0 retrans     13 KB-cwnd
[2024-11-06T17:19:37.744596-0500]    23.5625 MB /   0.50 sec =  395.0437 Mbps     0 retrans     13 KB-cwnd
[2024-11-06T17:19:38.244053-0500]    15.0625 MB /   0.50 sec =  252.9269 Mbps     0 retrans     13 KB-cwnd
[2024-11-06T17:19:38.744051-0500]    14.3125 MB /   0.50 sec =  240.1407 Mbps     0 retrans     13 KB-cwnd
[2024-11-06T17:19:39.244082-0500]     9.1250 MB /   0.50 sec =  153.0774 Mbps     0 retrans     18 KB-cwnd
[2024-11-06T17:19:39.744137-0500]    10.2500 MB /   0.50 sec =  171.9902 Mbps     0 retrans     18 KB-cwnd
[2024-11-06T17:19:40.244067-0500]    11.2500 MB /   0.50 sec =  188.7225 Mbps     0 retrans     26 KB-cwnd
[2024-11-06T17:19:40.744100-0500]    10.3750 MB /   0.50 sec =  174.0560 Mbps     0 retrans     26 KB-cwnd
[2024-11-06T17:19:41.243989-0500]    11.3125 MB /   0.50 sec =  189.8226 Mbps     0 retrans     26 KB-cwnd
[2024-11-06T17:19:41.744161-0500]    11.0000 MB /   0.50 sec =  184.5571 Mbps     0 retrans     26 KB-cwnd
[2024-11-06T17:19:42.244601-0500]     5.3125 MB /   0.50 sec =   89.0321 Mbps     0 retrans     26 KB-cwnd
[2024-11-06T17:19:42.743999-0500]     6.6250 MB /   0.50 sec =  111.2654 Mbps     0 retrans     26 KB-cwnd
[2024-11-06T17:19:43.244090-0500]     7.8750 MB /   0.50 sec =  132.1031 Mbps     0 retrans     26 KB-cwnd
[2024-11-06T17:19:43.744017-0500]     7.3750 MB /   0.50 sec =  123.7478 Mbps     0 retrans     26 KB-cwnd
[2024-11-06T17:19:44.244130-0500]     1.6250 MB /   0.50 sec =   27.2569 Mbps     0 retrans     26 KB-cwnd
[2024-11-06T17:19:44.744105-0500]     7.0625 MB /   0.50 sec =  118.4952 Mbps     0 retrans     26 KB-cwnd
[2024-11-06T17:19:45.244030-0500]     9.2500 MB /   0.50 sec =  155.2128 Mbps     0 retrans     26 KB-cwnd
[2024-11-06T17:19:45.744002-0500]    14.3750 MB /   0.50 sec =  241.1778 Mbps     0 retrans     26 KB-cwnd
[2024-11-06T17:19:46.244042-0500]    17.9375 MB /   0.50 sec =  300.9299 Mbps     0 retrans     26 KB-cwnd
[2024-11-06T17:19:46.744608-0500]     6.1875 MB /   0.50 sec =  103.7511 Mbps     0 retrans     26 KB-cwnd
[2024-11-06T17:19:47.244219-0500]     9.0625 MB /   0.50 sec =  152.1424 Mbps     0 retrans     30 KB-cwnd
[2024-11-06T17:19:47.744052-0500]     6.6250 MB /   0.50 sec =  111.1406 Mbps     0 retrans     30 KB-cwnd
[2024-11-06T17:19:48.244409-0500]     2.0000 MB /   0.50 sec =   33.5414 Mbps     0 retrans     30 KB-cwnd
[2024-11-06T17:19:48.745172-0500]     4.0625 MB /   0.50 sec =   68.0361 Mbps     0 retrans     34 KB-cwnd
[2024-11-06T17:19:49.244271-0500]     5.5000 MB /   0.50 sec =   92.4398 Mbps     0 retrans     34 KB-cwnd
[2024-11-06T17:19:49.743988-0500]    13.1250 MB /   0.50 sec =  220.2939 Mbps     0 retrans     39 KB-cwnd
[2024-11-06T17:19:50.244010-0500]     8.5000 MB /   0.50 sec =  142.6041 Mbps     0 retrans     39 KB-cwnd
[2024-11-06T17:19:50.743991-0500]     6.2500 MB /   0.50 sec =  104.8599 Mbps     0 retrans     39 KB-cwnd
[2024-11-06T17:19:51.244236-0500]     2.4375 MB /   0.50 sec =   40.8771 Mbps     0 retrans     39 KB-cwnd
[2024-11-06T17:19:51.744477-0500]     8.6250 MB /   0.50 sec =  144.7515 Mbps     0 retrans     39 KB-cwnd
[2024-11-06T17:19:52.244460-0500]     6.0000 MB /   0.50 sec =  100.5836 Mbps     0 retrans     42 KB-cwnd
[2024-11-06T17:19:52.745707-0500]     4.3125 MB /   0.50 sec =   72.2049 Mbps     0 retrans     42 KB-cwnd
[2024-11-06T17:19:53.244522-0500]    10.8125 MB /   0.50 sec =  181.7442 Mbps     0 retrans     42 KB-cwnd
[2024-11-06T17:19:53.744254-0500]    10.5000 MB /   0.50 sec =  176.3329 Mbps     0 retrans     42 KB-cwnd
[2024-11-06T17:19:54.244059-0500]    10.4375 MB /   0.50 sec =  175.1115 Mbps   452 retrans   5122 KB-cwnd
[2024-11-06T17:19:54.743992-0500]    10.8750 MB /   0.50 sec =  182.4639 Mbps     0 retrans   5122 KB-cwnd
[2024-11-06T17:19:55.244017-0500]    21.0625 MB /   0.50 sec =  353.3623 Mbps     0 retrans   5122 KB-cwnd
[2024-11-06T17:19:55.744031-0500]    18.0000 MB /   0.50 sec =  301.9820 Mbps     0 retrans   5122 KB-cwnd
[2024-11-06T17:19:56.244088-0500]     5.5000 MB /   0.50 sec =   92.2490 Mbps     0 retrans   5122 KB-cwnd
[2024-11-06T17:19:56.745481-0500]     0.0625 MB /   0.50 sec =    1.0462 Mbps     0 retrans   5122 KB-cwnd
[2024-11-06T17:19:57.245336-0500]     0.1875 MB /   0.50 sec =    3.1466 Mbps     0 retrans   5122 KB-cwnd
[2024-11-06T17:19:57.743998-0500]    20.0000 MB /   0.50 sec =  336.3334 Mbps     0 retrans   5122 KB-cwnd
[2024-11-06T17:19:58.244278-0500]     2.4375 MB /   0.50 sec =   40.8764 Mbps     0 retrans   5122 KB-cwnd
[2024-11-06T17:19:58.744123-0500]    11.2500 MB /   0.50 sec =  188.7928 Mbps     0 retrans   5122 KB-cwnd
[2024-11-06T17:19:59.245169-0500]     1.4375 MB /   0.50 sec =   24.0668 Mbps     0 retrans   5122 KB-cwnd
[2024-11-06T17:19:59.745191-0500]     4.2500 MB /   0.50 sec =   71.3040 Mbps     0 retrans   5122 KB-cwnd
[2024-11-06T17:20:00.244205-0500]     3.9375 MB /   0.50 sec =   66.1887 Mbps     0 retrans   5122 KB-cwnd
[2024-11-06T17:20:00.745545-0500]     6.0000 MB /   0.50 sec =  100.4630 Mbps     0 retrans   5122 KB-cwnd
[2024-11-06T17:20:01.245217-0500]     0.0000 MB /   0.50 sec =    0.0000 Mbps     0 retrans   5122 KB-cwnd
[2024-11-06T17:20:01.744010-0500]     9.5000 MB /   0.50 sec =  159.7439 Mbps     0 retrans   5122 KB-cwnd
[2024-11-06T17:20:02.245134-0500]     0.0000 MB /   0.50 sec =    0.0000 Mbps     0 retrans   5122 KB-cwnd
[2024-11-06T17:20:02.745133-0500]     4.1875 MB /   0.50 sec =   70.2557 Mbps     0 retrans   5122 KB-cwnd
[2024-11-06T17:20:03.244192-0500]     2.8750 MB /   0.50 sec =   48.3222 Mbps     0 retrans   5122 KB-cwnd
[2024-11-06T17:20:03.745167-0500]     9.0000 MB /   0.50 sec =  150.7125 Mbps     0 retrans   5122 KB-cwnd
[2024-11-06T17:20:04.244258-0500]     0.0000 MB /   0.50 sec =    0.0000 Mbps     0 retrans   5122 KB-cwnd
[2024-11-06T17:20:04.744191-0500]     8.8125 MB /   0.50 sec =  147.8670 Mbps     0 retrans   5122 KB-cwnd
[2024-11-06T17:20:05.244026-0500]     4.6250 MB /   0.50 sec =   77.6179 Mbps   280 retrans   4318 KB-cwnd
[2024-11-06T17:20:05.744011-0500]     5.0625 MB /   0.50 sec =   84.9345 Mbps     0 retrans   4318 KB-cwnd
[2024-11-06T17:20:06.243999-0500]     6.7500 MB /   0.50 sec =  113.2458 Mbps     0 retrans   4318 KB-cwnd
[2024-11-06T17:20:06.744025-0500]     9.4375 MB /   0.50 sec =  158.3385 Mbps     0 retrans   4318 KB-cwnd
[2024-11-06T17:20:07.244251-0500]     2.3125 MB /   0.50 sec =   38.7920 Mbps     0 retrans   4318 KB-cwnd
[2024-11-06T17:20:07.744010-0500]     6.6875 MB /   0.50 sec =  112.2129 Mbps     0 retrans   4318 KB-cwnd
[2024-11-06T17:20:08.244290-0500]     4.7500 MB /   0.50 sec =   79.6900 Mbps     0 retrans   4318 KB-cwnd
[2024-11-06T17:20:08.745501-0500]     6.6875 MB /   0.50 sec =  111.9364 Mbps     0 retrans   4318 KB-cwnd
[2024-11-06T17:20:09.244342-0500]     2.5625 MB /   0.50 sec =   43.0776 Mbps     0 retrans   4318 KB-cwnd
[2024-11-06T17:20:09.744127-0500]     3.4375 MB /   0.50 sec =   57.6826 Mbps     0 retrans   4318 KB-cwnd
[2024-11-06T17:20:10.244259-0500]     2.6250 MB /   0.50 sec =   44.0298 Mbps     0 retrans   4318 KB-cwnd
[2024-11-06T17:20:10.743990-0500]    14.1250 MB /   0.50 sec =  237.0749 Mbps     0 retrans   4318 KB-cwnd
[2024-11-06T17:20:11.245119-0500]     5.4375 MB /   0.50 sec =   91.0288 Mbps     0 retrans   4318 KB-cwnd
[2024-11-06T17:20:11.744010-0500]     7.2500 MB /   0.50 sec =  121.8974 Mbps     0 retrans   4318 KB-cwnd
[2024-11-06T17:20:12.243981-0500]     5.0000 MB /   0.50 sec =   83.8884 Mbps     0 retrans   4318 KB-cwnd
[2024-11-06T17:20:12.744157-0500]    10.1250 MB /   0.50 sec =  169.8771 Mbps     0 retrans   4318 KB-cwnd
[2024-11-06T17:20:13.244039-0500]    12.6250 MB /   0.50 sec =  211.7869 Mbps     0 retrans   4318 KB-cwnd
[2024-11-06T17:20:13.744243-0500]     4.4375 MB /   0.50 sec =   74.4215 Mbps     0 retrans   4318 KB-cwnd
[2024-11-06T17:20:14.244229-0500]     6.6250 MB /   0.50 sec =  111.1931 Mbps     0 retrans   4318 KB-cwnd
[2024-11-06T17:20:14.744019-0500]    11.5000 MB /   0.50 sec =  192.9418 Mbps     0 retrans   4318 KB-cwnd
[2024-11-06T17:20:15.243995-0500]     7.5000 MB /   0.50 sec =  125.8306 Mbps     0 retrans   4318 KB-cwnd
[2024-11-06T17:20:15.744020-0500]     7.1250 MB /   0.50 sec =  119.5346 Mbps  9185 retrans   1566 KB-cwnd
[2024-11-06T17:20:16.245333-0500]     2.3125 MB /   0.50 sec =   38.7050 Mbps     0 retrans   1566 KB-cwnd
[2024-11-06T17:20:16.744335-0500]     7.5625 MB /   0.50 sec =  127.1732 Mbps     0 retrans   1566 KB-cwnd
[2024-11-06T17:20:17.244002-0500]     5.3750 MB /   0.50 sec =   90.1855 Mbps     0 retrans   1566 KB-cwnd
[2024-11-06T17:20:17.744120-0500]     5.4375 MB /   0.50 sec =   91.2081 Mbps     0 retrans   1566 KB-cwnd
[2024-11-06T17:20:18.244047-0500]     8.1250 MB /   0.50 sec =  136.3296 Mbps     0 retrans   1566 KB-cwnd
[2024-11-06T17:20:18.744037-0500]     8.8750 MB /   0.50 sec =  148.9082 Mbps     0 retrans   1566 KB-cwnd
[2024-11-06T17:20:19.244022-0500]     5.8125 MB /   0.50 sec =   97.5178 Mbps     0 retrans   1566 KB-cwnd
[2024-11-06T17:20:19.744065-0500]     5.2500 MB /   0.50 sec =   88.0703 Mbps     0 retrans   1566 KB-cwnd
[2024-11-06T17:20:20.244027-0500]     7.0625 MB /   0.50 sec =  118.5021 Mbps     0 retrans   1566 KB-cwnd
[2024-11-06T17:20:20.744027-0500]     6.8750 MB /   0.50 sec =  115.3431 Mbps     0 retrans   1566 KB-cwnd
[2024-11-06T17:20:21.244087-0500]     4.1250 MB /   0.50 sec =   69.1970 Mbps     0 retrans   1566 KB-cwnd
[2024-11-06T17:20:21.744104-0500]     6.9375 MB /   0.50 sec =  116.3889 Mbps  2753 retrans   2941 KB-cwnd
[2024-11-06T17:20:22.244012-0500]     6.9375 MB /   0.50 sec =  116.4106 Mbps     0 retrans   2941 KB-cwnd
[2024-11-06T17:20:22.744198-0500]     5.6250 MB /   0.50 sec =   94.3718 Mbps     0 retrans   2941 KB-cwnd
[2024-11-06T17:20:23.244629-0500]     3.8750 MB /   0.50 sec =   64.9518 Mbps     0 retrans   2941 KB-cwnd
[2024-11-06T17:20:23.744028-0500]     7.7500 MB /   0.50 sec =  130.1458 Mbps     0 retrans   2941 KB-cwnd
[2024-11-06T17:20:24.244001-0500]    10.5000 MB /   0.50 sec =  176.1551 Mbps     0 retrans   2941 KB-cwnd
[2024-11-06T17:20:24.744033-0500]     9.7500 MB /   0.50 sec =  163.5788 Mbps     0 retrans   2941 KB-cwnd
[2024-11-06T17:20:25.244290-0500]     1.7500 MB /   0.50 sec =   29.3471 Mbps     0 retrans   2941 KB-cwnd
[2024-11-06T17:20:25.745176-0500]     5.5625 MB /   0.50 sec =   93.1539 Mbps     0 retrans   2941 KB-cwnd
[2024-11-06T17:20:26.244269-0500]     4.8125 MB /   0.50 sec =   80.8926 Mbps     0 retrans   2941 KB-cwnd
[2024-11-06T17:20:26.744029-0500]     8.6250 MB /   0.50 sec =  144.7579 Mbps     0 retrans   2941 KB-cwnd
[2024-11-06T17:20:27.244264-0500]     1.4375 MB /   0.50 sec =   24.1080 Mbps     0 retrans   2941 KB-cwnd
[2024-11-06T17:20:27.744114-0500]     8.0000 MB /   0.50 sec =  134.2513 Mbps   816 retrans   2823 KB-cwnd
[2024-11-06T17:20:28.244104-0500]     3.1250 MB /   0.50 sec =   52.4258 Mbps     0 retrans   2823 KB-cwnd
[2024-11-06T17:20:28.744025-0500]     6.0625 MB /   0.50 sec =  101.7332 Mbps     0 retrans   2823 KB-cwnd
[2024-11-06T17:20:29.244036-0500]     5.8125 MB /   0.50 sec =   97.5180 Mbps     0 retrans   2823 KB-cwnd
[2024-11-06T17:20:29.743995-0500]    10.3750 MB /   0.50 sec =  174.0622 Mbps     0 retrans   2823 KB-cwnd
[2024-11-06T17:20:30.244068-0500]     6.6250 MB /   0.50 sec =  111.1386 Mbps     0 retrans   2823 KB-cwnd
[2024-11-06T17:20:30.745125-0500]     2.8750 MB /   0.50 sec =   48.1368 Mbps     0 retrans   2823 KB-cwnd
[2024-11-06T17:20:31.244229-0500]     3.6875 MB /   0.50 sec =   61.9737 Mbps     0 retrans   2823 KB-cwnd
[2024-11-06T17:20:31.745154-0500]     6.1250 MB /   0.50 sec =  102.5731 Mbps     0 retrans   2823 KB-cwnd
[2024-11-06T17:20:32.244017-0500]     7.4375 MB /   0.50 sec =  125.0579 Mbps     0 retrans   2823 KB-cwnd
[2024-11-06T17:20:32.744010-0500]     9.2500 MB /   0.50 sec =  155.1886 Mbps     0 retrans   2823 KB-cwnd
[2024-11-06T17:20:33.244191-0500]     8.0625 MB /   0.50 sec =  135.2311 Mbps   791 retrans   2147 KB-cwnd
[2024-11-06T17:20:33.743943-0500]     7.4375 MB /   0.50 sec =  124.8182 Mbps     0 retrans   2147 KB-cwnd
[2024-11-06T17:20:34.244009-0500]     7.5625 MB /   0.50 sec =  126.8719 Mbps     0 retrans   2147 KB-cwnd
[2024-11-06T17:20:34.744012-0500]     5.4375 MB /   0.50 sec =   91.2270 Mbps     0 retrans   2147 KB-cwnd
[2024-11-06T17:20:35.244441-0500]     3.1875 MB /   0.50 sec =   53.4559 Mbps     0 retrans   2277 KB-cwnd
[2024-11-06T17:20:35.745060-0500]     6.8750 MB /   0.50 sec =  115.1511 Mbps     0 retrans   2277 KB-cwnd
[2024-11-06T17:20:36.245177-0500]     4.3125 MB /   0.50 sec =   72.3406 Mbps     0 retrans   2277 KB-cwnd
[2024-11-06T17:20:36.744181-0500]     1.5000 MB /   0.50 sec =   25.2139 Mbps     0 retrans   2277 KB-cwnd
[2024-11-06T17:20:37.244006-0500]     5.9375 MB /   0.50 sec =   99.6446 Mbps     0 retrans   2277 KB-cwnd
[2024-11-06T17:20:37.744103-0500]     3.0625 MB /   0.50 sec =   51.3746 Mbps     0 retrans   2277 KB-cwnd
[2024-11-06T17:20:38.244035-0500]     2.1250 MB /   0.50 sec =   35.6551 Mbps     0 retrans   2277 KB-cwnd
[2024-11-06T17:20:38.744168-0500]     5.8125 MB /   0.50 sec =   97.4926 Mbps     0 retrans   2277 KB-cwnd
[2024-11-06T17:20:39.244125-0500]     6.5625 MB /   0.50 sec =  110.1262 Mbps     0 retrans   2277 KB-cwnd
[2024-11-06T17:20:39.744027-0500]     8.6875 MB /   0.50 sec =  145.7608 Mbps  3213 retrans   3404 KB-cwnd
[2024-11-06T17:20:40.244196-0500]    11.3125 MB /   0.50 sec =  189.7942 Mbps     0 retrans   3404 KB-cwnd
[2024-11-06T17:20:40.744007-0500]    13.1250 MB /   0.50 sec =  220.1961 Mbps     0 retrans   3404 KB-cwnd
[2024-11-06T17:20:41.244059-0500]    15.6875 MB /   0.50 sec =  263.1889 Mbps     0 retrans   3404 KB-cwnd
[2024-11-06T17:20:41.744070-0500]    16.3125 MB /   0.50 sec =  273.6444 Mbps     0 retrans   3404 KB-cwnd
[2024-11-06T17:20:42.245102-0500]     9.4375 MB /   0.50 sec =  158.0234 Mbps     0 retrans   3404 KB-cwnd
[2024-11-06T17:20:42.745187-0500]     8.3125 MB /   0.50 sec =  139.4408 Mbps  1157 retrans   3660 KB-cwnd
[2024-11-06T17:20:43.244076-0500]     7.8750 MB /   0.50 sec =  132.4026 Mbps     0 retrans   3660 KB-cwnd
[2024-11-06T17:20:43.744024-0500]     4.2500 MB /   0.50 sec =   71.3114 Mbps     0 retrans   3660 KB-cwnd
[2024-11-06T17:20:44.244241-0500]     3.3750 MB /   0.50 sec =   56.6040 Mbps     0 retrans   3660 KB-cwnd
[2024-11-06T17:20:44.744144-0500]     5.0625 MB /   0.50 sec =   84.9603 Mbps     0 retrans   3660 KB-cwnd
[2024-11-06T17:20:45.244042-0500]     5.7500 MB /   0.50 sec =   96.4723 Mbps     0 retrans   3660 KB-cwnd
[2024-11-06T17:20:45.744226-0500]     0.5000 MB /   0.50 sec =    8.3856 Mbps     0 retrans   3660 KB-cwnd
[2024-11-06T17:20:46.245165-0500]     5.3125 MB /   0.50 sec =   88.9647 Mbps     0 retrans   3660 KB-cwnd
[2024-11-06T17:20:46.744007-0500]     5.5000 MB /   0.50 sec =   92.4811 Mbps     0 retrans   3660 KB-cwnd
[2024-11-06T17:20:47.244211-0500]     5.8125 MB /   0.50 sec =   97.5131 Mbps     0 retrans   3660 KB-cwnd
[2024-11-06T17:20:47.745167-0500]     5.2500 MB /   0.50 sec =   87.8877 Mbps     0 retrans   3660 KB-cwnd
[2024-11-06T17:20:48.244235-0500]     5.3125 MB /   0.50 sec =   89.2961 Mbps     0 retrans   3660 KB-cwnd
[2024-11-06T17:20:48.744698-0500]     2.8750 MB /   0.50 sec =   48.1990 Mbps     0 retrans   3660 KB-cwnd
[2024-11-06T17:20:49.244100-0500]     3.8125 MB /   0.50 sec =   64.0233 Mbps     0 retrans   3660 KB-cwnd
[2024-11-06T17:20:49.744121-0500]     2.8125 MB /   0.50 sec =   47.1953 Mbps     0 retrans   3660 KB-cwnd
[2024-11-06T17:20:50.244000-0500]     0.1875 MB /   0.50 sec =    3.1455 Mbps     0 retrans   3660 KB-cwnd
[2024-11-06T17:20:50.744019-0500]     2.8125 MB /   0.50 sec =   47.1867 Mbps  1376 retrans   2730 KB-cwnd
[2024-11-06T17:20:51.244044-0500]     3.1250 MB /   0.50 sec =   52.4266 Mbps     0 retrans   2730 KB-cwnd
[2024-11-06T17:20:51.744006-0500]     4.3125 MB /   0.50 sec =   72.3541 Mbps     0 retrans   2730 KB-cwnd
[2024-11-06T17:20:52.244036-0500]     4.4375 MB /   0.50 sec =   74.4489 Mbps     0 retrans   2730 KB-cwnd
[2024-11-06T17:20:52.745156-0500]     4.6250 MB /   0.50 sec =   77.4254 Mbps     0 retrans   2730 KB-cwnd
[2024-11-06T17:20:53.244178-0500]     3.3750 MB /   0.50 sec =   56.7302 Mbps     0 retrans   2730 KB-cwnd
[2024-11-06T17:20:53.744135-0500]     2.5625 MB /   0.50 sec =   42.9981 Mbps     0 retrans   2730 KB-cwnd
[2024-11-06T17:20:54.244018-0500]     4.6250 MB /   0.50 sec =   77.6074 Mbps     0 retrans   2730 KB-cwnd
[2024-11-06T17:20:54.744466-0500]     2.3125 MB /   0.50 sec =   38.7941 Mbps     0 retrans   2730 KB-cwnd
[2024-11-06T17:20:55.244012-0500]     3.4375 MB /   0.50 sec =   57.6763 Mbps     0 retrans   2730 KB-cwnd
[2024-11-06T17:20:55.744071-0500]     2.1875 MB /   0.50 sec =   36.6977 Mbps     0 retrans   2730 KB-cwnd
[2024-11-06T17:20:56.244020-0500]     0.0000 MB /   0.50 sec =    0.0000 Mbps     0 retrans   2730 KB-cwnd
[2024-11-06T17:20:56.744086-0500]     2.0000 MB /   0.50 sec =   33.5538 Mbps     0 retrans   2730 KB-cwnd
[2024-11-06T17:20:57.244051-0500]     1.1875 MB /   0.50 sec =   19.9231 Mbps     0 retrans   2730 KB-cwnd
[2024-11-06T17:20:57.744068-0500]     4.5000 MB /   0.50 sec =   75.4925 Mbps     0 retrans   2730 KB-cwnd
[2024-11-06T17:20:58.244099-0500]     0.5625 MB /   0.50 sec =    9.4375 Mbps     0 retrans   2730 KB-cwnd
[2024-11-06T17:20:58.744094-0500]     0.2500 MB /   0.50 sec =    4.1942 Mbps     0 retrans   2730 KB-cwnd
[2024-11-06T17:20:59.244142-0500]     0.0000 MB /   0.50 sec =    0.0000 Mbps     0 retrans   2730 KB-cwnd
[2024-11-06T17:20:59.744037-0500]     3.2500 MB /   0.50 sec =   54.5210 Mbps     0 retrans   2730 KB-cwnd
[2024-11-06T17:21:00.244052-0500]     2.5000 MB /   0.50 sec =   41.9422 Mbps     0 retrans   2730 KB-cwnd
[2024-11-06T17:21:00.744026-0500]     1.6250 MB /   0.50 sec =   27.2634 Mbps     0 retrans   2730 KB-cwnd
[2024-11-06T17:21:01.244163-0500]     2.8750 MB /   0.50 sec =   48.2399 Mbps     0 retrans   2730 KB-cwnd
[2024-11-06T17:21:01.744033-0500]     7.6250 MB /   0.50 sec =  127.9158 Mbps     0 retrans   2730 KB-cwnd
[2024-11-06T17:21:02.243999-0500]    10.2500 MB /   0.50 sec =  171.9696 Mbps   343 retrans   5293 KB-cwnd
[2024-11-06T17:21:02.744233-0500]    13.0625 MB /   0.50 sec =  219.1458 Mbps     0 retrans   5293 KB-cwnd
[2024-11-06T17:21:03.244024-0500]    15.9375 MB /   0.50 sec =  267.3890 Mbps     0 retrans   5293 KB-cwnd
[2024-11-06T17:21:03.744012-0500]    22.3750 MB /   0.50 sec =  375.3970 Mbps     0 retrans   5293 KB-cwnd
[2024-11-06T17:21:04.244019-0500]    20.3125 MB /   0.50 sec =  340.7736 Mbps  4071 retrans    980 KB-cwnd
[2024-11-06T17:21:04.744104-0500]    28.3750 MB /   0.50 sec =  476.0383 Mbps     0 retrans    980 KB-cwnd
[2024-11-06T17:21:05.244038-0500]    23.6250 MB /   0.50 sec =  396.3855 Mbps     0 retrans    980 KB-cwnd
[2024-11-06T17:21:05.744695-0500]     8.3125 MB /   0.50 sec =  139.2837 Mbps     0 retrans    980 KB-cwnd
[2024-11-06T17:21:06.244042-0500]    18.9375 MB /   0.50 sec =  318.0894 Mbps  1084 retrans   3210 KB-cwnd
[2024-11-06T17:21:06.744172-0500]     0.8750 MB /   0.50 sec =   14.6802 Mbps     0 retrans   3210 KB-cwnd
[2024-11-06T17:21:07.244033-0500]    14.7500 MB /   0.50 sec =  247.4867 Mbps     0 retrans   3303 KB-cwnd
[2024-11-06T17:21:07.744024-0500]    15.7500 MB /   0.50 sec =  264.2385 Mbps     0 retrans   3303 KB-cwnd
[2024-11-06T17:21:08.244397-0500]    10.9375 MB /   0.50 sec =  183.4461 Mbps     0 retrans   3303 KB-cwnd
[2024-11-06T17:21:08.744144-0500]     7.4375 MB /   0.50 sec =  124.7883 Mbps     0 retrans   3303 KB-cwnd
[2024-11-06T17:21:09.244282-0500]     0.0000 MB /   0.50 sec =    0.0000 Mbps     0 retrans   3303 KB-cwnd
[2024-11-06T17:21:09.744066-0500]     4.8750 MB /   0.50 sec =   81.8187 Mbps     0 retrans   3303 KB-cwnd
[2024-11-06T17:21:10.244000-0500]     8.6875 MB /   0.50 sec =  145.7631 Mbps     0 retrans   6225 KB-cwnd
[2024-11-06T17:21:10.744020-0500]     9.8125 MB /   0.50 sec =  164.6245 Mbps     0 retrans   6225 KB-cwnd
[2024-11-06T17:21:11.244187-0500]     7.3125 MB /   0.50 sec =  122.6483 Mbps     0 retrans   6225 KB-cwnd
[2024-11-06T17:21:11.744325-0500]     6.2500 MB /   0.50 sec =  104.8540 Mbps     0 retrans   6225 KB-cwnd
[2024-11-06T17:21:12.244245-0500]     8.1250 MB /   0.50 sec =  136.3667 Mbps     0 retrans   6225 KB-cwnd
[2024-11-06T17:21:12.743998-0500]     9.5000 MB /   0.50 sec =  159.3775 Mbps     0 retrans   6225 KB-cwnd
[2024-11-06T17:21:13.244047-0500]     7.5625 MB /   0.50 sec =  126.8650 Mbps     0 retrans   6225 KB-cwnd
[2024-11-06T17:21:13.744033-0500]    14.4375 MB /   0.50 sec =  242.2424 Mbps     0 retrans   6225 KB-cwnd
[2024-11-06T17:21:14.244035-0500]    18.0625 MB /   0.50 sec =  303.0445 Mbps    10 retrans   8199 KB-cwnd
[2024-11-06T17:21:14.743999-0500]    22.4375 MB /   0.50 sec =  376.4365 Mbps     0 retrans   8199 KB-cwnd
[2024-11-06T17:21:15.244026-0500]    11.2500 MB /   0.50 sec =  188.7444 Mbps     0 retrans   8199 KB-cwnd
[2024-11-06T17:21:15.744101-0500]    16.2500 MB /   0.50 sec =  272.5818 Mbps     0 retrans   8199 KB-cwnd
[2024-11-06T17:21:16.244035-0500]    11.6875 MB /   0.50 sec =  196.1131 Mbps  3333 retrans   5298 KB-cwnd
[2024-11-06T17:21:16.744202-0500]    12.7500 MB /   0.50 sec =  213.9163 Mbps     0 retrans   5298 KB-cwnd
[2024-11-06T17:21:17.244484-0500]    13.5625 MB /   0.50 sec =  227.3182 Mbps     0 retrans   5298 KB-cwnd
[2024-11-06T17:21:17.744088-0500]    17.0000 MB /   0.50 sec =  285.4467 Mbps     0 retrans   5298 KB-cwnd
[2024-11-06T17:21:18.244045-0500]    21.2500 MB /   0.50 sec =  356.5629 Mbps     0 retrans   5298 KB-cwnd
[2024-11-06T17:21:18.744013-0500]    21.1250 MB /   0.50 sec =  354.4159 Mbps   594 retrans   6212 KB-cwnd
[2024-11-06T17:21:19.244072-0500]    21.1875 MB /   0.50 sec =  355.4466 Mbps     0 retrans   6212 KB-cwnd
[2024-11-06T17:21:19.744078-0500]    17.4375 MB /   0.50 sec =  292.5790 Mbps     0 retrans   6212 KB-cwnd
[2024-11-06T17:21:20.245142-0500]    16.1250 MB /   0.50 sec =  269.9522 Mbps     0 retrans   7651 KB-cwnd
[2024-11-06T17:21:20.744040-0500]    25.7500 MB /   0.50 sec =  432.9311 Mbps     0 retrans   7651 KB-cwnd
[2024-11-06T17:21:21.243999-0500]    30.7500 MB /   0.50 sec =  515.9035 Mbps     0 retrans   7651 KB-cwnd
[2024-11-06T17:21:21.745155-0500]    10.6250 MB /   0.50 sec =  177.8602 Mbps     0 retrans   7651 KB-cwnd
[2024-11-06T17:21:22.243891-0500]    19.2500 MB /   0.50 sec =  323.7066 Mbps   783 retrans   7661 KB-cwnd
[2024-11-06T17:21:22.745519-0500]     8.4375 MB /   0.50 sec =  141.1284 Mbps     0 retrans   7661 KB-cwnd
[2024-11-06T17:21:23.244253-0500]    15.4375 MB /   0.50 sec =  259.6739 Mbps     0 retrans   7661 KB-cwnd
[2024-11-06T17:21:23.744072-0500]    15.3125 MB /   0.50 sec =  256.9695 Mbps     0 retrans   7661 KB-cwnd
[2024-11-06T17:21:24.244037-0500]    22.8125 MB /   0.50 sec =  382.7655 Mbps     5 retrans   6761 KB-cwnd
[2024-11-06T17:21:24.744029-0500]    26.9375 MB /   0.50 sec =  451.9317 Mbps     0 retrans   6684 KB-cwnd
[2024-11-06T17:21:25.244016-0500]    32.8125 MB /   0.50 sec =  550.5101 Mbps     0 retrans   6684 KB-cwnd
[2024-11-06T17:21:25.744264-0500]    30.6250 MB /   0.50 sec =  513.7920 Mbps   241 retrans   8485 KB-cwnd
[2024-11-06T17:21:26.244064-0500]    25.5625 MB /   0.50 sec =  428.8247 Mbps     0 retrans   8485 KB-cwnd
[2024-11-06T17:21:26.744277-0500]    11.5625 MB /   0.50 sec =  193.9606 Mbps     0 retrans   8485 KB-cwnd
[2024-11-06T17:21:27.245368-0500]     0.0000 MB /   0.50 sec =    0.0000 Mbps     0 retrans   8485 KB-cwnd
[2024-11-06T17:21:27.744401-0500]     6.6875 MB /   0.50 sec =  112.4536 Mbps     0 retrans   8485 KB-cwnd
[2024-11-06T17:21:28.244191-0500]     4.1250 MB /   0.50 sec =   69.1977 Mbps     0 retrans   8453 KB-cwnd
[2024-11-06T17:21:28.745117-0500]     0.0000 MB /   0.50 sec =    0.0000 Mbps     0 retrans   8453 KB-cwnd
[2024-11-06T17:21:29.246009-0500]     4.6250 MB /   0.50 sec =   77.5185 Mbps  1607 retrans   6449 KB-cwnd
[2024-11-06T17:21:29.745530-0500]     0.0000 MB /   0.50 sec =    0.0000 Mbps     0 retrans   6449 KB-cwnd
[2024-11-06T17:21:30.244111-0500]     7.3750 MB /   0.50 sec =  124.0814 Mbps     0 retrans   6449 KB-cwnd
[2024-11-06T17:21:30.744141-0500]     2.7500 MB /   0.50 sec =   46.1333 Mbps     0 retrans   6449 KB-cwnd
[2024-11-06T17:21:31.245181-0500]     1.3125 MB /   0.50 sec =   21.9747 Mbps     0 retrans   6449 KB-cwnd
[2024-11-06T17:21:31.745192-0500]     0.3125 MB /   0.50 sec =    5.2431 Mbps     0 retrans   6449 KB-cwnd
[2024-11-06T17:21:32.244255-0500]     0.0000 MB /   0.50 sec =    0.0000 Mbps     0 retrans   6449 KB-cwnd
[2024-11-06T17:21:32.745186-0500]     0.0000 MB /   0.50 sec =    0.0000 Mbps     0 retrans   6449 KB-cwnd
[2024-11-06T17:21:33.244244-0500]     0.0000 MB /   0.50 sec =    0.0000 Mbps     0 retrans   6449 KB-cwnd
End time: 1730931693792
