Start time: 1730656791100
[2024-11-03T10:59:51.949735-0700] nuttcp-r: v8.1.4: socket
[2024-11-03T10:59:51.951039-0700] nuttcp-r: buflen=65536, nstream=1, port=5379 tcp
[2024-11-03T10:59:51.951186-0700] nuttcp-r: interval reporting every 0.50 seconds
[2024-11-03T10:59:51.951299-0700] nuttcp-r: connect to 54.176.53.206 with RTT=56.885 ms af=inet
[2024-11-03T10:59:51.951410-0700] nuttcp-r: send window size = 2097152, receive window size = 6291456
[2024-11-03T10:59:51.951520-0700] nuttcp-r: available send window = 1572864, available receive window = 4718592
[2024-11-03T10:59:51.951716-0700]     1.2500 MB /   0.50 sec =   20.9693 Mbps     0 retrans
[2024-11-03T10:59:52.449719-0700]    24.2500 MB /   0.50 sec =  406.8385 Mbps     0 retrans
[2024-11-03T10:59:52.949785-0700]    33.0000 MB /   0.50 sec =  553.5629 Mbps     0 retrans
[2024-11-03T10:59:53.449704-0700]    31.5625 MB /   0.50 sec =  529.5997 Mbps     0 retrans
[2024-11-03T10:59:53.949770-0700]    28.4375 MB /   0.50 sec =  477.0715 Mbps     0 retrans
[2024-11-03T10:59:54.449860-0700]    32.5000 MB /   0.50 sec =  545.1865 Mbps     0 retrans
[2024-11-03T10:59:54.949713-0700]    32.0625 MB /   0.50 sec =  538.0120 Mbps     0 retrans
[2024-11-03T10:59:55.449552-0700]    35.3750 MB /   0.50 sec =  593.5747 Mbps     0 retrans
[2024-11-03T10:59:55.949880-0700]    33.3125 MB /   0.50 sec =  558.8295 Mbps     0 retrans
[2024-11-03T10:59:56.449807-0700]    30.5625 MB /   0.50 sec =  512.6675 Mbps     0 retrans
[2024-11-03T10:59:56.949762-0700]    31.0625 MB /   0.50 sec =  521.1944 Mbps     0 retrans
[2024-11-03T10:59:57.449698-0700]    26.4375 MB /   0.50 sec =  443.5716 Mbps     0 retrans
[2024-11-03T10:59:57.949745-0700]    29.2500 MB /   0.50 sec =  490.7188 Mbps     0 retrans
[2024-11-03T10:59:58.449749-0700]    33.5000 MB /   0.50 sec =  562.0424 Mbps     0 retrans
[2024-11-03T10:59:58.949728-0700]    30.3750 MB /   0.50 sec =  509.5937 Mbps     0 retrans
[2024-11-03T10:59:59.449737-0700]    25.6250 MB /   0.50 sec =  429.9162 Mbps     0 retrans
[2024-11-03T10:59:59.949807-0700]    21.0000 MB /   0.50 sec =  352.2701 Mbps     0 retrans
[2024-11-03T11:00:00.449699-0700]    21.5625 MB /   0.50 sec =  361.8231 Mbps     0 retrans
[2024-11-03T11:00:00.949584-0700]    22.6875 MB /   0.50 sec =  380.6605 Mbps     0 retrans
[2024-11-03T11:00:01.449772-0700]    23.8750 MB /   0.50 sec =  400.4944 Mbps     0 retrans
[2024-11-03T11:00:01.949846-0700]    11.1875 MB /   0.50 sec =  187.7203 Mbps     0 retrans
[2024-11-03T11:00:02.449695-0700]    20.3125 MB /   0.50 sec =  340.7892 Mbps     0 retrans
[2024-11-03T11:00:02.949722-0700]    25.2500 MB /   0.50 sec =  423.6120 Mbps     0 retrans
[2024-11-03T11:00:03.449698-0700]    25.5625 MB /   0.50 sec =  428.8401 Mbps     0 retrans
[2024-11-03T11:00:03.949719-0700]    27.4375 MB /   0.50 sec =  460.3433 Mbps     0 retrans
[2024-11-03T11:00:04.449674-0700]    22.0000 MB /   0.50 sec =  369.1216 Mbps     0 retrans
[2024-11-03T11:00:04.949697-0700]    18.2500 MB /   0.50 sec =  306.1762 Mbps     0 retrans
[2024-11-03T11:00:05.449667-0700]    19.8750 MB /   0.50 sec =  333.4498 Mbps     0 retrans
[2024-11-03T11:00:05.949718-0700]    17.6875 MB /   0.50 sec =  296.7363 Mbps     0 retrans
[2024-11-03T11:00:06.449598-0700]    20.9375 MB /   0.50 sec =  351.3032 Mbps     0 retrans
[2024-11-03T11:00:06.949797-0700]    19.6250 MB /   0.50 sec =  329.1804 Mbps     0 retrans
[2024-11-03T11:00:07.449716-0700]    23.8125 MB /   0.50 sec =  399.5722 Mbps     0 retrans
[2024-11-03T11:00:07.949652-0700]    24.9375 MB /   0.50 sec =  418.3994 Mbps     0 retrans
[2024-11-03T11:00:08.449737-0700]    16.5000 MB /   0.50 sec =  276.8075 Mbps     0 retrans
[2024-11-03T11:00:08.950017-0700]    21.6875 MB /   0.50 sec =  363.8581 Mbps     0 retrans
[2024-11-03T11:00:09.449657-0700]    14.6875 MB /   0.50 sec =  246.4232 Mbps     0 retrans
[2024-11-03T11:00:09.949766-0700]    19.5000 MB /   0.50 sec =  327.1119 Mbps     0 retrans
[2024-11-03T11:00:10.449742-0700]    19.0625 MB /   0.50 sec =  319.8419 Mbps     0 retrans
[2024-11-03T11:00:10.949650-0700]    17.8125 MB /   0.50 sec =  298.8627 Mbps     0 retrans
[2024-11-03T11:00:11.449733-0700]    15.7500 MB /   0.50 sec =  264.2348 Mbps     0 retrans
[2024-11-03T11:00:11.949582-0700]    15.3125 MB /   0.50 sec =  256.9237 Mbps     0 retrans
[2024-11-03T11:00:12.449734-0700]     3.5000 MB /   0.50 sec =   58.7072 Mbps     0 retrans
[2024-11-03T11:00:12.949917-0700]    15.3125 MB /   0.50 sec =  256.9335 Mbps     0 retrans
[2024-11-03T11:00:13.449771-0700]    11.8125 MB /   0.50 sec =  198.1531 Mbps     0 retrans
[2024-11-03T11:00:13.949754-0700]    20.3750 MB /   0.50 sec =  341.8440 Mbps     0 retrans
[2024-11-03T11:00:14.449663-0700]    18.3750 MB /   0.50 sec =  308.3257 Mbps     0 retrans
[2024-11-03T11:00:14.949886-0700]    12.3125 MB /   0.50 sec =  206.4856 Mbps     0 retrans
[2024-11-03T11:00:15.449660-0700]    19.4375 MB /   0.50 sec =  326.2350 Mbps     0 retrans
[2024-11-03T11:00:15.949708-0700]    17.8750 MB /   0.50 sec =  299.8873 Mbps     0 retrans
[2024-11-03T11:00:16.449805-0700]    13.6875 MB /   0.50 sec =  229.5968 Mbps     0 retrans
[2024-11-03T11:00:16.949660-0700]    19.8750 MB /   0.50 sec =  333.5212 Mbps     0 retrans
[2024-11-03T11:00:17.449668-0700]    14.0000 MB /   0.50 sec =  234.8613 Mbps     0 retrans
[2024-11-03T11:00:17.949699-0700]    18.7500 MB /   0.50 sec =  314.5929 Mbps     0 retrans
[2024-11-03T11:00:18.449725-0700]    17.0625 MB /   0.50 sec =  286.2252 Mbps     0 retrans
[2024-11-03T11:00:18.949743-0700]    13.1875 MB /   0.50 sec =  221.2407 Mbps     0 retrans
[2024-11-03T11:00:19.449714-0700]    14.4375 MB /   0.50 sec =  242.2564 Mbps     0 retrans
[2024-11-03T11:00:19.949779-0700]    10.1250 MB /   0.50 sec =  169.8374 Mbps     0 retrans
[2024-11-03T11:00:20.449790-0700]    14.2500 MB /   0.50 sec =  239.0792 Mbps     0 retrans
[2024-11-03T11:00:20.949842-0700]    10.2500 MB /   0.50 sec =  171.9489 Mbps     0 retrans
[2024-11-03T11:00:21.449827-0700]    13.0000 MB /   0.50 sec =  218.1719 Mbps     0 retrans
[2024-11-03T11:00:21.949983-0700]     9.0000 MB /   0.50 sec =  150.9512 Mbps     0 retrans
[2024-11-03T11:00:22.449699-0700]    14.3125 MB /   0.50 sec =  240.1878 Mbps     0 retrans
[2024-11-03T11:00:22.949641-0700]     4.7500 MB /   0.50 sec =   79.6946 Mbps     0 retrans
[2024-11-03T11:00:23.449693-0700]    14.6875 MB /   0.50 sec =  246.4055 Mbps     0 retrans
[2024-11-03T11:00:23.949705-0700]    12.6250 MB /   0.50 sec =  211.8090 Mbps     0 retrans
[2024-11-03T11:00:24.449661-0700]    14.6875 MB /   0.50 sec =  246.4237 Mbps     0 retrans
[2024-11-03T11:00:24.949762-0700]    14.4375 MB /   0.50 sec =  242.1804 Mbps     0 retrans
[2024-11-03T11:00:25.449690-0700]    17.4375 MB /   0.50 sec =  292.5948 Mbps     0 retrans
[2024-11-03T11:00:25.949663-0700]    15.0625 MB /   0.50 sec =  252.7154 Mbps     0 retrans
[2024-11-03T11:00:26.449853-0700]    10.6250 MB /   0.50 sec =  178.2098 Mbps     0 retrans
[2024-11-03T11:00:26.949697-0700]    19.1250 MB /   0.50 sec =  320.9458 Mbps     0 retrans
[2024-11-03T11:00:27.449641-0700]    16.0625 MB /   0.50 sec =  269.4867 Mbps     0 retrans
[2024-11-03T11:00:27.949891-0700]    15.2500 MB /   0.50 sec =  255.8464 Mbps     0 retrans
[2024-11-03T11:00:28.449763-0700]    16.3125 MB /   0.50 sec =  273.6411 Mbps     0 retrans
[2024-11-03T11:00:28.949668-0700]    20.3125 MB /   0.50 sec =  340.8349 Mbps     0 retrans
[2024-11-03T11:00:29.449692-0700]    17.5625 MB /   0.50 sec =  294.6469 Mbps     0 retrans
[2024-11-03T11:00:29.949704-0700]    16.8125 MB /   0.50 sec =  282.0653 Mbps     0 retrans
[2024-11-03T11:00:30.449757-0700]    18.9375 MB /   0.50 sec =  317.6772 Mbps     0 retrans
[2024-11-03T11:00:30.949698-0700]    18.1250 MB /   0.50 sec =  304.1314 Mbps     0 retrans
[2024-11-03T11:00:31.449708-0700]    19.3750 MB /   0.50 sec =  325.0534 Mbps     0 retrans
[2024-11-03T11:00:31.949751-0700]    21.3750 MB /   0.50 sec =  358.5563 Mbps     0 retrans
[2024-11-03T11:00:32.449949-0700]    22.4375 MB /   0.50 sec =  376.5050 Mbps     0 retrans
[2024-11-03T11:00:32.949747-0700]    23.1875 MB /   0.50 sec =  388.9641 Mbps     0 retrans
[2024-11-03T11:00:33.449657-0700]    24.8125 MB /   0.50 sec =  416.3563 Mbps     0 retrans
[2024-11-03T11:00:33.949552-0700]    26.4375 MB /   0.50 sec =  443.5769 Mbps     0 retrans
[2024-11-03T11:00:34.449801-0700]    17.3750 MB /   0.50 sec =  291.4289 Mbps     0 retrans
[2024-11-03T11:00:34.949791-0700]    15.0625 MB /   0.50 sec =  252.7008 Mbps     0 retrans
[2024-11-03T11:00:35.449727-0700]    20.1875 MB /   0.50 sec =  338.7395 Mbps     0 retrans
[2024-11-03T11:00:35.949806-0700]    11.6875 MB /   0.50 sec =  196.0743 Mbps     0 retrans
[2024-11-03T11:00:36.449807-0700]    12.5625 MB /   0.50 sec =  210.7368 Mbps     0 retrans
[2024-11-03T11:00:36.949817-0700]     3.6875 MB /   0.50 sec =   61.8657 Mbps     0 retrans
[2024-11-03T11:00:37.449851-0700]     0.0000 MB /   0.50 sec =    0.0000 Mbps     0 retrans
[2024-11-03T11:00:37.949759-0700]     2.7500 MB /   0.50 sec =   46.1417 Mbps     0 retrans
[2024-11-03T11:00:38.449593-0700]     2.3125 MB /   0.50 sec =   38.8052 Mbps     0 retrans
[2024-11-03T11:00:38.949819-0700]     2.0000 MB /   0.50 sec =   33.5467 Mbps     0 retrans
[2024-11-03T11:00:39.449986-0700]     2.1250 MB /   0.50 sec =   35.6500 Mbps     0 retrans
[2024-11-03T11:00:39.949704-0700]     2.4375 MB /   0.50 sec =   40.9038 Mbps     0 retrans
[2024-11-03T11:00:40.449825-0700]     0.6250 MB /   0.50 sec =   10.4839 Mbps     0 retrans
[2024-11-03T11:00:40.949772-0700]     0.0000 MB /   0.50 sec =    0.0000 Mbps     0 retrans
[2024-11-03T11:00:41.449722-0700]     3.0625 MB /   0.50 sec =   51.3842 Mbps     0 retrans
[2024-11-03T11:00:41.949663-0700]     0.3125 MB /   0.50 sec =    5.2433 Mbps     0 retrans
[2024-11-03T11:00:42.449683-0700]     0.5625 MB /   0.50 sec =    9.4374 Mbps     0 retrans
[2024-11-03T11:00:42.949915-0700]     0.5000 MB /   0.50 sec =    8.3874 Mbps     0 retrans
[2024-11-03T11:00:43.449711-0700]     1.0000 MB /   0.50 sec =   16.7776 Mbps     0 retrans
[2024-11-03T11:00:43.949615-0700]     1.7500 MB /   0.50 sec =   29.3633 Mbps     0 retrans
[2024-11-03T11:00:44.449771-0700]     1.5000 MB /   0.50 sec =   25.1627 Mbps     0 retrans
[2024-11-03T11:00:44.949685-0700]     1.3125 MB /   0.50 sec =   22.0226 Mbps     0 retrans
[2024-11-03T11:00:45.449754-0700]     0.7500 MB /   0.50 sec =   12.5809 Mbps     0 retrans
[2024-11-03T11:00:45.949676-0700]     2.1875 MB /   0.50 sec =   36.7068 Mbps     0 retrans
[2024-11-03T11:00:46.449649-0700]     1.9375 MB /   0.50 sec =   32.5072 Mbps     0 retrans
[2024-11-03T11:00:46.949625-0700]     1.6250 MB /   0.50 sec =   27.2611 Mbps     0 retrans
[2024-11-03T11:00:47.449607-0700]     1.8125 MB /   0.50 sec =   30.4096 Mbps     0 retrans
[2024-11-03T11:00:47.949869-0700]     1.8125 MB /   0.50 sec =   30.4066 Mbps     0 retrans
[2024-11-03T11:00:48.449559-0700]     2.3750 MB /   0.50 sec =   39.8528 Mbps     0 retrans
[2024-11-03T11:00:48.949769-0700]     0.4375 MB /   0.50 sec =    7.3382 Mbps     0 retrans
[2024-11-03T11:00:49.449640-0700]     1.9375 MB /   0.50 sec =   32.5118 Mbps     0 retrans
[2024-11-03T11:00:49.949748-0700]     1.8125 MB /   0.50 sec =   30.4036 Mbps     0 retrans
[2024-11-03T11:00:50.449771-0700]     2.6250 MB /   0.50 sec =   44.0385 Mbps     0 retrans
[2024-11-03T11:00:50.949704-0700]     2.3125 MB /   0.50 sec =   38.8006 Mbps     0 retrans
[2024-11-03T11:00:51.449662-0700]     1.8125 MB /   0.50 sec =   30.4125 Mbps     0 retrans
[2024-11-03T11:00:51.949794-0700]     2.3125 MB /   0.50 sec =   38.7972 Mbps     0 retrans
[2024-11-03T11:00:52.449919-0700]     1.8750 MB /   0.50 sec =   31.4500 Mbps     0 retrans
[2024-11-03T11:00:52.949620-0700]     2.2500 MB /   0.50 sec =   37.7555 Mbps     0 retrans
[2024-11-03T11:00:53.449742-0700]     2.5625 MB /   0.50 sec =   42.9880 Mbps     0 retrans
[2024-11-03T11:00:53.949648-0700]     2.7500 MB /   0.50 sec =   46.1426 Mbps     0 retrans
[2024-11-03T11:00:54.449723-0700]     2.5000 MB /   0.50 sec =   41.9368 Mbps     0 retrans
[2024-11-03T11:00:54.949712-0700]     2.7500 MB /   0.50 sec =   46.1394 Mbps     0 retrans
[2024-11-03T11:00:55.449703-0700]     3.2500 MB /   0.50 sec =   54.5249 Mbps     0 retrans
[2024-11-03T11:00:55.949914-0700]     2.5625 MB /   0.50 sec =   42.9908 Mbps     0 retrans
[2024-11-03T11:00:56.449640-0700]     3.6875 MB /   0.50 sec =   61.8770 Mbps     0 retrans
[2024-11-03T11:00:56.949713-0700]     2.5000 MB /   0.50 sec =   41.9365 Mbps     0 retrans
[2024-11-03T11:00:57.449683-0700]     3.0625 MB /   0.50 sec =   51.3868 Mbps     0 retrans
[2024-11-03T11:00:57.949645-0700]     3.5625 MB /   0.50 sec =   59.7699 Mbps     0 retrans
[2024-11-03T11:00:58.449550-0700]     3.9375 MB /   0.50 sec =   66.0643 Mbps     0 retrans
[2024-11-03T11:00:58.949668-0700]     3.8750 MB /   0.50 sec =   65.0066 Mbps     0 retrans
[2024-11-03T11:00:59.449697-0700]     3.7500 MB /   0.50 sec =   62.9099 Mbps     0 retrans
[2024-11-03T11:00:59.949765-0700]     5.1250 MB /   0.50 sec =   85.9779 Mbps     0 retrans
[2024-11-03T11:01:00.449648-0700]     4.1875 MB /   0.50 sec =   70.2651 Mbps     0 retrans
[2024-11-03T11:01:00.949694-0700]     3.8750 MB /   0.50 sec =   65.0048 Mbps     0 retrans
[2024-11-03T11:01:01.449662-0700]     4.2500 MB /   0.50 sec =   71.3094 Mbps     0 retrans
[2024-11-03T11:01:01.949733-0700]     4.9375 MB /   0.50 sec =   82.8276 Mbps     0 retrans
[2024-11-03T11:01:02.449634-0700]     4.5625 MB /   0.50 sec =   76.5580 Mbps     0 retrans
[2024-11-03T11:01:02.949897-0700]     2.7500 MB /   0.50 sec =   46.1279 Mbps     0 retrans
[2024-11-03T11:01:03.449707-0700]     2.6875 MB /   0.50 sec =   45.0914 Mbps     0 retrans
[2024-11-03T11:01:03.949768-0700]     3.2500 MB /   0.50 sec =   54.5152 Mbps     0 retrans
[2024-11-03T11:01:04.449667-0700]     3.2500 MB /   0.50 sec =   54.5436 Mbps     0 retrans
[2024-11-03T11:01:04.949667-0700]     3.5625 MB /   0.50 sec =   59.7687 Mbps     0 retrans
[2024-11-03T11:01:05.449635-0700]     3.1875 MB /   0.50 sec =   53.4766 Mbps     0 retrans
[2024-11-03T11:01:05.949683-0700]     3.0000 MB /   0.50 sec =   50.3313 Mbps     0 retrans
[2024-11-03T11:01:06.449677-0700]     3.5625 MB /   0.50 sec =   59.7685 Mbps     0 retrans
[2024-11-03T11:01:06.949628-0700]     3.5000 MB /   0.50 sec =   58.7226 Mbps     0 retrans
[2024-11-03T11:01:07.449727-0700]     0.9375 MB /   0.50 sec =   15.7264 Mbps     0 retrans
[2024-11-03T11:01:07.949702-0700]     3.0000 MB /   0.50 sec =   50.3353 Mbps     0 retrans
[2024-11-03T11:01:08.449867-0700]     3.2500 MB /   0.50 sec =   54.5228 Mbps     0 retrans
[2024-11-03T11:01:08.949632-0700]     3.8125 MB /   0.50 sec =   63.9709 Mbps     0 retrans
[2024-11-03T11:01:09.449746-0700]     3.4375 MB /   0.50 sec =   57.6641 Mbps     0 retrans
[2024-11-03T11:01:09.949643-0700]     3.9375 MB /   0.50 sec =   66.0680 Mbps     0 retrans
[2024-11-03T11:01:10.449722-0700]     4.4375 MB /   0.50 sec =   74.4493 Mbps     0 retrans
[2024-11-03T11:01:10.949734-0700]     3.8125 MB /   0.50 sec =   63.9544 Mbps     0 retrans
[2024-11-03T11:01:11.449798-0700]     3.3750 MB /   0.50 sec =   56.6157 Mbps     0 retrans
[2024-11-03T11:01:11.949890-0700]     2.6250 MB /   0.50 sec =   44.0446 Mbps     0 retrans
[2024-11-03T11:01:12.449702-0700]     3.6875 MB /   0.50 sec =   61.8734 Mbps     0 retrans
[2024-11-03T11:01:12.949604-0700]     2.8125 MB /   0.50 sec =   47.1871 Mbps     0 retrans
[2024-11-03T11:01:13.449709-0700]     2.6875 MB /   0.50 sec =   45.0873 Mbps     0 retrans
[2024-11-03T11:01:13.949621-0700]     2.7500 MB /   0.50 sec =   46.1406 Mbps     0 retrans
[2024-11-03T11:01:14.449675-0700]     2.7500 MB /   0.50 sec =   46.1368 Mbps     0 retrans
[2024-11-03T11:01:14.949695-0700]     2.6875 MB /   0.50 sec =   45.0844 Mbps     0 retrans
[2024-11-03T11:01:15.449695-0700]     2.9375 MB /   0.50 sec =   49.2829 Mbps     0 retrans
[2024-11-03T11:01:15.949676-0700]     3.1250 MB /   0.50 sec =   52.4339 Mbps     0 retrans
[2024-11-03T11:01:16.449675-0700]     3.4375 MB /   0.50 sec =   57.6714 Mbps     0 retrans
[2024-11-03T11:01:16.949640-0700]     3.2500 MB /   0.50 sec =   54.5264 Mbps     0 retrans
[2024-11-03T11:01:17.449770-0700]     3.6250 MB /   0.50 sec =   60.8140 Mbps     0 retrans
[2024-11-03T11:01:17.949692-0700]     2.6250 MB /   0.50 sec =   44.0412 Mbps     0 retrans
[2024-11-03T11:01:18.449738-0700]     2.9375 MB /   0.50 sec =   49.2759 Mbps     0 retrans
[2024-11-03T11:01:18.949716-0700]     2.8750 MB /   0.50 sec =   48.2372 Mbps     0 retrans
[2024-11-03T11:01:19.449912-0700]     3.8750 MB /   0.50 sec =   65.0061 Mbps     0 retrans
[2024-11-03T11:01:19.949727-0700]     2.9375 MB /   0.50 sec =   49.2853 Mbps     0 retrans
[2024-11-03T11:01:20.449708-0700]     3.6875 MB /   0.50 sec =   61.8727 Mbps     0 retrans
[2024-11-03T11:01:20.949561-0700]     3.1250 MB /   0.50 sec =   52.4347 Mbps     0 retrans
[2024-11-03T11:01:21.449645-0700]     3.5625 MB /   0.50 sec =   59.7661 Mbps     0 retrans
[2024-11-03T11:01:21.949610-0700]     3.8125 MB /   0.50 sec =   63.9624 Mbps     0 retrans
[2024-11-03T11:01:22.449656-0700]     4.5000 MB /   0.50 sec =   75.4978 Mbps     0 retrans
[2024-11-03T11:01:22.949754-0700]     4.0625 MB /   0.50 sec =   68.1445 Mbps     0 retrans
[2024-11-03T11:01:23.449771-0700]     2.9375 MB /   0.50 sec =   49.2828 Mbps     0 retrans
[2024-11-03T11:01:23.949686-0700]     4.3125 MB /   0.50 sec =   72.3639 Mbps     0 retrans
[2024-11-03T11:01:24.449864-0700]     4.0625 MB /   0.50 sec =   68.1514 Mbps     0 retrans
[2024-11-03T11:01:24.949666-0700]     1.8750 MB /   0.50 sec =   31.4609 Mbps     0 retrans
[2024-11-03T11:01:25.449671-0700]     3.6875 MB /   0.50 sec =   61.8654 Mbps     0 retrans
[2024-11-03T11:01:25.949697-0700]     3.7500 MB /   0.50 sec =   62.9083 Mbps     0 retrans
[2024-11-03T11:01:26.449592-0700]     3.8125 MB /   0.50 sec =   63.9708 Mbps     0 retrans
[2024-11-03T11:01:26.949696-0700]     3.6875 MB /   0.50 sec =   61.8624 Mbps     0 retrans
[2024-11-03T11:01:27.449712-0700]     2.4375 MB /   0.50 sec =   40.8913 Mbps     0 retrans
[2024-11-03T11:01:27.949704-0700]     4.0000 MB /   0.50 sec =   67.1129 Mbps     0 retrans
[2024-11-03T11:01:28.449648-0700]     3.8125 MB /   0.50 sec =   63.9676 Mbps     0 retrans
[2024-11-03T11:01:28.949637-0700]     4.3750 MB /   0.50 sec =   73.4003 Mbps     0 retrans
[2024-11-03T11:01:29.449738-0700]     4.6875 MB /   0.50 sec =   78.6306 Mbps     0 retrans
[2024-11-03T11:01:29.949628-0700]     4.3125 MB /   0.50 sec =   72.3636 Mbps     0 retrans
[2024-11-03T11:01:30.449850-0700]     4.8750 MB /   0.50 sec =   81.7875 Mbps     0 retrans
[2024-11-03T11:01:30.949649-0700]     4.7500 MB /   0.50 sec =   79.6851 Mbps     0 retrans
[2024-11-03T11:01:31.449672-0700]     5.8125 MB /   0.50 sec =   97.5226 Mbps     0 retrans
[2024-11-03T11:01:31.949634-0700]     3.6875 MB /   0.50 sec =   61.8646 Mbps     0 retrans
[2024-11-03T11:01:32.449739-0700]     5.7500 MB /   0.50 sec =   96.4609 Mbps     0 retrans
[2024-11-03T11:01:32.949638-0700]     4.1875 MB /   0.50 sec =   70.2640 Mbps     0 retrans
[2024-11-03T11:01:33.449731-0700]     3.2500 MB /   0.50 sec =   54.5189 Mbps     0 retrans
[2024-11-03T11:01:33.949688-0700]     4.1250 MB /   0.50 sec =   69.2116 Mbps     0 retrans
[2024-11-03T11:01:34.449882-0700]     3.2500 MB /   0.50 sec =   54.5178 Mbps     0 retrans
[2024-11-03T11:01:34.949817-0700]     2.8750 MB /   0.50 sec =   48.2290 Mbps     0 retrans
[2024-11-03T11:01:35.449691-0700]     0.6250 MB /   0.50 sec =   10.4885 Mbps     0 retrans
[2024-11-03T11:01:35.949654-0700]     2.6875 MB /   0.50 sec =   45.0913 Mbps     0 retrans
[2024-11-03T11:01:36.449649-0700]     5.1250 MB /   0.50 sec =   85.9848 Mbps     0 retrans
[2024-11-03T11:01:36.949656-0700]     4.7500 MB /   0.50 sec =   79.6924 Mbps     0 retrans
[2024-11-03T11:01:37.449680-0700]     3.1875 MB /   0.50 sec =   53.4749 Mbps     0 retrans
[2024-11-03T11:01:37.949947-0700]     4.6875 MB /   0.50 sec =   78.6334 Mbps     0 retrans
[2024-11-03T11:01:38.449758-0700]     3.9375 MB /   0.50 sec =   66.0602 Mbps     0 retrans
[2024-11-03T11:01:38.949734-0700]     4.0000 MB /   0.50 sec =   67.1073 Mbps     0 retrans
[2024-11-03T11:01:39.449640-0700]     4.6250 MB /   0.50 sec =   77.6091 Mbps     0 retrans
[2024-11-03T11:01:39.949625-0700]     2.6875 MB /   0.50 sec =   45.0898 Mbps     0 retrans
[2024-11-03T11:01:40.449621-0700]     4.1875 MB /   0.50 sec =   70.2498 Mbps     0 retrans
[2024-11-03T11:01:40.949778-0700]     3.7500 MB /   0.50 sec =   62.9054 Mbps     0 retrans
[2024-11-03T11:01:41.449776-0700]     2.5000 MB /   0.50 sec =   41.9427 Mbps     0 retrans
[2024-11-03T11:01:41.949788-0700]     4.3750 MB /   0.50 sec =   73.4144 Mbps     0 retrans
[2024-11-03T11:01:42.449614-0700]     2.4375 MB /   0.50 sec =   40.8930 Mbps     0 retrans
[2024-11-03T11:01:42.949764-0700]     1.9375 MB /   0.50 sec =   32.5030 Mbps     0 retrans
[2024-11-03T11:01:43.449782-0700]     0.0000 MB /   0.50 sec =    0.0000 Mbps     0 retrans
[2024-11-03T11:01:43.949702-0700]     0.2500 MB /   0.50 sec =    4.1951 Mbps     0 retrans
[2024-11-03T11:01:44.449660-0700]     1.5625 MB /   0.50 sec =   26.2160 Mbps     0 retrans
[2024-11-03T11:01:44.949971-0700]     3.0000 MB /   0.50 sec =   50.3239 Mbps     0 retrans
[2024-11-03T11:01:45.449662-0700]     2.6875 MB /   0.50 sec =   45.0957 Mbps     0 retrans
[2024-11-03T11:01:45.949758-0700]     1.6250 MB /   0.50 sec =   27.2583 Mbps     0 retrans
[2024-11-03T11:01:46.449651-0700]     3.3750 MB /   0.50 sec =   56.6326 Mbps     0 retrans
[2024-11-03T11:01:46.949655-0700]     3.1875 MB /   0.50 sec =   53.4771 Mbps     0 retrans
[2024-11-03T11:01:47.449680-0700]     2.8125 MB /   0.50 sec =   47.1855 Mbps     0 retrans
[2024-11-03T11:01:47.949649-0700]     2.3125 MB /   0.50 sec =   38.7971 Mbps     0 retrans
[2024-11-03T11:01:48.449574-0700]     3.1875 MB /   0.50 sec =   53.4807 Mbps     0 retrans
[2024-11-03T11:01:48.949649-0700]     3.5000 MB /   0.50 sec =   58.7178 Mbps     0 retrans
[2024-11-03T11:01:49.449674-0700]     3.4375 MB /   0.50 sec =   57.6714 Mbps     0 retrans
[2024-11-03T11:01:49.949743-0700]     2.7500 MB /   0.50 sec =   46.1385 Mbps     0 retrans
[2024-11-03T11:01:50.449650-0700]     2.8750 MB /   0.50 sec =   48.2332 Mbps     0 retrans
[2024-11-03T11:01:50.949658-0700]     3.0625 MB /   0.50 sec =   51.3797 Mbps     0 retrans
[2024-11-03T11:01:51.449763-0700]     2.8750 MB /   0.50 sec =   48.2269 Mbps     0 retrans
[2024-11-03T11:01:51.949719-0700]     3.1875 MB /   0.50 sec =   53.4839 Mbps     0 retrans
End time: 1730656912229
