Start time: 1730928847987
[2024-11-06T16:34:13.059264-0500] traceroute to 54.197.223.49 (54.197.223.49), 30 hops max, 60 byte packets
[2024-11-06T16:34:13.060126-0500]  1  * * *
[2024-11-06T16:34:13.060182-0500]  2  * * *
[2024-11-06T16:34:13.060224-0500]  3  * * *
[2024-11-06T16:34:13.067054-0500]  4  * * *
[2024-11-06T16:34:13.067119-0500]  5  * * *
[2024-11-06T16:34:18.068503-0500]  6  * * *
[2024-11-06T16:34:18.068883-0500]  7  * * *
[2024-11-06T16:34:18.068945-0500]  8  * * *
[2024-11-06T16:34:18.068987-0500]  9  * * *
[2024-11-06T16:34:18.078114-0500] 10  * * *
[2024-11-06T16:34:23.076406-0500] 11  * * *
[2024-11-06T16:34:23.076787-0500] 12  * * *
[2024-11-06T16:34:23.076856-0500] 13  * * *
[2024-11-06T16:34:23.083949-0500] 14  * * *
[2024-11-06T16:34:23.084029-0500] 15  * * *
[2024-11-06T16:34:28.083609-0500] 16  * * *
[2024-11-06T16:34:28.083792-0500] 17  * * *
[2024-11-06T16:34:28.083847-0500] 18  * * *
[2024-11-06T16:34:28.089317-0500] 19  * * *
[2024-11-06T16:34:28.089489-0500] 20  * * *
[2024-11-06T16:34:28.089556-0500] 21  * * *
[2024-11-06T16:34:33.091938-0500] 22  * * *
[2024-11-06T16:34:33.092334-0500] 23  * * *
[2024-11-06T16:34:33.092421-0500] 24  * * *
[2024-11-06T16:34:33.103310-0500] 25  * * *
[2024-11-06T16:34:33.103452-0500] 26  * * *
[2024-11-06T16:34:38.047002-0500] 27  * *End time: 1730928878093
