Start time: 1745262642394
Connecting to host 34.86.116.81, port 5207
Reverse mode, remote host 34.86.116.81 is sending
[  5] local 192.0.0.2 port 57124 connected to 34.86.116.81 port 5207
[ ID] Interval           Transfer     Bitrate
[  5]   0.00-0.10   sec  42.6 KBytes  3.49 Mbits/sec                  
[  5]   0.10-0.20   sec  69.3 KBytes  5.67 Mbits/sec                  
[  5]   0.20-0.30   sec   155 KBytes  12.7 Mbits/sec                  
[  5]   0.30-0.40   sec   381 KBytes  31.2 Mbits/sec                  
[  5]   0.40-0.50   sec   971 KBytes  79.6 Mbits/sec                  
[  5]   0.50-0.60   sec  1.78 MBytes   149 Mbits/sec                  
[  5]   0.60-0.70   sec   265 KBytes  21.7 Mbits/sec                  
[  5]   0.70-0.80   sec   565 KBytes  46.3 Mbits/sec                  
[  5]   0.80-0.90   sec  1.92 MBytes   161 Mbits/sec                  
[  5]   0.90-1.00   sec  0.00 Bytes  0.00 bits/sec                  
[  5]   1.00-1.10   sec  0.00 Bytes  0.00 bits/sec                  
[  5]   1.10-1.20   sec  2.60 MBytes   218 Mbits/sec                  
[  5]   1.20-1.30   sec  1.57 MBytes   132 Mbits/sec                  
[  5]   1.30-1.40   sec  1.91 MBytes   160 Mbits/sec                  
[  5]   1.40-1.50   sec  1.96 MBytes   164 Mbits/sec                  
[  5]   1.50-1.60   sec  1.36 MBytes   114 Mbits/sec                  
[  5]   1.60-1.70   sec  1.23 MBytes   103 Mbits/sec                  
[  5]   1.70-1.80   sec  1.37 MBytes   115 Mbits/sec                  
[  5]   1.80-1.90   sec  1.57 MBytes   132 Mbits/sec                  
[  5]   1.90-2.00   sec  1.99 MBytes   167 Mbits/sec                  
[  5]   2.00-2.10   sec  2.27 MBytes   190 Mbits/sec                  
[  5]   2.10-2.20   sec  2.37 MBytes   199 Mbits/sec                  
[  5]   2.20-2.30   sec  3.32 MBytes   278 Mbits/sec                  
[  5]   2.30-2.40   sec  2.26 MBytes   190 Mbits/sec                  
[  5]   2.40-2.50   sec  2.23 MBytes   187 Mbits/sec                  
[  5]   2.50-2.60   sec  1.85 MBytes   155 Mbits/sec                  
[  5]   2.60-2.70   sec  1.55 MBytes   130 Mbits/sec                  
[  5]   2.70-2.80   sec  1.55 MBytes   130 Mbits/sec                  
[  5]   2.80-2.90   sec  1.43 MBytes   121 Mbits/sec                  
[  5]   2.90-3.00   sec  1.91 MBytes   160 Mbits/sec                  
[  5]   3.00-3.10   sec  1.33 MBytes   112 Mbits/sec                  
[  5]   3.10-3.20   sec   610 KBytes  50.0 Mbits/sec                  
[  5]   3.20-3.30   sec   109 KBytes  8.95 Mbits/sec                  
[  5]   3.30-3.40   sec  1.95 MBytes   164 Mbits/sec                  
[  5]   3.40-3.50   sec  1.00 MBytes  84.2 Mbits/sec                  
[  5]   3.50-3.60   sec  1.59 MBytes   133 Mbits/sec                  
[  5]   3.60-3.70   sec  1.25 MBytes   105 Mbits/sec                  
[  5]   3.70-3.80   sec  1.98 MBytes   166 Mbits/sec                  
[  5]   3.80-3.90   sec  1.92 MBytes   161 Mbits/sec                  
[  5]   3.90-4.00   sec  1.35 MBytes   113 Mbits/sec                  
[  5]   4.00-4.10   sec  2.20 MBytes   184 Mbits/sec                  
[  5]   4.10-4.20   sec  1.85 MBytes   155 Mbits/sec                  
[  5]   4.20-4.30   sec  1.54 MBytes   129 Mbits/sec                  
[  5]   4.30-4.40   sec  1.52 MBytes   128 Mbits/sec                  
[  5]   4.40-4.50   sec  2.27 MBytes   190 Mbits/sec                  
[  5]   4.50-4.60   sec  1.82 MBytes   152 Mbits/sec                  
[  5]   4.60-4.70   sec  1.80 MBytes   151 Mbits/sec                  
[  5]   4.70-4.80   sec  1.77 MBytes   149 Mbits/sec                  
[  5]   4.80-4.90   sec  1.63 MBytes   137 Mbits/sec                  
[  5]   4.90-5.00   sec  1.52 MBytes   128 Mbits/sec                  
- - - - - - - - - - - - - - - - - - - - - - - - -
[ ID] Interval           Transfer     Bitrate         Retr
[  5]   0.00-5.06   sec   351 MBytes   583 Mbits/sec    0             sender
[  5]   0.00-5.00   sec  73.4 MBytes   123 Mbits/sec                  receiver

iperf Done.
End time: 1745262648106
