Start time: 1730582797174
[2024-11-02T14:26:38.122251-0700] nuttcp-r: v8.1.4: socket
[2024-11-02T14:26:38.122997-0700] nuttcp-r: buflen=65536, nstream=1, port=6110 tcp
[2024-11-02T14:26:38.123052-0700] nuttcp-r: interval reporting every 0.50 seconds
[2024-11-02T14:26:38.123095-0700] nuttcp-r: connect to 54.176.53.206 with RTT=77.294 ms af=inet
[2024-11-02T14:26:38.123134-0700] nuttcp-r: send window size = 2097152, receive window size = 6291456
[2024-11-02T14:26:38.123173-0700] nuttcp-r: available send window = 1572864, available receive window = 4718592
[2024-11-02T14:26:38.123214-0700]     0.3125 MB /   0.50 sec =    5.2423 Mbps     0 retrans
[2024-11-02T14:26:38.622351-0700]     0.1875 MB /   0.50 sec =    3.1459 Mbps     0 retrans
[2024-11-02T14:26:39.122715-0700]     0.5625 MB /   0.50 sec =    9.4359 Mbps     0 retrans
[2024-11-02T14:26:39.622378-0700]     0.7500 MB /   0.50 sec =   12.5801 Mbps     0 retrans
[2024-11-02T14:26:40.122291-0700]     0.6250 MB /   0.50 sec =   10.4878 Mbps     0 retrans
[2024-11-02T14:26:40.622358-0700]     0.5000 MB /   0.50 sec =    8.3885 Mbps     0 retrans
[2024-11-02T14:26:41.122217-0700]     0.5000 MB /   0.50 sec =    8.3896 Mbps     0 retrans
[2024-11-02T14:26:41.622204-0700]     0.8125 MB /   0.50 sec =   13.6316 Mbps     0 retrans
[2024-11-02T14:26:42.122205-0700]     0.8125 MB /   0.50 sec =   13.6316 Mbps     0 retrans
[2024-11-02T14:26:42.622202-0700]     0.6875 MB /   0.50 sec =   11.5341 Mbps     0 retrans
[2024-11-02T14:26:43.122196-0700]     0.9375 MB /   0.50 sec =   15.7288 Mbps     0 retrans
[2024-11-02T14:26:43.622349-0700]     0.8125 MB /   0.50 sec =   13.6314 Mbps     0 retrans
[2024-11-02T14:26:44.122177-0700]     0.5625 MB /   0.50 sec =    9.4367 Mbps     0 retrans
[2024-11-02T14:26:44.622272-0700]     1.1875 MB /   0.50 sec =   19.9214 Mbps     0 retrans
[2024-11-02T14:26:45.122225-0700]     1.0000 MB /   0.50 sec =   16.7789 Mbps     0 retrans
[2024-11-02T14:26:45.622395-0700]     0.7500 MB /   0.50 sec =   12.5798 Mbps     0 retrans
[2024-11-02T14:26:46.122577-0700]     0.3750 MB /   0.50 sec =    6.2933 Mbps     0 retrans
[2024-11-02T14:26:46.622979-0700]     0.3750 MB /   0.50 sec =    6.2826 Mbps     0 retrans
[2024-11-02T14:26:47.122479-0700]     0.0625 MB /   0.50 sec =    1.0498 Mbps     0 retrans
[2024-11-02T14:26:47.622254-0700]     0.0000 MB /   0.50 sec =    0.0000 Mbps     0 retrans
[2024-11-02T14:26:48.122161-0700]     0.0000 MB /   0.50 sec =    0.0000 Mbps     0 retrans
[2024-11-02T14:26:48.623795-0700]     0.0000 MB /   0.50 sec =    0.0000 Mbps     0 retrans
[2024-11-02T14:26:49.122390-0700]     0.0000 MB /   0.50 sec =    0.0000 Mbps     0 retrans
[2024-11-02T14:26:49.622401-0700]     0.0000 MB /   0.50 sec =    0.0000 Mbps     0 retrans
[2024-11-02T14:26:50.122668-0700]     0.0000 MB /   0.50 sec =    0.0000 Mbps     0 retrans
[2024-11-02T14:26:50.622425-0700]     0.0000 MB /   0.50 sec =    0.0000 Mbps     0 retrans
[2024-11-02T14:26:51.122458-0700]     0.0000 MB /   0.50 sec =    0.0000 Mbps     0 retrans
[2024-11-02T14:26:51.623249-0700]     0.0000 MB /   0.50 sec =    0.0000 Mbps     0 retrans
[2024-11-02T14:26:52.122409-0700]     0.0000 MB /   0.50 sec =    0.0000 Mbps     0 retrans
[2024-11-02T14:26:52.622743-0700]     0.0000 MB /   0.50 sec =    0.0000 Mbps     0 retrans
[2024-11-02T14:26:53.122562-0700]     0.0000 MB /   0.50 sec =    0.0000 Mbps     0 retrans
[2024-11-02T14:26:53.622513-0700]     0.0000 MB /   0.50 sec =    0.0000 Mbps     0 retrans
[2024-11-02T14:26:54.122848-0700]     0.0000 MB /   0.50 sec =    0.0000 Mbps     0 retrans
[2024-11-02T14:26:54.622596-0700]     0.0000 MB /   0.50 sec =    0.0000 Mbps     0 retrans
[2024-11-02T14:26:55.122408-0700]     0.0000 MB /   0.50 sec =    0.0000 Mbps     0 retrans
[2024-11-02T14:26:55.622422-0700]     0.0000 MB /   0.50 sec =    0.0000 Mbps     0 retrans
[2024-11-02T14:26:56.122499-0700]     0.0000 MB /   0.50 sec =    0.0000 Mbps     0 retrans
[2024-11-02T14:26:56.622302-0700]     0.0000 MB /   0.50 sec =    0.0000 Mbps     0 retrans
[2024-11-02T14:26:57.123340-0700]     0.0000 MB /   0.50 sec =    0.0000 Mbps     0 retrans
[2024-11-02T14:26:57.622474-0700]     0.0000 MB /   0.50 sec =    0.0000 Mbps     0 retrans
[2024-11-02T14:26:58.122174-0700]     0.3125 MB /   0.50 sec =    5.2452 Mbps     0 retrans
[2024-11-02T14:26:58.623184-0700]     0.3750 MB /   0.50 sec =    6.2792 Mbps     0 retrans
[2024-11-02T14:26:59.122453-0700]     0.3750 MB /   0.50 sec =    6.3011 Mbps     0 retrans
[2024-11-02T14:26:59.622443-0700]     0.0000 MB /   0.50 sec =    0.0000 Mbps     0 retrans
[2024-11-02T14:27:00.122353-0700]     0.0000 MB /   0.50 sec =    0.0000 Mbps     0 retrans
[2024-11-02T14:27:00.622792-0700]     0.0000 MB /   0.50 sec =    0.0000 Mbps     0 retrans
[2024-11-02T14:27:01.123556-0700]     0.0000 MB /   0.50 sec =    0.0000 Mbps     0 retrans
[2024-11-02T14:27:01.623136-0700]     0.0000 MB /   0.50 sec =    0.0000 Mbps     0 retrans
[2024-11-02T14:27:02.123301-0700]     0.0000 MB /   0.50 sec =    0.0000 Mbps     0 retrans
[2024-11-02T14:27:02.623048-0700]     0.0000 MB /   0.50 sec =    0.0000 Mbps     0 retrans
[2024-11-02T14:27:03.122364-0700]     0.0000 MB /   0.50 sec =    0.0000 Mbps     0 retrans
[2024-11-02T14:27:03.622390-0700]     0.0000 MB /   0.50 sec =    0.0000 Mbps     0 retrans
[2024-11-02T14:27:04.123220-0700]     0.0000 MB /   0.50 sec =    0.0000 Mbps     0 retrans
[2024-11-02T14:27:04.623426-0700]     0.0000 MB /   0.50 sec =    0.0000 Mbps     0 retrans
[2024-11-02T14:27:05.122335-0700]     0.0000 MB /   0.50 sec =    0.0000 Mbps     0 retrans
[2024-11-02T14:27:05.622507-0700]     0.0000 MB /   0.50 sec =    0.0000 Mbps     0 retrans
[2024-11-02T14:27:06.122262-0700]     0.0000 MB /   0.50 sec =    0.0000 Mbps     0 retrans
[2024-11-02T14:27:06.623222-0700]     0.0000 MB /   0.50 sec =    0.0000 Mbps     0 retrans
[2024-11-02T14:27:07.122318-0700]     0.0000 MB /   0.50 sec =    0.0000 Mbps     0 retrans
[2024-11-02T14:27:07.622507-0700]     0.0000 MB /   0.50 sec =    0.0000 Mbps     0 retrans
[2024-11-02T14:27:08.122402-0700]     0.0000 MB /   0.50 sec =    0.0000 Mbps     0 retrans
[2024-11-02T14:27:08.623501-0700]     0.0000 MB /   0.50 sec =    0.0000 Mbps     0 retrans
[2024-11-02T14:27:09.123419-0700]     0.0000 MB /   0.50 sec =    0.0000 Mbps     0 retrans
[2024-11-02T14:27:09.623164-0700]     0.0000 MB /   0.50 sec =    0.0000 Mbps     0 retrans
[2024-11-02T14:27:10.123323-0700]     0.0000 MB /   0.50 sec =    0.0000 Mbps     0 retrans
[2024-11-02T14:27:10.622408-0700]     0.0000 MB /   0.50 sec =    0.0000 Mbps     0 retrans
[2024-11-02T14:27:11.123570-0700]     0.0000 MB /   0.50 sec =    0.0000 Mbps     0 retrans
[2024-11-02T14:27:11.622430-0700]     0.0000 MB /   0.50 sec =    0.0000 Mbps     0 retrans
[2024-11-02T14:27:12.122334-0700]     0.0000 MB /   0.50 sec =    0.0000 Mbps     0 retrans
[2024-11-02T14:27:12.622412-0700]     0.0000 MB /   0.50 sec =    0.0000 Mbps     0 retrans
[2024-11-02T14:27:13.122586-0700]     0.0000 MB /   0.50 sec =    0.0000 Mbps     0 retrans
[2024-11-02T14:27:13.623735-0700]     0.0000 MB /   0.50 sec =    0.0000 Mbps     0 retrans
[2024-11-02T14:27:14.122332-0700]     0.0000 MB /   0.50 sec =    0.0000 Mbps     0 retrans
[2024-11-02T14:27:14.622382-0700]     0.0000 MB /   0.50 sec =    0.0000 Mbps     0 retrans
[2024-11-02T14:27:15.123396-0700]     0.0000 MB /   0.50 sec =    0.0000 Mbps     0 retrans
[2024-11-02T14:27:15.622340-0700]     0.0000 MB /   0.50 sec =    0.0000 Mbps     0 retrans
[2024-11-02T14:27:16.122376-0700]     0.0000 MB /   0.50 sec =    0.0000 Mbps     0 retrans
[2024-11-02T14:27:16.622482-0700]     0.0000 MB /   0.50 sec =    0.0000 Mbps     0 retrans
[2024-11-02T14:27:17.122330-0700]     0.0000 MB /   0.50 sec =    0.0000 Mbps     0 retrans
[2024-11-02T14:27:17.622420-0700]     0.0000 MB /   0.50 sec =    0.0000 Mbps     0 retrans
[2024-11-02T14:27:18.122719-0700]     0.0000 MB /   0.50 sec =    0.0000 Mbps     0 retrans
[2024-11-02T14:27:18.622358-0700]     0.0000 MB /   0.50 sec =    0.0000 Mbps     0 retrans
[2024-11-02T14:27:19.122470-0700]     0.0000 MB /   0.50 sec =    0.0000 Mbps     0 retrans
[2024-11-02T14:27:19.622316-0700]     0.0000 MB /   0.50 sec =    0.0000 Mbps     0 retrans
[2024-11-02T14:27:20.123194-0700]     0.0000 MB /   0.50 sec =    0.0000 Mbps     0 retrans
[2024-11-02T14:27:20.622486-0700]     0.0000 MB /   0.50 sec =    0.0000 Mbps     0 retrans
[2024-11-02T14:27:21.123240-0700]     0.0000 MB /   0.50 sec =    0.0000 Mbps     0 retrans
[2024-11-02T14:27:21.622301-0700]     0.0000 MB /   0.50 sec =    0.0000 Mbps     0 retrans
[2024-11-02T14:27:22.122476-0700]     0.0000 MB /   0.50 sec =    0.0000 Mbps     0 retrans
[2024-11-02T14:27:22.623207-0700]     0.0000 MB /   0.50 sec =    0.0000 Mbps     0 retrans
[2024-11-02T14:27:23.123390-0700] nuttcp-r: v8.1.4: Error: not receiving data from server
End time: 1730582918278
