Start time: 1731101837165
[2024-11-08T16:37:22.259716-0500] traceroute to 54.197.223.49 (54.197.223.49), 30 hops max, 60 byte packets
[2024-11-08T16:37:22.260757-0500]  1  * * *
[2024-11-08T16:37:22.260822-0500]  2  * * *
[2024-11-08T16:37:22.260858-0500]  3  * * *
[2024-11-08T16:37:22.260893-0500]  4  * * *
[2024-11-08T16:37:22.271655-0500]  5  * * *
[2024-11-08T16:37:27.267687-0500]  6  * * *
[2024-11-08T16:37:27.267861-0500]  7  * * *
[2024-11-08T16:37:27.271758-0500]  8  * * *
[2024-11-08T16:37:27.271834-0500]  9  * * *
[2024-11-08T16:37:27.274398-0500] 10  * * *
[2024-11-08T16:37:32.276204-0500] 11  * * *
[2024-11-08T16:37:32.276549-0500] 12  * * *
[2024-11-08T16:37:32.276684-0500] 13  * * *
[2024-11-08T16:37:32.276742-0500] 14  * * *
[2024-11-08T16:37:32.276790-0500] 15  * * *
[2024-11-08T16:37:37.284355-0500] 16  * * *
[2024-11-08T16:37:37.284794-0500] 17  * * *
[2024-11-08T16:37:37.297572-0500] 18  * * *
[2024-11-08T16:37:37.297807-0500] 19  * * *
[2024-11-08T16:37:37.297902-0500] 20  * * *
[2024-11-08T16:37:37.297985-0500] 21  * * *
[2024-11-08T16:37:42.293766-0500] 22  * * *
[2024-11-08T16:37:42.302998-0500] 23  * * *
[2024-11-08T16:37:42.303162-0500] 24  * * *
[2024-11-08T16:37:42.314516-0500] 25  * * *
[2024-11-08T16:37:42.314895-0500] 26  * * *
[2024-11-08T16:37:47.246660-0500] 27  * *End time: 1731101867306
