Start time: 1745101872354
Connecting to host 34.86.116.81, port 5209
Reverse mode, remote host 34.86.116.81 is sending
[  5] local 192.0.0.2 port 37466 connected to 34.86.116.81 port 5209
[ ID] Interval           Transfer     Bitrate
[  5]   0.00-0.10   sec  29.3 KBytes  2.39 Mbits/sec                  
[  5]   0.10-0.20   sec   135 KBytes  11.1 Mbits/sec                  
[  5]   0.20-0.30   sec   396 KBytes  32.4 Mbits/sec                  
[  5]   0.30-0.40   sec  1.05 MBytes  88.4 Mbits/sec                  
[  5]   0.40-0.50   sec   755 KBytes  61.9 Mbits/sec                  
[  5]   0.50-0.60   sec  2.40 MBytes   201 Mbits/sec                  
[  5]   0.60-0.70   sec  3.36 MBytes   283 Mbits/sec                  
[  5]   0.70-0.80   sec  5.61 MBytes   470 Mbits/sec                  
[  5]   0.80-0.90   sec  7.30 MBytes   613 Mbits/sec                  
[  5]   0.90-1.00   sec  8.40 MBytes   705 Mbits/sec                  
[  5]   1.00-1.10   sec  7.10 MBytes   591 Mbits/sec                  
[  5]   1.10-1.20   sec  7.20 MBytes   609 Mbits/sec                  
[  5]   1.20-1.30   sec  5.85 MBytes   491 Mbits/sec                  
[  5]   1.30-1.40   sec  8.85 MBytes   742 Mbits/sec                  
[  5]   1.40-1.50   sec  7.86 MBytes   659 Mbits/sec                  
[  5]   1.50-1.60   sec  7.82 MBytes   656 Mbits/sec                  
[  5]   1.60-1.70   sec  6.50 MBytes   545 Mbits/sec                  
[  5]   1.70-1.80   sec  7.69 MBytes   646 Mbits/sec                  
[  5]   1.80-1.90   sec  6.85 MBytes   574 Mbits/sec                  
[  5]   1.90-2.00   sec  8.10 MBytes   680 Mbits/sec                  
[  5]   2.00-2.10   sec  7.61 MBytes   639 Mbits/sec                  
[  5]   2.10-2.20   sec  7.56 MBytes   634 Mbits/sec                  
[  5]   2.20-2.30   sec  6.90 MBytes   579 Mbits/sec                  
[  5]   2.30-2.40   sec  9.01 MBytes   756 Mbits/sec                  
[  5]   2.40-2.50   sec  7.01 MBytes   588 Mbits/sec                  
[  5]   2.50-2.60   sec  7.27 MBytes   610 Mbits/sec                  
[  5]   2.60-2.70   sec  6.62 MBytes   555 Mbits/sec                  
[  5]   2.70-2.80   sec  8.00 MBytes   671 Mbits/sec                  
[  5]   2.80-2.90   sec  4.43 MBytes   371 Mbits/sec                  
[  5]   2.90-3.00   sec  9.32 MBytes   781 Mbits/sec                  
[  5]   3.00-3.10   sec  6.54 MBytes   549 Mbits/sec                  
[  5]   3.10-3.20   sec  8.43 MBytes   707 Mbits/sec                  
[  5]   3.20-3.30   sec  7.88 MBytes   661 Mbits/sec                  
[  5]   3.30-3.40   sec  7.15 MBytes   600 Mbits/sec                  
[  5]   3.40-3.50   sec  6.61 MBytes   552 Mbits/sec                  
[  5]   3.50-3.60   sec  7.15 MBytes   602 Mbits/sec                  
[  5]   3.60-3.70   sec  6.82 MBytes   572 Mbits/sec                  
[  5]   3.70-3.80   sec  7.17 MBytes   602 Mbits/sec                  
[  5]   3.80-3.90   sec  7.13 MBytes   598 Mbits/sec                  
[  5]   3.90-4.00   sec  7.78 MBytes   652 Mbits/sec                  
[  5]   4.00-4.10   sec  5.98 MBytes   502 Mbits/sec                  
[  5]   4.10-4.20   sec  6.59 MBytes   553 Mbits/sec                  
[  5]   4.20-4.30   sec  6.99 MBytes   587 Mbits/sec                  
[  5]   4.30-4.40   sec  7.52 MBytes   631 Mbits/sec                  
[  5]   4.40-4.50   sec  6.96 MBytes   584 Mbits/sec                  
[  5]   4.50-4.60   sec  8.49 MBytes   712 Mbits/sec                  
[  5]   4.60-4.70   sec  6.87 MBytes   577 Mbits/sec                  
[  5]   4.70-4.80   sec  8.98 MBytes   753 Mbits/sec                  
[  5]   4.80-4.90   sec  7.04 MBytes   591 Mbits/sec                  
[  5]   4.90-5.00   sec  8.45 MBytes   709 Mbits/sec                  
- - - - - - - - - - - - - - - - - - - - - - - - -
[ ID] Interval           Transfer     Bitrate         Retr
[  5]   0.00-5.05   sec   605 MBytes  1.01 Gbits/sec    0             sender
[  5]   0.00-5.00   sec   323 MBytes   543 Mbits/sec                  receiver

iperf Done.
End time: 1745101877959
