Start time: 1731017262442
[2024-11-07T17:07:47.544766-0500] traceroute to 54.197.223.49 (54.197.223.49), 30 hops max, 60 byte packets
[2024-11-07T17:07:47.545533-0500]  1  * * *
[2024-11-07T17:07:47.545601-0500]  2  * * *
[2024-11-07T17:07:47.545653-0500]  3  * * *
[2024-11-07T17:07:47.545710-0500]  4  * * *
[2024-11-07T17:07:47.545760-0500]  5  * * *
[2024-11-07T17:07:52.553192-0500]  6  * * *
[2024-11-07T17:07:52.553724-0500]  7  * * *
[2024-11-07T17:07:52.553863-0500]  8  * * *
[2024-11-07T17:07:52.564704-0500]  9  * * *
[2024-11-07T17:07:52.564992-0500] 10  * * *
[2024-11-07T17:07:57.562295-0500] 11  * * *
[2024-11-07T17:07:57.562741-0500] 12  * * *
[2024-11-07T17:07:57.568623-0500] 13  * * *
[2024-11-07T17:07:57.568888-0500] 14  * * *
[2024-11-07T17:07:57.568994-0500] 15  * * *
[2024-11-07T17:08:02.565850-0500] 16  * * *
[2024-11-07T17:08:02.566913-0500] 17  * * *
[2024-11-07T17:08:02.568710-0500] 18  * * *
[2024-11-07T17:08:02.571414-0500] 19  * * *
[2024-11-07T17:08:02.573587-0500] 20  * * *
[2024-11-07T17:08:02.576859-0500] 21  * * *
[2024-11-07T17:08:07.567695-0500] 22  * * *
[2024-11-07T17:08:07.572043-0500] 23  * * *
[2024-11-07T17:08:07.572205-0500] 24  * * *
[2024-11-07T17:08:07.578656-0500] 25  * * *
[2024-11-07T17:08:07.578915-0500] 26  * * *
[2024-11-07T17:08:12.531469-0500] 27  * *End time: 1731017292599
