Start time: 1730742140784
[2024-11-04T10:42:21.583653-0700] nuttcp-r: v8.1.4: socket
[2024-11-04T10:42:21.584051-0700] nuttcp-r: buflen=65536, nstream=1, port=5379 tcp
[2024-11-04T10:42:21.584086-0700] nuttcp-r: interval reporting every 0.50 seconds
[2024-11-04T10:42:21.584111-0700] nuttcp-r: connect to 54.176.53.206 with RTT=51.581 ms af=inet
[2024-11-04T10:42:21.584134-0700] nuttcp-r: send window size = 2097152, receive window size = 6291456
[2024-11-04T10:42:21.584157-0700] nuttcp-r: available send window = 1572864, available receive window = 4718592
[2024-11-04T10:42:21.584179-0700]     4.1875 MB /   0.50 sec =   70.2511 Mbps     0 retrans
[2024-11-04T10:42:22.083593-0700]    20.0625 MB /   0.50 sec =  336.5761 Mbps     0 retrans
[2024-11-04T10:42:22.583769-0700]    21.9375 MB /   0.50 sec =  368.0200 Mbps     0 retrans
[2024-11-04T10:42:23.083603-0700]    24.5000 MB /   0.50 sec =  411.0755 Mbps     0 retrans
[2024-11-04T10:42:23.583678-0700]    25.6875 MB /   0.50 sec =  430.9570 Mbps     0 retrans
[2024-11-04T10:42:24.086341-0700]    22.1250 MB /   0.50 sec =  371.1892 Mbps     0 retrans
[2024-11-04T10:42:24.583714-0700]    22.5625 MB /   0.50 sec =  378.5026 Mbps     0 retrans
[2024-11-04T10:42:25.083581-0700]    22.8125 MB /   0.50 sec =  382.7930 Mbps     0 retrans
[2024-11-04T10:42:25.583606-0700]    26.2500 MB /   0.50 sec =  440.3825 Mbps     0 retrans
[2024-11-04T10:42:26.083686-0700]    27.5000 MB /   0.50 sec =  461.3605 Mbps     0 retrans
[2024-11-04T10:42:26.583741-0700]    34.4375 MB /   0.50 sec =  577.7550 Mbps     0 retrans
[2024-11-04T10:42:27.083569-0700]    33.2500 MB /   0.50 sec =  557.8949 Mbps     0 retrans
[2024-11-04T10:42:27.583762-0700]    37.1250 MB /   0.50 sec =  622.7495 Mbps     0 retrans
[2024-11-04T10:42:28.083607-0700]    31.1250 MB /   0.50 sec =  522.2493 Mbps     0 retrans
[2024-11-04T10:42:28.583719-0700]    27.4375 MB /   0.50 sec =  460.2926 Mbps     0 retrans
[2024-11-04T10:42:29.083580-0700]    31.0625 MB /   0.50 sec =  521.2069 Mbps     0 retrans
[2024-11-04T10:42:29.583813-0700]    30.0625 MB /   0.50 sec =  504.3499 Mbps     0 retrans
[2024-11-04T10:42:30.083722-0700]    21.3125 MB /   0.50 sec =  357.4808 Mbps     0 retrans
[2024-11-04T10:42:30.583684-0700]    18.1250 MB /   0.50 sec =  304.1515 Mbps     0 retrans
[2024-11-04T10:42:31.083574-0700]    27.7500 MB /   0.50 sec =  465.5929 Mbps     0 retrans
[2024-11-04T10:42:31.583676-0700]    11.1875 MB /   0.50 sec =  187.6793 Mbps     0 retrans
[2024-11-04T10:42:32.083762-0700]    16.0625 MB /   0.50 sec =  269.4630 Mbps     0 retrans
[2024-11-04T10:42:32.583822-0700]    24.8125 MB /   0.50 sec =  416.2697 Mbps     0 retrans
[2024-11-04T10:42:33.083708-0700]    26.2500 MB /   0.50 sec =  440.4336 Mbps     0 retrans
[2024-11-04T10:42:33.583941-0700]    35.4375 MB /   0.50 sec =  594.4938 Mbps     0 retrans
[2024-11-04T10:42:34.083726-0700]    35.5000 MB /   0.50 sec =  595.6507 Mbps     0 retrans
[2024-11-04T10:42:34.583778-0700]    38.0625 MB /   0.50 sec =  638.4947 Mbps     0 retrans
[2024-11-04T10:42:35.083571-0700]    36.1250 MB /   0.50 sec =  606.2176 Mbps     0 retrans
[2024-11-04T10:42:35.583749-0700]    32.7500 MB /   0.50 sec =  549.3483 Mbps     0 retrans
[2024-11-04T10:42:36.083650-0700]    33.5000 MB /   0.50 sec =  562.1278 Mbps     0 retrans
[2024-11-04T10:42:36.583581-0700]    32.1875 MB /   0.50 sec =  540.0404 Mbps     0 retrans
[2024-11-04T10:42:37.083698-0700]    21.6875 MB /   0.50 sec =  363.8202 Mbps     0 retrans
[2024-11-04T10:42:37.583656-0700]    17.9375 MB /   0.50 sec =  300.9552 Mbps     0 retrans
[2024-11-04T10:42:38.083825-0700]    27.6250 MB /   0.50 sec =  463.2992 Mbps     0 retrans
[2024-11-04T10:42:38.583598-0700]    24.9375 MB /   0.50 sec =  418.5467 Mbps     0 retrans
[2024-11-04T10:42:39.083637-0700]    24.7500 MB /   0.50 sec =  415.2045 Mbps     0 retrans
[2024-11-04T10:42:39.583754-0700]    25.1875 MB /   0.50 sec =  422.5626 Mbps     0 retrans
[2024-11-04T10:42:40.083715-0700]    29.1875 MB /   0.50 sec =  489.7222 Mbps     0 retrans
[2024-11-04T10:42:40.583705-0700]    25.7500 MB /   0.50 sec =  431.9969 Mbps     0 retrans
[2024-11-04T10:42:41.083626-0700]    31.5625 MB /   0.50 sec =  529.5351 Mbps     0 retrans
[2024-11-04T10:42:41.583584-0700]    25.7500 MB /   0.50 sec =  432.0496 Mbps     0 retrans
[2024-11-04T10:42:42.083775-0700]     8.7500 MB /   0.50 sec =  146.7695 Mbps     0 retrans
[2024-11-04T10:42:42.583609-0700]    21.7500 MB /   0.50 sec =  364.9811 Mbps     0 retrans
[2024-11-04T10:42:43.083678-0700]    11.0000 MB /   0.50 sec =  184.5372 Mbps     0 retrans
[2024-11-04T10:42:43.583612-0700]     9.8125 MB /   0.50 sec =  164.6268 Mbps     0 retrans
[2024-11-04T10:42:44.083779-0700]    12.4375 MB /   0.50 sec =  208.6595 Mbps     0 retrans
[2024-11-04T10:42:44.583769-0700]    13.0000 MB /   0.50 sec =  218.0933 Mbps     0 retrans
[2024-11-04T10:42:45.083658-0700]    11.7500 MB /   0.50 sec =  197.1406 Mbps     0 retrans
[2024-11-04T10:42:45.583602-0700]    18.6875 MB /   0.50 sec =  313.5575 Mbps     0 retrans
[2024-11-04T10:42:46.083695-0700]    21.2500 MB /   0.50 sec =  356.4866 Mbps     0 retrans
[2024-11-04T10:42:46.583677-0700]    19.3750 MB /   0.50 sec =  325.0670 Mbps     0 retrans
[2024-11-04T10:42:47.083580-0700]    20.9375 MB /   0.50 sec =  351.2926 Mbps     0 retrans
[2024-11-04T10:42:47.583687-0700]    18.3125 MB /   0.50 sec =  307.2119 Mbps     0 retrans
[2024-11-04T10:42:48.083737-0700]    22.7500 MB /   0.50 sec =  381.6305 Mbps     0 retrans
[2024-11-04T10:42:48.583624-0700]    25.0625 MB /   0.50 sec =  420.5479 Mbps     0 retrans
[2024-11-04T10:42:49.083626-0700]    22.8750 MB /   0.50 sec =  383.7819 Mbps     0 retrans
[2024-11-04T10:42:49.583604-0700]    26.5000 MB /   0.50 sec =  444.6113 Mbps     0 retrans
[2024-11-04T10:42:50.083707-0700]    29.0000 MB /   0.50 sec =  486.5295 Mbps     0 retrans
[2024-11-04T10:42:50.583682-0700]    26.1250 MB /   0.50 sec =  438.2837 Mbps     0 retrans
[2024-11-04T10:42:51.083567-0700]    24.6250 MB /   0.50 sec =  413.1753 Mbps     0 retrans
[2024-11-04T10:42:51.583673-0700]    29.1875 MB /   0.50 sec =  489.6468 Mbps     0 retrans
[2024-11-04T10:42:52.083651-0700]    29.1875 MB /   0.50 sec =  489.6595 Mbps     0 retrans
[2024-11-04T10:42:52.583754-0700]     9.2500 MB /   0.50 sec =  155.1830 Mbps     0 retrans
[2024-11-04T10:42:53.083753-0700]    17.8125 MB /   0.50 sec =  298.8292 Mbps     0 retrans
[2024-11-04T10:42:53.583764-0700]    17.3750 MB /   0.50 sec =  291.5409 Mbps     0 retrans
[2024-11-04T10:42:54.083582-0700]    14.0000 MB /   0.50 sec =  234.9031 Mbps     0 retrans
[2024-11-04T10:42:54.583721-0700]    15.9375 MB /   0.50 sec =  267.3569 Mbps     0 retrans
[2024-11-04T10:42:55.083686-0700]    14.9375 MB /   0.50 sec =  250.6112 Mbps     0 retrans
[2024-11-04T10:42:55.583674-0700]    15.6250 MB /   0.50 sec =  262.1503 Mbps     0 retrans
[2024-11-04T10:42:56.083590-0700]    15.5625 MB /   0.50 sec =  261.1132 Mbps     0 retrans
[2024-11-04T10:42:56.583871-0700]    19.3750 MB /   0.50 sec =  325.0215 Mbps     0 retrans
[2024-11-04T10:42:57.083711-0700]    19.8750 MB /   0.50 sec =  333.4238 Mbps     0 retrans
[2024-11-04T10:42:57.583690-0700]    24.8750 MB /   0.50 sec =  417.3792 Mbps     0 retrans
[2024-11-04T10:42:58.083682-0700]    21.3125 MB /   0.50 sec =  357.5594 Mbps     0 retrans
[2024-11-04T10:42:58.583702-0700]    22.5625 MB /   0.50 sec =  378.5412 Mbps     0 retrans
[2024-11-04T10:42:59.083916-0700]    21.6875 MB /   0.50 sec =  363.7802 Mbps     0 retrans
[2024-11-04T10:42:59.583734-0700]    18.5000 MB /   0.50 sec =  310.4145 Mbps     0 retrans
[2024-11-04T10:43:00.083809-0700]    23.6875 MB /   0.50 sec =  397.3682 Mbps     0 retrans
[2024-11-04T10:43:00.583572-0700]    21.0000 MB /   0.50 sec =  352.4216 Mbps     0 retrans
[2024-11-04T10:43:01.083647-0700]    17.5000 MB /   0.50 sec =  293.5866 Mbps     0 retrans
[2024-11-04T10:43:01.583692-0700]    15.8125 MB /   0.50 sec =  265.2733 Mbps     0 retrans
[2024-11-04T10:43:02.083660-0700]    14.4375 MB /   0.50 sec =  242.2332 Mbps     0 retrans
[2024-11-04T10:43:02.583679-0700]    11.6875 MB /   0.50 sec =  196.0825 Mbps     0 retrans
[2024-11-04T10:43:03.083720-0700]     3.0000 MB /   0.50 sec =   50.3266 Mbps     0 retrans
[2024-11-04T10:43:03.583666-0700]     6.3125 MB /   0.50 sec =  105.9163 Mbps     0 retrans
[2024-11-04T10:43:04.083647-0700]     5.9375 MB /   0.50 sec =   99.6131 Mbps     0 retrans
[2024-11-04T10:43:04.583660-0700]     5.3750 MB /   0.50 sec =   90.1792 Mbps     0 retrans
[2024-11-04T10:43:05.083686-0700]     4.7500 MB /   0.50 sec =   79.6935 Mbps     0 retrans
[2024-11-04T10:43:05.583762-0700]     6.6250 MB /   0.50 sec =  111.1295 Mbps     0 retrans
[2024-11-04T10:43:06.083601-0700]     8.3125 MB /   0.50 sec =  139.4888 Mbps     0 retrans
[2024-11-04T10:43:06.583654-0700]     8.1875 MB /   0.50 sec =  137.3571 Mbps     0 retrans
[2024-11-04T10:43:07.083660-0700]     8.7500 MB /   0.50 sec =  146.7980 Mbps     0 retrans
[2024-11-04T10:43:07.583581-0700]     9.1875 MB /   0.50 sec =  154.1518 Mbps     0 retrans
[2024-11-04T10:43:08.083688-0700]    10.3750 MB /   0.50 sec =  174.0525 Mbps     0 retrans
[2024-11-04T10:43:08.583613-0700]     7.1250 MB /   0.50 sec =  119.5422 Mbps     0 retrans
[2024-11-04T10:43:09.083716-0700]     9.0000 MB /   0.50 sec =  150.9798 Mbps     0 retrans
[2024-11-04T10:43:09.583671-0700]     7.5625 MB /   0.50 sec =  126.8856 Mbps     0 retrans
[2024-11-04T10:43:10.083642-0700]     7.4375 MB /   0.50 sec =  124.7800 Mbps     0 retrans
[2024-11-04T10:43:10.583674-0700]     6.5000 MB /   0.50 sec =  109.0528 Mbps     0 retrans
[2024-11-04T10:43:11.083839-0700]     5.2500 MB /   0.50 sec =   88.0556 Mbps     0 retrans
[2024-11-04T10:43:11.583715-0700]     3.3750 MB /   0.50 sec =   56.6347 Mbps     0 retrans
[2024-11-04T10:43:12.083585-0700]     2.3125 MB /   0.50 sec =   38.8018 Mbps     0 retrans
[2024-11-04T10:43:12.583731-0700]     2.1875 MB /   0.50 sec =   36.6938 Mbps     0 retrans
[2024-11-04T10:43:13.083562-0700]     2.3125 MB /   0.50 sec =   38.8052 Mbps     0 retrans
[2024-11-04T10:43:13.583671-0700]     3.9375 MB /   0.50 sec =   66.0561 Mbps     0 retrans
[2024-11-04T10:43:14.083757-0700]     6.1250 MB /   0.50 sec =  102.7428 Mbps     0 retrans
[2024-11-04T10:43:14.583667-0700]     5.7500 MB /   0.50 sec =   96.4881 Mbps     0 retrans
[2024-11-04T10:43:15.083727-0700]     4.2500 MB /   0.50 sec =   71.2928 Mbps     0 retrans
[2024-11-04T10:43:15.583784-0700]     7.0000 MB /   0.50 sec =  117.4311 Mbps     0 retrans
[2024-11-04T10:43:16.083680-0700]     6.1875 MB /   0.50 sec =  103.8281 Mbps     0 retrans
[2024-11-04T10:43:16.583678-0700]     6.3750 MB /   0.50 sec =  106.9554 Mbps     0 retrans
[2024-11-04T10:43:17.083670-0700]     2.9375 MB /   0.50 sec =   49.2822 Mbps     0 retrans
[2024-11-04T10:43:17.583676-0700]     6.8750 MB /   0.50 sec =  115.3454 Mbps     0 retrans
[2024-11-04T10:43:18.083709-0700]     7.6875 MB /   0.50 sec =  128.9671 Mbps     0 retrans
[2024-11-04T10:43:18.583690-0700]     8.1875 MB /   0.50 sec =  137.3706 Mbps     0 retrans
[2024-11-04T10:43:19.083763-0700]     7.7500 MB /   0.50 sec =  130.0203 Mbps     0 retrans
[2024-11-04T10:43:19.583678-0700]     9.6250 MB /   0.50 sec =  161.4846 Mbps     0 retrans
[2024-11-04T10:43:20.083690-0700]     9.6875 MB /   0.50 sec =  162.5244 Mbps     0 retrans
[2024-11-04T10:43:20.583753-0700]     9.1875 MB /   0.50 sec =  154.1333 Mbps     0 retrans
[2024-11-04T10:43:21.083719-0700]     8.9375 MB /   0.50 sec =  149.9527 Mbps     0 retrans
[2024-11-04T10:43:21.583728-0700]    12.1875 MB /   0.50 sec =  204.4613 Mbps     0 retrans
[2024-11-04T10:43:22.083693-0700]    12.3750 MB /   0.50 sec =  207.6151 Mbps     0 retrans
[2024-11-04T10:43:22.583613-0700]    11.1875 MB /   0.50 sec =  187.7240 Mbps     0 retrans
[2024-11-04T10:43:23.083691-0700]    11.6250 MB /   0.50 sec =  195.0211 Mbps     0 retrans
[2024-11-04T10:43:23.583721-0700]    10.5000 MB /   0.50 sec =  176.1453 Mbps     0 retrans
[2024-11-04T10:43:24.083564-0700]    10.9375 MB /   0.50 sec =  183.5375 Mbps     0 retrans
[2024-11-04T10:43:24.583699-0700]     8.8125 MB /   0.50 sec =  147.8374 Mbps     0 retrans
[2024-11-04T10:43:25.083777-0700]     6.8750 MB /   0.50 sec =  115.3268 Mbps     0 retrans
[2024-11-04T10:43:25.583636-0700]     4.3750 MB /   0.50 sec =   73.4100 Mbps     0 retrans
[2024-11-04T10:43:26.083987-0700]     0.4375 MB /   0.50 sec =    7.3388 Mbps     0 retrans
[2024-11-04T10:43:26.583618-0700]    10.5000 MB /   0.50 sec =  176.1865 Mbps     0 retrans
[2024-11-04T10:43:27.083629-0700]     8.0000 MB /   0.50 sec =  134.2223 Mbps     0 retrans
[2024-11-04T10:43:27.583669-0700]     6.5625 MB /   0.50 sec =  110.1005 Mbps     0 retrans
[2024-11-04T10:43:28.083878-0700]     4.5625 MB /   0.50 sec =   76.5350 Mbps     0 retrans
[2024-11-04T10:43:28.583816-0700]     4.0625 MB /   0.50 sec =   68.1513 Mbps     0 retrans
[2024-11-04T10:43:29.083634-0700]     7.1875 MB /   0.50 sec =  120.6232 Mbps     0 retrans
[2024-11-04T10:43:29.583697-0700]     8.7500 MB /   0.50 sec =  146.7860 Mbps     0 retrans
[2024-11-04T10:43:30.083664-0700]     8.3125 MB /   0.50 sec =  139.4653 Mbps     0 retrans
[2024-11-04T10:43:30.583651-0700]     9.0625 MB /   0.50 sec =  152.0447 Mbps     0 retrans
[2024-11-04T10:43:31.083701-0700]     6.3125 MB /   0.50 sec =  105.8996 Mbps     0 retrans
[2024-11-04T10:43:31.583735-0700]     7.4375 MB /   0.50 sec =  124.7713 Mbps     0 retrans
[2024-11-04T10:43:32.083703-0700]     5.1875 MB /   0.50 sec =   87.0329 Mbps     0 retrans
[2024-11-04T10:43:32.583787-0700]     5.2500 MB /   0.50 sec =   88.0719 Mbps     0 retrans
[2024-11-04T10:43:33.083773-0700]     7.7500 MB /   0.50 sec =  130.0515 Mbps     0 retrans
[2024-11-04T10:43:33.583680-0700]    11.0625 MB /   0.50 sec =  185.5965 Mbps     0 retrans
[2024-11-04T10:43:34.083689-0700]    12.3125 MB /   0.50 sec =  206.5691 Mbps     0 retrans
[2024-11-04T10:43:34.583684-0700]    15.4375 MB /   0.50 sec =  258.9998 Mbps     0 retrans
[2024-11-04T10:43:35.083680-0700]    20.6875 MB /   0.50 sec =  347.0710 Mbps     0 retrans
[2024-11-04T10:43:35.583688-0700]    23.6250 MB /   0.50 sec =  396.3689 Mbps     0 retrans
[2024-11-04T10:43:36.083595-0700]    18.6250 MB /   0.50 sec =  312.4919 Mbps     0 retrans
[2024-11-04T10:43:36.583653-0700]     8.0000 MB /   0.50 sec =  134.2207 Mbps     0 retrans
[2024-11-04T10:43:37.083586-0700]    13.2500 MB /   0.50 sec =  222.2963 Mbps     0 retrans
[2024-11-04T10:43:37.583672-0700]    14.6875 MB /   0.50 sec =  246.3981 Mbps     0 retrans
[2024-11-04T10:43:38.083604-0700]    15.7500 MB /   0.50 sec =  264.2549 Mbps     0 retrans
[2024-11-04T10:43:38.583666-0700]    16.7500 MB /   0.50 sec =  281.0094 Mbps     0 retrans
[2024-11-04T10:43:39.083641-0700]    14.3125 MB /   0.50 sec =  240.1090 Mbps     0 retrans
[2024-11-04T10:43:39.583642-0700]    16.0000 MB /   0.50 sec =  268.4381 Mbps     0 retrans
[2024-11-04T10:43:40.083731-0700]    17.2500 MB /   0.50 sec =  289.3838 Mbps     0 retrans
[2024-11-04T10:43:40.583701-0700]    14.1875 MB /   0.50 sec =  238.0453 Mbps     0 retrans
[2024-11-04T10:43:41.083712-0700]    15.0000 MB /   0.50 sec =  251.6623 Mbps     0 retrans
[2024-11-04T10:43:41.583584-0700]    13.5625 MB /   0.50 sec =  227.5587 Mbps     0 retrans
[2024-11-04T10:43:42.083696-0700]    15.5625 MB /   0.50 sec =  261.0756 Mbps     0 retrans
[2024-11-04T10:43:42.583727-0700]    16.3750 MB /   0.50 sec =  274.7011 Mbps     0 retrans
[2024-11-04T10:43:43.083720-0700]    19.4375 MB /   0.50 sec =  326.1182 Mbps     0 retrans
[2024-11-04T10:43:43.583676-0700]    18.9375 MB /   0.50 sec =  317.7420 Mbps     0 retrans
[2024-11-04T10:43:44.083617-0700]    11.1250 MB /   0.50 sec =  186.6473 Mbps     0 retrans
[2024-11-04T10:43:44.583620-0700]    24.1250 MB /   0.50 sec =  404.7495 Mbps     0 retrans
[2024-11-04T10:43:45.083631-0700]    17.3125 MB /   0.50 sec =  290.4608 Mbps     0 retrans
[2024-11-04T10:43:45.583670-0700]    17.5000 MB /   0.50 sec =  293.5942 Mbps     0 retrans
[2024-11-04T10:43:46.083698-0700]    16.6250 MB /   0.50 sec =  278.9073 Mbps     0 retrans
[2024-11-04T10:43:46.583769-0700]    20.1875 MB /   0.50 sec =  338.6840 Mbps     0 retrans
[2024-11-04T10:43:47.083597-0700]    17.6875 MB /   0.50 sec =  296.7826 Mbps     0 retrans
[2024-11-04T10:43:47.583824-0700]    15.1250 MB /   0.50 sec =  253.7478 Mbps     0 retrans
[2024-11-04T10:43:48.083808-0700]    16.6875 MB /   0.50 sec =  279.9362 Mbps     0 retrans
[2024-11-04T10:43:48.583706-0700]    17.1875 MB /   0.50 sec =  288.3734 Mbps     0 retrans
[2024-11-04T10:43:49.083686-0700]    16.0000 MB /   0.50 sec =  268.4440 Mbps     0 retrans
[2024-11-04T10:43:49.583585-0700]    14.1875 MB /   0.50 sec =  238.0401 Mbps     0 retrans
[2024-11-04T10:43:50.083882-0700]    14.8125 MB /   0.50 sec =  248.4852 Mbps     0 retrans
[2024-11-04T10:43:50.583658-0700]    14.0000 MB /   0.50 sec =  234.8956 Mbps     0 retrans
[2024-11-04T10:43:51.083621-0700]    15.9375 MB /   0.50 sec =  267.4051 Mbps     0 retrans
[2024-11-04T10:43:51.583672-0700]    11.5000 MB /   0.50 sec =  192.9291 Mbps     0 retrans
[2024-11-04T10:43:52.083748-0700]     8.0625 MB /   0.50 sec =  135.2463 Mbps     0 retrans
[2024-11-04T10:43:52.583574-0700]    15.0625 MB /   0.50 sec =  252.7609 Mbps     0 retrans
[2024-11-04T10:43:53.083716-0700]    14.5625 MB /   0.50 sec =  244.2869 Mbps     0 retrans
[2024-11-04T10:43:53.583778-0700]    12.1875 MB /   0.50 sec =  204.4486 Mbps     0 retrans
[2024-11-04T10:43:54.083645-0700]    11.7500 MB /   0.50 sec =  197.1804 Mbps     0 retrans
[2024-11-04T10:43:54.583783-0700]     3.8125 MB /   0.50 sec =   63.9479 Mbps     0 retrans
[2024-11-04T10:43:55.083603-0700]    12.8750 MB /   0.50 sec =  216.0464 Mbps     0 retrans
[2024-11-04T10:43:55.583707-0700]    15.4375 MB /   0.50 sec =  258.9791 Mbps     0 retrans
[2024-11-04T10:43:56.083685-0700]    13.8125 MB /   0.50 sec =  231.7422 Mbps     0 retrans
[2024-11-04T10:43:56.583692-0700]    12.3750 MB /   0.50 sec =  207.6205 Mbps     0 retrans
[2024-11-04T10:43:57.083692-0700]    14.7500 MB /   0.50 sec =  247.4629 Mbps     0 retrans
[2024-11-04T10:43:57.583683-0700]    15.1875 MB /   0.50 sec =  254.8091 Mbps     0 retrans
[2024-11-04T10:43:58.083729-0700]    15.7500 MB /   0.50 sec =  264.2200 Mbps     0 retrans
[2024-11-04T10:43:58.583712-0700]    16.5000 MB /   0.50 sec =  276.8318 Mbps     0 retrans
[2024-11-04T10:43:59.083806-0700]    17.7500 MB /   0.50 sec =  297.8045 Mbps     0 retrans
[2024-11-04T10:43:59.583715-0700]    16.2500 MB /   0.50 sec =  272.6172 Mbps     0 retrans
[2024-11-04T10:44:00.083584-0700]    17.8125 MB /   0.50 sec =  298.8782 Mbps     0 retrans
[2024-11-04T10:44:00.583790-0700]    19.6875 MB /   0.50 sec =  330.2268 Mbps     0 retrans
[2024-11-04T10:44:01.083604-0700]    18.3750 MB /   0.50 sec =  308.3510 Mbps     0 retrans
[2024-11-04T10:44:01.583677-0700]    19.6875 MB /   0.50 sec =  330.2849 Mbps     0 retrans
[2024-11-04T10:44:02.083685-0700]    21.8750 MB /   0.50 sec =  367.0038 Mbps     0 retrans
[2024-11-04T10:44:02.583663-0700]    24.6250 MB /   0.50 sec =  413.1398 Mbps     0 retrans
[2024-11-04T10:44:03.083654-0700]    24.4375 MB /   0.50 sec =  409.9973 Mbps     0 retrans
[2024-11-04T10:44:03.583585-0700]    17.1875 MB /   0.50 sec =  288.3699 Mbps     0 retrans
[2024-11-04T10:44:04.083650-0700]    20.8125 MB /   0.50 sec =  349.1444 Mbps     0 retrans
[2024-11-04T10:44:04.583706-0700]    23.1875 MB /   0.50 sec =  389.0497 Mbps     0 retrans
[2024-11-04T10:44:05.083596-0700]    21.6875 MB /   0.50 sec =  363.8581 Mbps     0 retrans
[2024-11-04T10:44:05.583777-0700]    16.8125 MB /   0.50 sec =  282.0083 Mbps     0 retrans
[2024-11-04T10:44:06.083629-0700]    13.6250 MB /   0.50 sec =  228.6271 Mbps     0 retrans
[2024-11-04T10:44:06.583688-0700]    15.1875 MB /   0.50 sec =  254.8004 Mbps     0 retrans
[2024-11-04T10:44:07.083688-0700]    14.8750 MB /   0.50 sec =  249.5591 Mbps     0 retrans
[2024-11-04T10:44:07.583664-0700]    10.9375 MB /   0.50 sec =  183.5045 Mbps     0 retrans
[2024-11-04T10:44:08.083691-0700]     8.5625 MB /   0.50 sec =  143.6463 Mbps     0 retrans
[2024-11-04T10:44:08.583599-0700]    12.6875 MB /   0.50 sec =  212.8886 Mbps     0 retrans
[2024-11-04T10:44:09.083785-0700]    16.3750 MB /   0.50 sec =  274.6522 Mbps     0 retrans
[2024-11-04T10:44:09.583740-0700]    18.9375 MB /   0.50 sec =  317.7389 Mbps     0 retrans
[2024-11-04T10:44:10.083578-0700]    14.8125 MB /   0.50 sec =  248.5627 Mbps     0 retrans
[2024-11-04T10:44:10.583822-0700]    20.2500 MB /   0.50 sec =  339.6951 Mbps     0 retrans
[2024-11-04T10:44:11.083655-0700]    20.3750 MB /   0.50 sec =  341.8624 Mbps     0 retrans
[2024-11-04T10:44:11.583675-0700]    21.6875 MB /   0.50 sec =  363.8501 Mbps     0 retrans
[2024-11-04T10:44:12.083606-0700]    22.8750 MB /   0.50 sec =  383.7888 Mbps     0 retrans
[2024-11-04T10:44:12.583666-0700]    22.6250 MB /   0.50 sec =  379.5883 Mbps     0 retrans
[2024-11-04T10:44:13.083775-0700]    11.6250 MB /   0.50 sec =  194.9891 Mbps     0 retrans
[2024-11-04T10:44:13.583618-0700]    15.3125 MB /   0.50 sec =  256.9654 Mbps     0 retrans
[2024-11-04T10:44:14.083793-0700]    20.3125 MB /   0.50 sec =  340.7293 Mbps     0 retrans
[2024-11-04T10:44:14.583684-0700]    21.6875 MB /   0.50 sec =  363.8923 Mbps     0 retrans
[2024-11-04T10:44:15.083608-0700]    19.8125 MB /   0.50 sec =  332.4086 Mbps     0 retrans
[2024-11-04T10:44:15.583705-0700]    18.8125 MB /   0.50 sec =  315.6094 Mbps     0 retrans
[2024-11-04T10:44:16.083652-0700]    13.5625 MB /   0.50 sec =  227.5364 Mbps     0 retrans
[2024-11-04T10:44:16.583719-0700]    17.1250 MB /   0.50 sec =  287.3213 Mbps     0 retrans
[2024-11-04T10:44:17.083702-0700]    17.6875 MB /   0.50 sec =  296.7316 Mbps     0 retrans
[2024-11-04T10:44:17.583732-0700]    20.0625 MB /   0.50 sec =  336.5976 Mbps     0 retrans
[2024-11-04T10:44:18.083639-0700]    20.6250 MB /   0.50 sec =  346.0529 Mbps     0 retrans
[2024-11-04T10:44:18.583669-0700]    21.1250 MB /   0.50 sec =  354.4045 Mbps     0 retrans
[2024-11-04T10:44:19.083734-0700]    19.6875 MB /   0.50 sec =  330.2770 Mbps     0 retrans
[2024-11-04T10:44:19.583693-0700]    24.8750 MB /   0.50 sec =  417.3524 Mbps     0 retrans
[2024-11-04T10:44:20.083821-0700]    25.1250 MB /   0.50 sec =  421.4222 Mbps     0 retrans
[2024-11-04T10:44:20.583662-0700]    25.5625 MB /   0.50 sec =  429.0031 Mbps     0 retrans
[2024-11-04T10:44:21.083939-0700]    18.8125 MB /   0.50 sec =  315.5671 Mbps     0 retrans
[2024-11-04T10:44:21.583679-0700]    18.6875 MB /   0.50 sec =  313.5800 Mbps     0 retrans
End time: 1730742261890
