Start time: 1730742478639
[2024-11-04T10:48:03.730388-0700] traceroute to 54.176.53.206 (54.176.53.206), 30 hops max, 60 byte packets
[2024-11-04T10:48:03.731567-0700]  1  * * *
[2024-11-04T10:48:03.731632-0700]  2  * * *
[2024-11-04T10:48:03.731678-0700]  3  * * *
[2024-11-04T10:48:03.731719-0700]  4  * * *
[2024-11-04T10:48:03.740687-0700]  5  * * *
[2024-11-04T10:48:08.738082-0700]  6  * * *
[2024-11-04T10:48:08.738346-0700]  7  * * *
[2024-11-04T10:48:08.738402-0700]  8  * * *
[2024-11-04T10:48:08.743008-0700]  9  * * *
[2024-11-04T10:48:08.743137-0700] 10  * * *
[2024-11-04T10:48:13.745493-0700] 11  * * *
[2024-11-04T10:48:13.745798-0700] 12  * * *
[2024-11-04T10:48:13.745895-0700] 13  * * *
[2024-11-04T10:48:13.745963-0700] 14  * * *
[2024-11-04T10:48:13.746026-0700] 15  * * *
[2024-11-04T10:48:18.753283-0700] 16  * * *
[2024-11-04T10:48:18.753601-0700] 17  * * *
[2024-11-04T10:48:18.753666-0700] 18  * * *
[2024-11-04T10:48:18.759473-0700] 19  * * *
[2024-11-04T10:48:18.759548-0700] 20  * * *
[2024-11-04T10:48:18.764115-0700] 21  * * *
[2024-11-04T10:48:23.761035-0700] 22  * * *
[2024-11-04T10:48:23.761321-0700] 23  * * *
[2024-11-04T10:48:23.761382-0700] 24  * * *
[2024-11-04T10:48:23.766885-0700] 25  * * *
[2024-11-04T10:48:23.767159-0700] 26  * * *
[2024-11-04T10:48:28.718473-0700] 27  * *End time: 1730742508782
