Start time: 1730664102912
[2024-11-03T13:01:43.776933-0700] nuttcp-r: v8.1.4: socket
[2024-11-03T13:01:43.777608-0700] nuttcp-r: buflen=65536, nstream=1, port=5379 tcp
[2024-11-03T13:01:43.777676-0700] nuttcp-r: interval reporting every 0.50 seconds
[2024-11-03T13:01:43.777728-0700] nuttcp-r: connect to 54.176.53.206 with RTT=56.436 ms af=inet
[2024-11-03T13:01:43.777776-0700] nuttcp-r: send window size = 2097152, receive window size = 6291456
[2024-11-03T13:01:43.777824-0700] nuttcp-r: available send window = 1572864, available receive window = 4718592
[2024-11-03T13:01:43.777871-0700]     2.5000 MB /   0.50 sec =   41.9314 Mbps     0 retrans
[2024-11-03T13:01:44.276711-0700]    21.2500 MB /   0.50 sec =  356.5265 Mbps     0 retrans
[2024-11-03T13:01:44.776629-0700]    27.3750 MB /   0.50 sec =  459.3461 Mbps     0 retrans
[2024-11-03T13:01:45.276615-0700]    29.0000 MB /   0.50 sec =  486.5334 Mbps     0 retrans
[2024-11-03T13:01:45.776615-0700]    23.3750 MB /   0.50 sec =  392.1690 Mbps     0 retrans
[2024-11-03T13:01:46.276734-0700]    12.5000 MB /   0.50 sec =  209.6682 Mbps     0 retrans
[2024-11-03T13:01:46.776666-0700]    30.1250 MB /   0.50 sec =  505.4460 Mbps     0 retrans
[2024-11-03T13:01:47.276647-0700]    26.3125 MB /   0.50 sec =  441.4929 Mbps     0 retrans
[2024-11-03T13:01:47.776891-0700]    27.1250 MB /   0.50 sec =  455.0274 Mbps     0 retrans
[2024-11-03T13:01:48.276666-0700]    25.8125 MB /   0.50 sec =  433.1000 Mbps     0 retrans
[2024-11-03T13:01:48.776686-0700]    22.0000 MB /   0.50 sec =  369.0973 Mbps     0 retrans
[2024-11-03T13:01:49.276562-0700]    21.5625 MB /   0.50 sec =  361.7725 Mbps     0 retrans
[2024-11-03T13:01:49.776641-0700]    28.3125 MB /   0.50 sec =  475.0021 Mbps     0 retrans
[2024-11-03T13:01:50.276668-0700]    25.5000 MB /   0.50 sec =  427.8173 Mbps     0 retrans
[2024-11-03T13:01:50.776600-0700]    25.0625 MB /   0.50 sec =  420.4966 Mbps     0 retrans
[2024-11-03T13:01:51.276615-0700]    20.0625 MB /   0.50 sec =  336.5929 Mbps     0 retrans
[2024-11-03T13:01:51.776641-0700]    25.1250 MB /   0.50 sec =  421.5073 Mbps     0 retrans
[2024-11-03T13:01:52.276650-0700]    25.7500 MB /   0.50 sec =  432.0461 Mbps     0 retrans
[2024-11-03T13:01:52.776502-0700]    25.9375 MB /   0.50 sec =  435.1834 Mbps     0 retrans
[2024-11-03T13:01:53.277005-0700]    23.5000 MB /   0.50 sec =  394.1637 Mbps     0 retrans
[2024-11-03T13:01:53.776841-0700]    17.8750 MB /   0.50 sec =  299.8633 Mbps     0 retrans
[2024-11-03T13:01:54.276749-0700]    16.0625 MB /   0.50 sec =  269.5164 Mbps     0 retrans
[2024-11-03T13:01:54.776722-0700]    18.0625 MB /   0.50 sec =  303.0360 Mbps     0 retrans
[2024-11-03T13:01:55.276589-0700]    24.1250 MB /   0.50 sec =  404.8216 Mbps     0 retrans
[2024-11-03T13:01:55.776676-0700]    24.5625 MB /   0.50 sec =  412.0558 Mbps     0 retrans
[2024-11-03T13:01:56.276632-0700]    26.3750 MB /   0.50 sec =  442.5239 Mbps     0 retrans
[2024-11-03T13:01:56.776825-0700]    26.3750 MB /   0.50 sec =  442.4486 Mbps     0 retrans
[2024-11-03T13:01:57.276502-0700]    25.9375 MB /   0.50 sec =  435.2487 Mbps     0 retrans
[2024-11-03T13:01:57.776725-0700]    27.6875 MB /   0.50 sec =  464.4226 Mbps     0 retrans
[2024-11-03T13:01:58.276654-0700]    27.4375 MB /   0.50 sec =  460.3626 Mbps     0 retrans
[2024-11-03T13:01:58.776645-0700]    28.6250 MB /   0.50 sec =  480.2526 Mbps     0 retrans
[2024-11-03T13:01:59.276710-0700]    16.1250 MB /   0.50 sec =  270.4850 Mbps     0 retrans
[2024-11-03T13:01:59.776831-0700]    29.6250 MB /   0.50 sec =  497.1185 Mbps     0 retrans
[2024-11-03T13:02:00.276712-0700]    26.8125 MB /   0.50 sec =  449.7779 Mbps     0 retrans
[2024-11-03T13:02:00.776594-0700]    27.0000 MB /   0.50 sec =  453.0673 Mbps     0 retrans
[2024-11-03T13:02:01.276594-0700]    28.6250 MB /   0.50 sec =  480.2468 Mbps     0 retrans
[2024-11-03T13:02:01.776693-0700]    26.1250 MB /   0.50 sec =  438.2522 Mbps     0 retrans
[2024-11-03T13:02:02.276629-0700]    25.8125 MB /   0.50 sec =  433.1026 Mbps     0 retrans
[2024-11-03T13:02:02.776474-0700]    25.5000 MB /   0.50 sec =  427.8661 Mbps     0 retrans
[2024-11-03T13:02:03.276684-0700]    23.1250 MB /   0.50 sec =  387.9087 Mbps     0 retrans
[2024-11-03T13:02:03.776728-0700]    24.5625 MB /   0.50 sec =  412.0327 Mbps     0 retrans
[2024-11-03T13:02:04.276720-0700]    26.5000 MB /   0.50 sec =  444.5953 Mbps     0 retrans
[2024-11-03T13:02:04.776631-0700]    28.1250 MB /   0.50 sec =  471.9460 Mbps     0 retrans
[2024-11-03T13:02:05.276617-0700]    20.9375 MB /   0.50 sec =  351.2793 Mbps     0 retrans
[2024-11-03T13:02:05.776611-0700]    16.8750 MB /   0.50 sec =  283.1127 Mbps     0 retrans
[2024-11-03T13:02:06.276644-0700]    18.2500 MB /   0.50 sec =  306.1873 Mbps     0 retrans
[2024-11-03T13:02:06.776955-0700]    17.6250 MB /   0.50 sec =  295.6961 Mbps     0 retrans
[2024-11-03T13:02:07.276563-0700]    21.0000 MB /   0.50 sec =  352.3377 Mbps     0 retrans
[2024-11-03T13:02:07.776638-0700]    22.3750 MB /   0.50 sec =  375.3759 Mbps     0 retrans
[2024-11-03T13:02:08.276643-0700]    19.3750 MB /   0.50 sec =  325.0560 Mbps     0 retrans
[2024-11-03T13:02:08.776592-0700]    21.8125 MB /   0.50 sec =  365.9669 Mbps     0 retrans
[2024-11-03T13:02:09.276618-0700]    17.2500 MB /   0.50 sec =  289.4018 Mbps     0 retrans
[2024-11-03T13:02:09.776625-0700]     9.5625 MB /   0.50 sec =  160.4280 Mbps     0 retrans
[2024-11-03T13:02:10.276596-0700]    19.8125 MB /   0.50 sec =  332.4059 Mbps     0 retrans
[2024-11-03T13:02:10.776632-0700]    21.8125 MB /   0.50 sec =  365.9545 Mbps     0 retrans
[2024-11-03T13:02:11.276621-0700]    25.1250 MB /   0.50 sec =  421.5335 Mbps     0 retrans
[2024-11-03T13:02:11.776674-0700]    24.5625 MB /   0.50 sec =  412.0244 Mbps     0 retrans
[2024-11-03T13:02:12.276631-0700]    23.1875 MB /   0.50 sec =  389.0598 Mbps     0 retrans
[2024-11-03T13:02:12.776545-0700]    25.7500 MB /   0.50 sec =  432.0608 Mbps     0 retrans
[2024-11-03T13:02:13.276641-0700]    26.4375 MB /   0.50 sec =  443.5201 Mbps     0 retrans
[2024-11-03T13:02:13.776658-0700]    25.4375 MB /   0.50 sec =  426.7534 Mbps     0 retrans
[2024-11-03T13:02:14.276570-0700]    24.7500 MB /   0.50 sec =  415.2643 Mbps     0 retrans
[2024-11-03T13:02:14.776648-0700]    24.6875 MB /   0.50 sec =  414.1569 Mbps     0 retrans
[2024-11-03T13:02:15.276818-0700]    18.6875 MB /   0.50 sec =  313.5386 Mbps     0 retrans
[2024-11-03T13:02:15.776616-0700]    16.7500 MB /   0.50 sec =  281.0133 Mbps     0 retrans
[2024-11-03T13:02:16.276738-0700]    17.8125 MB /   0.50 sec =  298.8017 Mbps     0 retrans
[2024-11-03T13:02:16.776721-0700]    20.1250 MB /   0.50 sec =  337.6347 Mbps     0 retrans
[2024-11-03T13:02:17.276523-0700]    22.7500 MB /   0.50 sec =  381.7763 Mbps     0 retrans
[2024-11-03T13:02:17.776642-0700]    24.3750 MB /   0.50 sec =  408.9005 Mbps     0 retrans
[2024-11-03T13:02:18.276620-0700]    25.6875 MB /   0.50 sec =  430.9863 Mbps     0 retrans
[2024-11-03T13:02:18.776589-0700]    23.8125 MB /   0.50 sec =  399.5107 Mbps     0 retrans
[2024-11-03T13:02:19.276495-0700]    22.1875 MB /   0.50 sec =  372.2713 Mbps     0 retrans
[2024-11-03T13:02:19.776629-0700]    22.1250 MB /   0.50 sec =  371.1744 Mbps     0 retrans
[2024-11-03T13:02:20.276592-0700]     7.6250 MB /   0.50 sec =  127.9240 Mbps     0 retrans
[2024-11-03T13:02:20.776615-0700]    16.1250 MB /   0.50 sec =  270.5326 Mbps     0 retrans
[2024-11-03T13:02:21.276656-0700]    16.3125 MB /   0.50 sec =  273.6674 Mbps     0 retrans
[2024-11-03T13:02:21.776583-0700]    14.8750 MB /   0.50 sec =  249.5746 Mbps     0 retrans
[2024-11-03T13:02:22.276628-0700]    18.4375 MB /   0.50 sec =  309.3175 Mbps     0 retrans
[2024-11-03T13:02:22.776524-0700]    24.6875 MB /   0.50 sec =  414.2198 Mbps     0 retrans
[2024-11-03T13:02:23.276673-0700]    18.0625 MB /   0.50 sec =  302.9809 Mbps     0 retrans
[2024-11-03T13:02:23.776739-0700]    20.6875 MB /   0.50 sec =  347.0544 Mbps     0 retrans
[2024-11-03T13:02:24.276622-0700]    18.6250 MB /   0.50 sec =  312.5363 Mbps     0 retrans
[2024-11-03T13:02:24.776595-0700]    21.1250 MB /   0.50 sec =  354.4215 Mbps     0 retrans
[2024-11-03T13:02:25.276798-0700]    21.2500 MB /   0.50 sec =  356.5166 Mbps     0 retrans
[2024-11-03T13:02:25.776710-0700]    19.5625 MB /   0.50 sec =  328.1485 Mbps     0 retrans
[2024-11-03T13:02:26.276608-0700]    26.8750 MB /   0.50 sec =  450.9526 Mbps     0 retrans
[2024-11-03T13:02:26.776627-0700]    22.5625 MB /   0.50 sec =  378.5352 Mbps     0 retrans
[2024-11-03T13:02:27.276499-0700]    24.5000 MB /   0.50 sec =  411.0804 Mbps     0 retrans
[2024-11-03T13:02:27.776596-0700]    18.3750 MB /   0.50 sec =  308.2641 Mbps     0 retrans
[2024-11-03T13:02:28.276629-0700]    26.1250 MB /   0.50 sec =  438.2969 Mbps     0 retrans
[2024-11-03T13:02:28.776618-0700]    22.7500 MB /   0.50 sec =  381.6809 Mbps     0 retrans
[2024-11-03T13:02:29.276647-0700]    14.8125 MB /   0.50 sec =  248.4842 Mbps     0 retrans
[2024-11-03T13:02:29.776606-0700]    22.0000 MB /   0.50 sec =  369.1482 Mbps     0 retrans
[2024-11-03T13:02:30.276612-0700]    21.5625 MB /   0.50 sec =  361.7551 Mbps     0 retrans
[2024-11-03T13:02:30.776608-0700]    10.0000 MB /   0.50 sec =  167.7698 Mbps     0 retrans
[2024-11-03T13:02:31.276592-0700]    11.4375 MB /   0.50 sec =  191.8955 Mbps     0 retrans
[2024-11-03T13:02:31.776813-0700]    23.3750 MB /   0.50 sec =  392.1517 Mbps     0 retrans
[2024-11-03T13:02:32.276555-0700]    23.3750 MB /   0.50 sec =  392.1839 Mbps     0 retrans
[2024-11-03T13:02:32.776530-0700]    26.8125 MB /   0.50 sec =  449.8463 Mbps     0 retrans
[2024-11-03T13:02:33.276691-0700]    24.4375 MB /   0.50 sec =  409.9194 Mbps     0 retrans
[2024-11-03T13:02:33.776527-0700]    26.4375 MB /   0.50 sec =  443.6373 Mbps     0 retrans
[2024-11-03T13:02:34.276501-0700]    23.9375 MB /   0.50 sec =  401.6022 Mbps     0 retrans
[2024-11-03T13:02:34.776615-0700]    22.4375 MB /   0.50 sec =  376.4162 Mbps     0 retrans
[2024-11-03T13:02:35.276862-0700]    22.6250 MB /   0.50 sec =  379.5898 Mbps     0 retrans
[2024-11-03T13:02:35.776617-0700]    23.4375 MB /   0.50 sec =  393.2105 Mbps     0 retrans
[2024-11-03T13:02:36.276632-0700]    22.7500 MB /   0.50 sec =  381.6763 Mbps     0 retrans
[2024-11-03T13:02:36.776589-0700]    24.9375 MB /   0.50 sec =  418.3902 Mbps     0 retrans
[2024-11-03T13:02:37.276621-0700]    23.0625 MB /   0.50 sec =  386.9106 Mbps     0 retrans
[2024-11-03T13:02:37.776576-0700]    20.6250 MB /   0.50 sec =  346.0453 Mbps     0 retrans
[2024-11-03T13:02:38.276486-0700]    22.2500 MB /   0.50 sec =  373.3177 Mbps     0 retrans
[2024-11-03T13:02:38.776636-0700]    22.3750 MB /   0.50 sec =  375.3609 Mbps     0 retrans
[2024-11-03T13:02:39.276651-0700]    20.3125 MB /   0.50 sec =  340.7756 Mbps     0 retrans
[2024-11-03T13:02:39.776655-0700]    16.9375 MB /   0.50 sec =  284.1431 Mbps     0 retrans
[2024-11-03T13:02:40.276612-0700]    16.5625 MB /   0.50 sec =  277.8949 Mbps     0 retrans
[2024-11-03T13:02:40.776901-0700]    15.1875 MB /   0.50 sec =  254.7851 Mbps     0 retrans
[2024-11-03T13:02:41.276596-0700]     4.7500 MB /   0.50 sec =   79.7013 Mbps     0 retrans
[2024-11-03T13:02:41.776662-0700]     8.0000 MB /   0.50 sec =  134.1997 Mbps     0 retrans
[2024-11-03T13:02:42.276685-0700]     5.1250 MB /   0.50 sec =   85.9808 Mbps     0 retrans
[2024-11-03T13:02:42.776756-0700]     4.0000 MB /   0.50 sec =   67.1027 Mbps     0 retrans
[2024-11-03T13:02:43.276765-0700]     2.8750 MB /   0.50 sec =   48.2346 Mbps     0 retrans
[2024-11-03T13:02:43.776536-0700]     4.7500 MB /   0.50 sec =   79.7136 Mbps     0 retrans
[2024-11-03T13:02:44.276772-0700]     2.0625 MB /   0.50 sec =   34.5928 Mbps     0 retrans
[2024-11-03T13:02:44.776565-0700]     0.1250 MB /   0.50 sec =    2.0977 Mbps     0 retrans
[2024-11-03T13:02:45.276633-0700]    10.8125 MB /   0.50 sec =  181.4040 Mbps     0 retrans
[2024-11-03T13:02:45.776668-0700]     4.9375 MB /   0.50 sec =   82.8282 Mbps     0 retrans
[2024-11-03T13:02:46.276804-0700]     5.1875 MB /   0.50 sec =   87.0414 Mbps     0 retrans
[2024-11-03T13:02:46.776687-0700]     6.4375 MB /   0.50 sec =  107.9891 Mbps     0 retrans
[2024-11-03T13:02:47.276636-0700]     6.9375 MB /   0.50 sec =  116.4033 Mbps     0 retrans
[2024-11-03T13:02:47.776701-0700]     7.3125 MB /   0.50 sec =  122.6709 Mbps     0 retrans
[2024-11-03T13:02:48.276594-0700]     8.0000 MB /   0.50 sec =  134.2392 Mbps     0 retrans
[2024-11-03T13:02:48.776589-0700]     8.6250 MB /   0.50 sec =  144.7020 Mbps     0 retrans
[2024-11-03T13:02:49.276575-0700]     9.3125 MB /   0.50 sec =  156.2378 Mbps     0 retrans
[2024-11-03T13:02:49.776638-0700]    10.8125 MB /   0.50 sec =  181.3978 Mbps     0 retrans
[2024-11-03T13:02:50.276626-0700]    11.9375 MB /   0.50 sec =  200.2820 Mbps     0 retrans
[2024-11-03T13:02:50.776607-0700]    12.3750 MB /   0.50 sec =  207.6214 Mbps     0 retrans
[2024-11-03T13:02:51.276579-0700]    15.7500 MB /   0.50 sec =  264.2427 Mbps     0 retrans
[2024-11-03T13:02:51.776679-0700]    15.1875 MB /   0.50 sec =  254.7658 Mbps     0 retrans
[2024-11-03T13:02:52.276722-0700]    14.7500 MB /   0.50 sec =  247.4526 Mbps     0 retrans
[2024-11-03T13:02:52.776749-0700]    15.2500 MB /   0.50 sec =  255.9047 Mbps     0 retrans
[2024-11-03T13:02:53.276631-0700]     7.5000 MB /   0.50 sec =  125.8243 Mbps     0 retrans
[2024-11-03T13:02:53.776558-0700]    14.3125 MB /   0.50 sec =  240.1374 Mbps     0 retrans
[2024-11-03T13:02:54.276536-0700]    14.7500 MB /   0.50 sec =  247.4699 Mbps     0 retrans
[2024-11-03T13:02:54.776640-0700]     8.3125 MB /   0.50 sec =  139.4492 Mbps     0 retrans
[2024-11-03T13:02:55.276615-0700]    17.5625 MB /   0.50 sec =  294.6563 Mbps     0 retrans
[2024-11-03T13:02:55.776652-0700]    11.4375 MB /   0.50 sec =  191.8710 Mbps     0 retrans
[2024-11-03T13:02:56.276666-0700]    12.1250 MB /   0.50 sec =  203.4551 Mbps     0 retrans
[2024-11-03T13:02:56.776608-0700]    19.3125 MB /   0.50 sec =  323.9918 Mbps     0 retrans
[2024-11-03T13:02:57.276603-0700]     8.8750 MB /   0.50 sec =  148.8966 Mbps     0 retrans
[2024-11-03T13:02:57.776617-0700]    17.6250 MB /   0.50 sec =  295.6972 Mbps     0 retrans
[2024-11-03T13:02:58.276607-0700]    20.3125 MB /   0.50 sec =  340.7790 Mbps     0 retrans
[2024-11-03T13:02:58.776673-0700]    21.6875 MB /   0.50 sec =  363.8100 Mbps     0 retrans
[2024-11-03T13:02:59.276520-0700]    20.6250 MB /   0.50 sec =  346.1125 Mbps     0 retrans
[2024-11-03T13:02:59.776621-0700]    18.6875 MB /   0.50 sec =  313.4954 Mbps     0 retrans
[2024-11-03T13:03:00.276588-0700]    20.8750 MB /   0.50 sec =  350.2272 Mbps     0 retrans
[2024-11-03T13:03:00.776666-0700]    18.0625 MB /   0.50 sec =  303.0197 Mbps     0 retrans
[2024-11-03T13:03:01.276638-0700]    18.8750 MB /   0.50 sec =  316.6890 Mbps     0 retrans
[2024-11-03T13:03:01.776592-0700]    21.3125 MB /   0.50 sec =  357.5730 Mbps     0 retrans
[2024-11-03T13:03:02.276730-0700]    17.7500 MB /   0.50 sec =  297.7307 Mbps     0 retrans
[2024-11-03T13:03:02.776790-0700]    19.5000 MB /   0.50 sec =  327.2192 Mbps     0 retrans
[2024-11-03T13:03:03.276638-0700]    15.1875 MB /   0.50 sec =  254.7775 Mbps     0 retrans
[2024-11-03T13:03:03.776599-0700]    19.1250 MB /   0.50 sec =  320.8963 Mbps     0 retrans
[2024-11-03T13:03:04.276641-0700]    13.5000 MB /   0.50 sec =  226.4902 Mbps     0 retrans
[2024-11-03T13:03:04.776506-0700]    11.6875 MB /   0.50 sec =  196.1010 Mbps     0 retrans
[2024-11-03T13:03:05.276631-0700]     6.3125 MB /   0.50 sec =  105.8971 Mbps     0 retrans
[2024-11-03T13:03:05.776485-0700]     5.5000 MB /   0.50 sec =   92.2835 Mbps     0 retrans
[2024-11-03T13:03:06.276745-0700]     1.2500 MB /   0.50 sec =   20.9647 Mbps     0 retrans
[2024-11-03T13:03:06.776618-0700]     9.5000 MB /   0.50 sec =  159.4228 Mbps     0 retrans
[2024-11-03T13:03:07.276624-0700]     4.4375 MB /   0.50 sec =   74.4492 Mbps     0 retrans
[2024-11-03T13:03:07.776595-0700]     1.6875 MB /   0.50 sec =   28.3115 Mbps     0 retrans
[2024-11-03T13:03:08.276715-0700]     2.5000 MB /   0.50 sec =   41.9371 Mbps     0 retrans
[2024-11-03T13:03:08.776647-0700]     0.0000 MB /   0.50 sec =    0.0000 Mbps     0 retrans
[2024-11-03T13:03:09.276724-0700]     2.5625 MB /   0.50 sec =   42.9850 Mbps     0 retrans
[2024-11-03T13:03:09.776609-0700]     5.3125 MB /   0.50 sec =   89.1512 Mbps     0 retrans
[2024-11-03T13:03:10.276723-0700]     0.6875 MB /   0.50 sec =   11.5324 Mbps     0 retrans
[2024-11-03T13:03:10.776849-0700]     1.9375 MB /   0.50 sec =   32.5095 Mbps     0 retrans
[2024-11-03T13:03:11.276999-0700]     0.0000 MB /   0.50 sec =    0.0000 Mbps     0 retrans
[2024-11-03T13:03:11.776702-0700]     4.3125 MB /   0.50 sec =   72.3649 Mbps     0 retrans
[2024-11-03T13:03:12.276599-0700]     3.3750 MB /   0.50 sec =   56.6313 Mbps     0 retrans
[2024-11-03T13:03:12.776596-0700]     3.6250 MB /   0.50 sec =   60.8177 Mbps     0 retrans
[2024-11-03T13:03:13.276600-0700]     2.0625 MB /   0.50 sec =   34.6031 Mbps     0 retrans
[2024-11-03T13:03:13.776591-0700]     3.0000 MB /   0.50 sec =   50.3317 Mbps     0 retrans
[2024-11-03T13:03:14.276601-0700]     2.7500 MB /   0.50 sec =   46.1374 Mbps     0 retrans
[2024-11-03T13:03:14.776755-0700]     3.0000 MB /   0.50 sec =   50.3331 Mbps     0 retrans
[2024-11-03T13:03:15.276485-0700]     2.6875 MB /   0.50 sec =   45.0903 Mbps     0 retrans
[2024-11-03T13:03:15.776673-0700]     2.6875 MB /   0.50 sec =   45.0822 Mbps     0 retrans
[2024-11-03T13:03:16.276649-0700]     1.8125 MB /   0.50 sec =   30.4103 Mbps     0 retrans
[2024-11-03T13:03:16.776593-0700]     2.4375 MB /   0.50 sec =   40.8957 Mbps     0 retrans
[2024-11-03T13:03:17.276621-0700]     2.3750 MB /   0.50 sec =   39.8453 Mbps     0 retrans
[2024-11-03T13:03:17.776611-0700]     2.5000 MB /   0.50 sec =   41.9435 Mbps     0 retrans
[2024-11-03T13:03:18.276580-0700]     0.6875 MB /   0.50 sec =   11.5345 Mbps     0 retrans
[2024-11-03T13:03:18.776626-0700]     2.4375 MB /   0.50 sec =   40.8932 Mbps     0 retrans
[2024-11-03T13:03:19.276630-0700]     2.6250 MB /   0.50 sec =   44.0398 Mbps     0 retrans
[2024-11-03T13:03:19.776576-0700]     2.6250 MB /   0.50 sec =   44.0422 Mbps     0 retrans
[2024-11-03T13:03:20.276573-0700]     2.4375 MB /   0.50 sec =   40.8945 Mbps     0 retrans
[2024-11-03T13:03:20.776850-0700]     2.4375 MB /   0.50 sec =   40.8932 Mbps     0 retrans
[2024-11-03T13:03:21.276590-0700]     2.2500 MB /   0.50 sec =   37.7493 Mbps     0 retrans
[2024-11-03T13:03:21.776624-0700]     1.7500 MB /   0.50 sec =   29.3600 Mbps     0 retrans
[2024-11-03T13:03:22.276717-0700]     0.9375 MB /   0.50 sec =   15.7269 Mbps     0 retrans
[2024-11-03T13:03:22.776729-0700]     0.0000 MB /   0.50 sec =    0.0000 Mbps     0 retrans
[2024-11-03T13:03:23.276634-0700]     2.3125 MB /   0.50 sec =   38.8059 Mbps     0 retrans
[2024-11-03T13:03:23.776617-0700]     2.3750 MB /   0.50 sec =   39.8455 Mbps     0 retrans
[2024-11-03T13:03:24.276620-0700]     2.3750 MB /   0.50 sec =   39.8464 Mbps     0 retrans
[2024-11-03T13:03:24.776598-0700]     2.1250 MB /   0.50 sec =   35.6514 Mbps     0 retrans
[2024-11-03T13:03:25.276641-0700]     1.8125 MB /   0.50 sec =   30.4083 Mbps     0 retrans
[2024-11-03T13:03:25.776521-0700]     1.9375 MB /   0.50 sec =   32.5055 Mbps     0 retrans
[2024-11-03T13:03:26.276720-0700]     2.1250 MB /   0.50 sec =   35.6497 Mbps     0 retrans
[2024-11-03T13:03:26.776601-0700]     2.0625 MB /   0.50 sec =   34.6063 Mbps     0 retrans
[2024-11-03T13:03:27.276614-0700]     2.0625 MB /   0.50 sec =   34.6024 Mbps     0 retrans
[2024-11-03T13:03:27.776653-0700]     1.5625 MB /   0.50 sec =   26.2143 Mbps     0 retrans
[2024-11-03T13:03:28.276629-0700]     1.5000 MB /   0.50 sec =   25.1659 Mbps     0 retrans
[2024-11-03T13:03:28.776655-0700]     0.4375 MB /   0.50 sec =    7.3391 Mbps     0 retrans
[2024-11-03T13:03:29.276897-0700]     1.5000 MB /   0.50 sec =   25.1688 Mbps     0 retrans
[2024-11-03T13:03:29.776623-0700]     1.2500 MB /   0.50 sec =   20.9716 Mbps     0 retrans
[2024-11-03T13:03:30.276587-0700]     1.4375 MB /   0.50 sec =   24.1172 Mbps     0 retrans
[2024-11-03T13:03:30.776668-0700]     0.9375 MB /   0.50 sec =   15.7268 Mbps     0 retrans
[2024-11-03T13:03:31.276606-0700]     1.5625 MB /   0.50 sec =   26.2168 Mbps     0 retrans
[2024-11-03T13:03:31.776599-0700]     2.0000 MB /   0.50 sec =   33.5544 Mbps     0 retrans
[2024-11-03T13:03:32.276629-0700]     1.1250 MB /   0.50 sec =   18.8739 Mbps     0 retrans
[2024-11-03T13:03:32.776628-0700]     2.1250 MB /   0.50 sec =   35.6530 Mbps     0 retrans
[2024-11-03T13:03:33.276586-0700]     2.3125 MB /   0.50 sec =   38.7982 Mbps     0 retrans
[2024-11-03T13:03:33.776603-0700]     2.7500 MB /   0.50 sec =   46.1369 Mbps     0 retrans
[2024-11-03T13:03:34.276721-0700]     3.1875 MB /   0.50 sec =   53.4737 Mbps     0 retrans
[2024-11-03T13:03:34.776784-0700]     2.8750 MB /   0.50 sec =   48.2383 Mbps     0 retrans
[2024-11-03T13:03:35.276635-0700]     2.7500 MB /   0.50 sec =   46.1360 Mbps     0 retrans
[2024-11-03T13:03:35.776497-0700]     3.2500 MB /   0.50 sec =   54.5312 Mbps     0 retrans
[2024-11-03T13:03:36.276603-0700]     2.9375 MB /   0.50 sec =   49.2795 Mbps     0 retrans
[2024-11-03T13:03:36.776659-0700]     4.5000 MB /   0.50 sec =   75.4884 Mbps     0 retrans
[2024-11-03T13:03:37.276668-0700]     4.1250 MB /   0.50 sec =   69.2059 Mbps     0 retrans
[2024-11-03T13:03:37.776563-0700]     5.3750 MB /   0.50 sec =   90.1887 Mbps     0 retrans
[2024-11-03T13:03:38.276633-0700]     5.0000 MB /   0.50 sec =   83.8844 Mbps     0 retrans
[2024-11-03T13:03:38.776604-0700]     4.8125 MB /   0.50 sec =   80.7420 Mbps     0 retrans
[2024-11-03T13:03:39.276644-0700]     4.1875 MB /   0.50 sec =   70.2469 Mbps     0 retrans
[2024-11-03T13:03:39.776704-0700]     4.6250 MB /   0.50 sec =   77.5925 Mbps     0 retrans
[2024-11-03T13:03:40.276818-0700]     4.6250 MB /   0.50 sec =   77.6041 Mbps     0 retrans
[2024-11-03T13:03:40.776664-0700]     4.7500 MB /   0.50 sec =   79.6833 Mbps     0 retrans
[2024-11-03T13:03:41.276551-0700]     4.0000 MB /   0.50 sec =   67.1177 Mbps     0 retrans
[2024-11-03T13:03:41.776666-0700]     4.6250 MB /   0.50 sec =   77.5880 Mbps     0 retrans
[2024-11-03T13:03:42.276597-0700]     3.3750 MB /   0.50 sec =   56.6273 Mbps     0 retrans
[2024-11-03T13:03:42.776600-0700]     2.3750 MB /   0.50 sec =   39.8460 Mbps     0 retrans
[2024-11-03T13:03:43.276695-0700]     3.3125 MB /   0.50 sec =   55.5660 Mbps     0 retrans
[2024-11-03T13:03:43.776599-0700]     3.0000 MB /   0.50 sec =   50.3389 Mbps     0 retrans
End time: 1730664224046
