Start time: 1730679197916
[2024-11-03T17:13:22.996816-0700] traceroute to 54.176.53.206 (54.176.53.206), 30 hops max, 60 byte packets
[2024-11-03T17:13:22.997612-0700]  1  * * *
[2024-11-03T17:13:22.997666-0700]  2  * * *
[2024-11-03T17:13:22.997705-0700]  3  * * *
[2024-11-03T17:13:22.997739-0700]  4  * * *
[2024-11-03T17:13:22.997773-0700]  5  * * *
[2024-11-03T17:13:28.005504-0700]  6  * * *
[2024-11-03T17:13:28.005963-0700]  7  * * *
[2024-11-03T17:13:28.006099-0700]  8  * * *
[2024-11-03T17:13:28.006215-0700]  9  * * *
[2024-11-03T17:13:28.006322-0700] 10  * * *
[2024-11-03T17:13:33.013967-0700] 11  * * *
[2024-11-03T17:13:33.014424-0700] 12  * * *
[2024-11-03T17:13:33.020842-0700] 13  * * *
[2024-11-03T17:13:33.021023-0700] 14  * * *
[2024-11-03T17:13:33.021150-0700] 15  * * *
[2024-11-03T17:13:38.022821-0700] 16  * * *
[2024-11-03T17:13:38.023382-0700] 17  * * *
[2024-11-03T17:13:38.023518-0700] 18  * * *
[2024-11-03T17:13:38.031826-0700] 19  * * *
[2024-11-03T17:13:38.032198-0700] 20  * * *
[2024-11-03T17:13:38.032341-0700] 21  * * *
[2024-11-03T17:13:43.032601-0700] 22  * * *
[2024-11-03T17:13:43.033116-0700] 23  * * *
[2024-11-03T17:13:43.040900-0700] 24  * * *
[2024-11-03T17:13:43.041066-0700] 25  * * *
[2024-11-03T17:13:43.041182-0700] 26  * * *
[2024-11-03T17:13:47.984575-0700] 27  * *End time: 1730679228019
