Start time: 1730664522247
[2024-11-03T13:08:43.285583-0700] nuttcp-r: v8.1.4: socket
[2024-11-03T13:08:43.286148-0700] nuttcp-r: buflen=65536, nstream=1, port=5379 tcp
[2024-11-03T13:08:43.286289-0700] nuttcp-r: interval reporting every 0.50 seconds
[2024-11-03T13:08:43.286396-0700] nuttcp-r: connect to 54.176.53.206 with RTT=96.469 ms af=inet
[2024-11-03T13:08:43.286474-0700] nuttcp-r: send window size = 2097152, receive window size = 6291456
[2024-11-03T13:08:43.286589-0700] nuttcp-r: available send window = 1572864, available receive window = 4718592
[2024-11-03T13:08:43.286663-0700]     0.0625 MB /   0.50 sec =    1.0484 Mbps     0 retrans
[2024-11-03T13:08:43.785664-0700]     0.6875 MB /   0.50 sec =   11.5352 Mbps     0 retrans
[2024-11-03T13:08:44.285491-0700]     1.3750 MB /   0.50 sec =   23.0675 Mbps     0 retrans
[2024-11-03T13:08:44.785867-0700]     3.8750 MB /   0.50 sec =   65.0139 Mbps     0 retrans
[2024-11-03T13:08:45.285649-0700]     5.2500 MB /   0.50 sec =   88.0795 Mbps     0 retrans
[2024-11-03T13:08:45.786267-0700]     4.0000 MB /   0.50 sec =   67.0602 Mbps     0 retrans
[2024-11-03T13:08:46.285542-0700]     3.5625 MB /   0.50 sec =   59.8118 Mbps     0 retrans
[2024-11-03T13:08:46.785480-0700]     3.8125 MB /   0.50 sec =   63.9660 Mbps     0 retrans
[2024-11-03T13:08:47.285574-0700]     3.1875 MB /   0.50 sec =   53.4686 Mbps     0 retrans
[2024-11-03T13:08:47.785491-0700]     2.6875 MB /   0.50 sec =   45.0954 Mbps     0 retrans
[2024-11-03T13:08:48.285505-0700]     4.1875 MB /   0.50 sec =   70.2543 Mbps     0 retrans
[2024-11-03T13:08:48.785546-0700]     2.8750 MB /   0.50 sec =   48.2298 Mbps     0 retrans
[2024-11-03T13:08:49.285541-0700]     2.3750 MB /   0.50 sec =   39.8485 Mbps     0 retrans
[2024-11-03T13:08:49.785792-0700]     1.5625 MB /   0.50 sec =   26.2107 Mbps     0 retrans
[2024-11-03T13:08:50.285527-0700]     2.5000 MB /   0.50 sec =   41.9498 Mbps     0 retrans
[2024-11-03T13:08:50.785488-0700]     1.6250 MB /   0.50 sec =   27.2638 Mbps     0 retrans
[2024-11-03T13:08:51.285877-0700]     1.0000 MB /   0.50 sec =   16.7674 Mbps     0 retrans
[2024-11-03T13:08:51.786026-0700]     0.0000 MB /   0.50 sec =    0.0000 Mbps     0 retrans
[2024-11-03T13:08:52.285492-0700]     3.8750 MB /   0.50 sec =   65.0757 Mbps     0 retrans
[2024-11-03T13:08:52.785465-0700]     3.0000 MB /   0.50 sec =   50.3319 Mbps     0 retrans
[2024-11-03T13:08:53.285529-0700]     4.3125 MB /   0.50 sec =   72.3491 Mbps     0 retrans
[2024-11-03T13:08:53.785549-0700]     3.1250 MB /   0.50 sec =   52.4257 Mbps     0 retrans
[2024-11-03T13:08:54.286019-0700]     1.6250 MB /   0.50 sec =   27.2384 Mbps     0 retrans
[2024-11-03T13:08:54.785501-0700]     2.8750 MB /   0.50 sec =   48.2820 Mbps     0 retrans
[2024-11-03T13:08:55.285484-0700]     3.7500 MB /   0.50 sec =   62.9089 Mbps     0 retrans
[2024-11-03T13:08:55.785739-0700]     3.9375 MB /   0.50 sec =   66.0571 Mbps     0 retrans
[2024-11-03T13:08:56.285511-0700]     4.0000 MB /   0.50 sec =   67.1183 Mbps     0 retrans
[2024-11-03T13:08:56.785481-0700]     4.1875 MB /   0.50 sec =   70.2553 Mbps     0 retrans
[2024-11-03T13:08:57.285500-0700]     4.3750 MB /   0.50 sec =   73.3997 Mbps     0 retrans
[2024-11-03T13:08:57.785713-0700]     1.5625 MB /   0.50 sec =   26.2051 Mbps     0 retrans
[2024-11-03T13:08:58.285478-0700]     5.5000 MB /   0.50 sec =   92.3085 Mbps     0 retrans
[2024-11-03T13:08:58.785540-0700]     3.8750 MB /   0.50 sec =   65.0050 Mbps     0 retrans
[2024-11-03T13:08:59.286640-0700]     2.5000 MB /   0.50 sec =   41.8557 Mbps     0 retrans
[2024-11-03T13:08:59.785493-0700]     7.0625 MB /   0.50 sec =  118.7472 Mbps     0 retrans
[2024-11-03T13:09:00.285661-0700]     4.1875 MB /   0.50 sec =   70.2556 Mbps     0 retrans
[2024-11-03T13:09:00.785425-0700]     5.0000 MB /   0.50 sec =   83.8871 Mbps     0 retrans
[2024-11-03T13:09:01.285907-0700]     3.5625 MB /   0.50 sec =   59.7209 Mbps     0 retrans
[2024-11-03T13:09:01.785517-0700]     4.1250 MB /   0.50 sec =   69.2570 Mbps     0 retrans
[2024-11-03T13:09:02.285516-0700]     4.1875 MB /   0.50 sec =   70.2564 Mbps     0 retrans
[2024-11-03T13:09:02.785531-0700]     4.8125 MB /   0.50 sec =   80.7379 Mbps     0 retrans
[2024-11-03T13:09:03.285680-0700]     3.9375 MB /   0.50 sec =   66.0625 Mbps     0 retrans
[2024-11-03T13:09:03.785462-0700]     3.8750 MB /   0.50 sec =   65.0135 Mbps     0 retrans
[2024-11-03T13:09:04.285425-0700]     3.5000 MB /   0.50 sec =   58.7220 Mbps     0 retrans
[2024-11-03T13:09:04.786923-0700]     0.1250 MB /   0.50 sec =    2.0913 Mbps     0 retrans
[2024-11-03T13:09:05.285789-0700]     5.8125 MB /   0.50 sec =   97.7831 Mbps     0 retrans
[2024-11-03T13:09:05.785489-0700]     4.9375 MB /   0.50 sec =   82.8397 Mbps     0 retrans
[2024-11-03T13:09:06.285455-0700]     4.3750 MB /   0.50 sec =   73.4011 Mbps     0 retrans
[2024-11-03T13:09:06.785485-0700]     4.2500 MB /   0.50 sec =   71.3020 Mbps     0 retrans
[2024-11-03T13:09:07.285502-0700]     5.1250 MB /   0.50 sec =   85.9822 Mbps     0 retrans
[2024-11-03T13:09:07.785487-0700]     5.0000 MB /   0.50 sec =   83.8873 Mbps     0 retrans
[2024-11-03T13:09:08.285491-0700]     5.0625 MB /   0.50 sec =   84.9343 Mbps     0 retrans
[2024-11-03T13:09:08.785665-0700]     5.1875 MB /   0.50 sec =   87.0323 Mbps     0 retrans
[2024-11-03T13:09:09.285555-0700]     3.9375 MB /   0.50 sec =   66.0530 Mbps     0 retrans
[2024-11-03T13:09:09.785496-0700]     4.6875 MB /   0.50 sec =   78.6509 Mbps     0 retrans
[2024-11-03T13:09:10.285511-0700]     3.3125 MB /   0.50 sec =   55.5741 Mbps     0 retrans
[2024-11-03T13:09:10.785654-0700]     0.3750 MB /   0.50 sec =    6.2909 Mbps     0 retrans
[2024-11-03T13:09:11.285503-0700]     7.8125 MB /   0.50 sec =  131.0848 Mbps     0 retrans
[2024-11-03T13:09:11.785665-0700]     4.5000 MB /   0.50 sec =   75.5025 Mbps     0 retrans
[2024-11-03T13:09:12.285500-0700]     4.6875 MB /   0.50 sec =   78.6380 Mbps     0 retrans
[2024-11-03T13:09:12.785487-0700]     4.0625 MB /   0.50 sec =   68.1581 Mbps     0 retrans
[2024-11-03T13:09:13.285580-0700]     4.0000 MB /   0.50 sec =   67.0979 Mbps     0 retrans
[2024-11-03T13:09:13.785472-0700]     5.1875 MB /   0.50 sec =   87.0440 Mbps     0 retrans
[2024-11-03T13:09:14.285513-0700]     4.5625 MB /   0.50 sec =   76.5447 Mbps     0 retrans
[2024-11-03T13:09:14.785652-0700]     4.6875 MB /   0.50 sec =   78.6463 Mbps     0 retrans
[2024-11-03T13:09:15.285642-0700]     2.5625 MB /   0.50 sec =   42.9804 Mbps     0 retrans
[2024-11-03T13:09:15.785479-0700]     1.9375 MB /   0.50 sec =   32.5140 Mbps     0 retrans
[2024-11-03T13:09:16.285487-0700]     4.1875 MB /   0.50 sec =   70.2556 Mbps     0 retrans
[2024-11-03T13:09:16.785486-0700]     3.8750 MB /   0.50 sec =   65.0095 Mbps     0 retrans
[2024-11-03T13:09:17.285535-0700]     4.3125 MB /   0.50 sec =   72.3470 Mbps     0 retrans
[2024-11-03T13:09:17.785498-0700]     2.6250 MB /   0.50 sec =   44.0443 Mbps     0 retrans
[2024-11-03T13:09:18.285631-0700]     3.0000 MB /   0.50 sec =   50.3308 Mbps     0 retrans
[2024-11-03T13:09:18.785541-0700]     2.4375 MB /   0.50 sec =   40.8904 Mbps     0 retrans
[2024-11-03T13:09:19.285954-0700]     0.1250 MB /   0.50 sec =    2.0965 Mbps     0 retrans
[2024-11-03T13:09:19.785491-0700]     5.1875 MB /   0.50 sec =   87.0691 Mbps     0 retrans
[2024-11-03T13:09:20.285530-0700]     3.8750 MB /   0.50 sec =   65.0092 Mbps     0 retrans
[2024-11-03T13:09:20.785588-0700]     5.0000 MB /   0.50 sec =   83.8941 Mbps     0 retrans
[2024-11-03T13:09:21.286529-0700]     0.7500 MB /   0.50 sec =   12.5569 Mbps     0 retrans
[2024-11-03T13:09:21.785487-0700]     6.8750 MB /   0.50 sec =  115.5761 Mbps     0 retrans
[2024-11-03T13:09:22.285487-0700]     4.5000 MB /   0.50 sec =   75.4967 Mbps     0 retrans
[2024-11-03T13:09:22.785483-0700]     4.3125 MB /   0.50 sec =   72.3519 Mbps     0 retrans
[2024-11-03T13:09:23.285937-0700]     3.1250 MB /   0.50 sec =   52.3827 Mbps     0 retrans
[2024-11-03T13:09:23.785485-0700]     4.1250 MB /   0.50 sec =   69.2668 Mbps     0 retrans
[2024-11-03T13:09:24.285850-0700]     4.3125 MB /   0.50 sec =   72.3302 Mbps     0 retrans
[2024-11-03T13:09:24.785500-0700]     5.1250 MB /   0.50 sec =   86.0082 Mbps     0 retrans
[2024-11-03T13:09:25.285490-0700]     5.0625 MB /   0.50 sec =   84.9352 Mbps     0 retrans
[2024-11-03T13:09:25.785634-0700]     1.7500 MB /   0.50 sec =   29.3531 Mbps     0 retrans
[2024-11-03T13:09:26.285478-0700]     3.5000 MB /   0.50 sec =   58.7348 Mbps     0 retrans
[2024-11-03T13:09:26.785480-0700]     3.7500 MB /   0.50 sec =   62.9148 Mbps     0 retrans
[2024-11-03T13:09:27.285511-0700]     6.3125 MB /   0.50 sec =  105.9028 Mbps     0 retrans
[2024-11-03T13:09:27.785494-0700]     4.4375 MB /   0.50 sec =   74.4505 Mbps     0 retrans
[2024-11-03T13:09:28.285803-0700]     3.6875 MB /   0.50 sec =   61.8398 Mbps     0 retrans
[2024-11-03T13:09:28.785871-0700]     2.8125 MB /   0.50 sec =   47.1704 Mbps     0 retrans
[2024-11-03T13:09:29.285521-0700]     2.1875 MB /   0.50 sec =   36.7270 Mbps     0 retrans
[2024-11-03T13:09:29.785489-0700]     2.8750 MB /   0.50 sec =   48.2358 Mbps     0 retrans
[2024-11-03T13:09:30.285506-0700]     3.0625 MB /   0.50 sec =   51.3802 Mbps     0 retrans
[2024-11-03T13:09:30.785481-0700]     3.3125 MB /   0.50 sec =   55.5744 Mbps     0 retrans
[2024-11-03T13:09:31.285502-0700]     2.7500 MB /   0.50 sec =   46.1361 Mbps     0 retrans
[2024-11-03T13:09:31.785499-0700]     2.6875 MB /   0.50 sec =   45.0902 Mbps     0 retrans
[2024-11-03T13:09:32.285728-0700]     2.4375 MB /   0.50 sec =   40.8893 Mbps     0 retrans
[2024-11-03T13:09:32.785489-0700]     3.4375 MB /   0.50 sec =   57.6780 Mbps     0 retrans
[2024-11-03T13:09:33.285504-0700]     3.8125 MB /   0.50 sec =   63.9622 Mbps     0 retrans
[2024-11-03T13:09:33.785503-0700]     3.9375 MB /   0.50 sec =   66.0600 Mbps     0 retrans
[2024-11-03T13:09:34.285489-0700]     2.1875 MB /   0.50 sec =   36.7010 Mbps     0 retrans
[2024-11-03T13:09:34.785580-0700]     2.9375 MB /   0.50 sec =   49.2766 Mbps     0 retrans
[2024-11-03T13:09:35.285484-0700]     4.0000 MB /   0.50 sec =   67.1181 Mbps     0 retrans
[2024-11-03T13:09:35.785525-0700]     3.9375 MB /   0.50 sec =   66.0586 Mbps     0 retrans
[2024-11-03T13:09:36.285654-0700]     2.5000 MB /   0.50 sec =   41.9431 Mbps     0 retrans
[2024-11-03T13:09:36.785477-0700]     1.9375 MB /   0.50 sec =   32.5066 Mbps     0 retrans
[2024-11-03T13:09:37.285527-0700]     4.9375 MB /   0.50 sec =   82.8360 Mbps     0 retrans
[2024-11-03T13:09:37.785494-0700]     4.7500 MB /   0.50 sec =   79.6929 Mbps     0 retrans
[2024-11-03T13:09:38.285668-0700]     4.5000 MB /   0.50 sec =   75.5014 Mbps     0 retrans
[2024-11-03T13:09:38.785511-0700]     4.6875 MB /   0.50 sec =   78.6394 Mbps     0 retrans
[2024-11-03T13:09:39.285459-0700]     3.9375 MB /   0.50 sec =   66.0602 Mbps     0 retrans
[2024-11-03T13:09:39.785871-0700]     6.1250 MB /   0.50 sec =  102.6843 Mbps     0 retrans
[2024-11-03T13:09:40.285513-0700]     5.6250 MB /   0.50 sec =   94.4393 Mbps     0 retrans
[2024-11-03T13:09:40.785490-0700]     5.1250 MB /   0.50 sec =   85.9858 Mbps     0 retrans
[2024-11-03T13:09:41.285502-0700]     4.0625 MB /   0.50 sec =   68.1570 Mbps     0 retrans
[2024-11-03T13:09:41.785484-0700]     3.5625 MB /   0.50 sec =   59.7694 Mbps     0 retrans
[2024-11-03T13:09:42.285650-0700]     4.1875 MB /   0.50 sec =   70.2542 Mbps     0 retrans
[2024-11-03T13:09:42.785555-0700]     3.3125 MB /   0.50 sec =   55.5714 Mbps     0 retrans
[2024-11-03T13:09:43.285502-0700]     4.2500 MB /   0.50 sec =   71.3067 Mbps     0 retrans
[2024-11-03T13:09:43.785495-0700]     3.8125 MB /   0.50 sec =   63.9634 Mbps     0 retrans
[2024-11-03T13:09:44.285493-0700]     2.5625 MB /   0.50 sec =   42.9915 Mbps     0 retrans
[2024-11-03T13:09:44.785415-0700]     2.8125 MB /   0.50 sec =   47.1885 Mbps     0 retrans
[2024-11-03T13:09:45.285531-0700]     4.6875 MB /   0.50 sec =   78.6344 Mbps     0 retrans
[2024-11-03T13:09:45.785516-0700]     2.5625 MB /   0.50 sec =   42.9932 Mbps     0 retrans
[2024-11-03T13:09:46.285510-0700]     3.3750 MB /   0.50 sec =   56.6239 Mbps     0 retrans
[2024-11-03T13:09:46.785491-0700]     3.5000 MB /   0.50 sec =   58.7208 Mbps     0 retrans
[2024-11-03T13:09:47.285689-0700]     3.3750 MB /   0.50 sec =   56.6222 Mbps     0 retrans
[2024-11-03T13:09:47.785496-0700]     0.8125 MB /   0.50 sec =   13.6316 Mbps     0 retrans
[2024-11-03T13:09:48.286187-0700]     1.0000 MB /   0.50 sec =   16.7565 Mbps     0 retrans
[2024-11-03T13:09:48.785499-0700]     1.1875 MB /   0.50 sec =   19.9476 Mbps     0 retrans
[2024-11-03T13:09:49.285505-0700]     3.8750 MB /   0.50 sec =   65.0117 Mbps     0 retrans
[2024-11-03T13:09:49.785595-0700]     3.4375 MB /   0.50 sec =   57.6633 Mbps     0 retrans
[2024-11-03T13:09:50.285479-0700]     3.0000 MB /   0.50 sec =   50.3406 Mbps     0 retrans
[2024-11-03T13:09:50.785491-0700]     3.7500 MB /   0.50 sec =   62.9131 Mbps     0 retrans
[2024-11-03T13:09:51.285574-0700]     3.6875 MB /   0.50 sec =   61.8581 Mbps     0 retrans
[2024-11-03T13:09:51.786503-0700]     2.3125 MB /   0.50 sec =   38.7270 Mbps     0 retrans
[2024-11-03T13:09:52.285486-0700]     5.1875 MB /   0.50 sec =   87.2010 Mbps     0 retrans
[2024-11-03T13:09:52.785511-0700]     4.3125 MB /   0.50 sec =   72.3502 Mbps     0 retrans
[2024-11-03T13:09:53.285661-0700]     4.1875 MB /   0.50 sec =   70.2561 Mbps     0 retrans
[2024-11-03T13:09:53.785503-0700]     4.4375 MB /   0.50 sec =   74.4477 Mbps     0 retrans
[2024-11-03T13:09:54.285506-0700]     4.2500 MB /   0.50 sec =   71.3039 Mbps     0 retrans
[2024-11-03T13:09:54.785498-0700]     4.4375 MB /   0.50 sec =   74.4499 Mbps     0 retrans
[2024-11-03T13:09:55.285478-0700]     3.8125 MB /   0.50 sec =   63.9629 Mbps     0 retrans
[2024-11-03T13:09:55.785496-0700]     3.8125 MB /   0.50 sec =   63.9625 Mbps     0 retrans
[2024-11-03T13:09:56.285535-0700]     4.6875 MB /   0.50 sec =   78.6405 Mbps     0 retrans
[2024-11-03T13:09:56.785493-0700]     4.3750 MB /   0.50 sec =   73.4034 Mbps     0 retrans
[2024-11-03T13:09:57.285589-0700]     4.3125 MB /   0.50 sec =   72.3412 Mbps     0 retrans
[2024-11-03T13:09:57.785715-0700]     3.8750 MB /   0.50 sec =   65.0141 Mbps     0 retrans
[2024-11-03T13:09:58.285510-0700]     4.0625 MB /   0.50 sec =   68.1651 Mbps     0 retrans
[2024-11-03T13:09:58.785657-0700]     3.0000 MB /   0.50 sec =   50.3200 Mbps     0 retrans
[2024-11-03T13:09:59.285493-0700]     0.7500 MB /   0.50 sec =   12.5858 Mbps     0 retrans
[2024-11-03T13:09:59.785522-0700]     4.4375 MB /   0.50 sec =   74.4483 Mbps     0 retrans
[2024-11-03T13:10:00.285532-0700]     4.6250 MB /   0.50 sec =   77.5935 Mbps     0 retrans
[2024-11-03T13:10:00.785662-0700]     4.1875 MB /   0.50 sec =   70.2567 Mbps     0 retrans
[2024-11-03T13:10:01.285438-0700]     4.7500 MB /   0.50 sec =   79.6934 Mbps     0 retrans
[2024-11-03T13:10:01.785918-0700]     4.5625 MB /   0.50 sec =   76.4824 Mbps     0 retrans
[2024-11-03T13:10:02.285492-0700]     4.4375 MB /   0.50 sec =   74.5091 Mbps     0 retrans
[2024-11-03T13:10:02.785693-0700]     1.9375 MB /   0.50 sec =   32.4959 Mbps     0 retrans
[2024-11-03T13:10:03.285493-0700]     5.5000 MB /   0.50 sec =   92.3024 Mbps     0 retrans
[2024-11-03T13:10:03.785739-0700]     4.6250 MB /   0.50 sec =   77.5866 Mbps     0 retrans
[2024-11-03T13:10:04.285516-0700]     4.4375 MB /   0.50 sec =   74.4560 Mbps     0 retrans
[2024-11-03T13:10:04.785531-0700]     4.5625 MB /   0.50 sec =   76.5454 Mbps     0 retrans
[2024-11-03T13:10:05.285498-0700]     4.5625 MB /   0.50 sec =   76.5476 Mbps     0 retrans
[2024-11-03T13:10:05.785509-0700]     3.7500 MB /   0.50 sec =   62.9138 Mbps     0 retrans
[2024-11-03T13:10:06.285514-0700]     4.6875 MB /   0.50 sec =   78.6445 Mbps     0 retrans
[2024-11-03T13:10:06.785632-0700]     4.1250 MB /   0.50 sec =   69.2077 Mbps     0 retrans
[2024-11-03T13:10:07.285844-0700]     4.6875 MB /   0.50 sec =   78.5879 Mbps     0 retrans
[2024-11-03T13:10:07.785538-0700]     4.1250 MB /   0.50 sec =   69.2478 Mbps     0 retrans
[2024-11-03T13:10:08.285500-0700]     3.4375 MB /   0.50 sec =   57.6759 Mbps     0 retrans
[2024-11-03T13:10:08.785498-0700]     2.9375 MB /   0.50 sec =   49.2833 Mbps     0 retrans
[2024-11-03T13:10:09.285568-0700]     2.7500 MB /   0.50 sec =   46.1311 Mbps     0 retrans
[2024-11-03T13:10:09.785722-0700]     1.6875 MB /   0.50 sec =   28.3052 Mbps     0 retrans
[2024-11-03T13:10:10.285493-0700]     1.8125 MB /   0.50 sec =   30.4197 Mbps     0 retrans
[2024-11-03T13:10:10.785536-0700]     3.2500 MB /   0.50 sec =   54.5208 Mbps     0 retrans
[2024-11-03T13:10:11.285509-0700]     4.0000 MB /   0.50 sec =   67.1128 Mbps     0 retrans
[2024-11-03T13:10:11.785494-0700]     3.9375 MB /   0.50 sec =   66.0637 Mbps     0 retrans
[2024-11-03T13:10:12.285540-0700]     3.5000 MB /   0.50 sec =   58.7131 Mbps     0 retrans
[2024-11-03T13:10:12.785752-0700]     5.0625 MB /   0.50 sec =   84.9328 Mbps     0 retrans
[2024-11-03T13:10:13.285509-0700]     3.8125 MB /   0.50 sec =   63.9703 Mbps     0 retrans
[2024-11-03T13:10:13.785729-0700]     4.1875 MB /   0.50 sec =   70.2587 Mbps     0 retrans
[2024-11-03T13:10:14.285507-0700]     4.3750 MB /   0.50 sec =   73.3971 Mbps     0 retrans
[2024-11-03T13:10:14.785517-0700]     4.3750 MB /   0.50 sec =   73.4002 Mbps     0 retrans
[2024-11-03T13:10:15.285496-0700]     4.1875 MB /   0.50 sec =   70.2536 Mbps     0 retrans
[2024-11-03T13:10:15.785512-0700]     4.5625 MB /   0.50 sec =   76.5464 Mbps     0 retrans
[2024-11-03T13:10:16.285501-0700]     5.0625 MB /   0.50 sec =   84.9357 Mbps     0 retrans
[2024-11-03T13:10:16.785513-0700]     4.6250 MB /   0.50 sec =   77.5870 Mbps     0 retrans
[2024-11-03T13:10:17.285518-0700]     5.4375 MB /   0.50 sec =   91.2340 Mbps     0 retrans
[2024-11-03T13:10:17.785488-0700]     5.1250 MB /   0.50 sec =   85.9844 Mbps     0 retrans
[2024-11-03T13:10:18.285642-0700]     6.0000 MB /   0.50 sec =  100.6627 Mbps     0 retrans
[2024-11-03T13:10:18.785488-0700]     5.6875 MB /   0.50 sec =   95.4219 Mbps     0 retrans
[2024-11-03T13:10:19.285534-0700]     5.2500 MB /   0.50 sec =   88.0728 Mbps     0 retrans
[2024-11-03T13:10:19.785497-0700]     5.0625 MB /   0.50 sec =   84.9415 Mbps     0 retrans
[2024-11-03T13:10:20.285546-0700]     3.6250 MB /   0.50 sec =   60.8144 Mbps     0 retrans
[2024-11-03T13:10:20.785482-0700]     2.1875 MB /   0.50 sec =   36.7020 Mbps     0 retrans
[2024-11-03T13:10:21.285518-0700]     5.0000 MB /   0.50 sec =   83.8846 Mbps     0 retrans
[2024-11-03T13:10:21.785497-0700]     4.5000 MB /   0.50 sec =   75.4978 Mbps     0 retrans
[2024-11-03T13:10:22.285555-0700]     4.8125 MB /   0.50 sec =   80.7294 Mbps     0 retrans
[2024-11-03T13:10:22.785489-0700]     5.0000 MB /   0.50 sec =   83.8983 Mbps     0 retrans
[2024-11-03T13:10:23.285608-0700]     5.7500 MB /   0.50 sec =   96.4487 Mbps     0 retrans
[2024-11-03T13:10:23.785498-0700]     5.7500 MB /   0.50 sec =   96.4885 Mbps     0 retrans
[2024-11-03T13:10:24.285495-0700]     6.0000 MB /   0.50 sec =  100.6647 Mbps     0 retrans
[2024-11-03T13:10:24.785498-0700]     6.4375 MB /   0.50 sec =  108.0031 Mbps     0 retrans
[2024-11-03T13:10:25.285474-0700]     7.1250 MB /   0.50 sec =  119.5377 Mbps     0 retrans
[2024-11-03T13:10:25.785566-0700]     6.3125 MB /   0.50 sec =  105.8916 Mbps     0 retrans
[2024-11-03T13:10:26.285516-0700]     6.8125 MB /   0.50 sec =  114.3090 Mbps     0 retrans
[2024-11-03T13:10:26.785486-0700]     5.9375 MB /   0.50 sec =   99.6159 Mbps     0 retrans
[2024-11-03T13:10:27.285503-0700]     6.3125 MB /   0.50 sec =  105.9060 Mbps     0 retrans
[2024-11-03T13:10:27.785655-0700]     5.9375 MB /   0.50 sec =   99.6193 Mbps     0 retrans
[2024-11-03T13:10:28.285647-0700]     5.4375 MB /   0.50 sec =   91.2223 Mbps     0 retrans
[2024-11-03T13:10:28.785499-0700]     5.8750 MB /   0.50 sec =   98.5654 Mbps     0 retrans
[2024-11-03T13:10:29.285513-0700]     4.8750 MB /   0.50 sec =   81.7884 Mbps     0 retrans
[2024-11-03T13:10:29.785490-0700]     5.3750 MB /   0.50 sec =   90.1788 Mbps     0 retrans
[2024-11-03T13:10:30.285511-0700]     5.6875 MB /   0.50 sec =   95.4172 Mbps     0 retrans
[2024-11-03T13:10:30.785601-0700]     3.8750 MB /   0.50 sec =   65.0037 Mbps     0 retrans
[2024-11-03T13:10:31.285523-0700]     2.6250 MB /   0.50 sec =   44.0444 Mbps     0 retrans
[2024-11-03T13:10:31.785558-0700]     5.3750 MB /   0.50 sec =   90.1725 Mbps     0 retrans
[2024-11-03T13:10:32.285730-0700]     5.9375 MB /   0.50 sec =   99.6277 Mbps     0 retrans
[2024-11-03T13:10:32.785497-0700]     5.3750 MB /   0.50 sec =   90.1761 Mbps     0 retrans
[2024-11-03T13:10:33.285502-0700]     4.9375 MB /   0.50 sec =   82.8370 Mbps     0 retrans
[2024-11-03T13:10:33.785517-0700]     5.3125 MB /   0.50 sec =   89.1247 Mbps     0 retrans
[2024-11-03T13:10:34.285702-0700]     4.8125 MB /   0.50 sec =   80.7433 Mbps     0 retrans
[2024-11-03T13:10:34.785495-0700]     2.6250 MB /   0.50 sec =   44.0406 Mbps     0 retrans
[2024-11-03T13:10:35.285498-0700]     5.3125 MB /   0.50 sec =   89.1295 Mbps     0 retrans
[2024-11-03T13:10:35.785555-0700]     5.3750 MB /   0.50 sec =   90.1674 Mbps     0 retrans
[2024-11-03T13:10:36.285511-0700]     5.5000 MB /   0.50 sec =   92.2832 Mbps     0 retrans
[2024-11-03T13:10:36.785525-0700]     5.4375 MB /   0.50 sec =   91.2243 Mbps     0 retrans
[2024-11-03T13:10:37.285533-0700]     5.2500 MB /   0.50 sec =   88.0802 Mbps     0 retrans
[2024-11-03T13:10:37.785457-0700]     5.6875 MB /   0.50 sec =   95.4275 Mbps     0 retrans
[2024-11-03T13:10:38.285502-0700]     6.4375 MB /   0.50 sec =  107.9994 Mbps     0 retrans
[2024-11-03T13:10:38.785499-0700]     5.5000 MB /   0.50 sec =   92.2749 Mbps     0 retrans
[2024-11-03T13:10:39.286740-0700]     2.5000 MB /   0.50 sec =   41.8428 Mbps     0 retrans
[2024-11-03T13:10:39.785554-0700]     7.0625 MB /   0.50 sec =  118.7599 Mbps     0 retrans
[2024-11-03T13:10:40.285517-0700]     4.2500 MB /   0.50 sec =   71.3103 Mbps     0 retrans
[2024-11-03T13:10:40.785504-0700]     5.8750 MB /   0.50 sec =   98.5665 Mbps     0 retrans
[2024-11-03T13:10:41.285596-0700]     6.0000 MB /   0.50 sec =  100.6492 Mbps     0 retrans
[2024-11-03T13:10:41.785532-0700]     1.2500 MB /   0.50 sec =   20.9740 Mbps     0 retrans
[2024-11-03T13:10:42.285721-0700]     6.8750 MB /   0.50 sec =  115.3473 Mbps     0 retrans
[2024-11-03T13:10:42.785504-0700]     5.6875 MB /   0.50 sec =   95.4200 Mbps     0 retrans
[2024-11-03T13:10:43.285498-0700]     6.5000 MB /   0.50 sec =  109.0517 Mbps     0 retrans
End time: 1730664643375
