Start time: 1730993829790
[2024-11-07T10:37:14.881923-0500] traceroute to 54.197.223.49 (54.197.223.49), 30 hops max, 60 byte packets
[2024-11-07T10:37:14.882764-0500]  1  * * *
[2024-11-07T10:37:14.882816-0500]  2  * * *
[2024-11-07T10:37:14.882850-0500]  3  * * *
[2024-11-07T10:37:14.882880-0500]  4  * * *
[2024-11-07T10:37:14.882910-0500]  5  * * *
[2024-11-07T10:37:19.888910-0500]  6  * * *
[2024-11-07T10:37:19.889105-0500]  7  * * *
[2024-11-07T10:37:19.889160-0500]  8  * * *
[2024-11-07T10:37:19.889202-0500]  9  * * *
[2024-11-07T10:37:19.895262-0500] 10  * * *
[2024-11-07T10:37:24.897802-0500] 11  * * *
[2024-11-07T10:37:24.898183-0500] 12  * * *
[2024-11-07T10:37:24.898247-0500] 13  * * *
[2024-11-07T10:37:24.898291-0500] 14  * * *
[2024-11-07T10:37:24.898331-0500] 15  * * *
[2024-11-07T10:37:29.905568-0500] 16  * * *
[2024-11-07T10:37:29.906053-0500] 17  * * *
[2024-11-07T10:37:29.906187-0500] 18  * * *
[2024-11-07T10:37:29.919208-0500] 19  * * *
[2024-11-07T10:37:29.919432-0500] 20  * * *
[2024-11-07T10:37:29.919516-0500] 21  * * *
[2024-11-07T10:37:34.915829-0500] 22  * * *
[2024-11-07T10:37:34.923020-0500] 23  * * *
[2024-11-07T10:37:34.923167-0500] 24  * * *
[2024-11-07T10:37:34.923259-0500] 25  * * *
[2024-11-07T10:37:34.930719-0500] 26  * * *
[2024-11-07T10:37:39.871973-0500] 27  * *End time: 1730993859964
