Start time: 1730917664243
[2024-11-06T13:27:45.229896-0500] nuttcp-r: v8.1.4: socket
[2024-11-06T13:27:45.230964-0500] nuttcp-r: buflen=65536, nstream=1, port=5379 tcp
[2024-11-06T13:27:45.231051-0500] nuttcp-r: interval reporting every 0.50 seconds
[2024-11-06T13:27:45.231111-0500] nuttcp-r: connect to 54.197.223.49 with RTT=86.444 ms af=inet
[2024-11-06T13:27:45.231166-0500] nuttcp-r: send window size = 2097152, receive window size = 6291456
[2024-11-06T13:27:45.231224-0500] nuttcp-r: available send window = 1572864, available receive window = 4718592
[2024-11-06T13:27:45.231277-0500]     0.5625 MB /   0.50 sec =    9.4346 Mbps     0 retrans     13 KB-cwnd
[2024-11-06T13:27:45.729663-0500]     5.2500 MB /   0.50 sec =   88.0915 Mbps     0 retrans     13 KB-cwnd
[2024-11-06T13:27:46.229512-0500]     7.9375 MB /   0.50 sec =  133.1793 Mbps     0 retrans     13 KB-cwnd
[2024-11-06T13:27:46.729600-0500]     6.7500 MB /   0.50 sec =  113.2326 Mbps     0 retrans     13 KB-cwnd
[2024-11-06T13:27:47.229544-0500]     7.0000 MB /   0.50 sec =  117.4525 Mbps     0 retrans     13 KB-cwnd
[2024-11-06T13:27:47.729922-0500]     5.8750 MB /   0.50 sec =   98.5354 Mbps     0 retrans     13 KB-cwnd
[2024-11-06T13:27:48.229657-0500]     8.0000 MB /   0.50 sec =  134.2306 Mbps     0 retrans     13 KB-cwnd
[2024-11-06T13:27:48.729521-0500]     7.1250 MB /   0.50 sec =  119.5568 Mbps     0 retrans     13 KB-cwnd
[2024-11-06T13:27:49.229546-0500]     8.9375 MB /   0.50 sec =  149.9518 Mbps     0 retrans     13 KB-cwnd
[2024-11-06T13:27:49.729475-0500]     7.7500 MB /   0.50 sec =  130.0312 Mbps     0 retrans     13 KB-cwnd
[2024-11-06T13:27:50.229541-0500]     8.1250 MB /   0.50 sec =  136.3081 Mbps     0 retrans     13 KB-cwnd
[2024-11-06T13:27:50.729481-0500]     8.5625 MB /   0.50 sec =  143.6601 Mbps     0 retrans     13 KB-cwnd
[2024-11-06T13:27:51.229740-0500]     8.6875 MB /   0.50 sec =  145.7317 Mbps     0 retrans     13 KB-cwnd
[2024-11-06T13:27:51.729633-0500]     9.0000 MB /   0.50 sec =  150.9880 Mbps     0 retrans     13 KB-cwnd
[2024-11-06T13:27:52.229600-0500]     9.3125 MB /   0.50 sec =  156.2428 Mbps     0 retrans     13 KB-cwnd
[2024-11-06T13:27:52.729664-0500]     9.7500 MB /   0.50 sec =  163.5667 Mbps     0 retrans     13 KB-cwnd
[2024-11-06T13:27:53.229493-0500]    10.0625 MB /   0.50 sec =  168.8515 Mbps     0 retrans     13 KB-cwnd
[2024-11-06T13:27:53.729574-0500]     8.5000 MB /   0.50 sec =  142.5941 Mbps     0 retrans     13 KB-cwnd
[2024-11-06T13:27:54.229543-0500]     9.6250 MB /   0.50 sec =  161.4962 Mbps     0 retrans     13 KB-cwnd
[2024-11-06T13:27:54.729462-0500]    10.7500 MB /   0.50 sec =  180.3634 Mbps     0 retrans     13 KB-cwnd
[2024-11-06T13:27:55.229656-0500]    10.8125 MB /   0.50 sec =  181.3630 Mbps     0 retrans     13 KB-cwnd
[2024-11-06T13:27:55.729811-0500]     7.0625 MB /   0.50 sec =  118.4787 Mbps     0 retrans     13 KB-cwnd
[2024-11-06T13:27:56.229617-0500]     5.3125 MB /   0.50 sec =   89.1393 Mbps     0 retrans     13 KB-cwnd
[2024-11-06T13:27:56.729624-0500]     7.1250 MB /   0.50 sec =  119.5429 Mbps     0 retrans     13 KB-cwnd
[2024-11-06T13:27:57.229550-0500]     5.8750 MB /   0.50 sec =   98.5748 Mbps     0 retrans     13 KB-cwnd
[2024-11-06T13:27:57.729496-0500]     8.6875 MB /   0.50 sec =  145.7579 Mbps     0 retrans     13 KB-cwnd
[2024-11-06T13:27:58.229590-0500]     9.5625 MB /   0.50 sec =  160.4219 Mbps     0 retrans     13 KB-cwnd
[2024-11-06T13:27:58.729646-0500]     9.1875 MB /   0.50 sec =  154.1197 Mbps     0 retrans     18 KB-cwnd
[2024-11-06T13:27:59.229698-0500]     6.4375 MB /   0.50 sec =  108.0215 Mbps     0 retrans     18 KB-cwnd
[2024-11-06T13:27:59.729622-0500]     7.5000 MB /   0.50 sec =  125.8150 Mbps     0 retrans     26 KB-cwnd
[2024-11-06T13:28:00.229646-0500]     5.0000 MB /   0.50 sec =   83.8819 Mbps     0 retrans     26 KB-cwnd
[2024-11-06T13:28:00.729541-0500]     1.9375 MB /   0.50 sec =   32.5116 Mbps     0 retrans     26 KB-cwnd
[2024-11-06T13:28:01.229749-0500]     2.6250 MB /   0.50 sec =   44.0317 Mbps     0 retrans     26 KB-cwnd
[2024-11-06T13:28:01.729549-0500]     3.6875 MB /   0.50 sec =   61.8763 Mbps     0 retrans     26 KB-cwnd
[2024-11-06T13:28:02.229553-0500]     3.3750 MB /   0.50 sec =   56.6238 Mbps     0 retrans     26 KB-cwnd
[2024-11-06T13:28:02.729690-0500]     4.0625 MB /   0.50 sec =   68.1486 Mbps     0 retrans     26 KB-cwnd
[2024-11-06T13:28:03.229654-0500]     2.2500 MB /   0.50 sec =   37.7476 Mbps     0 retrans     26 KB-cwnd
[2024-11-06T13:28:03.729483-0500]     3.4375 MB /   0.50 sec =   57.6823 Mbps     0 retrans     26 KB-cwnd
[2024-11-06T13:28:04.229692-0500]     2.6875 MB /   0.50 sec =   45.0821 Mbps     0 retrans     26 KB-cwnd
[2024-11-06T13:28:04.729841-0500]     0.5625 MB /   0.50 sec =    9.4351 Mbps     0 retrans     26 KB-cwnd
[2024-11-06T13:28:05.229645-0500]     3.8125 MB /   0.50 sec =   63.9738 Mbps     0 retrans     26 KB-cwnd
[2024-11-06T13:28:05.729551-0500]     0.3125 MB /   0.50 sec =    5.2435 Mbps     0 retrans     26 KB-cwnd
[2024-11-06T13:28:06.229640-0500]     0.0000 MB /   0.50 sec =    0.0000 Mbps     0 retrans     26 KB-cwnd
[2024-11-06T13:28:06.729654-0500]     0.0000 MB /   0.50 sec =    0.0000 Mbps     0 retrans     26 KB-cwnd
[2024-11-06T13:28:07.229855-0500]     0.0000 MB /   0.50 sec =    0.0000 Mbps     0 retrans     26 KB-cwnd
[2024-11-06T13:28:07.729839-0500]     0.0000 MB /   0.50 sec =    0.0000 Mbps     0 retrans     26 KB-cwnd
[2024-11-06T13:28:08.229512-0500]     2.5000 MB /   0.50 sec =   41.9518 Mbps     0 retrans     26 KB-cwnd
[2024-11-06T13:28:08.729569-0500]     0.1250 MB /   0.50 sec =    2.0970 Mbps     0 retrans     26 KB-cwnd
[2024-11-06T13:28:09.229764-0500]     0.0000 MB /   0.50 sec =    0.0000 Mbps     0 retrans     26 KB-cwnd
[2024-11-06T13:28:09.729852-0500]     0.0000 MB /   0.50 sec =    0.0000 Mbps     0 retrans     26 KB-cwnd
[2024-11-06T13:28:10.229887-0500]     0.0000 MB /   0.50 sec =    0.0000 Mbps     0 retrans     26 KB-cwnd
[2024-11-06T13:28:10.729672-0500]     0.0000 MB /   0.50 sec =    0.0000 Mbps     0 retrans     26 KB-cwnd
[2024-11-06T13:28:11.229649-0500]     0.7500 MB /   0.50 sec =   12.5833 Mbps     0 retrans     26 KB-cwnd
[2024-11-06T13:28:11.729555-0500]     0.3125 MB /   0.50 sec =    5.2438 Mbps     0 retrans     26 KB-cwnd
[2024-11-06T13:28:12.229559-0500]     0.3750 MB /   0.50 sec =    6.2914 Mbps     0 retrans     26 KB-cwnd
[2024-11-06T13:28:12.729655-0500]     0.5000 MB /   0.50 sec =    8.3888 Mbps     0 retrans     26 KB-cwnd
[2024-11-06T13:28:13.229679-0500]     0.5000 MB /   0.50 sec =    8.3854 Mbps     0 retrans     26 KB-cwnd
[2024-11-06T13:28:13.729645-0500]     0.4375 MB /   0.50 sec =    7.3416 Mbps     0 retrans     26 KB-cwnd
[2024-11-06T13:28:14.229565-0500]     0.4375 MB /   0.50 sec =    7.3410 Mbps     0 retrans     26 KB-cwnd
[2024-11-06T13:28:14.729671-0500]     0.6875 MB /   0.50 sec =   11.5321 Mbps     0 retrans     26 KB-cwnd
[2024-11-06T13:28:15.229533-0500]     1.0000 MB /   0.50 sec =   16.7809 Mbps     0 retrans     26 KB-cwnd
[2024-11-06T13:28:15.729524-0500]     1.1250 MB /   0.50 sec =   18.8746 Mbps     0 retrans     26 KB-cwnd
[2024-11-06T13:28:16.229682-0500]     1.3125 MB /   0.50 sec =   22.0199 Mbps     0 retrans     26 KB-cwnd
[2024-11-06T13:28:16.729604-0500]     1.5625 MB /   0.50 sec =   26.2112 Mbps     0 retrans     26 KB-cwnd
[2024-11-06T13:28:17.229553-0500]     1.3750 MB /   0.50 sec =   23.0713 Mbps     0 retrans     26 KB-cwnd
[2024-11-06T13:28:17.729523-0500]     2.3125 MB /   0.50 sec =   38.7981 Mbps     0 retrans     26 KB-cwnd
[2024-11-06T13:28:18.229488-0500]     2.1875 MB /   0.50 sec =   36.7012 Mbps     0 retrans     26 KB-cwnd
[2024-11-06T13:28:18.729500-0500]     2.0000 MB /   0.50 sec =   33.5542 Mbps     0 retrans     26 KB-cwnd
[2024-11-06T13:28:19.229584-0500]     2.5625 MB /   0.50 sec =   42.9884 Mbps     0 retrans     26 KB-cwnd
[2024-11-06T13:28:19.729617-0500]     2.2500 MB /   0.50 sec =   37.7472 Mbps     0 retrans     26 KB-cwnd
[2024-11-06T13:28:20.229584-0500]     2.5625 MB /   0.50 sec =   42.9934 Mbps     0 retrans     26 KB-cwnd
[2024-11-06T13:28:20.729501-0500]     2.5625 MB /   0.50 sec =   42.9947 Mbps     0 retrans     26 KB-cwnd
[2024-11-06T13:28:21.229568-0500]     3.2500 MB /   0.50 sec =   54.5220 Mbps     0 retrans     26 KB-cwnd
[2024-11-06T13:28:21.729515-0500]     2.2500 MB /   0.50 sec =   37.7508 Mbps     0 retrans     26 KB-cwnd
[2024-11-06T13:28:22.229603-0500]     2.8750 MB /   0.50 sec =   48.2284 Mbps     0 retrans     26 KB-cwnd
[2024-11-06T13:28:22.729566-0500]     2.8750 MB /   0.50 sec =   48.2377 Mbps     0 retrans     26 KB-cwnd
[2024-11-06T13:28:23.229687-0500]     2.6875 MB /   0.50 sec =   45.0910 Mbps     0 retrans     26 KB-cwnd
[2024-11-06T13:28:23.729545-0500]     2.8125 MB /   0.50 sec =   47.1850 Mbps     0 retrans     26 KB-cwnd
[2024-11-06T13:28:24.229516-0500]     2.2500 MB /   0.50 sec =   37.7515 Mbps     0 retrans     26 KB-cwnd
[2024-11-06T13:28:24.729581-0500]     2.0625 MB /   0.50 sec =   34.6002 Mbps     0 retrans     26 KB-cwnd
[2024-11-06T13:28:25.229695-0500]     1.8125 MB /   0.50 sec =   30.4083 Mbps     0 retrans     26 KB-cwnd
[2024-11-06T13:28:25.729548-0500]     3.4375 MB /   0.50 sec =   57.6742 Mbps     0 retrans     26 KB-cwnd
[2024-11-06T13:28:26.229495-0500]     3.2500 MB /   0.50 sec =   54.5265 Mbps     0 retrans     26 KB-cwnd
[2024-11-06T13:28:26.729560-0500]     2.1250 MB /   0.50 sec =   35.6498 Mbps     0 retrans     26 KB-cwnd
[2024-11-06T13:28:27.229550-0500]     2.9375 MB /   0.50 sec =   49.2844 Mbps     0 retrans     26 KB-cwnd
[2024-11-06T13:28:27.729539-0500]     4.1250 MB /   0.50 sec =   69.2062 Mbps     0 retrans     26 KB-cwnd
[2024-11-06T13:28:28.229562-0500]     4.1250 MB /   0.50 sec =   69.2053 Mbps     0 retrans     26 KB-cwnd
[2024-11-06T13:28:28.729605-0500]     2.9375 MB /   0.50 sec =   49.2856 Mbps     0 retrans     26 KB-cwnd
[2024-11-06T13:28:29.229534-0500]     2.6875 MB /   0.50 sec =   45.0879 Mbps     0 retrans     26 KB-cwnd
[2024-11-06T13:28:29.729616-0500]     2.3125 MB /   0.50 sec =   38.7904 Mbps     0 retrans     26 KB-cwnd
[2024-11-06T13:28:30.229569-0500]     2.5000 MB /   0.50 sec =   41.9492 Mbps     0 retrans     26 KB-cwnd
[2024-11-06T13:28:30.729506-0500]     1.8750 MB /   0.50 sec =   31.4582 Mbps     0 retrans     26 KB-cwnd
[2024-11-06T13:28:31.229563-0500]     1.1875 MB /   0.50 sec =   19.9219 Mbps     0 retrans     26 KB-cwnd
[2024-11-06T13:28:31.729611-0500]     0.6250 MB /   0.50 sec =   10.4849 Mbps     0 retrans     26 KB-cwnd
[2024-11-06T13:28:32.229879-0500]     0.5625 MB /   0.50 sec =    9.4357 Mbps     0 retrans     26 KB-cwnd
[2024-11-06T13:28:32.729631-0500]     0.5000 MB /   0.50 sec =    8.3893 Mbps     0 retrans     26 KB-cwnd
[2024-11-06T13:28:33.229812-0500]     0.0000 MB /   0.50 sec =    0.0000 Mbps     0 retrans     26 KB-cwnd
[2024-11-06T13:28:33.729578-0500]     0.8125 MB /   0.50 sec =   13.6360 Mbps     0 retrans     26 KB-cwnd
[2024-11-06T13:28:34.229485-0500]     0.0000 MB /   0.50 sec =    0.0000 Mbps     0 retrans     26 KB-cwnd
[2024-11-06T13:28:34.729551-0500]     1.0625 MB /   0.50 sec =   17.8239 Mbps     0 retrans     26 KB-cwnd
[2024-11-06T13:28:35.229524-0500]     0.0000 MB /   0.50 sec =    0.0000 Mbps     0 retrans     26 KB-cwnd
[2024-11-06T13:28:35.729621-0500]     0.0000 MB /   0.50 sec =    0.0000 Mbps     0 retrans     26 KB-cwnd
[2024-11-06T13:28:36.229668-0500]     0.0000 MB /   0.50 sec =    0.0000 Mbps     0 retrans     26 KB-cwnd
[2024-11-06T13:28:36.729481-0500]     0.0000 MB /   0.50 sec =    0.0000 Mbps     0 retrans     26 KB-cwnd
[2024-11-06T13:28:37.229749-0500]     0.0000 MB /   0.50 sec =    0.0000 Mbps     0 retrans     26 KB-cwnd
[2024-11-06T13:28:37.729694-0500]     0.0000 MB /   0.50 sec =    0.0000 Mbps     0 retrans     26 KB-cwnd
[2024-11-06T13:28:38.229674-0500]     0.0000 MB /   0.50 sec =    0.0000 Mbps     0 retrans     26 KB-cwnd
[2024-11-06T13:28:38.729888-0500]     0.0000 MB /   0.50 sec =    0.0000 Mbps     0 retrans     26 KB-cwnd
[2024-11-06T13:28:39.229702-0500]     0.0000 MB /   0.50 sec =    0.0000 Mbps     0 retrans     26 KB-cwnd
[2024-11-06T13:28:39.729523-0500]     0.0000 MB /   0.50 sec =    0.0000 Mbps     0 retrans     26 KB-cwnd
[2024-11-06T13:28:40.229895-0500]     0.0000 MB /   0.50 sec =    0.0000 Mbps     0 retrans     26 KB-cwnd
[2024-11-06T13:28:40.729827-0500]     0.0000 MB /   0.50 sec =    0.0000 Mbps     0 retrans     26 KB-cwnd
[2024-11-06T13:28:41.230742-0500]     0.0000 MB /   0.50 sec =    0.0000 Mbps     0 retrans     26 KB-cwnd
[2024-11-06T13:28:41.729740-0500]     0.0000 MB /   0.50 sec =    0.0000 Mbps     0 retrans     26 KB-cwnd
[2024-11-06T13:28:42.229736-0500]     0.0000 MB /   0.50 sec =    0.0000 Mbps     0 retrans     26 KB-cwnd
[2024-11-06T13:28:42.729903-0500]     0.0625 MB /   0.50 sec =    1.0486 Mbps     0 retrans     26 KB-cwnd
[2024-11-06T13:28:43.230036-0500]     0.0000 MB /   0.50 sec =    0.0000 Mbps     0 retrans     26 KB-cwnd
[2024-11-06T13:28:43.729704-0500]     0.5000 MB /   0.50 sec =    8.3894 Mbps     0 retrans     26 KB-cwnd
[2024-11-06T13:28:44.229624-0500]     3.5000 MB /   0.50 sec =   58.7362 Mbps     0 retrans     26 KB-cwnd
[2024-11-06T13:28:44.729568-0500]     3.8125 MB /   0.50 sec =   63.9612 Mbps     0 retrans     26 KB-cwnd
[2024-11-06T13:28:45.229807-0500]     4.8750 MB /   0.50 sec =   81.7881 Mbps     0 retrans     26 KB-cwnd
[2024-11-06T13:28:45.729572-0500]     6.7500 MB /   0.50 sec =  113.2498 Mbps     0 retrans     26 KB-cwnd
[2024-11-06T13:28:46.229603-0500]     4.2500 MB /   0.50 sec =   71.2977 Mbps     0 retrans     26 KB-cwnd
[2024-11-06T13:28:46.729549-0500]     9.0000 MB /   0.50 sec =  151.0031 Mbps     0 retrans     26 KB-cwnd
[2024-11-06T13:28:47.229555-0500]    12.2500 MB /   0.50 sec =  205.5230 Mbps     0 retrans     30 KB-cwnd
[2024-11-06T13:28:47.729574-0500]    15.3125 MB /   0.50 sec =  256.9001 Mbps     0 retrans   3652 KB-cwnd
[2024-11-06T13:28:48.229530-0500]    17.0000 MB /   0.50 sec =  285.2207 Mbps     0 retrans   3652 KB-cwnd
[2024-11-06T13:28:48.729632-0500]    16.8125 MB /   0.50 sec =  282.0771 Mbps     0 retrans   3652 KB-cwnd
[2024-11-06T13:28:49.229652-0500]    17.0000 MB /   0.50 sec =  285.1516 Mbps     0 retrans   3652 KB-cwnd
[2024-11-06T13:28:49.729717-0500]    10.0000 MB /   0.50 sec =  167.7809 Mbps     0 retrans   3668 KB-cwnd
[2024-11-06T13:28:50.229558-0500]    20.5625 MB /   0.50 sec =  345.0167 Mbps     0 retrans   3668 KB-cwnd
[2024-11-06T13:28:50.729493-0500]    19.4375 MB /   0.50 sec =  326.1097 Mbps     0 retrans   3668 KB-cwnd
[2024-11-06T13:28:51.229518-0500]    14.5625 MB /   0.50 sec =  244.3143 Mbps     0 retrans   3668 KB-cwnd
[2024-11-06T13:28:51.729588-0500]    19.5625 MB /   0.50 sec =  328.2043 Mbps     0 retrans   3668 KB-cwnd
[2024-11-06T13:28:52.229484-0500]    21.9375 MB /   0.50 sec =  368.0612 Mbps  3281 retrans   5168 KB-cwnd
[2024-11-06T13:28:52.729582-0500]    19.1250 MB /   0.50 sec =  320.8360 Mbps     0 retrans   5282 KB-cwnd
[2024-11-06T13:28:53.229463-0500]    20.3750 MB /   0.50 sec =  341.8802 Mbps     0 retrans   5282 KB-cwnd
[2024-11-06T13:28:53.729726-0500]    12.9375 MB /   0.50 sec =  216.9828 Mbps     0 retrans   5282 KB-cwnd
[2024-11-06T13:28:54.229558-0500]    18.4375 MB /   0.50 sec =  309.4184 Mbps     0 retrans   6343 KB-cwnd
[2024-11-06T13:28:54.729576-0500]    19.8750 MB /   0.50 sec =  333.4412 Mbps     0 retrans   6343 KB-cwnd
[2024-11-06T13:28:55.229449-0500]    15.8125 MB /   0.50 sec =  265.3104 Mbps     0 retrans   6343 KB-cwnd
[2024-11-06T13:28:55.729585-0500]    10.2500 MB /   0.50 sec =  171.9500 Mbps     0 retrans   6343 KB-cwnd
[2024-11-06T13:28:56.229632-0500]     0.0625 MB /   0.50 sec =    1.0485 Mbps     0 retrans   6343 KB-cwnd
[2024-11-06T13:28:56.729591-0500]    23.8125 MB /   0.50 sec =  399.5594 Mbps     0 retrans   7632 KB-cwnd
[2024-11-06T13:28:57.229524-0500]    13.9375 MB /   0.50 sec =  233.8488 Mbps     0 retrans   7632 KB-cwnd
[2024-11-06T13:28:57.729600-0500]    16.6875 MB /   0.50 sec =  279.9379 Mbps     0 retrans   7560 KB-cwnd
[2024-11-06T13:28:58.229600-0500]    11.5000 MB /   0.50 sec =  192.9330 Mbps     0 retrans   7560 KB-cwnd
[2024-11-06T13:28:58.729578-0500]    20.4375 MB /   0.50 sec =  342.9090 Mbps     0 retrans   7278 KB-cwnd
[2024-11-06T13:28:59.229454-0500]    17.8125 MB /   0.50 sec =  298.8615 Mbps     0 retrans   7278 KB-cwnd
[2024-11-06T13:28:59.729563-0500]    13.6250 MB /   0.50 sec =  228.5717 Mbps     0 retrans   7278 KB-cwnd
[2024-11-06T13:29:00.229574-0500]     9.3125 MB /   0.50 sec =  156.2378 Mbps     0 retrans   7278 KB-cwnd
[2024-11-06T13:29:00.729665-0500]    11.2500 MB /   0.50 sec =  188.7524 Mbps     0 retrans   7278 KB-cwnd
[2024-11-06T13:29:01.229440-0500]     4.9375 MB /   0.50 sec =   82.8428 Mbps     0 retrans   7278 KB-cwnd
[2024-11-06T13:29:01.729496-0500]    12.0000 MB /   0.50 sec =  201.3153 Mbps     4 retrans   6345 KB-cwnd
[2024-11-06T13:29:02.229633-0500]     9.1250 MB /   0.50 sec =  153.0762 Mbps     0 retrans   6345 KB-cwnd
[2024-11-06T13:29:02.729837-0500]    10.0000 MB /   0.50 sec =  167.7165 Mbps     0 retrans   6345 KB-cwnd
[2024-11-06T13:29:03.229870-0500]     0.0000 MB /   0.50 sec =    0.0000 Mbps     0 retrans   6345 KB-cwnd
[2024-11-06T13:29:03.729880-0500]     0.0000 MB /   0.50 sec =    0.0000 Mbps     0 retrans   6345 KB-cwnd
[2024-11-06T13:29:04.229781-0500]     0.0000 MB /   0.50 sec =    0.0000 Mbps     0 retrans   6345 KB-cwnd
[2024-11-06T13:29:04.729612-0500]     0.0000 MB /   0.50 sec =    0.0000 Mbps     0 retrans   6345 KB-cwnd
[2024-11-06T13:29:05.229606-0500]     0.0625 MB /   0.50 sec =    1.0486 Mbps     0 retrans   6345 KB-cwnd
[2024-11-06T13:29:05.729472-0500]     0.0000 MB /   0.50 sec =    0.0000 Mbps     0 retrans   6345 KB-cwnd
[2024-11-06T13:29:06.229479-0500]     0.6875 MB /   0.50 sec =   11.5341 Mbps     0 retrans   6345 KB-cwnd
[2024-11-06T13:29:06.729685-0500]     1.7500 MB /   0.50 sec =   29.3539 Mbps     0 retrans   6345 KB-cwnd
[2024-11-06T13:29:07.229773-0500]     1.1875 MB /   0.50 sec =   19.9261 Mbps     0 retrans   6345 KB-cwnd
[2024-11-06T13:29:07.729641-0500]     0.2500 MB /   0.50 sec =    4.1942 Mbps     0 retrans   6345 KB-cwnd
[2024-11-06T13:29:08.229574-0500]     0.0000 MB /   0.50 sec =    0.0000 Mbps     0 retrans   6345 KB-cwnd
[2024-11-06T13:29:08.729635-0500]     0.0000 MB /   0.50 sec =    0.0000 Mbps     0 retrans   6345 KB-cwnd
[2024-11-06T13:29:09.229623-0500]     0.1250 MB /   0.50 sec =    2.0972 Mbps     0 retrans   6345 KB-cwnd
[2024-11-06T13:29:09.729578-0500]     5.6875 MB /   0.50 sec =   95.4162 Mbps     0 retrans   6284 KB-cwnd
[2024-11-06T13:29:10.229476-0500]     0.2500 MB /   0.50 sec =    4.1948 Mbps     0 retrans   6284 KB-cwnd
[2024-11-06T13:29:10.729494-0500]     0.0000 MB /   0.50 sec =    0.0000 Mbps     0 retrans   6284 KB-cwnd
[2024-11-06T13:29:11.229804-0500]     4.2500 MB /   0.50 sec =   71.2866 Mbps     0 retrans   6284 KB-cwnd
[2024-11-06T13:29:11.729692-0500]     1.8125 MB /   0.50 sec =   30.4091 Mbps     0 retrans   6284 KB-cwnd
[2024-11-06T13:29:12.229780-0500]     0.6250 MB /   0.50 sec =   10.4872 Mbps     0 retrans   6284 KB-cwnd
[2024-11-06T13:29:12.729479-0500]     0.3750 MB /   0.50 sec =    6.2922 Mbps     0 retrans   6284 KB-cwnd
[2024-11-06T13:29:13.229558-0500]     0.0625 MB /   0.50 sec =    1.0485 Mbps     0 retrans   6284 KB-cwnd
[2024-11-06T13:29:13.729808-0500]     4.0625 MB /   0.50 sec =   68.1547 Mbps     0 retrans   6284 KB-cwnd
[2024-11-06T13:29:14.229610-0500]     4.8750 MB /   0.50 sec =   81.7842 Mbps     0 retrans   6284 KB-cwnd
[2024-11-06T13:29:14.729586-0500]     6.1250 MB /   0.50 sec =  102.7693 Mbps     0 retrans   6284 KB-cwnd
[2024-11-06T13:29:15.229574-0500]     7.1250 MB /   0.50 sec =  119.5393 Mbps     0 retrans   6284 KB-cwnd
[2024-11-06T13:29:15.729565-0500]    10.2500 MB /   0.50 sec =  171.9651 Mbps     0 retrans   6359 KB-cwnd
[2024-11-06T13:29:16.229596-0500]    13.3750 MB /   0.50 sec =  224.3966 Mbps     0 retrans   7035 KB-cwnd
[2024-11-06T13:29:16.729503-0500]    13.0000 MB /   0.50 sec =  218.1016 Mbps     0 retrans   7035 KB-cwnd
[2024-11-06T13:29:17.229621-0500]    16.8750 MB /   0.50 sec =  283.0985 Mbps     0 retrans   7270 KB-cwnd
[2024-11-06T13:29:17.729764-0500]    22.3125 MB /   0.50 sec =  374.3633 Mbps     0 retrans   7270 KB-cwnd
[2024-11-06T13:29:18.229541-0500]    20.1250 MB /   0.50 sec =  337.6482 Mbps     0 retrans   7880 KB-cwnd
[2024-11-06T13:29:18.729567-0500]    16.2500 MB /   0.50 sec =  272.6281 Mbps     0 retrans   7880 KB-cwnd
[2024-11-06T13:29:19.229455-0500]    22.7500 MB /   0.50 sec =  381.7038 Mbps     0 retrans   7880 KB-cwnd
[2024-11-06T13:29:19.729683-0500]    23.8750 MB /   0.50 sec =  400.4591 Mbps 10847 retrans   3913 KB-cwnd
[2024-11-06T13:29:20.229842-0500]    22.6875 MB /   0.50 sec =  380.6620 Mbps     0 retrans   3913 KB-cwnd
[2024-11-06T13:29:20.729544-0500]    26.8750 MB /   0.50 sec =  450.9409 Mbps     0 retrans   3913 KB-cwnd
[2024-11-06T13:29:21.229533-0500]    20.1875 MB /   0.50 sec =  338.7002 Mbps     0 retrans   8037 KB-cwnd
[2024-11-06T13:29:21.729574-0500]    22.6250 MB /   0.50 sec =  379.5739 Mbps     0 retrans   8042 KB-cwnd
[2024-11-06T13:29:22.229563-0500]    22.6875 MB /   0.50 sec =  380.6346 Mbps     0 retrans   8042 KB-cwnd
[2024-11-06T13:29:22.729467-0500]    21.1250 MB /   0.50 sec =  354.4364 Mbps     0 retrans   8042 KB-cwnd
[2024-11-06T13:29:23.229539-0500]    22.2500 MB /   0.50 sec =  373.2729 Mbps     0 retrans   8650 KB-cwnd
[2024-11-06T13:29:23.729566-0500]    24.3125 MB /   0.50 sec =  407.8936 Mbps     0 retrans   8650 KB-cwnd
[2024-11-06T13:29:24.229506-0500]    21.1250 MB /   0.50 sec =  354.4088 Mbps     0 retrans   8650 KB-cwnd
[2024-11-06T13:29:24.729622-0500]     6.8750 MB /   0.50 sec =  115.3397 Mbps     0 retrans   7331 KB-cwnd
[2024-11-06T13:29:25.229535-0500]    22.6250 MB /   0.50 sec =  379.6308 Mbps     0 retrans   7331 KB-cwnd
[2024-11-06T13:29:25.729547-0500]    14.4375 MB /   0.50 sec =  242.2002 Mbps     0 retrans   7331 KB-cwnd
[2024-11-06T13:29:26.229622-0500]    13.5625 MB /   0.50 sec =  227.5342 Mbps     0 retrans   7331 KB-cwnd
[2024-11-06T13:29:26.729620-0500]    10.5000 MB /   0.50 sec =  176.1583 Mbps     0 retrans   7331 KB-cwnd
[2024-11-06T13:29:27.229506-0500]    12.9375 MB /   0.50 sec =  217.0652 Mbps     0 retrans   7075 KB-cwnd
[2024-11-06T13:29:27.729617-0500]    22.0000 MB /   0.50 sec =  369.0943 Mbps     0 retrans   7512 KB-cwnd
[2024-11-06T13:29:28.229539-0500]    20.6875 MB /   0.50 sec =  347.0939 Mbps     0 retrans   7512 KB-cwnd
[2024-11-06T13:29:28.729685-0500]    21.9375 MB /   0.50 sec =  367.9670 Mbps     0 retrans   7512 KB-cwnd
[2024-11-06T13:29:29.229618-0500]    14.1875 MB /   0.50 sec =  238.0472 Mbps     0 retrans   6804 KB-cwnd
[2024-11-06T13:29:29.729446-0500]    11.8125 MB /   0.50 sec =  198.2221 Mbps     0 retrans   6804 KB-cwnd
[2024-11-06T13:29:30.229747-0500]    15.0625 MB /   0.50 sec =  252.6517 Mbps     0 retrans   6804 KB-cwnd
[2024-11-06T13:29:30.729456-0500]     8.8750 MB /   0.50 sec =  148.9291 Mbps     0 retrans   6804 KB-cwnd
[2024-11-06T13:29:31.229712-0500]     8.8125 MB /   0.50 sec =  147.8194 Mbps     0 retrans   6804 KB-cwnd
[2024-11-06T13:29:31.729562-0500]    24.3750 MB /   0.50 sec =  408.9929 Mbps     0 retrans   6385 KB-cwnd
[2024-11-06T13:29:32.229656-0500]    17.1250 MB /   0.50 sec =  287.2575 Mbps     0 retrans   5900 KB-cwnd
[2024-11-06T13:29:32.729561-0500]    13.6250 MB /   0.50 sec =  228.6293 Mbps     0 retrans   5900 KB-cwnd
[2024-11-06T13:29:33.229572-0500]    18.8750 MB /   0.50 sec =  316.6693 Mbps     0 retrans   5900 KB-cwnd
[2024-11-06T13:29:33.729459-0500]    13.0000 MB /   0.50 sec =  218.1195 Mbps     0 retrans   6191 KB-cwnd
[2024-11-06T13:29:34.229542-0500]     8.1250 MB /   0.50 sec =  136.2993 Mbps     0 retrans   7917 KB-cwnd
[2024-11-06T13:29:34.729750-0500]     4.0000 MB /   0.50 sec =   67.1099 Mbps     0 retrans   7917 KB-cwnd
[2024-11-06T13:29:35.229654-0500]     0.0000 MB /   0.50 sec =    0.0000 Mbps     0 retrans   7917 KB-cwnd
[2024-11-06T13:29:35.729559-0500]    10.3125 MB /   0.50 sec =  173.0195 Mbps     0 retrans   7917 KB-cwnd
[2024-11-06T13:29:36.229560-0500]     5.2500 MB /   0.50 sec =   88.0853 Mbps     0 retrans   7917 KB-cwnd
[2024-11-06T13:29:36.729600-0500]    19.3125 MB /   0.50 sec =  324.0061 Mbps     0 retrans   7917 KB-cwnd
[2024-11-06T13:29:37.229452-0500]    17.1250 MB /   0.50 sec =  287.3409 Mbps     0 retrans   7917 KB-cwnd
[2024-11-06T13:29:37.729602-0500]    12.6250 MB /   0.50 sec =  211.7895 Mbps     0 retrans   8042 KB-cwnd
[2024-11-06T13:29:38.229553-0500]     8.9375 MB /   0.50 sec =  149.9389 Mbps     0 retrans   8042 KB-cwnd
[2024-11-06T13:29:38.729459-0500]    17.4375 MB /   0.50 sec =  292.5983 Mbps     0 retrans   8042 KB-cwnd
[2024-11-06T13:29:39.229590-0500]    17.4375 MB /   0.50 sec =  292.5299 Mbps     0 retrans   8042 KB-cwnd
[2024-11-06T13:29:39.729594-0500]    22.2500 MB /   0.50 sec =  373.2893 Mbps     0 retrans   8042 KB-cwnd
[2024-11-06T13:29:40.229451-0500]    21.9375 MB /   0.50 sec =  368.0848 Mbps     0 retrans   8570 KB-cwnd
[2024-11-06T13:29:40.729679-0500]    17.8125 MB /   0.50 sec =  298.8262 Mbps     0 retrans   8570 KB-cwnd
[2024-11-06T13:29:41.229586-0500]    12.4375 MB /   0.50 sec =  208.6533 Mbps     0 retrans   8570 KB-cwnd
[2024-11-06T13:29:41.729535-0500]    24.0625 MB /   0.50 sec =  403.7284 Mbps    11 retrans   6702 KB-cwnd
[2024-11-06T13:29:42.229458-0500]    18.1250 MB /   0.50 sec =  304.1004 Mbps     0 retrans   6702 KB-cwnd
[2024-11-06T13:29:42.729558-0500]    22.2500 MB /   0.50 sec =  373.2796 Mbps     0 retrans   6702 KB-cwnd
[2024-11-06T13:29:43.229733-0500]    27.0000 MB /   0.50 sec =  452.9586 Mbps     0 retrans   6702 KB-cwnd
[2024-11-06T13:29:43.729454-0500]    25.2500 MB /   0.50 sec =  423.6688 Mbps     0 retrans   9172 KB-cwnd
[2024-11-06T13:29:44.229598-0500]    22.9375 MB /   0.50 sec =  384.7866 Mbps     0 retrans   9172 KB-cwnd
[2024-11-06T13:29:44.729557-0500]    26.5000 MB /   0.50 sec =  444.6247 Mbps     0 retrans  10690 KB-cwnd
[2024-11-06T13:29:45.229466-0500]    26.9375 MB /   0.50 sec =  451.9534 Mbps     0 retrans  10690 KB-cwnd
End time: 1730917785339
