Start time: 1731099529438
[2024-11-08T15:58:54.504242-0500] traceroute to 54.197.223.49 (54.197.223.49), 30 hops max, 60 byte packets
[2024-11-08T15:58:54.505028-0500]  1  * * *
[2024-11-08T15:58:54.505080-0500]  2  * * *
[2024-11-08T15:58:54.505117-0500]  3  * * *
[2024-11-08T15:58:54.513922-0500]  4  * * *
[2024-11-08T15:58:54.514052-0500]  5  * * *
[2024-11-08T15:58:59.511553-0500]  6  * * *
[2024-11-08T15:58:59.511725-0500]  7  * * *
[2024-11-08T15:58:59.518555-0500]  8  * * *
[2024-11-08T15:58:59.518685-0500]  9  * * *
[2024-11-08T15:58:59.518727-0500] 10  * * *
[2024-11-08T15:59:04.517617-0500] 11  * * *
[2024-11-08T15:59:04.519364-0500] 12  * * *
[2024-11-08T15:59:04.522974-0500] 13  * * *
[2024-11-08T15:59:04.523096-0500] 14  * * *
[2024-11-08T15:59:04.527659-0500] 15  * * *
[2024-11-08T15:59:09.526879-0500] 16  * * *
[2024-11-08T15:59:09.527702-0500] 17  * * *
[2024-11-08T15:59:09.527838-0500] 18  * * *
[2024-11-08T15:59:09.527927-0500] 19  * * *
[2024-11-08T15:59:09.543652-0500] 20  * * *
[2024-11-08T15:59:09.543845-0500] 21  * * *
[2024-11-08T15:59:14.534497-0500] 22  * * *
[2024-11-08T15:59:14.539082-0500] 23  * * *
[2024-11-08T15:59:14.543318-0500] 24  * * *
[2024-11-08T15:59:14.546582-0500] 25  * * *
[2024-11-08T15:59:14.550494-0500] 26  * * *
[2024-11-08T15:59:19.493455-0500] 27  * *End time: 1731099559536
