Start time: 1730588936557
[2024-11-02T17:08:57.688279-0600] nuttcp-r: v8.1.4: socket
[2024-11-02T17:08:57.689183-0600] nuttcp-r: buflen=65536, nstream=1, port=6110 tcp
[2024-11-02T17:08:57.689237-0600] nuttcp-r: interval reporting every 0.50 seconds
[2024-11-02T17:08:57.689270-0600] nuttcp-r: connect to 54.176.53.206 with RTT=91.657 ms af=inet
[2024-11-02T17:08:57.689303-0600] nuttcp-r: send window size = 2097152, receive window size = 6291456
[2024-11-02T17:08:57.689335-0600] nuttcp-r: available send window = 1572864, available receive window = 4718592
[2024-11-02T17:08:57.689363-0600]     0.8750 MB /   0.50 sec =   14.6775 Mbps     0 retrans
[2024-11-02T17:08:58.187914-0600]    11.7500 MB /   0.50 sec =  197.1425 Mbps     0 retrans
[2024-11-02T17:08:58.689451-0600]    12.5000 MB /   0.50 sec =  209.2686 Mbps     0 retrans
[2024-11-02T17:08:59.188496-0600]    15.0000 MB /   0.50 sec =  252.1929 Mbps     0 retrans
[2024-11-02T17:08:59.687866-0600]    15.3125 MB /   0.50 sec =  256.9057 Mbps     0 retrans
[2024-11-02T17:09:00.187853-0600]    19.0625 MB /   0.50 sec =  319.8163 Mbps     0 retrans
[2024-11-02T17:09:00.687890-0600]    18.6250 MB /   0.50 sec =  312.4575 Mbps     0 retrans
[2024-11-02T17:09:01.187862-0600]    21.2500 MB /   0.50 sec =  356.5308 Mbps     0 retrans
[2024-11-02T17:09:01.688124-0600]    18.1875 MB /   0.50 sec =  305.1527 Mbps     0 retrans
[2024-11-02T17:09:02.187883-0600]    20.4375 MB /   0.50 sec =  342.8665 Mbps     0 retrans
[2024-11-02T17:09:02.687840-0600]    20.3125 MB /   0.50 sec =  340.7954 Mbps     0 retrans
[2024-11-02T17:09:03.188527-0600]    13.6250 MB /   0.50 sec =  228.4799 Mbps     0 retrans
[2024-11-02T17:09:03.687834-0600]    24.8125 MB /   0.50 sec =  416.4829 Mbps     0 retrans
[2024-11-02T17:09:04.187784-0600]    21.8125 MB /   0.50 sec =  365.9574 Mbps     0 retrans
[2024-11-02T17:09:04.688263-0600]    20.3125 MB /   0.50 sec =  340.4998 Mbps     0 retrans
[2024-11-02T17:09:05.187839-0600]    22.9375 MB /   0.50 sec =  385.1463 Mbps     0 retrans
[2024-11-02T17:09:05.687840-0600]    23.8125 MB /   0.50 sec =  399.5059 Mbps     0 retrans
[2024-11-02T17:09:06.187780-0600]    23.6250 MB /   0.50 sec =  396.3681 Mbps     0 retrans
[2024-11-02T17:09:06.688318-0600]    27.6250 MB /   0.50 sec =  463.0446 Mbps     0 retrans
[2024-11-02T17:09:07.188119-0600]    24.6875 MB /   0.50 sec =  414.4096 Mbps     0 retrans
[2024-11-02T17:09:07.689096-0600]    18.0000 MB /   0.50 sec =  301.3937 Mbps     0 retrans
[2024-11-02T17:09:08.188117-0600]    23.4375 MB /   0.50 sec =  394.1596 Mbps     0 retrans
[2024-11-02T17:09:08.687872-0600]    31.5000 MB /   0.50 sec =  528.4443 Mbps     0 retrans
[2024-11-02T17:09:09.187842-0600]    32.3750 MB /   0.50 sec =  543.1808 Mbps     0 retrans
[2024-11-02T17:09:09.687820-0600]    35.0625 MB /   0.50 sec =  588.2629 Mbps     0 retrans
[2024-11-02T17:09:10.187856-0600]    35.0000 MB /   0.50 sec =  587.1791 Mbps     0 retrans
[2024-11-02T17:09:10.687862-0600]    36.4375 MB /   0.50 sec =  611.3064 Mbps     0 retrans
[2024-11-02T17:09:11.187889-0600]    34.8125 MB /   0.50 sec =  584.0078 Mbps     0 retrans
[2024-11-02T17:09:11.687861-0600]    35.3125 MB /   0.50 sec =  592.4881 Mbps     0 retrans
[2024-11-02T17:09:12.187809-0600]    36.9375 MB /   0.50 sec =  619.7444 Mbps     0 retrans
[2024-11-02T17:09:12.687953-0600]    27.2500 MB /   0.50 sec =  457.0868 Mbps     0 retrans
[2024-11-02T17:09:13.188292-0600]    19.5000 MB /   0.50 sec =  327.1845 Mbps     0 retrans
[2024-11-02T17:09:13.687812-0600]    30.5000 MB /   0.50 sec =  511.7696 Mbps     0 retrans
[2024-11-02T17:09:14.187848-0600]    27.5000 MB /   0.50 sec =  461.3651 Mbps     0 retrans
[2024-11-02T17:09:14.687865-0600]    27.2500 MB /   0.50 sec =  457.1746 Mbps     0 retrans
[2024-11-02T17:09:15.187833-0600]    23.8750 MB /   0.50 sec =  400.5584 Mbps     0 retrans
[2024-11-02T17:09:15.687907-0600]    29.6250 MB /   0.50 sec =  496.9624 Mbps     0 retrans
[2024-11-02T17:09:16.187853-0600]    37.8750 MB /   0.50 sec =  635.5108 Mbps     0 retrans
[2024-11-02T17:09:16.688016-0600]    16.5625 MB /   0.50 sec =  277.8060 Mbps     0 retrans
[2024-11-02T17:09:17.187997-0600]    27.3125 MB /   0.50 sec =  458.3029 Mbps     0 retrans
[2024-11-02T17:09:17.687875-0600]    27.7500 MB /   0.50 sec =  465.5836 Mbps     0 retrans
[2024-11-02T17:09:18.188045-0600]    18.5625 MB /   0.50 sec =  311.3505 Mbps     0 retrans
[2024-11-02T17:09:18.687868-0600]    10.4375 MB /   0.50 sec =  175.1584 Mbps     0 retrans
[2024-11-02T17:09:19.187821-0600]    25.6875 MB /   0.50 sec =  430.9820 Mbps     0 retrans
[2024-11-02T17:09:19.688154-0600]    21.8125 MB /   0.50 sec =  365.8659 Mbps     0 retrans
[2024-11-02T17:09:20.187881-0600]    28.0000 MB /   0.50 sec =  469.8579 Mbps     0 retrans
[2024-11-02T17:09:20.687842-0600]    31.8750 MB /   0.50 sec =  534.7802 Mbps     0 retrans
[2024-11-02T17:09:21.187891-0600]    31.5625 MB /   0.50 sec =  529.4800 Mbps     0 retrans
[2024-11-02T17:09:21.687924-0600]    30.1875 MB /   0.50 sec =  506.4541 Mbps     0 retrans
[2024-11-02T17:09:22.188931-0600]    31.4375 MB /   0.50 sec =  526.4009 Mbps     0 retrans
[2024-11-02T17:09:22.687869-0600]    35.9375 MB /   0.50 sec =  604.1734 Mbps     0 retrans
[2024-11-02T17:09:23.187807-0600]    32.6875 MB /   0.50 sec =  548.4294 Mbps     0 retrans
[2024-11-02T17:09:23.688018-0600]    32.1250 MB /   0.50 sec =  538.9659 Mbps     0 retrans
[2024-11-02T17:09:24.188600-0600]    26.1250 MB /   0.50 sec =  437.9815 Mbps     0 retrans
[2024-11-02T17:09:24.688024-0600]    19.5625 MB /   0.50 sec =  328.4454 Mbps     0 retrans
[2024-11-02T17:09:25.187792-0600]    21.6250 MB /   0.50 sec =  362.8254 Mbps     0 retrans
[2024-11-02T17:09:25.687858-0600]    25.6875 MB /   0.50 sec =  430.9432 Mbps     0 retrans
[2024-11-02T17:09:26.187987-0600]    22.1250 MB /   0.50 sec =  371.1091 Mbps     0 retrans
[2024-11-02T17:09:26.687834-0600]    21.6250 MB /   0.50 sec =  362.8922 Mbps     0 retrans
[2024-11-02T17:09:27.187836-0600]    23.7500 MB /   0.50 sec =  398.4493 Mbps     0 retrans
[2024-11-02T17:09:27.687827-0600]    24.6875 MB /   0.50 sec =  414.2008 Mbps     0 retrans
[2024-11-02T17:09:28.188039-0600]    13.0625 MB /   0.50 sec =  219.1178 Mbps     0 retrans
[2024-11-02T17:09:28.687847-0600]    19.3125 MB /   0.50 sec =  324.0618 Mbps     0 retrans
[2024-11-02T17:09:29.187840-0600]    24.4375 MB /   0.50 sec =  409.9867 Mbps     0 retrans
[2024-11-02T17:09:29.687919-0600]    26.1875 MB /   0.50 sec =  439.2980 Mbps     0 retrans
[2024-11-02T17:09:30.187910-0600]    28.2500 MB /   0.50 sec =  473.9658 Mbps     0 retrans
[2024-11-02T17:09:30.687838-0600]    29.6250 MB /   0.50 sec =  497.0767 Mbps     0 retrans
[2024-11-02T17:09:31.187864-0600]    27.6250 MB /   0.50 sec =  463.4595 Mbps     0 retrans
[2024-11-02T17:09:31.687840-0600]    23.5625 MB /   0.50 sec =  395.3250 Mbps     0 retrans
[2024-11-02T17:09:32.187866-0600]    33.2500 MB /   0.50 sec =  557.8279 Mbps     0 retrans
[2024-11-02T17:09:32.687875-0600]    31.2500 MB /   0.50 sec =  524.2838 Mbps     0 retrans
[2024-11-02T17:09:33.187898-0600]    17.8125 MB /   0.50 sec =  298.8047 Mbps     0 retrans
[2024-11-02T17:09:33.687818-0600]    23.6875 MB /   0.50 sec =  397.4763 Mbps     0 retrans
[2024-11-02T17:09:34.187945-0600]    27.5625 MB /   0.50 sec =  462.3499 Mbps     0 retrans
[2024-11-02T17:09:34.687836-0600]    32.8750 MB /   0.50 sec =  551.6370 Mbps     0 retrans
[2024-11-02T17:09:35.187841-0600]    30.4375 MB /   0.50 sec =  510.6534 Mbps     0 retrans
[2024-11-02T17:09:35.687844-0600]    33.5625 MB /   0.50 sec =  563.0831 Mbps     0 retrans
[2024-11-02T17:09:36.187804-0600]    33.1875 MB /   0.50 sec =  556.8083 Mbps     0 retrans
[2024-11-02T17:09:36.688032-0600]    32.7500 MB /   0.50 sec =  549.4428 Mbps     0 retrans
[2024-11-02T17:09:37.187866-0600]    21.5000 MB /   0.50 sec =  360.6993 Mbps     0 retrans
[2024-11-02T17:09:37.687998-0600]    10.8125 MB /   0.50 sec =  181.3652 Mbps     0 retrans
[2024-11-02T17:09:38.187925-0600]    24.6875 MB /   0.50 sec =  414.2182 Mbps     0 retrans
[2024-11-02T17:09:38.687855-0600]    19.7500 MB /   0.50 sec =  331.4004 Mbps     0 retrans
[2024-11-02T17:09:39.187954-0600]    19.0625 MB /   0.50 sec =  319.8234 Mbps     0 retrans
[2024-11-02T17:09:39.687850-0600]    17.4375 MB /   0.50 sec =  292.5504 Mbps     0 retrans
[2024-11-02T17:09:40.187751-0600]    18.7500 MB /   0.50 sec =  314.5835 Mbps     0 retrans
[2024-11-02T17:09:40.689267-0600]     9.8750 MB /   0.50 sec =  165.2223 Mbps     0 retrans
[2024-11-02T17:09:41.187849-0600]    17.3125 MB /   0.50 sec =  291.2419 Mbps     0 retrans
[2024-11-02T17:09:41.687885-0600]    24.8125 MB /   0.50 sec =  416.2480 Mbps     0 retrans
[2024-11-02T17:09:42.189000-0600]    17.2500 MB /   0.50 sec =  288.7942 Mbps     0 retrans
[2024-11-02T17:09:42.687886-0600]    19.5625 MB /   0.50 sec =  328.8963 Mbps     0 retrans
[2024-11-02T17:09:43.187867-0600]    10.6875 MB /   0.50 sec =  179.3076 Mbps     0 retrans
[2024-11-02T17:09:43.688075-0600]    21.1875 MB /   0.50 sec =  355.3784 Mbps     0 retrans
[2024-11-02T17:09:44.187827-0600]    23.1875 MB /   0.50 sec =  389.1680 Mbps     0 retrans
[2024-11-02T17:09:44.688002-0600]    25.0000 MB /   0.50 sec =  419.4161 Mbps     0 retrans
[2024-11-02T17:09:45.187825-0600]    24.5625 MB /   0.50 sec =  412.0986 Mbps     0 retrans
[2024-11-02T17:09:45.688003-0600]    23.8125 MB /   0.50 sec =  399.5322 Mbps     0 retrans
[2024-11-02T17:09:46.187842-0600]    25.9375 MB /   0.50 sec =  435.1286 Mbps     0 retrans
[2024-11-02T17:09:46.687854-0600]    26.6875 MB /   0.50 sec =  447.7384 Mbps     0 retrans
[2024-11-02T17:09:47.187850-0600]    27.8750 MB /   0.50 sec =  467.6649 Mbps     0 retrans
[2024-11-02T17:09:47.688843-0600]    29.1250 MB /   0.50 sec =  487.6728 Mbps     0 retrans
[2024-11-02T17:09:48.187843-0600]    33.3125 MB /   0.50 sec =  560.0088 Mbps     0 retrans
[2024-11-02T17:09:48.687949-0600]    14.5000 MB /   0.50 sec =  243.2293 Mbps     0 retrans
[2024-11-02T17:09:49.187953-0600]    39.5000 MB /   0.50 sec =  662.8021 Mbps     0 retrans
[2024-11-02T17:09:49.687965-0600]    22.7500 MB /   0.50 sec =  381.6252 Mbps     0 retrans
[2024-11-02T17:09:50.187744-0600]    28.1875 MB /   0.50 sec =  473.0090 Mbps     0 retrans
[2024-11-02T17:09:50.687845-0600]    22.6875 MB /   0.50 sec =  380.6133 Mbps     0 retrans
[2024-11-02T17:09:51.187959-0600]    26.6875 MB /   0.50 sec =  447.5844 Mbps     0 retrans
[2024-11-02T17:09:51.687861-0600]     9.6250 MB /   0.50 sec =  161.5250 Mbps     0 retrans
[2024-11-02T17:09:52.188303-0600]    19.8125 MB /   0.50 sec =  332.4152 Mbps     0 retrans
[2024-11-02T17:09:52.687853-0600]    16.1875 MB /   0.50 sec =  271.5834 Mbps     0 retrans
[2024-11-02T17:09:53.187829-0600]    17.1875 MB /   0.50 sec =  288.3624 Mbps     0 retrans
[2024-11-02T17:09:53.687857-0600]    15.0000 MB /   0.50 sec =  251.6512 Mbps     0 retrans
[2024-11-02T17:09:54.187783-0600]    23.6875 MB /   0.50 sec =  397.4373 Mbps     0 retrans
[2024-11-02T17:09:54.688023-0600]    22.6250 MB /   0.50 sec =  379.5450 Mbps     0 retrans
[2024-11-02T17:09:55.188169-0600]    28.5000 MB /   0.50 sec =  478.1918 Mbps     0 retrans
[2024-11-02T17:09:55.687912-0600]    24.7500 MB /   0.50 sec =  415.2261 Mbps     0 retrans
[2024-11-02T17:09:56.188108-0600]    17.5000 MB /   0.50 sec =  293.5772 Mbps     0 retrans
[2024-11-02T17:09:56.687725-0600]    31.6250 MB /   0.50 sec =  530.6633 Mbps     0 retrans
[2024-11-02T17:09:57.187807-0600]    28.3750 MB /   0.50 sec =  476.0211 Mbps     0 retrans
[2024-11-02T17:09:57.687848-0600]    31.8750 MB /   0.50 sec =  534.7727 Mbps     0 retrans
[2024-11-02T17:09:58.187839-0600]    32.5000 MB /   0.50 sec =  545.2606 Mbps     0 retrans
[2024-11-02T17:09:58.687846-0600]    35.5000 MB /   0.50 sec =  595.5888 Mbps     0 retrans
[2024-11-02T17:09:59.187869-0600]    34.7500 MB /   0.50 sec =  582.9966 Mbps     0 retrans
[2024-11-02T17:09:59.689308-0600]    29.4375 MB /   0.50 sec =  492.8965 Mbps     0 retrans
[2024-11-02T17:10:00.188039-0600]    30.7500 MB /   0.50 sec =  516.9571 Mbps     0 retrans
[2024-11-02T17:10:00.687872-0600]    29.0000 MB /   0.50 sec =  486.5091 Mbps     0 retrans
[2024-11-02T17:10:01.188123-0600]    27.3750 MB /   0.50 sec =  459.3149 Mbps     0 retrans
[2024-11-02T17:10:01.688311-0600]    31.2500 MB /   0.50 sec =  523.8155 Mbps     0 retrans
[2024-11-02T17:10:02.187831-0600]     8.1250 MB /   0.50 sec =  136.4314 Mbps     0 retrans
[2024-11-02T17:10:02.687825-0600]    16.0625 MB /   0.50 sec =  269.4862 Mbps     0 retrans
[2024-11-02T17:10:03.187836-0600]    21.6875 MB /   0.50 sec =  363.8464 Mbps     0 retrans
[2024-11-02T17:10:03.688178-0600]    23.5000 MB /   0.50 sec =  394.2701 Mbps     0 retrans
[2024-11-02T17:10:04.187783-0600]    23.7500 MB /   0.50 sec =  398.4724 Mbps     0 retrans
[2024-11-02T17:10:04.687839-0600]    28.6875 MB /   0.50 sec =  481.2723 Mbps     0 retrans
[2024-11-02T17:10:05.187843-0600]    33.8750 MB /   0.50 sec =  568.3339 Mbps     0 retrans
[2024-11-02T17:10:05.687827-0600]    36.6875 MB /   0.50 sec =  615.5203 Mbps     0 retrans
[2024-11-02T17:10:06.187832-0600]    39.6875 MB /   0.50 sec =  665.8524 Mbps     0 retrans
[2024-11-02T17:10:06.687798-0600]    40.9375 MB /   0.50 sec =  686.8132 Mbps     0 retrans
[2024-11-02T17:10:07.187961-0600]    28.1250 MB /   0.50 sec =  471.7875 Mbps     0 retrans
[2024-11-02T17:10:07.687923-0600]    35.3125 MB /   0.50 sec =  592.5319 Mbps     0 retrans
[2024-11-02T17:10:08.188092-0600]    42.5625 MB /   0.50 sec =  714.1045 Mbps     0 retrans
[2024-11-02T17:10:08.688128-0600]    37.8750 MB /   0.50 sec =  635.2833 Mbps     0 retrans
[2024-11-02T17:10:09.188339-0600]    45.6875 MB /   0.50 sec =  766.6547 Mbps     0 retrans
[2024-11-02T17:10:09.687851-0600]    29.5000 MB /   0.50 sec =  494.9368 Mbps     0 retrans
[2024-11-02T17:10:10.187787-0600]    41.6875 MB /   0.50 sec =  699.4184 Mbps     0 retrans
[2024-11-02T17:10:10.687869-0600]    35.8125 MB /   0.50 sec =  600.8112 Mbps     0 retrans
[2024-11-02T17:10:11.188013-0600]    44.0625 MB /   0.50 sec =  739.2402 Mbps     0 retrans
[2024-11-02T17:10:11.688314-0600]    39.5000 MB /   0.50 sec =  662.1213 Mbps     0 retrans
[2024-11-02T17:10:12.187822-0600]    38.5625 MB /   0.50 sec =  647.5477 Mbps     0 retrans
[2024-11-02T17:10:12.687839-0600]    29.0000 MB /   0.50 sec =  486.5383 Mbps     0 retrans
[2024-11-02T17:10:13.187942-0600]    34.5000 MB /   0.50 sec =  578.8533 Mbps     0 retrans
[2024-11-02T17:10:13.687914-0600]    23.0000 MB /   0.50 sec =  385.8166 Mbps     0 retrans
[2024-11-02T17:10:14.187894-0600]    14.6250 MB /   0.50 sec =  245.3584 Mbps     0 retrans
[2024-11-02T17:10:14.687992-0600]    26.3750 MB /   0.50 sec =  442.4256 Mbps     0 retrans
[2024-11-02T17:10:15.187834-0600]    32.3750 MB /   0.50 sec =  543.3232 Mbps     0 retrans
[2024-11-02T17:10:15.687845-0600]    36.1875 MB /   0.50 sec =  607.1194 Mbps     0 retrans
[2024-11-02T17:10:16.188276-0600]    35.8750 MB /   0.50 sec =  601.8634 Mbps     0 retrans
[2024-11-02T17:10:16.687835-0600]    35.6250 MB /   0.50 sec =  597.7110 Mbps     0 retrans
[2024-11-02T17:10:17.187940-0600]    28.6250 MB /   0.50 sec =  480.1979 Mbps     0 retrans
[2024-11-02T17:10:17.688104-0600]    37.6250 MB /   0.50 sec =  631.3097 Mbps     0 retrans
[2024-11-02T17:10:18.188304-0600]    39.1875 MB /   0.50 sec =  657.4401 Mbps     0 retrans
[2024-11-02T17:10:18.687974-0600]    33.5000 MB /   0.50 sec =  562.0581 Mbps     0 retrans
[2024-11-02T17:10:19.187820-0600]    34.7500 MB /   0.50 sec =  583.0024 Mbps     0 retrans
[2024-11-02T17:10:19.687842-0600]    31.1250 MB /   0.50 sec =  522.1888 Mbps     0 retrans
[2024-11-02T17:10:20.188598-0600]    39.1250 MB /   0.50 sec =  656.3141 Mbps     0 retrans
[2024-11-02T17:10:20.687863-0600]    36.2500 MB /   0.50 sec =  608.2422 Mbps     0 retrans
[2024-11-02T17:10:21.187927-0600]    24.6250 MB /   0.50 sec =  413.1175 Mbps     0 retrans
[2024-11-02T17:10:21.687850-0600]    21.5625 MB /   0.50 sec =  361.7761 Mbps     0 retrans
[2024-11-02T17:10:22.187861-0600]    30.9375 MB /   0.50 sec =  519.0347 Mbps     0 retrans
[2024-11-02T17:10:22.688263-0600]    21.6875 MB /   0.50 sec =  363.8151 Mbps     0 retrans
[2024-11-02T17:10:23.188183-0600]    28.0625 MB /   0.50 sec =  470.6798 Mbps     0 retrans
[2024-11-02T17:10:23.688241-0600]    31.8125 MB /   0.50 sec =  533.5470 Mbps     0 retrans
[2024-11-02T17:10:24.187847-0600]    25.0000 MB /   0.50 sec =  419.7595 Mbps     0 retrans
[2024-11-02T17:10:24.687867-0600]    30.6250 MB /   0.50 sec =  513.7920 Mbps     0 retrans
[2024-11-02T17:10:25.187839-0600]    26.0625 MB /   0.50 sec =  437.2649 Mbps     0 retrans
[2024-11-02T17:10:25.687870-0600]    30.7500 MB /   0.50 sec =  515.8860 Mbps     0 retrans
[2024-11-02T17:10:26.188072-0600]    33.6875 MB /   0.50 sec =  565.2243 Mbps     0 retrans
[2024-11-02T17:10:26.687866-0600]    33.4375 MB /   0.50 sec =  560.9455 Mbps     0 retrans
[2024-11-02T17:10:27.188160-0600]    39.4375 MB /   0.50 sec =  661.6806 Mbps     0 retrans
[2024-11-02T17:10:27.688043-0600]    41.1250 MB /   0.50 sec =  689.9740 Mbps     0 retrans
[2024-11-02T17:10:28.187876-0600]    36.0000 MB /   0.50 sec =  603.9411 Mbps     0 retrans
[2024-11-02T17:10:28.687832-0600]    25.6875 MB /   0.50 sec =  430.9751 Mbps     0 retrans
[2024-11-02T17:10:29.187874-0600]    31.8750 MB /   0.50 sec =  534.7321 Mbps     0 retrans
[2024-11-02T17:10:29.687844-0600]    16.8125 MB /   0.50 sec =  282.0873 Mbps     0 retrans
[2024-11-02T17:10:30.187812-0600]    24.2500 MB /   0.50 sec =  406.8548 Mbps     0 retrans
[2024-11-02T17:10:30.687842-0600]    25.9375 MB /   0.50 sec =  435.1486 Mbps     0 retrans
[2024-11-02T17:10:31.187848-0600]    27.5625 MB /   0.50 sec =  462.4174 Mbps     0 retrans
[2024-11-02T17:10:31.687978-0600]    26.0000 MB /   0.50 sec =  436.2155 Mbps     0 retrans
[2024-11-02T17:10:32.187838-0600]    23.1250 MB /   0.50 sec =  387.9817 Mbps     0 retrans
[2024-11-02T17:10:32.687831-0600]    33.1875 MB /   0.50 sec =  556.7872 Mbps     0 retrans
[2024-11-02T17:10:33.187918-0600]    27.0000 MB /   0.50 sec =  452.9069 Mbps     0 retrans
[2024-11-02T17:10:33.687860-0600]    25.1875 MB /   0.50 sec =  422.6378 Mbps     0 retrans
[2024-11-02T17:10:34.188056-0600]    25.9375 MB /   0.50 sec =  435.1399 Mbps     0 retrans
[2024-11-02T17:10:34.687851-0600]    12.3750 MB /   0.50 sec =  207.6293 Mbps     0 retrans
[2024-11-02T17:10:35.187792-0600]    29.3125 MB /   0.50 sec =  491.8097 Mbps     0 retrans
[2024-11-02T17:10:35.687839-0600]    33.5625 MB /   0.50 sec =  563.0617 Mbps     0 retrans
[2024-11-02T17:10:36.187995-0600]    35.1875 MB /   0.50 sec =  590.1748 Mbps     0 retrans
[2024-11-02T17:10:36.687843-0600]    33.6875 MB /   0.50 sec =  565.3442 Mbps     0 retrans
[2024-11-02T17:10:37.187778-0600]    37.1875 MB /   0.50 sec =  623.9402 Mbps     0 retrans
[2024-11-02T17:10:37.687841-0600]    35.3125 MB /   0.50 sec =  592.4099 Mbps     0 retrans
[2024-11-02T17:10:38.187842-0600]    42.0625 MB /   0.50 sec =  705.6916 Mbps     0 retrans
[2024-11-02T17:10:38.688250-0600]    42.6250 MB /   0.50 sec =  714.8443 Mbps     0 retrans
[2024-11-02T17:10:39.188350-0600]    39.6250 MB /   0.50 sec =  664.4716 Mbps     0 retrans
[2024-11-02T17:10:39.687824-0600]    35.0625 MB /   0.50 sec =  588.7858 Mbps     0 retrans
[2024-11-02T17:10:40.187856-0600]    45.1875 MB /   0.50 sec =  758.1493 Mbps     0 retrans
[2024-11-02T17:10:40.687885-0600]    44.7500 MB /   0.50 sec =  750.7038 Mbps     0 retrans
[2024-11-02T17:10:41.187940-0600]    36.5000 MB /   0.50 sec =  612.3121 Mbps     0 retrans
[2024-11-02T17:10:41.687843-0600]    26.3125 MB /   0.50 sec =  441.5150 Mbps     0 retrans
[2024-11-02T17:10:42.187847-0600]    30.4375 MB /   0.50 sec =  510.6514 Mbps     0 retrans
[2024-11-02T17:10:42.687882-0600]    42.5625 MB /   0.50 sec =  714.0703 Mbps     0 retrans
[2024-11-02T17:10:43.187966-0600]    43.8750 MB /   0.50 sec =  736.1077 Mbps     0 retrans
[2024-11-02T17:10:43.687868-0600]    35.7500 MB /   0.50 sec =  599.7735 Mbps     0 retrans
[2024-11-02T17:10:44.187774-0600]    22.6875 MB /   0.50 sec =  380.6529 Mbps     0 retrans
[2024-11-02T17:10:44.688336-0600]    40.9375 MB /   0.50 sec =  686.1216 Mbps     0 retrans
[2024-11-02T17:10:45.187867-0600]    36.3750 MB /   0.50 sec =  610.8564 Mbps     0 retrans
[2024-11-02T17:10:45.687839-0600]    25.1875 MB /   0.50 sec =  422.5939 Mbps     0 retrans
[2024-11-02T17:10:46.187948-0600]    33.7500 MB /   0.50 sec =  566.2684 Mbps     0 retrans
[2024-11-02T17:10:46.687846-0600]    37.0000 MB /   0.50 sec =  620.7036 Mbps     0 retrans
[2024-11-02T17:10:47.187830-0600]    39.6250 MB /   0.50 sec =  664.8185 Mbps     0 retrans
[2024-11-02T17:10:47.688033-0600]    38.1250 MB /   0.50 sec =  639.5955 Mbps     0 retrans
[2024-11-02T17:10:48.187853-0600]    36.2500 MB /   0.50 sec =  608.1862 Mbps     0 retrans
[2024-11-02T17:10:48.687855-0600]    31.8125 MB /   0.50 sec =  533.7284 Mbps     0 retrans
[2024-11-02T17:10:49.188318-0600]    42.3750 MB /   0.50 sec =  710.9402 Mbps     0 retrans
[2024-11-02T17:10:49.687999-0600]    36.6250 MB /   0.50 sec =  614.5024 Mbps     0 retrans
[2024-11-02T17:10:50.187789-0600]    42.1875 MB /   0.50 sec =  707.7732 Mbps     0 retrans
[2024-11-02T17:10:50.687833-0600]    46.0000 MB /   0.50 sec =  771.7319 Mbps     0 retrans
[2024-11-02T17:10:51.188200-0600]    41.1250 MB /   0.50 sec =  689.9092 Mbps     0 retrans
[2024-11-02T17:10:51.688045-0600]    29.6250 MB /   0.50 sec =  496.8938 Mbps     0 retrans
[2024-11-02T17:10:52.187972-0600]    23.9375 MB /   0.50 sec =  401.6600 Mbps     0 retrans
[2024-11-02T17:10:52.687861-0600]    43.3125 MB /   0.50 sec =  726.7969 Mbps     0 retrans
[2024-11-02T17:10:53.187925-0600]    38.4375 MB /   0.50 sec =  644.8098 Mbps     0 retrans
[2024-11-02T17:10:53.687914-0600]    29.4375 MB /   0.50 sec =  493.8921 Mbps     0 retrans
[2024-11-02T17:10:54.187833-0600]    31.6875 MB /   0.50 sec =  531.6355 Mbps     0 retrans
[2024-11-02T17:10:54.687967-0600]    23.1875 MB /   0.50 sec =  388.9696 Mbps     0 retrans
[2024-11-02T17:10:55.187841-0600]    27.9375 MB /   0.50 sec =  468.8063 Mbps     0 retrans
[2024-11-02T17:10:55.687839-0600]    26.7500 MB /   0.50 sec =  448.7887 Mbps     0 retrans
[2024-11-02T17:10:56.187836-0600]    38.9375 MB /   0.50 sec =  653.2694 Mbps     0 retrans
[2024-11-02T17:10:56.687845-0600]    42.8125 MB /   0.50 sec =  718.2717 Mbps     0 retrans
[2024-11-02T17:10:57.187806-0600]    44.3125 MB /   0.50 sec =  743.4523 Mbps     0 retrans
End time: 1730589057697
