Start time: 1731011575448
[2024-11-07T15:33:00.536549-0500] traceroute to 54.197.223.49 (54.197.223.49), 30 hops max, 60 byte packets
[2024-11-07T15:33:00.537091-0500]  1  * * *
[2024-11-07T15:33:00.537134-0500]  2  * * *
[2024-11-07T15:33:00.537167-0500]  3  * * *
[2024-11-07T15:33:00.545012-0500]  4  * * *
[2024-11-07T15:33:00.545103-0500]  5  * * *
[2024-11-07T15:33:05.544498-0500]  6  * * *
[2024-11-07T15:33:05.545075-0500]  7  * * *
[2024-11-07T15:33:05.561473-0500]  8  * * *
[2024-11-07T15:33:05.561763-0500]  9  * * *
[2024-11-07T15:33:05.561896-0500] 10  * * *
[2024-11-07T15:33:10.552935-0500] 11  * * *
[2024-11-07T15:33:10.555829-0500] 12  * * *
[2024-11-07T15:33:10.562028-0500] 13  * * *
[2024-11-07T15:33:10.566208-0500] 14  * * *
[2024-11-07T15:33:10.568033-0500] 15  * * *
[2024-11-07T15:33:15.560632-0500] 16  * * *
[2024-11-07T15:33:15.561028-0500] 17  * * *
[2024-11-07T15:33:15.571596-0500] 18  * * *
[2024-11-07T15:33:15.571811-0500] 19  * * *
[2024-11-07T15:33:15.571935-0500] 20  * * *
[2024-11-07T15:33:15.572045-0500] 21  * * *
[2024-11-07T15:33:20.569934-0500] 22  * * *
[2024-11-07T15:33:20.574276-0500] 23  * * *
[2024-11-07T15:33:20.577583-0500] 24  * * *
[2024-11-07T15:33:20.582140-0500] 25  * * *
[2024-11-07T15:33:20.583310-0500] 26  * * *
[2024-11-07T15:33:25.524880-0500] 27  * *End time: 1731011605589
