Start time: 1730571572049
[2024-11-02T11:19:33.049764-0700] nuttcp-r: v8.1.4: socket
[2024-11-02T11:19:33.050394-0700] nuttcp-r: buflen=65536, nstream=1, port=5145 tcp
[2024-11-02T11:19:33.050430-0700] nuttcp-r: interval reporting every 0.50 seconds
[2024-11-02T11:19:33.050457-0700] nuttcp-r: connect to 54.176.53.206 with RTT=55.551 ms af=inet
[2024-11-02T11:19:33.050484-0700] nuttcp-r: send window size = 2097152, receive window size = 6291456
[2024-11-02T11:19:33.050509-0700] nuttcp-r: available send window = 1572864, available receive window = 4718592
[2024-11-02T11:19:33.050534-0700]     2.4375 MB /   0.50 sec =   40.8929 Mbps     0 retrans
[2024-11-02T11:19:33.550340-0700]    12.0625 MB /   0.50 sec =  202.1673 Mbps     0 retrans
[2024-11-02T11:19:34.049781-0700]    15.1250 MB /   0.50 sec =  254.0165 Mbps     0 retrans
[2024-11-02T11:19:34.550832-0700]    17.5625 MB /   0.50 sec =  294.4073 Mbps     0 retrans
[2024-11-02T11:19:35.049719-0700]    16.4375 MB /   0.50 sec =  276.0134 Mbps     0 retrans
[2024-11-02T11:19:35.549895-0700]    17.0625 MB /   0.50 sec =  286.2069 Mbps     0 retrans
[2024-11-02T11:19:36.049824-0700]    16.3125 MB /   0.50 sec =  273.7134 Mbps     0 retrans
[2024-11-02T11:19:36.549948-0700]    15.2500 MB /   0.50 sec =  255.7886 Mbps     0 retrans
[2024-11-02T11:19:37.049821-0700]    13.2500 MB /   0.50 sec =  222.3515 Mbps     0 retrans
[2024-11-02T11:19:37.549873-0700]    16.5000 MB /   0.50 sec =  276.8163 Mbps     0 retrans
[2024-11-02T11:19:38.050265-0700]    15.3125 MB /   0.50 sec =  256.9032 Mbps     0 retrans
[2024-11-02T11:19:38.550004-0700]    11.6875 MB /   0.50 sec =  196.0441 Mbps     0 retrans
[2024-11-02T11:19:39.049779-0700]    11.0625 MB /   0.50 sec =  185.6436 Mbps     0 retrans
[2024-11-02T11:19:39.550201-0700]    10.5625 MB /   0.50 sec =  177.0772 Mbps     0 retrans
[2024-11-02T11:19:40.050285-0700]    10.1250 MB /   0.50 sec =  169.9897 Mbps     0 retrans
[2024-11-02T11:19:40.550301-0700]    10.4375 MB /   0.50 sec =  174.9603 Mbps     0 retrans
[2024-11-02T11:19:41.050113-0700]     9.0000 MB /   0.50 sec =  151.1288 Mbps     0 retrans
[2024-11-02T11:19:41.550341-0700]     8.3125 MB /   0.50 sec =  139.3252 Mbps     0 retrans
[2024-11-02T11:19:42.049864-0700]     9.6875 MB /   0.50 sec =  162.6627 Mbps     0 retrans
[2024-11-02T11:19:42.550968-0700]     5.6250 MB /   0.50 sec =   94.1765 Mbps     0 retrans
[2024-11-02T11:19:43.049824-0700]     6.0000 MB /   0.50 sec =  100.8848 Mbps     0 retrans
[2024-11-02T11:19:43.549952-0700]     9.7500 MB /   0.50 sec =  163.5851 Mbps     0 retrans
[2024-11-02T11:19:44.049937-0700]    10.0625 MB /   0.50 sec =  168.8302 Mbps     0 retrans
[2024-11-02T11:19:44.549846-0700]    10.4375 MB /   0.50 sec =  175.0978 Mbps     0 retrans
[2024-11-02T11:19:45.049879-0700]     8.9375 MB /   0.50 sec =  149.9314 Mbps     0 retrans
[2024-11-02T11:19:45.549822-0700]     9.3750 MB /   0.50 sec =  157.3037 Mbps     0 retrans
[2024-11-02T11:19:46.049938-0700]     8.5000 MB /   0.50 sec =  142.5713 Mbps     0 retrans
[2024-11-02T11:19:46.549863-0700]    10.9375 MB /   0.50 sec =  183.5228 Mbps     0 retrans
[2024-11-02T11:19:47.050084-0700]     9.5625 MB /   0.50 sec =  160.4562 Mbps     0 retrans
[2024-11-02T11:19:47.550284-0700]    10.3750 MB /   0.50 sec =  173.9130 Mbps     0 retrans
[2024-11-02T11:19:48.049817-0700]     9.3750 MB /   0.50 sec =  157.4212 Mbps     0 retrans
[2024-11-02T11:19:48.549802-0700]     7.3750 MB /   0.50 sec =  123.7312 Mbps     0 retrans
[2024-11-02T11:19:49.049901-0700]     6.8750 MB /   0.50 sec =  115.3244 Mbps     0 retrans
[2024-11-02T11:19:49.549953-0700]     6.5000 MB /   0.50 sec =  109.0438 Mbps     0 retrans
[2024-11-02T11:19:50.049918-0700]     5.5000 MB /   0.50 sec =   92.2996 Mbps     0 retrans
[2024-11-02T11:19:50.549862-0700]     5.6875 MB /   0.50 sec =   95.4166 Mbps     0 retrans
[2024-11-02T11:19:51.049818-0700]     4.8125 MB /   0.50 sec =   80.7410 Mbps     0 retrans
[2024-11-02T11:19:51.549836-0700]     6.0000 MB /   0.50 sec =  100.6615 Mbps     0 retrans
[2024-11-02T11:19:52.049905-0700]     5.2500 MB /   0.50 sec =   88.0725 Mbps     0 retrans
[2024-11-02T11:19:52.550315-0700]     4.5000 MB /   0.50 sec =   75.4392 Mbps     0 retrans
[2024-11-02T11:19:53.050052-0700]     5.0625 MB /   0.50 sec =   85.0122 Mbps     0 retrans
[2024-11-02T11:19:53.549873-0700]     7.6250 MB /   0.50 sec =  127.9145 Mbps     0 retrans
[2024-11-02T11:19:54.049852-0700]     9.5000 MB /   0.50 sec =  159.3906 Mbps     0 retrans
[2024-11-02T11:19:54.550235-0700]    12.1875 MB /   0.50 sec =  204.3064 Mbps     0 retrans
[2024-11-02T11:19:55.050115-0700]     9.9375 MB /   0.50 sec =  166.8534 Mbps     0 retrans
[2024-11-02T11:19:55.549882-0700]    13.7500 MB /   0.50 sec =  230.6959 Mbps     0 retrans
[2024-11-02T11:19:56.049999-0700]    15.7500 MB /   0.50 sec =  264.2570 Mbps     0 retrans
[2024-11-02T11:19:56.549834-0700]    18.5625 MB /   0.50 sec =  311.4047 Mbps     0 retrans
[2024-11-02T11:19:57.049941-0700]    19.3750 MB /   0.50 sec =  324.9520 Mbps     0 retrans
[2024-11-02T11:19:57.551308-0700]    14.1875 MB /   0.50 sec =  237.4270 Mbps     0 retrans
[2024-11-02T11:19:58.049985-0700]    17.0625 MB /   0.50 sec =  287.0846 Mbps     0 retrans
[2024-11-02T11:19:58.549912-0700]    20.1250 MB /   0.50 sec =  337.5949 Mbps     0 retrans
[2024-11-02T11:19:59.049898-0700]    18.4375 MB /   0.50 sec =  309.3287 Mbps     0 retrans
[2024-11-02T11:19:59.550234-0700]    21.1250 MB /   0.50 sec =  354.3237 Mbps     0 retrans
[2024-11-02T11:20:00.050372-0700]    24.2500 MB /   0.50 sec =  406.6027 Mbps     0 retrans
[2024-11-02T11:20:00.550277-0700]    32.1250 MB /   0.50 sec =  539.0478 Mbps     0 retrans
[2024-11-02T11:20:01.050233-0700]    36.1250 MB /   0.50 sec =  606.5901 Mbps     0 retrans
[2024-11-02T11:20:01.550322-0700]    39.6875 MB /   0.50 sec =  665.2803 Mbps     0 retrans
[2024-11-02T11:20:02.050410-0700]    33.7500 MB /   0.50 sec =  566.2888 Mbps     0 retrans
[2024-11-02T11:20:02.550267-0700]    33.8125 MB /   0.50 sec =  567.2467 Mbps     0 retrans
[2024-11-02T11:20:03.050482-0700]    36.9375 MB /   0.50 sec =  619.7592 Mbps     0 retrans
[2024-11-02T11:20:03.550309-0700]    37.7500 MB /   0.50 sec =  633.1993 Mbps     0 retrans
[2024-11-02T11:20:04.049786-0700]    35.3125 MB /   0.50 sec =  593.0539 Mbps     0 retrans
[2024-11-02T11:20:04.549869-0700]    35.6875 MB /   0.50 sec =  598.6818 Mbps     0 retrans
[2024-11-02T11:20:05.049831-0700]    34.3750 MB /   0.50 sec =  576.7214 Mbps     0 retrans
[2024-11-02T11:20:05.549837-0700]    35.4375 MB /   0.50 sec =  594.5557 Mbps     0 retrans
[2024-11-02T11:20:06.049835-0700]    37.3125 MB /   0.50 sec =  625.9949 Mbps     0 retrans
[2024-11-02T11:20:06.549838-0700]    39.5625 MB /   0.50 sec =  663.7446 Mbps     0 retrans
[2024-11-02T11:20:07.050157-0700]    42.6875 MB /   0.50 sec =  716.1230 Mbps     0 retrans
[2024-11-02T11:20:07.550315-0700]    44.0000 MB /   0.50 sec =  737.6222 Mbps     0 retrans
[2024-11-02T11:20:08.049790-0700]    42.7500 MB /   0.50 sec =  717.8505 Mbps     0 retrans
[2024-11-02T11:20:08.550376-0700]    45.6875 MB /   0.50 sec =  765.7326 Mbps     0 retrans
[2024-11-02T11:20:09.050166-0700]    48.5000 MB /   0.50 sec =  814.5062 Mbps     0 retrans
[2024-11-02T11:20:09.549747-0700]    49.6250 MB /   0.50 sec =  832.6276 Mbps     0 retrans
[2024-11-02T11:20:10.050207-0700]    52.5625 MB /   0.50 sec =  881.7872 Mbps     0 retrans
[2024-11-02T11:20:10.551313-0700]    28.1875 MB /   0.50 sec =  471.5704 Mbps     0 retrans
[2024-11-02T11:20:11.050329-0700]    45.2500 MB /   0.50 sec =  761.3312 Mbps     0 retrans
[2024-11-02T11:20:11.550351-0700]    58.7500 MB /   0.50 sec =  984.7909 Mbps     0 retrans
[2024-11-02T11:20:12.049927-0700]    62.3125 MB /   0.50 sec = 1046.2233 Mbps     0 retrans
[2024-11-02T11:20:12.550407-0700]    54.6250 MB /   0.50 sec =  915.6625 Mbps     0 retrans
[2024-11-02T11:20:13.050342-0700]    55.1875 MB /   0.50 sec =  925.9759 Mbps     0 retrans
[2024-11-02T11:20:13.551644-0700]    35.9375 MB /   0.50 sec =  601.7770 Mbps     0 retrans
[2024-11-02T11:20:14.050080-0700]    29.2500 MB /   0.50 sec =  491.8994 Mbps     0 retrans
[2024-11-02T11:20:14.550271-0700]    51.0000 MB /   0.50 sec =  856.0352 Mbps     0 retrans
[2024-11-02T11:20:15.049942-0700]    56.5625 MB /   0.50 sec =  949.0220 Mbps     0 retrans
[2024-11-02T11:20:15.550467-0700]    59.5000 MB /   0.50 sec =  997.3567 Mbps     0 retrans
[2024-11-02T11:20:16.050345-0700]    62.2500 MB /   0.50 sec = 1044.2606 Mbps     0 retrans
[2024-11-02T11:20:16.549943-0700]    61.5625 MB /   0.50 sec = 1033.6474 Mbps     0 retrans
[2024-11-02T11:20:17.049963-0700]    62.6875 MB /   0.50 sec = 1051.7175 Mbps     0 retrans
[2024-11-02T11:20:17.550402-0700]    62.9375 MB /   0.50 sec = 1055.0467 Mbps     0 retrans
[2024-11-02T11:20:18.049900-0700]    66.1875 MB /   0.50 sec = 1111.4089 Mbps     0 retrans
[2024-11-02T11:20:18.549907-0700]    65.3750 MB /   0.50 sec = 1096.8171 Mbps     0 retrans
[2024-11-02T11:20:19.049941-0700]    63.1250 MB /   0.50 sec = 1059.0130 Mbps     0 retrans
[2024-11-02T11:20:19.549937-0700]    59.5000 MB /   0.50 sec =  998.2523 Mbps     0 retrans
[2024-11-02T11:20:20.050342-0700]    59.8750 MB /   0.50 sec = 1003.7629 Mbps     0 retrans
[2024-11-02T11:20:20.552443-0700]    60.8125 MB /   0.50 sec = 1016.4548 Mbps     0 retrans
[2024-11-02T11:20:21.050090-0700]    54.8750 MB /   0.50 sec =  924.4529 Mbps     0 retrans
[2024-11-02T11:20:21.550008-0700]    53.6875 MB /   0.50 sec =  901.0349 Mbps     0 retrans
[2024-11-02T11:20:22.050065-0700]    57.0000 MB /   0.50 sec =  956.3683 Mbps     0 retrans
[2024-11-02T11:20:22.549949-0700]    56.6875 MB /   0.50 sec =  951.0508 Mbps     0 retrans
[2024-11-02T11:20:23.049958-0700]    62.1875 MB /   0.50 sec = 1043.3686 Mbps     0 retrans
[2024-11-02T11:20:23.550431-0700]    67.7500 MB /   0.50 sec = 1135.6162 Mbps     0 retrans
[2024-11-02T11:20:24.049984-0700]    66.1250 MB /   0.50 sec = 1110.3261 Mbps     0 retrans
[2024-11-02T11:20:24.550410-0700]    60.6250 MB /   0.50 sec = 1016.2854 Mbps     0 retrans
[2024-11-02T11:20:25.049770-0700]    27.2500 MB /   0.50 sec =  457.6624 Mbps     0 retrans
[2024-11-02T11:20:25.550420-0700]    43.1875 MB /   0.50 sec =  723.8277 Mbps     0 retrans
[2024-11-02T11:20:26.050334-0700]    49.0625 MB /   0.50 sec =  823.8703 Mbps     0 retrans
[2024-11-02T11:20:26.550369-0700]    43.0000 MB /   0.50 sec =  720.7990 Mbps     0 retrans
[2024-11-02T11:20:27.050104-0700]    43.1875 MB /   0.50 sec =  725.1244 Mbps     0 retrans
[2024-11-02T11:20:27.550014-0700]    32.8750 MB /   0.50 sec =  551.4892 Mbps     0 retrans
[2024-11-02T11:20:28.050267-0700]    44.1875 MB /   0.50 sec =  740.9668 Mbps     0 retrans
[2024-11-02T11:20:28.550311-0700]    52.7500 MB /   0.50 sec =  884.9309 Mbps     0 retrans
[2024-11-02T11:20:29.050355-0700]    54.6250 MB /   0.50 sec =  916.7121 Mbps     0 retrans
[2024-11-02T11:20:29.549959-0700]    49.7500 MB /   0.50 sec =  835.0205 Mbps     0 retrans
[2024-11-02T11:20:30.050085-0700]    53.2500 MB /   0.50 sec =  893.4761 Mbps     0 retrans
[2024-11-02T11:20:30.550393-0700]    55.7500 MB /   0.50 sec =  935.4009 Mbps     0 retrans
[2024-11-02T11:20:31.050069-0700]    54.1250 MB /   0.50 sec =  908.1104 Mbps     0 retrans
[2024-11-02T11:20:31.552403-0700]    46.4375 MB /   0.50 sec =  775.4489 Mbps     0 retrans
[2024-11-02T11:20:32.050303-0700]    45.3125 MB /   0.50 sec =  763.1083 Mbps     0 retrans
[2024-11-02T11:20:32.549983-0700]    45.6250 MB /   0.50 sec =  765.9614 Mbps     0 retrans
[2024-11-02T11:20:33.050084-0700]    46.1875 MB /   0.50 sec =  775.0279 Mbps     0 retrans
[2024-11-02T11:20:33.550365-0700]    42.3750 MB /   0.50 sec =  710.2711 Mbps     0 retrans
[2024-11-02T11:20:34.049807-0700]    24.6875 MB /   0.50 sec =  414.6079 Mbps     0 retrans
[2024-11-02T11:20:34.550339-0700]    21.8750 MB /   0.50 sec =  366.6503 Mbps     0 retrans
[2024-11-02T11:20:35.050061-0700]    22.9375 MB /   0.50 sec =  385.1956 Mbps     0 retrans
[2024-11-02T11:20:35.549848-0700]    10.1250 MB /   0.50 sec =  169.8625 Mbps     0 retrans
[2024-11-02T11:20:36.049799-0700]    16.6250 MB /   0.50 sec =  278.9257 Mbps     0 retrans
[2024-11-02T11:20:36.549846-0700]    25.7500 MB /   0.50 sec =  431.9995 Mbps     0 retrans
[2024-11-02T11:20:37.049821-0700]    30.5625 MB /   0.50 sec =  512.7403 Mbps     0 retrans
[2024-11-02T11:20:37.549907-0700]    36.7500 MB /   0.50 sec =  616.5528 Mbps     0 retrans
[2024-11-02T11:20:38.050306-0700]    47.8125 MB /   0.50 sec =  801.4794 Mbps     0 retrans
[2024-11-02T11:20:38.550160-0700]    53.7500 MB /   0.50 sec =  901.9864 Mbps     0 retrans
[2024-11-02T11:20:39.050032-0700]    58.8750 MB /   0.50 sec =  987.9463 Mbps     0 retrans
[2024-11-02T11:20:39.550464-0700]    57.0625 MB /   0.50 sec =  957.1202 Mbps     0 retrans
[2024-11-02T11:20:40.049779-0700]    48.8750 MB /   0.50 sec =  820.6002 Mbps     0 retrans
[2024-11-02T11:20:40.550625-0700]    51.4375 MB /   0.50 sec =  862.3416 Mbps     0 retrans
[2024-11-02T11:20:41.049952-0700]    43.5000 MB /   0.50 sec =  730.1784 Mbps     0 retrans
[2024-11-02T11:20:41.549987-0700]    47.1875 MB /   0.50 sec =  791.8855 Mbps     0 retrans
[2024-11-02T11:20:42.049847-0700]    48.8750 MB /   0.50 sec =  819.9454 Mbps     0 retrans
[2024-11-02T11:20:42.549838-0700]    44.0000 MB /   0.50 sec =  738.1886 Mbps     0 retrans
[2024-11-02T11:20:43.050071-0700]    36.0625 MB /   0.50 sec =  605.0465 Mbps     0 retrans
[2024-11-02T11:20:43.550325-0700]    33.8750 MB /   0.50 sec =  568.2384 Mbps     0 retrans
[2024-11-02T11:20:44.050158-0700]    33.6875 MB /   0.50 sec =  565.2650 Mbps     0 retrans
[2024-11-02T11:20:44.550127-0700]    37.1250 MB /   0.50 sec =  622.7645 Mbps     0 retrans
[2024-11-02T11:20:45.049757-0700]    33.8750 MB /   0.50 sec =  568.4169 Mbps     0 retrans
[2024-11-02T11:20:45.550197-0700]    25.7500 MB /   0.50 sec =  431.6852 Mbps     0 retrans
[2024-11-02T11:20:46.050041-0700]    21.7500 MB /   0.50 sec =  364.9950 Mbps     0 retrans
[2024-11-02T11:20:46.550252-0700]    32.6875 MB /   0.50 sec =  548.2243 Mbps     0 retrans
[2024-11-02T11:20:47.050059-0700]    26.8125 MB /   0.50 sec =  450.2317 Mbps     0 retrans
[2024-11-02T11:20:47.549812-0700]    25.4375 MB /   0.50 sec =  426.7534 Mbps     0 retrans
[2024-11-02T11:20:48.049826-0700]    28.3750 MB /   0.50 sec =  476.0497 Mbps     0 retrans
[2024-11-02T11:20:48.549845-0700]    33.2500 MB /   0.50 sec =  557.8313 Mbps     0 retrans
[2024-11-02T11:20:49.049787-0700]    20.6250 MB /   0.50 sec =  346.0425 Mbps     0 retrans
[2024-11-02T11:20:49.549881-0700]    22.6875 MB /   0.50 sec =  380.6080 Mbps     0 retrans
[2024-11-02T11:20:50.049774-0700]    15.1250 MB /   0.50 sec =  253.7762 Mbps     0 retrans
[2024-11-02T11:20:50.550265-0700]    13.8125 MB /   0.50 sec =  231.7126 Mbps     0 retrans
[2024-11-02T11:20:51.049995-0700]    22.9375 MB /   0.50 sec =  384.8497 Mbps     0 retrans
[2024-11-02T11:20:51.549771-0700]    23.1250 MB /   0.50 sec =  387.9801 Mbps     0 retrans
[2024-11-02T11:20:52.049814-0700]    21.8750 MB /   0.50 sec =  366.9891 Mbps     0 retrans
[2024-11-02T11:20:52.549877-0700]    20.1250 MB /   0.50 sec =  337.6111 Mbps     0 retrans
[2024-11-02T11:20:53.049815-0700]    23.3750 MB /   0.50 sec =  392.2153 Mbps     0 retrans
[2024-11-02T11:20:53.549821-0700]    22.3750 MB /   0.50 sec =  375.3804 Mbps     0 retrans
[2024-11-02T11:20:54.049765-0700]    11.1250 MB /   0.50 sec =  186.6480 Mbps     0 retrans
[2024-11-02T11:20:54.550598-0700]    10.6250 MB /   0.50 sec =  178.0012 Mbps     0 retrans
[2024-11-02T11:20:55.050319-0700]    13.1250 MB /   0.50 sec =  220.2913 Mbps     0 retrans
[2024-11-02T11:20:55.550262-0700]    17.4375 MB /   0.50 sec =  292.6200 Mbps     0 retrans
[2024-11-02T11:20:56.049907-0700]     6.1875 MB /   0.50 sec =  103.8973 Mbps     0 retrans
[2024-11-02T11:20:56.549835-0700]    17.9375 MB /   0.50 sec =  300.9287 Mbps     0 retrans
[2024-11-02T11:20:57.049723-0700]    21.8125 MB /   0.50 sec =  365.9684 Mbps     0 retrans
[2024-11-02T11:20:57.550276-0700]    18.9375 MB /   0.50 sec =  317.4309 Mbps     0 retrans
[2024-11-02T11:20:58.050284-0700]    19.0625 MB /   0.50 sec =  320.0781 Mbps     0 retrans
[2024-11-02T11:20:58.550262-0700]    19.3750 MB /   0.50 sec =  324.8247 Mbps     0 retrans
[2024-11-02T11:20:59.049985-0700]    16.5000 MB /   0.50 sec =  277.0557 Mbps     0 retrans
[2024-11-02T11:20:59.551055-0700]    11.4375 MB /   0.50 sec =  191.4304 Mbps     0 retrans
[2024-11-02T11:21:00.050322-0700]     7.3125 MB /   0.50 sec =  122.9384 Mbps     0 retrans
[2024-11-02T11:21:00.550151-0700]    11.3125 MB /   0.50 sec =  189.7877 Mbps     0 retrans
[2024-11-02T11:21:01.049867-0700]     5.8125 MB /   0.50 sec =   97.5295 Mbps     0 retrans
[2024-11-02T11:21:01.551279-0700]     8.2500 MB /   0.50 sec =  138.0468 Mbps     0 retrans
[2024-11-02T11:21:02.049772-0700]     7.3750 MB /   0.50 sec =  124.0844 Mbps     0 retrans
[2024-11-02T11:21:02.549796-0700]     7.5000 MB /   0.50 sec =  125.8241 Mbps     0 retrans
[2024-11-02T11:21:03.049937-0700]     6.2500 MB /   0.50 sec =  104.8582 Mbps     0 retrans
[2024-11-02T11:21:03.550354-0700]     9.4375 MB /   0.50 sec =  158.1961 Mbps     0 retrans
[2024-11-02T11:21:04.049833-0700]    12.6875 MB /   0.50 sec =  213.0416 Mbps     0 retrans
[2024-11-02T11:21:04.550198-0700]    15.0000 MB /   0.50 sec =  251.4802 Mbps     0 retrans
[2024-11-02T11:21:05.050078-0700]    17.6250 MB /   0.50 sec =  295.9162 Mbps     0 retrans
[2024-11-02T11:21:05.550236-0700]    18.6875 MB /   0.50 sec =  313.2717 Mbps     0 retrans
[2024-11-02T11:21:06.049764-0700]    18.3125 MB /   0.50 sec =  307.4917 Mbps     0 retrans
[2024-11-02T11:21:06.550030-0700]     8.2500 MB /   0.50 sec =  138.4046 Mbps     0 retrans
[2024-11-02T11:21:07.050161-0700]    20.1875 MB /   0.50 sec =  338.6494 Mbps     0 retrans
[2024-11-02T11:21:07.550286-0700]    21.0000 MB /   0.50 sec =  352.0688 Mbps     0 retrans
[2024-11-02T11:21:08.050221-0700]    27.3750 MB /   0.50 sec =  459.6504 Mbps     0 retrans
[2024-11-02T11:21:08.550227-0700]    27.0625 MB /   0.50 sec =  453.6777 Mbps     0 retrans
[2024-11-02T11:21:09.049828-0700]    27.6875 MB /   0.50 sec =  464.9004 Mbps     0 retrans
[2024-11-02T11:21:09.549863-0700]    22.1250 MB /   0.50 sec =  371.1818 Mbps     0 retrans
[2024-11-02T11:21:10.049867-0700]    19.0625 MB /   0.50 sec =  319.7939 Mbps     0 retrans
[2024-11-02T11:21:10.550952-0700]    11.3125 MB /   0.50 sec =  189.3991 Mbps     0 retrans
[2024-11-02T11:21:11.049867-0700]    14.0625 MB /   0.50 sec =  236.4147 Mbps     0 retrans
[2024-11-02T11:21:11.550035-0700]     5.6250 MB /   0.50 sec =   94.3490 Mbps     0 retrans
[2024-11-02T11:21:12.050316-0700]    13.1875 MB /   0.50 sec =  221.3150 Mbps     0 retrans
[2024-11-02T11:21:12.549869-0700]    22.0000 MB /   0.50 sec =  369.1039 Mbps     0 retrans
[2024-11-02T11:21:13.049804-0700]    24.0625 MB /   0.50 sec =  403.7244 Mbps     0 retrans
[2024-11-02T11:21:13.550144-0700]    27.8125 MB /   0.50 sec =  466.4307 Mbps     0 retrans
[2024-11-02T11:21:14.050230-0700]    32.6875 MB /   0.50 sec =  548.1915 Mbps     0 retrans
[2024-11-02T11:21:14.550005-0700]    34.8750 MB /   0.50 sec =  585.5118 Mbps     0 retrans
[2024-11-02T11:21:15.050068-0700]    38.9375 MB /   0.50 sec =  653.3412 Mbps     0 retrans
[2024-11-02T11:21:15.550039-0700]    46.8125 MB /   0.50 sec =  785.3991 Mbps     0 retrans
[2024-11-02T11:21:16.050047-0700]    47.4375 MB /   0.50 sec =  795.8803 Mbps     0 retrans
[2024-11-02T11:21:16.550976-0700]    33.1250 MB /   0.50 sec =  554.5098 Mbps     0 retrans
[2024-11-02T11:21:17.049830-0700]    38.3125 MB /   0.50 sec =  644.1607 Mbps     0 retrans
[2024-11-02T11:21:17.549720-0700]    46.5000 MB /   0.50 sec =  780.1967 Mbps     0 retrans
[2024-11-02T11:21:18.050218-0700]    51.9375 MB /   0.50 sec =  871.3597 Mbps     0 retrans
[2024-11-02T11:21:18.549826-0700]    53.5625 MB /   0.50 sec =  898.6009 Mbps     0 retrans
[2024-11-02T11:21:19.049769-0700]    52.1875 MB /   0.50 sec =  875.5890 Mbps     0 retrans
[2024-11-02T11:21:19.550003-0700]    56.8125 MB /   0.50 sec =  953.0755 Mbps     0 retrans
[2024-11-02T11:21:20.049822-0700]    55.8125 MB /   0.50 sec =  936.4196 Mbps     0 retrans
[2024-11-02T11:21:20.549845-0700]    55.8125 MB /   0.50 sec =  936.3840 Mbps     0 retrans
[2024-11-02T11:21:21.049818-0700]    56.2500 MB /   0.50 sec =  943.7297 Mbps     0 retrans
[2024-11-02T11:21:21.549829-0700]    57.8750 MB /   0.50 sec =  970.9658 Mbps     0 retrans
[2024-11-02T11:21:22.050103-0700]    56.4375 MB /   0.50 sec =  946.8906 Mbps     0 retrans
[2024-11-02T11:21:22.549842-0700]    57.5625 MB /   0.50 sec =  965.7115 Mbps     0 retrans
[2024-11-02T11:21:23.049850-0700]    55.6250 MB /   0.50 sec =  933.1878 Mbps     0 retrans
[2024-11-02T11:21:23.549785-0700]    58.1250 MB /   0.50 sec =  975.2517 Mbps     0 retrans
[2024-11-02T11:21:24.049864-0700]    58.8750 MB /   0.50 sec =  987.7151 Mbps     0 retrans
[2024-11-02T11:21:24.550337-0700]    59.8125 MB /   0.50 sec = 1003.4792 Mbps     0 retrans
[2024-11-02T11:21:25.050002-0700]    57.6250 MB /   0.50 sec =  966.8006 Mbps     0 retrans
[2024-11-02T11:21:25.549839-0700]    59.7500 MB /   0.50 sec = 1002.4367 Mbps     0 retrans
[2024-11-02T11:21:26.049810-0700]    59.0625 MB /   0.50 sec =  990.9222 Mbps     0 retrans
[2024-11-02T11:21:26.549836-0700]    58.5625 MB /   0.50 sec =  982.5098 Mbps     0 retrans
[2024-11-02T11:21:27.049970-0700]    23.0000 MB /   0.50 sec =  385.8791 Mbps     0 retrans
[2024-11-02T11:21:27.549843-0700]    55.9375 MB /   0.50 sec =  938.4173 Mbps     0 retrans
[2024-11-02T11:21:28.050183-0700]    57.5625 MB /   0.50 sec =  965.8158 Mbps     0 retrans
[2024-11-02T11:21:28.549870-0700]    56.5625 MB /   0.50 sec =  948.9271 Mbps     0 retrans
[2024-11-02T11:21:29.049798-0700]    56.3750 MB /   0.50 sec =  945.8307 Mbps     0 retrans
[2024-11-02T11:21:29.549815-0700]    56.8125 MB /   0.50 sec =  953.1632 Mbps     0 retrans
[2024-11-02T11:21:30.049861-0700]    57.6250 MB /   0.50 sec =  966.7600 Mbps     0 retrans
[2024-11-02T11:21:30.549841-0700]    57.2500 MB /   0.50 sec =  960.4899 Mbps     0 retrans
[2024-11-02T11:21:31.050016-0700]    55.8125 MB /   0.50 sec =  936.3952 Mbps     0 retrans
[2024-11-02T11:21:31.550376-0700]    57.0000 MB /   0.50 sec =  955.5884 Mbps     0 retrans
[2024-11-02T11:21:32.049818-0700]    59.2500 MB /   0.50 sec =  994.8061 Mbps     0 retrans
[2024-11-02T11:21:32.550283-0700]    62.1875 MB /   0.50 sec = 1043.3081 Mbps     0 retrans
[2024-11-02T11:21:33.049848-0700]    60.1250 MB /   0.50 sec = 1008.7422 Mbps     0 retrans
End time: 1730571693197
