Start time: 1730571909877
[2024-11-02T11:25:14.949991-0700] traceroute to 54.176.53.206 (54.176.53.206), 30 hops max, 60 byte packets
[2024-11-02T11:25:14.950983-0700]  1  * * *
[2024-11-02T11:25:14.951051-0700]  2  * * *
[2024-11-02T11:25:14.951098-0700]  3  * * *
[2024-11-02T11:25:14.951141-0700]  4  * * *
[2024-11-02T11:25:14.951181-0700]  5  * * *
[2024-11-02T11:25:19.957708-0700]  6  * * *
[2024-11-02T11:25:19.957953-0700]  7  * * *
[2024-11-02T11:25:19.962795-0700]  8  * * *
[2024-11-02T11:25:19.962864-0700]  9  * * *
[2024-11-02T11:25:19.962907-0700] 10  * * *
[2024-11-02T11:25:24.966481-0700] 11  * * *
[2024-11-02T11:25:24.966933-0700] 12  * * *
[2024-11-02T11:25:24.967029-0700] 13  * * *
[2024-11-02T11:25:24.967098-0700] 14  * * *
[2024-11-02T11:25:24.967162-0700] 15  * * *
[2024-11-02T11:25:29.972661-0700] 16  * * *
[2024-11-02T11:25:29.972916-0700] 17  * * *
[2024-11-02T11:25:29.975665-0700] 18  * * *
[2024-11-02T11:25:29.977480-0700] 19  * * *
[2024-11-02T11:25:29.980314-0700] 20  * * *
[2024-11-02T11:25:29.981591-0700] 21  * * *
[2024-11-02T11:25:34.980725-0700] 22  * * *
[2024-11-02T11:25:34.981027-0700] 23  * * *
[2024-11-02T11:25:34.981093-0700] 24  * * *
[2024-11-02T11:25:34.981139-0700] 25  * * *
[2024-11-02T11:25:34.987807-0700] 26  * * *
[2024-11-02T11:25:39.936681-0700] 27  * *End time: 1730571939996
