Start time: 1731109597913
[2024-11-08T18:46:42.992968-0500] traceroute to 54.197.223.49 (54.197.223.49), 30 hops max, 60 byte packets
[2024-11-08T18:46:42.993679-0500]  1  * * *
[2024-11-08T18:46:42.993719-0500]  2  * * *
[2024-11-08T18:46:42.993746-0500]  3  * * *
[2024-11-08T18:46:42.993772-0500]  4  * * *
[2024-11-08T18:46:43.000997-0500]  5  * * *
[2024-11-08T18:46:48.001010-0500]  6  * * *
[2024-11-08T18:46:48.001500-0500]  7  * * *
[2024-11-08T18:46:48.001644-0500]  8  * * *
[2024-11-08T18:46:48.001759-0500]  9  * * *
[2024-11-08T18:46:48.022191-0500] 10  * * *
[2024-11-08T18:46:53.009956-0500] 11  * * *
[2024-11-08T18:46:53.014627-0500] 12  * * *
[2024-11-08T18:46:53.018720-0500] 13  * * *
[2024-11-08T18:46:53.022113-0500] 14  * * *
[2024-11-08T18:46:53.023679-0500] 15  * * *
[2024-11-08T18:46:58.017688-0500] 16  * * *
[2024-11-08T18:46:58.018173-0500] 17  * * *
[2024-11-08T18:46:58.026512-0500] 18  * * *
[2024-11-08T18:46:58.026708-0500] 19  * * *
[2024-11-08T18:46:58.026801-0500] 20  * * *
[2024-11-08T18:46:58.026884-0500] 21  * * *
[2024-11-08T18:47:03.025722-0500] 22  * * *
[2024-11-08T18:47:03.028628-0500] 23  * * *
[2024-11-08T18:47:03.032237-0500] 24  * * *
[2024-11-08T18:47:03.035360-0500] 25  * * *
[2024-11-08T18:47:03.037517-0500] 26  * * *
[2024-11-08T18:47:07.982352-0500] 27  * *End time: 1731109628044
