Start time: 1745262810105
Connecting to host 34.86.116.81, port 5207
Reverse mode, remote host 34.86.116.81 is sending
[  5] local 192.0.0.2 port 59386 connected to 34.86.116.81 port 5207
[ ID] Interval           Transfer     Bitrate
[  5]   0.00-0.10   sec  17.3 KBytes  1.42 Mbits/sec                  
[  5]   0.10-0.20   sec  24.0 KBytes  1.97 Mbits/sec                  
[  5]   0.20-0.30   sec  37.3 KBytes  3.05 Mbits/sec                  
[  5]   0.30-0.40   sec   104 KBytes  8.51 Mbits/sec                  
[  5]   0.40-0.50   sec   165 KBytes  13.5 Mbits/sec                  
[  5]   0.50-0.60   sec  50.6 KBytes  4.15 Mbits/sec                  
[  5]   0.60-0.70   sec  0.00 Bytes  0.00 bits/sec                  
[  5]   0.70-0.80   sec  0.00 Bytes  0.00 bits/sec                  
[  5]   0.80-0.90   sec  24.0 KBytes  1.97 Mbits/sec                  
[  5]   0.90-1.00   sec  48.0 KBytes  3.93 Mbits/sec                  
[  5]   1.00-1.10   sec  98.6 KBytes  8.07 Mbits/sec                  
[  5]   1.10-1.20   sec   112 KBytes  9.17 Mbits/sec                  
[  5]   1.20-1.30   sec   208 KBytes  17.0 Mbits/sec                  
[  5]   1.30-1.40   sec  50.6 KBytes  4.15 Mbits/sec                  
[  5]   1.40-1.50   sec   216 KBytes  17.7 Mbits/sec                  
[  5]   1.50-1.60   sec   176 KBytes  14.4 Mbits/sec                  
[  5]   1.60-1.70   sec   197 KBytes  16.2 Mbits/sec                  
[  5]   1.70-1.80   sec  0.00 Bytes  0.00 bits/sec                  
[  5]   1.80-1.90   sec   314 KBytes  25.8 Mbits/sec                  
[  5]   1.90-2.00   sec  0.00 Bytes  0.00 bits/sec                  
[  5]   2.00-2.10   sec  1.33 KBytes   109 Kbits/sec                  
[  5]   2.10-2.20   sec  0.00 Bytes  0.00 bits/sec                  
[  5]   2.20-2.30   sec  0.00 Bytes  0.00 bits/sec                  
[  5]   2.30-2.40   sec  0.00 Bytes  0.00 bits/sec                  
[  5]   2.40-2.50   sec  7.99 KBytes   655 Kbits/sec                  
[  5]   2.50-2.60   sec   446 KBytes  36.6 Mbits/sec                  
[  5]   2.60-2.70   sec   245 KBytes  20.1 Mbits/sec                  
[  5]   2.70-2.80   sec   561 KBytes  45.9 Mbits/sec                  
[  5]   2.80-2.90   sec   661 KBytes  54.1 Mbits/sec                  
[  5]   2.90-3.00   sec   361 KBytes  29.5 Mbits/sec                  
[  5]   3.00-3.10   sec   417 KBytes  34.2 Mbits/sec                  
[  5]   3.10-3.20   sec   705 KBytes  57.7 Mbits/sec                  
[  5]   3.20-3.30   sec   461 KBytes  37.8 Mbits/sec                  
[  5]   3.30-3.40   sec   594 KBytes  48.7 Mbits/sec                  
[  5]   3.40-3.50   sec   627 KBytes  51.4 Mbits/sec                  
[  5]   3.50-3.60   sec   538 KBytes  44.1 Mbits/sec                  
[  5]   3.60-3.70   sec   715 KBytes  58.6 Mbits/sec                  
[  5]   3.70-3.80   sec   504 KBytes  41.1 Mbits/sec                  
[  5]   3.80-3.90   sec  66.6 KBytes  5.48 Mbits/sec                  
[  5]   3.90-4.00   sec  1.08 MBytes  90.8 Mbits/sec                  
[  5]   4.00-4.10   sec  45.3 KBytes  3.71 Mbits/sec                  
[  5]   4.10-4.20   sec  1.04 MBytes  87.1 Mbits/sec                  
[  5]   4.20-4.30   sec   217 KBytes  17.8 Mbits/sec                  
[  5]   4.30-4.40   sec  14.7 KBytes  1.20 Mbits/sec                  
[  5]   4.40-4.50   sec  1.24 MBytes   104 Mbits/sec                  
[  5]   4.50-4.60   sec   357 KBytes  29.3 Mbits/sec                  
[  5]   4.60-4.70   sec   538 KBytes  44.1 Mbits/sec                  
[  5]   4.70-4.80   sec   943 KBytes  77.2 Mbits/sec                  
[  5]   4.80-4.90   sec   316 KBytes  25.9 Mbits/sec                  
[  5]   4.90-5.00   sec   582 KBytes  47.7 Mbits/sec                  
- - - - - - - - - - - - - - - - - - - - - - - - -
[ ID] Interval           Transfer     Bitrate         Retr
[  5]   0.00-5.35   sec   291 MBytes   457 Mbits/sec  149             sender
[  5]   0.00-5.00   sec  14.8 MBytes  24.9 Mbits/sec                  receiver

iperf Done.
End time: 1745262817812
