Start time: 1745177174050
Connecting to host 34.86.116.81, port 5209
Reverse mode, remote host 34.86.116.81 is sending
[  5] local 192.0.0.2 port 54664 connected to 34.86.116.81 port 5209
[ ID] Interval           Transfer     Bitrate
[  5]   0.00-0.10   sec  55.9 KBytes  4.58 Mbits/sec                  
[  5]   0.10-0.20   sec   240 KBytes  19.6 Mbits/sec                  
[  5]   0.20-0.30   sec   743 KBytes  60.8 Mbits/sec                  
[  5]   0.30-0.40   sec  1.78 MBytes   149 Mbits/sec                  
[  5]   0.40-0.50   sec  1.88 MBytes   158 Mbits/sec                  
[  5]   0.50-0.60   sec  1.98 MBytes   166 Mbits/sec                  
[  5]   0.60-0.70   sec  2.29 MBytes   192 Mbits/sec                  
[  5]   0.70-0.80   sec  1.94 MBytes   163 Mbits/sec                  
[  5]   0.80-0.90   sec  1.37 MBytes   115 Mbits/sec                  
[  5]   0.90-1.00   sec  1.28 MBytes   107 Mbits/sec                  
[  5]   1.00-1.10   sec  1.52 MBytes   128 Mbits/sec                  
[  5]   1.10-1.20   sec  1.85 MBytes   156 Mbits/sec                  
[  5]   1.20-1.30   sec  1.46 MBytes   122 Mbits/sec                  
[  5]   1.30-1.40   sec  1.40 MBytes   118 Mbits/sec                  
[  5]   1.40-1.50   sec  1.38 MBytes   116 Mbits/sec                  
[  5]   1.50-1.60   sec  1.29 MBytes   108 Mbits/sec                  
[  5]   1.60-1.70   sec  1.07 MBytes  89.7 Mbits/sec                  
[  5]   1.70-1.80   sec  1.44 MBytes   120 Mbits/sec                  
[  5]   1.80-1.90   sec  1.34 MBytes   113 Mbits/sec                  
[  5]   1.90-2.00   sec  1.14 MBytes  95.6 Mbits/sec                  
[  5]   2.00-2.10   sec  1.50 MBytes   126 Mbits/sec                  
[  5]   2.10-2.20   sec  1.66 MBytes   140 Mbits/sec                  
[  5]   2.20-2.30   sec  1.79 MBytes   150 Mbits/sec                  
[  5]   2.30-2.40   sec  2.01 MBytes   169 Mbits/sec                  
[  5]   2.40-2.50   sec  1.23 MBytes   103 Mbits/sec                  
[  5]   2.50-2.60   sec  1.05 MBytes  88.1 Mbits/sec                  
[  5]   2.60-2.70   sec  1010 KBytes  82.7 Mbits/sec                  
[  5]   2.70-2.80   sec  1.06 MBytes  89.1 Mbits/sec                  
[  5]   2.80-2.90   sec  1.09 MBytes  91.5 Mbits/sec                  
[  5]   2.90-3.00   sec   910 KBytes  74.5 Mbits/sec                  
[  5]   3.00-3.10   sec   619 KBytes  50.7 Mbits/sec                  
[  5]   3.10-3.20   sec  2.35 MBytes   198 Mbits/sec                  
[  5]   3.20-3.30   sec  1.96 MBytes   164 Mbits/sec                  
[  5]   3.30-3.40   sec  1.64 MBytes   138 Mbits/sec                  
[  5]   3.40-3.50   sec  1.32 MBytes   111 Mbits/sec                  
[  5]   3.50-3.60   sec  1.52 MBytes   128 Mbits/sec                  
[  5]   3.60-3.70   sec  1.77 MBytes   149 Mbits/sec                  
[  5]   3.70-3.80   sec  1.69 MBytes   142 Mbits/sec                  
[  5]   3.80-3.90   sec  1.96 MBytes   165 Mbits/sec                  
[  5]   3.90-4.00   sec  1.76 MBytes   147 Mbits/sec                  
[  5]   4.00-4.10   sec  2.41 MBytes   202 Mbits/sec                  
[  5]   4.10-4.20   sec  2.20 MBytes   184 Mbits/sec                  
[  5]   4.20-4.30   sec  2.46 MBytes   206 Mbits/sec                  
[  5]   4.30-4.40   sec  1.97 MBytes   165 Mbits/sec                  
[  5]   4.40-4.50   sec  1.64 MBytes   137 Mbits/sec                  
[  5]   4.50-4.60   sec  1.63 MBytes   137 Mbits/sec                  
[  5]   4.60-4.70   sec  1.71 MBytes   144 Mbits/sec                  
[  5]   4.70-4.80   sec  1.51 MBytes   126 Mbits/sec                  
[  5]   4.80-4.90   sec  1.75 MBytes   147 Mbits/sec                  
[  5]   4.90-5.00   sec  2.05 MBytes   172 Mbits/sec                  
- - - - - - - - - - - - - - - - - - - - - - - - -
[ ID] Interval           Transfer     Bitrate         Retr
[  5]   0.00-5.04   sec   356 MBytes   593 Mbits/sec    0             sender
[  5]   0.00-5.00   sec  76.6 MBytes   129 Mbits/sec                  receiver

iperf Done.
End time: 1745177179668
