Start time: 1730683222989
[2024-11-03T18:20:28.039118-0700] traceroute to 54.176.53.206 (54.176.53.206), 30 hops max, 60 byte packets
[2024-11-03T18:20:28.039811-0700]  1  * * *
[2024-11-03T18:20:28.039864-0700]  2  * * *
[2024-11-03T18:20:28.039903-0700]  3  * * *
[2024-11-03T18:20:28.039938-0700]  4  * * *
[2024-11-03T18:20:28.039972-0700]  5  * * *
[2024-11-03T18:20:33.044909-0700]  6  * * *
[2024-11-03T18:20:33.045236-0700]  7  * * *
[2024-11-03T18:20:33.045297-0700]  8  * * *
[2024-11-03T18:20:33.045342-0700]  9  * * *
[2024-11-03T18:20:33.050650-0700] 10  * * *
[2024-11-03T18:20:38.052173-0700] 11  * * *
[2024-11-03T18:20:38.052470-0700] 12  * * *
[2024-11-03T18:20:38.052557-0700] 13  * * *
[2024-11-03T18:20:38.052627-0700] 14  * * *
[2024-11-03T18:20:38.052695-0700] 15  * * *
[2024-11-03T18:20:43.060086-0700] 16  * * *
[2024-11-03T18:20:43.060281-0700] 17  * * *
[2024-11-03T18:20:43.060321-0700] 18  * * *
[2024-11-03T18:20:43.060348-0700] 19  * * *
[2024-11-03T18:20:43.060374-0700] 20  * * *
[2024-11-03T18:20:43.060399-0700] 21  * * *
[2024-11-03T18:20:48.066430-0700] 22  * * *
[2024-11-03T18:20:48.066670-0700] 23  * * *
[2024-11-03T18:20:48.066732-0700] 24  * * *
[2024-11-03T18:20:48.066782-0700] 25  * * *
[2024-11-03T18:20:48.066828-0700] 26  * * *
[2024-11-03T18:20:53.028067-0700] 27  * *End time: 1730683253103
