Start time: 1731098235561
[2024-11-08T15:37:20.633172-0500] traceroute to 54.197.223.49 (54.197.223.49), 30 hops max, 60 byte packets
[2024-11-08T15:37:20.634078-0500]  1  * * *
[2024-11-08T15:37:20.634139-0500]  2  * * *
[2024-11-08T15:37:20.634183-0500]  3  * * *
[2024-11-08T15:37:20.643113-0500]  4  * * *
[2024-11-08T15:37:20.643179-0500]  5  * * *
[2024-11-08T15:37:25.640923-0500]  6  * * *
[2024-11-08T15:37:25.641378-0500]  7  * * *
[2024-11-08T15:37:25.654225-0500]  8  * * *
[2024-11-08T15:37:25.654298-0500]  9  * * *
[2024-11-08T15:37:25.654343-0500] 10  * * *
[2024-11-08T15:37:30.649851-0500] 11  * * *
[2024-11-08T15:37:30.657713-0500] 12  * * *
[2024-11-08T15:37:30.658082-0500] 13  * * *
[2024-11-08T15:37:30.665247-0500] 14  * * *
[2024-11-08T15:37:30.665367-0500] 15  * * *
[2024-11-08T15:37:35.659433-0500] 16  * * *
[2024-11-08T15:37:35.660040-0500] 17  * * *
[2024-11-08T15:37:35.669868-0500] 18  * * *
[2024-11-08T15:37:35.670320-0500] 19  * * *
[2024-11-08T15:37:35.670477-0500] 20  * * *
[2024-11-08T15:37:35.680184-0500] 21  * * *
[2024-11-08T15:37:40.669506-0500] 22  * * *
[2024-11-08T15:37:40.676233-0500] 23  * * *
[2024-11-08T15:37:40.676553-0500] 24  * * *
[2024-11-08T15:37:40.686840-0500] 25  * * *
[2024-11-08T15:37:40.687086-0500] 26  * * *
[2024-11-08T15:37:45.620919-0500] 27  * *End time: 1731098265681
