Start time: 1730586773414
[2024-11-02T16:32:55.044845-0600] nuttcp-r: v8.1.4: socket
[2024-11-02T16:32:55.045556-0600] nuttcp-r: buflen=65536, nstream=1, port=6110 tcp
[2024-11-02T16:32:55.045609-0600] nuttcp-r: interval reporting every 0.50 seconds
[2024-11-02T16:32:55.045646-0600] nuttcp-r: connect to 54.176.53.206 with RTT=61.608 ms af=inet
[2024-11-02T16:32:55.045682-0600] nuttcp-r: send window size = 2097152, receive window size = 6291456
[2024-11-02T16:32:55.045718-0600] nuttcp-r: available send window = 1572864, available receive window = 4718592
[2024-11-02T16:32:55.045753-0600]     0.8750 MB /   0.50 sec =   14.6754 Mbps     0 retrans
[2024-11-02T16:32:55.545039-0600]    13.0000 MB /   0.50 sec =  218.1509 Mbps     0 retrans
[2024-11-02T16:32:56.045207-0600]    41.5625 MB /   0.50 sec =  697.2807 Mbps     0 retrans
[2024-11-02T16:32:56.545100-0600]    54.5625 MB /   0.50 sec =  915.3867 Mbps     0 retrans
[2024-11-02T16:32:57.045133-0600]    55.8125 MB /   0.50 sec =  936.3522 Mbps     0 retrans
[2024-11-02T16:32:57.545240-0600]    59.3125 MB /   0.50 sec =  995.1245 Mbps     0 retrans
[2024-11-02T16:32:58.045043-0600]    61.5000 MB /   0.50 sec = 1031.8524 Mbps     0 retrans
[2024-11-02T16:32:58.544768-0600]    60.5000 MB /   0.50 sec = 1015.0886 Mbps     0 retrans
[2024-11-02T16:32:59.045092-0600]    62.1875 MB /   0.50 sec = 1043.2413 Mbps     0 retrans
[2024-11-02T16:32:59.544737-0600]    57.1250 MB /   0.50 sec =  958.3793 Mbps     0 retrans
[2024-11-02T16:33:00.044677-0600]    59.4375 MB /   0.50 sec =  997.2137 Mbps     0 retrans
[2024-11-02T16:33:00.545075-0600]    59.0625 MB /   0.50 sec =  990.9023 Mbps     0 retrans
[2024-11-02T16:33:01.045120-0600]    56.8125 MB /   0.50 sec =  953.0908 Mbps     0 retrans
[2024-11-02T16:33:01.544781-0600]    57.0625 MB /   0.50 sec =  957.3231 Mbps     0 retrans
[2024-11-02T16:33:02.045209-0600]    54.4375 MB /   0.50 sec =  912.9719 Mbps     0 retrans
[2024-11-02T16:33:02.544752-0600]    57.9375 MB /   0.50 sec =  972.4442 Mbps     0 retrans
[2024-11-02T16:33:03.044716-0600]    55.9375 MB /   0.50 sec =  938.5037 Mbps     0 retrans
[2024-11-02T16:33:03.544671-0600]    58.1250 MB /   0.50 sec =  975.2108 Mbps     0 retrans
[2024-11-02T16:33:04.044873-0600]    58.0625 MB /   0.50 sec =  973.6812 Mbps     0 retrans
[2024-11-02T16:33:04.545307-0600]    59.9375 MB /   0.50 sec = 1005.0477 Mbps     0 retrans
[2024-11-02T16:33:05.044816-0600]    56.8125 MB /   0.50 sec =  954.0791 Mbps     0 retrans
[2024-11-02T16:33:05.544683-0600]    59.0000 MB /   0.50 sec =  989.8835 Mbps     0 retrans
[2024-11-02T16:33:06.044949-0600]    17.7500 MB /   0.50 sec =  297.6819 Mbps     0 retrans
[2024-11-02T16:33:06.544686-0600]    60.3125 MB /   0.50 sec = 1012.2402 Mbps     0 retrans
[2024-11-02T16:33:07.044712-0600]    62.0000 MB /   0.50 sec = 1040.1812 Mbps     0 retrans
[2024-11-02T16:33:07.544681-0600]    61.8750 MB /   0.50 sec = 1038.1110 Mbps     0 retrans
[2024-11-02T16:33:08.045009-0600]    56.8750 MB /   0.50 sec =  953.9180 Mbps     0 retrans
[2024-11-02T16:33:08.544727-0600]    56.3125 MB /   0.50 sec =  945.0259 Mbps     0 retrans
[2024-11-02T16:33:09.044672-0600]    60.8750 MB /   0.50 sec = 1021.3335 Mbps     0 retrans
[2024-11-02T16:33:09.544682-0600]    55.3125 MB /   0.50 sec =  927.9860 Mbps     0 retrans
[2024-11-02T16:33:10.044760-0600]    56.0625 MB /   0.50 sec =  940.4636 Mbps     0 retrans
[2024-11-02T16:33:10.544733-0600]    55.0625 MB /   0.50 sec =  923.9636 Mbps     0 retrans
[2024-11-02T16:33:11.044845-0600]    52.5625 MB /   0.50 sec =  881.5210 Mbps     0 retrans
[2024-11-02T16:33:11.544658-0600]    51.3125 MB /   0.50 sec =  861.1427 Mbps     0 retrans
[2024-11-02T16:33:12.044663-0600]    52.5000 MB /   0.50 sec =  880.8215 Mbps     0 retrans
[2024-11-02T16:33:12.544695-0600]    54.4375 MB /   0.50 sec =  913.2951 Mbps     0 retrans
[2024-11-02T16:33:13.044672-0600]    62.9375 MB /   0.50 sec = 1055.9287 Mbps     0 retrans
[2024-11-02T16:33:13.545265-0600]    59.6250 MB /   0.50 sec = 1000.3275 Mbps     0 retrans
[2024-11-02T16:33:14.044841-0600]    60.1250 MB /   0.50 sec = 1008.6918 Mbps     0 retrans
[2024-11-02T16:33:14.544709-0600]    62.0000 MB /   0.50 sec = 1040.2040 Mbps     0 retrans
[2024-11-02T16:33:15.044690-0600]    59.8750 MB /   0.50 sec = 1004.5559 Mbps     0 retrans
[2024-11-02T16:33:15.544688-0600]    64.4375 MB /   0.50 sec = 1081.0710 Mbps     0 retrans
[2024-11-02T16:33:16.045749-0600]    44.8125 MB /   0.50 sec =  750.3044 Mbps     0 retrans
[2024-11-02T16:33:16.544772-0600]    29.2500 MB /   0.50 sec =  491.6786 Mbps     0 retrans
[2024-11-02T16:33:17.044674-0600]    61.9375 MB /   0.50 sec = 1039.2843 Mbps     0 retrans
[2024-11-02T16:33:17.544894-0600]    58.7500 MB /   0.50 sec =  985.6338 Mbps     0 retrans
[2024-11-02T16:33:18.044666-0600]    64.0000 MB /   0.50 sec = 1073.7526 Mbps     0 retrans
[2024-11-02T16:33:18.544723-0600]    60.8750 MB /   0.50 sec = 1021.2906 Mbps     0 retrans
[2024-11-02T16:33:19.044733-0600]    59.9375 MB /   0.50 sec = 1005.5261 Mbps     0 retrans
[2024-11-02T16:33:19.544751-0600]    63.9375 MB /   0.50 sec = 1072.7641 Mbps     0 retrans
[2024-11-02T16:33:20.044972-0600]    65.5000 MB /   0.50 sec = 1098.7538 Mbps     0 retrans
[2024-11-02T16:33:20.544762-0600]    60.1875 MB /   0.50 sec = 1010.0090 Mbps     0 retrans
[2024-11-02T16:33:21.044697-0600]    60.9375 MB /   0.50 sec = 1022.2982 Mbps     0 retrans
[2024-11-02T16:33:21.544932-0600]    63.5000 MB /   0.50 sec = 1065.0082 Mbps     0 retrans
[2024-11-02T16:33:22.045147-0600]    59.0000 MB /   0.50 sec =  989.2800 Mbps     0 retrans
[2024-11-02T16:33:22.545100-0600]    61.0000 MB /   0.50 sec = 1023.8504 Mbps     0 retrans
[2024-11-02T16:33:23.045090-0600]    61.8750 MB /   0.50 sec = 1037.7976 Mbps     0 retrans
[2024-11-02T16:33:23.544735-0600]    56.6250 MB /   0.50 sec =  950.6354 Mbps     0 retrans
[2024-11-02T16:33:24.044683-0600]    65.0000 MB /   0.50 sec = 1090.6237 Mbps     0 retrans
[2024-11-02T16:33:24.544655-0600]    58.3125 MB /   0.50 sec =  978.3390 Mbps     0 retrans
[2024-11-02T16:33:25.044782-0600]    64.5000 MB /   0.50 sec = 1081.9335 Mbps     0 retrans
[2024-11-02T16:33:25.545002-0600]    69.1875 MB /   0.50 sec = 1160.9547 Mbps     0 retrans
[2024-11-02T16:33:26.044755-0600]    62.4375 MB /   0.50 sec = 1047.5903 Mbps     0 retrans
[2024-11-02T16:33:26.545164-0600]    71.5625 MB /   0.50 sec = 1200.4443 Mbps     0 retrans
[2024-11-02T16:33:27.045005-0600]    69.0625 MB /   0.50 sec = 1158.7831 Mbps     0 retrans
[2024-11-02T16:33:27.544715-0600]    64.8750 MB /   0.50 sec = 1088.4154 Mbps     0 retrans
[2024-11-02T16:33:28.044702-0600]    65.7500 MB /   0.50 sec = 1103.0953 Mbps     0 retrans
[2024-11-02T16:33:28.544840-0600]    65.9375 MB /   0.50 sec = 1106.2632 Mbps     0 retrans
[2024-11-02T16:33:29.044727-0600]    68.3125 MB /   0.50 sec = 1145.9858 Mbps     0 retrans
[2024-11-02T16:33:29.545852-0600]    62.8750 MB /   0.50 sec = 1052.6422 Mbps     0 retrans
[2024-11-02T16:33:30.044747-0600]    61.4375 MB /   0.50 sec = 1033.0498 Mbps     0 retrans
[2024-11-02T16:33:30.544682-0600]    62.9375 MB /   0.50 sec = 1055.8991 Mbps     0 retrans
[2024-11-02T16:33:31.044690-0600]    63.1875 MB /   0.50 sec = 1060.0997 Mbps     0 retrans
[2024-11-02T16:33:31.544811-0600]    59.7500 MB /   0.50 sec = 1002.5229 Mbps     0 retrans
[2024-11-02T16:33:32.045073-0600]    63.5625 MB /   0.50 sec = 1066.3122 Mbps     0 retrans
[2024-11-02T16:33:32.544690-0600]    58.8125 MB /   0.50 sec =  986.7238 Mbps     0 retrans
[2024-11-02T16:33:33.044689-0600]    62.8125 MB /   0.50 sec = 1053.7894 Mbps     0 retrans
[2024-11-02T16:33:33.544687-0600]    61.6875 MB /   0.50 sec = 1034.9735 Mbps     0 retrans
[2024-11-02T16:33:34.044853-0600]    56.6875 MB /   0.50 sec =  951.0052 Mbps     0 retrans
[2024-11-02T16:33:34.544878-0600]    24.0625 MB /   0.50 sec =  403.5984 Mbps     0 retrans
[2024-11-02T16:33:35.044665-0600]    39.8125 MB /   0.50 sec =  668.1474 Mbps     0 retrans
[2024-11-02T16:33:35.544790-0600]    51.6875 MB /   0.50 sec =  867.1637 Mbps     0 retrans
[2024-11-02T16:33:36.044716-0600]    49.8750 MB /   0.50 sec =  836.7419 Mbps     0 retrans
[2024-11-02T16:33:36.544855-0600]    48.1875 MB /   0.50 sec =  808.4731 Mbps     0 retrans
[2024-11-02T16:33:37.044569-0600]    42.6875 MB /   0.50 sec =  716.2390 Mbps     0 retrans
[2024-11-02T16:33:37.544731-0600]    37.4375 MB /   0.50 sec =  628.0041 Mbps     0 retrans
[2024-11-02T16:33:38.044908-0600]    17.8750 MB /   0.50 sec =  299.9287 Mbps     0 retrans
[2024-11-02T16:33:38.544721-0600]    44.3750 MB /   0.50 sec =  744.4339 Mbps     0 retrans
[2024-11-02T16:33:39.044698-0600]    54.4375 MB /   0.50 sec =  913.3280 Mbps     0 retrans
[2024-11-02T16:33:39.544680-0600]    49.8125 MB /   0.50 sec =  835.7268 Mbps     0 retrans
[2024-11-02T16:33:40.044778-0600]    51.8750 MB /   0.50 sec =  870.1719 Mbps     0 retrans
[2024-11-02T16:33:40.544692-0600]    57.4375 MB /   0.50 sec =  963.7011 Mbps     0 retrans
[2024-11-02T16:33:41.044681-0600]    55.8125 MB /   0.50 sec =  936.4252 Mbps     0 retrans
[2024-11-02T16:33:41.544745-0600]    59.1875 MB /   0.50 sec =  993.1246 Mbps     0 retrans
[2024-11-02T16:33:42.044950-0600]    49.8750 MB /   0.50 sec =  836.4843 Mbps     0 retrans
[2024-11-02T16:33:42.544692-0600]    59.0625 MB /   0.50 sec =  991.1581 Mbps     0 retrans
[2024-11-02T16:33:43.044642-0600]    63.3750 MB /   0.50 sec = 1063.2816 Mbps     0 retrans
[2024-11-02T16:33:43.544612-0600]    69.8125 MB /   0.50 sec = 1171.3133 Mbps     0 retrans
[2024-11-02T16:33:44.044725-0600]    74.0625 MB /   0.50 sec = 1242.4035 Mbps     0 retrans
[2024-11-02T16:33:44.544661-0600]    64.0000 MB /   0.50 sec = 1073.8234 Mbps     0 retrans
[2024-11-02T16:33:45.044692-0600]    24.8750 MB /   0.50 sec =  417.3224 Mbps     0 retrans
[2024-11-02T16:33:45.544699-0600]    64.6875 MB /   0.50 sec = 1085.2545 Mbps     0 retrans
[2024-11-02T16:33:46.044685-0600]    65.5625 MB /   0.50 sec = 1099.9760 Mbps     0 retrans
[2024-11-02T16:33:46.544693-0600]    70.0625 MB /   0.50 sec = 1175.4631 Mbps     0 retrans
[2024-11-02T16:33:47.045735-0600]    65.0000 MB /   0.50 sec = 1088.3098 Mbps     0 retrans
[2024-11-02T16:33:47.544739-0600]    67.1250 MB /   0.50 sec = 1128.4003 Mbps     0 retrans
[2024-11-02T16:33:48.044763-0600]    73.5625 MB /   0.50 sec = 1234.0851 Mbps     0 retrans
[2024-11-02T16:33:48.544665-0600]    66.1875 MB /   0.50 sec = 1110.5908 Mbps     0 retrans
[2024-11-02T16:33:49.044684-0600]    73.4375 MB /   0.50 sec = 1232.0916 Mbps     0 retrans
[2024-11-02T16:33:49.544761-0600]    68.7500 MB /   0.50 sec = 1153.2422 Mbps     0 retrans
[2024-11-02T16:33:50.045489-0600]    65.1250 MB /   0.50 sec = 1091.8279 Mbps     0 retrans
[2024-11-02T16:33:50.545130-0600]    60.3750 MB /   0.50 sec = 1012.9629 Mbps     0 retrans
[2024-11-02T16:33:51.044884-0600]    58.9375 MB /   0.50 sec =  989.6365 Mbps     0 retrans
[2024-11-02T16:33:51.544751-0600]    65.0625 MB /   0.50 sec = 1091.4476 Mbps     0 retrans
[2024-11-02T16:33:52.044720-0600]    56.8125 MB /   0.50 sec =  953.3272 Mbps     0 retrans
[2024-11-02T16:33:52.544650-0600]    62.7500 MB /   0.50 sec = 1052.7135 Mbps     0 retrans
[2024-11-02T16:33:53.044691-0600]    49.8125 MB /   0.50 sec =  835.7000 Mbps     0 retrans
[2024-11-02T16:33:53.545884-0600]    38.6250 MB /   0.50 sec =  646.5433 Mbps     0 retrans
[2024-11-02T16:33:54.044790-0600]    48.5000 MB /   0.50 sec =  815.4237 Mbps     0 retrans
[2024-11-02T16:33:54.544964-0600]    57.3125 MB /   0.50 sec =  961.7346 Mbps     0 retrans
[2024-11-02T16:33:55.044851-0600]    37.8125 MB /   0.50 sec =  634.1868 Mbps     0 retrans
[2024-11-02T16:33:55.545138-0600]    38.8750 MB /   0.50 sec =  651.8857 Mbps     0 retrans
[2024-11-02T16:33:56.045006-0600]    60.6875 MB /   0.50 sec = 1018.4382 Mbps     0 retrans
[2024-11-02T16:33:56.544820-0600]    62.9375 MB /   0.50 sec = 1056.2329 Mbps     0 retrans
[2024-11-02T16:33:57.045173-0600]    61.6875 MB /   0.50 sec = 1034.2309 Mbps     0 retrans
[2024-11-02T16:33:57.544878-0600]    58.0625 MB /   0.50 sec =  974.7626 Mbps     0 retrans
[2024-11-02T16:33:58.044868-0600]    58.5000 MB /   0.50 sec =  981.4357 Mbps     0 retrans
[2024-11-02T16:33:58.544811-0600]    58.5000 MB /   0.50 sec =  981.6222 Mbps     0 retrans
[2024-11-02T16:33:59.044959-0600]    54.0000 MB /   0.50 sec =  905.9135 Mbps     0 retrans
[2024-11-02T16:33:59.544881-0600]    54.5625 MB /   0.50 sec =  915.3629 Mbps     0 retrans
[2024-11-02T16:34:00.044638-0600]    51.1250 MB /   0.50 sec =  857.9376 Mbps     0 retrans
[2024-11-02T16:34:00.545106-0600]    57.1250 MB /   0.50 sec =  958.3812 Mbps     0 retrans
[2024-11-02T16:34:01.045170-0600]    58.3125 MB /   0.50 sec =  977.5257 Mbps     0 retrans
[2024-11-02T16:34:01.545468-0600]    55.7500 MB /   0.50 sec =  935.4196 Mbps     0 retrans
[2024-11-02T16:34:02.044973-0600]    62.6875 MB /   0.50 sec = 1051.9742 Mbps     0 retrans
[2024-11-02T16:34:02.545543-0600]    63.3750 MB /   0.50 sec = 1063.0413 Mbps     0 retrans
[2024-11-02T16:34:03.045014-0600]    65.9375 MB /   0.50 sec = 1106.3495 Mbps     0 retrans
[2024-11-02T16:34:03.544730-0600]    62.6875 MB /   0.50 sec = 1052.3237 Mbps     0 retrans
[2024-11-02T16:34:04.044834-0600]    61.0625 MB /   0.50 sec = 1024.2908 Mbps     0 retrans
[2024-11-02T16:34:04.544780-0600]    61.0625 MB /   0.50 sec = 1024.5571 Mbps     0 retrans
[2024-11-02T16:34:05.045135-0600]    60.9375 MB /   0.50 sec = 1021.6199 Mbps     0 retrans
[2024-11-02T16:34:05.544752-0600]    23.3750 MB /   0.50 sec =  392.4736 Mbps     0 retrans
[2024-11-02T16:34:06.044807-0600]    51.0000 MB /   0.50 sec =  855.5422 Mbps     0 retrans
[2024-11-02T16:34:06.544924-0600]    56.5625 MB /   0.50 sec =  949.1264 Mbps     0 retrans
[2024-11-02T16:34:07.044793-0600]    54.2500 MB /   0.50 sec =  910.0093 Mbps     0 retrans
[2024-11-02T16:34:07.545159-0600]    51.7500 MB /   0.50 sec =  868.3286 Mbps     0 retrans
[2024-11-02T16:34:08.044794-0600]    56.0625 MB /   0.50 sec =  940.4786 Mbps     0 retrans
[2024-11-02T16:34:08.544758-0600]    50.5000 MB /   0.50 sec =  847.3172 Mbps     0 retrans
[2024-11-02T16:34:09.044764-0600]    52.0000 MB /   0.50 sec =  872.4030 Mbps     0 retrans
[2024-11-02T16:34:09.544747-0600]    57.1250 MB /   0.50 sec =  958.3870 Mbps     0 retrans
[2024-11-02T16:34:10.044855-0600]    55.7500 MB /   0.50 sec =  935.1989 Mbps     0 retrans
[2024-11-02T16:34:10.544788-0600]    54.9375 MB /   0.50 sec =  921.7923 Mbps     0 retrans
[2024-11-02T16:34:11.044736-0600]    50.1875 MB /   0.50 sec =  842.1194 Mbps     0 retrans
[2024-11-02T16:34:11.544807-0600]    50.3125 MB /   0.50 sec =  843.9923 Mbps     0 retrans
[2024-11-02T16:34:12.045601-0600]    53.6875 MB /   0.50 sec =  899.2520 Mbps     0 retrans
[2024-11-02T16:34:12.545320-0600]    57.8125 MB /   0.50 sec =  970.7813 Mbps     0 retrans
[2024-11-02T16:34:13.045282-0600]    53.1250 MB /   0.50 sec =  891.0989 Mbps     0 retrans
[2024-11-02T16:34:13.544807-0600]    58.0625 MB /   0.50 sec =  975.0495 Mbps     0 retrans
[2024-11-02T16:34:14.044864-0600]    54.3750 MB /   0.50 sec =  912.1352 Mbps     0 retrans
[2024-11-02T16:34:14.544791-0600]    54.7500 MB /   0.50 sec =  918.7088 Mbps     0 retrans
[2024-11-02T16:34:15.044715-0600]    47.6250 MB /   0.50 sec =  799.0597 Mbps     0 retrans
[2024-11-02T16:34:15.544741-0600]    45.6250 MB /   0.50 sec =  765.4589 Mbps     0 retrans
[2024-11-02T16:34:16.045036-0600]    16.5000 MB /   0.50 sec =  276.8351 Mbps     0 retrans
[2024-11-02T16:34:16.544758-0600]    49.8125 MB /   0.50 sec =  835.6382 Mbps     0 retrans
[2024-11-02T16:34:17.045909-0600]    49.5000 MB /   0.50 sec =  828.8807 Mbps     0 retrans
[2024-11-02T16:34:17.545258-0600]    55.2500 MB /   0.50 sec =  927.8300 Mbps     0 retrans
[2024-11-02T16:34:18.045018-0600]    49.6875 MB /   0.50 sec =  834.0316 Mbps     0 retrans
[2024-11-02T16:34:18.545312-0600]    50.8125 MB /   0.50 sec =  852.0458 Mbps     0 retrans
[2024-11-02T16:34:19.044771-0600]    52.3125 MB /   0.50 sec =  878.5015 Mbps     0 retrans
[2024-11-02T16:34:19.545274-0600]    47.1875 MB /   0.50 sec =  790.9330 Mbps     0 retrans
[2024-11-02T16:34:20.045067-0600]    49.8750 MB /   0.50 sec =  837.0851 Mbps     0 retrans
[2024-11-02T16:34:20.545215-0600]    51.3125 MB /   0.50 sec =  860.6795 Mbps     0 retrans
[2024-11-02T16:34:21.044777-0600]    49.0625 MB /   0.50 sec =  823.9561 Mbps     0 retrans
[2024-11-02T16:34:21.544814-0600]    44.1875 MB /   0.50 sec =  741.1654 Mbps     0 retrans
[2024-11-02T16:34:22.044847-0600]    42.3750 MB /   0.50 sec =  710.8649 Mbps     0 retrans
[2024-11-02T16:34:22.544899-0600]    45.3125 MB /   0.50 sec =  760.2358 Mbps     0 retrans
[2024-11-02T16:34:23.044796-0600]    41.8750 MB /   0.50 sec =  702.6063 Mbps     0 retrans
[2024-11-02T16:34:23.545265-0600]    46.3750 MB /   0.50 sec =  777.3888 Mbps     0 retrans
[2024-11-02T16:34:24.045334-0600]    46.4375 MB /   0.50 sec =  779.1590 Mbps     0 retrans
[2024-11-02T16:34:24.544746-0600]    43.3125 MB /   0.50 sec =  727.2057 Mbps     0 retrans
[2024-11-02T16:34:25.045738-0600]    40.6250 MB /   0.50 sec =  680.3294 Mbps     0 retrans
[2024-11-02T16:34:25.544779-0600]    44.8125 MB /   0.50 sec =  753.2285 Mbps     0 retrans
[2024-11-02T16:34:26.045963-0600]    33.6875 MB /   0.50 sec =  564.1321 Mbps     0 retrans
[2024-11-02T16:34:26.545135-0600]    17.8125 MB /   0.50 sec =  299.2284 Mbps     0 retrans
[2024-11-02T16:34:27.044920-0600]    40.8125 MB /   0.50 sec =  685.0298 Mbps     0 retrans
[2024-11-02T16:34:27.544756-0600]    37.3750 MB /   0.50 sec =  627.1588 Mbps     0 retrans
[2024-11-02T16:34:28.044790-0600]    42.8125 MB /   0.50 sec =  718.2257 Mbps     0 retrans
[2024-11-02T16:34:28.545217-0600]    40.8125 MB /   0.50 sec =  684.4286 Mbps     0 retrans
[2024-11-02T16:34:29.045559-0600]    43.8125 MB /   0.50 sec =  734.2705 Mbps     0 retrans
[2024-11-02T16:34:29.544803-0600]    44.0000 MB /   0.50 sec =  739.2917 Mbps     0 retrans
[2024-11-02T16:34:30.045120-0600]    42.6875 MB /   0.50 sec =  715.7222 Mbps     0 retrans
[2024-11-02T16:34:30.544869-0600]    43.5625 MB /   0.50 sec =  731.2831 Mbps     0 retrans
[2024-11-02T16:34:31.045268-0600]    28.0625 MB /   0.50 sec =  470.4051 Mbps     0 retrans
[2024-11-02T16:34:31.545231-0600]    40.8125 MB /   0.50 sec =  685.4275 Mbps     0 retrans
[2024-11-02T16:34:32.045004-0600]    42.7500 MB /   0.50 sec =  717.2934 Mbps     0 retrans
[2024-11-02T16:34:32.545213-0600]    41.4375 MB /   0.50 sec =  694.5266 Mbps     0 retrans
[2024-11-02T16:34:33.045665-0600]    37.4375 MB /   0.50 sec =  627.4959 Mbps     0 retrans
[2024-11-02T16:34:33.544810-0600]    40.2500 MB /   0.50 sec =  676.4505 Mbps     0 retrans
[2024-11-02T16:34:34.045121-0600]    45.6250 MB /   0.50 sec =  764.9862 Mbps     0 retrans
[2024-11-02T16:34:34.545346-0600]    42.3750 MB /   0.50 sec =  710.8407 Mbps     0 retrans
[2024-11-02T16:34:35.045151-0600]    47.5625 MB /   0.50 sec =  798.0126 Mbps     0 retrans
[2024-11-02T16:34:35.544776-0600]    39.0625 MB /   0.50 sec =  655.8755 Mbps     0 retrans
[2024-11-02T16:34:36.044593-0600]    37.0000 MB /   0.50 sec =  620.8315 Mbps     0 retrans
[2024-11-02T16:34:36.544880-0600]    22.0000 MB /   0.50 sec =  368.9740 Mbps     0 retrans
[2024-11-02T16:34:37.045140-0600]    24.8125 MB /   0.50 sec =  416.0617 Mbps     0 retrans
[2024-11-02T16:34:37.545034-0600]    32.5000 MB /   0.50 sec =  545.3468 Mbps     0 retrans
[2024-11-02T16:34:38.044676-0600]    32.2500 MB /   0.50 sec =  541.4323 Mbps     0 retrans
[2024-11-02T16:34:38.545260-0600]    24.1250 MB /   0.50 sec =  404.3274 Mbps     0 retrans
[2024-11-02T16:34:39.044676-0600]    37.6250 MB /   0.50 sec =  631.9050 Mbps     0 retrans
[2024-11-02T16:34:39.544730-0600]    32.8750 MB /   0.50 sec =  551.5256 Mbps     0 retrans
[2024-11-02T16:34:40.044893-0600]    35.6250 MB /   0.50 sec =  597.7433 Mbps     0 retrans
[2024-11-02T16:34:40.544650-0600]    34.5625 MB /   0.50 sec =  579.8440 Mbps     0 retrans
[2024-11-02T16:34:41.044905-0600]    40.0000 MB /   0.50 sec =  671.1235 Mbps     0 retrans
[2024-11-02T16:34:41.544768-0600]    38.3125 MB /   0.50 sec =  642.7000 Mbps     0 retrans
[2024-11-02T16:34:42.044650-0600]    39.9375 MB /   0.50 sec =  670.0776 Mbps     0 retrans
[2024-11-02T16:34:42.544665-0600]    25.1250 MB /   0.50 sec =  421.5301 Mbps     0 retrans
[2024-11-02T16:34:43.044986-0600]    39.9375 MB /   0.50 sec =  670.0575 Mbps     0 retrans
[2024-11-02T16:34:43.545140-0600]    40.1875 MB /   0.50 sec =  674.1926 Mbps     0 retrans
[2024-11-02T16:34:44.044690-0600]    36.4375 MB /   0.50 sec =  611.3345 Mbps     0 retrans
[2024-11-02T16:34:44.544710-0600]    40.1250 MB /   0.50 sec =  673.1535 Mbps     0 retrans
[2024-11-02T16:34:45.044721-0600]    43.8125 MB /   0.50 sec =  735.0385 Mbps     0 retrans
[2024-11-02T16:34:45.544935-0600]    40.6875 MB /   0.50 sec =  682.6448 Mbps     0 retrans
[2024-11-02T16:34:46.044680-0600]    22.2500 MB /   0.50 sec =  373.3207 Mbps     0 retrans
[2024-11-02T16:34:46.544720-0600]    28.1250 MB /   0.50 sec =  471.7847 Mbps     0 retrans
[2024-11-02T16:34:47.044692-0600]    18.3125 MB /   0.50 sec =  307.2696 Mbps     0 retrans
[2024-11-02T16:34:47.544690-0600]    29.6875 MB /   0.50 sec =  498.0676 Mbps     0 retrans
[2024-11-02T16:34:48.044692-0600]    34.5000 MB /   0.50 sec =  578.8024 Mbps     0 retrans
[2024-11-02T16:34:48.544705-0600]    34.8125 MB /   0.50 sec =  584.0545 Mbps     0 retrans
[2024-11-02T16:34:49.044700-0600]    31.5625 MB /   0.50 sec =  529.5468 Mbps     0 retrans
[2024-11-02T16:34:49.544673-0600]    33.8750 MB /   0.50 sec =  568.3327 Mbps     0 retrans
[2024-11-02T16:34:50.044902-0600]    35.5625 MB /   0.50 sec =  596.4262 Mbps     0 retrans
[2024-11-02T16:34:50.544736-0600]    33.0625 MB /   0.50 sec =  554.8288 Mbps     0 retrans
[2024-11-02T16:34:51.044687-0600]    25.1875 MB /   0.50 sec =  422.6252 Mbps     0 retrans
[2024-11-02T16:34:51.544701-0600]    23.3750 MB /   0.50 sec =  392.1564 Mbps     0 retrans
[2024-11-02T16:34:52.044785-0600]    26.8750 MB /   0.50 sec =  450.8020 Mbps     0 retrans
[2024-11-02T16:34:52.544742-0600]    27.9375 MB /   0.50 sec =  468.7557 Mbps     0 retrans
[2024-11-02T16:34:53.044743-0600]    25.6250 MB /   0.50 sec =  429.9187 Mbps     0 retrans
[2024-11-02T16:34:53.544809-0600]    21.5625 MB /   0.50 sec =  361.7233 Mbps     0 retrans
[2024-11-02T16:34:54.044751-0600]    25.6875 MB /   0.50 sec =  431.0880 Mbps     0 retrans
End time: 1730586894517
