Start time: 1730587111303
[2024-11-02T16:38:36.386710-0600] traceroute to 54.176.53.206 (54.176.53.206), 30 hops max, 60 byte packets
[2024-11-02T16:38:36.387401-0600]  1  * * *
[2024-11-02T16:38:36.387502-0600]  2  * * *
[2024-11-02T16:38:36.387607-0600]  3  * * *
[2024-11-02T16:38:36.387710-0600]  4  * * *
[2024-11-02T16:38:36.387735-0600]  5  * * *
[2024-11-02T16:38:41.395204-0600]  6  * * *
[2024-11-02T16:38:41.395627-0600]  7  * * *
[2024-11-02T16:38:41.395750-0600]  8  * * *
[2024-11-02T16:38:41.395790-0600]  9  * * *
[2024-11-02T16:38:41.395826-0600] 10  * * *
[2024-11-02T16:38:46.404556-0600] 11  * * *
[2024-11-02T16:38:46.405031-0600] 12  * * *
[2024-11-02T16:38:46.405092-0600] 13  * * *
[2024-11-02T16:38:46.405132-0600] 14  * * *
[2024-11-02T16:38:46.405169-0600] 15  * * *
[2024-11-02T16:38:51.412908-0600] 16  * * *
[2024-11-02T16:38:51.413504-0600] 17  * * *
[2024-11-02T16:38:51.413651-0600] 18  * * *
[2024-11-02T16:38:51.413764-0600] 19  * * *
[2024-11-02T16:38:51.429442-0600] 20  * * *
[2024-11-02T16:38:51.429842-0600] 21  * * *
[2024-11-02T16:38:56.420960-0600] 22  * * *
[2024-11-02T16:38:56.423586-0600] 23  * * *
[2024-11-02T16:38:56.425963-0600] 24  * * *
[2024-11-02T16:38:56.429470-0600] 25  * * *
[2024-11-02T16:38:56.433762-0600] 26  * * *
[2024-11-02T16:39:01.378355-0600] 27  * *End time: 1730587141452
