Start time: 1730934424103
[2024-11-06T18:07:09.179566-0500] traceroute to 54.197.223.49 (54.197.223.49), 30 hops max, 60 byte packets
[2024-11-06T18:07:09.180589-0500]  1  * * *
[2024-11-06T18:07:09.180750-0500]  2  * * *
[2024-11-06T18:07:09.185772-0500]  3  * * *
[2024-11-06T18:07:09.185875-0500]  4  * * *
[2024-11-06T18:07:09.185918-0500]  5  * * *
[2024-11-06T18:07:14.186478-0500]  6  * * *
[2024-11-06T18:07:14.186737-0500]  7  * * *
[2024-11-06T18:07:14.186786-0500]  8  * * *
[2024-11-06T18:07:14.192655-0500]  9  * * *
[2024-11-06T18:07:14.192776-0500] 10  * * *
[2024-11-06T18:07:19.194203-0500] 11  * * *
[2024-11-06T18:07:19.194540-0500] 12  * * *
[2024-11-06T18:07:19.194658-0500] 13  * * *
[2024-11-06T18:07:19.201745-0500] 14  * * *
[2024-11-06T18:07:19.201854-0500] 15  * * *
[2024-11-06T18:07:24.197481-0500] 16  * * *
[2024-11-06T18:07:24.199827-0500] 17  * * *
[2024-11-06T18:07:24.201477-0500] 18  * * *
[2024-11-06T18:07:24.203424-0500] 19  * * *
[2024-11-06T18:07:24.205485-0500] 20  * * *
[2024-11-06T18:07:24.205977-0500] 21  * * *
[2024-11-06T18:07:29.204462-0500] 22  * * *
[2024-11-06T18:07:29.204622-0500] 23  * * *
[2024-11-06T18:07:29.204666-0500] 24  * * *
[2024-11-06T18:07:29.210460-0500] 25  * * *
[2024-11-06T18:07:29.210562-0500] 26  * * *
[2024-11-06T18:07:34.166504-0500] 27  * *End time: 1730934454204
