Start time: 1745176073356
Connecting to host 34.86.116.81, port 5207
Reverse mode, remote host 34.86.116.81 is sending
[  5] local 192.0.0.2 port 56576 connected to 34.86.116.81 port 5207
[ ID] Interval           Transfer     Bitrate
[  5]   0.00-0.10   sec  61.3 KBytes  5.02 Mbits/sec                  
[  5]   0.10-0.20   sec   181 KBytes  14.8 Mbits/sec                  
[  5]   0.20-0.30   sec   216 KBytes  17.7 Mbits/sec                  
[  5]   0.30-0.40   sec   710 KBytes  58.2 Mbits/sec                  
[  5]   0.40-0.50   sec  1.36 MBytes   114 Mbits/sec                  
[  5]   0.50-0.60   sec   811 KBytes  66.4 Mbits/sec                  
[  5]   0.60-0.70   sec  1.47 MBytes   123 Mbits/sec                  
[  5]   0.70-0.80   sec  3.08 MBytes   258 Mbits/sec                  
[  5]   0.80-0.90   sec  3.07 MBytes   258 Mbits/sec                  
[  5]   0.90-1.00   sec  2.03 MBytes   170 Mbits/sec                  
[  5]   1.00-1.10   sec  2.63 MBytes   221 Mbits/sec                  
[  5]   1.10-1.20   sec  3.67 MBytes   307 Mbits/sec                  
[  5]   1.20-1.30   sec  2.90 MBytes   243 Mbits/sec                  
[  5]   1.30-1.40   sec  3.06 MBytes   257 Mbits/sec                  
[  5]   1.40-1.50   sec  3.80 MBytes   319 Mbits/sec                  
[  5]   1.50-1.60   sec  3.85 MBytes   323 Mbits/sec                  
[  5]   1.60-1.70   sec  1.80 MBytes   151 Mbits/sec                  
[  5]   1.70-1.80   sec  0.00 Bytes  0.00 bits/sec                  
[  5]   1.80-1.90   sec  3.75 MBytes   315 Mbits/sec                  
[  5]   1.90-2.00   sec  2.91 MBytes   244 Mbits/sec                  
[  5]   2.00-2.10   sec  2.10 MBytes   176 Mbits/sec                  
[  5]   2.10-2.20   sec  3.32 MBytes   279 Mbits/sec                  
[  5]   2.20-2.30   sec  2.44 MBytes   205 Mbits/sec                  
[  5]   2.30-2.40   sec  2.56 MBytes   215 Mbits/sec                  
[  5]   2.40-2.50   sec  1.78 MBytes   149 Mbits/sec                  
[  5]   2.50-2.60   sec  1.31 MBytes   110 Mbits/sec                  
[  5]   2.60-2.70   sec  1.27 MBytes   107 Mbits/sec                  
[  5]   2.70-2.80   sec  1.12 MBytes  94.1 Mbits/sec                  
[  5]   2.80-2.90   sec   705 KBytes  57.7 Mbits/sec                  
[  5]   2.90-3.00   sec  1.59 MBytes   134 Mbits/sec                  
[  5]   3.00-3.10   sec  1.71 MBytes   143 Mbits/sec                  
[  5]   3.10-3.20   sec  1.92 MBytes   161 Mbits/sec                  
[  5]   3.20-3.30   sec   798 KBytes  65.3 Mbits/sec                  
[  5]   3.30-3.40   sec   638 KBytes  52.3 Mbits/sec                  
[  5]   3.40-3.50   sec  1.26 MBytes   106 Mbits/sec                  
[  5]   3.50-3.60   sec   839 KBytes  68.7 Mbits/sec                  
[  5]   3.60-3.70   sec  1.66 MBytes   139 Mbits/sec                  
[  5]   3.70-3.80   sec   452 KBytes  36.9 Mbits/sec                  
[  5]   3.80-3.90   sec  2.99 MBytes   251 Mbits/sec                  
[  5]   3.90-4.00   sec  2.09 MBytes   174 Mbits/sec                  
[  5]   4.00-4.10   sec  1.69 MBytes   143 Mbits/sec                  
[  5]   4.10-4.20   sec  1.55 MBytes   129 Mbits/sec                  
[  5]   4.20-4.30   sec  2.00 MBytes   169 Mbits/sec                  
[  5]   4.30-4.40   sec  1.84 MBytes   154 Mbits/sec                  
[  5]   4.40-4.50   sec  1.39 MBytes   117 Mbits/sec                  
[  5]   4.50-4.60   sec  2.34 MBytes   196 Mbits/sec                  
[  5]   4.60-4.70   sec  1.97 MBytes   165 Mbits/sec                  
[  5]   4.70-4.80   sec  4.56 MBytes   383 Mbits/sec                  
[  5]   4.80-4.90   sec  3.04 MBytes   255 Mbits/sec                  
[  5]   4.90-5.00   sec  3.12 MBytes   261 Mbits/sec                  
- - - - - - - - - - - - - - - - - - - - - - - - -
[ ID] Interval           Transfer     Bitrate         Retr
[  5]   0.00-5.04   sec   376 MBytes   626 Mbits/sec    0             sender
[  5]   0.00-5.00   sec  97.3 MBytes   163 Mbits/sec                  receiver

iperf Done.
End time: 1745176079033
