Start time: 1730921465666
[2024-11-06T14:31:10.755136-0500] traceroute to 54.197.223.49 (54.197.223.49), 30 hops max, 60 byte packets
[2024-11-06T14:31:10.756197-0500]  1  * * *
[2024-11-06T14:31:10.756250-0500]  2  * * *
[2024-11-06T14:31:10.756283-0500]  3  * * *
[2024-11-06T14:31:10.756313-0500]  4  * * *
[2024-11-06T14:31:10.756341-0500]  5  * * *
[2024-11-06T14:31:15.764130-0500]  6  * * *
[2024-11-06T14:31:15.764720-0500]  7  * * *
[2024-11-06T14:31:15.764872-0500]  8  * * *
[2024-11-06T14:31:15.764991-0500]  9  * * *
[2024-11-06T14:31:15.784458-0500] 10  * * *
[2024-11-06T14:31:20.774695-0500] 11  * * *
[2024-11-06T14:31:20.775231-0500] 12  * * *
[2024-11-06T14:31:20.784902-0500] 13  * * *
[2024-11-06T14:31:20.785440-0500] 14  * * *
[2024-11-06T14:31:20.795529-0500] 15  * * *
[2024-11-06T14:31:25.785026-0500] 16  * * *
[2024-11-06T14:31:25.785647-0500] 17  * * *
[2024-11-06T14:31:25.795513-0500] 18  * * *
[2024-11-06T14:31:25.795952-0500] 19  * * *
[2024-11-06T14:31:25.803467-0500] 20  * * *
[2024-11-06T14:31:25.803538-0500] 21  * * *
[2024-11-06T14:31:30.793777-0500] 22  * * *
[2024-11-06T14:31:30.797301-0500] 23  * * *
[2024-11-06T14:31:30.802668-0500] 24  * * *
[2024-11-06T14:31:30.805473-0500] 25  * * *
[2024-11-06T14:31:30.807624-0500] 26  * * *
[2024-11-06T14:31:35.734215-0500] 27  * *End time: 1730921495766
