Start time: 1730837041405
[2024-11-05T14:04:06.487384-0600] traceroute to 54.197.223.49 (54.197.223.49), 30 hops max, 60 byte packets
[2024-11-05T14:04:06.488057-0600]  1  * * *
[2024-11-05T14:04:06.488103-0600]  2  * * *
[2024-11-05T14:04:06.488135-0600]  3  * * *
[2024-11-05T14:04:06.488165-0600]  4  * * *
[2024-11-05T14:04:06.497289-0600]  5  * * *
[2024-11-05T14:04:11.494174-0600]  6  * * *
[2024-11-05T14:04:11.494629-0600]  7  * * *
[2024-11-05T14:04:11.507964-0600]  8  * * *
[2024-11-05T14:04:11.508292-0600]  9  * * *
[2024-11-05T14:04:11.508429-0600] 10  * * *
[2024-11-05T14:04:16.503044-0600] 11  * * *
[2024-11-05T14:04:16.510543-0600] 12  * * *
[2024-11-05T14:04:16.510895-0600] 13  * * *
[2024-11-05T14:04:16.518275-0600] 14  * * *
[2024-11-05T14:04:16.518851-0600] 15  * * *
[2024-11-05T14:04:21.511924-0600] 16  * * *
[2024-11-05T14:04:21.512351-0600] 17  * * *
[2024-11-05T14:04:21.519897-0600] 18  * * *
[2024-11-05T14:04:21.528729-0600] 19  * * *
[2024-11-05T14:04:21.528907-0600] 20  * * *
[2024-11-05T14:04:21.529031-0600] 21  * * *
[2024-11-05T14:04:26.520023-0600] 22  * * *
[2024-11-05T14:04:26.523501-0600] 23  * * *
[2024-11-05T14:04:26.528907-0600] 24  * * *
[2024-11-05T14:04:26.532867-0600] 25  * * *
[2024-11-05T14:04:26.535024-0600] 26  * * *
[2024-11-05T14:04:31.476294-0600] 27  * *End time: 1730837071538
