Start time: 1730524510010
[2024-11-01T22:15:15.080268-0700] traceroute to 54.176.53.206 (54.176.53.206), 30 hops max, 60 byte packets
[2024-11-01T22:15:15.081082-0700]  1  * * *
[2024-11-01T22:15:15.081125-0700]  2  * * *
[2024-11-01T22:15:15.081156-0700]  3  * * *
[2024-11-01T22:15:15.081184-0700]  4  * * *
[2024-11-01T22:15:15.081212-0700]  5  * * *
[2024-11-01T22:15:20.087016-0700]  6  * * *
[2024-11-01T22:15:20.087199-0700]  7  * * *
[2024-11-01T22:15:20.087232-0700]  8  * * *
[2024-11-01T22:15:20.087255-0700]  9  * * *
[2024-11-01T22:15:20.087279-0700] 10  * * *
[2024-11-01T22:15:25.093944-0700] 11  * * *
[2024-11-01T22:15:25.094304-0700] 12  * * *
[2024-11-01T22:15:25.094521-0700] 13  * * *
[2024-11-01T22:15:25.094612-0700] 14  * * *
[2024-11-01T22:15:25.094692-0700] 15  * * *
[2024-11-01T22:15:30.102750-0700] 16  * * *
[2024-11-01T22:15:30.103192-0700] 17  * * *
[2024-11-01T22:15:30.103325-0700] 18  * * *
[2024-11-01T22:15:30.111677-0700] 19  * * *
[2024-11-01T22:15:30.112079-0700] 20  * * *
[2024-11-01T22:15:30.112225-0700] 21  * * *
[2024-11-01T22:15:35.111703-0700] 22  * * *
[2024-11-01T22:15:35.112311-0700] 23  * * *
[2024-11-01T22:15:35.120294-0700] 24  * * *
[2024-11-01T22:15:35.120519-0700] 25  * * *
[2024-11-01T22:15:35.123906-0700] 26  * * *
[2024-11-01T22:15:40.067859-0700] 27  * *End time: 1730524540110
