Start time: 1730666215751
[2024-11-03T13:37:00.818526-0700] traceroute to 54.176.53.206 (54.176.53.206), 30 hops max, 60 byte packets
[2024-11-03T13:37:00.819354-0700]  1  * * *
[2024-11-03T13:37:00.819410-0700]  2  * * *
[2024-11-03T13:37:00.819444-0700]  3  * * *
[2024-11-03T13:37:00.819476-0700]  4  * * *
[2024-11-03T13:37:00.819507-0700]  5  * * *
[2024-11-03T13:37:05.822782-0700]  6  * * *
[2024-11-03T13:37:05.823199-0700]  7  * * *
[2024-11-03T13:37:05.826719-0700]  8  * * *
[2024-11-03T13:37:05.827007-0700]  9  * * *
[2024-11-03T13:37:05.827078-0700] 10  * * *
[2024-11-03T13:37:10.831219-0700] 11  * * *
[2024-11-03T13:37:10.831523-0700] 12  * * *
[2024-11-03T13:37:10.831616-0700] 13  * * *
[2024-11-03T13:37:10.831651-0700] 14  * * *
[2024-11-03T13:37:10.831679-0700] 15  * * *
[2024-11-03T13:37:15.839765-0700] 16  * * *
[2024-11-03T13:37:15.840190-0700] 17  * * *
[2024-11-03T13:37:15.840254-0700] 18  * * *
[2024-11-03T13:37:15.840296-0700] 19  * * *
[2024-11-03T13:37:15.840334-0700] 20  * * *
[2024-11-03T13:37:15.840370-0700] 21  * * *
[2024-11-03T13:37:20.848393-0700] 22  * * *
[2024-11-03T13:37:20.848759-0700] 23  * * *
[2024-11-03T13:37:20.848823-0700] 24  * * *
[2024-11-03T13:37:20.848867-0700] 25  * * *
[2024-11-03T13:37:20.854069-0700] 26  * * *
[2024-11-03T13:37:25.807246-0700] 27  * *End time: 1730666245880
