Start time: 1745103096518
Connecting to host 34.86.116.81, port 5207
Reverse mode, remote host 34.86.116.81 is sending
[  5] local 192.0.0.2 port 47154 connected to 34.86.116.81 port 5207
[ ID] Interval           Transfer     Bitrate
[  5]   0.00-0.10   sec  21.3 KBytes  1.74 Mbits/sec                  
[  5]   0.10-0.20   sec  37.3 KBytes  3.06 Mbits/sec                  
[  5]   0.20-0.30   sec  77.3 KBytes  6.33 Mbits/sec                  
[  5]   0.30-0.40   sec   123 KBytes  10.0 Mbits/sec                  
[  5]   0.40-0.50   sec   242 KBytes  19.9 Mbits/sec                  
[  5]   0.50-0.60   sec   452 KBytes  37.0 Mbits/sec                  
[  5]   0.60-0.70   sec   703 KBytes  55.8 Mbits/sec                  
[  5]   0.70-0.80   sec  1.23 MBytes   107 Mbits/sec                  
[  5]   0.80-0.90   sec  1.49 MBytes   125 Mbits/sec                  
[  5]   0.90-1.00   sec   898 KBytes  73.6 Mbits/sec                  
[  5]   1.00-1.10   sec   506 KBytes  41.5 Mbits/sec                  
[  5]   1.10-1.20   sec  6.98 MBytes   586 Mbits/sec                  
[  5]   1.20-1.30   sec  2.57 MBytes   216 Mbits/sec                  
[  5]   1.30-1.40   sec  4.16 MBytes   349 Mbits/sec                  
[  5]   1.40-1.50   sec   982 KBytes  80.4 Mbits/sec                  
[  5]   1.50-1.60   sec  5.33 KBytes   437 Kbits/sec                  
[  5]   1.60-1.70   sec  0.00 Bytes  0.00 bits/sec                  
[  5]   1.70-1.80   sec  14.8 MBytes  1.24 Gbits/sec                  
[  5]   1.80-1.90   sec  4.21 MBytes   353 Mbits/sec                  
[  5]   1.90-2.00   sec  2.43 MBytes   204 Mbits/sec                  
[  5]   2.00-2.10   sec  4.28 MBytes   359 Mbits/sec                  
[  5]   2.10-2.20   sec  0.00 Bytes  0.00 bits/sec                  
[  5]   2.20-2.30   sec  3.95 MBytes   331 Mbits/sec                  
[  5]   2.30-2.40   sec  8.04 MBytes   675 Mbits/sec                  
[  5]   2.40-2.50   sec  3.27 MBytes   274 Mbits/sec                  
[  5]   2.50-2.60   sec   996 KBytes  81.6 Mbits/sec                  
[  5]   2.60-2.70   sec  2.52 MBytes   211 Mbits/sec                  
[  5]   2.70-2.80   sec  9.00 MBytes   756 Mbits/sec                  
[  5]   2.80-2.90   sec  3.67 MBytes   308 Mbits/sec                  
[  5]   2.90-3.00   sec  4.04 MBytes   339 Mbits/sec                  
[  5]   3.00-3.10   sec  4.03 MBytes   338 Mbits/sec                  
[  5]   3.10-3.20   sec  3.57 MBytes   298 Mbits/sec                  
[  5]   3.20-3.30   sec  0.00 Bytes  0.00 bits/sec                  
[  5]   3.30-3.40   sec  5.19 MBytes   435 Mbits/sec                  
[  5]   3.40-3.50   sec  7.26 MBytes   608 Mbits/sec                  
[  5]   3.50-3.60   sec  4.13 MBytes   347 Mbits/sec                  
[  5]   3.60-3.70   sec  4.68 MBytes   393 Mbits/sec                  
[  5]   3.70-3.80   sec  6.37 MBytes   533 Mbits/sec                  
[  5]   3.80-3.90   sec  4.22 MBytes   355 Mbits/sec                  
[  5]   3.90-4.00   sec  8.46 MBytes   710 Mbits/sec                  
[  5]   4.00-4.10   sec  5.24 MBytes   438 Mbits/sec                  
[  5]   4.10-4.20   sec  5.72 MBytes   482 Mbits/sec                  
[  5]   4.20-4.30   sec  7.04 MBytes   591 Mbits/sec                  
[  5]   4.30-4.40   sec  6.56 MBytes   550 Mbits/sec                  
[  5]   4.40-4.50   sec  7.04 MBytes   590 Mbits/sec                  
[  5]   4.50-4.60   sec  7.04 MBytes   590 Mbits/sec                  
[  5]   4.60-4.70   sec  6.36 MBytes   533 Mbits/sec                  
[  5]   4.70-4.80   sec  6.92 MBytes   581 Mbits/sec                  
[  5]   4.80-4.90   sec  7.20 MBytes   604 Mbits/sec                  
[  5]   4.90-5.00   sec  8.30 MBytes   696 Mbits/sec                  
- - - - - - - - - - - - - - - - - - - - - - - - -
[ ID] Interval           Transfer     Bitrate         Retr
[  5]   0.00-5.11   sec   476 MBytes   783 Mbits/sec  3499             sender
[  5]   0.00-5.00   sec   197 MBytes   330 Mbits/sec                  receiver

iperf Done.
End time: 1745103102321
