Start time: 1730761075258
[2024-11-04T16:57:56.138055-0600] nuttcp-r: v8.1.4: socket
[2024-11-04T16:57:56.138707-0600] nuttcp-r: buflen=65536, nstream=1, port=5379 tcp
[2024-11-04T16:57:56.138749-0600] nuttcp-r: interval reporting every 0.50 seconds
[2024-11-04T16:57:56.138776-0600] nuttcp-r: connect to 54.176.53.206 with RTT=65.639 ms af=inet
[2024-11-04T16:57:56.138803-0600] nuttcp-r: send window size = 2097152, receive window size = 6291456
[2024-11-04T16:57:56.138831-0600] nuttcp-r: available send window = 1572864, available receive window = 4718592
[2024-11-04T16:57:56.138856-0600]     0.6250 MB /   0.50 sec =   10.4837 Mbps     0 retrans
[2024-11-04T16:57:56.638046-0600]     9.4375 MB /   0.50 sec =  158.3546 Mbps     0 retrans
[2024-11-04T16:57:57.138002-0600]    11.8125 MB /   0.50 sec =  198.1551 Mbps     0 retrans
[2024-11-04T16:57:57.637974-0600]    12.5625 MB /   0.50 sec =  210.7903 Mbps     0 retrans
[2024-11-04T16:57:58.137915-0600]    11.5625 MB /   0.50 sec =  193.9862 Mbps     0 retrans
[2024-11-04T16:57:58.637966-0600]     8.8125 MB /   0.50 sec =  147.8495 Mbps     0 retrans
[2024-11-04T16:57:59.137926-0600]    10.7500 MB /   0.50 sec =  180.3439 Mbps     0 retrans
[2024-11-04T16:57:59.637931-0600]     9.6875 MB /   0.50 sec =  162.5400 Mbps     0 retrans
[2024-11-04T16:58:00.137896-0600]     7.6875 MB /   0.50 sec =  128.9733 Mbps     0 retrans
[2024-11-04T16:58:00.637903-0600]    10.8750 MB /   0.50 sec =  182.4562 Mbps     0 retrans
[2024-11-04T16:58:01.137903-0600]     7.3750 MB /   0.50 sec =  123.7305 Mbps     0 retrans
[2024-11-04T16:58:01.637996-0600]     8.7500 MB /   0.50 sec =  146.7871 Mbps     0 retrans
[2024-11-04T16:58:02.138102-0600]     6.5625 MB /   0.50 sec =  110.0974 Mbps     0 retrans
[2024-11-04T16:58:02.637952-0600]     6.0625 MB /   0.50 sec =  101.7202 Mbps     0 retrans
[2024-11-04T16:58:03.137949-0600]     0.0000 MB /   0.50 sec =    0.0000 Mbps     0 retrans
[2024-11-04T16:58:03.637912-0600]    12.8125 MB /   0.50 sec =  214.9705 Mbps     0 retrans
[2024-11-04T16:58:04.137897-0600]     7.0625 MB /   0.50 sec =  118.4893 Mbps     0 retrans
[2024-11-04T16:58:04.638006-0600]     1.3750 MB /   0.50 sec =   23.0668 Mbps     0 retrans
[2024-11-04T16:58:05.137898-0600]     3.7500 MB /   0.50 sec =   62.9195 Mbps     0 retrans
[2024-11-04T16:58:05.637964-0600]     3.9375 MB /   0.50 sec =   66.0583 Mbps     0 retrans
[2024-11-04T16:58:06.137964-0600]     2.1250 MB /   0.50 sec =   35.6508 Mbps     0 retrans
[2024-11-04T16:58:06.637856-0600]     0.0000 MB /   0.50 sec =    0.0000 Mbps     0 retrans
[2024-11-04T16:58:07.138128-0600]     7.4375 MB /   0.50 sec =  124.7703 Mbps     0 retrans
[2024-11-04T16:58:07.637972-0600]     1.3125 MB /   0.50 sec =   22.0207 Mbps     0 retrans
[2024-11-04T16:58:08.137966-0600]     2.3750 MB /   0.50 sec =   39.8415 Mbps     0 retrans
[2024-11-04T16:58:08.637938-0600]     1.9375 MB /   0.50 sec =   32.5096 Mbps     0 retrans
[2024-11-04T16:58:09.138012-0600]     4.6250 MB /   0.50 sec =   77.5833 Mbps     0 retrans
[2024-11-04T16:58:09.637951-0600]     6.1875 MB /   0.50 sec =  103.8246 Mbps     0 retrans
[2024-11-04T16:58:10.137912-0600]     3.8125 MB /   0.50 sec =   63.9647 Mbps     0 retrans
[2024-11-04T16:58:10.637903-0600]     4.8125 MB /   0.50 sec =   80.7404 Mbps     0 retrans
[2024-11-04T16:58:11.137988-0600]     4.6250 MB /   0.50 sec =   77.5822 Mbps     0 retrans
[2024-11-04T16:58:11.638090-0600]     4.8750 MB /   0.50 sec =   81.7775 Mbps     0 retrans
[2024-11-04T16:58:12.138056-0600]     6.1875 MB /   0.50 sec =  103.8327 Mbps     0 retrans
[2024-11-04T16:58:12.637993-0600]     6.4375 MB /   0.50 sec =  108.0025 Mbps     0 retrans
[2024-11-04T16:58:13.137999-0600]     7.2500 MB /   0.50 sec =  121.6253 Mbps     0 retrans
[2024-11-04T16:58:13.637966-0600]     7.8750 MB /   0.50 sec =  132.1272 Mbps     0 retrans
[2024-11-04T16:58:14.137901-0600]    10.0000 MB /   0.50 sec =  167.7910 Mbps     0 retrans
[2024-11-04T16:58:14.637852-0600]     9.6250 MB /   0.50 sec =  161.4759 Mbps     0 retrans
[2024-11-04T16:58:15.137891-0600]    11.3750 MB /   0.50 sec =  190.8492 Mbps     0 retrans
[2024-11-04T16:58:15.637908-0600]    11.6250 MB /   0.50 sec =  195.0316 Mbps     0 retrans
[2024-11-04T16:58:16.137891-0600]    13.6875 MB /   0.50 sec =  229.6418 Mbps     0 retrans
[2024-11-04T16:58:16.637897-0600]    12.2500 MB /   0.50 sec =  205.5197 Mbps     0 retrans
[2024-11-04T16:58:17.137904-0600]    12.8125 MB /   0.50 sec =  214.9572 Mbps     0 retrans
[2024-11-04T16:58:17.637936-0600]    16.3125 MB /   0.50 sec =  273.6833 Mbps     0 retrans
[2024-11-04T16:58:18.137896-0600]    14.0000 MB /   0.50 sec =  234.8754 Mbps     0 retrans
[2024-11-04T16:58:18.637948-0600]    16.0000 MB /   0.50 sec =  268.4344 Mbps     0 retrans
[2024-11-04T16:58:19.137892-0600]    17.9375 MB /   0.50 sec =  300.9431 Mbps     0 retrans
[2024-11-04T16:58:19.637940-0600]    19.1250 MB /   0.50 sec =  320.8585 Mbps     0 retrans
[2024-11-04T16:58:20.137919-0600]    20.3750 MB /   0.50 sec =  341.8412 Mbps     0 retrans
[2024-11-04T16:58:20.637915-0600]    21.7500 MB /   0.50 sec =  364.9044 Mbps     0 retrans
[2024-11-04T16:58:21.138051-0600]    21.0000 MB /   0.50 sec =  352.2250 Mbps     0 retrans
[2024-11-04T16:58:21.637921-0600]    20.9375 MB /   0.50 sec =  351.3720 Mbps     0 retrans
[2024-11-04T16:58:22.138041-0600]    21.0625 MB /   0.50 sec =  353.2910 Mbps     0 retrans
[2024-11-04T16:58:22.637974-0600]    19.6250 MB /   0.50 sec =  329.2996 Mbps     0 retrans
[2024-11-04T16:58:23.137815-0600]    21.6875 MB /   0.50 sec =  363.8959 Mbps     0 retrans
[2024-11-04T16:58:23.637880-0600]     4.5000 MB /   0.50 sec =   75.4961 Mbps     0 retrans
[2024-11-04T16:58:24.137906-0600]    23.1875 MB /   0.50 sec =  389.0100 Mbps     0 retrans
[2024-11-04T16:58:24.638018-0600]    21.5625 MB /   0.50 sec =  361.7001 Mbps     0 retrans
[2024-11-04T16:58:25.137946-0600]    22.3750 MB /   0.50 sec =  375.4180 Mbps     0 retrans
[2024-11-04T16:58:25.637916-0600]    20.6875 MB /   0.50 sec =  347.1120 Mbps     0 retrans
[2024-11-04T16:58:26.137890-0600]    21.3750 MB /   0.50 sec =  358.6187 Mbps     0 retrans
[2024-11-04T16:58:26.638064-0600]    19.6250 MB /   0.50 sec =  329.2522 Mbps     0 retrans
[2024-11-04T16:58:27.137900-0600]    20.0625 MB /   0.50 sec =  336.5909 Mbps     0 retrans
[2024-11-04T16:58:27.637913-0600]    21.1875 MB /   0.50 sec =  355.4658 Mbps     0 retrans
[2024-11-04T16:58:28.137918-0600]    18.8125 MB /   0.50 sec =  315.6201 Mbps     0 retrans
[2024-11-04T16:58:28.637865-0600]    17.6875 MB /   0.50 sec =  296.7559 Mbps     0 retrans
[2024-11-04T16:58:29.137886-0600]    19.2500 MB /   0.50 sec =  322.9569 Mbps     0 retrans
[2024-11-04T16:58:29.637981-0600]    20.5625 MB /   0.50 sec =  344.9332 Mbps     0 retrans
[2024-11-04T16:58:30.137854-0600]    18.0000 MB /   0.50 sec =  302.0177 Mbps     0 retrans
[2024-11-04T16:58:30.637972-0600]    18.2500 MB /   0.50 sec =  306.1762 Mbps     0 retrans
[2024-11-04T16:58:31.137904-0600]    19.7500 MB /   0.50 sec =  331.3725 Mbps     0 retrans
[2024-11-04T16:58:31.638065-0600]    18.9375 MB /   0.50 sec =  317.7192 Mbps     0 retrans
[2024-11-04T16:58:32.137892-0600]    12.0625 MB /   0.50 sec =  202.3752 Mbps     0 retrans
[2024-11-04T16:58:32.637941-0600]    16.9375 MB /   0.50 sec =  284.1573 Mbps     0 retrans
[2024-11-04T16:58:33.137883-0600]    22.0625 MB /   0.50 sec =  370.1577 Mbps     0 retrans
[2024-11-04T16:58:33.637923-0600]    17.6875 MB /   0.50 sec =  296.7387 Mbps     0 retrans
[2024-11-04T16:58:34.137998-0600]     4.1250 MB /   0.50 sec =   69.2081 Mbps     0 retrans
[2024-11-04T16:58:34.637900-0600]    18.1250 MB /   0.50 sec =  304.0852 Mbps     0 retrans
[2024-11-04T16:58:35.137901-0600]    18.1875 MB /   0.50 sec =  305.1332 Mbps     0 retrans
[2024-11-04T16:58:35.637939-0600]    16.6250 MB /   0.50 sec =  278.9195 Mbps     0 retrans
[2024-11-04T16:58:36.137946-0600]    16.2500 MB /   0.50 sec =  272.6014 Mbps     0 retrans
[2024-11-04T16:58:36.637934-0600]    15.9375 MB /   0.50 sec =  267.4158 Mbps     0 retrans
[2024-11-04T16:58:37.137987-0600]    16.2500 MB /   0.50 sec =  272.5927 Mbps     0 retrans
[2024-11-04T16:58:37.637973-0600]    10.8125 MB /   0.50 sec =  181.4047 Mbps     0 retrans
[2024-11-04T16:58:38.137893-0600]    12.9375 MB /   0.50 sec =  217.0839 Mbps     0 retrans
[2024-11-04T16:58:38.637955-0600]    14.4375 MB /   0.50 sec =  242.2143 Mbps     0 retrans
[2024-11-04T16:58:39.138003-0600]    14.5000 MB /   0.50 sec =  243.2794 Mbps     0 retrans
[2024-11-04T16:58:39.637867-0600]    15.1250 MB /   0.50 sec =  253.7513 Mbps     0 retrans
[2024-11-04T16:58:40.137959-0600]    14.7500 MB /   0.50 sec =  247.4491 Mbps     0 retrans
[2024-11-04T16:58:40.637946-0600]    15.2500 MB /   0.50 sec =  255.8669 Mbps     0 retrans
[2024-11-04T16:58:41.137913-0600]    15.8125 MB /   0.50 sec =  265.2887 Mbps     0 retrans
[2024-11-04T16:58:41.637906-0600]    15.6250 MB /   0.50 sec =  262.1482 Mbps     0 retrans
[2024-11-04T16:58:42.137984-0600]    14.6250 MB /   0.50 sec =  245.3310 Mbps     0 retrans
[2024-11-04T16:58:42.637934-0600]    11.5000 MB /   0.50 sec =  192.9638 Mbps     0 retrans
[2024-11-04T16:58:43.137885-0600]    13.0000 MB /   0.50 sec =  218.1064 Mbps     0 retrans
[2024-11-04T16:58:43.637949-0600]    14.0625 MB /   0.50 sec =  235.9051 Mbps     0 retrans
[2024-11-04T16:58:44.137941-0600]    14.4375 MB /   0.50 sec =  242.2201 Mbps     0 retrans
[2024-11-04T16:58:44.637891-0600]     4.8125 MB /   0.50 sec =   80.7494 Mbps     0 retrans
[2024-11-04T16:58:45.137899-0600]    12.4375 MB /   0.50 sec =  208.6654 Mbps     0 retrans
[2024-11-04T16:58:45.637927-0600]    13.1250 MB /   0.50 sec =  220.1988 Mbps     0 retrans
[2024-11-04T16:58:46.137883-0600]     8.1250 MB /   0.50 sec =  136.3182 Mbps     0 retrans
[2024-11-04T16:58:46.638009-0600]    11.5000 MB /   0.50 sec =  192.9156 Mbps     0 retrans
[2024-11-04T16:58:47.137931-0600]    13.5000 MB /   0.50 sec =  226.5137 Mbps     0 retrans
[2024-11-04T16:58:47.638067-0600]    11.0000 MB /   0.50 sec =  184.5509 Mbps     0 retrans
[2024-11-04T16:58:48.137959-0600]    13.7500 MB /   0.50 sec =  230.6595 Mbps     0 retrans
[2024-11-04T16:58:48.637926-0600]    15.8125 MB /   0.50 sec =  265.3216 Mbps     0 retrans
[2024-11-04T16:58:49.137882-0600]    13.9375 MB /   0.50 sec =  233.8362 Mbps     0 retrans
[2024-11-04T16:58:49.637912-0600]    13.3125 MB /   0.50 sec =  223.3391 Mbps     0 retrans
[2024-11-04T16:58:50.137926-0600]    13.3750 MB /   0.50 sec =  224.3926 Mbps     0 retrans
[2024-11-04T16:58:50.637914-0600]    15.8125 MB /   0.50 sec =  265.2919 Mbps     0 retrans
[2024-11-04T16:58:51.137900-0600]    15.3750 MB /   0.50 sec =  257.9559 Mbps     0 retrans
[2024-11-04T16:58:51.637798-0600]    12.5000 MB /   0.50 sec =  209.7295 Mbps     0 retrans
[2024-11-04T16:58:52.137932-0600]    16.5000 MB /   0.50 sec =  276.7992 Mbps     0 retrans
[2024-11-04T16:58:52.637976-0600]    13.5625 MB /   0.50 sec =  227.5378 Mbps     0 retrans
[2024-11-04T16:58:53.137889-0600]    15.0625 MB /   0.50 sec =  252.7169 Mbps     0 retrans
[2024-11-04T16:58:53.637946-0600]    11.0000 MB /   0.50 sec =  184.5424 Mbps     0 retrans
[2024-11-04T16:58:54.137888-0600]    13.1875 MB /   0.50 sec =  221.2571 Mbps     0 retrans
[2024-11-04T16:58:54.637950-0600]    11.9375 MB /   0.50 sec =  200.2544 Mbps     0 retrans
[2024-11-04T16:58:55.137966-0600]     5.9375 MB /   0.50 sec =   99.6301 Mbps     0 retrans
[2024-11-04T16:58:55.637917-0600]    14.7500 MB /   0.50 sec =  247.4570 Mbps     0 retrans
[2024-11-04T16:58:56.137946-0600]    16.4375 MB /   0.50 sec =  275.7413 Mbps     0 retrans
[2024-11-04T16:58:56.637880-0600]    18.4375 MB /   0.50 sec =  309.3720 Mbps     0 retrans
[2024-11-04T16:58:57.137921-0600]    18.4375 MB /   0.50 sec =  309.3219 Mbps     0 retrans
[2024-11-04T16:58:57.637933-0600]    19.6250 MB /   0.50 sec =  329.2443 Mbps     0 retrans
[2024-11-04T16:58:58.137903-0600]    20.3750 MB /   0.50 sec =  341.8481 Mbps     0 retrans
[2024-11-04T16:58:58.637916-0600]    18.3125 MB /   0.50 sec =  307.2315 Mbps     0 retrans
[2024-11-04T16:58:59.137912-0600]    21.9375 MB /   0.50 sec =  368.0524 Mbps     0 retrans
[2024-11-04T16:58:59.637900-0600]    21.8125 MB /   0.50 sec =  365.9464 Mbps     0 retrans
[2024-11-04T16:59:00.137945-0600]    21.1875 MB /   0.50 sec =  355.4552 Mbps     0 retrans
[2024-11-04T16:59:00.637913-0600]    22.3750 MB /   0.50 sec =  375.4090 Mbps     0 retrans
[2024-11-04T16:59:01.137881-0600]    21.8750 MB /   0.50 sec =  367.0082 Mbps     0 retrans
[2024-11-04T16:59:01.637915-0600]    19.2500 MB /   0.50 sec =  322.9517 Mbps     0 retrans
[2024-11-04T16:59:02.137939-0600]    21.3750 MB /   0.50 sec =  358.6008 Mbps     0 retrans
[2024-11-04T16:59:02.637956-0600]    19.6875 MB /   0.50 sec =  330.3014 Mbps     0 retrans
[2024-11-04T16:59:03.138064-0600]    17.6250 MB /   0.50 sec =  295.6813 Mbps     0 retrans
[2024-11-04T16:59:03.638067-0600]    18.4375 MB /   0.50 sec =  309.2712 Mbps     0 retrans
[2024-11-04T16:59:04.137921-0600]    17.4375 MB /   0.50 sec =  292.6323 Mbps     0 retrans
[2024-11-04T16:59:04.638004-0600]    17.8750 MB /   0.50 sec =  299.8364 Mbps     0 retrans
[2024-11-04T16:59:05.137789-0600]    17.1875 MB /   0.50 sec =  288.4380 Mbps     0 retrans
[2024-11-04T16:59:05.637952-0600]    17.0000 MB /   0.50 sec =  285.1859 Mbps     0 retrans
[2024-11-04T16:59:06.137889-0600]    12.8750 MB /   0.50 sec =  216.0088 Mbps     0 retrans
[2024-11-04T16:59:06.637860-0600]    13.8125 MB /   0.50 sec =  231.7487 Mbps     0 retrans
[2024-11-04T16:59:07.137982-0600]    12.1875 MB /   0.50 sec =  204.4327 Mbps     0 retrans
[2024-11-04T16:59:07.637899-0600]    14.1875 MB /   0.50 sec =  238.0629 Mbps     0 retrans
[2024-11-04T16:59:08.137928-0600]    15.3125 MB /   0.50 sec =  256.8929 Mbps     0 retrans
[2024-11-04T16:59:08.637941-0600]    12.9375 MB /   0.50 sec =  217.0578 Mbps     0 retrans
[2024-11-04T16:59:09.137885-0600]    13.2500 MB /   0.50 sec =  222.3039 Mbps     0 retrans
[2024-11-04T16:59:09.637975-0600]    11.7500 MB /   0.50 sec =  197.1347 Mbps     0 retrans
[2024-11-04T16:59:10.137903-0600]    14.0625 MB /   0.50 sec =  235.9258 Mbps     0 retrans
[2024-11-04T16:59:10.637908-0600]    14.3750 MB /   0.50 sec =  241.1715 Mbps     0 retrans
[2024-11-04T16:59:11.137907-0600]     5.3750 MB /   0.50 sec =   90.1768 Mbps     0 retrans
[2024-11-04T16:59:11.637933-0600]    13.6875 MB /   0.50 sec =  229.6386 Mbps     0 retrans
[2024-11-04T16:59:12.137965-0600]    14.2500 MB /   0.50 sec =  239.0462 Mbps     0 retrans
[2024-11-04T16:59:12.637925-0600]    13.8125 MB /   0.50 sec =  231.7626 Mbps     0 retrans
[2024-11-04T16:59:13.137980-0600]    14.7500 MB /   0.50 sec =  247.4234 Mbps     0 retrans
[2024-11-04T16:59:13.637932-0600]    12.3125 MB /   0.50 sec =  206.6042 Mbps     0 retrans
[2024-11-04T16:59:14.137925-0600]    10.8125 MB /   0.50 sec =  181.4026 Mbps     0 retrans
[2024-11-04T16:59:14.637978-0600]     9.3750 MB /   0.50 sec =  157.2807 Mbps     0 retrans
[2024-11-04T16:59:15.137800-0600]     9.8125 MB /   0.50 sec =  164.6432 Mbps     0 retrans
[2024-11-04T16:59:15.638001-0600]     8.6875 MB /   0.50 sec =  145.7215 Mbps     0 retrans
[2024-11-04T16:59:16.137884-0600]     9.1875 MB /   0.50 sec =  154.1660 Mbps     0 retrans
[2024-11-04T16:59:16.637807-0600]     9.4375 MB /   0.50 sec =  158.3442 Mbps     0 retrans
[2024-11-04T16:59:17.137932-0600]     6.7500 MB /   0.50 sec =  113.2371 Mbps     0 retrans
[2024-11-04T16:59:17.637980-0600]     6.8750 MB /   0.50 sec =  115.3300 Mbps     0 retrans
[2024-11-04T16:59:18.137923-0600]    10.5625 MB /   0.50 sec =  177.2288 Mbps     0 retrans
[2024-11-04T16:59:18.637934-0600]    10.1875 MB /   0.50 sec =  170.9196 Mbps     0 retrans
[2024-11-04T16:59:19.137900-0600]    11.1250 MB /   0.50 sec =  186.6469 Mbps     0 retrans
[2024-11-04T16:59:19.637969-0600]    10.9375 MB /   0.50 sec =  183.4795 Mbps     0 retrans
[2024-11-04T16:59:20.138034-0600]    11.7500 MB /   0.50 sec =  197.1406 Mbps     0 retrans
[2024-11-04T16:59:20.637833-0600]    12.9375 MB /   0.50 sec =  217.0843 Mbps     0 retrans
[2024-11-04T16:59:21.137972-0600]    10.5000 MB /   0.50 sec =  176.1287 Mbps     0 retrans
[2024-11-04T16:59:21.637925-0600]     5.9375 MB /   0.50 sec =   99.6285 Mbps     0 retrans
[2024-11-04T16:59:22.137880-0600]    14.3750 MB /   0.50 sec =  241.1730 Mbps     0 retrans
[2024-11-04T16:59:22.637951-0600]    14.8750 MB /   0.50 sec =  249.5536 Mbps     0 retrans
[2024-11-04T16:59:23.137929-0600]    12.6875 MB /   0.50 sec =  212.8460 Mbps     0 retrans
[2024-11-04T16:59:23.637905-0600]    12.0625 MB /   0.50 sec =  202.3926 Mbps     0 retrans
[2024-11-04T16:59:24.137912-0600]    14.5625 MB /   0.50 sec =  244.3153 Mbps     0 retrans
[2024-11-04T16:59:24.637917-0600]    14.6250 MB /   0.50 sec =  245.3712 Mbps     0 retrans
[2024-11-04T16:59:25.137937-0600]    13.1250 MB /   0.50 sec =  220.1732 Mbps     0 retrans
[2024-11-04T16:59:25.637923-0600]     9.0625 MB /   0.50 sec =  152.0621 Mbps     0 retrans
[2024-11-04T16:59:26.138075-0600]     8.4375 MB /   0.50 sec =  141.5422 Mbps     0 retrans
[2024-11-04T16:59:26.638003-0600]     0.0000 MB /   0.50 sec =    0.0000 Mbps     0 retrans
[2024-11-04T16:59:27.137939-0600]    12.1875 MB /   0.50 sec =  204.4981 Mbps     0 retrans
[2024-11-04T16:59:27.637898-0600]    10.1875 MB /   0.50 sec =  170.9203 Mbps     0 retrans
[2024-11-04T16:59:28.137923-0600]    10.6875 MB /   0.50 sec =  179.3011 Mbps     0 retrans
[2024-11-04T16:59:28.637930-0600]    13.1875 MB /   0.50 sec =  221.2495 Mbps     0 retrans
[2024-11-04T16:59:29.137892-0600]    13.7500 MB /   0.50 sec =  230.6936 Mbps     0 retrans
[2024-11-04T16:59:29.638072-0600]    11.3125 MB /   0.50 sec =  189.7900 Mbps     0 retrans
[2024-11-04T16:59:30.137909-0600]     5.2500 MB /   0.50 sec =   88.0802 Mbps     0 retrans
[2024-11-04T16:59:30.637838-0600]    13.8750 MB /   0.50 sec =  232.7964 Mbps     0 retrans
[2024-11-04T16:59:31.138028-0600]    10.0000 MB /   0.50 sec =  167.7292 Mbps     0 retrans
[2024-11-04T16:59:31.638011-0600]     6.3125 MB /   0.50 sec =  105.9115 Mbps     0 retrans
[2024-11-04T16:59:32.137958-0600]     3.2500 MB /   0.50 sec =   54.5272 Mbps     0 retrans
[2024-11-04T16:59:32.637928-0600]     5.2500 MB /   0.50 sec =   88.0911 Mbps     0 retrans
[2024-11-04T16:59:33.137968-0600]    13.1875 MB /   0.50 sec =  221.2243 Mbps     0 retrans
[2024-11-04T16:59:33.637955-0600]    12.3750 MB /   0.50 sec =  207.6239 Mbps     0 retrans
[2024-11-04T16:59:34.137912-0600]     9.0000 MB /   0.50 sec =  151.0097 Mbps     0 retrans
[2024-11-04T16:59:34.637976-0600]     9.6250 MB /   0.50 sec =  161.4843 Mbps     0 retrans
[2024-11-04T16:59:35.137882-0600]     3.9375 MB /   0.50 sec =   66.0550 Mbps     0 retrans
[2024-11-04T16:59:35.637962-0600]    12.4375 MB /   0.50 sec =  208.6670 Mbps     0 retrans
[2024-11-04T16:59:36.137973-0600]     8.3750 MB /   0.50 sec =  140.4988 Mbps     0 retrans
[2024-11-04T16:59:36.637977-0600]    14.1250 MB /   0.50 sec =  236.9768 Mbps     0 retrans
[2024-11-04T16:59:37.137900-0600]    12.5625 MB /   0.50 sec =  210.7912 Mbps     0 retrans
[2024-11-04T16:59:37.637945-0600]     9.3125 MB /   0.50 sec =  156.2363 Mbps     0 retrans
[2024-11-04T16:59:38.138019-0600]     7.7500 MB /   0.50 sec =  130.0252 Mbps     0 retrans
[2024-11-04T16:59:38.637931-0600]     7.0625 MB /   0.50 sec =  118.4879 Mbps     0 retrans
[2024-11-04T16:59:39.137962-0600]     6.0000 MB /   0.50 sec =  100.6589 Mbps     0 retrans
[2024-11-04T16:59:39.637870-0600]     4.4375 MB /   0.50 sec =   74.4507 Mbps     0 retrans
[2024-11-04T16:59:40.138058-0600]     7.2500 MB /   0.50 sec =  121.6112 Mbps     0 retrans
[2024-11-04T16:59:40.638074-0600]     0.3750 MB /   0.50 sec =    6.2913 Mbps     0 retrans
[2024-11-04T16:59:41.137886-0600]    13.1250 MB /   0.50 sec =  220.2565 Mbps     0 retrans
[2024-11-04T16:59:41.637936-0600]    12.3750 MB /   0.50 sec =  207.6143 Mbps     0 retrans
[2024-11-04T16:59:42.137915-0600]    14.8750 MB /   0.50 sec =  249.5651 Mbps     0 retrans
[2024-11-04T16:59:42.637891-0600]     7.0625 MB /   0.50 sec =  118.4900 Mbps     0 retrans
[2024-11-04T16:59:43.137939-0600]    17.3750 MB /   0.50 sec =  291.4995 Mbps     0 retrans
[2024-11-04T16:59:43.637984-0600]    13.8750 MB /   0.50 sec =  232.7541 Mbps     0 retrans
[2024-11-04T16:59:44.138008-0600]     9.1875 MB /   0.50 sec =  154.1635 Mbps     0 retrans
[2024-11-04T16:59:44.638012-0600]     0.6875 MB /   0.50 sec =   11.5326 Mbps     0 retrans
[2024-11-04T16:59:45.138052-0600]     9.1250 MB /   0.50 sec =  153.0722 Mbps     0 retrans
[2024-11-04T16:59:45.637844-0600]    20.5000 MB /   0.50 sec =  344.0355 Mbps     0 retrans
[2024-11-04T16:59:46.137923-0600]    21.9375 MB /   0.50 sec =  368.0318 Mbps     0 retrans
[2024-11-04T16:59:46.637904-0600]    12.7500 MB /   0.50 sec =  213.9155 Mbps     0 retrans
[2024-11-04T16:59:47.137942-0600]     6.9375 MB /   0.50 sec =  116.3852 Mbps     0 retrans
[2024-11-04T16:59:47.637924-0600]    28.1250 MB /   0.50 sec =  471.8809 Mbps     0 retrans
[2024-11-04T16:59:48.137952-0600]    17.6250 MB /   0.50 sec =  295.6594 Mbps     0 retrans
[2024-11-04T16:59:48.638076-0600]     4.1250 MB /   0.50 sec =   69.1981 Mbps     0 retrans
[2024-11-04T16:59:49.137980-0600]    15.9375 MB /   0.50 sec =  267.4297 Mbps     0 retrans
[2024-11-04T16:59:49.637921-0600]    10.2500 MB /   0.50 sec =  171.9689 Mbps     0 retrans
[2024-11-04T16:59:50.138218-0600]     4.0000 MB /   0.50 sec =   67.0953 Mbps     0 retrans
[2024-11-04T16:59:50.638180-0600]     3.2500 MB /   0.50 sec =   54.5282 Mbps     0 retrans
[2024-11-04T16:59:51.138007-0600]    13.7500 MB /   0.50 sec =  230.6936 Mbps     0 retrans
[2024-11-04T16:59:51.637978-0600]     3.8750 MB /   0.50 sec =   65.0160 Mbps     0 retrans
[2024-11-04T16:59:52.137897-0600]    16.0625 MB /   0.50 sec =  269.5239 Mbps     0 retrans
[2024-11-04T16:59:52.637880-0600]    12.6250 MB /   0.50 sec =  211.8081 Mbps     0 retrans
[2024-11-04T16:59:53.137937-0600]    11.6250 MB /   0.50 sec =  195.0176 Mbps     0 retrans
[2024-11-04T16:59:53.637934-0600]     4.0625 MB /   0.50 sec =   68.1630 Mbps     0 retrans
[2024-11-04T16:59:54.137886-0600]    12.8750 MB /   0.50 sec =  216.0105 Mbps     0 retrans
[2024-11-04T16:59:54.637939-0600]    14.4375 MB /   0.50 sec =  242.2196 Mbps     0 retrans
[2024-11-04T16:59:55.138002-0600]    16.1250 MB /   0.50 sec =  270.4893 Mbps     0 retrans
[2024-11-04T16:59:55.637911-0600]    17.0000 MB /   0.50 sec =  285.2595 Mbps     0 retrans
[2024-11-04T16:59:56.138027-0600]    18.6250 MB /   0.50 sec =  312.4088 Mbps     0 retrans
End time: 1730761196383
