Start time: 1747690464504
Connecting to host 34.145.166.89, port 5209
Reverse mode, remote host 34.145.166.89 is sending
[  5] local 192.0.0.2 port 53218 connected to 34.145.166.89 port 5209
[ ID] Interval           Transfer     Bitrate
[  5]   0.00-0.10   sec  40.0 KBytes  3.27 Mbits/sec                  
[  5]   0.10-0.20   sec   230 KBytes  18.9 Mbits/sec                  
[  5]   0.20-0.30   sec   737 KBytes  60.3 Mbits/sec                  
[  5]   0.30-0.40   sec   623 KBytes  51.1 Mbits/sec                  
[  5]   0.40-0.50   sec   860 KBytes  70.5 Mbits/sec                  
[  5]   0.50-0.60   sec   826 KBytes  67.6 Mbits/sec                  
[  5]   0.60-0.70   sec  1.06 MBytes  88.7 Mbits/sec                  
[  5]   0.70-0.80   sec  1.19 MBytes   100 Mbits/sec                  
[  5]   0.80-0.90   sec  1.23 MBytes   103 Mbits/sec                  
[  5]   0.90-1.00   sec  1010 KBytes  82.7 Mbits/sec                  
[  5]   1.00-1.10   sec  1.13 MBytes  95.2 Mbits/sec                  
[  5]   1.10-1.20   sec  1.56 MBytes   131 Mbits/sec                  
[  5]   1.20-1.30   sec  1.27 MBytes   107 Mbits/sec                  
[  5]   1.30-1.40   sec  1.39 MBytes   116 Mbits/sec                  
[  5]   1.40-1.50   sec  2.07 MBytes   173 Mbits/sec                  
[  5]   1.50-1.60   sec  1.82 MBytes   152 Mbits/sec                  
[  5]   1.60-1.70   sec  2.32 MBytes   195 Mbits/sec                  
[  5]   1.70-1.80   sec  1.56 MBytes   131 Mbits/sec                  
[  5]   1.80-1.90   sec  2.22 MBytes   186 Mbits/sec                  
[  5]   1.90-2.00   sec  1.18 MBytes  98.0 Mbits/sec                  
[  5]   2.00-2.10   sec  2.70 MBytes   229 Mbits/sec                  
[  5]   2.10-2.20   sec  2.61 MBytes   219 Mbits/sec                  
[  5]   2.20-2.30   sec  3.57 MBytes   299 Mbits/sec                  
[  5]   2.30-2.40   sec  3.00 MBytes   252 Mbits/sec                  
[  5]   2.40-2.50   sec  3.37 MBytes   283 Mbits/sec                  
[  5]   2.50-2.60   sec  1.75 MBytes   147 Mbits/sec                  
[  5]   2.60-2.70   sec  2.31 MBytes   194 Mbits/sec                  
[  5]   2.70-2.80   sec  2.47 MBytes   207 Mbits/sec                  
[  5]   2.80-2.90   sec  3.43 MBytes   288 Mbits/sec                  
[  5]   2.90-3.00   sec  2.03 MBytes   170 Mbits/sec                  
[  5]   3.00-3.10   sec  2.52 MBytes   212 Mbits/sec                  
[  5]   3.10-3.20   sec  2.11 MBytes   175 Mbits/sec                  
[  5]   3.20-3.30   sec  3.82 MBytes   324 Mbits/sec                  
[  5]   3.30-3.40   sec  2.39 MBytes   201 Mbits/sec                  
[  5]   3.40-3.50   sec  2.92 MBytes   245 Mbits/sec                  
[  5]   3.50-3.60   sec  2.24 MBytes   188 Mbits/sec                  
[  5]   3.60-3.70   sec  1.88 MBytes   158 Mbits/sec                  
[  5]   3.70-3.80   sec  3.83 MBytes   321 Mbits/sec                  
[  5]   3.80-3.90   sec  3.90 MBytes   328 Mbits/sec                  
[  5]   3.90-4.00   sec  3.53 MBytes   296 Mbits/sec                  
[  5]   4.00-4.10   sec  3.91 MBytes   328 Mbits/sec                  
[  5]   4.10-4.20   sec  4.00 MBytes   335 Mbits/sec                  
[  5]   4.20-4.30   sec  4.50 MBytes   377 Mbits/sec                  
[  5]   4.30-4.40   sec  4.46 MBytes   374 Mbits/sec                  
[  5]   4.40-4.50   sec  3.71 MBytes   311 Mbits/sec                  
[  5]   4.50-4.60   sec  3.09 MBytes   260 Mbits/sec                  
[  5]   4.60-4.70   sec  2.54 MBytes   213 Mbits/sec                  
[  5]   4.70-4.80   sec  1.78 MBytes   149 Mbits/sec                  
[  5]   4.80-4.90   sec   397 KBytes  32.2 Mbits/sec                  
[  5]   4.90-5.00   sec  0.00 Bytes  0.00 bits/sec                  
- - - - - - - - - - - - - - - - - - - - - - - - -
[ ID] Interval           Transfer     Bitrate         Retr
[  5]   0.00-5.05   sec   112 MBytes   186 Mbits/sec    1             sender
[  5]   0.00-5.00   sec   109 MBytes   183 Mbits/sec                  receiver

iperf Done.
End time: 1747690470235
