Start time: 1747685578043
Connecting to host 34.145.166.89, port 5207
Reverse mode, remote host 34.145.166.89 is sending
[  5] local 192.0.0.2 port 55360 connected to 34.145.166.89 port 5207
[ ID] Interval           Transfer     Bitrate
[  5]   0.00-0.10   sec  40.0 KBytes  3.23 Mbits/sec                  
[  5]   0.10-0.20   sec  66.6 KBytes  5.46 Mbits/sec                  
[  5]   0.20-0.30   sec  0.00 Bytes  0.00 bits/sec                  
[  5]   0.30-0.40   sec  86.6 KBytes  7.09 Mbits/sec                  
[  5]   0.40-0.50   sec   149 KBytes  12.3 Mbits/sec                  
[  5]   0.50-0.60   sec   157 KBytes  12.9 Mbits/sec                  
[  5]   0.60-0.70   sec   273 KBytes  22.4 Mbits/sec                  
[  5]   0.70-0.80   sec   213 KBytes  17.4 Mbits/sec                  
[  5]   0.80-0.90   sec   101 KBytes  8.20 Mbits/sec                  
[  5]   0.90-1.00   sec   249 KBytes  20.6 Mbits/sec                  
[  5]   1.00-1.10   sec   337 KBytes  27.6 Mbits/sec                  
[  5]   1.10-1.20   sec   220 KBytes  18.0 Mbits/sec                  
[  5]   1.20-1.30   sec   433 KBytes  35.5 Mbits/sec                  
[  5]   1.30-1.40   sec   466 KBytes  38.2 Mbits/sec                  
[  5]   1.40-1.50   sec   372 KBytes  30.4 Mbits/sec                  
[  5]   1.50-1.60   sec   530 KBytes  43.5 Mbits/sec                  
[  5]   1.60-1.70   sec   440 KBytes  36.0 Mbits/sec                  
[  5]   1.70-1.80   sec  26.6 KBytes  2.18 Mbits/sec                  
[  5]   1.80-1.90   sec   595 KBytes  48.8 Mbits/sec                  
[  5]   1.90-2.00   sec   663 KBytes  54.4 Mbits/sec                  
[  5]   2.00-2.10   sec   448 KBytes  36.7 Mbits/sec                  
[  5]   2.10-2.20   sec   618 KBytes  50.6 Mbits/sec                  
[  5]   2.20-2.30   sec   574 KBytes  47.0 Mbits/sec                  
[  5]   2.30-2.40   sec   481 KBytes  39.4 Mbits/sec                  
[  5]   2.40-2.50   sec   482 KBytes  39.5 Mbits/sec                  
[  5]   2.50-2.60   sec   862 KBytes  70.6 Mbits/sec                  
[  5]   2.60-2.70   sec   131 KBytes  10.7 Mbits/sec                  
[  5]   2.70-2.80   sec   815 KBytes  66.7 Mbits/sec                  
[  5]   2.80-2.90   sec   429 KBytes  35.2 Mbits/sec                  
[  5]   2.90-3.00   sec  1011 KBytes  82.8 Mbits/sec                  
[  5]   3.00-3.10   sec  1.40 MBytes   118 Mbits/sec                  
[  5]   3.10-3.20   sec  1.21 MBytes   101 Mbits/sec                  
[  5]   3.20-3.30   sec   272 KBytes  22.0 Mbits/sec                  
[  5]   3.30-3.40   sec   709 KBytes  58.7 Mbits/sec                  
[  5]   3.40-3.50   sec  1.08 MBytes  90.6 Mbits/sec                  
[  5]   3.50-3.60   sec   940 KBytes  76.8 Mbits/sec                  
[  5]   3.60-3.70   sec   753 KBytes  61.7 Mbits/sec                  
[  5]   3.70-3.80   sec   607 KBytes  49.9 Mbits/sec                  
[  5]   3.80-3.90   sec  1.34 MBytes   112 Mbits/sec                  
[  5]   3.90-4.00   sec  1.76 MBytes   148 Mbits/sec                  
[  5]   4.00-4.10   sec  1.66 MBytes   139 Mbits/sec                  
[  5]   4.10-4.20   sec  1.60 MBytes   134 Mbits/sec                  
[  5]   4.20-4.30   sec  1.90 MBytes   160 Mbits/sec                  
[  5]   4.30-4.40   sec  2.53 MBytes   212 Mbits/sec                  
[  5]   4.40-4.50   sec   673 KBytes  55.0 Mbits/sec                  
[  5]   4.50-4.60   sec  2.10 MBytes   177 Mbits/sec                  
[  5]   4.60-4.70   sec  2.29 MBytes   192 Mbits/sec                  
[  5]   4.70-4.80   sec  1.68 MBytes   141 Mbits/sec                  
[  5]   4.80-4.90   sec  1.64 MBytes   137 Mbits/sec                  
[  5]   4.90-5.00   sec  1.59 MBytes   133 Mbits/sec                  
- - - - - - - - - - - - - - - - - - - - - - - - -
[ ID] Interval           Transfer     Bitrate         Retr
[  5]   0.00-5.05   sec  41.3 MBytes  68.6 Mbits/sec    0             sender
[  5]   0.00-5.00   sec  38.6 MBytes  64.8 Mbits/sec                  receiver

iperf Done.
End time: 1747685583735
