Start time: 1730692807323
[2024-11-03T21:00:08.270984-0700] nuttcp-r: v8.1.4: socket
[2024-11-03T21:00:08.271623-0700] nuttcp-r: buflen=65536, nstream=1, port=5379 tcp
[2024-11-03T21:00:08.271687-0700] nuttcp-r: interval reporting every 0.50 seconds
[2024-11-03T21:00:08.271737-0700] nuttcp-r: connect to 54.176.53.206 with RTT=138.923 ms af=inet
[2024-11-03T21:00:08.271785-0700] nuttcp-r: send window size = 2097152, receive window size = 6291456
[2024-11-03T21:00:08.271829-0700] nuttcp-r: available send window = 1572864, available receive window = 4718592
[2024-11-03T21:00:08.271873-0700]     0.3125 MB /   0.50 sec =    5.2426 Mbps     0 retrans
[2024-11-03T21:00:08.771232-0700]     0.0625 MB /   0.50 sec =    1.0483 Mbps     0 retrans
[2024-11-03T21:00:09.271026-0700]     0.1875 MB /   0.50 sec =    3.1459 Mbps     0 retrans
[2024-11-03T21:00:09.771304-0700]     1.0000 MB /   0.50 sec =   16.7756 Mbps     0 retrans
[2024-11-03T21:00:10.271102-0700]     1.1875 MB /   0.50 sec =   19.9257 Mbps     0 retrans
[2024-11-03T21:00:10.770963-0700]     1.1250 MB /   0.50 sec =   18.8758 Mbps     0 retrans
[2024-11-03T21:00:11.271046-0700]     1.1250 MB /   0.50 sec =   18.8739 Mbps     0 retrans
[2024-11-03T21:00:11.771029-0700]     0.6875 MB /   0.50 sec =   11.5346 Mbps     0 retrans
[2024-11-03T21:00:12.271040-0700]     1.0000 MB /   0.50 sec =   16.7753 Mbps     0 retrans
[2024-11-03T21:00:12.771046-0700]     1.8125 MB /   0.50 sec =   30.4117 Mbps     0 retrans
[2024-11-03T21:00:13.271075-0700]     1.6875 MB /   0.50 sec =   28.3087 Mbps     0 retrans
[2024-11-03T21:00:13.771278-0700]     0.0000 MB /   0.50 sec =    0.0000 Mbps     0 retrans
[2024-11-03T21:00:14.271146-0700]     0.0000 MB /   0.50 sec =    0.0000 Mbps     0 retrans
[2024-11-03T21:00:14.771108-0700]     0.0000 MB /   0.50 sec =    0.0000 Mbps     0 retrans
[2024-11-03T21:00:15.271021-0700]     1.2500 MB /   0.50 sec =   20.9734 Mbps     0 retrans
[2024-11-03T21:00:15.771090-0700]     0.2500 MB /   0.50 sec =    4.1941 Mbps     0 retrans
[2024-11-03T21:00:16.271017-0700]     0.8125 MB /   0.50 sec =   13.6325 Mbps     0 retrans
[2024-11-03T21:00:16.771210-0700]     0.6875 MB /   0.50 sec =   11.5336 Mbps     0 retrans
[2024-11-03T21:00:17.271334-0700]     0.0000 MB /   0.50 sec =    0.0000 Mbps     0 retrans
[2024-11-03T21:00:17.771203-0700]     2.1875 MB /   0.50 sec =   36.6974 Mbps     0 retrans
[2024-11-03T21:00:18.270991-0700]     3.1875 MB /   0.50 sec =   53.4956 Mbps     0 retrans
[2024-11-03T21:00:18.771114-0700]     3.6875 MB /   0.50 sec =   61.8667 Mbps     0 retrans
[2024-11-03T21:00:19.271015-0700]     4.5625 MB /   0.50 sec =   76.5451 Mbps     0 retrans
[2024-11-03T21:00:19.771119-0700]     5.6250 MB /   0.50 sec =   94.3560 Mbps     0 retrans
[2024-11-03T21:00:20.271064-0700]     6.6250 MB /   0.50 sec =  111.1626 Mbps     0 retrans
[2024-11-03T21:00:20.771010-0700]     6.9375 MB /   0.50 sec =  116.3961 Mbps     0 retrans
[2024-11-03T21:00:21.271039-0700]     7.3125 MB /   0.50 sec =  122.6775 Mbps     0 retrans
[2024-11-03T21:00:21.771062-0700]     7.9375 MB /   0.50 sec =  133.1686 Mbps     0 retrans
[2024-11-03T21:00:22.270983-0700]     9.1250 MB /   0.50 sec =  153.1043 Mbps     0 retrans
[2024-11-03T21:00:22.771114-0700]     9.6875 MB /   0.50 sec =  162.5114 Mbps     0 retrans
[2024-11-03T21:00:23.271095-0700]     9.3125 MB /   0.50 sec =  156.2438 Mbps     0 retrans
[2024-11-03T21:00:23.771014-0700]    10.6875 MB /   0.50 sec =  179.3162 Mbps     0 retrans
[2024-11-03T21:00:24.271295-0700]     1.1875 MB /   0.50 sec =   19.9211 Mbps     0 retrans
[2024-11-03T21:00:24.771016-0700]     4.8750 MB /   0.50 sec =   81.7960 Mbps     0 retrans
[2024-11-03T21:00:25.271157-0700]     9.1250 MB /   0.50 sec =  153.0933 Mbps     0 retrans
[2024-11-03T21:00:25.771065-0700]     8.5625 MB /   0.50 sec =  143.6460 Mbps     0 retrans
[2024-11-03T21:00:26.270974-0700]     4.4375 MB /   0.50 sec =   74.4544 Mbps     0 retrans
[2024-11-03T21:00:26.771006-0700]     7.3125 MB /   0.50 sec =  122.6807 Mbps     0 retrans
[2024-11-03T21:00:27.271024-0700]     6.2500 MB /   0.50 sec =  104.8582 Mbps     0 retrans
[2024-11-03T21:00:27.771020-0700]    10.8125 MB /   0.50 sec =  181.4026 Mbps     0 retrans
[2024-11-03T21:00:28.271039-0700]    11.1875 MB /   0.50 sec =  187.6936 Mbps     0 retrans
[2024-11-03T21:00:28.771021-0700]     5.1250 MB /   0.50 sec =   85.9846 Mbps     0 retrans
[2024-11-03T21:00:29.270962-0700]     9.7500 MB /   0.50 sec =  163.5795 Mbps     0 retrans
[2024-11-03T21:00:29.771208-0700]     9.5000 MB /   0.50 sec =  159.3756 Mbps     0 retrans
[2024-11-03T21:00:30.271170-0700]     8.7500 MB /   0.50 sec =  146.7657 Mbps     0 retrans
[2024-11-03T21:00:30.770906-0700]     8.3125 MB /   0.50 sec =  139.5094 Mbps     0 retrans
[2024-11-03T21:00:31.271056-0700]     6.4375 MB /   0.50 sec =  107.9943 Mbps     0 retrans
[2024-11-03T21:00:31.771075-0700]     4.7500 MB /   0.50 sec =   79.6881 Mbps     0 retrans
[2024-11-03T21:00:32.271017-0700]     6.6875 MB /   0.50 sec =  112.2044 Mbps     0 retrans
[2024-11-03T21:00:32.771075-0700]     4.0625 MB /   0.50 sec =   68.1505 Mbps     0 retrans
[2024-11-03T21:00:33.271036-0700]     5.7500 MB /   0.50 sec =   96.4769 Mbps     0 retrans
[2024-11-03T21:00:33.771031-0700]     3.8750 MB /   0.50 sec =   65.0112 Mbps     0 retrans
[2024-11-03T21:00:34.271096-0700]     3.6875 MB /   0.50 sec =   61.8583 Mbps     0 retrans
[2024-11-03T21:00:34.771107-0700]     4.6250 MB /   0.50 sec =   77.5990 Mbps     0 retrans
[2024-11-03T21:00:35.271116-0700]     4.6250 MB /   0.50 sec =   77.5866 Mbps     0 retrans
[2024-11-03T21:00:35.771024-0700]     4.4375 MB /   0.50 sec =   74.4627 Mbps     0 retrans
[2024-11-03T21:00:36.271196-0700]     8.0000 MB /   0.50 sec =  134.2038 Mbps     0 retrans
[2024-11-03T21:00:36.770974-0700]     5.8125 MB /   0.50 sec =   97.5295 Mbps     0 retrans
[2024-11-03T21:00:37.271092-0700]     6.4375 MB /   0.50 sec =  107.9876 Mbps     0 retrans
[2024-11-03T21:00:37.771252-0700]     0.8750 MB /   0.50 sec =   14.6768 Mbps     0 retrans
[2024-11-03T21:00:38.271015-0700]    11.5625 MB /   0.50 sec =  194.0572 Mbps     0 retrans
[2024-11-03T21:00:38.771044-0700]     7.2500 MB /   0.50 sec =  121.6231 Mbps     0 retrans
[2024-11-03T21:00:39.271021-0700]     1.5625 MB /   0.50 sec =   26.2169 Mbps     0 retrans
[2024-11-03T21:00:39.771023-0700]     5.1875 MB /   0.50 sec =   87.0315 Mbps     0 retrans
[2024-11-03T21:00:40.271154-0700]     5.0000 MB /   0.50 sec =   83.8732 Mbps     0 retrans
[2024-11-03T21:00:40.770957-0700]     6.6875 MB /   0.50 sec =  112.2129 Mbps     0 retrans
[2024-11-03T21:00:41.271051-0700]     9.0625 MB /   0.50 sec =  152.0405 Mbps     0 retrans
[2024-11-03T21:00:41.770976-0700]    10.8125 MB /   0.50 sec =  181.4127 Mbps     0 retrans
[2024-11-03T21:00:42.271131-0700]     8.4375 MB /   0.50 sec =  141.5374 Mbps     0 retrans
[2024-11-03T21:00:42.771039-0700]     8.9375 MB /   0.50 sec =  149.9602 Mbps     0 retrans
[2024-11-03T21:00:43.271018-0700]    12.5625 MB /   0.50 sec =  210.7625 Mbps     0 retrans
[2024-11-03T21:00:43.771113-0700]    13.6875 MB /   0.50 sec =  229.6143 Mbps     0 retrans
[2024-11-03T21:00:44.271101-0700]    13.9375 MB /   0.50 sec =  233.8348 Mbps     0 retrans
[2024-11-03T21:00:44.771121-0700]    17.5625 MB /   0.50 sec =  294.6563 Mbps     0 retrans
[2024-11-03T21:00:45.271235-0700]    16.9375 MB /   0.50 sec =  284.1817 Mbps     0 retrans
[2024-11-03T21:00:45.771010-0700]    13.0000 MB /   0.50 sec =  218.1182 Mbps     0 retrans
[2024-11-03T21:00:46.271044-0700]    15.1250 MB /   0.50 sec =  253.7463 Mbps     0 retrans
[2024-11-03T21:00:46.771133-0700]    16.0000 MB /   0.50 sec =  268.4124 Mbps     0 retrans
[2024-11-03T21:00:47.270913-0700]    18.3125 MB /   0.50 sec =  307.2887 Mbps     0 retrans
[2024-11-03T21:00:47.771051-0700]    13.0000 MB /   0.50 sec =  218.0855 Mbps     0 retrans
[2024-11-03T21:00:48.271041-0700]     9.2500 MB /   0.50 sec =  155.1886 Mbps     0 retrans
[2024-11-03T21:00:48.771081-0700]    14.5000 MB /   0.50 sec =  243.2546 Mbps     0 retrans
[2024-11-03T21:00:49.271020-0700]    17.0625 MB /   0.50 sec =  286.2859 Mbps     0 retrans
[2024-11-03T21:00:49.771166-0700]    14.9375 MB /   0.50 sec =  250.6082 Mbps     0 retrans
[2024-11-03T21:00:50.271115-0700]    14.5000 MB /   0.50 sec =  243.2327 Mbps     0 retrans
[2024-11-03T21:00:50.770921-0700]    12.6250 MB /   0.50 sec =  211.8573 Mbps     0 retrans
[2024-11-03T21:00:51.271020-0700]    11.1250 MB /   0.50 sec =  186.6379 Mbps     0 retrans
[2024-11-03T21:00:51.770974-0700]     8.7500 MB /   0.50 sec =  146.8018 Mbps     0 retrans
[2024-11-03T21:00:52.271043-0700]     4.8125 MB /   0.50 sec =   80.7352 Mbps     0 retrans
[2024-11-03T21:00:52.771119-0700]     0.1250 MB /   0.50 sec =    2.0969 Mbps     0 retrans
[2024-11-03T21:00:53.271156-0700]     3.3125 MB /   0.50 sec =   55.5732 Mbps     0 retrans
[2024-11-03T21:00:53.771110-0700]     1.8750 MB /   0.50 sec =   31.4597 Mbps     0 retrans
[2024-11-03T21:00:54.271131-0700]     3.0625 MB /   0.50 sec =   51.3754 Mbps     0 retrans
[2024-11-03T21:00:54.771063-0700]     5.0000 MB /   0.50 sec =   83.8978 Mbps     0 retrans
[2024-11-03T21:00:55.271039-0700]     6.3750 MB /   0.50 sec =  106.9595 Mbps     0 retrans
[2024-11-03T21:00:55.771051-0700]     4.1875 MB /   0.50 sec =   70.2518 Mbps     0 retrans
[2024-11-03T21:00:56.271027-0700]     3.0625 MB /   0.50 sec =   51.3828 Mbps     0 retrans
[2024-11-03T21:00:56.770919-0700]     3.1875 MB /   0.50 sec =   53.4797 Mbps     0 retrans
[2024-11-03T21:00:57.271034-0700]     2.1875 MB /   0.50 sec =   36.6971 Mbps     0 retrans
[2024-11-03T21:00:57.770972-0700]     4.7500 MB /   0.50 sec =   79.6985 Mbps     0 retrans
[2024-11-03T21:00:58.271062-0700]     5.0625 MB /   0.50 sec =   84.9206 Mbps     0 retrans
[2024-11-03T21:00:58.771102-0700]     5.6875 MB /   0.50 sec =   95.4189 Mbps     0 retrans
[2024-11-03T21:00:59.271052-0700]     5.7500 MB /   0.50 sec =   96.4842 Mbps     0 retrans
[2024-11-03T21:00:59.771136-0700]     2.8750 MB /   0.50 sec =   48.2244 Mbps     0 retrans
[2024-11-03T21:01:00.271121-0700]     1.4375 MB /   0.50 sec =   24.1186 Mbps     0 retrans
[2024-11-03T21:01:00.771301-0700]     0.0000 MB /   0.50 sec =    0.0000 Mbps     0 retrans
[2024-11-03T21:01:01.270970-0700]     0.0000 MB /   0.50 sec =    0.0000 Mbps     0 retrans
[2024-11-03T21:01:01.771161-0700]     0.0000 MB /   0.50 sec =    0.0000 Mbps     0 retrans
[2024-11-03T21:01:02.271110-0700]     0.0000 MB /   0.50 sec =    0.0000 Mbps     0 retrans
[2024-11-03T21:01:02.771046-0700]     0.0000 MB /   0.50 sec =    0.0000 Mbps     0 retrans
[2024-11-03T21:01:03.271050-0700]     0.0000 MB /   0.50 sec =    0.0000 Mbps     0 retrans
[2024-11-03T21:01:03.771107-0700]     0.2500 MB /   0.50 sec =    4.1940 Mbps     0 retrans
[2024-11-03T21:01:04.271149-0700]     2.2500 MB /   0.50 sec =   37.7472 Mbps     0 retrans
[2024-11-03T21:01:04.771107-0700]     1.1250 MB /   0.50 sec =   18.8751 Mbps     0 retrans
[2024-11-03T21:01:05.271109-0700]     0.2500 MB /   0.50 sec =    4.1943 Mbps     0 retrans
[2024-11-03T21:01:05.771113-0700]     0.0000 MB /   0.50 sec =    0.0000 Mbps     0 retrans
[2024-11-03T21:01:06.271299-0700]     0.0000 MB /   0.50 sec =    0.0000 Mbps     0 retrans
[2024-11-03T21:01:06.771115-0700]     0.0000 MB /   0.50 sec =    0.0000 Mbps     0 retrans
[2024-11-03T21:01:07.271087-0700]     0.5000 MB /   0.50 sec =    8.3883 Mbps     0 retrans
[2024-11-03T21:01:07.771177-0700]     0.7500 MB /   0.50 sec =   12.5818 Mbps     0 retrans
[2024-11-03T21:01:08.271051-0700]     0.0000 MB /   0.50 sec =    0.0000 Mbps     0 retrans
[2024-11-03T21:01:08.771139-0700]     0.0000 MB /   0.50 sec =    0.0000 Mbps     0 retrans
[2024-11-03T21:01:09.271161-0700]     2.0000 MB /   0.50 sec =   33.5518 Mbps     0 retrans
[2024-11-03T21:01:09.771163-0700]     0.0000 MB /   0.50 sec =    0.0000 Mbps     0 retrans
[2024-11-03T21:01:10.271080-0700]     0.0000 MB /   0.50 sec =    0.0000 Mbps     0 retrans
[2024-11-03T21:01:10.771129-0700]     0.0000 MB /   0.50 sec =    0.0000 Mbps     0 retrans
[2024-11-03T21:01:11.271344-0700]     0.0000 MB /   0.50 sec =    0.0000 Mbps     0 retrans
[2024-11-03T21:01:11.771169-0700]     0.0000 MB /   0.50 sec =    0.0000 Mbps     0 retrans
[2024-11-03T21:01:12.271120-0700]     0.0000 MB /   0.50 sec =    0.0000 Mbps     0 retrans
[2024-11-03T21:01:12.771188-0700]     0.6250 MB /   0.50 sec =   10.4846 Mbps     0 retrans
[2024-11-03T21:01:13.271054-0700]     0.0000 MB /   0.50 sec =    0.0000 Mbps     0 retrans
[2024-11-03T21:01:13.771125-0700]     0.0000 MB /   0.50 sec =    0.0000 Mbps     0 retrans
[2024-11-03T21:01:14.271139-0700]     3.0625 MB /   0.50 sec =   51.3808 Mbps     0 retrans
[2024-11-03T21:01:14.771133-0700]     0.0000 MB /   0.50 sec =    0.0000 Mbps     0 retrans
[2024-11-03T21:01:15.271108-0700]     2.2500 MB /   0.50 sec =   37.7529 Mbps     0 retrans
[2024-11-03T21:01:15.771116-0700]     5.1250 MB /   0.50 sec =   85.9774 Mbps     0 retrans
[2024-11-03T21:01:16.271085-0700]     0.0000 MB /   0.50 sec =    0.0000 Mbps     0 retrans
[2024-11-03T21:01:16.771105-0700]     0.0000 MB /   0.50 sec =    0.0000 Mbps     0 retrans
[2024-11-03T21:01:17.270997-0700]     0.0000 MB /   0.50 sec =    0.0000 Mbps     0 retrans
[2024-11-03T21:01:17.771096-0700]     0.5625 MB /   0.50 sec =    9.4361 Mbps     0 retrans
[2024-11-03T21:01:18.271081-0700]     0.0000 MB /   0.50 sec =    0.0000 Mbps     0 retrans
[2024-11-03T21:01:18.771086-0700]     0.0625 MB /   0.50 sec =    1.0485 Mbps     0 retrans
[2024-11-03T21:01:19.271150-0700]     0.0000 MB /   0.50 sec =    0.0000 Mbps     0 retrans
[2024-11-03T21:01:19.771129-0700]     0.0000 MB /   0.50 sec =    0.0000 Mbps     0 retrans
[2024-11-03T21:01:20.271097-0700]     0.0000 MB /   0.50 sec =    0.0000 Mbps     0 retrans
[2024-11-03T21:01:20.771126-0700]     0.0000 MB /   0.50 sec =    0.0000 Mbps     0 retrans
[2024-11-03T21:01:21.271145-0700]     0.0000 MB /   0.50 sec =    0.0000 Mbps     0 retrans
[2024-11-03T21:01:21.771094-0700]     0.0000 MB /   0.50 sec =    0.0000 Mbps     0 retrans
[2024-11-03T21:01:22.271214-0700]     0.5625 MB /   0.50 sec =    9.4380 Mbps     0 retrans
[2024-11-03T21:01:22.770908-0700]     2.1875 MB /   0.50 sec =   36.7045 Mbps     0 retrans
[2024-11-03T21:01:23.271026-0700]     2.6875 MB /   0.50 sec =   45.0849 Mbps     0 retrans
[2024-11-03T21:01:23.771054-0700]     3.3125 MB /   0.50 sec =   55.5735 Mbps     0 retrans
[2024-11-03T21:01:24.271038-0700]     4.0625 MB /   0.50 sec =   68.1584 Mbps     0 retrans
[2024-11-03T21:01:24.771025-0700]     4.6875 MB /   0.50 sec =   78.6437 Mbps     0 retrans
[2024-11-03T21:01:25.271010-0700]     5.9375 MB /   0.50 sec =   99.6163 Mbps     0 retrans
[2024-11-03T21:01:25.771079-0700]     7.5625 MB /   0.50 sec =  126.8622 Mbps     0 retrans
[2024-11-03T21:01:26.271035-0700]     9.8125 MB /   0.50 sec =  164.6419 Mbps     0 retrans
[2024-11-03T21:01:26.771012-0700]    11.6875 MB /   0.50 sec =  196.0872 Mbps     0 retrans
[2024-11-03T21:01:27.271135-0700]    14.8125 MB /   0.50 sec =  248.5125 Mbps     0 retrans
[2024-11-03T21:01:27.771158-0700]    18.0000 MB /   0.50 sec =  301.9235 Mbps     0 retrans
[2024-11-03T21:01:28.270906-0700]    23.6250 MB /   0.50 sec =  396.4783 Mbps     0 retrans
[2024-11-03T21:01:28.771128-0700]    28.1875 MB /   0.50 sec =  472.8066 Mbps     0 retrans
[2024-11-03T21:01:29.271094-0700]    36.8125 MB /   0.50 sec =  617.6496 Mbps     0 retrans
[2024-11-03T21:01:29.771048-0700]    40.2500 MB /   0.50 sec =  675.3113 Mbps     0 retrans
[2024-11-03T21:01:30.271157-0700]    45.0625 MB /   0.50 sec =  755.9296 Mbps     0 retrans
[2024-11-03T21:01:30.771095-0700]    53.5000 MB /   0.50 sec =  897.7606 Mbps     0 retrans
[2024-11-03T21:01:31.271029-0700]    56.3125 MB /   0.50 sec =  944.7141 Mbps     0 retrans
[2024-11-03T21:01:31.771006-0700]    53.8750 MB /   0.50 sec =  903.8906 Mbps     0 retrans
[2024-11-03T21:01:32.271044-0700]    58.0000 MB /   0.50 sec =  972.9482 Mbps     0 retrans
[2024-11-03T21:01:32.770966-0700]    30.5625 MB /   0.50 sec =  512.8132 Mbps     0 retrans
[2024-11-03T21:01:33.271048-0700]    37.4375 MB /   0.50 sec =  628.1309 Mbps     0 retrans
[2024-11-03T21:01:33.770911-0700]    32.7500 MB /   0.50 sec =  549.4703 Mbps     0 retrans
[2024-11-03T21:01:34.271120-0700]    28.6875 MB /   0.50 sec =  481.1944 Mbps     0 retrans
[2024-11-03T21:01:34.771113-0700]    25.1250 MB /   0.50 sec =  421.5318 Mbps     0 retrans
[2024-11-03T21:01:35.271095-0700]    28.4375 MB /   0.50 sec =  477.1145 Mbps     0 retrans
[2024-11-03T21:01:35.771055-0700]    27.6250 MB /   0.50 sec =  463.5086 Mbps     0 retrans
[2024-11-03T21:01:36.270972-0700]    29.1875 MB /   0.50 sec =  489.6977 Mbps     0 retrans
[2024-11-03T21:01:36.771039-0700]    31.9375 MB /   0.50 sec =  535.8223 Mbps     0 retrans
[2024-11-03T21:01:37.271065-0700]    32.1875 MB /   0.50 sec =  539.9832 Mbps     0 retrans
[2024-11-03T21:01:37.771142-0700]    35.7500 MB /   0.50 sec =  599.8251 Mbps     0 retrans
[2024-11-03T21:01:38.270960-0700]    41.9375 MB /   0.50 sec =  703.5804 Mbps     0 retrans
[2024-11-03T21:01:38.770980-0700]    45.3750 MB /   0.50 sec =  761.2677 Mbps     0 retrans
[2024-11-03T21:01:39.270955-0700]    46.6875 MB /   0.50 sec =  783.3207 Mbps     0 retrans
[2024-11-03T21:01:39.771028-0700]    38.3125 MB /   0.50 sec =  642.7514 Mbps     0 retrans
[2024-11-03T21:01:40.271065-0700]    36.7500 MB /   0.50 sec =  616.5405 Mbps     0 retrans
[2024-11-03T21:01:40.770947-0700]    42.5000 MB /   0.50 sec =  713.1073 Mbps     0 retrans
[2024-11-03T21:01:41.271026-0700]    37.4375 MB /   0.50 sec =  628.0455 Mbps     0 retrans
[2024-11-03T21:01:41.771136-0700]    37.3750 MB /   0.50 sec =  627.0685 Mbps     0 retrans
[2024-11-03T21:01:42.271043-0700]    40.6875 MB /   0.50 sec =  682.5970 Mbps     0 retrans
[2024-11-03T21:01:42.770983-0700]    40.3750 MB /   0.50 sec =  677.3706 Mbps     0 retrans
[2024-11-03T21:01:43.270993-0700]    15.3125 MB /   0.50 sec =  256.9124 Mbps     0 retrans
[2024-11-03T21:01:43.771088-0700]    43.6250 MB /   0.50 sec =  731.8695 Mbps     0 retrans
[2024-11-03T21:01:44.271070-0700]    34.7500 MB /   0.50 sec =  582.9919 Mbps     0 retrans
[2024-11-03T21:01:44.770932-0700]    35.9375 MB /   0.50 sec =  603.0096 Mbps     0 retrans
[2024-11-03T21:01:45.271058-0700]    31.9375 MB /   0.50 sec =  535.7730 Mbps     0 retrans
[2024-11-03T21:01:45.771088-0700]    30.1875 MB /   0.50 sec =  506.4774 Mbps     0 retrans
[2024-11-03T21:01:46.270948-0700]    35.7500 MB /   0.50 sec =  599.8311 Mbps     0 retrans
[2024-11-03T21:01:46.771041-0700]    34.4375 MB /   0.50 sec =  577.7272 Mbps     0 retrans
[2024-11-03T21:01:47.271155-0700]    33.5625 MB /   0.50 sec =  563.0774 Mbps     0 retrans
[2024-11-03T21:01:47.771113-0700]    34.2500 MB /   0.50 sec =  574.5438 Mbps     0 retrans
[2024-11-03T21:01:48.271033-0700]    31.3750 MB /   0.50 sec =  526.4620 Mbps     0 retrans
[2024-11-03T21:01:48.771011-0700]    32.4375 MB /   0.50 sec =  544.2175 Mbps     0 retrans
[2024-11-03T21:01:49.271080-0700]    33.7500 MB /   0.50 sec =  566.1710 Mbps     0 retrans
[2024-11-03T21:01:49.771089-0700]    27.0625 MB /   0.50 sec =  454.0280 Mbps     0 retrans
[2024-11-03T21:01:50.271009-0700]    21.5000 MB /   0.50 sec =  360.7498 Mbps     0 retrans
[2024-11-03T21:01:50.771053-0700]    19.2500 MB /   0.50 sec =  322.9582 Mbps     0 retrans
[2024-11-03T21:01:51.271137-0700]    20.1250 MB /   0.50 sec =  337.5962 Mbps     0 retrans
[2024-11-03T21:01:51.771270-0700]    30.8750 MB /   0.50 sec =  518.0131 Mbps     0 retrans
[2024-11-03T21:01:52.270986-0700]    30.3125 MB /   0.50 sec =  508.6255 Mbps     0 retrans
[2024-11-03T21:01:52.770965-0700]    31.8125 MB /   0.50 sec =  533.7316 Mbps     0 retrans
[2024-11-03T21:01:53.271031-0700]    28.1250 MB /   0.50 sec =  471.8384 Mbps     0 retrans
[2024-11-03T21:01:53.771050-0700]    18.5625 MB /   0.50 sec =  311.4202 Mbps     0 retrans
[2024-11-03T21:01:54.271016-0700]    28.2500 MB /   0.50 sec =  473.9715 Mbps     0 retrans
[2024-11-03T21:01:54.771001-0700]    34.9375 MB /   0.50 sec =  586.1610 Mbps     0 retrans
[2024-11-03T21:01:55.270983-0700]    35.9375 MB /   0.50 sec =  602.9179 Mbps     0 retrans
[2024-11-03T21:01:55.771048-0700]    32.7500 MB /   0.50 sec =  549.4340 Mbps     0 retrans
[2024-11-03T21:01:56.271092-0700]    28.1875 MB /   0.50 sec =  472.9589 Mbps     0 retrans
[2024-11-03T21:01:56.771187-0700]    24.9375 MB /   0.50 sec =  418.2438 Mbps     0 retrans
[2024-11-03T21:01:57.271047-0700]    25.8125 MB /   0.50 sec =  433.1503 Mbps     0 retrans
[2024-11-03T21:01:57.771037-0700]    31.1875 MB /   0.50 sec =  523.2635 Mbps     0 retrans
[2024-11-03T21:01:58.271144-0700]    30.0000 MB /   0.50 sec =  503.3034 Mbps     0 retrans
[2024-11-03T21:01:58.771049-0700]    27.0000 MB /   0.50 sec =  452.9993 Mbps     0 retrans
[2024-11-03T21:01:59.271189-0700]    31.0625 MB /   0.50 sec =  521.1277 Mbps     0 retrans
[2024-11-03T21:01:59.771153-0700]    27.9375 MB /   0.50 sec =  468.6882 Mbps     0 retrans
[2024-11-03T21:02:00.271184-0700]    29.1250 MB /   0.50 sec =  488.6677 Mbps     0 retrans
[2024-11-03T21:02:00.770973-0700]    33.6875 MB /   0.50 sec =  565.2220 Mbps     0 retrans
[2024-11-03T21:02:01.271023-0700]    29.1875 MB /   0.50 sec =  489.6537 Mbps     0 retrans
[2024-11-03T21:02:01.771020-0700]    18.8125 MB /   0.50 sec =  315.6302 Mbps     0 retrans
[2024-11-03T21:02:02.271054-0700]    24.3125 MB /   0.50 sec =  407.8749 Mbps     0 retrans
[2024-11-03T21:02:02.771024-0700]    26.4375 MB /   0.50 sec =  443.5681 Mbps     0 retrans
[2024-11-03T21:02:03.270932-0700]    25.5000 MB /   0.50 sec =  427.8353 Mbps     0 retrans
[2024-11-03T21:02:03.771185-0700]    12.9375 MB /   0.50 sec =  217.0227 Mbps     0 retrans
[2024-11-03T21:02:04.271079-0700]    24.9375 MB /   0.50 sec =  418.4019 Mbps     0 retrans
[2024-11-03T21:02:04.770962-0700]    30.1875 MB /   0.50 sec =  506.5169 Mbps     0 retrans
[2024-11-03T21:02:05.271020-0700]    30.1875 MB /   0.50 sec =  506.4399 Mbps     0 retrans
[2024-11-03T21:02:05.771119-0700]    27.5625 MB /   0.50 sec =  462.3545 Mbps     0 retrans
[2024-11-03T21:02:06.270959-0700]    26.8750 MB /   0.50 sec =  450.9689 Mbps     0 retrans
[2024-11-03T21:02:06.770929-0700]    24.5000 MB /   0.50 sec =  411.0492 Mbps     0 retrans
[2024-11-03T21:02:07.271041-0700]    23.7500 MB /   0.50 sec =  398.4342 Mbps     0 retrans
[2024-11-03T21:02:07.770994-0700]    24.0000 MB /   0.50 sec =  402.6661 Mbps     0 retrans
[2024-11-03T21:02:08.271042-0700]    18.6875 MB /   0.50 sec =  313.5060 Mbps     0 retrans
End time: 1730692928436
