Start time: 1745182005266
Connecting to host 34.86.116.81, port 5209
Reverse mode, remote host 34.86.116.81 is sending
[  5] local 192.0.0.2 port 59698 connected to 34.86.116.81 port 5209
[ ID] Interval           Transfer     Bitrate
[  5]   0.00-0.10   sec  40.0 KBytes  3.27 Mbits/sec                  
[  5]   0.10-0.20   sec  77.3 KBytes  6.33 Mbits/sec                  
[  5]   0.20-0.30   sec   186 KBytes  15.3 Mbits/sec                  
[  5]   0.30-0.40   sec   385 KBytes  31.5 Mbits/sec                  
[  5]   0.40-0.50   sec   478 KBytes  39.2 Mbits/sec                  
[  5]   0.50-0.60   sec   934 KBytes  76.5 Mbits/sec                  
[  5]   0.60-0.70   sec  1.11 MBytes  93.1 Mbits/sec                  
[  5]   0.70-0.80   sec  1.31 MBytes   110 Mbits/sec                  
[  5]   0.80-0.90   sec  1.28 MBytes   108 Mbits/sec                  
[  5]   0.90-1.00   sec  1.25 MBytes   105 Mbits/sec                  
[  5]   1.00-1.10   sec  1.29 MBytes   108 Mbits/sec                  
[  5]   1.10-1.20   sec  1.37 MBytes   115 Mbits/sec                  
[  5]   1.20-1.30   sec  1.03 MBytes  86.7 Mbits/sec                  
[  5]   1.30-1.40   sec  1.15 MBytes  96.6 Mbits/sec                  
[  5]   1.40-1.50   sec  1.18 MBytes  98.7 Mbits/sec                  
[  5]   1.50-1.60   sec  1.29 MBytes   108 Mbits/sec                  
[  5]   1.60-1.70   sec  1.29 MBytes   108 Mbits/sec                  
[  5]   1.70-1.80   sec  1.20 MBytes   100 Mbits/sec                  
[  5]   1.80-1.90   sec  1.14 MBytes  95.4 Mbits/sec                  
[  5]   1.90-2.00   sec  1.22 MBytes   103 Mbits/sec                  
[  5]   2.00-2.10   sec  1.34 MBytes   112 Mbits/sec                  
[  5]   2.10-2.20   sec  1.05 MBytes  88.4 Mbits/sec                  
[  5]   2.20-2.30   sec  1.21 MBytes   102 Mbits/sec                  
[  5]   2.30-2.40   sec  1.10 MBytes  92.0 Mbits/sec                  
[  5]   2.40-2.50   sec  1.18 MBytes  99.2 Mbits/sec                  
[  5]   2.50-2.60   sec  1.35 MBytes   113 Mbits/sec                  
[  5]   2.60-2.70   sec  1003 KBytes  82.2 Mbits/sec                  
[  5]   2.70-2.80   sec  1.17 MBytes  97.7 Mbits/sec                  
[  5]   2.80-2.90   sec  1.19 MBytes  99.4 Mbits/sec                  
[  5]   2.90-3.00   sec  1.16 MBytes  97.7 Mbits/sec                  
[  5]   3.00-3.10   sec  1.16 MBytes  96.9 Mbits/sec                  
[  5]   3.10-3.20   sec  1.12 MBytes  93.9 Mbits/sec                  
[  5]   3.20-3.30   sec  1.20 MBytes   101 Mbits/sec                  
[  5]   3.30-3.40   sec  1.11 MBytes  93.0 Mbits/sec                  
[  5]   3.40-3.50   sec  1.13 MBytes  94.5 Mbits/sec                  
[  5]   3.50-3.60   sec  1.19 MBytes  99.5 Mbits/sec                  
[  5]   3.60-3.70   sec  1.06 MBytes  89.0 Mbits/sec                  
[  5]   3.70-3.80   sec  1.16 MBytes  97.2 Mbits/sec                  
[  5]   3.80-3.90   sec  1.14 MBytes  95.4 Mbits/sec                  
[  5]   3.90-4.00   sec  1.04 MBytes  86.8 Mbits/sec                  
[  5]   4.00-4.10   sec   529 KBytes  43.3 Mbits/sec                  
[  5]   4.10-4.20   sec   805 KBytes  65.9 Mbits/sec                  
[  5]   4.20-4.30   sec   631 KBytes  51.7 Mbits/sec                  
[  5]   4.30-4.40   sec   862 KBytes  70.6 Mbits/sec                  
[  5]   4.40-4.50   sec   594 KBytes  48.6 Mbits/sec                  
[  5]   4.50-4.60   sec   852 KBytes  69.9 Mbits/sec                  
[  5]   4.60-4.70   sec   994 KBytes  81.4 Mbits/sec                  
[  5]   4.70-4.80   sec   998 KBytes  81.7 Mbits/sec                  
[  5]   4.80-4.90   sec   845 KBytes  69.2 Mbits/sec                  
[  5]   4.90-5.00   sec   855 KBytes  70.0 Mbits/sec                  
- - - - - - - - - - - - - - - - - - - - - - - - -
[ ID] Interval           Transfer     Bitrate         Retr
[  5]   0.00-5.08   sec   328 MBytes   541 Mbits/sec    0             sender
[  5]   0.00-5.00   sec  50.0 MBytes  83.8 Mbits/sec                  receiver

iperf Done.
End time: 1745182011192
