Start time: 1730843469245
[2024-11-05T15:51:10.571580-0600] nuttcp-r: v8.1.4: socket
[2024-11-05T15:51:10.572373-0600] nuttcp-r: buflen=65536, nstream=1, port=5379 tcp
[2024-11-05T15:51:10.572428-0600] nuttcp-r: interval reporting every 0.50 seconds
[2024-11-05T15:51:10.572463-0600] nuttcp-r: connect to 54.197.223.49 with RTT=89.685 ms af=inet
[2024-11-05T15:51:10.572494-0600] nuttcp-r: send window size = 2097152, receive window size = 6291456
[2024-11-05T15:51:10.572524-0600] nuttcp-r: available send window = 1572864, available receive window = 4718592
[2024-11-05T15:51:10.572552-0600]     0.1250 MB /   0.50 sec =    2.0970 Mbps     0 retrans     13 KB-cwnd
[2024-11-05T15:51:11.071571-0600]     0.3750 MB /   0.50 sec =    6.2903 Mbps     0 retrans     13 KB-cwnd
[2024-11-05T15:51:11.571667-0600]     1.3750 MB /   0.50 sec =   23.0718 Mbps     0 retrans     13 KB-cwnd
[2024-11-05T15:51:12.071500-0600]     2.0000 MB /   0.50 sec =   33.5557 Mbps     0 retrans     13 KB-cwnd
[2024-11-05T15:51:12.571408-0600]     1.9375 MB /   0.50 sec =   32.5048 Mbps     0 retrans     13 KB-cwnd
[2024-11-05T15:51:13.071591-0600]     3.3125 MB /   0.50 sec =   55.5683 Mbps     0 retrans     13 KB-cwnd
[2024-11-05T15:51:13.571541-0600]     2.9375 MB /   0.50 sec =   49.2852 Mbps     0 retrans     13 KB-cwnd
[2024-11-05T15:51:14.071577-0600]     4.2500 MB /   0.50 sec =   71.2996 Mbps     0 retrans     13 KB-cwnd
[2024-11-05T15:51:14.571538-0600]     5.3125 MB /   0.50 sec =   89.1400 Mbps     0 retrans     13 KB-cwnd
[2024-11-05T15:51:15.071558-0600]     4.5625 MB /   0.50 sec =   76.5366 Mbps     0 retrans     13 KB-cwnd
[2024-11-05T15:51:15.571593-0600]     5.8750 MB /   0.50 sec =   98.5663 Mbps     0 retrans     13 KB-cwnd
[2024-11-05T15:51:16.071593-0600]     6.3125 MB /   0.50 sec =  105.9022 Mbps     0 retrans     13 KB-cwnd
[2024-11-05T15:51:16.571689-0600]     9.1250 MB /   0.50 sec =  153.0991 Mbps     0 retrans     13 KB-cwnd
[2024-11-05T15:51:17.071482-0600]     6.3750 MB /   0.50 sec =  106.9657 Mbps     0 retrans     13 KB-cwnd
[2024-11-05T15:51:17.571476-0600]    10.1875 MB /   0.50 sec =  170.9254 Mbps     0 retrans     13 KB-cwnd
[2024-11-05T15:51:18.071531-0600]    11.2500 MB /   0.50 sec =  188.7173 Mbps     0 retrans     13 KB-cwnd
[2024-11-05T15:51:18.571617-0600]    11.2500 MB /   0.50 sec =  188.7237 Mbps     0 retrans     13 KB-cwnd
[2024-11-05T15:51:19.071529-0600]    17.0625 MB /   0.50 sec =  286.3048 Mbps     0 retrans     13 KB-cwnd
[2024-11-05T15:51:19.571512-0600]    16.5625 MB /   0.50 sec =  277.8860 Mbps     0 retrans     13 KB-cwnd
[2024-11-05T15:51:20.071554-0600]    14.3125 MB /   0.50 sec =  240.0989 Mbps     0 retrans     13 KB-cwnd
[2024-11-05T15:51:20.571658-0600]    14.2500 MB /   0.50 sec =  239.0796 Mbps     0 retrans     13 KB-cwnd
[2024-11-05T15:51:21.071596-0600]    20.1250 MB /   0.50 sec =  337.6334 Mbps     0 retrans     13 KB-cwnd
[2024-11-05T15:51:21.571577-0600]    10.6875 MB /   0.50 sec =  179.3130 Mbps     0 retrans     13 KB-cwnd
[2024-11-05T15:51:22.071528-0600]     6.2500 MB /   0.50 sec =  104.8586 Mbps     0 retrans     13 KB-cwnd
[2024-11-05T15:51:22.571500-0600]    19.9375 MB /   0.50 sec =  334.5044 Mbps     0 retrans     13 KB-cwnd
[2024-11-05T15:51:23.072963-0600]    14.0625 MB /   0.50 sec =  235.2596 Mbps     0 retrans     13 KB-cwnd
[2024-11-05T15:51:23.572051-0600]    17.2500 MB /   0.50 sec =  289.9271 Mbps     0 retrans     13 KB-cwnd
[2024-11-05T15:51:24.072581-0600]    20.5000 MB /   0.50 sec =  343.5859 Mbps     0 retrans     13 KB-cwnd
[2024-11-05T15:51:24.571507-0600]    12.1875 MB /   0.50 sec =  204.8952 Mbps     0 retrans     13 KB-cwnd
[2024-11-05T15:51:25.071555-0600]    12.1250 MB /   0.50 sec =  203.4079 Mbps     0 retrans     13 KB-cwnd
[2024-11-05T15:51:25.571613-0600]    24.8750 MB /   0.50 sec =  417.3032 Mbps     0 retrans     13 KB-cwnd
[2024-11-05T15:51:26.071866-0600]    17.1875 MB /   0.50 sec =  288.2149 Mbps     0 retrans     13 KB-cwnd
[2024-11-05T15:51:26.571490-0600]    17.1875 MB /   0.50 sec =  288.5569 Mbps     0 retrans     26 KB-cwnd
[2024-11-05T15:51:27.071699-0600]    14.8125 MB /   0.50 sec =  248.5001 Mbps     0 retrans     26 KB-cwnd
[2024-11-05T15:51:27.571583-0600]    19.5625 MB /   0.50 sec =  328.1682 Mbps     0 retrans     26 KB-cwnd
[2024-11-05T15:51:28.071445-0600]    18.6875 MB /   0.50 sec =  313.5907 Mbps     0 retrans     26 KB-cwnd
[2024-11-05T15:51:28.571527-0600]    15.0000 MB /   0.50 sec =  251.6291 Mbps     0 retrans     26 KB-cwnd
[2024-11-05T15:51:29.071495-0600]    30.6875 MB /   0.50 sec =  514.9044 Mbps   272 retrans   8141 KB-cwnd
[2024-11-05T15:51:29.571692-0600]    23.2500 MB /   0.50 sec =  389.9634 Mbps     0 retrans   8141 KB-cwnd
[2024-11-05T15:51:30.071636-0600]    18.7500 MB /   0.50 sec =  314.5942 Mbps     0 retrans   8141 KB-cwnd
[2024-11-05T15:51:30.571484-0600]    22.1250 MB /   0.50 sec =  371.2672 Mbps     5 retrans   8141 KB-cwnd
[2024-11-05T15:51:31.071550-0600]    22.8750 MB /   0.50 sec =  383.7251 Mbps     7 retrans   8141 KB-cwnd
[2024-11-05T15:51:31.571632-0600]    18.2500 MB /   0.50 sec =  306.1793 Mbps     1 retrans   8141 KB-cwnd
[2024-11-05T15:51:32.071661-0600]    25.5625 MB /   0.50 sec =  428.8110 Mbps   396 retrans   9571 KB-cwnd
[2024-11-05T15:51:32.571518-0600]    23.3125 MB /   0.50 sec =  391.2581 Mbps     0 retrans   9571 KB-cwnd
[2024-11-05T15:51:33.071502-0600]    26.4375 MB /   0.50 sec =  443.5006 Mbps     0 retrans   9571 KB-cwnd
[2024-11-05T15:51:33.571484-0600]    19.0000 MB /   0.50 sec =  318.7760 Mbps  2267 retrans  21435 KB-cwnd
[2024-11-05T15:51:34.071491-0600]    26.0000 MB /   0.50 sec =  436.1937 Mbps     0 retrans  21435 KB-cwnd
[2024-11-05T15:51:34.571533-0600]    25.8750 MB /   0.50 sec =  434.0809 Mbps     0 retrans  21435 KB-cwnd
[2024-11-05T15:51:35.071539-0600]    22.0625 MB /   0.50 sec =  370.1333 Mbps    16 retrans  18629 KB-cwnd
[2024-11-05T15:51:35.571481-0600]    17.9375 MB /   0.50 sec =  300.9702 Mbps     0 retrans  18629 KB-cwnd
[2024-11-05T15:51:36.071403-0600]    26.3750 MB /   0.50 sec =  442.5283 Mbps     0 retrans  18629 KB-cwnd
[2024-11-05T15:51:36.571610-0600]    26.4375 MB /   0.50 sec =  443.4501 Mbps    18 retrans   7920 KB-cwnd
[2024-11-05T15:51:37.072292-0600]    14.3750 MB /   0.50 sec =  240.9195 Mbps     0 retrans   7920 KB-cwnd
[2024-11-05T15:51:37.571509-0600]    30.1250 MB /   0.50 sec =  506.0411 Mbps     0 retrans   7920 KB-cwnd
[2024-11-05T15:51:38.071557-0600]    17.5625 MB /   0.50 sec =  294.6133 Mbps    14 retrans  17446 KB-cwnd
[2024-11-05T15:51:38.571431-0600]    28.2500 MB /   0.50 sec =  474.0094 Mbps     0 retrans  17446 KB-cwnd
[2024-11-05T15:51:39.071450-0600]    13.5000 MB /   0.50 sec =  226.5042 Mbps     0 retrans  17446 KB-cwnd
[2024-11-05T15:51:39.571572-0600]    21.1875 MB /   0.50 sec =  355.4090 Mbps     0 retrans  17446 KB-cwnd
[2024-11-05T15:51:40.071528-0600]    26.6875 MB /   0.50 sec =  447.7563 Mbps   142 retrans  15191 KB-cwnd
[2024-11-05T15:51:40.572717-0600]    18.0625 MB /   0.50 sec =  302.3364 Mbps     0 retrans  15191 KB-cwnd
[2024-11-05T15:51:41.071604-0600]    17.0000 MB /   0.50 sec =  285.8610 Mbps     0 retrans  15195 KB-cwnd
[2024-11-05T15:51:41.574062-0600]    11.9375 MB /   0.50 sec =  199.2943 Mbps     0 retrans  15201 KB-cwnd
[2024-11-05T15:51:42.071594-0600]    21.0000 MB /   0.50 sec =  354.0706 Mbps    12 retrans  17881 KB-cwnd
[2024-11-05T15:51:42.571631-0600]    15.5000 MB /   0.50 sec =  260.0307 Mbps     0 retrans  17881 KB-cwnd
[2024-11-05T15:51:43.071654-0600]    27.5625 MB /   0.50 sec =  462.3869 Mbps     0 retrans  17881 KB-cwnd
[2024-11-05T15:51:43.571646-0600]    19.6875 MB /   0.50 sec =  330.3867 Mbps     0 retrans  17881 KB-cwnd
[2024-11-05T15:51:44.071644-0600]    17.0625 MB /   0.50 sec =  286.2166 Mbps  1880 retrans   5092 KB-cwnd
[2024-11-05T15:51:44.571585-0600]     2.9375 MB /   0.50 sec =   49.2838 Mbps     0 retrans   5092 KB-cwnd
[2024-11-05T15:51:45.071630-0600]    28.1875 MB /   0.50 sec =  472.9437 Mbps     0 retrans   5092 KB-cwnd
[2024-11-05T15:51:45.571701-0600]    14.4375 MB /   0.50 sec =  242.1905 Mbps     0 retrans  22351 KB-cwnd
[2024-11-05T15:51:46.071559-0600]    14.5625 MB /   0.50 sec =  244.3378 Mbps     0 retrans  22351 KB-cwnd
[2024-11-05T15:51:46.571980-0600]    27.7500 MB /   0.50 sec =  465.2188 Mbps    24 retrans   6082 KB-cwnd
[2024-11-05T15:51:47.072146-0600]    19.5625 MB /   0.50 sec =  328.0816 Mbps     0 retrans   6082 KB-cwnd
[2024-11-05T15:51:47.571592-0600]    16.3750 MB /   0.50 sec =  275.0113 Mbps     0 retrans   6082 KB-cwnd
[2024-11-05T15:51:48.072722-0600]    12.6250 MB /   0.50 sec =  211.3997 Mbps     0 retrans   6082 KB-cwnd
[2024-11-05T15:51:48.571610-0600]    18.3750 MB /   0.50 sec =  308.9041 Mbps    17 retrans      5 KB-cwnd
[2024-11-05T15:51:49.071576-0600]    21.1250 MB /   0.50 sec =  354.4286 Mbps     0 retrans      5 KB-cwnd
[2024-11-05T15:51:49.571711-0600]    19.2500 MB /   0.50 sec =  322.9401 Mbps     0 retrans      5 KB-cwnd
[2024-11-05T15:51:50.071682-0600]    23.0000 MB /   0.50 sec =  385.8567 Mbps    13 retrans  15527 KB-cwnd
[2024-11-05T15:51:50.571595-0600]    24.3125 MB /   0.50 sec =  407.9230 Mbps     0 retrans  15575 KB-cwnd
[2024-11-05T15:51:51.071412-0600]    18.3750 MB /   0.50 sec =  308.3418 Mbps     0 retrans  15819 KB-cwnd
[2024-11-05T15:51:51.571501-0600]    24.0625 MB /   0.50 sec =  403.6913 Mbps    18 retrans   3386 KB-cwnd
[2024-11-05T15:51:52.071675-0600]    21.3750 MB /   0.50 sec =  358.5255 Mbps     0 retrans   3386 KB-cwnd
[2024-11-05T15:51:52.571615-0600]    18.8125 MB /   0.50 sec =  315.6485 Mbps     0 retrans   3386 KB-cwnd
[2024-11-05T15:51:53.071596-0600]    23.1875 MB /   0.50 sec =  389.0248 Mbps     0 retrans   3386 KB-cwnd
[2024-11-05T15:51:53.571618-0600]    19.9375 MB /   0.50 sec =  334.4897 Mbps   721 retrans   7708 KB-cwnd
[2024-11-05T15:51:54.071621-0600]     7.8750 MB /   0.50 sec =  132.1214 Mbps     0 retrans   8819 KB-cwnd
[2024-11-05T15:51:54.571496-0600]    28.1875 MB /   0.50 sec =  473.0062 Mbps     0 retrans   9553 KB-cwnd
[2024-11-05T15:51:55.071528-0600]    19.8125 MB /   0.50 sec =  332.3813 Mbps     0 retrans   9593 KB-cwnd
[2024-11-05T15:51:55.571786-0600]    10.1875 MB /   0.50 sec =  170.8810 Mbps     9 retrans   7195 KB-cwnd
[2024-11-05T15:51:56.071449-0600]    26.1250 MB /   0.50 sec =  438.4293 Mbps     0 retrans   7716 KB-cwnd
[2024-11-05T15:51:56.571521-0600]    20.1250 MB /   0.50 sec =  337.6327 Mbps     0 retrans   8362 KB-cwnd
[2024-11-05T15:51:57.071542-0600]    37.4375 MB /   0.50 sec =  628.0493 Mbps    25 retrans   6849 KB-cwnd
[2024-11-05T15:51:57.571540-0600]    15.0625 MB /   0.50 sec =  252.6927 Mbps     1 retrans   6849 KB-cwnd
[2024-11-05T15:51:58.071558-0600]    21.0000 MB /   0.50 sec =  352.3131 Mbps     0 retrans   6849 KB-cwnd
[2024-11-05T15:51:58.571445-0600]    22.0625 MB /   0.50 sec =  370.2140 Mbps     0 retrans   6849 KB-cwnd
[2024-11-05T15:51:59.071534-0600]    16.7500 MB /   0.50 sec =  281.0071 Mbps   327 retrans  13618 KB-cwnd
[2024-11-05T15:51:59.571523-0600]    13.1250 MB /   0.50 sec =  220.1930 Mbps     0 retrans  13618 KB-cwnd
[2024-11-05T15:52:00.071598-0600]    19.6875 MB /   0.50 sec =  330.2552 Mbps     0 retrans  13618 KB-cwnd
[2024-11-05T15:52:00.571495-0600]    10.5000 MB /   0.50 sec =  176.1932 Mbps     0 retrans  13618 KB-cwnd
[2024-11-05T15:52:01.071582-0600]    23.8125 MB /   0.50 sec =  399.4643 Mbps     3 retrans  15102 KB-cwnd
[2024-11-05T15:52:01.571769-0600]    22.3125 MB /   0.50 sec =  374.2967 Mbps     0 retrans  15102 KB-cwnd
[2024-11-05T15:52:02.071563-0600]    17.5000 MB /   0.50 sec =  293.6224 Mbps     0 retrans  15102 KB-cwnd
[2024-11-05T15:52:02.571575-0600]    27.5625 MB /   0.50 sec =  462.4183 Mbps    10 retrans   5170 KB-cwnd
[2024-11-05T15:52:03.071591-0600]    14.8750 MB /   0.50 sec =  249.5621 Mbps     0 retrans   5170 KB-cwnd
[2024-11-05T15:52:03.571457-0600]    20.4375 MB /   0.50 sec =  342.9488 Mbps     0 retrans   5170 KB-cwnd
[2024-11-05T15:52:04.071467-0600]    13.8125 MB /   0.50 sec =  231.7302 Mbps     0 retrans   5170 KB-cwnd
[2024-11-05T15:52:04.571511-0600]    27.3125 MB /   0.50 sec =  458.2094 Mbps    40 retrans  15933 KB-cwnd
[2024-11-05T15:52:05.071601-0600]    19.0000 MB /   0.50 sec =  318.7218 Mbps     0 retrans  15933 KB-cwnd
[2024-11-05T15:52:05.571520-0600]    13.0625 MB /   0.50 sec =  219.1664 Mbps     0 retrans  15933 KB-cwnd
[2024-11-05T15:52:06.071534-0600]    11.7500 MB /   0.50 sec =  197.1327 Mbps     0 retrans  15933 KB-cwnd
[2024-11-05T15:52:06.572745-0600]    16.0000 MB /   0.50 sec =  267.7858 Mbps     0 retrans  15933 KB-cwnd
[2024-11-05T15:52:07.071644-0600]     3.5000 MB /   0.50 sec =   58.8542 Mbps     0 retrans  15933 KB-cwnd
[2024-11-05T15:52:07.574456-0600]    19.1875 MB /   0.50 sec =  320.1800 Mbps   137 retrans   9025 KB-cwnd
[2024-11-05T15:52:08.071508-0600]    11.9375 MB /   0.50 sec =  201.4099 Mbps     0 retrans   9025 KB-cwnd
[2024-11-05T15:52:08.571407-0600]     6.6250 MB /   0.50 sec =  111.1597 Mbps     0 retrans   9072 KB-cwnd
[2024-11-05T15:52:09.071485-0600]    13.9375 MB /   0.50 sec =  233.8203 Mbps     0 retrans   9072 KB-cwnd
[2024-11-05T15:52:09.571455-0600]    18.0000 MB /   0.50 sec =  301.9959 Mbps     0 retrans   9240 KB-cwnd
[2024-11-05T15:52:10.071739-0600]     9.0000 MB /   0.50 sec =  150.9738 Mbps     0 retrans   9240 KB-cwnd
[2024-11-05T15:52:10.571565-0600]    21.8125 MB /   0.50 sec =  365.9479 Mbps    11 retrans   7339 KB-cwnd
[2024-11-05T15:52:11.071559-0600]    14.0625 MB /   0.50 sec =  235.9305 Mbps     0 retrans   8086 KB-cwnd
[2024-11-05T15:52:11.571582-0600]    10.6875 MB /   0.50 sec =  179.3000 Mbps     0 retrans   8847 KB-cwnd
[2024-11-05T15:52:12.071563-0600]     8.0625 MB /   0.50 sec =  135.2731 Mbps     0 retrans   8847 KB-cwnd
[2024-11-05T15:52:12.571583-0600]     6.0000 MB /   0.50 sec =  100.6792 Mbps     0 retrans   8847 KB-cwnd
[2024-11-05T15:52:13.071433-0600]    13.3750 MB /   0.50 sec =  224.3962 Mbps     0 retrans   8847 KB-cwnd
[2024-11-05T15:52:13.571473-0600]    10.8750 MB /   0.50 sec =  182.4442 Mbps    19 retrans   9108 KB-cwnd
[2024-11-05T15:52:14.071456-0600]    13.4375 MB /   0.50 sec =  225.4465 Mbps     0 retrans   9108 KB-cwnd
[2024-11-05T15:52:14.571487-0600]    13.8750 MB /   0.50 sec =  232.7918 Mbps     0 retrans   9108 KB-cwnd
[2024-11-05T15:52:15.071541-0600]    15.6250 MB /   0.50 sec =  262.0979 Mbps     0 retrans   9108 KB-cwnd
[2024-11-05T15:52:15.571464-0600]    14.3750 MB /   0.50 sec =  241.2091 Mbps     0 retrans   9108 KB-cwnd
[2024-11-05T15:52:16.071497-0600]     6.0625 MB /   0.50 sec =  101.7052 Mbps     0 retrans   9108 KB-cwnd
[2024-11-05T15:52:16.571558-0600]    14.7500 MB /   0.50 sec =  247.4818 Mbps    19 retrans  10826 KB-cwnd
[2024-11-05T15:52:17.071573-0600]     2.7500 MB /   0.50 sec =   46.1307 Mbps     0 retrans  10826 KB-cwnd
[2024-11-05T15:52:17.571545-0600]    14.0000 MB /   0.50 sec =  234.8763 Mbps     0 retrans  10826 KB-cwnd
[2024-11-05T15:52:18.071531-0600]     4.4375 MB /   0.50 sec =   74.4508 Mbps     0 retrans  10826 KB-cwnd
[2024-11-05T15:52:18.571528-0600]     0.0000 MB /   0.50 sec =    0.0000 Mbps     0 retrans  10826 KB-cwnd
[2024-11-05T15:52:19.071465-0600]     7.9375 MB /   0.50 sec =  133.1921 Mbps     0 retrans  10826 KB-cwnd
[2024-11-05T15:52:19.571539-0600]    14.6250 MB /   0.50 sec =  245.3413 Mbps     0 retrans  10826 KB-cwnd
[2024-11-05T15:52:20.071573-0600]    11.3125 MB /   0.50 sec =  189.7797 Mbps     0 retrans  10826 KB-cwnd
[2024-11-05T15:52:20.571584-0600]    20.4375 MB /   0.50 sec =  342.9502 Mbps   114 retrans   7776 KB-cwnd
[2024-11-05T15:52:21.071476-0600]    20.1250 MB /   0.50 sec =  337.6394 Mbps     0 retrans   7795 KB-cwnd
[2024-11-05T15:52:21.571881-0600]    21.5000 MB /   0.50 sec =  360.4751 Mbps     0 retrans   8660 KB-cwnd
[2024-11-05T15:52:22.071629-0600]    17.8750 MB /   0.50 sec =  299.9989 Mbps    25 retrans   7632 KB-cwnd
[2024-11-05T15:52:22.571587-0600]    21.4375 MB /   0.50 sec =  359.7119 Mbps     0 retrans   7632 KB-cwnd
[2024-11-05T15:52:23.071419-0600]    23.6875 MB /   0.50 sec =  397.4779 Mbps     0 retrans   7632 KB-cwnd
[2024-11-05T15:52:23.571501-0600]    19.6875 MB /   0.50 sec =  330.2856 Mbps     0 retrans   7632 KB-cwnd
[2024-11-05T15:52:24.073174-0600]    13.0000 MB /   0.50 sec =  218.0916 Mbps  3288 retrans   9907 KB-cwnd
[2024-11-05T15:52:24.571486-0600]    16.9375 MB /   0.50 sec =  284.1857 Mbps     0 retrans   9928 KB-cwnd
[2024-11-05T15:52:25.071569-0600]    12.9375 MB /   0.50 sec =  217.0222 Mbps     0 retrans   9928 KB-cwnd
[2024-11-05T15:52:25.571521-0600]    22.3125 MB /   0.50 sec =  374.3821 Mbps     0 retrans   9928 KB-cwnd
[2024-11-05T15:52:26.071658-0600]    17.3750 MB /   0.50 sec =  291.4709 Mbps    13 retrans  10898 KB-cwnd
[2024-11-05T15:52:26.571593-0600]    22.6250 MB /   0.50 sec =  379.5769 Mbps     3 retrans   3003 KB-cwnd
[2024-11-05T15:52:27.072196-0600]    15.3125 MB /   0.50 sec =  256.6117 Mbps     0 retrans   3003 KB-cwnd
[2024-11-05T15:52:27.571741-0600]    27.3125 MB /   0.50 sec =  458.7323 Mbps     0 retrans   3003 KB-cwnd
[2024-11-05T15:52:28.071851-0600]    19.0625 MB /   0.50 sec =  319.6737 Mbps    85 retrans  14890 KB-cwnd
[2024-11-05T15:52:28.571506-0600]    26.2500 MB /   0.50 sec =  440.6434 Mbps     0 retrans  15026 KB-cwnd
[2024-11-05T15:52:29.071497-0600]    31.5000 MB /   0.50 sec =  528.4950 Mbps     9 retrans  12646 KB-cwnd
[2024-11-05T15:52:29.571668-0600]    23.1250 MB /   0.50 sec =  387.8637 Mbps     0 retrans  12832 KB-cwnd
[2024-11-05T15:52:30.071522-0600]    11.9375 MB /   0.50 sec =  200.3305 Mbps     0 retrans  12832 KB-cwnd
[2024-11-05T15:52:30.571425-0600]    22.0000 MB /   0.50 sec =  369.1512 Mbps     0 retrans  12832 KB-cwnd
[2024-11-05T15:52:31.071482-0600]    21.6875 MB /   0.50 sec =  363.8457 Mbps    43 retrans   3469 KB-cwnd
[2024-11-05T15:52:31.571610-0600]    20.3125 MB /   0.50 sec =  340.7136 Mbps     0 retrans   3469 KB-cwnd
[2024-11-05T15:52:32.071606-0600]    25.0000 MB /   0.50 sec =  419.5252 Mbps     0 retrans   3469 KB-cwnd
[2024-11-05T15:52:32.571499-0600]    34.4375 MB /   0.50 sec =  577.7388 Mbps     3 retrans  17969 KB-cwnd
[2024-11-05T15:52:33.071564-0600]    13.3750 MB /   0.50 sec =  224.3589 Mbps     0 retrans  17969 KB-cwnd
[2024-11-05T15:52:33.571553-0600]     0.0000 MB /   0.50 sec =    0.0000 Mbps     0 retrans  17969 KB-cwnd
[2024-11-05T15:52:34.071506-0600]    12.1250 MB /   0.50 sec =  203.4388 Mbps     0 retrans  17969 KB-cwnd
[2024-11-05T15:52:34.571543-0600]     0.0000 MB /   0.50 sec =    0.0000 Mbps     0 retrans  17969 KB-cwnd
[2024-11-05T15:52:35.071363-0600]     2.3125 MB /   0.50 sec =   38.8054 Mbps     0 retrans  17969 KB-cwnd
[2024-11-05T15:52:35.571467-0600]    13.2500 MB /   0.50 sec =  222.2786 Mbps     0 retrans  17969 KB-cwnd
[2024-11-05T15:52:36.071516-0600]     0.0000 MB /   0.50 sec =    0.0000 Mbps     0 retrans  17969 KB-cwnd
[2024-11-05T15:52:36.571558-0600]    12.3750 MB /   0.50 sec =  207.6077 Mbps     7 retrans  14552 KB-cwnd
[2024-11-05T15:52:37.071642-0600]     8.4375 MB /   0.50 sec =  141.5680 Mbps     0 retrans  14552 KB-cwnd
[2024-11-05T15:52:37.571725-0600]     6.5625 MB /   0.50 sec =  110.0948 Mbps     0 retrans  14552 KB-cwnd
[2024-11-05T15:52:38.071467-0600]    13.2500 MB /   0.50 sec =  222.3288 Mbps     0 retrans  14902 KB-cwnd
[2024-11-05T15:52:38.571433-0600]    11.1875 MB /   0.50 sec =  187.6974 Mbps     0 retrans  14902 KB-cwnd
[2024-11-05T15:52:39.071474-0600]    12.2500 MB /   0.50 sec =  205.5176 Mbps     0 retrans  14924 KB-cwnd
[2024-11-05T15:52:39.571592-0600]     6.9375 MB /   0.50 sec =  116.3680 Mbps     0 retrans  14924 KB-cwnd
[2024-11-05T15:52:40.071514-0600]    14.0000 MB /   0.50 sec =  234.9069 Mbps    14 retrans  17145 KB-cwnd
[2024-11-05T15:52:40.571556-0600]    11.2500 MB /   0.50 sec =  188.7429 Mbps     0 retrans  17145 KB-cwnd
[2024-11-05T15:52:41.071483-0600]    19.8125 MB /   0.50 sec =  332.4285 Mbps     0 retrans  17145 KB-cwnd
[2024-11-05T15:52:41.571710-0600]    10.8750 MB /   0.50 sec =  182.4300 Mbps     0 retrans  17145 KB-cwnd
[2024-11-05T15:52:42.071371-0600]    25.9375 MB /   0.50 sec =  435.2409 Mbps     0 retrans  17145 KB-cwnd
[2024-11-05T15:52:42.571543-0600]    20.4375 MB /   0.50 sec =  342.8508 Mbps  3163 retrans   4819 KB-cwnd
[2024-11-05T15:52:43.071513-0600]    17.9375 MB /   0.50 sec =  300.9431 Mbps     0 retrans   4819 KB-cwnd
[2024-11-05T15:52:43.571553-0600]    21.0000 MB /   0.50 sec =  352.3159 Mbps     0 retrans   4819 KB-cwnd
[2024-11-05T15:52:44.071426-0600]    26.4375 MB /   0.50 sec =  443.5636 Mbps   395 retrans   7504 KB-cwnd
[2024-11-05T15:52:44.571473-0600]    19.7500 MB /   0.50 sec =  331.3619 Mbps     0 retrans   7504 KB-cwnd
[2024-11-05T15:52:45.071577-0600]    19.3125 MB /   0.50 sec =  323.9873 Mbps     0 retrans   7504 KB-cwnd
[2024-11-05T15:52:45.571548-0600]    20.4375 MB /   0.50 sec =  342.8871 Mbps     0 retrans   7504 KB-cwnd
[2024-11-05T15:52:46.071533-0600]     2.4375 MB /   0.50 sec =   40.8936 Mbps     0 retrans   7504 KB-cwnd
[2024-11-05T15:52:46.571479-0600]    19.5625 MB /   0.50 sec =  328.2273 Mbps    11 retrans  10464 KB-cwnd
[2024-11-05T15:52:47.071479-0600]     9.1875 MB /   0.50 sec =  154.1370 Mbps     0 retrans  10464 KB-cwnd
[2024-11-05T15:52:47.571544-0600]     8.1250 MB /   0.50 sec =  136.3086 Mbps     0 retrans  10464 KB-cwnd
[2024-11-05T15:52:48.071591-0600]    12.0000 MB /   0.50 sec =  201.3294 Mbps     0 retrans  10464 KB-cwnd
[2024-11-05T15:52:48.571409-0600]     0.0000 MB /   0.50 sec =    0.0000 Mbps     0 retrans  10464 KB-cwnd
[2024-11-05T15:52:49.071627-0600]     7.2500 MB /   0.50 sec =  121.6287 Mbps     0 retrans  10464 KB-cwnd
[2024-11-05T15:52:49.571456-0600]     6.6875 MB /   0.50 sec =  112.2008 Mbps     0 retrans  10464 KB-cwnd
[2024-11-05T15:52:50.071504-0600]     6.1250 MB /   0.50 sec =  102.7572 Mbps     0 retrans  10464 KB-cwnd
[2024-11-05T15:52:50.571504-0600]     9.2500 MB /   0.50 sec =  155.1896 Mbps   586 retrans  12229 KB-cwnd
[2024-11-05T15:52:51.071532-0600]     5.3125 MB /   0.50 sec =   89.1259 Mbps     0 retrans  12229 KB-cwnd
[2024-11-05T15:52:51.571596-0600]     9.2500 MB /   0.50 sec =  155.1681 Mbps     0 retrans  12229 KB-cwnd
[2024-11-05T15:52:52.071437-0600]     3.5000 MB /   0.50 sec =   58.7307 Mbps     0 retrans  12229 KB-cwnd
[2024-11-05T15:52:52.571655-0600]     0.7500 MB /   0.50 sec =   12.5816 Mbps     0 retrans  12229 KB-cwnd
[2024-11-05T15:52:53.071568-0600]     0.0000 MB /   0.50 sec =    0.0000 Mbps     0 retrans  12229 KB-cwnd
[2024-11-05T15:52:53.571554-0600]     2.5625 MB /   0.50 sec =   42.9936 Mbps     0 retrans  12229 KB-cwnd
[2024-11-05T15:52:54.071585-0600]    10.4375 MB /   0.50 sec =  175.1010 Mbps     0 retrans  12229 KB-cwnd
[2024-11-05T15:52:54.571553-0600]     0.0000 MB /   0.50 sec =    0.0000 Mbps     0 retrans  12229 KB-cwnd
[2024-11-05T15:52:55.071602-0600]     5.6250 MB /   0.50 sec =   94.3658 Mbps     0 retrans  12229 KB-cwnd
[2024-11-05T15:52:55.571513-0600]    11.8750 MB /   0.50 sec =  199.2701 Mbps     0 retrans  12229 KB-cwnd
[2024-11-05T15:52:56.071476-0600]     7.8750 MB /   0.50 sec =  132.1208 Mbps     0 retrans  12229 KB-cwnd
[2024-11-05T15:52:56.571628-0600]     8.5000 MB /   0.50 sec =  142.6026 Mbps     0 retrans  12229 KB-cwnd
[2024-11-05T15:52:57.071450-0600]    10.1875 MB /   0.50 sec =  170.9271 Mbps  1531 retrans   6796 KB-cwnd
[2024-11-05T15:52:57.571528-0600]     5.5625 MB /   0.50 sec =   93.3048 Mbps     0 retrans   6796 KB-cwnd
[2024-11-05T15:52:58.071481-0600]    15.3750 MB /   0.50 sec =  257.9920 Mbps     0 retrans   6796 KB-cwnd
[2024-11-05T15:52:58.571478-0600]     8.3750 MB /   0.50 sec =  140.5067 Mbps     0 retrans   6796 KB-cwnd
[2024-11-05T15:52:59.071824-0600]    10.4375 MB /   0.50 sec =  175.0061 Mbps     0 retrans   6796 KB-cwnd
[2024-11-05T15:52:59.571490-0600]    15.1875 MB /   0.50 sec =  254.9575 Mbps     0 retrans   6796 KB-cwnd
[2024-11-05T15:53:00.071611-0600]     9.4375 MB /   0.50 sec =  158.3052 Mbps  1215 retrans   6580 KB-cwnd
[2024-11-05T15:53:00.571500-0600]    16.3750 MB /   0.50 sec =  274.7758 Mbps     0 retrans   6580 KB-cwnd
[2024-11-05T15:53:01.071372-0600]    19.0000 MB /   0.50 sec =  318.8028 Mbps     0 retrans   6580 KB-cwnd
[2024-11-05T15:53:01.571631-0600]    18.2500 MB /   0.50 sec =  306.0795 Mbps     0 retrans   6580 KB-cwnd
[2024-11-05T15:53:02.071385-0600]    19.3125 MB /   0.50 sec =  324.1092 Mbps   373 retrans   5338 KB-cwnd
[2024-11-05T15:53:02.571654-0600]    17.9375 MB /   0.50 sec =  300.8523 Mbps     0 retrans   4526 KB-cwnd
[2024-11-05T15:53:03.074073-0600]    14.6875 MB /   0.50 sec =  245.2133 Mbps     0 retrans   4526 KB-cwnd
[2024-11-05T15:53:03.571502-0600]    24.6250 MB /   0.50 sec =  415.2643 Mbps     0 retrans   4526 KB-cwnd
[2024-11-05T15:53:04.072002-0600]    20.7500 MB /   0.50 sec =  347.7822 Mbps    36 retrans   4090 KB-cwnd
[2024-11-05T15:53:04.571656-0600]    16.9375 MB /   0.50 sec =  284.3779 Mbps     1 retrans   4098 KB-cwnd
[2024-11-05T15:53:05.071525-0600]    18.2500 MB /   0.50 sec =  306.2307 Mbps     0 retrans   5181 KB-cwnd
[2024-11-05T15:53:05.571698-0600]    17.5000 MB /   0.50 sec =  293.5995 Mbps     0 retrans   6108 KB-cwnd
[2024-11-05T15:53:06.071553-0600]     6.3125 MB /   0.50 sec =  105.9036 Mbps     0 retrans   6108 KB-cwnd
[2024-11-05T15:53:06.571473-0600]    20.4375 MB /   0.50 sec =  342.9296 Mbps    24 retrans  10898 KB-cwnd
[2024-11-05T15:53:07.071590-0600]     0.2500 MB /   0.50 sec =    4.1935 Mbps     0 retrans  10898 KB-cwnd
[2024-11-05T15:53:07.571431-0600]    19.0000 MB /   0.50 sec =  318.8207 Mbps     0 retrans  10999 KB-cwnd
[2024-11-05T15:53:08.071568-0600]    12.4375 MB /   0.50 sec =  208.6458 Mbps     0 retrans  10999 KB-cwnd
[2024-11-05T15:53:08.571491-0600]    15.8125 MB /   0.50 sec =  265.3163 Mbps     0 retrans  11115 KB-cwnd
[2024-11-05T15:53:09.071502-0600]    16.0625 MB /   0.50 sec =  269.4695 Mbps   233 retrans   4845 KB-cwnd
[2024-11-05T15:53:09.571511-0600]    17.6250 MB /   0.50 sec =  295.7239 Mbps     0 retrans   5188 KB-cwnd
[2024-11-05T15:53:10.071858-0600]    18.0000 MB /   0.50 sec =  301.7817 Mbps     0 retrans   5409 KB-cwnd
End time: 1730843590391
