Start time: 1730521520924
[2024-11-01T21:25:21.891059-0700] nuttcp-r: v8.1.4: socket
[2024-11-01T21:25:21.891763-0700] nuttcp-r: buflen=65536, nstream=1, port=5110 tcp
[2024-11-01T21:25:21.891831-0700] nuttcp-r: interval reporting every 0.50 seconds
[2024-11-01T21:25:21.891884-0700] nuttcp-r: connect to 54.176.53.206 with RTT=35.290 ms af=inet
[2024-11-01T21:25:21.891933-0700] nuttcp-r: send window size = 2097152, receive window size = 6291456
[2024-11-01T21:25:21.891982-0700] nuttcp-r: available send window = 1572864, available receive window = 4718592
[2024-11-01T21:25:21.892031-0700]     3.9375 MB /   0.50 sec =   66.0541 Mbps     0 retrans
[2024-11-01T21:25:22.390980-0700]    10.3125 MB /   0.50 sec =  172.9964 Mbps     0 retrans
[2024-11-01T21:25:22.890903-0700]    10.8125 MB /   0.50 sec =  181.4182 Mbps     0 retrans
[2024-11-01T21:25:23.390961-0700]    11.0000 MB /   0.50 sec =  184.5302 Mbps     0 retrans
[2024-11-01T21:25:23.891047-0700]    12.3125 MB /   0.50 sec =  206.5373 Mbps     0 retrans
[2024-11-01T21:25:24.391642-0700]    15.5000 MB /   0.50 sec =  259.8535 Mbps     0 retrans
[2024-11-01T21:25:24.890978-0700]    14.1875 MB /   0.50 sec =  238.2312 Mbps     0 retrans
[2024-11-01T21:25:25.392364-0700]    15.8125 MB /   0.50 sec =  264.7116 Mbps     0 retrans
[2024-11-01T21:25:25.890948-0700]    18.3750 MB /   0.50 sec =  308.9295 Mbps     0 retrans
[2024-11-01T21:25:26.392160-0700]    17.8125 MB /   0.50 sec =  298.2084 Mbps     0 retrans
[2024-11-01T21:25:26.891811-0700]    10.5000 MB /   0.50 sec =  176.2538 Mbps     0 retrans
[2024-11-01T21:25:27.390976-0700]    17.7500 MB /   0.50 sec =  298.3003 Mbps     0 retrans
[2024-11-01T21:25:27.890844-0700]    13.8750 MB /   0.50 sec =  232.8337 Mbps     0 retrans
[2024-11-01T21:25:28.390909-0700]    13.0625 MB /   0.50 sec =  219.1226 Mbps     0 retrans
[2024-11-01T21:25:28.890850-0700]    12.4375 MB /   0.50 sec =  208.6917 Mbps     0 retrans
[2024-11-01T21:25:29.390971-0700]    12.5625 MB /   0.50 sec =  210.7153 Mbps     0 retrans
[2024-11-01T21:25:29.890832-0700]    14.3125 MB /   0.50 sec =  240.1835 Mbps     0 retrans
[2024-11-01T21:25:30.390980-0700]    14.8750 MB /   0.50 sec =  249.5057 Mbps     0 retrans
[2024-11-01T21:25:30.890859-0700]    16.0000 MB /   0.50 sec =  268.4832 Mbps     0 retrans
[2024-11-01T21:25:31.391189-0700]    15.6875 MB /   0.50 sec =  263.1342 Mbps     0 retrans
[2024-11-01T21:25:31.890765-0700]    17.9375 MB /   0.50 sec =  301.0304 Mbps     0 retrans
[2024-11-01T21:25:32.391342-0700]    14.9375 MB /   0.50 sec =  250.3603 Mbps     0 retrans
[2024-11-01T21:25:32.890837-0700]    18.5000 MB /   0.50 sec =  310.6743 Mbps     0 retrans
[2024-11-01T21:25:33.391000-0700]    14.4375 MB /   0.50 sec =  242.1644 Mbps     0 retrans
[2024-11-01T21:25:33.890855-0700]    13.1875 MB /   0.50 sec =  221.2942 Mbps     0 retrans
[2024-11-01T21:25:34.390902-0700]    19.2500 MB /   0.50 sec =  322.9646 Mbps     0 retrans
[2024-11-01T21:25:34.890868-0700]    15.8125 MB /   0.50 sec =  265.2823 Mbps     0 retrans
[2024-11-01T21:25:35.390961-0700]    14.2500 MB /   0.50 sec =  239.0342 Mbps     0 retrans
[2024-11-01T21:25:35.890990-0700]    14.9375 MB /   0.50 sec =  250.6011 Mbps     0 retrans
[2024-11-01T21:25:36.391217-0700]    14.6250 MB /   0.50 sec =  245.3167 Mbps     0 retrans
[2024-11-01T21:25:36.891160-0700]    15.1875 MB /   0.50 sec =  254.7617 Mbps     0 retrans
[2024-11-01T21:25:37.390984-0700]    18.1250 MB /   0.50 sec =  304.2733 Mbps     0 retrans
[2024-11-01T21:25:37.891538-0700]    12.0625 MB /   0.50 sec =  202.1189 Mbps     0 retrans
[2024-11-01T21:25:38.390862-0700]    14.5000 MB /   0.50 sec =  243.5795 Mbps     0 retrans
[2024-11-01T21:25:38.891035-0700]    10.8125 MB /   0.50 sec =  181.3449 Mbps     0 retrans
[2024-11-01T21:25:39.391105-0700]    16.7500 MB /   0.50 sec =  281.0111 Mbps     0 retrans
[2024-11-01T21:25:39.890855-0700]    12.4375 MB /   0.50 sec =  208.7334 Mbps     0 retrans
[2024-11-01T21:25:40.391100-0700]    15.4375 MB /   0.50 sec =  258.9170 Mbps     0 retrans
[2024-11-01T21:25:40.890956-0700]    15.5000 MB /   0.50 sec =  260.1421 Mbps     0 retrans
[2024-11-01T21:25:41.391240-0700]    13.8750 MB /   0.50 sec =  232.6620 Mbps     0 retrans
[2024-11-01T21:25:41.891805-0700]     7.0625 MB /   0.50 sec =  118.3956 Mbps     0 retrans
[2024-11-01T21:25:42.391260-0700]    14.4375 MB /   0.50 sec =  242.3398 Mbps     0 retrans
[2024-11-01T21:25:42.891020-0700]     8.5625 MB /   0.50 sec =  143.7302 Mbps     0 retrans
[2024-11-01T21:25:43.390878-0700]    13.3125 MB /   0.50 sec =  223.4083 Mbps     0 retrans
[2024-11-01T21:25:43.891010-0700]    13.0625 MB /   0.50 sec =  219.0902 Mbps     0 retrans
[2024-11-01T21:25:44.390979-0700]    11.8125 MB /   0.50 sec =  198.1971 Mbps     0 retrans
[2024-11-01T21:25:44.890838-0700]    16.0625 MB /   0.50 sec =  269.5433 Mbps     0 retrans
[2024-11-01T21:25:45.390858-0700]    15.5000 MB /   0.50 sec =  260.0416 Mbps     0 retrans
[2024-11-01T21:25:45.890959-0700]    13.1875 MB /   0.50 sec =  221.2106 Mbps     0 retrans
[2024-11-01T21:25:46.391057-0700]    11.9375 MB /   0.50 sec =  200.3153 Mbps     0 retrans
[2024-11-01T21:25:46.890952-0700]    16.8125 MB /   0.50 sec =  282.0839 Mbps     0 retrans
[2024-11-01T21:25:47.392408-0700]    14.8750 MB /   0.50 sec =  248.8246 Mbps     0 retrans
[2024-11-01T21:25:47.891023-0700]    15.0000 MB /   0.50 sec =  252.3183 Mbps     0 retrans
[2024-11-01T21:25:48.390860-0700]    16.0625 MB /   0.50 sec =  269.5579 Mbps     0 retrans
[2024-11-01T21:25:48.891030-0700]    14.4375 MB /   0.50 sec =  242.1474 Mbps     0 retrans
[2024-11-01T21:25:49.391110-0700]    18.3125 MB /   0.50 sec =  307.2088 Mbps     0 retrans
[2024-11-01T21:25:49.890995-0700]    15.3750 MB /   0.50 sec =  257.9786 Mbps     0 retrans
[2024-11-01T21:25:50.390938-0700]    15.6875 MB /   0.50 sec =  263.2310 Mbps     0 retrans
[2024-11-01T21:25:50.891013-0700]    11.0000 MB /   0.50 sec =  184.5250 Mbps     0 retrans
[2024-11-01T21:25:51.390785-0700]    15.0625 MB /   0.50 sec =  252.7821 Mbps     0 retrans
[2024-11-01T21:25:51.890903-0700]    13.9375 MB /   0.50 sec =  233.8035 Mbps     0 retrans
[2024-11-01T21:25:52.390838-0700]    11.0625 MB /   0.50 sec =  185.5987 Mbps     0 retrans
[2024-11-01T21:25:52.891173-0700]    11.0000 MB /   0.50 sec =  184.4424 Mbps     0 retrans
[2024-11-01T21:25:53.391128-0700]     9.7500 MB /   0.50 sec =  163.6626 Mbps     0 retrans
[2024-11-01T21:25:53.890844-0700]    12.8750 MB /   0.50 sec =  216.0417 Mbps     0 retrans
[2024-11-01T21:25:54.390862-0700]    11.4375 MB /   0.50 sec =  191.8856 Mbps     0 retrans
[2024-11-01T21:25:54.890853-0700]    14.1250 MB /   0.50 sec =  236.9796 Mbps     0 retrans
[2024-11-01T21:25:55.390971-0700]    14.5000 MB /   0.50 sec =  243.2443 Mbps     0 retrans
[2024-11-01T21:25:55.890857-0700]     7.2500 MB /   0.50 sec =  121.6431 Mbps     0 retrans
[2024-11-01T21:25:56.390895-0700]    14.3750 MB /   0.50 sec =  241.1759 Mbps     0 retrans
[2024-11-01T21:25:56.890786-0700]    13.6875 MB /   0.50 sec =  229.6515 Mbps     0 retrans
[2024-11-01T21:25:57.390968-0700]    12.0000 MB /   0.50 sec =  201.2823 Mbps     0 retrans
[2024-11-01T21:25:57.890928-0700]    17.1875 MB /   0.50 sec =  288.3711 Mbps     0 retrans
[2024-11-01T21:25:58.390893-0700]    15.0625 MB /   0.50 sec =  252.7412 Mbps     0 retrans
[2024-11-01T21:25:58.890879-0700]    10.4375 MB /   0.50 sec =  175.1055 Mbps     0 retrans
[2024-11-01T21:25:59.390949-0700]     9.3750 MB /   0.50 sec =  157.2826 Mbps     0 retrans
[2024-11-01T21:25:59.890901-0700]    10.1875 MB /   0.50 sec =  170.9196 Mbps     0 retrans
[2024-11-01T21:26:00.391107-0700]     8.5000 MB /   0.50 sec =  142.5981 Mbps     0 retrans
[2024-11-01T21:26:00.891648-0700]     4.4375 MB /   0.50 sec =   74.3414 Mbps     0 retrans
[2024-11-01T21:26:01.390788-0700]    10.9375 MB /   0.50 sec =  183.7893 Mbps     0 retrans
[2024-11-01T21:26:01.891261-0700]     6.9375 MB /   0.50 sec =  116.2938 Mbps     0 retrans
[2024-11-01T21:26:02.390898-0700]     8.0000 MB /   0.50 sec =  134.3276 Mbps     0 retrans
[2024-11-01T21:26:02.890832-0700]    10.1875 MB /   0.50 sec =  170.9223 Mbps     0 retrans
[2024-11-01T21:26:03.391165-0700]    11.3125 MB /   0.50 sec =  189.6807 Mbps     0 retrans
[2024-11-01T21:26:03.891006-0700]    10.3750 MB /   0.50 sec =  174.1148 Mbps     0 retrans
[2024-11-01T21:26:04.391052-0700]    12.5000 MB /   0.50 sec =  209.7106 Mbps     0 retrans
[2024-11-01T21:26:04.890990-0700]    13.8750 MB /   0.50 sec =  232.7983 Mbps     0 retrans
[2024-11-01T21:26:05.391078-0700]    11.1875 MB /   0.50 sec =  187.6827 Mbps     0 retrans
[2024-11-01T21:26:05.890977-0700]    12.4375 MB /   0.50 sec =  208.6808 Mbps     0 retrans
[2024-11-01T21:26:06.390911-0700]    11.8125 MB /   0.50 sec =  198.2150 Mbps     0 retrans
[2024-11-01T21:26:06.891219-0700]    11.0625 MB /   0.50 sec =  185.5137 Mbps     0 retrans
[2024-11-01T21:26:07.391263-0700]    15.0000 MB /   0.50 sec =  251.5969 Mbps     0 retrans
[2024-11-01T21:26:07.891014-0700]    11.2500 MB /   0.50 sec =  188.8351 Mbps     0 retrans
[2024-11-01T21:26:08.391123-0700]    11.5625 MB /   0.50 sec =  193.9679 Mbps     0 retrans
[2024-11-01T21:26:08.891162-0700]    13.1250 MB /   0.50 sec =  220.2142 Mbps     0 retrans
[2024-11-01T21:26:09.391445-0700]     9.1250 MB /   0.50 sec =  152.9783 Mbps     0 retrans
[2024-11-01T21:26:09.890935-0700]    10.8125 MB /   0.50 sec =  181.5754 Mbps     0 retrans
[2024-11-01T21:26:10.391039-0700]    10.9375 MB /   0.50 sec =  183.4630 Mbps     0 retrans
[2024-11-01T21:26:10.891043-0700]    16.2500 MB /   0.50 sec =  272.6292 Mbps     0 retrans
[2024-11-01T21:26:11.391021-0700]    14.1250 MB /   0.50 sec =  236.9801 Mbps     0 retrans
[2024-11-01T21:26:11.891555-0700]    11.0000 MB /   0.50 sec =  184.3514 Mbps     0 retrans
[2024-11-01T21:26:12.390992-0700]     8.1875 MB /   0.50 sec =  137.5197 Mbps     0 retrans
[2024-11-01T21:26:12.890863-0700]    20.8750 MB /   0.50 sec =  350.3085 Mbps     0 retrans
[2024-11-01T21:26:13.391974-0700]    13.2500 MB /   0.50 sec =  221.8212 Mbps     0 retrans
[2024-11-01T21:26:13.891700-0700]    14.4375 MB /   0.50 sec =  242.5174 Mbps     0 retrans
[2024-11-01T21:26:14.392484-0700]    10.6250 MB /   0.50 sec =  177.8787 Mbps     0 retrans
[2024-11-01T21:26:14.891108-0700]     5.9375 MB /   0.50 sec =   99.8968 Mbps     0 retrans
[2024-11-01T21:26:15.390936-0700]    11.1875 MB /   0.50 sec =  187.7274 Mbps     0 retrans
[2024-11-01T21:26:15.891096-0700]    11.5625 MB /   0.50 sec =  193.9722 Mbps     0 retrans
[2024-11-01T21:26:16.390889-0700]    10.5000 MB /   0.50 sec =  176.1868 Mbps     0 retrans
[2024-11-01T21:26:16.891303-0700]    15.9375 MB /   0.50 sec =  267.2522 Mbps     0 retrans
[2024-11-01T21:26:17.392430-0700]    14.3750 MB /   0.50 sec =  240.6147 Mbps     0 retrans
[2024-11-01T21:26:17.890980-0700]    13.3125 MB /   0.50 sec =  223.9752 Mbps     0 retrans
[2024-11-01T21:26:18.390905-0700]    17.5625 MB /   0.50 sec =  294.6499 Mbps     0 retrans
[2024-11-01T21:26:18.890845-0700]    14.8750 MB /   0.50 sec =  249.5671 Mbps     0 retrans
[2024-11-01T21:26:19.391180-0700]     9.2500 MB /   0.50 sec =  155.1470 Mbps     0 retrans
[2024-11-01T21:26:19.891008-0700]    16.6250 MB /   0.50 sec =  278.9212 Mbps     0 retrans
[2024-11-01T21:26:20.391129-0700]     9.3125 MB /   0.50 sec =  156.2128 Mbps     0 retrans
[2024-11-01T21:26:20.890994-0700]    14.9375 MB /   0.50 sec =  250.6478 Mbps     0 retrans
[2024-11-01T21:26:21.390940-0700]    14.4375 MB /   0.50 sec =  242.2521 Mbps     0 retrans
[2024-11-01T21:26:21.890922-0700]    14.8125 MB /   0.50 sec =  248.5170 Mbps     0 retrans
[2024-11-01T21:26:22.390882-0700]    10.9375 MB /   0.50 sec =  183.5225 Mbps     0 retrans
[2024-11-01T21:26:22.891024-0700]    11.8750 MB /   0.50 sec =  199.1717 Mbps     0 retrans
[2024-11-01T21:26:23.391912-0700]    14.6250 MB /   0.50 sec =  244.9460 Mbps     0 retrans
[2024-11-01T21:26:23.890833-0700]    14.7500 MB /   0.50 sec =  247.9683 Mbps     0 retrans
[2024-11-01T21:26:24.390907-0700]    10.6875 MB /   0.50 sec =  179.2982 Mbps     0 retrans
[2024-11-01T21:26:24.890889-0700]    13.2500 MB /   0.50 sec =  222.2861 Mbps     0 retrans
[2024-11-01T21:26:25.390953-0700]     9.8750 MB /   0.50 sec =  165.6644 Mbps     0 retrans
[2024-11-01T21:26:25.891024-0700]     9.5000 MB /   0.50 sec =  159.3408 Mbps     0 retrans
[2024-11-01T21:26:26.391408-0700]     4.5625 MB /   0.50 sec =   76.5005 Mbps     0 retrans
[2024-11-01T21:26:26.890990-0700]     6.3125 MB /   0.50 sec =  105.9842 Mbps     0 retrans
[2024-11-01T21:26:27.390916-0700]    13.4375 MB /   0.50 sec =  225.4953 Mbps     0 retrans
[2024-11-01T21:26:27.891012-0700]     9.1875 MB /   0.50 sec =  154.1034 Mbps     0 retrans
[2024-11-01T21:26:28.391064-0700]     9.3125 MB /   0.50 sec =  156.2328 Mbps     0 retrans
[2024-11-01T21:26:28.890852-0700]    13.1875 MB /   0.50 sec =  221.3195 Mbps     0 retrans
[2024-11-01T21:26:29.391062-0700]     9.6875 MB /   0.50 sec =  162.4721 Mbps     0 retrans
[2024-11-01T21:26:29.891500-0700]    14.0625 MB /   0.50 sec =  235.7043 Mbps     0 retrans
[2024-11-01T21:26:30.391960-0700]    12.0625 MB /   0.50 sec =  202.2134 Mbps     0 retrans
[2024-11-01T21:26:30.890877-0700]    10.4375 MB /   0.50 sec =  175.4610 Mbps     0 retrans
[2024-11-01T21:26:31.391370-0700]    10.4375 MB /   0.50 sec =  174.9726 Mbps     0 retrans
[2024-11-01T21:26:31.890902-0700]    12.4375 MB /   0.50 sec =  208.8270 Mbps     0 retrans
[2024-11-01T21:26:32.390982-0700]    11.8125 MB /   0.50 sec =  198.2237 Mbps     0 retrans
[2024-11-01T21:26:32.890847-0700]    12.1250 MB /   0.50 sec =  203.4119 Mbps     0 retrans
[2024-11-01T21:26:33.390891-0700]    11.3125 MB /   0.50 sec =  189.7737 Mbps     0 retrans
[2024-11-01T21:26:33.891466-0700]     8.1875 MB /   0.50 sec =  137.2150 Mbps     0 retrans
[2024-11-01T21:26:34.391367-0700]    15.1250 MB /   0.50 sec =  254.0348 Mbps     0 retrans
[2024-11-01T21:26:34.891590-0700]    12.0625 MB /   0.50 sec =  202.1064 Mbps     0 retrans
[2024-11-01T21:26:35.391066-0700]    14.4375 MB /   0.50 sec =  242.4752 Mbps     0 retrans
[2024-11-01T21:26:35.890832-0700]    17.1250 MB /   0.50 sec =  287.4173 Mbps     0 retrans
[2024-11-01T21:26:36.392661-0700]    10.5000 MB /   0.50 sec =  175.6990 Mbps     0 retrans
[2024-11-01T21:26:36.890798-0700]    15.0000 MB /   0.50 sec =  252.3274 Mbps     0 retrans
[2024-11-01T21:26:37.390928-0700]    13.8125 MB /   0.50 sec =  231.7219 Mbps     0 retrans
[2024-11-01T21:26:37.891090-0700]    13.0625 MB /   0.50 sec =  219.1020 Mbps     0 retrans
[2024-11-01T21:26:38.390866-0700]    16.9375 MB /   0.50 sec =  284.2306 Mbps     0 retrans
[2024-11-01T21:26:38.890750-0700]    14.6250 MB /   0.50 sec =  245.3879 Mbps     0 retrans
[2024-11-01T21:26:39.390906-0700]    11.1875 MB /   0.50 sec =  187.6647 Mbps     0 retrans
[2024-11-01T21:26:39.891553-0700]    14.3750 MB /   0.50 sec =  240.8671 Mbps     0 retrans
[2024-11-01T21:26:40.391928-0700]    15.1250 MB /   0.50 sec =  253.5789 Mbps     0 retrans
[2024-11-01T21:26:40.890930-0700]    16.2500 MB /   0.50 sec =  273.1466 Mbps     0 retrans
[2024-11-01T21:26:41.392095-0700]    13.1875 MB /   0.50 sec =  220.8807 Mbps     0 retrans
[2024-11-01T21:26:41.890845-0700]    17.8750 MB /   0.50 sec =  300.4468 Mbps     0 retrans
[2024-11-01T21:26:42.391070-0700]    16.5000 MB /   0.50 sec =  276.7211 Mbps     0 retrans
[2024-11-01T21:26:42.890873-0700]    14.0000 MB /   0.50 sec =  234.9553 Mbps     0 retrans
[2024-11-01T21:26:43.390939-0700]     9.0000 MB /   0.50 sec =  150.9832 Mbps     0 retrans
[2024-11-01T21:26:43.891574-0700]     7.0000 MB /   0.50 sec =  117.2894 Mbps     0 retrans
[2024-11-01T21:26:44.390857-0700]    18.0000 MB /   0.50 sec =  302.4096 Mbps     0 retrans
[2024-11-01T21:26:44.891019-0700]    10.8750 MB /   0.50 sec =  182.4026 Mbps     0 retrans
[2024-11-01T21:26:45.391013-0700]    13.5000 MB /   0.50 sec =  226.4938 Mbps     0 retrans
[2024-11-01T21:26:45.891002-0700]    12.2500 MB /   0.50 sec =  205.5234 Mbps     0 retrans
[2024-11-01T21:26:46.392124-0700]    16.3750 MB /   0.50 sec =  274.1457 Mbps     0 retrans
[2024-11-01T21:26:46.891014-0700]    14.5625 MB /   0.50 sec =  244.8338 Mbps     0 retrans
[2024-11-01T21:26:47.391614-0700]     9.8125 MB /   0.50 sec =  164.4390 Mbps     0 retrans
[2024-11-01T21:26:47.890960-0700]    16.1250 MB /   0.50 sec =  270.8685 Mbps     0 retrans
[2024-11-01T21:26:48.390973-0700]    14.5625 MB /   0.50 sec =  244.3163 Mbps     0 retrans
[2024-11-01T21:26:48.890886-0700]    12.8750 MB /   0.50 sec =  216.0417 Mbps     0 retrans
[2024-11-01T21:26:49.391006-0700]    12.5625 MB /   0.50 sec =  210.7208 Mbps     0 retrans
[2024-11-01T21:26:49.891096-0700]    16.0000 MB /   0.50 sec =  268.4822 Mbps     0 retrans
[2024-11-01T21:26:50.391023-0700]    13.1250 MB /   0.50 sec =  220.1618 Mbps     0 retrans
[2024-11-01T21:26:50.890980-0700]    15.5625 MB /   0.50 sec =  261.1001 Mbps     0 retrans
[2024-11-01T21:26:51.391918-0700]    12.9375 MB /   0.50 sec =  216.6596 Mbps     0 retrans
[2024-11-01T21:26:51.890994-0700]    15.1250 MB /   0.50 sec =  254.2089 Mbps     0 retrans
[2024-11-01T21:26:52.391664-0700]    14.3750 MB /   0.50 sec =  240.8618 Mbps     0 retrans
[2024-11-01T21:26:52.890911-0700]    18.4375 MB /   0.50 sec =  309.7710 Mbps     0 retrans
[2024-11-01T21:26:53.392002-0700]    15.3750 MB /   0.50 sec =  257.4251 Mbps     0 retrans
[2024-11-01T21:26:53.890920-0700]     6.1875 MB /   0.50 sec =  104.0179 Mbps     0 retrans
[2024-11-01T21:26:54.390982-0700]    13.6250 MB /   0.50 sec =  228.6394 Mbps     0 retrans
[2024-11-01T21:26:54.890876-0700]    14.7500 MB /   0.50 sec =  247.4471 Mbps     0 retrans
[2024-11-01T21:26:55.391056-0700]    16.3750 MB /   0.50 sec =  274.6368 Mbps     0 retrans
[2024-11-01T21:26:55.890787-0700]    10.9375 MB /   0.50 sec =  183.5724 Mbps     0 retrans
[2024-11-01T21:26:56.391048-0700]    14.6250 MB /   0.50 sec =  245.2844 Mbps     0 retrans
[2024-11-01T21:26:56.891526-0700]    14.3125 MB /   0.50 sec =  239.8759 Mbps     0 retrans
[2024-11-01T21:26:57.390865-0700]    15.0625 MB /   0.50 sec =  253.0403 Mbps     0 retrans
[2024-11-01T21:26:57.890855-0700]    11.7500 MB /   0.50 sec =  197.1307 Mbps     0 retrans
[2024-11-01T21:26:58.390852-0700]    11.6250 MB /   0.50 sec =  195.0488 Mbps     0 retrans
[2024-11-01T21:26:58.890949-0700]    15.1875 MB /   0.50 sec =  254.7510 Mbps     0 retrans
[2024-11-01T21:26:59.392319-0700]    10.6250 MB /   0.50 sec =  177.8084 Mbps     0 retrans
[2024-11-01T21:26:59.890829-0700]    17.3750 MB /   0.50 sec =  292.2939 Mbps     0 retrans
[2024-11-01T21:27:00.391059-0700]     9.9375 MB /   0.50 sec =  166.6609 Mbps     0 retrans
[2024-11-01T21:27:00.891014-0700]    14.0000 MB /   0.50 sec =  234.8951 Mbps     0 retrans
[2024-11-01T21:27:01.391055-0700]    11.1875 MB /   0.50 sec =  187.6868 Mbps     0 retrans
[2024-11-01T21:27:01.890857-0700]    14.7500 MB /   0.50 sec =  247.5436 Mbps     0 retrans
[2024-11-01T21:27:02.391393-0700]    11.1875 MB /   0.50 sec =  187.5039 Mbps     0 retrans
[2024-11-01T21:27:02.890962-0700]    12.7500 MB /   0.50 sec =  214.0893 Mbps     0 retrans
[2024-11-01T21:27:03.390922-0700]    18.0000 MB /   0.50 sec =  302.0153 Mbps     0 retrans
[2024-11-01T21:27:03.891193-0700]    12.6875 MB /   0.50 sec =  212.7537 Mbps     0 retrans
[2024-11-01T21:27:04.391092-0700]    13.5625 MB /   0.50 sec =  227.5624 Mbps     0 retrans
[2024-11-01T21:27:04.890907-0700]    14.6875 MB /   0.50 sec =  246.5140 Mbps     0 retrans
[2024-11-01T21:27:05.391032-0700]    13.0000 MB /   0.50 sec =  218.1295 Mbps     0 retrans
[2024-11-01T21:27:05.890912-0700]     5.7500 MB /   0.50 sec =   96.4514 Mbps     0 retrans
[2024-11-01T21:27:06.391947-0700]    17.3750 MB /   0.50 sec =  290.9502 Mbps     0 retrans
[2024-11-01T21:27:06.890933-0700]    10.2500 MB /   0.50 sec =  172.3384 Mbps     0 retrans
[2024-11-01T21:27:07.390999-0700]    13.1875 MB /   0.50 sec =  221.1854 Mbps     0 retrans
[2024-11-01T21:27:07.890972-0700]     6.1250 MB /   0.50 sec =  102.7475 Mbps     0 retrans
[2024-11-01T21:27:08.392407-0700]     9.8125 MB /   0.50 sec =  164.1818 Mbps     0 retrans
[2024-11-01T21:27:08.890844-0700]     6.8750 MB /   0.50 sec =  115.6983 Mbps     0 retrans
[2024-11-01T21:27:09.390898-0700]     4.1250 MB /   0.50 sec =   69.2026 Mbps     0 retrans
[2024-11-01T21:27:09.890980-0700]     9.4375 MB /   0.50 sec =  158.3309 Mbps     0 retrans
[2024-11-01T21:27:10.391047-0700]     7.8125 MB /   0.50 sec =  131.0447 Mbps     0 retrans
[2024-11-01T21:27:10.890992-0700]    10.1250 MB /   0.50 sec =  169.9074 Mbps     0 retrans
[2024-11-01T21:27:11.391043-0700]     8.2500 MB /   0.50 sec =  138.3797 Mbps     0 retrans
[2024-11-01T21:27:11.890938-0700]    11.0625 MB /   0.50 sec =  185.6195 Mbps     0 retrans
[2024-11-01T21:27:12.392450-0700]     9.0625 MB /   0.50 sec =  151.6504 Mbps     0 retrans
[2024-11-01T21:27:12.890815-0700]    10.3750 MB /   0.50 sec =  174.5538 Mbps     0 retrans
[2024-11-01T21:27:13.391050-0700]    10.0625 MB /   0.50 sec =  168.7350 Mbps     0 retrans
[2024-11-01T21:27:13.891160-0700]     8.5625 MB /   0.50 sec =  143.6382 Mbps     0 retrans
[2024-11-01T21:27:14.390925-0700]    11.6875 MB /   0.50 sec =  196.1720 Mbps     0 retrans
[2024-11-01T21:27:14.891904-0700]     9.8125 MB /   0.50 sec =  164.3402 Mbps     0 retrans
[2024-11-01T21:27:15.391051-0700]     8.4375 MB /   0.50 sec =  141.7747 Mbps     0 retrans
[2024-11-01T21:27:15.890991-0700]    11.3125 MB /   0.50 sec =  189.8082 Mbps     0 retrans
[2024-11-01T21:27:16.390893-0700]    11.5000 MB /   0.50 sec =  192.9789 Mbps     0 retrans
[2024-11-01T21:27:16.891587-0700]    12.4375 MB /   0.50 sec =  208.5269 Mbps     0 retrans
[2024-11-01T21:27:17.391233-0700]    15.1250 MB /   0.50 sec =  253.7503 Mbps     0 retrans
[2024-11-01T21:27:17.890749-0700]     6.0625 MB /   0.50 sec =  101.7925 Mbps     0 retrans
[2024-11-01T21:27:18.391034-0700]    10.8750 MB /   0.50 sec =  182.3888 Mbps     0 retrans
[2024-11-01T21:27:18.890999-0700]    17.6250 MB /   0.50 sec =  295.7085 Mbps     0 retrans
[2024-11-01T21:27:19.391035-0700]     7.1875 MB /   0.50 sec =  120.5802 Mbps     0 retrans
[2024-11-01T21:27:19.891190-0700]    22.8750 MB /   0.50 sec =  383.7213 Mbps     0 retrans
[2024-11-01T21:27:20.392323-0700]     8.9375 MB /   0.50 sec =  149.5909 Mbps     0 retrans
[2024-11-01T21:27:20.890856-0700]    15.4375 MB /   0.50 sec =  259.7281 Mbps     0 retrans
[2024-11-01T21:27:21.390878-0700]    15.1875 MB /   0.50 sec =  254.7953 Mbps     0 retrans
[2024-11-01T21:27:21.891014-0700]    15.3125 MB /   0.50 sec =  256.9263 Mbps     0 retrans
End time: 1730521642048
