Start time: 1730851016207
[2024-11-05T17:57:01.288096-0600] traceroute to 54.197.223.49 (54.197.223.49), 30 hops max, 60 byte packets
[2024-11-05T17:57:01.288809-0600]  1  * * *
[2024-11-05T17:57:01.288862-0600]  2  * * *
[2024-11-05T17:57:01.288903-0600]  3  * * *
[2024-11-05T17:57:01.288940-0600]  4  * * *
[2024-11-05T17:57:01.296879-0600]  5  * * *
[2024-11-05T17:57:06.296608-0600]  6  * * *
[2024-11-05T17:57:06.296982-0600]  7  * * *
[2024-11-05T17:57:06.297077-0600]  8  * * *
[2024-11-05T17:57:06.297134-0600]  9  * * *
[2024-11-05T17:57:06.306942-0600] 10  * * *
[2024-11-05T17:57:11.305810-0600] 11  * * *
[2024-11-05T17:57:11.306298-0600] 12  * * *
[2024-11-05T17:57:11.306437-0600] 13  * * *
[2024-11-05T17:57:11.322001-0600] 14  * * *
[2024-11-05T17:57:11.322312-0600] 15  * * *
[2024-11-05T17:57:16.315639-0600] 16  * * *
[2024-11-05T17:57:16.316095-0600] 17  * * *
[2024-11-05T17:57:16.324385-0600] 18  * * *
[2024-11-05T17:57:16.324563-0600] 19  * * *
[2024-11-05T17:57:16.332789-0600] 20  * * *
[2024-11-05T17:57:16.333129-0600] 21  * * *
[2024-11-05T17:57:21.325379-0600] 22  * * *
[2024-11-05T17:57:21.334558-0600] 23  * * *
[2024-11-05T17:57:21.334744-0600] 24  * * *
[2024-11-05T17:57:21.344078-0600] 25  * * *
[2024-11-05T17:57:21.344383-0600] 26  * * *
[2024-11-05T17:57:26.276203-0600] 27  * *End time: 1730851046337
