Start time: 1745174153949
Connecting to host 34.86.116.81, port 5207
Reverse mode, remote host 34.86.116.81 is sending
[  5] local 192.0.0.2 port 32984 connected to 34.86.116.81 port 5207
[ ID] Interval           Transfer     Bitrate
[  5]   0.00-0.10   sec  69.3 KBytes  5.67 Mbits/sec                  
[  5]   0.10-0.20   sec   280 KBytes  22.9 Mbits/sec                  
[  5]   0.20-0.30   sec  1.18 MBytes  99.3 Mbits/sec                  
[  5]   0.30-0.40   sec  3.76 MBytes   315 Mbits/sec                  
[  5]   0.40-0.50   sec   385 KBytes  31.5 Mbits/sec                  
[  5]   0.50-0.60   sec  0.00 Bytes  0.00 bits/sec                  
[  5]   0.60-0.70   sec  0.00 Bytes  0.00 bits/sec                  
[  5]   0.70-0.80   sec  17.3 KBytes  1.42 Mbits/sec                  
[  5]   0.80-0.90   sec  6.72 MBytes   564 Mbits/sec                  
[  5]   0.90-1.00   sec  2.22 MBytes   186 Mbits/sec                  
[  5]   1.00-1.10   sec  5.01 MBytes   421 Mbits/sec                  
[  5]   1.10-1.20   sec  4.05 MBytes   340 Mbits/sec                  
[  5]   1.20-1.30   sec  3.42 MBytes   287 Mbits/sec                  
[  5]   1.30-1.40   sec  2.79 MBytes   234 Mbits/sec                  
[  5]   1.40-1.50   sec  3.73 MBytes   313 Mbits/sec                  
[  5]   1.50-1.60   sec  2.74 MBytes   230 Mbits/sec                  
[  5]   1.60-1.70   sec  3.15 MBytes   264 Mbits/sec                  
[  5]   1.70-1.80   sec  2.99 MBytes   251 Mbits/sec                  
[  5]   1.80-1.90   sec  3.75 MBytes   315 Mbits/sec                  
[  5]   1.90-2.00   sec  3.37 MBytes   283 Mbits/sec                  
[  5]   2.00-2.10   sec  3.74 MBytes   314 Mbits/sec                  
[  5]   2.10-2.20   sec  2.47 MBytes   208 Mbits/sec                  
[  5]   2.20-2.30   sec  3.93 MBytes   329 Mbits/sec                  
[  5]   2.30-2.40   sec  4.30 MBytes   361 Mbits/sec                  
[  5]   2.40-2.50   sec  3.24 MBytes   272 Mbits/sec                  
[  5]   2.50-2.60   sec  2.98 MBytes   250 Mbits/sec                  
[  5]   2.60-2.70   sec  3.75 MBytes   314 Mbits/sec                  
[  5]   2.70-2.80   sec  3.78 MBytes   317 Mbits/sec                  
[  5]   2.80-2.90   sec  4.10 MBytes   343 Mbits/sec                  
[  5]   2.90-3.00   sec  3.55 MBytes   298 Mbits/sec                  
[  5]   3.00-3.10   sec  5.28 MBytes   443 Mbits/sec                  
[  5]   3.10-3.20   sec  3.76 MBytes   315 Mbits/sec                  
[  5]   3.20-3.30   sec  2.26 MBytes   190 Mbits/sec                  
[  5]   3.30-3.40   sec  2.93 MBytes   246 Mbits/sec                  
[  5]   3.40-3.50   sec  2.29 MBytes   192 Mbits/sec                  
[  5]   3.50-3.60   sec  2.73 MBytes   229 Mbits/sec                  
[  5]   3.60-3.70   sec  2.40 MBytes   201 Mbits/sec                  
[  5]   3.70-3.80   sec  3.07 MBytes   258 Mbits/sec                  
[  5]   3.80-3.90   sec   569 KBytes  46.6 Mbits/sec                  
[  5]   3.90-4.00   sec   659 KBytes  54.0 Mbits/sec                  
[  5]   4.00-4.10   sec  3.37 MBytes   282 Mbits/sec                  
[  5]   4.10-4.20   sec  2.50 MBytes   209 Mbits/sec                  
[  5]   4.20-4.30   sec  2.21 MBytes   186 Mbits/sec                  
[  5]   4.30-4.40   sec  1.48 MBytes   124 Mbits/sec                  
[  5]   4.40-4.50   sec  1.61 MBytes   135 Mbits/sec                  
[  5]   4.50-4.60   sec  1.03 MBytes  86.3 Mbits/sec                  
[  5]   4.60-4.70   sec  1.83 MBytes   153 Mbits/sec                  
[  5]   4.70-4.80   sec  1.37 MBytes   115 Mbits/sec                  
[  5]   4.80-4.90   sec  2.11 MBytes   177 Mbits/sec                  
[  5]   4.90-5.00   sec  1.06 MBytes  88.7 Mbits/sec                  
- - - - - - - - - - - - - - - - - - - - - - - - -
[ ID] Interval           Transfer     Bitrate         Retr
[  5]   0.00-5.04   sec   410 MBytes   683 Mbits/sec   33             sender
[  5]   0.00-5.00   sec   130 MBytes   218 Mbits/sec                  receiver

iperf Done.
End time: 1745174159778
