Start time: 1731106034315
[2024-11-08T17:47:19.375970-0500] traceroute to 54.197.223.49 (54.197.223.49), 30 hops max, 60 byte packets
[2024-11-08T17:47:19.376645-0500]  1  * * *
[2024-11-08T17:47:19.376701-0500]  2  * * *
[2024-11-08T17:47:19.376743-0500]  3  * * *
[2024-11-08T17:47:19.376780-0500]  4  * * *
[2024-11-08T17:47:19.386968-0500]  5  * * *
[2024-11-08T17:47:24.383661-0500]  6  * * *
[2024-11-08T17:47:24.384052-0500]  7  * * *
[2024-11-08T17:47:24.384185-0500]  8  * * *
[2024-11-08T17:47:24.402226-0500]  9  * * *
[2024-11-08T17:47:24.402473-0500] 10  * * *
[2024-11-08T17:47:29.391638-0500] 11  * * *
[2024-11-08T17:47:29.395302-0500] 12  * * *
[2024-11-08T17:47:29.400138-0500] 13  * * *
[2024-11-08T17:47:29.406962-0500] 14  * * *
[2024-11-08T17:47:29.410180-0500] 15  * * *
[2024-11-08T17:47:34.399056-0500] 16  * * *
[2024-11-08T17:47:34.399411-0500] 17  * * *
[2024-11-08T17:47:34.407356-0500] 18  * * *
[2024-11-08T17:47:34.407441-0500] 19  * * *
[2024-11-08T17:47:34.411902-0500] 20  * * *
[2024-11-08T17:47:34.417072-0500] 21  * * *
[2024-11-08T17:47:39.407163-0500] 22  * * *
[2024-11-08T17:47:39.409993-0500] 23  * * *
[2024-11-08T17:47:39.411379-0500] 24  * * *
[2024-11-08T17:47:39.414457-0500] 25  * * *
[2024-11-08T17:47:39.417714-0500] 26  * * *
[2024-11-08T17:47:44.364807-0500] 27  * *End time: 1731106064403
