Start time: 1731084334489
[2024-11-08T11:45:39.549652-0500] traceroute to 54.197.223.49 (54.197.223.49), 30 hops max, 60 byte packets
[2024-11-08T11:45:39.550713-0500]  1  * * *
[2024-11-08T11:45:39.550783-0500]  2  * * *
[2024-11-08T11:45:39.550828-0500]  3  * * *
[2024-11-08T11:45:39.550870-0500]  4  * * *
[2024-11-08T11:45:39.560485-0500]  5  * * *
[2024-11-08T11:45:44.558936-0500]  6  * * *
[2024-11-08T11:45:44.559454-0500]  7  * * *
[2024-11-08T11:45:44.559602-0500]  8  * * *
[2024-11-08T11:45:44.577214-0500]  9  * * *
[2024-11-08T11:45:44.577543-0500] 10  * * *
[2024-11-08T11:45:49.568683-0500] 11  * * *
[2024-11-08T11:45:49.575133-0500] 12  * * *
[2024-11-08T11:45:49.575302-0500] 13  * * *
[2024-11-08T11:45:49.585895-0500] 14  * * *
[2024-11-08T11:45:49.586238-0500] 15  * * *
[2024-11-08T11:45:54.578917-0500] 16  * * *
[2024-11-08T11:45:54.579422-0500] 17  * * *
[2024-11-08T11:45:54.587388-0500] 18  * * *
[2024-11-08T11:45:54.594326-0500] 19  * * *
[2024-11-08T11:45:54.594491-0500] 20  * * *
[2024-11-08T11:45:54.601687-0500] 21  * * *
[2024-11-08T11:45:59.586363-0500] 22  * * *
[2024-11-08T11:45:59.594330-0500] 23  * * *
[2024-11-08T11:45:59.599775-0500] 24  * * *
[2024-11-08T11:45:59.603129-0500] 25  * * *
[2024-11-08T11:45:59.604316-0500] 26  * * *
[2024-11-08T11:46:04.540817-0500] 27  * *End time: 1731084364607
