Start time: 1730997200808
[2024-11-07T11:33:25.890191-0500] traceroute to 54.197.223.49 (54.197.223.49), 30 hops max, 60 byte packets
[2024-11-07T11:33:25.891025-0500]  1  * * *
[2024-11-07T11:33:25.891088-0500]  2  * * *
[2024-11-07T11:33:25.891120-0500]  3  * * *
[2024-11-07T11:33:25.891148-0500]  4  * * *
[2024-11-07T11:33:25.891174-0500]  5  * * *
[2024-11-07T11:33:30.896824-0500]  6  * * *
[2024-11-07T11:33:30.897288-0500]  7  * * *
[2024-11-07T11:33:30.906304-0500]  8  * * *
[2024-11-07T11:33:30.906445-0500]  9  * * *
[2024-11-07T11:33:30.906554-0500] 10  * * *
[2024-11-07T11:33:35.900857-0500] 11  * * *
[2024-11-07T11:33:35.902800-0500] 12  * * *
[2024-11-07T11:33:35.907050-0500] 13  * * *
[2024-11-07T11:33:35.911423-0500] 14  * * *
[2024-11-07T11:33:35.915870-0500] 15  * * *
[2024-11-07T11:33:40.907608-0500] 16  * * *
[2024-11-07T11:33:40.908071-0500] 17  * * *
[2024-11-07T11:33:40.908182-0500] 18  * * *
[2024-11-07T11:33:40.916724-0500] 19  * * *
[2024-11-07T11:33:40.916911-0500] 20  * * *
[2024-11-07T11:33:40.919907-0500] 21  * * *
[2024-11-07T11:33:45.915465-0500] 22  * * *
[2024-11-07T11:33:45.924480-0500] 23  * * *
[2024-11-07T11:33:45.924733-0500] 24  * * *
[2024-11-07T11:33:45.924870-0500] 25  * * *
[2024-11-07T11:33:45.924987-0500] 26  * * *
[2024-11-07T11:33:50.875281-0500] 27  * *End time: 1730997230942
