Start time: 1730920383570
[2024-11-06T14:13:08.659872-0500] traceroute to 54.197.223.49 (54.197.223.49), 30 hops max, 60 byte packets
[2024-11-06T14:13:08.660991-0500]  1  * * *
[2024-11-06T14:13:08.661066-0500]  2  * * *
[2024-11-06T14:13:08.661110-0500]  3  * * *
[2024-11-06T14:13:08.661149-0500]  4  * * *
[2024-11-06T14:13:08.667813-0500]  5  * * *
[2024-11-06T14:13:13.665428-0500]  6  * * *
[2024-11-06T14:13:13.665807-0500]  7  * * *
[2024-11-06T14:13:13.669575-0500]  8  * * *
[2024-11-06T14:13:13.669670-0500]  9  * * *
[2024-11-06T14:13:13.669700-0500] 10  * * *
[2024-11-06T14:13:18.669803-0500] 11  * * *
[2024-11-06T14:13:18.670142-0500] 12  * * *
[2024-11-06T14:13:18.674959-0500] 13  * * *
[2024-11-06T14:13:18.675050-0500] 14  * * *
[2024-11-06T14:13:18.675091-0500] 15  * * *
[2024-11-06T14:13:23.677444-0500] 16  * * *
[2024-11-06T14:13:23.677881-0500] 17  * * *
[2024-11-06T14:13:23.677966-0500] 18  * * *
[2024-11-06T14:13:23.687958-0500] 19  * * *
[2024-11-06T14:13:23.688185-0500] 20  * * *
[2024-11-06T14:13:23.688266-0500] 21  * * *
[2024-11-06T14:13:28.685782-0500] 22  * * *
[2024-11-06T14:13:28.686164-0500] 23  * * *
[2024-11-06T14:13:28.693412-0500] 24  * * *
[2024-11-06T14:13:28.693590-0500] 25  * * *
[2024-11-06T14:13:28.696484-0500] 26  * * *
[2024-11-06T14:13:33.644048-0500] 27  * *End time: 1730920413704
