Start time: 1730572824131
[2024-11-02T11:40:25.122932-0700] nuttcp-r: v8.1.4: socket
[2024-11-02T11:40:25.124261-0700] nuttcp-r: buflen=65536, nstream=1, port=6110 tcp
[2024-11-02T11:40:25.124401-0700] nuttcp-r: interval reporting every 0.50 seconds
[2024-11-02T11:40:25.124517-0700] nuttcp-r: connect to 54.176.53.206 with RTT=45.203 ms af=inet
[2024-11-02T11:40:25.124626-0700] nuttcp-r: send window size = 2097152, receive window size = 6291456
[2024-11-02T11:40:25.124730-0700] nuttcp-r: available send window = 1572864, available receive window = 4718592
[2024-11-02T11:40:25.124833-0700]     4.6250 MB /   0.50 sec =   77.5743 Mbps     0 retrans
[2024-11-02T11:40:25.622815-0700]    22.8125 MB /   0.50 sec =  382.8045 Mbps     0 retrans
[2024-11-02T11:40:26.122846-0700]    24.0625 MB /   0.50 sec =  403.6735 Mbps     0 retrans
[2024-11-02T11:40:26.622801-0700]    28.1875 MB /   0.50 sec =  472.9239 Mbps     0 retrans
[2024-11-02T11:40:27.124062-0700]    29.6250 MB /   0.50 sec =  495.8528 Mbps     0 retrans
[2024-11-02T11:40:27.622751-0700]    25.1250 MB /   0.50 sec =  422.5323 Mbps     0 retrans
[2024-11-02T11:40:28.123181-0700]    25.5625 MB /   0.50 sec =  428.7330 Mbps     0 retrans
[2024-11-02T11:40:28.623150-0700]    20.1875 MB /   0.50 sec =  338.7354 Mbps     0 retrans
[2024-11-02T11:40:29.123040-0700]    34.0000 MB /   0.50 sec =  570.5098 Mbps     0 retrans
[2024-11-02T11:40:29.623168-0700]    33.1250 MB /   0.50 sec =  555.3621 Mbps     0 retrans
[2024-11-02T11:40:30.123077-0700]    35.8125 MB /   0.50 sec =  601.2778 Mbps     0 retrans
[2024-11-02T11:40:30.622798-0700]    26.1250 MB /   0.50 sec =  438.2907 Mbps     0 retrans
[2024-11-02T11:40:31.122766-0700]    30.8125 MB /   0.50 sec =  516.9562 Mbps     0 retrans
[2024-11-02T11:40:31.622966-0700]    29.0625 MB /   0.50 sec =  487.5810 Mbps     0 retrans
[2024-11-02T11:40:32.123145-0700]    26.4375 MB /   0.50 sec =  443.4873 Mbps     0 retrans
[2024-11-02T11:40:32.623017-0700]    23.4375 MB /   0.50 sec =  393.0556 Mbps     0 retrans
[2024-11-02T11:40:33.122825-0700]    26.6875 MB /   0.50 sec =  447.9731 Mbps     0 retrans
[2024-11-02T11:40:33.622789-0700]    29.0000 MB /   0.50 sec =  486.5509 Mbps     0 retrans
[2024-11-02T11:40:34.122691-0700]    30.2500 MB /   0.50 sec =  507.5392 Mbps     0 retrans
[2024-11-02T11:40:34.622806-0700]    28.1250 MB /   0.50 sec =  471.8347 Mbps     0 retrans
[2024-11-02T11:40:35.122938-0700]     6.6875 MB /   0.50 sec =  112.1696 Mbps     0 retrans
[2024-11-02T11:40:35.622964-0700]    22.2500 MB /   0.50 sec =  373.3670 Mbps     0 retrans
[2024-11-02T11:40:36.122884-0700]    15.0000 MB /   0.50 sec =  251.6346 Mbps     0 retrans
[2024-11-02T11:40:36.622689-0700]     3.3125 MB /   0.50 sec =   55.5859 Mbps     0 retrans
[2024-11-02T11:40:37.122879-0700]     2.5625 MB /   0.50 sec =   42.9878 Mbps     0 retrans
[2024-11-02T11:40:37.622717-0700]    18.8750 MB /   0.50 sec =  316.6890 Mbps     0 retrans
[2024-11-02T11:40:38.122727-0700]    17.4375 MB /   0.50 sec =  292.5504 Mbps     0 retrans
[2024-11-02T11:40:38.622706-0700]    23.1875 MB /   0.50 sec =  389.0279 Mbps     0 retrans
[2024-11-02T11:40:39.122810-0700]    26.2500 MB /   0.50 sec =  440.4081 Mbps     0 retrans
[2024-11-02T11:40:39.622731-0700]    31.8750 MB /   0.50 sec =  534.7738 Mbps     0 retrans
[2024-11-02T11:40:40.122702-0700]    30.7500 MB /   0.50 sec =  515.8849 Mbps     0 retrans
[2024-11-02T11:40:40.622678-0700]    31.5625 MB /   0.50 sec =  529.5510 Mbps     0 retrans
[2024-11-02T11:40:41.122724-0700]    21.1250 MB /   0.50 sec =  354.4059 Mbps     0 retrans
[2024-11-02T11:40:41.622717-0700]    16.5625 MB /   0.50 sec =  277.8754 Mbps     0 retrans
[2024-11-02T11:40:42.122849-0700]    27.1250 MB /   0.50 sec =  455.0665 Mbps     0 retrans
[2024-11-02T11:40:42.622700-0700]    31.2500 MB /   0.50 sec =  524.3153 Mbps     0 retrans
[2024-11-02T11:40:43.122737-0700]    29.0625 MB /   0.50 sec =  487.5742 Mbps     0 retrans
[2024-11-02T11:40:43.622695-0700]    26.5625 MB /   0.50 sec =  445.6537 Mbps     0 retrans
[2024-11-02T11:40:44.122707-0700]    16.4375 MB /   0.50 sec =  275.7716 Mbps     0 retrans
[2024-11-02T11:40:44.622748-0700]     3.3750 MB /   0.50 sec =   56.6207 Mbps     0 retrans
[2024-11-02T11:40:45.122790-0700]    42.0625 MB /   0.50 sec =  705.7241 Mbps     0 retrans
[2024-11-02T11:40:45.622744-0700]    39.6875 MB /   0.50 sec =  665.8205 Mbps     0 retrans
[2024-11-02T11:40:46.122711-0700]    42.1875 MB /   0.50 sec =  707.8199 Mbps     0 retrans
[2024-11-02T11:40:46.622876-0700]    47.8125 MB /   0.50 sec =  802.0756 Mbps     0 retrans
[2024-11-02T11:40:47.122689-0700]    39.5625 MB /   0.50 sec =  663.8349 Mbps     0 retrans
[2024-11-02T11:40:47.622765-0700]    22.4375 MB /   0.50 sec =  376.4094 Mbps     0 retrans
[2024-11-02T11:40:48.122706-0700]    34.8125 MB /   0.50 sec =  584.0814 Mbps     0 retrans
[2024-11-02T11:40:48.622712-0700]    43.5000 MB /   0.50 sec =  729.8220 Mbps     0 retrans
[2024-11-02T11:40:49.122738-0700]    27.4375 MB /   0.50 sec =  460.3055 Mbps     0 retrans
[2024-11-02T11:40:49.622774-0700]    23.6875 MB /   0.50 sec =  397.4270 Mbps     0 retrans
[2024-11-02T11:40:50.122729-0700]    34.9375 MB /   0.50 sec =  586.1598 Mbps     0 retrans
[2024-11-02T11:40:50.622737-0700]    20.0625 MB /   0.50 sec =  336.5734 Mbps     0 retrans
[2024-11-02T11:40:51.122722-0700]    19.5625 MB /   0.50 sec =  328.2148 Mbps     0 retrans
[2024-11-02T11:40:51.622824-0700]     0.0000 MB /   0.50 sec =    0.0000 Mbps     0 retrans
[2024-11-02T11:40:52.122756-0700]    13.8125 MB /   0.50 sec =  231.7330 Mbps     0 retrans
[2024-11-02T11:40:52.622724-0700]    12.2500 MB /   0.50 sec =  205.5295 Mbps     0 retrans
[2024-11-02T11:40:53.122807-0700]     2.1250 MB /   0.50 sec =   35.6502 Mbps     0 retrans
[2024-11-02T11:40:53.622725-0700]    21.0625 MB /   0.50 sec =  353.3871 Mbps     0 retrans
[2024-11-02T11:40:54.122713-0700]    15.9375 MB /   0.50 sec =  267.3879 Mbps     0 retrans
[2024-11-02T11:40:54.622711-0700]    19.6250 MB /   0.50 sec =  329.2562 Mbps     0 retrans
[2024-11-02T11:40:55.122847-0700]    20.5625 MB /   0.50 sec =  344.9746 Mbps     0 retrans
[2024-11-02T11:40:55.622705-0700]    22.6875 MB /   0.50 sec =  380.6437 Mbps     0 retrans
[2024-11-02T11:40:56.122775-0700]    24.0000 MB /   0.50 sec =  402.6395 Mbps     0 retrans
[2024-11-02T11:40:56.622733-0700]    19.0000 MB /   0.50 sec =  318.7767 Mbps     0 retrans
[2024-11-02T11:40:57.123023-0700]    29.1875 MB /   0.50 sec =  489.6625 Mbps     0 retrans
[2024-11-02T11:40:57.622793-0700]    24.1250 MB /   0.50 sec =  404.7390 Mbps     0 retrans
[2024-11-02T11:40:58.122957-0700]     9.6250 MB /   0.50 sec =  161.4597 Mbps     0 retrans
[2024-11-02T11:40:58.623244-0700]     4.3125 MB /   0.50 sec =   72.3444 Mbps     0 retrans
[2024-11-02T11:40:59.122867-0700]     9.7500 MB /   0.50 sec =  163.5923 Mbps     0 retrans
[2024-11-02T11:40:59.622980-0700]     1.3750 MB /   0.50 sec =   23.0651 Mbps     0 retrans
[2024-11-02T11:41:00.122824-0700]     0.0000 MB /   0.50 sec =    0.0000 Mbps     0 retrans
[2024-11-02T11:41:00.623140-0700]     0.0000 MB /   0.50 sec =    0.0000 Mbps     0 retrans
[2024-11-02T11:41:01.122827-0700]     0.0000 MB /   0.50 sec =    0.0000 Mbps     0 retrans
[2024-11-02T11:41:01.623111-0700]     6.8125 MB /   0.50 sec =  114.2297 Mbps     0 retrans
[2024-11-02T11:41:02.123082-0700]     2.2500 MB /   0.50 sec =   37.7551 Mbps     0 retrans
[2024-11-02T11:41:02.622814-0700]     2.4375 MB /   0.50 sec =   40.9121 Mbps     0 retrans
[2024-11-02T11:41:03.122818-0700]     0.0000 MB /   0.50 sec =    0.0000 Mbps     0 retrans
[2024-11-02T11:41:03.622957-0700]     2.8125 MB /   0.50 sec =   47.1827 Mbps     0 retrans
[2024-11-02T11:41:04.122820-0700]     1.1250 MB /   0.50 sec =   18.8771 Mbps     0 retrans
[2024-11-02T11:41:04.622761-0700]     1.6875 MB /   0.50 sec =   28.3119 Mbps     0 retrans
[2024-11-02T11:41:05.124178-0700]     0.4375 MB /   0.50 sec =    7.3208 Mbps     0 retrans
[2024-11-02T11:41:05.622913-0700]     1.6250 MB /   0.50 sec =   27.3354 Mbps     0 retrans
[2024-11-02T11:41:06.122982-0700]     1.0000 MB /   0.50 sec =   16.7725 Mbps     0 retrans
[2024-11-02T11:41:06.622762-0700]     2.3125 MB /   0.50 sec =   38.8103 Mbps     0 retrans
[2024-11-02T11:41:07.122792-0700]     1.2500 MB /   0.50 sec =   20.9712 Mbps     0 retrans
[2024-11-02T11:41:07.623157-0700]     2.3125 MB /   0.50 sec =   38.7822 Mbps     0 retrans
[2024-11-02T11:41:08.122752-0700]     2.6875 MB /   0.50 sec =   45.1068 Mbps     0 retrans
[2024-11-02T11:41:08.622943-0700]     1.0625 MB /   0.50 sec =   17.8208 Mbps     0 retrans
[2024-11-02T11:41:09.122926-0700]     0.3750 MB /   0.50 sec =    6.2917 Mbps     0 retrans
[2024-11-02T11:41:09.622793-0700]     1.8750 MB /   0.50 sec =   31.4640 Mbps     0 retrans
[2024-11-02T11:41:10.122723-0700]     0.9375 MB /   0.50 sec =   15.7295 Mbps     0 retrans
[2024-11-02T11:41:10.624286-0700]     0.0000 MB /   0.50 sec =    0.0000 Mbps     0 retrans
[2024-11-02T11:41:11.122920-0700]     0.5000 MB /   0.50 sec =    8.4089 Mbps     0 retrans
[2024-11-02T11:41:11.623009-0700]     0.0000 MB /   0.50 sec =    0.0000 Mbps     0 retrans
[2024-11-02T11:41:12.123368-0700]     0.0000 MB /   0.50 sec =    0.0000 Mbps     0 retrans
[2024-11-02T11:41:12.623119-0700]     0.0000 MB /   0.50 sec =    0.0000 Mbps     0 retrans
[2024-11-02T11:41:13.122989-0700]     0.0000 MB /   0.50 sec =    0.0000 Mbps     0 retrans
[2024-11-02T11:41:13.622922-0700]     0.6250 MB /   0.50 sec =   10.4894 Mbps     0 retrans
[2024-11-02T11:41:14.122786-0700]     2.0625 MB /   0.50 sec =   34.6029 Mbps     0 retrans
[2024-11-02T11:41:14.622770-0700]     2.0625 MB /   0.50 sec =   34.6040 Mbps     0 retrans
[2024-11-02T11:41:15.122713-0700]     1.9375 MB /   0.50 sec =   32.5070 Mbps     0 retrans
[2024-11-02T11:41:15.623165-0700]     1.3125 MB /   0.50 sec =   22.0119 Mbps     0 retrans
[2024-11-02T11:41:16.123748-0700]     0.4375 MB /   0.50 sec =    7.3286 Mbps     0 retrans
[2024-11-02T11:41:16.622880-0700]     1.3750 MB /   0.50 sec =   23.1081 Mbps     0 retrans
[2024-11-02T11:41:17.122835-0700]     1.0000 MB /   0.50 sec =   16.7783 Mbps     0 retrans
[2024-11-02T11:41:17.622911-0700]     1.5000 MB /   0.50 sec =   25.1631 Mbps     0 retrans
[2024-11-02T11:41:18.122949-0700]     0.8125 MB /   0.50 sec =   13.6306 Mbps     0 retrans
[2024-11-02T11:41:18.622776-0700]     0.3750 MB /   0.50 sec =    6.2927 Mbps     0 retrans
[2024-11-02T11:41:19.122966-0700]     0.0000 MB /   0.50 sec =    0.0000 Mbps     0 retrans
[2024-11-02T11:41:19.623128-0700]     0.0000 MB /   0.50 sec =    0.0000 Mbps     0 retrans
[2024-11-02T11:41:20.123960-0700]     0.0000 MB /   0.50 sec =    0.0000 Mbps     0 retrans
[2024-11-02T11:41:20.623096-0700]     0.0000 MB /   0.50 sec =    0.0000 Mbps     0 retrans
[2024-11-02T11:41:21.123123-0700]     0.4375 MB /   0.50 sec =    7.3410 Mbps     0 retrans
[2024-11-02T11:41:21.623085-0700]     0.0000 MB /   0.50 sec =    0.0000 Mbps     0 retrans
[2024-11-02T11:41:22.123201-0700]     0.0000 MB /   0.50 sec =    0.0000 Mbps     0 retrans
[2024-11-02T11:41:22.624408-0700]     0.0000 MB /   0.50 sec =    0.0000 Mbps     0 retrans
[2024-11-02T11:41:23.123099-0700]     0.0000 MB /   0.50 sec =    0.0000 Mbps     0 retrans
[2024-11-02T11:41:23.623374-0700]     0.0000 MB /   0.50 sec =    0.0000 Mbps     0 retrans
[2024-11-02T11:41:24.122943-0700]     0.0000 MB /   0.50 sec =    0.0000 Mbps     0 retrans
[2024-11-02T11:41:24.622769-0700]     0.0000 MB /   0.50 sec =    0.0000 Mbps     0 retrans
[2024-11-02T11:41:25.123168-0700]     0.0000 MB /   0.50 sec =    0.0000 Mbps     0 retrans
[2024-11-02T11:41:25.622784-0700]     0.3125 MB /   0.50 sec =    5.2457 Mbps     0 retrans
[2024-11-02T11:41:26.122808-0700]     2.5000 MB /   0.50 sec =   41.9433 Mbps     0 retrans
[2024-11-02T11:41:26.622688-0700]     3.2500 MB /   0.50 sec =   54.5294 Mbps     0 retrans
[2024-11-02T11:41:27.123202-0700]     4.2500 MB /   0.50 sec =   71.2403 Mbps     0 retrans
[2024-11-02T11:41:27.622809-0700]     5.2500 MB /   0.50 sec =   88.1532 Mbps     0 retrans
[2024-11-02T11:41:28.122795-0700]     6.6250 MB /   0.50 sec =  111.1506 Mbps     0 retrans
[2024-11-02T11:41:28.623057-0700]     8.8125 MB /   0.50 sec =  147.8146 Mbps     0 retrans
[2024-11-02T11:41:29.122930-0700]    11.1875 MB /   0.50 sec =  187.7503 Mbps     0 retrans
[2024-11-02T11:41:29.623064-0700]    12.8125 MB /   0.50 sec =  214.8245 Mbps     0 retrans
[2024-11-02T11:41:30.122836-0700]    16.3750 MB /   0.50 sec =  274.8847 Mbps     0 retrans
[2024-11-02T11:41:30.622881-0700]    20.3125 MB /   0.50 sec =  340.7436 Mbps     0 retrans
[2024-11-02T11:41:31.122824-0700]    21.8750 MB /   0.50 sec =  367.0376 Mbps     0 retrans
[2024-11-02T11:41:31.622965-0700]    18.5625 MB /   0.50 sec =  311.3324 Mbps     0 retrans
[2024-11-02T11:41:32.122942-0700]     4.8125 MB /   0.50 sec =   80.7454 Mbps     0 retrans
[2024-11-02T11:41:32.623184-0700]    23.7500 MB /   0.50 sec =  398.2805 Mbps     0 retrans
[2024-11-02T11:41:33.122907-0700]    19.8125 MB /   0.50 sec =  332.5476 Mbps     0 retrans
[2024-11-02T11:41:33.623253-0700]    21.0625 MB /   0.50 sec =  353.2535 Mbps     0 retrans
[2024-11-02T11:41:34.122997-0700]    21.1250 MB /   0.50 sec =  354.4953 Mbps     0 retrans
[2024-11-02T11:41:34.622824-0700]    19.8750 MB /   0.50 sec =  333.5693 Mbps     0 retrans
[2024-11-02T11:41:35.122975-0700]    20.3125 MB /   0.50 sec =  340.8083 Mbps     0 retrans
[2024-11-02T11:41:35.623208-0700]    23.2500 MB /   0.50 sec =  389.7289 Mbps     0 retrans
[2024-11-02T11:41:36.123087-0700]    23.3125 MB /   0.50 sec =  391.4367 Mbps     0 retrans
[2024-11-02T11:41:36.623378-0700]    24.4375 MB /   0.50 sec =  409.6819 Mbps     0 retrans
[2024-11-02T11:41:37.122801-0700]    22.7500 MB /   0.50 sec =  381.9658 Mbps     0 retrans
[2024-11-02T11:41:37.622788-0700]     7.8750 MB /   0.50 sec =  132.1224 Mbps     0 retrans
[2024-11-02T11:41:38.122886-0700]    17.9375 MB /   0.50 sec =  300.8986 Mbps     0 retrans
[2024-11-02T11:41:38.622766-0700]    17.3750 MB /   0.50 sec =  291.5455 Mbps     0 retrans
[2024-11-02T11:41:39.122744-0700]    19.5625 MB /   0.50 sec =  328.2115 Mbps     0 retrans
[2024-11-02T11:41:39.622860-0700]    21.9375 MB /   0.50 sec =  367.9979 Mbps     0 retrans
[2024-11-02T11:41:40.123014-0700]    10.3750 MB /   0.50 sec =  174.0219 Mbps     0 retrans
[2024-11-02T11:41:40.622988-0700]     7.2500 MB /   0.50 sec =  121.6416 Mbps     0 retrans
[2024-11-02T11:41:41.123015-0700]    12.8750 MB /   0.50 sec =  215.9933 Mbps     0 retrans
[2024-11-02T11:41:41.623013-0700]     8.6875 MB /   0.50 sec =  145.7524 Mbps     0 retrans
[2024-11-02T11:41:42.122939-0700]    11.9375 MB /   0.50 sec =  200.3004 Mbps     0 retrans
[2024-11-02T11:41:42.622819-0700]    16.8125 MB /   0.50 sec =  282.1330 Mbps     0 retrans
[2024-11-02T11:41:43.122968-0700]     7.6250 MB /   0.50 sec =  127.8930 Mbps     0 retrans
[2024-11-02T11:41:43.622948-0700]    19.2500 MB /   0.50 sec =  323.0512 Mbps     0 retrans
[2024-11-02T11:41:44.122774-0700]    17.5000 MB /   0.50 sec =  293.6072 Mbps     0 retrans
[2024-11-02T11:41:44.622956-0700]     9.4375 MB /   0.50 sec =  158.2869 Mbps     0 retrans
[2024-11-02T11:41:45.122762-0700]    13.1250 MB /   0.50 sec =  220.2675 Mbps     0 retrans
[2024-11-02T11:41:45.622987-0700]    15.1875 MB /   0.50 sec =  254.7260 Mbps     0 retrans
[2024-11-02T11:41:46.124304-0700]     9.3750 MB /   0.50 sec =  156.9850 Mbps     0 retrans
[2024-11-02T11:41:46.623971-0700]    10.0000 MB /   0.50 sec =  167.7748 Mbps     0 retrans
[2024-11-02T11:41:47.122827-0700]    20.3125 MB /   0.50 sec =  341.5372 Mbps     0 retrans
[2024-11-02T11:41:47.623007-0700]    13.6875 MB /   0.50 sec =  229.5638 Mbps     0 retrans
[2024-11-02T11:41:48.123410-0700]    11.3750 MB /   0.50 sec =  190.7943 Mbps     0 retrans
[2024-11-02T11:41:48.622791-0700]    10.1875 MB /   0.50 sec =  170.9983 Mbps     0 retrans
[2024-11-02T11:41:49.122804-0700]    21.6250 MB /   0.50 sec =  362.8400 Mbps     0 retrans
[2024-11-02T11:41:49.622947-0700]    14.5625 MB /   0.50 sec =  244.2684 Mbps     0 retrans
[2024-11-02T11:41:50.122840-0700]    17.0625 MB /   0.50 sec =  286.3071 Mbps     0 retrans
[2024-11-02T11:41:50.622780-0700]    19.6250 MB /   0.50 sec =  329.2733 Mbps     0 retrans
[2024-11-02T11:41:51.122981-0700]    19.3750 MB /   0.50 sec =  324.9825 Mbps     0 retrans
[2024-11-02T11:41:51.623800-0700]    16.7500 MB /   0.50 sec =  280.5616 Mbps     0 retrans
[2024-11-02T11:41:52.122945-0700]    16.1875 MB /   0.50 sec =  272.0093 Mbps     0 retrans
[2024-11-02T11:41:52.622816-0700]    16.5625 MB /   0.50 sec =  277.9460 Mbps     0 retrans
[2024-11-02T11:41:53.122783-0700]    16.5000 MB /   0.50 sec =  276.8307 Mbps     0 retrans
[2024-11-02T11:41:53.623005-0700]     8.6250 MB /   0.50 sec =  144.6534 Mbps     0 retrans
[2024-11-02T11:41:54.123044-0700]     2.0000 MB /   0.50 sec =   33.5578 Mbps     0 retrans
[2024-11-02T11:41:54.622786-0700]    12.0625 MB /   0.50 sec =  202.4254 Mbps     0 retrans
[2024-11-02T11:41:55.122945-0700]     8.3125 MB /   0.50 sec =  139.4230 Mbps     0 retrans
[2024-11-02T11:41:55.623212-0700]     7.3750 MB /   0.50 sec =  123.7161 Mbps     0 retrans
[2024-11-02T11:41:56.122854-0700]     6.5625 MB /   0.50 sec =  110.1351 Mbps     0 retrans
[2024-11-02T11:41:56.622811-0700]    17.6250 MB /   0.50 sec =  295.7144 Mbps     0 retrans
[2024-11-02T11:41:57.122815-0700]    17.0000 MB /   0.50 sec =  285.2189 Mbps     0 retrans
[2024-11-02T11:41:57.622848-0700]    17.9375 MB /   0.50 sec =  300.9040 Mbps     0 retrans
[2024-11-02T11:41:58.122807-0700]    18.7500 MB /   0.50 sec =  314.6150 Mbps     0 retrans
[2024-11-02T11:41:58.623006-0700]    22.7500 MB /   0.50 sec =  381.5931 Mbps     0 retrans
[2024-11-02T11:41:59.122982-0700]    13.4375 MB /   0.50 sec =  225.4538 Mbps     0 retrans
[2024-11-02T11:41:59.622763-0700]     7.1250 MB /   0.50 sec =  119.5518 Mbps     0 retrans
[2024-11-02T11:42:00.122899-0700]     2.7500 MB /   0.50 sec =   46.1373 Mbps     0 retrans
[2024-11-02T11:42:00.623265-0700]    13.4375 MB /   0.50 sec =  225.4168 Mbps     0 retrans
[2024-11-02T11:42:01.122803-0700]    18.2500 MB /   0.50 sec =  306.2344 Mbps     0 retrans
[2024-11-02T11:42:01.623531-0700]    23.0000 MB /   0.50 sec =  385.5005 Mbps     0 retrans
[2024-11-02T11:42:02.122787-0700]    23.8750 MB /   0.50 sec =  400.9570 Mbps     0 retrans
[2024-11-02T11:42:02.622802-0700]    24.6250 MB /   0.50 sec =  413.1332 Mbps     0 retrans
[2024-11-02T11:42:03.122809-0700]    19.5000 MB /   0.50 sec =  327.1250 Mbps     0 retrans
[2024-11-02T11:42:03.622831-0700]    25.5625 MB /   0.50 sec =  428.8976 Mbps     0 retrans
[2024-11-02T11:42:04.122811-0700]    28.4375 MB /   0.50 sec =  477.0572 Mbps     0 retrans
[2024-11-02T11:42:04.623205-0700]    31.2500 MB /   0.50 sec =  523.9171 Mbps     0 retrans
[2024-11-02T11:42:05.122872-0700]    33.7500 MB /   0.50 sec =  566.5279 Mbps     0 retrans
[2024-11-02T11:42:05.623313-0700]    35.5000 MB /   0.50 sec =  595.1936 Mbps     0 retrans
[2024-11-02T11:42:06.122971-0700]    14.3125 MB /   0.50 sec =  240.2801 Mbps     0 retrans
[2024-11-02T11:42:06.623051-0700]    11.5000 MB /   0.50 sec =  192.9739 Mbps     0 retrans
[2024-11-02T11:42:07.122846-0700]    16.0000 MB /   0.50 sec =  268.4537 Mbps     0 retrans
[2024-11-02T11:42:07.623278-0700]    10.8750 MB /   0.50 sec =  182.4270 Mbps     0 retrans
[2024-11-02T11:42:08.123127-0700]    12.3125 MB /   0.50 sec =  206.5930 Mbps     0 retrans
[2024-11-02T11:42:08.622793-0700]    19.0000 MB /   0.50 sec =  318.8034 Mbps     0 retrans
[2024-11-02T11:42:09.122782-0700]    17.1875 MB /   0.50 sec =  288.3509 Mbps     0 retrans
[2024-11-02T11:42:09.622882-0700]    21.1875 MB /   0.50 sec =  355.4395 Mbps     0 retrans
[2024-11-02T11:42:10.122755-0700]    19.8750 MB /   0.50 sec =  333.4872 Mbps     0 retrans
[2024-11-02T11:42:10.622865-0700]    18.6875 MB /   0.50 sec =  313.4571 Mbps     0 retrans
[2024-11-02T11:42:11.122755-0700]     3.6875 MB /   0.50 sec =   61.8784 Mbps     0 retrans
[2024-11-02T11:42:11.622920-0700]     0.6875 MB /   0.50 sec =   11.5319 Mbps     0 retrans
[2024-11-02T11:42:12.122885-0700]    14.5625 MB /   0.50 sec =  244.3681 Mbps     0 retrans
[2024-11-02T11:42:12.622871-0700]     0.7500 MB /   0.50 sec =   12.5820 Mbps     0 retrans
[2024-11-02T11:42:13.122873-0700]     3.4375 MB /   0.50 sec =   57.6695 Mbps     0 retrans
[2024-11-02T11:42:13.622836-0700]     0.0000 MB /   0.50 sec =    0.0000 Mbps     0 retrans
[2024-11-02T11:42:14.122803-0700]     4.5625 MB /   0.50 sec =   76.5460 Mbps     0 retrans
[2024-11-02T11:42:14.623229-0700]    17.6875 MB /   0.50 sec =  296.5098 Mbps     0 retrans
[2024-11-02T11:42:15.122813-0700]    11.3750 MB /   0.50 sec =  190.9963 Mbps     0 retrans
[2024-11-02T11:42:15.622877-0700]    13.3125 MB /   0.50 sec =  223.3619 Mbps     0 retrans
[2024-11-02T11:42:16.122805-0700]    16.1875 MB /   0.50 sec =  271.5665 Mbps     0 retrans
[2024-11-02T11:42:16.622951-0700]    17.3750 MB /   0.50 sec =  291.5164 Mbps     0 retrans
[2024-11-02T11:42:17.122711-0700]    17.8750 MB /   0.50 sec =  299.8975 Mbps     0 retrans
[2024-11-02T11:42:17.623701-0700]    18.8125 MB /   0.50 sec =  315.0505 Mbps     0 retrans
[2024-11-02T11:42:18.122932-0700]    25.4375 MB /   0.50 sec =  427.4184 Mbps     0 retrans
[2024-11-02T11:42:18.622820-0700]    24.1875 MB /   0.50 sec =  405.8833 Mbps     0 retrans
[2024-11-02T11:42:19.122810-0700]    27.0625 MB /   0.50 sec =  454.0425 Mbps     0 retrans
[2024-11-02T11:42:19.622926-0700]    25.4375 MB /   0.50 sec =  426.7047 Mbps     0 retrans
[2024-11-02T11:42:20.122787-0700]    28.3750 MB /   0.50 sec =  476.1373 Mbps     0 retrans
[2024-11-02T11:42:20.622884-0700]    33.5000 MB /   0.50 sec =  562.0761 Mbps     0 retrans
[2024-11-02T11:42:21.122902-0700]    28.2500 MB /   0.50 sec =  473.9573 Mbps     0 retrans
[2024-11-02T11:42:21.622807-0700]    22.5625 MB /   0.50 sec =  378.5253 Mbps     0 retrans
[2024-11-02T11:42:22.122805-0700]    12.5000 MB /   0.50 sec =  209.6863 Mbps     0 retrans
[2024-11-02T11:42:22.622885-0700]    26.6875 MB /   0.50 sec =  447.7249 Mbps     0 retrans
[2024-11-02T11:42:23.122836-0700]     9.8125 MB /   0.50 sec =  164.6357 Mbps     0 retrans
[2024-11-02T11:42:23.622798-0700]    34.2500 MB /   0.50 sec =  574.6530 Mbps     0 retrans
[2024-11-02T11:42:24.122959-0700]    28.6875 MB /   0.50 sec =  481.2819 Mbps     0 retrans
[2024-11-02T11:42:24.622826-0700]    30.0000 MB /   0.50 sec =  503.3276 Mbps     0 retrans
[2024-11-02T11:42:25.123180-0700]    22.4375 MB /   0.50 sec =  376.2176 Mbps     0 retrans
End time: 1730572945248
