Start time: 1730573161693
[2024-11-02T11:46:06.770893-0700] traceroute to 54.176.53.206 (54.176.53.206), 30 hops max, 60 byte packets
[2024-11-02T11:46:06.771781-0700]  1  * * *
[2024-11-02T11:46:06.771834-0700]  2  * * *
[2024-11-02T11:46:06.771868-0700]  3  * * *
[2024-11-02T11:46:06.771991-0700]  4  * * *
[2024-11-02T11:46:06.772041-0700]  5  * * *
[2024-11-02T11:46:11.778333-0700]  6  * * *
[2024-11-02T11:46:11.778493-0700]  7  * * *
[2024-11-02T11:46:11.788602-0700]  8  * * *
[2024-11-02T11:46:11.788895-0700]  9  * * *
[2024-11-02T11:46:11.789028-0700] 10  * * *
[2024-11-02T11:46:16.786988-0700] 11  * * *
[2024-11-02T11:46:16.787457-0700] 12  * * *
[2024-11-02T11:46:16.796304-0700] 13  * * *
[2024-11-02T11:46:16.796729-0700] 14  * * *
[2024-11-02T11:46:16.804321-0700] 15  * * *
[2024-11-02T11:46:21.797068-0700] 16  * * *
[2024-11-02T11:46:21.797617-0700] 17  * * *
[2024-11-02T11:46:21.806723-0700] 18  * * *
[2024-11-02T11:46:21.807148-0700] 19  * * *
[2024-11-02T11:46:21.807289-0700] 20  * * *
[2024-11-02T11:46:21.819822-0700] 21  * * *
[2024-11-02T11:46:26.806710-0700] 22  * * *
[2024-11-02T11:46:26.810864-0700] 23  * * *
[2024-11-02T11:46:26.813690-0700] 24  * * *
[2024-11-02T11:46:26.817536-0700] 25  * * *
[2024-11-02T11:46:26.821835-0700] 26  * * *
[2024-11-02T11:46:31.759044-0700] 27  * *End time: 1730573191790
