Start time: 1745181673681
Connecting to host 34.86.116.81, port 5209
Reverse mode, remote host 34.86.116.81 is sending
[  5] local 192.0.0.2 port 42840 connected to 34.86.116.81 port 5209
[ ID] Interval           Transfer     Bitrate
[  5]   0.00-0.14   sec  14.7 KBytes   873 Kbits/sec                  
[  5]   0.14-0.20   sec  36.0 KBytes  4.70 Mbits/sec                  
[  5]   0.20-0.30   sec   120 KBytes  9.84 Mbits/sec                  
[  5]   0.30-0.40   sec   386 KBytes  31.6 Mbits/sec                  
[  5]   0.40-0.50   sec  1.30 MBytes   108 Mbits/sec                  
[  5]   0.50-0.60   sec  1.90 MBytes   160 Mbits/sec                  
[  5]   0.60-0.70   sec  2.10 MBytes   177 Mbits/sec                  
[  5]   0.70-0.80   sec  4.06 MBytes   341 Mbits/sec                  
[  5]   0.80-0.90   sec  3.43 MBytes   288 Mbits/sec                  
[  5]   0.90-1.00   sec  5.48 MBytes   460 Mbits/sec                  
[  5]   1.00-1.10   sec  4.24 MBytes   356 Mbits/sec                  
[  5]   1.10-1.20   sec  4.08 MBytes   343 Mbits/sec                  
[  5]   1.20-1.30   sec  3.86 MBytes   323 Mbits/sec                  
[  5]   1.30-1.40   sec  4.13 MBytes   347 Mbits/sec                  
[  5]   1.40-1.50   sec  2.99 MBytes   251 Mbits/sec                  
[  5]   1.50-1.60   sec  6.50 MBytes   545 Mbits/sec                  
[  5]   1.60-1.70   sec  4.83 MBytes   406 Mbits/sec                  
[  5]   1.70-1.80   sec  5.29 MBytes   443 Mbits/sec                  
[  5]   1.80-1.90   sec  5.85 MBytes   491 Mbits/sec                  
[  5]   1.90-2.00   sec  5.12 MBytes   429 Mbits/sec                  
[  5]   2.00-2.10   sec  5.46 MBytes   458 Mbits/sec                  
[  5]   2.10-2.20   sec  5.40 MBytes   454 Mbits/sec                  
[  5]   2.20-2.30   sec  4.31 MBytes   362 Mbits/sec                  
[  5]   2.30-2.40   sec  4.59 MBytes   385 Mbits/sec                  
[  5]   2.40-2.50   sec  5.36 MBytes   450 Mbits/sec                  
[  5]   2.50-2.60   sec  4.59 MBytes   385 Mbits/sec                  
[  5]   2.60-2.70   sec  4.81 MBytes   403 Mbits/sec                  
[  5]   2.70-2.80   sec  4.54 MBytes   380 Mbits/sec                  
[  5]   2.80-2.90   sec  5.06 MBytes   425 Mbits/sec                  
[  5]   2.90-3.00   sec  4.46 MBytes   374 Mbits/sec                  
[  5]   3.00-3.10   sec  5.24 MBytes   440 Mbits/sec                  
[  5]   3.10-3.20   sec  5.64 MBytes   473 Mbits/sec                  
[  5]   3.20-3.30   sec  4.85 MBytes   406 Mbits/sec                  
[  5]   3.30-3.40   sec  4.17 MBytes   350 Mbits/sec                  
[  5]   3.40-3.50   sec  4.56 MBytes   382 Mbits/sec                  
[  5]   3.50-3.60   sec  5.05 MBytes   424 Mbits/sec                  
[  5]   3.60-3.70   sec  4.37 MBytes   367 Mbits/sec                  
[  5]   3.70-3.80   sec  6.34 MBytes   532 Mbits/sec                  
[  5]   3.80-3.90   sec  5.53 MBytes   464 Mbits/sec                  
[  5]   3.90-4.00   sec  4.91 MBytes   412 Mbits/sec                  
[  5]   4.00-4.10   sec  3.06 MBytes   256 Mbits/sec                  
[  5]   4.10-4.20   sec  6.07 MBytes   509 Mbits/sec                  
[  5]   4.20-4.30   sec  5.95 MBytes   500 Mbits/sec                  
[  5]   4.30-4.40   sec  5.75 MBytes   482 Mbits/sec                  
[  5]   4.40-4.50   sec  4.99 MBytes   418 Mbits/sec                  
[  5]   4.50-4.60   sec  5.15 MBytes   432 Mbits/sec                  
[  5]   4.60-4.70   sec  6.51 MBytes   545 Mbits/sec                  
[  5]   4.70-4.80   sec  4.75 MBytes   399 Mbits/sec                  
[  5]   4.80-4.90   sec  6.47 MBytes   542 Mbits/sec                  
[  5]   4.90-5.00   sec  6.24 MBytes   524 Mbits/sec                  
- - - - - - - - - - - - - - - - - - - - - - - - -
[ ID] Interval           Transfer     Bitrate         Retr
[  5]   0.00-5.04   sec   501 MBytes   833 Mbits/sec    0             sender
[  5]   0.00-5.00   sec   220 MBytes   369 Mbits/sec                  receiver

iperf Done.
End time: 1745181679442
