Start time: 1745266439883
Connecting to host 34.86.116.81, port 5209
Reverse mode, remote host 34.86.116.81 is sending
[  5] local 192.0.0.2 port 57348 connected to 34.86.116.81 port 5209
[ ID] Interval           Transfer     Bitrate
[  5]   0.00-0.10   sec  42.6 KBytes  3.49 Mbits/sec                  
[  5]   0.10-0.20   sec   152 KBytes  12.4 Mbits/sec                  
[  5]   0.20-0.30   sec   149 KBytes  12.2 Mbits/sec                  
[  5]   0.30-0.40   sec   470 KBytes  38.6 Mbits/sec                  
[  5]   0.40-0.50   sec   931 KBytes  76.2 Mbits/sec                  
[  5]   0.50-0.60   sec  2.31 MBytes   194 Mbits/sec                  
[  5]   0.60-0.70   sec  6.09 MBytes   511 Mbits/sec                  
[  5]   0.70-0.80   sec  6.88 MBytes   577 Mbits/sec                  
[  5]   0.80-0.90   sec  6.51 MBytes   546 Mbits/sec                  
[  5]   0.90-1.00   sec  6.11 MBytes   512 Mbits/sec                  
[  5]   1.00-1.10   sec  5.17 MBytes   433 Mbits/sec                  
[  5]   1.10-1.20   sec  6.04 MBytes   505 Mbits/sec                  
[  5]   1.20-1.30   sec  7.52 MBytes   633 Mbits/sec                  
[  5]   1.30-1.40   sec  7.44 MBytes   624 Mbits/sec                  
[  5]   1.40-1.50   sec  7.33 MBytes   615 Mbits/sec                  
[  5]   1.50-1.60   sec  7.13 MBytes   599 Mbits/sec                  
[  5]   1.60-1.70   sec  7.56 MBytes   634 Mbits/sec                  
[  5]   1.70-1.80   sec  7.93 MBytes   666 Mbits/sec                  
[  5]   1.80-1.90   sec  6.12 MBytes   513 Mbits/sec                  
[  5]   1.90-2.00   sec  8.07 MBytes   678 Mbits/sec                  
[  5]   2.00-2.10   sec  6.69 MBytes   561 Mbits/sec                  
[  5]   2.10-2.20   sec  5.86 MBytes   492 Mbits/sec                  
[  5]   2.20-2.30   sec  5.54 MBytes   464 Mbits/sec                  
[  5]   2.30-2.40   sec  4.27 MBytes   359 Mbits/sec                  
[  5]   2.40-2.50   sec  4.36 MBytes   366 Mbits/sec                  
[  5]   2.50-2.60   sec  3.35 MBytes   281 Mbits/sec                  
[  5]   2.60-2.70   sec  3.41 MBytes   286 Mbits/sec                  
[  5]   2.70-2.80   sec  2.87 MBytes   241 Mbits/sec                  
[  5]   2.80-2.90   sec  3.08 MBytes   258 Mbits/sec                  
[  5]   2.90-3.00   sec  2.58 MBytes   217 Mbits/sec                  
[  5]   3.00-3.10   sec  3.77 MBytes   317 Mbits/sec                  
[  5]   3.10-3.20   sec  4.34 MBytes   364 Mbits/sec                  
[  5]   3.20-3.30   sec  3.85 MBytes   323 Mbits/sec                  
[  5]   3.30-3.40   sec  3.23 MBytes   271 Mbits/sec                  
[  5]   3.40-3.50   sec  3.50 MBytes   294 Mbits/sec                  
[  5]   3.50-3.60   sec  2.43 MBytes   204 Mbits/sec                  
[  5]   3.60-3.70   sec  4.75 MBytes   399 Mbits/sec                  
[  5]   3.70-3.80   sec  5.24 MBytes   440 Mbits/sec                  
[  5]   3.80-3.90   sec  4.34 MBytes   364 Mbits/sec                  
[  5]   3.90-4.00   sec  5.35 MBytes   449 Mbits/sec                  
[  5]   4.00-4.10   sec  6.40 MBytes   537 Mbits/sec                  
[  5]   4.10-4.20   sec  5.82 MBytes   488 Mbits/sec                  
[  5]   4.20-4.30   sec  6.91 MBytes   580 Mbits/sec                  
[  5]   4.30-4.40   sec  6.27 MBytes   526 Mbits/sec                  
[  5]   4.40-4.50   sec  6.82 MBytes   572 Mbits/sec                  
[  5]   4.50-4.60   sec  6.73 MBytes   565 Mbits/sec                  
[  5]   4.60-4.70   sec  7.80 MBytes   654 Mbits/sec                  
[  5]   4.70-4.80   sec  6.28 MBytes   526 Mbits/sec                  
[  5]   4.80-4.90   sec  5.60 MBytes   470 Mbits/sec                  
[  5]   4.90-5.00   sec  6.73 MBytes   564 Mbits/sec                  
- - - - - - - - - - - - - - - - - - - - - - - - -
[ ID] Interval           Transfer     Bitrate         Retr
[  5]   0.00-5.04   sec   529 MBytes   879 Mbits/sec    0             sender
[  5]   0.00-5.00   sec   248 MBytes   416 Mbits/sec                  receiver

iperf Done.
End time: 1745266445658
