Start time: 1747684808927
Connecting to host 34.145.166.89, port 5207
Reverse mode, remote host 34.145.166.89 is sending
[  5] local 192.0.0.2 port 33828 connected to 34.145.166.89 port 5207
[ ID] Interval           Transfer     Bitrate
[  5]   0.00-0.10   sec  70.6 KBytes  5.77 Mbits/sec                  
[  5]   0.10-0.20   sec   214 KBytes  17.6 Mbits/sec                  
[  5]   0.20-0.30   sec   328 KBytes  26.9 Mbits/sec                  
[  5]   0.30-0.40   sec   412 KBytes  33.7 Mbits/sec                  
[  5]   0.40-0.50   sec   364 KBytes  29.8 Mbits/sec                  
[  5]   0.50-0.60   sec   405 KBytes  33.2 Mbits/sec                  
[  5]   0.60-0.70   sec  67.9 KBytes  5.56 Mbits/sec                  
[  5]   0.70-0.80   sec   587 KBytes  48.2 Mbits/sec                  
[  5]   0.80-0.90   sec   630 KBytes  51.6 Mbits/sec                  
[  5]   0.90-1.00   sec   863 KBytes  70.7 Mbits/sec                  
[  5]   1.00-1.10   sec   593 KBytes  48.6 Mbits/sec                  
[  5]   1.10-1.20   sec   936 KBytes  76.7 Mbits/sec                  
[  5]   1.20-1.30   sec  1.16 MBytes  97.7 Mbits/sec                  
[  5]   1.30-1.40   sec  1.12 MBytes  94.2 Mbits/sec                  
[  5]   1.40-1.50   sec  1.31 MBytes   110 Mbits/sec                  
[  5]   1.50-1.60   sec  0.00 Bytes  0.00 bits/sec                  
[  5]   1.60-1.70   sec   541 KBytes  44.3 Mbits/sec                  
[  5]   1.70-1.80   sec  1.08 MBytes  90.6 Mbits/sec                  
[  5]   1.80-1.90   sec  1.77 MBytes   149 Mbits/sec                  
[  5]   1.90-2.00   sec  1.70 MBytes   143 Mbits/sec                  
[  5]   2.00-2.10   sec  2.16 MBytes   181 Mbits/sec                  
[  5]   2.10-2.20   sec  2.39 MBytes   201 Mbits/sec                  
[  5]   2.20-2.30   sec  2.75 MBytes   231 Mbits/sec                  
[  5]   2.30-2.40   sec  2.91 MBytes   244 Mbits/sec                  
[  5]   2.40-2.50   sec  2.51 MBytes   210 Mbits/sec                  
[  5]   2.50-2.60   sec  2.01 MBytes   169 Mbits/sec                  
[  5]   2.60-2.70   sec  1.44 MBytes   121 Mbits/sec                  
[  5]   2.70-2.80   sec  2.35 MBytes   197 Mbits/sec                  
[  5]   2.80-2.90   sec  1.81 MBytes   152 Mbits/sec                  
[  5]   2.90-3.00   sec  1.04 MBytes  87.6 Mbits/sec                  
[  5]   3.00-3.10   sec  2.68 MBytes   225 Mbits/sec                  
[  5]   3.10-3.20   sec  4.56 MBytes   383 Mbits/sec                  
[  5]   3.20-3.30   sec  3.46 MBytes   291 Mbits/sec                  
[  5]   3.30-3.40   sec  2.38 MBytes   199 Mbits/sec                  
[  5]   3.40-3.50   sec  3.30 MBytes   277 Mbits/sec                  
[  5]   3.50-3.60   sec  4.12 MBytes   345 Mbits/sec                  
[  5]   3.60-3.70   sec  2.49 MBytes   209 Mbits/sec                  
[  5]   3.70-3.80   sec  3.86 MBytes   324 Mbits/sec                  
[  5]   3.80-3.90   sec  3.76 MBytes   316 Mbits/sec                  
[  5]   3.90-4.00   sec  2.80 MBytes   235 Mbits/sec                  
[  5]   4.00-4.10   sec  4.14 MBytes   347 Mbits/sec                  
[  5]   4.10-4.20   sec  3.29 MBytes   276 Mbits/sec                  
[  5]   4.20-4.30   sec  2.30 MBytes   192 Mbits/sec                  
[  5]   4.30-4.40   sec  3.15 MBytes   264 Mbits/sec                  
[  5]   4.40-4.50   sec  2.26 MBytes   190 Mbits/sec                  
[  5]   4.50-4.60   sec  1.90 MBytes   159 Mbits/sec                  
[  5]   4.60-4.70   sec  3.09 MBytes   260 Mbits/sec                  
[  5]   4.70-4.80   sec  1.71 MBytes   143 Mbits/sec                  
[  5]   4.80-4.90   sec  1.66 MBytes   139 Mbits/sec                  
[  5]   4.90-5.00   sec  0.00 Bytes  0.00 bits/sec                  
- - - - - - - - - - - - - - - - - - - - - - - - -
[ ID] Interval           Transfer     Bitrate         Retr
[  5]   0.00-5.05   sec  96.8 MBytes   161 Mbits/sec    1             sender
[  5]   0.00-5.00   sec  92.3 MBytes   155 Mbits/sec                  receiver

iperf Done.
End time: 1747684814483
