Start time: 1730656289934
[2024-11-03T10:51:35.016701-0700] traceroute to 54.176.53.206 (54.176.53.206), 30 hops max, 60 byte packets
[2024-11-03T10:51:35.017359-0700]  1  * * *
[2024-11-03T10:51:35.017401-0700]  2  * * *
[2024-11-03T10:51:35.017430-0700]  3  * * *
[2024-11-03T10:51:35.017458-0700]  4  * * *
[2024-11-03T10:51:35.017485-0700]  5  * * *
[2024-11-03T10:51:40.023916-0700]  6  * * *
[2024-11-03T10:51:40.024252-0700]  7  * * *
[2024-11-03T10:51:40.024352-0700]  8  * * *
[2024-11-03T10:51:40.024434-0700]  9  * * *
[2024-11-03T10:51:40.024512-0700] 10  * * *
[2024-11-03T10:51:45.031276-0700] 11  * * *
[2024-11-03T10:51:45.031775-0700] 12  * * *
[2024-11-03T10:51:45.031916-0700] 13  * * *
[2024-11-03T10:51:45.032010-0700] 14  * * *
[2024-11-03T10:51:45.032103-0700] 15  * * *
[2024-11-03T10:51:50.039534-0700] 16  * * *
[2024-11-03T10:51:50.039804-0700] 17  * * *
[2024-11-03T10:51:50.039864-0700] 18  * * *
[2024-11-03T10:51:50.039913-0700] 19  * * *
[2024-11-03T10:51:50.039955-0700] 20  * * *
[2024-11-03T10:51:50.039997-0700] 21  * * *
[2024-11-03T10:51:55.047035-0700] 22  * * *
[2024-11-03T10:51:55.047363-0700] 23  * * *
[2024-11-03T10:51:55.047463-0700] 24  * * *
[2024-11-03T10:51:55.047595-0700] 25  * * *
[2024-11-03T10:51:55.052736-0700] 26  * * *
[2024-11-03T10:52:00.007438-0700] 27  * *End time: 1730656320060
