Start time: 1745269572984
Connecting to host 34.86.116.81, port 5209
Reverse mode, remote host 34.86.116.81 is sending
[  5] local 192.0.0.2 port 60018 connected to 34.86.116.81 port 5209
[ ID] Interval           Transfer     Bitrate
[  5]   0.00-0.10   sec  16.0 KBytes  1.31 Mbits/sec                  
[  5]   0.10-0.20   sec  29.3 KBytes  2.40 Mbits/sec                  
[  5]   0.20-0.30   sec  44.0 KBytes  3.60 Mbits/sec                  
[  5]   0.30-0.40   sec   129 KBytes  10.6 Mbits/sec                  
[  5]   0.40-0.50   sec   377 KBytes  30.9 Mbits/sec                  
[  5]   0.50-0.60   sec   987 KBytes  80.8 Mbits/sec                  
[  5]   0.60-0.70   sec  1.56 MBytes   131 Mbits/sec                  
[  5]   0.70-0.80   sec  2.55 MBytes   214 Mbits/sec                  
[  5]   0.80-0.90   sec  1.68 MBytes   141 Mbits/sec                  
[  5]   0.90-1.00   sec  3.51 MBytes   294 Mbits/sec                  
[  5]   1.00-1.10   sec  3.75 MBytes   315 Mbits/sec                  
[  5]   1.10-1.20   sec  2.57 MBytes   216 Mbits/sec                  
[  5]   1.20-1.30   sec  4.55 MBytes   381 Mbits/sec                  
[  5]   1.30-1.40   sec  3.86 MBytes   324 Mbits/sec                  
[  5]   1.40-1.50   sec  2.53 MBytes   213 Mbits/sec                  
[  5]   1.50-1.60   sec  6.06 MBytes   509 Mbits/sec                  
[  5]   1.60-1.70   sec  4.42 MBytes   371 Mbits/sec                  
[  5]   1.70-1.80   sec  4.13 MBytes   346 Mbits/sec                  
[  5]   1.80-1.90   sec  3.13 MBytes   262 Mbits/sec                  
[  5]   1.90-2.00   sec  5.20 MBytes   436 Mbits/sec                  
[  5]   2.00-2.10   sec  5.28 MBytes   444 Mbits/sec                  
[  5]   2.10-2.20   sec  5.61 MBytes   470 Mbits/sec                  
[  5]   2.20-2.30   sec  2.84 MBytes   238 Mbits/sec                  
[  5]   2.30-2.40   sec  2.59 MBytes   217 Mbits/sec                  
[  5]   2.40-2.50   sec  3.71 MBytes   311 Mbits/sec                  
[  5]   2.50-2.60   sec  2.42 MBytes   203 Mbits/sec                  
[  5]   2.60-2.70   sec  2.46 MBytes   207 Mbits/sec                  
[  5]   2.70-2.80   sec  2.72 MBytes   228 Mbits/sec                  
[  5]   2.80-2.90   sec  1.71 MBytes   143 Mbits/sec                  
[  5]   2.90-3.00   sec  1.92 MBytes   161 Mbits/sec                  
[  5]   3.00-3.10   sec  4.08 MBytes   341 Mbits/sec                  
[  5]   3.10-3.20   sec  3.40 MBytes   286 Mbits/sec                  
[  5]   3.20-3.30   sec  2.72 MBytes   228 Mbits/sec                  
[  5]   3.30-3.40   sec  2.35 MBytes   197 Mbits/sec                  
[  5]   3.40-3.50   sec  1.67 MBytes   140 Mbits/sec                  
[  5]   3.50-3.60   sec  2.75 MBytes   230 Mbits/sec                  
[  5]   3.60-3.70   sec  2.95 MBytes   247 Mbits/sec                  
[  5]   3.70-3.80   sec  4.42 MBytes   370 Mbits/sec                  
[  5]   3.80-3.90   sec  3.92 MBytes   329 Mbits/sec                  
[  5]   3.90-4.00   sec  3.82 MBytes   321 Mbits/sec                  
[  5]   4.00-4.10   sec  3.21 MBytes   270 Mbits/sec                  
[  5]   4.10-4.20   sec  2.56 MBytes   215 Mbits/sec                  
[  5]   4.20-4.30   sec  3.84 MBytes   322 Mbits/sec                  
[  5]   4.30-4.40   sec  3.10 MBytes   260 Mbits/sec                  
[  5]   4.40-4.50   sec  2.14 MBytes   179 Mbits/sec                  
[  5]   4.50-4.60   sec  3.69 MBytes   310 Mbits/sec                  
[  5]   4.60-4.70   sec  2.72 MBytes   228 Mbits/sec                  
[  5]   4.70-4.80   sec  2.30 MBytes   193 Mbits/sec                  
[  5]   4.80-4.90   sec  2.71 MBytes   227 Mbits/sec                  
[  5]   4.90-5.00   sec  2.89 MBytes   242 Mbits/sec                  
- - - - - - - - - - - - - - - - - - - - - - - - -
[ ID] Interval           Transfer     Bitrate         Retr
[  5]   0.00-5.04   sec   424 MBytes   705 Mbits/sec    0             sender
[  5]   0.00-5.00   sec   144 MBytes   241 Mbits/sec                  receiver

iperf Done.
End time: 1745269579113
