Start time: 1730683677278
[2024-11-03T18:28:02.353363-0700] traceroute to 54.176.53.206 (54.176.53.206), 30 hops max, 60 byte packets
[2024-11-03T18:28:02.353929-0700]  1  * * *
[2024-11-03T18:28:02.353973-0700]  2  * * *
[2024-11-03T18:28:02.354005-0700]  3  * * *
[2024-11-03T18:28:02.354035-0700]  4  * * *
[2024-11-03T18:28:02.354063-0700]  5  * * *
[2024-11-03T18:28:07.360221-0700]  6  * * *
[2024-11-03T18:28:07.360581-0700]  7  * * *
[2024-11-03T18:28:07.360686-0700]  8  * * *
[2024-11-03T18:28:07.360762-0700]  9  * * *
[2024-11-03T18:28:07.360838-0700] 10  * * *
[2024-11-03T18:28:12.367647-0700] 11  * * *
[2024-11-03T18:28:12.368049-0700] 12  * * *
[2024-11-03T18:28:12.368157-0700] 13  * * *
[2024-11-03T18:28:12.373675-0700] 14  * * *
[2024-11-03T18:28:12.373952-0700] 15  * * *
[2024-11-03T18:28:17.372226-0700] 16  * * *
[2024-11-03T18:28:17.372566-0700] 17  * * *
[2024-11-03T18:28:17.374880-0700] 18  * * *
[2024-11-03T18:28:17.374938-0700] 19  * * *
[2024-11-03T18:28:17.377151-0700] 20  * * *
[2024-11-03T18:28:17.378760-0700] 21  * * *
[2024-11-03T18:28:22.379183-0700] 22  * * *
[2024-11-03T18:28:22.379481-0700] 23  * * *
[2024-11-03T18:28:22.379812-0700] 24  * * *
[2024-11-03T18:28:22.379954-0700] 25  * * *
[2024-11-03T18:28:22.387330-0700] 26  * * *
[2024-11-03T18:28:27.343120-0700] 27  * *End time: 1730683707442
