Start time: 1730767016522
[2024-11-04T18:36:57.454272-0600] nuttcp-r: v8.1.4: socket
[2024-11-04T18:36:57.454852-0600] nuttcp-r: buflen=65536, nstream=1, port=5379 tcp
[2024-11-04T18:36:57.454891-0600] nuttcp-r: interval reporting every 0.50 seconds
[2024-11-04T18:36:57.454920-0600] nuttcp-r: connect to 54.176.53.206 with RTT=80.361 ms af=inet
[2024-11-04T18:36:57.454947-0600] nuttcp-r: send window size = 2097152, receive window size = 6291456
[2024-11-04T18:36:57.454971-0600] nuttcp-r: available send window = 1572864, available receive window = 4718592
[2024-11-04T18:36:57.454996-0600]     0.4375 MB /   0.50 sec =    7.3393 Mbps     0 retrans
[2024-11-04T18:36:57.954072-0600]     2.4375 MB /   0.50 sec =   40.8945 Mbps     0 retrans
[2024-11-04T18:36:58.454015-0600]     4.6875 MB /   0.50 sec =   78.6459 Mbps     0 retrans
[2024-11-04T18:36:58.954053-0600]     4.5000 MB /   0.50 sec =   75.4961 Mbps     0 retrans
[2024-11-04T18:36:59.454103-0600]     5.1250 MB /   0.50 sec =   85.9825 Mbps     0 retrans
[2024-11-04T18:36:59.954079-0600]     4.9375 MB /   0.50 sec =   82.8370 Mbps     0 retrans
[2024-11-04T18:37:00.454192-0600]     6.5625 MB /   0.50 sec =  110.1005 Mbps     0 retrans
[2024-11-04T18:37:00.954113-0600]     8.6250 MB /   0.50 sec =  144.6991 Mbps     0 retrans
[2024-11-04T18:37:01.454116-0600]     8.5000 MB /   0.50 sec =  142.6006 Mbps     0 retrans
[2024-11-04T18:37:01.954099-0600]     9.1875 MB /   0.50 sec =  154.1484 Mbps     0 retrans
[2024-11-04T18:37:02.454072-0600]     7.8750 MB /   0.50 sec =  132.1219 Mbps     0 retrans
[2024-11-04T18:37:02.954110-0600]     6.1250 MB /   0.50 sec =  102.7516 Mbps     0 retrans
[2024-11-04T18:37:03.453959-0600]     8.7500 MB /   0.50 sec =  146.8253 Mbps     0 retrans
[2024-11-04T18:37:03.954093-0600]    11.0625 MB /   0.50 sec =  185.5850 Mbps     0 retrans
[2024-11-04T18:37:04.454047-0600]     8.1875 MB /   0.50 sec =  137.3626 Mbps     0 retrans
[2024-11-04T18:37:04.954118-0600]     7.1250 MB /   0.50 sec =  119.5348 Mbps     0 retrans
[2024-11-04T18:37:05.453980-0600]     8.3125 MB /   0.50 sec =  139.4701 Mbps     0 retrans
[2024-11-04T18:37:05.954196-0600]     7.8750 MB /   0.50 sec =  132.0899 Mbps     0 retrans
[2024-11-04T18:37:06.454123-0600]     9.8750 MB /   0.50 sec =  165.7025 Mbps     0 retrans
[2024-11-04T18:37:06.954162-0600]    11.0625 MB /   0.50 sec =  185.5801 Mbps     0 retrans
[2024-11-04T18:37:07.454096-0600]    10.0000 MB /   0.50 sec =  167.7789 Mbps     0 retrans
[2024-11-04T18:37:07.954074-0600]     7.7500 MB /   0.50 sec =  130.0356 Mbps     0 retrans
[2024-11-04T18:37:08.454152-0600]     3.3125 MB /   0.50 sec =   55.5693 Mbps     0 retrans
[2024-11-04T18:37:08.954087-0600]     8.1250 MB /   0.50 sec =  136.3217 Mbps     0 retrans
[2024-11-04T18:37:09.454120-0600]     5.9375 MB /   0.50 sec =   99.6105 Mbps     0 retrans
[2024-11-04T18:37:09.954066-0600]     8.7500 MB /   0.50 sec =  146.8112 Mbps     0 retrans
[2024-11-04T18:37:10.454049-0600]    10.1250 MB /   0.50 sec =  169.8751 Mbps     0 retrans
[2024-11-04T18:37:10.954039-0600]    13.0000 MB /   0.50 sec =  218.0955 Mbps     0 retrans
[2024-11-04T18:37:11.454023-0600]     9.4375 MB /   0.50 sec =  158.3419 Mbps     0 retrans
[2024-11-04T18:37:11.954125-0600]    10.2500 MB /   0.50 sec =  171.9331 Mbps     0 retrans
[2024-11-04T18:37:12.454129-0600]     7.6250 MB /   0.50 sec =  127.9347 Mbps     0 retrans
[2024-11-04T18:37:12.954038-0600]     9.3750 MB /   0.50 sec =  157.3002 Mbps     0 retrans
[2024-11-04T18:37:13.454212-0600]     2.3750 MB /   0.50 sec =   39.8441 Mbps     0 retrans
[2024-11-04T18:37:13.954042-0600]     8.9375 MB /   0.50 sec =  149.9566 Mbps     0 retrans
[2024-11-04T18:37:14.454091-0600]     9.4375 MB /   0.50 sec =  158.3271 Mbps     0 retrans
[2024-11-04T18:37:14.954086-0600]     9.5625 MB /   0.50 sec =  160.4405 Mbps     0 retrans
[2024-11-04T18:37:15.454118-0600]    11.3125 MB /   0.50 sec =  189.7911 Mbps     0 retrans
[2024-11-04T18:37:15.954097-0600]     8.5625 MB /   0.50 sec =  143.6403 Mbps     0 retrans
[2024-11-04T18:37:16.454152-0600]    11.4375 MB /   0.50 sec =  191.8860 Mbps     0 retrans
[2024-11-04T18:37:16.954203-0600]    12.0625 MB /   0.50 sec =  202.3930 Mbps     0 retrans
[2024-11-04T18:37:17.454057-0600]    13.0000 MB /   0.50 sec =  218.1099 Mbps     0 retrans
[2024-11-04T18:37:17.954019-0600]    11.1875 MB /   0.50 sec =  187.6962 Mbps     0 retrans
[2024-11-04T18:37:18.454169-0600]    11.7500 MB /   0.50 sec =  197.1252 Mbps     0 retrans
[2024-11-04T18:37:18.954176-0600]    11.6875 MB /   0.50 sec =  196.0402 Mbps     0 retrans
[2024-11-04T18:37:19.454060-0600]    11.8125 MB /   0.50 sec =  198.2284 Mbps     0 retrans
[2024-11-04T18:37:19.954056-0600]    10.5625 MB /   0.50 sec =  177.2076 Mbps     0 retrans
[2024-11-04T18:37:20.454025-0600]     9.9375 MB /   0.50 sec =  166.7293 Mbps     0 retrans
[2024-11-04T18:37:20.954156-0600]     7.5000 MB /   0.50 sec =  125.8057 Mbps     0 retrans
[2024-11-04T18:37:21.454091-0600]     8.6875 MB /   0.50 sec =  145.7675 Mbps     0 retrans
[2024-11-04T18:37:21.954084-0600]     8.8125 MB /   0.50 sec =  147.8560 Mbps     0 retrans
[2024-11-04T18:37:22.454215-0600]    10.0000 MB /   0.50 sec =  167.7631 Mbps     0 retrans
[2024-11-04T18:37:22.954058-0600]    10.1875 MB /   0.50 sec =  170.9302 Mbps     0 retrans
[2024-11-04T18:37:23.454200-0600]     3.5625 MB /   0.50 sec =   59.7556 Mbps     0 retrans
[2024-11-04T18:37:23.954032-0600]     0.0000 MB /   0.50 sec =    0.0000 Mbps     0 retrans
[2024-11-04T18:37:24.454044-0600]     7.8125 MB /   0.50 sec =  131.0730 Mbps     0 retrans
[2024-11-04T18:37:24.954039-0600]     6.3125 MB /   0.50 sec =  105.9066 Mbps     0 retrans
[2024-11-04T18:37:25.454048-0600]     5.6875 MB /   0.50 sec =   95.4202 Mbps     0 retrans
[2024-11-04T18:37:25.954044-0600]     5.7500 MB /   0.50 sec =   96.4615 Mbps     0 retrans
[2024-11-04T18:37:26.454292-0600]     5.6250 MB /   0.50 sec =   94.3616 Mbps     0 retrans
[2024-11-04T18:37:26.954097-0600]     4.6250 MB /   0.50 sec =   77.6004 Mbps     0 retrans
[2024-11-04T18:37:27.454116-0600]     4.0000 MB /   0.50 sec =   67.1079 Mbps     0 retrans
[2024-11-04T18:37:27.954069-0600]     3.8125 MB /   0.50 sec =   63.9703 Mbps     0 retrans
[2024-11-04T18:37:28.454138-0600]     6.1250 MB /   0.50 sec =  102.7424 Mbps     0 retrans
[2024-11-04T18:37:28.954078-0600]     5.8125 MB /   0.50 sec =   97.5351 Mbps     0 retrans
[2024-11-04T18:37:29.454005-0600]     5.5625 MB /   0.50 sec =   93.3268 Mbps     0 retrans
[2024-11-04T18:37:29.954009-0600]     6.1875 MB /   0.50 sec =  103.8028 Mbps     0 retrans
[2024-11-04T18:37:30.454068-0600]     5.6875 MB /   0.50 sec =   95.4214 Mbps     0 retrans
[2024-11-04T18:37:30.954063-0600]     6.8750 MB /   0.50 sec =  115.3438 Mbps     0 retrans
[2024-11-04T18:37:31.454052-0600]     5.8125 MB /   0.50 sec =   97.5187 Mbps     0 retrans
[2024-11-04T18:37:31.954163-0600]     5.6250 MB /   0.50 sec =   94.3720 Mbps     0 retrans
[2024-11-04T18:37:32.454062-0600]     3.8125 MB /   0.50 sec =   63.9629 Mbps     0 retrans
[2024-11-04T18:37:32.954049-0600]     6.9375 MB /   0.50 sec =  116.3919 Mbps     0 retrans
[2024-11-04T18:37:33.454173-0600]     7.7500 MB /   0.50 sec =  130.0005 Mbps     0 retrans
[2024-11-04T18:37:33.953981-0600]     6.7500 MB /   0.50 sec =  113.2693 Mbps     0 retrans
[2024-11-04T18:37:34.454253-0600]     2.9375 MB /   0.50 sec =   49.2700 Mbps     0 retrans
[2024-11-04T18:37:34.954070-0600]     6.1875 MB /   0.50 sec =  103.8325 Mbps     0 retrans
[2024-11-04T18:37:35.454244-0600]     9.4375 MB /   0.50 sec =  158.3296 Mbps     0 retrans
[2024-11-04T18:37:35.954207-0600]    10.1250 MB /   0.50 sec =  169.8428 Mbps     0 retrans
[2024-11-04T18:37:36.454116-0600]    10.7500 MB /   0.50 sec =  180.3893 Mbps     0 retrans
[2024-11-04T18:37:36.954120-0600]    11.3125 MB /   0.50 sec =  189.7953 Mbps     0 retrans
[2024-11-04T18:37:37.454098-0600]    11.7500 MB /   0.50 sec =  197.1264 Mbps     0 retrans
[2024-11-04T18:37:37.954106-0600]    12.6875 MB /   0.50 sec =  212.8609 Mbps     0 retrans
[2024-11-04T18:37:38.454113-0600]    13.8125 MB /   0.50 sec =  231.7385 Mbps     0 retrans
[2024-11-04T18:37:38.954102-0600]    16.2500 MB /   0.50 sec =  272.6270 Mbps     0 retrans
[2024-11-04T18:37:39.453981-0600]    17.5000 MB /   0.50 sec =  293.6248 Mbps     0 retrans
[2024-11-04T18:37:39.954085-0600]    19.1875 MB /   0.50 sec =  321.8871 Mbps     0 retrans
[2024-11-04T18:37:40.454054-0600]    15.9375 MB /   0.50 sec =  267.3906 Mbps     0 retrans
[2024-11-04T18:37:40.954186-0600]    16.9375 MB /   0.50 sec =  284.1164 Mbps     0 retrans
[2024-11-04T18:37:41.454179-0600]    15.6250 MB /   0.50 sec =  262.1928 Mbps     0 retrans
[2024-11-04T18:37:41.954123-0600]    20.9375 MB /   0.50 sec =  351.2575 Mbps     0 retrans
[2024-11-04T18:37:42.454101-0600]    23.4375 MB /   0.50 sec =  393.2294 Mbps     0 retrans
[2024-11-04T18:37:42.954097-0600]    26.6250 MB /   0.50 sec =  446.6728 Mbps     0 retrans
[2024-11-04T18:37:43.454053-0600]    25.5625 MB /   0.50 sec =  428.8925 Mbps     0 retrans
[2024-11-04T18:37:43.954025-0600]    21.4375 MB /   0.50 sec =  359.6472 Mbps     0 retrans
[2024-11-04T18:37:44.454085-0600]    26.6250 MB /   0.50 sec =  446.6961 Mbps     0 retrans
[2024-11-04T18:37:44.954043-0600]    10.6875 MB /   0.50 sec =  179.3101 Mbps     0 retrans
[2024-11-04T18:37:45.454046-0600]    23.6875 MB /   0.50 sec =  397.4111 Mbps     0 retrans
[2024-11-04T18:37:45.954077-0600]    24.4375 MB /   0.50 sec =  409.9686 Mbps     0 retrans
[2024-11-04T18:37:46.454055-0600]    20.5625 MB /   0.50 sec =  344.9994 Mbps     0 retrans
[2024-11-04T18:37:46.954070-0600]     9.8750 MB /   0.50 sec =  165.6704 Mbps     0 retrans
[2024-11-04T18:37:47.454060-0600]     3.5000 MB /   0.50 sec =   58.7217 Mbps     0 retrans
[2024-11-04T18:37:47.954291-0600]     0.0000 MB /   0.50 sec =    0.0000 Mbps     0 retrans
[2024-11-04T18:37:48.454198-0600]     0.0000 MB /   0.50 sec =    0.0000 Mbps     0 retrans
[2024-11-04T18:37:48.954087-0600]    12.8125 MB /   0.50 sec =  214.9998 Mbps     0 retrans
[2024-11-04T18:37:49.453960-0600]     6.2500 MB /   0.50 sec =  104.8666 Mbps     0 retrans
[2024-11-04T18:37:49.954237-0600]     8.0000 MB /   0.50 sec =  134.2083 Mbps     0 retrans
[2024-11-04T18:37:50.454112-0600]     9.3750 MB /   0.50 sec =  157.2682 Mbps     0 retrans
[2024-11-04T18:37:50.954047-0600]     7.8750 MB /   0.50 sec =  132.1346 Mbps     0 retrans
[2024-11-04T18:37:51.454051-0600]     6.6250 MB /   0.50 sec =  111.1508 Mbps     0 retrans
[2024-11-04T18:37:51.954050-0600]     5.8125 MB /   0.50 sec =   97.5168 Mbps     0 retrans
[2024-11-04T18:37:52.454053-0600]     4.8125 MB /   0.50 sec =   80.7395 Mbps     0 retrans
[2024-11-04T18:37:52.954214-0600]     4.8125 MB /   0.50 sec =   80.7211 Mbps     0 retrans
[2024-11-04T18:37:53.454241-0600]     4.4375 MB /   0.50 sec =   74.4619 Mbps     0 retrans
[2024-11-04T18:37:53.954001-0600]     4.1875 MB /   0.50 sec =   70.2595 Mbps     0 retrans
[2024-11-04T18:37:54.454013-0600]     2.6875 MB /   0.50 sec =   45.0895 Mbps     0 retrans
[2024-11-04T18:37:54.953968-0600]     5.5625 MB /   0.50 sec =   93.3277 Mbps     0 retrans
[2024-11-04T18:37:55.454006-0600]     1.4375 MB /   0.50 sec =   24.1158 Mbps     0 retrans
[2024-11-04T18:37:55.953976-0600]     5.6875 MB /   0.50 sec =   95.4258 Mbps     0 retrans
[2024-11-04T18:37:56.454156-0600]     3.6250 MB /   0.50 sec =   60.8074 Mbps     0 retrans
[2024-11-04T18:37:56.954057-0600]     4.1875 MB /   0.50 sec =   70.2622 Mbps     0 retrans
[2024-11-04T18:37:57.454060-0600]     6.3125 MB /   0.50 sec =  105.9062 Mbps     0 retrans
[2024-11-04T18:37:57.954080-0600]     6.7500 MB /   0.50 sec =  113.2435 Mbps     0 retrans
[2024-11-04T18:37:58.453982-0600]     6.3125 MB /   0.50 sec =  105.9140 Mbps     0 retrans
[2024-11-04T18:37:58.954162-0600]     5.0625 MB /   0.50 sec =   84.9219 Mbps     0 retrans
[2024-11-04T18:37:59.454048-0600]     5.3125 MB /   0.50 sec =   89.1432 Mbps     0 retrans
[2024-11-04T18:37:59.954089-0600]     9.0625 MB /   0.50 sec =  152.0338 Mbps     0 retrans
[2024-11-04T18:38:00.454105-0600]     9.3750 MB /   0.50 sec =  157.2839 Mbps     0 retrans
[2024-11-04T18:38:00.954057-0600]     6.9375 MB /   0.50 sec =  116.3943 Mbps     0 retrans
[2024-11-04T18:38:01.454113-0600]     4.8750 MB /   0.50 sec =   81.7821 Mbps     0 retrans
[2024-11-04T18:38:01.954092-0600]     8.2500 MB /   0.50 sec =  138.4145 Mbps     0 retrans
[2024-11-04T18:38:02.454100-0600]    13.2500 MB /   0.50 sec =  222.3066 Mbps     0 retrans
[2024-11-04T18:38:02.954054-0600]    13.3125 MB /   0.50 sec =  223.3512 Mbps     0 retrans
[2024-11-04T18:38:03.454080-0600]    14.7500 MB /   0.50 sec =  247.4610 Mbps     0 retrans
[2024-11-04T18:38:03.954085-0600]    15.5000 MB /   0.50 sec =  260.0489 Mbps     0 retrans
[2024-11-04T18:38:04.454283-0600]    19.4375 MB /   0.50 sec =  326.1052 Mbps     0 retrans
[2024-11-04T18:38:04.954076-0600]    15.2500 MB /   0.50 sec =  255.8525 Mbps     0 retrans
[2024-11-04T18:38:05.454182-0600]    15.3125 MB /   0.50 sec =  256.8554 Mbps     0 retrans
[2024-11-04T18:38:05.954079-0600]     8.0000 MB /   0.50 sec =  134.2440 Mbps     0 retrans
[2024-11-04T18:38:06.454053-0600]    18.6250 MB /   0.50 sec =  312.4681 Mbps     0 retrans
[2024-11-04T18:38:06.954077-0600]    20.7500 MB /   0.50 sec =  348.1314 Mbps     0 retrans
[2024-11-04T18:38:07.454070-0600]    18.4375 MB /   0.50 sec =  309.3274 Mbps     0 retrans
[2024-11-04T18:38:07.954101-0600]    16.5000 MB /   0.50 sec =  276.8086 Mbps     0 retrans
[2024-11-04T18:38:08.454106-0600]    22.6875 MB /   0.50 sec =  380.6422 Mbps     0 retrans
[2024-11-04T18:38:08.954041-0600]    22.0000 MB /   0.50 sec =  369.1216 Mbps     0 retrans
[2024-11-04T18:38:09.454117-0600]    15.4375 MB /   0.50 sec =  258.9734 Mbps     0 retrans
[2024-11-04T18:38:09.954096-0600]    10.1250 MB /   0.50 sec =  169.8697 Mbps     0 retrans
[2024-11-04T18:38:10.454095-0600]    13.3750 MB /   0.50 sec =  224.4047 Mbps     0 retrans
[2024-11-04T18:38:10.954207-0600]    22.7500 MB /   0.50 sec =  381.6946 Mbps     0 retrans
[2024-11-04T18:38:11.454054-0600]    20.7500 MB /   0.50 sec =  348.1307 Mbps     0 retrans
[2024-11-04T18:38:11.954034-0600]    13.8125 MB /   0.50 sec =  231.7371 Mbps     0 retrans
[2024-11-04T18:38:12.454049-0600]    14.7500 MB /   0.50 sec =  247.4605 Mbps     0 retrans
[2024-11-04T18:38:12.954061-0600]    14.0000 MB /   0.50 sec =  234.8787 Mbps     0 retrans
[2024-11-04T18:38:13.454078-0600]    20.0000 MB /   0.50 sec =  335.5450 Mbps     0 retrans
[2024-11-04T18:38:13.954051-0600]    17.2500 MB /   0.50 sec =  289.4110 Mbps     0 retrans
[2024-11-04T18:38:14.454069-0600]    19.2500 MB /   0.50 sec =  322.9788 Mbps     0 retrans
[2024-11-04T18:38:14.954174-0600]    15.2500 MB /   0.50 sec =  255.8183 Mbps     0 retrans
[2024-11-04T18:38:15.454054-0600]    18.0625 MB /   0.50 sec =  303.0615 Mbps     0 retrans
[2024-11-04T18:38:15.954023-0600]    16.0625 MB /   0.50 sec =  269.4873 Mbps     0 retrans
[2024-11-04T18:38:16.454058-0600]     7.0625 MB /   0.50 sec =  118.4872 Mbps     0 retrans
[2024-11-04T18:38:16.954177-0600]    14.5000 MB /   0.50 sec =  243.2200 Mbps     0 retrans
[2024-11-04T18:38:17.453982-0600]    14.0000 MB /   0.50 sec =  234.9435 Mbps     0 retrans
[2024-11-04T18:38:17.954124-0600]     8.3750 MB /   0.50 sec =  140.4982 Mbps     0 retrans
[2024-11-04T18:38:18.454239-0600]     9.7500 MB /   0.50 sec =  163.5674 Mbps     0 retrans
[2024-11-04T18:38:18.954083-0600]     9.1875 MB /   0.50 sec =  154.1484 Mbps     0 retrans
[2024-11-04T18:38:19.454092-0600]    12.4375 MB /   0.50 sec =  208.6595 Mbps     0 retrans
[2024-11-04T18:38:19.954078-0600]    13.2500 MB /   0.50 sec =  222.3119 Mbps     0 retrans
[2024-11-04T18:38:20.454072-0600]    11.5000 MB /   0.50 sec =  192.9345 Mbps     0 retrans
[2024-11-04T18:38:20.954102-0600]    15.9375 MB /   0.50 sec =  267.3863 Mbps     0 retrans
[2024-11-04T18:38:21.454093-0600]    13.4375 MB /   0.50 sec =  225.4483 Mbps     0 retrans
[2024-11-04T18:38:21.954034-0600]    12.3125 MB /   0.50 sec =  206.5748 Mbps     0 retrans
[2024-11-04T18:38:22.454108-0600]    10.1875 MB /   0.50 sec =  170.9001 Mbps     0 retrans
[2024-11-04T18:38:22.954242-0600]     1.8125 MB /   0.50 sec =   30.4086 Mbps     0 retrans
[2024-11-04T18:38:23.454007-0600]    15.3750 MB /   0.50 sec =  257.9745 Mbps     0 retrans
[2024-11-04T18:38:23.954108-0600]    16.2500 MB /   0.50 sec =  272.6139 Mbps     0 retrans
[2024-11-04T18:38:24.454025-0600]    16.3750 MB /   0.50 sec =  274.7346 Mbps     0 retrans
[2024-11-04T18:38:24.954079-0600]    15.8125 MB /   0.50 sec =  265.2865 Mbps     0 retrans
[2024-11-04T18:38:25.454251-0600]     4.8125 MB /   0.50 sec =   80.7169 Mbps     0 retrans
[2024-11-04T18:38:25.954051-0600]     7.1250 MB /   0.50 sec =  119.5766 Mbps     0 retrans
[2024-11-04T18:38:26.454078-0600]     6.6250 MB /   0.50 sec =  111.1444 Mbps     0 retrans
[2024-11-04T18:38:26.954090-0600]     3.3750 MB /   0.50 sec =   56.6256 Mbps     0 retrans
[2024-11-04T18:38:27.454044-0600]     2.6250 MB /   0.50 sec =   44.0411 Mbps     0 retrans
[2024-11-04T18:38:27.954134-0600]    13.6250 MB /   0.50 sec =  228.5640 Mbps     0 retrans
[2024-11-04T18:38:28.453983-0600]    18.6875 MB /   0.50 sec =  313.5681 Mbps     0 retrans
[2024-11-04T18:38:28.954087-0600]    18.7500 MB /   0.50 sec =  314.5539 Mbps     0 retrans
[2024-11-04T18:38:29.454066-0600]    18.7500 MB /   0.50 sec =  314.5709 Mbps     0 retrans
[2024-11-04T18:38:29.954044-0600]     9.6875 MB /   0.50 sec =  162.5221 Mbps     0 retrans
[2024-11-04T18:38:30.454058-0600]    10.4375 MB /   0.50 sec =  175.1241 Mbps     0 retrans
[2024-11-04T18:38:30.954105-0600]    13.6875 MB /   0.50 sec =  229.6138 Mbps     0 retrans
[2024-11-04T18:38:31.454070-0600]    10.0625 MB /   0.50 sec =  168.8309 Mbps     0 retrans
[2024-11-04T18:38:31.954047-0600]    10.1875 MB /   0.50 sec =  170.9223 Mbps     0 retrans
[2024-11-04T18:38:32.454255-0600]    11.1250 MB /   0.50 sec =  186.6338 Mbps     0 retrans
[2024-11-04T18:38:32.954324-0600]     0.0000 MB /   0.50 sec =    0.0000 Mbps     0 retrans
[2024-11-04T18:38:33.454077-0600]    13.6875 MB /   0.50 sec =  229.6836 Mbps     0 retrans
[2024-11-04T18:38:33.954095-0600]    10.4375 MB /   0.50 sec =  175.1125 Mbps     0 retrans
[2024-11-04T18:38:34.454062-0600]    11.0625 MB /   0.50 sec =  185.5968 Mbps     0 retrans
[2024-11-04T18:38:34.954076-0600]     6.2500 MB /   0.50 sec =  104.8622 Mbps     0 retrans
[2024-11-04T18:38:35.454356-0600]     1.8125 MB /   0.50 sec =   30.4005 Mbps     0 retrans
[2024-11-04T18:38:35.954187-0600]     0.0000 MB /   0.50 sec =    0.0000 Mbps     0 retrans
[2024-11-04T18:38:36.454036-0600]    10.0625 MB /   0.50 sec =  168.8606 Mbps     0 retrans
[2024-11-04T18:38:36.954043-0600]     7.0625 MB /   0.50 sec =  118.4884 Mbps     0 retrans
[2024-11-04T18:38:37.454085-0600]    11.0625 MB /   0.50 sec =  185.5950 Mbps     0 retrans
[2024-11-04T18:38:37.953976-0600]     2.1875 MB /   0.50 sec =   36.7027 Mbps     0 retrans
[2024-11-04T18:38:38.454082-0600]    12.0000 MB /   0.50 sec =  201.3089 Mbps     0 retrans
[2024-11-04T18:38:38.954146-0600]    11.9375 MB /   0.50 sec =  200.2632 Mbps     0 retrans
[2024-11-04T18:38:39.454053-0600]     4.2500 MB /   0.50 sec =   71.3100 Mbps     0 retrans
[2024-11-04T18:38:39.954090-0600]     6.4375 MB /   0.50 sec =  108.0085 Mbps     0 retrans
[2024-11-04T18:38:40.454132-0600]     6.6875 MB /   0.50 sec =  112.1851 Mbps     0 retrans
[2024-11-04T18:38:40.953983-0600]     8.5000 MB /   0.50 sec =  142.6209 Mbps     0 retrans
[2024-11-04T18:38:41.454041-0600]     8.0000 MB /   0.50 sec =  134.2161 Mbps     0 retrans
[2024-11-04T18:38:41.953981-0600]     8.7500 MB /   0.50 sec =  146.8071 Mbps     0 retrans
[2024-11-04T18:38:42.453973-0600]     3.9375 MB /   0.50 sec =   66.0598 Mbps     0 retrans
[2024-11-04T18:38:42.954108-0600]     5.6875 MB /   0.50 sec =   95.4069 Mbps     0 retrans
[2024-11-04T18:38:43.454256-0600]     6.0000 MB /   0.50 sec =  100.6716 Mbps     0 retrans
[2024-11-04T18:38:43.954084-0600]     2.3750 MB /   0.50 sec =   39.8449 Mbps     0 retrans
[2024-11-04T18:38:44.454372-0600]     0.0625 MB /   0.50 sec =    1.0483 Mbps     0 retrans
[2024-11-04T18:38:44.954102-0600]     5.0000 MB /   0.50 sec =   83.9071 Mbps     0 retrans
[2024-11-04T18:38:45.454062-0600]     3.5000 MB /   0.50 sec =   58.7220 Mbps     0 retrans
[2024-11-04T18:38:45.954143-0600]     3.1875 MB /   0.50 sec =   53.4760 Mbps     0 retrans
[2024-11-04T18:38:46.454149-0600]     3.9375 MB /   0.50 sec =   66.0574 Mbps     0 retrans
[2024-11-04T18:38:46.954086-0600]     4.4375 MB /   0.50 sec =   74.4505 Mbps     0 retrans
[2024-11-04T18:38:47.454159-0600]     2.7500 MB /   0.50 sec =   46.1344 Mbps     0 retrans
[2024-11-04T18:38:47.954150-0600]     2.8125 MB /   0.50 sec =   47.1878 Mbps     0 retrans
[2024-11-04T18:38:48.454179-0600]     1.6875 MB /   0.50 sec =   28.3075 Mbps     0 retrans
[2024-11-04T18:38:48.954233-0600]     4.7500 MB /   0.50 sec =   79.7088 Mbps     0 retrans
[2024-11-04T18:38:49.454160-0600]     5.5000 MB /   0.50 sec =   92.2660 Mbps     0 retrans
[2024-11-04T18:38:49.953999-0600]     6.8125 MB /   0.50 sec =  114.3080 Mbps     0 retrans
[2024-11-04T18:38:50.454108-0600]     7.2500 MB /   0.50 sec =  121.6282 Mbps     0 retrans
[2024-11-04T18:38:50.954107-0600]     7.0625 MB /   0.50 sec =  118.4981 Mbps     0 retrans
[2024-11-04T18:38:51.454159-0600]     6.5625 MB /   0.50 sec =  110.0782 Mbps     0 retrans
[2024-11-04T18:38:51.954183-0600]     7.6250 MB /   0.50 sec =  127.9191 Mbps     0 retrans
[2024-11-04T18:38:52.454045-0600]     0.0000 MB /   0.50 sec =    0.0000 Mbps     0 retrans
[2024-11-04T18:38:52.954011-0600]    10.0625 MB /   0.50 sec =  168.8380 Mbps     0 retrans
[2024-11-04T18:38:53.454157-0600]    10.1250 MB /   0.50 sec =  169.8476 Mbps     0 retrans
[2024-11-04T18:38:53.954339-0600]    11.2500 MB /   0.50 sec =  188.7558 Mbps     0 retrans
[2024-11-04T18:38:54.454062-0600]     7.7500 MB /   0.50 sec =  130.0258 Mbps     0 retrans
[2024-11-04T18:38:54.954054-0600]    10.0000 MB /   0.50 sec =  167.7772 Mbps     0 retrans
[2024-11-04T18:38:55.454151-0600]     7.4375 MB /   0.50 sec =  124.7708 Mbps     0 retrans
[2024-11-04T18:38:55.954042-0600]     9.7500 MB /   0.50 sec =  163.5896 Mbps     0 retrans
[2024-11-04T18:38:56.454096-0600]    11.8125 MB /   0.50 sec =  198.1745 Mbps     0 retrans
[2024-11-04T18:38:56.954192-0600]     8.8125 MB /   0.50 sec =  147.8176 Mbps     0 retrans
[2024-11-04T18:38:57.454051-0600]    14.5625 MB /   0.50 sec =  244.3749 Mbps     0 retrans
End time: 1730767137643
