Start time: 1730767354627
[2024-11-04T18:42:39.685428-0600] traceroute to 54.176.53.206 (54.176.53.206), 30 hops max, 60 byte packets
[2024-11-04T18:42:39.686438-0600]  1  * * *
[2024-11-04T18:42:39.686509-0600]  2  * * *
[2024-11-04T18:42:39.686551-0600]  3  * * *
[2024-11-04T18:42:39.686591-0600]  4  * * *
[2024-11-04T18:42:39.694122-0600]  5  * * *
[2024-11-04T18:42:44.693205-0600]  6  * * *
[2024-11-04T18:42:44.693448-0600]  7  * * *
[2024-11-04T18:42:44.693502-0600]  8  * * *
[2024-11-04T18:42:44.699296-0600]  9  * * *
[2024-11-04T18:42:44.699350-0600] 10  * * *
[2024-11-04T18:42:49.700480-0600] 11  * * *
[2024-11-04T18:42:49.700864-0600] 12  * * *
[2024-11-04T18:42:49.700942-0600] 13  * * *
[2024-11-04T18:42:49.700998-0600] 14  * * *
[2024-11-04T18:42:49.709914-0600] 15  * * *
[2024-11-04T18:42:54.708105-0600] 16  * * *
[2024-11-04T18:42:54.708604-0600] 17  * * *
[2024-11-04T18:42:54.708683-0600] 18  * * *
[2024-11-04T18:42:54.714858-0600] 19  * * *
[2024-11-04T18:42:54.714925-0600] 20  * * *
[2024-11-04T18:42:54.714970-0600] 21  * * *
[2024-11-04T18:42:59.715638-0600] 22  * * *
[2024-11-04T18:42:59.715914-0600] 23  * * *
[2024-11-04T18:42:59.715973-0600] 24  * * *
[2024-11-04T18:42:59.721163-0600] 25  * * *
[2024-11-04T18:42:59.721337-0600] 26  * * *
[2024-11-04T18:43:04.675435-0600] 27  * *End time: 1730767384731
