Start time: 1730743925288
[2024-11-04T11:12:06.153458-0700] nuttcp-r: v8.1.4: socket
[2024-11-04T11:12:06.153931-0700] nuttcp-r: buflen=65536, nstream=1, port=5379 tcp
[2024-11-04T11:12:06.153955-0700] nuttcp-r: interval reporting every 0.50 seconds
[2024-11-04T11:12:06.153977-0700] nuttcp-r: connect to 54.176.53.206 with RTT=62.741 ms af=inet
[2024-11-04T11:12:06.153997-0700] nuttcp-r: send window size = 2097152, receive window size = 6291456
[2024-11-04T11:12:06.154017-0700] nuttcp-r: available send window = 1572864, available receive window = 4718592
[2024-11-04T11:12:06.154038-0700]     0.2500 MB /   0.50 sec =    4.1933 Mbps     0 retrans
[2024-11-04T11:12:06.652713-0700]     0.6250 MB /   0.50 sec =   10.4866 Mbps     0 retrans
[2024-11-04T11:12:07.152733-0700]     1.5625 MB /   0.50 sec =   26.2092 Mbps     0 retrans
[2024-11-04T11:12:07.653143-0700]     2.6875 MB /   0.50 sec =   45.0867 Mbps     0 retrans
[2024-11-04T11:12:08.153067-0700]     2.6250 MB /   0.50 sec =   44.0465 Mbps     0 retrans
[2024-11-04T11:12:08.652605-0700]     3.5000 MB /   0.50 sec =   58.7279 Mbps     0 retrans
[2024-11-04T11:12:09.152707-0700]     2.3125 MB /   0.50 sec =   38.7887 Mbps     0 retrans
[2024-11-04T11:12:09.652667-0700]     4.0000 MB /   0.50 sec =   67.1128 Mbps     0 retrans
[2024-11-04T11:12:10.152737-0700]     5.0000 MB /   0.50 sec =   83.8868 Mbps     0 retrans
[2024-11-04T11:12:10.652616-0700]     5.3750 MB /   0.50 sec =   90.1842 Mbps     0 retrans
[2024-11-04T11:12:11.152892-0700]     6.8125 MB /   0.50 sec =  114.2843 Mbps     0 retrans
[2024-11-04T11:12:11.652689-0700]     7.6250 MB /   0.50 sec =  127.9278 Mbps     0 retrans
[2024-11-04T11:12:12.152624-0700]     8.8125 MB /   0.50 sec =  147.8605 Mbps     0 retrans
[2024-11-04T11:12:12.652582-0700]    10.1250 MB /   0.50 sec =  169.8843 Mbps     0 retrans
[2024-11-04T11:12:13.152579-0700]    11.9375 MB /   0.50 sec =  200.2812 Mbps     0 retrans
[2024-11-04T11:12:13.652681-0700]    14.8750 MB /   0.50 sec =  249.5202 Mbps     0 retrans
[2024-11-04T11:12:14.152702-0700]    16.5625 MB /   0.50 sec =  277.8649 Mbps     0 retrans
[2024-11-04T11:12:14.652573-0700]    19.1250 MB /   0.50 sec =  320.9214 Mbps     0 retrans
[2024-11-04T11:12:15.152696-0700]    18.1875 MB /   0.50 sec =  305.0777 Mbps     0 retrans
[2024-11-04T11:12:15.652592-0700]     9.9375 MB /   0.50 sec =  166.7573 Mbps     0 retrans
[2024-11-04T11:12:16.152559-0700]    13.4375 MB /   0.50 sec =  225.4542 Mbps     0 retrans
[2024-11-04T11:12:16.652989-0700]    20.9375 MB /   0.50 sec =  350.9711 Mbps     0 retrans
[2024-11-04T11:12:17.152869-0700]    23.2500 MB /   0.50 sec =  390.2685 Mbps     0 retrans
[2024-11-04T11:12:17.653004-0700]    21.6875 MB /   0.50 sec =  363.6551 Mbps     0 retrans
[2024-11-04T11:12:18.152667-0700]    16.6250 MB /   0.50 sec =  279.1602 Mbps     0 retrans
[2024-11-04T11:12:18.652595-0700]    11.3125 MB /   0.50 sec =  189.7892 Mbps     0 retrans
[2024-11-04T11:12:19.152624-0700]    12.4375 MB /   0.50 sec =  208.6595 Mbps     0 retrans
[2024-11-04T11:12:19.652613-0700]    16.3750 MB /   0.50 sec =  274.7297 Mbps     0 retrans
[2024-11-04T11:12:20.152658-0700]     8.8750 MB /   0.50 sec =  148.8793 Mbps     0 retrans
[2024-11-04T11:12:20.652606-0700]     8.3125 MB /   0.50 sec =  139.4810 Mbps     0 retrans
[2024-11-04T11:12:21.152611-0700]     8.8125 MB /   0.50 sec =  147.8504 Mbps     0 retrans
[2024-11-04T11:12:21.652906-0700]     3.5000 MB /   0.50 sec =   58.6945 Mbps     0 retrans
[2024-11-04T11:12:22.153059-0700]    15.1250 MB /   0.50 sec =  253.6433 Mbps     0 retrans
[2024-11-04T11:12:22.652579-0700]    14.6875 MB /   0.50 sec =  246.6344 Mbps     0 retrans
[2024-11-04T11:12:23.152643-0700]     7.1250 MB /   0.50 sec =  119.5188 Mbps     0 retrans
[2024-11-04T11:12:23.652773-0700]     9.8125 MB /   0.50 sec =  164.6488 Mbps     0 retrans
[2024-11-04T11:12:24.152599-0700]     5.8125 MB /   0.50 sec =   97.5146 Mbps     0 retrans
[2024-11-04T11:12:24.652569-0700]     5.3750 MB /   0.50 sec =   90.1824 Mbps     0 retrans
[2024-11-04T11:12:25.152889-0700]     2.7500 MB /   0.50 sec =   46.1151 Mbps     0 retrans
[2024-11-04T11:12:25.652604-0700]     5.1875 MB /   0.50 sec =   87.0677 Mbps     0 retrans
[2024-11-04T11:12:26.152642-0700]     4.1250 MB /   0.50 sec =   69.2045 Mbps     0 retrans
[2024-11-04T11:12:26.652826-0700]     1.4375 MB /   0.50 sec =   24.1095 Mbps     0 retrans
[2024-11-04T11:12:27.153690-0700]     4.4375 MB /   0.50 sec =   74.3224 Mbps     0 retrans
[2024-11-04T11:12:27.653620-0700]     2.8750 MB /   0.50 sec =   48.2369 Mbps     0 retrans
[2024-11-04T11:12:28.152718-0700]     4.9375 MB /   0.50 sec =   82.9897 Mbps     0 retrans
[2024-11-04T11:12:28.652647-0700]     2.6250 MB /   0.50 sec =   44.0447 Mbps     0 retrans
[2024-11-04T11:12:29.152677-0700]     4.9375 MB /   0.50 sec =   82.8322 Mbps     0 retrans
[2024-11-04T11:12:29.652593-0700]     3.3125 MB /   0.50 sec =   55.5855 Mbps     0 retrans
[2024-11-04T11:12:30.152787-0700]     3.4375 MB /   0.50 sec =   57.6685 Mbps     0 retrans
[2024-11-04T11:12:30.652565-0700]     6.1250 MB /   0.50 sec =  102.7662 Mbps     0 retrans
[2024-11-04T11:12:31.152665-0700]     6.9375 MB /   0.50 sec =  116.3749 Mbps     0 retrans
[2024-11-04T11:12:31.652558-0700]     6.8750 MB /   0.50 sec =  115.3607 Mbps     0 retrans
[2024-11-04T11:12:32.152558-0700]     2.7500 MB /   0.50 sec =   46.1369 Mbps     0 retrans
[2024-11-04T11:12:32.652575-0700]     8.2500 MB /   0.50 sec =  138.4129 Mbps     0 retrans
[2024-11-04T11:12:33.152566-0700]     8.9375 MB /   0.50 sec =  149.9464 Mbps     0 retrans
[2024-11-04T11:12:33.652651-0700]    10.6875 MB /   0.50 sec =  179.3040 Mbps     0 retrans
[2024-11-04T11:12:34.152775-0700]    12.3750 MB /   0.50 sec =  207.6164 Mbps     0 retrans
[2024-11-04T11:12:34.652588-0700]    14.1250 MB /   0.50 sec =  236.9853 Mbps     0 retrans
[2024-11-04T11:12:35.152569-0700]    17.6250 MB /   0.50 sec =  295.6931 Mbps     0 retrans
[2024-11-04T11:12:35.652603-0700]    18.9375 MB /   0.50 sec =  317.7109 Mbps     0 retrans
[2024-11-04T11:12:36.152618-0700]    16.1875 MB /   0.50 sec =  271.5806 Mbps     0 retrans
[2024-11-04T11:12:36.652561-0700]    17.0625 MB /   0.50 sec =  286.2716 Mbps     0 retrans
[2024-11-04T11:12:37.152527-0700]    15.6250 MB /   0.50 sec =  262.1513 Mbps     0 retrans
[2024-11-04T11:12:37.652676-0700]    21.3750 MB /   0.50 sec =  358.5477 Mbps     0 retrans
[2024-11-04T11:12:38.152655-0700]    18.4375 MB /   0.50 sec =  309.3206 Mbps     0 retrans
[2024-11-04T11:12:38.653582-0700]     9.3125 MB /   0.50 sec =  155.9574 Mbps     0 retrans
[2024-11-04T11:12:39.152755-0700]     0.0000 MB /   0.50 sec =    0.0000 Mbps     0 retrans
[2024-11-04T11:12:39.653732-0700]     0.0000 MB /   0.50 sec =    0.0000 Mbps     0 retrans
[2024-11-04T11:12:40.153796-0700]     0.0000 MB /   0.50 sec =    0.0000 Mbps     0 retrans
[2024-11-04T11:12:40.652973-0700]     0.0000 MB /   0.50 sec =    0.0000 Mbps     0 retrans
[2024-11-04T11:12:41.153754-0700]     0.0000 MB /   0.50 sec =    0.0000 Mbps     0 retrans
[2024-11-04T11:12:41.653964-0700]     0.0000 MB /   0.50 sec =    0.0000 Mbps     0 retrans
[2024-11-04T11:12:42.153720-0700]     0.0000 MB /   0.50 sec =    0.0000 Mbps     0 retrans
[2024-11-04T11:12:42.652795-0700]     3.0625 MB /   0.50 sec =   51.4965 Mbps     0 retrans
[2024-11-04T11:12:43.153045-0700]    15.6875 MB /   0.50 sec =  262.9585 Mbps     0 retrans
[2024-11-04T11:12:43.652568-0700]    13.1250 MB /   0.50 sec =  220.3949 Mbps     0 retrans
[2024-11-04T11:12:44.152566-0700]     8.8750 MB /   0.50 sec =  148.9005 Mbps     0 retrans
[2024-11-04T11:12:44.652587-0700]     6.9375 MB /   0.50 sec =  116.3866 Mbps     0 retrans
[2024-11-04T11:12:45.152552-0700]     7.5000 MB /   0.50 sec =  125.8344 Mbps     0 retrans
[2024-11-04T11:12:45.652823-0700]     1.2500 MB /   0.50 sec =   20.9633 Mbps     0 retrans
[2024-11-04T11:12:46.152672-0700]     6.5000 MB /   0.50 sec =  109.0763 Mbps     0 retrans
[2024-11-04T11:12:46.652597-0700]     6.5000 MB /   0.50 sec =  109.0619 Mbps     0 retrans
[2024-11-04T11:12:47.152642-0700]     6.3125 MB /   0.50 sec =  105.9219 Mbps     0 retrans
[2024-11-04T11:12:47.652599-0700]     7.2500 MB /   0.50 sec =  121.6248 Mbps     0 retrans
[2024-11-04T11:12:48.152659-0700]     7.3125 MB /   0.50 sec =  122.6655 Mbps     0 retrans
[2024-11-04T11:12:48.652574-0700]     8.6875 MB /   0.50 sec =  145.7754 Mbps     0 retrans
[2024-11-04T11:12:49.152581-0700]     8.5625 MB /   0.50 sec =  143.6558 Mbps     0 retrans
[2024-11-04T11:12:49.652733-0700]     9.5625 MB /   0.50 sec =  160.4296 Mbps     0 retrans
[2024-11-04T11:12:50.152643-0700]    11.3750 MB /   0.50 sec =  190.8401 Mbps     0 retrans
[2024-11-04T11:12:50.652564-0700]    11.8125 MB /   0.50 sec =  198.1781 Mbps     0 retrans
[2024-11-04T11:12:51.152565-0700]     9.6875 MB /   0.50 sec =  162.5309 Mbps     0 retrans
[2024-11-04T11:12:51.652588-0700]     7.7500 MB /   0.50 sec =  130.0224 Mbps     0 retrans
[2024-11-04T11:12:52.152571-0700]     6.1875 MB /   0.50 sec =  103.8107 Mbps     0 retrans
[2024-11-04T11:12:52.652684-0700]     5.3125 MB /   0.50 sec =   89.1291 Mbps     0 retrans
[2024-11-04T11:12:53.152652-0700]     1.3125 MB /   0.50 sec =   22.0178 Mbps     0 retrans
[2024-11-04T11:12:53.652638-0700]     8.3125 MB /   0.50 sec =  139.4581 Mbps     0 retrans
[2024-11-04T11:12:54.152591-0700]     3.6250 MB /   0.50 sec =   60.8213 Mbps     0 retrans
[2024-11-04T11:12:54.652599-0700]     5.1875 MB /   0.50 sec =   87.0349 Mbps     0 retrans
[2024-11-04T11:12:55.152791-0700]     5.5000 MB /   0.50 sec =   92.2662 Mbps     0 retrans
[2024-11-04T11:12:55.652589-0700]     5.4375 MB /   0.50 sec =   91.2321 Mbps     0 retrans
[2024-11-04T11:12:56.153691-0700]     1.3125 MB /   0.50 sec =   21.9744 Mbps     0 retrans
[2024-11-04T11:12:56.652601-0700]     2.2500 MB /   0.50 sec =   37.8283 Mbps     0 retrans
[2024-11-04T11:12:57.152641-0700]     6.0000 MB /   0.50 sec =  100.6728 Mbps     0 retrans
[2024-11-04T11:12:57.653782-0700]     1.1875 MB /   0.50 sec =   19.8762 Mbps     0 retrans
[2024-11-04T11:12:58.152663-0700]     2.9375 MB /   0.50 sec =   49.3861 Mbps     0 retrans
[2024-11-04T11:12:58.652593-0700]     7.5625 MB /   0.50 sec =  126.9003 Mbps     0 retrans
[2024-11-04T11:12:59.152599-0700]     5.0000 MB /   0.50 sec =   83.8790 Mbps     0 retrans
[2024-11-04T11:12:59.652649-0700]     5.1875 MB /   0.50 sec =   87.0285 Mbps     0 retrans
[2024-11-04T11:13:00.153607-0700]     0.1250 MB /   0.50 sec =    2.0932 Mbps     0 retrans
[2024-11-04T11:13:00.653057-0700]     3.3750 MB /   0.50 sec =   56.7113 Mbps     0 retrans
[2024-11-04T11:13:01.152782-0700]     0.0625 MB /   0.50 sec =    1.0487 Mbps     0 retrans
[2024-11-04T11:13:01.653867-0700]     0.9375 MB /   0.50 sec =   15.6993 Mbps     0 retrans
[2024-11-04T11:13:02.153778-0700]     2.8750 MB /   0.50 sec =   48.2313 Mbps     0 retrans
[2024-11-04T11:13:02.652674-0700]     7.6250 MB /   0.50 sec =  128.2299 Mbps     0 retrans
[2024-11-04T11:13:03.154175-0700]     1.5000 MB /   0.50 sec =   25.0873 Mbps     0 retrans
[2024-11-04T11:13:03.652588-0700]     3.6875 MB /   0.50 sec =   62.0548 Mbps     0 retrans
[2024-11-04T11:13:04.153670-0700]     1.5625 MB /   0.50 sec =   26.1588 Mbps     0 retrans
[2024-11-04T11:13:04.652533-0700]     5.3125 MB /   0.50 sec =   89.3226 Mbps     0 retrans
[2024-11-04T11:13:05.152590-0700]     4.3125 MB /   0.50 sec =   72.3500 Mbps     0 retrans
[2024-11-04T11:13:05.652576-0700]     4.1250 MB /   0.50 sec =   69.2049 Mbps     0 retrans
[2024-11-04T11:13:06.152609-0700]     4.4375 MB /   0.50 sec =   74.4449 Mbps     0 retrans
[2024-11-04T11:13:06.652578-0700]     4.8125 MB /   0.50 sec =   80.7457 Mbps     0 retrans
[2024-11-04T11:13:07.152673-0700]     5.1250 MB /   0.50 sec =   85.9781 Mbps     0 retrans
[2024-11-04T11:13:07.652600-0700]     6.0625 MB /   0.50 sec =  101.7200 Mbps     0 retrans
[2024-11-04T11:13:08.152617-0700]     5.9375 MB /   0.50 sec =   99.5900 Mbps     0 retrans
[2024-11-04T11:13:08.652945-0700]     6.9375 MB /   0.50 sec =  116.3319 Mbps     0 retrans
[2024-11-04T11:13:09.152661-0700]     7.8750 MB /   0.50 sec =  132.2242 Mbps     0 retrans
[2024-11-04T11:13:09.653038-0700]     9.1875 MB /   0.50 sec =  153.9987 Mbps     0 retrans
[2024-11-04T11:13:10.152572-0700]    10.5000 MB /   0.50 sec =  176.3113 Mbps     0 retrans
[2024-11-04T11:13:10.652555-0700]    11.0000 MB /   0.50 sec =  184.5568 Mbps     0 retrans
[2024-11-04T11:13:11.152545-0700]    11.5000 MB /   0.50 sec =  192.9388 Mbps     0 retrans
[2024-11-04T11:13:11.652572-0700]    12.3750 MB /   0.50 sec =  207.6168 Mbps     0 retrans
[2024-11-04T11:13:12.152796-0700]    13.1250 MB /   0.50 sec =  220.1490 Mbps     0 retrans
[2024-11-04T11:13:12.652777-0700]    16.0000 MB /   0.50 sec =  268.4940 Mbps     0 retrans
[2024-11-04T11:13:13.152575-0700]    12.4375 MB /   0.50 sec =  208.6670 Mbps     0 retrans
[2024-11-04T11:13:13.652568-0700]    11.0625 MB /   0.50 sec =  185.6006 Mbps     0 retrans
[2024-11-04T11:13:14.152560-0700]     9.7500 MB /   0.50 sec =  163.5795 Mbps     0 retrans
[2024-11-04T11:13:14.652569-0700]     8.9375 MB /   0.50 sec =  149.9440 Mbps     0 retrans
[2024-11-04T11:13:15.152586-0700]    11.8750 MB /   0.50 sec =  199.2267 Mbps     0 retrans
[2024-11-04T11:13:15.652629-0700]    12.0625 MB /   0.50 sec =  202.3553 Mbps     0 retrans
[2024-11-04T11:13:16.152608-0700]    14.4375 MB /   0.50 sec =  242.2303 Mbps     0 retrans
[2024-11-04T11:13:16.652593-0700]    18.9375 MB /   0.50 sec =  317.7319 Mbps     0 retrans
[2024-11-04T11:13:17.152794-0700]    19.0000 MB /   0.50 sec =  318.7932 Mbps     0 retrans
[2024-11-04T11:13:17.652598-0700]    20.3125 MB /   0.50 sec =  340.7613 Mbps     0 retrans
[2024-11-04T11:13:18.152823-0700]    17.9375 MB /   0.50 sec =  300.9618 Mbps     0 retrans
[2024-11-04T11:13:18.652917-0700]    24.2500 MB /   0.50 sec =  406.5442 Mbps     0 retrans
[2024-11-04T11:13:19.152726-0700]     8.8125 MB /   0.50 sec =  147.9516 Mbps     0 retrans
[2024-11-04T11:13:19.652560-0700]    15.5000 MB /   0.50 sec =  260.0604 Mbps     0 retrans
[2024-11-04T11:13:20.152561-0700]    14.2500 MB /   0.50 sec =  239.0591 Mbps     0 retrans
[2024-11-04T11:13:20.652718-0700]    21.3750 MB /   0.50 sec =  358.5262 Mbps     0 retrans
[2024-11-04T11:13:21.152552-0700]    14.3750 MB /   0.50 sec =  241.2415 Mbps     0 retrans
[2024-11-04T11:13:21.652614-0700]    19.3750 MB /   0.50 sec =  325.0391 Mbps     0 retrans
[2024-11-04T11:13:22.152612-0700]    17.8125 MB /   0.50 sec =  298.8400 Mbps     0 retrans
[2024-11-04T11:13:22.652605-0700]    21.8125 MB /   0.50 sec =  365.9486 Mbps     0 retrans
[2024-11-04T11:13:23.152612-0700]    20.7500 MB /   0.50 sec =  348.1391 Mbps     0 retrans
[2024-11-04T11:13:23.652672-0700]    23.6875 MB /   0.50 sec =  397.4477 Mbps     0 retrans
[2024-11-04T11:13:24.152648-0700]    22.4375 MB /   0.50 sec =  376.3515 Mbps     0 retrans
[2024-11-04T11:13:24.652569-0700]    10.5000 MB /   0.50 sec =  176.1890 Mbps     0 retrans
[2024-11-04T11:13:25.152559-0700]    15.7500 MB /   0.50 sec =  264.2470 Mbps     0 retrans
[2024-11-04T11:13:25.652570-0700]    23.1250 MB /   0.50 sec =  387.9669 Mbps     0 retrans
[2024-11-04T11:13:26.152568-0700]    17.6875 MB /   0.50 sec =  296.7488 Mbps     0 retrans
[2024-11-04T11:13:26.652545-0700]    15.7500 MB /   0.50 sec =  264.2549 Mbps     0 retrans
[2024-11-04T11:13:27.152770-0700]    18.5625 MB /   0.50 sec =  311.4015 Mbps     0 retrans
[2024-11-04T11:13:27.652572-0700]    20.4375 MB /   0.50 sec =  342.8919 Mbps     0 retrans
[2024-11-04T11:13:28.152550-0700]    20.4375 MB /   0.50 sec =  342.8898 Mbps     0 retrans
[2024-11-04T11:13:28.652659-0700]    22.2500 MB /   0.50 sec =  373.2893 Mbps     0 retrans
[2024-11-04T11:13:29.152666-0700]    17.2500 MB /   0.50 sec =  289.4284 Mbps     0 retrans
[2024-11-04T11:13:29.652573-0700]    22.9375 MB /   0.50 sec =  384.7981 Mbps     0 retrans
[2024-11-04T11:13:30.152679-0700]    21.3750 MB /   0.50 sec =  358.6302 Mbps     0 retrans
[2024-11-04T11:13:30.652959-0700]    24.7500 MB /   0.50 sec =  414.9050 Mbps     0 retrans
[2024-11-04T11:13:31.152578-0700]    26.5000 MB /   0.50 sec =  444.9272 Mbps     0 retrans
[2024-11-04T11:13:31.653645-0700]    24.9375 MB /   0.50 sec =  417.5226 Mbps     0 retrans
[2024-11-04T11:13:32.152948-0700]    20.0000 MB /   0.50 sec =  335.9804 Mbps     0 retrans
[2024-11-04T11:13:32.653833-0700]    27.0625 MB /   0.50 sec =  453.4394 Mbps     0 retrans
[2024-11-04T11:13:33.152567-0700]    14.2500 MB /   0.50 sec =  239.5727 Mbps     0 retrans
[2024-11-04T11:13:33.652560-0700]    28.2500 MB /   0.50 sec =  473.9611 Mbps     0 retrans
[2024-11-04T11:13:34.152595-0700]    26.2500 MB /   0.50 sec =  440.3887 Mbps     0 retrans
[2024-11-04T11:13:34.652588-0700]    28.0625 MB /   0.50 sec =  470.8182 Mbps     0 retrans
[2024-11-04T11:13:35.152680-0700]    26.8750 MB /   0.50 sec =  450.8146 Mbps     0 retrans
[2024-11-04T11:13:35.652675-0700]    29.3750 MB /   0.50 sec =  492.9461 Mbps     0 retrans
[2024-11-04T11:13:36.152573-0700]    25.4375 MB /   0.50 sec =  426.7414 Mbps     0 retrans
[2024-11-04T11:13:36.652572-0700]    29.6875 MB /   0.50 sec =  498.0776 Mbps     0 retrans
[2024-11-04T11:13:37.152578-0700]    30.5000 MB /   0.50 sec =  511.7010 Mbps     0 retrans
[2024-11-04T11:13:37.652554-0700]    34.1250 MB /   0.50 sec =  572.5248 Mbps     0 retrans
[2024-11-04T11:13:38.152848-0700]    29.0625 MB /   0.50 sec =  487.4991 Mbps     0 retrans
[2024-11-04T11:13:38.652567-0700]    28.6875 MB /   0.50 sec =  481.3907 Mbps     0 retrans
[2024-11-04T11:13:39.152530-0700]    24.5625 MB /   0.50 sec =  412.0591 Mbps     0 retrans
[2024-11-04T11:13:39.652571-0700]    29.9375 MB /   0.50 sec =  502.3011 Mbps     0 retrans
[2024-11-04T11:13:40.153595-0700]    28.9375 MB /   0.50 sec =  484.5081 Mbps     0 retrans
[2024-11-04T11:13:40.652579-0700]    29.3125 MB /   0.50 sec =  492.7746 Mbps     0 retrans
[2024-11-04T11:13:41.152696-0700]    27.5625 MB /   0.50 sec =  462.4414 Mbps     0 retrans
[2024-11-04T11:13:41.652574-0700]    19.8125 MB /   0.50 sec =  332.3800 Mbps     0 retrans
[2024-11-04T11:13:42.152565-0700]    24.3125 MB /   0.50 sec =  407.9083 Mbps     0 retrans
[2024-11-04T11:13:42.652585-0700]    29.3125 MB /   0.50 sec =  491.7674 Mbps     0 retrans
[2024-11-04T11:13:43.152644-0700]    18.3750 MB /   0.50 sec =  308.2598 Mbps     0 retrans
[2024-11-04T11:13:43.652598-0700]    27.8125 MB /   0.50 sec =  466.6509 Mbps     0 retrans
[2024-11-04T11:13:44.152599-0700]    31.2500 MB /   0.50 sec =  524.2639 Mbps     0 retrans
[2024-11-04T11:13:44.652562-0700]    33.0625 MB /   0.50 sec =  554.7422 Mbps     0 retrans
[2024-11-04T11:13:45.152616-0700]    32.9375 MB /   0.50 sec =  552.5344 Mbps     0 retrans
[2024-11-04T11:13:45.652581-0700]    31.5000 MB /   0.50 sec =  528.5246 Mbps     0 retrans
[2024-11-04T11:13:46.152549-0700]    30.0000 MB /   0.50 sec =  503.3265 Mbps     0 retrans
[2024-11-04T11:13:46.652761-0700]    35.8750 MB /   0.50 sec =  601.9079 Mbps     0 retrans
[2024-11-04T11:13:47.152909-0700]    30.8750 MB /   0.50 sec =  517.6435 Mbps     0 retrans
[2024-11-04T11:13:47.652631-0700]    35.0625 MB /   0.50 sec =  588.5925 Mbps     0 retrans
[2024-11-04T11:13:48.152606-0700]    33.3750 MB /   0.50 sec =  559.9340 Mbps     0 retrans
[2024-11-04T11:13:48.652610-0700]    33.1250 MB /   0.50 sec =  555.7575 Mbps     0 retrans
[2024-11-04T11:13:49.152683-0700]    19.0000 MB /   0.50 sec =  318.7894 Mbps     0 retrans
[2024-11-04T11:13:49.653016-0700]    36.1875 MB /   0.50 sec =  606.6535 Mbps     0 retrans
[2024-11-04T11:13:50.152603-0700]    35.0625 MB /   0.50 sec =  588.6915 Mbps     0 retrans
[2024-11-04T11:13:50.652570-0700]    32.5000 MB /   0.50 sec =  545.2693 Mbps     0 retrans
[2024-11-04T11:13:51.152603-0700]    32.1875 MB /   0.50 sec =  539.9518 Mbps     0 retrans
[2024-11-04T11:13:51.652555-0700]    16.6250 MB /   0.50 sec =  278.9530 Mbps     0 retrans
[2024-11-04T11:13:52.152680-0700]    20.0625 MB /   0.50 sec =  336.5983 Mbps     0 retrans
[2024-11-04T11:13:52.652568-0700]    32.8750 MB /   0.50 sec =  551.5444 Mbps     0 retrans
[2024-11-04T11:13:53.152614-0700]    26.4375 MB /   0.50 sec =  443.4944 Mbps     0 retrans
[2024-11-04T11:13:53.652782-0700]    25.1875 MB /   0.50 sec =  422.6159 Mbps     0 retrans
[2024-11-04T11:13:54.153662-0700]    10.1875 MB /   0.50 sec =  170.5669 Mbps     0 retrans
[2024-11-04T11:13:54.652548-0700]    26.2500 MB /   0.50 sec =  441.3216 Mbps     0 retrans
[2024-11-04T11:13:55.152568-0700]    20.0625 MB /   0.50 sec =  336.5949 Mbps     0 retrans
[2024-11-04T11:13:55.652593-0700]    25.0625 MB /   0.50 sec =  420.4647 Mbps     0 retrans
[2024-11-04T11:13:56.152800-0700]    24.9375 MB /   0.50 sec =  418.2455 Mbps     0 retrans
[2024-11-04T11:13:56.652586-0700]    26.1875 MB /   0.50 sec =  439.5142 Mbps     0 retrans
[2024-11-04T11:13:57.152605-0700]    21.3750 MB /   0.50 sec =  358.5850 Mbps     0 retrans
[2024-11-04T11:13:57.652763-0700]    21.5000 MB /   0.50 sec =  360.7390 Mbps     0 retrans
[2024-11-04T11:13:58.152901-0700]    14.7500 MB /   0.50 sec =  247.3022 Mbps     0 retrans
[2024-11-04T11:13:58.652571-0700]    21.6875 MB /   0.50 sec =  364.0852 Mbps     0 retrans
[2024-11-04T11:13:59.152656-0700]    16.1875 MB /   0.50 sec =  271.5850 Mbps     0 retrans
[2024-11-04T11:13:59.652582-0700]    16.3750 MB /   0.50 sec =  274.7203 Mbps     0 retrans
[2024-11-04T11:14:00.152659-0700]    11.6250 MB /   0.50 sec =  195.0078 Mbps     0 retrans
[2024-11-04T11:14:00.653783-0700]     3.5625 MB /   0.50 sec =   59.6506 Mbps     0 retrans
[2024-11-04T11:14:01.154455-0700]     6.8125 MB /   0.50 sec =  114.2221 Mbps     0 retrans
[2024-11-04T11:14:01.653061-0700]    11.6875 MB /   0.50 sec =  196.4456 Mbps     0 retrans
[2024-11-04T11:14:02.152746-0700]     9.3750 MB /   0.50 sec =  157.4221 Mbps     0 retrans
[2024-11-04T11:14:02.652586-0700]     9.0625 MB /   0.50 sec =  152.0508 Mbps     0 retrans
[2024-11-04T11:14:03.152644-0700]     7.4375 MB /   0.50 sec =  124.7683 Mbps     0 retrans
[2024-11-04T11:14:03.653770-0700]     0.0000 MB /   0.50 sec =    0.0000 Mbps     0 retrans
[2024-11-04T11:14:04.152454-0700]     4.3750 MB /   0.50 sec =   73.5757 Mbps     0 retrans
[2024-11-04T11:14:04.653690-0700]     1.0625 MB /   0.50 sec =   17.7867 Mbps     0 retrans
[2024-11-04T11:14:05.153716-0700]     5.9375 MB /   0.50 sec =   99.6091 Mbps     0 retrans
[2024-11-04T11:14:05.652921-0700]     0.1250 MB /   0.50 sec =    2.1010 Mbps     0 retrans
[2024-11-04T11:14:06.153829-0700]     0.0000 MB /   0.50 sec =    0.0000 Mbps     0 retrans
End time: 1730744046417
