Start time: 1730744263091
[2024-11-04T11:17:48.169864-0700] traceroute to 54.176.53.206 (54.176.53.206), 30 hops max, 60 byte packets
[2024-11-04T11:17:48.170716-0700]  1  * * *
[2024-11-04T11:17:48.170769-0700]  2  * * *
[2024-11-04T11:17:48.170800-0700]  3  * * *
[2024-11-04T11:17:48.170828-0700]  4  * * *
[2024-11-04T11:17:48.170854-0700]  5  * * *
[2024-11-04T11:17:53.176566-0700]  6  * * *
[2024-11-04T11:17:53.176730-0700]  7  * * *
[2024-11-04T11:17:53.176762-0700]  8  * * *
[2024-11-04T11:17:53.176787-0700]  9  * * *
[2024-11-04T11:17:53.180563-0700] 10  * * *
[2024-11-04T11:17:58.181454-0700] 11  * * *
[2024-11-04T11:17:58.181644-0700] 12  * * *
[2024-11-04T11:17:58.181677-0700] 13  * * *
[2024-11-04T11:17:58.181702-0700] 14  * * *
[2024-11-04T11:17:58.185350-0700] 15  * * *
[2024-11-04T11:18:03.187618-0700] 16  * * *
[2024-11-04T11:18:03.187936-0700] 17  * * *
[2024-11-04T11:18:03.188037-0700] 18  * * *
[2024-11-04T11:18:03.188148-0700] 19  * * *
[2024-11-04T11:18:03.188251-0700] 20  * * *
[2024-11-04T11:18:03.188349-0700] 21  * * *
[2024-11-04T11:18:08.196259-0700] 22  * * *
[2024-11-04T11:18:08.196695-0700] 23  * * *
[2024-11-04T11:18:08.204363-0700] 24  * * *
[2024-11-04T11:18:08.204831-0700] 25  * * *
[2024-11-04T11:18:08.204964-0700] 26  * * *
[2024-11-04T11:18:13.157511-0700] 27  * *End time: 1730744293216
