Start time: 1731082356033
[2024-11-08T11:12:36.985795-0500] nuttcp-r: v8.1.4: socket
[2024-11-08T11:12:36.986370-0500] nuttcp-r: buflen=65536, nstream=1, port=5379 tcp
[2024-11-08T11:12:36.986413-0500] nuttcp-r: interval reporting every 0.50 seconds
[2024-11-08T11:12:36.986443-0500] nuttcp-r: connect to 54.197.223.49 with RTT=79.601 ms af=inet
[2024-11-08T11:12:36.986472-0500] nuttcp-r: send window size = 2097152, receive window size = 6291456
[2024-11-08T11:12:36.986500-0500] nuttcp-r: available send window = 1572864, available receive window = 4718592
[2024-11-08T11:12:36.986526-0500]     0.1875 MB /   0.50 sec =    3.1450 Mbps     0 retrans     13 KB-cwnd
[2024-11-08T11:12:37.485670-0500]     1.1250 MB /   0.50 sec =   18.8764 Mbps     0 retrans     13 KB-cwnd
[2024-11-08T11:12:37.985866-0500]     2.4375 MB /   0.50 sec =   40.8930 Mbps     0 retrans     13 KB-cwnd
[2024-11-08T11:12:38.485808-0500]     1.5625 MB /   0.50 sec =   26.2092 Mbps     0 retrans     13 KB-cwnd
[2024-11-08T11:12:38.985757-0500]     0.5000 MB /   0.50 sec =    8.3896 Mbps     0 retrans     13 KB-cwnd
[2024-11-08T11:12:39.485556-0500]     0.6875 MB /   0.50 sec =   11.5363 Mbps     0 retrans     13 KB-cwnd
[2024-11-08T11:12:39.991870-0500]     0.0000 MB /   0.50 sec =    0.0000 Mbps     0 retrans     13 KB-cwnd
[2024-11-08T11:12:40.485651-0500]     0.0000 MB /   0.50 sec =    0.0000 Mbps     0 retrans     13 KB-cwnd
[2024-11-08T11:12:40.985848-0500]     1.8750 MB /   0.50 sec =   31.4517 Mbps     0 retrans     13 KB-cwnd
[2024-11-08T11:12:41.485577-0500]     2.7500 MB /   0.50 sec =   46.1448 Mbps     0 retrans     13 KB-cwnd
[2024-11-08T11:12:41.985735-0500]     1.6250 MB /   0.50 sec =   27.2593 Mbps     0 retrans     13 KB-cwnd
[2024-11-08T11:12:42.485574-0500]     1.9375 MB /   0.50 sec =   32.5091 Mbps     0 retrans     13 KB-cwnd
[2024-11-08T11:12:42.985994-0500]     1.5000 MB /   0.50 sec =   25.1580 Mbps     0 retrans     13 KB-cwnd
[2024-11-08T11:12:43.485549-0500]     4.6875 MB /   0.50 sec =   78.6712 Mbps     0 retrans     13 KB-cwnd
[2024-11-08T11:12:43.985783-0500]     3.3125 MB /   0.50 sec =   55.5581 Mbps     0 retrans     13 KB-cwnd
[2024-11-08T11:12:44.485536-0500]     4.0625 MB /   0.50 sec =   68.1788 Mbps     0 retrans     13 KB-cwnd
[2024-11-08T11:12:44.985775-0500]     5.2500 MB /   0.50 sec =   88.0573 Mbps     0 retrans     13 KB-cwnd
[2024-11-08T11:12:45.485624-0500]     3.8125 MB /   0.50 sec =   63.9780 Mbps     0 retrans     13 KB-cwnd
[2024-11-08T11:12:45.985714-0500]     5.4375 MB /   0.50 sec =   91.2133 Mbps     0 retrans     13 KB-cwnd
[2024-11-08T11:12:46.485604-0500]     4.1250 MB /   0.50 sec =   69.2128 Mbps     0 retrans     13 KB-cwnd
[2024-11-08T11:12:46.985599-0500]     3.5000 MB /   0.50 sec =   58.7218 Mbps     0 retrans     13 KB-cwnd
[2024-11-08T11:12:47.485583-0500]     3.0000 MB /   0.50 sec =   50.3301 Mbps     0 retrans     13 KB-cwnd
[2024-11-08T11:12:47.985626-0500]     0.8750 MB /   0.50 sec =   14.6798 Mbps     0 retrans     13 KB-cwnd
[2024-11-08T11:12:48.485552-0500]     2.3750 MB /   0.50 sec =   39.8492 Mbps     0 retrans     13 KB-cwnd
[2024-11-08T11:12:48.985727-0500]     0.4375 MB /   0.50 sec =    7.3391 Mbps     0 retrans     13 KB-cwnd
[2024-11-08T11:12:49.485565-0500]     1.0625 MB /   0.50 sec =   17.8276 Mbps     0 retrans     13 KB-cwnd
[2024-11-08T11:12:49.986175-0500]     0.5625 MB /   0.50 sec =    9.4350 Mbps     0 retrans     13 KB-cwnd
[2024-11-08T11:12:50.485592-0500]     5.1875 MB /   0.50 sec =   87.0492 Mbps     0 retrans     13 KB-cwnd
[2024-11-08T11:12:50.985531-0500]     4.3125 MB /   0.50 sec =   72.3570 Mbps     0 retrans     13 KB-cwnd
[2024-11-08T11:12:51.485605-0500]     3.0000 MB /   0.50 sec =   50.3284 Mbps     0 retrans     13 KB-cwnd
[2024-11-08T11:12:51.985667-0500]     3.1250 MB /   0.50 sec =   52.4267 Mbps     0 retrans     13 KB-cwnd
[2024-11-08T11:12:52.485580-0500]     1.5000 MB /   0.50 sec =   25.1663 Mbps     0 retrans     13 KB-cwnd
[2024-11-08T11:12:52.985578-0500]     1.8750 MB /   0.50 sec =   31.4579 Mbps     0 retrans     13 KB-cwnd
[2024-11-08T11:12:53.485606-0500]     2.8750 MB /   0.50 sec =   48.2337 Mbps     0 retrans     13 KB-cwnd
[2024-11-08T11:12:53.985950-0500]     4.1250 MB /   0.50 sec =   69.1929 Mbps     0 retrans     13 KB-cwnd
[2024-11-08T11:12:54.485613-0500]     4.1250 MB /   0.50 sec =   69.2176 Mbps     0 retrans     13 KB-cwnd
[2024-11-08T11:12:54.985815-0500]     2.7500 MB /   0.50 sec =   46.1263 Mbps     0 retrans     13 KB-cwnd
[2024-11-08T11:12:55.485574-0500]     5.6250 MB /   0.50 sec =   94.4005 Mbps     0 retrans     13 KB-cwnd
[2024-11-08T11:12:55.985715-0500]     5.8125 MB /   0.50 sec =   97.5078 Mbps     0 retrans     13 KB-cwnd
[2024-11-08T11:12:56.485539-0500]     7.1875 MB /   0.50 sec =  120.6022 Mbps     0 retrans     13 KB-cwnd
[2024-11-08T11:12:56.985911-0500]     9.5625 MB /   0.50 sec =  160.3994 Mbps     0 retrans     13 KB-cwnd
[2024-11-08T11:12:57.485555-0500]    11.0625 MB /   0.50 sec =  185.6314 Mbps     0 retrans     13 KB-cwnd
[2024-11-08T11:12:57.985726-0500]    12.3750 MB /   0.50 sec =  207.5931 Mbps     0 retrans     13 KB-cwnd
[2024-11-08T11:12:58.485707-0500]     7.7500 MB /   0.50 sec =  130.0164 Mbps     0 retrans     13 KB-cwnd
[2024-11-08T11:12:58.985693-0500]     7.6875 MB /   0.50 sec =  128.9782 Mbps     0 retrans     13 KB-cwnd
[2024-11-08T11:12:59.485568-0500]    11.4375 MB /   0.50 sec =  191.9159 Mbps     0 retrans     13 KB-cwnd
[2024-11-08T11:12:59.985561-0500]    16.4375 MB /   0.50 sec =  275.7711 Mbps     0 retrans     13 KB-cwnd
[2024-11-08T11:13:00.485584-0500]     9.3125 MB /   0.50 sec =  156.2378 Mbps     0 retrans     13 KB-cwnd
[2024-11-08T11:13:00.985920-0500]     5.8125 MB /   0.50 sec =   97.5170 Mbps     0 retrans     13 KB-cwnd
[2024-11-08T11:13:01.485561-0500]     6.8750 MB /   0.50 sec =  115.3466 Mbps     0 retrans     13 KB-cwnd
[2024-11-08T11:13:01.985635-0500]     5.7500 MB /   0.50 sec =   96.4647 Mbps     0 retrans     13 KB-cwnd
[2024-11-08T11:13:02.485561-0500]     5.4375 MB /   0.50 sec =   91.2285 Mbps     0 retrans     13 KB-cwnd
[2024-11-08T11:13:02.985844-0500]     6.6250 MB /   0.50 sec =  111.1153 Mbps     0 retrans     13 KB-cwnd
[2024-11-08T11:13:03.485560-0500]     3.8125 MB /   0.50 sec =   63.9828 Mbps     0 retrans     13 KB-cwnd
[2024-11-08T11:13:03.985638-0500]     6.1250 MB /   0.50 sec =  102.7602 Mbps     0 retrans     13 KB-cwnd
[2024-11-08T11:13:04.485562-0500]     0.0000 MB /   0.50 sec =    0.0000 Mbps     0 retrans     13 KB-cwnd
[2024-11-08T11:13:04.985562-0500]     5.5625 MB /   0.50 sec =   93.3233 Mbps     0 retrans     13 KB-cwnd
[2024-11-08T11:13:05.485559-0500]     3.5625 MB /   0.50 sec =   59.7699 Mbps     0 retrans     13 KB-cwnd
[2024-11-08T11:13:05.985568-0500]     8.5625 MB /   0.50 sec =  143.6532 Mbps     0 retrans     13 KB-cwnd
[2024-11-08T11:13:06.485554-0500]    10.1250 MB /   0.50 sec =  169.8673 Mbps     0 retrans     13 KB-cwnd
[2024-11-08T11:13:06.985651-0500]    13.1250 MB /   0.50 sec =  220.1966 Mbps     0 retrans     13 KB-cwnd
[2024-11-08T11:13:07.485611-0500]    13.6875 MB /   0.50 sec =  229.6280 Mbps     0 retrans     13 KB-cwnd
[2024-11-08T11:13:07.985844-0500]    16.9375 MB /   0.50 sec =  284.1595 Mbps     0 retrans     13 KB-cwnd
[2024-11-08T11:13:08.485607-0500]    20.2500 MB /   0.50 sec =  339.7583 Mbps     0 retrans     13 KB-cwnd
[2024-11-08T11:13:08.985676-0500]    18.6875 MB /   0.50 sec =  313.5136 Mbps     0 retrans     13 KB-cwnd
[2024-11-08T11:13:09.485553-0500]    17.3750 MB /   0.50 sec =  291.5257 Mbps     0 retrans     15 KB-cwnd
[2024-11-08T11:13:09.985761-0500]    14.0000 MB /   0.50 sec =  234.8204 Mbps     0 retrans     15 KB-cwnd
[2024-11-08T11:13:10.485570-0500]    12.6250 MB /   0.50 sec =  211.8645 Mbps     0 retrans     15 KB-cwnd
[2024-11-08T11:13:10.985726-0500]    15.9375 MB /   0.50 sec =  267.3457 Mbps     0 retrans     17 KB-cwnd
[2024-11-08T11:13:11.485594-0500]     9.6250 MB /   0.50 sec =  161.4981 Mbps  1139 retrans   4915 KB-cwnd
[2024-11-08T11:13:11.985712-0500]    14.2500 MB /   0.50 sec =  239.0610 Mbps     0 retrans   4915 KB-cwnd
[2024-11-08T11:13:12.485560-0500]    15.5625 MB /   0.50 sec =  261.1189 Mbps     0 retrans   4915 KB-cwnd
[2024-11-08T11:13:12.985620-0500]     9.6250 MB /   0.50 sec =  161.4836 Mbps     0 retrans   4915 KB-cwnd
[2024-11-08T11:13:13.485559-0500]    10.5625 MB /   0.50 sec =  177.2058 Mbps     0 retrans   4915 KB-cwnd
[2024-11-08T11:13:13.985684-0500]    16.1250 MB /   0.50 sec =  270.5131 Mbps     0 retrans   4915 KB-cwnd
[2024-11-08T11:13:14.485574-0500]     6.9375 MB /   0.50 sec =  116.4005 Mbps     0 retrans   4915 KB-cwnd
[2024-11-08T11:13:14.985728-0500]     9.3125 MB /   0.50 sec =  156.2266 Mbps     0 retrans   4915 KB-cwnd
[2024-11-08T11:13:15.485581-0500]     7.6875 MB /   0.50 sec =  128.9834 Mbps     0 retrans   4915 KB-cwnd
[2024-11-08T11:13:15.985666-0500]    12.8750 MB /   0.50 sec =  216.0015 Mbps     0 retrans   4915 KB-cwnd
[2024-11-08T11:13:16.485542-0500]     8.8125 MB /   0.50 sec =  147.8575 Mbps     0 retrans   4915 KB-cwnd
[2024-11-08T11:13:16.986023-0500]     6.7500 MB /   0.50 sec =  113.2313 Mbps     0 retrans   4915 KB-cwnd
[2024-11-08T11:13:17.485555-0500]     5.1250 MB /   0.50 sec =   85.9951 Mbps     0 retrans   4915 KB-cwnd
[2024-11-08T11:13:17.985543-0500]    12.1875 MB /   0.50 sec =  204.4735 Mbps     0 retrans   4915 KB-cwnd
[2024-11-08T11:13:18.485534-0500]    13.6250 MB /   0.50 sec =  228.5909 Mbps   645 retrans   4576 KB-cwnd
[2024-11-08T11:13:18.985578-0500]    14.6875 MB /   0.50 sec =  246.4045 Mbps     0 retrans   4576 KB-cwnd
[2024-11-08T11:13:19.485563-0500]    17.3750 MB /   0.50 sec =  291.5006 Mbps     0 retrans   4576 KB-cwnd
[2024-11-08T11:13:19.985721-0500]    17.6250 MB /   0.50 sec =  295.6517 Mbps     0 retrans   4576 KB-cwnd
[2024-11-08T11:13:20.485546-0500]    14.6875 MB /   0.50 sec =  246.4637 Mbps     0 retrans   4576 KB-cwnd
[2024-11-08T11:13:20.985642-0500]    19.9375 MB /   0.50 sec =  334.4804 Mbps     0 retrans   4576 KB-cwnd
[2024-11-08T11:13:21.485569-0500]    21.3750 MB /   0.50 sec =  358.6194 Mbps     0 retrans   4576 KB-cwnd
[2024-11-08T11:13:21.985824-0500]    17.9375 MB /   0.50 sec =  300.9281 Mbps     0 retrans   4576 KB-cwnd
[2024-11-08T11:13:22.485549-0500]    19.1250 MB /   0.50 sec =  320.8803 Mbps    10 retrans   5549 KB-cwnd
[2024-11-08T11:13:22.985706-0500]    21.0000 MB /   0.50 sec =  352.2722 Mbps     0 retrans   5549 KB-cwnd
[2024-11-08T11:13:23.485616-0500]    14.5625 MB /   0.50 sec =  244.3353 Mbps     0 retrans   5549 KB-cwnd
[2024-11-08T11:13:23.985711-0500]    12.7500 MB /   0.50 sec =  213.9061 Mbps     0 retrans   5549 KB-cwnd
[2024-11-08T11:13:24.485547-0500]    14.6875 MB /   0.50 sec =  246.4385 Mbps     0 retrans   5549 KB-cwnd
[2024-11-08T11:13:24.985588-0500]    19.4375 MB /   0.50 sec =  326.1084 Mbps     0 retrans   5549 KB-cwnd
[2024-11-08T11:13:25.485655-0500]    17.6250 MB /   0.50 sec =  295.6943 Mbps     0 retrans   5549 KB-cwnd
[2024-11-08T11:13:25.985573-0500]    13.7500 MB /   0.50 sec =  230.6895 Mbps     0 retrans   5549 KB-cwnd
[2024-11-08T11:13:26.485602-0500]     5.4375 MB /   0.50 sec =   91.2252 Mbps     0 retrans   5549 KB-cwnd
[2024-11-08T11:13:26.985840-0500]     9.2500 MB /   0.50 sec =  155.1396 Mbps     0 retrans   5549 KB-cwnd
[2024-11-08T11:13:27.485562-0500]     6.6875 MB /   0.50 sec =  112.2333 Mbps    17 retrans   5293 KB-cwnd
[2024-11-08T11:13:27.985754-0500]     5.5625 MB /   0.50 sec =   93.3093 Mbps     0 retrans   5293 KB-cwnd
[2024-11-08T11:13:28.485580-0500]     9.0625 MB /   0.50 sec =  152.0645 Mbps     0 retrans   5293 KB-cwnd
[2024-11-08T11:13:28.985722-0500]     5.4375 MB /   0.50 sec =   91.2184 Mbps     0 retrans   5293 KB-cwnd
[2024-11-08T11:13:29.485607-0500]     4.8750 MB /   0.50 sec =   81.7992 Mbps     0 retrans   5293 KB-cwnd
[2024-11-08T11:13:29.985676-0500]     9.3125 MB /   0.50 sec =  156.2291 Mbps     0 retrans   5293 KB-cwnd
[2024-11-08T11:13:30.485575-0500]     8.6875 MB /   0.50 sec =  145.7541 Mbps     0 retrans   5293 KB-cwnd
[2024-11-08T11:13:30.985884-0500]    11.0000 MB /   0.50 sec =  184.5306 Mbps     0 retrans   5234 KB-cwnd
[2024-11-08T11:13:31.485558-0500]    13.1250 MB /   0.50 sec =  220.2296 Mbps     0 retrans   5234 KB-cwnd
[2024-11-08T11:13:31.985559-0500]    14.2500 MB /   0.50 sec =  239.0739 Mbps     0 retrans   5234 KB-cwnd
[2024-11-08T11:13:32.485580-0500]    12.0000 MB /   0.50 sec =  201.3230 Mbps     0 retrans   5234 KB-cwnd
[2024-11-08T11:13:32.985676-0500]     4.3125 MB /   0.50 sec =   72.3478 Mbps     0 retrans   5234 KB-cwnd
[2024-11-08T11:13:33.485564-0500]    12.3125 MB /   0.50 sec =  206.5872 Mbps     0 retrans   5234 KB-cwnd
[2024-11-08T11:13:33.985701-0500]    18.3125 MB /   0.50 sec =  307.2137 Mbps     0 retrans   5234 KB-cwnd
[2024-11-08T11:13:34.485586-0500]    18.8750 MB /   0.50 sec =  316.6820 Mbps     3 retrans   7600 KB-cwnd
[2024-11-08T11:13:34.986139-0500]    20.9375 MB /   0.50 sec =  351.2097 Mbps     0 retrans   7635 KB-cwnd
[2024-11-08T11:13:35.485553-0500]    24.3125 MB /   0.50 sec =  407.9768 Mbps     1 retrans   5410 KB-cwnd
[2024-11-08T11:13:35.985852-0500]    26.1875 MB /   0.50 sec =  439.1636 Mbps     0 retrans   5410 KB-cwnd
[2024-11-08T11:13:36.485574-0500]    28.7500 MB /   0.50 sec =  482.5496 Mbps     0 retrans   5410 KB-cwnd
[2024-11-08T11:13:36.985683-0500]    36.8750 MB /   0.50 sec =  618.5930 Mbps     0 retrans   5410 KB-cwnd
[2024-11-08T11:13:37.485549-0500]    39.2500 MB /   0.50 sec =  658.5808 Mbps    17 retrans   5642 KB-cwnd
[2024-11-08T11:13:37.986280-0500]    38.6875 MB /   0.50 sec =  648.9673 Mbps     0 retrans   5669 KB-cwnd
[2024-11-08T11:13:38.485538-0500]    45.0000 MB /   0.50 sec =  755.1182 Mbps     1 retrans   5669 KB-cwnd
[2024-11-08T11:13:38.985628-0500]    41.8750 MB /   0.50 sec =  702.5445 Mbps    12 retrans   7334 KB-cwnd
[2024-11-08T11:13:39.485543-0500]    39.8750 MB /   0.50 sec =  668.9741 Mbps     0 retrans   7334 KB-cwnd
[2024-11-08T11:13:39.985768-0500]    39.8750 MB /   0.50 sec =  668.8256 Mbps     0 retrans   7587 KB-cwnd
[2024-11-08T11:13:40.485571-0500]    34.2500 MB /   0.50 sec =  574.7610 Mbps     0 retrans   7589 KB-cwnd
[2024-11-08T11:13:40.985540-0500]    20.1875 MB /   0.50 sec =  338.6975 Mbps     0 retrans  11873 KB-cwnd
[2024-11-08T11:13:41.485605-0500]    22.0625 MB /   0.50 sec =  370.1229 Mbps     0 retrans  11873 KB-cwnd
[2024-11-08T11:13:41.985737-0500]    11.3750 MB /   0.50 sec =  190.8206 Mbps     0 retrans  11873 KB-cwnd
[2024-11-08T11:13:42.485540-0500]    29.3125 MB /   0.50 sec =  491.8608 Mbps     0 retrans  11570 KB-cwnd
[2024-11-08T11:13:42.985706-0500]    16.4375 MB /   0.50 sec =  275.7617 Mbps     0 retrans  11570 KB-cwnd
[2024-11-08T11:13:43.485587-0500]    11.7500 MB /   0.50 sec =  197.1303 Mbps     0 retrans  11570 KB-cwnd
[2024-11-08T11:13:43.985839-0500]    11.5000 MB /   0.50 sec =  192.8793 Mbps     0 retrans  11570 KB-cwnd
[2024-11-08T11:13:44.485618-0500]    16.1875 MB /   0.50 sec =  271.6719 Mbps     0 retrans  11570 KB-cwnd
[2024-11-08T11:13:44.985552-0500]     9.2500 MB /   0.50 sec =  155.1902 Mbps     0 retrans  11570 KB-cwnd
[2024-11-08T11:13:45.485598-0500]    15.3125 MB /   0.50 sec =  256.8837 Mbps     0 retrans  11900 KB-cwnd
[2024-11-08T11:13:45.985823-0500]    12.5625 MB /   0.50 sec =  210.7073 Mbps     0 retrans  11900 KB-cwnd
[2024-11-08T11:13:46.485680-0500]    13.0000 MB /   0.50 sec =  218.1666 Mbps     0 retrans  11900 KB-cwnd
[2024-11-08T11:13:46.985814-0500]    14.4375 MB /   0.50 sec =  242.1484 Mbps     0 retrans  11900 KB-cwnd
[2024-11-08T11:13:47.485542-0500]    16.6250 MB /   0.50 sec =  279.0222 Mbps     0 retrans  11900 KB-cwnd
[2024-11-08T11:13:47.985564-0500]    16.4375 MB /   0.50 sec =  275.7782 Mbps     0 retrans  11900 KB-cwnd
[2024-11-08T11:13:48.485616-0500]    16.9375 MB /   0.50 sec =  284.1652 Mbps     0 retrans  11900 KB-cwnd
[2024-11-08T11:13:48.985816-0500]    14.8125 MB /   0.50 sec =  248.4266 Mbps     0 retrans  11900 KB-cwnd
[2024-11-08T11:13:49.485561-0500]     9.1250 MB /   0.50 sec =  153.1396 Mbps     0 retrans  11900 KB-cwnd
[2024-11-08T11:13:49.985748-0500]     9.5625 MB /   0.50 sec =  160.4119 Mbps     0 retrans  11900 KB-cwnd
[2024-11-08T11:13:50.485570-0500]    11.8125 MB /   0.50 sec =  198.2066 Mbps     2 retrans  11801 KB-cwnd
[2024-11-08T11:13:50.985876-0500]     6.8125 MB /   0.50 sec =  114.2530 Mbps     0 retrans  11801 KB-cwnd
[2024-11-08T11:13:51.485532-0500]     8.0000 MB /   0.50 sec =  134.2720 Mbps     0 retrans  11801 KB-cwnd
[2024-11-08T11:13:51.985574-0500]     9.7500 MB /   0.50 sec =  163.5694 Mbps     0 retrans  11801 KB-cwnd
[2024-11-08T11:13:52.485628-0500]     5.6875 MB /   0.50 sec =   95.4221 Mbps     0 retrans  11801 KB-cwnd
[2024-11-08T11:13:52.985711-0500]    11.3125 MB /   0.50 sec =  189.7702 Mbps     0 retrans  11801 KB-cwnd
[2024-11-08T11:13:53.485541-0500]     9.8750 MB /   0.50 sec =  165.6985 Mbps     0 retrans  11801 KB-cwnd
[2024-11-08T11:13:53.985725-0500]    10.8125 MB /   0.50 sec =  181.3699 Mbps     0 retrans  11801 KB-cwnd
[2024-11-08T11:13:54.485543-0500]    12.4375 MB /   0.50 sec =  208.7029 Mbps     0 retrans  11801 KB-cwnd
[2024-11-08T11:13:54.985719-0500]    14.0000 MB /   0.50 sec =  234.8496 Mbps     0 retrans  11801 KB-cwnd
[2024-11-08T11:13:55.485531-0500]    15.1250 MB /   0.50 sec =  253.7924 Mbps     0 retrans  11801 KB-cwnd
[2024-11-08T11:13:55.985780-0500]    18.5625 MB /   0.50 sec =  311.3934 Mbps     0 retrans  11801 KB-cwnd
[2024-11-08T11:13:56.485551-0500]    19.8125 MB /   0.50 sec =  332.4259 Mbps     0 retrans  11801 KB-cwnd
[2024-11-08T11:13:56.985970-0500]    16.4375 MB /   0.50 sec =  275.5941 Mbps    18 retrans   3884 KB-cwnd
[2024-11-08T11:13:57.485573-0500]    17.5625 MB /   0.50 sec =  294.8356 Mbps     0 retrans   3884 KB-cwnd
[2024-11-08T11:13:57.985646-0500]    18.6875 MB /   0.50 sec =  313.5255 Mbps     0 retrans   3884 KB-cwnd
[2024-11-08T11:13:58.485536-0500]    21.6875 MB /   0.50 sec =  363.8770 Mbps     0 retrans   3884 KB-cwnd
[2024-11-08T11:13:58.985655-0500]     7.8750 MB /   0.50 sec =  132.1137 Mbps     0 retrans   3884 KB-cwnd
[2024-11-08T11:13:59.485659-0500]    25.6875 MB /   0.50 sec =  430.9820 Mbps     0 retrans   3884 KB-cwnd
[2024-11-08T11:13:59.985618-0500]    17.6250 MB /   0.50 sec =  295.6819 Mbps     0 retrans   3884 KB-cwnd
[2024-11-08T11:14:00.485552-0500]    12.7500 MB /   0.50 sec =  213.9159 Mbps     0 retrans   3884 KB-cwnd
[2024-11-08T11:14:00.985955-0500]     8.9375 MB /   0.50 sec =  149.9032 Mbps    12 retrans      5 KB-cwnd
[2024-11-08T11:14:01.485553-0500]    15.8125 MB /   0.50 sec =  265.3677 Mbps     0 retrans      5 KB-cwnd
[2024-11-08T11:14:01.985729-0500]    20.3750 MB /   0.50 sec =  341.7913 Mbps     0 retrans      5 KB-cwnd
[2024-11-08T11:14:02.485634-0500]    19.3750 MB /   0.50 sec =  325.0495 Mbps     0 retrans      5 KB-cwnd
[2024-11-08T11:14:02.985705-0500]    16.0625 MB /   0.50 sec =  269.5018 Mbps     1 retrans      5 KB-cwnd
[2024-11-08T11:14:03.485559-0500]    17.3750 MB /   0.50 sec =  291.5327 Mbps     0 retrans      5 KB-cwnd
[2024-11-08T11:14:03.985955-0500]    22.9375 MB /   0.50 sec =  384.8105 Mbps     0 retrans      5 KB-cwnd
[2024-11-08T11:14:04.485573-0500]    19.1250 MB /   0.50 sec =  320.8675 Mbps     0 retrans      5 KB-cwnd
[2024-11-08T11:14:04.985620-0500]     9.5625 MB /   0.50 sec =  160.4347 Mbps     0 retrans      5 KB-cwnd
[2024-11-08T11:14:05.485579-0500]     8.4375 MB /   0.50 sec =  141.5580 Mbps     4 retrans   7853 KB-cwnd
[2024-11-08T11:14:05.985612-0500]    27.8750 MB /   0.50 sec =  467.6789 Mbps     0 retrans   7853 KB-cwnd
[2024-11-08T11:14:06.485571-0500]    29.6250 MB /   0.50 sec =  497.0161 Mbps     0 retrans   7853 KB-cwnd
[2024-11-08T11:14:06.985694-0500]    31.2500 MB /   0.50 sec =  524.2010 Mbps     0 retrans   7853 KB-cwnd
[2024-11-08T11:14:07.485557-0500]    22.1250 MB /   0.50 sec =  371.2657 Mbps     0 retrans   7853 KB-cwnd
[2024-11-08T11:14:07.985625-0500]    16.5000 MB /   0.50 sec =  276.8207 Mbps     0 retrans   7853 KB-cwnd
[2024-11-08T11:14:08.485554-0500]     8.5625 MB /   0.50 sec =  143.6538 Mbps    12 retrans   6156 KB-cwnd
[2024-11-08T11:14:08.985715-0500]     8.8750 MB /   0.50 sec =  148.8683 Mbps     0 retrans   6156 KB-cwnd
[2024-11-08T11:14:09.485548-0500]    10.9375 MB /   0.50 sec =  183.5393 Mbps     1 retrans   6156 KB-cwnd
[2024-11-08T11:14:09.985708-0500]    19.6875 MB /   0.50 sec =  330.2638 Mbps     0 retrans   6156 KB-cwnd
[2024-11-08T11:14:10.485573-0500]     7.0625 MB /   0.50 sec =  118.5005 Mbps     0 retrans   6156 KB-cwnd
[2024-11-08T11:14:10.985724-0500]    21.3125 MB /   0.50 sec =  357.5258 Mbps     0 retrans   6156 KB-cwnd
[2024-11-08T11:14:11.485547-0500]    21.3125 MB /   0.50 sec =  357.6088 Mbps     0 retrans   6156 KB-cwnd
[2024-11-08T11:14:11.986520-0500]    26.3750 MB /   0.50 sec =  441.8028 Mbps     0 retrans   6156 KB-cwnd
[2024-11-08T11:14:12.485648-0500]    28.4375 MB /   0.50 sec =  477.8207 Mbps     6 retrans   7494 KB-cwnd
[2024-11-08T11:14:12.985728-0500]    12.3125 MB /   0.50 sec =  206.5529 Mbps     0 retrans   7494 KB-cwnd
[2024-11-08T11:14:13.485660-0500]    30.3750 MB /   0.50 sec =  509.6161 Mbps     1 retrans   7494 KB-cwnd
[2024-11-08T11:14:13.985653-0500]    31.8125 MB /   0.50 sec =  533.7604 Mbps     0 retrans   7494 KB-cwnd
[2024-11-08T11:14:14.485563-0500]    46.3125 MB /   0.50 sec =  777.0616 Mbps     0 retrans   7494 KB-cwnd
[2024-11-08T11:14:14.985644-0500]    51.0000 MB /   0.50 sec =  855.6021 Mbps     6 retrans   9939 KB-cwnd
[2024-11-08T11:14:15.485844-0500]    50.2500 MB /   0.50 sec =  842.6944 Mbps     0 retrans   9939 KB-cwnd
[2024-11-08T11:14:15.985691-0500]    41.0625 MB /   0.50 sec =  689.1474 Mbps     0 retrans   8021 KB-cwnd
[2024-11-08T11:14:16.485542-0500]    32.8125 MB /   0.50 sec =  550.5795 Mbps     6 retrans  11410 KB-cwnd
[2024-11-08T11:14:16.985902-0500]     9.2500 MB /   0.50 sec =  155.1595 Mbps     0 retrans  11410 KB-cwnd
[2024-11-08T11:14:17.485660-0500]    19.0625 MB /   0.50 sec =  319.8649 Mbps     0 retrans  11514 KB-cwnd
[2024-11-08T11:14:17.986467-0500]    25.1875 MB /   0.50 sec =  422.5508 Mbps     0 retrans  11514 KB-cwnd
[2024-11-08T11:14:18.485570-0500]    21.3750 MB /   0.50 sec =  358.6338 Mbps     0 retrans  11516 KB-cwnd
[2024-11-08T11:14:18.986393-0500]    21.8750 MB /   0.50 sec =  366.3978 Mbps     0 retrans  11516 KB-cwnd
[2024-11-08T11:14:19.485536-0500]    28.3750 MB /   0.50 sec =  476.8575 Mbps     0 retrans  11516 KB-cwnd
[2024-11-08T11:14:19.985521-0500]    31.3750 MB /   0.50 sec =  526.3904 Mbps     2 retrans  14351 KB-cwnd
[2024-11-08T11:14:20.485575-0500]    35.3125 MB /   0.50 sec =  592.4182 Mbps     0 retrans  14351 KB-cwnd
[2024-11-08T11:14:20.985683-0500]    10.7500 MB /   0.50 sec =  180.3450 Mbps     0 retrans  14351 KB-cwnd
[2024-11-08T11:14:21.485665-0500]    25.6875 MB /   0.50 sec =  430.9759 Mbps     0 retrans  14351 KB-cwnd
[2024-11-08T11:14:21.985859-0500]    21.0625 MB /   0.50 sec =  353.2571 Mbps     0 retrans  14351 KB-cwnd
[2024-11-08T11:14:22.485623-0500]    30.8750 MB /   0.50 sec =  518.1769 Mbps     1 retrans  14087 KB-cwnd
[2024-11-08T11:14:22.985600-0500]    22.8125 MB /   0.50 sec =  382.7027 Mbps     0 retrans  14087 KB-cwnd
[2024-11-08T11:14:23.485598-0500]    19.1875 MB /   0.50 sec =  321.9154 Mbps     0 retrans  14087 KB-cwnd
[2024-11-08T11:14:23.985763-0500]    25.5625 MB /   0.50 sec =  428.7930 Mbps     0 retrans  14087 KB-cwnd
[2024-11-08T11:14:24.485619-0500]    27.6875 MB /   0.50 sec =  464.6177 Mbps     0 retrans  14087 KB-cwnd
[2024-11-08T11:14:24.985550-0500]     8.2500 MB /   0.50 sec =  138.4176 Mbps     0 retrans  14087 KB-cwnd
[2024-11-08T11:14:25.485552-0500]    17.1875 MB /   0.50 sec =  288.3584 Mbps     0 retrans  14087 KB-cwnd
[2024-11-08T11:14:25.985911-0500]    15.0000 MB /   0.50 sec =  251.6230 Mbps     0 retrans  14087 KB-cwnd
[2024-11-08T11:14:26.485584-0500]    13.2500 MB /   0.50 sec =  222.3257 Mbps     9 retrans  12902 KB-cwnd
[2024-11-08T11:14:26.985834-0500]    10.5625 MB /   0.50 sec =  177.1930 Mbps     0 retrans  12902 KB-cwnd
[2024-11-08T11:14:27.485545-0500]     1.8750 MB /   0.50 sec =   31.4612 Mbps     0 retrans  12902 KB-cwnd
[2024-11-08T11:14:27.985721-0500]    15.5625 MB /   0.50 sec =  261.0370 Mbps     0 retrans   9870 KB-cwnd
[2024-11-08T11:14:28.485594-0500]    15.5625 MB /   0.50 sec =  261.1351 Mbps     0 retrans  10456 KB-cwnd
[2024-11-08T11:14:28.985717-0500]     8.4375 MB /   0.50 sec =  141.5504 Mbps     0 retrans  10456 KB-cwnd
[2024-11-08T11:14:29.485643-0500]    16.0000 MB /   0.50 sec =  268.4548 Mbps     0 retrans  10456 KB-cwnd
[2024-11-08T11:14:29.985798-0500]    11.6875 MB /   0.50 sec =  196.0406 Mbps     0 retrans  10456 KB-cwnd
[2024-11-08T11:14:30.485679-0500]    23.0625 MB /   0.50 sec =  387.0213 Mbps     0 retrans  10456 KB-cwnd
[2024-11-08T11:14:30.985687-0500]    17.8750 MB /   0.50 sec =  299.8627 Mbps     0 retrans  10456 KB-cwnd
[2024-11-08T11:14:31.485579-0500]    14.6875 MB /   0.50 sec =  246.4351 Mbps     0 retrans  10456 KB-cwnd
[2024-11-08T11:14:31.985551-0500]     6.5625 MB /   0.50 sec =  110.1016 Mbps     0 retrans  10456 KB-cwnd
[2024-11-08T11:14:32.485565-0500]    19.3750 MB /   0.50 sec =  325.0605 Mbps     5 retrans   9465 KB-cwnd
[2024-11-08T11:14:32.985691-0500]    12.8125 MB /   0.50 sec =  214.9465 Mbps     0 retrans   9465 KB-cwnd
[2024-11-08T11:14:33.485554-0500]    13.8750 MB /   0.50 sec =  232.8006 Mbps     0 retrans   9465 KB-cwnd
[2024-11-08T11:14:33.985674-0500]    18.3125 MB /   0.50 sec =  307.1971 Mbps     0 retrans   9465 KB-cwnd
[2024-11-08T11:14:34.485656-0500]    19.1875 MB /   0.50 sec =  321.8832 Mbps     0 retrans   9465 KB-cwnd
[2024-11-08T11:14:34.985707-0500]    20.7500 MB /   0.50 sec =  348.1579 Mbps     0 retrans   9465 KB-cwnd
[2024-11-08T11:14:35.485631-0500]    21.3750 MB /   0.50 sec =  358.6503 Mbps     0 retrans   9465 KB-cwnd
[2024-11-08T11:14:35.985688-0500]    28.1250 MB /   0.50 sec =  471.8148 Mbps    10 retrans   6641 KB-cwnd
[2024-11-08T11:14:36.485555-0500]    23.9375 MB /   0.50 sec =  401.6416 Mbps     0 retrans   6641 KB-cwnd
[2024-11-08T11:14:36.985849-0500]    24.1875 MB /   0.50 sec =  405.6496 Mbps     0 retrans   6641 KB-cwnd
End time: 1731082477165
