Start time: 1730922798986
[2024-11-06T14:53:24.078562-0500] traceroute to 54.197.223.49 (54.197.223.49), 30 hops max, 60 byte packets
[2024-11-06T14:53:24.079463-0500]  1  * * *
[2024-11-06T14:53:24.079522-0500]  2  * * *
[2024-11-06T14:53:24.079562-0500]  3  * * *
[2024-11-06T14:53:24.085549-0500]  4  * * *
[2024-11-06T14:53:24.085639-0500]  5  * * *
[2024-11-06T14:53:29.086480-0500]  6  * * *
[2024-11-06T14:53:29.086865-0500]  7  * * *
[2024-11-06T14:53:29.086942-0500]  8  * * *
[2024-11-06T14:53:29.096600-0500]  9  * * *
[2024-11-06T14:53:29.096749-0500] 10  * * *
[2024-11-06T14:53:34.091116-0500] 11  * * *
[2024-11-06T14:53:34.092548-0500] 12  * * *
[2024-11-06T14:53:34.095505-0500] 13  * * *
[2024-11-06T14:53:34.096915-0500] 14  * * *
[2024-11-06T14:53:34.099737-0500] 15  * * *
[2024-11-06T14:53:39.096882-0500] 16  * * *
[2024-11-06T14:53:39.097107-0500] 17  * * *
[2024-11-06T14:53:39.097151-0500] 18  * * *
[2024-11-06T14:53:39.102790-0500] 19  * * *
[2024-11-06T14:53:39.102880-0500] 20  * * *
[2024-11-06T14:53:39.102929-0500] 21  * * *
[2024-11-06T14:53:44.100160-0500] 22  * * *
[2024-11-06T14:53:44.104346-0500] 23  * * *
[2024-11-06T14:53:44.104451-0500] 24  * * *
[2024-11-06T14:53:44.116315-0500] 25  * * *
[2024-11-06T14:53:44.116572-0500] 26  * * *
[2024-11-06T14:53:49.066745-0500] 27  * *End time: 1730922829138
