Start time: 1731010825349
[2024-11-07T15:20:26.322770-0500] nuttcp-r: v8.1.4: socket
[2024-11-07T15:20:26.323736-0500] nuttcp-r: buflen=65536, nstream=1, port=5379 tcp
[2024-11-07T15:20:26.324015-0500] nuttcp-r: interval reporting every 0.50 seconds
[2024-11-07T15:20:26.324185-0500] nuttcp-r: connect to 54.197.223.49 with RTT=71.489 ms af=inet
[2024-11-07T15:20:26.324403-0500] nuttcp-r: send window size = 2097152, receive window size = 6291456
[2024-11-07T15:20:26.324490-0500] nuttcp-r: available send window = 1572864, available receive window = 4718592
[2024-11-07T15:20:26.324567-0500]     0.1875 MB /   0.50 sec =    3.1450 Mbps     0 retrans     13 KB-cwnd
[2024-11-07T15:20:26.822716-0500]     1.8750 MB /   0.50 sec =   31.4583 Mbps     0 retrans     13 KB-cwnd
[2024-11-07T15:20:27.322749-0500]     2.5625 MB /   0.50 sec =   42.9801 Mbps     0 retrans     13 KB-cwnd
[2024-11-07T15:20:27.822635-0500]     2.0625 MB /   0.50 sec =   34.6157 Mbps     0 retrans     13 KB-cwnd
[2024-11-07T15:20:28.324924-0500]     1.7500 MB /   0.50 sec =   29.2271 Mbps     0 retrans     13 KB-cwnd
[2024-11-07T15:20:28.822644-0500]     2.7500 MB /   0.50 sec =   46.3448 Mbps     0 retrans     13 KB-cwnd
[2024-11-07T15:20:29.323007-0500]     2.6875 MB /   0.50 sec =   45.0730 Mbps     0 retrans     13 KB-cwnd
[2024-11-07T15:20:29.822745-0500]     2.8750 MB /   0.50 sec =   48.2480 Mbps     0 retrans     13 KB-cwnd
[2024-11-07T15:20:30.322779-0500]     2.1875 MB /   0.50 sec =   36.7043 Mbps     0 retrans     13 KB-cwnd
[2024-11-07T15:20:30.822772-0500]     2.5625 MB /   0.50 sec =   42.9866 Mbps     0 retrans     13 KB-cwnd
[2024-11-07T15:20:31.322594-0500]     2.5000 MB /   0.50 sec =   41.9510 Mbps     0 retrans     13 KB-cwnd
[2024-11-07T15:20:31.822932-0500]     2.4375 MB /   0.50 sec =   40.8833 Mbps     0 retrans     13 KB-cwnd
[2024-11-07T15:20:32.322699-0500]     2.7500 MB /   0.50 sec =   46.1441 Mbps     0 retrans     13 KB-cwnd
[2024-11-07T15:20:32.822588-0500]     2.5625 MB /   0.50 sec =   42.9956 Mbps     0 retrans     13 KB-cwnd
[2024-11-07T15:20:33.322884-0500]     2.1875 MB /   0.50 sec =   36.6955 Mbps     0 retrans     13 KB-cwnd
[2024-11-07T15:20:33.822548-0500]     2.1875 MB /   0.50 sec =   36.7065 Mbps     0 retrans     13 KB-cwnd
[2024-11-07T15:20:34.322618-0500]     2.6875 MB /   0.50 sec =   45.0871 Mbps     0 retrans     13 KB-cwnd
[2024-11-07T15:20:34.822607-0500]     2.8750 MB /   0.50 sec =   48.2344 Mbps     0 retrans     13 KB-cwnd
[2024-11-07T15:20:35.322612-0500]     2.6875 MB /   0.50 sec =   45.0886 Mbps     0 retrans     13 KB-cwnd
[2024-11-07T15:20:35.822835-0500]     3.2500 MB /   0.50 sec =   54.5248 Mbps     0 retrans     13 KB-cwnd
[2024-11-07T15:20:36.322596-0500]     2.5000 MB /   0.50 sec =   41.9442 Mbps     0 retrans     13 KB-cwnd
[2024-11-07T15:20:36.822709-0500]     0.5625 MB /   0.50 sec =    9.4358 Mbps     0 retrans     13 KB-cwnd
[2024-11-07T15:20:37.322668-0500]     2.6250 MB /   0.50 sec =   44.0424 Mbps     0 retrans     13 KB-cwnd
[2024-11-07T15:20:37.822875-0500]     2.3750 MB /   0.50 sec =   39.8378 Mbps     0 retrans     13 KB-cwnd
[2024-11-07T15:20:38.322683-0500]     1.3125 MB /   0.50 sec =   22.0264 Mbps     0 retrans     13 KB-cwnd
[2024-11-07T15:20:38.822628-0500]     1.8750 MB /   0.50 sec =   31.4571 Mbps     0 retrans     13 KB-cwnd
[2024-11-07T15:20:39.322607-0500]     2.5000 MB /   0.50 sec =   41.9437 Mbps     0 retrans     13 KB-cwnd
[2024-11-07T15:20:39.822550-0500]     2.5625 MB /   0.50 sec =   42.9928 Mbps     0 retrans     13 KB-cwnd
[2024-11-07T15:20:40.323018-0500]     2.9375 MB /   0.50 sec =   49.2421 Mbps     0 retrans     13 KB-cwnd
[2024-11-07T15:20:40.822636-0500]     2.9375 MB /   0.50 sec =   49.3212 Mbps     0 retrans     13 KB-cwnd
[2024-11-07T15:20:41.322821-0500]     3.5000 MB /   0.50 sec =   58.7166 Mbps     0 retrans     13 KB-cwnd
[2024-11-07T15:20:41.822643-0500]     3.1875 MB /   0.50 sec =   53.4801 Mbps     0 retrans     13 KB-cwnd
[2024-11-07T15:20:42.322610-0500]     3.1875 MB /   0.50 sec =   53.4792 Mbps     0 retrans     13 KB-cwnd
[2024-11-07T15:20:42.822612-0500]     2.6875 MB /   0.50 sec =   45.0879 Mbps     0 retrans     13 KB-cwnd
[2024-11-07T15:20:43.322600-0500]     2.1875 MB /   0.50 sec =   36.7013 Mbps     0 retrans     13 KB-cwnd
[2024-11-07T15:20:43.822631-0500]     2.0625 MB /   0.50 sec =   34.6026 Mbps     0 retrans     13 KB-cwnd
[2024-11-07T15:20:44.322774-0500]     2.2500 MB /   0.50 sec =   37.7487 Mbps     0 retrans     13 KB-cwnd
[2024-11-07T15:20:44.822612-0500]     2.3750 MB /   0.50 sec =   39.8455 Mbps     0 retrans     13 KB-cwnd
[2024-11-07T15:20:45.322576-0500]     1.8750 MB /   0.50 sec =   31.4580 Mbps     0 retrans     13 KB-cwnd
[2024-11-07T15:20:45.822970-0500]     2.0000 MB /   0.50 sec =   33.5302 Mbps     0 retrans     13 KB-cwnd
[2024-11-07T15:20:46.322669-0500]     1.8125 MB /   0.50 sec =   30.4269 Mbps     0 retrans     13 KB-cwnd
[2024-11-07T15:20:46.822629-0500]     2.1875 MB /   0.50 sec =   36.7040 Mbps     0 retrans     13 KB-cwnd
[2024-11-07T15:20:47.322624-0500]     0.8125 MB /   0.50 sec =   13.6312 Mbps     0 retrans     13 KB-cwnd
[2024-11-07T15:20:47.822669-0500]     2.0625 MB /   0.50 sec =   34.6002 Mbps     0 retrans     13 KB-cwnd
[2024-11-07T15:20:48.322624-0500]     2.4375 MB /   0.50 sec =   40.8989 Mbps     0 retrans     13 KB-cwnd
[2024-11-07T15:20:48.822638-0500]     2.3750 MB /   0.50 sec =   39.8452 Mbps     0 retrans     13 KB-cwnd
[2024-11-07T15:20:49.322743-0500]     2.5625 MB /   0.50 sec =   42.9924 Mbps     0 retrans     13 KB-cwnd
[2024-11-07T15:20:49.822654-0500]     2.5625 MB /   0.50 sec =   42.9895 Mbps     0 retrans     13 KB-cwnd
[2024-11-07T15:20:50.322631-0500]     2.1875 MB /   0.50 sec =   36.7020 Mbps     0 retrans     14 KB-cwnd
[2024-11-07T15:20:50.822620-0500]     2.1875 MB /   0.50 sec =   36.7001 Mbps     0 retrans     14 KB-cwnd
[2024-11-07T15:20:51.322642-0500]     2.3750 MB /   0.50 sec =   39.8456 Mbps     0 retrans     14 KB-cwnd
[2024-11-07T15:20:51.823203-0500]     2.3125 MB /   0.50 sec =   38.7945 Mbps     0 retrans     14 KB-cwnd
[2024-11-07T15:20:52.323069-0500]     2.6875 MB /   0.50 sec =   45.0576 Mbps     0 retrans     14 KB-cwnd
[2024-11-07T15:20:52.822767-0500]     2.5000 MB /   0.50 sec =   41.9637 Mbps     0 retrans     14 KB-cwnd
[2024-11-07T15:20:53.322605-0500]     2.4375 MB /   0.50 sec =   40.9062 Mbps     0 retrans     14 KB-cwnd
[2024-11-07T15:20:53.822616-0500]     2.6250 MB /   0.50 sec =   44.0406 Mbps     0 retrans     14 KB-cwnd
[2024-11-07T15:20:54.322624-0500]     2.5625 MB /   0.50 sec =   42.9902 Mbps     0 retrans     14 KB-cwnd
[2024-11-07T15:20:54.822612-0500]     2.3125 MB /   0.50 sec =   38.7982 Mbps     0 retrans     14 KB-cwnd
[2024-11-07T15:20:55.322681-0500]     1.6875 MB /   0.50 sec =   28.3116 Mbps     0 retrans     14 KB-cwnd
[2024-11-07T15:20:55.822617-0500]     2.6250 MB /   0.50 sec =   44.0398 Mbps     0 retrans     14 KB-cwnd
[2024-11-07T15:20:56.322611-0500]     2.1875 MB /   0.50 sec =   36.7000 Mbps     0 retrans     14 KB-cwnd
[2024-11-07T15:20:56.822628-0500]     2.0625 MB /   0.50 sec =   34.6032 Mbps     0 retrans     14 KB-cwnd
[2024-11-07T15:20:57.322623-0500]     1.8750 MB /   0.50 sec =   31.4572 Mbps     0 retrans     14 KB-cwnd
[2024-11-07T15:20:57.822809-0500]     0.6875 MB /   0.50 sec =   11.5339 Mbps     0 retrans     14 KB-cwnd
[2024-11-07T15:20:58.322624-0500]     1.0000 MB /   0.50 sec =   16.7778 Mbps     0 retrans     14 KB-cwnd
[2024-11-07T15:20:58.822721-0500]     2.2500 MB /   0.50 sec =   37.7501 Mbps     0 retrans     14 KB-cwnd
[2024-11-07T15:20:59.323029-0500]     1.8125 MB /   0.50 sec =   30.3830 Mbps     0 retrans     14 KB-cwnd
[2024-11-07T15:20:59.822622-0500]     1.5625 MB /   0.50 sec =   26.2361 Mbps     0 retrans     14 KB-cwnd
[2024-11-07T15:21:00.322611-0500]     2.2500 MB /   0.50 sec =   37.7486 Mbps     0 retrans     14 KB-cwnd
[2024-11-07T15:21:00.822621-0500]     2.4375 MB /   0.50 sec =   40.8946 Mbps     0 retrans     14 KB-cwnd
[2024-11-07T15:21:01.322744-0500]     1.9375 MB /   0.50 sec =   32.4998 Mbps     0 retrans     14 KB-cwnd
[2024-11-07T15:21:01.822609-0500]     1.7500 MB /   0.50 sec =   29.3654 Mbps     0 retrans     14 KB-cwnd
[2024-11-07T15:21:02.322677-0500]     1.3750 MB /   0.50 sec =   23.0662 Mbps     0 retrans     14 KB-cwnd
[2024-11-07T15:21:02.822701-0500]     1.2500 MB /   0.50 sec =   20.9743 Mbps     0 retrans     14 KB-cwnd
[2024-11-07T15:21:03.322730-0500]     1.3125 MB /   0.50 sec =   22.0145 Mbps     0 retrans     14 KB-cwnd
[2024-11-07T15:21:03.822634-0500]     1.6250 MB /   0.50 sec =   27.2690 Mbps     0 retrans     14 KB-cwnd
[2024-11-07T15:21:04.322625-0500]     1.6875 MB /   0.50 sec =   28.3117 Mbps     0 retrans     14 KB-cwnd
[2024-11-07T15:21:04.822628-0500]     2.1250 MB /   0.50 sec =   35.6510 Mbps     0 retrans     14 KB-cwnd
[2024-11-07T15:21:05.322682-0500]     2.1250 MB /   0.50 sec =   35.6484 Mbps     0 retrans     14 KB-cwnd
[2024-11-07T15:21:05.822611-0500]     2.1875 MB /   0.50 sec =   36.7044 Mbps     0 retrans     14 KB-cwnd
[2024-11-07T15:21:06.322753-0500]     2.0625 MB /   0.50 sec =   34.5951 Mbps     0 retrans     14 KB-cwnd
[2024-11-07T15:21:06.822777-0500]     0.7500 MB /   0.50 sec =   12.5822 Mbps     0 retrans     14 KB-cwnd
[2024-11-07T15:21:07.322770-0500]     0.0000 MB /   0.50 sec =    0.0000 Mbps     0 retrans     14 KB-cwnd
[2024-11-07T15:21:07.823790-0500]     0.0000 MB /   0.50 sec =    0.0000 Mbps     0 retrans     14 KB-cwnd
[2024-11-07T15:21:08.322801-0500]     0.0000 MB /   0.50 sec =    0.0000 Mbps     0 retrans     14 KB-cwnd
[2024-11-07T15:21:08.822796-0500]     0.5625 MB /   0.50 sec =    9.4392 Mbps     0 retrans     14 KB-cwnd
[2024-11-07T15:21:09.322656-0500]     0.7500 MB /   0.50 sec =   12.5831 Mbps     0 retrans     14 KB-cwnd
[2024-11-07T15:21:09.822626-0500]     2.6250 MB /   0.50 sec =   44.0417 Mbps     0 retrans     14 KB-cwnd
[2024-11-07T15:21:10.322791-0500]     0.0625 MB /   0.50 sec =    1.0483 Mbps     0 retrans     14 KB-cwnd
[2024-11-07T15:21:10.822747-0500]     1.4375 MB /   0.50 sec =   24.1189 Mbps     0 retrans     14 KB-cwnd
[2024-11-07T15:21:11.322868-0500]     0.4375 MB /   0.50 sec =    7.3389 Mbps     0 retrans     14 KB-cwnd
[2024-11-07T15:21:11.822734-0500]     0.0000 MB /   0.50 sec =    0.0000 Mbps     0 retrans     14 KB-cwnd
[2024-11-07T15:21:12.322798-0500]     0.0000 MB /   0.50 sec =    0.0000 Mbps     0 retrans     14 KB-cwnd
[2024-11-07T15:21:12.822952-0500]     0.0000 MB /   0.50 sec =    0.0000 Mbps     0 retrans     14 KB-cwnd
[2024-11-07T15:21:13.322979-0500]     1.6250 MB /   0.50 sec =   27.2584 Mbps     0 retrans     14 KB-cwnd
[2024-11-07T15:21:13.823696-0500]     0.0000 MB /   0.50 sec =    0.0000 Mbps     0 retrans     14 KB-cwnd
[2024-11-07T15:21:14.322693-0500]     0.2500 MB /   0.50 sec =    4.2024 Mbps     0 retrans     14 KB-cwnd
[2024-11-07T15:21:14.822825-0500]     0.0000 MB /   0.50 sec =    0.0000 Mbps     0 retrans     14 KB-cwnd
[2024-11-07T15:21:15.323756-0500]     0.8750 MB /   0.50 sec =   14.6534 Mbps     0 retrans     14 KB-cwnd
[2024-11-07T15:21:15.822723-0500]     0.7500 MB /   0.50 sec =   12.6086 Mbps     0 retrans     14 KB-cwnd
[2024-11-07T15:21:16.322567-0500]     0.5000 MB /   0.50 sec =    8.3899 Mbps     0 retrans     14 KB-cwnd
[2024-11-07T15:21:16.822795-0500]     0.1250 MB /   0.50 sec =    2.0967 Mbps     0 retrans     14 KB-cwnd
[2024-11-07T15:21:17.322808-0500]     3.1875 MB /   0.50 sec =   53.4884 Mbps     0 retrans     14 KB-cwnd
[2024-11-07T15:21:17.823092-0500]     1.1250 MB /   0.50 sec =   18.8571 Mbps     0 retrans     14 KB-cwnd
[2024-11-07T15:21:18.322903-0500]     1.1875 MB /   0.50 sec =   19.9400 Mbps     0 retrans     14 KB-cwnd
[2024-11-07T15:21:18.823952-0500]     1.0625 MB /   0.50 sec =   17.7803 Mbps     0 retrans     14 KB-cwnd
[2024-11-07T15:21:19.322686-0500]     2.3750 MB /   0.50 sec =   39.9445 Mbps     0 retrans     14 KB-cwnd
[2024-11-07T15:21:19.822621-0500]     2.1875 MB /   0.50 sec =   36.7049 Mbps     0 retrans     14 KB-cwnd
[2024-11-07T15:21:20.322812-0500]     2.1875 MB /   0.50 sec =   36.6980 Mbps     0 retrans     14 KB-cwnd
[2024-11-07T15:21:20.822724-0500]     1.6875 MB /   0.50 sec =   28.3102 Mbps     0 retrans     14 KB-cwnd
[2024-11-07T15:21:21.322681-0500]     0.0000 MB /   0.50 sec =    0.0000 Mbps     0 retrans     14 KB-cwnd
[2024-11-07T15:21:21.822670-0500]     0.0000 MB /   0.50 sec =    0.0000 Mbps     0 retrans     14 KB-cwnd
[2024-11-07T15:21:22.322668-0500]     1.8125 MB /   0.50 sec =   30.4094 Mbps     0 retrans     14 KB-cwnd
[2024-11-07T15:21:22.822832-0500]     1.1875 MB /   0.50 sec =   19.9231 Mbps     0 retrans     14 KB-cwnd
[2024-11-07T15:21:23.323265-0500]     0.3125 MB /   0.50 sec =    5.2368 Mbps     0 retrans     14 KB-cwnd
[2024-11-07T15:21:23.822966-0500]     0.0000 MB /   0.50 sec =    0.0000 Mbps     0 retrans     14 KB-cwnd
[2024-11-07T15:21:24.322917-0500]     1.8750 MB /   0.50 sec =   31.4649 Mbps     0 retrans     14 KB-cwnd
[2024-11-07T15:21:24.823513-0500]     0.6875 MB /   0.50 sec =   11.5165 Mbps     0 retrans     14 KB-cwnd
[2024-11-07T15:21:25.322770-0500]     2.3750 MB /   0.50 sec =   39.9029 Mbps     0 retrans     14 KB-cwnd
[2024-11-07T15:21:25.823079-0500]     1.6250 MB /   0.50 sec =   27.2647 Mbps     0 retrans     14 KB-cwnd
[2024-11-07T15:21:26.322794-0500]     1.5625 MB /   0.50 sec =   26.2113 Mbps     0 retrans     14 KB-cwnd
[2024-11-07T15:21:26.822699-0500]     1.9375 MB /   0.50 sec =   32.5122 Mbps     0 retrans     14 KB-cwnd
[2024-11-07T15:21:27.322788-0500]     2.3125 MB /   0.50 sec =   38.7900 Mbps     0 retrans     14 KB-cwnd
[2024-11-07T15:21:27.822836-0500]     0.3750 MB /   0.50 sec =    6.2911 Mbps     0 retrans     14 KB-cwnd
[2024-11-07T15:21:28.322899-0500]     1.1875 MB /   0.50 sec =   19.9279 Mbps     0 retrans     14 KB-cwnd
[2024-11-07T15:21:28.824019-0500]     1.5000 MB /   0.50 sec =   25.1006 Mbps     0 retrans     14 KB-cwnd
[2024-11-07T15:21:29.322706-0500]     2.0625 MB /   0.50 sec =   34.6920 Mbps     0 retrans     14 KB-cwnd
[2024-11-07T15:21:29.822765-0500]     1.8125 MB /   0.50 sec =   30.4057 Mbps     0 retrans     14 KB-cwnd
[2024-11-07T15:21:30.323094-0500]     0.3125 MB /   0.50 sec =    5.2411 Mbps     0 retrans     14 KB-cwnd
[2024-11-07T15:21:30.822824-0500]     0.0000 MB /   0.50 sec =    0.0000 Mbps     0 retrans     14 KB-cwnd
[2024-11-07T15:21:31.322780-0500]     0.0000 MB /   0.50 sec =    0.0000 Mbps     0 retrans     14 KB-cwnd
[2024-11-07T15:21:31.822626-0500]     0.2500 MB /   0.50 sec =    4.1954 Mbps     0 retrans     14 KB-cwnd
[2024-11-07T15:21:32.322634-0500]     0.7500 MB /   0.50 sec =   12.5828 Mbps     0 retrans     14 KB-cwnd
[2024-11-07T15:21:32.822540-0500]     2.1250 MB /   0.50 sec =   35.6543 Mbps     0 retrans     14 KB-cwnd
[2024-11-07T15:21:33.322935-0500]     2.0625 MB /   0.50 sec =   34.5794 Mbps     0 retrans     14 KB-cwnd
[2024-11-07T15:21:33.822593-0500]     2.5625 MB /   0.50 sec =   43.0185 Mbps     0 retrans     14 KB-cwnd
[2024-11-07T15:21:34.324115-0500]     2.3125 MB /   0.50 sec =   38.6874 Mbps     0 retrans     14 KB-cwnd
[2024-11-07T15:21:34.822619-0500]     1.1250 MB /   0.50 sec =   18.9284 Mbps     0 retrans     14 KB-cwnd
[2024-11-07T15:21:35.322845-0500]     1.5000 MB /   0.50 sec =   25.1631 Mbps     0 retrans     14 KB-cwnd
[2024-11-07T15:21:35.822663-0500]     2.8125 MB /   0.50 sec =   47.1905 Mbps     0 retrans     14 KB-cwnd
[2024-11-07T15:21:36.322647-0500]     3.2500 MB /   0.50 sec =   54.5255 Mbps     0 retrans     14 KB-cwnd
[2024-11-07T15:21:36.823678-0500]     4.0625 MB /   0.50 sec =   68.0206 Mbps     0 retrans     14 KB-cwnd
[2024-11-07T15:21:37.322653-0500]     3.6875 MB /   0.50 sec =   61.9896 Mbps     0 retrans     14 KB-cwnd
[2024-11-07T15:21:37.822626-0500]     2.3750 MB /   0.50 sec =   39.8472 Mbps     0 retrans     14 KB-cwnd
[2024-11-07T15:21:38.322941-0500]     3.8125 MB /   0.50 sec =   63.9574 Mbps     0 retrans     14 KB-cwnd
[2024-11-07T15:21:38.822636-0500]     3.0625 MB /   0.50 sec =   51.3844 Mbps     0 retrans     14 KB-cwnd
[2024-11-07T15:21:39.322794-0500]     0.1250 MB /   0.50 sec =    2.0965 Mbps     0 retrans     14 KB-cwnd
[2024-11-07T15:21:39.822841-0500]     0.0000 MB /   0.50 sec =    0.0000 Mbps     0 retrans     14 KB-cwnd
[2024-11-07T15:21:40.322923-0500]     0.0000 MB /   0.50 sec =    0.0000 Mbps     0 retrans     14 KB-cwnd
[2024-11-07T15:21:40.822798-0500]     0.0000 MB /   0.50 sec =    0.0000 Mbps     0 retrans     14 KB-cwnd
[2024-11-07T15:21:41.323736-0500]     0.0000 MB /   0.50 sec =    0.0000 Mbps     0 retrans     14 KB-cwnd
[2024-11-07T15:21:41.822913-0500]     0.0000 MB /   0.50 sec =    0.0000 Mbps     0 retrans     14 KB-cwnd
[2024-11-07T15:21:42.322744-0500]     0.0000 MB /   0.50 sec =    0.0000 Mbps     0 retrans     14 KB-cwnd
[2024-11-07T15:21:42.822793-0500]     0.1250 MB /   0.50 sec =    2.0970 Mbps     0 retrans     14 KB-cwnd
[2024-11-07T15:21:43.323766-0500]     0.0000 MB /   0.50 sec =    0.0000 Mbps     0 retrans     14 KB-cwnd
[2024-11-07T15:21:43.822779-0500]     0.0000 MB /   0.50 sec =    0.0000 Mbps     0 retrans     14 KB-cwnd
[2024-11-07T15:21:44.323750-0500]     0.0000 MB /   0.50 sec =    0.0000 Mbps     0 retrans     14 KB-cwnd
[2024-11-07T15:21:44.822774-0500]     0.0000 MB /   0.50 sec =    0.0000 Mbps     0 retrans     14 KB-cwnd
[2024-11-07T15:21:45.322863-0500]     0.7500 MB /   0.50 sec =   12.5813 Mbps     0 retrans     14 KB-cwnd
[2024-11-07T15:21:45.822641-0500]     0.0000 MB /   0.50 sec =    0.0000 Mbps     0 retrans     14 KB-cwnd
[2024-11-07T15:21:46.322815-0500]     0.0625 MB /   0.50 sec =    1.0487 Mbps     0 retrans     14 KB-cwnd
[2024-11-07T15:21:46.822950-0500]     0.0625 MB /   0.50 sec =    1.0481 Mbps     0 retrans     14 KB-cwnd
[2024-11-07T15:21:47.322851-0500]     0.0000 MB /   0.50 sec =    0.0000 Mbps     0 retrans     14 KB-cwnd
[2024-11-07T15:21:47.822785-0500]     0.0000 MB /   0.50 sec =    0.0000 Mbps     0 retrans     14 KB-cwnd
[2024-11-07T15:21:48.322824-0500]     2.5625 MB /   0.50 sec =   42.9896 Mbps     0 retrans     14 KB-cwnd
[2024-11-07T15:21:48.822807-0500]     0.0000 MB /   0.50 sec =    0.0000 Mbps     0 retrans     14 KB-cwnd
[2024-11-07T15:21:49.322748-0500]     0.0000 MB /   0.50 sec =    0.0000 Mbps     0 retrans     14 KB-cwnd
[2024-11-07T15:21:49.822998-0500]     0.0000 MB /   0.50 sec =    0.0000 Mbps     0 retrans     14 KB-cwnd
[2024-11-07T15:21:50.323674-0500]     1.1875 MB /   0.50 sec =   19.8904 Mbps     0 retrans     14 KB-cwnd
[2024-11-07T15:21:50.822810-0500]     3.4375 MB /   0.50 sec =   57.7929 Mbps     0 retrans     14 KB-cwnd
[2024-11-07T15:21:51.322782-0500]     0.3750 MB /   0.50 sec =    6.2893 Mbps     0 retrans     14 KB-cwnd
[2024-11-07T15:21:51.822662-0500]     0.8125 MB /   0.50 sec =   13.6336 Mbps     0 retrans     14 KB-cwnd
[2024-11-07T15:21:52.322606-0500]     1.6250 MB /   0.50 sec =   27.2667 Mbps     0 retrans     14 KB-cwnd
[2024-11-07T15:21:52.822589-0500]     1.3125 MB /   0.50 sec =   22.0207 Mbps     0 retrans     14 KB-cwnd
[2024-11-07T15:21:53.322615-0500]     1.5000 MB /   0.50 sec =   25.1648 Mbps     0 retrans     14 KB-cwnd
[2024-11-07T15:21:53.822599-0500]     1.5000 MB /   0.50 sec =   25.1664 Mbps     0 retrans     14 KB-cwnd
[2024-11-07T15:21:54.322683-0500]     1.3750 MB /   0.50 sec =   23.0654 Mbps     0 retrans     14 KB-cwnd
[2024-11-07T15:21:54.822636-0500]     1.5625 MB /   0.50 sec =   26.2165 Mbps     0 retrans     14 KB-cwnd
[2024-11-07T15:21:55.322738-0500]     1.5625 MB /   0.50 sec =   26.2154 Mbps     0 retrans     14 KB-cwnd
[2024-11-07T15:21:55.822722-0500]     1.9375 MB /   0.50 sec =   32.5081 Mbps     0 retrans     14 KB-cwnd
[2024-11-07T15:21:56.322595-0500]     1.4375 MB /   0.50 sec =   24.1158 Mbps     0 retrans     14 KB-cwnd
[2024-11-07T15:21:56.822992-0500]     1.7500 MB /   0.50 sec =   29.3394 Mbps     0 retrans     14 KB-cwnd
[2024-11-07T15:21:57.322658-0500]     1.8125 MB /   0.50 sec =   30.4256 Mbps     0 retrans     14 KB-cwnd
[2024-11-07T15:21:57.823607-0500]     0.7500 MB /   0.50 sec =   12.5633 Mbps     0 retrans     14 KB-cwnd
[2024-11-07T15:21:58.322627-0500]     1.9375 MB /   0.50 sec =   32.5615 Mbps     0 retrans     14 KB-cwnd
[2024-11-07T15:21:58.822622-0500]     2.2500 MB /   0.50 sec =   37.7485 Mbps     0 retrans     14 KB-cwnd
[2024-11-07T15:21:59.322749-0500]     2.7500 MB /   0.50 sec =   46.1372 Mbps     0 retrans     14 KB-cwnd
[2024-11-07T15:21:59.823061-0500]     3.1875 MB /   0.50 sec =   53.4546 Mbps     0 retrans     14 KB-cwnd
[2024-11-07T15:22:00.322965-0500]     3.2500 MB /   0.50 sec =   54.5112 Mbps     0 retrans     14 KB-cwnd
[2024-11-07T15:22:00.822649-0500]     4.3125 MB /   0.50 sec =   72.4007 Mbps     0 retrans     14 KB-cwnd
[2024-11-07T15:22:01.322630-0500]     5.0000 MB /   0.50 sec =   83.8873 Mbps     0 retrans     14 KB-cwnd
[2024-11-07T15:22:01.822842-0500]     6.3125 MB /   0.50 sec =  105.9066 Mbps     0 retrans     14 KB-cwnd
[2024-11-07T15:22:02.322712-0500]     6.5625 MB /   0.50 sec =  110.0813 Mbps     0 retrans     14 KB-cwnd
[2024-11-07T15:22:02.822609-0500]     6.6250 MB /   0.50 sec =  111.1700 Mbps     0 retrans     14 KB-cwnd
[2024-11-07T15:22:03.322723-0500]     7.8750 MB /   0.50 sec =  132.1200 Mbps     0 retrans     14 KB-cwnd
[2024-11-07T15:22:03.822615-0500]     8.0000 MB /   0.50 sec =  134.2161 Mbps     0 retrans     14 KB-cwnd
[2024-11-07T15:22:04.322568-0500]     7.3125 MB /   0.50 sec =  122.6878 Mbps     0 retrans     18 KB-cwnd
[2024-11-07T15:22:04.822719-0500]     1.9375 MB /   0.50 sec =   32.4966 Mbps     0 retrans     18 KB-cwnd
[2024-11-07T15:22:05.323618-0500]     0.1875 MB /   0.50 sec =    3.1405 Mbps     0 retrans     18 KB-cwnd
[2024-11-07T15:22:05.822659-0500]     8.0625 MB /   0.50 sec =  135.5148 Mbps     0 retrans     18 KB-cwnd
[2024-11-07T15:22:06.322772-0500]     3.6875 MB /   0.50 sec =   61.8552 Mbps     0 retrans     29 KB-cwnd
[2024-11-07T15:22:06.822708-0500]     6.1250 MB /   0.50 sec =  102.7767 Mbps     0 retrans     29 KB-cwnd
[2024-11-07T15:22:07.322728-0500]     4.6250 MB /   0.50 sec =   77.6036 Mbps     0 retrans     29 KB-cwnd
[2024-11-07T15:22:07.823593-0500]     3.5000 MB /   0.50 sec =   58.6084 Mbps     0 retrans     29 KB-cwnd
[2024-11-07T15:22:08.322622-0500]     4.4375 MB /   0.50 sec =   74.5899 Mbps     0 retrans     29 KB-cwnd
[2024-11-07T15:22:08.822610-0500]     2.8750 MB /   0.50 sec =   48.2347 Mbps     0 retrans     29 KB-cwnd
[2024-11-07T15:22:09.322616-0500]     3.1250 MB /   0.50 sec =   52.4292 Mbps     0 retrans     29 KB-cwnd
[2024-11-07T15:22:09.822616-0500]     3.8125 MB /   0.50 sec =   63.9638 Mbps     0 retrans     29 KB-cwnd
[2024-11-07T15:22:10.322605-0500]     5.6875 MB /   0.50 sec =   95.4206 Mbps     0 retrans     29 KB-cwnd
[2024-11-07T15:22:10.822628-0500]     5.6250 MB /   0.50 sec =   94.3664 Mbps     0 retrans     29 KB-cwnd
[2024-11-07T15:22:11.323729-0500]     4.6875 MB /   0.50 sec =   78.4809 Mbps     0 retrans     29 KB-cwnd
[2024-11-07T15:22:11.822596-0500]     2.4375 MB /   0.50 sec =   40.9818 Mbps     0 retrans   1062 KB-cwnd
[2024-11-07T15:22:12.322614-0500]     6.6250 MB /   0.50 sec =  111.1493 Mbps     0 retrans   1062 KB-cwnd
[2024-11-07T15:22:12.822663-0500]     7.3125 MB /   0.50 sec =  122.6802 Mbps     0 retrans   1062 KB-cwnd
[2024-11-07T15:22:13.322931-0500]     5.2500 MB /   0.50 sec =   88.0260 Mbps     0 retrans   1062 KB-cwnd
[2024-11-07T15:22:13.822602-0500]     4.0625 MB /   0.50 sec =   68.2008 Mbps     0 retrans   1062 KB-cwnd
[2024-11-07T15:22:14.322676-0500]     0.6250 MB /   0.50 sec =   10.4840 Mbps     0 retrans   1062 KB-cwnd
[2024-11-07T15:22:14.822813-0500]     2.3125 MB /   0.50 sec =   38.7910 Mbps     0 retrans   1062 KB-cwnd
[2024-11-07T15:22:15.322743-0500]     3.8750 MB /   0.50 sec =   65.0182 Mbps     0 retrans   1062 KB-cwnd
[2024-11-07T15:22:15.822600-0500]     5.0625 MB /   0.50 sec =   84.9539 Mbps     0 retrans   1062 KB-cwnd
[2024-11-07T15:22:16.323085-0500]     6.9375 MB /   0.50 sec =  116.3298 Mbps     0 retrans   1062 KB-cwnd
[2024-11-07T15:22:16.822926-0500]     6.1250 MB /   0.50 sec =  102.7520 Mbps     0 retrans   1062 KB-cwnd
[2024-11-07T15:22:17.322612-0500]     5.2500 MB /   0.50 sec =   88.1343 Mbps     0 retrans   1062 KB-cwnd
[2024-11-07T15:22:17.822756-0500]     7.0625 MB /   0.50 sec =  118.4858 Mbps     0 retrans   1062 KB-cwnd
[2024-11-07T15:22:18.322625-0500]     7.7500 MB /   0.50 sec =  130.0260 Mbps     0 retrans   1062 KB-cwnd
[2024-11-07T15:22:18.822810-0500]     8.4375 MB /   0.50 sec =  141.5623 Mbps     0 retrans   1096 KB-cwnd
[2024-11-07T15:22:19.323034-0500]     8.1250 MB /   0.50 sec =  136.2585 Mbps     0 retrans   1145 KB-cwnd
[2024-11-07T15:22:19.822746-0500]     8.0000 MB /   0.50 sec =  134.2663 Mbps     0 retrans   1145 KB-cwnd
[2024-11-07T15:22:20.322701-0500]     9.9375 MB /   0.50 sec =  166.7039 Mbps     0 retrans   1145 KB-cwnd
[2024-11-07T15:22:20.823000-0500]     6.8125 MB /   0.50 sec =  114.2600 Mbps     0 retrans   1145 KB-cwnd
[2024-11-07T15:22:21.323909-0500]     0.9375 MB /   0.50 sec =   15.6964 Mbps     0 retrans   1145 KB-cwnd
[2024-11-07T15:22:21.823663-0500]     0.0000 MB /   0.50 sec =    0.0000 Mbps     0 retrans   1145 KB-cwnd
[2024-11-07T15:22:22.322675-0500]     0.0000 MB /   0.50 sec =    0.0000 Mbps     0 retrans   1145 KB-cwnd
[2024-11-07T15:22:22.822949-0500]     0.0000 MB /   0.50 sec =    0.0000 Mbps     0 retrans   1145 KB-cwnd
[2024-11-07T15:22:23.322951-0500]     0.0000 MB /   0.50 sec =    0.0000 Mbps     0 retrans   1145 KB-cwnd
[2024-11-07T15:22:23.822678-0500]     2.9375 MB /   0.50 sec =   49.2895 Mbps     0 retrans   1145 KB-cwnd
[2024-11-07T15:22:24.322679-0500]     1.2500 MB /   0.50 sec =   20.9690 Mbps     0 retrans   1145 KB-cwnd
[2024-11-07T15:22:24.822821-0500]     0.0000 MB /   0.50 sec =    0.0000 Mbps     0 retrans   1145 KB-cwnd
[2024-11-07T15:22:25.322843-0500]     1.9375 MB /   0.50 sec =   32.5058 Mbps     0 retrans   1145 KB-cwnd
[2024-11-07T15:22:25.822875-0500]     0.0000 MB /   0.50 sec =    0.0000 Mbps     0 retrans   1145 KB-cwnd
[2024-11-07T15:22:26.322798-0500]     0.0625 MB /   0.50 sec =    1.0484 Mbps     0 retrans   1145 KB-cwnd
End time: 1731010946488
