Start time: 1730754238310
[2024-11-04T15:03:59.322105-0600] nuttcp-r: v8.1.4: socket
[2024-11-04T15:03:59.322997-0600] nuttcp-r: buflen=65536, nstream=1, port=5379 tcp
[2024-11-04T15:03:59.323083-0600] nuttcp-r: interval reporting every 0.50 seconds
[2024-11-04T15:03:59.323148-0600] nuttcp-r: connect to 54.176.53.206 with RTT=90.489 ms af=inet
[2024-11-04T15:03:59.323209-0600] nuttcp-r: send window size = 2097152, receive window size = 6291456
[2024-11-04T15:03:59.323269-0600] nuttcp-r: available send window = 1572864, available receive window = 4718592
[2024-11-04T15:03:59.323325-0600]     0.3125 MB /   0.50 sec =    5.2414 Mbps     0 retrans
[2024-11-04T15:03:59.821953-0600]     3.5625 MB /   0.50 sec =   59.7778 Mbps     0 retrans
[2024-11-04T15:04:00.321928-0600]     8.1250 MB /   0.50 sec =  136.3119 Mbps     0 retrans
[2024-11-04T15:04:00.823154-0600]     7.7500 MB /   0.50 sec =  129.8824 Mbps     0 retrans
[2024-11-04T15:04:01.322363-0600]     6.5625 MB /   0.50 sec =  110.2248 Mbps     0 retrans
[2024-11-04T15:04:01.822024-0600]     6.0000 MB /   0.50 sec =  100.6486 Mbps     0 retrans
[2024-11-04T15:04:02.322046-0600]     3.8750 MB /   0.50 sec =   65.0221 Mbps     0 retrans
[2024-11-04T15:04:02.821931-0600]     2.4375 MB /   0.50 sec =   40.8937 Mbps     0 retrans
[2024-11-04T15:04:03.321938-0600]     5.6250 MB /   0.50 sec =   94.3718 Mbps     0 retrans
[2024-11-04T15:04:03.822092-0600]     6.6250 MB /   0.50 sec =  111.1499 Mbps     0 retrans
[2024-11-04T15:04:04.322055-0600]     7.3750 MB /   0.50 sec =  123.7067 Mbps     0 retrans
[2024-11-04T15:04:04.821942-0600]     7.0000 MB /   0.50 sec =  117.4628 Mbps     0 retrans
[2024-11-04T15:04:05.321885-0600]     6.8125 MB /   0.50 sec =  114.2964 Mbps     0 retrans
[2024-11-04T15:04:05.821991-0600]     6.0000 MB /   0.50 sec =  100.6625 Mbps     0 retrans
[2024-11-04T15:04:06.322142-0600]     6.4375 MB /   0.50 sec =  108.0007 Mbps     0 retrans
[2024-11-04T15:04:06.821980-0600]     7.1875 MB /   0.50 sec =  120.5754 Mbps     0 retrans
[2024-11-04T15:04:07.321986-0600]     6.5000 MB /   0.50 sec =  109.0632 Mbps     0 retrans
[2024-11-04T15:04:07.821890-0600]     4.8125 MB /   0.50 sec =   80.7426 Mbps     0 retrans
[2024-11-04T15:04:08.321907-0600]     2.5000 MB /   0.50 sec =   41.9430 Mbps     0 retrans
[2024-11-04T15:04:08.821945-0600]     3.1250 MB /   0.50 sec =   52.4271 Mbps     0 retrans
[2024-11-04T15:04:09.321915-0600]     3.3750 MB /   0.50 sec =   56.6250 Mbps     0 retrans
[2024-11-04T15:04:09.822170-0600]     1.2500 MB /   0.50 sec =   20.9667 Mbps     0 retrans
[2024-11-04T15:04:10.321890-0600]     0.5625 MB /   0.50 sec =    9.4398 Mbps     0 retrans
[2024-11-04T15:04:10.821959-0600]     1.6875 MB /   0.50 sec =   28.3085 Mbps     0 retrans
[2024-11-04T15:04:11.321871-0600]     1.8750 MB /   0.50 sec =   31.4606 Mbps     0 retrans
[2024-11-04T15:04:11.822125-0600]     1.6250 MB /   0.50 sec =   27.2483 Mbps     0 retrans
[2024-11-04T15:04:12.321939-0600]     1.3125 MB /   0.50 sec =   22.0313 Mbps     0 retrans
[2024-11-04T15:04:12.822444-0600]     0.0000 MB /   0.50 sec =    0.0000 Mbps     0 retrans
[2024-11-04T15:04:13.322007-0600]     0.0000 MB /   0.50 sec =    0.0000 Mbps     0 retrans
[2024-11-04T15:04:13.822110-0600]     0.0000 MB /   0.50 sec =    0.0000 Mbps     0 retrans
[2024-11-04T15:04:14.322827-0600]     0.0000 MB /   0.50 sec =    0.0000 Mbps     0 retrans
[2024-11-04T15:04:14.822124-0600]     0.0000 MB /   0.50 sec =    0.0000 Mbps     0 retrans
[2024-11-04T15:04:15.322322-0600]     0.0000 MB /   0.50 sec =    0.0000 Mbps     0 retrans
[2024-11-04T15:04:15.822129-0600]     0.2500 MB /   0.50 sec =    4.1949 Mbps     0 retrans
[2024-11-04T15:04:16.322075-0600]     1.6250 MB /   0.50 sec =   27.2581 Mbps     0 retrans
[2024-11-04T15:04:16.822003-0600]     0.1250 MB /   0.50 sec =    2.0974 Mbps     0 retrans
[2024-11-04T15:04:17.322098-0600]     1.8750 MB /   0.50 sec =   31.4617 Mbps     0 retrans
[2024-11-04T15:04:17.822005-0600]     1.0625 MB /   0.50 sec =   17.8254 Mbps     0 retrans
[2024-11-04T15:04:18.322984-0600]     0.3750 MB /   0.50 sec =    6.2788 Mbps     0 retrans
[2024-11-04T15:04:18.822204-0600]     0.8125 MB /   0.50 sec =   13.6535 Mbps     0 retrans
[2024-11-04T15:04:19.323100-0600]     0.3750 MB /   0.50 sec =    6.2803 Mbps     0 retrans
[2024-11-04T15:04:19.822176-0600]     0.5625 MB /   0.50 sec =    9.4562 Mbps     0 retrans
[2024-11-04T15:04:20.321941-0600]     0.1875 MB /   0.50 sec =    3.1461 Mbps     0 retrans
[2024-11-04T15:04:20.822610-0600]     0.3125 MB /   0.50 sec =    5.2370 Mbps     0 retrans
[2024-11-04T15:04:21.321973-0600]     0.8750 MB /   0.50 sec =   14.6968 Mbps     0 retrans
[2024-11-04T15:04:21.821944-0600]     0.5625 MB /   0.50 sec =    9.4371 Mbps     0 retrans
[2024-11-04T15:04:22.321911-0600]     0.8750 MB /   0.50 sec =   14.6794 Mbps     0 retrans
[2024-11-04T15:04:22.822003-0600]     0.9375 MB /   0.50 sec =   15.7285 Mbps     0 retrans
[2024-11-04T15:04:23.321823-0600]     0.8750 MB /   0.50 sec =   14.6825 Mbps     0 retrans
[2024-11-04T15:04:23.822135-0600]     1.0625 MB /   0.50 sec =   17.8233 Mbps     0 retrans
[2024-11-04T15:04:24.321940-0600]     0.8750 MB /   0.50 sec =   14.6811 Mbps     0 retrans
[2024-11-04T15:04:24.821951-0600]     0.8125 MB /   0.50 sec =   13.6305 Mbps     0 retrans
[2024-11-04T15:04:25.321915-0600]     0.6250 MB /   0.50 sec =   10.4868 Mbps     0 retrans
[2024-11-04T15:04:25.821978-0600]     0.8750 MB /   0.50 sec =   14.6782 Mbps     0 retrans
[2024-11-04T15:04:26.321987-0600]     0.9375 MB /   0.50 sec =   15.7286 Mbps     0 retrans
[2024-11-04T15:04:26.821972-0600]     1.0625 MB /   0.50 sec =   17.8260 Mbps     0 retrans
[2024-11-04T15:04:27.321929-0600]     1.0625 MB /   0.50 sec =   17.8279 Mbps     0 retrans
[2024-11-04T15:04:27.822528-0600]     1.0625 MB /   0.50 sec =   17.8105 Mbps     0 retrans
[2024-11-04T15:04:28.322310-0600]     0.9375 MB /   0.50 sec =   15.7303 Mbps     0 retrans
[2024-11-04T15:04:28.821929-0600]     1.0000 MB /   0.50 sec =   16.7882 Mbps     0 retrans
[2024-11-04T15:04:29.321980-0600]     0.8750 MB /   0.50 sec =   14.6799 Mbps     0 retrans
[2024-11-04T15:04:29.821919-0600]     0.9375 MB /   0.50 sec =   15.7303 Mbps     0 retrans
[2024-11-04T15:04:30.321905-0600]     1.0000 MB /   0.50 sec =   16.7774 Mbps     0 retrans
[2024-11-04T15:04:30.821985-0600]     0.8125 MB /   0.50 sec =   13.6298 Mbps     0 retrans
[2024-11-04T15:04:31.321943-0600]     0.8125 MB /   0.50 sec =   13.6332 Mbps     0 retrans
[2024-11-04T15:04:31.821971-0600]     0.7500 MB /   0.50 sec =   12.5815 Mbps     0 retrans
[2024-11-04T15:04:32.321871-0600]     0.6875 MB /   0.50 sec =   11.5357 Mbps     0 retrans
[2024-11-04T15:04:32.822385-0600]     0.5000 MB /   0.50 sec =    8.3809 Mbps     0 retrans
[2024-11-04T15:04:33.321984-0600]     0.6875 MB /   0.50 sec =   11.5417 Mbps     0 retrans
[2024-11-04T15:04:33.822374-0600]     0.6250 MB /   0.50 sec =   10.4792 Mbps     0 retrans
[2024-11-04T15:04:34.322364-0600]     0.8125 MB /   0.50 sec =   13.6338 Mbps     0 retrans
[2024-11-04T15:04:34.821923-0600]     0.8125 MB /   0.50 sec =   13.6412 Mbps     0 retrans
[2024-11-04T15:04:35.322396-0600]     0.8750 MB /   0.50 sec =   14.6679 Mbps     0 retrans
[2024-11-04T15:04:35.821966-0600]     1.0000 MB /   0.50 sec =   16.7902 Mbps     0 retrans
[2024-11-04T15:04:36.321914-0600]     0.9375 MB /   0.50 sec =   15.7297 Mbps     0 retrans
[2024-11-04T15:04:36.821985-0600]     0.9375 MB /   0.50 sec =   15.7270 Mbps     0 retrans
[2024-11-04T15:04:37.321933-0600]     1.1250 MB /   0.50 sec =   18.8761 Mbps     0 retrans
[2024-11-04T15:04:37.822179-0600]     1.1250 MB /   0.50 sec =   18.8728 Mbps     0 retrans
[2024-11-04T15:04:38.322044-0600]     1.0000 MB /   0.50 sec =   16.7779 Mbps     0 retrans
[2024-11-04T15:04:38.822102-0600]     0.8750 MB /   0.50 sec =   14.6816 Mbps     0 retrans
[2024-11-04T15:04:39.322334-0600]     0.8750 MB /   0.50 sec =   14.6673 Mbps     0 retrans
[2024-11-04T15:04:39.821930-0600]     1.1250 MB /   0.50 sec =   18.8899 Mbps     0 retrans
[2024-11-04T15:04:40.321973-0600]     1.1250 MB /   0.50 sec =   18.8722 Mbps     0 retrans
[2024-11-04T15:04:40.821986-0600]     1.1250 MB /   0.50 sec =   18.8742 Mbps     0 retrans
[2024-11-04T15:04:41.322014-0600]     1.1875 MB /   0.50 sec =   19.9224 Mbps     0 retrans
[2024-11-04T15:04:41.821985-0600]     1.3125 MB /   0.50 sec =   22.0208 Mbps     0 retrans
[2024-11-04T15:04:42.321912-0600]     1.3750 MB /   0.50 sec =   23.0716 Mbps     0 retrans
[2024-11-04T15:04:42.821979-0600]     1.3125 MB /   0.50 sec =   22.0177 Mbps     0 retrans
[2024-11-04T15:04:43.322140-0600]     1.4375 MB /   0.50 sec =   24.1160 Mbps     0 retrans
[2024-11-04T15:04:43.821992-0600]     1.4375 MB /   0.50 sec =   24.1180 Mbps     0 retrans
[2024-11-04T15:04:44.321963-0600]     1.6250 MB /   0.50 sec =   27.2601 Mbps     0 retrans
[2024-11-04T15:04:44.822322-0600]     1.6875 MB /   0.50 sec =   28.2953 Mbps     0 retrans
[2024-11-04T15:04:45.321924-0600]     1.9375 MB /   0.50 sec =   32.5321 Mbps     0 retrans
[2024-11-04T15:04:45.821967-0600]     1.0000 MB /   0.50 sec =   16.7753 Mbps     0 retrans
[2024-11-04T15:04:46.322032-0600]     1.6250 MB /   0.50 sec =   27.2600 Mbps     0 retrans
[2024-11-04T15:04:46.822332-0600]     0.0000 MB /   0.50 sec =    0.0000 Mbps     0 retrans
[2024-11-04T15:04:47.323088-0600]     0.0000 MB /   0.50 sec =    0.0000 Mbps     0 retrans
[2024-11-04T15:04:47.822126-0600]     0.0000 MB /   0.50 sec =    0.0000 Mbps     0 retrans
[2024-11-04T15:04:48.322470-0600]     0.1250 MB /   0.50 sec =    2.0958 Mbps     0 retrans
[2024-11-04T15:04:48.821937-0600]     1.9375 MB /   0.50 sec =   32.5382 Mbps     0 retrans
[2024-11-04T15:04:49.322005-0600]     1.8750 MB /   0.50 sec =   31.4521 Mbps     0 retrans
[2024-11-04T15:04:49.821878-0600]     2.3750 MB /   0.50 sec =   39.8539 Mbps     0 retrans
[2024-11-04T15:04:50.321895-0600]     2.3125 MB /   0.50 sec =   38.7970 Mbps     0 retrans
[2024-11-04T15:04:50.821949-0600]     2.6250 MB /   0.50 sec =   44.0351 Mbps     0 retrans
[2024-11-04T15:04:51.322052-0600]     2.7500 MB /   0.50 sec =   46.1427 Mbps     0 retrans
[2024-11-04T15:04:51.821895-0600]     2.9375 MB /   0.50 sec =   49.2835 Mbps     0 retrans
[2024-11-04T15:04:52.321925-0600]     2.8125 MB /   0.50 sec =   47.1849 Mbps     0 retrans
[2024-11-04T15:04:52.821961-0600]     2.5625 MB /   0.50 sec =   42.9875 Mbps     0 retrans
[2024-11-04T15:04:53.321962-0600]     2.4375 MB /   0.50 sec =   40.8936 Mbps     0 retrans
[2024-11-04T15:04:53.822002-0600]     2.7500 MB /   0.50 sec =   46.1360 Mbps     0 retrans
[2024-11-04T15:04:54.321973-0600]     2.0000 MB /   0.50 sec =   33.5552 Mbps     0 retrans
[2024-11-04T15:04:54.821973-0600]     1.6250 MB /   0.50 sec =   27.2628 Mbps     0 retrans
[2024-11-04T15:04:55.321999-0600]     1.4375 MB /   0.50 sec =   24.1209 Mbps     0 retrans
[2024-11-04T15:04:55.823291-0600]     1.0000 MB /   0.50 sec =   16.7325 Mbps     0 retrans
[2024-11-04T15:04:56.321965-0600]     1.6875 MB /   0.50 sec =   28.3866 Mbps     0 retrans
[2024-11-04T15:04:56.821977-0600]     1.6250 MB /   0.50 sec =   27.2599 Mbps     0 retrans
[2024-11-04T15:04:57.322001-0600]     2.3750 MB /   0.50 sec =   39.8460 Mbps     0 retrans
[2024-11-04T15:04:57.823415-0600]     2.0625 MB /   0.50 sec =   34.5157 Mbps     0 retrans
[2024-11-04T15:04:58.321921-0600]     1.9375 MB /   0.50 sec =   32.5918 Mbps     0 retrans
[2024-11-04T15:04:58.823174-0600]     0.0000 MB /   0.50 sec =    0.0000 Mbps     0 retrans
[2024-11-04T15:04:59.321847-0600]     0.1250 MB /   0.50 sec =    2.1015 Mbps     0 retrans
[2024-11-04T15:04:59.822006-0600]     0.7500 MB /   0.50 sec =   12.5812 Mbps     0 retrans
[2024-11-04T15:05:00.321936-0600]     0.0625 MB /   0.50 sec =    1.0486 Mbps     0 retrans
[2024-11-04T15:05:00.822016-0600]     0.0000 MB /   0.50 sec =    0.0000 Mbps     0 retrans
[2024-11-04T15:05:01.323060-0600]     0.4375 MB /   0.50 sec =    7.3246 Mbps     0 retrans
[2024-11-04T15:05:01.822201-0600]     2.1250 MB /   0.50 sec =   35.7210 Mbps     0 retrans
[2024-11-04T15:05:02.321906-0600]     1.0000 MB /   0.50 sec =   16.7817 Mbps     0 retrans
[2024-11-04T15:05:02.822475-0600]     1.7500 MB /   0.50 sec =   29.3283 Mbps     0 retrans
[2024-11-04T15:05:03.322018-0600]     1.1875 MB /   0.50 sec =   19.9396 Mbps     0 retrans
[2024-11-04T15:05:03.821952-0600]     1.1250 MB /   0.50 sec =   18.8789 Mbps     0 retrans
[2024-11-04T15:05:04.321842-0600]     0.8750 MB /   0.50 sec =   14.6798 Mbps     0 retrans
[2024-11-04T15:05:04.822367-0600]     0.6875 MB /   0.50 sec =   11.5238 Mbps     0 retrans
[2024-11-04T15:05:05.321997-0600]     0.8750 MB /   0.50 sec =   14.6908 Mbps     0 retrans
[2024-11-04T15:05:05.823310-0600]     1.3125 MB /   0.50 sec =   21.9652 Mbps     0 retrans
[2024-11-04T15:05:06.322447-0600]     1.1875 MB /   0.50 sec =   19.9656 Mbps     0 retrans
[2024-11-04T15:05:06.822420-0600]     1.1875 MB /   0.50 sec =   19.9148 Mbps     0 retrans
[2024-11-04T15:05:07.321908-0600]     0.7500 MB /   0.50 sec =   12.5947 Mbps     0 retrans
[2024-11-04T15:05:07.822195-0600]     0.8750 MB /   0.50 sec =   14.6712 Mbps     0 retrans
[2024-11-04T15:05:08.322310-0600]     1.0625 MB /   0.50 sec =   17.8234 Mbps     0 retrans
[2024-11-04T15:05:08.822164-0600]     1.1250 MB /   0.50 sec =   18.8866 Mbps     0 retrans
[2024-11-04T15:05:09.322080-0600]     1.0000 MB /   0.50 sec =   16.7788 Mbps     0 retrans
[2024-11-04T15:05:09.822492-0600]     0.3750 MB /   0.50 sec =    6.2915 Mbps     0 retrans
[2024-11-04T15:05:10.321911-0600]     0.8750 MB /   0.50 sec =   14.6801 Mbps     0 retrans
[2024-11-04T15:05:10.821979-0600]     0.7500 MB /   0.50 sec =   12.5815 Mbps     0 retrans
[2024-11-04T15:05:11.321968-0600]     0.6875 MB /   0.50 sec =   11.5346 Mbps     0 retrans
[2024-11-04T15:05:11.822126-0600]     0.8750 MB /   0.50 sec =   14.6797 Mbps     0 retrans
[2024-11-04T15:05:12.321856-0600]     0.8125 MB /   0.50 sec =   13.6337 Mbps     0 retrans
[2024-11-04T15:05:12.821970-0600]     0.8750 MB /   0.50 sec =   14.6780 Mbps     0 retrans
[2024-11-04T15:05:13.322046-0600]     1.0625 MB /   0.50 sec =   17.8224 Mbps     0 retrans
[2024-11-04T15:05:13.821929-0600]     1.2500 MB /   0.50 sec =   20.9772 Mbps     0 retrans
[2024-11-04T15:05:14.321993-0600]     1.0625 MB /   0.50 sec =   17.8227 Mbps     0 retrans
[2024-11-04T15:05:14.821886-0600]     1.0000 MB /   0.50 sec =   16.7806 Mbps     0 retrans
[2024-11-04T15:05:15.322421-0600]     1.0000 MB /   0.50 sec =   16.7617 Mbps     0 retrans
[2024-11-04T15:05:15.821897-0600]     0.9375 MB /   0.50 sec =   15.7432 Mbps     0 retrans
[2024-11-04T15:05:16.321976-0600]     1.1875 MB /   0.50 sec =   19.9202 Mbps     0 retrans
[2024-11-04T15:05:16.822093-0600]     1.1250 MB /   0.50 sec =   18.8764 Mbps     0 retrans
[2024-11-04T15:05:17.321911-0600]     1.1250 MB /   0.50 sec =   18.8737 Mbps     0 retrans
[2024-11-04T15:05:17.822023-0600]     1.1250 MB /   0.50 sec =   18.8720 Mbps     0 retrans
[2024-11-04T15:05:18.322100-0600]     1.1250 MB /   0.50 sec =   18.8757 Mbps     0 retrans
[2024-11-04T15:05:18.822022-0600]     1.1875 MB /   0.50 sec =   19.9218 Mbps     0 retrans
[2024-11-04T15:05:19.321914-0600]     1.0625 MB /   0.50 sec =   17.8286 Mbps     0 retrans
[2024-11-04T15:05:19.822397-0600]     1.1250 MB /   0.50 sec =   18.8722 Mbps     0 retrans
[2024-11-04T15:05:20.321920-0600]     1.2500 MB /   0.50 sec =   20.9741 Mbps     0 retrans
[2024-11-04T15:05:20.822012-0600]     1.1250 MB /   0.50 sec =   18.8714 Mbps     0 retrans
[2024-11-04T15:05:21.321945-0600]     1.2500 MB /   0.50 sec =   20.9741 Mbps     0 retrans
[2024-11-04T15:05:21.821907-0600]     1.1875 MB /   0.50 sec =   19.9235 Mbps     0 retrans
[2024-11-04T15:05:22.322002-0600]     1.1875 MB /   0.50 sec =   19.9202 Mbps     0 retrans
[2024-11-04T15:05:22.821960-0600]     1.2500 MB /   0.50 sec =   20.9726 Mbps     0 retrans
[2024-11-04T15:05:23.321974-0600]     1.2500 MB /   0.50 sec =   20.9708 Mbps     0 retrans
[2024-11-04T15:05:23.822154-0600]     1.2500 MB /   0.50 sec =   20.9715 Mbps     0 retrans
[2024-11-04T15:05:24.321956-0600]     0.4375 MB /   0.50 sec =    7.3405 Mbps     0 retrans
[2024-11-04T15:05:24.822016-0600]     1.3125 MB /   0.50 sec =   22.0182 Mbps     0 retrans
[2024-11-04T15:05:25.321926-0600]     1.2500 MB /   0.50 sec =   20.9743 Mbps     0 retrans
[2024-11-04T15:05:25.822544-0600]     1.3750 MB /   0.50 sec =   23.0434 Mbps     0 retrans
[2024-11-04T15:05:26.321861-0600]     1.3125 MB /   0.50 sec =   22.0453 Mbps     0 retrans
[2024-11-04T15:05:26.821953-0600]     1.3750 MB /   0.50 sec =   23.0664 Mbps     0 retrans
[2024-11-04T15:05:27.322083-0600]     1.4375 MB /   0.50 sec =   24.1150 Mbps     0 retrans
[2024-11-04T15:05:27.822006-0600]     1.3750 MB /   0.50 sec =   23.0686 Mbps     0 retrans
[2024-11-04T15:05:28.321922-0600]     1.5625 MB /   0.50 sec =   26.2185 Mbps     0 retrans
[2024-11-04T15:05:28.821903-0600]     1.4375 MB /   0.50 sec =   24.1176 Mbps     0 retrans
[2024-11-04T15:05:29.321925-0600]     1.5000 MB /   0.50 sec =   25.1652 Mbps     0 retrans
[2024-11-04T15:05:29.822043-0600]     1.2500 MB /   0.50 sec =   20.9706 Mbps     0 retrans
[2024-11-04T15:05:30.321920-0600]     1.3125 MB /   0.50 sec =   22.0213 Mbps     0 retrans
[2024-11-04T15:05:30.821903-0600]     1.1250 MB /   0.50 sec =   18.8748 Mbps     0 retrans
[2024-11-04T15:05:31.322188-0600]     1.1875 MB /   0.50 sec =   19.9133 Mbps     0 retrans
[2024-11-04T15:05:31.822022-0600]     1.3750 MB /   0.50 sec =   23.0764 Mbps     0 retrans
[2024-11-04T15:05:32.321934-0600]     1.4375 MB /   0.50 sec =   24.1196 Mbps     0 retrans
[2024-11-04T15:05:32.821971-0600]     1.3125 MB /   0.50 sec =   22.0182 Mbps     0 retrans
[2024-11-04T15:05:33.321926-0600]     1.0000 MB /   0.50 sec =   16.7794 Mbps     0 retrans
[2024-11-04T15:05:33.822017-0600]     1.1875 MB /   0.50 sec =   19.9198 Mbps     0 retrans
[2024-11-04T15:05:34.321882-0600]     1.5000 MB /   0.50 sec =   25.1703 Mbps     0 retrans
[2024-11-04T15:05:34.821907-0600]     1.3125 MB /   0.50 sec =   22.0176 Mbps     0 retrans
[2024-11-04T15:05:35.322314-0600]     0.3125 MB /   0.50 sec =    5.2392 Mbps     0 retrans
[2024-11-04T15:05:35.822003-0600]     1.3125 MB /   0.50 sec =   22.0349 Mbps     0 retrans
[2024-11-04T15:05:36.322035-0600]     1.1875 MB /   0.50 sec =   19.9212 Mbps     0 retrans
[2024-11-04T15:05:36.821914-0600]     1.0625 MB /   0.50 sec =   17.8295 Mbps     0 retrans
[2024-11-04T15:05:37.321920-0600]     1.2500 MB /   0.50 sec =   20.9716 Mbps     0 retrans
[2024-11-04T15:05:37.822487-0600]     1.5000 MB /   0.50 sec =   25.1489 Mbps     0 retrans
[2024-11-04T15:05:38.322407-0600]     1.6250 MB /   0.50 sec =   27.2604 Mbps     0 retrans
[2024-11-04T15:05:38.822020-0600]     0.8750 MB /   0.50 sec =   14.6877 Mbps     0 retrans
[2024-11-04T15:05:39.322083-0600]     0.7500 MB /   0.50 sec =   12.5821 Mbps     0 retrans
[2024-11-04T15:05:39.821926-0600]     0.0000 MB /   0.50 sec =    0.0000 Mbps     0 retrans
[2024-11-04T15:05:40.322145-0600]     0.0000 MB /   0.50 sec =    0.0000 Mbps     0 retrans
[2024-11-04T15:05:40.822088-0600]     0.5625 MB /   0.50 sec =    9.4384 Mbps     0 retrans
[2024-11-04T15:05:41.321896-0600]     1.6250 MB /   0.50 sec =   27.2633 Mbps     0 retrans
[2024-11-04T15:05:41.821928-0600]     1.5000 MB /   0.50 sec =   25.1652 Mbps     0 retrans
[2024-11-04T15:05:42.321819-0600]     1.9375 MB /   0.50 sec =   32.5079 Mbps     0 retrans
[2024-11-04T15:05:42.821930-0600]     1.5000 MB /   0.50 sec =   25.1636 Mbps     0 retrans
[2024-11-04T15:05:43.321975-0600]     0.6875 MB /   0.50 sec =   11.5327 Mbps     0 retrans
[2024-11-04T15:05:43.822551-0600]     0.0000 MB /   0.50 sec =    0.0000 Mbps     0 retrans
[2024-11-04T15:05:44.322260-0600]     0.5625 MB /   0.50 sec =    9.4451 Mbps     0 retrans
[2024-11-04T15:05:44.821973-0600]     1.3125 MB /   0.50 sec =   22.0242 Mbps     0 retrans
[2024-11-04T15:05:45.323182-0600]     0.1875 MB /   0.50 sec =    3.1387 Mbps     0 retrans
[2024-11-04T15:05:45.821963-0600]     1.5000 MB /   0.50 sec =   25.2231 Mbps     0 retrans
[2024-11-04T15:05:46.322182-0600]     0.5625 MB /   0.50 sec =    9.4373 Mbps     0 retrans
[2024-11-04T15:05:46.821931-0600]     1.2500 MB /   0.50 sec =   20.9729 Mbps     0 retrans
[2024-11-04T15:05:47.321916-0600]     1.1250 MB /   0.50 sec =   18.8738 Mbps     0 retrans
[2024-11-04T15:05:47.823124-0600]     0.9375 MB /   0.50 sec =   15.6945 Mbps     0 retrans
[2024-11-04T15:05:48.321961-0600]     0.8750 MB /   0.50 sec =   14.7136 Mbps     0 retrans
[2024-11-04T15:05:48.822018-0600]     0.9375 MB /   0.50 sec =   15.7255 Mbps     0 retrans
[2024-11-04T15:05:49.321916-0600]     1.2500 MB /   0.50 sec =   20.9736 Mbps     0 retrans
[2024-11-04T15:05:49.821967-0600]     1.2500 MB /   0.50 sec =   20.9706 Mbps     0 retrans
[2024-11-04T15:05:50.321920-0600]     1.1875 MB /   0.50 sec =   19.9244 Mbps     0 retrans
[2024-11-04T15:05:50.821975-0600]     1.0000 MB /   0.50 sec =   16.7755 Mbps     0 retrans
[2024-11-04T15:05:51.321968-0600]     0.8125 MB /   0.50 sec =   13.6318 Mbps     0 retrans
[2024-11-04T15:05:51.822024-0600]     0.2500 MB /   0.50 sec =    4.1941 Mbps     0 retrans
[2024-11-04T15:05:52.321926-0600]     0.8125 MB /   0.50 sec =   13.6336 Mbps     0 retrans
[2024-11-04T15:05:52.821956-0600]     0.5625 MB /   0.50 sec =    9.4364 Mbps     0 retrans
[2024-11-04T15:05:53.321913-0600]     0.9375 MB /   0.50 sec =   15.7294 Mbps     0 retrans
[2024-11-04T15:05:53.821926-0600]     0.8750 MB /   0.50 sec =   14.6805 Mbps     0 retrans
[2024-11-04T15:05:54.322312-0600]     0.8750 MB /   0.50 sec =   14.6802 Mbps     0 retrans
[2024-11-04T15:05:54.822190-0600]     0.9375 MB /   0.50 sec =   15.7265 Mbps     0 retrans
[2024-11-04T15:05:55.321904-0600]     1.1250 MB /   0.50 sec =   18.8770 Mbps     0 retrans
[2024-11-04T15:05:55.821968-0600]     1.1250 MB /   0.50 sec =   18.8728 Mbps     0 retrans
[2024-11-04T15:05:56.321898-0600]     1.1250 MB /   0.50 sec =   18.8761 Mbps     0 retrans
[2024-11-04T15:05:56.822004-0600]     0.6250 MB /   0.50 sec =   10.4863 Mbps     0 retrans
[2024-11-04T15:05:57.322076-0600]     0.1875 MB /   0.50 sec =    3.1446 Mbps     0 retrans
[2024-11-04T15:05:57.822156-0600]     0.5000 MB /   0.50 sec =    8.3878 Mbps     0 retrans
[2024-11-04T15:05:58.321895-0600]     1.3750 MB /   0.50 sec =   23.0763 Mbps     0 retrans
[2024-11-04T15:05:58.821974-0600]     0.8750 MB /   0.50 sec =   14.6794 Mbps     0 retrans
[2024-11-04T15:05:59.321919-0600]     0.9375 MB /   0.50 sec =   15.7297 Mbps     0 retrans
End time: 1730754359454
