Start time: 1730754576113
[2024-11-04T15:09:41.200368-0600] traceroute to 54.176.53.206 (54.176.53.206), 30 hops max, 60 byte packets
[2024-11-04T15:09:41.201093-0600]  1  * * *
[2024-11-04T15:09:41.201146-0600]  2  * * *
[2024-11-04T15:09:41.201178-0600]  3  * * *
[2024-11-04T15:09:41.201207-0600]  4  * * *
[2024-11-04T15:09:41.201235-0600]  5  * * *
[2024-11-04T15:09:46.207808-0600]  6  * * *
[2024-11-04T15:09:46.208083-0600]  7  * * *
[2024-11-04T15:09:46.208158-0600]  8  * * *
[2024-11-04T15:09:46.208211-0600]  9  * * *
[2024-11-04T15:09:46.208256-0600] 10  * * *
[2024-11-04T15:09:51.215795-0600] 11  * * *
[2024-11-04T15:09:51.216126-0600] 12  * * *
[2024-11-04T15:09:51.216211-0600] 13  * * *
[2024-11-04T15:09:51.216358-0600] 14  * * *
[2024-11-04T15:09:51.216435-0600] 15  * * *
[2024-11-04T15:09:56.223862-0600] 16  * * *
[2024-11-04T15:09:56.224399-0600] 17  * * *
[2024-11-04T15:09:56.224535-0600] 18  * * *
[2024-11-04T15:09:56.231640-0600] 19  * * *
[2024-11-04T15:09:56.231932-0600] 20  * * *
[2024-11-04T15:09:56.232052-0600] 21  * * *
[2024-11-04T15:10:01.232769-0600] 22  * * *
[2024-11-04T15:10:01.233302-0600] 23  * * *
[2024-11-04T15:10:01.243394-0600] 24  * * *
[2024-11-04T15:10:01.243763-0600] 25  * * *
[2024-11-04T15:10:01.243899-0600] 26  * * *
[2024-11-04T15:10:06.190928-0600] 27  * *End time: 1730754606280
