Start time: 1747682782481
Connecting to host 34.145.166.89, port 5207
Reverse mode, remote host 34.145.166.89 is sending
[  5] local 192.0.0.2 port 59214 connected to 34.145.166.89 port 5207
[ ID] Interval           Transfer     Bitrate
[  5]   0.00-0.10   sec  82.6 KBytes  6.76 Mbits/sec                  
[  5]   0.10-0.20   sec   132 KBytes  10.8 Mbits/sec                  
[  5]   0.20-0.30   sec   164 KBytes  13.4 Mbits/sec                  
[  5]   0.30-0.40   sec   185 KBytes  15.2 Mbits/sec                  
[  5]   0.40-0.50   sec   190 KBytes  15.6 Mbits/sec                  
[  5]   0.50-0.60   sec   149 KBytes  12.2 Mbits/sec                  
[  5]   0.60-0.70   sec   214 KBytes  17.6 Mbits/sec                  
[  5]   0.70-0.80   sec   248 KBytes  20.3 Mbits/sec                  
[  5]   0.80-0.90   sec   301 KBytes  24.7 Mbits/sec                  
[  5]   0.90-1.00   sec   337 KBytes  27.6 Mbits/sec                  
[  5]   1.00-1.10   sec   492 KBytes  40.3 Mbits/sec                  
[  5]   1.10-1.20   sec   493 KBytes  40.3 Mbits/sec                  
[  5]   1.20-1.30   sec   641 KBytes  52.5 Mbits/sec                  
[  5]   1.30-1.40   sec   686 KBytes  56.2 Mbits/sec                  
[  5]   1.40-1.50   sec   777 KBytes  63.6 Mbits/sec                  
[  5]   1.50-1.60   sec   634 KBytes  51.9 Mbits/sec                  
[  5]   1.60-1.70   sec   860 KBytes  70.5 Mbits/sec                  
[  5]   1.70-1.80   sec  1.01 MBytes  84.8 Mbits/sec                  
[  5]   1.80-1.90   sec  1.30 MBytes   109 Mbits/sec                  
[  5]   1.90-2.00   sec  1.18 MBytes  99.3 Mbits/sec                  
[  5]   2.00-2.10   sec  1.42 MBytes   119 Mbits/sec                  
[  5]   2.10-2.20   sec  1.39 MBytes   117 Mbits/sec                  
[  5]   2.20-2.30   sec  1.39 MBytes   116 Mbits/sec                  
[  5]   2.30-2.40   sec  1.30 MBytes   109 Mbits/sec                  
[  5]   2.40-2.50   sec  1.48 MBytes   124 Mbits/sec                  
[  5]   2.50-2.60   sec  1.69 MBytes   142 Mbits/sec                  
[  5]   2.60-2.70   sec  1.88 MBytes   158 Mbits/sec                  
[  5]   2.70-2.80   sec  2.20 MBytes   184 Mbits/sec                  
[  5]   2.80-2.90   sec  2.62 MBytes   220 Mbits/sec                  
[  5]   2.90-3.00   sec  2.55 MBytes   214 Mbits/sec                  
[  5]   3.00-3.10   sec  1.44 MBytes   121 Mbits/sec                  
[  5]   3.10-3.20   sec  1.51 MBytes   127 Mbits/sec                  
[  5]   3.20-3.30   sec  1.33 MBytes   112 Mbits/sec                  
[  5]   3.30-3.40   sec  1.30 MBytes   109 Mbits/sec                  
[  5]   3.40-3.50   sec  0.00 Bytes  0.00 bits/sec                  
[  5]   3.50-3.60   sec  1.33 KBytes   109 Kbits/sec                  
[  5]   3.60-3.70   sec  0.00 Bytes  0.00 bits/sec                  
[  5]   3.70-3.80   sec  0.00 Bytes  0.00 bits/sec                  
[  5]   3.80-3.90   sec  0.00 Bytes  0.00 bits/sec                  
[  5]   3.90-4.00   sec   385 KBytes  31.6 Mbits/sec                  
[  5]   4.00-4.10   sec  2.07 MBytes   173 Mbits/sec                  
[  5]   4.10-4.20   sec  1.40 MBytes   118 Mbits/sec                  
[  5]   4.20-4.30   sec   994 KBytes  81.4 Mbits/sec                  
[  5]   4.30-4.40   sec  1.42 MBytes   119 Mbits/sec                  
[  5]   4.40-4.50   sec   139 KBytes  11.3 Mbits/sec                  
[  5]   4.50-4.60   sec  0.00 Bytes  0.00 bits/sec                  
[  5]   4.60-4.70   sec  0.00 Bytes  0.00 bits/sec                  
[  5]   4.70-4.80   sec   470 KBytes  38.6 Mbits/sec                  
[  5]   4.80-4.90   sec   340 KBytes  27.8 Mbits/sec                  
[  5]   4.90-5.00   sec  0.00 Bytes  0.00 bits/sec                  
- - - - - - - - - - - - - - - - - - - - - - - - -
[ ID] Interval           Transfer     Bitrate         Retr
[  5]   0.00-5.04   sec  43.6 MBytes  72.6 Mbits/sec  347             sender
[  5]   0.00-5.00   sec  40.6 MBytes  68.1 Mbits/sec                  receiver

iperf Done.
End time: 1747682788097
