Start time: 1747691029047
Connecting to host 34.145.166.89, port 5209
Reverse mode, remote host 34.145.166.89 is sending
[  5] local 192.0.0.2 port 50146 connected to 34.145.166.89 port 5209
[ ID] Interval           Transfer     Bitrate
[  5]   0.00-0.10   sec  61.3 KBytes  5.02 Mbits/sec                  
[  5]   0.10-0.20   sec   217 KBytes  17.8 Mbits/sec                  
[  5]   0.20-0.30   sec   349 KBytes  28.6 Mbits/sec                  
[  5]   0.30-0.40   sec   344 KBytes  28.1 Mbits/sec                  
[  5]   0.40-0.50   sec   497 KBytes  40.7 Mbits/sec                  
[  5]   0.50-0.60   sec   494 KBytes  40.5 Mbits/sec                  
[  5]   0.60-0.70   sec   570 KBytes  46.7 Mbits/sec                  
[  5]   0.70-0.80   sec   402 KBytes  32.9 Mbits/sec                  
[  5]   0.80-0.90   sec   713 KBytes  58.4 Mbits/sec                  
[  5]   0.90-1.00   sec   639 KBytes  52.4 Mbits/sec                  
[  5]   1.00-1.10   sec   785 KBytes  64.2 Mbits/sec                  
[  5]   1.10-1.20   sec   785 KBytes  63.6 Mbits/sec                  
[  5]   1.20-1.30   sec   892 KBytes  73.9 Mbits/sec                  
[  5]   1.30-1.40   sec  1.17 MBytes  98.2 Mbits/sec                  
[  5]   1.40-1.50   sec  1.07 MBytes  89.4 Mbits/sec                  
[  5]   1.50-1.60   sec  1.28 MBytes   107 Mbits/sec                  
[  5]   1.60-1.70   sec  1.34 MBytes   113 Mbits/sec                  
[  5]   1.70-1.80   sec  1.55 MBytes   130 Mbits/sec                  
[  5]   1.80-1.90   sec  1.33 MBytes   110 Mbits/sec                  
[  5]   1.90-2.00   sec  1.27 MBytes   107 Mbits/sec                  
[  5]   2.00-2.10   sec  2.08 MBytes   174 Mbits/sec                  
[  5]   2.10-2.20   sec  2.24 MBytes   188 Mbits/sec                  
[  5]   2.20-2.30   sec  2.30 MBytes   193 Mbits/sec                  
[  5]   2.30-2.40   sec  2.32 MBytes   195 Mbits/sec                  
[  5]   2.40-2.50   sec  2.98 MBytes   250 Mbits/sec                  
[  5]   2.50-2.60   sec  3.29 MBytes   276 Mbits/sec                  
[  5]   2.60-2.70   sec  3.54 MBytes   297 Mbits/sec                  
[  5]   2.70-2.80   sec  3.54 MBytes   297 Mbits/sec                  
[  5]   2.80-2.90   sec  3.45 MBytes   289 Mbits/sec                  
[  5]   2.90-3.00   sec  3.81 MBytes   319 Mbits/sec                  
[  5]   3.00-3.10   sec  4.48 MBytes   376 Mbits/sec                  
[  5]   3.10-3.20   sec  4.78 MBytes   401 Mbits/sec                  
[  5]   3.20-3.30   sec  5.07 MBytes   425 Mbits/sec                  
[  5]   3.30-3.40   sec  6.06 MBytes   508 Mbits/sec                  
[  5]   3.40-3.50   sec  5.21 MBytes   438 Mbits/sec                  
[  5]   3.50-3.60   sec  5.84 MBytes   490 Mbits/sec                  
[  5]   3.60-3.70   sec  6.15 MBytes   516 Mbits/sec                  
[  5]   3.70-3.80   sec  5.21 MBytes   437 Mbits/sec                  
[  5]   3.80-3.90   sec  4.33 MBytes   363 Mbits/sec                  
[  5]   3.90-4.00   sec  4.34 MBytes   364 Mbits/sec                  
[  5]   4.00-4.10   sec  4.64 MBytes   389 Mbits/sec                  
[  5]   4.10-4.20   sec  4.11 MBytes   345 Mbits/sec                  
[  5]   4.20-4.30   sec  5.24 MBytes   439 Mbits/sec                  
[  5]   4.30-4.40   sec  5.37 MBytes   451 Mbits/sec                  
[  5]   4.40-4.50   sec  6.19 MBytes   519 Mbits/sec                  
[  5]   4.50-4.60   sec  5.64 MBytes   473 Mbits/sec                  
[  5]   4.60-4.70   sec  7.13 MBytes   599 Mbits/sec                  
[  5]   4.70-4.80   sec  5.55 MBytes   465 Mbits/sec                  
[  5]   4.80-4.90   sec  6.26 MBytes   525 Mbits/sec                  
[  5]   4.90-5.00   sec  5.30 MBytes   444 Mbits/sec                  
- - - - - - - - - - - - - - - - - - - - - - - - -
[ ID] Interval           Transfer     Bitrate         Retr
[  5]   0.00-5.03   sec   155 MBytes   259 Mbits/sec    0             sender
[  5]   0.00-5.00   sec   152 MBytes   255 Mbits/sec                  receiver

iperf Done.
End time: 1747691034663
