Start time: 1730677927638
[2024-11-03T16:52:12.725968-0700] traceroute to 54.176.53.206 (54.176.53.206), 30 hops max, 60 byte packets
[2024-11-03T16:52:12.726751-0700]  1  * * *
[2024-11-03T16:52:12.726802-0700]  2  * * *
[2024-11-03T16:52:12.726970-0700]  3  * * *
[2024-11-03T16:52:12.727017-0700]  4  * * *
[2024-11-03T16:52:12.727056-0700]  5  * * *
[2024-11-03T16:52:17.733832-0700]  6  * * *
[2024-11-03T16:52:17.734317-0700]  7  * * *
[2024-11-03T16:52:17.734430-0700]  8  * * *
[2024-11-03T16:52:17.734511-0700]  9  * * *
[2024-11-03T16:52:17.734590-0700] 10  * * *
[2024-11-03T16:52:22.741491-0700] 11  * * *
[2024-11-03T16:52:22.741778-0700] 12  * * *
[2024-11-03T16:52:22.741871-0700] 13  * * *
[2024-11-03T16:52:22.748163-0700] 14  * * *
[2024-11-03T16:52:22.748262-0700] 15  * * *
[2024-11-03T16:52:27.746466-0700] 16  * * *
[2024-11-03T16:52:27.746898-0700] 17  * * *
[2024-11-03T16:52:27.752273-0700] 18  * * *
[2024-11-03T16:52:27.752436-0700] 19  * * *
[2024-11-03T16:52:27.752555-0700] 20  * * *
[2024-11-03T16:52:27.762813-0700] 21  * * *
[2024-11-03T16:52:32.755237-0700] 22  * * *
[2024-11-03T16:52:32.755844-0700] 23  * * *
[2024-11-03T16:52:32.760421-0700] 24  * * *
[2024-11-03T16:52:32.760581-0700] 25  * * *
[2024-11-03T16:52:32.763271-0700] 26  * * *
[2024-11-03T16:52:37.714600-0700] 27  * *End time: 1730677957777
