Start time: 1730523039841
[2024-11-01T21:50:44.901731-0700] traceroute to 54.176.53.206 (54.176.53.206), 30 hops max, 60 byte packets
[2024-11-01T21:50:44.902760-0700]  1  * * *
[2024-11-01T21:50:44.902846-0700]  2  * * *
[2024-11-01T21:50:44.902905-0700]  3  * * *
[2024-11-01T21:50:44.902959-0700]  4  * * *
[2024-11-01T21:50:44.902992-0700]  5  * * *
[2024-11-01T21:50:49.910565-0700]  6  * * *
[2024-11-01T21:50:49.910904-0700]  7  * * *
[2024-11-01T21:50:49.910977-0700]  8  * * *
[2024-11-01T21:50:49.911034-0700]  9  * * *
[2024-11-01T21:50:49.920374-0700] 10  * * *
[2024-11-01T21:50:54.918952-0700] 11  * * *
[2024-11-01T21:50:54.919367-0700] 12  * * *
[2024-11-01T21:50:54.919500-0700] 13  * * *
[2024-11-01T21:50:54.919609-0700] 14  * * *
[2024-11-01T21:50:54.931106-0700] 15  * * *
[2024-11-01T21:50:59.927429-0700] 16  * * *
[2024-11-01T21:50:59.927819-0700] 17  * * *
[2024-11-01T21:50:59.934801-0700] 18  * * *
[2024-11-01T21:50:59.935101-0700] 19  * * *
[2024-11-01T21:50:59.935229-0700] 20  * * *
[2024-11-01T21:50:59.938332-0700] 21  * * *
[2024-11-01T21:51:04.934753-0700] 22  * * *
[2024-11-01T21:51:04.941188-0700] 23  * * *
[2024-11-01T21:51:04.941357-0700] 24  * * *
[2024-11-01T21:51:04.941474-0700] 25  * * *
[2024-11-01T21:51:04.941580-0700] 26  * * *
[2024-11-01T21:51:09.895827-0700] 27  * *End time: 1730523069960
