Start time: 1731081052356
[2024-11-08T10:50:57.445643-0500] traceroute to 54.197.223.49 (54.197.223.49), 30 hops max, 60 byte packets
[2024-11-08T10:50:57.446297-0500]  1  * * *
[2024-11-08T10:50:57.446334-0500]  2  * * *
[2024-11-08T10:50:57.446360-0500]  3  * * *
[2024-11-08T10:50:57.446384-0500]  4  * * *
[2024-11-08T10:50:57.446409-0500]  5  * * *
[2024-11-08T10:51:02.452875-0500]  6  * * *
[2024-11-08T10:51:02.453062-0500]  7  * * *
[2024-11-08T10:51:02.453097-0500]  8  * * *
[2024-11-08T10:51:02.453124-0500]  9  * * *
[2024-11-08T10:51:02.453149-0500] 10  * * *
[2024-11-08T10:51:07.457296-0500] 11  * * *
[2024-11-08T10:51:07.457608-0500] 12  * * *
[2024-11-08T10:51:07.462406-0500] 13  * * *
[2024-11-08T10:51:07.462535-0500] 14  * * *
[2024-11-08T10:51:07.462576-0500] 15  * * *
[2024-11-08T10:51:12.464236-0500] 16  * * *
[2024-11-08T10:51:12.464681-0500] 17  * * *
[2024-11-08T10:51:12.464763-0500] 18  * * *
[2024-11-08T10:51:12.472233-0500] 19  * * *
[2024-11-08T10:51:12.472413-0500] 20  * * *
[2024-11-08T10:51:12.472487-0500] 21  * * *
[2024-11-08T10:51:17.470317-0500] 22  * * *
[2024-11-08T10:51:17.477637-0500] 23  * * *
[2024-11-08T10:51:17.477859-0500] 24  * * *
[2024-11-08T10:51:17.483678-0500] 25  * * *
[2024-11-08T10:51:17.483858-0500] 26  * * *
[2024-11-08T10:51:22.428398-0500] 27  * *End time: 1731081082476
