Start time: 1731103533665
[2024-11-08T17:05:38.728050-0500] traceroute to 54.197.223.49 (54.197.223.49), 30 hops max, 60 byte packets
[2024-11-08T17:05:38.734233-0500]  1  * * *
[2024-11-08T17:05:38.734417-0500]  2  * * *
[2024-11-08T17:05:38.734510-0500]  3  * * *
[2024-11-08T17:05:38.743431-0500]  4  * * *
[2024-11-08T17:05:38.743550-0500]  5  * * *
[2024-11-08T17:05:43.734818-0500]  6  * * *
[2024-11-08T17:05:43.738675-0500]  7  * * *
[2024-11-08T17:05:43.741004-0500]  8  * * *
[2024-11-08T17:05:43.743431-0500]  9  * * *
[2024-11-08T17:05:43.746318-0500] 10  * * *
[2024-11-08T17:05:48.740909-0500] 11  * * *
[2024-11-08T17:05:48.741118-0500] 12  * * *
[2024-11-08T17:05:48.745853-0500] 13  * * *
[2024-11-08T17:05:48.745934-0500] 14  * * *
[2024-11-08T17:05:48.749137-0500] 15  * * *
[2024-11-08T17:05:53.748263-0500] 16  * * *
[2024-11-08T17:05:53.748487-0500] 17  * * *
[2024-11-08T17:05:53.748528-0500] 18  * * *
[2024-11-08T17:05:53.748562-0500] 19  * * *
[2024-11-08T17:05:53.758206-0500] 20  * * *
[2024-11-08T17:05:53.758305-0500] 21  * * *
[2024-11-08T17:05:58.754314-0500] 22  * * *
[2024-11-08T17:05:58.759172-0500] 23  * * *
[2024-11-08T17:05:58.759253-0500] 24  * * *
[2024-11-08T17:05:58.759301-0500] 25  * * *
[2024-11-08T17:05:58.763400-0500] 26  * * *
[2024-11-08T17:06:03.718183-0500] 27  * *End time: 1731103563753
