Start time: 1730848711848
[2024-11-05T17:18:32.773367-0600] nuttcp-r: v8.1.4: socket
[2024-11-05T17:18:32.774648-0600] nuttcp-r: buflen=65536, nstream=1, port=5379 tcp
[2024-11-05T17:18:32.774761-0600] nuttcp-r: interval reporting every 0.50 seconds
[2024-11-05T17:18:32.774848-0600] nuttcp-r: connect to 54.197.223.49 with RTT=75.362 ms af=inet
[2024-11-05T17:18:32.774931-0600] nuttcp-r: send window size = 2097152, receive window size = 6291456
[2024-11-05T17:18:32.775010-0600] nuttcp-r: available send window = 1572864, available receive window = 4718592
[2024-11-05T17:18:32.775093-0600]     0.7500 MB /   0.50 sec =   12.5804 Mbps     0 retrans     13 KB-cwnd
[2024-11-05T17:18:33.273122-0600]     4.2500 MB /   0.50 sec =   71.3099 Mbps     0 retrans     13 KB-cwnd
[2024-11-05T17:18:33.773141-0600]    36.8750 MB /   0.50 sec =  618.7093 Mbps     0 retrans     13 KB-cwnd
[2024-11-05T17:18:34.273245-0600]    41.5000 MB /   0.50 sec =  696.1459 Mbps     0 retrans     13 KB-cwnd
[2024-11-05T17:18:34.773230-0600]    42.0625 MB /   0.50 sec =  705.7058 Mbps     0 retrans     13 KB-cwnd
[2024-11-05T17:18:35.273322-0600]    32.6875 MB /   0.50 sec =  548.3943 Mbps     0 retrans     13 KB-cwnd
[2024-11-05T17:18:35.773202-0600]    39.1875 MB /   0.50 sec =  657.4624 Mbps     0 retrans     26 KB-cwnd
[2024-11-05T17:18:36.273220-0600]    34.7500 MB /   0.50 sec =  582.9721 Mbps     0 retrans     26 KB-cwnd
[2024-11-05T17:18:36.773178-0600]    30.1250 MB /   0.50 sec =  505.4804 Mbps     0 retrans     26 KB-cwnd
[2024-11-05T17:18:37.273137-0600]    28.0625 MB /   0.50 sec =  470.8408 Mbps     0 retrans     26 KB-cwnd
[2024-11-05T17:18:37.773214-0600]    21.3750 MB /   0.50 sec =  358.5757 Mbps     0 retrans     26 KB-cwnd
[2024-11-05T17:18:38.273087-0600]    14.5625 MB /   0.50 sec =  244.3412 Mbps     0 retrans     26 KB-cwnd
[2024-11-05T17:18:38.773261-0600]     8.3125 MB /   0.50 sec =  139.4299 Mbps     0 retrans     26 KB-cwnd
[2024-11-05T17:18:39.273357-0600]    18.1250 MB /   0.50 sec =  304.0621 Mbps     0 retrans     26 KB-cwnd
[2024-11-05T17:18:39.773101-0600]    28.7500 MB /   0.50 sec =  482.4878 Mbps     0 retrans     29 KB-cwnd
[2024-11-05T17:18:40.273156-0600]    25.4375 MB /   0.50 sec =  426.7568 Mbps     0 retrans     37 KB-cwnd
[2024-11-05T17:18:40.773176-0600]    23.1250 MB /   0.50 sec =  387.9786 Mbps     0 retrans  14236 KB-cwnd
[2024-11-05T17:18:41.273331-0600]    16.6250 MB /   0.50 sec =  278.8794 Mbps     0 retrans  14236 KB-cwnd
[2024-11-05T17:18:41.773307-0600]    16.6250 MB /   0.50 sec =  278.8822 Mbps     0 retrans  14236 KB-cwnd
[2024-11-05T17:18:42.273177-0600]    21.3125 MB /   0.50 sec =  357.6610 Mbps     0 retrans  14236 KB-cwnd
[2024-11-05T17:18:42.773235-0600]    14.0625 MB /   0.50 sec =  235.8919 Mbps     0 retrans  14236 KB-cwnd
[2024-11-05T17:18:43.273165-0600]     9.5000 MB /   0.50 sec =  159.4084 Mbps     0 retrans  14236 KB-cwnd
[2024-11-05T17:18:43.773396-0600]    10.1875 MB /   0.50 sec =  170.8718 Mbps     0 retrans  14236 KB-cwnd
[2024-11-05T17:18:44.273190-0600]    19.6250 MB /   0.50 sec =  329.3372 Mbps     0 retrans  14236 KB-cwnd
[2024-11-05T17:18:44.773224-0600]    22.8125 MB /   0.50 sec =  382.7195 Mbps     0 retrans  14236 KB-cwnd
[2024-11-05T17:18:45.273169-0600]    25.1250 MB /   0.50 sec =  421.5394 Mbps     0 retrans  13341 KB-cwnd
[2024-11-05T17:18:45.773079-0600]    17.1875 MB /   0.50 sec =  288.3792 Mbps     0 retrans  13341 KB-cwnd
[2024-11-05T17:18:46.273169-0600]    19.6250 MB /   0.50 sec =  329.2344 Mbps     0 retrans  13341 KB-cwnd
[2024-11-05T17:18:46.773302-0600]    19.5625 MB /   0.50 sec =  328.1196 Mbps     0 retrans  13341 KB-cwnd
[2024-11-05T17:18:47.273174-0600]    21.0000 MB /   0.50 sec =  352.4054 Mbps     0 retrans  13341 KB-cwnd
[2024-11-05T17:18:47.773362-0600]    30.1875 MB /   0.50 sec =  506.4470 Mbps     0 retrans  13341 KB-cwnd
[2024-11-05T17:18:48.273337-0600]    21.5625 MB /   0.50 sec =  361.6871 Mbps     0 retrans  10813 KB-cwnd
[2024-11-05T17:18:48.773305-0600]    23.3125 MB /   0.50 sec =  391.1337 Mbps     0 retrans  10813 KB-cwnd
[2024-11-05T17:18:49.273143-0600]    23.6250 MB /   0.50 sec =  396.4331 Mbps     0 retrans  10813 KB-cwnd
[2024-11-05T17:18:49.773399-0600]    22.4375 MB /   0.50 sec =  376.2973 Mbps     0 retrans  10813 KB-cwnd
[2024-11-05T17:18:50.273084-0600]    25.8750 MB /   0.50 sec =  434.3120 Mbps     0 retrans  10813 KB-cwnd
[2024-11-05T17:18:50.773164-0600]    31.3750 MB /   0.50 sec =  526.3557 Mbps     0 retrans  10813 KB-cwnd
[2024-11-05T17:18:51.273190-0600]    30.9375 MB /   0.50 sec =  519.0420 Mbps    88 retrans  12744 KB-cwnd
[2024-11-05T17:18:51.773269-0600]    33.3125 MB /   0.50 sec =  558.8061 Mbps     0 retrans  12744 KB-cwnd
[2024-11-05T17:18:52.273342-0600]    36.1250 MB /   0.50 sec =  606.0612 Mbps     0 retrans  13416 KB-cwnd
[2024-11-05T17:18:52.773268-0600]    40.6875 MB /   0.50 sec =  682.6817 Mbps     0 retrans  13416 KB-cwnd
[2024-11-05T17:18:53.273326-0600]    45.6250 MB /   0.50 sec =  765.5248 Mbps     0 retrans  11522 KB-cwnd
[2024-11-05T17:18:53.773344-0600]    48.0000 MB /   0.50 sec =  805.1067 Mbps     0 retrans  11133 KB-cwnd
[2024-11-05T17:18:54.273063-0600]    55.3750 MB /   0.50 sec =  929.3487 Mbps     0 retrans  11135 KB-cwnd
[2024-11-05T17:18:54.773166-0600]    52.4375 MB /   0.50 sec =  879.6814 Mbps     0 retrans  15789 KB-cwnd
[2024-11-05T17:18:55.273134-0600]    42.8125 MB /   0.50 sec =  718.2516 Mbps     0 retrans  18752 KB-cwnd
[2024-11-05T17:18:55.773236-0600]    45.8750 MB /   0.50 sec =  769.6240 Mbps     0 retrans  18752 KB-cwnd
[2024-11-05T17:18:56.273146-0600]    36.2500 MB /   0.50 sec =  608.2325 Mbps     0 retrans  21850 KB-cwnd
[2024-11-05T17:18:56.773224-0600]    43.3750 MB /   0.50 sec =  727.6899 Mbps     0 retrans  21850 KB-cwnd
[2024-11-05T17:18:57.273169-0600]    46.3125 MB /   0.50 sec =  776.9948 Mbps     0 retrans  21813 KB-cwnd
[2024-11-05T17:18:57.773528-0600]    48.0625 MB /   0.50 sec =  806.3469 Mbps     0 retrans  17681 KB-cwnd
[2024-11-05T17:18:58.273335-0600]    51.2500 MB /   0.50 sec =  859.6105 Mbps     0 retrans  17681 KB-cwnd
[2024-11-05T17:18:58.773249-0600]    57.8750 MB /   0.50 sec =  971.1270 Mbps     0 retrans  16048 KB-cwnd
[2024-11-05T17:18:59.273082-0600]    49.5625 MB /   0.50 sec =  831.6638 Mbps     0 retrans  20124 KB-cwnd
[2024-11-05T17:18:59.773304-0600]    55.3750 MB /   0.50 sec =  928.7801 Mbps     0 retrans  21821 KB-cwnd
[2024-11-05T17:19:00.273343-0600]    22.6875 MB /   0.50 sec =  380.5966 Mbps     0 retrans  21898 KB-cwnd
[2024-11-05T17:19:00.773443-0600]    33.0000 MB /   0.50 sec =  553.8231 Mbps     0 retrans  22210 KB-cwnd
[2024-11-05T17:19:01.273181-0600]    56.1250 MB /   0.50 sec =  941.5986 Mbps     0 retrans  20745 KB-cwnd
[2024-11-05T17:19:01.773184-0600]    50.8125 MB /   0.50 sec =  852.4991 Mbps     0 retrans  20340 KB-cwnd
[2024-11-05T17:19:02.273164-0600]    47.5000 MB /   0.50 sec =  796.9560 Mbps     0 retrans  20340 KB-cwnd
[2024-11-05T17:19:02.773158-0600]    41.0625 MB /   0.50 sec =  688.9034 Mbps    62 retrans  19522 KB-cwnd
[2024-11-05T17:19:03.273325-0600]    51.8125 MB /   0.50 sec =  869.2330 Mbps     0 retrans  21288 KB-cwnd
[2024-11-05T17:19:03.773215-0600]    49.4375 MB /   0.50 sec =  829.4535 Mbps     0 retrans  21288 KB-cwnd
[2024-11-05T17:19:04.273187-0600]    47.6250 MB /   0.50 sec =  799.0005 Mbps     0 retrans  22910 KB-cwnd
[2024-11-05T17:19:04.773103-0600]    44.6875 MB /   0.50 sec =  749.7843 Mbps     0 retrans  21626 KB-cwnd
[2024-11-05T17:19:05.273363-0600]    53.8750 MB /   0.50 sec =  903.5779 Mbps     0 retrans  21626 KB-cwnd
[2024-11-05T17:19:05.773165-0600]    54.3125 MB /   0.50 sec =  911.4787 Mbps     0 retrans  19343 KB-cwnd
[2024-11-05T17:19:06.273213-0600]    58.8750 MB /   0.50 sec =  987.7467 Mbps     0 retrans  17971 KB-cwnd
[2024-11-05T17:19:06.773264-0600]    55.6875 MB /   0.50 sec =  934.2214 Mbps     0 retrans  17745 KB-cwnd
[2024-11-05T17:19:07.273194-0600]    31.5000 MB /   0.50 sec =  528.5140 Mbps     0 retrans  17825 KB-cwnd
[2024-11-05T17:19:07.773345-0600]    41.8125 MB /   0.50 sec =  701.4805 Mbps     0 retrans  18861 KB-cwnd
[2024-11-05T17:19:08.273066-0600]    26.0000 MB /   0.50 sec =  436.2408 Mbps     0 retrans  18861 KB-cwnd
[2024-11-05T17:19:08.773124-0600]    33.0625 MB /   0.50 sec =  554.6889 Mbps     0 retrans  18858 KB-cwnd
[2024-11-05T17:19:09.273338-0600]    31.8125 MB /   0.50 sec =  533.5576 Mbps     0 retrans  18627 KB-cwnd
[2024-11-05T17:19:09.773163-0600]    23.1250 MB /   0.50 sec =  388.0818 Mbps     0 retrans  18627 KB-cwnd
[2024-11-05T17:19:10.273170-0600]    21.8750 MB /   0.50 sec =  367.0016 Mbps     0 retrans  18627 KB-cwnd
[2024-11-05T17:19:10.773164-0600]    19.5000 MB /   0.50 sec =  327.1603 Mbps     0 retrans  22769 KB-cwnd
[2024-11-05T17:19:11.273261-0600]    17.5000 MB /   0.50 sec =  293.5948 Mbps     0 retrans  22769 KB-cwnd
[2024-11-05T17:19:11.773163-0600]    22.6250 MB /   0.50 sec =  379.5845 Mbps     0 retrans  22769 KB-cwnd
[2024-11-05T17:19:12.273152-0600]    32.8750 MB /   0.50 sec =  551.5609 Mbps     0 retrans  19711 KB-cwnd
[2024-11-05T17:19:12.773092-0600]    30.7500 MB /   0.50 sec =  515.9231 Mbps     0 retrans  19711 KB-cwnd
[2024-11-05T17:19:13.273211-0600]    35.3750 MB /   0.50 sec =  593.4857 Mbps     0 retrans  15099 KB-cwnd
[2024-11-05T17:19:13.773080-0600]    32.8125 MB /   0.50 sec =  550.5035 Mbps     0 retrans  15099 KB-cwnd
[2024-11-05T17:19:14.273159-0600]    33.8750 MB /   0.50 sec =  568.3157 Mbps     0 retrans  15099 KB-cwnd
[2024-11-05T17:19:14.773179-0600]    35.0625 MB /   0.50 sec =  588.2347 Mbps     0 retrans  13083 KB-cwnd
[2024-11-05T17:19:15.273191-0600]    33.5625 MB /   0.50 sec =  563.0729 Mbps     0 retrans  13083 KB-cwnd
[2024-11-05T17:19:15.773190-0600]    30.4375 MB /   0.50 sec =  510.6565 Mbps     0 retrans  14226 KB-cwnd
[2024-11-05T17:19:16.273159-0600]    34.1250 MB /   0.50 sec =  572.5431 Mbps     0 retrans  14226 KB-cwnd
[2024-11-05T17:19:16.773172-0600]    32.7500 MB /   0.50 sec =  549.4494 Mbps     0 retrans  12774 KB-cwnd
[2024-11-05T17:19:17.273082-0600]    30.6250 MB /   0.50 sec =  513.8372 Mbps     0 retrans  12848 KB-cwnd
[2024-11-05T17:19:17.773441-0600]    22.8125 MB /   0.50 sec =  382.6139 Mbps     0 retrans  12848 KB-cwnd
[2024-11-05T17:19:18.273414-0600]     0.0000 MB /   0.50 sec =    0.0000 Mbps     0 retrans  12848 KB-cwnd
[2024-11-05T17:19:18.773164-0600]    13.7500 MB /   0.50 sec =  230.7416 Mbps     0 retrans  14804 KB-cwnd
[2024-11-05T17:19:19.273076-0600]    36.3125 MB /   0.50 sec =  609.2604 Mbps     0 retrans  14804 KB-cwnd
[2024-11-05T17:19:19.773276-0600]     6.0625 MB /   0.50 sec =  101.6869 Mbps     0 retrans  14804 KB-cwnd
[2024-11-05T17:19:20.273185-0600]    19.8750 MB /   0.50 sec =  333.4965 Mbps     0 retrans  14186 KB-cwnd
[2024-11-05T17:19:20.773245-0600]    31.9375 MB /   0.50 sec =  535.7634 Mbps     0 retrans  14186 KB-cwnd
[2024-11-05T17:19:21.273189-0600]    40.8750 MB /   0.50 sec =  685.8606 Mbps   774 retrans      5 KB-cwnd
[2024-11-05T17:19:21.773191-0600]    44.7500 MB /   0.50 sec =  750.7819 Mbps     0 retrans      5 KB-cwnd
[2024-11-05T17:19:22.273268-0600]    41.8125 MB /   0.50 sec =  701.5114 Mbps   184 retrans  17497 KB-cwnd
[2024-11-05T17:19:22.773193-0600]    41.8750 MB /   0.50 sec =  702.5136 Mbps     0 retrans  17497 KB-cwnd
[2024-11-05T17:19:23.273248-0600]    40.0625 MB /   0.50 sec =  672.0485 Mbps     0 retrans  14457 KB-cwnd
[2024-11-05T17:19:23.773182-0600]    39.3125 MB /   0.50 sec =  659.6625 Mbps     0 retrans  14457 KB-cwnd
[2024-11-05T17:19:24.273153-0600]    45.4375 MB /   0.50 sec =  762.3239 Mbps     0 retrans  20777 KB-cwnd
[2024-11-05T17:19:24.773172-0600]    45.5000 MB /   0.50 sec =  763.3603 Mbps     0 retrans  20777 KB-cwnd
[2024-11-05T17:19:25.273222-0600]    45.1875 MB /   0.50 sec =  758.1129 Mbps     0 retrans  16653 KB-cwnd
[2024-11-05T17:19:25.773197-0600]    37.1875 MB /   0.50 sec =  623.8890 Mbps     0 retrans  15568 KB-cwnd
[2024-11-05T17:19:26.273079-0600]    45.5000 MB /   0.50 sec =  763.4229 Mbps     0 retrans  15568 KB-cwnd
[2024-11-05T17:19:26.773190-0600]    57.3750 MB /   0.50 sec =  962.5292 Mbps     0 retrans  17718 KB-cwnd
[2024-11-05T17:19:27.273305-0600]    46.8125 MB /   0.50 sec =  785.2546 Mbps     0 retrans  17993 KB-cwnd
[2024-11-05T17:19:27.773360-0600]    40.6875 MB /   0.50 sec =  682.7322 Mbps     0 retrans  17993 KB-cwnd
[2024-11-05T17:19:28.273141-0600]    45.0625 MB /   0.50 sec =  756.0445 Mbps     0 retrans  19394 KB-cwnd
[2024-11-05T17:19:28.773206-0600]    43.0000 MB /   0.50 sec =  721.3885 Mbps     0 retrans  19394 KB-cwnd
[2024-11-05T17:19:29.273217-0600]    12.4375 MB /   0.50 sec =  208.6637 Mbps     0 retrans  17825 KB-cwnd
[2024-11-05T17:19:29.773272-0600]    42.9375 MB /   0.50 sec =  720.2795 Mbps     0 retrans  17825 KB-cwnd
[2024-11-05T17:19:30.273081-0600]    42.8750 MB /   0.50 sec =  719.4958 Mbps     0 retrans  22165 KB-cwnd
[2024-11-05T17:19:30.773065-0600]    39.0000 MB /   0.50 sec =  654.3153 Mbps     0 retrans  22165 KB-cwnd
[2024-11-05T17:19:31.273185-0600]    34.0625 MB /   0.50 sec =  571.4179 Mbps     0 retrans  21488 KB-cwnd
[2024-11-05T17:19:31.773155-0600]    29.0000 MB /   0.50 sec =  486.5578 Mbps     0 retrans  21488 KB-cwnd
[2024-11-05T17:19:32.273174-0600]    30.1250 MB /   0.50 sec =  505.4096 Mbps     0 retrans  20968 KB-cwnd
[2024-11-05T17:19:32.773186-0600]    19.9375 MB /   0.50 sec =  334.4924 Mbps     0 retrans  20968 KB-cwnd
[2024-11-05T17:19:33.273103-0600]    12.0000 MB /   0.50 sec =  201.3391 Mbps     0 retrans  20968 KB-cwnd
[2024-11-05T17:19:33.773468-0600]     0.8125 MB /   0.50 sec =   13.6273 Mbps     0 retrans  20968 KB-cwnd
[2024-11-05T17:19:34.273260-0600]    19.2500 MB /   0.50 sec =  322.9866 Mbps     0 retrans  20968 KB-cwnd
[2024-11-05T17:19:34.773164-0600]    19.3125 MB /   0.50 sec =  324.0301 Mbps     0 retrans  14676 KB-cwnd
[2024-11-05T17:19:35.273174-0600]    37.9375 MB /   0.50 sec =  636.5607 Mbps     0 retrans  14676 KB-cwnd
[2024-11-05T17:19:35.773099-0600]    37.2500 MB /   0.50 sec =  624.9625 Mbps     0 retrans  13304 KB-cwnd
[2024-11-05T17:19:36.273220-0600]    41.1250 MB /   0.50 sec =  689.8844 Mbps     0 retrans  13306 KB-cwnd
[2024-11-05T17:19:36.773180-0600]    41.5000 MB /   0.50 sec =  696.3185 Mbps   491 retrans  17132 KB-cwnd
[2024-11-05T17:19:37.273252-0600]    41.8125 MB /   0.50 sec =  701.5016 Mbps     0 retrans  17177 KB-cwnd
[2024-11-05T17:19:37.773163-0600]    45.9375 MB /   0.50 sec =  770.6972 Mbps     0 retrans  19527 KB-cwnd
[2024-11-05T17:19:38.273193-0600]    50.0625 MB /   0.50 sec =  839.9027 Mbps     0 retrans  17039 KB-cwnd
[2024-11-05T17:19:38.773194-0600]    32.4375 MB /   0.50 sec =  544.1990 Mbps     0 retrans  17039 KB-cwnd
[2024-11-05T17:19:39.273152-0600]    25.9375 MB /   0.50 sec =  435.1747 Mbps     0 retrans  17039 KB-cwnd
[2024-11-05T17:19:39.773210-0600]    24.3750 MB /   0.50 sec =  408.9193 Mbps     0 retrans  17185 KB-cwnd
[2024-11-05T17:19:40.273146-0600]    16.0625 MB /   0.50 sec =  269.5072 Mbps     0 retrans  17185 KB-cwnd
[2024-11-05T17:19:40.773345-0600]     4.8125 MB /   0.50 sec =   80.7198 Mbps     0 retrans  17185 KB-cwnd
[2024-11-05T17:19:41.273281-0600]    16.0000 MB /   0.50 sec =  268.4838 Mbps     0 retrans  17185 KB-cwnd
[2024-11-05T17:19:41.773157-0600]    30.3750 MB /   0.50 sec =  509.6344 Mbps     0 retrans  16690 KB-cwnd
[2024-11-05T17:19:42.273196-0600]    32.7500 MB /   0.50 sec =  549.4483 Mbps     0 retrans  16690 KB-cwnd
[2024-11-05T17:19:42.773257-0600]    38.6875 MB /   0.50 sec =  649.0322 Mbps     0 retrans  16461 KB-cwnd
[2024-11-05T17:19:43.273230-0600]    28.5000 MB /   0.50 sec =  478.1287 Mbps     0 retrans  16463 KB-cwnd
[2024-11-05T17:19:43.773192-0600]    42.3750 MB /   0.50 sec =  710.9800 Mbps   185 retrans  13410 KB-cwnd
[2024-11-05T17:19:44.273407-0600]    44.3125 MB /   0.50 sec =  743.4553 Mbps     0 retrans  13410 KB-cwnd
[2024-11-05T17:19:44.773206-0600]    48.8750 MB /   0.50 sec =  819.9914 Mbps     0 retrans  17734 KB-cwnd
[2024-11-05T17:19:45.273132-0600]    41.6875 MB /   0.50 sec =  699.4310 Mbps     0 retrans  17734 KB-cwnd
[2024-11-05T17:19:45.773198-0600]    42.9375 MB /   0.50 sec =  720.3271 Mbps     0 retrans  19945 KB-cwnd
[2024-11-05T17:19:46.273279-0600]    51.0000 MB /   0.50 sec =  855.6705 Mbps     0 retrans  15329 KB-cwnd
[2024-11-05T17:19:46.773263-0600]    57.2500 MB /   0.50 sec =  960.3170 Mbps     0 retrans  18038 KB-cwnd
[2024-11-05T17:19:47.273146-0600]    36.0625 MB /   0.50 sec =  605.1470 Mbps     0 retrans  18038 KB-cwnd
[2024-11-05T17:19:47.773170-0600]    43.6250 MB /   0.50 sec =  731.8797 Mbps     0 retrans  16613 KB-cwnd
[2024-11-05T17:19:48.273171-0600]    46.6250 MB /   0.50 sec =  782.2252 Mbps     0 retrans  17830 KB-cwnd
[2024-11-05T17:19:48.773173-0600]    39.5625 MB /   0.50 sec =  663.7831 Mbps     0 retrans  18778 KB-cwnd
[2024-11-05T17:19:49.273169-0600]    44.4375 MB /   0.50 sec =  745.5092 Mbps     0 retrans  18778 KB-cwnd
[2024-11-05T17:19:49.773168-0600]    43.1250 MB /   0.50 sec =  723.5305 Mbps     0 retrans  18062 KB-cwnd
[2024-11-05T17:19:50.273154-0600]    35.0625 MB /   0.50 sec =  588.2570 Mbps     0 retrans  18816 KB-cwnd
[2024-11-05T17:19:50.773160-0600]    32.4375 MB /   0.50 sec =  544.1990 Mbps     0 retrans  17700 KB-cwnd
[2024-11-05T17:19:51.273150-0600]    35.2500 MB /   0.50 sec =  591.4087 Mbps     0 retrans  17700 KB-cwnd
[2024-11-05T17:19:51.773157-0600]    23.5625 MB /   0.50 sec =  395.3132 Mbps     0 retrans  14708 KB-cwnd
[2024-11-05T17:19:52.273189-0600]    24.7500 MB /   0.50 sec =  415.2162 Mbps     0 retrans  14708 KB-cwnd
[2024-11-05T17:19:52.773184-0600]    14.6875 MB /   0.50 sec =  246.4257 Mbps     0 retrans  14710 KB-cwnd
[2024-11-05T17:19:53.273146-0600]    37.4375 MB /   0.50 sec =  628.1058 Mbps     0 retrans  14631 KB-cwnd
[2024-11-05T17:19:53.773168-0600]    34.1875 MB /   0.50 sec =  573.5711 Mbps     0 retrans  14631 KB-cwnd
[2024-11-05T17:19:54.273151-0600]    28.3125 MB /   0.50 sec =  475.0040 Mbps     0 retrans  13850 KB-cwnd
[2024-11-05T17:19:54.773207-0600]    33.4375 MB /   0.50 sec =  560.9265 Mbps     0 retrans  13850 KB-cwnd
[2024-11-05T17:19:55.273168-0600]    28.8125 MB /   0.50 sec =  483.4448 Mbps     0 retrans  13850 KB-cwnd
[2024-11-05T17:19:55.773223-0600]    18.6250 MB /   0.50 sec =  312.4369 Mbps     0 retrans  13850 KB-cwnd
[2024-11-05T17:19:56.273153-0600]    22.3125 MB /   0.50 sec =  374.3918 Mbps     0 retrans  13850 KB-cwnd
[2024-11-05T17:19:56.773171-0600]    18.1875 MB /   0.50 sec =  305.1289 Mbps     0 retrans  13850 KB-cwnd
[2024-11-05T17:19:57.273132-0600]    17.7500 MB /   0.50 sec =  297.8111 Mbps     0 retrans  13850 KB-cwnd
[2024-11-05T17:19:57.773283-0600]    14.0000 MB /   0.50 sec =  234.8693 Mbps     0 retrans  13461 KB-cwnd
[2024-11-05T17:19:58.273151-0600]    15.1250 MB /   0.50 sec =  253.7589 Mbps     0 retrans  13461 KB-cwnd
[2024-11-05T17:19:58.773305-0600]    15.7500 MB /   0.50 sec =  264.1714 Mbps     0 retrans  13461 KB-cwnd
[2024-11-05T17:19:59.273174-0600]    15.4375 MB /   0.50 sec =  259.0589 Mbps     0 retrans  13461 KB-cwnd
[2024-11-05T17:19:59.773172-0600]    15.6250 MB /   0.50 sec =  262.1487 Mbps     0 retrans  13461 KB-cwnd
[2024-11-05T17:20:00.273144-0600]    13.1875 MB /   0.50 sec =  221.2535 Mbps     0 retrans  11346 KB-cwnd
[2024-11-05T17:20:00.773354-0600]    14.3125 MB /   0.50 sec =  240.0797 Mbps     0 retrans  11346 KB-cwnd
[2024-11-05T17:20:01.273086-0600]    13.5625 MB /   0.50 sec =  227.5888 Mbps     0 retrans  11346 KB-cwnd
[2024-11-05T17:20:01.773268-0600]     8.6250 MB /   0.50 sec =  144.6882 Mbps     0 retrans  11346 KB-cwnd
[2024-11-05T17:20:02.273105-0600]     6.9375 MB /   0.50 sec =  116.3980 Mbps     0 retrans  11346 KB-cwnd
[2024-11-05T17:20:02.773284-0600]     2.1875 MB /   0.50 sec =   36.6929 Mbps     0 retrans  11346 KB-cwnd
[2024-11-05T17:20:03.273315-0600]     0.2500 MB /   0.50 sec =    4.1952 Mbps     0 retrans  11346 KB-cwnd
[2024-11-05T17:20:03.773172-0600]    11.5625 MB /   0.50 sec =  193.9877 Mbps     0 retrans  11346 KB-cwnd
[2024-11-05T17:20:04.273204-0600]    14.5000 MB /   0.50 sec =  243.2502 Mbps     0 retrans   9212 KB-cwnd
[2024-11-05T17:20:04.773203-0600]    18.5625 MB /   0.50 sec =  311.4495 Mbps     0 retrans   9212 KB-cwnd
[2024-11-05T17:20:05.273122-0600]    21.2500 MB /   0.50 sec =  356.5272 Mbps     0 retrans   9212 KB-cwnd
[2024-11-05T17:20:05.773222-0600]    25.4375 MB /   0.50 sec =  426.7474 Mbps     0 retrans   5269 KB-cwnd
[2024-11-05T17:20:06.273219-0600]    20.1250 MB /   0.50 sec =  337.6374 Mbps     0 retrans   5269 KB-cwnd
[2024-11-05T17:20:06.773203-0600]    19.5000 MB /   0.50 sec =  327.1466 Mbps     0 retrans   5269 KB-cwnd
[2024-11-05T17:20:07.273184-0600]    18.8125 MB /   0.50 sec =  315.6384 Mbps     0 retrans   5269 KB-cwnd
[2024-11-05T17:20:07.773179-0600]    25.6875 MB /   0.50 sec =  430.9690 Mbps    70 retrans   6308 KB-cwnd
[2024-11-05T17:20:08.273257-0600]    26.0625 MB /   0.50 sec =  437.2641 Mbps     0 retrans   6698 KB-cwnd
[2024-11-05T17:20:08.773179-0600]    20.3125 MB /   0.50 sec =  340.7715 Mbps     0 retrans   6810 KB-cwnd
[2024-11-05T17:20:09.273226-0600]    23.0000 MB /   0.50 sec =  385.8351 Mbps     0 retrans   9108 KB-cwnd
[2024-11-05T17:20:09.773149-0600]    13.9375 MB /   0.50 sec =  233.8652 Mbps     0 retrans   9172 KB-cwnd
[2024-11-05T17:20:10.273190-0600]    14.0000 MB /   0.50 sec =  234.8782 Mbps     0 retrans   9172 KB-cwnd
[2024-11-05T17:20:10.773188-0600]    11.3125 MB /   0.50 sec =  189.7820 Mbps     0 retrans   9220 KB-cwnd
[2024-11-05T17:20:11.273082-0600]    12.3125 MB /   0.50 sec =  206.5947 Mbps     0 retrans   9220 KB-cwnd
[2024-11-05T17:20:11.773309-0600]    14.3750 MB /   0.50 sec =  241.1112 Mbps     0 retrans  11109 KB-cwnd
[2024-11-05T17:20:12.273182-0600]    17.2500 MB /   0.50 sec =  289.4539 Mbps     0 retrans  11109 KB-cwnd
[2024-11-05T17:20:12.773176-0600]    19.8750 MB /   0.50 sec =  333.4585 Mbps     0 retrans  11109 KB-cwnd
[2024-11-05T17:20:13.273171-0600]    21.3750 MB /   0.50 sec =  358.6108 Mbps     0 retrans  11229 KB-cwnd
[2024-11-05T17:20:13.773310-0600]    22.0625 MB /   0.50 sec =  370.0763 Mbps     0 retrans  11229 KB-cwnd
[2024-11-05T17:20:14.273281-0600]    24.4375 MB /   0.50 sec =  410.0719 Mbps     0 retrans  11229 KB-cwnd
[2024-11-05T17:20:14.773154-0600]    26.6875 MB /   0.50 sec =  447.7473 Mbps     0 retrans   7874 KB-cwnd
[2024-11-05T17:20:15.273224-0600]    14.1250 MB /   0.50 sec =  236.9502 Mbps     0 retrans   7874 KB-cwnd
[2024-11-05T17:20:15.773396-0600]    14.4375 MB /   0.50 sec =  242.1402 Mbps     0 retrans   7874 KB-cwnd
[2024-11-05T17:20:16.273077-0600]    25.1875 MB /   0.50 sec =  422.7909 Mbps     0 retrans   7874 KB-cwnd
[2024-11-05T17:20:16.773216-0600]    28.0625 MB /   0.50 sec =  470.7777 Mbps     0 retrans   7789 KB-cwnd
[2024-11-05T17:20:17.273161-0600]    25.5000 MB /   0.50 sec =  427.8241 Mbps     0 retrans   7789 KB-cwnd
[2024-11-05T17:20:17.773162-0600]    18.5000 MB /   0.50 sec =  310.3742 Mbps     0 retrans   7789 KB-cwnd
[2024-11-05T17:20:18.273182-0600]    24.9375 MB /   0.50 sec =  418.3751 Mbps     0 retrans  12145 KB-cwnd
[2024-11-05T17:20:18.773233-0600]    25.9375 MB /   0.50 sec =  435.1060 Mbps     0 retrans  12145 KB-cwnd
[2024-11-05T17:20:19.273181-0600]    27.9375 MB /   0.50 sec =  468.7800 Mbps     0 retrans  12102 KB-cwnd
[2024-11-05T17:20:19.773166-0600]    26.3125 MB /   0.50 sec =  441.4523 Mbps     0 retrans   8154 KB-cwnd
[2024-11-05T17:20:20.273107-0600]    29.8750 MB /   0.50 sec =  501.2494 Mbps     0 retrans   8599 KB-cwnd
[2024-11-05T17:20:20.773102-0600]    29.8750 MB /   0.50 sec =  501.2053 Mbps     0 retrans   9270 KB-cwnd
[2024-11-05T17:20:21.273161-0600]    28.1250 MB /   0.50 sec =  471.8403 Mbps     0 retrans  10680 KB-cwnd
[2024-11-05T17:20:21.773316-0600]    31.1250 MB /   0.50 sec =  522.0447 Mbps     0 retrans  10757 KB-cwnd
[2024-11-05T17:20:22.273176-0600]    32.0625 MB /   0.50 sec =  538.0680 Mbps     0 retrans  12422 KB-cwnd
[2024-11-05T17:20:22.773179-0600]    31.6250 MB /   0.50 sec =  530.5710 Mbps     0 retrans  12806 KB-cwnd
[2024-11-05T17:20:23.273185-0600]    32.1875 MB /   0.50 sec =  540.0274 Mbps     0 retrans  17193 KB-cwnd
[2024-11-05T17:20:23.773174-0600]    30.8125 MB /   0.50 sec =  516.9459 Mbps     0 retrans  17321 KB-cwnd
[2024-11-05T17:20:24.273185-0600]    39.3125 MB /   0.50 sec =  659.5398 Mbps     0 retrans  15800 KB-cwnd
[2024-11-05T17:20:24.773205-0600]    34.3750 MB /   0.50 sec =  576.7214 Mbps     0 retrans  15800 KB-cwnd
[2024-11-05T17:20:25.273087-0600]    24.0000 MB /   0.50 sec =  402.6814 Mbps     0 retrans  15800 KB-cwnd
[2024-11-05T17:20:25.773179-0600]    28.2500 MB /   0.50 sec =  473.9346 Mbps     0 retrans  14098 KB-cwnd
[2024-11-05T17:20:26.273183-0600]    23.3125 MB /   0.50 sec =  391.1071 Mbps     0 retrans  14098 KB-cwnd
[2024-11-05T17:20:26.773160-0600]    23.8750 MB /   0.50 sec =  400.5689 Mbps     0 retrans  14087 KB-cwnd
[2024-11-05T17:20:27.273100-0600]    19.0000 MB /   0.50 sec =  318.7805 Mbps     0 retrans  16445 KB-cwnd
[2024-11-05T17:20:27.773214-0600]    17.6875 MB /   0.50 sec =  296.7334 Mbps     0 retrans  16445 KB-cwnd
[2024-11-05T17:20:28.273170-0600]    21.0625 MB /   0.50 sec =  353.3609 Mbps     0 retrans  16445 KB-cwnd
[2024-11-05T17:20:28.773191-0600]    19.3750 MB /   0.50 sec =  325.0560 Mbps     0 retrans  16445 KB-cwnd
[2024-11-05T17:20:29.273164-0600]    21.6250 MB /   0.50 sec =  362.8218 Mbps     0 retrans  16578 KB-cwnd
[2024-11-05T17:20:29.773393-0600]    16.8125 MB /   0.50 sec =  282.0258 Mbps     0 retrans  16578 KB-cwnd
[2024-11-05T17:20:30.273365-0600]    21.6250 MB /   0.50 sec =  362.7355 Mbps     0 retrans  16578 KB-cwnd
[2024-11-05T17:20:30.773218-0600]    20.0000 MB /   0.50 sec =  335.6242 Mbps     0 retrans  16578 KB-cwnd
[2024-11-05T17:20:31.273180-0600]    25.1250 MB /   0.50 sec =  421.5689 Mbps     0 retrans  10222 KB-cwnd
[2024-11-05T17:20:31.773222-0600]    25.2500 MB /   0.50 sec =  423.5832 Mbps     0 retrans  10222 KB-cwnd
[2024-11-05T17:20:32.273152-0600]    31.8750 MB /   0.50 sec =  534.8379 Mbps     0 retrans   7387 KB-cwnd
[2024-11-05T17:20:32.773080-0600]    27.4375 MB /   0.50 sec =  460.3424 Mbps     0 retrans   7419 KB-cwnd
End time: 1730848832965
