Start time: 1730510291831
[2024-11-01T18:18:16.881237-0700] traceroute to 54.176.53.206 (54.176.53.206), 30 hops max, 60 byte packets
[2024-11-01T18:18:16.882122-0700]  1  * * *
[2024-11-01T18:18:16.882182-0700]  2  * * *
[2024-11-01T18:18:16.882224-0700]  3  * * *
[2024-11-01T18:18:16.882264-0700]  4  * * *
[2024-11-01T18:18:16.882303-0700]  5  * * *
[2024-11-01T18:18:21.887441-0700]  6  * * *
[2024-11-01T18:18:21.887854-0700]  7  * * *
[2024-11-01T18:18:21.887970-0700]  8  * * *
[2024-11-01T18:18:21.897036-0700]  9  * * *
[2024-11-01T18:18:21.897382-0700] 10  * * *
[2024-11-01T18:18:26.893256-0700] 11  * * *
[2024-11-01T18:18:26.893733-0700] 12  * * *
[2024-11-01T18:18:26.903135-0700] 13  * * *
[2024-11-01T18:18:26.903444-0700] 14  * * *
[2024-11-01T18:18:26.911812-0700] 15  * * *
[2024-11-01T18:18:31.902562-0700] 16  * * *
[2024-11-01T18:18:31.902940-0700] 17  * * *
[2024-11-01T18:18:31.910201-0700] 18  * * *
[2024-11-01T18:18:31.910497-0700] 19  * * *
[2024-11-01T18:18:31.922943-0700] 20  * * *
[2024-11-01T18:18:31.923247-0700] 21  * * *
[2024-11-01T18:18:36.911469-0700] 22  * * *
[2024-11-01T18:18:36.918876-0700] 23  * * *
[2024-11-01T18:18:36.925581-0700] 24  * * *
[2024-11-01T18:18:36.925753-0700] 25  * * *
[2024-11-01T18:18:36.929659-0700] 26  * * *
[2024-11-01T18:18:41.872225-0700] 27  * *End time: 1730510321963
