Start time: 1747685908919
Connecting to host 34.145.166.89, port 5207
Reverse mode, remote host 34.145.166.89 is sending
[  5] local 192.0.0.2 port 42070 connected to 34.145.166.89 port 5207
[ ID] Interval           Transfer     Bitrate
[  5]   0.00-0.10   sec   147 KBytes  12.0 Mbits/sec                  
[  5]   0.10-0.20   sec   262 KBytes  21.5 Mbits/sec                  
[  5]   0.20-0.30   sec   265 KBytes  21.7 Mbits/sec                  
[  5]   0.30-0.40   sec   353 KBytes  28.9 Mbits/sec                  
[  5]   0.40-0.50   sec   336 KBytes  27.5 Mbits/sec                  
[  5]   0.50-0.60   sec   497 KBytes  40.7 Mbits/sec                  
[  5]   0.60-0.70   sec   505 KBytes  41.3 Mbits/sec                  
[  5]   0.70-0.80   sec   619 KBytes  50.8 Mbits/sec                  
[  5]   0.80-0.90   sec   566 KBytes  46.3 Mbits/sec                  
[  5]   0.90-1.00   sec   702 KBytes  57.6 Mbits/sec                  
[  5]   1.00-1.10   sec   742 KBytes  60.7 Mbits/sec                  
[  5]   1.10-1.20   sec   935 KBytes  76.7 Mbits/sec                  
[  5]   1.20-1.30   sec   895 KBytes  73.3 Mbits/sec                  
[  5]   1.30-1.40   sec  1.05 MBytes  87.7 Mbits/sec                  
[  5]   1.40-1.50   sec  1.28 MBytes   107 Mbits/sec                  
[  5]   1.50-1.60   sec  1.23 MBytes   103 Mbits/sec                  
[  5]   1.60-1.70   sec  1.83 MBytes   153 Mbits/sec                  
[  5]   1.70-1.80   sec  1.93 MBytes   162 Mbits/sec                  
[  5]   1.80-1.90   sec  1.86 MBytes   156 Mbits/sec                  
[  5]   1.90-2.00   sec  2.52 MBytes   212 Mbits/sec                  
[  5]   2.00-2.10   sec  2.70 MBytes   227 Mbits/sec                  
[  5]   2.10-2.20   sec  2.72 MBytes   228 Mbits/sec                  
[  5]   2.20-2.30   sec  3.24 MBytes   272 Mbits/sec                  
[  5]   2.30-2.40   sec  3.89 MBytes   326 Mbits/sec                  
[  5]   2.40-2.50   sec  3.47 MBytes   291 Mbits/sec                  
[  5]   2.50-2.60   sec  1.25 MBytes   105 Mbits/sec                  
[  5]   2.60-2.70   sec  0.00 Bytes  0.00 bits/sec                  
[  5]   2.70-2.80   sec  2.44 MBytes   205 Mbits/sec                  
[  5]   2.80-2.90   sec  3.46 MBytes   291 Mbits/sec                  
[  5]   2.90-3.00   sec  1.03 MBytes  86.3 Mbits/sec                  
[  5]   3.00-3.10   sec  2.30 MBytes   193 Mbits/sec                  
[  5]   3.10-3.20   sec  2.75 MBytes   231 Mbits/sec                  
[  5]   3.20-3.30   sec  3.71 MBytes   312 Mbits/sec                  
[  5]   3.30-3.40   sec  5.06 MBytes   425 Mbits/sec                  
[  5]   3.40-3.50   sec  3.89 MBytes   326 Mbits/sec                  
[  5]   3.50-3.60   sec  4.25 MBytes   356 Mbits/sec                  
[  5]   3.60-3.70   sec  3.97 MBytes   333 Mbits/sec                  
[  5]   3.70-3.80   sec  4.23 MBytes   354 Mbits/sec                  
[  5]   3.80-3.90   sec  4.05 MBytes   340 Mbits/sec                  
[  5]   3.90-4.00   sec   312 KBytes  25.5 Mbits/sec                  
[  5]   4.00-4.10   sec  3.60 MBytes   302 Mbits/sec                  
[  5]   4.10-4.20   sec  3.28 MBytes   275 Mbits/sec                  
[  5]   4.20-4.30   sec  4.26 MBytes   358 Mbits/sec                  
[  5]   4.30-4.40   sec  1.63 MBytes   137 Mbits/sec                  
[  5]   4.40-4.50   sec  0.00 Bytes  0.00 bits/sec                  
[  5]   4.50-4.60   sec  4.55 MBytes   382 Mbits/sec                  
[  5]   4.60-4.70   sec  3.29 MBytes   276 Mbits/sec                  
[  5]   4.70-4.80   sec  2.75 MBytes   230 Mbits/sec                  
[  5]   4.80-4.90   sec  2.61 MBytes   219 Mbits/sec                  
[  5]   4.90-5.00   sec  3.55 MBytes   299 Mbits/sec                  
- - - - - - - - - - - - - - - - - - - - - - - - -
[ ID] Interval           Transfer     Bitrate         Retr
[  5]   0.00-5.03   sec   109 MBytes   182 Mbits/sec    0             sender
[  5]   0.00-5.00   sec   107 MBytes   179 Mbits/sec                  receiver

iperf Done.
End time: 1747685914561
