Start time: 1730928920424
[2024-11-06T16:35:21.629550-0500] nuttcp-r: v8.1.4: socket
[2024-11-06T16:35:21.630371-0500] nuttcp-r: buflen=65536, nstream=1, port=5379 tcp
[2024-11-06T16:35:21.630451-0500] nuttcp-r: interval reporting every 0.50 seconds
[2024-11-06T16:35:21.630515-0500] nuttcp-r: connect to 54.197.223.49 with RTT=54.799 ms af=inet
[2024-11-06T16:35:21.630577-0500] nuttcp-r: send window size = 2097152, receive window size = 6291456
[2024-11-06T16:35:21.630634-0500] nuttcp-r: available send window = 1572864, available receive window = 4718592
[2024-11-06T16:35:21.630688-0500]     0.7500 MB /   0.50 sec =   12.5814 Mbps     0 retrans     13 KB-cwnd
[2024-11-06T16:35:22.130161-0500]     1.8750 MB /   0.50 sec =   31.4514 Mbps     0 retrans     13 KB-cwnd
[2024-11-06T16:35:22.629415-0500]     2.9375 MB /   0.50 sec =   49.2902 Mbps     0 retrans     13 KB-cwnd
[2024-11-06T16:35:23.129410-0500]     3.3750 MB /   0.50 sec =   56.6208 Mbps     0 retrans     13 KB-cwnd
[2024-11-06T16:35:23.630493-0500]     3.9375 MB /   0.50 sec =   65.9888 Mbps     0 retrans     13 KB-cwnd
[2024-11-06T16:35:24.129532-0500]     3.7500 MB /   0.50 sec =   62.9765 Mbps     0 retrans     13 KB-cwnd
[2024-11-06T16:35:24.629416-0500]     5.8750 MB /   0.50 sec =   98.5843 Mbps     0 retrans     13 KB-cwnd
[2024-11-06T16:35:25.130546-0500]     2.7500 MB /   0.50 sec =   46.0384 Mbps     0 retrans     13 KB-cwnd
[2024-11-06T16:35:25.630585-0500]     3.6875 MB /   0.50 sec =   61.8610 Mbps     0 retrans     13 KB-cwnd
[2024-11-06T16:35:26.129627-0500]     2.5000 MB /   0.50 sec =   42.0333 Mbps     0 retrans     13 KB-cwnd
[2024-11-06T16:35:26.629461-0500]     5.0625 MB /   0.50 sec =   84.9367 Mbps     0 retrans     13 KB-cwnd
[2024-11-06T16:35:27.130928-0500]     1.8750 MB /   0.50 sec =   31.3800 Mbps     0 retrans     13 KB-cwnd
[2024-11-06T16:35:27.630998-0500]     2.0625 MB /   0.50 sec =   34.6105 Mbps     0 retrans     13 KB-cwnd
[2024-11-06T16:35:28.129506-0500]     3.9375 MB /   0.50 sec =   66.2037 Mbps     0 retrans     13 KB-cwnd
[2024-11-06T16:35:28.629441-0500]     4.3750 MB /   0.50 sec =   73.4088 Mbps     0 retrans     13 KB-cwnd
[2024-11-06T16:35:29.129523-0500]     5.0625 MB /   0.50 sec =   84.9219 Mbps     0 retrans     13 KB-cwnd
[2024-11-06T16:35:29.629454-0500]     6.3750 MB /   0.50 sec =  106.9702 Mbps     0 retrans     13 KB-cwnd
[2024-11-06T16:35:30.130455-0500]     4.2500 MB /   0.50 sec =   71.1593 Mbps     0 retrans     13 KB-cwnd
[2024-11-06T16:35:30.629638-0500]     2.1875 MB /   0.50 sec =   36.7615 Mbps     0 retrans     13 KB-cwnd
[2024-11-06T16:35:31.129506-0500]     6.5000 MB /   0.50 sec =  109.0728 Mbps     0 retrans     13 KB-cwnd
[2024-11-06T16:35:31.629498-0500]     3.8125 MB /   0.50 sec =   63.9734 Mbps     0 retrans     13 KB-cwnd
[2024-11-06T16:35:32.129437-0500]     7.2500 MB /   0.50 sec =  121.6365 Mbps     0 retrans     13 KB-cwnd
[2024-11-06T16:35:32.629438-0500]     9.2500 MB /   0.50 sec =  155.1874 Mbps     0 retrans     13 KB-cwnd
[2024-11-06T16:35:33.129417-0500]    10.0625 MB /   0.50 sec =  168.8248 Mbps     0 retrans     13 KB-cwnd
[2024-11-06T16:35:33.629437-0500]     5.5000 MB /   0.50 sec =   92.2736 Mbps     0 retrans     13 KB-cwnd
[2024-11-06T16:35:34.129542-0500]     4.0625 MB /   0.50 sec =   68.1580 Mbps     0 retrans     13 KB-cwnd
[2024-11-06T16:35:34.629569-0500]     8.1250 MB /   0.50 sec =  136.3160 Mbps     0 retrans     13 KB-cwnd
[2024-11-06T16:35:35.129690-0500]     4.5000 MB /   0.50 sec =   75.4584 Mbps     0 retrans     13 KB-cwnd
[2024-11-06T16:35:35.629428-0500]     9.2500 MB /   0.50 sec =  155.2684 Mbps     0 retrans     13 KB-cwnd
[2024-11-06T16:35:36.129475-0500]     7.5625 MB /   0.50 sec =  126.8607 Mbps     0 retrans     13 KB-cwnd
[2024-11-06T16:35:36.629432-0500]     3.8750 MB /   0.50 sec =   65.0190 Mbps     0 retrans     13 KB-cwnd
[2024-11-06T16:35:37.129488-0500]     9.1250 MB /   0.50 sec =  153.0746 Mbps     0 retrans     15 KB-cwnd
[2024-11-06T16:35:37.629715-0500]     5.2500 MB /   0.50 sec =   88.0679 Mbps     0 retrans     15 KB-cwnd
[2024-11-06T16:35:38.129434-0500]     9.8125 MB /   0.50 sec =  164.6683 Mbps     0 retrans     17 KB-cwnd
[2024-11-06T16:35:38.629448-0500]    10.1875 MB /   0.50 sec =  170.9165 Mbps     0 retrans     23 KB-cwnd
[2024-11-06T16:35:39.129654-0500]    12.0000 MB /   0.50 sec =  201.2348 Mbps     0 retrans     25 KB-cwnd
[2024-11-06T16:35:39.629508-0500]    15.5000 MB /   0.50 sec =  260.1384 Mbps     0 retrans     26 KB-cwnd
[2024-11-06T16:35:40.131030-0500]     8.4375 MB /   0.50 sec =  141.1445 Mbps     0 retrans     26 KB-cwnd
[2024-11-06T16:35:40.630663-0500]     1.1875 MB /   0.50 sec =   19.9408 Mbps     0 retrans     26 KB-cwnd
[2024-11-06T16:35:41.130533-0500]    12.9375 MB /   0.50 sec =  217.0596 Mbps     0 retrans     26 KB-cwnd
[2024-11-06T16:35:41.629413-0500]     9.9375 MB /   0.50 sec =  167.0825 Mbps     0 retrans     26 KB-cwnd
[2024-11-06T16:35:42.130556-0500]     3.6875 MB /   0.50 sec =   61.7293 Mbps     0 retrans     26 KB-cwnd
[2024-11-06T16:35:42.629888-0500]     0.2500 MB /   0.50 sec =    4.2004 Mbps     0 retrans     26 KB-cwnd
[2024-11-06T16:35:43.129548-0500]    10.6250 MB /   0.50 sec =  178.3542 Mbps     0 retrans     26 KB-cwnd
[2024-11-06T16:35:43.629398-0500]     6.3125 MB /   0.50 sec =  105.9320 Mbps     0 retrans     26 KB-cwnd
[2024-11-06T16:35:44.130527-0500]     2.1875 MB /   0.50 sec =   36.6221 Mbps     0 retrans     26 KB-cwnd
[2024-11-06T16:35:44.629423-0500]    16.6250 MB /   0.50 sec =  279.5149 Mbps     0 retrans     26 KB-cwnd
[2024-11-06T16:35:45.129421-0500]    17.6250 MB /   0.50 sec =  295.6907 Mbps     0 retrans     27 KB-cwnd
[2024-11-06T16:35:45.629396-0500]    21.1875 MB /   0.50 sec =  355.4794 Mbps     0 retrans     31 KB-cwnd
[2024-11-06T16:35:46.129549-0500]    24.8750 MB /   0.50 sec =  417.3241 Mbps     0 retrans     42 KB-cwnd
[2024-11-06T16:35:46.629780-0500]    30.8125 MB /   0.50 sec =  516.5987 Mbps     0 retrans     42 KB-cwnd
[2024-11-06T16:35:47.130759-0500]    19.5625 MB /   0.50 sec =  327.6918 Mbps     0 retrans     42 KB-cwnd
[2024-11-06T16:35:47.629504-0500]     4.3750 MB /   0.50 sec =   73.5529 Mbps     0 retrans     42 KB-cwnd
[2024-11-06T16:35:48.129480-0500]    18.3750 MB /   0.50 sec =  308.2869 Mbps  2709 retrans   2933 KB-cwnd
[2024-11-06T16:35:48.629408-0500]     9.3750 MB /   0.50 sec =  157.3100 Mbps     0 retrans   2933 KB-cwnd
[2024-11-06T16:35:49.129471-0500]    24.8125 MB /   0.50 sec =  416.2472 Mbps     0 retrans   2933 KB-cwnd
[2024-11-06T16:35:49.629706-0500]     7.8750 MB /   0.50 sec =  132.0765 Mbps     0 retrans   2933 KB-cwnd
[2024-11-06T16:35:50.129393-0500]    12.5000 MB /   0.50 sec =  209.8096 Mbps     0 retrans   2933 KB-cwnd
[2024-11-06T16:35:50.629617-0500]     3.1250 MB /   0.50 sec =   52.4095 Mbps     0 retrans   2933 KB-cwnd
[2024-11-06T16:35:51.130506-0500]    28.2500 MB /   0.50 sec =  473.1284 Mbps     0 retrans   2933 KB-cwnd
[2024-11-06T16:35:51.629569-0500]    33.1875 MB /   0.50 sec =  557.9734 Mbps     0 retrans   2898 KB-cwnd
[2024-11-06T16:35:52.129456-0500]    36.0625 MB /   0.50 sec =  604.9691 Mbps 11668 retrans      5 KB-cwnd
[2024-11-06T16:35:52.629523-0500]    39.9375 MB /   0.50 sec =  669.9409 Mbps     0 retrans      5 KB-cwnd
[2024-11-06T16:35:53.129614-0500]    16.9375 MB /   0.50 sec =  284.1027 Mbps     0 retrans      5 KB-cwnd
[2024-11-06T16:35:53.629510-0500]     4.1875 MB /   0.50 sec =   70.2878 Mbps  6305 retrans   6681 KB-cwnd
[2024-11-06T16:35:54.130526-0500]    22.3750 MB /   0.50 sec =  374.5953 Mbps     0 retrans   8967 KB-cwnd
[2024-11-06T16:35:54.629394-0500]    15.8125 MB /   0.50 sec =  265.8501 Mbps     0 retrans   8967 KB-cwnd
[2024-11-06T16:35:55.130749-0500]     8.8125 MB /   0.50 sec =  147.5244 Mbps     0 retrans   8967 KB-cwnd
[2024-11-06T16:35:55.629406-0500]    23.0000 MB /   0.50 sec =  386.7260 Mbps     0 retrans   8967 KB-cwnd
[2024-11-06T16:35:56.129552-0500]    35.8750 MB /   0.50 sec =  601.7466 Mbps     0 retrans  12427 KB-cwnd
[2024-11-06T16:35:56.629386-0500]    41.0625 MB /   0.50 sec =  689.0757 Mbps  1403 retrans  13602 KB-cwnd
[2024-11-06T16:35:57.129403-0500]    39.8750 MB /   0.50 sec =  668.9674 Mbps     0 retrans  13600 KB-cwnd
[2024-11-06T16:35:57.629752-0500]    40.3125 MB /   0.50 sec =  676.1206 Mbps  5107 retrans  10419 KB-cwnd
[2024-11-06T16:35:58.129396-0500]    23.8125 MB /   0.50 sec =  399.6449 Mbps     0 retrans  10419 KB-cwnd
[2024-11-06T16:35:58.629725-0500]    21.5000 MB /   0.50 sec =  360.7181 Mbps     0 retrans  10419 KB-cwnd
[2024-11-06T16:35:59.129422-0500]    11.8750 MB /   0.50 sec =  199.2278 Mbps     0 retrans  10419 KB-cwnd
[2024-11-06T16:35:59.630118-0500]     9.7500 MB /   0.50 sec =  163.4337 Mbps     0 retrans  10421 KB-cwnd
[2024-11-06T16:36:00.129602-0500]    18.4375 MB /   0.50 sec =  309.5020 Mbps     0 retrans  11255 KB-cwnd
[2024-11-06T16:36:00.629310-0500]    27.8125 MB /   0.50 sec =  466.8002 Mbps     0 retrans  11255 KB-cwnd
[2024-11-06T16:36:01.129401-0500]    15.2500 MB /   0.50 sec =  255.8285 Mbps     0 retrans  11255 KB-cwnd
[2024-11-06T16:36:01.629390-0500]    28.8750 MB /   0.50 sec =  484.4499 Mbps     0 retrans  12577 KB-cwnd
[2024-11-06T16:36:02.129536-0500]    19.8750 MB /   0.50 sec =  333.3758 Mbps     0 retrans  12577 KB-cwnd
[2024-11-06T16:36:02.629499-0500]    38.8125 MB /   0.50 sec =  651.1344 Mbps     0 retrans  12577 KB-cwnd
[2024-11-06T16:36:03.130793-0500]    14.9375 MB /   0.50 sec =  250.1064 Mbps  4533 retrans  11950 KB-cwnd
[2024-11-06T16:36:03.629477-0500]    39.2500 MB /   0.50 sec =  659.9259 Mbps     0 retrans  11950 KB-cwnd
[2024-11-06T16:36:04.129398-0500]    40.8750 MB /   0.50 sec =  685.8524 Mbps  1150 retrans  11940 KB-cwnd
[2024-11-06T16:36:04.629583-0500]    38.1250 MB /   0.50 sec =  639.4664 Mbps     0 retrans  11940 KB-cwnd
[2024-11-06T16:36:05.129501-0500]    41.6875 MB /   0.50 sec =  699.4855 Mbps  1182 retrans  12105 KB-cwnd
[2024-11-06T16:36:05.629379-0500]    35.0625 MB /   0.50 sec =  588.3417 Mbps     0 retrans  12105 KB-cwnd
[2024-11-06T16:36:06.129507-0500]    30.5625 MB /   0.50 sec =  512.6655 Mbps   179 retrans  13778 KB-cwnd
[2024-11-06T16:36:06.629414-0500]    44.5000 MB /   0.50 sec =  746.7026 Mbps     0 retrans  13778 KB-cwnd
[2024-11-06T16:36:07.129424-0500]    38.0000 MB /   0.50 sec =  637.5291 Mbps     0 retrans  13485 KB-cwnd
[2024-11-06T16:36:07.629404-0500]    40.7500 MB /   0.50 sec =  683.6784 Mbps     0 retrans  13485 KB-cwnd
[2024-11-06T16:36:08.129812-0500]    41.5625 MB /   0.50 sec =  696.9504 Mbps   339 retrans  11897 KB-cwnd
[2024-11-06T16:36:08.630668-0500]    39.8750 MB /   0.50 sec =  668.6411 Mbps    21 retrans  11151 KB-cwnd
[2024-11-06T16:36:09.129584-0500]    40.5000 MB /   0.50 sec =  679.9886 Mbps     0 retrans  11311 KB-cwnd
[2024-11-06T16:36:09.629446-0500]    39.0000 MB /   0.50 sec =  654.4855 Mbps     0 retrans  12361 KB-cwnd
[2024-11-06T16:36:10.129323-0500]    32.6250 MB /   0.50 sec =  547.4070 Mbps     0 retrans  12334 KB-cwnd
[2024-11-06T16:36:10.629409-0500]     9.9375 MB /   0.50 sec =  166.7056 Mbps     0 retrans  12334 KB-cwnd
[2024-11-06T16:36:11.129401-0500]    12.0625 MB /   0.50 sec =  202.3800 Mbps     0 retrans  12387 KB-cwnd
[2024-11-06T16:36:11.629475-0500]    15.9375 MB /   0.50 sec =  267.3548 Mbps     0 retrans  13011 KB-cwnd
[2024-11-06T16:36:12.129390-0500]    37.0625 MB /   0.50 sec =  621.8752 Mbps     0 retrans  13011 KB-cwnd
[2024-11-06T16:36:12.629437-0500]    31.0625 MB /   0.50 sec =  521.1381 Mbps     0 retrans  13011 KB-cwnd
[2024-11-06T16:36:13.129590-0500]    40.1250 MB /   0.50 sec =  673.1198 Mbps     0 retrans  14686 KB-cwnd
[2024-11-06T16:36:13.629733-0500]    39.1875 MB /   0.50 sec =  657.5124 Mbps  5886 retrans  10155 KB-cwnd
[2024-11-06T16:36:14.129620-0500]    29.7500 MB /   0.50 sec =  499.1022 Mbps     0 retrans  10950 KB-cwnd
[2024-11-06T16:36:14.629560-0500]     7.5000 MB /   0.50 sec =  125.8347 Mbps     0 retrans  10950 KB-cwnd
[2024-11-06T16:36:15.129531-0500]    38.5000 MB /   0.50 sec =  645.9396 Mbps    97 retrans  11823 KB-cwnd
[2024-11-06T16:36:15.629406-0500]    41.8750 MB /   0.50 sec =  702.5501 Mbps     0 retrans  11410 KB-cwnd
[2024-11-06T16:36:16.129395-0500]    39.7500 MB /   0.50 sec =  666.8783 Mbps     0 retrans  12377 KB-cwnd
[2024-11-06T16:36:16.629386-0500]    16.3750 MB /   0.50 sec =  274.7335 Mbps     0 retrans  12377 KB-cwnd
[2024-11-06T16:36:17.129508-0500]    24.6875 MB /   0.50 sec =  414.1088 Mbps     0 retrans  12377 KB-cwnd
[2024-11-06T16:36:17.629668-0500]     0.3750 MB /   0.50 sec =    6.2922 Mbps     0 retrans  12377 KB-cwnd
[2024-11-06T16:36:18.129445-0500]    35.1875 MB /   0.50 sec =  590.3589 Mbps  1493 retrans  12758 KB-cwnd
[2024-11-06T16:36:18.629459-0500]     5.5625 MB /   0.50 sec =   93.3218 Mbps     0 retrans  12758 KB-cwnd
[2024-11-06T16:36:19.129321-0500]    13.8750 MB /   0.50 sec =  232.8048 Mbps     0 retrans  12758 KB-cwnd
[2024-11-06T16:36:19.629446-0500]    30.1250 MB /   0.50 sec =  505.3722 Mbps     0 retrans  12758 KB-cwnd
[2024-11-06T16:36:20.129434-0500]    36.9375 MB /   0.50 sec =  619.7121 Mbps     0 retrans  13879 KB-cwnd
[2024-11-06T16:36:20.629447-0500]    41.0625 MB /   0.50 sec =  688.9503 Mbps     0 retrans  13879 KB-cwnd
[2024-11-06T16:36:21.129480-0500]    40.5000 MB /   0.50 sec =  679.4161 Mbps  2047 retrans  10626 KB-cwnd
[2024-11-06T16:36:21.629418-0500]    42.0000 MB /   0.50 sec =  704.6938 Mbps  2884 retrans  13402 KB-cwnd
[2024-11-06T16:36:22.129409-0500]    31.0625 MB /   0.50 sec =  521.1496 Mbps     0 retrans  13528 KB-cwnd
[2024-11-06T16:36:22.629405-0500]    38.3125 MB /   0.50 sec =  642.7655 Mbps     0 retrans  13528 KB-cwnd
[2024-11-06T16:36:23.129625-0500]    43.0625 MB /   0.50 sec =  722.4082 Mbps     0 retrans  12867 KB-cwnd
[2024-11-06T16:36:23.629792-0500]    36.6250 MB /   0.50 sec =  614.4520 Mbps     0 retrans  12102 KB-cwnd
[2024-11-06T16:36:24.130709-0500]    20.8750 MB /   0.50 sec =  349.3893 Mbps     0 retrans  12102 KB-cwnd
[2024-11-06T16:36:24.629570-0500]     3.8750 MB /   0.50 sec =   65.1460 Mbps     0 retrans  12102 KB-cwnd
[2024-11-06T16:36:25.129830-0500]    16.8125 MB /   0.50 sec =  281.9626 Mbps     0 retrans  12102 KB-cwnd
[2024-11-06T16:36:25.629413-0500]    38.5000 MB /   0.50 sec =  646.4438 Mbps     2 retrans  13328 KB-cwnd
[2024-11-06T16:36:26.129491-0500]    40.1250 MB /   0.50 sec =  673.1427 Mbps     0 retrans  13328 KB-cwnd
[2024-11-06T16:36:26.629409-0500]    35.8750 MB /   0.50 sec =  601.9151 Mbps    19 retrans  12084 KB-cwnd
[2024-11-06T16:36:27.129554-0500]     6.7500 MB /   0.50 sec =  113.2222 Mbps     0 retrans  12084 KB-cwnd
[2024-11-06T16:36:27.629409-0500]    37.6250 MB /   0.50 sec =  631.3791 Mbps     0 retrans  12084 KB-cwnd
[2024-11-06T16:36:28.130438-0500]    13.8125 MB /   0.50 sec =  231.2783 Mbps     0 retrans  12084 KB-cwnd
[2024-11-06T16:36:28.629459-0500]    38.4375 MB /   0.50 sec =  646.1692 Mbps  3445 retrans  12694 KB-cwnd
[2024-11-06T16:36:29.129526-0500]    19.8125 MB /   0.50 sec =  332.3275 Mbps     0 retrans  12694 KB-cwnd
[2024-11-06T16:36:29.629402-0500]    21.6875 MB /   0.50 sec =  363.9257 Mbps     0 retrans  11713 KB-cwnd
[2024-11-06T16:36:30.129703-0500]    39.5625 MB /   0.50 sec =  663.7314 Mbps     0 retrans  11713 KB-cwnd
[2024-11-06T16:36:30.630914-0500]    36.3125 MB /   0.50 sec =  607.4780 Mbps  2482 retrans  12542 KB-cwnd
[2024-11-06T16:36:31.129445-0500]    40.3750 MB /   0.50 sec =  679.3379 Mbps     0 retrans  12542 KB-cwnd
[2024-11-06T16:36:31.629435-0500]    34.0625 MB /   0.50 sec =  571.4876 Mbps  2797 retrans  12459 KB-cwnd
[2024-11-06T16:36:32.129637-0500]    14.0625 MB /   0.50 sec =  235.9287 Mbps     0 retrans  12459 KB-cwnd
[2024-11-06T16:36:32.629444-0500]     9.0000 MB /   0.50 sec =  150.9925 Mbps     0 retrans  12459 KB-cwnd
[2024-11-06T16:36:33.129533-0500]    38.1875 MB /   0.50 sec =  640.5544 Mbps     0 retrans  12459 KB-cwnd
[2024-11-06T16:36:33.630609-0500]    11.1875 MB /   0.50 sec =  187.3134 Mbps     0 retrans  13325 KB-cwnd
[2024-11-06T16:36:34.129407-0500]    10.8125 MB /   0.50 sec =  181.8094 Mbps     0 retrans  13325 KB-cwnd
[2024-11-06T16:36:34.629785-0500]    36.2500 MB /   0.50 sec =  608.1376 Mbps     0 retrans  13453 KB-cwnd
[2024-11-06T16:36:35.129446-0500]    40.5625 MB /   0.50 sec =  680.5476 Mbps  1042 retrans  10377 KB-cwnd
[2024-11-06T16:36:35.629541-0500]    11.5000 MB /   0.50 sec =  192.9087 Mbps     0 retrans  10377 KB-cwnd
[2024-11-06T16:36:36.129790-0500]     0.0000 MB /   0.50 sec =    0.0000 Mbps     0 retrans  10377 KB-cwnd
[2024-11-06T16:36:36.630103-0500]     8.1875 MB /   0.50 sec =  137.2761 Mbps     0 retrans  10377 KB-cwnd
[2024-11-06T16:36:37.130669-0500]     1.1250 MB /   0.50 sec =   18.8597 Mbps     0 retrans  10377 KB-cwnd
[2024-11-06T16:36:37.629391-0500]     1.5000 MB /   0.50 sec =   25.2190 Mbps     0 retrans  10377 KB-cwnd
[2024-11-06T16:36:38.129660-0500]    12.1250 MB /   0.50 sec =  203.3481 Mbps    47 retrans  10377 KB-cwnd
[2024-11-06T16:36:38.629585-0500]     0.0000 MB /   0.50 sec =    0.0000 Mbps     0 retrans  10377 KB-cwnd
[2024-11-06T16:36:39.129816-0500]    17.9375 MB /   0.50 sec =  300.8011 Mbps    47 retrans  10377 KB-cwnd
[2024-11-06T16:36:39.629414-0500]    16.5000 MB /   0.50 sec =  277.0368 Mbps  8891 retrans   9365 KB-cwnd
[2024-11-06T16:36:40.129663-0500]    20.1875 MB /   0.50 sec =  338.6819 Mbps     0 retrans   9400 KB-cwnd
[2024-11-06T16:36:40.631241-0500]     9.8125 MB /   0.50 sec =  164.1376 Mbps     0 retrans   9490 KB-cwnd
[2024-11-06T16:36:41.130050-0500]     9.4375 MB /   0.50 sec =  158.7799 Mbps     0 retrans   9849 KB-cwnd
[2024-11-06T16:36:41.629531-0500]    19.5000 MB /   0.50 sec =  327.2270 Mbps     0 retrans   9980 KB-cwnd
[2024-11-06T16:36:42.129428-0500]    24.4375 MB /   0.50 sec =  409.9899 Mbps     0 retrans  13394 KB-cwnd
[2024-11-06T16:36:42.629407-0500]    27.8750 MB /   0.50 sec =  467.6649 Mbps     0 retrans  13394 KB-cwnd
[2024-11-06T16:36:43.129508-0500]    29.8750 MB /   0.50 sec =  501.1432 Mbps 13409 retrans   5174 KB-cwnd
[2024-11-06T16:36:43.630801-0500]    10.5000 MB /   0.50 sec =  175.7173 Mbps     0 retrans   5525 KB-cwnd
[2024-11-06T16:36:44.129434-0500]    18.4375 MB /   0.50 sec =  310.1574 Mbps     0 retrans   5557 KB-cwnd
[2024-11-06T16:36:44.629571-0500]    14.3125 MB /   0.50 sec =  240.1470 Mbps     0 retrans   5557 KB-cwnd
[2024-11-06T16:36:45.129820-0500]    23.3125 MB /   0.50 sec =  390.8742 Mbps     0 retrans   5557 KB-cwnd
[2024-11-06T16:36:45.629883-0500]    19.8125 MB /   0.50 sec =  332.2584 Mbps    55 retrans   8021 KB-cwnd
[2024-11-06T16:36:46.129650-0500]    18.0625 MB /   0.50 sec =  303.3266 Mbps     0 retrans   8021 KB-cwnd
[2024-11-06T16:36:46.629452-0500]    17.2500 MB /   0.50 sec =  289.4099 Mbps     0 retrans   8021 KB-cwnd
[2024-11-06T16:36:47.129907-0500]    15.2500 MB /   0.50 sec =  255.6189 Mbps     0 retrans   8021 KB-cwnd
[2024-11-06T16:36:47.630799-0500]     7.0625 MB /   0.50 sec =  118.2760 Mbps     0 retrans   8799 KB-cwnd
[2024-11-06T16:36:48.129427-0500]    18.8750 MB /   0.50 sec =  317.5266 Mbps     0 retrans   8799 KB-cwnd
[2024-11-06T16:36:48.629392-0500]    24.5625 MB /   0.50 sec =  412.1027 Mbps     0 retrans   8799 KB-cwnd
[2024-11-06T16:36:49.130045-0500]    22.7500 MB /   0.50 sec =  381.6214 Mbps     0 retrans   8802 KB-cwnd
[2024-11-06T16:36:49.629394-0500]    20.8125 MB /   0.50 sec =  349.2303 Mbps   181 retrans   7043 KB-cwnd
[2024-11-06T16:36:50.129813-0500]     8.6875 MB /   0.50 sec =  145.7235 Mbps     0 retrans   7043 KB-cwnd
[2024-11-06T16:36:50.629579-0500]     0.5625 MB /   0.50 sec =    9.4364 Mbps     0 retrans   7043 KB-cwnd
[2024-11-06T16:36:51.129491-0500]    40.0000 MB /   0.50 sec =  671.1652 Mbps     0 retrans   7043 KB-cwnd
[2024-11-06T16:36:51.629540-0500]    10.2500 MB /   0.50 sec =  171.9496 Mbps    59 retrans   5136 KB-cwnd
[2024-11-06T16:36:52.129544-0500]    22.1875 MB /   0.50 sec =  372.3279 Mbps     0 retrans   5136 KB-cwnd
[2024-11-06T16:36:52.629357-0500]     3.4375 MB /   0.50 sec =   57.6731 Mbps     0 retrans   5136 KB-cwnd
[2024-11-06T16:36:53.129341-0500]    25.1875 MB /   0.50 sec =  422.5829 Mbps     0 retrans   5170 KB-cwnd
[2024-11-06T16:36:53.629528-0500]    14.8125 MB /   0.50 sec =  248.5061 Mbps     0 retrans   5170 KB-cwnd
[2024-11-06T16:36:54.129334-0500]    32.1250 MB /   0.50 sec =  538.9778 Mbps     0 retrans  10416 KB-cwnd
[2024-11-06T16:36:54.629544-0500]    13.5000 MB /   0.50 sec =  226.4689 Mbps     0 retrans  10416 KB-cwnd
[2024-11-06T16:36:55.129482-0500]    19.5625 MB /   0.50 sec =  328.2063 Mbps     0 retrans  10416 KB-cwnd
[2024-11-06T16:36:55.629338-0500]    27.2500 MB /   0.50 sec =  457.2258 Mbps  7740 retrans  10054 KB-cwnd
[2024-11-06T16:36:56.129647-0500]    30.5000 MB /   0.50 sec =  511.4913 Mbps     0 retrans  10054 KB-cwnd
[2024-11-06T16:36:56.629919-0500]    29.8125 MB /   0.50 sec =  499.9238 Mbps     0 retrans  10056 KB-cwnd
[2024-11-06T16:36:57.129730-0500]    29.0000 MB /   0.50 sec =  486.6600 Mbps  1067 retrans   9689 KB-cwnd
[2024-11-06T16:36:57.629410-0500]    34.6250 MB /   0.50 sec =  581.3122 Mbps     0 retrans   9689 KB-cwnd
[2024-11-06T16:36:58.129735-0500]    30.1875 MB /   0.50 sec =  506.1130 Mbps  1271 retrans   9374 KB-cwnd
[2024-11-06T16:36:58.629405-0500]    28.1250 MB /   0.50 sec =  472.1491 Mbps     0 retrans   9377 KB-cwnd
[2024-11-06T16:36:59.129500-0500]    29.1250 MB /   0.50 sec =  488.5895 Mbps   722 retrans   8991 KB-cwnd
[2024-11-06T16:36:59.629430-0500]    23.7500 MB /   0.50 sec =  398.4836 Mbps     0 retrans   8969 KB-cwnd
[2024-11-06T16:37:00.131213-0500]    20.9375 MB /   0.50 sec =  350.8106 Mbps     0 retrans   8969 KB-cwnd
[2024-11-06T16:37:00.629410-0500]    26.4375 MB /   0.50 sec =  444.1677 Mbps     0 retrans   8969 KB-cwnd
[2024-11-06T16:37:01.129454-0500]    25.7500 MB /   0.50 sec =  431.9744 Mbps     0 retrans  10714 KB-cwnd
[2024-11-06T16:37:01.630014-0500]    20.1250 MB /   0.50 sec =  337.3055 Mbps     0 retrans  10714 KB-cwnd
[2024-11-06T16:37:02.129833-0500]    15.1875 MB /   0.50 sec =  254.9677 Mbps     0 retrans  10714 KB-cwnd
[2024-11-06T16:37:02.629521-0500]     5.0625 MB /   0.50 sec =   84.9647 Mbps     0 retrans  10714 KB-cwnd
[2024-11-06T16:37:03.129898-0500]    16.2500 MB /   0.50 sec =  272.5976 Mbps     0 retrans   8996 KB-cwnd
[2024-11-06T16:37:03.629449-0500]    14.3125 MB /   0.50 sec =  240.1614 Mbps     0 retrans   8996 KB-cwnd
[2024-11-06T16:37:04.129680-0500]    15.6250 MB /   0.50 sec =  262.1257 Mbps     0 retrans   8996 KB-cwnd
[2024-11-06T16:37:04.629372-0500]     9.3750 MB /   0.50 sec =  157.3018 Mbps     0 retrans   8996 KB-cwnd
[2024-11-06T16:37:05.131014-0500]     5.3750 MB /   0.50 sec =   89.9798 Mbps     0 retrans   8996 KB-cwnd
[2024-11-06T16:37:05.629576-0500]    15.7500 MB /   0.50 sec =  264.8163 Mbps   260 retrans  10341 KB-cwnd
[2024-11-06T16:37:06.130532-0500]     4.9375 MB /   0.50 sec =   82.6593 Mbps     0 retrans  10341 KB-cwnd
[2024-11-06T16:37:06.629555-0500]    10.4375 MB /   0.50 sec =  175.4273 Mbps     0 retrans  10341 KB-cwnd
[2024-11-06T16:37:07.129658-0500]     3.5625 MB /   0.50 sec =   59.7699 Mbps     0 retrans  10341 KB-cwnd
[2024-11-06T16:37:07.629352-0500]     8.8750 MB /   0.50 sec =  148.9595 Mbps     0 retrans  10341 KB-cwnd
[2024-11-06T16:37:08.129561-0500]     1.1875 MB /   0.50 sec =   19.9163 Mbps     0 retrans  10341 KB-cwnd
[2024-11-06T16:37:08.629580-0500]    12.7500 MB /   0.50 sec =  213.9570 Mbps     0 retrans  10275 KB-cwnd
[2024-11-06T16:37:09.129500-0500]     4.8125 MB /   0.50 sec =   80.7305 Mbps     0 retrans  10275 KB-cwnd
[2024-11-06T16:37:09.629431-0500]     7.8125 MB /   0.50 sec =  131.0961 Mbps     0 retrans  10275 KB-cwnd
[2024-11-06T16:37:10.129742-0500]     0.3750 MB /   0.50 sec =    6.2883 Mbps     0 retrans  10275 KB-cwnd
[2024-11-06T16:37:10.629397-0500]    14.3125 MB /   0.50 sec =  240.2498 Mbps     0 retrans  10275 KB-cwnd
[2024-11-06T16:37:11.129491-0500]    12.9375 MB /   0.50 sec =  217.0526 Mbps  2245 retrans      5 KB-cwnd
[2024-11-06T16:37:11.629397-0500]    17.6875 MB /   0.50 sec =  296.7476 Mbps     0 retrans      5 KB-cwnd
[2024-11-06T16:37:12.129603-0500]     7.1875 MB /   0.50 sec =  120.5513 Mbps     0 retrans      5 KB-cwnd
[2024-11-06T16:37:12.629392-0500]     3.3750 MB /   0.50 sec =   56.6374 Mbps     0 retrans      5 KB-cwnd
[2024-11-06T16:37:13.129375-0500]    15.5000 MB /   0.50 sec =  260.0593 Mbps     0 retrans      5 KB-cwnd
[2024-11-06T16:37:13.630609-0500]     2.2500 MB /   0.50 sec =   37.6638 Mbps     0 retrans      5 KB-cwnd
[2024-11-06T16:37:14.130758-0500]     0.0000 MB /   0.50 sec =    0.0000 Mbps     0 retrans      5 KB-cwnd
[2024-11-06T16:37:14.629431-0500]    10.0000 MB /   0.50 sec =  168.1404 Mbps     0 retrans      5 KB-cwnd
[2024-11-06T16:37:15.129512-0500]     7.6875 MB /   0.50 sec =  128.9699 Mbps     0 retrans      5 KB-cwnd
[2024-11-06T16:37:15.630556-0500]     8.7500 MB /   0.50 sec =  146.4948 Mbps  4289 retrans   6987 KB-cwnd
[2024-11-06T16:37:16.129549-0500]     9.0625 MB /   0.50 sec =  152.3424 Mbps     0 retrans   6987 KB-cwnd
[2024-11-06T16:37:16.629403-0500]    10.1250 MB /   0.50 sec =  169.9036 Mbps     0 retrans   6987 KB-cwnd
[2024-11-06T16:37:17.129461-0500]    17.5625 MB /   0.50 sec =  294.6116 Mbps     0 retrans   6987 KB-cwnd
[2024-11-06T16:37:17.629652-0500]    22.1875 MB /   0.50 sec =  372.2519 Mbps     0 retrans   6987 KB-cwnd
[2024-11-06T16:37:18.129482-0500]    26.6875 MB /   0.50 sec =  447.7375 Mbps  6880 retrans   3892 KB-cwnd
[2024-11-06T16:37:18.629646-0500]    34.9375 MB /   0.50 sec =  586.2466 Mbps     0 retrans   3892 KB-cwnd
[2024-11-06T16:37:19.129464-0500]    32.2500 MB /   0.50 sec =  541.0371 Mbps  3794 retrans   4044 KB-cwnd
[2024-11-06T16:37:19.629395-0500]    19.3750 MB /   0.50 sec =  325.0579 Mbps     0 retrans   4044 KB-cwnd
[2024-11-06T16:37:20.129549-0500]    23.5625 MB /   0.50 sec =  395.2381 Mbps     0 retrans   4044 KB-cwnd
[2024-11-06T16:37:20.629416-0500]    20.6250 MB /   0.50 sec =  346.0958 Mbps   936 retrans   6528 KB-cwnd
[2024-11-06T16:37:21.129431-0500]    18.4375 MB /   0.50 sec =  309.3305 Mbps     0 retrans   6549 KB-cwnd
End time: 1730929041538
