Start time: 1730584904655
[2024-11-02T16:01:45.817709-0600] nuttcp-r: v8.1.4: socket
[2024-11-02T16:01:45.818348-0600] nuttcp-r: buflen=65536, nstream=1, port=6110 tcp
[2024-11-02T16:01:45.818388-0600] nuttcp-r: interval reporting every 0.50 seconds
[2024-11-02T16:01:45.818416-0600] nuttcp-r: connect to 54.176.53.206 with RTT=79.360 ms af=inet
[2024-11-02T16:01:45.818445-0600] nuttcp-r: send window size = 2097152, receive window size = 6291456
[2024-11-02T16:01:45.818472-0600] nuttcp-r: available send window = 1572864, available receive window = 4718592
[2024-11-02T16:01:45.818498-0600]     0.5000 MB /   0.50 sec =    8.3877 Mbps     0 retrans
[2024-11-02T16:01:46.317605-0600]     6.1875 MB /   0.50 sec =  103.8144 Mbps     0 retrans
[2024-11-02T16:01:46.818178-0600]     3.4375 MB /   0.50 sec =   57.6696 Mbps     0 retrans
[2024-11-02T16:01:47.318006-0600]    10.1875 MB /   0.50 sec =  170.9158 Mbps     0 retrans
[2024-11-02T16:01:47.818199-0600]    17.8125 MB /   0.50 sec =  298.8340 Mbps     0 retrans
[2024-11-02T16:01:48.317676-0600]    14.6250 MB /   0.50 sec =  245.3717 Mbps     0 retrans
[2024-11-02T16:01:48.817800-0600]    12.5000 MB /   0.50 sec =  209.7160 Mbps     0 retrans
[2024-11-02T16:01:49.317720-0600]    15.1875 MB /   0.50 sec =  254.7948 Mbps     0 retrans
[2024-11-02T16:01:49.817809-0600]     8.5625 MB /   0.50 sec =  143.6270 Mbps     0 retrans
[2024-11-02T16:01:50.317676-0600]    13.8750 MB /   0.50 sec =  232.8351 Mbps     0 retrans
[2024-11-02T16:01:50.817829-0600]    10.0625 MB /   0.50 sec =  168.7485 Mbps     0 retrans
[2024-11-02T16:01:51.317704-0600]    15.1875 MB /   0.50 sec =  254.8957 Mbps     0 retrans
[2024-11-02T16:01:51.817680-0600]    15.1875 MB /   0.50 sec =  254.8269 Mbps     0 retrans
[2024-11-02T16:01:52.317709-0600]    13.5625 MB /   0.50 sec =  227.5287 Mbps     0 retrans
[2024-11-02T16:01:52.817789-0600]     8.8750 MB /   0.50 sec =  148.8823 Mbps     0 retrans
[2024-11-02T16:01:53.317684-0600]    20.0625 MB /   0.50 sec =  336.6394 Mbps     0 retrans
[2024-11-02T16:01:53.817636-0600]    15.0625 MB /   0.50 sec =  252.7164 Mbps     0 retrans
[2024-11-02T16:01:54.317788-0600]    15.0625 MB /   0.50 sec =  252.7144 Mbps     0 retrans
[2024-11-02T16:01:54.818075-0600]    14.2500 MB /   0.50 sec =  238.8742 Mbps     0 retrans
[2024-11-02T16:01:55.317661-0600]    15.9375 MB /   0.50 sec =  267.5929 Mbps     0 retrans
[2024-11-02T16:01:55.817869-0600]    16.3125 MB /   0.50 sec =  273.6865 Mbps     0 retrans
[2024-11-02T16:01:56.317656-0600]    15.0625 MB /   0.50 sec =  252.6962 Mbps     0 retrans
[2024-11-02T16:01:56.817682-0600]    16.0000 MB /   0.50 sec =  268.4419 Mbps     0 retrans
[2024-11-02T16:01:57.317673-0600]    15.4375 MB /   0.50 sec =  258.9962 Mbps     0 retrans
[2024-11-02T16:01:57.817662-0600]    19.0000 MB /   0.50 sec =  318.7767 Mbps     0 retrans
[2024-11-02T16:01:58.317738-0600]     6.3750 MB /   0.50 sec =  106.9453 Mbps     0 retrans
[2024-11-02T16:01:58.818750-0600]     1.0625 MB /   0.50 sec =   17.7906 Mbps     0 retrans
[2024-11-02T16:01:59.317710-0600]     9.1250 MB /   0.50 sec =  153.4001 Mbps     0 retrans
[2024-11-02T16:01:59.817664-0600]    13.1875 MB /   0.50 sec =  221.2526 Mbps     0 retrans
[2024-11-02T16:02:00.317738-0600]     8.5625 MB /   0.50 sec =  143.6483 Mbps     0 retrans
[2024-11-02T16:02:00.817837-0600]     7.8125 MB /   0.50 sec =  131.0717 Mbps     0 retrans
[2024-11-02T16:02:01.317712-0600]     7.7500 MB /   0.50 sec =  130.0258 Mbps     0 retrans
[2024-11-02T16:02:01.817760-0600]     7.3750 MB /   0.50 sec =  123.7443 Mbps     0 retrans
[2024-11-02T16:02:02.317715-0600]     6.3750 MB /   0.50 sec =  106.9447 Mbps     0 retrans
[2024-11-02T16:02:02.817717-0600]    10.3750 MB /   0.50 sec =  174.0636 Mbps     0 retrans
[2024-11-02T16:02:03.317694-0600]     9.2500 MB /   0.50 sec =  155.1927 Mbps     0 retrans
[2024-11-02T16:02:03.818803-0600]     5.6250 MB /   0.50 sec =   94.1652 Mbps     0 retrans
[2024-11-02T16:02:04.317751-0600]     3.2500 MB /   0.50 sec =   54.6437 Mbps     0 retrans
[2024-11-02T16:02:04.818127-0600]     3.1875 MB /   0.50 sec =   53.4382 Mbps     0 retrans
[2024-11-02T16:02:05.317717-0600]     2.9375 MB /   0.50 sec =   49.3201 Mbps     0 retrans
[2024-11-02T16:02:05.817859-0600]     0.0000 MB /   0.50 sec =    0.0000 Mbps     0 retrans
[2024-11-02T16:02:06.317611-0600]     2.2500 MB /   0.50 sec =   37.7617 Mbps     0 retrans
[2024-11-02T16:02:06.818927-0600]     0.0000 MB /   0.50 sec =    0.0000 Mbps     0 retrans
[2024-11-02T16:02:07.317706-0600]     1.3750 MB /   0.50 sec =   23.1229 Mbps     0 retrans
[2024-11-02T16:02:07.817936-0600]     0.0000 MB /   0.50 sec =    0.0000 Mbps     0 retrans
[2024-11-02T16:02:08.317713-0600]     2.8750 MB /   0.50 sec =   48.2509 Mbps     0 retrans
[2024-11-02T16:02:08.819000-0600]     0.0000 MB /   0.50 sec =    0.0000 Mbps     0 retrans
[2024-11-02T16:02:09.317733-0600]     0.0000 MB /   0.50 sec =    0.0000 Mbps     0 retrans
[2024-11-02T16:02:09.817752-0600]     1.1250 MB /   0.50 sec =   18.8755 Mbps     0 retrans
[2024-11-02T16:02:10.317781-0600]     1.3750 MB /   0.50 sec =   23.0667 Mbps     0 retrans
[2024-11-02T16:02:10.817833-0600]     1.3125 MB /   0.50 sec =   22.0156 Mbps     0 retrans
[2024-11-02T16:02:11.317661-0600]     1.9375 MB /   0.50 sec =   32.5154 Mbps     0 retrans
[2024-11-02T16:02:11.817672-0600]     1.0000 MB /   0.50 sec =   16.7777 Mbps     0 retrans
[2024-11-02T16:02:12.317673-0600]     0.9375 MB /   0.50 sec =   15.7280 Mbps     0 retrans
[2024-11-02T16:02:12.817659-0600]     1.1250 MB /   0.50 sec =   18.8750 Mbps     0 retrans
[2024-11-02T16:02:13.317655-0600]     1.2500 MB /   0.50 sec =   20.9715 Mbps     0 retrans
[2024-11-02T16:02:13.817734-0600]     1.6875 MB /   0.50 sec =   28.3076 Mbps     0 retrans
[2024-11-02T16:02:14.317689-0600]     2.0000 MB /   0.50 sec =   33.5575 Mbps     0 retrans
[2024-11-02T16:02:14.817672-0600]     2.5625 MB /   0.50 sec =   42.9933 Mbps     0 retrans
[2024-11-02T16:02:15.317550-0600]     3.0000 MB /   0.50 sec =   50.3345 Mbps     0 retrans
[2024-11-02T16:02:15.818181-0600]     3.9375 MB /   0.50 sec =   66.0072 Mbps     0 retrans
[2024-11-02T16:02:16.317633-0600]     4.9375 MB /   0.50 sec =   82.8997 Mbps     0 retrans
[2024-11-02T16:02:16.817682-0600]     6.0000 MB /   0.50 sec =  100.6631 Mbps     0 retrans
[2024-11-02T16:02:17.317678-0600]     7.1875 MB /   0.50 sec =  120.5817 Mbps     0 retrans
[2024-11-02T16:02:17.817680-0600]     8.9375 MB /   0.50 sec =  149.9515 Mbps     0 retrans
[2024-11-02T16:02:18.317649-0600]    10.3125 MB /   0.50 sec =  173.0157 Mbps     0 retrans
[2024-11-02T16:02:18.817685-0600]    10.9375 MB /   0.50 sec =  183.4993 Mbps     0 retrans
[2024-11-02T16:02:19.317701-0600]    12.5625 MB /   0.50 sec =  210.7566 Mbps     0 retrans
[2024-11-02T16:02:19.817642-0600]    13.1250 MB /   0.50 sec =  220.2106 Mbps     0 retrans
[2024-11-02T16:02:20.317631-0600]    10.4375 MB /   0.50 sec =  175.1157 Mbps     0 retrans
[2024-11-02T16:02:20.817545-0600]    11.8125 MB /   0.50 sec =  198.1892 Mbps     0 retrans
[2024-11-02T16:02:21.317664-0600]    11.3125 MB /   0.50 sec =  189.7816 Mbps     0 retrans
[2024-11-02T16:02:21.817647-0600]    10.4375 MB /   0.50 sec =  175.1129 Mbps     0 retrans
[2024-11-02T16:02:22.317778-0600]     7.8125 MB /   0.50 sec =  131.0557 Mbps     0 retrans
[2024-11-02T16:02:22.817684-0600]    11.8750 MB /   0.50 sec =  199.2490 Mbps     0 retrans
[2024-11-02T16:02:23.317895-0600]     8.0625 MB /   0.50 sec =  135.2587 Mbps     0 retrans
[2024-11-02T16:02:23.817821-0600]     5.1875 MB /   0.50 sec =   87.0153 Mbps     0 retrans
[2024-11-02T16:02:24.317908-0600]     9.8750 MB /   0.50 sec =  165.7244 Mbps     0 retrans
[2024-11-02T16:02:24.817966-0600]     3.2500 MB /   0.50 sec =   54.4941 Mbps     0 retrans
[2024-11-02T16:02:25.317682-0600]     7.4375 MB /   0.50 sec =  124.8427 Mbps     0 retrans
[2024-11-02T16:02:25.817726-0600]    10.6250 MB /   0.50 sec =  178.2429 Mbps     0 retrans
[2024-11-02T16:02:26.317539-0600]    10.0625 MB /   0.50 sec =  168.8562 Mbps     0 retrans
[2024-11-02T16:02:26.817705-0600]     8.7500 MB /   0.50 sec =  146.7871 Mbps     0 retrans
[2024-11-02T16:02:27.317858-0600]     7.3125 MB /   0.50 sec =  122.6493 Mbps     0 retrans
[2024-11-02T16:02:27.817645-0600]     6.4375 MB /   0.50 sec =  108.0360 Mbps     0 retrans
[2024-11-02T16:02:28.317724-0600]     3.8125 MB /   0.50 sec =   63.9581 Mbps     0 retrans
[2024-11-02T16:02:28.817769-0600]     5.0625 MB /   0.50 sec =   84.9326 Mbps     0 retrans
[2024-11-02T16:02:29.317708-0600]     1.7500 MB /   0.50 sec =   29.3608 Mbps     0 retrans
[2024-11-02T16:02:29.817825-0600]     7.5625 MB /   0.50 sec =  126.8876 Mbps     0 retrans
[2024-11-02T16:02:30.317710-0600]     3.3125 MB /   0.50 sec =   55.5707 Mbps     0 retrans
[2024-11-02T16:02:30.817851-0600]     7.4375 MB /   0.50 sec =  124.7915 Mbps     0 retrans
[2024-11-02T16:02:31.317652-0600]    10.7500 MB /   0.50 sec =  180.3515 Mbps     0 retrans
[2024-11-02T16:02:31.817918-0600]     3.8125 MB /   0.50 sec =   63.9571 Mbps     0 retrans
[2024-11-02T16:02:32.317727-0600]    10.6250 MB /   0.50 sec =  178.2590 Mbps     0 retrans
[2024-11-02T16:02:32.817645-0600]    10.1250 MB /   0.50 sec =  169.8863 Mbps     0 retrans
[2024-11-02T16:02:33.317719-0600]     9.6875 MB /   0.50 sec =  162.5163 Mbps     0 retrans
[2024-11-02T16:02:33.817739-0600]     6.1250 MB /   0.50 sec =  102.7508 Mbps     0 retrans
[2024-11-02T16:02:34.317731-0600]     5.8125 MB /   0.50 sec =   97.5254 Mbps     0 retrans
[2024-11-02T16:02:34.818745-0600]     9.1875 MB /   0.50 sec =  153.8281 Mbps     0 retrans
[2024-11-02T16:02:35.317540-0600]    11.8750 MB /   0.50 sec =  199.6631 Mbps     0 retrans
[2024-11-02T16:02:35.817664-0600]    10.3125 MB /   0.50 sec =  172.9922 Mbps     0 retrans
[2024-11-02T16:02:36.317663-0600]     9.1250 MB /   0.50 sec =  153.0979 Mbps     0 retrans
[2024-11-02T16:02:36.817888-0600]    11.5625 MB /   0.50 sec =  193.9676 Mbps     0 retrans
[2024-11-02T16:02:37.317657-0600]    10.1875 MB /   0.50 sec =  170.9336 Mbps     0 retrans
[2024-11-02T16:02:37.817686-0600]     5.6875 MB /   0.50 sec =   95.4210 Mbps     0 retrans
[2024-11-02T16:02:38.317884-0600]     6.1250 MB /   0.50 sec =  102.7241 Mbps     0 retrans
[2024-11-02T16:02:38.818781-0600]     6.0000 MB /   0.50 sec =  100.4868 Mbps     0 retrans
[2024-11-02T16:02:39.317841-0600]    10.0000 MB /   0.50 sec =  168.0528 Mbps     0 retrans
[2024-11-02T16:02:39.818111-0600]     9.3750 MB /   0.50 sec =  157.2197 Mbps     0 retrans
[2024-11-02T16:02:40.317648-0600]    11.4375 MB /   0.50 sec =  192.0603 Mbps     0 retrans
[2024-11-02T16:02:40.817667-0600]    11.6250 MB /   0.50 sec =  195.0359 Mbps     0 retrans
[2024-11-02T16:02:41.317683-0600]    11.9375 MB /   0.50 sec =  200.2732 Mbps     0 retrans
[2024-11-02T16:02:41.818709-0600]     7.4375 MB /   0.50 sec =  124.5295 Mbps     0 retrans
[2024-11-02T16:02:42.317750-0600]    10.4375 MB /   0.50 sec =  175.4522 Mbps     0 retrans
[2024-11-02T16:02:42.817953-0600]    10.6875 MB /   0.50 sec =  179.2688 Mbps     0 retrans
[2024-11-02T16:02:43.318219-0600]    10.5625 MB /   0.50 sec =  177.0762 Mbps     0 retrans
[2024-11-02T16:02:43.817664-0600]    11.0000 MB /   0.50 sec =  184.7463 Mbps     0 retrans
[2024-11-02T16:02:44.317934-0600]    12.1250 MB /   0.50 sec =  203.4058 Mbps     0 retrans
[2024-11-02T16:02:44.817694-0600]    10.1250 MB /   0.50 sec =  169.8812 Mbps     0 retrans
[2024-11-02T16:02:45.317698-0600]    10.8750 MB /   0.50 sec =  182.4435 Mbps     0 retrans
[2024-11-02T16:02:45.817811-0600]     7.0625 MB /   0.50 sec =  118.4628 Mbps     0 retrans
[2024-11-02T16:02:46.318231-0600]     7.1875 MB /   0.50 sec =  120.6096 Mbps     0 retrans
[2024-11-02T16:02:46.818840-0600]    10.8125 MB /   0.50 sec =  181.0109 Mbps     0 retrans
[2024-11-02T16:02:47.317587-0600]    10.4375 MB /   0.50 sec =  175.5162 Mbps     0 retrans
[2024-11-02T16:02:47.818259-0600]     8.0000 MB /   0.50 sec =  134.0791 Mbps     0 retrans
[2024-11-02T16:02:48.317684-0600]     9.5625 MB /   0.50 sec =  160.5898 Mbps     0 retrans
[2024-11-02T16:02:48.817630-0600]    10.6875 MB /   0.50 sec =  179.3108 Mbps     0 retrans
[2024-11-02T16:02:49.317728-0600]     7.1250 MB /   0.50 sec =  119.5279 Mbps     0 retrans
[2024-11-02T16:02:49.817861-0600]     4.8750 MB /   0.50 sec =   81.7875 Mbps     0 retrans
[2024-11-02T16:02:50.318208-0600]     0.0000 MB /   0.50 sec =    0.0000 Mbps     0 retrans
[2024-11-02T16:02:50.817826-0600]     0.0000 MB /   0.50 sec =    0.0000 Mbps     0 retrans
[2024-11-02T16:02:51.317698-0600]     2.8125 MB /   0.50 sec =   47.1979 Mbps     0 retrans
[2024-11-02T16:02:51.818835-0600]     0.3750 MB /   0.50 sec =    6.2775 Mbps     0 retrans
[2024-11-02T16:02:52.317658-0600]     8.3750 MB /   0.50 sec =  140.8272 Mbps     0 retrans
[2024-11-02T16:02:52.817676-0600]     6.4375 MB /   0.50 sec =  108.0033 Mbps     0 retrans
[2024-11-02T16:02:53.317656-0600]     5.9375 MB /   0.50 sec =   99.6151 Mbps     0 retrans
[2024-11-02T16:02:53.817850-0600]     9.2500 MB /   0.50 sec =  155.1874 Mbps     0 retrans
[2024-11-02T16:02:54.317726-0600]     9.5000 MB /   0.50 sec =  159.3762 Mbps     0 retrans
[2024-11-02T16:02:54.817691-0600]    10.6875 MB /   0.50 sec =  179.3079 Mbps     0 retrans
[2024-11-02T16:02:55.317662-0600]    11.3125 MB /   0.50 sec =  189.8017 Mbps     0 retrans
[2024-11-02T16:02:55.817681-0600]    12.7500 MB /   0.50 sec =  213.9078 Mbps     0 retrans
[2024-11-02T16:02:56.317683-0600]    12.1250 MB /   0.50 sec =  203.4229 Mbps     0 retrans
[2024-11-02T16:02:56.817862-0600]    12.3750 MB /   0.50 sec =  207.6276 Mbps     0 retrans
[2024-11-02T16:02:57.317675-0600]    13.3750 MB /   0.50 sec =  224.3840 Mbps     0 retrans
[2024-11-02T16:02:57.817666-0600]    14.0000 MB /   0.50 sec =  234.8829 Mbps     0 retrans
[2024-11-02T16:02:58.317911-0600]    15.5625 MB /   0.50 sec =  261.0599 Mbps     0 retrans
[2024-11-02T16:02:58.817642-0600]    17.5000 MB /   0.50 sec =  293.6483 Mbps     0 retrans
[2024-11-02T16:02:59.317787-0600]    10.6875 MB /   0.50 sec =  179.2814 Mbps     0 retrans
[2024-11-02T16:02:59.817871-0600]     8.1250 MB /   0.50 sec =  136.2827 Mbps     0 retrans
[2024-11-02T16:03:00.317759-0600]    12.5625 MB /   0.50 sec =  210.8173 Mbps     0 retrans
[2024-11-02T16:03:00.817798-0600]     9.1250 MB /   0.50 sec =  153.0477 Mbps     0 retrans
[2024-11-02T16:03:01.318154-0600]    15.0000 MB /   0.50 sec =  251.5149 Mbps     0 retrans
[2024-11-02T16:03:01.817686-0600]    12.4375 MB /   0.50 sec =  208.8659 Mbps     0 retrans
[2024-11-02T16:03:02.317753-0600]    11.9375 MB /   0.50 sec =  200.2504 Mbps     0 retrans
[2024-11-02T16:03:02.817676-0600]    13.3125 MB /   0.50 sec =  223.3784 Mbps     0 retrans
[2024-11-02T16:03:03.317664-0600]     5.7500 MB /   0.50 sec =   96.4682 Mbps     0 retrans
[2024-11-02T16:03:03.817731-0600]    10.6875 MB /   0.50 sec =  179.2875 Mbps     0 retrans
[2024-11-02T16:03:04.317766-0600]    11.6875 MB /   0.50 sec =  196.1206 Mbps     0 retrans
[2024-11-02T16:03:04.817650-0600]    10.7500 MB /   0.50 sec =  180.3439 Mbps     0 retrans
[2024-11-02T16:03:05.317858-0600]    11.8750 MB /   0.50 sec =  199.2298 Mbps     0 retrans
[2024-11-02T16:03:05.817761-0600]    12.5625 MB /   0.50 sec =  210.7322 Mbps     0 retrans
[2024-11-02T16:03:06.317676-0600]    11.0000 MB /   0.50 sec =  184.5752 Mbps     0 retrans
[2024-11-02T16:03:06.817678-0600]    11.7500 MB /   0.50 sec =  197.1291 Mbps     0 retrans
[2024-11-02T16:03:07.317807-0600]    11.5625 MB /   0.50 sec =  193.9501 Mbps     0 retrans
[2024-11-02T16:03:07.818737-0600]     8.1250 MB /   0.50 sec =  136.0626 Mbps     0 retrans
[2024-11-02T16:03:08.317762-0600]     2.6250 MB /   0.50 sec =   44.1258 Mbps     0 retrans
[2024-11-02T16:03:08.817937-0600]     5.2500 MB /   0.50 sec =   88.0830 Mbps     0 retrans
[2024-11-02T16:03:09.317771-0600]     9.3750 MB /   0.50 sec =  157.2823 Mbps     0 retrans
[2024-11-02T16:03:09.818823-0600]    10.7500 MB /   0.50 sec =  179.9811 Mbps     0 retrans
[2024-11-02T16:03:10.317613-0600]    13.5625 MB /   0.50 sec =  228.0500 Mbps     0 retrans
[2024-11-02T16:03:10.817751-0600]    11.4375 MB /   0.50 sec =  191.8549 Mbps     0 retrans
[2024-11-02T16:03:11.317563-0600]     7.8125 MB /   0.50 sec =  131.0959 Mbps     0 retrans
[2024-11-02T16:03:11.818103-0600]     6.8750 MB /   0.50 sec =  115.2401 Mbps     0 retrans
[2024-11-02T16:03:12.317685-0600]     3.2500 MB /   0.50 sec =   54.5694 Mbps     0 retrans
[2024-11-02T16:03:12.818297-0600]    10.2500 MB /   0.50 sec =  171.7827 Mbps     0 retrans
[2024-11-02T16:03:13.317751-0600]     7.5000 MB /   0.50 sec =  125.9589 Mbps     0 retrans
[2024-11-02T16:03:13.817671-0600]     7.6875 MB /   0.50 sec =  128.9893 Mbps     0 retrans
[2024-11-02T16:03:14.317844-0600]    10.9375 MB /   0.50 sec =  183.5122 Mbps     0 retrans
[2024-11-02T16:03:14.817683-0600]    11.3750 MB /   0.50 sec =  190.8225 Mbps     0 retrans
[2024-11-02T16:03:15.317975-0600]    12.1875 MB /   0.50 sec =  204.4421 Mbps     0 retrans
[2024-11-02T16:03:15.817633-0600]    11.8125 MB /   0.50 sec =  198.2157 Mbps     0 retrans
[2024-11-02T16:03:16.317727-0600]    13.1875 MB /   0.50 sec =  221.2318 Mbps     0 retrans
[2024-11-02T16:03:16.817856-0600]     5.5625 MB /   0.50 sec =   93.3003 Mbps     0 retrans
[2024-11-02T16:03:17.317753-0600]     4.6250 MB /   0.50 sec =   77.6129 Mbps     0 retrans
[2024-11-02T16:03:17.817676-0600]    12.2500 MB /   0.50 sec =  205.5312 Mbps     0 retrans
[2024-11-02T16:03:18.317772-0600]     8.2500 MB /   0.50 sec =  138.4010 Mbps     0 retrans
[2024-11-02T16:03:18.817677-0600]    12.1875 MB /   0.50 sec =  204.4936 Mbps     0 retrans
[2024-11-02T16:03:19.317701-0600]    10.5000 MB /   0.50 sec =  176.1442 Mbps     0 retrans
[2024-11-02T16:03:19.817679-0600]    11.3750 MB /   0.50 sec =  190.8588 Mbps     0 retrans
[2024-11-02T16:03:20.317686-0600]    12.5000 MB /   0.50 sec =  209.7064 Mbps     0 retrans
[2024-11-02T16:03:20.817664-0600]    13.1250 MB /   0.50 sec =  220.2159 Mbps     0 retrans
[2024-11-02T16:03:21.317676-0600]    11.1250 MB /   0.50 sec =  186.6406 Mbps     0 retrans
[2024-11-02T16:03:21.817696-0600]    12.1875 MB /   0.50 sec =  204.4568 Mbps     0 retrans
[2024-11-02T16:03:22.317786-0600]    10.1875 MB /   0.50 sec =  170.9428 Mbps     0 retrans
[2024-11-02T16:03:22.817930-0600]     8.1875 MB /   0.50 sec =  137.3011 Mbps     0 retrans
[2024-11-02T16:03:23.317673-0600]    12.3125 MB /   0.50 sec =  206.6517 Mbps     0 retrans
[2024-11-02T16:03:23.817672-0600]    12.8125 MB /   0.50 sec =  214.9577 Mbps     0 retrans
[2024-11-02T16:03:24.317832-0600]    10.5625 MB /   0.50 sec =  177.1938 Mbps     0 retrans
[2024-11-02T16:03:24.818710-0600]    10.6250 MB /   0.50 sec =  177.9124 Mbps     0 retrans
[2024-11-02T16:03:25.317731-0600]    12.8750 MB /   0.50 sec =  216.4309 Mbps     0 retrans
[2024-11-02T16:03:25.817658-0600]    13.0625 MB /   0.50 sec =  219.1699 Mbps     0 retrans
[2024-11-02T16:03:26.317686-0600]    12.3750 MB /   0.50 sec =  207.6160 Mbps     0 retrans
[2024-11-02T16:03:26.817672-0600]     5.3750 MB /   0.50 sec =   90.1779 Mbps     0 retrans
[2024-11-02T16:03:27.317755-0600]     8.2500 MB /   0.50 sec =  138.3979 Mbps     0 retrans
[2024-11-02T16:03:27.818803-0600]     8.0625 MB /   0.50 sec =  134.9842 Mbps     0 retrans
[2024-11-02T16:03:28.317783-0600]    12.7500 MB /   0.50 sec =  214.3524 Mbps     0 retrans
[2024-11-02T16:03:28.817805-0600]    13.3125 MB /   0.50 sec =  223.3909 Mbps     0 retrans
[2024-11-02T16:03:29.317764-0600]     3.3125 MB /   0.50 sec =   55.5642 Mbps     0 retrans
[2024-11-02T16:03:29.818177-0600]    12.3125 MB /   0.50 sec =  206.5918 Mbps     0 retrans
[2024-11-02T16:03:30.318304-0600]     8.6250 MB /   0.50 sec =  144.5468 Mbps     0 retrans
[2024-11-02T16:03:30.819300-0600]     6.7500 MB /   0.50 sec =  113.0136 Mbps     0 retrans
[2024-11-02T16:03:31.317763-0600]    11.1250 MB /   0.50 sec =  187.1961 Mbps     0 retrans
[2024-11-02T16:03:31.817753-0600]    10.9375 MB /   0.50 sec =  183.5096 Mbps     0 retrans
[2024-11-02T16:03:32.317799-0600]    11.5625 MB /   0.50 sec =  194.0207 Mbps     0 retrans
[2024-11-02T16:03:32.817665-0600]    11.7500 MB /   0.50 sec =  197.1157 Mbps     0 retrans
[2024-11-02T16:03:33.317756-0600]    11.3125 MB /   0.50 sec =  189.7828 Mbps     0 retrans
[2024-11-02T16:03:33.817635-0600]    10.5000 MB /   0.50 sec =  176.1858 Mbps     0 retrans
[2024-11-02T16:03:34.317678-0600]    10.6875 MB /   0.50 sec =  179.3015 Mbps     0 retrans
[2024-11-02T16:03:34.817642-0600]    13.5625 MB /   0.50 sec =  227.5465 Mbps     0 retrans
[2024-11-02T16:03:35.317682-0600]    11.8125 MB /   0.50 sec =  198.1765 Mbps     0 retrans
[2024-11-02T16:03:35.817843-0600]     1.8750 MB /   0.50 sec =   31.4477 Mbps     0 retrans
[2024-11-02T16:03:36.317698-0600]    10.8750 MB /   0.50 sec =  182.5011 Mbps     0 retrans
[2024-11-02T16:03:36.818183-0600]     7.0625 MB /   0.50 sec =  118.4668 Mbps     0 retrans
[2024-11-02T16:03:37.317727-0600]    12.1875 MB /   0.50 sec =  204.5050 Mbps     0 retrans
[2024-11-02T16:03:37.818796-0600]     6.0625 MB /   0.50 sec =  101.4989 Mbps     0 retrans
[2024-11-02T16:03:38.317739-0600]     7.5625 MB /   0.50 sec =  127.1424 Mbps     0 retrans
[2024-11-02T16:03:38.817746-0600]    10.7500 MB /   0.50 sec =  180.3464 Mbps     0 retrans
[2024-11-02T16:03:39.317720-0600]     9.5625 MB /   0.50 sec =  160.4485 Mbps     0 retrans
[2024-11-02T16:03:39.817675-0600]     6.1875 MB /   0.50 sec =  103.8121 Mbps     0 retrans
[2024-11-02T16:03:40.317751-0600]     5.4375 MB /   0.50 sec =   91.2170 Mbps     0 retrans
[2024-11-02T16:03:40.817685-0600]    12.7500 MB /   0.50 sec =  213.9266 Mbps     0 retrans
[2024-11-02T16:03:41.317745-0600]    11.6250 MB /   0.50 sec =  195.0464 Mbps     0 retrans
[2024-11-02T16:03:41.817896-0600]    10.2500 MB /   0.50 sec =  171.9558 Mbps     0 retrans
[2024-11-02T16:03:42.317566-0600]    11.6875 MB /   0.50 sec =  196.0994 Mbps     0 retrans
[2024-11-02T16:03:42.818083-0600]    13.0000 MB /   0.50 sec =  217.9029 Mbps     0 retrans
[2024-11-02T16:03:43.317688-0600]    12.2500 MB /   0.50 sec =  205.6945 Mbps     0 retrans
[2024-11-02T16:03:43.817661-0600]    13.2500 MB /   0.50 sec =  222.3039 Mbps     0 retrans
[2024-11-02T16:03:44.317686-0600]    15.1250 MB /   0.50 sec =  253.7523 Mbps     0 retrans
[2024-11-02T16:03:44.817840-0600]    15.1250 MB /   0.50 sec =  253.7595 Mbps     0 retrans
[2024-11-02T16:03:45.317743-0600]    10.7500 MB /   0.50 sec =  180.3388 Mbps     0 retrans
End time: 1730585025828
