Start time: 1730653683628
[2024-11-03T10:08:08.730922-0700] traceroute to 54.176.53.206 (54.176.53.206), 30 hops max, 60 byte packets
[2024-11-03T10:08:08.732037-0700]  1  * * *
[2024-11-03T10:08:08.732111-0700]  2  * * *
[2024-11-03T10:08:08.732161-0700]  3  * * *
[2024-11-03T10:08:08.732210-0700]  4  * * *
[2024-11-03T10:08:08.732255-0700]  5  * * *
[2024-11-03T10:08:13.739295-0700]  6  * * *
[2024-11-03T10:08:13.748204-0700]  7  * * *
[2024-11-03T10:08:13.748457-0700]  8  * * *
[2024-11-03T10:08:13.748587-0700]  9  * * *
[2024-11-03T10:08:13.758225-0700] 10  * * *
[2024-11-03T10:08:18.747906-0700] 11  * * *
[2024-11-03T10:08:18.755564-0700] 12  * * *
[2024-11-03T10:08:18.755877-0700] 13  * * *
[2024-11-03T10:08:18.763788-0700] 14  * * *
[2024-11-03T10:08:18.763920-0700] 15  * * *
[2024-11-03T10:08:23.756677-0700] 16  * * *
[2024-11-03T10:08:23.756883-0700] 17  * * *
[2024-11-03T10:08:23.762355-0700] 18  * * *
[2024-11-03T10:08:23.766738-0700] 19  * * *
[2024-11-03T10:08:23.769869-0700] 20  * * *
[2024-11-03T10:08:23.769940-0700] 21  * * *
[2024-11-03T10:08:28.764187-0700] 22  * * *
[2024-11-03T10:08:28.771223-0700] 23  * * *
[2024-11-03T10:08:28.771380-0700] 24  * * *
[2024-11-03T10:08:28.771476-0700] 25  * * *
[2024-11-03T10:08:28.777739-0700] 26  * * *
[2024-11-03T10:08:33.715809-0700] 27  * *End time: 1730653713786
